06/09/2011 07:44:08	ALARM 401		
06/09/2011 07:44:11	INIT OK
06/09/2011 07:45:11	ALARM 401		
06/09/2011 07:52:49	TASTEGGIO	0	0	7000	49897	126084	0	0	0.13	0.39	82800	
06/09/2011 07:53:14	TASTEGGIO	1	0	7000	49897	43339	261	-5	0.37	0.37	0	
06/09/2011 07:53:34	TASTEGGIO	0	1	7000	49897	43341	296	-7	0.31	0.31	0	
06/09/2011 07:53:56	TASTEGGIO	0	2	7000	49897	43341	347	-18	0.12	0.12	0	
06/09/2011 07:54:08	TASTEGGIO	0	2	7000	49897	126067	347	-18	0.05	0.12	82800	
06/09/2011 07:54:32	TASTEGGIO	1	0	7000	49897	43288	227	0	0.13	0.13	0	
06/09/2011 07:54:51	TASTEGGIO	0	1	7000	49897	43296	241	0	0.13	0.13	0	
06/09/2011 07:55:12	TASTEGGIO	0	2	7000	49897	43302	267	-1	0.13	0.13	0	
06/09/2011 07:55:33	TASTEGGIO	0	3	7000	49897	43305	306	-1	0.13	0.13	0	
06/09/2011 07:55:54	TASTEGGIO	0	4	7000	49897	43311	358	-19	0.12	0.12	0	
06/09/2011 07:56:15	TASTEGGIO	0	1	7000	49897	43317	346	-39	0.26	0.26	0	
06/09/2011 07:56:35	TASTEGGIO	0	1	7000	49897	43320	289	-8	0.18	0.18	0	
06/09/2011 07:56:57	TASTEGGIO	0	2	7000	49897	43322	306	-3	0.15	0.15	0	
06/09/2011 07:57:18	TASTEGGIO	0	3	7000	49897	43332	343	-6	0.08	0.08	0	
06/09/2011 07:57:30	TASTEGGIO	0	3	7000	49897	126053	343	-6	0.10	0.10	0	
06/09/2011 07:57:54	TASTEGGIO	1	0	7000	49897	126051	224	-35	0.24	0.24	0	
06/09/2011 07:58:15	TASTEGGIO	0	1	7000	49897	126051	166	-10	0.15	0.15	0	
06/09/2011 07:58:36	TASTEGGIO	0	2	7000	49897	126052	179	-6	0.09	0.09	0	
06/09/2011 07:58:43	TASTEGGIO	0	2	7000	49897	126064	179	-6	0.09	0.13	44500	
06/09/2011 07:59:08	TASTEGGIO	1	0	7000	49897	81620	228	-15	0.02	0.02	0	
06/09/2011 07:59:18	TASTEGGIO	1	0	7000	49897	126053	228	-15	0.07	0.08	82800	
06/09/2011 08:01:07	TASTEGGIO	1	0	7000	49899	126257	228	-15	0.28	0.43	-82000	
06/09/2011 08:01:32	TASTEGGIO	1	0	7000	49899	208207	267	-14	0.28	0.28	0	
06/09/2011 08:01:51	TASTEGGIO	0	1	7000	49899	208216	285	-9	0.19	0.19	0	
06/09/2011 08:02:12	TASTEGGIO	0	2	7000	49899	208226	303	-8	0.11	0.11	0	
06/09/2011 08:02:23	TASTEGGIO	0	2	7000	49899	126267	303	-8	0.31	0.31	0	
06/09/2011 08:02:48	TASTEGGIO	1	0	7000	49899	126285	251	-37	0.08	0.08	0	
06/09/2011 08:02:56	TASTEGGIO	1	0	7000	49899	126268	251	-37	0.07	0.26	82800	
06/09/2011 08:03:22	TASTEGGIO	1	0	7000	49899	43502	245	0	0.24	0.24	0	
06/09/2011 08:03:41	TASTEGGIO	0	1	7000	49899	43509	267	-2	0.23	0.23	0	
06/09/2011 08:04:03	TASTEGGIO	0	2	7000	49899	43513	311	-8	0.15	0.15	0	
06/09/2011 08:04:23	TASTEGGIO	0	3	7000	49899	43514	327	-7	0.08	0.08	0	
06/09/2011 08:04:34	TASTEGGIO	0	3	7000	49899	126166	327	-7	0.13	0.19	-82000	
06/09/2011 08:04:58	TASTEGGIO	1	0	7000	49899	208121	236	0	0.18	0.18	0	
06/09/2011 08:05:17	TASTEGGIO	0	1	7000	49899	208134	253	-2	0.17	0.17	0	
06/09/2011 08:05:38	TASTEGGIO	0	2	7000	49899	208142	285	-2	0.15	0.15	0	
06/09/2011 08:05:57	TASTEGGIO	0	3	7000	49899	208148	324	-11	0.05	0.05	0	
06/09/2011 08:06:09	TASTEGGIO	0	3	7000	49899	126280	324	-11	0.17	0.17	0	
06/09/2011 08:06:34	TASTEGGIO	1	0	7000	49899	126299	233	-10	0.06	0.06	0	
06/09/2011 08:06:41	TASTEGGIO	1	0	7000	49899	126280	233	-10	0.06	0.14	44500	
06/09/2011 08:07:07	TASTEGGIO	1	0	7000	49899	81841	229	-12	0.02	0.02	0	
06/09/2011 08:07:18	TASTEGGIO	1	0	7000	49899	126169	229	-12	0.13	0.13	0	
06/09/2011 08:07:43	TASTEGGIO	1	0	7000	49899	126166	228	-4	0.09	0.09	0	
06/09/2011 08:08:04	TASTEGGIO	0	1	7000	49899	126169	234	-2	0.08	0.08	0	
06/09/2011 08:08:12	TASTEGGIO	0	1	7000	49899	126181	234	-2	0.08	0.11	82800	
06/09/2011 08:08:37	TASTEGGIO	1	0	7000	49899	43400	225	0	0.10	0.10	0	
06/09/2011 08:08:56	TASTEGGIO	0	1	7000	49899	43402	234	0	0.09	0.09	0	
06/09/2011 08:09:16	TASTEGGIO	0	2	7000	49899	43408	250	0	0.09	0.09	0	
06/09/2011 08:09:37	TASTEGGIO	0	3	7000	49899	43413	277	0	0.09	0.09	0	
06/09/2011 08:09:48	TASTEGGIO	0	3	7000	49899	126162	277	0	0.09	0.10	82800	
06/09/2011 08:09:51	ALARM 401		
06/09/2011 08:09:54	ALARM 401		
06/09/2011 08:09:54	ALARM 401		
06/09/2011 08:09:56	ALARM 401		
06/09/2011 08:09:56	ALARM 401		
06/09/2011 08:09:57	ALARM 401		
06/09/2011 08:09:57	ALARM 401		
06/09/2011 08:10:17	TASTEGGIO	0	3	7000	49899	126162	277	0	0.09	0.10	82800	
06/09/2011 08:12:08	TASTEGGIO	0	3	7000	49897	126260	277	0	0.07	0.07	0	
06/09/2011 08:13:57	TASTEGGIO	0	3	7000	49897	126153	277	0	0.14	0.20	-82000	
06/09/2011 08:14:22	TASTEGGIO	1	0	7000	49897	208124	237	-9	0.12	0.12	0	
06/09/2011 08:14:33	TASTEGGIO	1	0	7000	49897	126155	237	-9	0.10	0.12	-82000	
06/09/2011 08:14:58	TASTEGGIO	1	0	7000	49897	208119	227	-2	0.10	0.10	0	
06/09/2011 08:15:17	TASTEGGIO	0	1	7000	49897	208128	235	-4	0.06	0.06	0	
06/09/2011 08:15:28	TASTEGGIO	0	1	7000	49897	126157	235	-4	0.08	0.08	0	
06/09/2011 08:17:17	TASTEGGIO	0	1	7000	49897	126151	235	-4	0.02	0.03	82800	
06/09/2011 08:19:06	TASTEGGIO	0	1	7000	49895	126156	235	-4	0.21	0.36	82800	
06/09/2011 08:19:31	TASTEGGIO	1	0	7000	49895	43387	258	-3	0.36	0.36	0	
06/09/2011 08:19:53	TASTEGGIO	0	1	7000	49895	43396	294	-5	0.32	0.32	0	
06/09/2011 08:20:13	TASTEGGIO	0	2	7000	49895	43401	350	-14	0.20	0.20	0	
06/09/2011 08:20:34	TASTEGGIO	0	3	7000	49895	43404	371	-17	0.07	0.07	0	
06/09/2011 08:20:46	TASTEGGIO	0	3	7000	49895	126070	371	-17	0.07	0.17	-82000	
06/09/2011 08:21:10	TASTEGGIO	1	0	7000	49895	208017	233	-9	0.09	0.09	0	
06/09/2011 08:21:21	TASTEGGIO	1	0	7000	49895	126154	233	-9	0.11	0.11	0	
06/09/2011 08:21:45	TASTEGGIO	1	0	7000	49895	126166	225	-21	0.08	0.08	0	
06/09/2011 08:21:53	TASTEGGIO	1	0	7000	49895	126157	225	-21	0.07	0.14	-82000	
06/09/2011 08:22:17	TASTEGGIO	1	0	7000	49895	208115	229	-12	0.24	0.24	0	
06/09/2011 08:22:37	TASTEGGIO	0	1	7000	49895	208123	270	-10	0.15	0.15	0	
06/09/2011 08:22:56	TASTEGGIO	0	2	7000	49895	208131	283	-7	0.08	0.08	0	
06/09/2011 08:23:07	TASTEGGIO	0	2	7000	49895	126150	283	-7	0.05	0.09	-82000	
06/09/2011 08:23:31	TASTEGGIO	1	0	7000	49895	208114	223	-1	0.07	0.07	0	
06/09/2011 08:23:43	TASTEGGIO	1	0	7000	49895	126156	223	-1	0.04	0.09	44500	
06/09/2011 08:24:09	TASTEGGIO	1	0	7000	49895	81698	223	-9	0.06	0.06	0	
06/09/2011 08:24:19	TASTEGGIO	1	0	7000	49895	126055	223	-9	0.09	0.10	-82000	
06/09/2011 08:24:44	TASTEGGIO	1	0	7000	49895	208013	224	0	0.10	0.10	0	
06/09/2011 08:25:02	TASTEGGIO	0	1	7000	49895	208024	234	0	0.10	0.10	0	
06/09/2011 08:25:22	TASTEGGIO	0	2	7000	49895	208030	254	-1	0.09	0.09	0	
06/09/2011 08:25:43	TASTEGGIO	0	3	7000	49895	208033	278	-1	0.10	0.10	0	
06/09/2011 08:26:02	TASTEGGIO	0	4	7000	49895	208037	322	-14	0.05	0.05	0	
06/09/2011 08:26:14	TASTEGGIO	0	4	7000	49895	126171	322	-14	0.02	0.05	-82000	
06/09/2011 08:28:04	TASTEGGIO	0	4	7000	49897	126155	322	-14	0.14	0.27	82800	
06/09/2011 08:28:29	TASTEGGIO	1	0	7000	49897	43384	246	-2	0.26	0.26	0	
06/09/2011 08:28:49	TASTEGGIO	0	1	7000	49897	43392	271	-3	0.23	0.23	0	
06/09/2011 08:29:10	TASTEGGIO	0	2	7000	49897	43397	311	-8	0.17	0.17	0	
06/09/2011 08:29:30	TASTEGGIO	0	3	7000	49897	43400	332	-8	0.09	0.09	0	
06/09/2011 08:29:42	TASTEGGIO	0	3	7000	49897	126065	332	-8	0.10	0.13	44500	
06/09/2011 08:30:07	TASTEGGIO	1	0	7000	49897	81607	228	-9	0.07	0.07	0	
06/09/2011 08:30:18	TASTEGGIO	1	0	7000	49897	126060	228	-9	0.03	0.09	82800	
06/09/2011 08:30:42	TASTEGGIO	1	0	7000	49897	43279	223	0	0.09	0.09	0	
06/09/2011 08:31:01	TASTEGGIO	0	1	7000	49897	43285	232	0	0.09	0.09	0	
06/09/2011 08:31:21	TASTEGGIO	0	2	7000	49897	43291	250	0	0.10	0.10	0	
06/09/2011 08:31:42	TASTEGGIO	0	3	7000	49897	43297	283	0	0.09	0.09	0	
06/09/2011 08:32:02	TASTEGGIO	0	4	7000	49897	43301	315	-2	0.08	0.08	0	
06/09/2011 08:32:13	TASTEGGIO	0	4	7000	49897	126069	315	-2	0.03	0.08	-82000	
06/09/2011 08:34:03	TASTEGGIO	0	4	7000	49897	126258	315	-2	0.05	0.14	-82000	
06/09/2011 08:34:27	TASTEGGIO	1	0	7000	49897	208224	229	-15	0.03	0.03	0	
06/09/2011 08:34:38	TASTEGGIO	1	0	7000	49897	126251	229	-15	0.13	0.13	0	
06/09/2011 08:35:03	TASTEGGIO	1	0	7000	49897	126266	228	-37	0.24	0.24	0	
06/09/2011 08:35:25	TASTEGGIO	0	1	7000	49897	126268	183	-15	0.10	0.10	0	
06/09/2011 08:35:46	TASTEGGIO	0	0	7000	49897	126268	224	-29	0.19	0.19	0	
06/09/2011 08:36:07	TASTEGGIO	0	1	7000	49897	126268	187	-10	0.09	0.09	0	
06/09/2011 08:36:29	TASTEGGIO	0	0	7000	49897	126268	223	-11	0.03	0.03	0	
06/09/2011 08:36:36	TASTEGGIO	0	0	7000	49897	126259	223	-11	0.03	0.06	-82000	
06/09/2011 08:38:26	TASTEGGIO	0	0	7000	49898	126153	223	-11	0.11	0.11	-82000	
06/09/2011 08:38:51	TASTEGGIO	1	0	7000	49898	208103	225	-8	0.03	0.03	0	
06/09/2011 08:39:02	TASTEGGIO	1	0	7000	49898	126162	225	-8	0.07	0.07	0	
06/09/2011 08:40:51	TASTEGGIO	1	0	7000	49897	126256	225	-8	0.14	0.22	-82000	
06/09/2011 08:41:16	TASTEGGIO	1	0	7000	49897	208206	240	-9	0.14	0.14	0	
06/09/2011 08:41:28	TASTEGGIO	1	0	7000	49897	126256	240	-9	0.08	0.14	-82000	
06/09/2011 08:41:52	TASTEGGIO	1	0	7000	49897	208213	229	-2	0.13	0.13	0	
06/09/2011 08:42:11	TASTEGGIO	0	1	7000	49897	208218	241	-5	0.10	0.10	0	
06/09/2011 08:42:31	TASTEGGIO	0	2	7000	49897	208221	251	-6	0.07	0.07	0	
06/09/2011 08:42:42	TASTEGGIO	0	2	7000	49897	126252	251	-6	0.05	0.14	82800	
06/09/2011 08:43:06	TASTEGGIO	1	0	7000	49897	43491	229	-1	0.14	0.14	0	
06/09/2011 08:43:26	TASTEGGIO	0	1	7000	49897	43498	243	-1	0.13	0.13	0	
06/09/2011 08:43:46	TASTEGGIO	0	2	7000	49897	43501	267	-2	0.10	0.10	0	
06/09/2011 08:44:06	TASTEGGIO	0	3	7000	49897	43503	280	-3	0.07	0.07	0	
06/09/2011 08:44:18	TASTEGGIO	0	3	7000	49897	126166	280	-3	0.08	0.09	-82000	
06/09/2011 08:44:42	TASTEGGIO	1	0	7000	49897	208117	223	-1	0.08	0.08	0	
06/09/2011 08:44:54	TASTEGGIO	1	0	7000	49897	126260	223	-1	0.08	0.08	0	
06/09/2011 08:46:44	TASTEGGIO	1	0	7000	49896	126156	223	-1	0.27	0.45	82800	
06/09/2011 08:47:09	TASTEGGIO	1	0	7000	49896	43380	269	-4	0.44	0.44	0	
06/09/2011 08:47:31	TASTEGGIO	0	1	7000	49896	43389	312	-6	0.38	0.38	0	
06/09/2011 08:47:52	TASTEGGIO	0	2	7000	49896	43395	377	-18	0.21	0.21	0	
06/09/2011 08:48:13	TASTEGGIO	0	3	7000	49896	43399	397	-16	0.06	0.06	0	
06/09/2011 08:48:24	TASTEGGIO	0	3	7000	49896	126076	397	-16	0.09	0.10	-82000	
06/09/2011 08:48:49	TASTEGGIO	1	0	7000	49896	208026	224	-8	0.04	0.04	0	
06/09/2011 08:49:01	TASTEGGIO	1	0	7000	49896	126157	224	-8	0.08	0.11	44500	
06/09/2011 08:49:27	TASTEGGIO	1	0	7000	49896	81716	225	-9	0.03	0.03	0	
06/09/2011 08:49:37	TASTEGGIO	1	0	7000	49896	126053	225	-9	0.08	0.08	0	
06/09/2011 08:51:27	TASTEGGIO	1	0	7000	49897	126258	225	-9	0.21	0.36	-82000	
06/09/2011 08:51:51	TASTEGGIO	1	0	7000	49897	208208	258	-12	0.26	0.26	0	
06/09/2011 08:52:11	TASTEGGIO	0	1	7000	49897	208212	276	-9	0.18	0.18	0	
06/09/2011 08:52:32	TASTEGGIO	0	2	7000	49897	208219	293	-9	0.11	0.11	0	
06/09/2011 08:52:43	TASTEGGIO	0	2	7000	49897	126267	293	-9	0.05	0.11	-82000	
06/09/2011 08:53:08	TASTEGGIO	1	0	7000	49897	208222	225	0	0.11	0.11	0	
06/09/2011 08:53:26	TASTEGGIO	0	1	7000	49897	208228	236	0	0.11	0.11	0	
06/09/2011 08:53:46	TASTEGGIO	0	2	7000	49897	208234	258	0	0.11	0.11	0	
06/09/2011 08:54:06	TASTEGGIO	0	3	7000	49897	208239	291	-4	0.07	0.07	0	
06/09/2011 08:54:18	TASTEGGIO	0	3	7000	49897	126272	291	-4	0.04	0.07	-82000	
06/09/2011 08:56:06	TASTEGGIO	0	3	7000	49897	126157	291	-4	0.24	0.46	82800	
06/09/2011 08:56:32	TASTEGGIO	1	0	7000	49897	43376	271	-3	0.45	0.45	0	
06/09/2011 08:56:52	TASTEGGIO	0	1	7000	49897	43383	315	-7	0.38	0.38	0	
06/09/2011 08:57:13	TASTEGGIO	0	2	7000	49897	43390	379	-19	0.21	0.21	0	
06/09/2011 08:57:36	TASTEGGIO	0	3	7000	49897	43395	399	-15	0.06	0.06	0	
06/09/2011 08:57:47	TASTEGGIO	0	3	7000	49897	126067	399	-15	0.20	0.20	0	
06/09/2011 08:58:12	TASTEGGIO	1	0	7000	49897	126065	237	-26	0.07	0.07	0	
06/09/2011 08:58:20	TASTEGGIO	1	0	7000	49897	126068	237	-26	0.07	0.15	82800	
06/09/2011 08:58:45	TASTEGGIO	1	0	7000	49897	43291	231	0	0.15	0.15	0	
06/09/2011 08:59:04	TASTEGGIO	0	1	7000	49897	43298	246	0	0.15	0.15	0	
06/09/2011 08:59:25	TASTEGGIO	0	2	7000	49897	43304	276	-1	0.13	0.13	0	
06/09/2011 08:59:36	TASTEGGIO	0	2	7000	49897	126064	276	-1	0.06	0.20	44500	
06/09/2011 09:00:02	TASTEGGIO	1	0	7000	49897	81604	237	-11	0.11	0.11	0	
06/09/2011 09:00:12	TASTEGGIO	1	0	7000	49897	126062	237	-11	0.03	0.11	82800	
06/09/2011 09:00:37	TASTEGGIO	1	0	7000	49897	43282	225	-1	0.12	0.12	0	
06/09/2011 09:00:55	TASTEGGIO	0	1	7000	49897	43287	238	-1	0.12	0.12	0	
06/09/2011 09:01:16	TASTEGGIO	0	2	7000	49897	43293	262	0	0.11	0.11	0	
06/09/2011 09:01:37	TASTEGGIO	0	3	7000	49897	43299	292	-2	0.08	0.08	0	
06/09/2011 09:01:48	TASTEGGIO	0	3	7000	49897	126063	292	-2	0.03	0.11	44500	
06/09/2011 09:02:14	TASTEGGIO	1	0	7000	49897	81613	225	-1	0.10	0.10	0	
06/09/2011 09:02:34	TASTEGGIO	0	1	7000	49897	81612	234	-2	0.07	0.07	0	
06/09/2011 09:02:45	TASTEGGIO	0	1	7000	49897	126052	234	-2	0.05	0.08	82800	
06/09/2011 09:04:35	TASTEGGIO	0	1	7000	49897	126155	234	-2	0.11	0.14	-82000	
06/09/2011 09:04:58	TASTEGGIO	1	0	7000	49897	208113	229	-7	0.08	0.08	0	
06/09/2011 09:05:09	TASTEGGIO	1	0	7000	49897	126151	229	-7	0.08	0.09	44500	
06/09/2011 09:05:34	TASTEGGIO	1	0	7000	49897	81711	223	-9	0.02	0.02	0	
06/09/2011 09:05:45	TASTEGGIO	1	0	7000	49897	126055	223	-9	0.05	0.06	-82000	
06/09/2011 09:07:34	TASTEGGIO	1	0	7000	49897	126153	223	-9	0.05	0.05	44500	
06/09/2011 09:09:25	TASTEGGIO	1	0	7000	49898	126151	223	-9	0.01	0.14	82800	
06/09/2011 09:09:49	TASTEGGIO	1	0	7000	49898	43375	229	-2	0.12	0.12	0	
06/09/2011 09:10:09	TASTEGGIO	0	1	7000	49898	43384	239	-1	0.11	0.11	0	
06/09/2011 09:10:29	TASTEGGIO	0	2	7000	49898	43388	259	-2	0.09	0.09	0	
06/09/2011 09:10:48	TASTEGGIO	0	3	7000	49898	43391	281	-6	0.06	0.06	0	
06/09/2011 09:11:00	TASTEGGIO	0	3	7000	49898	126061	281	-6	0.05	0.06	82800	
06/09/2011 09:12:50	TASTEGGIO	0	3	7000	49897	126152	281	-6	0.16	0.31	44500	
06/09/2011 09:13:16	TASTEGGIO	1	0	7000	49897	81706	251	-11	0.22	0.22	0	
06/09/2011 09:13:37	TASTEGGIO	0	1	7000	49897	81705	266	-9	0.12	0.12	0	
06/09/2011 09:13:48	TASTEGGIO	0	1	7000	49897	126070	266	-9	0.04	0.17	82800	
06/09/2011 09:14:12	TASTEGGIO	1	0	7000	49897	43290	233	-2	0.17	0.17	0	
06/09/2011 09:14:31	TASTEGGIO	0	1	7000	49897	43295	250	-1	0.16	0.16	0	
06/09/2011 09:14:52	TASTEGGIO	0	2	7000	49897	43302	280	-3	0.12	0.12	0	
06/09/2011 09:15:03	TASTEGGIO	0	2	7000	49897	126066	280	-3	0.04	0.13	-82000	
06/09/2011 09:15:28	TASTEGGIO	1	0	7000	49897	208009	228	-9	0.07	0.07	0	
06/09/2011 09:15:39	TASTEGGIO	1	0	7000	49897	126152	228	-9	0.07	0.14	82800	
06/09/2011 09:16:03	TASTEGGIO	1	0	7000	49897	43380	229	0	0.14	0.14	0	
06/09/2011 09:16:22	TASTEGGIO	0	1	7000	49897	43387	243	-1	0.15	0.15	0	
06/09/2011 09:16:42	TASTEGGIO	0	2	7000	49897	43390	275	0	0.14	0.14	0	
06/09/2011 09:17:04	TASTEGGIO	0	3	7000	49897	43392	314	-6	0.08	0.08	0	
06/09/2011 09:17:15	TASTEGGIO	0	3	7000	49897	126064	314	-6	0.06	0.08	82800	
06/09/2011 09:18:12	ALARM 17	proc 12 prog 10 step 47	LavoroTerminato
06/09/2011 09:41:33	TASTEGGIO	0	3	7000	49897	91883	314	-6	0.54	0.60	24500	
06/09/2011 09:41:57	TASTEGGIO	1	0	7000	49897	67451	289	-4	0.56	0.56	0	
06/09/2011 09:42:17	TASTEGGIO	0	1	7000	49897	67449	341	-11	0.46	0.46	0	
06/09/2011 09:42:39	TASTEGGIO	0	2	7000	49897	67446	400	-27	0.21	0.21	0	
06/09/2011 09:42:59	TASTEGGIO	0	0	7000	49897	67444	238	0	0.21	0.21	0	
06/09/2011 09:43:19	TASTEGGIO	0	1	7000	49897	67444	259	0	0.21	0.21	0	
06/09/2011 09:43:39	TASTEGGIO	0	2	7000	49897	67442	301	-2	0.19	0.19	0	
06/09/2011 09:44:01	TASTEGGIO	0	3	7000	49897	67442	352	-2	0.18	0.18	0	
06/09/2011 09:44:23	TASTEGGIO	0	4	7000	49897	67442	400	-14	0.13	0.13	0	
06/09/2011 09:44:33	TASTEGGIO	0	4	7000	49897	91852	400	-14	0.11	0.17	44500	
06/09/2011 09:44:56	TASTEGGIO	1	0	7000	49897	47383	233	0	0.17	0.17	0	
06/09/2011 09:45:16	TASTEGGIO	0	1	7000	49897	47389	250	-1	0.16	0.16	0	
06/09/2011 09:45:35	TASTEGGIO	0	2	7000	49897	47392	280	-2	0.14	0.14	0	
06/09/2011 09:45:46	TASTEGGIO	0	2	7000	49897	91844	280	-2	0.09	0.14	44500	
06/09/2011 09:46:08	TASTEGGIO	1	0	7000	49897	47370	229	0	0.13	0.13	0	
06/09/2011 09:46:27	TASTEGGIO	0	1	7000	49897	47375	241	-1	0.14	0.14	0	
06/09/2011 09:46:46	TASTEGGIO	0	2	7000	49897	47379	271	0	0.14	0.14	0	
06/09/2011 09:47:06	TASTEGGIO	0	3	7000	49897	47383	313	-5	0.09	0.09	0	
06/09/2011 09:47:26	TASTEGGIO	0	4	7000	49897	47386	324	-6	0.05	0.05	0	
06/09/2011 09:47:36	TASTEGGIO	0	4	7000	49897	91839	324	-6	0.04	0.06	-44500	
06/09/2011 09:49:24	TASTEGGIO	0	4	7000	49895	91973	324	-6	0.12	0.14	24500	
06/09/2011 09:49:47	TASTEGGIO	1	0	7000	49895	67530	229	-2	0.12	0.12	0	
06/09/2011 09:50:06	TASTEGGIO	0	1	7000	49895	67528	239	-1	0.12	0.12	0	
06/09/2011 09:50:28	TASTEGGIO	0	2	7000	49895	67526	263	-3	0.09	0.09	0	
06/09/2011 09:50:48	TASTEGGIO	0	3	7000	49895	67524	274	-4	0.05	0.05	0	
06/09/2011 09:50:58	TASTEGGIO	0	3	7000	49895	91848	274	-4	0.06	0.07	-44500	
06/09/2011 09:52:46	TASTEGGIO	0	3	7000	49897	91977	274	-4	0.21	0.21	0	
06/09/2011 09:53:09	TASTEGGIO	1	0	7000	49897	91991	238	-5	0.18	0.18	0	
06/09/2011 09:53:31	TASTEGGIO	0	1	7000	49897	91994	253	-4	0.13	0.13	0	
06/09/2011 09:53:39	TASTEGGIO	0	1	7000	49897	91976	253	-4	0.15	0.15	0	
06/09/2011 09:54:01	TASTEGGIO	1	0	7000	49897	91991	231	-1	0.14	0.14	0	
06/09/2011 09:54:09	TASTEGGIO	1	0	7000	49897	91975	231	-1	0.14	0.14	0	
06/09/2011 09:54:31	TASTEGGIO	1	0	7000	49897	91990	229	0	0.14	0.14	0	
06/09/2011 09:54:51	TASTEGGIO	0	1	7000	49897	91990	243	0	0.14	0.14	0	
06/09/2011 09:55:12	TASTEGGIO	0	2	7000	49897	91992	271	-6	0.10	0.10	0	
06/09/2011 09:55:34	TASTEGGIO	0	3	7000	49897	91994	283	-9	0.05	0.05	0	
06/09/2011 09:55:42	TASTEGGIO	0	3	7000	49897	91976	283	-9	0.05	0.08	44500	
06/09/2011 09:56:38	ALARM 17	proc 12 prog 10 step 47	LavoroTerminato
06/09/2011 10:11:37	ALARM 406		
08/09/2011 07:33:06	ALARM 401		
08/09/2011 07:33:08	INIT OK
08/09/2011 08:13:33	TASTEGGIO	0	0	5500	44018	127880	0	0	0.15	0.47	-82000	
08/09/2011 08:13:59	TASTEGGIO	1	0	5500	44018	209850	326	-75	0.26	0.26	0	
08/09/2011 08:14:20	TASTEGGIO	0	1	5500	44018	209852	311	-92	0.65	0.65	0	
08/09/2011 08:14:38	TASTEGGIO	0	1	5500	44018	209856	148	-9	0.55	0.55	0	
08/09/2011 08:14:58	TASTEGGIO	0	2	5500	44018	209857	241	-19	0.37	0.37	0	
08/09/2011 08:15:18	TASTEGGIO	0	3	5500	44018	209857	284	-19	0.19	0.19	0	
08/09/2011 08:15:38	TASTEGGIO	0	4	5500	44018	209857	303	-16	0.07	0.07	0	
08/09/2011 08:15:50	TASTEGGIO	0	4	5500	44018	127969	303	-16	0.23	0.33	82800	
08/09/2011 08:16:14	TASTEGGIO	1	0	5500	44018	45220	281	-23	0.13	0.13	0	
08/09/2011 08:16:25	TASTEGGIO	1	0	5500	44018	127852	281	-23	0.19	0.19	0	
08/09/2011 08:16:49	TASTEGGIO	1	0	5500	44018	127849	236	-106	0.83	0.83	0	
08/09/2011 08:16:52	ALARM 218	proc 12 prog 73 step 17	go_abs 5 cmd 11
08/09/2011 08:16:55	ALARM 205		err.6058
08/09/2011 08:17:11	TASTEGGIO	1	0	5500	44018	127857	236	-106	0.82	0.82	0	
08/09/2011 08:17:36	TASTEGGIO	1	0	5500	44018	127855	317	-144	0.58	0.58	0	
08/09/2011 08:17:58	TASTEGGIO	0	1	5500	44018	127855	275	-100	0.43	0.43	0	
08/09/2011 08:18:20	TASTEGGIO	0	1	5500	44018	127855	243	-78	0.34	0.34	0	
08/09/2011 08:18:41	TASTEGGIO	0	1	5500	44018	127855	216	-61	0.27	0.27	0	
08/09/2011 08:19:02	TASTEGGIO	0	1	5500	44018	127855	194	-45	0.17	0.17	0	
08/09/2011 08:19:22	TASTEGGIO	0	1	5500	44018	127855	183	-35	0.15	0.15	0	
08/09/2011 08:19:42	TASTEGGIO	0	1	5500	44018	127855	169	-21	0.07	0.07	0	
08/09/2011 08:19:50	TASTEGGIO	0	1	5500	44018	127869	169	-21	0.06	0.20	82800	
08/09/2011 08:20:15	TASTEGGIO	1	0	5500	44018	45102	237	-4	0.17	0.17	0	
08/09/2011 08:20:34	TASTEGGIO	0	1	5500	44018	45106	251	-5	0.13	0.13	0	
08/09/2011 08:20:45	TASTEGGIO	0	1	5500	44018	127848	251	-5	0.02	0.14	82800	
08/09/2011 08:21:09	TASTEGGIO	1	0	5500	44018	45078	229	-1	0.13	0.13	0	
08/09/2011 08:21:27	TASTEGGIO	0	1	5500	44018	45080	241	-1	0.13	0.13	0	
08/09/2011 08:21:46	TASTEGGIO	0	2	5500	44018	45083	267	-4	0.10	0.10	0	
08/09/2011 08:22:07	TASTEGGIO	0	3	5500	44018	45084	280	-4	0.08	0.08	0	
08/09/2011 08:22:18	TASTEGGIO	0	3	5500	44018	127845	280	-4	0.03	0.11	-82000	
08/09/2011 08:24:11	TASTEGGIO	0	3	5500	44017	128050	280	-4	0.12	0.47	82800	
08/09/2011 08:24:36	TASTEGGIO	1	0	5500	44017	45278	272	-19	0.29	0.29	0	
08/09/2011 08:24:55	TASTEGGIO	0	1	5500	44017	45285	289	-14	0.15	0.15	0	
08/09/2011 08:25:15	TASTEGGIO	0	2	5500	44017	45291	299	-11	0.04	0.04	0	
08/09/2011 08:25:26	TASTEGGIO	0	2	5500	44017	127961	299	-11	0.17	0.25	-82000	
08/09/2011 08:25:52	TASTEGGIO	1	0	5500	44017	209932	243	-42	0.20	0.20	0	
08/09/2011 08:26:12	TASTEGGIO	0	1	5500	44017	209933	227	-36	0.16	0.16	0	
08/09/2011 08:26:32	TASTEGGIO	0	1	5500	44017	209935	214	-22	0.06	0.06	0	
08/09/2011 08:26:43	TASTEGGIO	0	1	5500	44017	128068	214	-22	0.09	0.12	44500	
08/09/2011 08:27:09	TASTEGGIO	1	0	5500	44017	83629	227	-59	0.45	0.45	0	
08/09/2011 08:27:24	TASTEGGIO	0	1	5500	44017	83624	58	-2	0.42	0.42	0	
08/09/2011 08:27:45	TASTEGGIO	0	2	5500	44017	83625	136	-7	0.35	0.35	0	
08/09/2011 08:28:07	TASTEGGIO	0	3	5500	44017	83621	223	-34	0.11	0.11	0	
08/09/2011 08:28:17	TASTEGGIO	0	3	5500	44017	127963	223	-34	0.10	0.20	82800	
08/09/2011 08:28:42	TASTEGGIO	1	0	5500	44017	45194	237	-1	0.18	0.18	0	
08/09/2011 08:29:02	TASTEGGIO	0	1	5500	44017	45199	253	-1	0.18	0.18	0	
08/09/2011 08:29:22	TASTEGGIO	0	2	5500	44017	45200	289	-2	0.16	0.16	0	
08/09/2011 08:29:43	TASTEGGIO	0	3	5500	44017	45204	331	-17	0.09	0.09	0	
08/09/2011 08:29:54	TASTEGGIO	0	3	5500	44017	127961	331	-17	0.07	0.10	82800	
08/09/2011 08:31:46	TASTEGGIO	0	3	5500	44017	128054	331	-17	0.21	0.21	0	
08/09/2011 08:32:08	TASTEGGIO	1	0	5500	44017	128058	238	-97	0.72	0.72	0	
08/09/2011 08:32:21	TASTEGGIO	0	1	5500	44017	128058	0	-2	0.64	0.64	0	
08/09/2011 08:32:40	TASTEGGIO	0	2	5500	44017	128059	113	-8	0.57	0.57	0	
08/09/2011 08:33:02	TASTEGGIO	0	3	5500	44017	128060	265	-99	0.38	0.38	0	
08/09/2011 08:33:24	TASTEGGIO	0	1	5500	44017	128060	239	-55	0.17	0.17	0	
08/09/2011 08:33:45	TASTEGGIO	0	1	5500	44017	128061	231	-73	0.51	0.51	0	
08/09/2011 08:34:04	TASTEGGIO	0	1	5500	44017	128061	78	-6	0.44	0.44	0	
08/09/2011 08:34:26	TASTEGGIO	0	2	5500	44017	128061	153	-15	0.30	0.30	0	
08/09/2011 08:34:46	TASTEGGIO	0	3	5500	44017	128061	188	-17	0.13	0.13	0	
08/09/2011 08:34:54	TASTEGGIO	0	3	5500	44017	128053	188	-17	0.13	0.13	0	
08/09/2011 08:35:17	TASTEGGIO	1	0	5500	44017	128056	228	-37	0.23	0.23	0	
08/09/2011 08:35:37	TASTEGGIO	0	1	5500	44017	128059	187	-41	0.19	0.19	0	
08/09/2011 08:35:57	TASTEGGIO	0	1	5500	44017	128059	171	-33	0.20	0.20	0	
08/09/2011 08:36:16	TASTEGGIO	0	1	5500	44017	128059	149	-16	0.02	0.02	0	
08/09/2011 08:36:24	TASTEGGIO	0	1	5500	44017	128053	149	-16	0.03	0.07	-82000	
08/09/2011 08:38:15	TASTEGGIO	0	1	5500	44017	128050	149	-16	0.23	0.23	0	
08/09/2011 08:38:38	TASTEGGIO	1	0	5500	44017	128053	241	-103	0.75	0.75	0	
08/09/2011 08:38:52	TASTEGGIO	0	1	5500	44017	128055	0	0	0.72	0.72	0	
08/09/2011 08:39:11	TASTEGGIO	0	2	5500	44017	128058	138	-14	0.59	0.59	0	
08/09/2011 08:39:35	TASTEGGIO	0	3	5500	44017	128060	283	-110	0.51	0.51	0	
08/09/2011 08:39:57	TASTEGGIO	0	1	5500	44017	128059	238	-67	0.16	0.16	0	
08/09/2011 08:40:18	TASTEGGIO	0	1	5500	44017	128059	232	-86	0.67	0.67	0	
08/09/2011 08:40:31	TASTEGGIO	0	1	5500	44017	128059	0	-2	0.64	0.64	0	
08/09/2011 08:40:51	TASTEGGIO	0	2	5500	44017	128059	122	-11	0.54	0.54	0	
08/09/2011 08:41:14	TASTEGGIO	0	3	5500	44017	128059	258	-79	0.31	0.31	0	
08/09/2011 08:41:36	TASTEGGIO	0	1	5500	44017	128059	240	-77	1.02	1.02	0	
08/09/2011 08:41:49	TASTEGGIO	0	1	5500	44017	128059	0	-1	0.97	0.97	0	
08/09/2011 08:42:10	TASTEGGIO	0	2	5500	44017	128059	184	-23	0.73	0.73	0	
08/09/2011 08:42:33	TASTEGGIO	0	3	5500	44017	128059	279	-66	0.12	0.12	0	
08/09/2011 08:42:41	TASTEGGIO	0	3	5500	44017	128048	279	-66	0.13	0.16	44500	
08/09/2011 08:43:06	TASTEGGIO	1	0	5500	44017	83606	232	-50	0.32	0.32	0	
08/09/2011 08:43:26	TASTEGGIO	0	1	5500	44017	83602	168	-18	0.16	0.16	0	
08/09/2011 08:43:47	TASTEGGIO	0	0	5500	44017	83598	232	-47	0.29	0.29	0	
08/09/2011 08:44:09	TASTEGGIO	0	1	5500	44017	83595	179	-13	0.15	0.15	0	
08/09/2011 08:44:29	TASTEGGIO	0	2	5500	44017	83591	189	-4	0.12	0.12	0	
08/09/2011 08:44:40	TASTEGGIO	0	2	5500	44017	127960	189	-4	0.09	0.13	-82000	
08/09/2011 08:45:05	TASTEGGIO	1	0	5500	44017	209932	228	-34	0.19	0.19	0	
08/09/2011 08:45:24	TASTEGGIO	0	1	5500	44017	209934	200	-25	0.06	0.06	0	
08/09/2011 08:45:35	TASTEGGIO	0	1	5500	44017	128067	200	-25	0.14	0.14	0	
08/09/2011 08:45:58	TASTEGGIO	1	0	5500	44017	128071	229	-14	0.02	0.02	0	
08/09/2011 08:46:06	TASTEGGIO	1	0	5500	44017	128068	229	-14	0.02	0.09	82800	
08/09/2011 08:47:58	TASTEGGIO	1	0	5500	44017	127957	229	-14	0.14	0.14	0	
08/09/2011 08:48:20	TASTEGGIO	1	0	5500	44017	127962	229	-127	1.06	1.06	0	
08/09/2011 08:48:33	TASTEGGIO	0	1	5500	44017	127964	0	-4	1.03	1.03	0	
08/09/2011 08:48:54	TASTEGGIO	0	2	5500	44017	127967	200	-46	0.58	0.58	0	
08/09/2011 08:49:17	TASTEGGIO	0	3	5500	44017	127968	256	-111	0.51	0.51	0	
08/09/2011 08:49:39	TASTEGGIO	0	1	5500	44017	127969	211	-78	0.24	0.24	0	
08/09/2011 08:50:00	TASTEGGIO	0	1	5500	44017	127968	199	-64	0.37	0.37	0	
08/09/2011 08:50:21	TASTEGGIO	0	1	5500	44017	127968	141	-32	0.06	0.06	0	
08/09/2011 08:50:28	TASTEGGIO	0	1	5500	44017	127959	141	-32	0.06	0.12	44500	
08/09/2011 08:52:20	TASTEGGIO	0	1	5500	44017	127954	141	-32	0.09	0.10	-82000	
08/09/2011 08:54:10	TASTEGGIO	0	1	5500	44018	128048	141	-32	0.06	0.09	82800	
08/09/2011 08:56:02	TASTEGGIO	0	1	5500	44017	128051	141	-32	0.20	0.26	82800	
08/09/2011 08:56:26	TASTEGGIO	1	0	5500	44017	45297	245	-11	0.17	0.17	0	
08/09/2011 08:56:47	TASTEGGIO	0	1	5500	44017	45302	256	-6	0.11	0.11	0	
08/09/2011 08:56:58	TASTEGGIO	0	1	5500	44017	127970	256	-6	0.10	0.19	44500	
08/09/2011 08:57:24	TASTEGGIO	1	0	5500	44017	83530	236	-52	0.26	0.26	0	
08/09/2011 08:57:45	TASTEGGIO	0	1	5500	44017	83525	200	-32	0.06	0.06	0	
08/09/2011 08:57:56	TASTEGGIO	0	1	5500	44017	127970	200	-32	0.07	0.14	-82000	
08/09/2011 08:58:21	TASTEGGIO	1	0	5500	44017	209935	229	-34	0.19	0.19	0	
08/09/2011 08:58:41	TASTEGGIO	0	1	5500	44017	209939	203	-26	0.07	0.07	0	
08/09/2011 08:58:52	TASTEGGIO	0	1	5500	44017	128065	203	-26	0.13	0.13	0	
08/09/2011 08:59:15	TASTEGGIO	1	0	5500	44017	128068	228	-102	0.90	0.90	0	
08/09/2011 08:59:29	TASTEGGIO	0	1	5500	44017	128068	0	-1	0.88	0.88	0	
08/09/2011 08:59:49	TASTEGGIO	0	2	5500	44017	128069	172	-23	0.66	0.66	0	
08/09/2011 09:00:11	TASTEGGIO	0	3	5500	44017	128070	257	-75	0.11	0.11	0	
08/09/2011 09:00:19	TASTEGGIO	0	3	5500	44017	128065	257	-75	0.10	0.10	0	
08/09/2011 09:01:17	ALARM 17	proc 12 prog 10 step 47	LavoroTerminato
08/09/2011 09:33:11	TASTEGGIO	0	3	8000	53817	117569	257	-75	0.56	0.58	-24500	
08/09/2011 09:33:33	TASTEGGIO	1	0	8000	53817	142044	179	-5	0.53	0.53	0	
08/09/2011 09:33:52	TASTEGGIO	0	1	8000	53817	142051	227	-13	0.39	0.39	0	
08/09/2011 09:34:15	TASTEGGIO	0	2	8000	53817	142057	267	-27	0.15	0.15	0	
08/09/2011 09:34:30	TASTEGGIO	0	0	8000	53817	142060	102	0	0.15	0.15	0	
08/09/2011 09:34:47	TASTEGGIO	0	1	8000	53817	142062	117	0	0.15	0.15	0	
08/09/2011 09:35:06	TASTEGGIO	0	2	8000	53817	142064	147	0	0.15	0.15	0	
08/09/2011 09:35:26	TASTEGGIO	0	3	8000	53817	142072	192	-3	0.12	0.12	0	
08/09/2011 09:35:36	TASTEGGIO	0	3	8000	53817	117570	192	-3	0.15	0.18	24500	
08/09/2011 09:35:56	TASTEGGIO	1	0	8000	53817	93089	107	-2	0.14	0.14	0	
08/09/2011 09:36:06	TASTEGGIO	1	0	8000	53817	117479	107	-2	0.14	0.18	-44500	
08/09/2011 09:36:27	TASTEGGIO	1	0	8000	53817	161876	107	0	0.19	0.19	0	
08/09/2011 09:36:45	TASTEGGIO	0	1	8000	53817	161890	127	0	0.17	0.17	0	
08/09/2011 09:37:04	TASTEGGIO	0	2	8000	53817	161900	157	-3	0.14	0.14	0	
08/09/2011 09:37:15	TASTEGGIO	0	2	8000	53817	117556	157	-3	0.12	0.15	-44500	
08/09/2011 09:37:36	TASTEGGIO	1	0	8000	53817	161973	102	0	0.14	0.14	0	
08/09/2011 09:37:46	TASTEGGIO	1	0	8000	53817	117563	102	0	0.12	0.15	-44500	
08/09/2011 09:38:06	TASTEGGIO	1	0	8000	53817	161972	102	0	0.14	0.14	0	
08/09/2011 09:38:16	TASTEGGIO	1	0	8000	53817	117562	102	0	0.12	0.15	-44500	
08/09/2011 09:38:37	TASTEGGIO	1	0	8000	53817	161965	102	0	0.14	0.14	0	
08/09/2011 09:38:48	TASTEGGIO	1	0	8000	53817	117564	102	0	0.13	0.15	-44500	
08/09/2011 09:39:09	TASTEGGIO	1	0	8000	53817	161967	102	0	0.14	0.14	0	
08/09/2011 09:39:19	TASTEGGIO	1	0	8000	53817	117558	102	0	0.13	0.15	-44500	
08/09/2011 09:39:40	TASTEGGIO	1	0	8000	53817	161952	102	0	0.14	0.14	0	
08/09/2011 09:39:51	TASTEGGIO	1	0	8000	53817	117562	102	0	0.13	0.15	-44500	
08/09/2011 09:39:53	ALARM 401		
08/09/2011 09:40:13	TASTEGGIO	1	0	8000	53817	117562	102	0	0.11	0.15	24500	
08/09/2011 09:40:43	TASTEGGIO	1	0	8000	53817	117460	132	-1	0.11	0.14	-44500	
08/09/2011 09:41:15	TASTEGGIO	1	0	8000	53817	117556	149	0	0.11	0.14	-44500	
08/09/2011 09:41:51	TASTEGGIO	1	0	8000	53817	117560	182	-6	0.06	0.10	24500	
08/09/2011 09:42:16	TASTEGGIO	1	0	8000	53817	117455	182	-6	0.09	0.09	0	
08/09/2011 09:44:05	TASTEGGIO	1	0	8000	53817	117568	182	-6	0.86	1.03	24500	
08/09/2011 09:44:29	TASTEGGIO	1	0	8000	53817	93103	260	-9	0.92	0.92	0	
08/09/2011 09:44:51	TASTEGGIO	0	1	8000	53817	93112	342	-39	0.54	0.54	0	
08/09/2011 09:45:15	TASTEGGIO	0	2	8000	53817	93114	386	-62	0.14	0.14	0	
08/09/2011 09:45:25	TASTEGGIO	0	2	8000	53817	117475	386	-62	0.22	0.28	-44500	
08/09/2011 09:45:47	TASTEGGIO	1	0	8000	53817	161875	125	-3	0.26	0.26	0	
08/09/2011 09:46:07	TASTEGGIO	0	1	8000	53817	161891	149	-2	0.25	0.25	0	
08/09/2011 09:46:26	TASTEGGIO	0	2	8000	53817	161908	197	-12	0.12	0.12	0	
08/09/2011 09:46:37	TASTEGGIO	0	2	8000	53817	117559	197	-12	0.09	0.13	44500	
08/09/2011 09:46:59	TASTEGGIO	1	0	8000	53817	73111	98	-1	0.10	0.10	0	
08/09/2011 09:47:09	TASTEGGIO	1	0	8000	53817	117466	98	-1	0.10	0.13	-24500	
08/09/2011 09:47:30	TASTEGGIO	1	0	8000	53817	141921	98	-1	0.11	0.11	0	
08/09/2011 09:47:48	TASTEGGIO	0	1	8000	53817	141937	107	0	0.11	0.11	0	
08/09/2011 09:48:06	TASTEGGIO	0	2	8000	53817	141948	129	0	0.11	0.11	0	
08/09/2011 09:48:25	TASTEGGIO	0	3	8000	53817	141954	162	-5	0.05	0.05	0	
08/09/2011 09:48:35	TASTEGGIO	0	3	8000	53817	117557	162	-5	0.03	0.17	44500	
08/09/2011 09:48:56	TASTEGGIO	1	0	8000	53817	73110	105	-1	0.15	0.15	0	
08/09/2011 09:49:12	TASTEGGIO	0	1	8000	53817	73107	118	0	0.14	0.14	0	
08/09/2011 09:49:22	TASTEGGIO	0	1	8000	53817	117466	118	0	0.03	0.17	44500	
08/09/2011 09:49:43	TASTEGGIO	1	0	8000	53817	73022	105	0	0.14	0.14	0	
08/09/2011 09:49:53	TASTEGGIO	1	0	8000	53817	117455	105	0	0.03	0.16	44500	
08/09/2011 09:50:14	TASTEGGIO	1	0	8000	53817	73010	103	0	0.14	0.14	0	
08/09/2011 09:50:16	ALARM 401		
08/09/2011 09:50:18	ALARM 401		
08/09/2011 09:50:19	ALARM 401		
08/09/2011 09:50:21	ALARM 401		
08/09/2011 09:50:22	ALARM 401		
08/09/2011 09:50:23	ALARM 401		
08/09/2011 09:50:23	ALARM 401		
08/09/2011 09:50:25	ALARM 401		
08/09/2011 09:50:43	TASTEGGIO	1	0	8000	53817	117458	103	0	0.05	0.16	44500	
08/09/2011 09:50:46	ALARM 28	proc 12 prog 71 step 17	Pressa appoggiata sul tondo
08/09/2011 09:51:27	TASTEGGIO	1	0	8000	53817	117458	103	0	0.03	0.16	44500	
08/09/2011 09:53:39	TASTEGGIO	1	0	8000	53817	117465	182	-2	0.05	0.15	44500	
08/09/2011 09:54:37	TASTEGGIO	1	0	8000	53817	117446	200	-3	0.07	0.13	44500	
08/09/2011 09:55:14	TASTEGGIO	1	0	8000	53817	117443	210	-3	0.09	0.11	-44500	
08/09/2011 09:56:18	TASTEGGIO	1	0	8000	53817	117553	210	-3	0.09	0.11	-24500	
08/09/2011 09:57:31	TASTEGGIO	1	0	8000	53817	117556	210	-3	0.10	0.11	-44500	
08/09/2011 09:59:20	TASTEGGIO	1	0	8000	53817	117572	210	-3	0.28	0.64	-44500	
08/09/2011 09:59:43	TASTEGGIO	1	0	8000	53817	161995	190	-7	0.56	0.56	0	
08/09/2011 10:00:03	TASTEGGIO	0	1	8000	53817	162012	239	-18	0.38	0.38	0	
08/09/2011 10:00:23	TASTEGGIO	0	2	8000	53817	162027	275	-29	0.08	0.08	0	
08/09/2011 10:00:33	TASTEGGIO	0	2	8000	53817	117564	275	-29	0.16	0.34	44500	
08/09/2011 10:00:55	TASTEGGIO	1	0	8000	53817	73117	136	-3	0.30	0.30	0	
08/09/2011 10:01:13	TASTEGGIO	0	1	8000	53817	73116	162	-1	0.30	0.30	0	
08/09/2011 10:01:34	TASTEGGIO	0	2	8000	53817	73120	222	-8	0.22	0.22	0	
08/09/2011 10:01:54	TASTEGGIO	0	3	8000	53817	73119	249	-13	0.09	0.09	0	
08/09/2011 10:02:05	TASTEGGIO	0	3	8000	53817	117471	249	-13	0.06	0.21	-44500	
08/09/2011 10:02:27	TASTEGGIO	1	0	8000	53817	161873	112	-1	0.19	0.19	0	
08/09/2011 10:02:44	TASTEGGIO	0	1	8000	53817	161887	129	0	0.19	0.19	0	
08/09/2011 10:03:05	TASTEGGIO	0	2	8000	53817	161901	167	0	0.20	0.20	0	
08/09/2011 10:03:25	TASTEGGIO	0	3	8000	53817	161914	230	-1	0.18	0.18	0	
08/09/2011 10:03:47	TASTEGGIO	0	4	8000	53817	161927	294	-24	0.09	0.09	0	
08/09/2011 10:03:58	TASTEGGIO	0	4	8000	53817	117564	294	-24	0.18	0.25	24500	
08/09/2011 10:04:20	TASTEGGIO	1	0	8000	53817	93084	120	-2	0.22	0.22	0	
08/09/2011 10:04:37	TASTEGGIO	0	1	8000	53817	93087	139	-1	0.22	0.22	0	
08/09/2011 10:04:57	TASTEGGIO	0	2	8000	53817	93094	183	-4	0.18	0.18	0	
08/09/2011 10:05:18	TASTEGGIO	0	3	8000	53817	93097	227	-15	0.04	0.04	0	
08/09/2011 10:05:28	TASTEGGIO	0	3	8000	53817	117468	227	-15	0.03	0.07	-24500	
08/09/2011 10:07:17	TASTEGGIO	0	3	8000	53815	117575	227	-15	0.68	0.70	24500	
08/09/2011 10:07:40	TASTEGGIO	1	0	8000	53815	93100	201	-5	0.64	0.64	0	
08/09/2011 10:08:00	TASTEGGIO	0	1	8000	53815	93108	259	-14	0.50	0.50	0	
08/09/2011 10:08:22	TASTEGGIO	0	2	8000	53815	93113	314	-38	0.13	0.13	0	
08/09/2011 10:08:32	TASTEGGIO	0	2	8000	53815	117476	314	-38	0.21	0.29	-24500	
08/09/2011 10:08:53	TASTEGGIO	1	0	8000	53815	141933	127	-3	0.26	0.26	0	
08/09/2011 10:09:11	TASTEGGIO	0	1	8000	53815	141947	150	-2	0.24	0.24	0	
08/09/2011 10:09:33	TASTEGGIO	0	2	8000	53815	141957	194	-13	0.12	0.12	0	
08/09/2011 10:09:43	TASTEGGIO	0	2	8000	53815	117562	194	-13	0.07	0.14	-44500	
08/09/2011 10:10:04	TASTEGGIO	1	0	8000	53815	161953	100	0	0.13	0.13	0	
08/09/2011 10:10:21	TASTEGGIO	0	1	8000	53815	161967	112	0	0.13	0.13	0	
08/09/2011 10:10:39	TASTEGGIO	0	2	8000	53815	161980	138	-1	0.12	0.12	0	
08/09/2011 10:10:57	TASTEGGIO	0	3	8000	53815	161993	171	-7	0.05	0.05	0	
08/09/2011 10:11:07	TASTEGGIO	0	3	8000	53815	117559	171	-7	0.02	0.15	44500	
08/09/2011 10:11:29	TASTEGGIO	1	0	8000	53815	73112	102	-2	0.12	0.12	0	
08/09/2011 10:11:39	TASTEGGIO	1	0	8000	53815	117470	102	-2	0.02	0.14	44500	
08/09/2011 10:12:00	TASTEGGIO	1	0	8000	53815	73016	100	0	0.12	0.12	0	
08/09/2011 10:12:16	TASTEGGIO	0	1	8000	53815	73013	110	0	0.12	0.12	0	
08/09/2011 10:12:34	TASTEGGIO	0	2	8000	53815	73013	134	0	0.12	0.12	0	
08/09/2011 10:12:52	TASTEGGIO	0	3	8000	53815	73017	170	-1	0.11	0.11	0	
08/09/2011 10:13:03	TASTEGGIO	0	3	8000	53815	117467	170	-1	0.03	0.12	44500	
08/09/2011 10:13:23	TASTEGGIO	1	0	8000	53815	73013	96	0	0.11	0.11	0	
08/09/2011 10:13:34	TASTEGGIO	1	0	8000	53815	117469	96	0	0.03	0.12	44500	
08/09/2011 10:14:30	ALARM 17	proc 12 prog 10 step 47	LavoroTerminato
08/09/2011 12:51:53	TASTEGGIO	1	0	8000	53817	117574	96	0	0.76	0.77	-24500	
08/09/2011 12:52:17	TASTEGGIO	1	0	8000	53817	142041	213	-7	0.68	0.68	0	
08/09/2011 12:52:37	TASTEGGIO	0	1	8000	53817	142051	273	-25	0.45	0.45	0	
08/09/2011 12:52:59	TASTEGGIO	0	2	8000	53817	142059	315	-43	0.06	0.06	0	
08/09/2011 12:53:08	TASTEGGIO	0	2	8000	53817	117568	315	-43	0.13	0.20	44500	
08/09/2011 12:53:29	TASTEGGIO	1	0	8000	53817	73122	111	-1	0.19	0.19	0	
08/09/2011 12:53:45	TASTEGGIO	0	1	8000	53817	73119	129	-1	0.18	0.18	0	
08/09/2011 12:54:04	TASTEGGIO	0	2	8000	53817	73119	163	0	0.18	0.18	0	
08/09/2011 12:54:24	TASTEGGIO	0	3	8000	53817	73123	217	-9	0.10	0.10	0	
08/09/2011 12:54:35	TASTEGGIO	0	3	8000	53817	117466	217	-9	0.06	0.11	44500	
08/09/2011 12:56:23	TASTEGGIO	0	3	8000	53817	117570	217	-9	0.64	0.73	-24500	
08/09/2011 12:56:46	TASTEGGIO	1	0	8000	53817	142024	206	-7	0.64	0.64	0	
08/09/2011 12:57:07	TASTEGGIO	0	1	8000	53817	142040	262	-24	0.41	0.41	0	
08/09/2011 12:57:30	TASTEGGIO	0	2	8000	53817	142047	299	-39	0.14	0.14	0	
08/09/2011 12:57:40	TASTEGGIO	0	2	8000	53817	117567	299	-39	0.05	0.35	44500	
08/09/2011 12:58:01	TASTEGGIO	1	0	8000	53817	73119	138	-2	0.32	0.32	0	
08/09/2011 12:58:18	TASTEGGIO	0	1	8000	53817	73120	167	-1	0.31	0.31	0	
08/09/2011 12:58:39	TASTEGGIO	0	2	8000	53817	73122	227	-9	0.23	0.23	0	
08/09/2011 12:59:01	TASTEGGIO	0	3	8000	53817	73121	256	-13	0.10	0.10	0	
08/09/2011 12:59:12	TASTEGGIO	0	3	8000	53817	117473	256	-13	0.16	0.38	-44500	
08/09/2011 12:59:35	TASTEGGIO	1	0	8000	53817	161863	143	-3	0.34	0.34	0	
08/09/2011 12:59:55	TASTEGGIO	0	1	8000	53817	161880	173	-4	0.32	0.32	0	
08/09/2011 13:00:15	TASTEGGIO	0	2	8000	53817	161896	233	-23	0.10	0.10	0	
08/09/2011 13:00:26	TASTEGGIO	0	2	8000	53817	117563	233	-23	0.07	0.25	44500	
08/09/2011 13:00:48	TASTEGGIO	1	0	8000	53817	73116	120	0	0.23	0.23	0	
08/09/2011 13:01:05	TASTEGGIO	0	1	8000	53817	73114	141	0	0.23	0.23	0	
08/09/2011 13:01:23	TASTEGGIO	0	2	8000	53817	73115	187	0	0.23	0.23	0	
08/09/2011 13:01:45	TASTEGGIO	0	3	8000	53817	73113	256	-4	0.20	0.20	0	
08/09/2011 13:02:06	TASTEGGIO	0	4	8000	53817	73113	325	-37	0.17	0.17	0	
08/09/2011 13:02:28	TASTEGGIO	0	1	8000	53817	73116	310	-68	0.51	0.51	0	
08/09/2011 13:02:45	TASTEGGIO	0	1	8000	53817	73116	157	-4	0.46	0.46	0	
08/09/2011 13:03:06	TASTEGGIO	0	2	8000	53817	73116	239	-5	0.41	0.41	0	
08/09/2011 13:03:28	TASTEGGIO	0	3	8000	53817	73116	348	-30	0.14	0.14	0	
08/09/2011 13:03:38	TASTEGGIO	0	3	8000	53817	117461	348	-30	0.07	0.16	-44500	
08/09/2011 13:04:01	TASTEGGIO	1	0	8000	53817	161853	103	-1	0.16	0.16	0	
08/09/2011 13:04:17	TASTEGGIO	0	1	8000	53817	161868	119	0	0.13	0.13	0	
08/09/2011 13:04:28	TASTEGGIO	0	1	8000	53817	117555	119	0	0.06	0.16	-44500	
08/09/2011 13:06:17	TASTEGGIO	0	1	8000	53816	117879	119	0	0.67	0.67	0	
08/09/2011 13:06:38	TASTEGGIO	1	0	8000	53816	117896	195	-4	0.64	0.64	0	
08/09/2011 13:06:58	TASTEGGIO	0	1	8000	53816	117902	256	-17	0.47	0.47	0	
08/09/2011 13:07:20	TASTEGGIO	0	2	8000	53816	117904	304	-36	0.11	0.11	0	
08/09/2011 13:07:28	TASTEGGIO	0	2	8000	53816	117873	304	-36	0.10	0.26	44500	
08/09/2011 13:07:49	TASTEGGIO	1	0	8000	53816	73417	121	-1	0.23	0.23	0	
08/09/2011 13:08:06	TASTEGGIO	0	1	8000	53816	73413	141	0	0.23	0.23	0	
08/09/2011 13:08:26	TASTEGGIO	0	2	8000	53816	73415	187	-2	0.20	0.20	0	
08/09/2011 13:08:46	TASTEGGIO	0	3	8000	53816	73413	239	-12	0.09	0.09	0	
08/09/2011 13:08:57	TASTEGGIO	0	3	8000	53816	117761	239	-12	0.03	0.17	-44500	
08/09/2011 13:09:19	TASTEGGIO	1	0	8000	53816	162150	105	-2	0.16	0.16	0	
08/09/2011 13:09:36	TASTEGGIO	0	1	8000	53816	162164	120	-1	0.14	0.14	0	
08/09/2011 13:09:46	TASTEGGIO	0	1	8000	53816	117858	120	-1	0.03	0.15	-44500	
08/09/2011 13:10:08	TASTEGGIO	1	0	8000	53816	162255	102	0	0.14	0.14	0	
08/09/2011 13:10:19	TASTEGGIO	1	0	8000	53816	117855	102	0	0.03	0.15	-44500	
08/09/2011 13:10:40	TASTEGGIO	1	0	8000	53816	162251	102	0	0.14	0.14	0	
08/09/2011 13:10:51	TASTEGGIO	1	0	8000	53816	117870	102	0	0.03	0.15	-44500	
08/09/2011 13:11:12	TASTEGGIO	1	0	8000	53816	162263	102	-1	0.15	0.15	0	
08/09/2011 13:11:29	TASTEGGIO	0	1	8000	53816	162278	117	0	0.15	0.15	0	
08/09/2011 13:11:49	TASTEGGIO	0	2	8000	53816	162293	147	-2	0.12	0.12	0	
08/09/2011 13:12:00	TASTEGGIO	0	2	8000	53816	117871	147	-2	0.04	0.13	-44500	
08/09/2011 13:12:21	TASTEGGIO	1	0	8000	53816	162271	98	0	0.12	0.12	0	
08/09/2011 13:12:32	TASTEGGIO	1	0	8000	53816	117866	98	0	0.04	0.12	-44500	
08/09/2011 13:14:21	TASTEGGIO	1	0	8000	53816	117574	98	0	0.86	0.86	0	
08/09/2011 13:14:44	TASTEGGIO	1	0	8000	53816	117590	229	-8	0.79	0.79	0	
08/09/2011 13:15:07	TASTEGGIO	0	1	8000	53816	117594	301	-36	0.44	0.44	0	
08/09/2011 13:15:29	TASTEGGIO	0	2	8000	53816	117596	335	-48	0.04	0.04	0	
08/09/2011 13:15:37	TASTEGGIO	0	2	8000	53816	117567	335	-48	0.04	0.12	44500	
08/09/2011 13:17:26	TASTEGGIO	0	2	8000	53817	117570	335	-48	0.66	0.73	-24500	
08/09/2011 13:17:48	TASTEGGIO	1	0	8000	53817	142026	206	-6	0.66	0.66	0	
08/09/2011 13:18:09	TASTEGGIO	0	1	8000	53817	142042	265	-21	0.45	0.45	0	
08/09/2011 13:18:32	TASTEGGIO	0	2	8000	53817	142049	308	-39	0.10	0.10	0	
08/09/2011 13:18:42	TASTEGGIO	0	2	8000	53817	117565	308	-39	0.08	0.18	-44500	
08/09/2011 13:19:04	TASTEGGIO	1	0	8000	53817	161948	107	-1	0.18	0.18	0	
08/09/2011 13:19:23	TASTEGGIO	0	1	8000	53817	161964	125	-1	0.18	0.18	0	
08/09/2011 13:19:41	TASTEGGIO	0	2	8000	53817	161979	161	-4	0.13	0.13	0	
08/09/2011 13:19:52	TASTEGGIO	0	2	8000	53817	117564	161	-4	0.07	0.17	44500	
08/09/2011 13:20:14	TASTEGGIO	1	0	8000	53817	73112	105	-3	0.14	0.14	0	
08/09/2011 13:20:24	TASTEGGIO	1	0	8000	53817	117459	105	-3	0.07	0.15	44500	
08/09/2011 13:20:45	TASTEGGIO	1	0	8000	53817	73005	102	-1	0.14	0.14	0	
08/09/2011 13:20:56	TASTEGGIO	1	0	8000	53817	117450	102	-1	0.06	0.15	-44500	
08/09/2011 13:21:18	TASTEGGIO	1	0	8000	53817	161848	102	0	0.14	0.14	0	
08/09/2011 13:21:28	TASTEGGIO	1	0	8000	53817	117564	102	0	0.10	0.15	-44500	
08/09/2011 13:21:50	TASTEGGIO	1	0	8000	53817	161956	102	0	0.15	0.15	0	
08/09/2011 13:22:08	TASTEGGIO	0	1	8000	53817	161971	117	0	0.15	0.15	0	
08/09/2011 13:22:26	TASTEGGIO	0	2	8000	53817	161985	147	0	0.14	0.14	0	
08/09/2011 13:22:37	TASTEGGIO	0	2	8000	53817	117562	147	0	0.06	0.16	44500	
08/09/2011 13:22:57	TASTEGGIO	1	0	8000	53817	73107	103	0	0.15	0.15	0	
08/09/2011 13:23:15	TASTEGGIO	0	1	8000	53817	73105	117	0	0.17	0.17	0	
08/09/2011 13:23:33	TASTEGGIO	0	2	8000	53817	73106	155	0	0.14	0.14	0	
08/09/2011 13:23:44	TASTEGGIO	0	2	8000	53817	117466	155	0	0.05	0.15	44500	
08/09/2011 13:24:05	TASTEGGIO	1	0	8000	53817	73020	102	0	0.14	0.14	0	
08/09/2011 13:24:15	TASTEGGIO	1	0	8000	53817	117474	102	0	0.08	0.15	44500	
08/09/2011 13:24:36	TASTEGGIO	1	0	8000	53817	73024	102	0	0.13	0.13	0	
08/09/2011 13:24:46	TASTEGGIO	1	0	8000	53817	117458	102	0	0.06	0.15	44500	
08/09/2011 13:25:07	TASTEGGIO	1	0	8000	53817	73007	102	0	0.14	0.14	0	
08/09/2011 13:25:18	TASTEGGIO	1	0	8000	53817	117466	102	0	0.06	0.15	44500	
08/09/2011 13:25:38	TASTEGGIO	1	0	8000	53817	73019	102	0	0.14	0.14	0	
08/09/2011 13:25:49	TASTEGGIO	1	0	8000	53817	117463	102	0	0.06	0.15	44500	
08/09/2011 13:26:09	TASTEGGIO	1	0	8000	53817	73013	102	0	0.14	0.14	0	
08/09/2011 13:26:20	TASTEGGIO	1	0	8000	53817	117452	102	0	0.05	0.15	-44500	
08/09/2011 13:26:42	TASTEGGIO	1	0	8000	53817	161840	102	0	0.14	0.14	0	
08/09/2011 13:26:52	TASTEGGIO	1	0	8000	53817	117554	102	0	0.06	0.15	-44500	
08/09/2011 13:27:14	TASTEGGIO	1	0	8000	53817	161942	102	0	0.15	0.15	0	
08/09/2011 13:27:32	TASTEGGIO	0	1	8000	53817	161956	117	0	0.14	0.14	0	
08/09/2011 13:27:43	TASTEGGIO	0	1	8000	53817	117563	117	0	0.06	0.15	-44500	
08/09/2011 13:28:04	TASTEGGIO	1	0	8000	53817	161950	102	0	0.15	0.15	0	
08/09/2011 13:28:20	TASTEGGIO	0	1	8000	53817	161964	117	0	0.14	0.14	0	
08/09/2011 13:28:30	TASTEGGIO	0	1	8000	53817	117563	117	0	0.06	0.16	44500	
08/09/2011 13:28:50	TASTEGGIO	1	0	8000	53817	73108	103	0	0.14	0.14	0	
08/09/2011 13:29:00	TASTEGGIO	1	0	8000	53817	117470	103	0	0.05	0.15	44500	
08/09/2011 13:30:50	TASTEGGIO	1	0	8000	53817	117565	103	0	0.05	0.24	-44500	
08/09/2011 13:31:12	TASTEGGIO	1	0	8000	53817	161949	118	-2	0.21	0.21	0	
08/09/2011 13:31:30	TASTEGGIO	0	1	8000	53817	161965	136	-1	0.19	0.19	0	
08/09/2011 13:31:51	TASTEGGIO	0	2	8000	53817	161979	170	-7	0.14	0.14	0	
08/09/2011 13:32:01	TASTEGGIO	0	2	8000	53817	117562	170	-7	0.04	0.18	44500	
08/09/2011 13:32:23	TASTEGGIO	1	0	8000	53817	73111	107	-2	0.15	0.15	0	
08/09/2011 13:32:41	TASTEGGIO	0	1	8000	53817	73109	119	0	0.14	0.14	0	
08/09/2011 13:32:51	TASTEGGIO	0	1	8000	53817	117467	119	0	0.02	0.16	44500	
08/09/2011 13:33:12	TASTEGGIO	1	0	8000	53817	73011	103	0	0.15	0.15	0	
08/09/2011 13:33:28	TASTEGGIO	0	1	8000	53817	73009	117	0	0.14	0.14	0	
08/09/2011 13:33:39	TASTEGGIO	0	1	8000	53817	117464	117	0	0.02	0.15	44500	
08/09/2011 13:35:28	TASTEGGIO	0	1	8000	53817	117570	117	0	1.01	1.01	24500	
08/09/2011 13:35:51	TASTEGGIO	1	0	8000	53817	93097	256	-10	0.93	0.93	0	
08/09/2011 13:36:13	TASTEGGIO	0	1	8000	53817	93108	341	-44	0.50	0.50	0	
08/09/2011 13:36:35	TASTEGGIO	0	2	8000	53817	93114	379	-63	0.13	0.13	0	
08/09/2011 13:36:45	TASTEGGIO	0	2	8000	53817	117464	379	-63	0.10	0.33	-44500	
08/09/2011 13:37:07	TASTEGGIO	1	0	8000	53817	161850	134	-3	0.31	0.31	0	
08/09/2011 13:37:27	TASTEGGIO	0	1	8000	53817	161866	163	-3	0.28	0.28	0	
08/09/2011 13:37:49	TASTEGGIO	0	2	8000	53817	161880	213	-17	0.11	0.11	0	
08/09/2011 13:37:59	TASTEGGIO	0	2	8000	53817	117554	213	-17	0.10	0.24	24500	
08/09/2011 13:38:21	TASTEGGIO	1	0	8000	53817	93083	118	-9	0.15	0.15	0	
08/09/2011 13:38:38	TASTEGGIO	0	1	8000	53817	93084	127	-1	0.14	0.14	0	
08/09/2011 13:38:48	TASTEGGIO	0	1	8000	53817	117465	127	-1	0.03	0.15	-44500	
08/09/2011 13:39:10	TASTEGGIO	1	0	8000	53817	161853	102	-1	0.15	0.15	0	
08/09/2011 13:39:27	TASTEGGIO	0	1	8000	53817	161869	117	0	0.15	0.15	0	
08/09/2011 13:39:45	TASTEGGIO	0	2	8000	53817	161881	147	-1	0.15	0.15	0	
08/09/2011 13:40:06	TASTEGGIO	0	3	8000	53817	161894	192	-1	0.14	0.14	0	
08/09/2011 13:40:17	TASTEGGIO	0	3	8000	53817	117561	192	-1	0.06	0.16	24500	
08/09/2011 13:40:38	TASTEGGIO	1	0	8000	53817	93076	103	-1	0.15	0.15	0	
08/09/2011 13:40:55	TASTEGGIO	0	1	8000	53817	93080	117	0	0.14	0.14	0	
08/09/2011 13:41:04	TASTEGGIO	0	1	8000	53817	117458	117	0	0.05	0.15	24500	
08/09/2011 13:41:25	TASTEGGIO	1	0	8000	53817	92978	102	0	0.14	0.14	0	
08/09/2011 13:41:35	TASTEGGIO	1	0	8000	53817	117445	102	0	0.04	0.15	-44500	
08/09/2011 13:41:57	TASTEGGIO	1	0	8000	53817	161842	102	0	0.14	0.14	0	
08/09/2011 13:42:07	TASTEGGIO	1	0	8000	53817	117560	102	0	0.04	0.15	24500	
08/09/2011 13:42:29	TASTEGGIO	1	0	8000	53817	93077	102	0	0.14	0.14	0	
08/09/2011 13:42:38	TASTEGGIO	1	0	8000	53817	117454	102	0	0.04	0.15	-44500	
08/09/2011 13:43:01	TASTEGGIO	1	0	8000	53817	161842	102	0	0.14	0.14	0	
08/09/2011 13:43:11	TASTEGGIO	1	0	8000	53817	117561	102	0	0.05	0.15	24500	
08/09/2011 13:43:32	TASTEGGIO	1	0	8000	53817	93076	102	0	0.14	0.14	0	
08/09/2011 13:43:42	TASTEGGIO	1	0	8000	53817	117448	102	0	0.06	0.14	-44500	
08/09/2011 13:44:04	TASTEGGIO	1	0	8000	53817	161848	100	0	0.14	0.14	0	
08/09/2011 13:44:21	TASTEGGIO	0	1	8000	53817	161862	114	0	0.14	0.14	0	
08/09/2011 13:44:40	TASTEGGIO	0	2	8000	53817	161874	142	0	0.14	0.14	0	
08/09/2011 13:45:01	TASTEGGIO	0	3	8000	53817	161887	184	0	0.13	0.13	0	
08/09/2011 13:45:21	TASTEGGIO	0	4	8000	53817	161898	232	-15	0.02	0.02	0	
08/09/2011 13:45:31	TASTEGGIO	0	4	8000	53817	117561	232	-15	0.13	0.23	24500	
08/09/2011 13:45:53	TASTEGGIO	1	0	8000	53817	93079	116	-1	0.22	0.22	0	
08/09/2011 13:46:11	TASTEGGIO	0	1	8000	53817	93083	137	0	0.22	0.22	0	
08/09/2011 13:46:30	TASTEGGIO	0	2	8000	53817	93088	181	-8	0.14	0.14	0	
08/09/2011 13:46:40	TASTEGGIO	0	2	8000	53817	117452	181	-8	0.06	0.15	24500	
08/09/2011 13:47:01	TASTEGGIO	1	0	8000	53817	92977	102	0	0.15	0.15	0	
08/09/2011 13:47:19	TASTEGGIO	0	1	8000	53817	92979	117	0	0.14	0.14	0	
08/09/2011 13:47:28	TASTEGGIO	0	1	8000	53817	117453	117	0	0.06	0.15	24500	
08/09/2011 13:47:48	TASTEGGIO	1	0	8000	53817	92978	102	0	0.15	0.15	0	
08/09/2011 13:49:50	TASTEGGIO	0	1	8000	53818	117478	117	0	0.29	0.49	-44500	
08/09/2011 13:50:12	TASTEGGIO	1	0	8000	53818	161877	163	-4	0.46	0.46	0	
08/09/2011 13:50:31	TASTEGGIO	0	1	8000	53818	161894	206	-9	0.36	0.36	0	
08/09/2011 13:50:52	TASTEGGIO	0	2	8000	53818	161911	245	-19	0.17	0.17	0	
08/09/2011 13:51:09	TASTEGGIO	0	0	8000	53818	161924	105	0	0.17	0.17	0	
08/09/2011 13:51:26	TASTEGGIO	0	1	8000	53818	161932	122	0	0.16	0.16	0	
08/09/2011 13:51:46	TASTEGGIO	0	2	8000	53818	161942	152	0	0.16	0.16	0	
08/09/2011 13:52:07	TASTEGGIO	0	3	8000	53818	161942	200	-1	0.15	0.15	0	
08/09/2011 13:52:29	TASTEGGIO	0	4	8000	53818	161942	256	-17	0.03	0.03	0	
08/09/2011 13:52:40	TASTEGGIO	0	4	8000	53818	117467	256	-17	0.12	0.22	44500	
08/09/2011 13:53:01	TASTEGGIO	1	0	8000	53818	73024	114	-2	0.19	0.19	0	
08/09/2011 13:53:18	TASTEGGIO	0	1	8000	53818	73021	130	0	0.18	0.18	0	
08/09/2011 13:53:36	TASTEGGIO	0	2	8000	53818	73021	164	0	0.18	0.18	0	
08/09/2011 13:53:57	TASTEGGIO	0	3	8000	53818	73024	218	-7	0.11	0.11	0	
08/09/2011 13:54:08	TASTEGGIO	0	3	8000	53818	117366	218	-7	0.04	0.13	44500	
08/09/2011 13:55:04	ALARM 17	proc 12 prog 10 step 47	LavoroTerminato
08/09/2011 14:02:23	TASTEGGIO	0	3	8000	53817	103470	218	-7	0.43	0.47	-24500	
08/09/2011 14:02:47	TASTEGGIO	1	0	8000	53817	127953	272	-33	0.20	0.20	0	
08/09/2011 14:03:07	TASTEGGIO	0	0	8000	53817	127958	237	-18	0.09	0.09	0	
08/09/2011 14:03:16	TASTEGGIO	0	0	8000	53817	103577	237	-18	0.06	0.14	-44500	
08/09/2011 14:03:40	TASTEGGIO	1	0	8000	53817	148003	229	-16	0.05	0.05	0	
08/09/2011 14:03:51	TASTEGGIO	1	0	8000	53817	103580	229	-16	0.07	0.08	-24500	
08/09/2011 14:05:39	TASTEGGIO	1	0	8000	53818	103484	229	-16	1.07	1.15	24500	
08/09/2011 14:06:03	TASTEGGIO	1	0	8000	53818	79018	359	-39	0.79	0.79	0	
08/09/2011 14:06:25	TASTEGGIO	0	1	8000	53818	79025	400	-44	0.33	0.33	0	
08/09/2011 14:06:45	TASTEGGIO	0	0	8000	53818	79025	254	-1	0.34	0.34	0	
08/09/2011 14:07:05	TASTEGGIO	0	1	8000	53818	79025	289	-2	0.33	0.33	0	
08/09/2011 14:07:28	TASTEGGIO	0	2	8000	53818	79026	353	-4	0.29	0.29	0	
08/09/2011 14:07:51	TASTEGGIO	0	3	8000	53818	79085	400	-36	0.17	0.17	0	
08/09/2011 14:08:13	TASTEGGIO	0	1	8000	53818	79085	390	-98	0.79	0.79	0	
08/09/2011 14:08:27	TASTEGGIO	0	1	8000	53818	79085	22	-7	0.72	0.72	0	
08/09/2011 14:08:44	TASTEGGIO	0	2	8000	53818	79085	153	-2	0.71	0.71	0	
08/09/2011 14:09:05	TASTEGGIO	0	3	8000	53818	79085	363	-67	0.18	0.18	0	
08/09/2011 14:09:25	TASTEGGIO	0	0	8000	53818	79085	234	-2	0.16	0.16	0	
08/09/2011 14:09:46	TASTEGGIO	0	1	8000	53818	79085	248	-1	0.15	0.15	0	
08/09/2011 14:10:06	TASTEGGIO	0	2	8000	53818	79085	276	-2	0.14	0.14	0	
08/09/2011 14:10:16	TASTEGGIO	0	2	8000	53818	103366	276	-2	0.23	0.23	0	
08/09/2011 14:10:39	TASTEGGIO	1	0	8000	53818	103372	241	-19	0.07	0.07	0	
08/09/2011 14:10:47	TASTEGGIO	1	0	8000	53818	103376	241	-19	0.07	0.11	-24500	
08/09/2011 14:11:11	TASTEGGIO	1	0	8000	53818	127845	225	-27	0.16	0.16	0	
08/09/2011 14:11:31	TASTEGGIO	0	1	8000	53818	127856	201	-12	0.05	0.05	0	
08/09/2011 14:11:41	TASTEGGIO	0	1	8000	53818	103474	201	-12	0.13	0.20	24500	
08/09/2011 14:12:04	TASTEGGIO	1	0	8000	53818	79013	237	-3	0.18	0.18	0	
08/09/2011 14:12:25	TASTEGGIO	0	1	8000	53818	79015	253	-1	0.15	0.15	0	
08/09/2011 14:12:46	TASTEGGIO	0	2	8000	53818	79016	277	-2	0.15	0.15	0	
08/09/2011 14:13:07	TASTEGGIO	0	3	8000	53818	79018	322	-11	0.06	0.06	0	
08/09/2011 14:13:17	TASTEGGIO	0	3	8000	53818	103368	322	-11	0.08	0.10	-44500	
08/09/2011 14:15:05	TASTEGGIO	0	3	8000	53817	103479	322	-11	0.42	0.46	44500	
08/09/2011 14:15:29	TASTEGGIO	1	0	8000	53817	59006	271	-13	0.33	0.33	0	
08/09/2011 14:15:49	TASTEGGIO	0	1	8000	53817	59010	294	-12	0.22	0.22	0	
08/09/2011 14:16:11	TASTEGGIO	0	2	8000	53817	59013	314	-13	0.10	0.10	0	
08/09/2011 14:16:21	TASTEGGIO	0	2	8000	53817	103370	314	-13	0.25	0.25	0	
08/09/2011 14:16:45	TASTEGGIO	1	0	8000	53817	103376	243	-22	0.06	0.06	0	
08/09/2011 14:16:52	TASTEGGIO	1	0	8000	53817	103380	243	-22	0.03	0.12	-44500	
08/09/2011 14:17:17	TASTEGGIO	1	0	8000	53817	147796	227	-19	0.07	0.07	0	
08/09/2011 14:17:27	TASTEGGIO	1	0	8000	53817	103471	227	-19	0.11	0.17	44500	
08/09/2011 14:17:52	TASTEGGIO	1	0	8000	53817	58997	233	-8	0.09	0.09	0	
08/09/2011 14:18:03	TASTEGGIO	1	0	8000	53817	103345	233	-8	0.06	0.11	44500	
08/09/2011 14:18:26	TASTEGGIO	1	0	8000	53817	58872	225	-1	0.10	0.10	0	
08/09/2011 14:18:37	TASTEGGIO	1	0	8000	53817	103346	225	-1	0.06	0.12	44500	
08/09/2011 14:19:01	TASTEGGIO	1	0	8000	53817	58875	227	-1	0.12	0.12	0	
08/09/2011 14:19:21	TASTEGGIO	0	1	8000	53817	58879	239	-2	0.09	0.09	0	
08/09/2011 14:19:32	TASTEGGIO	0	1	8000	53817	103339	239	-2	0.05	0.11	44500	
08/09/2011 14:19:56	TASTEGGIO	1	0	8000	53817	58869	225	-1	0.09	0.09	0	
08/09/2011 14:20:06	TASTEGGIO	1	0	8000	53817	103341	225	-1	0.06	0.10	44500	
08/09/2011 14:21:55	TASTEGGIO	1	0	8000	53818	103483	225	-1	0.40	0.49	44500	
08/09/2011 14:22:18	TASTEGGIO	1	0	8000	53818	59011	274	-13	0.37	0.37	0	
08/09/2011 14:22:38	TASTEGGIO	0	1	8000	53818	59016	301	-13	0.24	0.24	0	
08/09/2011 14:23:00	TASTEGGIO	0	2	8000	53818	59018	323	-14	0.12	0.12	0	
08/09/2011 14:23:10	TASTEGGIO	0	2	8000	53818	103366	323	-14	0.15	0.32	-44500	
08/09/2011 14:23:35	TASTEGGIO	1	0	8000	53818	147797	252	-24	0.10	0.10	0	
08/09/2011 14:23:45	TASTEGGIO	1	0	8000	53818	103484	252	-24	0.25	0.27	-24500	
08/09/2011 14:24:10	TASTEGGIO	1	0	8000	53818	127947	246	-29	0.07	0.07	0	
08/09/2011 14:24:20	TASTEGGIO	1	0	8000	53818	103482	246	-29	0.06	0.28	-44500	
08/09/2011 14:24:45	TASTEGGIO	1	0	8000	53818	147912	247	-11	0.20	0.20	0	
08/09/2011 14:25:05	TASTEGGIO	0	1	8000	53818	147929	261	-9	0.11	0.11	0	
08/09/2011 14:25:16	TASTEGGIO	0	1	8000	53818	103474	261	-9	0.18	0.19	44500	
08/09/2011 14:25:40	TASTEGGIO	1	0	8000	53818	59007	236	-1	0.17	0.17	0	
08/09/2011 14:25:59	TASTEGGIO	0	1	8000	53818	59011	251	-1	0.15	0.15	0	
08/09/2011 14:26:21	TASTEGGIO	0	2	8000	53818	59012	277	-2	0.13	0.13	0	
08/09/2011 14:26:31	TASTEGGIO	0	2	8000	53818	103356	277	-2	0.15	0.15	24500	
08/09/2011 14:26:55	TASTEGGIO	1	0	8000	53818	78900	231	-8	0.12	0.12	0	
08/09/2011 14:27:05	TASTEGGIO	1	0	8000	53818	103355	231	-8	0.08	0.14	-44500	
08/09/2011 14:27:30	TASTEGGIO	1	0	8000	53818	147799	229	-2	0.12	0.12	0	
08/09/2011 14:27:49	TASTEGGIO	0	1	8000	53818	147817	239	-1	0.11	0.11	0	
08/09/2011 14:28:09	TASTEGGIO	0	2	8000	53818	147828	259	-2	0.09	0.09	0	
08/09/2011 14:28:20	TASTEGGIO	0	2	8000	53818	103481	259	-2	0.12	0.17	-24500	
08/09/2011 14:28:45	TASTEGGIO	1	0	8000	53818	127949	233	-15	0.05	0.05	0	
08/09/2011 14:28:55	TASTEGGIO	1	0	8000	53818	103477	233	-15	0.07	0.22	-44500	
08/09/2011 14:29:20	TASTEGGIO	1	0	8000	53818	147911	240	-3	0.18	0.18	0	
08/09/2011 14:29:39	TASTEGGIO	0	1	8000	53818	147927	254	-1	0.19	0.19	0	
08/09/2011 14:30:01	TASTEGGIO	0	2	8000	53818	147940	294	-11	0.11	0.11	0	
08/09/2011 14:30:12	TASTEGGIO	0	2	8000	53818	103485	294	-11	0.15	0.19	-24500	
08/09/2011 14:30:37	TASTEGGIO	1	0	8000	53818	127950	236	-8	0.11	0.11	0	
08/09/2011 14:30:46	TASTEGGIO	1	0	8000	53818	103484	236	-8	0.09	0.12	-44500	
08/09/2011 14:31:11	TASTEGGIO	1	0	8000	53818	147914	227	-3	0.09	0.09	0	
08/09/2011 14:31:22	TASTEGGIO	1	0	8000	53818	103476	227	-3	0.11	0.15	-24500	
08/09/2011 14:31:46	TASTEGGIO	1	0	8000	53818	127949	231	-21	0.33	0.33	0	
08/09/2011 14:32:04	TASTEGGIO	0	1	8000	53818	127960	158	-4	0.29	0.29	0	
08/09/2011 14:32:23	TASTEGGIO	0	2	8000	53818	127963	208	-6	0.23	0.23	0	
08/09/2011 14:32:45	TASTEGGIO	0	3	8000	53818	127965	239	-9	0.14	0.14	0	
08/09/2011 14:32:55	TASTEGGIO	0	3	8000	53818	103480	239	-9	0.09	0.15	-24500	
08/09/2011 14:33:19	TASTEGGIO	1	0	8000	53818	127945	231	-2	0.15	0.15	0	
08/09/2011 14:33:39	TASTEGGIO	0	1	8000	53818	127959	246	-10	0.05	0.05	0	
08/09/2011 14:33:49	TASTEGGIO	0	1	8000	53818	103479	246	-10	0.12	0.18	-44500	
08/09/2011 14:34:13	TASTEGGIO	1	0	8000	53818	147911	234	-4	0.13	0.13	0	
08/09/2011 14:34:23	TASTEGGIO	1	0	8000	53818	103486	234	-4	0.12	0.13	-44500	
08/09/2011 14:34:47	TASTEGGIO	1	0	8000	53818	147917	228	-1	0.12	0.12	0	
08/09/2011 14:34:57	TASTEGGIO	1	0	8000	53818	103491	228	-1	0.11	0.13	-44500	
08/09/2011 14:36:46	TASTEGGIO	1	0	8000	53816	103481	228	-1	0.34	0.37	44500	
08/09/2011 14:37:11	TASTEGGIO	1	0	8000	53816	59014	259	-11	0.26	0.26	0	
08/09/2011 14:37:30	TASTEGGIO	0	1	8000	53816	59019	277	-8	0.17	0.17	0	
08/09/2011 14:37:50	TASTEGGIO	0	2	8000	53816	59020	292	-9	0.09	0.09	0	
08/09/2011 14:38:01	TASTEGGIO	0	2	8000	53816	103368	292	-9	0.16	0.16	0	
08/09/2011 14:38:24	TASTEGGIO	1	0	8000	53816	103375	232	-20	0.08	0.08	0	
08/09/2011 14:38:32	TASTEGGIO	1	0	8000	53816	103379	232	-20	0.08	0.16	-44500	
08/09/2011 14:38:56	TASTEGGIO	1	0	8000	53816	147798	232	-20	0.06	0.06	0	
08/09/2011 14:39:07	TASTEGGIO	1	0	8000	53816	103474	232	-20	0.09	0.14	44500	
08/09/2011 14:39:31	TASTEGGIO	1	0	8000	53816	58992	229	-8	0.07	0.07	0	
08/09/2011 14:39:42	TASTEGGIO	1	0	8000	53816	103344	229	-8	0.04	0.07	24500	
08/09/2011 14:41:30	TASTEGGIO	1	0	8000	53817	103489	229	-8	0.39	0.68	44500	
08/09/2011 14:41:55	TASTEGGIO	1	0	8000	53817	59014	299	-17	0.50	0.50	0	
08/09/2011 14:42:16	TASTEGGIO	0	1	8000	53817	59018	335	-21	0.30	0.30	0	
08/09/2011 14:42:38	TASTEGGIO	0	2	8000	53817	59022	360	-23	0.12	0.12	0	
08/09/2011 14:42:49	TASTEGGIO	0	2	8000	53817	103372	360	-23	0.08	0.19	-44500	
08/09/2011 14:43:14	TASTEGGIO	1	0	8000	53817	147791	236	-21	0.08	0.08	0	
08/09/2011 14:43:24	TASTEGGIO	1	0	8000	53817	103477	236	-21	0.08	0.16	24500	
08/09/2011 14:43:49	TASTEGGIO	1	0	8000	53817	79002	232	-10	0.08	0.08	0	
08/09/2011 14:43:59	TASTEGGIO	1	0	8000	53817	103351	232	-10	0.01	0.10	-44500	
08/09/2011 14:45:45	TASTEGGIO	1	0	8000	53817	103483	232	-10	0.44	0.46	-24500	
08/09/2011 14:46:10	TASTEGGIO	1	0	8000	53817	127945	271	-28	0.19	0.19	0	
08/09/2011 14:46:30	TASTEGGIO	0	0	8000	53817	127961	236	-7	0.12	0.12	0	
08/09/2011 14:46:39	TASTEGGIO	0	0	8000	53817	103474	236	-7	0.18	0.22	24500	
08/09/2011 14:47:03	TASTEGGIO	1	0	8000	53817	79024	240	-16	0.09	0.09	0	
08/09/2011 14:47:13	TASTEGGIO	1	0	8000	53817	103339	240	-16	0.13	0.22	-44500	
08/09/2011 14:47:38	TASTEGGIO	1	0	8000	53817	147770	240	-20	0.02	0.02	0	
08/09/2011 14:47:48	TASTEGGIO	1	0	8000	53817	103469	240	-20	0.10	0.14	44500	
08/09/2011 14:48:13	TASTEGGIO	1	0	8000	53817	58992	229	-7	0.08	0.08	0	
08/09/2011 14:48:23	TASTEGGIO	1	0	8000	53817	103337	229	-7	0.07	0.09	44500	
08/09/2011 14:50:11	TASTEGGIO	1	0	8000	53817	103484	229	-7	0.71	0.77	24500	
08/09/2011 14:50:35	TASTEGGIO	1	0	8000	53817	79015	310	-25	0.51	0.51	0	
08/09/2011 14:50:56	TASTEGGIO	0	1	8000	53817	79020	343	-28	0.25	0.25	0	
08/09/2011 14:51:16	TASTEGGIO	0	0	8000	53817	79022	243	0	0.23	0.23	0	
08/09/2011 14:51:37	TASTEGGIO	0	1	8000	53817	79023	264	-2	0.23	0.23	0	
08/09/2011 14:51:58	TASTEGGIO	0	2	8000	53817	79024	310	-3	0.20	0.20	0	
08/09/2011 14:52:21	TASTEGGIO	0	3	8000	53817	79027	362	-27	0.08	0.08	0	
08/09/2011 14:52:31	TASTEGGIO	0	3	8000	53817	103371	362	-27	0.07	0.12	-44500	
08/09/2011 14:52:55	TASTEGGIO	1	0	8000	53817	147786	227	-20	0.09	0.09	0	
08/09/2011 14:53:06	TASTEGGIO	1	0	8000	53817	103472	227	-20	0.09	0.16	24500	
08/09/2011 14:53:30	TASTEGGIO	1	0	8000	53817	78999	232	-26	0.10	0.10	0	
08/09/2011 14:53:40	TASTEGGIO	1	0	8000	53817	103351	232	-26	0.13	0.21	44500	
08/09/2011 14:54:05	TASTEGGIO	1	0	8000	53817	58881	238	-6	0.13	0.13	0	
08/09/2011 14:54:15	TASTEGGIO	1	0	8000	53817	103344	238	-6	0.09	0.14	44500	
08/09/2011 14:54:39	TASTEGGIO	1	0	8000	53817	58873	229	-1	0.13	0.13	0	
08/09/2011 14:54:49	TASTEGGIO	1	0	8000	53817	103342	229	-1	0.09	0.14	44500	
08/09/2011 14:56:36	TASTEGGIO	1	0	8000	53817	103480	229	-1	0.33	0.33	24500	
08/09/2011 14:57:00	TASTEGGIO	1	0	8000	53817	79010	254	-19	0.14	0.14	0	
08/09/2011 14:57:10	TASTEGGIO	1	0	8000	53817	103358	254	-19	0.20	0.20	0	
08/09/2011 14:57:33	TASTEGGIO	1	0	8000	53817	103363	237	-21	0.01	0.01	0	
08/09/2011 14:57:41	TASTEGGIO	1	0	8000	53817	103369	237	-21	0.02	0.08	-44500	
08/09/2011 14:59:28	TASTEGGIO	1	0	8000	53816	103482	237	-21	0.53	0.59	24500	
08/09/2011 14:59:53	TASTEGGIO	1	0	8000	53816	79017	287	-22	0.37	0.37	0	
08/09/2011 15:00:13	TASTEGGIO	0	1	8000	53816	79022	310	-23	0.16	0.16	0	
08/09/2011 15:00:34	TASTEGGIO	0	0	8000	53816	79024	232	-4	0.14	0.14	0	
08/09/2011 15:00:44	TASTEGGIO	0	0	8000	53816	103366	232	-4	0.17	0.32	-44500	
08/09/2011 15:01:09	TASTEGGIO	1	0	8000	53816	147792	252	-26	0.11	0.11	0	
08/09/2011 15:01:20	TASTEGGIO	1	0	8000	53816	103470	252	-26	0.08	0.21	44500	
08/09/2011 15:01:43	TASTEGGIO	1	0	8000	53816	58992	238	-7	0.16	0.16	0	
08/09/2011 15:02:02	TASTEGGIO	0	1	8000	53816	58997	250	-4	0.11	0.11	0	
08/09/2011 15:02:13	TASTEGGIO	0	1	8000	53816	103345	250	-4	0.01	0.16	-44500	
08/09/2011 15:02:38	TASTEGGIO	1	0	8000	53816	147788	232	-14	0.01	0.01	0	
08/09/2011 15:02:48	TASTEGGIO	1	0	8000	53816	103476	232	-14	0.12	0.17	44500	
08/09/2011 15:03:13	TASTEGGIO	1	0	8000	53816	58999	233	-1	0.16	0.16	0	
08/09/2011 15:03:32	TASTEGGIO	0	1	8000	53816	59003	248	-1	0.16	0.16	0	
08/09/2011 15:03:53	TASTEGGIO	0	2	8000	53816	59007	280	-8	0.08	0.08	0	
08/09/2011 15:04:04	TASTEGGIO	0	2	8000	53816	103349	280	-8	0.06	0.08	44500	
08/09/2011 15:05:52	TASTEGGIO	0	2	8000	53817	103481	280	-8	1.12	1.17	-24500	
08/09/2011 15:06:18	TASTEGGIO	1	0	8000	53817	127946	362	-53	0.67	0.67	0	
08/09/2011 15:06:39	TASTEGGIO	0	1	8000	53817	127961	400	-68	0.06	0.06	0	
08/09/2011 15:06:49	TASTEGGIO	0	1	8000	53817	103473	400	-68	0.25	0.71	44500	
08/09/2011 15:07:12	TASTEGGIO	1	0	8000	53817	59004	303	-20	0.53	0.53	0	
08/09/2011 15:07:32	TASTEGGIO	0	1	8000	53817	59010	342	-24	0.30	0.30	0	
08/09/2011 15:07:55	TASTEGGIO	0	2	8000	53817	59015	366	-25	0.09	0.09	0	
08/09/2011 15:08:05	TASTEGGIO	0	2	8000	53817	103365	366	-25	0.30	0.31	-24500	
08/09/2011 15:08:30	TASTEGGIO	1	0	8000	53817	127827	251	-15	0.15	0.15	0	
08/09/2011 15:08:52	TASTEGGIO	0	0	8000	53817	127839	231	-1	0.14	0.14	0	
08/09/2011 15:09:01	TASTEGGIO	0	0	8000	53817	103478	231	-1	0.18	0.18	44500	
08/09/2011 15:09:26	TASTEGGIO	1	0	8000	53817	59001	234	-2	0.16	0.16	0	
08/09/2011 15:09:45	TASTEGGIO	0	1	8000	53817	59006	248	-1	0.17	0.17	0	
08/09/2011 15:10:05	TASTEGGIO	0	2	8000	53817	59010	284	-2	0.15	0.15	0	
08/09/2011 15:10:27	TASTEGGIO	0	3	8000	53817	59012	323	-2	0.13	0.13	0	
08/09/2011 15:10:38	TASTEGGIO	0	3	8000	53817	103357	323	-2	0.15	0.18	-24500	
08/09/2011 15:11:03	TASTEGGIO	1	0	8000	53817	127831	234	-3	0.15	0.15	0	
08/09/2011 15:11:23	TASTEGGIO	0	1	8000	53817	127835	246	-3	0.12	0.12	0	
08/09/2011 15:11:33	TASTEGGIO	0	1	8000	53817	103480	246	-3	0.15	0.18	44500	
08/09/2011 15:11:57	TASTEGGIO	1	0	8000	53817	59001	234	-2	0.16	0.16	0	
08/09/2011 15:12:16	TASTEGGIO	0	1	8000	53817	59006	248	0	0.16	0.16	0	
08/09/2011 15:12:36	TASTEGGIO	0	2	8000	53817	59009	280	-1	0.15	0.15	0	
08/09/2011 15:12:57	TASTEGGIO	0	3	8000	53817	59011	322	-3	0.13	0.13	0	
08/09/2011 15:13:07	TASTEGGIO	0	3	8000	53817	103354	322	-3	0.16	0.16	-44500	
08/09/2011 15:13:32	TASTEGGIO	1	0	8000	53817	147798	232	-18	0.19	0.19	0	
08/09/2011 15:13:52	TASTEGGIO	0	1	8000	53817	147813	209	-19	0.28	0.28	0	
08/09/2011 15:14:13	TASTEGGIO	0	2	8000	53817	147827	291	-41	0.16	0.16	0	
08/09/2011 15:14:34	TASTEGGIO	0	1	8000	53817	147835	281	-37	0.22	0.22	0	
08/09/2011 15:14:54	TASTEGGIO	0	1	8000	53817	147840	250	-17	0.06	0.06	0	
08/09/2011 15:15:05	TASTEGGIO	0	1	8000	53817	103489	250	-17	0.17	0.19	44500	
08/09/2011 15:15:30	TASTEGGIO	1	0	8000	53817	59008	236	-1	0.17	0.17	0	
08/09/2011 15:15:49	TASTEGGIO	0	1	8000	53817	59009	251	0	0.18	0.18	0	
08/09/2011 15:16:09	TASTEGGIO	0	2	8000	53817	59012	289	-1	0.17	0.17	0	
08/09/2011 15:16:31	TASTEGGIO	0	3	8000	53817	59015	337	-2	0.15	0.15	0	
08/09/2011 15:16:53	TASTEGGIO	0	4	8000	53817	59019	389	-22	0.12	0.12	0	
08/09/2011 15:17:04	TASTEGGIO	0	4	8000	53817	103360	389	-22	0.30	0.30	0	
08/09/2011 15:17:28	TASTEGGIO	1	0	8000	53817	103365	250	-23	0.08	0.08	0	
08/09/2011 15:17:35	TASTEGGIO	1	0	8000	53817	103370	250	-23	0.08	0.13	-44500	
08/09/2011 15:17:59	TASTEGGIO	1	0	8000	53817	147803	228	-7	0.05	0.05	0	
08/09/2011 15:18:09	TASTEGGIO	1	0	8000	53817	103474	228	-7	0.08	0.08	0	
08/09/2011 15:19:57	TASTEGGIO	1	0	8000	53817	103483	228	-7	0.39	0.39	0	
08/09/2011 15:20:20	TASTEGGIO	1	0	8000	53817	103499	261	-23	0.18	0.18	0	
08/09/2011 15:20:41	TASTEGGIO	0	0	8000	53817	103505	234	-11	0.10	0.10	0	
08/09/2011 15:20:49	TASTEGGIO	0	0	8000	53817	103480	234	-11	0.10	0.15	-24500	
08/09/2011 15:21:13	TASTEGGIO	1	0	8000	53817	127934	231	-20	0.04	0.04	0	
08/09/2011 15:21:23	TASTEGGIO	1	0	8000	53817	103481	231	-20	0.06	0.06	44500	
08/09/2011 15:22:19	ALARM 17	proc 12 prog 10 step 47	LavoroTerminato
08/09/2011 15:24:35	TASTEGGIO	1	0	7500	51857	106981	231	-20	0.04	0.05	-44500	
08/09/2011 15:24:59	TASTEGGIO	1	0	7500	51857	151437	212	-10	0.05	0.05	0	
08/09/2011 15:25:19	TASTEGGIO	0	1	7500	51857	151453	207	-10	0.07	0.07	0	
08/09/2011 15:25:39	TASTEGGIO	0	1	7500	51857	151460	197	-11	0.06	0.06	0	
08/09/2011 15:25:59	TASTEGGIO	0	1	7500	51857	151462	191	-12	0.06	0.06	0	
08/09/2011 15:26:18	TASTEGGIO	0	1	7500	51857	151462	185	-5	0.07	0.07	0	
08/09/2011 15:26:38	TASTEGGIO	0	2	7500	51857	151462	201	-7	0.05	0.05	0	
08/09/2011 15:26:58	TASTEGGIO	0	3	7500	51857	151462	207	-6	0.02	0.02	0	
08/09/2011 15:27:09	TASTEGGIO	0	3	7500	51857	107095	207	-6	0.04	0.04	0	
08/09/2011 15:27:33	TASTEGGIO	1	0	7500	51857	107108	210	-23	0.19	0.19	0	
08/09/2011 15:27:47	TASTEGGIO	0	1	7500	51857	107108	119	-3	0.16	0.16	0	
08/09/2011 15:28:04	TASTEGGIO	0	2	7500	51857	107114	145	-2	0.14	0.14	0	
08/09/2011 15:28:25	TASTEGGIO	0	3	7500	51857	107120	181	-9	0.09	0.09	0	
08/09/2011 15:28:45	TASTEGGIO	0	4	7500	51857	107125	192	-10	0.04	0.04	0	
08/09/2011 15:28:53	TASTEGGIO	0	4	7500	51857	107092	192	-10	0.04	0.04	0	
08/09/2011 15:30:41	TASTEGGIO	0	4	7500	51856	107083	192	-10	0.11	0.11	0	
08/09/2011 15:31:04	TASTEGGIO	1	0	7500	51856	107092	227	-14	0.05	0.05	0	
08/09/2011 15:31:26	TASTEGGIO	0	1	7500	51856	107094	224	-15	0.11	0.11	0	
08/09/2011 15:31:46	TASTEGGIO	0	1	7500	51856	107101	199	-7	0.06	0.06	0	
08/09/2011 15:32:08	TASTEGGIO	0	2	7500	51856	107106	203	-1	0.05	0.05	0	
08/09/2011 15:32:30	TASTEGGIO	0	3	7500	51856	107109	215	-1	0.04	0.04	0	
08/09/2011 15:32:38	TASTEGGIO	0	3	7500	51856	107083	215	-1	0.05	0.05	-44500	
08/09/2011 15:33:01	TASTEGGIO	1	0	7500	51856	151491	212	-15	0.07	0.07	0	
08/09/2011 15:33:22	TASTEGGIO	0	1	7500	51856	151511	202	-14	0.06	0.06	0	
08/09/2011 15:33:41	TASTEGGIO	0	1	7500	51856	151526	196	-16	0.09	0.09	0	
08/09/2011 15:34:01	TASTEGGIO	0	1	7500	51856	151542	182	-5	0.03	0.03	0	
08/09/2011 15:34:12	TASTEGGIO	0	1	7500	51856	107091	182	-5	0.07	0.07	0	
08/09/2011 15:34:35	TASTEGGIO	1	0	7500	51856	107102	217	-5	0.01	0.01	0	
08/09/2011 15:34:42	TASTEGGIO	1	0	7500	51856	107085	217	-5	0.02	0.05	44500	
08/09/2011 15:35:06	TASTEGGIO	1	0	7500	51856	62613	212	-2	0.03	0.03	0	
08/09/2011 15:35:16	TASTEGGIO	1	0	7500	51856	106958	212	-2	0.02	0.05	-44500	
08/09/2011 15:35:42	TASTEGGIO	1	0	7500	51856	151407	212	-4	0.03	0.03	0	
08/09/2011 15:35:52	TASTEGGIO	1	0	7500	51856	107075	212	-4	0.05	0.05	44500	
08/09/2011 15:37:41	TASTEGGIO	1	0	7500	51856	107178	212	-4	0.03	0.04	24500	
08/09/2011 15:39:29	TASTEGGIO	1	0	7500	51856	107081	212	-4	0.10	0.10	0	
08/09/2011 15:39:53	TASTEGGIO	1	0	7500	51856	107104	225	-33	0.20	0.20	0	
08/09/2011 15:40:12	TASTEGGIO	0	1	7500	51856	107110	185	-8	0.12	0.12	0	
08/09/2011 15:40:32	TASTEGGIO	0	2	7500	51856	107114	195	-2	0.10	0.10	0	
08/09/2011 15:40:54	TASTEGGIO	0	3	7500	51856	107115	219	-4	0.08	0.08	0	
08/09/2011 15:41:14	TASTEGGIO	0	4	7500	51856	107112	231	-4	0.05	0.05	0	
08/09/2011 15:41:35	TASTEGGIO	0	5	7500	51856	107110	237	-2	0.03	0.03	0	
08/09/2011 15:41:43	TASTEGGIO	0	5	7500	51856	107082	237	-2	0.03	0.07	44500	
08/09/2011 15:42:07	TASTEGGIO	1	0	7500	51856	62600	217	-1	0.07	0.07	0	
08/09/2011 15:42:27	TASTEGGIO	0	1	7500	51856	62606	224	-1	0.06	0.06	0	
08/09/2011 15:42:47	TASTEGGIO	0	2	7500	51856	62611	234	-4	0.04	0.04	0	
08/09/2011 15:42:57	TASTEGGIO	0	2	7500	51856	106957	234	-4	0.03	0.05	-44500	
08/09/2011 15:43:21	TASTEGGIO	1	0	7500	51856	151399	212	-5	0.04	0.04	0	
08/09/2011 15:43:32	TASTEGGIO	1	0	7500	51856	107075	212	-5	0.02	0.03	-44500	
08/09/2011 15:45:20	TASTEGGIO	1	0	7500	51856	107179	212	-5	0.03	0.03	-44500	
08/09/2011 15:47:09	TASTEGGIO	1	0	7500	51857	107177	212	-5	0.14	0.15	-44500	
08/09/2011 15:47:34	TASTEGGIO	1	0	7500	51857	151629	237	-15	0.02	0.02	0	
08/09/2011 15:47:45	TASTEGGIO	1	0	7500	51857	107181	237	-15	0.04	0.04	0	
08/09/2011 15:49:33	TASTEGGIO	1	0	7500	51856	107180	237	-15	0.06	0.06	0	
08/09/2011 15:49:56	TASTEGGIO	1	0	7500	51856	107194	215	-24	0.16	0.16	0	
08/09/2011 15:50:16	TASTEGGIO	0	1	7500	51856	107198	172	-9	0.08	0.08	0	
08/09/2011 15:50:37	TASTEGGIO	0	0	7500	51856	107203	220	-19	0.11	0.11	0	
08/09/2011 15:50:57	TASTEGGIO	0	1	7500	51856	107208	204	-12	0.03	0.03	0	
08/09/2011 15:51:04	TASTEGGIO	0	1	7500	51856	107180	204	-12	0.03	0.03	24500	
08/09/2011 15:52:52	TASTEGGIO	0	1	7500	51857	107174	204	-12	0.13	0.14	-24500	
08/09/2011 15:53:17	TASTEGGIO	1	0	7500	51857	131643	235	-29	0.17	0.17	0	
08/09/2011 15:53:38	TASTEGGIO	0	1	7500	51857	131656	214	-18	0.03	0.03	0	
08/09/2011 15:53:48	TASTEGGIO	0	1	7500	51857	107187	214	-18	0.04	0.07	44500	
08/09/2011 15:54:12	TASTEGGIO	1	0	7500	51857	62715	217	-8	0.03	0.03	0	
08/09/2011 15:54:23	TASTEGGIO	1	0	7500	51857	107060	217	-8	0.04	0.06	-44500	
08/09/2011 15:54:48	TASTEGGIO	1	0	7500	51857	151519	215	-12	0.08	0.08	0	
08/09/2011 15:55:07	TASTEGGIO	0	1	7500	51857	151532	204	-5	0.04	0.04	0	
08/09/2011 15:55:18	TASTEGGIO	0	1	7500	51857	107175	204	-5	0.04	0.05	-44500	
08/09/2011 15:55:42	TASTEGGIO	1	0	7500	51857	151613	212	-7	0.06	0.06	0	
08/09/2011 15:56:03	TASTEGGIO	0	1	7500	51857	151630	204	-8	0.05	0.05	0	
08/09/2011 15:56:22	TASTEGGIO	0	1	7500	51857	151643	199	-1	0.03	0.03	0	
08/09/2011 15:56:33	TASTEGGIO	0	1	7500	51857	107187	199	-1	0.06	0.06	0	
08/09/2011 15:56:56	TASTEGGIO	1	0	7500	51857	107202	215	-11	0.07	0.07	0	
08/09/2011 15:57:18	TASTEGGIO	0	1	7500	51857	107208	206	-16	0.10	0.10	0	
08/09/2011 15:57:38	TASTEGGIO	0	1	7500	51857	107213	191	-8	0.03	0.03	0	
08/09/2011 15:57:46	TASTEGGIO	0	1	7500	51857	107189	191	-8	0.03	0.03	-44500	
08/09/2011 15:59:35	TASTEGGIO	0	1	7500	51856	107079	191	-8	0.04	0.05	44500	
08/09/2011 15:59:59	TASTEGGIO	1	0	7500	51856	62602	212	-5	0.04	0.04	0	
08/09/2011 16:00:09	TASTEGGIO	1	0	7500	51856	106961	212	-5	0.02	0.04	44500	
08/09/2011 16:01:57	TASTEGGIO	1	0	7500	51856	107084	212	-5	0.12	0.12	0	
08/09/2011 16:02:20	TASTEGGIO	1	0	7500	51856	107094	230	-23	0.09	0.09	0	
08/09/2011 16:02:41	TASTEGGIO	0	1	7500	51856	107101	223	-14	0.06	0.06	0	
08/09/2011 16:03:02	TASTEGGIO	0	1	7500	51856	107106	219	-6	0.02	0.02	0	
08/09/2011 16:03:10	TASTEGGIO	0	1	7500	51856	107082	219	-6	0.02	0.03	24500	
08/09/2011 16:04:59	TASTEGGIO	0	1	7500	51856	107182	219	-6	0.10	0.10	0	
08/09/2011 16:05:23	TASTEGGIO	1	0	7500	51856	107197	225	-28	0.17	0.17	0	
08/09/2011 16:05:44	TASTEGGIO	0	1	7500	51856	107204	196	-19	0.04	0.04	0	
08/09/2011 16:05:51	TASTEGGIO	0	1	7500	51856	107181	196	-19	0.04	0.06	-44500	
08/09/2011 16:06:16	TASTEGGIO	1	0	7500	51856	151606	215	-10	0.12	0.12	0	
08/09/2011 16:06:36	TASTEGGIO	0	1	7500	51856	151621	191	-5	0.07	0.07	0	
08/09/2011 16:06:55	TASTEGGIO	0	2	7500	51856	151635	196	-1	0.06	0.06	0	
08/09/2011 16:07:16	TASTEGGIO	0	3	7500	51856	151647	211	-2	0.05	0.05	0	
08/09/2011 16:07:35	TASTEGGIO	0	4	7500	51856	151657	227	-1	0.05	0.05	0	
08/09/2011 16:07:55	TASTEGGIO	0	5	7500	51856	151662	252	-2	0.04	0.04	0	
08/09/2011 16:08:06	TASTEGGIO	0	5	7500	51856	107202	252	-2	0.05	0.05	-24500	
08/09/2011 16:08:30	TASTEGGIO	1	0	7500	51856	131661	212	-17	0.15	0.15	0	
08/09/2011 16:08:50	TASTEGGIO	0	1	7500	51856	131677	167	-8	0.08	0.08	0	
08/09/2011 16:09:11	TASTEGGIO	0	2	7500	51856	131685	173	-3	0.06	0.06	0	
08/09/2011 16:09:31	TASTEGGIO	0	3	7500	51856	131688	180	-10	0.05	0.05	0	
08/09/2011 16:09:51	TASTEGGIO	0	1	7500	51856	131688	175	-4	0.03	0.03	0	
08/09/2011 16:10:01	TASTEGGIO	0	1	7500	51856	107192	175	-4	0.03	0.06	-44500	
08/09/2011 16:10:25	TASTEGGIO	1	0	7500	51856	151632	215	-2	0.05	0.05	0	
08/09/2011 16:10:45	TASTEGGIO	0	1	7500	51856	151648	219	-3	0.04	0.04	0	
08/09/2011 16:10:55	TASTEGGIO	0	1	7500	51856	107190	219	-3	0.05	0.05	-44500	
08/09/2011 16:11:19	TASTEGGIO	1	0	7500	51856	151630	212	-2	0.04	0.04	0	
08/09/2011 16:11:29	TASTEGGIO	1	0	7500	51856	107187	212	-2	0.06	0.06	0	
08/09/2011 16:11:54	TASTEGGIO	1	0	7500	51856	107202	215	-11	0.09	0.09	0	
08/09/2011 16:12:15	TASTEGGIO	0	1	7500	51856	107206	201	-14	0.08	0.08	0	
08/09/2011 16:12:35	TASTEGGIO	0	1	7500	51856	107212	193	-6	0.04	0.04	0	
08/09/2011 16:12:43	TASTEGGIO	0	1	7500	51856	107195	193	-6	0.04	0.07	-44500	
08/09/2011 16:13:07	TASTEGGIO	1	0	7500	51856	151630	217	-2	0.09	0.09	0	
08/09/2011 16:13:26	TASTEGGIO	0	1	7500	51856	151646	228	-2	0.04	0.04	0	
08/09/2011 16:13:36	TASTEGGIO	0	1	7500	51856	107189	228	-2	0.04	0.05	-44500	
08/09/2011 16:14:00	TASTEGGIO	1	0	7500	51856	151628	212	0	0.04	0.04	0	
08/09/2011 16:14:10	TASTEGGIO	1	0	7500	51856	107186	212	0	0.04	0.05	-44500	
08/09/2011 16:14:34	TASTEGGIO	1	0	7500	51856	151628	212	0	0.04	0.04	0	
08/09/2011 16:14:45	TASTEGGIO	1	0	7500	51856	107189	212	0	0.03	0.05	-44500	
08/09/2011 16:15:09	TASTEGGIO	1	0	7500	51856	151632	212	0	0.05	0.05	0	
08/09/2011 16:15:28	TASTEGGIO	0	1	7500	51856	151646	217	-1	0.04	0.04	0	
08/09/2011 16:15:39	TASTEGGIO	0	1	7500	51856	107188	217	-1	0.04	0.05	-44500	
08/09/2011 16:16:03	TASTEGGIO	1	0	7500	51856	151626	212	0	0.04	0.04	0	
08/09/2011 16:16:13	TASTEGGIO	1	0	7500	51856	107187	212	0	0.03	0.05	-44500	
08/09/2011 16:16:37	TASTEGGIO	1	0	7500	51856	151626	212	0	0.04	0.04	0	
08/09/2011 16:16:47	TASTEGGIO	1	0	7500	51856	107184	212	0	0.03	0.05	-44500	
08/09/2011 16:17:11	TASTEGGIO	1	0	7500	51856	151622	212	0	0.04	0.04	0	
08/09/2011 16:17:22	TASTEGGIO	1	0	7500	51856	107182	212	0	0.04	0.05	-44500	
08/09/2011 16:17:46	TASTEGGIO	1	0	7500	51856	151625	212	0	0.04	0.04	0	
08/09/2011 16:17:56	TASTEGGIO	1	0	7500	51856	107185	212	0	0.04	0.05	-44500	
08/09/2011 16:18:20	TASTEGGIO	1	0	7500	51856	151624	212	-1	0.04	0.04	0	
08/09/2011 16:18:31	TASTEGGIO	1	0	7500	51856	107183	212	-1	0.03	0.05	-44500	
08/09/2011 16:20:38	TASTEGGIO	1	0	7500	51856	107180	212	-1	0.08	0.08	0	
08/09/2011 16:21:01	TASTEGGIO	1	0	7500	51856	107195	220	-20	0.11	0.11	0	
08/09/2011 16:21:22	TASTEGGIO	0	1	7500	51856	107204	204	-15	0.05	0.05	0	
08/09/2011 16:21:43	TASTEGGIO	0	1	7500	51856	107211	201	-12	0.08	0.08	0	
08/09/2011 16:22:03	TASTEGGIO	0	1	7500	51856	107216	188	-7	0.01	0.01	0	
08/09/2011 16:22:11	TASTEGGIO	0	1	7500	51856	107179	188	-7	0.01	0.03	-44500	
08/09/2011 16:23:08	ALARM 17	proc 12 prog 10 step 47	LavoroTerminato
09/09/2011 07:23:22	ALARM 401		
09/09/2011 07:23:23	INIT OK
09/09/2011 07:33:03	TASTEGGIO	0	0	7500	51856	103978	0	0	0.60	0.60	0	
09/09/2011 07:33:26	TASTEGGIO	1	0	7500	51856	103994	289	-32	0.30	0.30	0	
09/09/2011 07:33:47	TASTEGGIO	0	0	7500	51856	104002	250	-6	0.24	0.24	0	
09/09/2011 07:34:09	TASTEGGIO	0	1	7500	51856	104004	269	-6	0.19	0.19	0	
09/09/2011 07:34:31	TASTEGGIO	0	2	7500	51856	104006	290	-18	0.06	0.06	0	
09/09/2011 07:34:38	TASTEGGIO	0	2	7500	51856	104010	290	-18	0.05	0.15	-44500	
09/09/2011 07:35:02	TASTEGGIO	1	0	7500	51856	148425	231	-26	0.10	0.10	0	
09/09/2011 07:35:13	TASTEGGIO	1	0	7500	51856	104080	231	-26	0.14	0.14	0	
09/09/2011 07:35:37	TASTEGGIO	1	0	7500	51856	104099	229	-37	0.22	0.22	0	
09/09/2011 07:35:57	TASTEGGIO	0	1	7500	51856	104103	194	-6	0.16	0.16	0	
09/09/2011 07:36:17	TASTEGGIO	0	2	7500	51856	104109	210	-2	0.15	0.15	0	
09/09/2011 07:36:39	TASTEGGIO	0	3	7500	51856	104111	252	-13	0.11	0.11	0	
09/09/2011 07:37:00	TASTEGGIO	0	4	7500	51856	104113	268	-23	0.14	0.14	0	
09/09/2011 07:37:21	TASTEGGIO	0	1	7500	51856	104132	250	-37	0.23	0.23	0	
09/09/2011 07:37:42	TASTEGGIO	0	1	7500	51856	104132	212	-8	0.16	0.16	0	
09/09/2011 07:38:04	TASTEGGIO	0	2	7500	51856	104132	227	-3	0.13	0.13	0	
09/09/2011 07:38:25	TASTEGGIO	0	3	7500	51856	104132	258	-5	0.08	0.08	0	
09/09/2011 07:38:33	TASTEGGIO	0	3	7500	51856	104084	258	-5	0.08	0.11	24500	
09/09/2011 07:38:56	TASTEGGIO	1	0	7500	51856	79633	225	-14	0.05	0.05	0	
09/09/2011 07:39:05	TASTEGGIO	1	0	7500	51856	103937	225	-14	0.10	0.10	-44500	
09/09/2011 07:40:54	TASTEGGIO	1	0	7500	51856	103967	225	-14	0.40	0.40	0	
09/09/2011 07:41:18	TASTEGGIO	1	0	7500	51856	103981	263	-38	0.08	0.08	0	
09/09/2011 07:41:25	TASTEGGIO	1	0	7500	51856	103967	263	-38	0.05	0.12	24500	
09/09/2011 07:41:50	TASTEGGIO	1	0	7500	51856	79518	227	-20	0.09	0.09	0	
09/09/2011 07:42:00	TASTEGGIO	1	0	7500	51856	103828	227	-20	0.12	0.12	0	
09/09/2011 07:42:23	TASTEGGIO	1	0	7500	51856	103830	227	-36	0.23	0.23	0	
09/09/2011 07:42:43	TASTEGGIO	0	1	7500	51856	103834	182	-4	0.19	0.19	0	
09/09/2011 07:43:03	TASTEGGIO	0	2	7500	51856	103839	213	-5	0.14	0.14	0	
09/09/2011 07:43:25	TASTEGGIO	0	3	7500	51856	103844	230	-4	0.11	0.11	0	
09/09/2011 07:43:47	TASTEGGIO	0	4	7500	51856	103845	247	-8	0.03	0.03	0	
09/09/2011 07:43:55	TASTEGGIO	0	4	7500	51856	103861	247	-8	0.05	0.08	-44500	
09/09/2011 07:45:43	TASTEGGIO	0	4	7500	51856	104076	247	-8	0.57	0.60	-24500	
09/09/2011 07:46:09	TASTEGGIO	1	0	7500	51856	128534	289	-110	1.69	1.69	0	
09/09/2011 07:46:23	TASTEGGIO	0	1	7500	51856	128548	0	-8	1.60	1.60	0	
09/09/2011 07:46:42	TASTEGGIO	0	2	7500	51856	128559	302	-19	1.43	1.43	0	
09/09/2011 07:47:05	TASTEGGIO	0	3	7500	51856	128561	400	-68	0.78	0.78	0	
09/09/2011 07:47:27	TASTEGGIO	0	4	7500	51856	128561	400	-61	0.18	0.18	0	
09/09/2011 07:47:48	TASTEGGIO	0	0	7500	51856	128563	234	-1	0.18	0.18	0	
09/09/2011 07:48:10	TASTEGGIO	0	1	7500	51856	128563	252	0	0.18	0.18	0	
09/09/2011 07:48:33	TASTEGGIO	0	2	7500	51856	128563	288	-4	0.14	0.14	0	
09/09/2011 07:48:43	TASTEGGIO	0	2	7500	51856	104090	288	-4	0.17	0.24	24500	
09/09/2011 07:49:07	TASTEGGIO	1	0	7500	51856	79629	242	-20	0.06	0.06	0	
09/09/2011 07:49:16	TASTEGGIO	1	0	7500	51856	103946	242	-20	0.06	0.11	-44500	
09/09/2011 07:49:39	TASTEGGIO	1	0	7500	51856	148380	225	-18	0.08	0.08	0	
09/09/2011 07:49:49	TASTEGGIO	1	0	7500	51856	104076	225	-18	0.13	0.13	0	
09/09/2011 07:50:13	TASTEGGIO	1	0	7500	51856	104093	228	-30	0.17	0.17	0	
09/09/2011 07:50:33	TASTEGGIO	0	1	7500	51856	104097	205	-17	0.04	0.04	0	
09/09/2011 07:50:41	TASTEGGIO	0	1	7500	51856	104079	205	-17	0.04	0.10	44500	
09/09/2011 07:52:30	TASTEGGIO	0	1	7500	51856	104076	205	-17	0.25	0.34	24500	
09/09/2011 07:52:55	TASTEGGIO	1	0	7500	51856	79628	255	-25	0.11	0.11	0	
09/09/2011 07:53:05	TASTEGGIO	1	0	7500	51856	103944	255	-25	0.09	0.12	24500	
09/09/2011 07:53:29	TASTEGGIO	1	0	7500	51856	79510	227	-3	0.08	0.08	0	
09/09/2011 07:53:39	TASTEGGIO	1	0	7500	51856	103935	227	-3	0.06	0.11	44500	
09/09/2011 07:54:03	TASTEGGIO	1	0	7500	51856	59490	225	-9	0.07	0.07	0	
09/09/2011 07:54:13	TASTEGGIO	1	0	7500	51856	103905	225	-9	0.11	0.12	-44500	
09/09/2011 07:54:38	TASTEGGIO	1	0	7500	51856	148343	227	-29	0.15	0.15	0	
09/09/2011 07:54:58	TASTEGGIO	0	1	7500	51856	148356	208	-25	0.09	0.09	0	
09/09/2011 07:55:08	TASTEGGIO	0	1	7500	51856	104059	208	-25	0.09	0.09	-44500	
09/09/2011 07:56:57	TASTEGGIO	0	1	7500	51856	104076	208	-25	0.60	0.60	0	
09/09/2011 07:57:21	TASTEGGIO	1	0	7500	51856	104092	289	-34	0.28	0.28	0	
09/09/2011 07:57:41	TASTEGGIO	0	0	7500	51856	104100	247	-2	0.25	0.25	0	
09/09/2011 07:58:04	TASTEGGIO	0	1	7500	51856	104103	269	-7	0.18	0.18	0	
09/09/2011 07:58:26	TASTEGGIO	0	2	7500	51856	104104	287	-15	0.05	0.05	0	
09/09/2011 07:58:34	TASTEGGIO	0	2	7500	51856	104076	287	-15	0.06	0.17	44500	
09/09/2011 07:58:58	TASTEGGIO	1	0	7500	51856	59602	233	-10	0.08	0.08	0	
09/09/2011 07:59:08	TASTEGGIO	1	0	7500	51856	103940	233	-10	0.07	0.12	-44500	
09/09/2011 07:59:32	TASTEGGIO	1	0	7500	51856	148373	227	-27	0.15	0.15	0	
09/09/2011 07:59:52	TASTEGGIO	0	1	7500	51856	148389	208	-24	0.10	0.10	0	
09/09/2011 08:00:03	TASTEGGIO	0	1	7500	51856	104076	208	-24	0.07	0.08	-44500	
09/09/2011 08:01:51	TASTEGGIO	0	1	7500	51857	103800	208	-24	0.28	0.30	24500	
09/09/2011 08:02:15	TASTEGGIO	1	0	7500	51857	79338	250	-21	0.10	0.10	0	
09/09/2011 08:02:25	TASTEGGIO	1	0	7500	51857	103610	250	-21	0.11	0.12	-44500	
09/09/2011 08:02:49	TASTEGGIO	1	0	7500	51857	148057	227	-26	0.11	0.11	0	
09/09/2011 08:03:09	TASTEGGIO	0	1	7500	51857	148069	216	-25	0.13	0.13	0	
09/09/2011 08:03:29	TASTEGGIO	0	1	7500	51857	148081	200	-9	0.05	0.05	0	
09/09/2011 08:03:39	TASTEGGIO	0	1	7500	51857	103790	200	-9	0.05	0.09	44500	
09/09/2011 08:05:28	TASTEGGIO	0	1	7500	51856	103972	200	-9	0.61	0.61	0	
09/09/2011 08:05:51	TASTEGGIO	1	0	7500	51856	103985	290	-34	0.29	0.29	0	
09/09/2011 08:06:12	TASTEGGIO	0	0	7500	51856	103995	249	-2	0.27	0.27	0	
09/09/2011 08:06:34	TASTEGGIO	0	1	7500	51856	103999	274	-9	0.19	0.19	0	
09/09/2011 08:06:57	TASTEGGIO	0	2	7500	51856	104000	292	-17	0.04	0.04	0	
09/09/2011 08:07:05	TASTEGGIO	0	2	7500	51856	103969	292	-17	0.04	0.16	44500	
09/09/2011 08:07:29	TASTEGGIO	1	0	7500	51856	59493	232	-10	0.08	0.08	0	
09/09/2011 08:07:39	TASTEGGIO	1	0	7500	51856	103828	232	-10	0.08	0.08	0	
09/09/2011 08:09:28	TASTEGGIO	1	0	7500	51857	104168	232	-10	0.28	0.33	-24500	
09/09/2011 08:09:53	TASTEGGIO	1	0	7500	51857	128630	254	-33	0.06	0.06	0	
09/09/2011 08:10:03	TASTEGGIO	1	0	7500	51857	104177	254	-33	0.03	0.09	-44500	
09/09/2011 08:11:50	TASTEGGIO	1	0	7500	51856	103873	254	-33	0.25	0.25	0	
09/09/2011 08:12:13	TASTEGGIO	1	0	7500	51856	103891	243	-30	0.05	0.05	0	
09/09/2011 08:12:21	TASTEGGIO	1	0	7500	51856	103872	243	-30	0.05	0.08	-44500	
09/09/2011 08:14:10	TASTEGGIO	1	0	7500	51855	104168	243	-30	0.24	0.30	-24500	
09/09/2011 08:14:34	TASTEGGIO	1	0	7500	51855	128628	250	-33	0.06	0.06	0	
09/09/2011 08:14:44	TASTEGGIO	1	0	7500	51855	104173	250	-33	0.07	0.08	24500	
09/09/2011 08:15:41	ALARM 17	proc 12 prog 10 step 47	LavoroTerminato
09/09/2011 08:22:26	ALARM 318	proc 12 prog 22 step 6	go_abs inv_ax 2
09/09/2011 08:25:25	TASTEGGIO	1	0	6000	45978	111078	250	-33	0.20	0.21	24500	
09/09/2011 08:25:51	TASTEGGIO	1	0	6000	45978	86659	238	-73	0.52	0.52	0	
09/09/2011 08:26:06	TASTEGGIO	0	1	6000	45978	86650	109	-4	0.49	0.49	0	
09/09/2011 08:26:27	TASTEGGIO	0	2	6000	45978	86646	201	-31	0.18	0.18	0	
09/09/2011 08:26:48	TASTEGGIO	0	0	6000	45978	86643	234	-65	0.47	0.47	0	
09/09/2011 08:27:04	TASTEGGIO	0	1	6000	45978	86635	111	-5	0.41	0.41	0	
09/09/2011 08:27:23	TASTEGGIO	0	2	6000	45978	86637	182	-13	0.27	0.27	0	
09/09/2011 08:27:45	TASTEGGIO	0	3	6000	45978	86637	212	-17	0.10	0.10	0	
09/09/2011 08:27:55	TASTEGGIO	0	3	6000	45978	111068	212	-17	0.11	0.13	-24500	
09/09/2011 08:28:20	TASTEGGIO	1	0	6000	45978	135544	228	-101	0.86	0.86	0	
09/09/2011 08:28:34	TASTEGGIO	0	1	6000	45978	135548	0	-3	0.82	0.82	0	
09/09/2011 08:28:52	TASTEGGIO	0	2	6000	45978	135549	156	-8	0.73	0.73	0	
09/09/2011 08:29:15	TASTEGGIO	0	3	6000	45978	135550	350	-237	1.58	1.58	0	
09/09/2011 08:29:17	ALARM 401		
09/09/2011 08:29:20	ALARM 401		
09/09/2011 08:29:21	ALARM 201		err.6059
09/09/2011 08:29:21	ALARM 401		
09/09/2011 08:32:14	TASTEGGIO	0	3	6000	45978	111153	350	-237	1.27	1.27	0	
09/09/2011 08:32:39	TASTEGGIO	1	0	6000	45978	111170	313	-67	0.62	0.62	0	
09/09/2011 08:32:59	TASTEGGIO	0	0	6000	45978	111171	204	0	0.62	0.62	0	
09/09/2011 08:33:20	TASTEGGIO	0	1	6000	45978	111171	266	-20	0.40	0.40	0	
09/09/2011 08:33:42	TASTEGGIO	0	2	6000	45978	111170	302	-66	0.32	0.32	0	
09/09/2011 08:34:04	TASTEGGIO	0	1	6000	45978	111176	276	-178	1.43	1.43	0	
09/09/2011 08:34:17	TASTEGGIO	0	1	6000	45978	111174	0	-5	1.38	1.38	0	
09/09/2011 08:34:38	TASTEGGIO	0	2	6000	45978	111174	266	-46	0.92	0.92	0	
09/09/2011 08:35:02	TASTEGGIO	0	3	6000	45978	111174	372	-190	1.05	1.05	0	
09/09/2011 08:35:23	TASTEGGIO	0	1	6000	45978	111173	252	-64	0.39	0.39	0	
