10/06/2011 09:50:21	TASTEGGIO	0	3	5000	42055	111372	50	-10	0.01	0.01	44500	
10/06/2011 09:52:21	TASTEGGIO	0	3	5000	42054	111388	50	-10	0.05	0.05	-44500	
10/06/2011 09:52:41	TASTEGGIO	1	0	5000	42054	155826	48	-13	0.06	0.06	0	
10/06/2011 09:52:56	TASTEGGIO	0	1	5000	42054	155827	40	-9	0.04	0.04	0	
10/06/2011 09:53:06	TASTEGGIO	0	1	5000	42054	111366	40	-9	0.03	0.04	-24500	
10/06/2011 09:55:09	TASTEGGIO	0	1	5000	42054	111391	40	-9	0.04	0.04	24500	
10/06/2011 09:57:13	TASTEGGIO	0	1	5000	42054	111391	40	-9	0.06	0.06	0	
10/06/2011 09:57:31	TASTEGGIO	1	0	5000	42054	111398	49	-13	0.05	0.05	0	
10/06/2011 09:57:46	TASTEGGIO	0	1	5000	42054	111399	44	-12	0.16	0.16	0	
10/06/2011 09:57:59	TASTEGGIO	0	1	5000	42054	111398	0	-1	0.16	0.16	0	
10/06/2011 09:58:15	TASTEGGIO	0	1	5000	42054	111398	48	-8	0.07	0.07	0	
10/06/2011 09:58:31	TASTEGGIO	0	0	5000	42054	111398	50	-5	0.02	0.02	0	
10/06/2011 09:58:39	TASTEGGIO	0	0	5000	42054	111390	50	-5	0.03	0.03	0	
10/06/2011 10:00:43	TASTEGGIO	0	0	5000	42054	111388	50	-5	0.10	0.10	0	
10/06/2011 10:01:00	TASTEGGIO	1	0	5000	42054	111392	52	-8	0.03	0.03	0	
10/06/2011 10:01:07	TASTEGGIO	1	0	5000	42054	111386	52	-8	0.04	0.04	-24500	
10/06/2011 10:03:11	TASTEGGIO	1	0	5000	42054	111392	52	-8	0.13	0.13	0	
10/06/2011 10:03:30	TASTEGGIO	1	0	5000	42054	111398	54	-11	0.04	0.04	0	
10/06/2011 10:03:37	TASTEGGIO	1	0	5000	42054	111390	54	-11	0.04	0.05	24500	
10/06/2011 10:03:57	TASTEGGIO	1	0	5000	42054	86972	48	-4	0.02	0.02	0	
10/06/2011 10:04:06	TASTEGGIO	1	0	5000	42054	111267	48	-4	0.03	0.03	-24500	
10/06/2011 10:06:10	TASTEGGIO	1	0	5000	42054	111392	48	-4	0.26	0.26	0	
10/06/2011 10:06:29	TASTEGGIO	1	0	5000	42054	111398	63	-10	0.18	0.18	0	
10/06/2011 10:06:46	TASTEGGIO	0	1	5000	42054	111398	75	-13	0.05	0.05	0	
10/06/2011 10:06:53	TASTEGGIO	0	1	5000	42054	111389	75	-13	0.06	0.10	44500	
10/06/2011 10:07:11	TASTEGGIO	1	0	5000	42054	66962	52	-2	0.08	0.08	0	
10/06/2011 10:07:26	TASTEGGIO	0	1	5000	42054	66962	58	-1	0.07	0.07	0	
10/06/2011 10:07:40	TASTEGGIO	0	2	5000	42054	66961	70	-1	0.06	0.06	0	
10/06/2011 10:07:55	TASTEGGIO	0	3	5000	42054	66963	85	-4	0.02	0.02	0	
10/06/2011 10:08:05	TASTEGGIO	0	3	5000	42054	111256	85	-4	0.02	0.06	-44500	
10/06/2011 10:08:25	TASTEGGIO	1	0	5000	42054	155687	49	-11	0.05	0.05	0	
10/06/2011 10:08:41	TASTEGGIO	0	1	5000	42054	155688	44	-9	0.06	0.06	0	
10/06/2011 10:08:55	TASTEGGIO	0	1	5000	42054	155688	36	-6	0.01	0.01	0	
10/06/2011 10:09:06	TASTEGGIO	0	1	5000	42054	111373	36	-6	0.03	0.03	0	
10/06/2011 10:11:10	TASTEGGIO	0	1	5000	42054	111395	36	-6	0.09	0.09	0	
10/06/2011 10:11:28	TASTEGGIO	1	0	5000	42054	111400	51	-9	0.02	0.02	0	
10/06/2011 10:11:35	TASTEGGIO	1	0	5000	42054	111393	51	-9	0.02	0.03	24500	
10/06/2011 10:13:37	TASTEGGIO	1	0	5000	42054	111388	51	-9	0.08	0.09	-24500	
10/06/2011 10:13:57	TASTEGGIO	1	0	5000	42054	135863	51	-16	0.06	0.06	0	
10/06/2011 10:14:12	TASTEGGIO	0	1	5000	42054	135863	47	-17	0.11	0.11	0	
10/06/2011 10:14:27	TASTEGGIO	0	1	5000	42054	135864	26	-2	0.08	0.08	0	
10/06/2011 10:14:42	TASTEGGIO	0	2	5000	42054	135864	34	-2	0.05	0.05	0	
10/06/2011 10:14:57	TASTEGGIO	0	3	5000	42054	135864	39	-3	0.03	0.03	0	
10/06/2011 10:15:07	TASTEGGIO	0	3	5000	42054	111372	39	-3	0.04	0.04	0	
10/06/2011 10:16:59	TASTEGGIO	0	3	5000	42054	111389	39	-3	0.10	0.10	24500	
10/06/2011 10:17:18	TASTEGGIO	1	0	5000	42054	86969	52	-4	0.07	0.07	0	
10/06/2011 10:17:34	TASTEGGIO	0	1	5000	42054	86968	56	-2	0.04	0.04	0	
10/06/2011 10:17:43	TASTEGGIO	0	1	5000	42054	111254	56	-2	0.06	0.06	0	
10/06/2011 10:18:01	TASTEGGIO	1	0	5000	42054	111251	49	-11	0.05	0.05	0	
10/06/2011 10:18:17	TASTEGGIO	0	1	5000	42054	111251	44	-8	0.03	0.03	0	
10/06/2011 10:18:24	TASTEGGIO	0	1	5000	42054	111255	44	-8	0.03	0.04	44500	
10/06/2011 10:20:27	TASTEGGIO	0	1	5000	42054	111389	44	-8	0.26	0.26	0	
10/06/2011 10:20:46	TASTEGGIO	1	0	5000	42054	111393	63	-10	0.17	0.17	0	
10/06/2011 10:21:03	TASTEGGIO	0	1	5000	42054	111394	74	-12	0.05	0.05	0	
10/06/2011 10:21:10	TASTEGGIO	0	1	5000	42054	111386	74	-12	0.05	0.08	-44500	
10/06/2011 10:21:30	TASTEGGIO	1	0	5000	42054	155827	50	-11	0.01	0.01	0	
10/06/2011 10:21:40	TASTEGGIO	1	0	5000	42054	111365	50	-11	0.03	0.03	0	
10/06/2011 10:23:42	TASTEGGIO	1	0	5000	42054	111396	50	-11	0.11	0.11	0	
10/06/2011 10:24:00	TASTEGGIO	1	0	5000	42054	111402	52	-11	0.01	0.01	0	
10/06/2011 10:24:08	TASTEGGIO	1	0	5000	42054	111393	52	-11	0.01	0.03	-44500	
10/06/2011 10:26:13	TASTEGGIO	1	0	5000	42054	111390	52	-11	0.16	0.16	-24500	
10/06/2011 10:26:32	TASTEGGIO	1	0	5000	42054	135863	56	-11	0.07	0.07	0	
10/06/2011 10:26:42	TASTEGGIO	1	0	5000	42054	111371	56	-11	0.07	0.07	0	
10/06/2011 10:26:59	TASTEGGIO	1	0	5000	42054	111375	50	-9	0.02	0.02	0	
10/06/2011 10:27:07	TASTEGGIO	1	0	5000	42054	111372	50	-9	0.01	0.01	0	
10/06/2011 10:29:11	TASTEGGIO	1	0	5000	42054	111392	50	-9	0.29	0.29	0	
10/06/2011 10:29:30	TASTEGGIO	1	0	5000	42054	111394	65	-8	0.20	0.20	0	
10/06/2011 10:29:46	TASTEGGIO	0	1	5000	42054	111395	78	-13	0.08	0.08	0	
10/06/2011 10:29:54	TASTEGGIO	0	1	5000	42054	111387	78	-13	0.08	0.11	44500	
10/06/2011 10:30:12	TASTEGGIO	1	0	5000	42054	66954	52	-2	0.09	0.09	0	
10/06/2011 10:30:27	TASTEGGIO	0	1	5000	42054	66953	59	0	0.08	0.08	0	
10/06/2011 10:30:41	TASTEGGIO	0	2	5000	42054	66953	73	-1	0.07	0.07	0	
10/06/2011 10:30:58	TASTEGGIO	0	3	5000	42054	66955	91	-5	0.02	0.02	0	
10/06/2011 10:31:08	TASTEGGIO	0	3	5000	42054	111266	91	-5	0.02	0.07	-44500	
10/06/2011 10:31:28	TASTEGGIO	1	0	5000	42054	155694	50	-10	0.03	0.03	0	
10/06/2011 10:31:38	TASTEGGIO	1	0	5000	42054	111370	50	-10	0.05	0.05	0	
10/06/2011 10:31:56	TASTEGGIO	1	0	5000	42054	111376	48	-12	0.07	0.07	0	
10/06/2011 10:32:11	TASTEGGIO	0	1	5000	42054	111376	38	-1	0.05	0.05	0	
10/06/2011 10:32:26	TASTEGGIO	0	2	5000	42054	111376	43	0	0.04	0.04	0	
10/06/2011 10:32:34	TASTEGGIO	0	2	5000	42054	111372	43	0	0.05	0.06	24500	
10/06/2011 10:32:53	TASTEGGIO	1	0	5000	42054	86961	49	-3	0.02	0.02	0	
10/06/2011 10:33:03	TASTEGGIO	1	0	5000	42054	111256	49	-3	0.01	0.02	24500	
10/06/2011 10:35:03	TASTEGGIO	1	0	5000	42054	111391	49	-3	0.07	0.07	0	
10/06/2011 10:35:22	TASTEGGIO	1	0	5000	42054	111396	50	-12	0.05	0.05	0	
10/06/2011 10:35:37	TASTEGGIO	0	1	5000	42054	111397	46	-14	0.18	0.18	0	
10/06/2011 10:35:50	TASTEGGIO	0	1	5000	42054	111396	0	-1	0.16	0.16	0	
10/06/2011 10:36:06	TASTEGGIO	0	2	5000	42054	111396	28	-2	0.14	0.14	0	
10/06/2011 10:36:22	TASTEGGIO	0	3	5000	42054	111396	64	-15	0.01	0.01	0	
10/06/2011 10:36:29	TASTEGGIO	0	3	5000	42054	111389	64	-15	0.01	0.01	0	
10/06/2011 10:38:21	TASTEGGIO	0	3	5000	42054	111389	64	-15	0.05	0.05	0	
10/06/2011 10:38:39	TASTEGGIO	1	0	5000	42054	111393	48	-11	0.06	0.06	0	
10/06/2011 10:38:54	TASTEGGIO	0	1	5000	42054	111394	40	-7	0.01	0.01	0	
10/06/2011 10:39:02	TASTEGGIO	0	1	5000	42054	111387	40	-7	0.01	0.02	-44500	
10/06/2011 10:40:58	TASTEGGIO	0	1	5000	42054	111390	40	-7	0.11	0.11	0	
10/06/2011 10:41:17	TASTEGGIO	1	0	5000	42054	111395	52	-11	0.02	0.02	0	
10/06/2011 10:41:24	TASTEGGIO	1	0	5000	42054	111389	52	-11	0.02	0.04	44500	
10/06/2011 10:42:21	ALARM 17	proc 12 prog 10 step 47	LavoroTerminato
10/06/2011 10:44:02	TASTEGGIO	1	0	5000	42054	111388	52	-11	0.06	0.06	0	
10/06/2011 10:44:20	TASTEGGIO	1	0	5000	42054	111395	49	-15	0.07	0.07	0	
10/06/2011 10:44:34	TASTEGGIO	0	1	5000	42054	111396	40	-8	0.02	0.02	0	
10/06/2011 10:44:42	TASTEGGIO	0	1	5000	42054	111387	40	-8	0.02	0.02	24500	
10/06/2011 10:46:45	TASTEGGIO	0	1	5000	42054	111393	40	-8	0.08	0.08	0	
10/06/2011 10:47:03	TASTEGGIO	1	0	5000	42054	111397	50	-11	0.03	0.03	0	
10/06/2011 10:47:11	TASTEGGIO	1	0	5000	42054	111391	50	-11	0.02	0.03	24500	
10/06/2011 10:49:14	TASTEGGIO	1	0	5000	42054	111383	50	-11	0.04	0.07	44500	
10/06/2011 10:49:32	TASTEGGIO	1	0	5000	42054	66963	50	-2	0.04	0.04	0	
10/06/2011 10:49:42	TASTEGGIO	1	0	5000	42054	111249	50	-2	0.04	0.06	-44500	
10/06/2011 10:50:02	TASTEGGIO	1	0	5000	42054	155682	49	-11	0.04	0.04	0	
10/06/2011 10:50:12	TASTEGGIO	1	0	5000	42054	111366	49	-11	0.04	0.05	-24500	
10/06/2011 10:50:32	TASTEGGIO	1	0	5000	42054	135842	48	-13	0.09	0.09	0	
10/06/2011 10:50:47	TASTEGGIO	0	1	5000	42054	135843	31	-5	0.03	0.03	0	
10/06/2011 10:50:56	TASTEGGIO	0	1	5000	42054	111364	31	-5	0.02	0.04	44500	
10/06/2011 10:53:01	TASTEGGIO	0	1	5000	42054	111384	31	-5	0.14	0.14	0	
10/06/2011 10:53:19	TASTEGGIO	1	0	5000	42054	111387	55	-16	0.18	0.18	0	
10/06/2011 10:53:34	TASTEGGIO	0	1	5000	42054	111388	31	-2	0.15	0.15	0	
10/06/2011 10:53:49	TASTEGGIO	0	2	5000	42054	111388	55	-8	0.06	0.06	0	
10/06/2011 10:54:04	TASTEGGIO	0	0	5000	42054	111388	49	-1	0.04	0.04	0	
10/06/2011 10:54:12	TASTEGGIO	0	0	5000	42054	111383	49	-1	0.04	0.05	-24500	
10/06/2011 10:54:31	TASTEGGIO	1	0	5000	42054	135856	48	-15	0.09	0.09	0	
10/06/2011 10:54:46	TASTEGGIO	0	1	5000	42054	135859	31	-5	0.03	0.03	0	
10/06/2011 10:54:56	TASTEGGIO	0	1	5000	42054	111364	31	-5	0.04	0.04	0	
10/06/2011 10:56:58	TASTEGGIO	0	1	5000	42054	111185	31	-5	0.12	0.12	0	
10/06/2011 10:57:16	TASTEGGIO	1	0	5000	42054	111189	53	-11	0.02	0.02	0	
10/06/2011 10:57:24	TASTEGGIO	1	0	5000	42054	111184	53	-11	0.02	0.04	44500	
10/06/2011 10:59:27	TASTEGGIO	1	0	5000	42054	111385	53	-11	0.08	0.08	0	
10/06/2011 10:59:45	TASTEGGIO	1	0	5000	42054	111390	50	-10	0.01	0.01	0	
10/06/2011 10:59:53	TASTEGGIO	1	0	5000	42054	111384	50	-10	0.01	0.02	44500	
10/06/2011 11:01:58	TASTEGGIO	1	0	5000	42053	111389	50	-10	0.15	0.15	0	
10/06/2011 11:02:16	TASTEGGIO	1	0	5000	42053	111393	55	-11	0.07	0.07	0	
10/06/2011 11:02:24	TASTEGGIO	1	0	5000	42053	111387	55	-11	0.07	0.08	24500	
10/06/2011 11:02:44	TASTEGGIO	1	0	5000	42053	86973	50	-4	0.03	0.03	0	
10/06/2011 11:02:53	TASTEGGIO	1	0	5000	42053	111260	50	-4	0.04	0.05	-24500	
10/06/2011 11:03:12	TASTEGGIO	1	0	5000	42053	135734	48	-15	0.10	0.10	0	
10/06/2011 11:03:27	TASTEGGIO	0	1	5000	42053	135735	28	-3	0.04	0.04	0	
10/06/2011 11:03:37	TASTEGGIO	0	1	5000	42053	111372	28	-3	0.04	0.04	0	
10/06/2011 11:05:40	TASTEGGIO	0	1	5000	42053	111387	28	-3	0.09	0.09	24500	
10/06/2011 11:05:59	TASTEGGIO	1	0	5000	42053	86971	51	-5	0.05	0.05	0	
10/06/2011 11:06:15	TASTEGGIO	0	1	5000	42053	86970	53	-3	0.03	0.03	0	
10/06/2011 11:06:24	TASTEGGIO	0	1	5000	42053	111256	53	-3	0.04	0.05	-44500	
10/06/2011 11:06:43	TASTEGGIO	1	0	5000	42053	155682	48	-11	0.07	0.07	0	
10/06/2011 11:06:58	TASTEGGIO	0	1	5000	42053	155683	38	-7	0.02	0.02	0	
10/06/2011 11:07:08	TASTEGGIO	0	1	5000	42053	111368	38	-7	0.02	0.03	44500	
10/06/2011 11:09:14	TASTEGGIO	0	1	5000	42053	111391	38	-7	0.04	0.04	24500	
10/06/2011 11:11:19	TASTEGGIO	0	1	5000	42053	111388	38	-7	0.07	0.09	44500	
10/06/2011 11:11:37	TASTEGGIO	1	0	5000	42053	66964	51	-3	0.06	0.06	0	
10/06/2011 11:11:51	TASTEGGIO	0	1	5000	42053	66961	54	0	0.05	0.05	0	
10/06/2011 11:12:06	TASTEGGIO	0	2	5000	42053	66960	62	-1	0.05	0.05	0	
10/06/2011 11:12:21	TASTEGGIO	0	1	5000	42053	66961	82	-5	0.01	0.01	0	
10/06/2011 11:12:31	TASTEGGIO	0	1	5000	42053	111251	82	-5	0.00	0.02	-44500	
10/06/2011 11:14:33	TASTEGGIO	0	1	5000	42053	111394	82	-5	0.05	0.06	24500	
10/06/2011 11:14:53	TASTEGGIO	1	0	5000	42053	86971	49	-6	0.02	0.02	0	
10/06/2011 11:15:03	TASTEGGIO	1	0	5000	42053	111259	49	-6	0.02	0.03	44500	
10/06/2011 11:17:06	TASTEGGIO	1	0	5000	42053	111386	49	-6	0.01	0.02	-44500	
10/06/2011 11:19:07	TASTEGGIO	1	0	5000	42053	111388	49	-6	0.06	0.07	-24500	
10/06/2011 11:19:27	TASTEGGIO	1	0	5000	42053	135865	50	-15	0.07	0.07	0	
10/06/2011 11:19:42	TASTEGGIO	0	1	5000	42053	135866	43	-14	0.09	0.09	0	
10/06/2011 11:19:57	TASTEGGIO	0	1	5000	42053	135866	31	-6	0.05	0.05	0	
10/06/2011 11:20:11	TASTEGGIO	0	2	5000	42053	135866	34	-5	0.01	0.01	0	
10/06/2011 11:20:21	TASTEGGIO	0	2	5000	42053	111377	34	-5	0.01	0.03	24500	
10/06/2011 11:22:23	TASTEGGIO	0	2	5000	42053	111386	34	-5	0.06	0.06	0	
10/06/2011 11:22:41	TASTEGGIO	1	0	5000	42053	111390	49	-10	0.11	0.11	0	
10/06/2011 11:22:55	TASTEGGIO	0	1	5000	42053	111390	28	-2	0.09	0.09	0	
10/06/2011 11:23:11	TASTEGGIO	0	2	5000	42053	111390	42	-3	0.05	0.05	0	
10/06/2011 11:23:26	TASTEGGIO	0	3	5000	42053	111390	46	-2	0.02	0.02	0	
10/06/2011 11:23:33	TASTEGGIO	0	3	5000	42053	111385	46	-2	0.03	0.03	0	
10/06/2011 11:25:37	TASTEGGIO	0	3	5000	42053	111277	46	-2	0.06	0.06	0	
10/06/2011 11:25:55	TASTEGGIO	1	0	5000	42053	111280	49	-8	0.03	0.03	0	
10/06/2011 11:26:02	TASTEGGIO	1	0	5000	42053	111276	49	-8	0.02	0.02	-24500	
10/06/2011 11:28:05	TASTEGGIO	1	0	5000	42053	111279	49	-8	0.05	0.06	-24500	
10/06/2011 11:28:23	TASTEGGIO	1	0	5000	42053	135746	49	-14	0.06	0.06	0	
10/06/2011 11:28:38	TASTEGGIO	0	1	5000	42053	135750	43	-13	0.06	0.06	0	
10/06/2011 11:28:53	TASTEGGIO	0	1	5000	42053	135750	37	-2	0.03	0.03	0	
10/06/2011 11:29:02	TASTEGGIO	0	1	5000	42053	111269	37	-2	0.04	0.05	44500	
10/06/2011 11:29:20	TASTEGGIO	1	0	5000	42053	66843	48	-1	0.03	0.03	0	
10/06/2011 11:29:30	TASTEGGIO	1	0	5000	42053	111145	48	-1	0.03	0.03	-44500	
10/06/2011 11:31:34	TASTEGGIO	1	0	5000	42053	111284	48	-1	0.05	0.05	0	
10/06/2011 11:31:52	TASTEGGIO	1	0	5000	42053	111286	48	-8	0.03	0.03	0	
10/06/2011 11:31:59	TASTEGGIO	1	0	5000	42053	111282	48	-8	0.03	0.03	0	
10/06/2011 11:33:13	ALARM 3	proc 12 prog 31 step 36	Tondo non presente su rulliera
10/06/2011 11:34:31	TASTEGGIO	1	0	5000	42053	111283	48	-8	0.17	0.17	0	
10/06/2011 11:34:50	TASTEGGIO	1	0	5000	42053	111287	57	-8	0.10	0.10	0	
10/06/2011 11:34:58	TASTEGGIO	1	0	5000	42053	111281	57	-8	0.10	0.10	-24500	
10/06/2011 11:35:17	TASTEGGIO	1	0	5000	42053	135749	52	-12	0.02	0.02	0	
10/06/2011 11:35:26	TASTEGGIO	1	0	5000	42053	111265	52	-12	0.03	0.05	24500	
10/06/2011 11:35:46	TASTEGGIO	1	0	5000	42053	86855	48	-3	0.02	0.02	0	
10/06/2011 11:35:56	TASTEGGIO	1	0	5000	42053	111149	48	-3	0.01	0.02	24500	
10/06/2011 11:37:58	TASTEGGIO	1	0	5000	42053	111284	48	-3	0.08	0.08	24500	
10/06/2011 11:38:18	TASTEGGIO	1	0	5000	42053	86867	50	-3	0.06	0.06	0	
10/06/2011 11:38:34	TASTEGGIO	0	1	5000	42053	86866	54	-2	0.04	0.04	0	
10/06/2011 11:38:44	TASTEGGIO	0	1	5000	42053	111153	54	-2	0.05	0.05	44500	
10/06/2011 11:39:02	TASTEGGIO	1	0	5000	42053	66725	48	-1	0.04	0.04	0	
10/06/2011 11:39:12	TASTEGGIO	1	0	5000	42053	111144	48	-1	0.04	0.04	0	
10/06/2011 11:41:02	TASTEGGIO	1	0	5000	42053	111275	48	-1	0.09	0.10	44500	
10/06/2011 11:41:20	TASTEGGIO	1	0	5000	42053	66845	52	-1	0.07	0.07	0	
10/06/2011 11:41:35	TASTEGGIO	0	1	5000	42053	66844	56	0	0.06	0.06	0	
10/06/2011 11:41:49	TASTEGGIO	0	2	5000	42053	66843	66	0	0.06	0.06	0	
10/06/2011 11:42:06	TASTEGGIO	0	1	5000	42053	66844	90	-4	0.02	0.02	0	
10/06/2011 11:42:16	TASTEGGIO	0	1	5000	42053	111146	90	-4	0.04	0.04	0	
10/06/2011 11:44:08	TASTEGGIO	0	1	5000	42053	111393	90	-4	0.04	0.04	0	
10/06/2011 11:46:00	TASTEGGIO	0	1	5000	42053	111286	90	-4	0.08	0.08	-24500	
10/06/2011 11:46:19	TASTEGGIO	1	0	5000	42053	135758	50	-12	0.03	0.03	0	
10/06/2011 11:46:28	TASTEGGIO	1	0	5000	42053	111273	50	-12	0.02	0.03	-24500	
10/06/2011 11:47:25	ALARM 17	proc 12 prog 10 step 47	LavoroTerminato
10/06/2011 11:57:01	TASTEGGIO	1	0	5000	42053	101670	50	-12	0.06	0.06	0	
10/06/2011 11:57:20	TASTEGGIO	1	0	5000	42053	101667	49	-1	0.05	0.05	0	
10/06/2011 11:57:35	TASTEGGIO	0	1	5000	42053	101666	53	0	0.05	0.05	0	
10/06/2011 11:57:52	TASTEGGIO	0	1	5000	42053	101666	68	0	0.05	0.05	0	
10/06/2011 11:58:09	TASTEGGIO	0	1	5000	42053	101666	83	0	0.05	0.05	0	
10/06/2011 11:58:26	TASTEGGIO	0	1	5000	42053	101665	98	-1	0.03	0.03	0	
10/06/2011 11:58:34	TASTEGGIO	0	1	5000	42053	101671	98	-1	0.04	0.04	-24500	
10/06/2011 12:00:33	TASTEGGIO	0	1	5000	42054	101763	98	-1	0.07	0.07	0	
10/06/2011 12:00:52	TASTEGGIO	1	0	5000	42054	101766	50	-1	0.07	0.07	0	
10/06/2011 12:01:09	TASTEGGIO	0	1	5000	42054	101767	64	0	0.07	0.07	0	
10/06/2011 12:01:25	TASTEGGIO	0	1	5000	42054	101767	85	-1	0.07	0.07	0	
10/06/2011 12:01:43	TASTEGGIO	0	1	5000	42054	101767	106	-2	0.04	0.04	0	
10/06/2011 12:01:51	TASTEGGIO	0	1	5000	42054	101763	106	-2	0.04	0.05	24500	
10/06/2011 12:02:08	TASTEGGIO	1	0	5000	42054	77319	48	0	0.04	0.04	0	
10/06/2011 12:02:18	TASTEGGIO	1	0	5000	42054	101630	48	0	0.04	0.05	44500	
10/06/2011 12:02:36	TASTEGGIO	1	0	5000	42054	57195	48	0	0.04	0.04	0	
10/06/2011 12:02:46	TASTEGGIO	1	0	5000	42054	101618	48	0	0.04	0.04	0	
10/06/2011 12:04:46	TASTEGGIO	1	0	5000	42054	101759	48	0	0.05	0.06	-24500	
10/06/2011 12:05:06	TASTEGGIO	1	0	5000	42054	126202	49	-1	0.05	0.05	0	
10/06/2011 12:05:22	TASTEGGIO	0	1	5000	42054	126208	53	0	0.05	0.05	0	
10/06/2011 12:05:39	TASTEGGIO	0	1	5000	42054	126211	68	0	0.04	0.04	0	
10/06/2011 12:05:48	TASTEGGIO	0	1	5000	42054	101784	68	0	0.04	0.05	-24500	
10/06/2011 12:06:07	TASTEGGIO	1	0	5000	42054	126225	48	0	0.05	0.05	0	
10/06/2011 12:06:23	TASTEGGIO	0	1	5000	42054	126227	58	0	0.05	0.05	0	
10/06/2011 12:06:41	TASTEGGIO	0	1	5000	42054	126232	73	0	0.05	0.05	0	
10/06/2011 12:06:58	TASTEGGIO	0	1	5000	42054	126233	88	-1	0.04	0.04	0	
10/06/2011 12:07:08	TASTEGGIO	0	1	5000	42054	101788	88	-1	0.04	0.04	24500	
10/06/2011 12:09:07	TASTEGGIO	0	1	5000	42054	101767	88	-1	0.14	0.14	0	
10/06/2011 12:09:25	TASTEGGIO	1	0	5000	42054	101771	55	-1	0.14	0.14	0	
10/06/2011 12:09:42	TASTEGGIO	0	1	5000	42054	101772	83	0	0.13	0.13	0	
10/06/2011 12:10:00	TASTEGGIO	0	1	5000	42054	101772	119	-5	0.08	0.08	0	
10/06/2011 12:10:19	TASTEGGIO	0	2	5000	42054	101772	125	-6	0.03	0.03	0	
10/06/2011 12:10:26	TASTEGGIO	0	2	5000	42054	101768	125	-6	0.04	0.04	-44500	
10/06/2011 12:12:26	TASTEGGIO	0	2	5000	42054	101765	125	-6	0.00	0.02	-44500	
10/06/2011 12:14:24	TASTEGGIO	0	2	5000	42054	101766	125	-6	0.09	0.09	0	
10/06/2011 12:14:42	TASTEGGIO	1	0	5000	42054	101771	51	-1	0.08	0.08	0	
10/06/2011 12:14:58	TASTEGGIO	0	1	5000	42054	101773	58	0	0.08	0.08	0	
10/06/2011 12:15:16	TASTEGGIO	0	1	5000	42054	101773	82	0	0.08	0.08	0	
10/06/2011 12:15:35	TASTEGGIO	0	1	5000	42054	101773	106	-1	0.07	0.07	0	
10/06/2011 12:15:52	TASTEGGIO	0	2	5000	42054	101773	118	-2	0.05	0.05	0	
10/06/2011 12:16:10	TASTEGGIO	0	3	5000	42054	101773	124	-3	0.02	0.02	0	
10/06/2011 12:16:18	TASTEGGIO	0	3	5000	42054	101769	124	-3	0.02	0.03	24500	
10/06/2011 12:18:18	TASTEGGIO	0	3	5000	42054	101766	124	-3	0.03	0.04	-44500	
10/06/2011 12:19:31	ALARM 17	proc 12 prog 10 step 47	LavoroTerminato
10/06/2011 12:54:02	TASTEGGIO	0	3	5000	42054	101765	124	-3	0.03	0.03	44500	
10/06/2011 12:55:53	TASTEGGIO	0	3	5000	42054	101764	124	-3	0.09	0.09	-24500	
10/06/2011 12:56:11	TASTEGGIO	1	0	5000	42054	126211	51	-1	0.08	0.08	0	
10/06/2011 12:56:27	TASTEGGIO	0	1	5000	42054	126214	58	0	0.08	0.08	0	
10/06/2011 12:56:44	TASTEGGIO	0	1	5000	42054	126217	82	0	0.07	0.07	0	
10/06/2011 12:57:01	TASTEGGIO	0	2	5000	42054	126217	94	0	0.07	0.07	0	
10/06/2011 12:57:20	TASTEGGIO	0	1	5000	42054	126219	122	-8	0.02	0.02	0	
10/06/2011 12:57:29	TASTEGGIO	0	1	5000	42054	101793	122	-8	0.01	0.03	44500	
10/06/2011 12:59:46	TASTEGGIO	0	1	5000	42054	101868	122	-8	0.03	0.03	24500	
10/06/2011 13:01:48	TASTEGGIO	0	1	5000	42054	101764	122	-8	0.12	0.12	0	
10/06/2011 13:02:05	TASTEGGIO	1	0	5000	42054	101770	53	-1	0.12	0.12	0	
10/06/2011 13:02:22	TASTEGGIO	0	1	5000	42054	101770	77	0	0.12	0.12	0	
10/06/2011 13:02:39	TASTEGGIO	0	1	5000	42054	101770	113	-1	0.11	0.11	0	
10/06/2011 13:02:57	TASTEGGIO	0	1	5000	42054	101770	143	-10	0.01	0.01	0	
10/06/2011 13:03:05	TASTEGGIO	0	1	5000	42054	101767	143	-10	0.01	0.04	-44500	
10/06/2011 13:04:59	TASTEGGIO	0	1	5000	42054	101767	143	-10	0.06	0.06	0	
10/06/2011 13:05:17	TASTEGGIO	1	0	5000	42054	101771	49	-1	0.06	0.06	0	
10/06/2011 13:05:35	TASTEGGIO	0	1	5000	42054	101772	61	0	0.06	0.06	0	
10/06/2011 13:05:53	TASTEGGIO	0	1	5000	42054	101772	79	0	0.05	0.05	0	
10/06/2011 13:06:10	TASTEGGIO	0	2	5000	42054	101772	87	0	0.05	0.05	0	
10/06/2011 13:06:27	TASTEGGIO	0	1	5000	42054	101772	107	-2	0.03	0.03	0	
10/06/2011 13:06:35	TASTEGGIO	0	1	5000	42054	101768	107	-2	0.04	0.05	24500	
10/06/2011 13:06:52	TASTEGGIO	1	0	5000	42054	77322	48	0	0.04	0.04	0	
10/06/2011 13:07:01	TASTEGGIO	1	0	5000	42054	101624	48	0	0.03	0.04	-44500	
10/06/2011 13:09:01	TASTEGGIO	1	0	5000	42054	101763	48	0	0.11	0.12	-24500	
10/06/2011 13:09:21	TASTEGGIO	1	0	5000	42054	126211	53	-2	0.12	0.12	0	
10/06/2011 13:09:39	TASTEGGIO	0	1	5000	42054	126217	77	-1	0.11	0.11	0	
10/06/2011 13:09:56	TASTEGGIO	0	1	5000	42054	126220	107	-5	0.06	0.06	0	
10/06/2011 13:10:14	TASTEGGIO	0	2	5000	42054	126222	111	-4	0.02	0.02	0	
10/06/2011 13:10:23	TASTEGGIO	0	2	5000	42054	101794	111	-4	0.03	0.04	-44500	
10/06/2011 13:12:42	TASTEGGIO	0	2	5000	42053	101875	111	-4	0.02	0.03	-44500	
10/06/2011 13:14:57	TASTEGGIO	0	2	5000	42053	101868	111	-4	0.05	0.06	-24500	
10/06/2011 13:15:17	TASTEGGIO	1	0	5000	42053	126317	49	-1	0.05	0.05	0	
10/06/2011 13:15:33	TASTEGGIO	0	1	5000	42053	126323	53	0	0.05	0.05	0	
10/06/2011 13:15:50	TASTEGGIO	0	1	5000	42053	126327	68	0	0.05	0.05	0	
10/06/2011 13:16:07	TASTEGGIO	0	1	5000	42053	126328	83	0	0.04	0.04	0	
10/06/2011 13:16:17	TASTEGGIO	0	1	5000	42053	101907	83	0	0.05	0.05	-44500	
10/06/2011 13:16:35	TASTEGGIO	1	0	5000	42053	146317	48	0	0.04	0.04	0	
10/06/2011 13:16:45	TASTEGGIO	1	0	5000	42053	101901	48	0	0.05	0.05	24500	
10/06/2011 13:17:03	TASTEGGIO	1	0	5000	42053	77452	48	0	0.04	0.04	0	
10/06/2011 13:17:12	TASTEGGIO	1	0	5000	42053	101724	48	0	0.05	0.05	0	
10/06/2011 13:17:30	TASTEGGIO	1	0	5000	42053	101722	48	0	0.04	0.04	0	
10/06/2011 13:17:38	TASTEGGIO	1	0	5000	42053	101726	48	0	0.04	0.04	-44500	
10/06/2011 13:19:39	TASTEGGIO	1	0	5000	42053	101763	48	0	0.13	0.13	0	
10/06/2011 13:19:57	TASTEGGIO	1	0	5000	42053	101767	54	-1	0.12	0.12	0	
10/06/2011 13:20:15	TASTEGGIO	0	1	5000	42053	101768	76	0	0.12	0.12	0	
10/06/2011 13:20:32	TASTEGGIO	0	1	5000	42053	101769	112	-1	0.12	0.12	0	
10/06/2011 13:20:52	TASTEGGIO	0	1	5000	42053	101769	148	-9	0.03	0.03	0	
10/06/2011 13:20:59	TASTEGGIO	0	1	5000	42053	101765	148	-9	0.03	0.05	-44500	
10/06/2011 13:21:17	TASTEGGIO	1	0	5000	42053	146176	48	0	0.04	0.04	0	
10/06/2011 13:21:28	TASTEGGIO	1	0	5000	42053	101788	48	0	0.03	0.05	44500	
10/06/2011 13:21:46	TASTEGGIO	1	0	5000	42053	57355	48	0	0.05	0.05	0	
10/06/2011 13:22:00	TASTEGGIO	0	1	5000	42053	57350	58	0	0.04	0.04	0	
10/06/2011 13:22:11	TASTEGGIO	0	1	5000	42053	101623	58	0	0.03	0.05	24500	
10/06/2011 13:22:28	TASTEGGIO	1	0	5000	42053	77193	48	0	0.04	0.04	0	
10/06/2011 13:22:38	TASTEGGIO	1	0	5000	42053	101620	48	0	0.03	0.05	44500	
10/06/2011 13:22:56	TASTEGGIO	1	0	5000	42053	57191	48	0	0.04	0.04	0	
10/06/2011 13:23:06	TASTEGGIO	1	0	5000	42053	101617	48	0	0.03	0.05	-24500	
10/06/2011 13:23:25	TASTEGGIO	1	0	5000	42053	126063	48	0	0.04	0.04	0	
10/06/2011 13:23:35	TASTEGGIO	1	0	5000	42053	101770	48	0	0.03	0.05	24500	
10/06/2011 13:23:52	TASTEGGIO	1	0	5000	42053	77336	48	0	0.04	0.04	0	
10/06/2011 13:24:02	TASTEGGIO	1	0	5000	42053	101624	48	0	0.03	0.05	24500	
10/06/2011 13:24:20	TASTEGGIO	1	0	5000	42053	77196	48	0	0.04	0.04	0	
10/06/2011 13:24:29	TASTEGGIO	1	0	5000	42053	101622	48	0	0.03	0.05	44500	
10/06/2011 13:24:47	TASTEGGIO	1	0	5000	42053	57193	48	0	0.04	0.04	0	
10/06/2011 13:24:57	TASTEGGIO	1	0	5000	42053	101619	48	0	0.03	0.04	-44500	
10/06/2011 13:26:58	TASTEGGIO	1	0	5000	42053	101768	48	0	0.05	0.06	24500	
10/06/2011 13:27:16	TASTEGGIO	1	0	5000	42053	77327	49	-1	0.05	0.05	0	
10/06/2011 13:27:30	TASTEGGIO	0	1	5000	42053	77326	53	0	0.05	0.05	0	
10/06/2011 13:27:45	TASTEGGIO	0	1	5000	42053	77324	68	0	0.04	0.04	0	
10/06/2011 13:27:54	TASTEGGIO	0	1	5000	42053	101626	68	0	0.05	0.05	24500	
10/06/2011 13:28:12	TASTEGGIO	1	0	5000	42053	77195	48	0	0.05	0.05	0	
10/06/2011 13:28:26	TASTEGGIO	0	1	5000	42053	77187	58	0	0.05	0.05	0	
10/06/2011 13:28:43	TASTEGGIO	0	1	5000	42053	77182	73	0	0.05	0.05	0	
10/06/2011 13:29:00	TASTEGGIO	0	1	5000	42053	77176	88	0	0.05	0.05	0	
10/06/2011 13:29:16	TASTEGGIO	0	1	5000	42053	77170	103	0	0.04	0.04	0	
10/06/2011 13:29:25	TASTEGGIO	0	1	5000	42053	101623	103	0	0.05	0.05	0	
10/06/2011 13:29:43	TASTEGGIO	1	0	5000	42053	101620	48	0	0.04	0.04	0	
10/06/2011 13:29:50	TASTEGGIO	1	0	5000	42053	101624	48	0	0.04	0.04	0	
10/06/2011 13:31:49	TASTEGGIO	1	0	5000	42053	101766	48	0	0.08	0.09	24500	
10/06/2011 13:32:07	TASTEGGIO	1	0	5000	42053	77325	51	-1	0.07	0.07	0	
10/06/2011 13:32:22	TASTEGGIO	0	1	5000	42053	77324	56	0	0.07	0.07	0	
10/06/2011 13:32:37	TASTEGGIO	0	1	5000	42053	77323	77	0	0.07	0.07	0	
10/06/2011 13:32:54	TASTEGGIO	0	1	5000	42053	77321	98	0	0.07	0.07	0	
10/06/2011 13:33:12	TASTEGGIO	0	1	5000	42053	77320	119	-1	0.05	0.05	0	
10/06/2011 13:33:29	TASTEGGIO	0	2	5000	42053	77318	124	-1	0.05	0.05	0	
10/06/2011 13:33:47	TASTEGGIO	0	1	5000	42053	77316	144	-8	0.03	0.03	0	
10/06/2011 13:33:57	TASTEGGIO	0	1	5000	42053	101631	144	-8	0.01	0.02	24500	
10/06/2011 13:35:56	TASTEGGIO	0	1	5000	42053	101761	144	-8	0.07	0.08	-24500	
10/06/2011 13:36:16	TASTEGGIO	1	0	5000	42053	126201	50	-1	0.07	0.07	0	
10/06/2011 13:36:32	TASTEGGIO	0	1	5000	42053	126208	56	0	0.06	0.06	0	
10/06/2011 13:36:49	TASTEGGIO	0	2	5000	42053	126214	66	0	0.06	0.06	0	
10/06/2011 13:37:07	TASTEGGIO	0	1	5000	42053	126219	90	-1	0.05	0.05	0	
10/06/2011 13:37:24	TASTEGGIO	0	2	5000	42053	126221	98	0	0.04	0.04	0	
10/06/2011 13:37:34	TASTEGGIO	0	2	5000	42053	101786	98	0	0.05	0.05	24500	
10/06/2011 13:37:51	TASTEGGIO	1	0	5000	42053	77338	48	0	0.05	0.05	0	
10/06/2011 13:38:06	TASTEGGIO	0	1	5000	42053	77337	58	0	0.05	0.05	0	
10/06/2011 13:38:22	TASTEGGIO	0	1	5000	42053	77338	73	0	0.04	0.04	0	
10/06/2011 13:38:31	TASTEGGIO	0	1	5000	42053	101637	73	0	0.05	0.06	24500	
10/06/2011 13:38:49	TASTEGGIO	1	0	5000	42053	77196	49	0	0.04	0.04	0	
10/06/2011 13:38:58	TASTEGGIO	1	0	5000	42053	101629	49	0	0.05	0.05	0	
10/06/2011 13:39:16	TASTEGGIO	1	0	5000	42053	101627	48	0	0.05	0.05	0	
10/06/2011 13:39:34	TASTEGGIO	0	1	5000	42053	101627	58	0	0.05	0.05	0	
10/06/2011 13:39:50	TASTEGGIO	0	1	5000	42053	101627	73	0	0.04	0.04	0	
10/06/2011 13:39:57	TASTEGGIO	0	1	5000	42053	101639	73	0	0.04	0.04	-44500	
10/06/2011 13:41:45	TASTEGGIO	0	1	5000	42053	101767	73	0	0.04	0.04	0	
10/06/2011 13:43:49	TASTEGGIO	0	1	5000	42053	101769	73	0	0.10	0.10	0	
10/06/2011 13:44:07	TASTEGGIO	1	0	5000	42053	101778	52	-2	0.09	0.09	0	
10/06/2011 13:44:24	TASTEGGIO	0	1	5000	42053	101777	60	-1	0.09	0.09	0	
10/06/2011 13:44:41	TASTEGGIO	0	1	5000	42053	101778	87	0	0.09	0.09	0	
10/06/2011 13:44:59	TASTEGGIO	0	1	5000	42053	101778	114	-1	0.07	0.07	0	
10/06/2011 13:45:18	TASTEGGIO	0	2	5000	42053	101778	121	-1	0.07	0.07	0	
10/06/2011 13:45:36	TASTEGGIO	0	1	5000	42053	101778	149	-13	0.06	0.06	0	
10/06/2011 13:45:55	TASTEGGIO	0	1	5000	42053	101778	143	-29	0.22	0.22	0	
10/06/2011 13:46:11	TASTEGGIO	0	1	5000	42053	101778	62	-6	0.16	0.16	0	
10/06/2011 13:46:28	TASTEGGIO	0	2	5000	42053	101778	78	-3	0.13	0.13	0	
10/06/2011 13:46:46	TASTEGGIO	0	3	5000	42053	101778	109	-6	0.07	0.07	0	
10/06/2011 13:47:05	TASTEGGIO	0	4	5000	42053	101778	116	-3	0.04	0.04	0	
10/06/2011 13:47:13	TASTEGGIO	0	4	5000	42053	101772	116	-3	0.04	0.05	-24500	
10/06/2011 13:47:32	TASTEGGIO	1	0	5000	42053	126203	48	0	0.05	0.05	0	
10/06/2011 13:47:49	TASTEGGIO	0	1	5000	42053	126210	58	0	0.05	0.05	0	
10/06/2011 13:48:06	TASTEGGIO	0	1	5000	42053	126216	73	0	0.04	0.04	0	
10/06/2011 13:48:15	TASTEGGIO	0	1	5000	42053	101785	73	0	0.04	0.05	24500	
10/06/2011 13:48:33	TASTEGGIO	1	0	5000	42053	77335	48	0	0.04	0.04	0	
10/06/2011 13:48:42	TASTEGGIO	1	0	5000	42053	101626	48	0	0.04	0.05	24500	
10/06/2011 13:49:00	TASTEGGIO	1	0	5000	42053	77185	48	0	0.04	0.04	0	
10/06/2011 13:49:09	TASTEGGIO	1	0	5000	42053	101622	48	0	0.04	0.05	24500	
10/06/2011 13:49:27	TASTEGGIO	1	0	5000	42053	77191	48	0	0.04	0.04	0	
10/06/2011 13:49:36	TASTEGGIO	1	0	5000	42053	101618	48	0	0.04	0.05	-44500	
10/06/2011 13:49:55	TASTEGGIO	1	0	5000	42053	146051	48	0	0.04	0.04	0	
10/06/2011 13:50:05	TASTEGGIO	1	0	5000	42053	101773	48	0	0.04	0.05	24500	
10/06/2011 13:50:22	TASTEGGIO	1	0	5000	42053	77335	48	0	0.04	0.04	0	
10/06/2011 13:50:32	TASTEGGIO	1	0	5000	42053	101623	48	0	0.04	0.04	-24500	
10/06/2011 13:52:37	TASTEGGIO	1	0	5000	42053	101762	48	0	0.09	0.09	0	
10/06/2011 13:52:55	TASTEGGIO	1	0	5000	42053	101770	51	-1	0.08	0.08	0	
10/06/2011 13:53:12	TASTEGGIO	0	1	5000	42053	101770	58	0	0.08	0.08	0	
10/06/2011 13:53:28	TASTEGGIO	0	1	5000	42053	101770	82	0	0.08	0.08	0	
10/06/2011 13:53:47	TASTEGGIO	0	1	5000	42053	101770	106	-1	0.07	0.07	0	
10/06/2011 13:54:05	TASTEGGIO	0	2	5000	42053	101770	118	-2	0.05	0.05	0	
10/06/2011 13:54:24	TASTEGGIO	0	3	5000	42053	101770	124	-2	0.04	0.04	0	
10/06/2011 13:54:32	TASTEGGIO	0	3	5000	42053	101765	124	-2	0.04	0.05	44500	
10/06/2011 13:54:50	TASTEGGIO	1	0	5000	42053	57331	48	0	0.04	0.04	0	
10/06/2011 13:55:00	TASTEGGIO	1	0	5000	42053	101624	48	0	0.04	0.05	-24500	
10/06/2011 13:55:19	TASTEGGIO	1	0	5000	42053	126061	48	0	0.04	0.04	0	
10/06/2011 13:55:29	TASTEGGIO	1	0	5000	42053	101774	48	0	0.04	0.05	-24500	
10/06/2011 13:55:48	TASTEGGIO	1	0	5000	42053	126210	48	0	0.04	0.04	0	
10/06/2011 13:55:58	TASTEGGIO	1	0	5000	42053	101781	48	0	0.04	0.05	-44500	
10/06/2011 13:56:16	TASTEGGIO	1	0	5000	42053	146205	48	0	0.04	0.04	0	
10/06/2011 13:56:26	TASTEGGIO	1	0	5000	42053	101780	48	0	0.04	0.05	-44500	
10/06/2011 13:56:44	TASTEGGIO	1	0	5000	42053	146198	48	0	0.04	0.04	0	
10/06/2011 13:56:55	TASTEGGIO	1	0	5000	42053	101783	48	0	0.03	0.05	-24500	
10/06/2011 13:59:12	TASTEGGIO	1	0	5000	42053	101767	48	0	0.20	0.20	0	
10/06/2011 13:59:30	TASTEGGIO	1	0	5000	42053	101775	59	-1	0.20	0.20	0	
10/06/2011 13:59:47	TASTEGGIO	0	1	5000	42053	101775	99	0	0.19	0.19	0	
10/06/2011 14:00:07	TASTEGGIO	0	1	5000	42053	101775	153	-8	0.12	0.12	0	
10/06/2011 14:00:08	ALARM 401		
10/06/2011 14:00:41	TASTEGGIO	0	1	5000	42053	101769	153	-8	0.12	0.12	24500	
10/06/2011 14:00:59	TASTEGGIO	1	0	5000	42053	77335	55	0	0.12	0.12	0	
10/06/2011 14:01:15	TASTEGGIO	0	1	5000	42053	77333	79	0	0.12	0.12	0	
10/06/2011 14:01:33	TASTEGGIO	0	1	5000	42053	77329	115	0	0.11	0.11	0	
10/06/2011 14:01:51	TASTEGGIO	0	1	5000	42053	77325	145	-2	0.09	0.09	0	
10/06/2011 14:02:09	TASTEGGIO	0	2	5000	42053	77321	159	-4	0.05	0.05	0	
10/06/2011 14:02:28	TASTEGGIO	0	3	5000	42053	77318	163	-3	0.02	0.02	0	
10/06/2011 14:02:37	TASTEGGIO	0	3	5000	42053	101623	163	-3	0.03	0.07	-44500	
10/06/2011 14:02:55	TASTEGGIO	1	0	5000	42053	146042	50	0	0.07	0.07	0	
10/06/2011 14:03:11	TASTEGGIO	0	1	5000	42053	146043	64	0	0.06	0.06	0	
10/06/2011 14:03:25	TASTEGGIO	0	2	5000	42053	146044	74	0	0.06	0.06	0	
10/06/2011 14:03:42	TASTEGGIO	0	1	5000	42053	146044	98	0	0.06	0.06	0	
10/06/2011 14:03:58	TASTEGGIO	0	1	5000	42053	146044	116	-1	0.04	0.04	0	
10/06/2011 14:04:09	TASTEGGIO	0	1	5000	42053	101779	116	-1	0.03	0.06	-44500	
10/06/2011 14:04:27	TASTEGGIO	1	0	5000	42053	146204	50	0	0.05	0.05	0	
10/06/2011 14:04:41	TASTEGGIO	0	1	5000	42053	146204	54	0	0.05	0.05	0	
10/06/2011 14:04:51	TASTEGGIO	0	1	5000	42053	101783	54	0	0.02	0.05	-44500	
10/06/2011 14:06:53	TASTEGGIO	0	1	5000	42053	101771	54	0	0.10	0.10	0	
10/06/2011 14:07:11	TASTEGGIO	1	0	5000	42053	101776	53	-1	0.10	0.10	0	
10/06/2011 14:07:29	TASTEGGIO	0	1	5000	42053	101777	73	0	0.09	0.09	0	
10/06/2011 14:07:47	TASTEGGIO	0	2	5000	42053	101777	89	0	0.09	0.09	0	
10/06/2011 14:08:05	TASTEGGIO	0	1	5000	42053	101777	125	-2	0.06	0.06	0	
10/06/2011 14:08:24	TASTEGGIO	0	2	5000	42053	101777	130	-2	0.05	0.05	0	
10/06/2011 14:08:43	TASTEGGIO	0	3	5000	42053	101777	142	-5	0.01	0.01	0	
10/06/2011 14:08:50	TASTEGGIO	0	3	5000	42053	101773	142	-5	0.01	0.03	-44500	
10/06/2011 14:11:07	TASTEGGIO	0	3	5000	42053	101766	142	-5	0.10	0.10	0	
10/06/2011 14:11:26	TASTEGGIO	1	0	5000	42053	101771	53	-1	0.10	0.10	0	
10/06/2011 14:11:44	TASTEGGIO	0	1	5000	42053	101772	73	0	0.09	0.09	0	
10/06/2011 14:12:01	TASTEGGIO	0	2	5000	42053	101773	89	0	0.09	0.09	0	
10/06/2011 14:12:18	TASTEGGIO	0	1	5000	42053	101772	125	-6	0.03	0.03	0	
10/06/2011 14:12:26	TASTEGGIO	0	1	5000	42053	101768	125	-6	0.03	0.05	24500	
10/06/2011 14:12:44	TASTEGGIO	1	0	5000	42053	77327	49	0	0.04	0.04	0	
10/06/2011 14:12:53	TASTEGGIO	1	0	5000	42053	101633	49	0	0.04	0.07	24500	
10/06/2011 14:13:10	TASTEGGIO	1	0	5000	42053	77193	50	0	0.05	0.05	0	
10/06/2011 14:13:23	TASTEGGIO	0	1	5000	42053	77188	53	0	0.04	0.04	0	
10/06/2011 14:13:33	TASTEGGIO	0	1	5000	42053	101619	53	0	0.04	0.05	44500	
10/06/2011 14:13:51	TASTEGGIO	1	0	5000	42053	57191	49	0	0.04	0.04	0	
10/06/2011 14:14:01	TASTEGGIO	1	0	5000	42053	101623	49	0	0.03	0.05	24500	
10/06/2011 14:14:18	TASTEGGIO	1	0	5000	42053	77197	49	0	0.04	0.04	0	
10/06/2011 14:14:28	TASTEGGIO	1	0	5000	42053	101619	49	0	0.03	0.05	24500	
10/06/2011 14:14:45	TASTEGGIO	1	0	5000	42053	77190	49	0	0.04	0.04	0	
10/06/2011 14:14:55	TASTEGGIO	1	0	5000	42053	101616	49	0	0.03	0.06	24500	
10/06/2011 14:15:13	TASTEGGIO	1	0	5000	42053	77191	50	0	0.04	0.04	0	
10/06/2011 14:15:22	TASTEGGIO	1	0	5000	42053	101618	50	0	0.03	0.06	24500	
10/06/2011 14:15:40	TASTEGGIO	1	0	5000	42053	77192	50	0	0.05	0.05	0	
10/06/2011 14:15:54	TASTEGGIO	0	1	5000	42053	77183	54	0	0.04	0.04	0	
10/06/2011 14:16:03	TASTEGGIO	0	1	5000	42053	101611	54	0	0.04	0.05	24500	
10/06/2011 14:16:21	TASTEGGIO	1	0	5000	42053	77187	49	0	0.04	0.04	0	
10/06/2011 14:16:30	TASTEGGIO	1	0	5000	42053	101613	49	0	0.03	0.06	24500	
10/06/2011 14:16:48	TASTEGGIO	1	0	5000	42053	77190	50	0	0.04	0.04	0	
10/06/2011 14:16:58	TASTEGGIO	1	0	5000	42053	101615	50	0	0.03	0.05	24500	
10/06/2011 14:17:15	TASTEGGIO	1	0	5000	42053	77195	49	0	0.05	0.05	0	
10/06/2011 14:17:31	TASTEGGIO	0	1	5000	42053	77186	59	0	0.05	0.05	0	
10/06/2011 14:17:46	TASTEGGIO	0	1	5000	42053	77181	74	0	0.04	0.04	0	
10/06/2011 14:17:56	TASTEGGIO	0	1	5000	42053	101611	74	0	0.03	0.06	24500	
10/06/2011 14:18:13	TASTEGGIO	1	0	5000	42053	77189	50	0	0.04	0.04	0	
10/06/2011 14:18:23	TASTEGGIO	1	0	5000	42053	101622	50	0	0.03	0.06	24500	
10/06/2011 14:18:41	TASTEGGIO	1	0	5000	42053	77193	50	0	0.04	0.04	0	
10/06/2011 14:18:50	TASTEGGIO	1	0	5000	42053	101621	50	0	0.03	0.06	24500	
10/06/2011 14:19:08	TASTEGGIO	1	0	5000	42053	77195	50	0	0.04	0.04	0	
10/06/2011 14:19:17	TASTEGGIO	1	0	5000	42053	101621	50	0	0.03	0.06	24500	
10/06/2011 14:19:35	TASTEGGIO	1	0	5000	42053	77198	50	0	0.04	0.04	0	
10/06/2011 14:19:44	TASTEGGIO	1	0	5000	42053	101617	50	0	0.03	0.05	24500	
10/06/2011 14:20:02	TASTEGGIO	1	0	5000	42053	77198	49	0	0.05	0.05	0	
10/06/2011 14:20:16	TASTEGGIO	0	1	5000	42053	77192	59	0	0.04	0.04	0	
10/06/2011 14:20:26	TASTEGGIO	0	1	5000	42053	101621	59	0	0.03	0.05	24500	
10/06/2011 14:20:44	TASTEGGIO	1	0	5000	42053	77199	49	0	0.04	0.04	0	
10/06/2011 14:20:53	TASTEGGIO	1	0	5000	42053	101616	49	0	0.03	0.05	24500	
10/06/2011 14:21:11	TASTEGGIO	1	0	5000	42053	77194	49	0	0.04	0.04	0	
10/06/2011 14:21:20	TASTEGGIO	1	0	5000	42053	101619	49	0	0.03	0.06	24500	
10/06/2011 14:21:38	TASTEGGIO	1	0	5000	42053	77192	50	0	0.05	0.05	0	
10/06/2011 14:21:52	TASTEGGIO	0	1	5000	42053	77184	54	0	0.04	0.04	0	
10/06/2011 14:22:02	TASTEGGIO	0	1	5000	42053	101622	54	0	0.03	0.05	24500	
10/06/2011 14:22:19	TASTEGGIO	1	0	5000	42053	77200	49	0	0.04	0.04	0	
10/06/2011 14:22:29	TASTEGGIO	1	0	5000	42053	101622	49	0	0.03	0.05	24500	
10/06/2011 14:22:47	TASTEGGIO	1	0	5000	42053	77202	49	0	0.04	0.04	0	
10/06/2011 14:22:56	TASTEGGIO	1	0	5000	42053	101622	49	0	0.03	0.05	24500	
10/06/2011 14:23:14	TASTEGGIO	1	0	5000	42053	77201	49	0	0.05	0.05	0	
10/06/2011 14:23:29	TASTEGGIO	0	1	5000	42053	77195	59	0	0.04	0.04	0	
10/06/2011 14:23:39	TASTEGGIO	0	1	5000	42053	101623	59	0	0.03	0.07	24500	
10/06/2011 14:23:56	TASTEGGIO	1	0	5000	42053	77199	50	0	0.04	0.04	0	
10/06/2011 14:24:05	TASTEGGIO	1	0	5000	42053	101623	50	0	0.03	0.05	24500	
10/06/2011 14:24:22	TASTEGGIO	1	0	5000	42053	77202	49	0	0.05	0.05	0	
10/06/2011 14:24:38	TASTEGGIO	0	1	5000	42053	77195	59	0	0.04	0.04	0	
10/06/2011 14:24:47	TASTEGGIO	0	1	5000	42053	101618	59	0	0.03	0.05	24500	
10/06/2011 14:26:58	TASTEGGIO	1	0	5000	42053	101761	49	0	0.02	0.03	24500	
10/06/2011 14:28:58	TASTEGGIO	1	0	5000	42053	101760	49	0	0.05	0.05	-24500	
10/06/2011 14:29:17	TASTEGGIO	1	0	5000	42053	126208	49	-1	0.04	0.04	0	
10/06/2011 14:29:27	TASTEGGIO	1	0	5000	42053	101781	49	-1	0.05	0.06	24500	
10/06/2011 14:29:45	TASTEGGIO	1	0	5000	42053	77339	50	0	0.04	0.04	0	
10/06/2011 14:29:54	TASTEGGIO	1	0	5000	42053	101628	50	0	0.05	0.05	24500	
10/06/2011 14:30:12	TASTEGGIO	1	0	5000	42053	77188	49	0	0.04	0.04	0	
10/06/2011 14:30:21	TASTEGGIO	1	0	5000	42053	101624	49	0	0.04	0.06	24500	
10/06/2011 14:30:39	TASTEGGIO	1	0	5000	42053	77199	50	0	0.04	0.04	0	
10/06/2011 14:30:49	TASTEGGIO	1	0	5000	42053	101623	50	0	0.04	0.05	24500	
10/06/2011 14:32:48	TASTEGGIO	1	0	5000	42053	101868	50	0	0.02	0.04	24500	
10/06/2011 14:34:49	TASTEGGIO	1	0	5000	42053	101764	50	0	0.07	0.08	24500	
10/06/2011 14:35:06	TASTEGGIO	1	0	5000	42053	77326	51	-1	0.07	0.07	0	
10/06/2011 14:35:20	TASTEGGIO	0	1	5000	42053	77325	57	0	0.06	0.06	0	
10/06/2011 14:35:36	TASTEGGIO	0	2	5000	42053	77324	67	0	0.06	0.06	0	
10/06/2011 14:35:53	TASTEGGIO	0	1	5000	42053	77321	91	0	0.06	0.06	0	
10/06/2011 14:36:11	TASTEGGIO	0	1	5000	42053	77319	109	0	0.05	0.05	0	
10/06/2011 14:36:20	TASTEGGIO	0	1	5000	42053	101636	109	0	0.06	0.06	24500	
10/06/2011 14:36:38	TASTEGGIO	1	0	5000	42053	77189	50	0	0.05	0.05	0	
10/06/2011 14:36:48	TASTEGGIO	1	0	5000	42053	101623	50	0	0.07	0.07	24500	
10/06/2011 14:37:05	TASTEGGIO	1	0	5000	42053	77188	50	0	0.05	0.05	0	
10/06/2011 14:37:15	TASTEGGIO	1	0	5000	42053	101624	50	0	0.07	0.07	0	
10/06/2011 14:37:33	TASTEGGIO	1	0	5000	42053	101622	50	0	0.06	0.06	0	
10/06/2011 14:37:49	TASTEGGIO	0	1	5000	42053	101622	55	0	0.06	0.06	0	
10/06/2011 14:38:05	TASTEGGIO	0	1	5000	42053	101622	73	0	0.06	0.06	0	
10/06/2011 14:38:24	TASTEGGIO	0	1	5000	42053	101621	91	0	0.05	0.05	0	
10/06/2011 14:38:31	TASTEGGIO	0	1	5000	42053	101631	91	0	0.06	0.06	-24500	
10/06/2011 14:38:51	TASTEGGIO	1	0	5000	42053	126074	50	0	0.05	0.05	0	
10/06/2011 14:39:00	TASTEGGIO	1	0	5000	42053	101767	50	0	0.05	0.06	24500	
10/06/2011 14:39:18	TASTEGGIO	1	0	5000	42053	77327	50	0	0.05	0.05	0	
10/06/2011 14:39:27	TASTEGGIO	1	0	5000	42053	101625	50	0	0.05	0.05	24500	
10/06/2011 14:41:25	TASTEGGIO	1	0	5000	42053	101758	50	0	0.07	0.07	24500	
10/06/2011 14:41:43	TASTEGGIO	1	0	5000	42053	77321	50	-1	0.06	0.06	0	
10/06/2011 14:41:58	TASTEGGIO	0	1	5000	42053	77320	55	0	0.06	0.06	0	
10/06/2011 14:42:15	TASTEGGIO	0	1	5000	42053	77320	73	0	0.05	0.05	0	
10/06/2011 14:42:24	TASTEGGIO	0	1	5000	42053	101630	73	0	0.07	0.07	24500	
10/06/2011 14:42:42	TASTEGGIO	1	0	5000	42053	77190	50	0	0.05	0.05	0	
10/06/2011 14:42:51	TASTEGGIO	1	0	5000	42053	101624	50	0	0.07	0.07	0	
10/06/2011 14:43:09	TASTEGGIO	1	0	5000	42053	101621	50	0	0.06	0.06	0	
10/06/2011 14:43:26	TASTEGGIO	0	1	5000	42053	101622	55	0	0.06	0.06	0	
10/06/2011 14:43:44	TASTEGGIO	0	1	5000	42053	101621	73	0	0.06	0.06	0	
10/06/2011 14:44:01	TASTEGGIO	0	1	5000	42053	101622	91	0	0.05	0.05	0	
10/06/2011 14:44:09	TASTEGGIO	0	1	5000	42053	101635	91	0	0.05	0.05	0	
10/06/2011 14:46:06	TASTEGGIO	0	1	5000	42054	101868	91	0	0.04	0.06	24500	
10/06/2011 14:46:24	TASTEGGIO	1	0	5000	42054	77428	50	-1	0.03	0.03	0	
10/06/2011 14:46:34	TASTEGGIO	1	0	5000	42054	101730	50	-1	0.04	0.04	0	
10/06/2011 14:48:24	TASTEGGIO	1	0	5000	42054	101761	50	-1	0.03	0.03	-24500	
10/06/2011 14:50:24	TASTEGGIO	1	0	5000	42054	101764	50	-1	0.08	0.09	24500	
10/06/2011 14:50:41	TASTEGGIO	1	0	5000	42054	77331	52	-1	0.08	0.08	0	
10/06/2011 14:50:57	TASTEGGIO	0	1	5000	42054	77330	59	0	0.08	0.08	0	
10/06/2011 14:51:14	TASTEGGIO	0	1	5000	42054	77328	83	0	0.08	0.08	0	
10/06/2011 14:51:31	TASTEGGIO	0	1	5000	42054	77324	107	0	0.07	0.07	0	
10/06/2011 14:51:49	TASTEGGIO	0	2	5000	42054	77322	119	0	0.06	0.06	0	
10/06/2011 14:52:07	TASTEGGIO	0	3	5000	42054	77318	134	-3	0.03	0.03	0	
10/06/2011 14:52:17	TASTEGGIO	0	3	5000	42054	101636	134	-3	0.04	0.05	24500	
10/06/2011 14:54:15	TASTEGGIO	0	3	5000	42054	101759	134	-3	0.05	0.06	24500	
10/06/2011 14:54:33	TASTEGGIO	1	0	5000	42054	77311	50	-1	0.04	0.04	0	
10/06/2011 14:54:42	TASTEGGIO	1	0	5000	42054	101629	50	-1	0.05	0.06	24500	
10/06/2011 14:55:01	TASTEGGIO	1	0	5000	42054	77197	50	0	0.04	0.04	0	
10/06/2011 14:55:10	TASTEGGIO	1	0	5000	42054	101625	50	0	0.05	0.06	24500	
10/06/2011 14:55:28	TASTEGGIO	1	0	5000	42054	77196	50	0	0.04	0.04	0	
10/06/2011 14:55:37	TASTEGGIO	1	0	5000	42054	101619	50	0	0.05	0.06	24500	
10/06/2011 14:55:55	TASTEGGIO	1	0	5000	42054	77198	50	0	0.05	0.05	0	
10/06/2011 14:56:09	TASTEGGIO	0	1	5000	42054	77189	54	0	0.04	0.04	0	
10/06/2011 14:56:19	TASTEGGIO	0	1	5000	42054	101617	54	0	0.05	0.05	0	
10/06/2011 14:56:37	TASTEGGIO	1	0	5000	42054	101614	49	0	0.04	0.04	0	
10/06/2011 14:56:44	TASTEGGIO	1	0	5000	42054	101618	49	0	0.05	0.06	24500	
10/06/2011 14:57:01	TASTEGGIO	1	0	5000	42054	77194	50	0	0.04	0.04	0	
10/06/2011 14:57:10	TASTEGGIO	1	0	5000	42054	101616	50	0	0.05	0.06	24500	
10/06/2011 14:57:28	TASTEGGIO	1	0	5000	42054	77193	50	0	0.04	0.04	0	
10/06/2011 14:57:37	TASTEGGIO	1	0	5000	42054	101618	50	0	0.04	0.05	24500	
10/06/2011 14:57:55	TASTEGGIO	1	0	5000	42054	77194	49	0	0.04	0.04	0	
10/06/2011 14:58:04	TASTEGGIO	1	0	5000	42054	101618	49	0	0.04	0.05	24500	
10/06/2011 14:58:22	TASTEGGIO	1	0	5000	42054	77200	49	0	0.04	0.04	0	
10/06/2011 14:58:31	TASTEGGIO	1	0	5000	42054	101616	49	0	0.05	0.06	24500	
10/06/2011 14:58:49	TASTEGGIO	1	0	5000	42054	77197	50	0	0.04	0.04	0	
10/06/2011 14:58:59	TASTEGGIO	1	0	5000	42054	101617	50	0	0.04	0.06	24500	
10/06/2011 14:59:17	TASTEGGIO	1	0	5000	42054	77194	50	0	0.04	0.04	0	
10/06/2011 14:59:26	TASTEGGIO	1	0	5000	42054	101620	50	0	0.04	0.05	24500	
10/06/2011 14:59:44	TASTEGGIO	1	0	5000	42054	77198	49	0	0.04	0.04	0	
10/06/2011 14:59:53	TASTEGGIO	1	0	5000	42054	101622	49	0	0.04	0.06	24500	
10/06/2011 15:00:11	TASTEGGIO	1	0	5000	42054	77203	50	0	0.04	0.04	0	
10/06/2011 15:00:21	TASTEGGIO	1	0	5000	42054	101619	50	0	0.05	0.05	24500	
10/06/2011 15:00:39	TASTEGGIO	1	0	5000	42054	77195	49	0	0.04	0.04	0	
10/06/2011 15:00:48	TASTEGGIO	1	0	5000	42054	101620	49	0	0.05	0.05	24500	
10/06/2011 15:01:06	TASTEGGIO	1	0	5000	42054	77198	49	0	0.04	0.04	0	
10/06/2011 15:01:15	TASTEGGIO	1	0	5000	42054	101621	49	0	0.04	0.05	24500	
10/06/2011 15:01:33	TASTEGGIO	1	0	5000	42054	77201	49	0	0.04	0.04	0	
10/06/2011 15:01:42	TASTEGGIO	1	0	5000	42054	101613	49	0	0.04	0.04	-24500	
10/06/2011 15:03:57	TASTEGGIO	1	0	5000	42054	101761	49	0	0.06	0.06	24500	
10/06/2011 15:04:14	TASTEGGIO	1	0	5000	42054	77327	50	-1	0.04	0.04	0	
10/06/2011 15:04:24	TASTEGGIO	1	0	5000	42054	101628	50	-1	0.05	0.06	-24500	
10/06/2011 15:04:43	TASTEGGIO	1	0	5000	42054	126067	50	0	0.05	0.05	0	
10/06/2011 15:04:59	TASTEGGIO	0	1	5000	42054	126074	54	0	0.04	0.04	0	
10/06/2011 15:05:08	TASTEGGIO	0	1	5000	42054	101774	54	0	0.05	0.05	24500	
10/06/2011 15:05:26	TASTEGGIO	1	0	5000	42054	77329	49	0	0.04	0.04	0	
10/06/2011 15:05:36	TASTEGGIO	1	0	5000	42054	101629	49	0	0.05	0.06	-24500	
10/06/2011 15:05:55	TASTEGGIO	1	0	5000	42054	126072	50	0	0.05	0.05	0	
10/06/2011 15:06:11	TASTEGGIO	0	1	5000	42054	126078	54	0	0.05	0.05	0	
10/06/2011 15:06:29	TASTEGGIO	0	1	5000	42054	126084	69	0	0.05	0.05	0	
10/06/2011 15:06:46	TASTEGGIO	0	1	5000	42054	126088	84	0	0.04	0.04	0	
10/06/2011 15:06:55	TASTEGGIO	0	1	5000	42054	101782	84	0	0.04	0.04	24500	
10/06/2011 15:08:51	TASTEGGIO	0	1	5000	42054	101768	84	0	0.04	0.06	24500	
10/06/2011 15:09:09	TASTEGGIO	1	0	5000	42054	77329	50	-1	0.04	0.04	0	
10/06/2011 15:09:19	TASTEGGIO	1	0	5000	42054	101626	50	-1	0.04	0.05	24500	
10/06/2011 15:09:36	TASTEGGIO	1	0	5000	42054	77194	49	0	0.03	0.03	0	
10/06/2011 15:09:46	TASTEGGIO	1	0	5000	42054	101623	49	0	0.04	0.05	24500	
10/06/2011 15:10:03	TASTEGGIO	1	0	5000	42054	77196	49	0	0.04	0.04	0	
10/06/2011 15:10:13	TASTEGGIO	1	0	5000	42054	101617	49	0	0.04	0.05	24500	
10/06/2011 15:10:31	TASTEGGIO	1	0	5000	42054	77194	49	0	0.04	0.04	0	
10/06/2011 15:10:40	TASTEGGIO	1	0	5000	42054	101614	49	0	0.04	0.04	0	
10/06/2011 15:12:32	TASTEGGIO	1	0	5000	42054	101762	49	0	0.03	0.04	24500	
10/06/2011 15:14:20	TASTEGGIO	1	0	5000	42054	101763	49	0	0.02	0.02	24500	
10/06/2011 15:16:09	TASTEGGIO	1	0	5000	42054	101758	49	0	0.08	0.08	24500	
10/06/2011 15:16:27	TASTEGGIO	1	0	5000	42054	77325	51	-1	0.08	0.08	0	
10/06/2011 15:16:43	TASTEGGIO	0	1	5000	42054	77321	67	-2	0.07	0.07	0	
10/06/2011 15:16:59	TASTEGGIO	0	2	5000	42054	77318	79	0	0.07	0.07	0	
10/06/2011 15:17:17	TASTEGGIO	0	1	5000	42054	77316	107	0	0.06	0.06	0	
10/06/2011 15:17:36	TASTEGGIO	0	2	5000	42054	77314	117	0	0.07	0.07	0	
10/06/2011 15:17:55	TASTEGGIO	0	1	5000	42054	77312	149	-9	0.04	0.04	0	
10/06/2011 15:18:05	TASTEGGIO	0	1	5000	42054	101632	149	-9	0.04	0.06	24500	
10/06/2011 15:18:23	TASTEGGIO	1	0	5000	42054	77195	50	-1	0.03	0.03	0	
10/06/2011 15:18:32	TASTEGGIO	1	0	5000	42054	101619	50	-1	0.03	0.04	24500	
10/06/2011 15:20:30	TASTEGGIO	1	0	5000	42054	101763	50	-1	0.06	0.06	24500	
10/06/2011 15:20:48	TASTEGGIO	1	0	5000	42054	77330	50	-2	0.05	0.05	0	
10/06/2011 15:21:02	TASTEGGIO	0	1	5000	42054	77329	54	0	0.05	0.05	0	
10/06/2011 15:21:18	TASTEGGIO	0	1	5000	42054	77327	69	0	0.05	0.05	0	
10/06/2011 15:21:34	TASTEGGIO	0	1	5000	42054	77323	84	0	0.04	0.04	0	
10/06/2011 15:21:44	TASTEGGIO	0	1	5000	42054	101632	84	0	0.05	0.05	24500	
10/06/2011 15:22:01	TASTEGGIO	1	0	5000	42054	77194	49	0	0.04	0.04	0	
10/06/2011 15:22:11	TASTEGGIO	1	0	5000	42054	101625	49	0	0.05	0.05	-24500	
10/06/2011 15:22:31	TASTEGGIO	1	0	5000	42054	126070	49	0	0.04	0.04	0	
10/06/2011 15:22:40	TASTEGGIO	1	0	5000	42054	101772	49	0	0.04	0.05	24500	
10/06/2011 15:22:58	TASTEGGIO	1	0	5000	42054	77328	49	0	0.05	0.05	0	
10/06/2011 15:23:12	TASTEGGIO	0	1	5000	42054	77327	59	0	0.04	0.04	0	
10/06/2011 15:23:22	TASTEGGIO	0	1	5000	42054	101621	59	0	0.05	0.05	24500	
10/06/2011 15:23:39	TASTEGGIO	1	0	5000	42054	77197	49	0	0.04	0.04	0	
10/06/2011 15:23:49	TASTEGGIO	1	0	5000	42054	101619	49	0	0.05	0.06	24500	
10/06/2011 15:24:07	TASTEGGIO	1	0	5000	42054	77197	50	0	0.04	0.04	0	
10/06/2011 15:24:16	TASTEGGIO	1	0	5000	42054	101614	50	0	0.05	0.05	-44500	
10/06/2011 15:24:34	TASTEGGIO	1	0	5000	42054	146038	49	0	0.04	0.04	0	
10/06/2011 15:24:45	TASTEGGIO	1	0	5000	42054	101769	49	0	0.05	0.05	24500	
10/06/2011 15:25:02	TASTEGGIO	1	0	5000	42054	77333	49	0	0.05	0.05	0	
10/06/2011 15:25:12	TASTEGGIO	1	0	5000	42054	101620	49	0	0.05	0.05	-44500	
10/06/2011 15:27:00	TASTEGGIO	1	0	5000	42054	101764	49	0	0.04	0.05	24500	
10/06/2011 15:27:18	TASTEGGIO	1	0	5000	42054	77332	49	-1	0.04	0.04	0	
10/06/2011 15:27:28	TASTEGGIO	1	0	5000	42054	101626	49	-1	0.04	0.06	24500	
10/06/2011 15:27:46	TASTEGGIO	1	0	5000	42054	77186	50	0	0.04	0.04	0	
10/06/2011 15:27:55	TASTEGGIO	1	0	5000	42054	101622	50	0	0.04	0.05	24500	
10/06/2011 15:28:13	TASTEGGIO	1	0	5000	42054	77194	49	0	0.04	0.04	0	
10/06/2011 15:28:23	TASTEGGIO	1	0	5000	42054	101625	49	0	0.04	0.05	24500	
10/06/2011 15:28:40	TASTEGGIO	1	0	5000	42054	77199	49	0	0.04	0.04	0	
10/06/2011 15:28:50	TASTEGGIO	1	0	5000	42054	101623	49	0	0.04	0.04	24500	
10/06/2011 15:30:44	TASTEGGIO	1	0	5000	42054	101758	49	0	0.12	0.12	0	
10/06/2011 15:31:02	TASTEGGIO	1	0	5000	42054	101765	55	-1	0.12	0.12	0	
10/06/2011 15:31:19	TASTEGGIO	0	1	5000	42054	101766	79	0	0.11	0.11	0	
10/06/2011 15:31:38	TASTEGGIO	0	1	5000	42054	101766	109	-1	0.10	0.10	0	
10/06/2011 15:31:56	TASTEGGIO	0	1	5000	42054	101767	136	-11	0.03	0.03	0	
10/06/2011 15:32:03	TASTEGGIO	0	1	5000	42054	101764	136	-11	0.03	0.05	24500	
10/06/2011 15:32:21	TASTEGGIO	1	0	5000	42054	77322	49	0	0.02	0.02	0	
10/06/2011 15:32:31	TASTEGGIO	1	0	5000	42054	101627	49	0	0.03	0.03	-44500	
10/06/2011 15:34:33	TASTEGGIO	1	0	5000	42054	101756	49	0	0.04	0.06	24500	
10/06/2011 15:34:51	TASTEGGIO	1	0	5000	42054	77320	50	-1	0.03	0.03	0	
10/06/2011 15:35:01	TASTEGGIO	1	0	5000	42054	101621	50	-1	0.04	0.04	24500	
10/06/2011 15:36:58	TASTEGGIO	1	0	5000	42054	101759	50	-1	0.10	0.10	0	
10/06/2011 15:37:17	TASTEGGIO	1	0	5000	42054	101767	53	-1	0.10	0.10	0	
10/06/2011 15:37:34	TASTEGGIO	0	1	5000	42054	101767	73	0	0.09	0.09	0	
10/06/2011 15:37:52	TASTEGGIO	0	2	5000	42054	101767	89	0	0.09	0.09	0	
10/06/2011 15:38:10	TASTEGGIO	0	1	5000	42054	101767	125	-5	0.04	0.04	0	
10/06/2011 15:38:17	TASTEGGIO	0	1	5000	42054	101764	125	-5	0.04	0.05	24500	
10/06/2011 15:38:35	TASTEGGIO	1	0	5000	42054	77324	49	0	0.04	0.04	0	
10/06/2011 15:38:44	TASTEGGIO	1	0	5000	42054	101624	49	0	0.04	0.05	-24500	
10/06/2011 15:39:04	TASTEGGIO	1	0	5000	42054	126068	49	0	0.04	0.04	0	
10/06/2011 15:39:13	TASTEGGIO	1	0	5000	42054	101772	49	0	0.04	0.06	-44500	
10/06/2011 15:39:32	TASTEGGIO	1	0	5000	42054	146196	50	0	0.04	0.04	0	
10/06/2011 15:39:42	TASTEGGIO	1	0	5000	42054	101776	50	0	0.04	0.05	24500	
10/06/2011 15:40:00	TASTEGGIO	1	0	5000	42054	77335	49	0	0.05	0.05	0	
10/06/2011 15:40:09	TASTEGGIO	1	0	5000	42054	101624	49	0	0.04	0.05	24500	
10/06/2011 15:42:03	TASTEGGIO	1	0	5000	42054	101761	49	0	0.04	0.04	0	
10/06/2011 15:44:04	TASTEGGIO	1	0	5000	42053	101761	49	0	0.08	0.08	0	
10/06/2011 15:44:22	TASTEGGIO	1	0	5000	42053	101771	51	-1	0.07	0.07	0	
10/06/2011 15:44:38	TASTEGGIO	0	1	5000	42053	101771	57	0	0.08	0.08	0	
10/06/2011 15:44:55	TASTEGGIO	0	1	5000	42053	101770	84	0	0.06	0.06	0	
10/06/2011 15:45:13	TASTEGGIO	0	2	5000	42053	101770	90	0	0.07	0.07	0	
10/06/2011 15:45:31	TASTEGGIO	0	1	5000	42053	101770	122	-6	0.01	0.01	0	
10/06/2011 15:45:39	TASTEGGIO	0	1	5000	42053	101767	122	-6	0.02	0.03	24500	
10/06/2011 15:47:42	TASTEGGIO	0	1	5000	42054	101763	122	-6	0.07	0.08	24500	
10/06/2011 15:48:00	TASTEGGIO	1	0	5000	42054	77329	51	-1	0.07	0.07	0	
10/06/2011 15:48:15	TASTEGGIO	0	1	5000	42054	77327	57	0	0.07	0.07	0	
10/06/2011 15:48:32	TASTEGGIO	0	1	5000	42054	77325	78	0	0.07	0.07	0	
10/06/2011 15:48:49	TASTEGGIO	0	1	5000	42054	77321	99	0	0.06	0.06	0	
10/06/2011 15:49:06	TASTEGGIO	0	2	5000	42054	77319	109	0	0.05	0.05	0	
10/06/2011 15:49:23	TASTEGGIO	0	3	5000	42054	77316	121	0	0.05	0.05	0	
10/06/2011 15:49:42	TASTEGGIO	0	1	5000	42054	77313	146	-6	0.03	0.03	0	
10/06/2011 15:49:52	TASTEGGIO	0	1	5000	42054	101630	146	-6	0.02	0.03	-44500	
10/06/2011 15:51:06	ALARM 17	proc 12 prog 10 step 47	LavoroTerminato
10/06/2011 15:52:56	TASTEGGIO	0	1	5000	42054	101761	146	-6	0.05	0.05	-24500	
10/06/2011 15:53:16	TASTEGGIO	1	0	5000	42054	126214	49	-1	0.05	0.05	0	
10/06/2011 15:53:33	TASTEGGIO	0	1	5000	42054	126217	59	0	0.04	0.04	0	
10/06/2011 15:53:42	TASTEGGIO	0	1	5000	42054	101772	59	0	0.05	0.05	0	
10/06/2011 15:54:00	TASTEGGIO	1	0	5000	42054	101776	49	0	0.05	0.05	0	
10/06/2011 15:54:17	TASTEGGIO	0	1	5000	42054	101777	59	0	0.05	0.05	0	
10/06/2011 15:54:34	TASTEGGIO	0	1	5000	42054	101777	74	0	0.04	0.04	0	
10/06/2011 15:54:42	TASTEGGIO	0	1	5000	42054	101774	74	0	0.04	0.04	24500	
10/06/2011 15:56:40	TASTEGGIO	0	1	5000	42054	101761	74	0	0.02	0.02	-24500	
10/06/2011 15:58:40	TASTEGGIO	0	1	5000	42054	101759	74	0	0.03	0.03	0	
10/06/2011 16:00:41	TASTEGGIO	0	1	5000	42053	101756	74	0	0.01	0.02	-44500	
10/06/2011 16:02:40	TASTEGGIO	0	1	5000	42053	101762	74	0	0.02	0.02	0	
10/06/2011 16:04:41	TASTEGGIO	0	1	5000	42053	101760	74	0	0.09	0.09	0	
10/06/2011 16:04:58	TASTEGGIO	1	0	5000	42053	101769	52	-1	0.09	0.09	0	
10/06/2011 16:05:16	TASTEGGIO	0	1	5000	42053	101769	70	0	0.09	0.09	0	
10/06/2011 16:05:34	TASTEGGIO	0	1	5000	42053	101769	97	-1	0.08	0.08	0	
10/06/2011 16:05:52	TASTEGGIO	0	2	5000	42053	101769	111	-2	0.06	0.06	0	
10/06/2011 16:06:11	TASTEGGIO	0	3	5000	42053	101769	118	-3	0.04	0.04	0	
10/06/2011 16:06:18	TASTEGGIO	0	3	5000	42053	101765	118	-3	0.03	0.05	-44500	
10/06/2011 16:06:37	TASTEGGIO	1	0	5000	42053	146181	49	0	0.05	0.05	0	
10/06/2011 16:06:52	TASTEGGIO	0	1	5000	42053	146182	59	0	0.04	0.04	0	
10/06/2011 16:07:02	TASTEGGIO	0	1	5000	42053	101784	59	0	0.03	0.05	-44500	
10/06/2011 16:07:20	TASTEGGIO	1	0	5000	42053	146202	49	0	0.05	0.05	0	
10/06/2011 16:07:35	TASTEGGIO	0	1	5000	42053	146203	59	0	0.04	0.04	0	
10/06/2011 16:07:45	TASTEGGIO	0	1	5000	42053	101781	59	0	0.04	0.04	-44500	
10/06/2011 16:09:45	TASTEGGIO	0	1	5000	42054	101761	59	0	0.06	0.06	0	
10/06/2011 16:10:03	TASTEGGIO	1	0	5000	42054	101768	50	0	0.05	0.05	0	
10/06/2011 16:10:19	TASTEGGIO	0	1	5000	42054	101768	54	0	0.04	0.04	0	
10/06/2011 16:10:27	TASTEGGIO	0	1	5000	42054	101765	54	0	0.04	0.04	24500	
10/06/2011 16:12:27	TASTEGGIO	0	1	5000	42053	101766	54	0	0.02	0.02	0	
10/06/2011 16:14:27	TASTEGGIO	0	1	5000	42053	101765	54	0	0.05	0.05	0	
10/06/2011 16:14:45	TASTEGGIO	1	0	5000	42053	101772	49	-1	0.04	0.04	0	
10/06/2011 16:14:53	TASTEGGIO	1	0	5000	42053	101768	49	-1	0.04	0.04	0	
10/06/2011 16:16:50	TASTEGGIO	1	0	5000	42053	101757	49	-1	0.10	0.10	-24500	
10/06/2011 16:17:11	TASTEGGIO	1	0	5000	42053	126208	53	0	0.11	0.11	0	
10/06/2011 16:17:28	TASTEGGIO	0	1	5000	42053	126212	77	0	0.10	0.10	0	
10/06/2011 16:17:46	TASTEGGIO	0	1	5000	42053	126213	104	-1	0.08	0.08	0	
10/06/2011 16:18:03	TASTEGGIO	0	2	5000	42053	126215	113	-2	0.05	0.05	0	
10/06/2011 16:18:21	TASTEGGIO	0	3	5000	42053	126216	118	-3	0.02	0.02	0	
10/06/2011 16:18:31	TASTEGGIO	0	3	5000	42053	101779	118	-3	0.04	0.05	24500	
10/06/2011 16:18:48	TASTEGGIO	1	0	5000	42053	77334	49	0	0.04	0.04	0	
10/06/2011 16:18:57	TASTEGGIO	1	0	5000	42053	101634	49	0	0.04	0.04	24500	
10/06/2011 16:20:59	TASTEGGIO	1	0	5000	42053	101762	49	0	0.10	0.10	-24500	
10/06/2011 16:21:18	TASTEGGIO	1	0	5000	42053	126213	53	-1	0.10	0.10	0	
10/06/2011 16:21:34	TASTEGGIO	0	1	5000	42053	126217	73	0	0.09	0.09	0	
10/06/2011 16:21:51	TASTEGGIO	0	2	5000	42053	126221	89	-1	0.07	0.07	0	
10/06/2011 16:22:10	TASTEGGIO	0	3	5000	42053	126224	98	0	0.08	0.08	0	
10/06/2011 16:22:29	TASTEGGIO	0	1	5000	42053	126226	143	-27	0.19	0.19	0	
10/06/2011 16:22:47	TASTEGGIO	0	1	5000	42053	126229	97	-11	0.07	0.07	0	
10/06/2011 16:23:03	TASTEGGIO	0	0	5000	42053	126231	50	2	0.08	0.08	0	
10/06/2011 16:23:20	TASTEGGIO	0	1	5000	42053	126231	68	0	0.07	0.07	0	
10/06/2011 16:23:36	TASTEGGIO	0	2	5000	42053	126231	80	0	0.07	0.07	0	
10/06/2011 16:23:55	TASTEGGIO	0	1	5000	42053	126231	108	-6	0.04	0.04	0	
10/06/2011 16:24:04	TASTEGGIO	0	1	5000	42053	101781	108	-6	0.01	0.03	44500	
10/06/2011 16:26:02	TASTEGGIO	0	1	5000	42053	101759	108	-6	0.04	0.04	0	
10/06/2011 16:28:06	TASTEGGIO	0	1	5000	42053	101758	108	-6	0.08	0.08	0	
10/06/2011 16:28:24	TASTEGGIO	1	0	5000	42053	101768	51	0	0.06	0.06	0	
10/06/2011 16:28:40	TASTEGGIO	0	1	5000	42053	101768	55	0	0.06	0.06	0	
10/06/2011 16:28:57	TASTEGGIO	0	1	5000	42053	101768	73	0	0.06	0.06	0	
10/06/2011 16:29:15	TASTEGGIO	0	1	5000	42053	101767	91	0	0.05	0.05	0	
10/06/2011 16:29:33	TASTEGGIO	0	2	5000	42053	101767	99	0	0.04	0.04	0	
10/06/2011 16:29:41	TASTEGGIO	0	2	5000	42053	101763	99	0	0.05	0.05	-24500	
10/06/2011 16:30:01	TASTEGGIO	1	0	5000	42053	126206	49	0	0.04	0.04	0	
10/06/2011 16:30:10	TASTEGGIO	1	0	5000	42053	101785	49	0	0.05	0.05	0	
10/06/2011 16:30:28	TASTEGGIO	1	0	5000	42053	101790	49	0	0.06	0.06	0	
10/06/2011 16:30:44	TASTEGGIO	0	1	5000	42053	101790	63	0	0.05	0.05	0	
10/06/2011 16:31:01	TASTEGGIO	0	2	5000	42053	101790	71	0	0.05	0.05	0	
10/06/2011 16:31:18	TASTEGGIO	0	1	5000	42053	101790	91	0	0.04	0.04	0	
10/06/2011 16:31:26	TASTEGGIO	0	1	5000	42053	101787	91	0	0.05	0.05	0	
10/06/2011 16:31:44	TASTEGGIO	1	0	5000	42053	101790	49	0	0.04	0.04	0	
10/06/2011 16:31:51	TASTEGGIO	1	0	5000	42053	101787	49	0	0.04	0.05	24500	
10/06/2011 16:32:09	TASTEGGIO	1	0	5000	42053	77347	49	0	0.05	0.05	0	
10/06/2011 16:32:25	TASTEGGIO	0	1	5000	42053	77344	59	0	0.04	0.04	0	
10/06/2011 16:32:34	TASTEGGIO	0	1	5000	42053	101634	59	0	0.04	0.04	0	
10/06/2011 16:34:36	TASTEGGIO	0	1	5000	42053	101758	59	0	0.08	0.08	0	
10/06/2011 16:34:53	TASTEGGIO	1	0	5000	42053	101764	51	-1	0.07	0.07	0	
10/06/2011 16:35:10	TASTEGGIO	0	1	5000	42053	101764	57	0	0.07	0.07	0	
10/06/2011 16:35:27	TASTEGGIO	0	1	5000	42053	101764	78	0	0.06	0.06	0	
10/06/2011 16:35:44	TASTEGGIO	0	2	5000	42053	101764	88	0	0.07	0.07	0	
10/06/2011 16:36:02	TASTEGGIO	0	1	5000	42053	101764	120	-6	0.02	0.02	0	
10/06/2011 16:36:09	TASTEGGIO	0	1	5000	42053	101761	120	-6	0.02	0.03	44500	
10/06/2011 16:38:11	TASTEGGIO	0	1	5000	42053	101762	120	-6	0.16	0.16	0	
10/06/2011 16:38:29	TASTEGGIO	1	0	5000	42053	101765	58	-2	0.15	0.15	0	
10/06/2011 16:38:47	TASTEGGIO	0	1	5000	42053	101765	86	0	0.14	0.14	0	
10/06/2011 16:38:54	TASTEGGIO	0	1	5000	42053	101761	86	0	0.14	0.14	0	
10/06/2011 16:39:12	TASTEGGIO	1	0	5000	42053	101764	56	0	0.15	0.15	0	
10/06/2011 16:39:29	TASTEGGIO	0	1	5000	42053	101764	88	0	0.14	0.14	0	
10/06/2011 16:39:48	TASTEGGIO	0	1	5000	42053	101765	127	-3	0.11	0.11	0	
10/06/2011 16:40:06	TASTEGGIO	0	2	5000	42053	101765	139	-6	0.05	0.05	0	
10/06/2011 16:40:22	TASTEGGIO	0	0	5000	42053	101765	49	0	0.05	0.05	0	
10/06/2011 16:40:38	TASTEGGIO	0	1	5000	42053	101766	59	0	0.05	0.05	0	
10/06/2011 16:40:46	TASTEGGIO	0	1	5000	42053	101762	59	0	0.05	0.07	-24500	
10/06/2011 16:41:05	TASTEGGIO	1	0	5000	42053	126207	50	0	0.08	0.08	0	
10/06/2011 16:41:22	TASTEGGIO	0	1	5000	42053	126214	68	0	0.06	0.06	0	
10/06/2011 16:41:39	TASTEGGIO	0	2	5000	42053	126218	74	0	0.06	0.06	0	
10/06/2011 16:41:56	TASTEGGIO	0	1	5000	42053	126220	98	-1	0.05	0.05	0	
10/06/2011 16:42:06	TASTEGGIO	0	1	5000	42053	101784	98	-1	0.03	0.05	24500	
10/06/2011 16:43:21	ALARM 17	proc 12 prog 10 step 47	LavoroTerminato
10/06/2011 16:44:29	ALARM 406		
11/06/2011 06:54:51	ALARM 401		
11/06/2011 06:54:53	INIT OK
11/06/2011 06:59:12	ALARM 401		
11/06/2011 07:00:33	TASTEGGIO	0	0	5000	42067	101883	0	0	0.06	0.06	0	
11/06/2011 07:00:52	TASTEGGIO	1	0	5000	42067	101891	50	-1	0.07	0.07	0	
11/06/2011 07:01:08	TASTEGGIO	0	1	5000	42067	101891	66	0	0.06	0.06	0	
11/06/2011 07:01:25	TASTEGGIO	0	2	5000	42067	101891	76	0	0.06	0.06	0	
11/06/2011 07:01:43	TASTEGGIO	0	1	5000	42067	101890	100	-1	0.05	0.05	0	
11/06/2011 07:02:01	TASTEGGIO	0	2	5000	42067	101891	108	-1	0.04	0.04	0	
11/06/2011 07:02:08	TASTEGGIO	0	2	5000	42067	101887	108	-1	0.04	0.04	24500	
11/06/2011 07:04:10	TASTEGGIO	0	2	5000	42055	101770	108	-1	0.03	0.04	-44500	
11/06/2011 07:06:09	TASTEGGIO	0	2	5000	42055	101770	108	-1	0.05	0.05	0	
11/06/2011 07:06:27	TASTEGGIO	1	0	5000	42055	101777	49	-1	0.03	0.03	0	
11/06/2011 07:06:35	TASTEGGIO	1	0	5000	42055	101771	49	-1	0.03	0.04	-44500	
11/06/2011 07:07:33	ALARM 17	proc 12 prog 10 step 47	LavoroTerminato
11/06/2011 08:53:07	ALARM 401		
11/06/2011 08:55:50	ALARM 401		
11/06/2011 09:11:19	ALARM 406		
13/06/2011 07:26:05	ALARM 401		
13/06/2011 07:26:07	INIT OK
13/06/2011 07:29:26	TASTEGGIO	0	0	12500	69496	126121	0	0	0.62	0.62	0	
13/06/2011 07:29:51	TASTEGGIO	1	0	12500	69496	126162	354	-131	0.70	0.70	0	
13/06/2011 07:30:13	TASTEGGIO	0	1	12500	69496	126162	274	-99	0.28	0.28	0	
13/06/2011 07:30:34	TASTEGGIO	0	1	12500	69496	126160	262	-66	0.40	0.40	0	
13/06/2011 07:30:55	TASTEGGIO	0	1	12500	69496	126161	204	-45	0.06	0.06	0	
13/06/2011 07:31:03	TASTEGGIO	0	1	12500	69496	126157	204	-45	0.06	0.17	-44500	
13/06/2011 07:31:28	TASTEGGIO	1	0	12500	69496	170606	241	-55	0.42	0.42	0	
13/06/2011 07:31:47	TASTEGGIO	0	1	12500	69496	170626	137	-22	0.19	0.19	0	
13/06/2011 07:32:08	TASTEGGIO	0	0	12500	69496	170644	246	-63	0.45	0.45	0	
13/06/2011 07:32:13	ALARM 401		
13/06/2011 07:32:17	ALARM 205		err.6058
13/06/2011 07:32:36	TASTEGGIO	0	0	12500	69496	126197	246	-63	0.30	0.43	-44500	
13/06/2011 07:33:03	TASTEGGIO	1	0	12500	69496	170674	253	-62	0.27	0.27	0	
13/06/2011 07:33:23	TASTEGGIO	0	1	12500	69496	170676	236	-57	0.33	0.33	0	
13/06/2011 07:33:43	TASTEGGIO	0	1	12500	69496	170690	195	-37	0.08	0.08	0	
13/06/2011 07:33:54	TASTEGGIO	0	1	12500	69496	126212	195	-37	0.05	0.08	-44500	
13/06/2011 07:35:43	TASTEGGIO	0	1	12500	69495	126011	195	-37	0.22	0.26	-24500	
13/06/2011 07:36:08	TASTEGGIO	1	0	12500	69495	150492	232	-53	0.30	0.30	0	
13/06/2011 07:36:28	TASTEGGIO	0	1	12500	69495	150495	197	-42	0.18	0.18	0	
13/06/2011 07:36:49	TASTEGGIO	0	1	12500	69495	150500	186	-37	0.21	0.21	0	
13/06/2011 07:37:09	TASTEGGIO	0	1	12500	69495	150502	161	-21	0.04	0.04	0	
13/06/2011 07:37:20	TASTEGGIO	0	1	12500	69495	126089	161	-21	0.03	0.05	24500	
13/06/2011 07:39:08	TASTEGGIO	0	1	12500	69495	126081	161	-21	0.26	0.37	-44500	
13/06/2011 07:39:34	TASTEGGIO	1	0	12500	69495	170523	246	-53	0.25	0.25	0	
13/06/2011 07:39:56	TASTEGGIO	0	1	12500	69495	170535	229	-62	0.36	0.36	0	
13/06/2011 07:40:16	TASTEGGIO	0	1	12500	69495	170546	177	-29	0.08	0.08	0	
13/06/2011 07:40:28	TASTEGGIO	0	1	12500	69495	126082	177	-29	0.14	0.15	24500	
13/06/2011 07:40:52	TASTEGGIO	1	0	12500	69495	101615	217	-33	0.22	0.22	0	
13/06/2011 07:41:12	TASTEGGIO	0	1	12500	69495	101612	184	-25	0.05	0.05	0	
13/06/2011 07:41:22	TASTEGGIO	0	1	12500	69495	125983	184	-25	0.04	0.10	-44500	
13/06/2011 07:41:48	TASTEGGIO	1	0	12500	69495	170454	211	-31	0.21	0.21	0	
13/06/2011 07:42:08	TASTEGGIO	0	1	12500	69495	170472	166	-36	0.13	0.13	0	
13/06/2011 07:42:28	TASTEGGIO	0	1	12500	69495	170483	157	-13	0.05	0.05	0	
13/06/2011 07:42:39	TASTEGGIO	0	1	12500	69495	126109	157	-13	0.05	0.07	44500	
13/06/2011 07:44:28	TASTEGGIO	0	1	12500	69495	126170	157	-13	0.41	0.44	24500	
13/06/2011 07:44:54	TASTEGGIO	1	0	12500	69495	101681	255	-38	0.21	0.21	0	
13/06/2011 07:45:17	TASTEGGIO	0	0	12500	69495	101680	225	-29	0.48	0.48	0	
13/06/2011 07:45:36	TASTEGGIO	0	1	12500	69495	101681	115	-3	0.43	0.43	0	
13/06/2011 07:45:56	TASTEGGIO	0	2	12500	69495	101681	192	-22	0.24	0.24	0	
13/06/2011 07:46:18	TASTEGGIO	0	3	12500	69495	101681	215	-16	0.09	0.09	0	
13/06/2011 07:46:29	TASTEGGIO	0	3	12500	69495	126083	215	-16	0.05	0.10	44500	
13/06/2011 07:46:54	TASTEGGIO	1	0	12500	69495	81620	211	-18	0.11	0.11	0	
13/06/2011 07:47:15	TASTEGGIO	0	1	12500	69495	81617	198	-23	0.15	0.15	0	
13/06/2011 07:47:36	TASTEGGIO	0	1	12500	69495	81619	177	-12	0.02	0.02	0	
13/06/2011 07:47:47	TASTEGGIO	0	1	12500	69495	126092	177	-12	0.02	0.05	-44500	
13/06/2011 07:49:36	TASTEGGIO	0	1	12500	69495	126120	177	-12	1.58	1.58	0	
13/06/2011 07:50:02	TASTEGGIO	1	0	12500	69495	126132	400	-102	0.60	0.60	0	
13/06/2011 07:50:23	TASTEGGIO	0	0	12500	69495	126135	275	-18	0.40	0.40	0	
13/06/2011 07:50:48	TASTEGGIO	0	1	12500	69495	126135	301	-23	0.20	0.20	0	
13/06/2011 07:51:08	TASTEGGIO	0	0	12500	69495	126135	224	-1	0.19	0.19	0	
13/06/2011 07:51:33	TASTEGGIO	0	1	12500	69495	126135	260	-6	0.14	0.14	0	
13/06/2011 07:51:42	TASTEGGIO	0	1	12500	69495	126132	260	-6	0.14	0.50	44500	
13/06/2011 07:52:07	TASTEGGIO	1	0	12500	69495	81664	262	-41	0.24	0.24	0	
13/06/2011 07:52:27	TASTEGGIO	0	0	12500	69495	81666	229	-43	0.21	0.21	0	
13/06/2011 07:52:48	TASTEGGIO	0	1	12500	69495	81672	210	-44	0.26	0.26	0	
13/06/2011 07:53:09	TASTEGGIO	0	1	12500	69495	81669	177	-19	0.08	0.08	0	
13/06/2011 07:53:20	TASTEGGIO	0	1	12500	69495	126091	177	-19	0.20	0.20	0	
13/06/2011 07:53:45	TASTEGGIO	1	0	12500	69495	126109	224	-153	1.32	1.32	0	
13/06/2011 07:54:01	TASTEGGIO	0	1	12500	69495	126111	0	-3	1.26	1.26	0	
13/06/2011 07:54:25	TASTEGGIO	0	1	12500	69495	126121	360	-99	0.29	0.29	0	
13/06/2011 07:54:46	TASTEGGIO	0	0	12500	69495	126126	235	-7	0.22	0.22	0	
13/06/2011 07:55:08	TASTEGGIO	0	1	12500	69495	126128	251	-19	0.16	0.16	0	
13/06/2011 07:55:32	TASTEGGIO	0	2	12500	69495	126158	267	-95	0.86	0.86	0	
13/06/2011 07:55:48	TASTEGGIO	0	1	12500	69495	126158	0	-5	0.81	0.81	0	
13/06/2011 07:56:10	TASTEGGIO	0	1	12500	69495	126158	228	-69	0.16	0.16	0	
13/06/2011 07:56:32	TASTEGGIO	0	0	12500	69495	126158	219	-12	0.07	0.07	0	
13/06/2011 07:56:41	TASTEGGIO	0	0	12500	69495	126140	219	-12	0.05	0.22	44500	
13/06/2011 07:57:07	TASTEGGIO	1	0	12500	69495	81664	226	-8	0.16	0.16	0	
13/06/2011 07:57:28	TASTEGGIO	0	1	12500	69495	81665	237	-14	0.05	0.05	0	
13/06/2011 07:57:39	TASTEGGIO	0	1	12500	69495	126092	237	-14	0.15	0.15	0	
13/06/2011 07:59:34	TASTEGGIO	0	1	12500	69496	126166	237	-14	0.22	0.23	-24500	
13/06/2011 08:00:00	TASTEGGIO	1	0	12500	69496	150652	228	-48	0.32	0.32	0	
13/06/2011 08:00:20	TASTEGGIO	0	1	12500	69496	150652	183	-35	0.07	0.07	0	
13/06/2011 08:00:31	TASTEGGIO	0	1	12500	69496	126175	183	-35	0.08	0.11	44500	
13/06/2011 08:00:56	TASTEGGIO	1	0	12500	69496	81697	212	-21	0.17	0.17	0	
13/06/2011 08:01:16	TASTEGGIO	0	1	12500	69496	81697	185	-19	0.11	0.11	0	
13/06/2011 08:01:37	TASTEGGIO	0	1	12500	69496	81700	177	-20	0.09	0.09	0	
13/06/2011 08:01:48	TASTEGGIO	0	1	12500	69496	126079	177	-20	0.06	0.08	44500	
13/06/2011 08:03:35	TASTEGGIO	0	1	12500	69496	126097	177	-20	0.28	0.31	-24500	
13/06/2011 08:04:02	TASTEGGIO	1	0	12500	69496	150575	238	-56	0.28	0.28	0	
13/06/2011 08:04:23	TASTEGGIO	0	1	12500	69496	150579	212	-44	0.19	0.19	0	
13/06/2011 08:04:44	TASTEGGIO	0	1	12500	69496	150581	199	-46	0.27	0.27	0	
13/06/2011 08:05:04	TASTEGGIO	0	1	12500	69496	150582	160	-20	0.05	0.05	0	
13/06/2011 08:05:15	TASTEGGIO	0	1	12500	69496	126176	160	-20	0.13	0.16	44500	
13/06/2011 08:05:40	TASTEGGIO	1	0	12500	69496	81697	219	-25	0.15	0.15	0	
13/06/2011 08:06:01	TASTEGGIO	0	1	12500	69496	81705	204	-25	0.12	0.12	0	
13/06/2011 08:06:13	TASTEGGIO	0	1	12500	69496	126080	204	-25	0.12	0.12	0	
13/06/2011 08:06:36	TASTEGGIO	1	0	12500	69496	126094	213	-41	0.27	0.27	0	
13/06/2011 08:06:56	TASTEGGIO	0	1	12500	69496	126099	152	-23	0.01	0.01	0	
13/06/2011 08:07:05	TASTEGGIO	0	1	12500	69496	126103	152	-23	0.04	0.09	-24500	
13/06/2011 08:08:53	TASTEGGIO	0	1	12500	69496	126164	152	-23	0.99	1.06	24500	
13/06/2011 08:09:20	TASTEGGIO	1	0	12500	69496	101677	335	-62	0.58	0.58	0	
13/06/2011 08:09:45	TASTEGGIO	0	1	12500	69496	101682	366	-95	0.38	0.38	0	
13/06/2011 08:10:09	TASTEGGIO	0	1	12500	69496	101684	341	-181	1.47	1.47	0	
13/06/2011 08:10:25	TASTEGGIO	0	1	12500	69496	101683	0	-6	1.42	1.42	0	
13/06/2011 08:10:51	TASTEGGIO	0	1	12500	69496	101690	400	-113	0.30	0.30	0	
13/06/2011 08:11:12	TASTEGGIO	0	0	12500	69496	101696	237	-4	0.25	0.25	0	
13/06/2011 08:11:35	TASTEGGIO	0	1	12500	69496	101696	257	-3	0.25	0.25	0	
13/06/2011 08:12:00	TASTEGGIO	0	1	12500	69496	101696	332	-46	0.25	0.25	0	
13/06/2011 08:12:24	TASTEGGIO	0	1	12500	69496	101696	307	-143	1.20	1.20	0	
13/06/2011 08:12:40	TASTEGGIO	0	1	12500	69496	101696	0	-4	1.13	1.13	0	
13/06/2011 08:13:03	TASTEGGIO	0	1	12500	69496	101696	318	-58	0.51	0.51	0	
13/06/2011 08:13:24	TASTEGGIO	0	0	12500	69496	101696	264	-10	0.43	0.43	0	
13/06/2011 08:13:49	TASTEGGIO	0	1	12500	69496	101696	300	-23	0.24	0.24	0	
13/06/2011 08:14:12	TASTEGGIO	0	2	12500	69496	101696	318	-48	0.27	0.27	0	
13/06/2011 08:14:35	TASTEGGIO	0	1	12500	69496	101696	287	-97	0.74	0.74	0	
13/06/2011 08:14:52	TASTEGGIO	0	1	12500	69496	101696	84	-1	0.69	0.69	0	
13/06/2011 08:15:15	TASTEGGIO	0	1	12500	69496	101696	276	-39	0.25	0.25	0	
13/06/2011 08:15:35	TASTEGGIO	0	0	12500	69496	101696	230	-4	0.25	0.25	0	
13/06/2011 08:16:00	TASTEGGIO	0	1	12500	69496	101696	280	-16	0.08	0.08	0	
13/06/2011 08:16:11	TASTEGGIO	0	1	12500	69496	126095	280	-16	0.07	0.35	-44500	
13/06/2011 08:16:39	TASTEGGIO	1	0	12500	69496	170567	243	-55	0.28	0.28	0	
13/06/2011 08:17:01	TASTEGGIO	0	1	12500	69496	170577	220	-47	0.18	0.18	0	
13/06/2011 08:17:22	TASTEGGIO	0	1	12500	69496	170585	208	-39	0.24	0.24	0	
13/06/2011 08:17:43	TASTEGGIO	0	1	12500	69496	170602	176	-24	0.02	0.02	0	
13/06/2011 08:17:54	TASTEGGIO	0	1	12500	69496	126223	176	-24	0.36	0.38	44500	
13/06/2011 08:18:21	TASTEGGIO	1	0	12500	69496	81756	247	-14	0.25	0.25	0	
13/06/2011 08:18:42	TASTEGGIO	0	1	12500	69496	81758	263	-15	0.10	0.10	0	
13/06/2011 08:18:54	TASTEGGIO	0	1	12500	69496	126103	263	-15	0.17	0.17	0	
13/06/2011 08:20:42	TASTEGGIO	0	1	12500	69496	126289	263	-15	0.44	0.44	0	
13/06/2011 08:21:06	TASTEGGIO	1	0	12500	69496	126308	255	-45	0.12	0.12	0	
13/06/2011 08:21:15	TASTEGGIO	1	0	12500	69496	126309	255	-45	0.12	0.14	-24500	
13/06/2011 08:21:41	TASTEGGIO	1	0	12500	69496	150789	216	-40	0.29	0.29	0	
13/06/2011 08:22:01	TASTEGGIO	0	1	12500	69496	150799	155	-23	0.06	0.06	0	
13/06/2011 08:22:12	TASTEGGIO	0	1	12500	69496	126370	155	-23	0.08	0.08	0	
13/06/2011 08:24:00	TASTEGGIO	0	1	12500	69496	126171	155	-23	0.03	0.09	-44500	
13/06/2011 08:25:47	TASTEGGIO	0	1	12500	69495	126099	155	-23	0.17	0.17	0	
13/06/2011 08:26:11	TASTEGGIO	1	0	12500	69495	126116	220	-40	0.26	0.26	0	
13/06/2011 08:26:32	TASTEGGIO	0	1	12500	69495	126116	180	-27	0.02	0.02	0	
13/06/2011 08:26:41	TASTEGGIO	0	1	12500	69495	126116	180	-27	0.02	0.04	-44500	
13/06/2011 08:27:38	ALARM 17	proc 12 prog 10 step 47	LavoroTerminato
13/06/2011 09:01:21	TASTEGGIO	0	1	13000	69496	142109	180	-27	0.20	0.20	0	
13/06/2011 09:01:46	TASTEGGIO	1	0	13000	69496	142135	217	-33	0.10	0.10	0	
13/06/2011 09:01:55	TASTEGGIO	1	0	13000	69496	142135	217	-33	0.10	0.19	-24500	
13/06/2011 09:02:21	TASTEGGIO	1	0	13000	69496	166604	216	-37	0.21	0.21	0	
13/06/2011 09:02:43	TASTEGGIO	0	1	13000	69496	166612	192	-22	0.03	0.03	0	
13/06/2011 09:02:54	TASTEGGIO	0	1	13000	69496	142150	192	-22	0.13	0.13	0	
13/06/2011 09:03:20	TASTEGGIO	1	0	13000	69496	142170	208	-20	0.07	0.07	0	
13/06/2011 09:03:29	TASTEGGIO	1	0	13000	69496	142160	208	-20	0.07	0.15	-24500	
13/06/2011 09:03:55	TASTEGGIO	1	0	13000	69496	166624	211	-25	0.12	0.12	0	
13/06/2011 09:04:06	TASTEGGIO	1	0	13000	69496	142145	211	-25	0.18	0.18	0	
13/06/2011 09:04:32	TASTEGGIO	1	0	13000	69496	142164	215	-7	0.11	0.11	0	
13/06/2011 09:04:41	TASTEGGIO	1	0	13000	69496	142151	215	-7	0.11	0.11	0	
13/06/2011 09:05:07	TASTEGGIO	1	0	13000	69496	142170	205	-2	0.08	0.08	0	
13/06/2011 09:05:16	TASTEGGIO	1	0	13000	69496	142160	205	-2	0.08	0.08	0	
13/06/2011 09:07:05	TASTEGGIO	1	0	13000	69496	142134	205	-2	0.51	0.72	44500	
13/06/2011 09:07:35	TASTEGGIO	1	0	13000	69496	97650	284	-29	0.53	0.53	0	
13/06/2011 09:08:01	TASTEGGIO	0	1	13000	69496	97652	323	-38	0.15	0.15	0	
13/06/2011 09:08:23	TASTEGGIO	0	0	13000	69496	97652	211	-1	0.15	0.15	0	
13/06/2011 09:08:47	TASTEGGIO	0	1	13000	69496	97652	241	-1	0.14	0.14	0	
13/06/2011 09:08:59	TASTEGGIO	0	1	13000	69496	142078	241	-1	0.14	0.14	44500	
13/06/2011 09:09:25	TASTEGGIO	1	0	13000	69496	97601	209	-1	0.14	0.14	0	
13/06/2011 09:09:48	TASTEGGIO	0	1	13000	69496	97601	237	-2	0.14	0.14	0	
13/06/2011 09:10:12	TASTEGGIO	0	1	13000	69496	97601	279	-8	0.06	0.06	0	
13/06/2011 09:10:23	TASTEGGIO	0	1	13000	69496	142089	279	-8	0.12	0.12	0	
13/06/2011 09:10:49	TASTEGGIO	1	0	13000	69496	142107	207	-30	0.17	0.17	0	
13/06/2011 09:11:11	TASTEGGIO	0	1	13000	69496	142106	182	-17	0.07	0.07	0	
13/06/2011 09:11:20	TASTEGGIO	0	1	13000	69496	142107	182	-17	0.06	0.13	44500	
13/06/2011 09:11:48	TASTEGGIO	1	0	13000	69496	97630	208	-1	0.14	0.14	0	
13/06/2011 09:12:11	TASTEGGIO	0	1	13000	69496	97630	238	-2	0.13	0.13	0	
13/06/2011 09:12:35	TASTEGGIO	0	1	13000	69496	97630	274	-6	0.09	0.09	0	
13/06/2011 09:12:47	TASTEGGIO	0	1	13000	69496	142091	274	-6	0.06	0.07	44500	
13/06/2011 09:14:37	TASTEGGIO	0	1	13000	69496	142103	274	-6	0.42	0.44	44500	
13/06/2011 09:15:04	TASTEGGIO	1	0	13000	69496	97626	248	-19	0.31	0.31	0	
13/06/2011 09:15:29	TASTEGGIO	0	1	13000	69496	97626	269	-21	0.11	0.11	0	
13/06/2011 09:15:40	TASTEGGIO	0	1	13000	69496	142077	269	-21	0.19	0.20	-44500	
13/06/2011 09:16:07	TASTEGGIO	1	0	13000	69496	186522	217	-30	0.11	0.11	0	
13/06/2011 09:16:19	TASTEGGIO	1	0	13000	69496	142136	217	-30	0.17	0.21	44500	
13/06/2011 09:16:48	TASTEGGIO	1	0	13000	69496	97657	218	-2	0.20	0.20	0	
13/06/2011 09:17:12	TASTEGGIO	0	1	13000	69496	97658	256	-19	0.08	0.08	0	
13/06/2011 09:17:24	TASTEGGIO	0	1	13000	69496	142076	256	-19	0.11	0.12	24500	
13/06/2011 09:17:50	TASTEGGIO	1	0	13000	69496	117597	207	-28	0.14	0.14	0	
13/06/2011 09:18:12	TASTEGGIO	0	1	13000	69496	117602	190	-11	0.05	0.05	0	
13/06/2011 09:18:23	TASTEGGIO	0	1	13000	69496	142087	190	-11	0.12	0.14	44500	
13/06/2011 09:18:51	TASTEGGIO	1	0	13000	69496	97610	209	-1	0.13	0.13	0	
13/06/2011 09:19:14	TASTEGGIO	0	1	13000	69496	97611	233	-5	0.12	0.12	0	
13/06/2011 09:19:41	TASTEGGIO	0	1	13000	69496	97610	266	-8	0.04	0.04	0	
13/06/2011 09:19:52	TASTEGGIO	0	1	13000	69496	142095	266	-8	0.04	0.06	44500	
13/06/2011 09:21:40	TASTEGGIO	0	1	13000	69496	142108	266	-8	0.17	0.23	24500	
13/06/2011 09:22:07	TASTEGGIO	1	0	13000	69496	117632	221	-27	0.08	0.08	0	
13/06/2011 09:22:18	TASTEGGIO	1	0	13000	69496	142076	221	-27	0.15	0.18	-24500	
13/06/2011 09:22:46	TASTEGGIO	1	0	13000	69496	166535	215	-35	0.20	0.20	0	
13/06/2011 09:23:09	TASTEGGIO	0	1	13000	69496	166544	192	-25	0.06	0.06	0	
13/06/2011 09:23:20	TASTEGGIO	0	1	13000	69496	142128	192	-25	0.05	0.08	24500	
13/06/2011 09:25:09	TASTEGGIO	0	1	13000	69496	142108	192	-25	0.41	0.41	0	
13/06/2011 09:25:34	TASTEGGIO	1	0	13000	69496	142127	244	-42	0.04	0.04	0	
13/06/2011 09:25:43	TASTEGGIO	1	0	13000	69496	142119	244	-42	0.04	0.37	-44500	
13/06/2011 09:26:12	TASTEGGIO	1	0	13000	69496	186557	239	-37	0.15	0.15	0	
13/06/2011 09:26:37	TASTEGGIO	0	0	13000	69496	186579	211	-38	0.53	0.53	0	
13/06/2011 09:26:55	TASTEGGIO	0	1	13000	69496	186585	23	0	0.52	0.52	0	
13/06/2011 09:27:16	TASTEGGIO	0	1	13000	69496	186591	176	-10	0.42	0.42	0	
13/06/2011 09:27:41	TASTEGGIO	0	2	13000	69496	186594	243	-20	0.23	0.23	0	
13/06/2011 09:28:04	TASTEGGIO	0	3	13000	69496	186595	264	-23	0.04	0.04	0	
13/06/2011 09:28:16	TASTEGGIO	0	3	13000	69496	142200	264	-23	0.28	0.28	0	
13/06/2011 09:28:43	TASTEGGIO	1	0	13000	69496	142221	227	-18	0.13	0.13	0	
13/06/2011 09:28:51	TASTEGGIO	1	0	13000	69496	142193	227	-18	0.13	0.16	44500	
13/06/2011 09:29:18	TASTEGGIO	1	0	13000	69496	97711	212	-17	0.11	0.11	0	
13/06/2011 09:29:30	TASTEGGIO	1	0	13000	69496	142090	212	-17	0.25	0.25	0	
13/06/2011 09:29:55	TASTEGGIO	1	0	13000	69496	142108	224	-8	0.18	0.18	0	
13/06/2011 09:30:20	TASTEGGIO	0	1	13000	69496	142109	236	-6	0.14	0.14	0	
13/06/2011 09:30:29	TASTEGGIO	0	1	13000	69496	142110	236	-6	0.14	0.18	-44500	
13/06/2011 09:30:57	TASTEGGIO	1	0	13000	69496	186561	215	-10	0.13	0.13	0	
13/06/2011 09:31:08	TASTEGGIO	1	0	13000	69496	142149	215	-10	0.15	0.15	0	
13/06/2011 09:31:33	TASTEGGIO	1	0	13000	69496	142168	211	-3	0.13	0.13	0	
13/06/2011 09:31:42	TASTEGGIO	1	0	13000	69496	142156	211	-3	0.12	0.15	-44500	
13/06/2011 09:32:08	TASTEGGIO	1	0	13000	69496	186622	211	-4	0.10	0.10	0	
13/06/2011 09:32:20	TASTEGGIO	1	0	13000	69496	142142	211	-4	0.14	0.15	44500	
13/06/2011 09:32:48	TASTEGGIO	1	0	13000	69496	97661	211	-5	0.11	0.11	0	
13/06/2011 09:33:00	TASTEGGIO	1	0	13000	69496	142074	211	-5	0.17	0.17	0	
13/06/2011 09:33:26	TASTEGGIO	1	0	13000	69496	142087	213	-3	0.14	0.14	0	
13/06/2011 09:33:35	TASTEGGIO	1	0	13000	69496	142092	213	-3	0.15	0.15	0	
13/06/2011 09:35:31	TASTEGGIO	1	0	13000	69496	142010	213	-3	0.42	0.42	0	
13/06/2011 09:35:58	TASTEGGIO	1	0	13000	69496	142026	245	-33	0.12	0.12	0	
13/06/2011 09:36:07	TASTEGGIO	1	0	13000	69496	142018	245	-33	0.11	0.11	-24500	
13/06/2011 09:37:57	TASTEGGIO	1	0	13000	69496	142307	245	-33	1.42	1.64	-24500	
13/06/2011 09:38:28	TASTEGGIO	1	0	13000	69496	166755	400	-78	1.02	1.02	0	
13/06/2011 09:38:56	TASTEGGIO	0	1	13000	69496	166767	400	-58	0.45	0.45	0	
13/06/2011 09:39:22	TASTEGGIO	0	0	13000	69496	166772	249	-1	0.45	0.45	0	
13/06/2011 09:39:52	TASTEGGIO	0	1	13000	69496	166776	339	-9	0.37	0.37	0	
13/06/2011 09:40:32	TASTEGGIO	0	2	13000	69496	166781	399	-13	0.26	0.26	0	
13/06/2011 09:41:13	TASTEGGIO	0	3	13000	69496	166781	400	-8	0.18	0.18	0	
13/06/2011 09:41:54	TASTEGGIO	0	4	13000	69496	166781	400	-5	0.15	0.15	0	
13/06/2011 09:42:35	TASTEGGIO	0	5	13000	69496	166781	400	-23	0.18	0.18	0	
13/06/2011 09:43:16	TASTEGGIO	0	1	13000	69496	166781	378	-133	1.14	1.14	0	
13/06/2011 09:43:33	TASTEGGIO	0	1	13000	69496	166781	0	-3	1.13	1.13	0	
13/06/2011 09:43:58	TASTEGGIO	0	1	13000	69496	166781	336	-65	0.55	0.55	0	
13/06/2011 09:44:22	TASTEGGIO	0	0	13000	69496	166781	262	-7	0.48	0.48	0	
13/06/2011 09:44:47	TASTEGGIO	0	1	13000	69496	166781	303	-11	0.38	0.38	0	
13/06/2011 09:45:30	TASTEGGIO	0	2	13000	69496	166781	345	-21	0.20	0.20	0	
13/06/2011 09:46:10	TASTEGGIO	0	3	13000	69496	166781	363	-9	0.11	0.11	0	
13/06/2011 09:46:21	TASTEGGIO	0	3	13000	69496	142393	363	-9	0.12	0.21	-44500	
13/06/2011 09:46:49	TASTEGGIO	1	0	13000	69496	186861	218	-14	0.09	0.09	0	
13/06/2011 09:47:01	TASTEGGIO	1	0	13000	69496	142341	218	-14	0.20	0.20	0	
13/06/2011 09:47:26	TASTEGGIO	1	0	13000	69496	142361	217	-37	0.30	0.30	0	
13/06/2011 09:47:48	TASTEGGIO	0	1	13000	69496	142362	172	-9	0.21	0.21	0	
13/06/2011 09:48:10	TASTEGGIO	0	2	13000	69496	142363	192	-6	0.15	0.15	0	
13/06/2011 09:48:17	ALARM 401		
13/06/2011 09:48:21	ALARM 401		
13/06/2011 09:48:22	ALARM 401		
13/06/2011 09:48:27	ALARM 201		err.6059
13/06/2011 09:48:42	TASTEGGIO	0	3	13000	69496	142356	210	-6	0.16	0.26	-44500	
13/06/2011 09:55:28	TASTEGGIO	0	3	13000	69496	186827	158	-1	0.29	0.29	0	
13/06/2011 09:55:50	TASTEGGIO	0	3	13000	69496	186827	149	-1	0.27	0.27	0	
13/06/2011 09:56:16	TASTEGGIO	0	3	13000	69496	186827	149	0	0.28	0.28	0	
13/06/2011 09:56:41	TASTEGGIO	0	3	13000	69496	186827	156	0	0.27	0.27	0	
13/06/2011 09:57:08	TASTEGGIO	0	3	13000	69496	186827	180	-1	0.27	0.27	0	
13/06/2011 09:57:35	TASTEGGIO	0	3	13000	69496	186827	223	-5	0.23	0.23	0	
13/06/2011 09:58:03	TASTEGGIO	0	3	13000	69496	186827	246	-10	0.17	0.17	0	
13/06/2011 09:58:20	TASTEGGIO	0	3	13000	69496	142357	246	-10	0.10	0.16	-44500	
13/06/2011 09:58:44	TASTEGGIO	0	3	13000	69496	142327	246	-10	0.10	0.16	-44500	
13/06/2011 10:00:40	TASTEGGIO	0	3	13000	69496	142141	246	-10	0.77	0.98	44500	
13/06/2011 10:01:10	TASTEGGIO	1	0	13000	69496	97661	318	-32	0.71	0.71	0	
13/06/2011 10:01:37	TASTEGGIO	0	1	13000	69496	97661	369	-44	0.28	0.28	0	
13/06/2011 10:02:02	TASTEGGIO	0	0	13000	69496	97661	227	-1	0.28	0.28	0	
13/06/2011 10:02:30	TASTEGGIO	0	1	13000	69496	97661	283	-7	0.23	0.23	0	
13/06/2011 10:02:56	TASTEGGIO	0	2	13000	69496	97685	320	-5	0.18	0.18	0	
13/06/2011 10:03:26	TASTEGGIO	0	3	13000	69496	97685	344	-26	0.17	0.17	0	
13/06/2011 10:03:52	TASTEGGIO	0	1	13000	69496	97685	327	-61	0.48	0.48	0	
13/06/2011 10:04:13	TASTEGGIO	0	1	13000	69496	97685	191	-13	0.35	0.35	0	
13/06/2011 10:04:36	TASTEGGIO	0	2	13000	69496	97685	227	-9	0.26	0.26	0	
13/06/2011 10:05:01	TASTEGGIO	0	3	13000	69496	97685	260	-12	0.14	0.14	0	
13/06/2011 10:05:12	TASTEGGIO	0	3	13000	69496	142090	260	-12	0.05	0.15	44500	
13/06/2011 10:07:03	TASTEGGIO	0	3	13000	69496	142217	260	-12	0.46	0.55	-24500	
13/06/2011 10:07:31	TASTEGGIO	1	0	13000	69496	166674	262	-46	0.30	0.30	0	
13/06/2011 10:07:58	TASTEGGIO	0	1	13000	69496	166686	278	-87	0.99	0.99	0	
13/06/2011 10:08:14	TASTEGGIO	0	1	13000	69496	166688	0	0	0.97	0.97	0	
13/06/2011 10:08:38	TASTEGGIO	0	1	13000	69496	166697	285	-32	0.65	0.65	0	
13/06/2011 10:09:06	TASTEGGIO	0	2	13000	69496	166699	346	-52	0.16	0.16	0	
13/06/2011 10:09:31	TASTEGGIO	0	0	13000	69496	166699	212	-1	0.17	0.17	0	
13/06/2011 10:09:57	TASTEGGIO	0	1	13000	69496	166699	248	-2	0.14	0.14	0	
13/06/2011 10:10:08	TASTEGGIO	0	1	13000	69496	142263	248	-2	0.12	0.20	-44500	
13/06/2011 10:10:36	TASTEGGIO	1	0	13000	69496	186719	217	-19	0.13	0.13	0	
13/06/2011 10:10:48	TASTEGGIO	1	0	13000	69496	142232	217	-19	0.13	0.19	24500	
13/06/2011 10:11:14	TASTEGGIO	1	0	13000	69496	117756	216	-28	0.15	0.15	0	
13/06/2011 10:11:38	TASTEGGIO	0	1	13000	69496	117758	204	-22	0.11	0.11	0	
13/06/2011 10:11:48	TASTEGGIO	0	1	13000	69496	142180	204	-22	0.08	0.25	-44500	
13/06/2011 10:12:18	TASTEGGIO	1	0	13000	69496	186651	224	-25	0.08	0.08	0	
13/06/2011 10:12:29	TASTEGGIO	1	0	13000	69496	142239	224	-25	0.13	0.15	24500	
13/06/2011 10:14:19	TASTEGGIO	1	0	13000	69496	142208	224	-25	0.37	0.37	0	
13/06/2011 10:14:46	TASTEGGIO	1	0	13000	69496	142227	239	-32	0.12	0.12	0	
13/06/2011 10:14:55	TASTEGGIO	1	0	13000	69496	142220	239	-32	0.12	0.14	-44500	
13/06/2011 10:15:22	TASTEGGIO	1	0	13000	69496	186663	209	-24	0.10	0.10	0	
13/06/2011 10:15:33	TASTEGGIO	1	0	13000	69496	142247	209	-24	0.11	0.13	-24500	
13/06/2011 10:16:02	TASTEGGIO	1	0	13000	69496	166724	208	-36	0.23	0.23	0	
13/06/2011 10:16:24	TASTEGGIO	0	1	13000	69496	166725	167	-12	0.11	0.11	0	
13/06/2011 10:16:35	TASTEGGIO	0	1	13000	69496	142225	167	-12	0.12	0.12	-44500	
13/06/2011 10:18:25	TASTEGGIO	0	1	13000	69496	142094	167	-12	0.15	0.19	44500	
13/06/2011 10:18:52	TASTEGGIO	1	0	13000	69496	97617	216	-19	0.04	0.04	0	
13/06/2011 10:19:04	TASTEGGIO	1	0	13000	69496	142075	216	-19	0.03	0.07	-44500	
13/06/2011 10:20:01	ALARM 17	proc 12 prog 10 step 47	LavoroTerminato
13/06/2011 16:19:20	ALARM 406		
14/06/2011 15:51:05	ALARM 401		
14/06/2011 15:51:07	INIT OK
14/06/2011 16:06:53	ALARM 401		
14/06/2011 16:17:21	ALARM 318	proc 12 prog 22 step 6	go_abs inv_ax 2
14/06/2011 16:19:19	TASTEGGIO	0	0	7500	51856	88952	0	0	0.21	0.21	0	
14/06/2011 16:19:38	TASTEGGIO	1	0	7500	51856	88958	238	-4	0.18	0.18	0	
14/06/2011 16:19:55	TASTEGGIO	0	1	7500	51856	88968	253	-2	0.17	0.17	0	
14/06/2011 16:20:15	TASTEGGIO	0	1	7500	51856	88973	301	-7	0.09	0.09	0	
14/06/2011 16:20:22	TASTEGGIO	0	1	7500	51856	88983	301	-7	0.10	0.11	24500	
14/06/2011 16:20:43	TASTEGGIO	1	0	7500	51856	64526	225	-2	0.11	0.11	0	
14/06/2011 16:21:00	TASTEGGIO	0	1	7500	51856	64529	247	-1	0.09	0.09	0	
14/06/2011 16:21:17	TASTEGGIO	0	2	7500	51856	64531	261	-1	0.08	0.08	0	
14/06/2011 16:21:27	TASTEGGIO	0	2	7500	51856	88933	261	-1	0.07	0.09	-24500	
14/06/2011 16:21:47	TASTEGGIO	1	0	7500	51856	113387	223	-4	0.06	0.06	0	
14/06/2011 16:21:57	TASTEGGIO	1	0	7500	51856	89100	223	-4	0.06	0.08	44500	
14/06/2011 16:23:55	TASTEGGIO	1	0	7500	51856	89101	223	-4	0.05	0.09	-44500	
14/06/2011 16:24:17	TASTEGGIO	1	0	7500	51856	133560	223	-3	0.07	0.07	0	
14/06/2011 16:24:27	TASTEGGIO	1	0	7500	51856	89112	223	-3	0.03	0.07	-44500	
14/06/2011 16:26:15	TASTEGGIO	1	0	7500	51856	89099	223	-3	0.24	0.26	-24500	
14/06/2011 16:26:37	TASTEGGIO	1	0	7500	51856	113558	245	-5	0.23	0.23	0	
14/06/2011 16:26:56	TASTEGGIO	0	1	7500	51856	113571	265	-3	0.20	0.20	0	
14/06/2011 16:27:14	TASTEGGIO	0	2	7500	51856	113574	299	-6	0.13	0.13	0	
14/06/2011 16:27:24	TASTEGGIO	0	2	7500	51856	89117	299	-6	0.15	0.15	0	
14/06/2011 16:27:44	TASTEGGIO	1	0	7500	51856	89134	231	-1	0.14	0.14	0	
14/06/2011 16:27:52	TASTEGGIO	1	0	7500	51856	89115	231	-1	0.14	0.14	0	
14/06/2011 16:28:11	TASTEGGIO	1	0	7500	51856	89131	229	-1	0.13	0.13	0	
14/06/2011 16:28:30	TASTEGGIO	0	1	7500	51856	89137	253	-1	0.12	0.12	0	
14/06/2011 16:28:48	TASTEGGIO	0	1	7500	51856	89142	286	-8	0.09	0.09	0	
14/06/2011 16:29:08	TASTEGGIO	0	2	7500	51856	89146	295	-6	0.04	0.04	0	
14/06/2011 16:29:16	TASTEGGIO	0	2	7500	51856	89118	295	-6	0.04	0.08	-44500	
14/06/2011 16:31:13	TASTEGGIO	0	2	7500	51856	89101	295	-6	0.19	0.19	0	
14/06/2011 16:31:33	TASTEGGIO	1	0	7500	51856	89118	236	-3	0.16	0.16	0	
14/06/2011 16:31:52	TASTEGGIO	0	1	7500	51856	89129	249	-1	0.15	0.15	0	
