22/02/2012 07:19:30	INIT OK
22/02/2012 07:23:18	TASTEGGIO	0	0	8000	53820	117807	0	0	1.85	2.01	-24500	
22/02/2012 07:23:44	TASTEGGIO	1	0	8000	53820	142317	400	-34	1.65	1.65	0	
22/02/2012 07:24:06	TASTEGGIO	0	1	8000	53820	142325	400	-17	1.43	1.43	0	
22/02/2012 07:24:30	TASTEGGIO	0	2	8000	53820	142324	400	-9	1.33	1.33	0	
22/02/2012 07:24:53	TASTEGGIO	0	3	8000	53820	142324	400	-7	1.26	1.26	0	
22/02/2012 07:25:17	TASTEGGIO	0	4	8000	53820	142325	400	-5	1.21	1.21	0	
22/02/2012 07:25:39	TASTEGGIO	0	5	8000	53820	142324	400	-3	1.14	1.14	0	
22/02/2012 07:26:03	TASTEGGIO	0	6	8000	53820	142324	400	-2	1.14	1.14	0	
22/02/2012 07:26:26	TASTEGGIO	0	7	8000	53820	142324	400	-1	1.10	1.10	0	
22/02/2012 07:26:49	TASTEGGIO	0	8	8000	53820	142325	400	-1	1.08	1.08	0	
22/02/2012 07:27:13	TASTEGGIO	0	9	8000	53820	142325	400	-1	1.04	1.04	0	
22/02/2012 07:27:35	TASTEGGIO	0	10	8000	53820	142324	400	-3	1.00	1.00	0	
22/02/2012 07:27:59	TASTEGGIO	0	11	8000	53820	142325	400	-1	0.99	0.99	0	
22/02/2012 07:28:22	TASTEGGIO	0	12	8000	53820	142324	400	-2	0.95	0.95	0	
22/02/2012 07:28:46	TASTEGGIO	0	13	8000	53820	142324	400	-1	0.93	0.93	0	
22/02/2012 07:29:08	TASTEGGIO	0	14	8000	53820	142324	400	0	0.92	0.92	0	
22/02/2012 07:29:32	TASTEGGIO	0	15	8000	53820	142324	400	0	0.90	0.90	0	
22/02/2012 07:29:55	TASTEGGIO	0	16	8000	53820	142325	400	-1	0.90	0.90	0	
22/02/2012 07:30:17	TASTEGGIO	0	17	8000	53820	142325	400	0	0.87	0.87	0	
22/02/2012 07:30:41	TASTEGGIO	0	18	8000	53820	142324	400	0	0.85	0.85	0	
22/02/2012 07:31:04	TASTEGGIO	0	19	8000	53820	142324	400	0	0.84	0.84	0	
22/02/2012 07:31:28	TASTEGGIO	0	20	8000	53820	142324	400	0	0.83	0.83	0	
22/02/2012 07:31:50	TASTEGGIO	0	21	8000	53820	142324	400	0	0.81	0.81	0	
22/02/2012 07:32:14	TASTEGGIO	0	22	8000	53820	142324	400	-1	0.80	0.80	0	
22/02/2012 07:32:36	TASTEGGIO	0	23	8000	53820	142324	400	0	0.79	0.79	0	
22/02/2012 07:33:00	TASTEGGIO	0	24	8000	53820	142325	400	0	0.78	0.78	0	
22/02/2012 07:33:01	ALARM 401		
22/02/2012 07:33:03	ALARM 401		
22/02/2012 07:33:03	ALARM 401		
22/02/2012 07:33:22	TASTEGGIO	0	24	8000	53820	142325	400	0	0.79	0.79	0	
22/02/2012 07:33:48	TASTEGGIO	1	0	8000	53820	142324	399	0	0.78	0.78	0	
22/02/2012 07:34:11	TASTEGGIO	0	1	8000	53820	142325	476	-52	0.24	0.24	0	
22/02/2012 07:34:32	TASTEGGIO	0	0	8000	53820	142324	260	0	0.24	0.24	0	
22/02/2012 07:34:54	TASTEGGIO	0	1	8000	53820	142325	284	0	0.24	0.24	0	
22/02/2012 07:35:16	TASTEGGIO	0	2	8000	53820	142325	332	-3	0.22	0.22	0	
22/02/2012 07:35:40	TASTEGGIO	0	3	8000	53820	142324	392	-12	0.21	0.21	0	
22/02/2012 07:36:04	TASTEGGIO	0	4	8000	53820	142324	472	-136	1.18	1.18	0	
22/02/2012 07:36:18	TASTEGGIO	0	1	8000	53820	142324	0	-9	1.08	1.08	0	
22/02/2012 07:36:36	TASTEGGIO	0	2	8000	53820	142324	197	-7	0.99	0.99	0	
22/02/2012 07:37:01	TASTEGGIO	0	3	8000	53820	142325	469	-191	0.99	0.99	0	
22/02/2012 07:37:24	TASTEGGIO	0	1	8000	53820	142324	370	-47	0.48	0.48	0	
22/02/2012 07:37:47	TASTEGGIO	0	0	8000	53820	142324	321	-2	0.47	0.47	0	
22/02/2012 07:38:11	TASTEGGIO	0	1	8000	53820	142325	367	-9	0.37	0.37	0	
22/02/2012 07:38:33	TASTEGGIO	0	2	8000	53820	142325	408	-21	0.17	0.17	0	
22/02/2012 07:38:55	TASTEGGIO	0	0	8000	53820	142324	242	0	0.17	0.17	0	
22/02/2012 07:39:17	TASTEGGIO	0	1	8000	53820	142324	259	0	0.17	0.17	0	
22/02/2012 07:39:39	TASTEGGIO	0	2	8000	53820	142325	293	0	0.17	0.17	0	
22/02/2012 07:40:01	TASTEGGIO	0	3	8000	53820	142325	344	-1	0.16	0.16	0	
22/02/2012 07:40:25	TASTEGGIO	0	4	8000	53820	142324	404	-15	0.12	0.12	0	
22/02/2012 07:40:30	TASTEGGIO	0	4	8000	53820	142325	404	-15	0.12	0.12	0	
22/02/2012 07:40:53	TASTEGGIO	1	0	8000	53820	142325	230	-3	0.08	0.08	0	
22/02/2012 07:41:08	TASTEGGIO	1	0	8000	53821	117804	230	-3	0.27	0.74	44500	
22/02/2012 07:41:36	TASTEGGIO	1	0	8000	53821	73374	386	-65	0.25	0.25	0	
22/02/2012 07:41:56	TASTEGGIO	0	0	8000	53821	73364	263	-10	0.16	0.16	0	
22/02/2012 07:42:17	TASTEGGIO	0	1	8000	53821	73364	273	-9	0.06	0.06	0	
22/02/2012 07:42:28	TASTEGGIO	0	1	8000	53821	117661	273	-9	0.30	0.56	-44500	
22/02/2012 07:42:55	TASTEGGIO	1	0	8000	53821	162026	341	-43	0.13	0.13	0	
22/02/2012 07:43:05	TASTEGGIO	1	0	8000	53821	117760	341	-43	0.12	0.25	-24500	
22/02/2012 07:43:32	TASTEGGIO	1	0	8000	53821	142200	263	-61	0.32	0.32	0	
22/02/2012 07:43:53	TASTEGGIO	0	1	8000	53821	142223	222	-11	0.24	0.24	0	
22/02/2012 07:44:14	TASTEGGIO	0	2	8000	53821	142257	247	-5	0.25	0.25	0	
22/02/2012 07:44:37	TASTEGGIO	0	3	8000	53821	142290	325	-19	0.11	0.11	0	
22/02/2012 07:44:48	TASTEGGIO	0	3	8000	53821	117751	325	-19	0.22	0.30	44500	
22/02/2012 07:45:13	TASTEGGIO	1	0	8000	53821	73332	275	0	0.30	0.30	0	
22/02/2012 07:45:33	TASTEGGIO	0	1	8000	53821	73326	305	-1	0.25	0.25	0	
22/02/2012 07:45:55	TASTEGGIO	0	2	8000	53821	73313	346	-5	0.19	0.19	0	
22/02/2012 07:46:17	TASTEGGIO	0	3	8000	53821	73302	371	-17	0.06	0.06	0	
22/02/2012 07:46:28	TASTEGGIO	0	3	8000	53821	117652	371	-17	0.12	0.26	-44500	
22/02/2012 07:46:53	TASTEGGIO	1	0	8000	53821	162037	265	-8	0.20	0.20	0	
22/02/2012 07:47:14	TASTEGGIO	0	1	8000	53821	162062	280	-3	0.18	0.18	0	
22/02/2012 07:47:37	TASTEGGIO	0	2	8000	53821	162084	312	-6	0.13	0.13	0	
22/02/2012 07:47:48	TASTEGGIO	0	2	8000	53821	117745	312	-6	0.06	0.14	-24500	
22/02/2012 07:49:37	TASTEGGIO	0	2	8000	53821	117702	312	-6	0.44	0.60	-44500	
22/02/2012 07:50:04	TASTEGGIO	1	0	8000	53821	162072	351	-76	0.26	0.26	0	
22/02/2012 07:50:27	TASTEGGIO	0	1	8000	53821	162097	339	-91	0.61	0.61	0	
22/02/2012 07:50:47	TASTEGGIO	0	1	8000	53821	162124	195	-13	0.48	0.48	0	
22/02/2012 07:51:08	TASTEGGIO	0	2	8000	53821	162141	248	-19	0.30	0.30	0	
22/02/2012 07:51:29	TASTEGGIO	0	3	8000	53821	162156	280	-19	0.13	0.13	0	
22/02/2012 07:51:40	TASTEGGIO	0	3	8000	53821	117704	280	-19	0.04	0.14	-44500	
22/02/2012 07:53:29	TASTEGGIO	0	3	8000	53821	117608	280	-19	0.45	0.52	-24500	
22/02/2012 07:53:57	TASTEGGIO	1	0	8000	53821	142044	331	-64	0.23	0.23	0	
22/02/2012 07:54:21	TASTEGGIO	0	1	8000	53821	142047	320	-70	0.92	0.92	0	
22/02/2012 07:54:35	TASTEGGIO	0	1	8000	53821	142048	0	-3	0.87	0.87	0	
22/02/2012 07:54:52	TASTEGGIO	0	2	8000	53821	142049	164	-2	0.84	0.84	0	
22/02/2012 07:55:16	TASTEGGIO	0	3	8000	53821	142051	400	-111	0.26	0.26	0	
22/02/2012 07:55:40	TASTEGGIO	0	1	8000	53821	142060	391	-111	0.83	0.83	0	
22/02/2012 07:55:56	TASTEGGIO	0	1	8000	53821	142060	126	-6	0.75	0.75	0	
22/02/2012 07:56:17	TASTEGGIO	0	2	8000	53821	142060	261	-17	0.57	0.57	0	
22/02/2012 07:56:40	TASTEGGIO	0	3	8000	53821	142060	336	-33	0.24	0.24	0	
22/02/2012 07:57:01	TASTEGGIO	0	0	8000	53821	142060	260	-4	0.21	0.21	0	
22/02/2012 07:57:25	TASTEGGIO	0	1	8000	53821	142060	278	-1	0.19	0.19	0	
22/02/2012 07:57:47	TASTEGGIO	0	2	8000	53821	142060	312	-12	0.08	0.08	0	
22/02/2012 07:57:57	TASTEGGIO	0	2	8000	53821	117585	312	-12	0.11	0.13	-44500	
22/02/2012 07:59:47	TASTEGGIO	0	2	8000	53821	117804	312	-12	0.31	0.43	44500	
22/02/2012 08:00:13	TASTEGGIO	1	0	8000	53821	73383	308	-30	0.16	0.16	0	
22/02/2012 08:00:34	TASTEGGIO	0	0	8000	53821	73377	240	-8	0.08	0.08	0	
22/02/2012 08:00:45	TASTEGGIO	0	0	8000	53821	117657	240	-8	0.06	0.10	44500	
22/02/2012 08:02:33	TASTEGGIO	0	0	8000	53821	117721	240	-8	2.68	2.78	-24500	
22/02/2012 08:02:58	TASTEGGIO	1	0	8000	53821	142169	400	-8	2.66	2.66	0	
22/02/2012 08:03:18	TASTEGGIO	0	1	8000	53821	142178	400	-2	2.63	2.63	0	
22/02/2012 08:03:40	TASTEGGIO	0	2	8000	53821	142182	400	-10	2.57	2.57	0	
22/02/2012 08:03:42	ALARM 401		
22/02/2012 08:03:45	ALARM 205		err.6058
22/02/2012 08:03:55	TASTEGGIO	0	2	8000	53821	142181	400	-10	2.57	2.57	0	
22/02/2012 08:04:19	TASTEGGIO	1	0	8000	53821	142181	480	-24	2.32	2.32	0	
22/02/2012 08:04:42	TASTEGGIO	0	1	8000	53821	142181	480	-13	2.20	2.20	0	
22/02/2012 08:05:05	TASTEGGIO	0	2	8000	53821	142181	550	-53	1.68	1.68	0	
22/02/2012 08:05:29	TASTEGGIO	0	3	8000	53821	142181	550	-42	1.26	1.26	0	
22/02/2012 08:05:54	TASTEGGIO	0	4	8000	53821	142181	550	-40	0.86	0.86	0	
22/02/2012 08:06:18	TASTEGGIO	0	5	8000	53821	142181	550	-44	0.42	0.42	0	
22/02/2012 08:06:23	ALARM 401		
22/02/2012 08:06:40	TASTEGGIO	0	0	8000	53821	117686	305	-44	0.66	1.09	44500	
22/02/2012 08:07:08	TASTEGGIO	1	0	8000	53821	73264	400	-48	0.63	0.63	0	
22/02/2012 08:07:30	TASTEGGIO	0	1	8000	53821	73255	400	-34	0.28	0.28	0	
22/02/2012 08:07:52	TASTEGGIO	0	0	8000	53821	73253	270	0	0.31	0.31	0	
22/02/2012 08:08:13	TASTEGGIO	0	1	8000	53821	73248	304	0	0.31	0.31	0	
22/02/2012 08:08:37	TASTEGGIO	0	2	8000	53821	73242	366	-4	0.28	0.28	0	
22/02/2012 08:08:59	TASTEGGIO	0	3	8000	53821	73244	400	-13	0.18	0.18	0	
22/02/2012 08:09:22	TASTEGGIO	0	4	8000	53821	73244	400	-12	0.07	0.07	0	
22/02/2012 08:09:33	TASTEGGIO	0	4	8000	53821	117550	400	-12	0.13	0.28	-44500	
22/02/2012 08:09:59	TASTEGGIO	1	0	8000	53821	161916	270	-26	0.12	0.12	0	
22/02/2012 08:10:10	TASTEGGIO	1	0	8000	53821	117662	270	-26	0.31	0.38	-24500	
22/02/2012 08:10:37	TASTEGGIO	1	0	8000	53821	142095	295	-113	0.77	0.77	0	
22/02/2012 08:10:53	TASTEGGIO	0	1	8000	53821	142107	138	-4	0.72	0.72	0	
22/02/2012 08:11:14	TASTEGGIO	0	2	8000	53821	142108	272	-9	0.62	0.62	0	
22/02/2012 08:11:38	TASTEGGIO	0	3	8000	53821	142118	400	-29	0.35	0.35	0	
22/02/2012 08:12:01	TASTEGGIO	0	4	8000	53821	142130	400	-19	0.17	0.17	0	
22/02/2012 08:12:24	TASTEGGIO	0	0	8000	53821	142132	242	0	0.17	0.17	0	
22/02/2012 08:12:45	TASTEGGIO	0	1	8000	53821	142132	259	0	0.17	0.17	0	
22/02/2012 08:13:08	TASTEGGIO	0	2	8000	53821	142132	293	0	0.17	0.17	0	
22/02/2012 08:13:31	TASTEGGIO	0	3	8000	53821	142132	344	-1	0.16	0.16	0	
22/02/2012 08:13:55	TASTEGGIO	0	4	8000	53821	142132	400	-13	0.14	0.14	0	
22/02/2012 08:14:05	TASTEGGIO	0	4	8000	53821	117672	400	-13	0.14	0.43	-44500	
22/02/2012 08:14:31	TASTEGGIO	1	0	8000	53821	162035	308	-18	0.28	0.28	0	
22/02/2012 08:14:53	TASTEGGIO	0	1	8000	53821	162053	326	-14	0.13	0.13	0	
22/02/2012 08:15:03	TASTEGGIO	0	1	8000	53821	117668	326	-14	0.13	0.22	-24500	
22/02/2012 08:15:29	TASTEGGIO	1	0	8000	53821	142102	255	-49	0.32	0.32	0	
22/02/2012 08:15:50	TASTEGGIO	0	1	8000	53821	142115	208	-14	0.19	0.19	0	
22/02/2012 08:16:11	TASTEGGIO	0	2	8000	53821	142118	223	-7	0.14	0.14	0	
22/02/2012 08:16:21	TASTEGGIO	0	2	8000	53821	117665	223	-7	0.20	0.36	-44500	
22/02/2012 08:16:47	TASTEGGIO	1	0	8000	53821	162029	290	-12	0.28	0.28	0	
22/02/2012 08:17:09	TASTEGGIO	0	1	8000	53821	162050	311	-5	0.23	0.23	0	
22/02/2012 08:17:30	TASTEGGIO	0	2	8000	53821	162061	348	-12	0.12	0.12	0	
22/02/2012 08:17:41	TASTEGGIO	0	2	8000	53821	117658	348	-12	0.10	0.14	-44500	
22/02/2012 08:19:28	TASTEGGIO	0	2	8000	53821	117809	348	-12	0.53	0.75	-44500	
22/02/2012 08:19:56	TASTEGGIO	1	0	8000	53821	162185	389	-84	0.27	0.27	0	
22/02/2012 08:20:19	TASTEGGIO	0	1	8000	53821	162219	379	-130	1.01	1.01	0	
22/02/2012 08:20:34	TASTEGGIO	0	1	8000	53821	162224	1	-6	0.95	0.95	0	
22/02/2012 08:20:52	TASTEGGIO	0	2	8000	53821	162250	179	-1	0.91	0.91	0	
22/02/2012 08:21:16	TASTEGGIO	0	3	8000	53821	162264	400	-70	0.35	0.35	0	
22/02/2012 08:21:37	TASTEGGIO	0	0	8000	53821	162272	288	-4	0.30	0.30	0	
22/02/2012 08:22:00	TASTEGGIO	0	1	8000	53821	162272	313	-5	0.26	0.26	0	
22/02/2012 08:22:23	TASTEGGIO	0	2	8000	53821	162272	358	-22	0.05	0.05	0	
22/02/2012 08:22:34	TASTEGGIO	0	2	8000	53821	117814	358	-22	0.06	0.19	44500	
22/02/2012 08:22:59	TASTEGGIO	1	0	8000	53821	73381	247	-15	0.07	0.07	0	
22/02/2012 08:23:10	TASTEGGIO	1	0	8000	53821	117658	247	-15	0.06	0.12	-44500	
22/02/2012 08:24:59	TASTEGGIO	1	0	8000	53821	117802	247	-15	0.34	0.39	-24500	
22/02/2012 08:25:26	TASTEGGIO	1	0	8000	53821	142245	298	-55	0.21	0.21	0	
22/02/2012 08:25:49	TASTEGGIO	0	1	8000	53821	142257	286	-61	0.39	0.39	0	
22/02/2012 08:26:11	TASTEGGIO	0	1	8000	53821	142259	213	-14	0.24	0.24	0	
22/02/2012 08:26:32	TASTEGGIO	0	2	8000	53821	142266	233	-8	0.16	0.16	0	
22/02/2012 08:26:55	TASTEGGIO	0	3	8000	53821	142266	251	-10	0.08	0.08	0	
22/02/2012 08:27:05	TASTEGGIO	0	3	8000	53821	117797	251	-10	0.09	0.17	44500	
22/02/2012 08:27:31	TASTEGGIO	1	0	8000	53821	73372	242	-13	0.08	0.08	0	
22/02/2012 08:27:42	TASTEGGIO	1	0	8000	53821	117654	242	-13	0.02	0.05	-44500	
22/02/2012 08:29:30	TASTEGGIO	1	0	8000	53821	117807	242	-13	2.20	2.33	24500	
22/02/2012 08:29:54	TASTEGGIO	1	0	8000	53821	93357	400	-13	2.16	2.16	0	
22/02/2012 08:30:16	TASTEGGIO	0	1	8000	53821	93355	400	-3	2.03	2.03	0	
22/02/2012 08:30:17	ALARM 401		
22/02/2012 08:30:42	TASTEGGIO	0	1	8000	53821	93355	400	-3	2.05	2.05	0	
22/02/2012 08:31:07	TASTEGGIO	1	0	8000	53821	93355	550	-89	1.22	1.22	0	
22/02/2012 08:31:32	TASTEGGIO	0	1	8000	53821	93355	550	-79	0.42	0.42	0	
22/02/2012 08:31:53	TASTEGGIO	0	0	8000	53821	93355	305	0	0.42	0.42	0	
22/02/2012 08:31:56	ALARM 401		
22/02/2012 08:31:59	ALARM 205		err.6058
22/02/2012 08:32:12	TASTEGGIO	0	0	8000	53821	117659	305	0	0.59	0.70	-24500	
22/02/2012 08:32:39	TASTEGGIO	1	0	8000	53821	142108	376	-91	0.30	0.30	0	
22/02/2012 08:33:03	TASTEGGIO	0	1	8000	53821	142113	363	-122	0.88	0.88	0	
22/02/2012 08:33:18	TASTEGGIO	0	1	8000	53821	142114	104	-4	0.82	0.82	0	
22/02/2012 08:33:39	TASTEGGIO	0	2	8000	53821	142122	256	-18	0.67	0.67	0	
22/02/2012 08:34:02	TASTEGGIO	0	3	8000	53821	142132	400	-93	0.37	0.37	0	
22/02/2012 08:34:25	TASTEGGIO	0	1	8000	53821	142141	379	-64	0.91	0.91	0	
22/02/2012 08:34:43	TASTEGGIO	0	1	8000	53821	142141	155	-10	0.77	0.77	0	
22/02/2012 08:35:06	TASTEGGIO	0	2	8000	53821	142141	285	-26	0.49	0.49	0	
22/02/2012 08:35:30	TASTEGGIO	0	3	8000	53821	142141	339	-41	0.15	0.15	0	
22/02/2012 08:35:33	ALARM 401		
22/02/2012 08:35:35	ALARM 205		err.6059
22/02/2012 08:35:48	TASTEGGIO	0	3	8000	53821	117793	339	-41	0.11	0.31	44500	
22/02/2012 08:36:14	TASTEGGIO	1	0	8000	53821	73360	278	-17	0.19	0.19	0	
22/02/2012 08:36:35	TASTEGGIO	0	1	8000	53821	73352	289	-15	0.05	0.05	0	
22/02/2012 08:36:46	TASTEGGIO	0	1	8000	53821	117654	289	-15	0.31	0.32	-24500	
22/02/2012 08:37:13	TASTEGGIO	1	0	8000	53821	142102	280	-17	0.12	0.12	0	
22/02/2012 08:37:23	TASTEGGIO	1	0	8000	53821	117755	280	-17	0.12	0.16	-44500	
22/02/2012 08:37:49	TASTEGGIO	1	0	8000	53821	162121	240	-23	0.09	0.09	0	
22/02/2012 08:37:59	TASTEGGIO	1	0	8000	53821	117769	240	-23	0.20	0.26	24500	
22/02/2012 08:38:26	TASTEGGIO	1	0	8000	53821	93325	265	-51	0.27	0.27	0	
22/02/2012 08:38:47	TASTEGGIO	0	1	8000	53821	93316	236	-6	0.20	0.20	0	
22/02/2012 08:39:08	TASTEGGIO	0	2	8000	53821	93314	256	-1	0.18	0.18	0	
22/02/2012 08:39:32	TASTEGGIO	0	3	8000	53821	93315	304	-4	0.14	0.14	0	
22/02/2012 08:39:42	TASTEGGIO	0	3	8000	53821	117658	304	-4	0.13	0.37	44500	
22/02/2012 08:40:08	TASTEGGIO	1	0	8000	53821	73231	293	-1	0.33	0.33	0	
22/02/2012 08:40:29	TASTEGGIO	0	1	8000	53821	73228	322	-4	0.27	0.27	0	
22/02/2012 08:40:51	TASTEGGIO	0	2	8000	53821	73222	366	-16	0.10	0.10	0	
22/02/2012 08:41:02	TASTEGGIO	0	2	8000	53821	117651	366	-16	0.15	0.15	0	
22/02/2012 08:41:27	TASTEGGIO	1	0	8000	53821	117646	237	-27	0.14	0.14	0	
22/02/2012 08:41:35	TASTEGGIO	1	0	8000	53821	117650	237	-27	0.14	0.24	44500	
22/02/2012 08:42:01	TASTEGGIO	1	0	8000	53821	73232	260	-2	0.20	0.20	0	
22/02/2012 08:42:22	TASTEGGIO	0	1	8000	53821	73224	276	0	0.16	0.16	0	
22/02/2012 08:42:44	TASTEGGIO	0	2	8000	53821	73218	294	0	0.18	0.18	0	
22/02/2012 08:43:06	TASTEGGIO	0	3	8000	53821	73209	354	0	0.13	0.13	0	
22/02/2012 08:43:17	TASTEGGIO	0	3	8000	53821	117650	354	0	0.09	0.17	44500	
22/02/2012 08:43:42	TASTEGGIO	1	0	8000	53821	73233	242	-1	0.15	0.15	0	
22/02/2012 08:44:03	TASTEGGIO	0	1	8000	53821	73223	255	-2	0.15	0.15	0	
22/02/2012 08:44:24	TASTEGGIO	0	2	8000	53821	73212	285	0	0.15	0.15	0	
22/02/2012 08:44:46	TASTEGGIO	0	3	8000	53821	73205	330	0	0.15	0.15	0	
22/02/2012 08:45:10	TASTEGGIO	0	4	8000	53821	73203	390	-27	0.21	0.21	0	
22/02/2012 08:45:32	TASTEGGIO	0	1	8000	53821	73268	360	-61	0.39	0.39	0	
22/02/2012 08:45:54	TASTEGGIO	0	1	8000	53821	73268	287	-24	0.20	0.20	0	
22/02/2012 08:46:15	TASTEGGIO	0	2	8000	53821	73268	301	-5	0.15	0.15	0	
22/02/2012 08:46:36	TASTEGGIO	0	3	8000	53821	73268	320	-3	0.12	0.12	0	
22/02/2012 08:46:47	TASTEGGIO	0	3	8000	53821	117653	320	-3	0.12	0.14	44500	
22/02/2012 08:48:36	TASTEGGIO	0	3	8000	53821	117805	320	-3	0.75	0.81	-24500	
22/02/2012 08:49:04	TASTEGGIO	1	0	8000	53821	142251	400	-94	0.23	0.23	0	
22/02/2012 08:49:28	TASTEGGIO	0	1	8000	53821	142260	393	-166	1.42	1.42	0	
22/02/2012 08:49:42	TASTEGGIO	0	1	8000	53821	142261	0	-6	1.35	1.35	0	
22/02/2012 08:50:02	TASTEGGIO	0	2	8000	53821	142269	256	-6	1.27	1.27	0	
22/02/2012 08:50:25	TASTEGGIO	0	3	8000	53821	142271	400	-56	0.72	0.72	0	
22/02/2012 08:50:48	TASTEGGIO	0	4	8000	53821	142276	400	-30	0.41	0.41	0	
22/02/2012 08:51:11	TASTEGGIO	0	5	8000	53821	142276	400	-24	0.17	0.17	0	
22/02/2012 08:51:33	TASTEGGIO	0	0	8000	53821	142276	242	0	0.17	0.17	0	
22/02/2012 08:51:54	TASTEGGIO	0	1	8000	53821	142276	259	0	0.17	0.17	0	
22/02/2012 08:52:17	TASTEGGIO	0	2	8000	53821	142276	293	0	0.17	0.17	0	
22/02/2012 08:52:41	TASTEGGIO	0	3	8000	53821	142276	344	-11	0.14	0.14	0	
22/02/2012 08:52:52	TASTEGGIO	0	3	8000	53821	117809	344	-11	0.21	0.30	44500	
22/02/2012 08:53:18	TASTEGGIO	1	0	8000	53821	73366	275	-18	0.11	0.11	0	
22/02/2012 08:53:28	TASTEGGIO	1	0	8000	53821	117653	275	-18	0.09	0.16	-44500	
22/02/2012 08:53:54	TASTEGGIO	1	0	8000	53821	162033	240	-24	0.06	0.06	0	
22/02/2012 08:54:05	TASTEGGIO	1	0	8000	53821	117762	240	-24	0.05	0.15	-24500	
22/02/2012 08:54:31	TASTEGGIO	1	0	8000	53821	142200	237	-41	0.25	0.25	0	
22/02/2012 08:54:52	TASTEGGIO	0	1	8000	53821	142215	195	-7	0.18	0.18	0	
22/02/2012 08:55:13	TASTEGGIO	0	2	8000	53821	142222	213	-3	0.15	0.15	0	
22/02/2012 08:55:34	TASTEGGIO	0	3	8000	53821	142227	250	-5	0.11	0.11	0	
22/02/2012 08:55:45	TASTEGGIO	0	3	8000	53821	117768	250	-5	0.18	0.18	44500	
22/02/2012 08:56:10	TASTEGGIO	1	0	8000	53821	73332	245	0	0.15	0.15	0	
22/02/2012 08:56:32	TASTEGGIO	0	1	8000	53821	73326	257	0	0.14	0.14	0	
22/02/2012 08:56:42	TASTEGGIO	0	1	8000	53821	117654	257	0	0.15	0.15	24500	
22/02/2012 08:57:08	TASTEGGIO	1	0	8000	53821	93202	237	-13	0.02	0.02	0	
22/02/2012 08:57:18	TASTEGGIO	1	0	8000	53821	117645	237	-13	0.03	0.08	-44500	
22/02/2012 08:59:07	TASTEGGIO	1	0	8000	53821	117711	237	-13	0.48	0.48	0	
22/02/2012 08:59:33	TASTEGGIO	1	0	8000	53821	117724	321	-63	0.28	0.28	0	
22/02/2012 08:59:57	TASTEGGIO	0	1	8000	53821	117724	304	-42	0.71	0.71	0	
22/02/2012 09:00:12	TASTEGGIO	0	1	8000	53821	117723	123	-4	0.66	0.66	0	
22/02/2012 09:00:34	TASTEGGIO	0	2	8000	53821	117731	245	-20	0.46	0.46	0	
22/02/2012 09:00:57	TASTEGGIO	0	3	8000	53821	117731	300	-41	0.04	0.04	0	
22/02/2012 09:01:05	TASTEGGIO	0	3	8000	53821	117704	300	-41	0.04	0.13	44500	
22/02/2012 09:01:30	TASTEGGIO	1	0	8000	53821	73271	232	-13	0.05	0.05	0	
22/02/2012 09:01:41	TASTEGGIO	1	0	8000	53821	117552	232	-13	0.12	0.12	0	
22/02/2012 09:03:27	TASTEGGIO	1	0	8000	53821	117722	232	-13	0.76	0.84	44500	
22/02/2012 09:03:54	TASTEGGIO	1	0	8000	53821	73290	400	-62	0.31	0.31	0	
22/02/2012 09:04:15	TASTEGGIO	0	0	8000	53821	73289	278	-10	0.20	0.20	0	
22/02/2012 09:04:38	TASTEGGIO	0	1	8000	53821	73286	290	-2	0.17	0.17	0	
22/02/2012 09:05:00	TASTEGGIO	0	2	8000	53821	73288	318	-9	0.08	0.08	0	
22/02/2012 09:05:11	TASTEGGIO	0	2	8000	53821	117554	318	-9	0.22	0.33	-44500	
22/02/2012 09:05:37	TASTEGGIO	1	0	8000	53821	161926	283	-45	0.16	0.16	0	
22/02/2012 09:05:59	TASTEGGIO	0	1	8000	53821	161949	275	-54	0.33	0.33	0	
22/02/2012 09:06:20	TASTEGGIO	0	1	8000	53821	161969	206	-14	0.19	0.19	0	
22/02/2012 09:06:40	TASTEGGIO	0	2	8000	53821	161986	221	-6	0.13	0.13	0	
22/02/2012 09:06:51	TASTEGGIO	0	2	8000	53821	117663	221	-6	0.05	0.14	-44500	
22/02/2012 09:07:17	TASTEGGIO	1	0	8000	53821	162038	235	-9	0.08	0.08	0	
22/02/2012 09:07:28	TASTEGGIO	1	0	8000	53821	117668	235	-9	0.06	0.09	-24500	
22/02/2012 09:09:16	TASTEGGIO	1	0	8000	53821	117704	235	-9	0.45	0.86	-44500	
22/02/2012 09:09:44	TASTEGGIO	1	0	8000	53821	162079	400	-188	2.65	2.65	0	
22/02/2012 09:09:58	TASTEGGIO	0	1	8000	53821	162084	0	-8	2.55	2.55	0	
22/02/2012 09:10:21	TASTEGGIO	0	2	8000	53821	162111	400	-43	2.11	2.11	0	
22/02/2012 09:10:43	TASTEGGIO	0	3	8000	53821	162127	400	-26	1.81	1.81	0	
22/02/2012 09:11:07	TASTEGGIO	0	4	8000	53821	162139	400	-15	1.70	1.70	0	
22/02/2012 09:11:29	TASTEGGIO	0	5	8000	53821	162158	400	-12	1.58	1.58	0	
22/02/2012 09:11:53	TASTEGGIO	0	6	8000	53821	162158	400	-12	1.48	1.48	0	
22/02/2012 09:12:15	TASTEGGIO	0	7	8000	53821	162158	400	-10	1.37	1.37	0	
22/02/2012 09:12:39	TASTEGGIO	0	8	8000	53821	162158	400	-6	1.31	1.31	0	
22/02/2012 09:13:01	TASTEGGIO	0	9	8000	53821	162158	400	-7	1.22	1.22	0	
22/02/2012 09:13:25	TASTEGGIO	0	10	8000	53821	162158	400	-6	1.20	1.20	0	
22/02/2012 09:13:46	TASTEGGIO	0	11	8000	53821	162158	400	-6	1.14	1.14	0	
22/02/2012 09:14:10	TASTEGGIO	0	12	8000	53821	162158	400	-5	1.11	1.11	0	
22/02/2012 09:14:32	TASTEGGIO	0	13	8000	53821	162158	400	-3	1.09	1.09	0	
22/02/2012 09:14:56	TASTEGGIO	0	14	8000	53821	162158	400	-3	1.06	1.06	0	
22/02/2012 09:15:18	TASTEGGIO	0	15	8000	53821	162158	400	-5	1.02	1.02	0	
22/02/2012 09:15:42	TASTEGGIO	0	16	8000	53821	162158	400	-3	1.00	1.00	0	
22/02/2012 09:16:04	TASTEGGIO	0	17	8000	53821	162158	400	-4	0.98	0.98	0	
22/02/2012 09:16:28	TASTEGGIO	0	18	8000	53821	162158	400	-2	0.95	0.95	0	
22/02/2012 09:16:50	TASTEGGIO	0	19	8000	53821	162158	400	-3	0.93	0.93	0	
22/02/2012 09:17:14	TASTEGGIO	0	20	8000	53821	162158	400	-3	0.91	0.91	0	
22/02/2012 09:17:38	TASTEGGIO	0	21	8000	53821	162158	400	-3	0.89	0.89	0	
22/02/2012 09:18:00	TASTEGGIO	0	22	8000	53821	162158	400	-3	0.86	0.86	0	
22/02/2012 09:18:24	TASTEGGIO	0	23	8000	53821	162158	400	-2	0.86	0.86	0	
22/02/2012 09:18:46	TASTEGGIO	0	24	8000	53821	162158	400	-3	0.84	0.84	0	
22/02/2012 09:19:10	TASTEGGIO	0	25	8000	53821	162158	400	-3	0.82	0.82	0	
22/02/2012 09:19:32	TASTEGGIO	0	26	8000	53821	162158	400	-3	0.80	0.80	0	
22/02/2012 09:19:55	TASTEGGIO	0	27	8000	53821	162158	400	-2	0.78	0.78	0	
22/02/2012 09:20:17	TASTEGGIO	0	28	8000	53821	162158	400	-3	0.75	0.75	0	
22/02/2012 09:20:41	TASTEGGIO	0	29	8000	53821	162158	400	-2	0.74	0.74	0	
22/02/2012 09:21:03	TASTEGGIO	0	30	8000	53821	162158	400	-3	0.71	0.71	0	
22/02/2012 09:21:26	TASTEGGIO	0	31	8000	53821	162158	400	-2	0.69	0.69	0	
22/02/2012 09:21:48	TASTEGGIO	0	32	8000	53821	162158	400	-2	0.67	0.67	0	
22/02/2012 09:21:49	ALARM 218	proc 12 prog 11 step 72	go_abs 5 cmd 11
22/02/2012 09:21:52	ALARM 401		
22/02/2012 09:21:54	ALARM 401		
22/02/2012 09:22:15	TASTEGGIO	0	32	8000	53821	162158	400	-2	0.68	0.68	0	
22/02/2012 09:22:40	TASTEGGIO	1	0	8000	53821	162158	371	-1	0.68	0.68	0	
22/02/2012 09:23:04	TASTEGGIO	0	1	8000	53821	162158	439	-27	0.42	0.42	0	
22/02/2012 09:23:28	TASTEGGIO	0	2	8000	53821	162158	475	-74	0.35	0.35	0	
22/02/2012 09:23:52	TASTEGGIO	0	1	8000	53821	162158	445	-154	1.18	1.18	0	
22/02/2012 09:24:06	TASTEGGIO	0	1	8000	53821	162158	47	-8	1.10	1.10	0	
22/02/2012 09:24:27	TASTEGGIO	0	2	8000	53821	162158	252	-16	0.93	0.93	0	
22/02/2012 09:24:51	TASTEGGIO	0	3	8000	53821	162158	487	-96	0.04	0.04	0	
22/02/2012 09:24:55	TASTEGGIO	0	3	8000	53821	162158	487	-96	0.04	0.04	0	
22/02/2012 09:25:10	TASTEGGIO	0	3	8000	53821	117715	487	-96	0.32	0.32	0	
22/02/2012 09:25:35	TASTEGGIO	1	0	8000	53821	117732	280	-55	0.22	0.22	0	
22/02/2012 09:25:58	TASTEGGIO	0	1	8000	53821	117732	264	-40	0.18	0.18	0	
22/02/2012 09:26:20	TASTEGGIO	0	1	8000	53821	117732	249	-31	0.16	0.16	0	
22/02/2012 09:26:42	TASTEGGIO	0	1	8000	53821	117732	234	-22	0.06	0.06	0	
22/02/2012 09:26:51	TASTEGGIO	0	1	8000	53821	117703	234	-22	0.06	0.22	-44500	
22/02/2012 09:27:17	TASTEGGIO	1	0	8000	53821	162126	255	-3	0.18	0.18	0	
22/02/2012 09:27:38	TASTEGGIO	0	1	8000	53821	162177	269	-1	0.16	0.16	0	
22/02/2012 09:28:00	TASTEGGIO	0	2	8000	53821	162214	297	-2	0.15	0.15	0	
22/02/2012 09:28:24	TASTEGGIO	0	3	8000	53821	162215	339	-2	0.12	0.12	0	
22/02/2012 09:28:35	TASTEGGIO	0	3	8000	53821	117719	339	-2	0.05	0.14	-44500	
22/02/2012 09:29:00	TASTEGGIO	1	0	8000	53821	162145	235	0	0.13	0.13	0	
22/02/2012 09:29:21	TASTEGGIO	0	1	8000	53821	162178	247	0	0.13	0.13	0	
22/02/2012 09:29:43	TASTEGGIO	0	2	8000	53821	162191	273	-1	0.13	0.13	0	
22/02/2012 09:30:06	TASTEGGIO	0	3	8000	53821	162204	312	-1	0.12	0.12	0	
22/02/2012 09:30:17	TASTEGGIO	0	3	8000	53821	117716	312	-1	0.06	0.13	-44500	
22/02/2012 09:30:42	TASTEGGIO	1	0	8000	53821	162109	232	-1	0.12	0.12	0	
22/02/2012 09:30:53	TASTEGGIO	1	0	8000	53821	117703	232	-1	0.05	0.13	-44500	
22/02/2012 09:31:18	TASTEGGIO	1	0	8000	53821	162096	232	0	0.13	0.13	0	
22/02/2012 09:31:38	TASTEGGIO	0	1	8000	53821	162139	245	-1	0.12	0.12	0	
22/02/2012 09:31:49	TASTEGGIO	0	1	8000	53821	117699	245	-1	0.05	0.14	-44500	
22/02/2012 09:32:14	TASTEGGIO	1	0	8000	53821	162098	235	0	0.13	0.13	0	
22/02/2012 09:32:35	TASTEGGIO	0	1	8000	53821	162137	247	-1	0.13	0.13	0	
22/02/2012 09:32:57	TASTEGGIO	0	2	8000	53821	162150	273	-1	0.12	0.12	0	
22/02/2012 09:33:08	TASTEGGIO	0	2	8000	53821	117674	273	-1	0.06	0.13	-44500	
22/02/2012 09:33:33	TASTEGGIO	1	0	8000	53821	162074	232	0	0.13	0.13	0	
22/02/2012 09:33:55	TASTEGGIO	0	1	8000	53821	162101	245	-1	0.12	0.12	0	
22/02/2012 09:34:06	TASTEGGIO	0	1	8000	53821	117676	245	-1	0.05	0.13	-44500	
22/02/2012 09:34:31	TASTEGGIO	1	0	8000	53821	162063	232	-1	0.13	0.13	0	
22/02/2012 09:34:51	TASTEGGIO	0	1	8000	53821	162100	245	0	0.12	0.12	0	
22/02/2012 09:35:02	TASTEGGIO	0	1	8000	53821	117671	245	0	0.06	0.14	-44500	
22/02/2012 09:35:26	TASTEGGIO	1	0	8000	53821	162059	235	-1	0.13	0.13	0	
22/02/2012 09:35:47	TASTEGGIO	0	1	8000	53821	162089	247	-1	0.12	0.12	0	
22/02/2012 09:35:58	TASTEGGIO	0	1	8000	53821	117673	247	-1	0.05	0.13	-44500	
22/02/2012 09:36:23	TASTEGGIO	1	0	8000	53821	162059	232	0	0.13	0.13	0	
22/02/2012 09:36:43	TASTEGGIO	0	1	8000	53821	162095	245	-1	0.12	0.12	0	
22/02/2012 09:36:54	TASTEGGIO	0	1	8000	53821	117676	245	-1	0.05	0.14	-44500	
22/02/2012 09:38:43	TASTEGGIO	0	1	8000	53821	117621	245	-1	0.25	0.39	-44500	
22/02/2012 09:39:10	TASTEGGIO	1	0	8000	53821	162040	298	-54	0.20	0.20	0	
22/02/2012 09:39:32	TASTEGGIO	0	1	8000	53821	162067	287	-57	0.39	0.39	0	
22/02/2012 09:39:52	TASTEGGIO	0	1	8000	53821	162080	210	-16	0.30	0.30	0	
22/02/2012 09:40:13	TASTEGGIO	0	2	8000	53821	162086	242	-14	0.17	0.17	0	
22/02/2012 09:40:34	TASTEGGIO	0	3	8000	53821	162089	258	-13	0.09	0.09	0	
22/02/2012 09:40:45	TASTEGGIO	0	3	8000	53821	117591	258	-13	0.47	0.47	0	
22/02/2012 09:41:11	TASTEGGIO	1	0	8000	53821	117603	318	-99	0.49	0.49	0	
22/02/2012 09:41:33	TASTEGGIO	0	1	8000	53821	117603	266	-13	0.35	0.35	0	
22/02/2012 09:41:55	TASTEGGIO	0	2	8000	53821	117603	301	-7	0.26	0.26	0	
22/02/2012 09:42:19	TASTEGGIO	0	3	8000	53821	117603	334	-8	0.17	0.17	0	
22/02/2012 09:42:42	TASTEGGIO	0	4	8000	53821	117603	356	-9	0.08	0.08	0	
22/02/2012 09:42:51	TASTEGGIO	0	4	8000	53821	117576	356	-9	0.09	0.39	-44500	
22/02/2012 09:43:17	TASTEGGIO	1	0	8000	53821	161961	298	-9	0.28	0.28	0	
22/02/2012 09:43:38	TASTEGGIO	0	1	8000	53821	161992	318	-11	0.16	0.16	0	
22/02/2012 09:44:02	TASTEGGIO	0	2	8000	53821	162009	330	-12	0.07	0.07	0	
22/02/2012 09:44:13	TASTEGGIO	0	2	8000	53821	117565	330	-12	0.16	0.21	44500	
22/02/2012 09:44:38	TASTEGGIO	1	0	8000	53821	73146	252	0	0.19	0.19	0	
22/02/2012 09:44:59	TASTEGGIO	0	1	8000	53821	73143	269	0	0.18	0.18	0	
22/02/2012 09:45:21	TASTEGGIO	0	2	8000	53821	73141	303	0	0.17	0.17	0	
22/02/2012 09:45:45	TASTEGGIO	0	3	8000	53821	73139	351	-5	0.13	0.13	0	
22/02/2012 09:45:56	TASTEGGIO	0	3	8000	53821	117454	351	-5	0.21	0.21	0	
22/02/2012 09:46:20	TASTEGGIO	1	0	8000	53821	117450	252	-32	0.10	0.10	0	
22/02/2012 09:46:28	TASTEGGIO	1	0	8000	53821	117454	252	-32	0.10	0.36	44500	
22/02/2012 09:46:53	TASTEGGIO	1	0	8000	53821	73037	290	-1	0.30	0.30	0	
22/02/2012 09:47:15	TASTEGGIO	0	1	8000	53821	73036	314	0	0.30	0.30	0	
22/02/2012 09:47:38	TASTEGGIO	0	2	8000	53821	73036	374	-6	0.24	0.24	0	
22/02/2012 09:48:00	TASTEGGIO	0	3	8000	53821	73031	400	-11	0.15	0.15	0	
22/02/2012 09:48:23	TASTEGGIO	0	4	8000	53821	73038	400	-7	0.07	0.07	0	
22/02/2012 09:48:34	TASTEGGIO	0	4	8000	53821	117457	400	-7	0.13	0.13	0	
22/02/2012 09:50:22	TASTEGGIO	0	4	8000	53821	117710	400	-7	0.00	0.00	-44500	
22/02/2012 09:50:29	ALARM 401		
22/02/2012 09:50:32	ALARM 401		
22/02/2012 09:50:32	ALARM 401		
22/02/2012 09:50:53	TASTEGGIO	0	4	8000	53820	117703	400	-7	0.00	0.00	0	
22/02/2012 09:50:54	ALARM 401		
22/02/2012 09:50:58	ALARM 204		err.6059
22/02/2012 09:57:48	ALARM 401		
22/02/2012 09:57:59	ALARM 401		
22/02/2012 09:57:59	ALARM 401		
22/02/2012 10:01:42	TASTEGGIO	0	4	8000	53820	117703	751	-118	2.55	2.55	0	
22/02/2012 10:02:07	TASTEGGIO	0	4	8000	53820	117703	751	-118	2.61	2.61	0	
22/02/2012 10:02:32	TASTEGGIO	1	0	8000	53820	117703	550	0	2.59	2.59	0	
22/02/2012 10:02:56	TASTEGGIO	0	1	8000	53820	117703	550	-1	2.58	2.58	0	
22/02/2012 10:03:20	TASTEGGIO	0	2	8000	53820	117703	620	-44	2.48	2.48	0	
22/02/2012 10:03:44	TASTEGGIO	0	3	8000	53820	117703	620	-14	2.34	2.34	0	
22/02/2012 10:04:09	TASTEGGIO	0	4	8000	53820	117703	700	-95	1.64	1.64	0	
22/02/2012 10:04:34	TASTEGGIO	0	5	8000	53820	117703	700	-146	0.16	0.16	0	
22/02/2012 10:04:37	ALARM 401		
22/02/2012 10:04:39	ALARM 401		
22/02/2012 10:04:40	ALARM 401		
22/02/2012 10:04:55	TASTEGGIO	0	5	8000	53820	117674	700	-146	0.16	1.04	-44500	
22/02/2012 10:05:22	TASTEGGIO	1	0	8000	53820	162074	400	-92	0.40	0.40	0	
22/02/2012 10:05:44	TASTEGGIO	0	0	8000	53820	162131	300	-46	0.11	0.11	0	
22/02/2012 10:05:54	TASTEGGIO	0	0	8000	53820	117683	300	-46	0.62	0.62	0	
22/02/2012 10:06:20	TASTEGGIO	1	0	8000	53820	117697	356	-196	1.36	1.36	0	
22/02/2012 10:06:34	TASTEGGIO	0	1	8000	53820	117697	57	-5	1.30	1.30	0	
22/02/2012 10:06:55	TASTEGGIO	0	2	8000	53820	117709	305	-9	1.20	1.20	0	
22/02/2012 10:07:18	TASTEGGIO	0	3	8000	53820	117709	400	-23	0.95	0.95	0	
22/02/2012 10:07:40	TASTEGGIO	0	4	8000	53820	117709	400	-6	0.88	0.88	0	
22/02/2012 10:08:02	TASTEGGIO	0	5	8000	53820	117708	400	-3	0.83	0.83	0	
22/02/2012 10:08:25	TASTEGGIO	0	6	8000	53820	117708	400	-1	0.81	0.81	0	
22/02/2012 10:08:47	TASTEGGIO	0	7	8000	53820	117708	400	-1	0.79	0.79	0	
22/02/2012 10:09:11	TASTEGGIO	0	8	8000	53820	117708	400	-1	0.77	0.77	0	
22/02/2012 10:09:33	TASTEGGIO	0	9	8000	53820	117708	400	0	0.77	0.77	0	
22/02/2012 10:09:56	TASTEGGIO	0	10	8000	53820	117708	400	0	0.76	0.76	0	
22/02/2012 10:09:59	ALARM 401		
22/02/2012 10:10:01	ALARM 401		
22/02/2012 10:10:02	ALARM 401		
22/02/2012 10:11:16	TASTEGGIO	0	10	8000	53820	117708	400	0	0.77	0.77	0	
22/02/2012 10:11:40	TASTEGGIO	1	0	8000	53820	117708	394	0	0.76	0.76	0	
22/02/2012 10:12:04	TASTEGGIO	0	1	8000	53820	117708	469	-21	0.55	0.55	0	
22/02/2012 10:12:27	TASTEGGIO	0	2	8000	53820	117708	525	-37	0.17	0.17	0	
22/02/2012 10:12:48	TASTEGGIO	0	0	8000	53820	117708	242	0	0.19	0.19	0	
22/02/2012 10:12:49	ALARM 401		
22/02/2012 10:12:52	ALARM 401		
22/02/2012 10:12:52	ALARM 401		
22/02/2012 10:12:52	ALARM 401		
22/02/2012 10:13:09	TASTEGGIO	0	0	8000	53821	117674	242	0	0.20	0.67	44500	
22/02/2012 10:13:35	TASTEGGIO	1	0	8000	53821	73249	368	-56	0.20	0.20	0	
22/02/2012 10:13:56	TASTEGGIO	0	0	8000	53821	73248	250	-8	0.11	0.11	0	
22/02/2012 10:14:07	TASTEGGIO	0	0	8000	53821	117546	250	-8	0.28	0.44	-44500	
22/02/2012 10:14:33	TASTEGGIO	1	0	8000	53821	161998	310	-6	0.38	0.38	0	
22/02/2012 10:14:54	TASTEGGIO	0	1	8000	53821	162044	342	-11	0.25	0.25	0	
22/02/2012 10:15:18	TASTEGGIO	0	2	8000	53821	162044	365	-15	0.11	0.11	0	
22/02/2012 10:15:29	TASTEGGIO	0	2	8000	53821	117656	365	-15	0.39	0.39	0	
22/02/2012 10:15:54	TASTEGGIO	1	0	8000	53821	117676	298	-100	0.58	0.58	0	
22/02/2012 10:16:14	TASTEGGIO	0	1	8000	53821	117682	211	-8	0.48	0.48	0	
22/02/2012 10:16:36	TASTEGGIO	0	2	8000	53821	117686	290	-12	0.35	0.35	0	
22/02/2012 10:16:59	TASTEGGIO	0	3	8000	53821	117685	334	-12	0.22	0.22	0	
22/02/2012 10:17:21	TASTEGGIO	0	4	8000	53821	117685	361	-12	0.11	0.11	0	
22/02/2012 10:17:30	TASTEGGIO	0	4	8000	53821	117657	361	-12	0.11	0.42	-44500	
22/02/2012 10:17:56	TASTEGGIO	1	0	8000	53821	162073	305	-6	0.34	0.34	0	
22/02/2012 10:18:17	TASTEGGIO	0	1	8000	53821	162127	332	0	0.31	0.31	0	
22/02/2012 10:18:39	TASTEGGIO	0	2	8000	53821	162157	388	-15	0.21	0.21	0	
22/02/2012 10:19:01	TASTEGGIO	0	3	8000	53821	162157	400	-13	0.06	0.06	0	
22/02/2012 10:19:12	TASTEGGIO	0	3	8000	53821	117656	400	-13	0.17	0.18	44500	
22/02/2012 10:19:36	TASTEGGIO	1	0	8000	53821	73239	245	-1	0.16	0.16	0	
22/02/2012 10:19:55	TASTEGGIO	0	1	8000	53821	73228	259	0	0.15	0.15	0	
22/02/2012 10:20:17	TASTEGGIO	0	2	8000	53821	73217	287	-2	0.14	0.14	0	
22/02/2012 10:20:28	TASTEGGIO	0	2	8000	53821	117550	287	-2	0.17	0.17	0	
22/02/2012 10:20:53	TASTEGGIO	1	0	8000	53821	117548	242	-37	0.19	0.19	0	
22/02/2012 10:21:14	TASTEGGIO	0	1	8000	53821	117547	220	-8	0.08	0.08	0	
22/02/2012 10:21:22	TASTEGGIO	0	1	8000	53821	117555	220	-8	0.09	0.33	44500	
22/02/2012 10:21:47	TASTEGGIO	1	0	8000	53821	73141	283	0	0.30	0.30	0	
22/02/2012 10:22:09	TASTEGGIO	0	1	8000	53821	73138	310	0	0.30	0.30	0	
22/02/2012 10:22:30	TASTEGGIO	0	2	8000	53821	73133	370	-17	0.13	0.13	0	
22/02/2012 10:22:41	TASTEGGIO	0	2	8000	53821	117546	370	-17	0.06	0.17	-44500	
22/02/2012 10:23:07	TASTEGGIO	1	0	8000	53821	161948	242	-2	0.16	0.16	0	
22/02/2012 10:23:27	TASTEGGIO	0	1	8000	53821	161979	257	-2	0.15	0.15	0	
22/02/2012 10:23:49	TASTEGGIO	0	2	8000	53821	162002	285	-2	0.14	0.14	0	
22/02/2012 10:24:00	TASTEGGIO	0	2	8000	53821	117649	285	-2	0.07	0.15	-44500	
22/02/2012 10:24:25	TASTEGGIO	1	0	8000	53821	162051	237	1	0.14	0.14	0	
22/02/2012 10:24:36	TASTEGGIO	1	0	8000	53821	117657	237	1	0.06	0.15	-44500	
22/02/2012 10:25:01	TASTEGGIO	1	0	8000	53821	162042	237	-1	0.14	0.14	0	
22/02/2012 10:25:12	TASTEGGIO	1	0	8000	53821	117661	237	-1	0.06	0.15	-44500	
22/02/2012 10:25:37	TASTEGGIO	1	0	8000	53821	162048	237	-1	0.14	0.14	0	
22/02/2012 10:25:48	TASTEGGIO	1	0	8000	53821	117658	237	-1	0.07	0.15	-44500	
22/02/2012 10:26:13	TASTEGGIO	1	0	8000	53821	162043	237	4	0.14	0.14	0	
22/02/2012 10:26:24	TASTEGGIO	1	0	8000	53821	117658	237	4	0.12	0.15	-44500	
22/02/2012 10:26:49	TASTEGGIO	1	0	8000	53821	162035	237	0	0.14	0.14	0	
22/02/2012 10:27:00	TASTEGGIO	1	0	8000	53821	117666	237	0	0.07	0.15	-44500	
22/02/2012 10:28:48	TASTEGGIO	1	0	8000	53821	117711	237	0	1.91	1.91	0	
22/02/2012 10:29:13	TASTEGGIO	1	0	8000	53821	117735	400	-31	1.62	1.62	0	
22/02/2012 10:29:36	TASTEGGIO	0	1	8000	53821	117734	400	-24	1.45	1.45	0	
22/02/2012 10:29:58	TASTEGGIO	0	2	8000	53821	117734	400	-10	1.35	1.35	0	
22/02/2012 10:30:20	TASTEGGIO	0	3	8000	53821	117734	400	-4	1.29	1.29	0	
22/02/2012 10:30:42	TASTEGGIO	0	4	8000	53821	117734	400	-4	1.23	1.23	0	
22/02/2012 10:31:05	TASTEGGIO	0	5	8000	53821	117733	400	-2	1.16	1.16	0	
22/02/2012 10:31:28	TASTEGGIO	0	6	8000	53821	117733	400	-5	1.11	1.11	0	
22/02/2012 10:31:52	TASTEGGIO	0	7	8000	53821	117733	400	-2	1.09	1.09	0	
22/02/2012 10:32:16	TASTEGGIO	0	8	8000	53821	117733	400	-1	1.07	1.07	0	
22/02/2012 10:32:39	TASTEGGIO	0	9	8000	53821	117733	400	-2	1.05	1.05	0	
22/02/2012 10:33:03	TASTEGGIO	0	10	8000	53821	117733	400	-5	1.00	1.00	0	
22/02/2012 10:33:28	TASTEGGIO	0	11	8000	53821	117733	400	-1	0.98	0.98	0	
22/02/2012 10:33:52	TASTEGGIO	0	12	8000	53821	117733	400	-1	0.96	0.96	0	
22/02/2012 10:34:15	TASTEGGIO	0	13	8000	53821	117733	400	0	0.95	0.95	0	
22/02/2012 10:34:37	TASTEGGIO	0	14	8000	53821	117733	400	-3	0.92	0.92	0	
22/02/2012 10:35:01	TASTEGGIO	0	15	8000	53821	117733	400	-1	0.91	0.91	0	
22/02/2012 10:35:26	TASTEGGIO	0	16	8000	53821	117733	400	0	0.90	0.90	0	
22/02/2012 10:35:50	TASTEGGIO	0	17	8000	53821	117733	400	0	0.89	0.89	0	
22/02/2012 10:36:12	TASTEGGIO	0	18	8000	53821	117733	400	0	0.89	0.89	0	
22/02/2012 10:36:14	ALARM 218	proc 12 prog 73 step 17	go_abs 5 cmd 11
22/02/2012 10:36:16	ALARM 205		err.5005
22/02/2012 10:36:26	TASTEGGIO	0	18	8000	53821	117733	400	0	0.89	0.89	0	
22/02/2012 10:36:51	TASTEGGIO	1	0	8000	53821	117733	424	-12	0.78	0.78	0	
22/02/2012 10:37:17	TASTEGGIO	0	1	8000	53821	117733	492	-67	0.31	0.31	0	
22/02/2012 10:37:39	TASTEGGIO	0	0	8000	53821	117733	278	-17	0.16	0.16	0	
22/02/2012 10:37:41	ALARM 218	proc 12 prog 73 step 17	go_abs 5 cmd 11
22/02/2012 10:37:44	ALARM 205		err.6058
22/02/2012 10:37:56	TASTEGGIO	0	0	8000	53821	117688	278	-17	0.17	0.62	44500	
22/02/2012 10:38:23	TASTEGGIO	1	0	8000	53821	73262	356	-44	0.19	0.19	0	
22/02/2012 10:38:43	TASTEGGIO	0	0	8000	53821	73258	247	-2	0.15	0.15	0	
22/02/2012 10:39:05	TASTEGGIO	0	1	8000	53821	73251	258	0	0.16	0.16	0	
22/02/2012 10:39:27	TASTEGGIO	0	2	8000	53821	73249	292	-6	0.09	0.09	0	
22/02/2012 10:39:37	TASTEGGIO	0	2	8000	53821	117551	292	-6	0.28	0.32	-44500	
22/02/2012 10:40:03	TASTEGGIO	1	0	8000	53821	161994	280	-45	0.17	0.17	0	
22/02/2012 10:40:25	TASTEGGIO	0	1	8000	53821	162009	270	-60	0.56	0.56	0	
22/02/2012 10:40:42	TASTEGGIO	0	1	8000	53821	162025	85	-3	0.52	0.52	0	
22/02/2012 10:41:02	TASTEGGIO	0	2	8000	53821	162025	181	-2	0.49	0.49	0	
22/02/2012 10:41:23	TASTEGGIO	0	3	8000	53821	162032	319	-47	0.03	0.03	0	
22/02/2012 10:41:34	TASTEGGIO	0	3	8000	53821	117650	319	-47	0.32	0.32	0	
22/02/2012 10:41:58	TASTEGGIO	1	0	8000	53821	117661	280	-75	0.41	0.41	0	
22/02/2012 10:42:20	TASTEGGIO	0	1	8000	53821	117667	227	-9	0.31	0.31	0	
22/02/2012 10:42:41	TASTEGGIO	0	2	8000	53821	117667	260	-4	0.26	0.26	0	
22/02/2012 10:43:05	TASTEGGIO	0	3	8000	53821	117667	325	-17	0.17	0.17	0	
22/02/2012 10:43:08	ALARM 401		
22/02/2012 10:43:11	ALARM 201		err.6059
22/02/2012 10:43:22	TASTEGGIO	0	3	8000	53821	117656	325	-17	0.17	0.38	44500	
22/02/2012 10:43:49	TASTEGGIO	1	0	8000	53821	73236	295	-1	0.38	0.38	0	
22/02/2012 10:44:12	TASTEGGIO	0	1	8000	53821	73230	333	-5	0.33	0.33	0	
22/02/2012 10:44:34	TASTEGGIO	0	2	8000	53821	73227	390	-27	0.04	0.04	0	
22/02/2012 10:44:45	TASTEGGIO	0	2	8000	53821	117552	390	-27	0.15	0.22	-44500	
22/02/2012 10:45:11	TASTEGGIO	1	0	8000	53821	161953	255	-13	0.15	0.15	0	
22/02/2012 10:45:32	TASTEGGIO	0	1	8000	53821	162011	265	-5	0.09	0.09	0	
22/02/2012 10:45:43	TASTEGGIO	0	1	8000	53821	117656	265	-5	0.22	0.22	0	
22/02/2012 10:46:08	TASTEGGIO	1	0	8000	53821	117666	255	-26	0.05	0.05	0	
22/02/2012 10:46:16	TASTEGGIO	1	0	8000	53821	117655	255	-26	0.05	0.18	-44500	
22/02/2012 10:46:42	TASTEGGIO	1	0	8000	53821	162056	245	-10	0.11	0.11	0	
22/02/2012 10:46:53	TASTEGGIO	1	0	8000	53821	117661	245	-10	0.05	0.13	-44500	
22/02/2012 10:48:42	TASTEGGIO	1	0	8000	53821	117724	245	-10	0.41	0.41	24500	
22/02/2012 10:49:08	TASTEGGIO	1	0	8000	53821	93264	303	-38	0.09	0.09	0	
22/02/2012 10:49:18	TASTEGGIO	1	0	8000	53821	117554	303	-38	0.11	0.14	-24500	
22/02/2012 10:51:07	TASTEGGIO	1	0	8000	53821	117808	303	-38	0.50	0.61	44500	
22/02/2012 10:51:34	TASTEGGIO	1	0	8000	53821	73370	353	-42	0.19	0.19	0	
22/02/2012 10:51:54	TASTEGGIO	0	0	8000	53821	73364	247	0	0.18	0.18	0	
22/02/2012 10:52:14	TASTEGGIO	0	1	8000	53821	73361	264	0	0.16	0.16	0	
22/02/2012 10:52:36	TASTEGGIO	0	2	8000	53821	73359	292	0	0.15	0.15	0	
22/02/2012 10:52:58	TASTEGGIO	0	3	8000	53821	73359	334	-13	0.01	0.01	0	
22/02/2012 10:53:09	TASTEGGIO	0	3	8000	53821	117659	334	-13	0.17	0.33	-44500	
22/02/2012 10:53:36	TASTEGGIO	1	0	8000	53821	162064	283	-45	0.21	0.21	0	
22/02/2012 10:53:57	TASTEGGIO	0	1	8000	53821	162101	269	-56	0.43	0.43	0	
22/02/2012 10:54:17	TASTEGGIO	0	1	8000	53821	162128	180	-4	0.37	0.37	0	
22/02/2012 10:54:38	TASTEGGIO	0	2	8000	53821	162142	243	-7	0.30	0.30	0	
22/02/2012 10:55:01	TASTEGGIO	0	3	8000	53821	162143	315	-29	0.01	0.01	0	
22/02/2012 10:55:12	TASTEGGIO	0	3	8000	53821	117764	315	-29	0.07	0.15	44500	
22/02/2012 10:55:38	TASTEGGIO	1	0	8000	53821	73326	237	-10	0.13	0.13	0	
22/02/2012 10:55:49	TASTEGGIO	1	0	8000	53821	117654	237	-10	0.07	0.09	44500	
22/02/2012 10:57:37	TASTEGGIO	1	0	8000	53821	117814	237	-10	0.42	0.89	44500	
22/02/2012 10:58:05	TASTEGGIO	1	0	8000	53821	73374	400	-59	0.39	0.39	0	
22/02/2012 10:58:27	TASTEGGIO	0	0	8000	53821	73372	298	-12	0.27	0.27	0	
22/02/2012 10:58:50	TASTEGGIO	0	1	8000	53821	73371	316	-6	0.19	0.19	0	
22/02/2012 10:59:13	TASTEGGIO	0	2	8000	53821	73367	334	-6	0.12	0.12	0	
22/02/2012 10:59:24	TASTEGGIO	0	2	8000	53821	117658	334	-6	0.18	0.26	-44500	
22/02/2012 10:59:50	TASTEGGIO	1	0	8000	53821	162067	265	-40	0.16	0.16	0	
22/02/2012 11:00:12	TASTEGGIO	0	1	8000	53821	162085	255	-45	0.26	0.26	0	
22/02/2012 11:00:33	TASTEGGIO	0	1	8000	53821	162119	212	-12	0.15	0.15	0	
22/02/2012 11:00:53	TASTEGGIO	0	2	8000	53821	162141	224	-4	0.11	0.11	0	
22/02/2012 11:01:04	TASTEGGIO	0	2	8000	53821	117755	224	-4	0.03	0.21	44500	
22/02/2012 11:01:31	TASTEGGIO	1	0	8000	53821	73319	252	0	0.20	0.20	0	
22/02/2012 11:01:53	TASTEGGIO	0	1	8000	53821	73316	271	0	0.19	0.19	0	
22/02/2012 11:02:14	TASTEGGIO	0	2	8000	53821	73312	307	-1	0.23	0.23	0	
22/02/2012 11:02:37	TASTEGGIO	0	3	8000	53821	73314	390	-31	0.17	0.17	0	
22/02/2012 11:02:59	TASTEGGIO	0	1	8000	53821	73315	377	-77	0.62	0.62	0	
22/02/2012 11:03:16	TASTEGGIO	0	1	8000	53821	73338	150	-2	0.57	0.57	0	
22/02/2012 11:03:36	TASTEGGIO	0	2	8000	53821	73338	254	-3	0.52	0.52	0	
22/02/2012 11:04:00	TASTEGGIO	0	3	8000	53821	73338	396	-27	0.23	0.23	0	
22/02/2012 11:04:21	TASTEGGIO	0	0	8000	53821	73338	257	1	0.23	0.23	0	
22/02/2012 11:04:42	TASTEGGIO	0	1	8000	53821	73338	280	1	0.23	0.23	0	
22/02/2012 11:05:05	TASTEGGIO	0	2	8000	53821	73338	326	0	0.22	0.22	0	
22/02/2012 11:05:27	TASTEGGIO	0	3	8000	53821	73338	389	-7	0.15	0.15	0	
22/02/2012 11:05:51	TASTEGGIO	0	4	8000	53821	73338	400	-7	0.08	0.08	0	
22/02/2012 11:06:02	TASTEGGIO	0	4	8000	53821	117655	400	-7	0.15	0.19	-44500	
22/02/2012 11:06:28	TASTEGGIO	1	0	8000	53821	162092	247	-5	0.14	0.14	0	
22/02/2012 11:06:39	TASTEGGIO	1	0	8000	53821	117751	247	-5	0.11	0.14	-44500	
22/02/2012 11:08:27	TASTEGGIO	1	0	8000	53821	117809	247	-5	0.18	0.50	44500	
22/02/2012 11:08:54	TASTEGGIO	1	0	8000	53821	73366	326	-35	0.15	0.15	0	
22/02/2012 11:09:15	TASTEGGIO	0	0	8000	53821	73362	237	0	0.15	0.15	0	
22/02/2012 11:09:37	TASTEGGIO	0	1	8000	53821	73360	252	-1	0.12	0.12	0	
22/02/2012 11:09:48	TASTEGGIO	0	1	8000	53821	117659	252	-1	0.09	0.29	-44500	
22/02/2012 11:10:14	TASTEGGIO	1	0	8000	53821	162065	273	-47	0.22	0.22	0	
22/02/2012 11:10:36	TASTEGGIO	0	1	8000	53821	162108	256	-42	0.17	0.17	0	
22/02/2012 11:10:57	TASTEGGIO	0	1	8000	53821	162142	242	-30	0.14	0.14	0	
22/02/2012 11:11:08	TASTEGGIO	0	1	8000	53821	117758	242	-30	0.08	0.22	44500	
22/02/2012 11:11:33	TASTEGGIO	1	0	8000	53821	73317	255	-2	0.21	0.21	0	
22/02/2012 11:11:54	TASTEGGIO	0	1	8000	53821	73315	275	0	0.20	0.20	0	
22/02/2012 11:12:17	TASTEGGIO	0	2	8000	53821	73313	313	-5	0.15	0.15	0	
22/02/2012 11:12:39	TASTEGGIO	0	3	8000	53821	73309	332	-12	0.03	0.03	0	
22/02/2012 11:12:50	TASTEGGIO	0	3	8000	53821	117651	332	-12	0.09	0.23	-44500	
22/02/2012 11:13:16	TASTEGGIO	1	0	8000	53821	162042	257	-16	0.07	0.07	0	
22/02/2012 11:13:27	TASTEGGIO	1	0	8000	53821	117751	257	-16	0.04	0.10	44500	
22/02/2012 11:14:22	ALARM 17	proc 12 prog 10 step 47	LavoroTerminato
22/02/2012 11:16:36	TASTEGGIO	1	0	6000	45980	126759	257	-16	0.10	0.11	24500	
22/02/2012 11:16:58	TASTEGGIO	1	0	6000	45980	102320	78	1	0.09	0.09	0	
22/02/2012 11:17:17	TASTEGGIO	0	1	6000	45980	102318	85	0	0.09	0.09	0	
22/02/2012 11:17:38	TASTEGGIO	0	2	6000	45980	102316	103	0	0.08	0.08	0	
22/02/2012 11:17:58	TASTEGGIO	0	3	6000	45980	102315	124	-2	0.06	0.06	0	
22/02/2012 11:18:20	TASTEGGIO	0	4	6000	45980	102302	133	-2	0.04	0.04	0	
22/02/2012 11:18:30	TASTEGGIO	0	4	6000	45980	126744	133	-2	0.04	0.06	82800	
22/02/2012 11:18:53	TASTEGGIO	1	0	6000	45980	43997	70	0	0.05	0.05	0	
22/02/2012 11:19:04	TASTEGGIO	1	0	6000	45980	126731	70	0	0.05	0.06	82800	
22/02/2012 11:19:27	TASTEGGIO	1	0	6000	45980	43994	70	0	0.05	0.05	0	
22/02/2012 11:19:38	TASTEGGIO	1	0	6000	45980	126728	70	0	0.04	0.05	82800	
22/02/2012 11:21:28	TASTEGGIO	1	0	6000	45980	126874	70	0	0.11	0.11	0	
22/02/2012 11:21:51	TASTEGGIO	1	0	6000	45980	126880	78	-2	0.06	0.06	0	
22/02/2012 11:22:11	TASTEGGIO	0	1	6000	45980	126881	81	-11	0.07	0.07	0	
22/02/2012 11:22:31	TASTEGGIO	0	1	6000	45980	126880	72	-3	0.02	0.02	0	
22/02/2012 11:22:39	TASTEGGIO	0	1	6000	45980	126870	72	-3	0.02	0.06	-82000	
22/02/2012 11:23:03	TASTEGGIO	1	0	6000	45980	208805	70	0	0.05	0.05	0	
22/02/2012 11:23:15	TASTEGGIO	1	0	6000	45980	126875	70	0	0.02	0.05	-82000	
22/02/2012 11:25:04	TASTEGGIO	1	0	6000	45980	126872	70	0	0.05	0.10	-44500	
22/02/2012 11:25:27	TASTEGGIO	1	0	6000	45980	171270	76	-6	0.04	0.04	0	
22/02/2012 11:25:38	TASTEGGIO	1	0	6000	45980	126889	76	-6	0.03	0.05	-82000	
22/02/2012 11:27:28	TASTEGGIO	1	0	6000	45980	126872	76	-6	0.06	0.06	0	
22/02/2012 11:27:50	TASTEGGIO	1	0	6000	45980	126879	70	-3	0.02	0.02	0	
22/02/2012 11:27:57	TASTEGGIO	1	0	6000	45980	126872	70	-3	0.02	0.06	82800	
22/02/2012 11:28:21	TASTEGGIO	1	0	6000	45980	44116	70	-4	0.03	0.03	0	
22/02/2012 11:28:32	TASTEGGIO	1	0	6000	45980	126743	70	-4	0.00	0.04	-82000	
22/02/2012 11:30:22	TASTEGGIO	1	0	6000	45980	126976	70	-4	0.06	0.10	-44500	
22/02/2012 11:30:46	TASTEGGIO	1	0	6000	45980	171381	76	-4	0.04	0.04	0	
22/02/2012 11:30:56	TASTEGGIO	1	0	6000	45980	126997	76	-4	0.02	0.05	-82000	
22/02/2012 11:32:46	TASTEGGIO	1	0	6000	45980	126875	76	-4	0.16	0.16	0	
22/02/2012 11:33:09	TASTEGGIO	1	0	6000	45980	126882	86	0	0.13	0.13	0	
22/02/2012 11:33:17	TASTEGGIO	1	0	6000	45980	126874	86	0	0.12	0.13	-44500	
22/02/2012 11:33:41	TASTEGGIO	1	0	6000	45980	171277	81	-1	0.12	0.12	0	
22/02/2012 11:34:01	TASTEGGIO	0	1	6000	45980	171282	92	-1	0.10	0.10	0	
22/02/2012 11:34:22	TASTEGGIO	0	2	6000	45980	171284	108	-5	0.05	0.05	0	
22/02/2012 11:34:33	TASTEGGIO	0	2	6000	45980	126872	108	-5	0.07	0.08	24500	
22/02/2012 11:34:56	TASTEGGIO	1	0	6000	45980	102438	73	0	0.03	0.03	0	
22/02/2012 11:35:06	TASTEGGIO	1	0	6000	45980	126748	73	0	0.04	0.05	82800	
22/02/2012 11:36:54	TASTEGGIO	1	0	6000	45980	126879	73	0	0.06	0.08	44500	
22/02/2012 11:37:15	TASTEGGIO	1	0	6000	45980	82442	73	0	0.05	0.05	0	
22/02/2012 11:37:26	TASTEGGIO	1	0	6000	45980	126739	73	0	0.05	0.05	44500	
22/02/2012 11:39:16	TASTEGGIO	1	0	6000	45980	126877	73	0	0.22	0.22	0	
22/02/2012 11:39:38	TASTEGGIO	1	0	6000	45980	126883	96	-6	0.07	0.07	0	
22/02/2012 11:39:46	TASTEGGIO	1	0	6000	45980	126877	96	-6	0.07	0.10	24500	
22/02/2012 11:40:09	TASTEGGIO	1	0	6000	45980	102442	76	0	0.08	0.08	0	
22/02/2012 11:40:28	TASTEGGIO	0	1	6000	45980	102439	82	0	0.11	0.11	0	
22/02/2012 11:40:48	TASTEGGIO	0	2	6000	45980	102429	112	-8	0.03	0.03	0	
22/02/2012 11:40:57	TASTEGGIO	0	2	6000	45980	126743	112	-8	0.03	0.03	82800	
22/02/2012 11:42:47	TASTEGGIO	0	2	6000	45980	126876	112	-8	0.16	0.16	24500	
22/02/2012 11:43:10	TASTEGGIO	1	0	6000	45980	102442	86	0	0.14	0.14	0	
22/02/2012 11:43:20	TASTEGGIO	1	0	6000	45980	126744	86	0	0.15	0.15	24500	
22/02/2012 11:43:43	TASTEGGIO	1	0	6000	45980	102306	85	4	0.14	0.14	0	
22/02/2012 11:43:53	TASTEGGIO	1	0	6000	45980	126729	85	4	0.14	0.14	44500	
22/02/2012 11:44:15	TASTEGGIO	1	0	6000	45980	82307	83	1	0.12	0.12	0	
22/02/2012 11:44:32	TASTEGGIO	0	1	6000	45980	82303	93	2	0.13	0.13	0	
22/02/2012 11:44:52	TASTEGGIO	0	2	6000	45980	82298	121	0	0.13	0.13	0	
22/02/2012 11:45:13	TASTEGGIO	0	3	6000	45980	82287	160	-4	0.09	0.09	0	
22/02/2012 11:45:33	TASTEGGIO	0	4	6000	45980	82276	172	-7	0.05	0.05	0	
22/02/2012 11:45:44	TASTEGGIO	0	4	6000	45980	126731	172	-7	0.08	0.11	-44500	
22/02/2012 11:46:08	TASTEGGIO	1	0	6000	45980	171134	78	-1	0.09	0.09	0	
22/02/2012 11:46:27	TASTEGGIO	0	1	6000	45980	171137	85	1	0.15	0.15	0	
22/02/2012 11:46:47	TASTEGGIO	0	2	6000	45980	171138	135	-8	0.00	0.00	0	
22/02/2012 11:46:58	TASTEGGIO	0	2	6000	45980	126870	135	-8	0.01	0.03	-82000	
22/02/2012 11:48:46	TASTEGGIO	0	2	6000	45980	126875	135	-8	0.16	0.16	0	
22/02/2012 11:49:08	TASTEGGIO	1	0	6000	45980	126882	86	0	0.16	0.16	0	
22/02/2012 11:49:28	TASTEGGIO	0	1	6000	45980	126882	102	0	0.16	0.16	0	
22/02/2012 11:49:50	TASTEGGIO	0	2	6000	45980	126882	134	-3	0.12	0.12	0	
22/02/2012 11:49:58	TASTEGGIO	0	2	6000	45980	126868	134	-3	0.12	0.12	24500	
22/02/2012 11:50:21	TASTEGGIO	1	0	6000	45980	102434	80	6	0.10	0.10	0	
22/02/2012 11:50:40	TASTEGGIO	0	1	6000	45980	102430	88	1	0.09	0.09	0	
22/02/2012 11:51:01	TASTEGGIO	0	2	6000	45980	102422	104	-1	0.06	0.06	0	
22/02/2012 11:51:21	TASTEGGIO	0	3	6000	45980	102420	110	-2	0.03	0.03	0	
22/02/2012 11:51:30	TASTEGGIO	0	3	6000	45980	126745	110	-2	0.05	0.06	-24500	
22/02/2012 11:51:54	TASTEGGIO	1	0	6000	45980	151181	70	-1	0.08	0.08	0	
22/02/2012 11:52:14	TASTEGGIO	0	1	6000	45980	151181	80	-3	0.05	0.05	0	
22/02/2012 11:52:24	TASTEGGIO	0	1	6000	45980	126868	80	-3	0.10	0.10	0	
22/02/2012 11:52:46	TASTEGGIO	1	0	6000	45980	126873	76	-8	0.15	0.15	0	
22/02/2012 11:53:06	TASTEGGIO	0	1	6000	45980	126873	98	-16	0.10	0.10	0	
22/02/2012 11:53:26	TASTEGGIO	0	1	6000	45980	126873	91	0	0.15	0.15	0	
22/02/2012 11:53:47	TASTEGGIO	0	2	6000	45980	126873	136	-27	0.23	0.23	0	
22/02/2012 11:54:08	TASTEGGIO	0	1	6000	45980	126873	100	-17	0.17	0.17	0	
22/02/2012 11:54:28	TASTEGGIO	0	2	6000	45980	126873	117	0	0.11	0.11	0	
22/02/2012 11:54:48	TASTEGGIO	0	3	6000	45980	126873	129	-2	0.11	0.11	0	
22/02/2012 11:55:10	TASTEGGIO	0	4	6000	45980	126873	173	-45	0.37	0.37	0	
22/02/2012 11:55:26	TASTEGGIO	0	1	6000	45980	126873	48	-8	0.25	0.25	0	
22/02/2012 11:55:45	TASTEGGIO	0	2	6000	45980	126873	71	-7	0.20	0.20	0	
22/02/2012 11:56:04	TASTEGGIO	0	3	6000	45980	126873	98	-17	0.04	0.04	0	
22/02/2012 11:56:12	TASTEGGIO	0	3	6000	45980	126862	98	-17	0.04	0.05	82800	
22/02/2012 11:58:02	TASTEGGIO	0	3	6000	45980	126875	98	-17	0.07	0.09	-44500	
22/02/2012 11:58:26	TASTEGGIO	1	0	6000	45980	171278	75	-5	0.03	0.03	0	
22/02/2012 11:58:36	TASTEGGIO	1	0	6000	45980	126891	75	-5	0.03	0.05	82800	
22/02/2012 11:59:34	ALARM 17	proc 12 prog 10 step 47	LavoroTerminato
22/02/2012 14:36:06	TASTEGGIO	1	0	9800	60876	146366	75	-5	0.19	0.44	-44500	
22/02/2012 14:36:32	TASTEGGIO	1	0	9800	60876	190865	268	-23	0.20	0.20	0	
22/02/2012 14:36:53	TASTEGGIO	0	0	9800	60876	190865	237	-9	0.11	0.11	0	
22/02/2012 14:37:04	TASTEGGIO	0	0	9800	60876	146479	237	-9	0.13	0.29	44500	
22/02/2012 14:37:30	TASTEGGIO	1	0	9800	60876	102021	249	-8	0.21	0.21	0	
22/02/2012 14:37:51	TASTEGGIO	0	1	9800	60876	102021	264	-8	0.11	0.11	0	
22/02/2012 14:38:02	TASTEGGIO	0	1	9800	60876	146335	264	-8	0.05	0.30	-82000	
22/02/2012 14:38:29	TASTEGGIO	1	0	9800	60876	228277	250	-8	0.21	0.21	0	
22/02/2012 14:38:50	TASTEGGIO	0	1	9800	60876	228279	264	-8	0.10	0.10	0	
22/02/2012 14:39:02	TASTEGGIO	0	1	9800	60876	146462	264	-8	0.11	0.20	82800	
22/02/2012 14:39:29	TASTEGGIO	1	0	9800	60876	63717	237	2	0.19	0.19	0	
22/02/2012 14:39:49	TASTEGGIO	0	1	9800	60876	63714	255	-1	0.18	0.18	0	
22/02/2012 14:40:12	TASTEGGIO	0	2	9800	60876	63712	289	-3	0.14	0.14	0	
22/02/2012 14:40:24	TASTEGGIO	0	2	9800	60876	146348	289	-3	0.07	0.17	24500	
22/02/2012 14:40:49	TASTEGGIO	1	0	9800	60876	121894	233	-13	0.06	0.06	0	
22/02/2012 14:41:00	TASTEGGIO	1	0	9800	60876	146334	233	-13	0.10	0.20	-82000	
22/02/2012 14:41:27	TASTEGGIO	1	0	9800	60876	228284	237	1	0.19	0.19	0	
22/02/2012 14:41:48	TASTEGGIO	0	1	9800	60876	228286	255	1	0.18	0.18	0	
22/02/2012 14:42:10	TASTEGGIO	0	2	9800	60876	228286	289	-5	0.11	0.11	0	
22/02/2012 14:42:22	TASTEGGIO	0	2	9800	60876	146454	289	-5	0.06	0.11	-82000	
22/02/2012 14:42:47	TASTEGGIO	1	0	9800	60876	228406	225	-1	0.11	0.11	0	
22/02/2012 14:43:07	TASTEGGIO	0	1	9800	60876	228407	236	-2	0.12	0.12	0	
22/02/2012 14:43:30	TASTEGGIO	0	2	9800	60876	228407	262	-1	0.11	0.11	0	
22/02/2012 14:43:51	TASTEGGIO	0	3	9800	60876	228407	292	-6	0.06	0.06	0	
22/02/2012 14:44:03	TASTEGGIO	0	3	9800	60876	146456	292	-6	0.07	0.12	82800	
22/02/2012 14:44:30	TASTEGGIO	1	0	9800	60876	63700	227	0	0.12	0.12	0	
22/02/2012 14:44:42	TASTEGGIO	1	0	9800	60876	146340	227	0	0.08	0.13	82800	
22/02/2012 14:45:08	TASTEGGIO	1	0	9800	60876	63585	228	0	0.12	0.12	0	
22/02/2012 14:45:20	TASTEGGIO	1	0	9800	60876	146339	228	0	0.08	0.12	82800	
22/02/2012 14:47:06	TASTEGGIO	1	0	9800	60876	146279	228	0	0.37	0.43	82800	
22/02/2012 14:47:33	TASTEGGIO	1	0	9800	60876	63525	267	-2	0.41	0.41	0	
22/02/2012 14:47:54	TASTEGGIO	0	1	9800	60876	63523	306	-4	0.36	0.36	0	
22/02/2012 14:48:18	TASTEGGIO	0	2	9800	60876	63523	369	-18	0.19	0.19	0	
22/02/2012 14:48:40	TASTEGGIO	0	3	9800	60876	63523	386	-14	0.06	0.06	0	
22/02/2012 14:48:53	TASTEGGIO	0	3	9800	60876	146146	386	-14	0.16	0.16	0	
22/02/2012 14:49:17	TASTEGGIO	1	0	9800	60876	146141	232	-28	0.12	0.12	0	
22/02/2012 14:49:26	TASTEGGIO	1	0	9800	60876	146145	232	-28	0.11	0.11	0	
22/02/2012 14:49:51	TASTEGGIO	1	0	9800	60876	146141	225	-31	0.19	0.19	0	
22/02/2012 14:50:14	TASTEGGIO	0	1	9800	60876	146140	192	-8	0.10	0.10	0	
22/02/2012 14:50:35	TASTEGGIO	0	2	9800	60876	146140	199	-3	0.07	0.07	0	
22/02/2012 14:50:44	TASTEGGIO	0	2	9800	60876	146144	199	-3	0.08	0.10	-24500	
22/02/2012 14:51:09	TASTEGGIO	1	0	9800	60876	170587	224	-30	0.20	0.20	0	
22/02/2012 14:51:31	TASTEGGIO	0	1	9800	60876	170591	184	-12	0.08	0.08	0	
22/02/2012 14:51:42	TASTEGGIO	0	1	9800	60876	146249	184	-12	0.08	0.09	-44500	
22/02/2012 14:53:28	TASTEGGIO	0	1	9800	60876	146336	184	-12	0.62	0.66	24500	
22/02/2012 14:53:54	TASTEGGIO	1	0	9800	60876	121882	296	-20	0.45	0.45	0	
22/02/2012 14:54:16	TASTEGGIO	0	1	9800	60876	121882	326	-24	0.21	0.21	0	
22/02/2012 14:54:40	TASTEGGIO	0	0	9800	60876	121882	238	0	0.21	0.21	0	
22/02/2012 14:55:03	TASTEGGIO	0	1	9800	60876	121882	259	0	0.21	0.21	0	
22/02/2012 14:55:28	TASTEGGIO	0	2	9800	60876	121882	301	-5	0.16	0.16	0	
22/02/2012 14:55:50	TASTEGGIO	0	3	9800	60876	121882	322	-11	0.05	0.05	0	
22/02/2012 14:56:01	TASTEGGIO	0	3	9800	60876	146239	322	-11	0.11	0.31	-82000	
22/02/2012 14:56:27	TASTEGGIO	1	0	9800	60876	228178	251	-16	0.21	0.21	0	
22/02/2012 14:56:48	TASTEGGIO	0	1	9800	60876	228179	265	-11	0.10	0.10	0	
22/02/2012 14:57:00	TASTEGGIO	0	1	9800	60876	146352	265	-11	0.10	0.18	82800	
22/02/2012 14:57:27	TASTEGGIO	1	0	9800	60876	63599	234	0	0.18	0.18	0	
22/02/2012 14:57:48	TASTEGGIO	0	1	9800	60876	63602	252	0	0.16	0.16	0	
22/02/2012 14:58:09	TASTEGGIO	0	2	9800	60876	63601	280	-2	0.13	0.13	0	
22/02/2012 14:58:21	TASTEGGIO	0	2	9800	60876	146237	280	-2	0.06	0.12	82800	
22/02/2012 14:58:47	TASTEGGIO	1	0	9800	60876	63483	227	0	0.12	0.12	0	
22/02/2012 14:59:07	TASTEGGIO	0	1	9800	60876	63484	239	0	0.12	0.12	0	
22/02/2012 14:59:28	TASTEGGIO	0	2	9800	60876	63483	263	0	0.12	0.12	0	
22/02/2012 14:59:51	TASTEGGIO	0	3	9800	60876	63485	299	-3	0.08	0.08	0	
22/02/2012 15:00:04	TASTEGGIO	0	3	9800	60876	146236	299	-3	0.03	0.12	-82000	
22/02/2012 15:00:29	TASTEGGIO	1	0	9800	60876	228188	227	-2	0.12	0.12	0	
22/02/2012 15:00:50	TASTEGGIO	0	1	9800	60876	228188	239	-1	0.11	0.11	0	
22/02/2012 15:01:12	TASTEGGIO	0	2	9800	60876	228189	259	-3	0.09	0.09	0	
22/02/2012 15:01:24	TASTEGGIO	0	2	9800	60876	146356	259	-3	0.06	0.10	82800	
22/02/2012 15:03:11	TASTEGGIO	0	2	9800	60876	146283	259	-3	0.32	0.58	82800	
22/02/2012 15:03:38	TASTEGGIO	1	0	9800	60876	63524	286	-2	0.57	0.57	0	
22/02/2012 15:04:00	TASTEGGIO	0	1	9800	60876	63522	342	-7	0.49	0.49	0	
22/02/2012 15:04:23	TASTEGGIO	0	2	9800	60876	63524	400	-19	0.32	0.32	0	
22/02/2012 15:04:45	TASTEGGIO	0	3	9800	60876	63524	400	-13	0.18	0.18	0	
22/02/2012 15:05:08	TASTEGGIO	0	4	9800	60876	63523	400	-4	0.15	0.15	0	
22/02/2012 15:05:32	TASTEGGIO	0	5	9800	60876	63523	400	-1	0.14	0.14	0	
22/02/2012 15:05:45	TASTEGGIO	0	5	9800	60876	146145	400	-1	0.07	0.19	-82000	
22/02/2012 15:06:12	TASTEGGIO	1	0	9800	60876	228095	236	-7	0.12	0.12	0	
22/02/2012 15:06:24	TASTEGGIO	1	0	9800	60876	146252	236	-7	0.07	0.18	44500	
22/02/2012 15:06:50	TASTEGGIO	1	0	9800	60876	101793	234	-8	0.11	0.11	0	
22/02/2012 15:07:01	TASTEGGIO	1	0	9800	60876	146138	234	-8	0.03	0.16	-44500	
22/02/2012 15:07:28	TASTEGGIO	1	0	9800	60876	190587	232	-20	0.07	0.07	0	
22/02/2012 15:07:39	TASTEGGIO	1	0	9800	60876	146253	232	-20	0.14	0.22	24500	
22/02/2012 15:08:06	TASTEGGIO	1	0	9800	60876	121805	240	-15	0.12	0.12	0	
22/02/2012 15:08:16	TASTEGGIO	1	0	9800	60876	146125	240	-15	0.08	0.15	44500	
22/02/2012 15:08:43	TASTEGGIO	1	0	9800	60876	101669	231	-5	0.09	0.09	0	
22/02/2012 15:08:54	TASTEGGIO	1	0	9800	60876	146146	231	-5	0.04	0.10	82800	
22/02/2012 15:09:46	ALARM 318	proc 2 prog 51 step 54	go_abs inv_ax 9
22/02/2012 15:14:56	ALARM 9	proc 12 prog 31 step 31	Braccetti scarico non in fuori ingombro
22/02/2012 15:16:29	TASTEGGIO	1	0	9800	60879	146274	231	-5	0.46	0.50	44500	
22/02/2012 15:16:55	TASTEGGIO	1	0	9800	60879	101842	276	-10	0.38	0.38	0	
22/02/2012 15:17:17	TASTEGGIO	0	1	9800	60879	101833	304	-16	0.22	0.22	0	
22/02/2012 15:17:39	TASTEGGIO	0	2	9800	60879	101830	322	-16	0.08	0.08	0	
22/02/2012 15:17:50	TASTEGGIO	0	2	9800	60879	146151	322	-16	0.13	0.17	82800	
22/02/2012 15:18:16	TASTEGGIO	1	0	9800	60879	63399	233	-2	0.17	0.17	0	
22/02/2012 15:18:36	TASTEGGIO	0	1	9800	60879	63399	250	-1	0.15	0.15	0	
22/02/2012 15:18:57	TASTEGGIO	0	2	9800	60879	63399	276	-3	0.11	0.11	0	
22/02/2012 15:19:09	TASTEGGIO	0	2	9800	60879	146145	276	-3	0.10	0.11	-24500	
22/02/2012 15:19:35	TASTEGGIO	1	0	9800	60879	170592	225	-27	0.18	0.18	0	
22/02/2012 15:19:56	TASTEGGIO	0	1	9800	60879	170595	195	-11	0.06	0.06	0	
22/02/2012 15:20:06	TASTEGGIO	0	1	9800	60879	146248	195	-11	0.06	0.11	24500	
22/02/2012 15:20:32	TASTEGGIO	1	0	9800	60879	121798	225	-19	0.07	0.07	0	
22/02/2012 15:20:42	TASTEGGIO	1	0	9800	60879	146140	225	-19	0.10	0.14	82800	
22/02/2012 15:21:09	TASTEGGIO	1	0	9800	60879	63388	229	0	0.14	0.14	0	
22/02/2012 15:21:29	TASTEGGIO	0	1	9800	60879	63390	243	0	0.14	0.14	0	
22/02/2012 15:21:52	TASTEGGIO	0	2	9800	60879	63392	271	-1	0.13	0.13	0	
22/02/2012 15:22:13	TASTEGGIO	0	3	9800	60879	63393	307	-8	0.05	0.05	0	
22/02/2012 15:22:25	TASTEGGIO	0	3	9800	60879	146148	307	-8	0.04	0.07	-82000	
22/02/2012 15:24:11	TASTEGGIO	0	3	9800	60876	146244	307	-8	0.42	0.54	44500	
22/02/2012 15:24:37	TASTEGGIO	1	0	9800	60876	101786	281	-12	0.43	0.43	0	
22/02/2012 15:25:00	TASTEGGIO	0	1	9800	60876	101785	315	-18	0.25	0.25	0	
22/02/2012 15:25:22	TASTEGGIO	0	2	9800	60876	101785	335	-19	0.05	0.05	0	
22/02/2012 15:25:34	TASTEGGIO	0	2	9800	60876	146151	335	-19	0.02	0.13	82800	
22/02/2012 15:26:00	TASTEGGIO	1	0	9800	60876	63398	228	0	0.11	0.11	0	
22/02/2012 15:26:21	TASTEGGIO	0	1	9800	60876	63398	237	0	0.11	0.11	0	
22/02/2012 15:26:42	TASTEGGIO	0	2	9800	60876	63398	259	-1	0.09	0.09	0	
22/02/2012 15:26:53	TASTEGGIO	0	2	9800	60876	146145	259	-1	0.03	0.09	82800	
22/02/2012 15:28:39	TASTEGGIO	0	2	9800	60876	146189	259	-1	0.43	0.57	82800	
22/02/2012 15:29:07	TASTEGGIO	1	0	9800	60876	63434	285	-1	0.55	0.55	0	
22/02/2012 15:29:29	TASTEGGIO	0	1	9800	60876	63434	338	-11	0.43	0.43	0	
22/02/2012 15:29:52	TASTEGGIO	0	2	9800	60876	63435	385	-20	0.24	0.24	0	
22/02/2012 15:30:17	TASTEGGIO	0	3	9800	60876	63433	400	-15	0.16	0.16	0	
22/02/2012 15:30:39	TASTEGGIO	0	4	9800	60876	63435	400	-41	0.24	0.24	0	
22/02/2012 15:31:02	TASTEGGIO	0	1	9800	60876	63435	364	-41	0.17	0.17	0	
22/02/2012 15:31:25	TASTEGGIO	0	1	9800	60876	63435	351	-12	0.06	0.06	0	
22/02/2012 15:31:37	TASTEGGIO	0	1	9800	60876	146050	351	-12	0.12	0.28	-82000	
22/02/2012 15:32:03	TASTEGGIO	1	0	9800	60876	228002	247	-9	0.18	0.18	0	
22/02/2012 15:32:24	TASTEGGIO	0	1	9800	60876	228003	258	-8	0.09	0.09	0	
22/02/2012 15:32:36	TASTEGGIO	0	1	9800	60876	146147	258	-8	0.03	0.11	44500	
22/02/2012 15:33:02	TASTEGGIO	1	0	9800	60876	101689	225	-10	0.06	0.06	0	
22/02/2012 15:33:13	TASTEGGIO	1	0	9800	60876	146033	225	-10	0.06	0.14	-44500	
22/02/2012 15:33:40	TASTEGGIO	1	0	9800	60876	190491	229	-22	0.11	0.11	0	
22/02/2012 15:34:01	TASTEGGIO	0	1	9800	60876	190498	220	-21	0.10	0.10	0	
22/02/2012 15:34:13	TASTEGGIO	0	1	9800	60876	146168	220	-21	0.11	0.13	44500	
22/02/2012 15:34:39	TASTEGGIO	1	0	9800	60876	101713	228	-11	0.05	0.05	0	
22/02/2012 15:34:50	TASTEGGIO	1	0	9800	60876	146049	228	-11	0.08	0.11	-44500	
22/02/2012 15:35:16	TASTEGGIO	1	0	9800	60876	190505	225	-13	0.07	0.07	0	
22/02/2012 15:35:28	TASTEGGIO	1	0	9800	60876	146167	225	-13	0.02	0.07	-44500	
22/02/2012 15:37:14	TASTEGGIO	1	0	9800	60876	146264	225	-13	0.34	0.45	-44500	
22/02/2012 15:37:39	TASTEGGIO	1	0	9800	60876	190712	269	-27	0.21	0.21	0	
22/02/2012 15:37:59	TASTEGGIO	0	0	9800	60876	190714	238	-10	0.10	0.10	0	
22/02/2012 15:38:11	TASTEGGIO	0	0	9800	60876	146290	238	-10	0.08	0.20	-82000	
22/02/2012 15:38:37	TASTEGGIO	1	0	9800	60876	228230	237	-10	0.09	0.09	0	
22/02/2012 15:38:49	TASTEGGIO	1	0	9800	60876	146263	237	-10	0.02	0.10	44500	
22/02/2012 15:40:35	TASTEGGIO	1	0	9800	60876	146276	237	-10	0.31	0.32	24500	
22/02/2012 15:41:01	TASTEGGIO	1	0	9800	60876	121826	252	-17	0.15	0.15	0	
22/02/2012 15:41:23	TASTEGGIO	0	0	9800	60876	121826	231	-5	0.10	0.10	0	
22/02/2012 15:41:33	TASTEGGIO	0	0	9800	60876	146144	231	-5	0.12	0.14	82800	
22/02/2012 15:41:59	TASTEGGIO	1	0	9800	60876	63390	229	-1	0.13	0.13	0	
22/02/2012 15:42:20	TASTEGGIO	0	1	9800	60876	63390	241	-1	0.12	0.12	0	
22/02/2012 15:42:42	TASTEGGIO	0	2	9800	60876	63391	263	-2	0.10	0.10	0	
22/02/2012 15:42:55	TASTEGGIO	0	2	9800	60876	146132	263	-2	0.09	0.11	-24500	
22/02/2012 15:43:21	TASTEGGIO	1	0	9800	60876	170582	225	-23	0.13	0.13	0	
22/02/2012 15:43:43	TASTEGGIO	0	1	9800	60876	170586	209	-18	0.05	0.05	0	
22/02/2012 15:43:53	TASTEGGIO	0	1	9800	60876	146246	209	-18	0.02	0.06	-24500	
22/02/2012 15:45:39	TASTEGGIO	0	1	9800	60876	146374	209	-18	0.36	0.44	-44500	
22/02/2012 15:46:06	TASTEGGIO	1	0	9800	60876	190814	268	-26	0.22	0.22	0	
22/02/2012 15:46:27	TASTEGGIO	0	0	9800	60876	190814	240	-12	0.09	0.09	0	
22/02/2012 15:46:38	TASTEGGIO	0	0	9800	60876	146373	240	-12	0.10	0.18	-82000	
22/02/2012 15:47:05	TASTEGGIO	1	0	9800	60876	228308	234	-9	0.07	0.07	0	
22/02/2012 15:47:17	TASTEGGIO	1	0	9800	60876	146362	234	-9	0.04	0.10	82800	
22/02/2012 15:49:01	TASTEGGIO	1	0	9800	60876	146276	234	-9	0.85	0.88	-24500	
22/02/2012 15:49:28	TASTEGGIO	1	0	9800	60876	170703	325	-34	0.56	0.56	0	
22/02/2012 15:49:52	TASTEGGIO	0	1	9800	60876	170718	360	-41	0.18	0.18	0	
22/02/2012 15:50:15	TASTEGGIO	0	0	9800	60876	170722	234	0	0.17	0.17	0	
22/02/2012 15:50:38	TASTEGGIO	0	1	9800	60876	170723	250	-1	0.16	0.16	0	
22/02/2012 15:51:01	TASTEGGIO	0	2	9800	60876	170724	280	-2	0.14	0.14	0	
22/02/2012 15:51:11	TASTEGGIO	0	2	9800	60876	146245	280	-2	0.21	0.37	82800	
22/02/2012 15:51:37	TASTEGGIO	1	0	9800	60876	63489	259	-2	0.35	0.35	0	
22/02/2012 15:51:58	TASTEGGIO	0	1	9800	60876	63489	292	-3	0.31	0.31	0	
22/02/2012 15:52:22	TASTEGGIO	0	2	9800	60876	63489	346	-13	0.19	0.19	0	
22/02/2012 15:52:44	TASTEGGIO	0	3	9800	60876	63490	366	-10	0.08	0.08	0	
22/02/2012 15:52:56	TASTEGGIO	0	3	9800	60876	146145	366	-10	0.17	0.29	-82000	
22/02/2012 15:53:23	TASTEGGIO	1	0	9800	60876	228097	249	-9	0.20	0.20	0	
22/02/2012 15:53:44	TASTEGGIO	0	1	9800	60876	228097	262	-7	0.13	0.13	0	
22/02/2012 15:53:56	TASTEGGIO	0	1	9800	60876	146251	262	-7	0.06	0.15	-44500	
22/02/2012 15:54:22	TASTEGGIO	1	0	9800	60876	190737	231	-17	0.02	0.02	0	
22/02/2012 15:54:33	TASTEGGIO	1	0	9800	60876	146267	231	-17	0.09	0.16	44500	
22/02/2012 15:55:00	TASTEGGIO	1	0	9800	60876	101809	232	-9	0.10	0.10	0	
22/02/2012 15:55:11	TASTEGGIO	1	0	9800	60876	146141	232	-9	0.03	0.10	82800	
22/02/2012 15:56:58	TASTEGGIO	1	0	9800	60876	146324	232	-9	0.39	0.57	24500	
22/02/2012 15:57:24	TASTEGGIO	1	0	9800	60876	121861	285	-26	0.31	0.31	0	
22/02/2012 15:57:47	TASTEGGIO	0	1	9800	60876	121859	301	-25	0.06	0.06	0	
22/02/2012 15:57:58	TASTEGGIO	0	1	9800	60876	146245	301	-25	0.10	0.35	-44500	
22/02/2012 15:58:25	TASTEGGIO	1	0	9800	60876	190700	256	-33	0.09	0.09	0	
22/02/2012 15:58:36	TASTEGGIO	1	0	9800	60876	146351	256	-33	0.17	0.30	44500	
22/02/2012 15:59:03	TASTEGGIO	1	0	9800	60876	101893	250	-9	0.21	0.21	0	
22/02/2012 15:59:24	TASTEGGIO	0	1	9800	60876	101892	264	-8	0.12	0.12	0	
22/02/2012 15:59:35	TASTEGGIO	0	1	9800	60876	146228	264	-8	0.04	0.22	-82000	
22/02/2012 16:00:00	TASTEGGIO	1	0	9800	60876	228181	240	-12	0.09	0.09	0	
22/02/2012 16:00:12	TASTEGGIO	1	0	9800	60876	146351	240	-12	0.13	0.19	44500	
22/02/2012 16:00:39	TASTEGGIO	1	0	9800	60876	101886	236	0	0.18	0.18	0	
22/02/2012 16:01:01	TASTEGGIO	0	1	9800	60876	101888	253	0	0.17	0.17	0	
22/02/2012 16:01:25	TASTEGGIO	0	2	9800	60876	101890	285	-8	0.10	0.10	0	
22/02/2012 16:01:36	TASTEGGIO	0	2	9800	60876	146225	285	-8	0.08	0.12	82800	
22/02/2012 16:02:02	TASTEGGIO	1	0	9800	60876	63470	227	-1	0.12	0.12	0	
22/02/2012 16:02:22	TASTEGGIO	0	1	9800	60876	63470	239	0	0.11	0.11	0	
22/02/2012 16:02:45	TASTEGGIO	0	2	9800	60876	63470	259	-2	0.09	0.09	0	
22/02/2012 16:02:57	TASTEGGIO	0	2	9800	60876	146232	259	-2	0.06	0.10	-82000	
22/02/2012 16:03:23	TASTEGGIO	1	0	9800	60876	228188	224	-2	0.09	0.09	0	
22/02/2012 16:03:35	TASTEGGIO	1	0	9800	60876	146349	224	-2	0.07	0.10	82800	
22/02/2012 16:04:02	TASTEGGIO	1	0	9800	60876	63593	224	0	0.09	0.09	0	
22/02/2012 16:04:14	TASTEGGIO	1	0	9800	60876	146241	224	0	0.07	0.10	82800	
22/02/2012 16:04:40	TASTEGGIO	1	0	9800	60876	63484	224	0	0.10	0.10	0	
22/02/2012 16:05:00	TASTEGGIO	0	1	9800	60876	63484	234	0	0.10	0.10	0	
22/02/2012 16:05:23	TASTEGGIO	0	2	9800	60876	63484	254	0	0.10	0.10	0	
22/02/2012 16:05:45	TASTEGGIO	0	3	9800	60876	63485	284	-3	0.06	0.06	0	
22/02/2012 16:05:58	TASTEGGIO	0	3	9800	60876	146241	284	-3	0.07	0.09	-82000	
22/02/2012 16:06:50	ALARM 318	proc 2 prog 51 step 54	go_abs inv_ax 9
22/02/2012 16:08:42	TASTEGGIO	0	3	9800	60879	146380	284	-3	0.15	0.31	-82000	
22/02/2012 16:09:09	TASTEGGIO	1	0	9800	60879	228315	251	-14	0.19	0.19	0	
22/02/2012 16:09:30	TASTEGGIO	0	1	9800	60879	228327	262	-13	0.08	0.08	0	
22/02/2012 16:09:42	TASTEGGIO	0	1	9800	60879	146377	262	-13	0.17	0.30	24500	
22/02/2012 16:10:09	TASTEGGIO	1	0	9800	60879	121925	250	-18	0.14	0.14	0	
22/02/2012 16:10:19	TASTEGGIO	1	0	9800	60879	146239	250	-18	0.06	0.18	82800	
22/02/2012 16:10:44	TASTEGGIO	1	0	9800	60879	63482	234	-1	0.17	0.17	0	
22/02/2012 16:11:05	TASTEGGIO	0	1	9800	60879	63482	250	0	0.17	0.17	0	
22/02/2012 16:11:26	TASTEGGIO	0	2	9800	60879	63482	284	-4	0.13	0.13	0	
22/02/2012 16:11:38	TASTEGGIO	0	2	9800	60879	146238	284	-4	0.04	0.14	-82000	
22/02/2012 16:12:06	TASTEGGIO	1	0	9800	60879	228186	229	-4	0.10	0.10	0	
22/02/2012 16:12:26	TASTEGGIO	0	1	9800	60879	228187	236	-1	0.08	0.08	0	
22/02/2012 16:12:39	TASTEGGIO	0	1	9800	60879	146349	236	-1	0.05	0.15	82800	
22/02/2012 16:13:06	TASTEGGIO	1	0	9800	60879	63594	231	1	0.15	0.15	0	
22/02/2012 16:13:26	TASTEGGIO	0	1	9800	60879	63594	246	0	0.15	0.15	0	
22/02/2012 16:13:47	TASTEGGIO	0	2	9800	60879	63595	276	0	0.15	0.15	0	
22/02/2012 16:14:10	TASTEGGIO	0	3	9800	60879	63595	321	-7	0.07	0.07	0	
22/02/2012 16:14:22	TASTEGGIO	0	3	9800	60879	146234	321	-7	0.04	0.12	-82000	
22/02/2012 16:14:50	TASTEGGIO	1	0	9800	60879	228190	227	-1	0.11	0.11	0	
22/02/2012 16:15:10	TASTEGGIO	0	1	9800	60879	228190	237	0	0.10	0.10	0	
22/02/2012 16:15:33	TASTEGGIO	0	2	9800	60879	228190	255	-2	0.08	0.08	0	
22/02/2012 16:15:45	TASTEGGIO	0	2	9800	60879	146359	255	-2	0.04	0.11	24500	
22/02/2012 16:16:12	TASTEGGIO	1	0	9800	60879	121909	225	-9	0.05	0.05	0	
22/02/2012 16:16:22	TASTEGGIO	1	0	9800	60879	146231	225	-9	0.07	0.12	-82000	
22/02/2012 16:16:50	TASTEGGIO	1	0	9800	60879	228186	227	0	0.11	0.11	0	
22/02/2012 16:17:10	TASTEGGIO	0	1	9800	60879	228186	237	0	0.11	0.11	0	
22/02/2012 16:17:33	TASTEGGIO	0	2	9800	60879	228186	259	-2	0.10	0.10	0	
22/02/2012 16:17:55	TASTEGGIO	0	3	9800	60879	228186	286	-7	0.04	0.04	0	
22/02/2012 16:18:08	TASTEGGIO	0	3	9800	60879	146350	286	-7	0.03	0.05	82800	
22/02/2012 16:18:54	ALARM 13	proc 2 prog 51 step 45	Tondo non in posizione di scarico
22/02/2012 16:32:06	TASTEGGIO	0	3	9800	60876	146281	286	-7	0.27	0.27	24500	
22/02/2012 16:32:31	TASTEGGIO	1	0	9800	60876	121827	246	-16	0.13	0.13	0	
22/02/2012 16:32:41	TASTEGGIO	1	0	9800	60876	146145	246	-16	0.15	0.15	0	
22/02/2012 16:33:05	TASTEGGIO	1	0	9800	60876	146140	231	-19	0.05	0.05	0	
22/02/2012 16:33:14	TASTEGGIO	1	0	9800	60876	146144	231	-19	0.05	0.12	-82000	
22/02/2012 16:33:40	TASTEGGIO	1	0	9800	60876	228083	227	-9	0.04	0.04	0	
22/02/2012 16:33:52	TASTEGGIO	1	0	9800	60876	146248	227	-9	0.09	0.13	44500	
22/02/2012 16:34:19	TASTEGGIO	1	0	9800	60876	101791	228	-7	0.07	0.07	0	
22/02/2012 16:34:30	TASTEGGIO	1	0	9800	60876	146132	228	-7	0.05	0.09	82800	
22/02/2012 16:36:16	TASTEGGIO	1	0	9800	60876	146361	228	-7	0.03	0.09	44500	
22/02/2012 16:37:12	ALARM 17	proc 12 prog 10 step 47	LavoroTerminato
22/02/2012 16:43:20	ALARM 406		
23/02/2012 07:27:49	ALARM 401		
23/02/2012 07:27:50	INIT OK
23/02/2012 07:31:50	TASTEGGIO	0	0	9800	60876	146382	0	0	0.29	0.44	-82000	
23/02/2012 07:32:16	TASTEGGIO	1	0	9800	60876	228328	268	-16	0.28	0.28	0	
23/02/2012 07:32:37	TASTEGGIO	0	1	9800	60876	228328	285	-12	0.17	0.17	0	
23/02/2012 07:33:00	TASTEGGIO	0	2	9800	60876	228329	299	-9	0.08	0.08	0	
23/02/2012 07:33:12	TASTEGGIO	0	2	9800	60876	146355	299	-9	0.16	0.26	82800	
23/02/2012 07:33:39	TASTEGGIO	1	0	9800	60876	63605	245	-2	0.24	0.24	0	
23/02/2012 07:33:59	TASTEGGIO	0	1	9800	60876	63606	267	-3	0.22	0.22	0	
23/02/2012 07:34:21	TASTEGGIO	0	2	9800	60876	63606	307	-9	0.15	0.15	0	
23/02/2012 07:34:44	TASTEGGIO	0	3	9800	60876	63606	324	-8	0.09	0.09	0	
23/02/2012 07:34:56	TASTEGGIO	0	3	9800	60876	146238	324	-8	0.06	0.16	-44500	
23/02/2012 07:35:21	TASTEGGIO	1	0	9800	60876	190692	232	-27	0.11	0.11	0	
23/02/2012 07:35:33	TASTEGGIO	1	0	9800	60876	146355	232	-27	0.13	0.17	-82000	
23/02/2012 07:36:00	TASTEGGIO	1	0	9800	60876	228298	233	-9	0.08	0.08	0	
23/02/2012 07:36:12	TASTEGGIO	1	0	9800	60876	146362	233	-9	0.07	0.08	-44500	
23/02/2012 07:37:59	TASTEGGIO	1	0	9800	60876	146449	233	-9	0.72	0.73	-24500	
23/02/2012 07:38:26	TASTEGGIO	1	0	9800	60876	170873	305	-44	0.33	0.33	0	
23/02/2012 07:38:48	TASTEGGIO	0	0	9800	60876	170889	254	-14	0.17	0.17	0	
23/02/2012 07:39:12	TASTEGGIO	0	1	9800	60876	170893	262	-5	0.12	0.12	0	
23/02/2012 07:39:22	TASTEGGIO	0	1	9800	60876	146457	262	-5	0.19	0.25	24500	
23/02/2012 07:39:49	TASTEGGIO	1	0	9800	60876	122009	243	-21	0.09	0.09	0	
23/02/2012 07:39:59	TASTEGGIO	1	0	9800	60876	146334	243	-21	0.09	0.16	-82000	
23/02/2012 07:40:25	TASTEGGIO	1	0	9800	60876	228276	232	-11	0.06	0.06	0	
23/02/2012 07:40:37	TASTEGGIO	1	0	9800	60876	146450	232	-11	0.15	0.16	-24500	
23/02/2012 07:41:04	TASTEGGIO	1	0	9800	60876	170891	232	-35	0.20	0.20	0	
23/02/2012 07:41:26	TASTEGGIO	0	1	9800	60876	170892	207	-21	0.04	0.04	0	
23/02/2012 07:41:37	TASTEGGIO	0	1	9800	60876	146451	207	-21	0.07	0.16	82800	
23/02/2012 07:42:03	TASTEGGIO	1	0	9800	60876	63702	232	-1	0.13	0.13	0	
23/02/2012 07:42:16	TASTEGGIO	1	0	9800	60876	146340	232	-1	0.07	0.14	-82000	
23/02/2012 07:42:42	TASTEGGIO	1	0	9800	60876	228285	229	-2	0.12	0.12	0	
23/02/2012 07:43:02	TASTEGGIO	0	1	9800	60876	228286	239	-4	0.07	0.07	0	
23/02/2012 07:43:13	TASTEGGIO	0	1	9800	60876	146466	239	-4	0.04	0.12	82800	
23/02/2012 07:43:39	TASTEGGIO	1	0	9800	60876	63712	227	0	0.12	0.12	0	
23/02/2012 07:44:00	TASTEGGIO	0	1	9800	60876	63710	239	0	0.11	0.11	0	
23/02/2012 07:44:22	TASTEGGIO	0	2	9800	60876	63712	259	-1	0.09	0.09	0	
23/02/2012 07:44:34	TASTEGGIO	0	2	9800	60876	146344	259	-1	0.05	0.09	82800	
23/02/2012 07:46:21	TASTEGGIO	0	2	9800	60876	146386	259	-1	0.85	0.95	24500	
23/02/2012 07:46:48	TASTEGGIO	1	0	9800	60876	121928	334	-29	0.63	0.63	0	
23/02/2012 07:47:11	TASTEGGIO	0	1	9800	60876	121924	375	-38	0.25	0.25	0	
23/02/2012 07:47:35	TASTEGGIO	0	0	9800	60876	121924	243	0	0.25	0.25	0	
23/02/2012 07:47:59	TASTEGGIO	0	1	9800	60876	121924	268	0	0.24	0.24	0	
23/02/2012 07:48:22	TASTEGGIO	0	2	9800	60876	121923	314	0	0.23	0.23	0	
23/02/2012 07:48:47	TASTEGGIO	0	3	9800	60876	121923	380	-26	0.09	0.09	0	
23/02/2012 07:48:57	TASTEGGIO	0	3	9800	60876	146238	380	-26	0.04	0.28	82800	
23/02/2012 07:49:24	TASTEGGIO	1	0	9800	60876	63484	247	0	0.26	0.26	0	
23/02/2012 07:49:45	TASTEGGIO	0	1	9800	60876	63483	271	0	0.24	0.24	0	
23/02/2012 07:50:06	TASTEGGIO	0	2	9800	60876	63484	315	-8	0.16	0.16	0	
23/02/2012 07:50:28	TASTEGGIO	0	3	9800	60876	63483	333	-7	0.08	0.08	0	
23/02/2012 07:50:40	TASTEGGIO	0	3	9800	60876	146237	333	-7	0.09	0.14	24500	
23/02/2012 07:51:07	TASTEGGIO	1	0	9800	60876	121785	229	-20	0.15	0.15	0	
23/02/2012 07:51:30	TASTEGGIO	0	1	9800	60876	121785	212	-8	0.06	0.06	0	
23/02/2012 07:51:40	TASTEGGIO	0	1	9800	60876	146227	212	-8	0.04	0.16	82800	
23/02/2012 07:52:06	TASTEGGIO	1	0	9800	60876	63473	232	1	0.15	0.15	0	
23/02/2012 07:52:27	TASTEGGIO	0	1	9800	60876	63475	246	1	0.15	0.15	0	
23/02/2012 07:52:48	TASTEGGIO	0	2	9800	60876	63475	276	0	0.15	0.15	0	
23/02/2012 07:53:11	TASTEGGIO	0	3	9800	60876	63475	321	0	0.14	0.14	0	
23/02/2012 07:53:23	TASTEGGIO	0	3	9800	60876	146247	321	0	0.04	0.15	82800	
23/02/2012 07:53:49	TASTEGGIO	1	0	9800	60876	63494	231	0	0.14	0.14	0	
23/02/2012 07:54:00	TASTEGGIO	1	0	9800	60876	146246	231	0	0.04	0.16	82800	
23/02/2012 07:54:26	TASTEGGIO	1	0	9800	60876	63491	232	0	0.14	0.14	0	
23/02/2012 07:54:38	TASTEGGIO	1	0	9800	60876	146246	232	0	0.03	0.15	82800	
23/02/2012 07:55:04	TASTEGGIO	1	0	9800	60876	63492	231	0	0.14	0.14	0	
23/02/2012 07:55:16	TASTEGGIO	1	0	9800	60876	146246	231	0	0.03	0.14	82800	
23/02/2012 07:55:43	TASTEGGIO	1	0	9800	60876	63491	229	0	0.14	0.14	0	
23/02/2012 07:56:03	TASTEGGIO	0	1	9800	60876	63492	243	0	0.14	0.14	0	
23/02/2012 07:56:24	TASTEGGIO	0	2	9800	60876	63493	271	0	0.14	0.14	0	
23/02/2012 07:56:47	TASTEGGIO	0	3	9800	60876	63493	313	0	0.13	0.13	0	
23/02/2012 07:57:09	TASTEGGIO	0	4	9800	60876	63495	361	-9	0.05	0.05	0	
23/02/2012 07:57:21	TASTEGGIO	0	4	9800	60876	146247	361	-9	0.04	0.12	-82000	
23/02/2012 07:57:47	TASTEGGIO	1	0	9800	60876	228198	227	-9	0.04	0.04	0	
23/02/2012 07:57:59	TASTEGGIO	1	0	9800	60876	146374	227	-9	0.02	0.10	24500	
23/02/2012 07:58:26	TASTEGGIO	1	0	9800	60876	121928	224	-10	0.03	0.03	0	
23/02/2012 07:58:36	TASTEGGIO	1	0	9800	60876	146242	224	-10	0.07	0.10	-24500	
23/02/2012 07:59:03	TASTEGGIO	1	0	9800	60876	170689	224	-24	0.12	0.12	0	
23/02/2012 07:59:24	TASTEGGIO	0	1	9800	60876	170690	209	-17	0.05	0.05	0	
23/02/2012 07:59:35	TASTEGGIO	0	1	9800	60876	146353	209	-17	0.06	0.07	24500	
23/02/2012 08:01:21	TASTEGGIO	0	1	9800	60876	146284	209	-17	0.33	0.40	82800	
23/02/2012 08:01:48	TASTEGGIO	1	0	9800	60876	63529	263	-2	0.40	0.40	0	
23/02/2012 08:02:09	TASTEGGIO	0	1	9800	60876	63527	303	-5	0.34	0.34	0	
23/02/2012 08:02:33	TASTEGGIO	0	2	9800	60876	63528	360	-18	0.17	0.17	0	
23/02/2012 08:02:53	TASTEGGIO	0	0	9800	60876	63528	233	0	0.17	0.17	0	
23/02/2012 08:03:16	TASTEGGIO	0	1	9800	60876	63527	250	0	0.17	0.17	0	
23/02/2012 08:03:37	TASTEGGIO	0	2	9800	60876	63629	284	-1	0.16	0.16	0	
23/02/2012 08:04:00	TASTEGGIO	0	3	9800	60876	63630	329	-6	0.10	0.10	0	
23/02/2012 08:04:12	TASTEGGIO	0	3	9800	60876	146153	329	-6	0.15	0.29	-44500	
23/02/2012 08:04:38	TASTEGGIO	1	0	9800	60876	190601	249	-24	0.12	0.12	0	
23/02/2012 08:04:49	TASTEGGIO	1	0	9800	60876	146250	249	-24	0.13	0.20	44500	
23/02/2012 08:05:13	TASTEGGIO	1	0	9800	60876	101791	237	-23	0.42	0.42	0	
23/02/2012 08:05:33	TASTEGGIO	0	1	9800	60876	101792	148	0	0.41	0.41	0	
23/02/2012 08:05:54	TASTEGGIO	0	2	9800	60876	101791	228	-5	0.35	0.35	0	
23/02/2012 08:06:18	TASTEGGIO	0	3	9800	60876	101791	317	-37	0.08	0.08	0	
23/02/2012 08:06:29	TASTEGGIO	0	3	9800	60876	146129	317	-37	0.05	0.15	-82000	
23/02/2012 08:06:57	TASTEGGIO	1	0	9800	60876	228078	231	-8	0.09	0.09	0	
23/02/2012 08:07:09	TASTEGGIO	1	0	9800	60876	146264	231	-8	0.03	0.09	-82000	
23/02/2012 08:08:55	TASTEGGIO	1	0	9800	60876	146377	231	-8	0.24	0.39	82800	
23/02/2012 08:09:23	TASTEGGIO	1	0	9800	60876	63616	261	-2	0.37	0.37	0	
23/02/2012 08:09:44	TASTEGGIO	0	1	9800	60876	63619	296	-4	0.33	0.33	0	
23/02/2012 08:10:08	TASTEGGIO	0	2	9800	60876	63622	354	-14	0.20	0.20	0	
23/02/2012 08:10:30	TASTEGGIO	0	3	9800	60876	63622	374	-11	0.09	0.09	0	
23/02/2012 08:10:42	TASTEGGIO	0	3	9800	60876	146244	374	-11	0.06	0.18	-82000	
23/02/2012 08:11:09	TASTEGGIO	1	0	9800	60876	228190	234	-11	0.10	0.10	0	
23/02/2012 08:11:22	TASTEGGIO	1	0	9800	60876	146350	234	-11	0.11	0.14	24500	
23/02/2012 08:11:49	TASTEGGIO	1	0	9800	60876	121900	229	-13	0.04	0.04	0	
23/02/2012 08:11:59	TASTEGGIO	1	0	9800	60876	146226	229	-13	0.03	0.11	-82000	
23/02/2012 08:12:25	TASTEGGIO	1	0	9800	60876	228178	225	-2	0.09	0.09	0	
23/02/2012 08:12:37	TASTEGGIO	1	0	9800	60876	146355	225	-2	0.04	0.08	-82000	
23/02/2012 08:13:33	ALARM 17	proc 12 prog 10 step 47	LavoroTerminato
23/02/2012 08:27:03	TASTEGGIO	1	0	9800	60876	146279	225	-2	0.89	1.08	44500	
23/02/2012 08:27:30	TASTEGGIO	1	0	9800	60876	101864	350	-18	0.91	0.91	0	
23/02/2012 08:27:53	TASTEGGIO	0	1	9800	60876	101834	400	-29	0.61	0.61	0	
23/02/2012 08:28:17	TASTEGGIO	0	2	9800	60876	101835	400	-16	0.49	0.49	0	
23/02/2012 08:28:40	TASTEGGIO	0	3	9800	60876	101834	400	-8	0.41	0.41	0	
23/02/2012 08:29:04	TASTEGGIO	0	4	9800	60876	101835	400	-5	0.37	0.37	0	
23/02/2012 08:29:27	TASTEGGIO	0	5	9800	60876	101835	400	-6	0.30	0.30	0	
23/02/2012 08:29:52	TASTEGGIO	0	6	9800	60876	101835	400	-2	0.27	0.27	0	
23/02/2012 08:30:16	TASTEGGIO	0	7	9800	60876	101835	400	-4	0.25	0.25	0	
23/02/2012 08:30:39	TASTEGGIO	0	8	9800	60876	101835	400	-7	0.19	0.19	0	
23/02/2012 08:31:03	TASTEGGIO	0	9	9800	60876	101835	400	-7	0.14	0.14	0	
23/02/2012 08:31:15	TASTEGGIO	0	9	9800	60876	146147	400	-7	0.16	0.43	82800	
23/02/2012 08:31:41	TASTEGGIO	1	0	9800	60876	63396	267	-2	0.41	0.41	0	
23/02/2012 08:32:02	TASTEGGIO	0	1	9800	60876	63394	306	-4	0.36	0.36	0	
23/02/2012 08:32:25	TASTEGGIO	0	2	9800	60876	63395	369	-17	0.19	0.19	0	
23/02/2012 08:32:47	TASTEGGIO	0	3	9800	60876	63394	386	-14	0.06	0.06	0	
23/02/2012 08:32:59	TASTEGGIO	0	3	9800	60876	146148	386	-14	0.17	0.19	24500	
23/02/2012 08:33:26	TASTEGGIO	1	0	9800	60876	121699	236	-21	0.08	0.08	0	
23/02/2012 08:33:36	TASTEGGIO	1	0	9800	60876	146144	236	-21	0.15	0.21	-44500	
23/02/2012 08:34:02	TASTEGGIO	1	0	9800	60876	190592	238	-17	0.07	0.07	0	
23/02/2012 08:34:13	TASTEGGIO	1	0	9800	60876	146270	238	-17	0.03	0.17	82800	
23/02/2012 08:34:40	TASTEGGIO	1	0	9800	60876	63515	233	0	0.16	0.16	0	
23/02/2012 08:35:00	TASTEGGIO	0	1	9800	60876	63515	248	0	0.16	0.16	0	
23/02/2012 08:35:20	TASTEGGIO	0	2	9800	60876	63516	280	0	0.16	0.16	0	
23/02/2012 08:35:43	TASTEGGIO	0	3	9800	60876	63518	328	0	0.16	0.16	0	
23/02/2012 08:36:07	TASTEGGIO	0	4	9800	60876	63520	392	-5	0.11	0.11	0	
23/02/2012 08:36:19	TASTEGGIO	0	4	9800	60876	146151	392	-5	0.01	0.11	82800	
23/02/2012 08:36:45	TASTEGGIO	1	0	9800	60876	63400	225	1	0.11	0.11	0	
23/02/2012 08:37:05	TASTEGGIO	0	1	9800	60876	63400	236	3	0.12	0.12	0	
23/02/2012 08:37:27	TASTEGGIO	0	2	9800	60876	63401	262	0	0.17	0.17	0	
23/02/2012 08:37:47	TASTEGGIO	0	3	9800	60876	63402	334	0	0.11	0.11	0	
23/02/2012 08:38:09	TASTEGGIO	0	4	9800	60876	63403	348	0	0.10	0.10	0	
23/02/2012 08:38:32	TASTEGGIO	0	5	9800	60876	63508	393	-2	0.07	0.07	0	
23/02/2012 08:38:45	TASTEGGIO	0	5	9800	60876	146154	393	-2	0.03	0.11	44500	
23/02/2012 08:39:11	TASTEGGIO	1	0	9800	60876	101697	225	-12	0.04	0.04	0	
23/02/2012 08:39:22	TASTEGGIO	1	0	9800	60876	146151	225	-12	0.09	0.11	-82000	
23/02/2012 08:39:49	TASTEGGIO	1	0	9800	60876	228097	225	-6	0.05	0.05	0	
23/02/2012 08:40:01	TASTEGGIO	1	0	9800	60876	146269	225	-6	0.05	0.10	82800	
23/02/2012 08:40:27	TASTEGGIO	1	0	9800	60876	63513	224	0	0.10	0.10	0	
23/02/2012 08:40:47	TASTEGGIO	0	1	9800	60876	63513	234	0	0.10	0.10	0	
23/02/2012 08:41:09	TASTEGGIO	0	2	9800	60876	63515	254	0	0.10	0.10	0	
23/02/2012 08:41:31	TASTEGGIO	0	3	9800	60876	63516	284	0	0.09	0.09	0	
23/02/2012 08:41:43	TASTEGGIO	0	3	9800	60876	146153	284	0	0.05	0.09	82800	
23/02/2012 08:43:30	TASTEGGIO	0	3	9800	60876	146183	284	0	0.48	0.75	-82000	
23/02/2012 08:43:57	TASTEGGIO	1	0	9800	60876	228116	308	-14	0.61	0.61	0	
23/02/2012 08:44:19	TASTEGGIO	0	1	9800	60876	228133	357	-19	0.43	0.43	0	
23/02/2012 08:44:44	TASTEGGIO	0	2	9800	60876	228135	399	-22	0.24	0.24	0	
23/02/2012 08:45:06	TASTEGGIO	0	3	9800	60876	228136	400	-27	0.08	0.08	0	
23/02/2012 08:45:19	TASTEGGIO	0	3	9800	60876	146151	400	-27	0.17	0.17	-24500	
23/02/2012 08:45:44	TASTEGGIO	1	0	9800	60876	170600	233	-20	0.09	0.09	0	
23/02/2012 08:45:55	TASTEGGIO	1	0	9800	60876	146153	233	-20	0.03	0.10	-44500	
23/02/2012 08:46:21	TASTEGGIO	1	0	9800	60876	190609	224	-14	0.06	0.06	0	
23/02/2012 08:46:32	TASTEGGIO	1	0	9800	60876	146155	224	-14	0.06	0.11	82800	
23/02/2012 08:46:59	TASTEGGIO	1	0	9800	60876	63400	225	0	0.10	0.10	0	
23/02/2012 08:47:21	TASTEGGIO	0	1	9800	60876	63399	234	0	0.09	0.09	0	
23/02/2012 08:47:33	TASTEGGIO	0	1	9800	60876	146036	234	0	0.05	0.09	44500	
23/02/2012 08:49:18	TASTEGGIO	0	1	9800	60876	146282	234	0	0.26	0.29	82800	
23/02/2012 08:49:44	TASTEGGIO	1	0	9800	60876	63525	249	-2	0.28	0.28	0	
23/02/2012 08:50:05	TASTEGGIO	0	1	9800	60876	63524	276	-3	0.25	0.25	0	
23/02/2012 08:50:28	TASTEGGIO	0	2	9800	60876	63525	320	-11	0.14	0.14	0	
23/02/2012 08:50:40	TASTEGGIO	0	2	9800	60876	146151	320	-11	0.24	0.26	-44500	
23/02/2012 08:51:06	TASTEGGIO	1	0	9800	60876	190598	245	-19	0.11	0.11	0	
23/02/2012 08:51:17	TASTEGGIO	1	0	9800	60876	146259	245	-19	0.12	0.19	82800	
23/02/2012 08:51:44	TASTEGGIO	1	0	9800	60876	63504	236	0	0.19	0.19	0	
23/02/2012 08:52:05	TASTEGGIO	0	1	9800	60876	63504	255	0	0.19	0.19	0	
23/02/2012 08:52:28	TASTEGGIO	0	2	9800	60876	63503	293	-2	0.17	0.17	0	
23/02/2012 08:52:51	TASTEGGIO	0	3	9800	60876	63503	338	-10	0.06	0.06	0	
23/02/2012 08:53:03	TASTEGGIO	0	3	9800	60876	146134	338	-10	0.15	0.15	0	
23/02/2012 08:53:28	TASTEGGIO	1	0	9800	60876	146129	231	-27	0.11	0.11	0	
23/02/2012 08:53:36	TASTEGGIO	1	0	9800	60876	146134	231	-27	0.10	0.17	82800	
23/02/2012 08:54:03	TASTEGGIO	1	0	9800	60876	63380	233	0	0.21	0.21	0	
23/02/2012 08:54:24	TASTEGGIO	0	1	9800	60876	63380	258	-2	0.23	0.23	0	
23/02/2012 08:54:47	TASTEGGIO	0	2	9800	60876	63382	308	-7	0.14	0.14	0	
23/02/2012 08:54:59	TASTEGGIO	0	2	9800	60876	146153	308	-7	0.05	0.08	82800	
23/02/2012 08:56:46	TASTEGGIO	0	2	9800	60876	146361	308	-7	0.43	0.74	-82000	
23/02/2012 08:57:13	TASTEGGIO	1	0	9800	60876	228291	307	-20	0.56	0.56	0	
23/02/2012 08:57:35	TASTEGGIO	0	1	9800	60876	228305	349	-25	0.31	0.31	0	
23/02/2012 08:57:58	TASTEGGIO	0	2	9800	60876	228307	373	-19	0.16	0.16	0	
23/02/2012 08:58:21	TASTEGGIO	0	3	9800	60876	228308	387	-35	0.21	0.21	0	
23/02/2012 08:58:44	TASTEGGIO	0	1	9800	60876	228308	359	-70	0.48	0.48	0	
23/02/2012 08:59:05	TASTEGGIO	0	1	9800	60876	228308	249	-11	0.37	0.37	0	
23/02/2012 08:59:26	TASTEGGIO	0	2	9800	60876	228308	289	-8	0.31	0.31	0	
