17/02/2012 08:01:22	TASTEGGIO	0	1	11000	65580	211146	172	-18	0.10	0.10	0	
17/02/2012 08:01:50	TASTEGGIO	0	1	11000	65580	211146	162	-11	0.04	0.04	0	
17/02/2012 08:02:00	TASTEGGIO	0	1	11000	65580	186650	162	-11	0.06	0.10	120300	
17/02/2012 08:03:56	TASTEGGIO	0	1	11000	65580	186591	162	-11	0.44	0.56	-82000	
17/02/2012 08:04:28	TASTEGGIO	1	0	11000	65580	268551	283	-47	0.22	0.22	0	
17/02/2012 08:04:55	TASTEGGIO	0	0	11000	65580	268552	240	-34	0.12	0.12	0	
17/02/2012 08:05:08	TASTEGGIO	0	0	11000	65580	186592	240	-34	0.04	0.20	82800	
17/02/2012 08:05:39	TASTEGGIO	1	0	11000	65580	103840	237	-23	0.09	0.09	0	
17/02/2012 08:05:51	TASTEGGIO	1	0	11000	65580	186452	237	-23	0.13	0.16	-119500	
17/02/2012 08:06:23	TASTEGGIO	1	0	11000	65580	305909	232	-19	0.07	0.07	0	
17/02/2012 08:06:35	TASTEGGIO	1	0	11000	65580	186580	232	-19	0.21	0.25	-24500	
17/02/2012 08:07:06	TASTEGGIO	1	0	11000	65580	211064	243	-67	0.45	0.45	0	
17/02/2012 08:07:32	TASTEGGIO	0	1	11000	65580	211076	162	-24	0.25	0.25	0	
17/02/2012 08:07:57	TASTEGGIO	0	2	11000	65580	211086	181	-15	0.13	0.13	0	
17/02/2012 08:08:08	TASTEGGIO	0	2	11000	65580	186621	181	-15	0.10	0.16	-119500	
17/02/2012 08:08:41	TASTEGGIO	1	0	11000	65580	306080	232	-11	0.10	0.10	0	
17/02/2012 08:08:54	TASTEGGIO	1	0	11000	65580	186629	232	-11	0.10	0.11	-82000	
17/02/2012 08:09:26	TASTEGGIO	1	0	11000	65580	268589	225	-39	0.29	0.29	0	
17/02/2012 08:09:52	TASTEGGIO	0	1	11000	65580	268598	148	-8	0.23	0.23	0	
17/02/2012 08:10:19	TASTEGGIO	0	2	11000	65580	268607	173	-2	0.20	0.20	0	
17/02/2012 08:10:45	TASTEGGIO	0	3	11000	65580	268611	225	-8	0.13	0.13	0	
17/02/2012 08:11:12	TASTEGGIO	0	4	11000	65580	268618	241	-22	0.17	0.17	0	
17/02/2012 08:11:39	TASTEGGIO	0	1	11000	65580	268618	218	-15	0.08	0.08	0	
17/02/2012 08:11:52	TASTEGGIO	0	1	11000	65580	186663	218	-15	0.06	0.12	-119500	
17/02/2012 08:13:47	TASTEGGIO	0	1	11000	65580	186590	218	-15	0.73	0.73	0	
17/02/2012 08:14:17	TASTEGGIO	1	0	11000	65580	186612	305	-83	0.20	0.20	0	
17/02/2012 08:14:47	TASTEGGIO	0	1	11000	65580	186618	299	-148	1.29	1.29	0	
17/02/2012 08:15:04	TASTEGGIO	0	1	11000	65580	186624	0	-1	1.26	1.26	0	
17/02/2012 08:15:31	TASTEGGIO	0	2	11000	65580	186629	246	-30	1.02	1.02	0	
17/02/2012 08:16:00	TASTEGGIO	0	3	11000	65580	186633	400	-133	0.38	0.38	0	
17/02/2012 08:16:32	TASTEGGIO	0	1	11000	65580	186633	385	-191	1.58	1.58	0	
17/02/2012 08:16:48	TASTEGGIO	0	1	11000	65580	186633	0	-4	1.55	1.55	0	
17/02/2012 08:17:14	TASTEGGIO	0	2	11000	65580	186633	304	-48	1.05	1.05	0	
17/02/2012 08:17:44	TASTEGGIO	0	3	11000	65580	186633	400	-94	0.47	0.47	0	
17/02/2012 08:18:12	TASTEGGIO	0	0	11000	65580	186633	272	-22	0.24	0.24	0	
17/02/2012 08:18:40	TASTEGGIO	0	1	11000	65580	186633	284	-34	0.21	0.21	0	
17/02/2012 08:19:10	TASTEGGIO	0	1	11000	65580	186633	265	-68	0.54	0.54	0	
17/02/2012 08:19:35	TASTEGGIO	0	1	11000	65580	186633	126	-8	0.45	0.45	0	
17/02/2012 08:20:01	TASTEGGIO	0	2	11000	65580	186633	200	-7	0.37	0.37	0	
17/02/2012 08:20:31	TASTEGGIO	0	3	11000	65580	186633	291	-20	0.17	0.17	0	
17/02/2012 08:20:58	TASTEGGIO	0	0	11000	65580	186633	233	-3	0.16	0.16	0	
17/02/2012 08:21:27	TASTEGGIO	0	1	11000	65580	186633	248	-2	0.17	0.17	0	
17/02/2012 08:21:58	TASTEGGIO	0	2	11000	65580	186633	284	-9	0.07	0.07	0	
17/02/2012 08:22:07	TASTEGGIO	0	2	11000	65580	186611	284	-9	0.06	0.18	-82000	
17/02/2012 08:22:39	TASTEGGIO	1	0	11000	65580	268573	234	-39	0.21	0.21	0	
17/02/2012 08:23:06	TASTEGGIO	0	1	11000	65580	268585	209	-32	0.09	0.09	0	
17/02/2012 08:23:18	TASTEGGIO	0	1	11000	65580	186637	209	-32	0.07	0.12	-44500	
17/02/2012 08:23:51	TASTEGGIO	1	0	11000	65580	231109	227	-57	0.42	0.42	0	
17/02/2012 08:24:16	TASTEGGIO	0	1	11000	65580	231118	80	-7	0.39	0.39	0	
17/02/2012 08:24:43	TASTEGGIO	0	2	11000	65580	231129	152	-14	0.27	0.27	0	
17/02/2012 08:25:08	TASTEGGIO	0	3	11000	65580	231140	184	-14	0.09	0.09	0	
17/02/2012 08:25:20	TASTEGGIO	0	3	11000	65580	186649	184	-14	0.14	0.15	82800	
17/02/2012 08:25:51	TASTEGGIO	1	0	11000	65580	103889	231	-25	0.16	0.16	0	
17/02/2012 08:26:17	TASTEGGIO	0	1	11000	65580	103896	213	-21	0.04	0.04	0	
17/02/2012 08:26:29	TASTEGGIO	0	1	11000	65580	186475	213	-21	0.16	0.16	0	
17/02/2012 08:27:00	TASTEGGIO	1	0	11000	65580	186481	232	-55	0.45	0.45	0	
17/02/2012 08:27:25	TASTEGGIO	0	1	11000	65580	186488	105	-13	0.31	0.31	0	
17/02/2012 08:27:50	TASTEGGIO	0	2	11000	65580	186496	135	-5	0.25	0.25	0	
17/02/2012 08:28:17	TASTEGGIO	0	3	11000	65580	186501	195	-9	0.18	0.18	0	
17/02/2012 08:28:43	TASTEGGIO	0	4	11000	65580	186514	220	-8	0.11	0.11	0	
17/02/2012 08:28:52	TASTEGGIO	0	4	11000	65580	186513	220	-8	0.11	0.18	24500	
17/02/2012 08:29:23	TASTEGGIO	1	0	11000	65580	162089	234	-53	0.41	0.41	0	
17/02/2012 08:29:49	TASTEGGIO	0	1	11000	65580	162082	140	-17	0.26	0.26	0	
17/02/2012 08:30:16	TASTEGGIO	0	2	11000	65580	162075	163	-9	0.18	0.18	0	
17/02/2012 08:30:44	TASTEGGIO	0	3	11000	65580	162070	184	-13	0.12	0.12	0	
17/02/2012 08:30:54	TASTEGGIO	0	3	11000	65580	186489	184	-13	0.14	0.14	0	
17/02/2012 08:32:50	TASTEGGIO	0	3	11000	65580	186495	184	-13	0.68	0.74	-44500	
17/02/2012 08:33:23	TASTEGGIO	1	0	11000	65580	230968	307	-73	0.29	0.29	0	
17/02/2012 08:33:53	TASTEGGIO	0	0	11000	65580	230971	249	-100	1.21	1.21	0	
17/02/2012 08:34:10	TASTEGGIO	0	1	11000	65580	230971	0	0	1.21	1.21	0	
17/02/2012 08:34:14	ALARM 401		
17/02/2012 08:34:16	ALARM 401		
17/02/2012 08:34:17	ALARM 401		
17/02/2012 08:34:18	ALARM 401		
17/02/2012 08:34:39	TASTEGGIO	0	1	11000	65580	186515	0	0	1.07	1.21	-44500	
17/02/2012 08:35:13	TASTEGGIO	1	0	11000	65580	230980	400	-114	0.25	0.25	0	
17/02/2012 08:35:41	TASTEGGIO	0	0	11000	65580	230985	263	-57	0.33	0.33	0	
17/02/2012 08:36:08	TASTEGGIO	0	1	11000	65580	230988	219	-38	0.11	0.11	0	
17/02/2012 08:36:20	TASTEGGIO	0	1	11000	65580	186500	219	-38	0.16	0.19	-82000	
17/02/2012 08:36:53	TASTEGGIO	1	0	11000	65580	268458	247	-48	0.25	0.25	0	
17/02/2012 08:37:20	TASTEGGIO	0	1	11000	65580	268458	214	-33	0.07	0.07	0	
17/02/2012 08:37:33	TASTEGGIO	0	1	11000	65580	186478	214	-33	0.10	0.12	44500	
17/02/2012 08:38:05	TASTEGGIO	1	0	11000	65580	142016	230	-47	0.34	0.34	0	
17/02/2012 08:38:31	TASTEGGIO	0	1	11000	65580	142017	133	-15	0.23	0.23	0	
17/02/2012 08:38:56	TASTEGGIO	0	2	11000	65580	142022	155	-15	0.13	0.13	0	
17/02/2012 08:39:22	TASTEGGIO	0	3	11000	65580	142021	167	-17	0.08	0.08	0	
17/02/2012 08:39:33	TASTEGGIO	0	3	11000	65580	186371	167	-17	0.10	0.14	-44500	
17/02/2012 08:40:05	TASTEGGIO	1	0	11000	65580	230837	235	-29	0.37	0.37	0	
17/02/2012 08:40:31	TASTEGGIO	0	1	11000	65580	230851	137	-13	0.23	0.23	0	
17/02/2012 08:40:59	TASTEGGIO	0	2	11000	65580	230864	157	-4	0.22	0.22	0	
17/02/2012 08:41:26	TASTEGGIO	0	3	11000	65580	230873	220	-27	0.11	0.11	0	
17/02/2012 08:41:53	TASTEGGIO	0	1	11000	65580	230881	214	-19	0.09	0.09	0	
17/02/2012 08:42:05	TASTEGGIO	0	1	11000	65580	186553	214	-19	0.07	0.08	-44500	
17/02/2012 08:44:01	TASTEGGIO	0	1	11000	65580	186583	214	-19	1.30	1.33	-24500	
17/02/2012 08:44:35	TASTEGGIO	1	0	11000	65580	211059	400	-122	0.52	0.52	0	
17/02/2012 08:45:05	TASTEGGIO	0	0	11000	65580	211061	331	-115	0.62	0.62	0	
17/02/2012 08:45:33	TASTEGGIO	0	1	11000	65580	211061	257	-66	0.18	0.18	0	
17/02/2012 08:46:02	TASTEGGIO	0	1	11000	65580	211063	251	-30	0.31	0.31	0	
17/02/2012 08:46:28	TASTEGGIO	0	1	11000	65580	211063	197	-19	0.16	0.16	0	
17/02/2012 08:46:55	TASTEGGIO	0	2	11000	65580	211063	208	-3	0.13	0.13	0	
17/02/2012 08:47:06	TASTEGGIO	0	2	11000	65580	186589	208	-3	0.25	0.34	-82000	
17/02/2012 08:47:40	TASTEGGIO	1	0	11000	65580	268550	285	-63	0.34	0.34	0	
17/02/2012 08:48:07	TASTEGGIO	0	1	11000	65580	268551	251	-44	0.12	0.12	0	
17/02/2012 08:48:19	TASTEGGIO	0	1	11000	65580	186586	251	-44	0.22	0.24	-24500	
17/02/2012 08:48:53	TASTEGGIO	1	0	11000	65580	211061	260	-66	0.50	0.50	0	
17/02/2012 08:49:18	TASTEGGIO	0	1	11000	65580	211071	155	-11	0.40	0.40	0	
17/02/2012 08:49:46	TASTEGGIO	0	2	11000	65580	211075	200	-3	0.35	0.35	0	
17/02/2012 08:50:13	TASTEGGIO	0	3	11000	65580	211079	291	-26	0.13	0.13	0	
17/02/2012 08:50:24	TASTEGGIO	0	3	11000	65580	186606	291	-26	0.20	0.32	44500	
17/02/2012 08:50:56	TASTEGGIO	1	0	11000	65580	142148	280	-75	0.43	0.43	0	
17/02/2012 08:51:23	TASTEGGIO	0	1	11000	65580	142150	222	-38	0.12	0.12	0	
17/02/2012 08:51:34	TASTEGGIO	0	1	11000	65580	186475	222	-38	0.16	0.19	-24500	
17/02/2012 08:52:06	TASTEGGIO	1	0	11000	65580	210951	247	-65	0.46	0.46	0	
17/02/2012 08:52:32	TASTEGGIO	0	1	11000	65580	210961	135	-10	0.38	0.38	0	
17/02/2012 08:52:58	TASTEGGIO	0	2	11000	65580	210970	197	-6	0.28	0.28	0	
17/02/2012 08:53:26	TASTEGGIO	0	3	11000	65580	210975	232	-9	0.20	0.20	0	
17/02/2012 08:53:54	TASTEGGIO	0	4	11000	65580	210981	260	-11	0.09	0.09	0	
17/02/2012 08:54:05	TASTEGGIO	0	4	11000	65580	186629	260	-11	0.12	0.22	-119500	
17/02/2012 08:54:38	TASTEGGIO	1	0	11000	65580	306089	255	-24	0.12	0.12	0	
17/02/2012 08:54:51	TASTEGGIO	1	0	11000	65580	186635	255	-24	0.08	0.12	-119500	
17/02/2012 08:56:47	TASTEGGIO	1	0	11000	65580	186591	255	-24	0.31	0.35	24500	
17/02/2012 08:57:20	TASTEGGIO	1	0	11000	65580	162167	288	-95	0.59	0.59	0	
17/02/2012 08:57:47	TASTEGGIO	0	1	11000	65580	162158	188	-32	0.29	0.29	0	
17/02/2012 08:58:15	TASTEGGIO	0	0	11000	65580	162150	273	-76	0.46	0.46	0	
17/02/2012 08:58:42	TASTEGGIO	0	1	11000	65580	162144	200	-22	0.24	0.24	0	
17/02/2012 08:59:10	TASTEGGIO	0	2	11000	65580	162145	217	-28	0.31	0.31	0	
17/02/2012 08:59:36	TASTEGGIO	0	1	11000	65580	162145	176	-13	0.14	0.14	0	
17/02/2012 08:59:47	TASTEGGIO	0	1	11000	65580	186459	176	-13	0.15	0.15	24500	
17/02/2012 09:00:19	TASTEGGIO	1	0	11000	65580	162041	237	-24	0.07	0.07	0	
17/02/2012 09:00:30	TASTEGGIO	1	0	11000	65580	186459	237	-24	0.07	0.07	24500	
17/02/2012 09:02:24	TASTEGGIO	1	0	11000	65580	186587	237	-24	0.40	0.40	0	
17/02/2012 09:02:55	TASTEGGIO	1	0	11000	65580	186609	300	-97	0.56	0.56	0	
17/02/2012 09:03:22	TASTEGGIO	0	1	11000	65580	186615	221	-45	0.17	0.17	0	
17/02/2012 09:03:50	TASTEGGIO	0	0	11000	65580	186617	242	-49	0.34	0.34	0	
17/02/2012 09:04:17	TASTEGGIO	0	1	11000	65580	186622	174	-15	0.21	0.21	0	
17/02/2012 09:04:43	TASTEGGIO	0	2	11000	65580	186630	192	-7	0.12	0.12	0	
17/02/2012 09:04:52	TASTEGGIO	0	2	11000	65580	186586	192	-7	0.13	0.27	82800	
17/02/2012 09:05:25	TASTEGGIO	1	0	11000	65580	103831	268	-32	0.07	0.07	0	
17/02/2012 09:05:37	TASTEGGIO	1	0	11000	65580	186463	268	-32	0.08	0.23	120300	
17/02/2012 09:06:08	TASTEGGIO	1	0	11000	65580	66208	257	-13	0.14	0.14	0	
17/02/2012 09:06:22	TASTEGGIO	1	0	11000	65580	186463	257	-13	0.08	0.18	-119500	
17/02/2012 09:06:55	TASTEGGIO	1	0	11000	65580	305926	245	-22	0.08	0.08	0	
17/02/2012 09:07:08	TASTEGGIO	1	0	11000	65580	186589	245	-22	0.21	0.22	-24500	
17/02/2012 09:07:42	TASTEGGIO	1	0	11000	65580	211071	255	-70	0.48	0.48	0	
17/02/2012 09:08:07	TASTEGGIO	0	1	11000	65580	211085	150	-15	0.32	0.32	0	
17/02/2012 09:08:33	TASTEGGIO	0	2	11000	65580	211094	180	-10	0.27	0.27	0	
17/02/2012 09:09:00	TASTEGGIO	0	3	11000	65580	211104	248	-31	0.03	0.03	0	
17/02/2012 09:09:11	TASTEGGIO	0	3	11000	65580	186634	248	-31	0.08	0.16	120300	
17/02/2012 09:09:43	TASTEGGIO	1	0	11000	65580	66372	240	-5	0.17	0.17	0	
17/02/2012 09:10:08	TASTEGGIO	0	1	11000	65580	66378	258	-7	0.11	0.11	0	
17/02/2012 09:10:21	TASTEGGIO	0	1	11000	65580	186478	258	-7	0.07	0.13	82800	
17/02/2012 09:10:54	TASTEGGIO	1	0	11000	65580	103717	232	-12	0.04	0.04	0	
17/02/2012 09:11:06	TASTEGGIO	1	0	11000	65580	186466	232	-12	0.13	0.18	24500	
17/02/2012 09:11:40	TASTEGGIO	1	0	11000	65580	162043	245	-64	0.49	0.49	0	
17/02/2012 09:12:05	TASTEGGIO	0	1	11000	65580	162032	111	-6	0.40	0.40	0	
17/02/2012 09:12:29	TASTEGGIO	0	2	11000	65580	162023	176	-13	0.27	0.27	0	
17/02/2012 09:12:55	TASTEGGIO	0	3	11000	65580	162017	207	-13	0.14	0.14	0	
17/02/2012 09:13:06	TASTEGGIO	0	3	11000	65580	186472	207	-13	0.16	0.22	44500	
17/02/2012 09:13:39	TASTEGGIO	1	0	11000	65580	142007	255	-41	0.18	0.18	0	
17/02/2012 09:14:06	TASTEGGIO	0	1	11000	65580	142009	240	-40	0.21	0.21	0	
17/02/2012 09:14:33	TASTEGGIO	0	1	11000	65580	142012	215	-16	0.15	0.15	0	
17/02/2012 09:14:39	ALARM 401		
17/02/2012 09:14:55	TASTEGGIO	0	2	11000	65580	186482	230	-16	0.08	0.12	-24500	
17/02/2012 09:16:50	TASTEGGIO	0	2	11000	65580	186491	230	-16	0.35	0.54	82800	
17/02/2012 09:17:23	TASTEGGIO	1	0	11000	65580	103728	336	-49	0.23	0.23	0	
17/02/2012 09:17:50	TASTEGGIO	0	0	11000	65580	103727	257	-20	0.06	0.06	0	
17/02/2012 09:18:02	TASTEGGIO	0	0	11000	65580	186365	257	-20	0.29	0.34	-119500	
17/02/2012 09:18:36	TASTEGGIO	1	0	11000	65580	305830	285	-36	0.18	0.18	0	
17/02/2012 09:19:04	TASTEGGIO	0	1	11000	65580	305830	275	-41	0.49	0.49	0	
17/02/2012 09:19:29	TASTEGGIO	0	1	11000	65580	305830	141	-6	0.42	0.42	0	
17/02/2012 09:19:55	TASTEGGIO	0	2	11000	65580	305833	212	-8	0.34	0.34	0	
17/02/2012 09:20:24	TASTEGGIO	0	3	11000	65580	305833	294	-21	0.15	0.15	0	
17/02/2012 09:20:50	TASTEGGIO	0	0	11000	65580	305833	237	-7	0.10	0.10	0	
17/02/2012 09:21:03	TASTEGGIO	0	0	11000	65580	186509	237	-7	0.23	0.28	-44500	
17/02/2012 09:21:37	TASTEGGIO	1	0	11000	65580	230992	270	-64	0.33	0.33	0	
17/02/2012 09:22:04	TASTEGGIO	0	1	11000	65580	231002	231	-42	0.03	0.03	0	
17/02/2012 09:22:15	TASTEGGIO	0	1	11000	65580	186553	231	-42	0.06	0.27	120300	
17/02/2012 09:22:47	TASTEGGIO	1	0	11000	65580	66288	268	-10	0.22	0.22	0	
17/02/2012 09:23:12	TASTEGGIO	0	1	11000	65580	66291	285	-12	0.13	0.13	0	
17/02/2012 09:23:25	TASTEGGIO	0	1	11000	65580	186380	285	-12	0.13	0.18	24500	
17/02/2012 09:23:58	TASTEGGIO	1	0	11000	65580	161960	245	-65	0.48	0.48	0	
17/02/2012 09:24:24	TASTEGGIO	0	1	11000	65580	161950	116	-12	0.35	0.35	0	
17/02/2012 09:24:49	TASTEGGIO	0	2	11000	65580	161942	152	-10	0.29	0.29	0	
17/02/2012 09:25:16	TASTEGGIO	0	3	11000	65580	161934	224	-26	0.10	0.10	0	
17/02/2012 09:25:26	TASTEGGIO	0	3	11000	65580	186382	224	-26	0.07	0.20	120300	
17/02/2012 09:25:58	TASTEGGIO	1	0	11000	65580	66123	250	-2	0.22	0.22	0	
17/02/2012 09:26:24	TASTEGGIO	0	1	11000	65580	66127	274	-2	0.15	0.15	0	
17/02/2012 09:26:51	TASTEGGIO	0	2	11000	65580	66128	288	-1	0.17	0.17	0	
17/02/2012 09:27:18	TASTEGGIO	0	3	11000	65580	66131	345	-9	0.06	0.06	0	
17/02/2012 09:27:31	TASTEGGIO	0	3	11000	65580	186378	345	-9	0.07	0.19	-119500	
17/02/2012 09:28:05	TASTEGGIO	1	0	11000	65580	305848	247	-12	0.12	0.12	0	
17/02/2012 09:28:18	TASTEGGIO	1	0	11000	65580	186549	247	-12	0.09	0.12	44500	
17/02/2012 09:30:13	TASTEGGIO	1	0	11000	65580	186485	247	-12	2.08	2.64	-82000	
17/02/2012 09:30:46	TASTEGGIO	1	0	11000	65580	268442	400	-43	0.50	0.50	0	
17/02/2012 09:31:11	TASTEGGIO	0	0	11000	65580	268442	326	-6	2.48	2.48	0	
17/02/2012 09:31:43	TASTEGGIO	0	1	11000	65580	268442	400	-136	2.88	2.88	0	
17/02/2012 09:32:21	TASTEGGIO	0	2	11000	65580	268442	400	-88	0.00	0.00	0	
17/02/2012 09:32:33	TASTEGGIO	0	2	11000	65580	186704	400	-88	0.00	0.00	120300	
17/02/2012 09:34:27	TASTEGGIO	0	2	11000	65580	186688	400	-88	0.34	0.45	44500	
17/02/2012 09:35:02	TASTEGGIO	1	0	11000	65580	142222	313	-72	0.31	0.31	0	
17/02/2012 09:35:31	TASTEGGIO	0	1	11000	65580	142222	291	-75	0.43	0.43	0	
17/02/2012 09:35:58	TASTEGGIO	0	1	11000	65580	142221	231	-27	0.27	0.27	0	
17/02/2012 09:36:25	TASTEGGIO	0	2	11000	65580	142221	254	-12	0.17	0.17	0	
17/02/2012 09:36:56	TASTEGGIO	0	3	11000	65580	142221	272	-12	0.04	0.04	0	
17/02/2012 09:37:07	TASTEGGIO	0	3	11000	65580	186566	272	-12	0.05	0.24	120300	
17/02/2012 09:37:40	TASTEGGIO	1	0	11000	65580	66303	260	-9	0.16	0.16	0	
17/02/2012 09:38:05	TASTEGGIO	0	1	11000	65580	66305	270	-6	0.08	0.08	0	
17/02/2012 09:38:19	TASTEGGIO	0	1	11000	65580	186560	270	-6	0.12	0.12	0	
17/02/2012 09:40:14	TASTEGGIO	0	1	11000	65580	186570	270	-6	0.62	0.64	24500	
17/02/2012 09:40:49	TASTEGGIO	1	0	11000	65580	162133	361	-153	0.96	0.96	0	
17/02/2012 09:41:16	TASTEGGIO	0	1	11000	65580	162126	217	-39	0.57	0.57	0	
17/02/2012 09:41:43	TASTEGGIO	0	2	11000	65580	162120	264	-44	0.13	0.13	0	
17/02/2012 09:41:54	TASTEGGIO	0	2	11000	65580	186456	264	-44	0.10	0.15	24500	
17/02/2012 09:42:26	TASTEGGIO	1	0	11000	65580	162027	237	-23	0.12	0.12	0	
17/02/2012 09:42:37	TASTEGGIO	1	0	11000	65580	186454	237	-23	0.13	0.22	-82000	
17/02/2012 09:43:11	TASTEGGIO	1	0	11000	65580	268425	255	-51	0.26	0.26	0	
17/02/2012 09:43:38	TASTEGGIO	0	1	11000	65580	268425	224	-39	0.11	0.11	0	
17/02/2012 09:43:51	TASTEGGIO	0	1	11000	65580	186579	224	-39	0.09	0.14	24500	
17/02/2012 09:43:55	ALARM 401		
17/02/2012 09:43:57	ALARM 201		err.6058
17/02/2012 09:44:11	TASTEGGIO	0	1	11000	65580	186500	224	-39	0.12	0.15	24500	
17/02/2012 09:44:43	TASTEGGIO	1	0	11000	65580	162076	237	-45	0.32	0.32	0	
17/02/2012 09:45:09	TASTEGGIO	0	1	11000	65580	162069	168	-19	0.13	0.13	0	
17/02/2012 09:45:19	TASTEGGIO	0	1	11000	65580	186500	168	-19	0.15	0.23	82800	
17/02/2012 09:45:51	TASTEGGIO	1	0	11000	65580	103737	257	-34	0.15	0.15	0	
17/02/2012 09:45:54	ALARM 401		
17/02/2012 09:45:56	ALARM 205		err.6058
17/02/2012 09:46:17	TASTEGGIO	1	0	11000	65580	186477	257	-34	0.12	0.18	44500	
17/02/2012 09:46:49	TASTEGGIO	1	0	11000	65580	142013	245	-45	0.29	0.29	0	
17/02/2012 09:47:16	TASTEGGIO	0	1	11000	65580	142020	198	-30	0.05	0.05	0	
17/02/2012 09:47:27	TASTEGGIO	0	1	11000	65580	186491	198	-30	0.07	0.11	-44500	
17/02/2012 09:49:23	TASTEGGIO	0	1	11000	65580	186591	198	-30	1.26	1.26	0	
17/02/2012 09:49:55	TASTEGGIO	1	0	11000	65580	186617	400	-129	0.21	0.21	0	
17/02/2012 09:50:27	TASTEGGIO	0	1	11000	65580	186621	396	-235	2.15	2.15	0	
17/02/2012 09:50:43	TASTEGGIO	0	1	11000	65580	186626	0	-2	2.13	2.13	0	
17/02/2012 09:51:11	TASTEGGIO	0	2	11000	65580	186631	400	-86	1.29	1.29	0	
17/02/2012 09:51:42	TASTEGGIO	0	3	11000	65580	186644	400	-92	0.49	0.49	0	
17/02/2012 09:52:12	TASTEGGIO	0	0	11000	65580	186644	323	-51	0.03	0.03	0	
17/02/2012 09:52:21	TASTEGGIO	0	0	11000	65580	186589	323	-51	0.04	0.33	-82000	
17/02/2012 09:52:56	TASTEGGIO	1	0	11000	65580	268560	283	-76	0.98	0.98	0	
17/02/2012 09:53:16	TASTEGGIO	0	1	11000	65580	268560	0	-4	0.99	0.99	0	
17/02/2012 09:53:43	TASTEGGIO	0	2	11000	65580	268567	200	-17	0.83	0.83	0	
17/02/2012 09:54:13	TASTEGGIO	0	3	11000	65580	268568	400	-118	0.30	0.30	0	
17/02/2012 09:54:45	TASTEGGIO	0	1	11000	65580	268582	389	-133	0.97	0.97	0	
17/02/2012 09:55:08	TASTEGGIO	0	1	11000	65580	268582	75	-4	0.95	0.95	0	
17/02/2012 09:55:34	TASTEGGIO	0	2	11000	65580	268582	261	-25	0.70	0.70	0	
17/02/2012 09:56:03	TASTEGGIO	0	3	11000	65580	268582	350	-47	0.30	0.30	0	
17/02/2012 09:56:30	TASTEGGIO	0	0	11000	65580	268582	275	-5	0.24	0.24	0	
17/02/2012 09:57:01	TASTEGGIO	0	1	11000	65580	268582	294	-5	0.21	0.21	0	
17/02/2012 09:57:31	TASTEGGIO	0	2	11000	65580	268582	330	-16	0.08	0.08	0	
17/02/2012 09:57:43	TASTEGGIO	0	2	11000	65580	186655	330	-16	0.24	0.30	44500	
17/02/2012 09:58:17	TASTEGGIO	1	0	11000	65580	142193	275	-62	0.36	0.36	0	
17/02/2012 09:58:45	TASTEGGIO	0	1	11000	65580	142194	231	-34	0.04	0.04	0	
17/02/2012 09:58:56	TASTEGGIO	0	1	11000	65580	186499	231	-34	0.10	0.22	-82000	
17/02/2012 09:59:30	TASTEGGIO	1	0	11000	65580	268463	255	-2	0.23	0.23	0	
17/02/2012 09:59:58	TASTEGGIO	0	1	11000	65580	268468	279	-6	0.16	0.16	0	
17/02/2012 10:00:29	TASTEGGIO	0	2	11000	65580	268476	294	-41	0.39	0.39	0	
17/02/2012 10:00:55	TASTEGGIO	0	1	11000	65580	268483	198	-11	0.28	0.28	0	
17/02/2012 10:01:23	TASTEGGIO	0	2	11000	65580	268483	226	-6	0.24	0.24	0	
17/02/2012 10:01:51	TASTEGGIO	0	3	11000	65580	268483	287	-21	0.06	0.06	0	
17/02/2012 10:02:04	TASTEGGIO	0	3	11000	65580	186656	287	-21	0.10	0.13	120300	
17/02/2012 10:04:00	TASTEGGIO	0	3	11000	65580	186503	287	-21	0.69	0.97	44500	
17/02/2012 10:04:34	TASTEGGIO	1	0	11000	65580	142042	400	-121	0.39	0.39	0	
17/02/2012 10:05:06	TASTEGGIO	0	1	11000	65580	142042	384	-159	1.19	1.19	0	
17/02/2012 10:05:26	TASTEGGIO	0	1	11000	65580	142042	20	-1	1.14	1.14	0	
17/02/2012 10:05:53	TASTEGGIO	0	2	11000	65580	142040	238	-22	0.96	0.96	0	
17/02/2012 10:06:23	TASTEGGIO	0	3	11000	65580	142045	400	-109	0.30	0.30	0	
17/02/2012 10:06:54	TASTEGGIO	0	1	11000	65580	142045	390	-114	0.83	0.83	0	
17/02/2012 10:07:19	TASTEGGIO	0	1	11000	65580	142045	160	-17	0.72	0.72	0	
17/02/2012 10:07:45	TASTEGGIO	0	2	11000	65580	142045	284	-40	0.33	0.33	0	
17/02/2012 10:08:14	TASTEGGIO	0	0	11000	65580	142045	283	-20	0.16	0.16	0	
17/02/2012 10:08:41	TASTEGGIO	0	0	11000	65580	142045	240	-3	0.15	0.15	0	
17/02/2012 10:09:09	TASTEGGIO	0	1	11000	65580	142045	254	-5	0.06	0.06	0	
17/02/2012 10:09:20	TASTEGGIO	0	1	11000	65580	186389	254	-5	0.19	0.34	120300	
17/02/2012 10:09:53	TASTEGGIO	1	0	11000	65580	66134	285	-13	0.24	0.24	0	
17/02/2012 10:10:19	TASTEGGIO	0	1	11000	65580	66135	301	-10	0.17	0.17	0	
17/02/2012 10:10:47	TASTEGGIO	0	2	11000	65580	66137	318	-3	0.16	0.16	0	
17/02/2012 10:11:15	TASTEGGIO	0	3	11000	65580	66138	363	-13	0.05	0.05	0	
17/02/2012 10:11:28	TASTEGGIO	0	3	11000	65580	186375	363	-13	0.39	0.39	0	
17/02/2012 10:12:01	TASTEGGIO	1	0	11000	65580	186379	298	-94	0.52	0.52	0	
17/02/2012 10:12:28	TASTEGGIO	0	1	11000	65580	186378	228	-47	0.09	0.09	0	
17/02/2012 10:12:37	TASTEGGIO	0	1	11000	65580	186383	228	-47	0.08	0.25	82800	
17/02/2012 10:13:10	TASTEGGIO	1	0	11000	65580	103625	263	-24	0.10	0.10	0	
17/02/2012 10:13:22	TASTEGGIO	1	0	11000	65580	186382	263	-24	0.10	0.14	-44500	
17/02/2012 10:15:18	TASTEGGIO	1	0	11000	65580	186588	263	-24	0.94	0.98	-44500	
17/02/2012 10:15:53	TASTEGGIO	1	0	11000	65580	231072	400	-148	0.66	0.66	0	
17/02/2012 10:16:23	TASTEGGIO	0	1	11000	65580	231072	355	-152	0.86	0.86	0	
17/02/2012 10:16:50	TASTEGGIO	0	1	11000	65580	231076	242	-39	0.50	0.50	0	
17/02/2012 10:17:18	TASTEGGIO	0	2	11000	65580	231080	283	-32	0.20	0.20	0	
17/02/2012 10:17:45	TASTEGGIO	0	0	11000	65580	231080	250	-8	0.12	0.12	0	
17/02/2012 10:17:57	TASTEGGIO	0	0	11000	65580	186621	250	-8	0.22	0.31	44500	
17/02/2012 10:18:29	TASTEGGIO	1	0	11000	65580	142156	278	-65	0.35	0.35	0	
17/02/2012 10:18:56	TASTEGGIO	0	1	11000	65580	142156	238	-48	0.12	0.12	0	
17/02/2012 10:19:07	TASTEGGIO	0	1	11000	65580	186476	238	-48	0.15	0.18	-24500	
17/02/2012 10:19:40	TASTEGGIO	1	0	11000	65580	210956	245	-66	0.50	0.50	0	
17/02/2012 10:20:06	TASTEGGIO	0	1	11000	65580	210962	106	-9	0.39	0.39	0	
17/02/2012 10:20:31	TASTEGGIO	0	2	11000	65580	210974	149	-8	0.32	0.32	0	
17/02/2012 10:20:58	TASTEGGIO	0	3	11000	65580	210980	227	-31	0.05	0.05	0	
17/02/2012 10:21:09	TASTEGGIO	0	3	11000	65580	186636	227	-31	0.08	0.12	82800	
17/02/2012 10:23:04	TASTEGGIO	0	3	11000	65580	186502	227	-31	0.64	0.67	24500	
17/02/2012 10:23:40	TASTEGGIO	1	0	11000	65580	162079	368	-151	0.93	0.93	0	
17/02/2012 10:24:06	TASTEGGIO	0	1	11000	65580	162073	238	-45	0.49	0.49	0	
17/02/2012 10:24:35	TASTEGGIO	0	2	11000	65580	162065	274	-49	0.02	0.02	0	
17/02/2012 10:24:45	TASTEGGIO	0	2	11000	65580	186379	274	-49	0.06	0.17	-44500	
17/02/2012 10:25:17	TASTEGGIO	1	0	11000	65580	230854	242	-62	0.43	0.43	0	
17/02/2012 10:25:43	TASTEGGIO	0	1	11000	65580	230860	133	-14	0.28	0.28	0	
17/02/2012 10:26:10	TASTEGGIO	0	2	11000	65580	230864	158	-10	0.20	0.20	0	
17/02/2012 10:26:36	TASTEGGIO	0	3	11000	65580	230868	182	-10	0.11	0.11	0	
17/02/2012 10:26:48	TASTEGGIO	0	3	11000	65580	186515	182	-10	0.15	0.17	24500	
17/02/2012 10:27:21	TASTEGGIO	1	0	11000	65580	162085	242	-16	0.02	0.02	0	
17/02/2012 10:27:31	TASTEGGIO	1	0	11000	65580	186384	242	-16	0.03	0.13	120300	
17/02/2012 10:29:25	TASTEGGIO	1	0	11000	65580	186587	242	-16	1.50	1.50	0	
17/02/2012 10:29:58	TASTEGGIO	1	0	11000	65580	186612	400	-100	0.47	0.47	0	
17/02/2012 10:30:28	TASTEGGIO	0	0	11000	65580	186612	318	-22	0.27	0.27	0	
17/02/2012 10:30:58	TASTEGGIO	0	1	11000	65580	186612	333	-55	0.30	0.30	0	
17/02/2012 10:31:29	TASTEGGIO	0	1	11000	65580	186612	299	-155	1.25	1.25	0	
17/02/2012 10:31:45	TASTEGGIO	0	1	11000	65580	186612	0	-1	1.23	1.23	0	
17/02/2012 10:32:11	TASTEGGIO	0	2	11000	65580	186612	242	-20	1.04	1.04	0	
17/02/2012 10:32:43	TASTEGGIO	0	3	11000	65580	186612	400	-63	0.40	0.40	0	
17/02/2012 10:33:12	TASTEGGIO	0	0	11000	65580	186612	300	-8	0.35	0.35	0	
17/02/2012 10:33:44	TASTEGGIO	0	1	11000	65580	186612	330	-9	0.24	0.24	0	
17/02/2012 10:34:15	TASTEGGIO	0	2	11000	65580	186612	353	-21	0.05	0.05	0	
17/02/2012 10:34:24	TASTEGGIO	0	2	11000	65580	186584	353	-21	0.06	0.53	82800	
17/02/2012 10:34:57	TASTEGGIO	1	0	11000	65580	103832	333	-50	0.25	0.25	0	
17/02/2012 10:35:24	TASTEGGIO	0	0	11000	65580	103836	263	-23	0.05	0.05	0	
17/02/2012 10:35:36	TASTEGGIO	0	0	11000	65580	186466	263	-23	0.30	0.30	0	
17/02/2012 10:36:09	TASTEGGIO	1	0	11000	65580	186471	275	-96	0.63	0.63	0	
17/02/2012 10:36:35	TASTEGGIO	0	1	11000	65580	186480	142	-12	0.50	0.50	0	
17/02/2012 10:37:03	TASTEGGIO	0	2	11000	65580	186486	198	-9	0.45	0.45	0	
17/02/2012 10:37:33	TASTEGGIO	0	3	11000	65580	186492	319	-65	0.30	0.30	0	
17/02/2012 10:38:03	TASTEGGIO	0	1	11000	65580	186492	299	-84	0.55	0.55	0	
17/02/2012 10:38:30	TASTEGGIO	0	1	11000	65580	186492	198	-30	0.29	0.29	0	
17/02/2012 10:38:57	TASTEGGIO	0	2	11000	65580	186492	219	-14	0.13	0.13	0	
17/02/2012 10:39:06	TASTEGGIO	0	2	11000	65580	186496	219	-14	0.14	0.27	-82000	
17/02/2012 10:39:39	TASTEGGIO	1	0	11000	65580	268462	268	-52	0.27	0.27	0	
17/02/2012 10:40:06	TASTEGGIO	0	1	11000	65580	268476	241	-42	0.15	0.15	0	
17/02/2012 10:40:09	ALARM 401		
17/02/2012 10:40:12	ALARM 205		err.6058
17/02/2012 10:40:28	TASTEGGIO	0	1	11000	65580	186634	241	-42	0.31	0.31	0	
17/02/2012 10:41:00	TASTEGGIO	1	0	11000	65580	186653	278	-44	0.13	0.13	0	
17/02/2012 10:41:09	TASTEGGIO	1	0	11000	65580	186644	278	-44	0.12	0.25	44500	
17/02/2012 10:41:42	TASTEGGIO	1	0	11000	65580	142184	263	-56	0.35	0.35	0	
17/02/2012 10:42:09	TASTEGGIO	0	1	11000	65580	142186	213	-30	0.12	0.12	0	
17/02/2012 10:42:20	TASTEGGIO	0	1	11000	65580	186496	213	-30	0.17	0.17	0	
17/02/2012 10:42:23	ALARM 401		
17/02/2012 10:42:25	ALARM 201		err.6059
17/02/2012 10:42:39	TASTEGGIO	0	1	11000	65580	186496	213	-30	0.17	0.17	0	
17/02/2012 10:43:40	ALARM 17	proc 12 prog 10 step 47	LavoroTerminato
17/02/2012 10:45:09	TASTEGGIO	0	1	11000	36002	186426	213	-30	0.00	0.00	-119500	
17/02/2012 10:45:25	TASTEGGIO	0	1	11000	36002	305847	213	-30	0.00	0.00	-119500	
17/02/2012 10:45:42	ALARM 401		
17/02/2012 10:47:33	ALARM 201		err.6059
17/02/2012 10:48:04	ALARM 203		err.0
17/02/2012 10:48:10	ALARM 203		err.4007
17/02/2012 10:49:31	TASTEGGIO	0	1	11000	73998	186628	437	-1	2.30	2.30	0	
17/02/2012 10:49:46	ALARM 401		
17/02/2012 10:53:16	TASTEGGIO	0	1	11000	73998	186628	473	-1	1.68	1.68	0	
17/02/2012 10:53:50	TASTEGGIO	0	1	11000	73998	146539	473	-1	0.00	0.00	0	
17/02/2012 10:54:00	ALARM 401		
17/02/2012 11:00:45	TASTEGGIO	0	1	11000	73998	146537	580	-3	2.09	2.09	0	
17/02/2012 11:01:07	TASTEGGIO	0	1	11000	73998	186314	580	-3	0.00	0.00	0	
17/02/2012 11:01:23	ALARM 401		
17/02/2012 11:06:20	TASTEGGIO	0	1	11000	73998	256382	770	-27	2.32	2.32	0	
17/02/2012 11:07:35	TASTEGGIO	0	1	11000	73998	256382	804	-25	3.83	3.83	0	
17/02/2012 11:08:35	TASTEGGIO	0	1	11000	73998	256382	842	-125	0.00	0.00	0	
17/02/2012 11:10:07	TASTEGGIO	0	1	11000	73998	286401	842	-62	2.07	2.07	0	
17/02/2012 11:11:59	ALARM 401		
17/02/2012 11:20:41	TASTEGGIO	0	1	5500	44021	130666	842	-62	0.07	0.07	-44500	
17/02/2012 11:21:06	TASTEGGIO	1	0	5500	44021	175081	56	-3	0.05	0.05	0	
17/02/2012 11:21:16	TASTEGGIO	1	0	5500	44021	130770	56	-3	0.08	0.08	0	
17/02/2012 11:21:39	TASTEGGIO	1	0	5500	44021	130775	58	0	0.08	0.08	0	
17/02/2012 11:21:59	TASTEGGIO	0	1	5500	44021	130775	66	0	0.07	0.07	0	
17/02/2012 11:22:20	TASTEGGIO	0	2	5500	44021	130775	78	-5	0.05	0.05	0	
17/02/2012 11:22:28	TASTEGGIO	0	2	5500	44021	130770	78	-5	0.05	0.07	-44500	
17/02/2012 11:22:53	TASTEGGIO	1	0	5500	44021	175168	56	0	0.06	0.06	0	
17/02/2012 11:23:13	TASTEGGIO	0	1	5500	44021	175169	61	-3	0.07	0.07	0	
17/02/2012 11:23:34	TASTEGGIO	0	2	5500	44021	175170	77	-3	0.05	0.05	0	
17/02/2012 11:23:45	TASTEGGIO	0	2	5500	44021	130756	77	-3	0.07	0.07	0	
17/02/2012 11:24:07	TASTEGGIO	1	0	5500	44021	130761	56	0	0.08	0.08	0	
17/02/2012 11:24:27	TASTEGGIO	0	1	5500	44021	130761	65	0	0.07	0.07	0	
17/02/2012 11:24:48	TASTEGGIO	0	2	5500	44021	130761	77	-2	0.06	0.06	0	
17/02/2012 11:25:10	TASTEGGIO	0	3	5500	44021	130761	92	-7	0.10	0.10	0	
17/02/2012 11:25:31	TASTEGGIO	0	1	5500	44021	130761	75	-4	0.12	0.12	0	
17/02/2012 11:25:54	TASTEGGIO	0	2	5500	44021	130762	103	-8	0.15	0.15	0	
17/02/2012 11:26:16	TASTEGGIO	0	3	5500	44021	130762	159	-15	0.05	0.05	0	
17/02/2012 11:26:24	TASTEGGIO	0	3	5500	44021	130757	159	-15	0.06	0.06	0	
17/02/2012 11:26:47	TASTEGGIO	1	0	5500	44021	130761	55	0	0.05	0.05	0	
17/02/2012 11:26:54	TASTEGGIO	1	0	5500	44021	130756	55	0	0.07	0.07	0	
17/02/2012 11:27:17	TASTEGGIO	1	0	5500	44021	130761	56	0	0.06	0.06	0	
17/02/2012 11:27:37	TASTEGGIO	0	1	5500	44021	130761	61	0	0.05	0.05	0	
17/02/2012 11:27:45	TASTEGGIO	0	1	5500	44021	130756	61	0	0.06	0.06	0	
17/02/2012 11:28:07	TASTEGGIO	1	0	5500	44021	130761	55	-1	0.04	0.04	0	
17/02/2012 11:28:15	TASTEGGIO	1	0	5500	44021	130756	55	-1	0.05	0.05	0	
17/02/2012 11:30:07	TASTEGGIO	1	0	5500	44021	130665	55	-1	0.15	0.17	-44500	
17/02/2012 11:30:31	TASTEGGIO	1	0	5500	44021	175062	73	-1	0.19	0.19	0	
17/02/2012 11:30:53	TASTEGGIO	0	1	5500	44021	175063	94	-1	0.15	0.15	0	
17/02/2012 11:31:14	TASTEGGIO	0	2	5500	44021	175064	110	0	0.12	0.12	0	
17/02/2012 11:31:24	TASTEGGIO	0	2	5500	44021	130661	110	0	0.12	0.13	-24500	
17/02/2012 11:31:48	TASTEGGIO	1	0	5500	44021	155096	66	-2	0.11	0.11	0	
17/02/2012 11:32:09	TASTEGGIO	0	1	5500	44021	155096	75	-1	0.10	0.10	0	
17/02/2012 11:32:31	TASTEGGIO	0	2	5500	44021	155096	93	-5	0.08	0.08	0	
17/02/2012 11:32:52	TASTEGGIO	0	3	5500	44021	155096	104	-5	0.05	0.05	0	
17/02/2012 11:33:02	TASTEGGIO	0	3	5500	44021	130646	104	-5	0.02	0.05	-44500	
17/02/2012 11:34:52	TASTEGGIO	0	3	5500	44021	130568	104	-5	0.06	0.07	44500	
17/02/2012 11:35:14	TASTEGGIO	1	0	5500	44021	86150	56	0	0.07	0.07	0	
17/02/2012 11:35:34	TASTEGGIO	0	1	5500	44021	86143	63	0	0.06	0.06	0	
17/02/2012 11:35:52	TASTEGGIO	0	2	5500	44021	86135	73	0	0.06	0.06	0	
17/02/2012 11:36:12	TASTEGGIO	0	3	5500	44021	86126	91	-1	0.07	0.07	0	
17/02/2012 11:36:34	TASTEGGIO	0	4	5500	44021	86115	123	-1	0.05	0.05	0	
17/02/2012 11:36:45	TASTEGGIO	0	4	5500	44021	130453	123	-1	0.08	0.08	0	
17/02/2012 11:37:08	TASTEGGIO	1	0	5500	44021	130449	58	-4	0.06	0.06	0	
17/02/2012 11:37:28	TASTEGGIO	0	1	5500	44021	130449	62	-1	0.03	0.03	0	
17/02/2012 11:37:35	TASTEGGIO	0	1	5500	44021	130453	62	-1	0.03	0.06	44500	
17/02/2012 11:37:59	TASTEGGIO	1	0	5500	44021	86027	55	1	0.08	0.08	0	
17/02/2012 11:38:18	TASTEGGIO	0	1	5500	44021	86023	65	0	0.08	0.08	0	
17/02/2012 11:38:38	TASTEGGIO	0	2	5500	44021	86019	81	-1	0.06	0.06	0	
17/02/2012 11:38:58	TASTEGGIO	0	3	5500	44021	86011	88	0	0.06	0.06	0	
17/02/2012 11:39:19	TASTEGGIO	0	4	5500	44021	86004	112	-1	0.07	0.07	0	
17/02/2012 11:39:41	TASTEGGIO	0	5	5500	44021	85996	152	-7	0.06	0.06	0	
17/02/2012 11:40:03	TASTEGGIO	0	6	5500	44021	85996	182	-12	0.12	0.12	0	
17/02/2012 11:40:25	TASTEGGIO	0	1	5500	44021	85996	158	-7	0.07	0.07	0	
17/02/2012 11:40:48	TASTEGGIO	0	2	5500	44021	85996	163	-3	0.06	0.06	0	
17/02/2012 11:41:09	TASTEGGIO	0	3	5500	44021	85996	178	-2	0.03	0.03	0	
17/02/2012 11:41:20	TASTEGGIO	0	3	5500	44021	130445	178	-2	0.07	0.07	0	
17/02/2012 11:41:43	TASTEGGIO	1	0	5500	44021	130441	56	0	0.07	0.07	0	
17/02/2012 11:42:04	TASTEGGIO	0	1	5500	44021	130441	63	-1	0.07	0.07	0	
17/02/2012 11:42:24	TASTEGGIO	0	2	5500	44021	130441	77	0	0.04	0.04	0	
17/02/2012 11:42:32	TASTEGGIO	0	2	5500	44021	130445	77	0	0.05	0.05	-82000	
17/02/2012 11:44:24	TASTEGGIO	0	2	5500	44021	130659	77	0	0.09	0.12	-44500	
17/02/2012 11:44:48	TASTEGGIO	1	0	5500	44021	175061	65	-2	0.09	0.09	0	
17/02/2012 11:45:08	TASTEGGIO	0	1	5500	44021	175062	71	0	0.09	0.09	0	
17/02/2012 11:45:30	TASTEGGIO	0	2	5500	44021	175063	89	-2	0.07	0.07	0	
17/02/2012 11:45:51	TASTEGGIO	0	3	5500	44021	175064	98	-2	0.05	0.05	0	
17/02/2012 11:46:01	TASTEGGIO	0	3	5500	44021	130661	98	-2	0.10	0.10	0	
17/02/2012 11:46:24	TASTEGGIO	1	0	5500	44021	130666	61	-1	0.08	0.08	0	
17/02/2012 11:46:44	TASTEGGIO	0	1	5500	44021	130666	67	-2	0.05	0.05	0	
17/02/2012 11:46:52	TASTEGGIO	0	1	5500	44021	130663	67	-2	0.04	0.09	82800	
17/02/2012 11:47:15	TASTEGGIO	1	0	5500	44021	47907	60	-2	0.11	0.11	0	
17/02/2012 11:47:32	TASTEGGIO	0	1	5500	44021	47905	73	2	0.10	0.10	0	
17/02/2012 11:47:51	TASTEGGIO	0	2	5500	44021	47905	91	-2	0.09	0.09	0	
17/02/2012 11:48:09	TASTEGGIO	0	3	5500	44021	47905	115	-2	0.09	0.09	0	
17/02/2012 11:48:30	TASTEGGIO	0	4	5500	44021	47906	151	0	0.09	0.09	0	
17/02/2012 11:48:50	TASTEGGIO	0	5	5500	44021	47906	196	-1	0.08	0.08	0	
17/02/2012 11:49:11	TASTEGGIO	0	6	5500	44021	47919	238	-5	0.06	0.06	0	
17/02/2012 11:49:23	TASTEGGIO	0	6	5500	44021	130546	238	-5	0.08	0.11	-44500	
17/02/2012 11:49:48	TASTEGGIO	1	0	5500	44021	174967	63	0	0.08	0.08	0	
17/02/2012 11:50:09	TASTEGGIO	0	1	5500	44021	174969	68	0	0.10	0.10	0	
17/02/2012 11:50:31	TASTEGGIO	0	2	5500	44021	174970	93	0	0.07	0.07	0	
17/02/2012 11:50:53	TASTEGGIO	0	3	5500	44021	174971	101	-1	0.07	0.07	0	
17/02/2012 11:51:14	TASTEGGIO	0	4	5500	44021	174971	129	-6	0.03	0.03	0	
17/02/2012 11:51:25	TASTEGGIO	0	4	5500	44021	130647	129	-6	0.04	0.08	44500	
17/02/2012 11:51:48	TASTEGGIO	1	0	5500	44021	86227	58	1	0.08	0.08	0	
17/02/2012 11:52:07	TASTEGGIO	0	1	5500	44021	86223	66	0	0.08	0.08	0	
17/02/2012 11:52:27	TASTEGGIO	0	2	5500	44021	86219	82	0	0.07	0.07	0	
17/02/2012 11:52:47	TASTEGGIO	0	3	5500	44021	86209	100	-2	0.07	0.07	0	
17/02/2012 11:53:09	TASTEGGIO	0	4	5500	44021	86200	128	-2	0.06	0.06	0	
17/02/2012 11:53:19	TASTEGGIO	0	4	5500	44021	130552	128	-2	0.05	0.05	-82000	
17/02/2012 11:55:10	TASTEGGIO	0	4	5500	44021	130564	128	-2	0.06	0.07	44500	
17/02/2012 11:55:34	TASTEGGIO	1	0	5500	44021	86134	56	0	0.11	0.11	0	
17/02/2012 11:55:54	TASTEGGIO	0	1	5500	44021	86126	73	0	0.07	0.07	0	
17/02/2012 11:56:13	TASTEGGIO	0	2	5500	44021	86121	79	-1	0.06	0.06	0	
17/02/2012 11:56:23	TASTEGGIO	0	2	5500	44021	130454	79	-1	0.04	0.04	44500	
17/02/2012 11:58:13	TASTEGGIO	0	2	5500	44021	130568	79	-1	0.07	0.11	-44500	
17/02/2012 11:58:38	TASTEGGIO	1	0	5500	44021	174976	63	-1	0.08	0.08	0	
17/02/2012 11:58:58	TASTEGGIO	0	1	5500	44021	174977	68	-1	0.08	0.08	0	
17/02/2012 11:59:20	TASTEGGIO	0	2	5500	44021	174978	84	-2	0.06	0.06	0	
17/02/2012 11:59:31	TASTEGGIO	0	2	5500	44021	130563	84	-2	0.07	0.07	0	
17/02/2012 11:59:53	TASTEGGIO	1	0	5500	44021	130568	56	-2	0.03	0.03	0	
17/02/2012 12:00:01	TASTEGGIO	1	0	5500	44021	130563	56	-2	0.05	0.07	82800	
17/02/2012 12:00:24	TASTEGGIO	1	0	5500	44021	47800	56	0	0.08	0.08	0	
17/02/2012 12:00:43	TASTEGGIO	0	1	5500	44021	47800	65	-1	0.10	0.10	0	
17/02/2012 12:01:01	TASTEGGIO	0	2	5500	44021	47799	90	0	0.06	0.06	0	
17/02/2012 12:01:12	TASTEGGIO	0	2	5500	44021	130448	90	0	0.04	0.05	82800	
17/02/2012 12:03:03	TASTEGGIO	0	2	5500	44021	130567	90	0	0.30	0.30	0	
17/02/2012 12:03:27	TASTEGGIO	1	0	5500	44021	130573	95	0	0.25	0.25	0	
17/02/2012 12:03:48	TASTEGGIO	0	1	5500	44021	130573	115	0	0.23	0.23	0	
17/02/2012 12:04:10	TASTEGGIO	0	2	5500	44021	130573	157	-5	0.17	0.17	0	
17/02/2012 12:04:32	TASTEGGIO	0	3	5500	44021	130573	178	-8	0.10	0.10	0	
17/02/2012 12:04:40	TASTEGGIO	0	3	5500	44021	130561	178	-8	0.09	0.21	-82000	
17/02/2012 12:05:05	TASTEGGIO	1	0	5500	44021	212504	80	0	0.20	0.20	0	
17/02/2012 12:05:25	TASTEGGIO	0	1	5500	44021	212508	99	-1	0.20	0.20	0	
17/02/2012 12:05:45	TASTEGGIO	0	2	5500	44021	212509	139	0	0.18	0.18	0	
17/02/2012 12:06:07	TASTEGGIO	0	3	5500	44021	212513	187	-5	0.11	0.11	0	
17/02/2012 12:06:19	TASTEGGIO	0	3	5500	44021	130572	187	-5	0.02	0.14	-82000	
17/02/2012 12:06:43	TASTEGGIO	1	0	5500	44021	212521	68	0	0.17	0.17	0	
17/02/2012 12:07:02	TASTEGGIO	0	1	5500	44021	212522	88	0	0.15	0.15	0	
17/02/2012 12:07:23	TASTEGGIO	0	2	5500	44021	212525	114	-2	0.16	0.16	0	
17/02/2012 12:07:43	TASTEGGIO	0	3	5500	44021	212525	165	-1	0.14	0.14	0	
17/02/2012 12:08:03	TASTEGGIO	0	4	5500	44021	212526	214	-9	0.06	0.06	0	
17/02/2012 12:08:15	TASTEGGIO	0	4	5500	44021	130571	214	-9	0.05	0.07	44500	
17/02/2012 12:08:38	TASTEGGIO	1	0	5500	44021	86147	56	1	0.08	0.08	0	
17/02/2012 12:08:56	TASTEGGIO	0	1	5500	44021	86143	65	0	0.07	0.07	0	
17/02/2012 12:09:15	TASTEGGIO	0	2	5500	44021	86134	77	0	0.09	0.09	0	
17/02/2012 12:09:37	TASTEGGIO	0	3	5500	44021	86123	111	-1	0.06	0.06	0	
17/02/2012 12:09:47	TASTEGGIO	0	3	5500	44021	130453	111	-1	0.05	0.06	44500	
17/02/2012 12:11:39	TASTEGGIO	0	3	5500	44021	130666	111	-1	0.07	0.10	24500	
17/02/2012 12:12:03	TASTEGGIO	1	0	5500	44021	106239	61	1	0.08	0.08	0	
17/02/2012 12:12:22	TASTEGGIO	0	1	5500	44021	106234	67	-1	0.08	0.08	0	
17/02/2012 12:12:44	TASTEGGIO	0	2	5500	44021	106232	83	-2	0.06	0.06	0	
17/02/2012 12:12:53	TASTEGGIO	0	2	5500	44021	130557	83	-2	0.06	0.07	82800	
17/02/2012 12:13:16	TASTEGGIO	1	0	5500	44021	47796	56	-2	0.11	0.11	0	
17/02/2012 12:13:34	TASTEGGIO	0	1	5500	44021	47795	73	-2	0.08	0.08	0	
17/02/2012 12:13:51	TASTEGGIO	0	2	5500	44021	47796	81	-1	0.07	0.07	0	
17/02/2012 12:14:11	TASTEGGIO	0	3	5500	44021	47796	99	0	0.08	0.08	0	
17/02/2012 12:14:30	TASTEGGIO	0	4	5500	44021	47796	135	0	0.09	0.09	0	
17/02/2012 12:14:52	TASTEGGIO	0	5	5500	44021	47797	185	-1	0.06	0.06	0	
17/02/2012 12:15:03	TASTEGGIO	0	5	5500	44021	130557	185	-1	0.04	0.05	44500	
17/02/2012 12:16:54	TASTEGGIO	0	5	5500	44021	130663	185	-1	0.08	0.09	82800	
17/02/2012 12:17:18	TASTEGGIO	1	0	5500	44021	47912	60	-1	0.09	0.09	0	
17/02/2012 12:17:35	TASTEGGIO	0	1	5500	44021	47910	69	0	0.09	0.09	0	
17/02/2012 12:17:53	TASTEGGIO	0	2	5500	44021	47909	87	0	0.07	0.07	0	
17/02/2012 12:18:12	TASTEGGIO	0	3	5500	44021	47909	96	0	0.09	0.09	0	
17/02/2012 12:18:30	TASTEGGIO	0	4	5500	44021	47910	142	0	0.10	0.10	0	
17/02/2012 12:18:50	TASTEGGIO	0	5	5500	44021	47915	197	-2	0.06	0.06	0	
17/02/2012 12:19:01	TASTEGGIO	0	5	5500	44021	130554	197	-2	0.04	0.05	82800	
17/02/2012 12:20:52	TASTEGGIO	0	5	5500	44021	130564	197	-2	0.10	0.12	24500	
17/02/2012 12:21:16	TASTEGGIO	1	0	5500	44021	106128	65	-1	0.09	0.09	0	
17/02/2012 12:21:35	TASTEGGIO	0	1	5500	44021	106124	71	0	0.10	0.10	0	
17/02/2012 12:21:57	TASTEGGIO	0	2	5500	44021	106123	93	-2	0.07	0.07	0	
17/02/2012 12:22:17	TASTEGGIO	0	3	5500	44021	106121	101	-1	0.09	0.09	0	
17/02/2012 12:22:39	TASTEGGIO	0	4	5500	44021	106119	147	-9	0.02	0.02	0	
17/02/2012 12:22:49	TASTEGGIO	0	4	5500	44021	130457	147	-9	0.08	0.08	-24500	
17/02/2012 12:23:14	TASTEGGIO	1	0	5500	44021	154913	58	-4	0.08	0.08	0	
17/02/2012 12:23:35	TASTEGGIO	0	1	5500	44021	154913	66	-1	0.06	0.06	0	
17/02/2012 12:23:45	TASTEGGIO	0	1	5500	44021	130551	66	-1	0.06	0.07	44500	
17/02/2012 12:24:08	TASTEGGIO	1	0	5500	44021	86133	56	0	0.05	0.05	0	
17/02/2012 12:24:19	TASTEGGIO	1	0	5500	44021	130450	56	0	0.06	0.08	82800	
17/02/2012 12:24:42	TASTEGGIO	1	0	5500	44021	47701	58	0	0.08	0.08	0	
17/02/2012 12:24:59	TASTEGGIO	0	1	5500	44021	47698	66	0	0.06	0.06	0	
17/02/2012 12:25:11	TASTEGGIO	0	1	5500	44021	130453	66	0	0.05	0.08	82800	
17/02/2012 12:25:34	TASTEGGIO	1	0	5500	44021	47702	58	0	0.07	0.07	0	
17/02/2012 12:25:51	TASTEGGIO	0	1	5500	44021	47700	64	0	0.07	0.07	0	
17/02/2012 12:26:09	TASTEGGIO	0	2	5500	44021	47698	78	0	0.07	0.07	0	
17/02/2012 12:26:27	TASTEGGIO	0	3	5500	44021	47697	99	-1	0.09	0.09	0	
17/02/2012 12:26:46	TASTEGGIO	0	4	5500	44021	47697	145	-2	0.11	0.11	0	
17/02/2012 12:27:07	TASTEGGIO	0	5	5500	44021	47699	212	-3	0.07	0.07	0	
17/02/2012 12:27:29	TASTEGGIO	0	6	5500	44021	47714	222	-4	0.04	0.04	0	
17/02/2012 12:27:40	TASTEGGIO	0	6	5500	44021	130457	222	-4	0.07	0.07	0	
17/02/2012 12:28:03	TASTEGGIO	1	0	5500	44021	130453	56	0	0.07	0.07	0	
17/02/2012 12:28:23	TASTEGGIO	0	1	5500	44021	130453	63	0	0.10	0.10	0	
17/02/2012 12:28:44	TASTEGGIO	0	2	5500	44021	130453	91	-2	0.04	0.04	0	
17/02/2012 12:28:52	TASTEGGIO	0	2	5500	44021	130457	91	-2	0.06	0.06	44500	
17/02/2012 12:30:41	TASTEGGIO	0	2	5500	44021	130660	91	-2	0.03	0.03	24500	
17/02/2012 12:32:33	TASTEGGIO	0	2	5500	44021	130564	91	-2	0.09	0.10	24500	
17/02/2012 12:32:56	TASTEGGIO	1	0	5500	44021	106131	61	0	0.09	0.09	0	
17/02/2012 12:33:17	TASTEGGIO	0	1	5500	44021	106129	69	-1	0.10	0.10	0	
17/02/2012 12:33:38	TASTEGGIO	0	2	5500	44021	106127	91	-1	0.08	0.08	0	
17/02/2012 12:33:59	TASTEGGIO	0	3	5500	44021	106124	102	-3	0.08	0.08	0	
17/02/2012 12:34:20	TASTEGGIO	0	4	5500	44021	106123	134	-3	0.05	0.05	0	
17/02/2012 12:34:30	TASTEGGIO	0	4	5500	44021	130461	134	-3	0.09	0.09	0	
17/02/2012 12:34:53	TASTEGGIO	1	0	5500	44021	130457	60	-3	0.04	0.04	0	
17/02/2012 12:35:01	TASTEGGIO	1	0	5500	44021	130461	60	-3	0.05	0.06	82800	
17/02/2012 12:36:52	TASTEGGIO	1	0	5500	44021	130566	60	-3	0.06	0.09	44500	
17/02/2012 12:37:16	TASTEGGIO	1	0	5500	44021	86146	60	-1	0.08	0.08	0	
17/02/2012 12:37:35	TASTEGGIO	0	1	5500	44021	86140	67	0	0.08	0.08	0	
17/02/2012 12:37:54	TASTEGGIO	0	2	5500	44021	86131	83	-1	0.08	0.08	0	
17/02/2012 12:38:15	TASTEGGIO	0	3	5500	44021	86120	107	-2	0.06	0.06	0	
17/02/2012 12:38:26	TASTEGGIO	0	3	5500	44021	130455	107	-2	0.04	0.05	44500	
17/02/2012 12:40:17	TASTEGGIO	0	3	5500	44021	130667	107	-2	0.12	0.14	44500	
17/02/2012 12:40:40	TASTEGGIO	1	0	5500	44021	86242	68	0	0.13	0.13	0	
17/02/2012 12:40:59	TASTEGGIO	0	1	5500	44021	86234	80	0	0.14	0.14	0	
17/02/2012 12:41:21	TASTEGGIO	0	2	5500	44021	86224	110	0	0.14	0.14	0	
17/02/2012 12:41:42	TASTEGGIO	0	3	5500	44021	86214	152	-1	0.10	0.10	0	
17/02/2012 12:42:04	TASTEGGIO	0	4	5500	44021	86210	166	-3	0.09	0.09	0	
17/02/2012 12:42:27	TASTEGGIO	0	5	5500	44021	86215	206	-15	0.08	0.08	0	
17/02/2012 12:42:49	TASTEGGIO	0	1	5500	44021	86215	198	-24	0.18	0.18	0	
17/02/2012 12:43:11	TASTEGGIO	0	1	5500	44021	86215	157	-4	0.12	0.12	0	
17/02/2012 12:43:33	TASTEGGIO	0	2	5500	44021	86215	168	0	0.11	0.11	0	
17/02/2012 12:43:55	TASTEGGIO	0	3	5500	44021	86215	198	-4	0.07	0.07	0	
17/02/2012 12:44:18	TASTEGGIO	0	4	5500	44021	86215	206	-3	0.06	0.06	0	
17/02/2012 12:44:28	TASTEGGIO	0	4	5500	44021	130557	206	-3	0.05	0.05	-24500	
17/02/2012 12:46:20	TASTEGGIO	0	4	5500	44021	130663	206	-3	0.10	0.12	-24500	
17/02/2012 12:46:44	TASTEGGIO	1	0	5500	44021	155090	65	-3	0.08	0.08	0	
17/02/2012 12:47:06	TASTEGGIO	0	1	5500	44021	155090	70	-2	0.07	0.07	0	
17/02/2012 12:47:27	TASTEGGIO	0	2	5500	44021	155090	82	-1	0.07	0.07	0	
17/02/2012 12:47:48	TASTEGGIO	0	3	5500	44021	155090	103	-4	0.06	0.06	0	
17/02/2012 12:47:58	TASTEGGIO	0	3	5500	44021	130642	103	-4	0.04	0.07	82800	
17/02/2012 12:48:21	TASTEGGIO	1	0	5500	44021	47894	56	0	0.11	0.11	0	
17/02/2012 12:48:39	TASTEGGIO	0	1	5500	44021	47890	73	0	0.07	0.07	0	
17/02/2012 12:48:57	TASTEGGIO	0	2	5500	44021	47888	79	-1	0.06	0.06	0	
17/02/2012 12:49:08	TASTEGGIO	0	2	5500	44021	130544	79	-1	0.06	0.06	82800	
17/02/2012 12:50:59	TASTEGGIO	0	2	5500	44021	130662	79	-1	0.14	0.14	0	
17/02/2012 12:51:22	TASTEGGIO	1	0	5500	44021	130667	68	-4	0.12	0.12	0	
17/02/2012 12:51:41	TASTEGGIO	0	1	5500	44021	130667	78	0	0.12	0.12	0	
17/02/2012 12:52:03	TASTEGGIO	0	2	5500	44021	130667	102	-2	0.12	0.12	0	
17/02/2012 12:52:24	TASTEGGIO	0	3	5500	44021	130667	138	-6	0.04	0.04	0	
17/02/2012 12:52:32	TASTEGGIO	0	3	5500	44021	130659	138	-6	0.05	0.08	-44500	
17/02/2012 12:52:57	TASTEGGIO	1	0	5500	44021	175064	58	-2	0.10	0.10	0	
17/02/2012 12:53:17	TASTEGGIO	0	1	5500	44021	175065	70	0	0.10	0.10	0	
17/02/2012 12:53:39	TASTEGGIO	0	2	5500	44021	175066	90	0	0.06	0.06	0	
17/02/2012 12:53:50	TASTEGGIO	0	2	5500	44021	130663	90	0	0.05	0.07	-44500	
17/02/2012 12:54:14	TASTEGGIO	1	0	5500	44021	175070	56	0	0.07	0.07	0	
17/02/2012 12:54:36	TASTEGGIO	0	1	5500	44021	175071	63	0	0.07	0.07	0	
17/02/2012 12:54:56	TASTEGGIO	0	2	5500	44021	175071	77	0	0.10	0.10	0	
17/02/2012 12:55:17	TASTEGGIO	0	3	5500	44021	175072	119	-5	0.06	0.06	0	
17/02/2012 12:55:28	TASTEGGIO	0	3	5500	44021	130659	119	-5	0.04	0.06	-44500	
17/02/2012 12:57:19	TASTEGGIO	0	3	5500	44021	130462	119	-5	0.06	0.06	0	
17/02/2012 12:58:17	ALARM 17	proc 12 prog 10 step 47	LavoroTerminato
18/02/2012 06:45:42	ALARM 401		
18/02/2012 06:45:44	INIT OK
18/02/2012 06:51:54	ALARM 18	proc 12 prog 36 step 73	Tondo Non Presente Su Carrello 1
18/02/2012 06:53:03	ALARM 201		err.6058
18/02/2012 06:53:04	ALARM 18	proc 1 prog 2 step 5	Tondo Non Presente Su Carrello 1
18/02/2012 06:53:07	ALARM 18	proc 1 prog 2 step 5	Tondo Non Presente Su Carrello 1
18/02/2012 06:53:10	ALARM 18	proc 1 prog 2 step 5	Tondo Non Presente Su Carrello 1
18/02/2012 06:53:11	ALARM 18	proc 1 prog 2 step 5	Tondo Non Presente Su Carrello 1
18/02/2012 06:53:19	ALARM 18	proc 1 prog 2 step 5	Tondo Non Presente Su Carrello 1
18/02/2012 06:53:25	ALARM 18	proc 1 prog 2 step 5	Tondo Non Presente Su Carrello 1
18/02/2012 06:53:26	ALARM 18	proc 1 prog 2 step 5	Tondo Non Presente Su Carrello 1
18/02/2012 06:53:33	ALARM 18	proc 1 prog 2 step 5	Tondo Non Presente Su Carrello 1
18/02/2012 06:55:00	TASTEGGIO	0	0	6000	45980	98767	0	0	0.14	0.14	0	
18/02/2012 06:55:23	ALARM 18	proc 1 prog 2 step 5	Tondo Non Presente Su Carrello 1
18/02/2012 06:55:36	ALARM 201		err.6058
18/02/2012 06:55:37	ALARM 18	proc 1 prog 2 step 5	Tondo Non Presente Su Carrello 1
18/02/2012 06:55:37	ALARM 18	proc 1 prog 2 step 5	Tondo Non Presente Su Carrello 1
18/02/2012 06:55:38	ALARM 18	proc 1 prog 2 step 5	Tondo Non Presente Su Carrello 1
18/02/2012 06:55:40	ALARM 18	proc 1 prog 2 step 5	Tondo Non Presente Su Carrello 1
18/02/2012 06:55:40	ALARM 18	proc 1 prog 2 step 5	Tondo Non Presente Su Carrello 1
18/02/2012 06:55:41	ALARM 18	proc 1 prog 2 step 5	Tondo Non Presente Su Carrello 1
18/02/2012 06:55:44	ALARM 18	proc 1 prog 2 step 5	Tondo Non Presente Su Carrello 1
18/02/2012 06:57:16	TASTEGGIO	1	0	6000	45980	98804	229	-9	0.06	0.08	44500	
18/02/2012 06:59:04	TASTEGGIO	1	0	6000	45980	98669	229	-9	0.03	0.05	24500	
18/02/2012 07:00:34	ALARM 18	proc 12 prog 36 step 73	Tondo Non Presente Su Carrello 1
18/02/2012 07:01:01	ALARM 201		err.6058
18/02/2012 07:01:02	ALARM 18	proc 1 prog 2 step 5	Tondo Non Presente Su Carrello 1
18/02/2012 07:03:15	TASTEGGIO	1	0	6000	45980	98772	229	-9	0.05	0.05	0	
18/02/2012 07:05:05	TASTEGGIO	1	0	6000	45980	98769	229	-9	0.16	0.23	44500	
18/02/2012 07:05:30	TASTEGGIO	1	0	6000	45980	54364	241	-2	0.20	0.20	0	
18/02/2012 07:05:51	TASTEGGIO	0	1	6000	45980	54364	258	-2	0.18	0.18	0	
18/02/2012 07:06:14	TASTEGGIO	0	2	6000	45980	54365	290	-5	0.13	0.13	0	
18/02/2012 07:06:25	TASTEGGIO	0	2	6000	45980	98612	290	-5	0.08	0.13	44500	
18/02/2012 07:06:50	TASTEGGIO	1	0	6000	45980	54205	228	0	0.13	0.13	0	
18/02/2012 07:07:12	TASTEGGIO	0	1	6000	45980	54202	241	-1	0.13	0.13	0	
18/02/2012 07:07:33	TASTEGGIO	0	2	6000	45980	54197	267	-1	0.13	0.13	0	
18/02/2012 07:07:56	TASTEGGIO	0	3	6000	45980	54194	306	-3	0.10	0.10	0	
18/02/2012 07:08:20	TASTEGGIO	0	4	6000	45980	54192	321	-4	0.06	0.06	0	
18/02/2012 07:08:30	TASTEGGIO	0	4	6000	45980	98609	321	-4	0.02	0.09	-44500	
18/02/2012 07:08:56	TASTEGGIO	1	0	6000	45980	143037	223	-9	0.07	0.07	0	
18/02/2012 07:09:07	TASTEGGIO	1	0	6000	45980	98789	223	-9	0.04	0.09	24500	
18/02/2012 07:09:33	TASTEGGIO	1	0	6000	45980	74353	223	-3	0.07	0.07	0	
18/02/2012 07:09:42	TASTEGGIO	1	0	6000	45980	98612	223	-3	0.02	0.07	44500	
18/02/2012 07:11:32	TASTEGGIO	1	0	6000	45980	98682	223	-3	0.05	0.09	44500	
18/02/2012 07:11:57	TASTEGGIO	1	0	6000	45980	54268	223	-2	0.07	0.07	0	
18/02/2012 07:12:07	TASTEGGIO	1	0	6000	45980	98515	223	-2	0.05	0.07	44500	
18/02/2012 07:13:56	TASTEGGIO	1	0	6000	45980	98771	223	-2	0.15	0.23	44500	
18/02/2012 07:14:22	TASTEGGIO	1	0	6000	45980	54356	241	-2	0.19	0.19	0	
18/02/2012 07:14:44	TASTEGGIO	0	1	6000	45980	54361	256	-1	0.18	0.18	0	
18/02/2012 07:15:05	TASTEGGIO	0	2	6000	45980	54361	290	-2	0.14	0.14	0	
18/02/2012 07:15:16	TASTEGGIO	0	2	6000	45980	98615	290	-2	0.09	0.16	24500	
18/02/2012 07:15:41	TASTEGGIO	1	0	6000	45980	74192	232	-3	0.11	0.11	0	
18/02/2012 07:15:51	TASTEGGIO	1	0	6000	45980	98612	232	-3	0.07	0.13	44500	
18/02/2012 07:16:17	TASTEGGIO	1	0	6000	45980	54210	228	0	0.13	0.13	0	
18/02/2012 07:16:38	TASTEGGIO	0	1	6000	45980	54205	241	0	0.13	0.13	0	
18/02/2012 07:16:59	TASTEGGIO	0	2	6000	45980	54202	267	-1	0.13	0.13	0	
18/02/2012 07:17:22	TASTEGGIO	0	3	6000	45980	54199	306	-4	0.08	0.08	0	
18/02/2012 07:17:33	TASTEGGIO	0	3	6000	45980	98613	306	-4	0.06	0.09	24500	
18/02/2012 07:17:58	TASTEGGIO	1	0	6000	45980	74184	223	-1	0.09	0.09	0	
18/02/2012 07:18:20	TASTEGGIO	0	1	6000	45980	74176	232	-1	0.07	0.07	0	
18/02/2012 07:18:29	TASTEGGIO	0	1	6000	45980	98611	232	-1	0.04	0.09	44500	
18/02/2012 07:18:55	TASTEGGIO	1	0	6000	45980	54205	223	-1	0.07	0.07	0	
18/02/2012 07:19:05	TASTEGGIO	1	0	6000	45980	98612	223	-1	0.04	0.08	44500	
18/02/2012 07:20:55	TASTEGGIO	1	0	6000	45980	98678	223	-1	0.06	0.08	-44500	
18/02/2012 07:22:44	TASTEGGIO	1	0	6000	45980	98869	223	-1	0.04	0.06	-44500	
18/02/2012 07:24:33	TASTEGGIO	1	0	6000	45980	98968	223	-1	0.01	0.04	44500	
18/02/2012 07:26:23	TASTEGGIO	1	0	6000	45980	98680	223	-1	0.07	0.07	-24500	
18/02/2012 07:28:13	TASTEGGIO	1	0	6000	45980	98776	223	-1	0.05	0.08	-24500	
18/02/2012 07:30:03	TASTEGGIO	1	0	6000	45980	98770	223	-1	0.42	0.58	24500	
18/02/2012 07:30:29	TASTEGGIO	1	0	6000	45980	74347	286	-6	0.47	0.47	0	
18/02/2012 07:30:52	TASTEGGIO	0	1	6000	45980	74318	324	-9	0.38	0.38	0	
18/02/2012 07:31:16	TASTEGGIO	0	2	6000	45980	74312	385	-29	0.11	0.11	0	
18/02/2012 07:31:26	TASTEGGIO	0	2	6000	45980	98613	385	-29	0.03	0.23	44500	
18/02/2012 07:31:52	TASTEGGIO	1	0	6000	45980	54215	241	-2	0.20	0.20	0	
18/02/2012 07:32:12	TASTEGGIO	0	1	6000	45980	54211	258	-1	0.19	0.19	0	
18/02/2012 07:32:34	TASTEGGIO	0	2	6000	45980	54210	294	-5	0.15	0.15	0	
18/02/2012 07:32:57	TASTEGGIO	0	3	6000	45980	54208	314	-5	0.11	0.11	0	
18/02/2012 07:33:08	TASTEGGIO	0	3	6000	45980	98616	314	-5	0.04	0.15	-44500	
18/02/2012 07:33:33	TASTEGGIO	1	0	6000	45980	143043	231	-8	0.08	0.08	0	
18/02/2012 07:33:43	TASTEGGIO	1	0	6000	45980	98791	231	-8	0.01	0.14	44500	
18/02/2012 07:34:08	TASTEGGIO	1	0	6000	45980	54369	229	0	0.14	0.14	0	
18/02/2012 07:34:28	TASTEGGIO	0	1	6000	45980	54366	243	0	0.13	0.13	0	
18/02/2012 07:34:50	TASTEGGIO	0	2	6000	45980	54363	267	0	0.13	0.13	0	
18/02/2012 07:35:13	TASTEGGIO	0	3	6000	45980	54361	306	-2	0.11	0.11	0	
18/02/2012 07:35:35	TASTEGGIO	0	4	6000	45980	54361	343	-8	0.03	0.03	0	
18/02/2012 07:35:46	TASTEGGIO	0	4	6000	45980	98617	343	-8	0.07	0.12	-44500	
18/02/2012 07:36:12	TASTEGGIO	1	0	6000	45980	143053	227	-3	0.10	0.10	0	
18/02/2012 07:36:33	TASTEGGIO	0	1	6000	45980	143067	235	-2	0.08	0.08	0	
18/02/2012 07:36:43	TASTEGGIO	0	1	6000	45980	98792	235	-2	0.03	0.08	-24500	
18/02/2012 07:38:33	TASTEGGIO	0	1	6000	45980	98765	235	-2	0.13	0.15	-24500	
18/02/2012 07:38:59	TASTEGGIO	1	0	6000	45980	123226	231	-11	0.05	0.05	0	
18/02/2012 07:39:09	TASTEGGIO	1	0	6000	45980	98792	231	-11	0.05	0.06	44500	
18/02/2012 07:40:58	TASTEGGIO	1	0	6000	45980	98866	231	-11	0.08	0.08	0	
18/02/2012 07:42:48	TASTEGGIO	1	0	6000	45980	98962	231	-11	0.08	0.11	-44500	
18/02/2012 07:43:14	TASTEGGIO	1	0	6000	45980	143412	225	-9	0.04	0.04	0	
18/02/2012 07:43:24	TASTEGGIO	1	0	6000	45980	98989	225	-9	0.06	0.06	0	
18/02/2012 07:45:13	TASTEGGIO	1	0	6000	45980	98770	225	-9	0.11	0.12	-24500	
18/02/2012 07:45:38	TASTEGGIO	1	0	6000	45980	123231	227	-9	0.04	0.04	0	
18/02/2012 07:45:48	TASTEGGIO	1	0	6000	45980	98792	227	-9	0.06	0.09	44500	
18/02/2012 07:46:13	TASTEGGIO	1	0	6000	45980	54366	223	-2	0.05	0.05	0	
18/02/2012 07:46:24	TASTEGGIO	1	0	6000	45980	98611	223	-2	0.04	0.06	44500	
18/02/2012 07:48:14	TASTEGGIO	1	0	6000	45980	98875	223	-2	0.04	0.08	44500	
18/02/2012 07:49:12	ALARM 17	proc 12 prog 10 step 47	LavoroTerminato
18/02/2012 07:50:53	TASTEGGIO	1	0	6000	45980	82663	223	-2	0.10	0.12	-24500	
18/02/2012 07:51:18	TASTEGGIO	1	0	6000	45980	107113	227	-6	0.07	0.07	0	
18/02/2012 07:51:28	TASTEGGIO	1	0	6000	45980	82802	227	-6	0.05	0.07	-24500	
18/02/2012 07:53:17	TASTEGGIO	1	0	6000	45980	82779	227	-6	0.21	0.24	-24500	
18/02/2012 07:53:42	TASTEGGIO	1	0	6000	45980	107235	242	-7	0.18	0.18	0	
18/02/2012 07:54:04	TASTEGGIO	0	1	6000	45980	107250	255	-3	0.14	0.14	0	
18/02/2012 07:54:14	TASTEGGIO	0	1	6000	45980	82803	255	-3	0.14	0.14	-24500	
18/02/2012 07:54:39	TASTEGGIO	1	0	6000	45980	107247	229	-1	0.14	0.14	0	
18/02/2012 07:55:01	TASTEGGIO	0	1	6000	45980	107264	243	-1	0.14	0.14	0	
18/02/2012 07:55:22	TASTEGGIO	0	2	6000	45980	107275	271	-4	0.10	0.10	0	
18/02/2012 07:55:44	TASTEGGIO	0	3	6000	45980	107283	283	-4	0.07	0.07	0	
18/02/2012 07:55:53	TASTEGGIO	0	3	6000	45980	82805	283	-4	0.07	0.07	0	
18/02/2012 07:57:42	TASTEGGIO	0	3	6000	45980	82778	283	-4	0.04	0.08	-24500	
18/02/2012 07:59:32	TASTEGGIO	0	3	6000	45980	82779	283	-4	0.13	0.13	0	
18/02/2012 07:59:55	TASTEGGIO	1	0	6000	45980	82815	228	-6	0.08	0.08	0	
18/02/2012 08:00:03	TASTEGGIO	1	0	6000	45980	82785	228	-6	0.08	0.10	24500	
18/02/2012 08:00:27	TASTEGGIO	1	0	6000	45980	58332	224	-2	0.08	0.08	0	
18/02/2012 08:00:37	TASTEGGIO	1	0	6000	45980	82636	224	-2	0.07	0.08	24500	
18/02/2012 08:01:35	ALARM 17	proc 12 prog 10 step 47	LavoroTerminato
18/02/2012 08:04:07	TASTEGGIO	1	0	5700	44804	90828	224	-2	0.25	0.25	24500	
18/02/2012 08:04:26	TASTEGGIO	1	0	5700	44804	66395	96	1	0.24	0.24	0	
18/02/2012 08:04:43	TASTEGGIO	0	1	5700	44804	66387	119	0	0.24	0.24	0	
18/02/2012 08:05:02	TASTEGGIO	0	2	5700	44804	66384	167	0	0.24	0.24	0	
18/02/2012 08:05:23	TASTEGGIO	0	3	5700	44804	66387	239	0	0.24	0.24	0	
18/02/2012 08:05:47	TASTEGGIO	0	4	5700	44804	66362	335	-7	0.17	0.17	0	
18/02/2012 08:06:11	TASTEGGIO	0	5	5700	44804	66359	361	-9	0.09	0.09	0	
18/02/2012 08:06:20	TASTEGGIO	0	5	5700	44804	90798	361	-9	0.15	0.15	0	
18/02/2012 08:06:38	TASTEGGIO	1	0	5700	44804	90795	87	0	0.15	0.15	0	
18/02/2012 08:06:54	TASTEGGIO	0	1	5700	44804	90796	102	0	0.14	0.14	0	
18/02/2012 08:07:01	TASTEGGIO	0	1	5700	44804	90809	102	0	0.14	0.14	0	
18/02/2012 08:07:18	TASTEGGIO	1	0	5700	44804	90806	86	0	0.14	0.14	0	
18/02/2012 08:07:34	TASTEGGIO	0	1	5700	44804	90808	100	0	0.14	0.14	0	
18/02/2012 08:07:54	TASTEGGIO	0	2	5700	44804	90808	128	0	0.14	0.14	0	
18/02/2012 08:08:16	TASTEGGIO	0	3	5700	44804	90811	170	0	0.14	0.14	0	
18/02/2012 08:08:29	ALARM 201		err.6058
18/02/2012 08:08:31	ALARM 18	proc 1 prog 2 step 5	Tondo Non Presente Su Carrello 1
18/02/2012 08:08:31	ALARM 18	proc 1 prog 2 step 5	Tondo Non Presente Su Carrello 1
18/02/2012 08:09:31	ALARM 18	proc 1 prog 2 step 5	Tondo Non Presente Su Carrello 1
18/02/2012 08:10:34	TASTEGGIO	0	3	5700	44804	90819	170	0	0.14	0.14	0	
18/02/2012 08:10:52	TASTEGGIO	1	0	5700	44804	90818	86	0	0.14	0.14	0	
18/02/2012 08:11:09	TASTEGGIO	0	1	5700	44804	90825	100	0	0.14	0.14	0	
18/02/2012 08:11:28	TASTEGGIO	0	2	5700	44804	90826	128	0	0.14	0.14	0	
18/02/2012 08:11:49	TASTEGGIO	0	3	5700	44804	90827	170	0	0.14	0.14	0	
18/02/2012 08:12:12	TASTEGGIO	0	4	5700	44804	90827	226	0	0.13	0.13	0	
18/02/2012 08:12:35	TASTEGGIO	0	5	5700	44804	90827	286	-3	0.10	0.10	0	
18/02/2012 08:12:58	TASTEGGIO	0	6	5700	44804	90826	304	-3	0.06	0.06	0	
18/02/2012 08:13:06	TASTEGGIO	0	6	5700	44804	90834	304	-3	0.06	0.08	44500	
18/02/2012 08:14:57	TASTEGGIO	0	6	5700	44804	90799	304	-3	0.15	0.16	24500	
18/02/2012 08:15:17	TASTEGGIO	1	0	5700	44804	66357	88	0	0.18	0.18	0	
18/02/2012 08:15:34	TASTEGGIO	0	1	5700	44804	66346	108	0	0.17	0.17	0	
18/02/2012 08:15:52	TASTEGGIO	0	2	5700	44804	66341	140	-1	0.18	0.18	0	
18/02/2012 08:16:13	TASTEGGIO	0	3	5700	44804	66345	197	0	0.17	0.17	0	
18/02/2012 08:16:35	TASTEGGIO	0	4	5700	44804	66336	261	-1	0.16	0.16	0	
18/02/2012 08:16:59	TASTEGGIO	0	5	5700	44804	66332	336	-2	0.15	0.15	0	
18/02/2012 08:17:22	TASTEGGIO	0	6	5700	44804	66332	400	-11	0.03	0.03	0	
18/02/2012 08:17:32	TASTEGGIO	0	6	5700	44804	90613	400	-11	0.03	0.09	-24500	
18/02/2012 08:17:52	TASTEGGIO	1	0	5700	44804	115082	82	-1	0.09	0.09	0	
18/02/2012 08:18:10	TASTEGGIO	0	1	5700	44804	115085	91	-1	0.09	0.09	0	
18/02/2012 08:18:28	TASTEGGIO	0	2	5700	44804	115086	109	0	0.09	0.09	0	
18/02/2012 08:18:47	TASTEGGIO	0	3	5700	44804	115087	136	0	0.08	0.08	0	
18/02/2012 08:18:57	TASTEGGIO	0	3	5700	44804	90796	136	0	0.03	0.08	-24500	
18/02/2012 08:20:48	TASTEGGIO	0	3	5700	44804	90890	136	0	0.06	0.06	0	
18/02/2012 08:22:39	TASTEGGIO	0	3	5700	44804	90893	136	0	0.35	0.46	-24500	
18/02/2012 08:23:01	TASTEGGIO	1	0	5700	44804	115356	113	0	0.46	0.46	0	
18/02/2012 08:23:21	TASTEGGIO	0	1	5700	44804	115363	159	0	0.45	0.45	0	
18/02/2012 08:23:44	TASTEGGIO	0	2	5700	44804	115364	247	0	0.44	0.44	0	
18/02/2012 08:24:08	TASTEGGIO	0	3	5700	44804	115365	376	-10	0.34	0.34	0	
18/02/2012 08:24:32	TASTEGGIO	0	4	5700	44804	115367	400	-12	0.22	0.22	0	
18/02/2012 08:24:57	TASTEGGIO	0	5	5700	44804	115369	400	-7	0.16	0.16	0	
18/02/2012 08:25:20	TASTEGGIO	0	6	5700	44804	115369	400	-8	0.10	0.10	0	
18/02/2012 08:25:30	TASTEGGIO	0	6	5700	44804	90908	400	-8	0.27	0.27	0	
18/02/2012 08:25:50	TASTEGGIO	1	0	5700	44804	90921	97	0	0.27	0.27	0	
18/02/2012 08:26:08	TASTEGGIO	0	1	5700	44804	90921	124	0	0.26	0.26	0	
18/02/2012 08:26:30	TASTEGGIO	0	2	5700	44804	90921	174	0	0.26	0.26	0	
18/02/2012 08:26:52	TASTEGGIO	0	3	5700	44804	90921	252	0	0.25	0.25	0	
18/02/2012 08:27:17	TASTEGGIO	0	4	5700	44804	90921	348	-9	0.17	0.17	0	
18/02/2012 08:27:40	TASTEGGIO	0	5	5700	44804	90924	373	-9	0.08	0.08	0	
18/02/2012 08:27:48	TASTEGGIO	0	5	5700	44804	90897	373	-9	0.08	0.19	-24500	
18/02/2012 08:28:10	TASTEGGIO	1	0	5700	44804	115354	90	-1	0.18	0.18	0	
18/02/2012 08:28:29	TASTEGGIO	0	1	5700	44804	115357	107	0	0.18	0.18	0	
18/02/2012 08:28:47	TASTEGGIO	0	2	5700	44804	115359	143	1	0.18	0.18	0	
18/02/2012 08:29:09	TASTEGGIO	0	3	5700	44804	115364	197	0	0.17	0.17	0	
18/02/2012 08:29:31	TASTEGGIO	0	4	5700	44804	115365	261	0	0.17	0.17	0	
18/02/2012 08:29:54	TASTEGGIO	0	5	5700	44804	115365	346	-2	0.15	0.15	0	
18/02/2012 08:30:19	TASTEGGIO	0	6	5700	44804	115365	400	-4	0.11	0.11	0	
18/02/2012 08:30:29	TASTEGGIO	0	6	5700	44804	90910	400	-4	0.12	0.12	0	
18/02/2012 08:30:48	TASTEGGIO	1	0	5700	44804	90921	85	0	0.12	0.12	0	
18/02/2012 08:30:56	TASTEGGIO	1	0	5700	44804	90909	85	0	0.12	0.13	-24500	
18/02/2012 08:31:18	TASTEGGIO	1	0	5700	44804	115363	85	-1	0.12	0.12	0	
18/02/2012 08:31:27	TASTEGGIO	1	0	5700	44804	90906	85	-1	0.12	0.13	-24500	
18/02/2012 08:31:49	TASTEGGIO	1	0	5700	44804	115359	85	0	0.12	0.12	0	
18/02/2012 08:31:59	TASTEGGIO	1	0	5700	44804	90905	85	0	0.12	0.13	-24500	
18/02/2012 08:33:50	TASTEGGIO	1	0	5700	44804	90896	85	0	0.10	0.15	44500	
18/02/2012 08:34:12	TASTEGGIO	1	0	5700	44804	46438	87	-1	0.15	0.15	0	
18/02/2012 08:34:29	TASTEGGIO	0	1	5700	44804	46439	102	0	0.14	0.14	0	
18/02/2012 08:34:40	TASTEGGIO	0	1	5700	44804	90706	102	0	0.09	0.14	44500	
18/02/2012 08:35:01	TASTEGGIO	1	0	5700	44804	46271	86	0	0.15	0.15	0	
18/02/2012 08:35:18	TASTEGGIO	0	1	5700	44804	46268	102	-1	0.15	0.15	0	
18/02/2012 08:35:37	TASTEGGIO	0	2	5700	44804	46267	132	0	0.14	0.14	0	
18/02/2012 08:35:55	TASTEGGIO	0	3	5700	44804	46268	171	0	0.14	0.14	0	
18/02/2012 08:36:16	TASTEGGIO	0	4	5700	44804	46272	227	0	0.13	0.13	0	
18/02/2012 08:36:37	TASTEGGIO	0	5	5700	44804	46269	287	-1	0.13	0.13	0	
18/02/2012 08:37:01	TASTEGGIO	0	6	5700	44804	46270	365	-3	0.11	0.11	0	
18/02/2012 08:37:25	TASTEGGIO	0	7	5700	44804	46270	400	-5	0.07	0.07	0	
18/02/2012 08:37:35	TASTEGGIO	0	7	5700	44804	90696	400	-5	0.07	0.08	-44500	
18/02/2012 08:39:26	TASTEGGIO	0	7	5700	44804	90996	400	-5	0.30	0.41	24500	
18/02/2012 08:39:45	TASTEGGIO	1	0	5700	44804	66550	109	0	0.39	0.39	0	
18/02/2012 08:40:03	TASTEGGIO	0	1	5700	44804	66548	146	0	0.39	0.39	0	
18/02/2012 08:40:23	TASTEGGIO	0	2	5700	44804	66553	224	0	0.38	0.38	0	
18/02/2012 08:40:47	TASTEGGIO	0	3	5700	44804	66531	335	0	0.36	0.36	0	
18/02/2012 08:41:12	TASTEGGIO	0	4	5700	44804	66527	400	-9	0.29	0.29	0	
18/02/2012 08:41:36	TASTEGGIO	0	5	5700	44804	66555	400	-4	0.24	0.24	0	
18/02/2012 08:42:01	TASTEGGIO	0	6	5700	44804	66555	400	-1	0.22	0.22	0	
18/02/2012 08:42:24	TASTEGGIO	0	7	5700	44804	66555	400	-2	0.20	0.20	0	
18/02/2012 08:42:49	TASTEGGIO	0	8	5700	44804	66555	400	0	0.19	0.19	0	
18/02/2012 08:43:14	TASTEGGIO	0	9	5700	44804	66555	400	0	0.19	0.19	0	
18/02/2012 08:43:38	TASTEGGIO	0	10	5700	44804	66555	400	-1	0.18	0.18	0	
18/02/2012 08:44:02	TASTEGGIO	0	11	5700	44804	66555	400	0	0.18	0.18	0	
18/02/2012 08:44:27	TASTEGGIO	0	12	5700	44804	66555	400	0	0.18	0.18	0	
18/02/2012 08:44:51	TASTEGGIO	0	13	5700	44804	66555	400	-1	0.18	0.18	0	
18/02/2012 08:45:16	TASTEGGIO	0	14	5700	44804	66555	400	0	0.17	0.17	0	
18/02/2012 08:45:39	TASTEGGIO	0	15	5700	44804	66555	400	0	0.18	0.18	0	
18/02/2012 08:46:04	TASTEGGIO	0	16	5700	44804	66555	400	0	0.17	0.17	0	
18/02/2012 08:46:29	TASTEGGIO	0	17	5700	44804	66555	400	0	0.18	0.18	0	
18/02/2012 08:46:52	TASTEGGIO	0	18	5700	44804	66555	400	0	0.17	0.17	0	
18/02/2012 08:47:17	TASTEGGIO	0	19	5700	44804	66555	400	0	0.17	0.17	0	
18/02/2012 08:47:41	TASTEGGIO	0	20	5700	44804	66555	400	0	0.16	0.16	0	
18/02/2012 08:48:06	TASTEGGIO	0	21	5700	44804	66555	400	-1	0.16	0.16	0	
18/02/2012 08:48:29	TASTEGGIO	0	22	5700	44804	66555	400	0	0.17	0.17	0	
18/02/2012 08:49:43	ALARM 203		err.6058
18/02/2012 08:49:44	ALARM 18	proc 1 prog 2 step 5	Tondo Non Presente Su Carrello 1
18/02/2012 08:51:56	TASTEGGIO	0	22	5700	44804	90805	400	0	0.14	0.23	44500	
18/02/2012 08:52:17	TASTEGGIO	1	0	5700	44804	46374	94	0	0.21	0.21	0	
18/02/2012 08:52:35	TASTEGGIO	0	1	5700	44804	46369	113	0	0.21	0.21	0	
18/02/2012 08:52:53	TASTEGGIO	0	2	5700	44804	46362	155	0	0.22	0.22	0	
18/02/2012 08:53:14	TASTEGGIO	0	3	5700	44804	46363	224	0	0.22	0.22	0	
18/02/2012 08:53:36	TASTEGGIO	0	4	5700	44804	46361	312	0	0.21	0.21	0	
18/02/2012 08:53:37	ALARM 401		
18/02/2012 08:54:02	TASTEGGIO	0	4	5700	44804	90793	312	0	0.13	0.22	44500	
18/02/2012 08:54:27	TASTEGGIO	1	0	5700	44804	46365	240	0	0.21	0.21	0	
18/02/2012 08:54:48	TASTEGGIO	0	1	5700	44804	46356	260	0	0.22	0.22	0	
18/02/2012 08:55:09	TASTEGGIO	0	2	5700	44804	46355	306	0	0.21	0.21	0	
18/02/2012 08:55:33	TASTEGGIO	0	3	5700	44804	46354	366	-2	0.19	0.19	0	
18/02/2012 08:55:55	TASTEGGIO	0	4	5700	44804	46351	400	-6	0.13	0.13	0	
18/02/2012 08:56:06	TASTEGGIO	0	4	5700	44804	90793	400	-6	0.09	0.14	44500	
18/02/2012 08:56:31	TASTEGGIO	1	0	5700	44804	46368	229	0	0.13	0.13	0	
18/02/2012 08:56:52	TASTEGGIO	0	1	5700	44804	46361	241	0	0.15	0.15	0	
18/02/2012 08:57:13	TASTEGGIO	0	2	5700	44804	46355	275	-1	0.13	0.13	0	
18/02/2012 08:57:35	TASTEGGIO	0	3	5700	44804	46349	308	0	0.13	0.13	0	
18/02/2012 08:57:58	TASTEGGIO	0	4	5700	44804	46344	360	0	0.13	0.13	0	
18/02/2012 08:58:21	TASTEGGIO	0	5	5700	44804	46428	400	-3	0.13	0.13	0	
18/02/2012 08:58:45	TASTEGGIO	0	6	5700	44804	46428	400	-1	0.11	0.11	0	
18/02/2012 08:59:08	TASTEGGIO	0	7	5700	44804	46428	400	-1	0.10	0.10	0	
18/02/2012 08:59:32	TASTEGGIO	0	8	5700	44804	46428	400	-1	0.09	0.09	0	
18/02/2012 08:59:43	TASTEGGIO	0	8	5700	44804	90804	400	-1	0.06	0.10	44500	
18/02/2012 09:00:07	TASTEGGIO	1	0	5700	44804	46370	224	0	0.09	0.09	0	
18/02/2012 09:00:18	TASTEGGIO	1	0	5700	44804	90796	224	0	0.07	0.10	44500	
18/02/2012 09:02:07	TASTEGGIO	1	0	5700	44804	90896	224	0	0.07	0.09	24500	
18/02/2012 09:03:59	TASTEGGIO	1	0	5700	44804	90893	224	0	0.07	0.10	44500	
18/02/2012 09:05:50	TASTEGGIO	1	0	5700	44804	90897	224	0	0.13	0.18	-44500	
18/02/2012 09:06:16	TASTEGGIO	1	0	5700	44804	135356	234	-1	0.18	0.18	0	
18/02/2012 09:06:39	TASTEGGIO	0	1	5700	44804	135360	252	0	0.18	0.18	0	
18/02/2012 09:07:00	TASTEGGIO	0	2	5700	44804	135362	288	-2	0.15	0.15	0	
18/02/2012 09:07:24	TASTEGGIO	0	3	5700	44804	135363	325	-7	0.09	0.09	0	
18/02/2012 09:07:35	TASTEGGIO	0	3	5700	44804	90907	325	-7	0.06	0.10	-44500	
18/02/2012 09:09:26	TASTEGGIO	0	3	5700	44804	91114	325	-7	0.20	0.40	-44500	
18/02/2012 09:09:53	TASTEGGIO	1	0	5700	44804	135567	263	-2	0.39	0.39	0	
18/02/2012 09:10:16	TASTEGGIO	0	1	5700	44804	135574	301	0	0.39	0.39	0	
18/02/2012 09:10:39	TASTEGGIO	0	2	5700	44804	135577	379	-8	0.29	0.29	0	
18/02/2012 09:11:02	TASTEGGIO	0	3	5700	44804	135578	400	-7	0.22	0.22	0	
18/02/2012 09:11:27	TASTEGGIO	0	4	5700	44804	135578	400	-2	0.19	0.19	0	
18/02/2012 09:11:51	TASTEGGIO	0	5	5700	44804	135578	400	-1	0.19	0.19	0	
18/02/2012 09:12:14	TASTEGGIO	0	6	5700	44804	135578	400	-2	0.16	0.16	0	
18/02/2012 09:12:37	TASTEGGIO	0	7	5700	44804	135578	400	-2	0.16	0.16	0	
18/02/2012 09:13:00	TASTEGGIO	0	8	5700	44804	135578	400	-3	0.12	0.12	0	
18/02/2012 09:13:11	TASTEGGIO	0	8	5700	44804	91135	400	-3	0.04	0.12	-44500	
18/02/2012 09:13:36	TASTEGGIO	1	0	5700	44804	135582	227	-1	0.13	0.13	0	
18/02/2012 09:13:57	TASTEGGIO	0	1	5700	44804	135592	241	0	0.12	0.12	0	
18/02/2012 09:14:20	TASTEGGIO	0	2	5700	44804	135594	263	0	0.12	0.12	0	
18/02/2012 09:14:42	TASTEGGIO	0	3	5700	44804	135595	299	-1	0.12	0.12	0	
18/02/2012 09:15:06	TASTEGGIO	0	4	5700	44804	135595	347	0	0.12	0.12	0	
18/02/2012 09:15:30	TASTEGGIO	0	5	5700	44804	135596	400	-1	0.11	0.11	0	
18/02/2012 09:15:53	TASTEGGIO	0	6	5700	44804	135596	400	-10	0.05	0.05	0	
18/02/2012 09:16:04	TASTEGGIO	0	6	5700	44804	91135	400	-10	0.09	0.11	-24500	
18/02/2012 09:16:30	TASTEGGIO	1	0	5700	44804	115588	225	-2	0.10	0.10	0	
18/02/2012 09:16:40	TASTEGGIO	1	0	5700	44804	91132	225	-2	0.07	0.09	-24500	
18/02/2012 09:18:31	TASTEGGIO	1	0	5700	44804	91000	225	-2	0.20	0.22	-44500	
18/02/2012 09:18:57	TASTEGGIO	1	0	5700	44804	135452	240	-1	0.22	0.22	0	
18/02/2012 09:19:20	TASTEGGIO	0	1	5700	44804	135456	262	-1	0.21	0.21	0	
18/02/2012 09:19:43	TASTEGGIO	0	2	5700	44804	135457	302	-3	0.19	0.19	0	
18/02/2012 09:20:06	TASTEGGIO	0	3	5700	44804	135458	353	-9	0.11	0.11	0	
18/02/2012 09:20:17	TASTEGGIO	0	3	5700	44804	91009	353	-9	0.15	0.16	24500	
18/02/2012 09:20:42	TASTEGGIO	1	0	5700	44804	66554	232	0	0.15	0.15	0	
18/02/2012 09:21:04	TASTEGGIO	0	1	5700	44804	66544	246	0	0.15	0.15	0	
18/02/2012 09:21:27	TASTEGGIO	0	2	5700	44804	66541	276	-1	0.15	0.15	0	
18/02/2012 09:21:51	TASTEGGIO	0	3	5700	44804	66538	321	-2	0.12	0.12	0	
18/02/2012 09:22:01	TASTEGGIO	0	3	5700	44804	90815	321	-2	0.13	0.13	24500	
18/02/2012 09:22:26	TASTEGGIO	1	0	5700	44804	66376	228	1	0.13	0.13	0	
18/02/2012 09:22:49	TASTEGGIO	0	1	5700	44804	66361	241	0	0.13	0.13	0	
18/02/2012 09:23:10	TASTEGGIO	0	2	5700	44804	66352	267	0	0.13	0.13	0	
18/02/2012 09:23:33	TASTEGGIO	0	3	5700	44804	66351	306	0	0.13	0.13	0	
18/02/2012 09:23:57	TASTEGGIO	0	4	5700	44804	66342	358	-6	0.07	0.07	0	
18/02/2012 09:24:06	TASTEGGIO	0	4	5700	44804	90803	358	-6	0.09	0.10	-44500	
18/02/2012 09:25:57	TASTEGGIO	0	4	5700	44804	91000	358	-6	0.14	0.28	44500	
18/02/2012 09:26:23	TASTEGGIO	1	0	5700	44804	46544	247	-2	0.26	0.26	0	
18/02/2012 09:26:44	TASTEGGIO	0	1	5700	44804	46543	271	0	0.27	0.27	0	
18/02/2012 09:27:07	TASTEGGIO	0	2	5700	44804	46543	327	0	0.26	0.26	0	
18/02/2012 09:27:29	TASTEGGIO	0	3	5700	44804	46545	400	-5	0.21	0.21	0	
18/02/2012 09:27:53	TASTEGGIO	0	4	5700	44804	46547	400	-2	0.20	0.20	0	
18/02/2012 09:28:17	TASTEGGIO	0	5	5700	44804	46575	400	0	0.19	0.19	0	
18/02/2012 09:28:39	TASTEGGIO	0	6	5700	44804	46575	400	-1	0.19	0.19	0	
18/02/2012 09:29:03	TASTEGGIO	0	7	5700	44804	46575	400	0	0.18	0.18	0	
18/02/2012 09:29:04	ALARM 401		
18/02/2012 09:29:07	ALARM 205		err.6058
18/02/2012 09:29:14	TASTEGGIO	0	7	5700	44804	46575	400	0	0.19	0.19	0	
18/02/2012 09:29:46	TASTEGGIO	0	7	5700	44804	46575	431	-4	0.16	0.16	0	
18/02/2012 09:30:00	TASTEGGIO	0	7	5700	44804	90812	431	-4	0.07	0.18	44500	
18/02/2012 09:30:32	TASTEGGIO	0	7	5700	44804	46386	445	-4	0.12	0.12	0	
18/02/2012 09:31:08	TASTEGGIO	0	7	5700	44804	90797	445	-1	0.05	0.12	-44500	
18/02/2012 09:31:34	TASTEGGIO	1	0	5700	44804	135255	227	-1	0.12	0.12	0	
18/02/2012 09:31:44	TASTEGGIO	1	0	5700	44804	90987	227	-1	0.05	0.13	-44500	
18/02/2012 09:32:10	TASTEGGIO	1	0	5700	44804	135437	228	0	0.11	0.11	0	
18/02/2012 09:32:20	TASTEGGIO	1	0	5700	44804	91002	228	0	0.04	0.12	-44500	
18/02/2012 09:34:12	TASTEGGIO	1	0	5700	44804	90995	228	0	0.06	0.09	-24500	
18/02/2012 09:36:01	TASTEGGIO	1	0	5700	44804	90996	228	0	0.07	0.11	44500	
18/02/2012 09:36:25	TASTEGGIO	1	0	5700	44804	46551	225	0	0.10	0.10	0	
18/02/2012 09:36:36	TASTEGGIO	1	0	5700	44804	90807	225	0	0.04	0.11	44500	
18/02/2012 09:37:01	TASTEGGIO	1	0	5700	44804	46375	225	0	0.09	0.09	0	
18/02/2012 09:37:11	TASTEGGIO	1	0	5700	44804	90796	225	0	0.05	0.11	44500	
18/02/2012 09:37:35	TASTEGGIO	1	0	5700	44804	46364	225	0	0.10	0.10	0	
18/02/2012 09:37:46	TASTEGGIO	1	0	5700	44804	90788	225	0	0.04	0.11	44500	
18/02/2012 09:39:37	TASTEGGIO	1	0	5700	44804	90991	225	0	0.06	0.10	44500	
18/02/2012 09:41:28	TASTEGGIO	1	0	5700	44804	90998	225	0	0.52	0.57	-24500	
18/02/2012 09:41:54	TASTEGGIO	1	0	5700	44804	115461	285	0	0.57	0.57	0	
18/02/2012 09:42:18	TASTEGGIO	0	1	5700	44804	115470	342	-1	0.55	0.55	0	
18/02/2012 09:42:43	TASTEGGIO	0	2	5700	44804	115471	400	-8	0.46	0.46	0	
18/02/2012 09:43:06	TASTEGGIO	0	3	5700	44804	115472	400	-2	0.42	0.42	0	
18/02/2012 09:43:10	ALARM 401		
18/02/2012 09:43:13	ALARM 205		err.6058
18/02/2012 09:43:20	TASTEGGIO	0	3	5700	44804	115472	400	-2	0.43	0.43	0	
18/02/2012 09:43:49	TASTEGGIO	0	3	5700	44804	115472	463	-17	0.26	0.26	0	
18/02/2012 09:44:04	TASTEGGIO	0	3	5700	44804	91011	463	-17	0.26	0.26	0	
18/02/2012 09:44:34	TASTEGGIO	0	3	5700	44804	91030	463	-34	0.12	0.12	0	
18/02/2012 09:44:49	TASTEGGIO	0	3	5700	44804	91007	463	-34	0.11	0.16	44500	
18/02/2012 09:45:14	TASTEGGIO	1	0	5700	44804	46545	232	0	0.16	0.16	0	
18/02/2012 09:45:35	TASTEGGIO	0	1	5700	44804	46544	248	0	0.15	0.15	0	
18/02/2012 09:45:55	TASTEGGIO	0	2	5700	44804	46545	276	-1	0.15	0.15	0	
18/02/2012 09:46:18	TASTEGGIO	0	3	5700	44804	46548	321	-1	0.16	0.16	0	
18/02/2012 09:46:41	TASTEGGIO	0	4	5700	44804	46550	389	-4	0.11	0.11	0	
18/02/2012 09:46:52	TASTEGGIO	0	4	5700	44804	90807	389	-4	0.08	0.11	44500	
18/02/2012 09:48:43	TASTEGGIO	0	4	5700	44804	90997	389	-4	0.13	0.13	0	
18/02/2012 09:49:07	TASTEGGIO	1	0	5700	44804	91022	228	-2	0.13	0.13	0	
18/02/2012 09:49:29	TASTEGGIO	0	1	5700	44804	91022	241	0	0.13	0.13	0	
18/02/2012 09:49:52	TASTEGGIO	0	2	5700	44804	91022	267	-1	0.12	0.12	0	
18/02/2012 09:50:16	TASTEGGIO	0	3	5700	44804	91022	300	-1	0.10	0.10	0	
18/02/2012 09:50:24	TASTEGGIO	0	3	5700	44804	90997	300	-1	0.11	0.11	0	
18/02/2012 09:50:48	TASTEGGIO	1	0	5700	44804	91016	225	0	0.11	0.11	0	
18/02/2012 09:50:56	TASTEGGIO	1	0	5700	44804	90996	225	0	0.10	0.10	0	
18/02/2012 09:52:47	TASTEGGIO	1	0	5700	44804	91128	225	0	0.13	0.18	-24500	
18/02/2012 09:53:14	TASTEGGIO	1	0	5700	44804	115584	234	-1	0.17	0.17	0	
18/02/2012 09:53:36	TASTEGGIO	0	1	5700	44804	115590	250	0	0.17	0.17	0	
18/02/2012 09:53:59	TASTEGGIO	0	2	5700	44804	115591	284	-1	0.16	0.16	0	
18/02/2012 09:54:23	TASTEGGIO	0	3	5700	44804	115594	329	-4	0.12	0.12	0	
18/02/2012 09:54:33	TASTEGGIO	0	3	5700	44804	91140	329	-4	0.09	0.12	-24500	
18/02/2012 09:54:58	TASTEGGIO	1	0	5700	44804	115593	227	0	0.13	0.13	0	
18/02/2012 09:55:21	TASTEGGIO	0	1	5700	44804	115598	241	0	0.13	0.13	0	
18/02/2012 09:55:43	TASTEGGIO	0	2	5700	44804	115603	267	0	0.12	0.12	0	
18/02/2012 09:56:06	TASTEGGIO	0	3	5700	44804	115604	300	0	0.13	0.13	0	
18/02/2012 09:56:29	TASTEGGIO	0	4	5700	44804	115606	356	-5	0.07	0.07	0	
18/02/2012 09:56:39	TASTEGGIO	0	4	5700	44804	91132	356	-5	0.05	0.07	-44500	
18/02/2012 09:58:29	TASTEGGIO	0	4	5700	44804	90998	356	-5	0.09	0.09	0	
18/02/2012 10:00:20	TASTEGGIO	0	4	5700	44804	90997	356	-5	0.19	0.19	0	
18/02/2012 10:00:45	TASTEGGIO	1	0	5700	44804	91024	236	0	0.18	0.18	0	
18/02/2012 10:01:08	TASTEGGIO	0	1	5700	44804	91024	253	0	0.17	0.17	0	
18/02/2012 10:01:30	TASTEGGIO	0	2	5700	44804	91024	285	0	0.17	0.17	0	
18/02/2012 10:01:55	TASTEGGIO	0	3	5700	44804	91024	336	-4	0.14	0.14	0	
18/02/2012 10:02:03	TASTEGGIO	0	3	5700	44804	90997	336	-4	0.15	0.15	0	
18/02/2012 10:02:27	TASTEGGIO	1	0	5700	44804	91015	231	0	0.14	0.14	0	
18/02/2012 10:02:35	TASTEGGIO	1	0	5700	44804	90995	231	0	0.14	0.14	0	
18/02/2012 10:02:59	TASTEGGIO	1	0	5700	44804	91013	229	0	0.14	0.14	0	
18/02/2012 10:03:21	TASTEGGIO	0	1	5700	44804	91014	243	0	0.14	0.14	0	
18/02/2012 10:03:44	TASTEGGIO	0	2	5700	44804	91014	271	0	0.15	0.15	0	
18/02/2012 10:04:08	TASTEGGIO	0	3	5700	44804	91014	319	0	0.13	0.13	0	
18/02/2012 10:04:31	TASTEGGIO	0	4	5700	44804	91014	364	-5	0.08	0.08	0	
18/02/2012 10:04:39	TASTEGGIO	0	4	5700	44804	90993	364	-5	0.08	0.08	0	
18/02/2012 10:06:30	TASTEGGIO	0	4	5700	44804	91003	364	-5	0.14	0.19	24500	
18/02/2012 10:06:56	TASTEGGIO	1	0	5700	44804	66548	236	-2	0.18	0.18	0	
18/02/2012 10:07:18	TASTEGGIO	0	1	5700	44804	66538	253	0	0.16	0.16	0	
18/02/2012 10:07:39	TASTEGGIO	0	2	5700	44804	66535	281	-1	0.15	0.15	0	
18/02/2012 10:08:03	TASTEGGIO	0	3	5700	44804	66532	323	0	0.15	0.15	0	
18/02/2012 10:08:27	TASTEGGIO	0	4	5700	44804	66522	383	-8	0.08	0.08	0	
18/02/2012 10:08:37	TASTEGGIO	0	4	5700	44804	90809	383	-8	0.07	0.10	44500	
18/02/2012 10:10:28	TASTEGGIO	0	4	5700	44804	90997	383	-8	0.07	0.10	24500	
18/02/2012 10:12:19	TASTEGGIO	0	4	5700	44804	90997	383	-8	0.18	0.18	0	
18/02/2012 10:12:44	TASTEGGIO	1	0	5700	44804	91025	234	-1	0.17	0.17	0	
18/02/2012 10:13:07	TASTEGGIO	0	1	5700	44804	91025	250	-1	0.16	0.16	0	
18/02/2012 10:13:30	TASTEGGIO	0	2	5700	44804	91025	280	0	0.16	0.16	0	
18/02/2012 10:13:54	TASTEGGIO	0	3	5700	44804	91025	328	-2	0.13	0.13	0	
18/02/2012 10:14:02	TASTEGGIO	0	3	5700	44804	90998	328	-2	0.12	0.12	0	
18/02/2012 10:14:26	TASTEGGIO	1	0	5700	44804	91018	227	0	0.12	0.12	0	
18/02/2012 10:14:48	TASTEGGIO	0	1	5700	44804	91018	239	0	0.12	0.12	0	
18/02/2012 10:14:55	TASTEGGIO	0	1	5700	44804	90997	239	0	0.13	0.13	0	
18/02/2012 10:15:20	TASTEGGIO	1	0	5700	44804	91016	228	0	0.14	0.14	0	
18/02/2012 10:15:43	TASTEGGIO	0	1	5700	44804	91017	243	0	0.14	0.14	0	
18/02/2012 10:16:05	TASTEGGIO	0	2	5700	44804	91017	271	0	0.14	0.14	0	
18/02/2012 10:16:29	TASTEGGIO	0	3	5700	44804	91017	313	0	0.13	0.13	0	
18/02/2012 10:16:37	TASTEGGIO	0	3	5700	44804	90996	313	0	0.14	0.14	0	
18/02/2012 10:17:01	TASTEGGIO	1	0	5700	44804	91015	229	0	0.13	0.13	0	
18/02/2012 10:17:09	TASTEGGIO	1	0	5700	44804	90995	229	0	0.13	0.13	0	
18/02/2012 10:18:58	TASTEGGIO	1	0	5700	44804	90897	229	0	0.04	0.38	-44500	
18/02/2012 10:19:24	TASTEGGIO	1	0	5700	44804	135354	260	-2	0.37	0.37	0	
18/02/2012 10:19:47	TASTEGGIO	0	1	5700	44804	135363	296	0	0.36	0.36	0	
18/02/2012 10:20:11	TASTEGGIO	0	2	5700	44804	135365	366	-8	0.26	0.26	0	
18/02/2012 10:20:34	TASTEGGIO	0	3	5700	44804	135366	398	-10	0.16	0.16	0	
18/02/2012 10:20:59	TASTEGGIO	0	4	5700	44804	135366	400	-6	0.11	0.11	0	
18/02/2012 10:21:09	TASTEGGIO	0	4	5700	44804	90903	400	-6	0.19	0.21	24500	
18/02/2012 10:21:35	TASTEGGIO	1	0	5700	44804	66455	238	0	0.20	0.20	0	
18/02/2012 10:21:58	TASTEGGIO	0	1	5700	44804	66441	257	0	0.20	0.20	0	
18/02/2012 10:22:20	TASTEGGIO	0	2	5700	44804	66434	297	-1	0.19	0.19	0	
18/02/2012 10:22:44	TASTEGGIO	0	3	5700	44804	66430	351	-5	0.14	0.14	0	
18/02/2012 10:22:54	TASTEGGIO	0	3	5700	44804	90704	351	-5	0.15	0.15	-24500	
18/02/2012 10:23:20	TASTEGGIO	1	0	5700	44804	115172	231	-1	0.15	0.15	0	
18/02/2012 10:23:42	TASTEGGIO	0	1	5700	44804	115173	246	-1	0.16	0.16	0	
18/02/2012 10:24:05	TASTEGGIO	0	2	5700	44804	115177	280	-1	0.13	0.13	0	
18/02/2012 10:24:15	TASTEGGIO	0	2	5700	44804	90891	280	-1	0.15	0.16	24500	
18/02/2012 10:24:41	TASTEGGIO	1	0	5700	44804	66443	232	0	0.15	0.15	0	
18/02/2012 10:25:03	TASTEGGIO	0	1	5700	44804	66428	246	0	0.15	0.15	0	
18/02/2012 10:25:25	TASTEGGIO	0	2	5700	44804	66421	276	0	0.15	0.15	0	
18/02/2012 10:25:49	TASTEGGIO	0	3	5700	44804	66420	321	0	0.14	0.14	0	
18/02/2012 10:25:59	TASTEGGIO	0	3	5700	44804	90706	321	0	0.15	0.15	0	
18/02/2012 10:26:24	TASTEGGIO	1	0	5700	44804	90701	231	-1	0.15	0.15	0	
18/02/2012 10:26:47	TASTEGGIO	0	1	5700	44804	90701	246	0	0.16	0.16	0	
18/02/2012 10:27:11	TASTEGGIO	0	2	5700	44804	90701	280	-3	0.18	0.18	0	
18/02/2012 10:27:36	TASTEGGIO	0	3	5700	44804	90701	340	-11	0.27	0.27	0	
18/02/2012 10:28:00	TASTEGGIO	0	4	5700	44804	90701	400	-28	0.04	0.04	0	
18/02/2012 10:28:08	TASTEGGIO	0	4	5700	44804	90711	400	-28	0.04	0.24	-24500	
18/02/2012 10:28:34	TASTEGGIO	1	0	5700	44804	115178	242	0	0.23	0.23	0	
18/02/2012 10:28:57	TASTEGGIO	0	1	5700	44804	115178	264	0	0.23	0.23	0	
18/02/2012 10:29:20	TASTEGGIO	0	2	5700	44804	115180	310	-3	0.21	0.21	0	
18/02/2012 10:29:42	TASTEGGIO	0	3	5700	44804	115181	367	-12	0.08	0.08	0	
18/02/2012 10:29:52	TASTEGGIO	0	3	5700	44804	90893	367	-12	0.09	0.15	24500	
18/02/2012 10:30:17	TASTEGGIO	1	0	5700	44804	66448	231	0	0.15	0.15	0	
18/02/2012 10:30:39	TASTEGGIO	0	1	5700	44804	66434	246	-1	0.14	0.14	0	
18/02/2012 10:30:48	TASTEGGIO	0	1	5700	44804	90700	246	-1	0.09	0.15	-44500	
18/02/2012 10:31:15	TASTEGGIO	1	0	5700	44804	135159	231	0	0.14	0.14	0	
18/02/2012 10:31:25	TASTEGGIO	1	0	5700	44804	90889	231	0	0.09	0.15	-44500	
18/02/2012 10:31:51	TASTEGGIO	1	0	5700	44804	135338	231	0	0.14	0.14	0	
18/02/2012 10:32:02	TASTEGGIO	1	0	5700	44804	90893	231	0	0.09	0.14	-44500	
18/02/2012 10:32:27	TASTEGGIO	1	0	5700	44804	135344	229	-1	0.15	0.15	0	
18/02/2012 10:32:50	TASTEGGIO	0	1	5700	44804	135358	245	0	0.14	0.14	0	
18/02/2012 10:33:00	TASTEGGIO	0	1	5700	44804	90901	245	0	0.10	0.15	24500	
18/02/2012 10:33:08	ALARM 401		
18/02/2012 10:33:40	TASTEGGIO	1	0	5700	44804	66461	463	-33	0.19	0.19	0	
18/02/2012 10:34:06	TASTEGGIO	1	0	5700	44804	66462	463	-53	0.34	0.34	0	
18/02/2012 10:34:33	TASTEGGIO	1	0	5700	44804	66461	463	-49	0.16	0.16	0	
18/02/2012 10:34:48	TASTEGGIO	1	0	5700	44804	90708	463	-49	0.19	0.24	-24500	
18/02/2012 10:35:18	TASTEGGIO	1	0	5700	44804	115175	389	-16	0.10	0.10	0	
18/02/2012 10:35:31	TASTEGGIO	1	0	5700	44804	90894	389	-16	0.09	0.15	-44500	
18/02/2012 10:36:02	TASTEGGIO	1	0	5700	44804	135339	389	-11	0.04	0.04	0	
18/02/2012 10:36:20	TASTEGGIO	1	0	5700	44804	90904	389	-11	0.16	0.16	0	
18/02/2012 10:36:45	TASTEGGIO	1	0	5700	44804	90915	232	1	0.15	0.15	0	
18/02/2012 10:37:07	TASTEGGIO	0	1	5700	44804	90915	246	0	0.15	0.15	0	
18/02/2012 10:37:30	TASTEGGIO	0	2	5700	44804	90915	276	0	0.16	0.16	0	
18/02/2012 10:37:55	TASTEGGIO	0	3	5700	44804	90915	327	0	0.15	0.15	0	
18/02/2012 10:38:18	TASTEGGIO	0	4	5700	44804	90915	383	-7	0.08	0.08	0	
18/02/2012 10:38:26	TASTEGGIO	0	4	5700	44804	90892	383	-7	0.08	0.11	-24500	
18/02/2012 10:40:17	TASTEGGIO	0	4	5700	44804	90893	383	-7	0.07	0.09	-44500	
18/02/2012 10:42:07	TASTEGGIO	0	4	5700	44804	90995	383	-7	0.06	0.10	-44500	
18/02/2012 10:43:58	TASTEGGIO	0	4	5700	44804	90893	383	-7	0.09	0.12	44500	
18/02/2012 10:44:22	TASTEGGIO	1	0	5700	44804	46437	227	0	0.10	0.10	0	
18/02/2012 10:44:32	TASTEGGIO	1	0	5700	44804	90708	227	0	0.09	0.10	44500	
18/02/2012 10:46:23	TASTEGGIO	1	0	5700	44804	90891	227	0	0.06	0.10	24500	
18/02/2012 10:48:14	TASTEGGIO	1	0	5700	44804	90892	227	0	0.18	0.23	-24500	
18/02/2012 10:48:40	TASTEGGIO	1	0	5700	44804	115363	241	-3	0.23	0.23	0	
18/02/2012 10:49:02	TASTEGGIO	0	1	5700	44804	115364	264	0	0.22	0.22	0	
18/02/2012 10:49:25	TASTEGGIO	0	2	5700	44804	115369	306	-1	0.20	0.20	0	
18/02/2012 10:49:48	TASTEGGIO	0	3	5700	44804	115370	360	-8	0.14	0.14	0	
18/02/2012 10:49:58	TASTEGGIO	0	3	5700	44804	90903	360	-8	0.09	0.12	-24500	
18/02/2012 10:50:23	TASTEGGIO	1	0	5700	44804	115364	227	0	0.13	0.13	0	
18/02/2012 10:50:46	TASTEGGIO	0	1	5700	44804	115372	241	0	0.13	0.13	0	
18/02/2012 10:51:08	TASTEGGIO	0	2	5700	44804	115373	267	0	0.13	0.13	0	
18/02/2012 10:51:30	TASTEGGIO	0	3	5700	44804	115376	306	-1	0.13	0.13	0	
18/02/2012 10:51:54	TASTEGGIO	0	4	5700	44804	115379	358	-1	0.11	0.11	0	
18/02/2012 10:52:18	TASTEGGIO	0	5	5700	44804	115379	400	-14	0.02	0.02	0	
18/02/2012 10:52:28	TASTEGGIO	0	5	5700	44804	90904	400	-14	0.04	0.05	44500	
18/02/2012 10:54:19	TASTEGGIO	0	5	5700	44804	90892	400	-14	0.04	0.05	44500	
18/02/2012 10:55:18	ALARM 17	proc 12 prog 10 step 47	LavoroTerminato
18/02/2012 10:57:35	TASTEGGIO	0	5	7500	51860	106966	400	-14	0.15	0.20	-24500	
18/02/2012 10:58:01	TASTEGGIO	1	0	7500	51860	131430	250	-38	0.18	0.18	0	
18/02/2012 10:58:22	TASTEGGIO	0	1	7500	51860	131432	233	-34	0.16	0.16	0	
18/02/2012 10:58:44	TASTEGGIO	0	1	7500	51860	131433	218	-12	0.06	0.06	0	
18/02/2012 10:58:54	TASTEGGIO	0	1	7500	51860	107106	218	-12	0.05	0.19	44500	
18/02/2012 10:59:18	TASTEGGIO	1	0	7500	51860	62651	247	-14	0.06	0.06	0	
18/02/2012 10:59:29	TASTEGGIO	1	0	7500	51860	106937	247	-14	0.10	0.13	-44500	
18/02/2012 10:59:55	TASTEGGIO	1	0	7500	51860	151372	232	-22	0.08	0.08	0	
18/02/2012 11:00:05	TASTEGGIO	1	0	7500	51860	107093	232	-22	0.05	0.13	44500	
18/02/2012 11:00:31	TASTEGGIO	1	0	7500	51860	62633	232	-3	0.10	0.10	0	
18/02/2012 11:00:51	TASTEGGIO	0	1	7500	51860	62634	239	-4	0.07	0.07	0	
18/02/2012 11:01:02	TASTEGGIO	0	1	7500	51860	106934	239	-4	0.02	0.08	44500	
18/02/2012 11:02:49	TASTEGGIO	0	1	7500	51860	107122	239	-4	0.58	0.64	24500	
18/02/2012 11:03:15	TASTEGGIO	1	0	7500	51860	82673	361	-57	0.15	0.15	0	
18/02/2012 11:03:35	TASTEGGIO	0	0	7500	51860	82671	237	-10	0.06	0.06	0	
18/02/2012 11:03:46	TASTEGGIO	0	0	7500	51860	106935	237	-10	0.10	0.23	-44500	
18/02/2012 11:04:11	TASTEGGIO	1	0	7500	51860	151371	257	-38	0.16	0.16	0	
18/02/2012 11:04:32	TASTEGGIO	0	1	7500	51860	151382	245	-35	0.16	0.16	0	
18/02/2012 11:04:52	TASTEGGIO	0	1	7500	51860	151390	229	-21	0.07	0.07	0	
18/02/2012 11:05:03	TASTEGGIO	0	1	7500	51860	107100	229	-21	0.06	0.07	-44500	
18/02/2012 11:06:52	TASTEGGIO	0	1	7500	51860	107115	229	-21	0.69	0.71	24500	
18/02/2012 11:07:18	TASTEGGIO	1	0	7500	51860	82667	379	-59	0.23	0.23	0	
18/02/2012 11:07:39	TASTEGGIO	0	0	7500	51860	82667	257	-11	0.12	0.12	0	
18/02/2012 11:07:49	TASTEGGIO	0	0	7500	51860	106941	257	-11	0.20	0.23	-44500	
18/02/2012 11:08:14	TASTEGGIO	1	0	7500	51860	151379	257	-31	0.08	0.08	0	
18/02/2012 11:08:25	TASTEGGIO	1	0	7500	51860	107101	257	-31	0.04	0.07	-44500	
18/02/2012 11:10:14	TASTEGGIO	1	0	7500	51860	107021	257	-31	0.35	0.35	0	
18/02/2012 11:10:38	TASTEGGIO	1	0	7500	51860	107042	288	-48	0.22	0.22	0	
18/02/2012 11:11:01	TASTEGGIO	0	1	7500	51860	107046	274	-57	0.47	0.47	0	
18/02/2012 11:11:19	TASTEGGIO	0	1	7500	51860	107051	173	-5	0.42	0.42	0	
18/02/2012 11:11:42	TASTEGGIO	0	2	7500	51860	107050	248	-7	0.35	0.35	0	
18/02/2012 11:12:04	TASTEGGIO	0	3	7500	51860	107050	335	-44	0.09	0.09	0	
18/02/2012 11:12:12	TASTEGGIO	0	3	7500	51860	107009	335	-44	0.10	0.29	44500	
18/02/2012 11:12:38	TASTEGGIO	1	0	7500	51860	62545	273	-19	0.12	0.12	0	
18/02/2012 11:12:49	TASTEGGIO	1	0	7500	51860	106830	273	-19	0.06	0.13	-44500	
18/02/2012 11:13:14	TASTEGGIO	1	0	7500	51860	151265	232	-27	0.12	0.12	0	
