30/08/2011 08:42:41	TASTEGGIO	0	1	8000	53817	116347	118	0	0.08	0.08	0	
30/08/2011 08:42:59	TASTEGGIO	0	2	8000	53817	116358	134	0	0.08	0.08	0	
30/08/2011 08:43:15	TASTEGGIO	0	3	8000	53817	116365	158	0	0.08	0.08	0	
30/08/2011 08:43:33	TASTEGGIO	0	4	8000	53817	116368	190	0	0.07	0.07	0	
30/08/2011 08:43:53	TASTEGGIO	0	5	8000	53817	116370	220	0	0.07	0.07	0	
30/08/2011 08:44:13	TASTEGGIO	0	6	8000	53817	116371	262	-1	0.06	0.06	0	
30/08/2011 08:44:35	TASTEGGIO	0	7	8000	53817	116371	297	-5	0.02	0.02	0	
30/08/2011 08:44:45	TASTEGGIO	0	7	8000	53817	91897	297	-5	0.03	0.04	24500	
30/08/2011 08:46:32	TASTEGGIO	0	7	8000	53817	91967	297	-5	0.02	0.03	-44500	
30/08/2011 08:48:18	TASTEGGIO	0	7	8000	53817	91967	297	-5	0.01	0.05	-44500	
30/08/2011 08:48:38	TASTEGGIO	1	0	8000	53817	136423	108	0	0.02	0.02	0	
30/08/2011 08:48:48	TASTEGGIO	1	0	8000	53817	91988	108	0	0.01	0.04	24500	
30/08/2011 08:50:36	TASTEGGIO	1	0	8000	53817	91880	108	0	0.05	0.06	-44500	
30/08/2011 08:50:55	TASTEGGIO	1	0	8000	53817	136335	109	0	0.04	0.04	0	
30/08/2011 08:51:06	TASTEGGIO	1	0	8000	53817	91891	109	0	0.05	0.07	-24500	
30/08/2011 08:51:24	TASTEGGIO	1	0	8000	53817	116350	110	0	0.05	0.05	0	
30/08/2011 08:51:39	TASTEGGIO	0	1	8000	53817	116361	113	0	0.05	0.05	0	
30/08/2011 08:51:53	TASTEGGIO	0	2	8000	53817	116370	123	-1	0.05	0.05	0	
30/08/2011 08:52:10	TASTEGGIO	0	3	8000	53817	116377	138	0	0.05	0.05	0	
30/08/2011 08:52:26	TASTEGGIO	0	4	8000	53817	116379	158	0	0.05	0.05	0	
30/08/2011 08:52:44	TASTEGGIO	0	5	8000	53817	116381	183	0	0.05	0.05	0	
30/08/2011 08:53:03	TASTEGGIO	0	6	8000	53817	116382	213	-1	0.04	0.04	0	
30/08/2011 08:53:13	TASTEGGIO	0	6	8000	53817	91896	213	-1	0.04	0.05	-44500	
30/08/2011 08:53:32	TASTEGGIO	1	0	8000	53817	136347	108	0	0.04	0.04	0	
30/08/2011 08:53:43	TASTEGGIO	1	0	8000	53817	91902	108	0	0.04	0.06	-44500	
30/08/2011 08:54:02	TASTEGGIO	1	0	8000	53817	136358	109	0	0.06	0.06	0	
30/08/2011 08:54:19	TASTEGGIO	0	1	8000	53817	136367	115	0	0.03	0.03	0	
30/08/2011 08:54:29	TASTEGGIO	0	1	8000	53817	91898	115	0	0.05	0.06	-44500	
30/08/2011 08:54:49	TASTEGGIO	1	0	8000	53817	136354	109	0	0.04	0.04	0	
30/08/2011 08:54:59	TASTEGGIO	1	0	8000	53817	91898	109	0	0.05	0.05	-44500	
30/08/2011 08:55:19	TASTEGGIO	1	0	8000	53817	136351	108	0	0.04	0.04	0	
30/08/2011 08:55:29	TASTEGGIO	1	0	8000	53817	91896	108	0	0.04	0.05	-44500	
30/08/2011 08:55:48	TASTEGGIO	1	0	8000	53817	136355	108	0	0.04	0.04	0	
30/08/2011 08:55:59	TASTEGGIO	1	0	8000	53817	91897	108	0	0.04	0.05	-24500	
30/08/2011 08:56:17	TASTEGGIO	1	0	8000	53817	116365	108	0	0.05	0.05	0	
30/08/2011 08:56:33	TASTEGGIO	0	1	8000	53817	116375	113	0	0.04	0.04	0	
30/08/2011 08:56:43	TASTEGGIO	0	1	8000	53817	91899	113	0	0.05	0.05	-24500	
30/08/2011 08:57:01	TASTEGGIO	1	0	8000	53817	116360	108	0	0.05	0.05	0	
30/08/2011 08:57:17	TASTEGGIO	0	1	8000	53817	116372	113	0	0.05	0.05	0	
30/08/2011 08:57:31	TASTEGGIO	0	2	8000	53817	116380	123	0	0.04	0.04	0	
30/08/2011 08:57:41	TASTEGGIO	0	2	8000	53817	91908	123	0	0.04	0.05	-24500	
30/08/2011 08:57:59	TASTEGGIO	1	0	8000	53817	116367	108	-1	0.04	0.04	0	
30/08/2011 08:58:09	TASTEGGIO	1	0	8000	53817	91900	108	-1	0.04	0.04	0	
30/08/2011 08:59:55	TASTEGGIO	1	0	8000	53817	91967	108	-1	0.05	0.07	24500	
30/08/2011 09:00:15	TASTEGGIO	1	0	8000	53817	67513	110	1	0.05	0.05	0	
30/08/2011 09:00:29	TASTEGGIO	0	1	8000	53817	67509	113	0	0.05	0.05	0	
30/08/2011 09:00:43	TASTEGGIO	0	2	8000	53817	67507	123	0	0.05	0.05	0	
30/08/2011 09:00:59	TASTEGGIO	0	3	8000	53817	67504	138	0	0.05	0.05	0	
30/08/2011 09:01:14	TASTEGGIO	0	4	8000	53817	67502	158	0	0.06	0.06	0	
30/08/2011 09:01:33	TASTEGGIO	0	5	8000	53817	67501	194	0	0.05	0.05	0	
30/08/2011 09:01:53	TASTEGGIO	0	6	8000	53817	67499	218	0	0.05	0.05	0	
30/08/2011 09:02:14	TASTEGGIO	0	7	8000	53817	67499	253	0	0.05	0.05	0	
30/08/2011 09:02:34	TASTEGGIO	0	8	8000	53817	67499	293	-3	0.02	0.02	0	
30/08/2011 09:02:44	TASTEGGIO	0	8	8000	53817	91844	293	-3	0.02	0.03	24500	
30/08/2011 09:04:31	TASTEGGIO	0	8	8000	53817	91880	293	-3	0.06	0.06	0	
30/08/2011 09:04:49	TASTEGGIO	1	0	8000	53817	91894	109	0	0.06	0.06	0	
30/08/2011 09:05:04	TASTEGGIO	0	1	8000	53817	91895	115	0	0.05	0.05	0	
30/08/2011 09:05:20	TASTEGGIO	0	2	8000	53817	91895	123	0	0.05	0.05	0	
30/08/2011 09:05:36	TASTEGGIO	0	3	8000	53817	91895	138	0	0.05	0.05	0	
30/08/2011 09:05:51	TASTEGGIO	0	4	8000	53817	91898	158	0	0.05	0.05	0	
30/08/2011 09:06:08	TASTEGGIO	0	5	8000	53817	91900	183	0	0.06	0.06	0	
30/08/2011 09:06:28	TASTEGGIO	0	6	8000	53817	91900	226	-1	0.05	0.05	0	
30/08/2011 09:06:48	TASTEGGIO	0	7	8000	53817	91902	255	-3	0.03	0.03	0	
30/08/2011 09:06:56	TASTEGGIO	0	7	8000	53817	91885	255	-3	0.03	0.05	24500	
30/08/2011 09:07:15	TASTEGGIO	1	0	8000	53817	67420	108	0	0.02	0.02	0	
30/08/2011 09:07:24	TASTEGGIO	1	0	8000	53817	91753	108	0	0.03	0.05	-44500	
30/08/2011 09:07:43	TASTEGGIO	1	0	8000	53817	136221	108	0	0.03	0.03	0	
30/08/2011 09:07:54	TASTEGGIO	1	0	8000	53817	91888	108	0	0.03	0.04	-24500	
30/08/2011 09:09:40	TASTEGGIO	1	0	8000	53817	91966	108	0	0.07	0.07	24500	
30/08/2011 09:09:59	TASTEGGIO	1	0	8000	53817	67511	110	0	0.07	0.07	0	
30/08/2011 09:10:13	TASTEGGIO	0	1	8000	53817	67507	117	0	0.06	0.06	0	
30/08/2011 09:10:29	TASTEGGIO	0	2	8000	53817	67504	127	0	0.06	0.06	0	
30/08/2011 09:10:45	TASTEGGIO	0	3	8000	53817	67500	145	0	0.06	0.06	0	
30/08/2011 09:11:01	TASTEGGIO	0	4	8000	53817	67499	169	0	0.06	0.06	0	
30/08/2011 09:11:20	TASTEGGIO	0	5	8000	53817	67501	199	0	0.06	0.06	0	
30/08/2011 09:11:39	TASTEGGIO	0	6	8000	53817	67500	235	-1	0.06	0.06	0	
30/08/2011 09:12:00	TASTEGGIO	0	7	8000	53817	67499	277	-3	0.02	0.02	0	
30/08/2011 09:12:10	TASTEGGIO	0	7	8000	53817	91839	277	-3	0.04	0.04	-44500	
30/08/2011 09:13:58	TASTEGGIO	0	7	8000	53817	91964	277	-3	0.01	0.02	24500	
30/08/2011 09:14:33	ALARM 304	proc 12 prog 32 step 46	inverter error 8
30/08/2011 09:18:27	TASTEGGIO	0	7	8000	53817	91968	277	-3	0.01	0.02	24500	
30/08/2011 09:20:13	TASTEGGIO	0	7	8000	53817	91877	277	-3	0.01	0.01	44500	
30/08/2011 09:22:00	TASTEGGIO	0	7	8000	53816	91881	277	-3	0.06	0.07	-24500	
30/08/2011 09:22:20	TASTEGGIO	1	0	8000	53816	116370	110	0	0.06	0.06	0	
30/08/2011 09:22:36	TASTEGGIO	0	1	8000	53816	116370	115	0	0.05	0.05	0	
30/08/2011 09:22:52	TASTEGGIO	0	2	8000	53816	116371	123	0	0.06	0.06	0	
30/08/2011 09:23:08	TASTEGGIO	0	3	8000	53816	116372	144	0	0.05	0.05	0	
30/08/2011 09:23:25	TASTEGGIO	0	4	8000	53816	116373	160	0	0.05	0.05	0	
30/08/2011 09:23:43	TASTEGGIO	0	5	8000	53816	116374	185	-1	0.05	0.05	0	
30/08/2011 09:24:02	TASTEGGIO	0	6	8000	53816	116374	215	-1	0.04	0.04	0	
30/08/2011 09:24:12	TASTEGGIO	0	6	8000	53816	91896	215	-1	0.05	0.05	0	
30/08/2011 09:24:30	TASTEGGIO	1	0	8000	53816	91911	108	0	0.06	0.06	0	
30/08/2011 09:24:45	TASTEGGIO	0	1	8000	53816	91912	115	0	0.05	0.05	0	
30/08/2011 09:24:59	TASTEGGIO	0	2	8000	53816	91912	123	0	0.05	0.05	0	
30/08/2011 09:25:15	TASTEGGIO	0	3	8000	53816	91912	138	0	0.06	0.06	0	
30/08/2011 09:25:32	TASTEGGIO	0	4	8000	53816	91912	166	0	0.05	0.05	0	
30/08/2011 09:25:49	TASTEGGIO	0	5	8000	53816	91913	186	0	0.05	0.05	0	
30/08/2011 09:26:09	TASTEGGIO	0	6	8000	53816	91912	216	0	0.05	0.05	0	
30/08/2011 09:26:29	TASTEGGIO	0	7	8000	53816	91912	251	-3	0.02	0.02	0	
30/08/2011 09:26:37	TASTEGGIO	0	7	8000	53816	91891	251	-3	0.03	0.04	-44500	
30/08/2011 09:28:24	TASTEGGIO	0	7	8000	53817	91966	251	-3	0.04	0.04	-44500	
30/08/2011 09:30:12	TASTEGGIO	0	7	8000	53817	91963	251	-3	0.06	0.06	-24500	
30/08/2011 09:30:30	TASTEGGIO	1	0	8000	53817	116444	109	0	0.06	0.06	0	
30/08/2011 09:30:45	TASTEGGIO	0	1	8000	53817	116449	115	0	0.05	0.05	0	
30/08/2011 09:31:00	TASTEGGIO	0	2	8000	53817	116450	123	0	0.05	0.05	0	
30/08/2011 09:31:15	TASTEGGIO	0	3	8000	53817	116451	138	0	0.06	0.06	0	
30/08/2011 09:31:31	TASTEGGIO	0	4	8000	53817	116451	166	0	0.06	0.06	0	
30/08/2011 09:31:51	TASTEGGIO	0	5	8000	53817	116451	196	-1	0.05	0.05	0	
30/08/2011 09:32:10	TASTEGGIO	0	6	8000	53817	116451	220	-2	0.04	0.04	0	
30/08/2011 09:32:20	TASTEGGIO	0	6	8000	53817	91990	220	-2	0.05	0.05	0	
30/08/2011 09:32:37	TASTEGGIO	1	0	8000	53817	92003	108	0	0.05	0.05	0	
30/08/2011 09:32:53	TASTEGGIO	0	1	8000	53817	92003	113	0	0.05	0.05	0	
30/08/2011 09:33:07	TASTEGGIO	0	2	8000	53817	92003	123	0	0.05	0.05	0	
30/08/2011 09:33:22	TASTEGGIO	0	3	8000	53817	92003	138	0	0.05	0.05	0	
30/08/2011 09:33:38	TASTEGGIO	0	4	8000	53817	92003	158	0	0.05	0.05	0	
30/08/2011 09:33:55	TASTEGGIO	0	5	8000	53817	92005	183	0	0.05	0.05	0	
30/08/2011 09:34:13	TASTEGGIO	0	6	8000	53817	92004	213	0	0.04	0.04	0	
30/08/2011 09:34:21	TASTEGGIO	0	6	8000	53817	91980	213	0	0.05	0.06	-44500	
30/08/2011 09:34:41	TASTEGGIO	1	0	8000	53817	136449	109	0	0.03	0.03	0	
30/08/2011 09:34:51	TASTEGGIO	1	0	8000	53817	91988	109	0	0.05	0.05	24500	
30/08/2011 09:35:10	TASTEGGIO	1	0	8000	53817	67537	108	0	0.05	0.05	0	
30/08/2011 09:35:24	TASTEGGIO	0	1	8000	53817	67529	113	0	0.05	0.05	0	
30/08/2011 09:35:39	TASTEGGIO	0	2	8000	53817	67524	123	0	0.05	0.05	0	
30/08/2011 09:35:55	TASTEGGIO	0	3	8000	53817	67520	138	0	0.04	0.04	0	
30/08/2011 09:36:05	TASTEGGIO	0	3	8000	53817	91838	138	0	0.05	0.05	-44500	
30/08/2011 09:36:25	TASTEGGIO	1	0	8000	53817	136316	108	0	0.03	0.03	0	
30/08/2011 09:36:35	TASTEGGIO	1	0	8000	53817	91982	108	0	0.05	0.05	-44500	
30/08/2011 09:36:54	TASTEGGIO	1	0	8000	53817	136454	108	0	0.03	0.03	0	
30/08/2011 09:37:05	TASTEGGIO	1	0	8000	53817	91990	108	0	0.05	0.05	24500	
30/08/2011 09:37:23	TASTEGGIO	1	0	8000	53817	67533	108	0	0.05	0.05	0	
30/08/2011 09:37:37	TASTEGGIO	0	1	8000	53817	67528	113	0	0.05	0.05	0	
30/08/2011 09:37:52	TASTEGGIO	0	2	8000	53817	67524	123	0	0.05	0.05	0	
30/08/2011 09:38:07	TASTEGGIO	0	3	8000	53817	67521	138	0	0.05	0.05	0	
30/08/2011 09:38:23	TASTEGGIO	0	4	8000	53817	67519	158	0	0.05	0.05	0	
30/08/2011 09:38:40	TASTEGGIO	0	5	8000	53817	67518	183	0	0.05	0.05	0	
30/08/2011 09:38:59	TASTEGGIO	0	6	8000	53817	67516	213	0	0.04	0.04	0	
30/08/2011 09:39:09	TASTEGGIO	0	6	8000	53817	91838	213	0	0.05	0.05	24500	
30/08/2011 09:39:27	TASTEGGIO	1	0	8000	53817	67392	108	0	0.04	0.04	0	
30/08/2011 09:39:37	TASTEGGIO	1	0	8000	53817	91830	108	0	0.05	0.05	24500	
30/08/2011 09:39:55	TASTEGGIO	1	0	8000	53817	67383	108	0	0.05	0.05	0	
30/08/2011 09:41:01	ALARM 17	proc 12 prog 10 step 47	LavoroTerminato
30/08/2011 11:56:02	ALARM 406		
31/08/2011 07:33:29	ALARM 401		
31/08/2011 07:33:31	INIT OK
31/08/2011 07:33:37	ALARM 401		
31/08/2011 07:33:38	ALARM 401		
31/08/2011 07:37:25	ALARM 401		
31/08/2011 07:37:37	ALARM 401		
31/08/2011 07:37:37	ALARM 401		
31/08/2011 07:37:40	ALARM 401		
31/08/2011 07:56:52	TASTEGGIO	0	0	13000	73416	155519	0	0	0.46	0.58	-82000	
31/08/2011 07:57:25	TASTEGGIO	1	0	13000	73416	237493	266	-53	0.25	0.25	0	
31/08/2011 07:57:52	TASTEGGIO	0	0	13000	73416	237498	224	-37	0.11	0.11	0	
31/08/2011 07:58:05	TASTEGGIO	0	0	13000	73416	155494	224	-37	0.03	0.15	44500	
31/08/2011 07:58:36	TASTEGGIO	1	0	13000	73416	111004	211	-48	0.34	0.34	0	
31/08/2011 07:58:59	TASTEGGIO	0	1	13000	73416	111002	133	-14	0.21	0.21	0	
31/08/2011 07:59:21	TASTEGGIO	0	2	13000	73416	111002	151	-7	0.14	0.14	0	
31/08/2011 07:59:33	TASTEGGIO	0	2	13000	73416	155403	151	-7	0.19	0.23	24500	
31/08/2011 08:00:03	TASTEGGIO	1	0	13000	73416	130914	221	-47	0.30	0.30	0	
31/08/2011 08:00:28	TASTEGGIO	0	1	13000	73416	130914	181	-32	0.03	0.03	0	
31/08/2011 08:00:39	TASTEGGIO	0	1	13000	73416	155389	181	-32	0.10	0.17	-82000	
31/08/2011 08:01:13	TASTEGGIO	1	0	13000	73416	237373	213	-41	0.25	0.25	0	
31/08/2011 08:01:38	TASTEGGIO	0	1	13000	73416	237373	176	-7	0.21	0.21	0	
31/08/2011 08:02:04	TASTEGGIO	0	2	13000	73416	237372	211	-6	0.15	0.15	0	
31/08/2011 08:02:30	TASTEGGIO	0	3	13000	73416	237373	229	-3	0.11	0.11	0	
31/08/2011 08:02:43	TASTEGGIO	0	3	13000	73416	155509	229	-3	0.09	0.12	-82000	
31/08/2011 08:03:15	TASTEGGIO	1	0	13000	73416	237504	207	-19	0.17	0.17	0	
31/08/2011 08:03:41	TASTEGGIO	0	1	13000	73416	237507	182	-3	0.15	0.15	0	
31/08/2011 08:04:09	TASTEGGIO	0	2	13000	73416	237519	208	-2	0.13	0.13	0	
31/08/2011 08:04:36	TASTEGGIO	0	3	13000	73416	237520	241	-4	0.09	0.09	0	
31/08/2011 08:05:04	TASTEGGIO	0	4	13000	73416	237530	253	-6	0.05	0.05	0	
31/08/2011 08:05:16	TASTEGGIO	0	4	13000	73416	155522	253	-6	0.07	0.11	44500	
31/08/2011 08:05:48	TASTEGGIO	1	0	13000	73416	111018	205	-9	0.05	0.05	0	
31/08/2011 08:05:59	TASTEGGIO	1	0	13000	73416	155390	205	-9	0.06	0.09	24500	
31/08/2011 08:06:29	TASTEGGIO	1	0	13000	73416	130892	203	-28	0.20	0.20	0	
31/08/2011 08:06:53	TASTEGGIO	0	1	13000	73416	130902	158	-13	0.08	0.08	0	
31/08/2011 08:07:04	TASTEGGIO	0	1	13000	73416	155399	158	-13	0.10	0.18	44500	
31/08/2011 08:07:35	TASTEGGIO	1	0	13000	73416	110911	215	-7	0.12	0.12	0	
31/08/2011 08:07:47	TASTEGGIO	1	0	13000	73416	155391	215	-7	0.05	0.12	44500	
31/08/2011 08:08:18	TASTEGGIO	1	0	13000	73416	110903	207	-2	0.11	0.11	0	
31/08/2011 08:08:44	TASTEGGIO	0	1	13000	73416	110907	217	-26	0.17	0.17	0	
31/08/2011 08:09:09	TASTEGGIO	0	1	13000	73416	110908	190	-21	0.05	0.05	0	
31/08/2011 08:09:21	TASTEGGIO	0	1	13000	73416	155399	190	-21	0.03	0.09	82800	
31/08/2011 08:09:50	TASTEGGIO	1	0	13000	73416	72604	203	-19	0.18	0.18	0	
31/08/2011 08:10:12	TASTEGGIO	0	1	13000	73416	72615	167	-11	0.07	0.07	0	
31/08/2011 08:10:25	TASTEGGIO	0	1	13000	73416	155393	167	-11	0.09	0.11	44500	
31/08/2011 08:10:55	TASTEGGIO	1	0	13000	73416	110900	205	-10	0.09	0.09	0	
31/08/2011 08:11:06	TASTEGGIO	1	0	13000	73416	155390	205	-10	0.03	0.10	44500	
31/08/2011 08:13:01	TASTEGGIO	1	0	13000	73416	155610	205	-10	0.34	0.75	-82000	
31/08/2011 08:13:37	TASTEGGIO	1	0	13000	73416	237586	288	-75	0.34	0.34	0	
31/08/2011 08:14:08	TASTEGGIO	0	0	13000	73416	237588	235	-82	1.15	1.15	0	
31/08/2011 08:14:30	TASTEGGIO	0	1	13000	73416	237593	0	-2	1.15	1.15	0	
31/08/2011 08:14:58	TASTEGGIO	0	2	13000	73416	237599	230	-46	0.71	0.71	0	
31/08/2011 08:15:29	TASTEGGIO	0	3	13000	73416	237604	305	-52	0.22	0.22	0	
31/08/2011 08:15:57	TASTEGGIO	0	0	13000	73416	237604	220	-2	0.19	0.19	0	
31/08/2011 08:16:27	TASTEGGIO	0	1	13000	73416	237604	236	-3	0.17	0.17	0	
31/08/2011 08:17:09	ALARM 203		err.0
31/08/2011 08:18:22	ALARM 203		err.4007
31/08/2011 08:19:05	TASTEGGIO	0	2	13000	73416	155620	266	0	0.29	0.34	24500	
31/08/2011 08:19:38	TASTEGGIO	1	0	13000	73416	131127	235	-96	0.64	0.64	0	
31/08/2011 08:20:02	TASTEGGIO	0	1	13000	73416	131139	114	-30	0.37	0.37	0	
31/08/2011 08:20:28	TASTEGGIO	0	2	13000	73416	131155	144	-26	0.12	0.12	0	
31/08/2011 08:20:39	TASTEGGIO	0	2	13000	73416	155533	144	-26	0.16	0.16	0	
31/08/2011 08:21:11	TASTEGGIO	1	0	13000	73416	155565	212	-102	0.86	0.86	0	
31/08/2011 08:21:33	TASTEGGIO	0	1	13000	73416	155577	0	-7	0.78	0.78	0	
31/08/2011 08:22:00	TASTEGGIO	0	2	13000	73416	155588	141	-38	0.41	0.41	0	
31/08/2011 08:22:27	TASTEGGIO	0	3	13000	73416	155592	178	-40	0.06	0.06	0	
31/08/2011 08:22:36	TASTEGGIO	0	3	13000	73416	155579	178	-40	0.06	0.10	-82000	
31/08/2011 08:24:31	TASTEGGIO	0	3	13000	73416	155289	178	-40	0.03	0.07	44500	
31/08/2011 08:26:26	TASTEGGIO	0	3	13000	73414	156132	178	-40	0.75	0.93	44500	
31/08/2011 08:27:00	TASTEGGIO	1	0	13000	73414	111635	311	-118	0.59	0.59	0	
31/08/2011 08:27:30	TASTEGGIO	0	1	13000	73414	111649	273	-120	0.68	0.68	0	
31/08/2011 08:27:59	TASTEGGIO	0	1	13000	73414	111673	194	-90	0.29	0.29	0	
31/08/2011 08:28:28	TASTEGGIO	0	1	13000	73414	111682	181	-43	0.16	0.16	0	
31/08/2011 08:28:57	TASTEGGIO	0	1	13000	73414	111680	172	-62	0.49	0.49	0	
31/08/2011 08:29:21	TASTEGGIO	0	1	13000	73414	111680	21	-10	0.40	0.40	0	
31/08/2011 08:29:46	TASTEGGIO	0	2	13000	73414	111680	86	-8	0.32	0.32	0	
31/08/2011 08:30:15	TASTEGGIO	0	3	13000	73414	111680	130	-10	0.25	0.25	0	
31/08/2011 08:30:44	TASTEGGIO	0	4	13000	73414	111680	169	-12	0.15	0.15	0	
31/08/2011 08:31:13	TASTEGGIO	0	5	13000	73414	111680	189	-21	0.05	0.05	0	
31/08/2011 08:31:25	TASTEGGIO	0	5	13000	73414	156041	189	-21	0.05	0.18	-82000	
31/08/2011 08:31:59	TASTEGGIO	1	0	13000	73414	238082	215	-54	0.35	0.35	0	
31/08/2011 08:32:23	TASTEGGIO	0	1	13000	73414	238113	146	-26	0.15	0.15	0	
31/08/2011 08:32:49	TASTEGGIO	0	0	13000	73414	238118	211	-43	0.27	0.27	0	
31/08/2011 08:33:16	TASTEGGIO	0	1	13000	73414	238113	162	-13	0.14	0.14	0	
31/08/2011 08:33:29	TASTEGGIO	0	1	13000	73414	156183	162	-13	0.03	0.13	-82000	
31/08/2011 08:34:02	TASTEGGIO	1	0	13000	73414	238224	208	-16	0.15	0.15	0	
31/08/2011 08:34:29	TASTEGGIO	0	1	13000	73414	238245	190	-27	0.15	0.15	0	
31/08/2011 08:34:56	TASTEGGIO	0	1	13000	73414	238252	175	-26	0.15	0.15	0	
31/08/2011 08:35:23	TASTEGGIO	0	1	13000	73414	238247	160	-9	0.05	0.05	0	
31/08/2011 08:35:35	TASTEGGIO	0	1	13000	73414	156191	160	-9	0.08	0.08	0	
31/08/2011 08:37:30	TASTEGGIO	0	1	13000	73417	156002	160	-9	0.23	0.42	-82000	
31/08/2011 08:38:05	TASTEGGIO	1	0	13000	73417	237984	245	-62	0.25	0.25	0	
31/08/2011 08:38:33	TASTEGGIO	0	1	13000	73417	237984	230	-59	0.32	0.32	0	
31/08/2011 08:39:01	TASTEGGIO	0	1	13000	73417	237986	189	-41	0.14	0.14	0	
31/08/2011 08:39:14	TASTEGGIO	0	1	13000	73417	155995	189	-41	0.03	0.19	24500	
31/08/2011 08:39:47	TASTEGGIO	1	0	13000	73417	131501	216	-73	0.55	0.55	0	
31/08/2011 08:40:09	TASTEGGIO	0	1	13000	73417	131502	56	-4	0.51	0.51	0	
31/08/2011 08:40:31	TASTEGGIO	0	2	13000	73417	131502	150	-18	0.34	0.34	0	
31/08/2011 08:40:57	TASTEGGIO	0	3	13000	73417	131502	189	-21	0.12	0.12	0	
31/08/2011 08:41:08	TASTEGGIO	0	3	13000	73417	155886	189	-21	0.27	0.27	0	
31/08/2011 08:41:39	TASTEGGIO	1	0	13000	73417	155884	226	-63	0.36	0.36	0	
31/08/2011 08:42:07	TASTEGGIO	0	1	13000	73417	155890	178	-53	0.21	0.21	0	
31/08/2011 08:42:33	TASTEGGIO	0	1	13000	73417	155891	165	-33	0.14	0.14	0	
31/08/2011 08:42:43	TASTEGGIO	0	1	13000	73417	155893	165	-33	0.13	0.13	24500	
31/08/2011 08:43:13	TASTEGGIO	1	0	13000	73417	131407	208	-39	0.30	0.30	0	
31/08/2011 08:43:37	TASTEGGIO	0	1	13000	73417	131408	138	-16	0.16	0.16	0	
31/08/2011 08:44:02	TASTEGGIO	0	2	13000	73417	131408	150	-7	0.09	0.09	0	
31/08/2011 08:44:13	TASTEGGIO	0	2	13000	73417	155885	150	-7	0.14	0.19	44500	
31/08/2011 08:44:45	TASTEGGIO	1	0	13000	73417	111394	216	-37	0.22	0.22	0	
31/08/2011 08:45:11	TASTEGGIO	0	1	13000	73417	111397	190	-29	0.06	0.06	0	
31/08/2011 08:45:23	TASTEGGIO	0	1	13000	73417	155884	190	-29	0.05	0.13	-82000	
31/08/2011 08:45:56	TASTEGGIO	1	0	13000	73417	237862	208	-12	0.08	0.08	0	
31/08/2011 08:46:08	TASTEGGIO	1	0	13000	73417	155967	208	-12	0.14	0.17	24500	
31/08/2011 08:46:40	TASTEGGIO	1	0	13000	73417	131481	213	-11	0.08	0.08	0	
31/08/2011 08:46:51	TASTEGGIO	1	0	13000	73417	155882	213	-11	0.07	0.10	-82000	
31/08/2011 08:48:45	TASTEGGIO	1	0	13000	73416	155600	213	-11	0.02	0.07	82800	
31/08/2011 08:50:40	TASTEGGIO	1	0	13000	73417	155590	213	-11	0.30	0.34	-82000	
31/08/2011 08:51:15	TASTEGGIO	1	0	13000	73417	237570	235	-59	0.25	0.25	0	
31/08/2011 08:51:44	TASTEGGIO	0	1	13000	73417	237570	216	-57	0.30	0.30	0	
31/08/2011 08:52:11	TASTEGGIO	0	1	13000	73417	237570	179	-24	0.13	0.13	0	
31/08/2011 08:52:24	TASTEGGIO	0	1	13000	73417	155595	179	-24	0.17	0.17	0	
31/08/2011 08:52:55	TASTEGGIO	1	0	13000	73417	155600	213	-76	0.58	0.58	0	
31/08/2011 08:53:17	TASTEGGIO	0	1	13000	73417	155606	15	-4	0.55	0.55	0	
31/08/2011 08:53:40	TASTEGGIO	0	2	13000	73417	155611	119	-20	0.35	0.35	0	
31/08/2011 08:54:06	TASTEGGIO	0	3	13000	73417	155612	157	-22	0.13	0.13	0	
31/08/2011 08:54:14	TASTEGGIO	0	3	13000	73417	155586	157	-22	0.13	0.30	82800	
31/08/2011 08:54:44	TASTEGGIO	1	0	13000	73417	72796	230	-21	0.14	0.14	0	
31/08/2011 08:54:56	TASTEGGIO	1	0	13000	73417	155487	230	-21	0.11	0.17	44500	
31/08/2011 08:55:28	TASTEGGIO	1	0	13000	73417	110995	213	-47	0.31	0.31	0	
31/08/2011 08:55:52	TASTEGGIO	0	1	13000	73417	110994	156	-23	0.10	0.10	0	
31/08/2011 08:56:04	TASTEGGIO	0	1	13000	73417	155482	156	-23	0.15	0.15	0	
31/08/2011 08:56:35	TASTEGGIO	1	0	13000	73417	155480	211	-19	0.06	0.06	0	
31/08/2011 08:56:44	TASTEGGIO	1	0	13000	73417	155483	211	-19	0.03	0.10	82800	
31/08/2011 08:58:39	TASTEGGIO	1	0	13000	73417	156126	211	-19	0.33	0.39	44500	
31/08/2011 08:59:12	TASTEGGIO	1	0	13000	73417	111635	242	-74	0.67	0.67	0	
31/08/2011 08:59:36	TASTEGGIO	0	1	13000	73417	111644	126	-18	0.47	0.47	0	
31/08/2011 09:00:02	TASTEGGIO	0	2	13000	73417	111641	172	-26	0.25	0.25	0	
31/08/2011 09:00:31	TASTEGGIO	0	3	13000	73417	111645	195	-34	0.15	0.15	0	
31/08/2011 09:00:59	TASTEGGIO	0	1	13000	73417	111702	185	-47	0.34	0.34	0	
31/08/2011 09:01:25	TASTEGGIO	0	1	13000	73417	111703	107	-24	0.09	0.09	0	
31/08/2011 09:01:37	TASTEGGIO	0	1	13000	73417	156023	107	-24	0.09	0.17	-82000	
31/08/2011 09:02:10	TASTEGGIO	1	0	13000	73417	238063	213	-38	0.24	0.24	0	
31/08/2011 09:02:36	TASTEGGIO	0	1	13000	73417	238063	179	-27	0.07	0.07	0	
31/08/2011 09:02:49	TASTEGGIO	0	1	13000	73417	156172	179	-27	0.09	0.15	82800	
31/08/2011 09:03:22	TASTEGGIO	1	0	13000	73417	73389	211	-46	0.34	0.34	0	
31/08/2011 09:03:48	TASTEGGIO	0	1	13000	73417	73409	133	-23	0.08	0.08	0	
31/08/2011 09:04:01	TASTEGGIO	0	1	13000	73417	156040	133	-23	0.21	0.21	0	
31/08/2011 09:04:32	TASTEGGIO	1	0	13000	73417	156063	218	-85	0.61	0.61	0	
31/08/2011 09:04:55	TASTEGGIO	0	1	13000	73417	156067	40	-11	0.50	0.50	0	
31/08/2011 09:05:19	TASTEGGIO	0	2	13000	73417	156074	121	-23	0.26	0.26	0	
31/08/2011 09:05:44	TASTEGGIO	0	3	13000	73417	156076	144	-23	0.06	0.06	0	
31/08/2011 09:05:54	TASTEGGIO	0	3	13000	73417	156081	144	-23	0.04	0.08	-82000	
31/08/2011 09:07:48	TASTEGGIO	0	3	13000	73416	155790	144	-23	0.17	0.17	0	
31/08/2011 09:08:18	TASTEGGIO	1	0	13000	73416	155798	213	-86	0.66	0.66	0	
31/08/2011 09:08:37	TASTEGGIO	0	1	13000	73416	155798	0	-2	0.67	0.67	0	
31/08/2011 09:08:59	TASTEGGIO	0	2	13000	73416	155800	136	-22	0.45	0.45	0	
31/08/2011 09:09:25	TASTEGGIO	0	3	13000	73416	155803	188	-33	0.15	0.15	0	
31/08/2011 09:09:53	TASTEGGIO	0	0	13000	73416	155801	211	-47	0.40	0.40	0	
31/08/2011 09:10:17	TASTEGGIO	0	1	13000	73416	155801	104	-17	0.25	0.25	0	
31/08/2011 09:10:40	TASTEGGIO	0	2	13000	73416	155801	126	-9	0.12	0.12	0	
31/08/2011 09:10:49	TASTEGGIO	0	2	13000	73416	155773	126	-9	0.13	0.13	0	
31/08/2011 09:11:20	TASTEGGIO	1	0	13000	73416	155783	208	-42	0.31	0.31	0	
31/08/2011 09:11:44	TASTEGGIO	0	1	13000	73416	155783	134	-17	0.15	0.15	0	
31/08/2011 09:12:10	TASTEGGIO	0	0	13000	73416	155783	211	-37	0.22	0.22	0	
31/08/2011 09:12:37	TASTEGGIO	0	1	13000	73416	155783	178	-30	0.08	0.08	0	
31/08/2011 09:12:46	TASTEGGIO	0	1	13000	73416	155769	178	-30	0.07	0.11	-82000	
31/08/2011 09:13:17	TASTEGGIO	1	0	13000	73416	237753	205	-50	0.41	0.41	0	
31/08/2011 09:13:39	TASTEGGIO	0	1	13000	73416	237753	52	-3	0.37	0.37	0	
31/08/2011 09:14:01	TASTEGGIO	0	2	13000	73416	237755	118	-11	0.27	0.27	0	
31/08/2011 09:14:26	TASTEGGIO	0	3	13000	73416	237757	152	-11	0.18	0.18	0	
31/08/2011 09:14:50	TASTEGGIO	0	4	13000	73416	237759	175	-11	0.06	0.06	0	
31/08/2011 09:15:03	TASTEGGIO	0	4	13000	73416	155797	175	-11	0.06	0.08	82800	
31/08/2011 09:16:56	TASTEGGIO	0	4	13000	73417	155519	175	-11	0.37	0.47	24500	
31/08/2011 09:17:27	TASTEGGIO	1	0	13000	73417	131033	252	-75	0.35	0.35	0	
31/08/2011 09:17:55	TASTEGGIO	0	1	13000	73417	131037	225	-72	0.40	0.40	0	
31/08/2011 09:18:22	TASTEGGIO	0	1	13000	73417	131034	179	-23	0.14	0.14	0	
31/08/2011 09:18:33	TASTEGGIO	0	1	13000	73417	155419	179	-23	0.22	0.25	82800	
31/08/2011 09:19:06	TASTEGGIO	1	0	13000	73417	72642	224	-44	0.43	0.43	0	
31/08/2011 09:19:30	TASTEGGIO	0	1	13000	73417	72649	150	-18	0.26	0.26	0	
31/08/2011 09:19:55	TASTEGGIO	0	2	13000	73417	72661	172	-11	0.15	0.15	0	
31/08/2011 09:20:21	TASTEGGIO	0	3	13000	73417	72665	186	-9	0.07	0.07	0	
31/08/2011 09:20:34	TASTEGGIO	0	3	13000	73417	155446	186	-9	0.11	0.11	0	
31/08/2011 09:20:40	ALARM 401		
31/08/2011 09:20:45	ALARM 205		err.6059
31/08/2011 09:20:59	TASTEGGIO	0	3	13000	73417	155446	186	-9	0.07	0.07	-82000	
31/08/2011 09:22:55	TASTEGGIO	0	3	13000	73416	156020	186	-9	0.33	0.39	82800	
31/08/2011 09:23:29	TASTEGGIO	1	0	13000	73416	73233	242	-58	0.30	0.30	0	
31/08/2011 09:23:57	TASTEGGIO	0	1	13000	73416	73233	218	-63	0.41	0.41	0	
31/08/2011 09:24:25	TASTEGGIO	0	1	13000	73416	73255	161	-41	0.17	0.17	0	
31/08/2011 09:24:55	TASTEGGIO	0	0	13000	73416	73256	213	-41	0.28	0.28	0	
31/08/2011 09:25:24	TASTEGGIO	0	1	13000	73416	73260	166	-40	0.17	0.17	0	
31/08/2011 09:25:52	TASTEGGIO	0	1	13000	73416	73260	155	-15	0.06	0.06	0	
31/08/2011 09:26:05	TASTEGGIO	0	1	13000	73416	155969	155	-15	0.07	0.07	0	
31/08/2011 09:27:04	ALARM 17	proc 12 prog 10 step 47	LavoroTerminato
31/08/2011 10:38:13	ALARM 401		
31/08/2011 10:38:31	ALARM 401		
31/08/2011 10:48:03	ALARM 401		
31/08/2011 11:16:41	TASTEGGIO	0	1	6000	45978	126980	155	-15	0.12	0.13	82800	
31/08/2011 11:17:01	TASTEGGIO	1	0	6000	45978	44198	81	-2	0.12	0.12	0	
31/08/2011 11:17:16	TASTEGGIO	0	1	6000	45978	44207	92	-1	0.14	0.14	0	
31/08/2011 11:17:33	TASTEGGIO	0	2	6000	45978	44214	124	-1	0.13	0.13	0	
31/08/2011 11:17:50	TASTEGGIO	0	3	6000	45978	44216	160	-1	0.15	0.15	0	
31/08/2011 11:18:08	TASTEGGIO	0	4	6000	45978	44217	229	-12	0.05	0.05	0	
31/08/2011 11:18:20	TASTEGGIO	0	4	6000	45978	126959	229	-12	0.05	0.07	44500	
31/08/2011 11:20:11	TASTEGGIO	0	4	6000	45978	126860	229	-12	0.20	0.20	0	
31/08/2011 11:20:33	TASTEGGIO	1	0	6000	45978	126866	93	-4	0.15	0.15	0	
31/08/2011 11:20:54	TASTEGGIO	0	1	6000	45978	126866	104	-5	0.11	0.11	0	
31/08/2011 11:21:01	TASTEGGIO	0	1	6000	45978	126859	104	-5	0.12	0.12	0	
31/08/2011 11:21:23	TASTEGGIO	1	0	6000	45978	126864	80	0	0.09	0.09	0	
31/08/2011 11:21:42	TASTEGGIO	0	1	6000	45978	126869	86	-1	0.09	0.09	0	
31/08/2011 11:22:03	TASTEGGIO	0	2	6000	45978	126868	104	-3	0.06	0.06	0	
31/08/2011 11:22:11	TASTEGGIO	0	2	6000	45978	126859	104	-3	0.07	0.07	0	
31/08/2011 11:24:04	TASTEGGIO	0	2	6000	45978	127052	104	-3	0.05	0.09	82800	
31/08/2011 11:24:25	TASTEGGIO	1	0	6000	45978	44276	75	-1	0.08	0.08	0	
31/08/2011 11:24:40	TASTEGGIO	0	1	6000	45978	44280	82	0	0.07	0.07	0	
31/08/2011 11:24:51	TASTEGGIO	0	1	6000	45978	126947	82	0	0.05	0.07	82800	
31/08/2011 11:26:44	TASTEGGIO	0	1	6000	45978	126957	82	0	0.40	0.40	0	
31/08/2011 11:27:07	TASTEGGIO	1	0	6000	45978	126966	127	-10	0.31	0.31	0	
31/08/2011 11:27:28	TASTEGGIO	0	1	6000	45978	126966	151	-30	0.23	0.23	0	
31/08/2011 11:27:49	TASTEGGIO	0	2	6000	45978	126966	175	-74	0.52	0.52	0	
31/08/2011 11:28:04	TASTEGGIO	0	1	6000	45978	126966	57	-6	0.47	0.47	0	
31/08/2011 11:28:23	TASTEGGIO	0	2	6000	45978	126966	141	-47	0.16	0.16	0	
31/08/2011 11:28:42	TASTEGGIO	0	0	6000	45978	126966	86	-3	0.14	0.14	0	
31/08/2011 11:28:50	TASTEGGIO	0	0	6000	45978	126959	86	-3	0.14	0.17	82800	
31/08/2011 11:29:10	TASTEGGIO	1	0	6000	45978	44187	88	-1	0.16	0.16	0	
31/08/2011 11:29:27	TASTEGGIO	0	1	6000	45978	44193	103	-1	0.16	0.16	0	
31/08/2011 11:29:42	TASTEGGIO	0	2	6000	45978	44195	135	0	0.16	0.16	0	
31/08/2011 11:30:00	TASTEGGIO	0	3	6000	45978	44196	183	-3	0.14	0.14	0	
31/08/2011 11:30:12	TASTEGGIO	0	3	6000	45978	126858	183	-3	0.12	0.15	-82000	
31/08/2011 11:30:33	TASTEGGIO	1	0	6000	45978	208833	85	-3	0.15	0.15	0	
31/08/2011 11:30:49	TASTEGGIO	0	1	6000	45978	208833	100	-1	0.14	0.14	0	
31/08/2011 11:31:01	TASTEGGIO	0	1	6000	45978	126959	100	-1	0.10	0.13	-82000	
31/08/2011 11:31:22	TASTEGGIO	1	0	6000	45978	208927	81	-1	0.14	0.14	0	
31/08/2011 11:31:38	TASTEGGIO	0	1	6000	45978	208933	96	-1	0.14	0.14	0	
31/08/2011 11:31:56	TASTEGGIO	0	2	6000	45978	208937	124	-2	0.13	0.13	0	
31/08/2011 11:32:15	TASTEGGIO	0	3	6000	45978	208939	160	-16	0.14	0.14	0	
31/08/2011 11:32:34	TASTEGGIO	0	1	6000	45978	208940	144	-12	0.27	0.27	0	
31/08/2011 11:32:54	TASTEGGIO	0	2	6000	45978	208940	248	-89	0.66	0.66	0	
31/08/2011 11:33:10	TASTEGGIO	0	1	6000	45978	208940	86	-18	0.45	0.45	0	
31/08/2011 11:33:26	TASTEGGIO	0	2	6000	45978	208940	129	-7	0.39	0.39	0	
31/08/2011 11:33:46	TASTEGGIO	0	3	6000	45978	208940	230	-68	0.37	0.37	0	
31/08/2011 11:34:04	TASTEGGIO	0	1	6000	45978	208940	194	-42	0.12	0.12	0	
31/08/2011 11:34:23	TASTEGGIO	0	1	6000	45978	208940	190	-38	0.30	0.30	0	
31/08/2011 11:34:40	TASTEGGIO	0	1	6000	45978	208940	115	-10	0.16	0.16	0	
31/08/2011 11:34:57	TASTEGGIO	0	2	6000	45978	208940	127	-5	0.13	0.13	0	
31/08/2011 11:35:16	TASTEGGIO	0	3	6000	45978	208940	158	-10	0.04	0.04	0	
31/08/2011 11:35:27	TASTEGGIO	0	3	6000	45978	126968	158	-10	0.05	0.11	82800	
31/08/2011 11:37:18	TASTEGGIO	0	3	6000	45978	127049	158	-10	0.13	0.13	0	
31/08/2011 11:37:40	TASTEGGIO	1	0	6000	45978	127058	81	-3	0.12	0.12	0	
31/08/2011 11:38:00	TASTEGGIO	0	1	6000	45978	127062	92	-1	0.10	0.10	0	
31/08/2011 11:38:20	TASTEGGIO	0	2	6000	45978	127064	108	-4	0.06	0.06	0	
31/08/2011 11:38:27	TASTEGGIO	0	2	6000	45978	127054	108	-4	0.06	0.09	-82000	
31/08/2011 11:38:48	TASTEGGIO	1	0	6000	45978	209025	75	-1	0.08	0.08	0	
31/08/2011 11:39:04	TASTEGGIO	0	1	6000	45978	209028	82	-1	0.08	0.08	0	
31/08/2011 11:39:19	TASTEGGIO	0	2	6000	45978	209030	98	0	0.07	0.07	0	
31/08/2011 11:39:30	TASTEGGIO	0	2	6000	45978	127055	98	0	0.05	0.08	-82000	
31/08/2011 11:39:52	TASTEGGIO	1	0	6000	45978	209025	73	-1	0.08	0.08	0	
31/08/2011 11:40:08	TASTEGGIO	0	1	6000	45978	209030	81	0	0.07	0.07	0	
31/08/2011 11:40:19	TASTEGGIO	0	1	6000	45978	127056	81	0	0.05	0.07	82800	
31/08/2011 11:42:10	TASTEGGIO	0	1	6000	45978	127052	81	0	0.13	0.13	0	
31/08/2011 11:42:31	TASTEGGIO	1	0	6000	45978	127062	81	-2	0.11	0.11	0	
31/08/2011 11:42:50	TASTEGGIO	0	1	6000	45978	127063	90	-1	0.09	0.09	0	
31/08/2011 11:43:11	TASTEGGIO	0	2	6000	45978	127063	104	-3	0.08	0.08	0	
31/08/2011 11:43:19	TASTEGGIO	0	2	6000	45978	127053	104	-3	0.08	0.12	-82000	
31/08/2011 11:43:41	TASTEGGIO	1	0	6000	45978	209030	80	-1	0.12	0.12	0	
31/08/2011 11:43:58	TASTEGGIO	0	1	6000	45978	209030	92	-1	0.11	0.11	0	
31/08/2011 11:44:15	TASTEGGIO	0	2	6000	45978	209030	112	-1	0.11	0.11	0	
31/08/2011 11:44:33	TASTEGGIO	0	3	6000	45978	209030	145	-5	0.07	0.07	0	
31/08/2011 11:44:44	TASTEGGIO	0	3	6000	45978	127068	145	-5	0.03	0.07	-82000	
31/08/2011 11:46:35	TASTEGGIO	0	3	6000	45977	126955	145	-5	0.08	0.08	0	
31/08/2011 11:48:26	TASTEGGIO	0	3	6000	45977	127056	145	-5	0.05	0.09	-82000	
31/08/2011 11:48:48	TASTEGGIO	1	0	6000	45977	209033	75	-2	0.09	0.09	0	
31/08/2011 11:49:04	TASTEGGIO	0	1	6000	45977	209033	84	0	0.08	0.08	0	
31/08/2011 11:49:15	TASTEGGIO	0	1	6000	45977	127063	84	0	0.06	0.08	-82000	
31/08/2011 11:51:04	TASTEGGIO	0	1	6000	45978	127056	84	0	0.10	0.13	82800	
31/08/2011 11:51:25	TASTEGGIO	1	0	6000	45978	44295	81	-2	0.12	0.12	0	
31/08/2011 11:51:40	TASTEGGIO	0	1	6000	45978	44296	92	-1	0.12	0.12	0	
31/08/2011 11:51:57	TASTEGGIO	0	2	6000	45978	44298	116	-1	0.11	0.11	0	
31/08/2011 11:52:13	TASTEGGIO	0	3	6000	45978	44298	146	0	0.12	0.12	0	
31/08/2011 11:52:32	TASTEGGIO	0	4	6000	45978	44297	198	-3	0.10	0.10	0	
31/08/2011 11:52:51	TASTEGGIO	0	5	6000	45978	44297	239	-9	0.03	0.03	0	
31/08/2011 11:53:03	TASTEGGIO	0	5	6000	45978	126965	239	-9	0.03	0.04	44500	
31/08/2011 11:54:54	TASTEGGIO	0	5	6000	45978	127055	239	-9	0.15	0.17	44500	
31/08/2011 11:55:14	TASTEGGIO	1	0	6000	45978	82606	88	-2	0.17	0.17	0	
31/08/2011 11:55:32	TASTEGGIO	0	1	6000	45978	82603	105	0	0.17	0.17	0	
31/08/2011 11:55:51	TASTEGGIO	0	2	6000	45978	82601	139	-3	0.13	0.13	0	
31/08/2011 11:56:01	TASTEGGIO	0	2	6000	45978	126962	139	-3	0.12	0.12	0	
31/08/2011 11:56:23	TASTEGGIO	1	0	6000	45978	126960	80	-3	0.11	0.11	0	
31/08/2011 11:56:42	TASTEGGIO	0	1	6000	45978	126960	90	-2	0.09	0.09	0	
31/08/2011 11:57:03	TASTEGGIO	0	2	6000	45978	126960	104	-4	0.07	0.07	0	
31/08/2011 11:57:11	TASTEGGIO	0	2	6000	45978	126968	104	-4	0.06	0.10	82800	
31/08/2011 11:57:31	TASTEGGIO	1	0	6000	45978	44194	76	0	0.08	0.08	0	
31/08/2011 11:57:42	TASTEGGIO	1	0	6000	45978	126953	76	0	0.07	0.10	82800	
31/08/2011 11:58:03	TASTEGGIO	1	0	6000	45978	44183	76	-1	0.08	0.08	0	
31/08/2011 11:58:14	TASTEGGIO	1	0	6000	45978	126948	76	-1	0.07	0.08	82800	
31/08/2011 12:00:05	TASTEGGIO	1	0	6000	45978	127055	76	-1	0.34	0.34	0	
31/08/2011 12:00:27	TASTEGGIO	1	0	6000	45978	127065	117	-14	0.22	0.22	0	
31/08/2011 12:00:47	TASTEGGIO	0	1	6000	45978	127068	131	-20	0.04	0.04	0	
31/08/2011 12:00:54	TASTEGGIO	0	1	6000	45978	127056	131	-20	0.04	0.08	-82000	
31/08/2011 12:02:45	TASTEGGIO	0	1	6000	45978	127056	131	-20	0.25	0.25	0	
31/08/2011 12:03:07	TASTEGGIO	1	0	6000	45978	127066	102	-6	0.21	0.21	0	
31/08/2011 12:03:27	TASTEGGIO	0	1	6000	45978	127069	119	-9	0.12	0.12	0	
31/08/2011 12:03:34	TASTEGGIO	0	1	6000	45978	127056	119	-9	0.12	0.12	0	
31/08/2011 12:03:56	TASTEGGIO	1	0	6000	45978	127066	80	-1	0.12	0.12	0	
31/08/2011 12:04:15	TASTEGGIO	0	1	6000	45978	127068	92	0	0.12	0.12	0	
31/08/2011 12:04:37	TASTEGGIO	0	2	6000	45978	127070	116	-3	0.09	0.09	0	
31/08/2011 12:04:57	TASTEGGIO	0	3	6000	45978	127070	127	-9	0.04	0.04	0	
31/08/2011 12:05:04	TASTEGGIO	0	3	6000	45978	127056	127	-9	0.03	0.08	-82000	
31/08/2011 12:05:26	TASTEGGIO	1	0	6000	45978	209009	73	-2	0.07	0.07	0	
31/08/2011 12:05:37	TASTEGGIO	1	0	6000	45978	127065	73	-2	0.03	0.07	82800	
31/08/2011 12:06:34	ALARM 17	proc 12 prog 10 step 47	LavoroTerminato
31/08/2011 12:53:26	TASTEGGIO	1	0	6000	45977	126953	73	-2	0.17	0.18	44500	
31/08/2011 12:53:48	TASTEGGIO	1	0	6000	45977	82509	90	-2	0.20	0.20	0	
31/08/2011 12:54:05	TASTEGGIO	0	1	6000	45977	82512	112	0	0.20	0.20	0	
31/08/2011 12:54:26	TASTEGGIO	0	2	6000	45977	82513	152	-3	0.16	0.16	0	
31/08/2011 12:54:46	TASTEGGIO	0	3	6000	45977	82510	174	-7	0.10	0.10	0	
31/08/2011 12:54:57	TASTEGGIO	0	3	6000	45977	126868	174	-7	0.10	0.10	0	
31/08/2011 12:55:18	TASTEGGIO	1	0	6000	45977	126866	76	-1	0.08	0.08	0	
31/08/2011 12:55:38	TASTEGGIO	0	1	6000	45977	126866	82	-1	0.07	0.07	0	
31/08/2011 12:55:45	TASTEGGIO	0	1	6000	45977	126869	82	-1	0.08	0.08	0	
31/08/2011 12:56:06	TASTEGGIO	1	0	6000	45977	126868	73	0	0.08	0.08	0	
31/08/2011 12:56:25	TASTEGGIO	0	1	6000	45977	126868	81	0	0.07	0.07	0	
31/08/2011 12:56:32	TASTEGGIO	0	1	6000	45977	126874	81	0	0.08	0.08	82800	
31/08/2011 12:56:52	TASTEGGIO	1	0	6000	45977	44093	73	0	0.08	0.08	0	
31/08/2011 12:57:08	TASTEGGIO	0	1	6000	45977	44098	81	0	0.08	0.08	0	
31/08/2011 12:57:23	TASTEGGIO	0	2	6000	45977	44101	97	-1	0.08	0.08	0	
31/08/2011 12:57:39	TASTEGGIO	0	3	6000	45977	44104	121	0	0.08	0.08	0	
31/08/2011 12:57:55	TASTEGGIO	0	4	6000	45977	44107	153	-1	0.08	0.08	0	
31/08/2011 12:58:14	TASTEGGIO	0	5	6000	45977	44109	193	-3	0.07	0.07	0	
31/08/2011 12:58:25	TASTEGGIO	0	5	6000	45977	126862	193	-3	0.07	0.08	-82000	
31/08/2011 12:58:47	TASTEGGIO	1	0	6000	45977	208832	73	-1	0.08	0.08	0	
31/08/2011 12:59:03	TASTEGGIO	0	1	6000	45977	208834	81	0	0.08	0.08	0	
31/08/2011 12:59:21	TASTEGGIO	0	2	6000	45977	208836	97	-1	0.08	0.08	0	
31/08/2011 12:59:38	TASTEGGIO	0	3	6000	45977	208836	121	-2	0.06	0.06	0	
31/08/2011 12:59:49	TASTEGGIO	0	3	6000	45977	126967	121	-2	0.08	0.08	0	
31/08/2011 13:00:11	TASTEGGIO	1	0	6000	45977	126975	73	0	0.08	0.08	0	
31/08/2011 13:00:30	TASTEGGIO	0	1	6000	45977	126976	81	0	0.08	0.08	0	
31/08/2011 13:00:50	TASTEGGIO	0	2	6000	45977	126976	97	-1	0.06	0.06	0	
31/08/2011 13:00:57	TASTEGGIO	0	2	6000	45977	126970	97	-1	0.06	0.07	-82000	
31/08/2011 13:02:48	TASTEGGIO	0	2	6000	45978	127057	97	-1	0.09	0.11	-82000	
31/08/2011 13:03:10	TASTEGGIO	1	0	6000	45978	209033	78	-2	0.10	0.10	0	
31/08/2011 13:03:26	TASTEGGIO	0	1	6000	45978	209033	87	0	0.09	0.09	0	
31/08/2011 13:03:44	TASTEGGIO	0	2	6000	45978	209033	103	-1	0.09	0.09	0	
31/08/2011 13:04:01	TASTEGGIO	0	3	6000	45978	209033	130	-2	0.07	0.07	0	
31/08/2011 13:04:13	TASTEGGIO	0	3	6000	45978	127072	130	-2	0.08	0.10	82800	
31/08/2011 13:04:34	TASTEGGIO	1	0	6000	45978	44295	76	-1	0.11	0.11	0	
31/08/2011 13:04:49	TASTEGGIO	0	1	6000	45978	44298	88	0	0.10	0.10	0	
31/08/2011 13:05:04	TASTEGGIO	0	2	6000	45978	44303	106	-1	0.09	0.09	0	
31/08/2011 13:05:21	TASTEGGIO	0	3	6000	45978	44306	130	0	0.10	0.10	0	
31/08/2011 13:05:38	TASTEGGIO	0	4	6000	45978	44308	174	-1	0.09	0.09	0	
31/08/2011 13:05:57	TASTEGGIO	0	5	6000	45978	44308	214	-5	0.05	0.05	0	
31/08/2011 13:06:08	TASTEGGIO	0	5	6000	45978	126951	214	-5	0.09	0.09	0	
31/08/2011 13:06:30	TASTEGGIO	1	0	6000	45978	126949	75	-2	0.08	0.08	0	
31/08/2011 13:06:48	TASTEGGIO	0	1	6000	45978	126949	82	-1	0.07	0.07	0	
31/08/2011 13:06:56	TASTEGGIO	0	1	6000	45978	126955	82	-1	0.07	0.07	-82000	
31/08/2011 13:08:46	TASTEGGIO	0	1	6000	45978	127057	82	-1	0.12	0.14	-82000	
31/08/2011 13:09:09	TASTEGGIO	1	0	6000	45978	209033	83	-2	0.12	0.12	0	
31/08/2011 13:09:25	TASTEGGIO	0	1	6000	45978	209033	93	-2	0.11	0.11	0	
31/08/2011 13:09:43	TASTEGGIO	0	2	6000	45978	209033	113	-2	0.09	0.09	0	
31/08/2011 13:10:01	TASTEGGIO	0	3	6000	45978	209033	135	-6	0.04	0.04	0	
31/08/2011 13:10:12	TASTEGGIO	0	3	6000	45978	127072	135	-6	0.06	0.06	0	
31/08/2011 13:12:03	TASTEGGIO	0	3	6000	45978	127057	135	-6	0.24	0.24	0	
31/08/2011 13:12:25	TASTEGGIO	1	0	6000	45978	127065	100	-13	0.12	0.12	0	
31/08/2011 13:12:32	TASTEGGIO	1	0	6000	45978	127057	100	-13	0.10	0.10	0	
31/08/2011 13:12:54	TASTEGGIO	1	0	6000	45978	127066	76	0	0.11	0.11	0	
31/08/2011 13:13:14	TASTEGGIO	0	1	6000	45978	127068	88	-3	0.09	0.09	0	
31/08/2011 13:13:34	TASTEGGIO	0	2	6000	45978	127070	102	-12	0.10	0.10	0	
31/08/2011 13:13:54	TASTEGGIO	0	1	6000	45978	127071	90	-16	0.14	0.14	0	
31/08/2011 13:14:14	TASTEGGIO	0	1	6000	45978	127071	70	-4	0.09	0.09	0	
31/08/2011 13:14:34	TASTEGGIO	0	2	6000	45978	127071	78	-2	0.07	0.07	0	
31/08/2011 13:14:42	TASTEGGIO	0	2	6000	45978	127060	78	-2	0.07	0.09	-82000	
31/08/2011 13:15:03	TASTEGGIO	1	0	6000	45978	209036	75	-2	0.07	0.07	0	
31/08/2011 13:15:14	TASTEGGIO	1	0	6000	45978	127066	75	-2	0.06	0.08	82800	
31/08/2011 13:15:36	TASTEGGIO	1	0	6000	45978	44287	73	-1	0.06	0.06	0	
31/08/2011 13:15:47	TASTEGGIO	1	0	6000	45978	126961	73	-1	0.06	0.07	-82000	
31/08/2011 13:17:37	TASTEGGIO	1	0	6000	45978	127056	73	-1	0.15	0.29	44500	
31/08/2011 13:17:58	TASTEGGIO	1	0	6000	45978	82606	108	-1	0.29	0.29	0	
31/08/2011 13:18:18	TASTEGGIO	0	1	6000	45978	82608	137	-1	0.27	0.27	0	
31/08/2011 13:18:38	TASTEGGIO	0	2	6000	45978	82607	187	-15	0.17	0.17	0	
31/08/2011 13:18:59	TASTEGGIO	0	3	6000	45978	82599	205	-27	0.11	0.11	0	
31/08/2011 13:19:09	TASTEGGIO	0	3	6000	45978	126961	205	-27	0.18	0.24	-82000	
31/08/2011 13:19:32	TASTEGGIO	1	0	6000	45978	208939	100	-2	0.22	0.22	0	
31/08/2011 13:19:49	TASTEGGIO	0	1	6000	45978	208942	120	-1	0.22	0.22	0	
31/08/2011 13:20:06	TASTEGGIO	0	2	6000	45978	208942	164	-8	0.15	0.15	0	
31/08/2011 13:20:26	TASTEGGIO	0	3	6000	45978	208942	181	-10	0.11	0.11	0	
31/08/2011 13:20:37	TASTEGGIO	0	3	6000	45978	127078	181	-10	0.13	0.14	82800	
31/08/2011 13:20:58	TASTEGGIO	1	0	6000	45978	44297	83	0	0.15	0.15	0	
31/08/2011 13:21:13	TASTEGGIO	0	1	6000	45978	44304	99	-1	0.14	0.14	0	
31/08/2011 13:21:29	TASTEGGIO	0	2	6000	45978	44310	125	0	0.14	0.14	0	
31/08/2011 13:21:46	TASTEGGIO	0	3	6000	45978	44314	167	-1	0.14	0.14	0	
31/08/2011 13:22:04	TASTEGGIO	0	4	6000	45978	44316	223	-7	0.08	0.08	0	
31/08/2011 13:22:23	TASTEGGIO	0	5	6000	45978	44317	233	-5	0.04	0.04	0	
31/08/2011 13:22:34	TASTEGGIO	0	5	6000	45978	126970	233	-5	0.13	0.13	0	
31/08/2011 13:22:56	TASTEGGIO	1	0	6000	45978	126967	81	-2	0.12	0.12	0	
31/08/2011 13:23:17	TASTEGGIO	0	1	6000	45978	126967	92	-2	0.10	0.10	0	
31/08/2011 13:23:37	TASTEGGIO	0	2	6000	45978	126967	108	-7	0.04	0.04	0	
31/08/2011 13:23:44	TASTEGGIO	0	2	6000	45978	126973	108	-7	0.04	0.08	82800	
31/08/2011 13:24:05	TASTEGGIO	1	0	6000	45978	44193	73	-1	0.07	0.07	0	
31/08/2011 13:24:16	TASTEGGIO	1	0	6000	45978	126963	73	-1	0.05	0.08	-82000	
31/08/2011 13:24:38	TASTEGGIO	1	0	6000	45978	208944	73	-1	0.07	0.07	0	
31/08/2011 13:24:49	TASTEGGIO	1	0	6000	45978	127063	73	-1	0.04	0.07	82800	
31/08/2011 13:26:40	TASTEGGIO	1	0	6000	45977	126756	73	-1	0.08	0.08	0	
31/08/2011 13:27:02	TASTEGGIO	1	0	6000	45977	126762	73	-4	0.05	0.05	0	
31/08/2011 13:27:09	TASTEGGIO	1	0	6000	45977	126756	73	-4	0.05	0.07	-82000	
31/08/2011 13:29:00	TASTEGGIO	1	0	6000	45977	127043	73	-4	0.13	0.23	82800	
31/08/2011 13:29:21	TASTEGGIO	1	0	6000	45977	44262	98	-2	0.22	0.22	0	
31/08/2011 13:29:36	TASTEGGIO	0	1	6000	45977	44269	119	-1	0.21	0.21	0	
31/08/2011 13:29:53	TASTEGGIO	0	2	6000	45977	44278	159	-1	0.22	0.22	0	
31/08/2011 13:30:13	TASTEGGIO	0	3	6000	45977	44283	228	-6	0.15	0.15	0	
31/08/2011 13:30:32	TASTEGGIO	0	4	6000	45977	44284	248	-9	0.08	0.08	0	
31/08/2011 13:30:43	TASTEGGIO	0	4	6000	45977	126979	248	-9	0.10	0.11	-82000	
31/08/2011 13:31:05	TASTEGGIO	1	0	6000	45977	208960	78	-2	0.11	0.11	0	
31/08/2011 13:31:21	TASTEGGIO	0	1	6000	45977	208960	89	0	0.11	0.11	0	
31/08/2011 13:31:40	TASTEGGIO	0	2	6000	45977	208960	111	-1	0.09	0.09	0	
31/08/2011 13:31:57	TASTEGGIO	0	3	6000	45977	208960	133	-3	0.07	0.07	0	
31/08/2011 13:32:08	TASTEGGIO	0	3	6000	45977	127078	133	-3	0.11	0.11	0	
31/08/2011 13:32:31	TASTEGGIO	1	0	6000	45977	127088	78	-2	0.08	0.08	0	
31/08/2011 13:32:50	TASTEGGIO	0	1	6000	45977	127088	83	-1	0.07	0.07	0	
31/08/2011 13:32:57	TASTEGGIO	0	1	6000	45977	127077	83	-1	0.07	0.09	82800	
31/08/2011 13:33:17	TASTEGGIO	1	0	6000	45977	44292	75	0	0.09	0.09	0	
31/08/2011 13:33:33	TASTEGGIO	0	1	6000	45977	44300	84	0	0.09	0.09	0	
31/08/2011 13:33:48	TASTEGGIO	0	2	6000	45977	44306	102	0	0.09	0.09	0	
31/08/2011 13:34:05	TASTEGGIO	0	3	6000	45977	44310	129	-1	0.10	0.10	0	
31/08/2011 13:34:22	TASTEGGIO	0	4	6000	45977	44311	173	0	0.09	0.09	0	
31/08/2011 13:34:40	TASTEGGIO	0	5	6000	45977	44310	213	-1	0.08	0.08	0	
31/08/2011 13:35:01	TASTEGGIO	0	6	6000	45977	44312	255	-8	0.06	0.06	0	
31/08/2011 13:35:12	TASTEGGIO	0	6	6000	45977	126955	255	-8	0.09	0.09	0	
31/08/2011 13:35:34	TASTEGGIO	1	0	6000	45977	126953	75	0	0.08	0.08	0	
31/08/2011 13:35:53	TASTEGGIO	0	1	6000	45977	126952	82	-1	0.08	0.08	0	
31/08/2011 13:36:13	TASTEGGIO	0	2	6000	45977	126953	98	-3	0.05	0.05	0	
31/08/2011 13:36:21	TASTEGGIO	0	2	6000	45977	126959	98	-3	0.05	0.10	-82000	
31/08/2011 13:36:43	TASTEGGIO	1	0	6000	45977	208940	76	-1	0.10	0.10	0	
31/08/2011 13:36:59	TASTEGGIO	0	1	6000	45977	208941	86	0	0.10	0.10	0	
31/08/2011 13:37:16	TASTEGGIO	0	2	6000	45977	208941	106	-1	0.10	0.10	0	
31/08/2011 13:37:34	TASTEGGIO	0	3	6000	45977	208941	136	-2	0.09	0.09	0	
31/08/2011 13:37:53	TASTEGGIO	0	4	6000	45977	208941	168	-10	0.02	0.02	0	
31/08/2011 13:38:05	TASTEGGIO	0	4	6000	45977	127075	168	-10	0.06	0.06	0	
31/08/2011 13:39:55	TASTEGGIO	0	4	6000	45976	126956	168	-10	0.16	0.17	-82000	
31/08/2011 13:40:16	TASTEGGIO	1	0	6000	45976	208937	88	-2	0.17	0.17	0	
31/08/2011 13:40:33	TASTEGGIO	0	1	6000	45976	208937	105	-1	0.16	0.16	0	
31/08/2011 13:40:51	TASTEGGIO	0	2	6000	45976	208937	135	-3	0.14	0.14	0	
31/08/2011 13:41:03	TASTEGGIO	0	2	6000	45976	126959	135	-3	0.14	0.14	-82000	
31/08/2011 13:41:24	TASTEGGIO	1	0	6000	45976	208940	83	-1	0.14	0.14	0	
31/08/2011 13:41:40	TASTEGGIO	0	1	6000	45976	208940	97	-1	0.13	0.13	0	
31/08/2011 13:41:59	TASTEGGIO	0	2	6000	45976	208940	121	-1	0.13	0.13	0	
31/08/2011 13:42:17	TASTEGGIO	0	3	6000	45976	208940	160	-7	0.07	0.07	0	
31/08/2011 13:42:28	TASTEGGIO	0	3	6000	45976	126966	160	-7	0.13	0.13	0	
31/08/2011 13:42:49	TASTEGGIO	1	0	6000	45976	126973	81	-3	0.11	0.11	0	
31/08/2011 13:43:09	TASTEGGIO	0	1	6000	45976	126972	90	-2	0.10	0.10	0	
31/08/2011 13:43:29	TASTEGGIO	0	2	6000	45976	126975	108	-6	0.05	0.05	0	
31/08/2011 13:43:37	TASTEGGIO	0	2	6000	45976	126966	108	-6	0.06	0.09	82800	
31/08/2011 13:43:58	TASTEGGIO	1	0	6000	45976	44189	75	0	0.09	0.09	0	
31/08/2011 13:44:13	TASTEGGIO	0	1	6000	45976	44195	84	0	0.10	0.10	0	
31/08/2011 13:44:28	TASTEGGIO	0	2	6000	45976	44202	106	0	0.09	0.09	0	
31/08/2011 13:44:44	TASTEGGIO	0	3	6000	45976	44206	130	-1	0.09	0.09	0	
31/08/2011 13:45:01	TASTEGGIO	0	4	6000	45976	44208	166	0	0.09	0.09	0	
31/08/2011 13:45:20	TASTEGGIO	0	5	6000	45976	44210	211	-5	0.05	0.05	0	
31/08/2011 13:45:32	TASTEGGIO	0	5	6000	45976	126869	211	-5	0.05	0.08	-82000	
31/08/2011 13:45:54	TASTEGGIO	1	0	6000	45976	208843	73	-1	0.08	0.08	0	
31/08/2011 13:46:11	TASTEGGIO	0	1	6000	45976	208843	81	-1	0.08	0.08	0	
31/08/2011 13:46:29	TASTEGGIO	0	2	6000	45976	208843	97	0	0.09	0.09	0	
31/08/2011 13:46:47	TASTEGGIO	0	3	6000	45976	208843	127	-1	0.08	0.08	0	
31/08/2011 13:47:06	TASTEGGIO	0	4	6000	45976	208843	155	-1	0.07	0.07	0	
31/08/2011 13:47:17	TASTEGGIO	0	4	6000	45976	126969	155	-1	0.06	0.06	-82000	
31/08/2011 13:48:15	ALARM 17	proc 12 prog 10 step 47	LavoroTerminato
31/08/2011 14:28:15	ALARM 406		
