01/06/2011 07:53:34	ALARM 401		
01/06/2011 07:53:36	INIT OK
01/06/2011 08:26:20	TASTEGGIO	0	0	12000	69495	148698	0	0	0.25	0.33	-24500	
01/06/2011 08:26:45	TASTEGGIO	1	0	12000	69495	173203	247	-68	0.40	0.40	0	
01/06/2011 08:27:05	TASTEGGIO	0	1	12000	69495	173203	198	-43	0.08	0.08	0	
01/06/2011 08:27:16	TASTEGGIO	0	1	12000	69495	148766	198	-43	0.09	0.25	44500	
01/06/2011 08:27:41	TASTEGGIO	1	0	12000	69495	104291	237	-43	0.23	0.23	0	
01/06/2011 08:28:01	TASTEGGIO	0	1	12000	69495	104297	215	-37	0.13	0.13	0	
01/06/2011 08:28:13	TASTEGGIO	0	1	12000	69495	148656	215	-37	0.12	0.15	97500	
01/06/2011 08:28:40	TASTEGGIO	1	0	12000	69495	51179	224	-9	0.09	0.09	0	
01/06/2011 08:28:53	TASTEGGIO	1	0	12000	69495	148650	224	-9	0.07	0.10	-97500	
01/06/2011 08:29:19	TASTEGGIO	1	0	12000	69495	246139	218	-21	0.11	0.11	0	
01/06/2011 08:29:39	TASTEGGIO	0	1	12000	69495	246157	205	-20	0.09	0.09	0	
01/06/2011 08:29:52	TASTEGGIO	0	1	12000	69495	148787	205	-20	0.08	0.11	44500	
01/06/2011 08:30:16	TASTEGGIO	1	0	12000	69495	104325	219	-34	0.34	0.34	0	
01/06/2011 08:30:35	TASTEGGIO	0	1	12000	69495	104328	113	-4	0.29	0.29	0	
01/06/2011 08:30:53	TASTEGGIO	0	2	12000	69495	104331	162	-12	0.18	0.18	0	
01/06/2011 08:31:12	TASTEGGIO	0	3	12000	69495	104332	181	-12	0.07	0.07	0	
01/06/2011 08:31:23	TASTEGGIO	0	3	12000	69495	148684	181	-12	0.14	0.14	0	
01/06/2011 08:31:46	TASTEGGIO	1	0	12000	69495	148700	223	-59	0.43	0.43	0	
01/06/2011 08:32:05	TASTEGGIO	0	1	12000	69495	148704	90	-4	0.38	0.38	0	
01/06/2011 08:32:26	TASTEGGIO	0	2	12000	69495	148709	157	-17	0.21	0.21	0	
01/06/2011 08:32:45	TASTEGGIO	0	3	12000	69495	148711	177	-15	0.06	0.06	0	
01/06/2011 08:32:54	TASTEGGIO	0	3	12000	69495	148716	177	-15	0.07	0.14	24500	
01/06/2011 08:33:18	TASTEGGIO	1	0	12000	69495	124245	223	-40	0.29	0.29	0	
01/06/2011 08:33:38	TASTEGGIO	0	1	12000	69495	124248	162	-19	0.10	0.10	0	
01/06/2011 08:33:57	TASTEGGIO	0	0	12000	69495	124249	218	-32	0.22	0.22	0	
01/06/2011 08:34:17	TASTEGGIO	0	1	12000	69495	124253	169	-15	0.08	0.08	0	
01/06/2011 08:34:27	TASTEGGIO	0	1	12000	69495	148687	169	-15	0.01	0.11	-97500	
01/06/2011 08:34:53	TASTEGGIO	1	0	12000	69495	246176	219	-18	0.09	0.09	0	
01/06/2011 08:35:06	TASTEGGIO	1	0	12000	69495	148802	219	-18	0.10	0.14	-44500	
01/06/2011 08:35:32	TASTEGGIO	1	0	12000	69495	193296	223	-41	0.29	0.29	0	
01/06/2011 08:35:51	TASTEGGIO	0	1	12000	69495	193313	162	-20	0.10	0.10	0	
01/06/2011 08:36:11	TASTEGGIO	0	0	12000	69495	193322	218	-35	0.24	0.24	0	
01/06/2011 08:36:30	TASTEGGIO	0	1	12000	69495	193322	160	-15	0.10	0.10	0	
01/06/2011 08:36:50	TASTEGGIO	0	0	12000	69495	193324	218	-17	0.07	0.07	0	
01/06/2011 08:37:01	TASTEGGIO	0	0	12000	69495	148827	218	-17	0.08	0.13	24500	
01/06/2011 08:37:25	TASTEGGIO	1	0	12000	69495	124356	221	-23	0.16	0.16	0	
01/06/2011 08:37:45	TASTEGGIO	0	1	12000	69495	124358	201	-32	0.15	0.15	0	
01/06/2011 08:38:05	TASTEGGIO	0	1	12000	69495	124361	186	-22	0.08	0.08	0	
01/06/2011 08:38:15	TASTEGGIO	0	1	12000	69495	148683	186	-22	0.04	0.09	-24500	
01/06/2011 08:40:05	TASTEGGIO	0	1	12000	69494	148554	186	-22	0.14	0.24	97500	
01/06/2011 08:40:32	TASTEGGIO	1	0	12000	69494	51078	236	-10	0.17	0.17	0	
01/06/2011 08:40:53	TASTEGGIO	0	1	12000	69494	51078	248	-7	0.11	0.11	0	
01/06/2011 08:41:05	TASTEGGIO	0	1	12000	69494	148479	248	-7	0.06	0.12	97500	
01/06/2011 08:41:32	TASTEGGIO	1	0	12000	69494	50998	220	-1	0.11	0.11	0	
01/06/2011 08:41:51	TASTEGGIO	0	1	12000	69494	50999	240	-2	0.09	0.09	0	
01/06/2011 08:42:04	TASTEGGIO	0	1	12000	69494	148467	240	-2	0.07	0.11	-44500	
01/06/2011 08:42:28	TASTEGGIO	1	0	12000	69494	192986	219	-54	0.43	0.43	0	
01/06/2011 08:42:46	TASTEGGIO	0	1	12000	69494	192997	50	-1	0.41	0.41	0	
01/06/2011 08:43:06	TASTEGGIO	0	1	12000	69494	193002	167	-24	0.18	0.18	0	
01/06/2011 08:43:26	TASTEGGIO	0	0	12000	69494	193002	228	-44	0.26	0.26	0	
01/06/2011 08:43:47	TASTEGGIO	0	1	12000	69494	192999	190	-19	0.07	0.07	0	
01/06/2011 08:43:58	TASTEGGIO	0	1	12000	69494	148605	190	-19	0.04	0.10	97500	
01/06/2011 08:44:25	TASTEGGIO	1	0	12000	69494	51133	218	0	0.10	0.10	0	
01/06/2011 08:44:46	TASTEGGIO	0	1	12000	69494	51137	238	-1	0.09	0.09	0	
01/06/2011 08:44:59	TASTEGGIO	0	1	12000	69494	148489	238	-1	0.05	0.10	-97500	
01/06/2011 08:45:24	TASTEGGIO	1	0	12000	69494	246000	218	-24	0.16	0.16	0	
01/06/2011 08:45:45	TASTEGGIO	0	1	12000	69494	246015	192	-18	0.02	0.02	0	
01/06/2011 08:45:58	TASTEGGIO	0	1	12000	69494	148642	192	-18	0.05	0.12	44500	
01/06/2011 08:46:24	TASTEGGIO	1	0	12000	69494	104172	220	-44	0.34	0.34	0	
01/06/2011 08:46:44	TASTEGGIO	0	1	12000	69494	104176	123	-6	0.28	0.28	0	
01/06/2011 08:47:05	TASTEGGIO	0	2	12000	69494	104175	169	-15	0.14	0.14	0	
01/06/2011 08:47:26	TASTEGGIO	0	0	12000	69494	104179	223	-31	0.16	0.16	0	
01/06/2011 08:47:47	TASTEGGIO	0	1	12000	69494	104178	204	-16	0.01	0.01	0	
01/06/2011 08:47:59	TASTEGGIO	0	1	12000	69494	148494	204	-16	0.05	0.06	97500	
01/06/2011 08:49:49	TASTEGGIO	0	1	12000	69494	148523	204	-16	0.12	0.27	-97500	
01/06/2011 08:50:16	TASTEGGIO	1	0	12000	69494	246010	240	-25	0.13	0.13	0	
01/06/2011 08:50:29	TASTEGGIO	1	0	12000	69494	148584	240	-25	0.08	0.12	-97500	
01/06/2011 08:50:56	TASTEGGIO	1	0	12000	69494	246070	220	-17	0.06	0.06	0	
01/06/2011 08:51:09	TASTEGGIO	1	0	12000	69494	148586	220	-17	0.09	0.15	44500	
01/06/2011 08:51:36	TASTEGGIO	1	0	12000	69494	104110	224	-40	0.25	0.25	0	
01/06/2011 08:51:56	TASTEGGIO	0	1	12000	69494	104114	182	-24	0.03	0.03	0	
01/06/2011 08:52:08	TASTEGGIO	0	1	12000	69494	148473	182	-24	0.09	0.09	0	
01/06/2011 08:53:57	TASTEGGIO	0	1	12000	69494	148586	182	-24	0.47	0.47	0	
01/06/2011 08:54:22	TASTEGGIO	1	0	12000	69494	148606	265	-67	0.18	0.18	0	
01/06/2011 08:54:45	TASTEGGIO	0	1	12000	69494	148606	258	-93	0.74	0.74	0	
01/06/2011 08:55:01	TASTEGGIO	0	1	12000	69494	148609	0	-1	0.73	0.73	0	
01/06/2011 08:55:21	TASTEGGIO	0	1	12000	69494	148610	216	-25	0.47	0.47	0	
01/06/2011 08:55:43	TASTEGGIO	0	2	12000	69494	148610	258	-31	0.19	0.19	0	
01/06/2011 08:56:04	TASTEGGIO	0	0	12000	69494	148610	229	-21	0.09	0.09	0	
01/06/2011 08:56:13	TASTEGGIO	0	0	12000	69494	148611	229	-21	0.09	0.16	97500	
01/06/2011 08:56:39	TASTEGGIO	1	0	12000	69494	51137	225	-9	0.08	0.08	0	
01/06/2011 08:56:52	TASTEGGIO	1	0	12000	69494	148574	225	-9	0.07	0.10	44500	
01/06/2011 08:57:16	TASTEGGIO	1	0	12000	69494	104101	218	-48	0.56	0.56	0	
01/06/2011 08:57:32	TASTEGGIO	0	1	12000	69494	104105	0	0	0.55	0.55	0	
01/06/2011 08:57:54	TASTEGGIO	0	1	12000	69494	104106	162	-10	0.46	0.46	0	
01/06/2011 08:58:14	TASTEGGIO	0	2	12000	69494	104109	238	-31	0.16	0.16	0	
01/06/2011 08:58:35	TASTEGGIO	0	0	12000	69494	104113	225	-15	0.04	0.04	0	
01/06/2011 08:58:46	TASTEGGIO	0	0	12000	69494	148588	225	-15	0.02	0.07	97500	
01/06/2011 09:00:37	TASTEGGIO	0	0	12000	69494	148735	225	-15	0.15	0.19	-24500	
01/06/2011 09:01:02	TASTEGGIO	1	0	12000	69494	173227	229	-66	0.47	0.47	0	
01/06/2011 09:01:22	TASTEGGIO	0	1	12000	69494	173230	112	-8	0.37	0.37	0	
01/06/2011 09:01:42	TASTEGGIO	0	2	12000	69494	173233	153	-15	0.23	0.23	0	
01/06/2011 09:02:01	TASTEGGIO	0	3	12000	69494	173235	177	-19	0.05	0.05	0	
01/06/2011 09:02:12	TASTEGGIO	0	3	12000	69494	148795	177	-19	0.06	0.16	97500	
01/06/2011 09:02:38	TASTEGGIO	1	0	12000	69494	51321	225	-7	0.12	0.12	0	
01/06/2011 09:02:51	TASTEGGIO	1	0	12000	69494	148678	225	-7	0.08	0.11	97500	
01/06/2011 09:03:17	TASTEGGIO	1	0	12000	69494	51198	219	-2	0.10	0.10	0	
01/06/2011 09:03:37	TASTEGGIO	0	1	12000	69494	51201	237	-6	0.04	0.04	0	
01/06/2011 09:03:50	TASTEGGIO	0	1	12000	69494	148682	237	-6	0.10	0.10	0	
01/06/2011 09:04:13	TASTEGGIO	1	0	12000	69494	148700	218	-57	0.46	0.46	0	
01/06/2011 09:04:29	TASTEGGIO	0	1	12000	69494	148705	6	-1	0.44	0.44	0	
01/06/2011 09:04:48	TASTEGGIO	0	1	12000	69494	148713	132	-12	0.33	0.33	0	
01/06/2011 09:05:08	TASTEGGIO	0	2	12000	69494	148715	167	-15	0.17	0.17	0	
01/06/2011 09:05:30	TASTEGGIO	0	3	12000	69494	148713	182	-14	0.04	0.04	0	
01/06/2011 09:05:38	TASTEGGIO	0	3	12000	69494	148719	182	-14	0.04	0.11	-97500	
01/06/2011 09:06:05	TASTEGGIO	1	0	12000	69494	246197	219	-22	0.13	0.13	0	
01/06/2011 09:06:26	TASTEGGIO	0	1	12000	69494	246224	203	-18	0.08	0.08	0	
01/06/2011 09:06:38	TASTEGGIO	0	1	12000	69494	148851	203	-18	0.08	0.10	-24500	
01/06/2011 09:07:04	TASTEGGIO	1	0	12000	69494	173334	218	-58	0.50	0.50	0	
01/06/2011 09:07:20	TASTEGGIO	0	1	12000	69494	173357	0	-1	0.49	0.49	0	
01/06/2011 09:07:39	TASTEGGIO	0	1	12000	69494	173371	144	-15	0.34	0.34	0	
01/06/2011 09:07:58	TASTEGGIO	0	2	12000	69494	173373	177	-14	0.19	0.19	0	
01/06/2011 09:08:19	TASTEGGIO	0	3	12000	69494	173371	195	-13	0.06	0.06	0	
01/06/2011 09:08:30	TASTEGGIO	0	3	12000	69494	148842	195	-13	0.06	0.10	44500	
01/06/2011 09:10:20	TASTEGGIO	0	3	12000	69494	148561	195	-13	0.11	0.15	24500	
01/06/2011 09:10:45	TASTEGGIO	1	0	12000	69494	124080	224	-51	0.37	0.37	0	
01/06/2011 09:11:05	TASTEGGIO	0	1	12000	69494	124082	132	-11	0.26	0.26	0	
01/06/2011 09:11:26	TASTEGGIO	0	2	12000	69494	124082	157	-11	0.14	0.14	0	
01/06/2011 09:11:37	TASTEGGIO	0	2	12000	69494	148476	157	-11	0.14	0.14	0	
01/06/2011 09:12:01	TASTEGGIO	1	0	12000	69494	148475	223	-60	0.46	0.46	0	
01/06/2011 09:12:20	TASTEGGIO	0	1	12000	69494	148480	71	-4	0.44	0.44	0	
01/06/2011 09:12:40	TASTEGGIO	0	1	12000	69494	148484	197	-32	0.10	0.10	0	
01/06/2011 09:12:48	TASTEGGIO	0	1	12000	69494	148488	197	-32	0.11	0.15	-24500	
01/06/2011 09:13:14	TASTEGGIO	1	0	12000	69494	172977	224	-61	0.46	0.46	0	
01/06/2011 09:13:32	TASTEGGIO	0	1	12000	69494	173001	82	-5	0.40	0.40	0	
01/06/2011 09:13:53	TASTEGGIO	0	2	12000	69494	173009	151	-17	0.24	0.24	0	
01/06/2011 09:14:12	TASTEGGIO	0	3	12000	69494	173013	175	-22	0.04	0.04	0	
01/06/2011 09:14:22	TASTEGGIO	0	3	12000	69494	148594	175	-22	0.06	0.07	24500	
01/06/2011 09:16:11	TASTEGGIO	0	3	12000	69494	148611	175	-22	0.10	0.23	97500	
01/06/2011 09:16:37	TASTEGGIO	1	0	12000	69494	51138	234	-9	0.17	0.17	0	
01/06/2011 09:16:58	TASTEGGIO	0	1	12000	69494	51140	246	-8	0.08	0.08	0	
01/06/2011 09:17:10	TASTEGGIO	0	1	12000	69494	148575	246	-8	0.05	0.08	97500	
01/06/2011 09:19:01	TASTEGGIO	0	1	12000	69494	148528	246	-8	0.05	0.10	-97500	
01/06/2011 09:20:52	TASTEGGIO	0	1	12000	69494	148731	246	-8	0.46	0.51	44500	
01/06/2011 09:21:18	TASTEGGIO	1	0	12000	69494	104268	270	-38	0.24	0.24	0	
01/06/2011 09:21:39	TASTEGGIO	0	0	12000	69494	104271	236	-21	0.04	0.04	0	
01/06/2011 09:21:51	TASTEGGIO	0	0	12000	69494	148680	236	-21	0.09	0.18	-24500	
01/06/2011 09:22:16	TASTEGGIO	1	0	12000	69494	173170	228	-52	0.35	0.35	0	
01/06/2011 09:22:36	TASTEGGIO	0	1	12000	69494	173175	159	-17	0.17	0.17	0	
01/06/2011 09:22:59	TASTEGGIO	0	0	12000	69494	173176	227	-35	0.19	0.19	0	
01/06/2011 09:23:20	TASTEGGIO	0	1	12000	69494	173181	205	-39	0.20	0.20	0	
01/06/2011 09:23:40	TASTEGGIO	0	1	12000	69494	173184	183	-21	0.04	0.04	0	
01/06/2011 09:23:50	TASTEGGIO	0	1	12000	69494	148768	183	-21	0.12	0.15	24500	
01/06/2011 09:24:17	TASTEGGIO	1	0	12000	69494	124305	224	-43	0.30	0.30	0	
01/06/2011 09:24:37	TASTEGGIO	0	1	12000	69494	124307	164	-9	0.21	0.21	0	
01/06/2011 09:24:57	TASTEGGIO	0	2	12000	69494	124311	184	-6	0.13	0.13	0	
01/06/2011 09:25:08	TASTEGGIO	0	2	12000	69494	148686	184	-6	0.15	0.16	-24500	
01/06/2011 09:25:33	TASTEGGIO	1	0	12000	69494	173175	225	-22	0.12	0.12	0	
01/06/2011 09:25:43	TASTEGGIO	1	0	12000	69494	148799	225	-22	0.08	0.15	-44500	
01/06/2011 09:26:09	TASTEGGIO	1	0	12000	69494	193293	224	-32	0.20	0.20	0	
01/06/2011 09:26:29	TASTEGGIO	0	1	12000	69494	193314	197	-27	0.12	0.12	0	
01/06/2011 09:26:41	TASTEGGIO	0	1	12000	69494	148827	197	-27	0.11	0.15	97500	
01/06/2011 09:27:09	TASTEGGIO	1	0	12000	69494	51354	224	-5	0.12	0.12	0	
01/06/2011 09:27:21	TASTEGGIO	1	0	12000	69494	148681	224	-5	0.08	0.13	97500	
01/06/2011 09:27:47	TASTEGGIO	1	0	12000	69494	51205	221	-6	0.09	0.09	0	
01/06/2011 09:28:00	TASTEGGIO	1	0	12000	69494	148682	221	-6	0.07	0.10	-97500	
01/06/2011 09:29:51	TASTEGGIO	1	0	12000	69494	148568	221	-6	0.41	0.47	24500	
01/06/2011 09:30:16	TASTEGGIO	1	0	12000	69494	124092	265	-46	0.20	0.20	0	
01/06/2011 09:30:38	TASTEGGIO	0	0	12000	69494	124097	230	-36	0.17	0.17	0	
01/06/2011 09:30:59	TASTEGGIO	0	1	12000	69494	124100	215	-41	0.23	0.23	0	
01/06/2011 09:31:20	TASTEGGIO	0	1	12000	69494	124102	183	-7	0.16	0.16	0	
01/06/2011 09:31:41	TASTEGGIO	0	2	12000	69494	124103	198	-4	0.12	0.12	0	
01/06/2011 09:31:51	TASTEGGIO	0	2	12000	69494	148564	198	-4	0.08	0.15	97500	
01/06/2011 09:32:18	TASTEGGIO	1	0	12000	69494	51091	224	-6	0.11	0.11	0	
01/06/2011 09:32:30	TASTEGGIO	1	0	12000	69494	148565	224	-6	0.11	0.16	-44500	
01/06/2011 09:32:57	TASTEGGIO	1	0	12000	69494	193065	225	-40	0.25	0.25	0	
01/06/2011 09:33:17	TASTEGGIO	0	1	12000	69494	193084	185	-23	0.07	0.07	0	
01/06/2011 09:33:29	TASTEGGIO	0	1	12000	69494	148701	185	-23	0.09	0.13	44500	
01/06/2011 09:33:56	TASTEGGIO	1	0	12000	69494	104234	221	-28	0.28	0.28	0	
01/06/2011 09:34:16	TASTEGGIO	0	1	12000	69494	104236	160	-9	0.19	0.19	0	
01/06/2011 09:34:36	TASTEGGIO	0	2	12000	69494	104241	178	-7	0.11	0.11	0	
01/06/2011 09:34:58	TASTEGGIO	0	3	12000	69494	104242	189	-5	0.07	0.07	0	
01/06/2011 09:35:10	TASTEGGIO	0	3	12000	69494	148586	189	-5	0.06	0.08	-97500	
01/06/2011 09:36:59	TASTEGGIO	0	3	12000	69494	148499	189	-5	0.05	0.11	-97500	
01/06/2011 09:37:26	TASTEGGIO	1	0	12000	69494	245994	219	-25	0.15	0.15	0	
01/06/2011 09:37:47	TASTEGGIO	0	1	12000	69494	245995	198	-17	0.04	0.04	0	
01/06/2011 09:38:00	TASTEGGIO	0	1	12000	69494	148587	198	-17	0.02	0.08	97500	
01/06/2011 09:39:50	TASTEGGIO	0	1	12000	69493	148623	198	-17	0.14	0.21	-44500	
01/06/2011 09:40:16	TASTEGGIO	1	0	12000	69493	193105	232	-52	0.31	0.31	0	
01/06/2011 09:40:36	TASTEGGIO	0	1	12000	69493	193105	186	-32	0.05	0.05	0	
01/06/2011 09:40:48	TASTEGGIO	0	1	12000	69493	148681	186	-32	0.17	0.17	0	
01/06/2011 09:41:12	TASTEGGIO	1	0	12000	69493	148703	227	-62	0.44	0.44	0	
01/06/2011 09:41:32	TASTEGGIO	0	1	12000	69493	148705	113	-7	0.36	0.36	0	
01/06/2011 09:41:52	TASTEGGIO	0	2	12000	69493	148708	171	-20	0.15	0.15	0	
01/06/2011 09:42:13	TASTEGGIO	0	0	12000	69493	148709	224	-42	0.28	0.28	0	
01/06/2011 09:42:34	TASTEGGIO	0	1	12000	69493	148715	171	-18	0.09	0.09	0	
01/06/2011 09:42:42	TASTEGGIO	0	1	12000	69493	148713	171	-18	0.09	0.09	0	
01/06/2011 09:43:40	ALARM 17	proc 12 prog 10 step 47	LavoroTerminato
01/06/2011 09:56:07	TASTEGGIO	0	1	12000	69494	148796	171	-18	0.56	0.56	24500	
01/06/2011 09:56:33	TASTEGGIO	1	0	12000	69494	124336	277	-61	0.26	0.26	0	
01/06/2011 09:56:55	TASTEGGIO	0	1	12000	69494	124336	264	-67	0.43	0.43	0	
01/06/2011 09:57:15	TASTEGGIO	0	1	12000	69494	124335	192	-28	0.15	0.15	0	
01/06/2011 09:57:36	TASTEGGIO	0	0	12000	69494	124334	224	-22	0.07	0.07	0	
01/06/2011 09:57:46	TASTEGGIO	0	0	12000	69494	148773	224	-22	0.07	0.13	-97500	
01/06/2011 09:58:13	TASTEGGIO	1	0	12000	69494	246249	221	-18	0.05	0.05	0	
01/06/2011 09:58:25	TASTEGGIO	1	0	12000	69494	148869	221	-18	0.12	0.13	24500	
01/06/2011 09:58:49	TASTEGGIO	1	0	12000	69494	124393	221	-36	0.24	0.24	0	
01/06/2011 09:59:09	TASTEGGIO	0	1	12000	69494	124398	176	-11	0.12	0.12	0	
01/06/2011 09:59:29	TASTEGGIO	0	0	12000	69494	124404	220	-8	0.04	0.04	0	
01/06/2011 09:59:40	TASTEGGIO	0	0	12000	69494	148772	220	-8	0.03	0.07	-24500	
01/06/2011 10:01:30	TASTEGGIO	0	0	12000	69494	148574	220	-8	0.78	0.78	0	
01/06/2011 10:01:54	TASTEGGIO	1	0	12000	69494	148592	305	-65	0.17	0.17	0	
01/06/2011 10:02:16	TASTEGGIO	0	0	12000	69494	148595	227	-21	0.08	0.08	0	
01/06/2011 10:02:24	TASTEGGIO	0	0	12000	69494	148557	227	-21	0.08	0.16	-97500	
01/06/2011 10:02:51	TASTEGGIO	1	0	12000	69494	246029	225	-21	0.11	0.11	0	
01/06/2011 10:03:04	TASTEGGIO	1	0	12000	69494	148578	225	-21	0.10	0.10	0	
01/06/2011 10:04:54	TASTEGGIO	1	0	12000	69493	148504	225	-21	0.29	0.29	0	
01/06/2011 10:05:18	TASTEGGIO	1	0	12000	69493	148521	242	-57	0.24	0.24	0	
01/06/2011 10:05:40	TASTEGGIO	0	1	12000	69493	148522	222	-52	0.27	0.27	0	
01/06/2011 10:06:01	TASTEGGIO	0	1	12000	69493	148522	191	-17	0.13	0.13	0	
01/06/2011 10:06:10	TASTEGGIO	0	1	12000	69493	148521	191	-17	0.11	0.13	-44500	
01/06/2011 10:06:36	TASTEGGIO	1	0	12000	69493	193018	221	-45	0.32	0.32	0	
01/06/2011 10:06:56	TASTEGGIO	0	1	12000	69493	193018	142	-15	0.17	0.17	0	
01/06/2011 10:07:15	TASTEGGIO	0	2	12000	69493	193021	154	-9	0.09	0.09	0	
01/06/2011 10:07:26	TASTEGGIO	0	2	12000	69493	148609	154	-9	0.07	0.12	-24500	
01/06/2011 10:07:51	TASTEGGIO	1	0	12000	69493	173105	220	-47	0.36	0.36	0	
01/06/2011 10:08:11	TASTEGGIO	0	1	12000	69493	173126	112	-10	0.27	0.27	0	
01/06/2011 10:08:30	TASTEGGIO	0	2	12000	69493	173136	140	-9	0.17	0.17	0	
01/06/2011 10:08:48	TASTEGGIO	0	3	12000	69493	173138	158	-7	0.09	0.09	0	
01/06/2011 10:08:59	TASTEGGIO	0	3	12000	69493	148638	158	-7	0.12	0.12	0	
01/06/2011 10:09:23	TASTEGGIO	1	0	12000	69493	148659	220	-28	0.20	0.20	0	
01/06/2011 10:09:43	TASTEGGIO	0	1	12000	69493	148666	186	-30	0.11	0.11	0	
01/06/2011 10:10:03	TASTEGGIO	0	1	12000	69493	148673	179	-21	0.11	0.11	0	
01/06/2011 10:10:24	TASTEGGIO	0	1	12000	69493	148674	168	-11	0.02	0.02	0	
01/06/2011 10:10:32	TASTEGGIO	0	1	12000	69493	148661	168	-11	0.01	0.04	24500	
01/06/2011 10:12:23	TASTEGGIO	0	1	12000	69493	148619	168	-11	0.89	0.89	0	
01/06/2011 10:12:49	TASTEGGIO	1	0	12000	69493	148640	319	-69	0.27	0.27	0	
01/06/2011 10:13:10	TASTEGGIO	0	0	12000	69493	148640	240	-24	0.10	0.10	0	
01/06/2011 10:13:19	TASTEGGIO	0	0	12000	69493	148632	240	-24	0.10	0.20	-44500	
01/06/2011 10:13:45	TASTEGGIO	1	0	12000	69493	193115	230	-49	0.31	0.31	0	
01/06/2011 10:14:05	TASTEGGIO	0	1	12000	69493	193117	181	-26	0.04	0.04	0	
01/06/2011 10:14:16	TASTEGGIO	0	1	12000	69493	148679	181	-26	0.14	0.14	0	
01/06/2011 10:14:41	TASTEGGIO	1	0	12000	69493	148700	223	-60	0.45	0.45	0	
01/06/2011 10:15:00	TASTEGGIO	0	1	12000	69493	148708	78	-2	0.43	0.43	0	
01/06/2011 10:15:22	TASTEGGIO	0	1	12000	69493	148713	201	-10	0.33	0.33	0	
01/06/2011 10:15:43	TASTEGGIO	0	2	12000	69493	148715	236	-8	0.25	0.25	0	
01/06/2011 10:16:08	TASTEGGIO	0	3	12000	69493	148717	268	-15	0.11	0.11	0	
01/06/2011 10:16:29	TASTEGGIO	0	0	12000	69493	148746	219	-10	0.06	0.06	0	
01/06/2011 10:16:38	TASTEGGIO	0	0	12000	69493	148738	219	-10	0.06	0.18	44500	
01/06/2011 10:17:04	TASTEGGIO	1	0	12000	69493	104266	228	-31	0.16	0.16	0	
01/06/2011 10:17:25	TASTEGGIO	0	1	12000	69493	104275	213	-26	0.11	0.11	0	
01/06/2011 10:17:36	TASTEGGIO	0	1	12000	69493	148581	213	-26	0.07	0.10	44500	
01/06/2011 10:19:27	TASTEGGIO	0	1	12000	69494	148567	213	-26	0.18	0.19	-44500	
01/06/2011 10:19:53	TASTEGGIO	1	0	12000	69494	193051	229	-46	0.27	0.27	0	
01/06/2011 10:20:14	TASTEGGIO	0	1	12000	69494	193055	190	-31	0.04	0.04	0	
01/06/2011 10:20:25	TASTEGGIO	0	1	12000	69494	148586	190	-31	0.06	0.08	44500	
01/06/2011 10:22:14	TASTEGGIO	0	1	12000	69493	148559	190	-31	0.57	0.57	0	
01/06/2011 10:22:38	TASTEGGIO	1	0	12000	69493	148577	278	-54	0.09	0.09	0	
01/06/2011 10:22:47	TASTEGGIO	1	0	12000	69493	148554	278	-54	0.09	0.18	-97500	
01/06/2011 10:23:13	TASTEGGIO	1	0	12000	69493	246029	228	-18	0.08	0.08	0	
01/06/2011 10:23:26	TASTEGGIO	1	0	12000	69493	148586	228	-18	0.21	0.21	0	
01/06/2011 10:23:51	TASTEGGIO	1	0	12000	69493	148608	232	-37	0.16	0.16	0	
01/06/2011 10:24:13	TASTEGGIO	0	1	12000	69493	148611	219	-46	0.30	0.30	0	
01/06/2011 10:24:34	TASTEGGIO	0	1	12000	69493	148614	162	-7	0.24	0.24	0	
01/06/2011 10:24:54	TASTEGGIO	0	2	12000	69493	148622	189	-3	0.21	0.21	0	
01/06/2011 10:25:18	TASTEGGIO	0	3	12000	69493	148627	244	-13	0.06	0.06	0	
01/06/2011 10:25:27	TASTEGGIO	0	3	12000	69493	148622	244	-13	0.06	0.14	-44500	
01/06/2011 10:25:52	TASTEGGIO	1	0	12000	69493	193118	223	-40	0.27	0.27	0	
01/06/2011 10:26:13	TASTEGGIO	0	1	12000	69493	193131	170	-17	0.09	0.09	0	
01/06/2011 10:26:24	TASTEGGIO	0	1	12000	69493	148635	170	-17	0.22	0.22	0	
01/06/2011 10:26:49	TASTEGGIO	1	0	12000	69493	148657	233	-24	0.06	0.06	0	
01/06/2011 10:26:57	TASTEGGIO	1	0	12000	69493	148647	233	-24	0.06	0.11	97500	
01/06/2011 10:27:23	TASTEGGIO	1	0	12000	69493	51175	219	-4	0.08	0.08	0	
01/06/2011 10:27:36	TASTEGGIO	1	0	12000	69493	148504	219	-4	0.03	0.08	97500	
01/06/2011 10:29:27	TASTEGGIO	1	0	12000	69493	148441	219	-4	0.27	0.27	0	
01/06/2011 10:29:52	TASTEGGIO	1	0	12000	69493	148462	240	-49	0.19	0.19	0	
01/06/2011 10:30:14	TASTEGGIO	0	1	12000	69493	148464	226	-50	0.30	0.30	0	
01/06/2011 10:30:35	TASTEGGIO	0	1	12000	69493	148466	178	-9	0.20	0.20	0	
01/06/2011 10:30:55	TASTEGGIO	0	2	12000	69493	148467	196	-4	0.17	0.17	0	
01/06/2011 10:31:18	TASTEGGIO	0	3	12000	69493	148467	239	-17	0.10	0.10	0	
01/06/2011 10:31:27	TASTEGGIO	0	3	12000	69493	148455	239	-17	0.10	0.10	0	
01/06/2011 10:33:17	TASTEGGIO	0	3	12000	69493	148615	239	-17	0.06	0.10	97500	
01/06/2011 10:35:08	TASTEGGIO	0	3	12000	69493	148549	239	-17	0.19	0.21	24500	
01/06/2011 10:35:34	TASTEGGIO	1	0	12000	69493	124083	232	-58	0.35	0.35	0	
01/06/2011 10:35:54	TASTEGGIO	0	1	12000	69493	124085	173	-26	0.09	0.09	0	
01/06/2011 10:36:05	TASTEGGIO	0	1	12000	69493	148485	173	-26	0.11	0.13	-44500	
01/06/2011 10:36:31	TASTEGGIO	1	0	12000	69493	192980	221	-59	0.47	0.47	0	
01/06/2011 10:36:49	TASTEGGIO	0	1	12000	69493	192985	51	-1	0.44	0.44	0	
01/06/2011 10:37:09	TASTEGGIO	0	1	12000	69493	192990	174	-28	0.17	0.17	0	
01/06/2011 10:37:31	TASTEGGIO	0	0	12000	69493	192990	227	-42	0.28	0.28	0	
01/06/2011 10:37:52	TASTEGGIO	0	1	12000	69493	192990	180	-27	0.02	0.02	0	
01/06/2011 10:38:03	TASTEGGIO	0	1	12000	69493	148593	180	-27	0.03	0.06	97500	
01/06/2011 10:39:54	TASTEGGIO	0	1	12000	69493	148506	180	-27	0.48	0.49	44500	
01/06/2011 10:40:21	TASTEGGIO	1	0	12000	69493	104037	268	-37	0.21	0.21	0	
01/06/2011 10:40:42	TASTEGGIO	0	0	12000	69493	104041	232	-21	0.01	0.01	0	
01/06/2011 10:40:54	TASTEGGIO	0	0	12000	69493	148479	232	-21	0.10	0.18	-44500	
01/06/2011 10:41:19	TASTEGGIO	1	0	12000	69493	192960	228	-39	0.23	0.23	0	
01/06/2011 10:41:40	TASTEGGIO	0	1	12000	69493	192962	198	-29	0.05	0.05	0	
01/06/2011 10:41:52	TASTEGGIO	0	1	12000	69493	148557	198	-29	0.07	0.13	24500	
01/06/2011 10:42:17	TASTEGGIO	1	0	12000	69493	124087	221	-41	0.29	0.29	0	
01/06/2011 10:42:37	TASTEGGIO	0	1	12000	69493	124091	156	-10	0.19	0.19	0	
01/06/2011 10:42:58	TASTEGGIO	0	2	12000	69493	124092	173	-6	0.13	0.13	0	
01/06/2011 10:43:18	TASTEGGIO	0	3	12000	69493	124095	188	-10	0.05	0.05	0	
01/06/2011 10:43:29	TASTEGGIO	0	3	12000	69493	148483	188	-10	0.10	0.13	97500	
01/06/2011 10:43:55	TASTEGGIO	1	0	12000	69493	51012	221	-6	0.08	0.08	0	
01/06/2011 10:44:08	TASTEGGIO	1	0	12000	69493	148488	221	-6	0.10	0.11	-44500	
01/06/2011 10:44:34	TASTEGGIO	1	0	12000	69493	192984	219	-12	0.07	0.07	0	
01/06/2011 10:44:45	TASTEGGIO	1	0	12000	69493	148610	219	-12	0.06	0.09	-97500	
01/06/2011 10:46:36	TASTEGGIO	1	0	12000	69493	148501	219	-12	0.05	0.07	-97500	
01/06/2011 10:48:27	TASTEGGIO	1	0	12000	69493	148516	219	-12	0.12	0.14	24500	
01/06/2011 10:48:53	TASTEGGIO	1	0	12000	69493	124046	223	-42	0.28	0.28	0	
01/06/2011 10:49:13	TASTEGGIO	0	1	12000	69493	124049	167	-18	0.10	0.10	0	
01/06/2011 10:49:24	TASTEGGIO	0	1	12000	69493	148478	167	-18	0.08	0.10	24500	
01/06/2011 10:51:15	TASTEGGIO	0	1	12000	69493	148508	167	-18	0.15	0.15	0	
01/06/2011 10:51:38	TASTEGGIO	1	0	12000	69493	148524	224	-47	0.28	0.28	0	
01/06/2011 10:51:59	TASTEGGIO	0	1	12000	69493	148525	171	-22	0.08	0.08	0	
01/06/2011 10:52:08	TASTEGGIO	0	1	12000	69493	148521	171	-22	0.09	0.11	24500	
01/06/2011 10:52:33	TASTEGGIO	1	0	12000	69493	124047	219	-37	0.29	0.29	0	
01/06/2011 10:52:53	TASTEGGIO	0	1	12000	69493	124049	142	-9	0.19	0.19	0	
01/06/2011 10:53:13	TASTEGGIO	0	2	12000	69493	124051	159	-7	0.12	0.12	0	
01/06/2011 10:53:34	TASTEGGIO	0	3	12000	69493	124051	172	-5	0.07	0.07	0	
01/06/2011 10:53:44	TASTEGGIO	0	3	12000	69493	148480	172	-5	0.07	0.07	0	
01/06/2011 10:55:35	TASTEGGIO	0	3	12000	69493	148607	172	-5	0.34	0.34	0	
01/06/2011 10:55:59	TASTEGGIO	1	0	12000	69493	148628	249	-63	0.28	0.28	0	
01/06/2011 10:56:21	TASTEGGIO	0	1	12000	69493	148631	225	-56	0.28	0.28	0	
01/06/2011 10:56:42	TASTEGGIO	0	1	12000	69493	148632	197	-21	0.08	0.08	0	
01/06/2011 10:56:51	TASTEGGIO	0	1	12000	69493	148630	197	-21	0.07	0.10	-44500	
01/06/2011 10:58:42	TASTEGGIO	0	1	12000	69493	148607	197	-21	0.27	0.29	-44500	
01/06/2011 10:59:09	TASTEGGIO	1	0	12000	69493	193102	242	-46	0.20	0.20	0	
01/06/2011 10:59:30	TASTEGGIO	0	1	12000	69493	193106	228	-43	0.21	0.21	0	
01/06/2011 10:59:52	TASTEGGIO	0	1	12000	69493	193105	205	-22	0.07	0.07	0	
01/06/2011 11:00:03	TASTEGGIO	0	1	12000	69493	148682	205	-22	0.07	0.09	24500	
01/06/2011 11:01:01	ALARM 17	proc 12 prog 10 step 47	LavoroTerminato
01/06/2011 11:03:00	TASTEGGIO	0	1	12000	69493	148576	205	-22	0.08	0.13	24500	
01/06/2011 11:03:26	TASTEGGIO	1	0	12000	69493	124099	221	-41	0.27	0.27	0	
01/06/2011 11:03:47	TASTEGGIO	0	1	12000	69493	124102	164	-17	0.10	0.10	0	
01/06/2011 11:03:58	TASTEGGIO	0	1	12000	69493	148481	164	-17	0.14	0.14	0	
01/06/2011 11:04:21	TASTEGGIO	1	0	12000	69493	148498	223	-47	0.32	0.32	0	
01/06/2011 11:04:41	TASTEGGIO	0	1	12000	69493	148499	149	-15	0.19	0.19	0	
01/06/2011 11:05:00	TASTEGGIO	0	2	12000	69493	148499	164	-8	0.10	0.10	0	
01/06/2011 11:05:09	TASTEGGIO	0	2	12000	69493	148504	164	-8	0.10	0.12	24500	
01/06/2011 11:05:35	TASTEGGIO	1	0	12000	69493	124027	220	-13	0.03	0.03	0	
01/06/2011 11:05:45	TASTEGGIO	1	0	12000	69493	148485	220	-13	0.01	0.07	-97500	
01/06/2011 11:07:36	TASTEGGIO	1	0	12000	69493	148711	220	-13	0.32	0.37	-24500	
01/06/2011 11:08:02	TASTEGGIO	1	0	12000	69493	173193	252	-56	0.25	0.25	0	
01/06/2011 11:08:24	TASTEGGIO	0	1	12000	69493	173201	235	-57	0.33	0.33	0	
01/06/2011 11:08:45	TASTEGGIO	0	1	12000	69493	173203	191	-29	0.05	0.05	0	
01/06/2011 11:08:55	TASTEGGIO	0	1	12000	69493	148777	191	-29	0.04	0.08	-97500	
01/06/2011 11:09:53	ALARM 17	proc 12 prog 10 step 47	LavoroTerminato
01/06/2011 13:51:41	ALARM 406		
03/06/2011 08:25:47	ALARM 401		
03/06/2011 08:25:49	INIT OK
03/06/2011 08:27:57	ALARM 401		
03/06/2011 09:29:43	TASTEGGIO	0	0	12700	69495	195139	0	0	2.22	2.22	0	
03/06/2011 09:30:12	TASTEGGIO	1	0	12700	69495	195164	400	-92	1.37	1.37	0	
03/06/2011 09:30:52	TASTEGGIO	0	1	12700	69495	195164	400	-78	0.61	0.61	0	
03/06/2011 09:30:54	ALARM 203		err.0
03/06/2011 09:32:37	ALARM 203		err.41070
03/06/2011 09:32:59	TASTEGGIO	0	0	12700	69495	195153	349	0	0.62	1.02	-97500	
03/06/2011 09:33:30	TASTEGGIO	0	0	12700	69495	195196	349	0	0.62	1.03	-97500	
03/06/2011 09:34:14	TASTEGGIO	1	0	12700	69495	292671	400	-113	0.56	0.56	0	
03/06/2011 09:34:53	TASTEGGIO	0	1	12700	69495	292671	369	-130	0.78	0.78	0	
03/06/2011 09:35:17	TASTEGGIO	0	1	12700	69495	292672	260	-91	0.18	0.18	0	
03/06/2011 09:35:41	TASTEGGIO	0	1	12700	69495	292674	255	-53	0.37	0.37	0	
03/06/2011 09:36:03	TASTEGGIO	0	1	12700	69495	292674	178	-48	0.16	0.16	0	
03/06/2011 09:36:25	TASTEGGIO	0	1	12700	69495	292674	171	-13	0.05	0.05	0	
03/06/2011 09:36:38	TASTEGGIO	0	1	12700	69495	195234	171	-13	0.09	0.41	97500	
03/06/2011 09:37:03	ALARM 19	proc 1 prog 2 step 8	Tondo Non Presente Su Carrello 2
03/06/2011 09:38:39	ALARM 201		err.6058
03/06/2011 09:38:42	ALARM 401		
03/06/2011 09:39:23	TASTEGGIO	1	0	12700	69495	195164	299	0	0.64	0.64	0	
03/06/2011 09:40:16	TASTEGGIO	1	0	12700	69495	195168	201	-121	0.58	0.60	24500	
03/06/2011 09:40:49	TASTEGGIO	1	0	12700	69495	170710	260	-127	0.79	0.79	0	
03/06/2011 09:41:18	TASTEGGIO	1	0	12700	69495	170712	260	-145	0.68	0.68	0	
03/06/2011 09:41:51	TASTEGGIO	1	0	12700	69495	170712	238	-138	0.73	0.73	0	
03/06/2011 09:42:08	TASTEGGIO	1	0	12700	69495	170715	238	-138	0.71	0.71	0	
03/06/2011 09:43:39	TASTEGGIO	1	0	12700	69495	170716	238	-117	0.46	0.46	0	
03/06/2011 09:44:06	TASTEGGIO	1	0	12700	69495	170716	187	-107	0.62	0.62	0	
03/06/2011 09:44:32	TASTEGGIO	1	0	12700	69495	170716	187	-78	0.17	0.17	0	
03/06/2011 09:44:49	TASTEGGIO	1	0	12700	69495	195154	187	-78	0.18	0.20	97500	
03/06/2011 09:46:56	ALARM 3	proc 12 prog 31 step 36	Tondo non presente su rulliera
03/06/2011 09:48:31	TASTEGGIO	1	0	12700	69495	195272	187	-78	0.00	0.00	24500	
03/06/2011 09:48:47	ALARM 401		
03/06/2011 09:49:11	TASTEGGIO	1	0	12700	36009	196155	187	-78	0.00	0.00	-97500	
03/06/2011 09:49:14	ALARM 201		err.0
03/06/2011 09:49:26	ALARM 201		err.41070
03/06/2011 09:49:33	ALARM 201		err.0
03/06/2011 09:49:40	ALARM 201		err.4005
03/06/2011 09:49:49	ALARM 201		err.0
03/06/2011 09:49:51	ALARM 201		err.4005
03/06/2011 09:50:00	ALARM 201		err.0
03/06/2011 09:50:04	ALARM 201		err.41070
03/06/2011 09:51:34	ALARM 202		err.0
03/06/2011 09:51:37	TASTEGGIO	1	0	12700	59993	195242	187	-78	0.00	0.00	44500	
03/06/2011 09:52:27	ALARM 202		err.41070
03/06/2011 09:52:50	ALARM 202		err.0
03/06/2011 09:52:55	ALARM 202		err.41070
03/06/2011 09:53:03	TASTEGGIO	1	0	12700	69495	195283	187	-78	0.00	0.00	97500	
03/06/2011 09:53:08	ALARM 202		err.0
03/06/2011 10:00:48	ALARM 401		
03/06/2011 10:00:49	ALARM 401		
03/06/2011 10:00:50	ALARM 401		
03/06/2011 10:00:52	ALARM 401		
03/06/2011 10:00:53	ALARM 401		
03/06/2011 10:01:13	TASTEGGIO	1	0	12700	69495	195289	187	-78	0.00	0.00	97500	
03/06/2011 10:01:19	ALARM 401		
03/06/2011 10:01:24	ALARM 201		err.6059
03/06/2011 10:01:58	TASTEGGIO	1	0	12700	63572	195322	187	-78	0.00	0.00	0	
03/06/2011 10:02:12	TASTEGGIO	1	0	12700	63572	195322	187	-78	0.00	0.00	0	
03/06/2011 10:02:35	TASTEGGIO	1	0	12700	63572	195320	187	-78	0.00	0.00	97500	
03/06/2011 10:02:42	ALARM 401		
03/06/2011 10:07:57	ALARM 401		
03/06/2011 10:08:00	ALARM 201		err.6058
03/06/2011 10:08:25	ALARM 401		
03/06/2011 10:09:03	ALARM 201		err.6058
03/06/2011 10:14:15	ALARM 401		
03/06/2011 10:17:18	ALARM 401		
03/06/2011 10:17:19	ALARM 401		
03/06/2011 10:17:19	ALARM 401		
03/06/2011 10:17:22	ALARM 401		
03/06/2011 10:19:15	TASTEGGIO	1	0	12700	59995	195411	187	-78	2.07	2.07	0	
03/06/2011 10:20:31	TASTEGGIO	1	0	12700	59995	195432	364	-67	1.43	1.43	0	
03/06/2011 10:20:46	TASTEGGIO	1	0	12700	59995	195410	364	-67	1.43	1.55	-44500	
03/06/2011 10:21:33	TASTEGGIO	1	0	12700	59995	239897	364	-61	1.05	1.05	0	
03/06/2011 10:21:51	TASTEGGIO	1	0	12700	59995	195418	364	-61	0.98	1.21	-97500	
03/06/2011 10:22:41	TASTEGGIO	1	0	12700	59995	292893	342	-49	0.84	0.84	0	
03/06/2011 10:23:23	TASTEGGIO	1	0	12700	59995	292894	307	-29	0.53	0.53	0	
03/06/2011 10:23:43	TASTEGGIO	1	0	12700	59995	195404	307	-29	0.52	0.64	44500	
03/06/2011 10:24:30	TASTEGGIO	1	0	12700	59995	150930	278	-57	0.29	0.29	0	
03/06/2011 10:24:47	TASTEGGIO	1	0	12700	59995	195341	278	-57	0.27	0.51	-97500	
03/06/2011 10:25:46	TASTEGGIO	1	0	12700	59995	292829	244	-3	0.49	0.49	0	
03/06/2011 10:26:34	TASTEGGIO	1	0	12700	59995	292869	268	-12	0.34	0.34	0	
03/06/2011 10:26:53	TASTEGGIO	1	0	12700	59995	195432	268	-12	0.16	0.35	-97500	
03/06/2011 10:27:54	TASTEGGIO	1	0	12700	59995	195420	249	-3	0.14	0.32	-97500	
03/06/2011 10:28:49	TASTEGGIO	1	0	12700	59995	195420	261	-2	0.13	0.31	-97500	
03/06/2011 10:29:43	TASTEGGIO	1	0	12700	59995	195453	277	-1	0.13	0.31	-97500	
03/06/2011 10:30:37	TASTEGGIO	1	0	12700	59995	195468	290	0	0.12	0.30	-97500	
03/06/2011 10:31:54	TASTEGGIO	1	0	12700	59995	195431	307	0	0.12	0.31	-97500	
03/06/2011 10:32:53	TASTEGGIO	1	0	12700	59995	195441	340	-1	0.12	0.29	-97500	
03/06/2011 10:34:23	TASTEGGIO	1	0	12700	59995	195431	351	-1	0.11	0.29	-97500	
03/06/2011 10:38:21	ALARM 3	proc 12 prog 31 step 36	Tondo non presente su rulliera
03/06/2011 10:39:31	TASTEGGIO	1	0	12700	69494	195249	351	-1	0.00	0.00	97500	
03/06/2011 10:41:25	TASTEGGIO	1	0	12700	69495	195111	351	-1	1.25	1.35	-44500	
03/06/2011 10:42:07	TASTEGGIO	1	0	12700	69495	239604	400	-141	0.54	0.54	0	
03/06/2011 10:42:45	TASTEGGIO	0	1	12700	69495	239608	378	-151	0.97	0.97	0	
03/06/2011 10:43:08	TASTEGGIO	0	1	12700	69495	239608	203	-87	0.21	0.21	0	
03/06/2011 10:43:34	TASTEGGIO	0	0	12700	69495	239610	248	-59	0.39	0.39	0	
03/06/2011 10:43:58	TASTEGGIO	0	1	12700	69495	239610	175	-84	0.45	0.45	0	
03/06/2011 10:44:20	TASTEGGIO	0	1	12700	69495	239610	123	-32	0.14	0.14	0	
03/06/2011 10:44:32	TASTEGGIO	0	1	12700	69495	195144	123	-32	0.18	0.29	-97500	
03/06/2011 10:45:03	TASTEGGIO	1	0	12700	69495	292634	268	-71	0.45	0.45	0	
03/06/2011 10:45:27	TASTEGGIO	0	1	12700	69495	292701	198	-54	0.09	0.09	0	
03/06/2011 10:45:40	TASTEGGIO	0	1	12700	69495	195177	198	-54	0.01	0.23	97500	
03/06/2011 10:45:43	ALARM 401		
03/06/2011 10:45:47	ALARM 202		err.6059
03/06/2011 10:52:36	TASTEGGIO	0	1	12700	36006	195277	198	-54	0.85	0.88	-44500	
03/06/2011 10:53:42	TASTEGGIO	0	1	12700	36006	239756	280	-5	0.83	0.83	0	
03/06/2011 10:54:30	TASTEGGIO	0	1	12700	36006	239756	309	-2	0.81	0.81	0	
03/06/2011 10:55:25	TASTEGGIO	0	1	12700	36006	239756	346	-1	0.81	0.81	0	
03/06/2011 11:00:02	TASTEGGIO	0	1	12700	36006	239756	380	-1	0.81	0.81	0	
03/06/2011 11:00:52	TASTEGGIO	0	1	12700	36006	195273	421	-1	0.78	0.79	-44500	
03/06/2011 11:01:39	TASTEGGIO	0	1	12700	36006	239754	447	-1	0.80	0.80	0	
03/06/2011 11:02:02	TASTEGGIO	0	1	12700	36006	185267	447	-1	0.76	0.76	0	
03/06/2011 11:02:24	TASTEGGIO	0	1	12700	36006	205176	447	-1	0.79	0.79	0	
03/06/2011 11:03:06	TASTEGGIO	0	1	12700	36006	205176	447	-5	0.74	0.74	0	
03/06/2011 11:03:24	TASTEGGIO	0	1	12700	36006	220176	447	-5	0.76	0.76	0	
03/06/2011 11:04:07	TASTEGGIO	0	1	12700	36006	220176	465	-5	0.71	0.71	0	
03/06/2011 11:04:31	TASTEGGIO	0	1	12700	36006	230175	465	-5	0.72	0.72	0	
03/06/2011 11:05:22	TASTEGGIO	0	1	12700	36006	230175	465	-4	0.68	0.68	0	
03/06/2011 11:05:32	TASTEGGIO	0	1	12700	36006	230175	465	-4	0.68	0.68	0	
03/06/2011 11:05:59	TASTEGGIO	0	1	12700	36006	245180	465	-4	0.69	0.69	0	
03/06/2011 11:06:40	TASTEGGIO	0	1	12700	36006	245181	465	-4	0.65	0.65	0	
03/06/2011 11:06:57	TASTEGGIO	0	1	12700	36006	255181	465	-4	0.63	0.63	0	
03/06/2011 11:07:11	TASTEGGIO	0	1	12700	36006	265178	465	-4	0.65	0.65	0	
03/06/2011 11:07:26	TASTEGGIO	0	1	12700	36006	275176	465	-4	0.57	0.57	0	
03/06/2011 11:07:41	TASTEGGIO	0	1	12700	36006	270229	465	-4	0.63	0.63	0	
03/06/2011 11:08:23	TASTEGGIO	0	1	12700	36006	270228	491	-5	0.58	0.58	0	
03/06/2011 11:09:11	TASTEGGIO	0	1	12700	36006	195269	502	-1	0.59	0.59	0	
03/06/2011 11:09:56	TASTEGGIO	0	1	12700	36006	195282	511	-5	0.54	0.54	0	
03/06/2011 11:10:14	TASTEGGIO	0	1	12700	36006	120249	511	-5	0.45	0.45	0	
03/06/2011 11:10:56	TASTEGGIO	0	1	12700	36006	120232	511	-6	0.40	0.40	0	
03/06/2011 11:11:28	TASTEGGIO	0	1	12700	36006	95270	511	-6	0.39	0.39	0	
03/06/2011 11:12:12	TASTEGGIO	0	1	12700	36006	95262	511	-6	0.35	0.35	0	
03/06/2011 11:12:35	TASTEGGIO	0	1	12700	36006	295220	511	-6	0.46	0.46	0	
03/06/2011 11:13:30	TASTEGGIO	0	1	12700	36006	295219	522	-5	0.40	0.40	0	
03/06/2011 11:14:28	TASTEGGIO	0	1	12700	36006	295219	537	0	0.39	0.39	0	
03/06/2011 11:14:47	TASTEGGIO	0	1	12700	36006	305203	537	0	0.38	0.38	0	
03/06/2011 11:15:02	TASTEGGIO	0	1	12700	36006	315176	537	0	0.32	0.32	0	
03/06/2011 11:15:19	TASTEGGIO	0	1	12700	36006	310268	537	0	0.32	0.32	0	
03/06/2011 11:15:36	TASTEGGIO	0	1	12700	36006	305250	537	0	0.39	0.39	0	
03/06/2011 11:17:05	TASTEGGIO	0	1	12700	36006	195276	542	-3	0.42	0.43	-44500	
03/06/2011 11:17:52	TASTEGGIO	0	1	12700	36006	239766	542	-1	0.42	0.42	0	
03/06/2011 11:18:50	TASTEGGIO	0	1	12700	36006	195299	560	-1	0.42	0.43	-44500	
03/06/2011 11:19:24	TASTEGGIO	0	1	12700	36006	85282	560	-1	0.31	0.31	0	
03/06/2011 11:19:39	TASTEGGIO	0	1	12700	36006	65270	560	-1	0.31	0.31	0	
03/06/2011 11:21:00	TASTEGGIO	0	1	12700	36006	195215	560	-5	0.40	0.42	-44500	
03/06/2011 11:21:36	TASTEGGIO	0	1	12700	69495	195307	560	-5	0.40	0.41	-44500	
03/06/2011 11:22:19	TASTEGGIO	1	0	12700	69495	239822	299	-98	0.59	0.59	0	
03/06/2011 11:22:43	TASTEGGIO	0	1	12700	69495	239825	214	-105	0.45	0.45	0	
03/06/2011 11:23:07	TASTEGGIO	0	1	12700	69495	239827	179	-52	0.11	0.11	0	
03/06/2011 11:23:19	TASTEGGIO	0	1	12700	69495	195357	179	-52	0.11	0.16	97500	
03/06/2011 11:25:11	TASTEGGIO	0	1	12700	69495	195392	179	-52	1.17	1.17	0	
03/06/2011 11:25:51	TASTEGGIO	1	0	12700	69495	195402	400	-96	0.27	0.27	0	
03/06/2011 11:26:29	TASTEGGIO	0	0	12700	69495	195402	263	-48	0.22	0.22	0	
03/06/2011 11:27:09	TASTEGGIO	0	1	12700	69495	195406	245	-155	1.38	1.38	0	
03/06/2011 11:27:26	TASTEGGIO	0	1	12700	69495	195406	0	-9	1.29	1.29	0	
03/06/2011 11:28:06	TASTEGGIO	0	1	12700	69495	195406	361	-121	0.11	0.11	0	
03/06/2011 11:28:15	TASTEGGIO	0	1	12700	69495	195375	361	-121	0.13	0.42	97500	
03/06/2011 11:28:42	ALARM 19	proc 1 prog 2 step 8	Tondo Non Presente Su Carrello 2
03/06/2011 11:29:09	ALARM 201		err.6058
03/06/2011 11:29:10	ALARM 19	proc 1 prog 2 step 8	Tondo Non Presente Su Carrello 2
03/06/2011 11:29:11	ALARM 19	proc 1 prog 2 step 8	Tondo Non Presente Su Carrello 2
03/06/2011 11:29:13	ALARM 19	proc 1 prog 2 step 8	Tondo Non Presente Su Carrello 2
03/06/2011 11:29:14	ALARM 19	proc 1 prog 2 step 8	Tondo Non Presente Su Carrello 2
03/06/2011 11:29:15	ALARM 19	proc 1 prog 2 step 8	Tondo Non Presente Su Carrello 2
03/06/2011 11:29:21	ALARM 19	proc 1 prog 2 step 8	Tondo Non Presente Su Carrello 2
03/06/2011 11:29:22	ALARM 19	proc 1 prog 2 step 8	Tondo Non Presente Su Carrello 2
03/06/2011 11:29:23	ALARM 19	proc 1 prog 2 step 8	Tondo Non Presente Su Carrello 2
03/06/2011 11:29:24	ALARM 19	proc 1 prog 2 step 8	Tondo Non Presente Su Carrello 2
03/06/2011 11:29:25	ALARM 19	proc 1 prog 2 step 8	Tondo Non Presente Su Carrello 2
03/06/2011 11:29:25	ALARM 19	proc 1 prog 2 step 8	Tondo Non Presente Su Carrello 2
03/06/2011 11:29:27	ALARM 19	proc 1 prog 2 step 8	Tondo Non Presente Su Carrello 2
03/06/2011 11:29:27	ALARM 19	proc 1 prog 2 step 8	Tondo Non Presente Su Carrello 2
03/06/2011 11:29:31	ALARM 19	proc 1 prog 2 step 8	Tondo Non Presente Su Carrello 2
03/06/2011 11:29:31	ALARM 19	proc 1 prog 2 step 8	Tondo Non Presente Su Carrello 2
03/06/2011 11:29:32	ALARM 19	proc 1 prog 2 step 8	Tondo Non Presente Su Carrello 2
03/06/2011 11:29:32	ALARM 19	proc 1 prog 2 step 8	Tondo Non Presente Su Carrello 2
03/06/2011 11:29:33	ALARM 19	proc 1 prog 2 step 8	Tondo Non Presente Su Carrello 2
03/06/2011 11:29:36	ALARM 19	proc 1 prog 2 step 8	Tondo Non Presente Su Carrello 2
03/06/2011 11:29:37	ALARM 19	proc 1 prog 2 step 8	Tondo Non Presente Su Carrello 2
03/06/2011 11:29:38	ALARM 19	proc 1 prog 2 step 8	Tondo Non Presente Su Carrello 2
03/06/2011 11:29:38	ALARM 19	proc 1 prog 2 step 8	Tondo Non Presente Su Carrello 2
03/06/2011 11:29:39	ALARM 19	proc 1 prog 2 step 8	Tondo Non Presente Su Carrello 2
03/06/2011 11:29:44	ALARM 19	proc 1 prog 2 step 8	Tondo Non Presente Su Carrello 2
03/06/2011 11:29:46	ALARM 19	proc 1 prog 2 step 8	Tondo Non Presente Su Carrello 2
03/06/2011 11:29:46	ALARM 19	proc 1 prog 2 step 8	Tondo Non Presente Su Carrello 2
03/06/2011 11:29:49	ALARM 19	proc 1 prog 2 step 8	Tondo Non Presente Su Carrello 2
03/06/2011 11:29:50	ALARM 19	proc 1 prog 2 step 8	Tondo Non Presente Su Carrello 2
03/06/2011 11:29:51	ALARM 19	proc 1 prog 2 step 8	Tondo Non Presente Su Carrello 2
03/06/2011 11:29:51	ALARM 19	proc 1 prog 2 step 8	Tondo Non Presente Su Carrello 2
03/06/2011 11:29:52	ALARM 19	proc 1 prog 2 step 8	Tondo Non Presente Su Carrello 2
03/06/2011 11:30:01	ALARM 19	proc 1 prog 2 step 8	Tondo Non Presente Su Carrello 2
03/06/2011 11:30:02	ALARM 19	proc 1 prog 2 step 8	Tondo Non Presente Su Carrello 2
03/06/2011 11:30:02	ALARM 19	proc 1 prog 2 step 8	Tondo Non Presente Su Carrello 2
03/06/2011 11:30:03	ALARM 19	proc 1 prog 2 step 8	Tondo Non Presente Su Carrello 2
03/06/2011 11:31:16	ALARM 401		
03/06/2011 11:31:20	ALARM 19	proc 1 prog 2 step 8	Tondo Non Presente Su Carrello 2
03/06/2011 11:31:24	ALARM 19	proc 1 prog 2 step 8	Tondo Non Presente Su Carrello 2
03/06/2011 11:31:25	ALARM 19	proc 1 prog 2 step 8	Tondo Non Presente Su Carrello 2
03/06/2011 11:31:26	ALARM 19	proc 1 prog 2 step 8	Tondo Non Presente Su Carrello 2
03/06/2011 11:31:30	ALARM 19	proc 1 prog 2 step 8	Tondo Non Presente Su Carrello 2
03/06/2011 11:31:30	ALARM 19	proc 1 prog 2 step 8	Tondo Non Presente Su Carrello 2
03/06/2011 11:31:33	ALARM 19	proc 1 prog 2 step 8	Tondo Non Presente Su Carrello 2
03/06/2011 11:31:34	ALARM 19	proc 1 prog 2 step 8	Tondo Non Presente Su Carrello 2
03/06/2011 11:33:36	TASTEGGIO	1	0	12700	69495	195293	301	0	0.74	0.75	-44500	
03/06/2011 11:34:10	TASTEGGIO	1	0	12700	69495	195382	301	0	0.50	0.50	0	
03/06/2011 11:34:53	TASTEGGIO	1	0	12700	69495	195399	321	-108	0.80	0.80	0	
03/06/2011 11:35:14	ALARM 401		
03/06/2011 11:36:21	ALARM 401		
03/06/2011 11:36:22	ALARM 401		
03/06/2011 11:36:36	TASTEGGIO	0	1	12700	69495	195384	193	-107	0.56	0.56	0	
03/06/2011 11:37:16	TASTEGGIO	1	0	12700	69495	195412	337	-99	0.44	0.44	0	
03/06/2011 11:37:56	TASTEGGIO	0	1	12700	69495	195411	302	-150	1.11	1.11	0	
03/06/2011 11:38:14	TASTEGGIO	0	1	12700	69495	195418	21	-20	0.89	0.89	0	
03/06/2011 11:38:39	TASTEGGIO	0	2	12700	69495	195412	163	-46	0.44	0.44	0	
03/06/2011 11:39:19	TASTEGGIO	0	0	12700	69495	195412	306	-60	0.15	0.15	0	
03/06/2011 11:39:24	ALARM 401		
03/06/2011 11:39:27	ALARM 205		err.6058
03/06/2011 11:39:40	TASTEGGIO	0	0	12700	69495	195389	306	-60	0.12	0.13	-97500	
03/06/2011 11:42:15	TASTEGGIO	0	0	12700	69495	195111	306	-60	1.18	1.18	0	
03/06/2011 11:42:56	TASTEGGIO	1	0	12700	69495	195123	400	-123	0.11	0.11	0	
03/06/2011 11:43:05	TASTEGGIO	1	0	12700	69495	195105	400	-123	0.10	0.34	-97500	
03/06/2011 11:43:38	TASTEGGIO	1	0	12700	69495	292573	281	-70	0.42	0.42	0	
03/06/2011 11:44:03	TASTEGGIO	0	1	12700	69495	292573	229	-61	0.20	0.20	0	
03/06/2011 11:44:05	ALARM 401		
03/06/2011 11:44:08	ALARM 401		
03/06/2011 11:44:08	ALARM 401		
03/06/2011 11:44:52	TASTEGGIO	0	1	12700	69495	195130	229	-61	0.12	0.20	-97500	
03/06/2011 11:55:10	TASTEGGIO	0	1	12700	69495	195138	229	-61	1.67	1.69	24500	
03/06/2011 11:55:53	TASTEGGIO	1	0	12700	69495	170676	400	-126	0.88	0.88	0	
03/06/2011 11:56:31	TASTEGGIO	0	1	12700	69495	170674	400	-110	0.19	0.19	0	
03/06/2011 11:57:11	TASTEGGIO	0	1	12700	69495	170676	395	-205	1.94	1.94	0	
03/06/2011 11:57:27	TASTEGGIO	0	1	12700	69495	170676	0	-2	1.89	1.89	0	
03/06/2011 11:57:55	TASTEGGIO	0	1	12700	69495	170676	400	-142	0.51	0.51	0	
03/06/2011 11:58:33	TASTEGGIO	0	0	12700	69495	170676	324	-38	0.18	0.18	0	
03/06/2011 11:58:35	ALARM 401		
03/06/2011 11:58:39	ALARM 205		err.6058
03/06/2011 11:58:54	TASTEGGIO	0	0	12700	69495	195183	324	-38	0.27	0.57	97500	
03/06/2011 12:00:48	TASTEGGIO	0	0	12700	69495	97709	152	-8	0.50	0.50	0	
03/06/2011 12:01:34	TASTEGGIO	0	0	12700	69495	97732	194	-15	0.34	0.34	0	
03/06/2011 12:02:56	TASTEGGIO	0	0	12700	69495	195147	194	-15	0.13	0.35	-44500	
03/06/2011 12:04:55	TASTEGGIO	0	0	12700	69495	239668	194	-60	0.32	0.32	0	
03/06/2011 12:05:52	TASTEGGIO	0	0	12700	69495	195253	203	-79	0.36	0.50	-44500	
03/06/2011 12:06:48	TASTEGGIO	0	0	12700	69495	195235	203	-79	0.28	0.35	-44500	
03/06/2011 12:07:17	TASTEGGIO	0	0	12700	69495	239726	99	-20	0.15	0.15	0	
03/06/2011 12:07:33	TASTEGGIO	0	0	12700	69495	195270	99	-20	0.17	0.25	97500	
03/06/2011 12:10:02	TASTEGGIO	0	0	12700	69494	194960	99	-20	0.00	0.00	24500	
03/06/2011 12:12:06	TASTEGGIO	0	0	12700	69495	194989	99	-20	1.98	1.98	0	
03/06/2011 12:12:38	TASTEGGIO	1	0	12700	69495	195010	400	-102	1.02	1.02	0	
03/06/2011 12:13:17	TASTEGGIO	0	1	12700	69495	195010	400	-34	0.68	0.68	0	
03/06/2011 12:13:57	TASTEGGIO	0	2	12700	69495	195010	400	-7	0.61	0.61	0	
03/06/2011 12:14:35	TASTEGGIO	0	3	12700	69495	195013	400	-14	0.47	0.47	0	
03/06/2011 12:15:16	TASTEGGIO	0	4	12700	69495	195013	400	-13	0.38	0.38	0	
03/06/2011 12:15:54	TASTEGGIO	0	5	12700	69495	195013	400	-22	0.20	0.20	0	
03/06/2011 12:15:56	ALARM 401		
03/06/2011 12:15:59	ALARM 205		err.6058
03/06/2011 12:16:12	TASTEGGIO	0	5	12700	69495	194991	400	-22	0.21	0.96	-97500	
03/06/2011 12:16:50	TASTEGGIO	0	5	12700	69495	292474	323	-73	0.50	0.50	0	
03/06/2011 12:17:08	TASTEGGIO	0	5	12700	69495	195077	323	-73	0.40	0.50	-97500	
03/06/2011 12:17:53	TASTEGGIO	0	5	12700	69495	195062	280	-46	0.69	0.69	0	
03/06/2011 12:18:47	TASTEGGIO	0	5	12700	69495	195040	280	-140	0.83	0.90	44500	
03/06/2011 12:19:27	TASTEGGIO	0	5	12700	69495	194987	280	-89	0.45	0.58	-97500	
03/06/2011 12:20:00	TASTEGGIO	0	5	12700	69495	292505	237	-4	0.56	0.56	0	
03/06/2011 12:20:26	TASTEGGIO	0	5	12700	69495	292540	260	-5	0.52	0.52	0	
03/06/2011 12:51:57	TASTEGGIO	0	5	12700	69495	195085	275	-3	0.37	0.52	97500	
03/06/2011 12:52:33	TASTEGGIO	0	5	12700	69495	97606	290	-64	0.35	0.35	0	
03/06/2011 12:52:52	TASTEGGIO	0	5	12700	69495	194966	290	-64	0.27	0.36	44500	
03/06/2011 12:53:43	TASTEGGIO	0	5	12700	69495	150518	228	-115	0.81	0.81	0	
03/06/2011 12:54:10	TASTEGGIO	0	5	12700	69495	150516	228	-81	0.08	0.08	0	
03/06/2011 12:54:27	TASTEGGIO	0	5	12700	69495	194994	228	-81	0.15	0.39	-97500	
03/06/2011 12:55:07	TASTEGGIO	0	5	12700	69495	292473	156	-2	0.39	0.39	0	
03/06/2011 12:55:32	TASTEGGIO	0	5	12700	69495	292485	182	-1	0.38	0.38	0	
03/06/2011 12:56:04	TASTEGGIO	0	5	12700	69495	292502	200	-1	0.38	0.38	0	
03/06/2011 12:56:30	TASTEGGIO	0	5	12700	69495	292521	212	-1	0.37	0.37	0	
03/06/2011 12:56:51	TASTEGGIO	0	5	12700	69495	195089	212	-1	0.14	0.38	-97500	
03/06/2011 12:57:35	TASTEGGIO	0	5	12700	69495	292561	192	-3	0.37	0.37	0	
03/06/2011 12:58:41	TASTEGGIO	0	5	12700	69495	292582	207	0	0.37	0.37	0	
03/06/2011 12:59:10	TASTEGGIO	0	5	12700	69495	292600	220	-1	0.37	0.37	0	
03/06/2011 12:59:39	TASTEGGIO	0	5	12700	69495	292600	240	-1	0.36	0.36	0	
03/06/2011 13:00:07	TASTEGGIO	0	5	12700	69495	292600	270	-3	0.33	0.33	0	
03/06/2011 13:00:40	TASTEGGIO	0	5	12700	69495	292600	290	-8	0.27	0.27	0	
03/06/2011 13:00:58	TASTEGGIO	0	5	12700	69495	195129	290	-8	0.07	0.28	-97500	
03/06/2011 13:03:28	TASTEGGIO	0	5	12700	69495	194992	290	-8	0.49	0.50	24500	
03/06/2011 13:04:10	TASTEGGIO	1	0	12700	69495	170514	321	-96	0.52	0.52	0	
03/06/2011 13:04:48	TASTEGGIO	0	1	12700	69495	170515	266	-153	1.00	1.00	0	
03/06/2011 13:05:07	TASTEGGIO	0	1	12700	69495	170514	73	-31	0.69	0.69	0	
03/06/2011 13:05:30	TASTEGGIO	0	2	12700	69495	170514	140	-38	0.32	0.32	0	
03/06/2011 13:06:08	TASTEGGIO	0	0	12700	69495	170514	276	-78	0.47	0.47	0	
03/06/2011 13:06:35	TASTEGGIO	0	1	12700	69495	170514	206	-107	0.60	0.60	0	
03/06/2011 13:06:58	TASTEGGIO	0	1	12700	69495	170514	129	-55	0.11	0.11	0	
03/06/2011 13:07:09	TASTEGGIO	0	1	12700	69495	194896	129	-55	0.11	0.24	-97500	
03/06/2011 13:07:11	ALARM 401		
03/06/2011 13:07:21	ALARM 29	proc 5 prog 72 step 6	Tastatori appoggiati sul tondo
03/06/2011 13:10:10	TASTEGGIO	0	1	12700	69495	195089	129	-55	0.15	0.23	-97500	
03/06/2011 13:10:13	ALARM 401		
03/06/2011 13:10:17	ALARM 202		err.6059
03/06/2011 13:12:57	ALARM 401		
03/06/2011 14:27:53	ALARM 401		
03/06/2011 14:27:53	ALARM 401		
03/06/2011 14:27:56	ALARM 401		
03/06/2011 14:29:12	TASTEGGIO	0	1	12700	69495	195302	129	-55	2.78	3.13	44500	
03/06/2011 14:29:23	ALARM 817	proc 12 prog 11 step 54	eccentricity = 3.13 mm
03/06/2011 14:34:30	TASTEGGIO	0	1	12700	69495	150931	345	-14	3.00	3.00	0	
03/06/2011 14:34:57	TASTEGGIO	0	1	12700	69495	150931	380	-5	2.97	2.97	0	
03/06/2011 14:35:25	TASTEGGIO	0	1	12700	69495	150932	440	-21	2.81	2.81	0	
03/06/2011 14:35:42	TASTEGGIO	0	1	12700	69495	195233	440	-21	2.56	2.83	44500	
03/06/2011 14:36:23	TASTEGGIO	0	1	12700	69495	150756	490	-54	2.44	2.44	0	
03/06/2011 14:36:43	TASTEGGIO	0	1	12700	69495	195211	490	-54	2.25	2.48	97500	
03/06/2011 14:37:33	TASTEGGIO	0	1	12700	69495	97734	504	-80	1.83	1.83	0	
03/06/2011 14:37:55	TASTEGGIO	0	1	12700	69495	195196	504	-80	1.80	1.93	44500	
03/06/2011 14:38:40	TASTEGGIO	1	0	12700	69495	150722	400	-19	1.77	1.77	0	
03/06/2011 14:39:08	TASTEGGIO	0	1	12700	69495	150722	400	-16	1.60	1.60	0	
03/06/2011 14:39:49	TASTEGGIO	0	1	12700	69495	150722	400	-9	1.50	1.50	0	
03/06/2011 14:40:28	TASTEGGIO	0	1	12700	69495	150763	400	-8	1.42	1.42	0	
03/06/2011 14:41:09	TASTEGGIO	0	1	12700	69495	150763	400	-3	1.40	1.40	0	
03/06/2011 14:41:50	TASTEGGIO	0	1	12700	69495	150763	400	-2	1.38	1.38	0	
03/06/2011 14:41:54	ALARM 401		
03/06/2011 14:42:12	TASTEGGIO	0	1	12700	69495	195213	400	-2	1.34	1.49	97500	
03/06/2011 14:43:01	TASTEGGIO	0	1	12700	69495	97734	447	-14	1.38	1.38	0	
03/06/2011 14:43:42	TASTEGGIO	0	1	12700	69495	97733	470	-29	1.10	1.10	0	
03/06/2011 14:44:02	TASTEGGIO	0	1	12700	69495	195208	470	-29	1.07	1.08	97500	
03/06/2011 14:45:08	TASTEGGIO	0	1	12700	69495	195197	470	-6	1.05	1.05	97500	
03/06/2011 14:45:55	TASTEGGIO	0	1	12700	69495	97718	497	-3	1.06	1.06	0	
03/06/2011 14:46:17	TASTEGGIO	0	1	12700	69495	195195	497	-3	1.04	1.05	97500	
03/06/2011 14:47:03	TASTEGGIO	1	0	12700	69495	97718	400	-2	1.05	1.05	0	
03/06/2011 14:47:07	ALARM 401		
03/06/2011 14:47:10	ALARM 205		err.6058
03/06/2011 14:47:30	TASTEGGIO	1	0	12700	69495	195189	400	-2	1.03	1.04	97500	
03/06/2011 14:48:18	TASTEGGIO	1	0	12700	69495	97713	522	-5	1.02	1.02	0	
03/06/2011 14:48:59	TASTEGGIO	1	0	12700	69495	97712	543	-9	0.95	0.95	0	
03/06/2011 14:49:53	TASTEGGIO	1	0	12700	69495	195192	543	-3	0.96	0.96	0	
03/06/2011 14:50:40	TASTEGGIO	1	0	12700	69495	195200	560	-76	0.32	0.32	0	
03/06/2011 14:50:55	TASTEGGIO	1	0	12700	69495	195204	560	-76	0.33	0.61	97500	
03/06/2011 14:51:20	TASTEGGIO	1	0	12700	69495	195217	560	-76	0.33	0.61	97500	
03/06/2011 14:52:06	TASTEGGIO	1	0	12700	69495	97742	349	-3	0.60	0.60	0	
03/06/2011 14:52:44	TASTEGGIO	0	1	12700	69495	97745	400	-14	0.47	0.47	0	
03/06/2011 14:53:25	TASTEGGIO	0	2	12700	69495	97743	400	-4	0.44	0.44	0	
03/06/2011 14:54:04	TASTEGGIO	0	1	12700	69495	97743	400	-2	0.42	0.42	0	
03/06/2011 14:54:06	ALARM 401		
03/06/2011 14:54:27	TASTEGGIO	0	1	12700	69495	195229	400	-2	0.21	0.45	97500	
03/06/2011 14:55:15	TASTEGGIO	0	1	12700	69495	97754	430	-3	0.42	0.42	0	
03/06/2011 14:55:56	TASTEGGIO	0	1	12700	69495	97759	460	-2	0.42	0.42	0	
03/06/2011 14:56:44	TASTEGGIO	0	1	12700	69495	97803	486	-1	0.41	0.41	0	
03/06/2011 14:57:26	TASTEGGIO	0	1	12700	69495	97803	520	-2	0.40	0.40	0	
03/06/2011 14:57:46	TASTEGGIO	0	1	12700	69495	195241	520	-2	0.19	0.40	97500	
03/06/2011 14:58:57	TASTEGGIO	0	1	12700	69495	195222	552	-2	0.19	0.40	97500	
03/06/2011 15:01:34	TASTEGGIO	0	1	12700	69495	195369	552	-2	3.29	3.55	44500	
03/06/2011 15:01:45	ALARM 817	proc 12 prog 11 step 54	eccentricity = 3.55 mm
03/06/2011 15:02:33	TASTEGGIO	0	1	12700	69495	195274	552	-2	0.00	0.00	-97500	
03/06/2011 15:03:26	TASTEGGIO	0	1	12700	69495	292755	552	-67	1.94	1.94	0	
03/06/2011 15:05:39	TASTEGGIO	0	1	12700	69495	195380	552	-67	3.01	3.34	44500	
03/06/2011 15:05:50	ALARM 817	proc 12 prog 11 step 54	eccentricity = 3.34 mm
03/06/2011 15:06:06	TASTEGGIO	0	1	12700	69495	195314	552	-67	0.00	0.00	44500	
03/06/2011 15:06:29	TASTEGGIO	0	1	12700	69495	195335	552	-67	2.98	3.35	44500	
03/06/2011 15:07:21	TASTEGGIO	0	1	12700	69495	150860	576	-85	2.86	2.86	0	
03/06/2011 15:07:37	TASTEGGIO	0	1	12700	69495	195348	576	-85	2.71	2.90	44500	
03/06/2011 15:08:27	TASTEGGIO	0	1	12700	69495	150869	581	-22	2.70	2.70	0	
03/06/2011 15:09:17	TASTEGGIO	0	1	12700	69495	150870	600	-10	2.61	2.61	0	
03/06/2011 15:09:36	TASTEGGIO	0	1	12700	69495	195357	600	-10	2.53	2.67	97500	
03/06/2011 15:10:26	TASTEGGIO	0	1	12700	69495	97878	622	-80	2.06	2.06	0	
03/06/2011 15:10:44	TASTEGGIO	0	1	12700	69495	195340	622	-80	2.19	2.19	44500	
03/06/2011 15:11:35	TASTEGGIO	0	1	12700	69495	150862	622	-14	2.07	2.07	0	
03/06/2011 15:12:23	TASTEGGIO	0	1	12700	69495	150862	640	-25	1.80	1.80	0	
03/06/2011 15:12:43	TASTEGGIO	0	1	12700	69495	195354	640	-25	1.86	1.86	0	
03/06/2011 15:13:26	TASTEGGIO	1	0	12700	69495	195380	400	-61	1.29	1.29	0	
03/06/2011 15:14:06	TASTEGGIO	0	1	12700	69495	195380	400	-10	1.20	1.20	0	
03/06/2011 15:14:44	TASTEGGIO	0	1	12700	69495	195386	400	-6	1.16	1.16	0	
03/06/2011 15:15:25	TASTEGGIO	0	1	12700	69495	195393	400	-6	1.12	1.12	0	
03/06/2011 15:16:02	TASTEGGIO	0	1	12700	69495	195393	400	-4	1.10	1.10	0	
03/06/2011 15:16:03	ALARM 401		
03/06/2011 15:16:06	ALARM 205		err.6058
03/06/2011 15:16:18	TASTEGGIO	0	1	12700	69495	195396	400	-4	1.11	1.44	97500	
03/06/2011 15:17:07	TASTEGGIO	0	1	12700	69495	97915	550	-19	1.25	1.25	0	
03/06/2011 15:17:57	TASTEGGIO	0	1	12700	69495	195375	580	-29	0.79	0.96	97500	
03/06/2011 15:18:52	TASTEGGIO	0	1	12700	69495	97892	493	-7	0.92	0.92	0	
03/06/2011 15:19:35	TASTEGGIO	0	1	12700	69495	97892	541	-4	0.87	0.87	0	
03/06/2011 15:20:28	TASTEGGIO	0	1	12700	69495	195364	580	-1	0.74	0.88	-44500	
03/06/2011 15:21:27	TASTEGGIO	0	1	12700	69495	239876	602	-50	0.57	0.57	0	
03/06/2011 15:21:46	TASTEGGIO	0	1	12700	69495	195450	602	-50	0.45	0.70	97500	
03/06/2011 15:22:11	TASTEGGIO	0	1	12700	69495	195337	602	-50	0.45	0.69	97500	
03/06/2011 15:22:55	TASTEGGIO	1	0	12700	69495	97862	369	-4	0.67	0.67	0	
03/06/2011 15:23:33	TASTEGGIO	0	1	12700	69495	97863	400	-9	0.59	0.59	0	
03/06/2011 15:23:36	ALARM 401		
03/06/2011 15:23:41	ALARM 201		err.6059
03/06/2011 15:24:02	TASTEGGIO	0	1	12700	69495	195348	400	-9	0.39	0.66	-97500	
03/06/2011 15:24:52	TASTEGGIO	0	1	12700	69495	292855	444	-63	0.18	0.18	0	
03/06/2011 15:25:11	TASTEGGIO	0	1	12700	69495	195444	444	-63	0.04	0.45	97500	
03/06/2011 15:26:01	TASTEGGIO	0	1	12700	69495	97970	394	-14	0.38	0.38	0	
03/06/2011 15:26:49	TASTEGGIO	0	1	12700	69495	195356	423	-3	0.11	0.37	97500	
03/06/2011 15:27:44	TASTEGGIO	0	1	12700	69495	195346	436	-4	0.13	0.34	97500	
03/06/2011 15:30:07	TASTEGGIO	0	1	12700	69495	195017	436	-4	2.80	3.09	44500	
03/06/2011 15:30:16	ALARM 817	proc 12 prog 11 step 54	eccentricity = 3.09 mm
03/06/2011 15:30:34	TASTEGGIO	0	1	12700	69495	195003	436	-4	2.79	3.08	44500	
03/06/2011 15:31:22	TASTEGGIO	0	1	12700	69495	150529	620	-84	2.52	2.52	0	
03/06/2011 15:31:38	TASTEGGIO	0	1	12700	69495	195003	620	-84	2.38	2.53	24500	
03/06/2011 15:32:28	TASTEGGIO	0	1	12700	69495	170527	634	-77	1.96	1.96	0	
03/06/2011 15:32:43	TASTEGGIO	0	1	12700	69495	194995	634	-77	1.88	2.05	44500	
03/06/2011 15:33:34	TASTEGGIO	0	1	12700	69495	150521	607	-29	1.79	1.79	0	
03/06/2011 15:33:51	TASTEGGIO	0	1	12700	69495	195005	607	-29	1.68	1.81	97500	
03/06/2011 15:34:40	TASTEGGIO	0	1	12700	69495	97533	589	-83	1.22	1.22	0	
03/06/2011 15:34:58	TASTEGGIO	0	1	12700	69495	195015	589	-83	1.31	1.34	44500	
03/06/2011 15:35:47	TASTEGGIO	0	1	12700	69495	150540	541	-31	1.04	1.04	0	
03/06/2011 15:36:35	TASTEGGIO	0	1	12700	69495	195035	541	-40	0.73	0.76	97500	
03/06/2011 15:37:00	TASTEGGIO	0	1	12700	69495	195018	541	-40	0.73	0.77	97500	
03/06/2011 15:37:43	TASTEGGIO	1	0	12700	69495	97546	389	-26	0.51	0.51	0	
03/06/2011 15:38:20	TASTEGGIO	0	1	12700	69495	97550	400	-30	0.21	0.21	0	
03/06/2011 15:38:24	ALARM 401		
03/06/2011 15:38:30	ALARM 205		err.6058
03/06/2011 15:38:45	TASTEGGIO	0	1	12700	69495	195029	400	-30	0.35	0.38	-44500	
03/06/2011 15:39:08	TASTEGGIO	0	1	12700	69495	195145	400	-30	0.35	0.37	-44500	
03/06/2011 15:39:53	TASTEGGIO	1	0	12700	69495	239639	289	-114	0.83	0.83	0	
03/06/2011 15:40:13	TASTEGGIO	0	1	12700	69495	239647	102	-32	0.51	0.51	0	
03/06/2011 15:40:38	TASTEGGIO	0	2	12700	69495	239655	146	-34	0.15	0.15	0	
03/06/2011 15:40:44	ALARM 218	proc 12 prog 73 step 17	go_abs 5 cmd 11
03/06/2011 15:40:46	ALARM 205		err.6059
03/06/2011 15:41:02	TASTEGGIO	0	2	12700	69495	195150	146	-34	0.19	0.19	0	
03/06/2011 15:44:07	ALARM 401		
03/06/2011 15:47:25	ALARM 401		
03/06/2011 15:47:26	ALARM 401		
03/06/2011 15:47:28	ALARM 401		
03/06/2011 15:51:09	ALARM 401		
03/06/2011 16:07:40	ALARM 401		
03/06/2011 16:11:02	TASTEGGIO	0	2	8000	53817	109988	146	-34	0.33	0.47	-44500	
03/06/2011 16:11:22	TASTEGGIO	1	0	8000	53817	154482	159	-4	0.44	0.44	0	
03/06/2011 16:11:40	TASTEGGIO	0	1	8000	53817	154482	241	-22	0.22	0.22	0	
03/06/2011 16:11:54	TASTEGGIO	0	0	8000	53817	154482	114	0	0.22	0.22	0	
03/06/2011 16:12:11	TASTEGGIO	0	1	8000	53817	154482	158	0	0.22	0.22	0	
03/06/2011 16:12:29	TASTEGGIO	0	1	8000	53817	154482	224	-4	0.18	0.18	0	
03/06/2011 16:12:48	TASTEGGIO	0	2	8000	53817	154482	253	-13	0.09	0.09	0	
03/06/2011 16:12:59	TASTEGGIO	0	2	8000	53817	110086	253	-13	0.07	0.09	-44500	
03/06/2011 16:14:55	TASTEGGIO	0	2	8000	53816	109906	253	-13	0.55	0.55	0	
03/06/2011 16:15:12	TASTEGGIO	1	0	8000	53816	109927	174	-4	0.51	0.51	0	
03/06/2011 16:15:30	TASTEGGIO	0	1	8000	53816	109931	268	-29	0.21	0.21	0	
03/06/2011 16:15:43	TASTEGGIO	0	0	8000	53816	109931	112	0	0.21	0.21	0	
03/06/2011 16:15:59	TASTEGGIO	0	1	8000	53816	109936	154	0	0.21	0.21	0	
03/06/2011 16:16:19	TASTEGGIO	0	1	8000	53816	109942	217	0	0.20	0.20	0	
03/06/2011 16:16:38	TASTEGGIO	0	1	8000	53816	109942	274	-20	0.05	0.05	0	
03/06/2011 16:16:46	TASTEGGIO	0	1	8000	53816	109885	274	-20	0.05	0.15	44500	
03/06/2011 16:17:04	TASTEGGIO	1	0	8000	53816	65406	102	-2	0.13	0.13	0	
03/06/2011 16:17:14	TASTEGGIO	1	0	8000	53816	109772	102	-2	0.03	0.16	-44500	
03/06/2011 16:17:34	TASTEGGIO	1	0	8000	53816	154226	103	-2	0.14	0.14	0	
03/06/2011 16:17:45	TASTEGGIO	1	0	8000	53816	109877	103	-2	0.04	0.15	-44500	
03/06/2011 16:18:04	TASTEGGIO	1	0	8000	53816	154324	102	0	0.14	0.14	0	
03/06/2011 16:18:15	TASTEGGIO	1	0	8000	53816	109877	102	0	0.04	0.15	-44500	
03/06/2011 16:18:34	TASTEGGIO	1	0	8000	53816	154343	102	0	0.13	0.13	0	
03/06/2011 16:18:45	TASTEGGIO	1	0	8000	53816	109881	102	0	0.04	0.14	44500	
03/06/2011 16:19:03	TASTEGGIO	1	0	8000	53816	65419	100	0	0.13	0.13	0	
03/06/2011 16:19:18	TASTEGGIO	0	1	8000	53816	65421	124	0	0.13	0.13	0	
03/06/2011 16:19:34	TASTEGGIO	0	1	8000	53816	65424	163	0	0.12	0.12	0	
03/06/2011 16:19:52	TASTEGGIO	0	1	8000	53816	65431	196	-3	0.09	0.09	0	
03/06/2011 16:20:02	TASTEGGIO	0	1	8000	53816	109773	196	-3	0.01	0.15	-44500	
03/06/2011 16:20:22	TASTEGGIO	1	0	8000	53816	154231	102	-1	0.15	0.15	0	
03/06/2011 16:20:38	TASTEGGIO	0	1	8000	53816	154238	132	0	0.14	0.14	0	
03/06/2011 16:20:48	TASTEGGIO	0	1	8000	53816	109874	132	0	0.01	0.15	-44500	
03/06/2011 16:21:08	TASTEGGIO	1	0	8000	53816	154346	102	0	0.14	0.14	0	
03/06/2011 16:21:18	TASTEGGIO	1	0	8000	53816	109876	102	0	0.01	0.14	-44500	
03/06/2011 16:23:13	TASTEGGIO	1	0	8000	53816	109963	102	0	0.47	0.49	24500	
03/06/2011 16:23:32	TASTEGGIO	1	0	8000	53816	85539	163	-4	0.45	0.45	0	
03/06/2011 16:23:50	TASTEGGIO	0	1	8000	53816	85542	245	-14	0.31	0.31	0	
03/06/2011 16:24:09	TASTEGGIO	0	2	8000	53816	85540	275	-18	0.12	0.12	0	
03/06/2011 16:24:19	TASTEGGIO	0	2	8000	53816	109870	275	-18	0.16	0.22	44500	
03/06/2011 16:24:37	TASTEGGIO	1	0	8000	53816	65406	114	0	0.19	0.19	0	
03/06/2011 16:24:51	TASTEGGIO	0	1	8000	53816	65406	130	-1	0.20	0.20	0	
03/06/2011 16:25:09	TASTEGGIO	0	1	8000	53816	65412	193	-2	0.17	0.17	0	
03/06/2011 16:25:27	TASTEGGIO	0	2	8000	53816	65415	221	-5	0.13	0.13	0	
03/06/2011 16:25:37	TASTEGGIO	0	2	8000	53816	109865	221	-5	0.14	0.20	-44500	
03/06/2011 16:25:57	TASTEGGIO	1	0	8000	53816	154322	111	-2	0.18	0.18	0	
03/06/2011 16:26:12	TASTEGGIO	0	1	8000	53816	154328	127	-1	0.17	0.17	0	
03/06/2011 16:26:31	TASTEGGIO	0	1	8000	53816	154335	175	-6	0.11	0.11	0	
03/06/2011 16:26:41	TASTEGGIO	0	1	8000	53816	109971	175	-6	0.07	0.14	44500	
03/06/2011 16:26:59	TASTEGGIO	1	0	8000	53816	65508	100	-1	0.13	0.13	0	
03/06/2011 16:27:10	TASTEGGIO	1	0	8000	53816	109864	100	-1	0.08	0.14	44500	
03/06/2011 16:27:28	TASTEGGIO	1	0	8000	53816	65398	100	0	0.13	0.13	0	
03/06/2011 16:27:39	TASTEGGIO	1	0	8000	53816	109860	100	0	0.08	0.15	44500	
03/06/2011 16:27:58	TASTEGGIO	1	0	8000	53816	65398	102	0	0.14	0.14	0	
03/06/2011 16:28:08	TASTEGGIO	1	0	8000	53816	109856	102	0	0.08	0.14	44500	
03/06/2011 16:30:03	TASTEGGIO	1	0	8000	53816	110069	102	0	0.10	0.23	44500	
03/06/2011 16:30:22	TASTEGGIO	1	0	8000	53816	65597	116	-2	0.21	0.21	0	
03/06/2011 16:30:37	TASTEGGIO	0	1	8000	53816	65599	154	0	0.20	0.20	0	
03/06/2011 16:30:55	TASTEGGIO	0	1	8000	53816	65607	211	-4	0.16	0.16	0	
03/06/2011 16:31:13	TASTEGGIO	0	2	8000	53816	65611	229	-8	0.11	0.11	0	
03/06/2011 16:31:24	TASTEGGIO	0	2	8000	53816	109955	229	-8	0.04	0.14	-44500	
03/06/2011 16:33:26	TASTEGGIO	0	2	8000	53816	110092	229	-8	0.14	0.17	24500	
03/06/2011 16:33:45	TASTEGGIO	1	0	8000	53816	85651	105	-3	0.14	0.14	0	
03/06/2011 16:33:54	TASTEGGIO	1	0	8000	53816	109977	105	-3	0.12	0.14	44500	
03/06/2011 16:35:51	TASTEGGIO	1	0	8000	53816	110103	105	-3	0.29	0.33	24500	
03/06/2011 16:36:10	TASTEGGIO	1	0	8000	53816	85673	134	-4	0.28	0.28	0	
03/06/2011 16:36:25	TASTEGGIO	0	1	8000	53816	85672	157	-1	0.28	0.28	0	
03/06/2011 16:36:43	TASTEGGIO	0	1	8000	53816	85682	241	-18	0.10	0.10	0	
03/06/2011 16:36:53	TASTEGGIO	0	1	8000	53816	109977	241	-18	0.12	0.17	-44500	
03/06/2011 16:37:13	TASTEGGIO	1	0	8000	53816	154428	105	-2	0.14	0.14	0	
03/06/2011 16:37:23	TASTEGGIO	1	0	8000	53816	110078	105	-2	0.11	0.15	44500	
03/06/2011 16:37:42	TASTEGGIO	1	0	8000	53816	65605	102	0	0.15	0.15	0	
03/06/2011 16:37:57	TASTEGGIO	0	1	8000	53816	65607	132	0	0.15	0.15	0	
03/06/2011 16:38:13	TASTEGGIO	0	1	8000	53816	65612	177	-1	0.14	0.14	0	
03/06/2011 16:38:24	TASTEGGIO	0	1	8000	53816	109960	177	-1	0.11	0.15	-44500	
03/06/2011 16:38:43	TASTEGGIO	1	0	8000	53816	154411	102	0	0.15	0.15	0	
03/06/2011 16:38:59	TASTEGGIO	0	1	8000	53816	154418	132	0	0.14	0.14	0	
03/06/2011 16:39:09	TASTEGGIO	0	1	8000	53816	110062	132	0	0.11	0.15	44500	
03/06/2011 16:40:17	ALARM 17	proc 12 prog 10 step 47	LavoroTerminato
03/06/2011 16:42:23	ALARM 406		
06/06/2011 07:31:38	ALARM 401		
06/06/2011 07:31:40	INIT OK
06/06/2011 07:35:43	TASTEGGIO	0	0	8000	53817	110108	0	0	0.27	0.49	-44500	
06/06/2011 07:36:03	TASTEGGIO	1	0	8000	53817	154556	163	-4	0.47	0.47	0	
06/06/2011 07:36:20	TASTEGGIO	0	1	8000	53817	154566	253	-27	0.20	0.20	0	
06/06/2011 07:36:35	TASTEGGIO	0	0	8000	53817	154574	111	0	0.20	0.20	0	
06/06/2011 07:36:52	TASTEGGIO	0	1	8000	53817	154575	151	0	0.20	0.20	0	
06/06/2011 07:37:09	TASTEGGIO	0	1	8000	53817	154577	211	-2	0.17	0.17	0	
06/06/2011 07:37:28	TASTEGGIO	0	2	8000	53817	154579	239	-5	0.12	0.12	0	
06/06/2011 07:37:39	TASTEGGIO	0	2	8000	53817	110092	239	-5	0.15	0.27	44500	
06/06/2011 07:37:58	TASTEGGIO	1	0	8000	53817	65638	123	-2	0.24	0.24	0	
06/06/2011 07:38:14	TASTEGGIO	0	1	8000	53817	65637	144	0	0.24	0.24	0	
06/06/2011 07:38:31	TASTEGGIO	0	1	8000	53817	65645	216	-6	0.18	0.18	0	
06/06/2011 07:38:48	TASTEGGIO	0	2	8000	53817	65646	235	-7	0.12	0.12	0	
06/06/2011 07:38:59	TASTEGGIO	0	2	8000	53817	109963	235	-7	0.06	0.19	-44500	
06/06/2011 07:39:19	TASTEGGIO	1	0	8000	53817	154421	109	-1	0.18	0.18	0	
06/06/2011 07:39:36	TASTEGGIO	0	1	8000	53817	154424	143	-1	0.18	0.18	0	
06/06/2011 07:39:53	TASTEGGIO	0	1	8000	53817	154427	197	0	0.17	0.17	0	
06/06/2011 07:40:12	TASTEGGIO	0	1	8000	53817	154429	245	-6	0.10	0.10	0	
06/06/2011 07:40:22	TASTEGGIO	0	1	8000	53817	110075	245	-6	0.11	0.17	44500	
06/06/2011 07:40:42	TASTEGGIO	1	0	8000	53817	65616	105	0	0.16	0.16	0	
06/06/2011 07:40:56	TASTEGGIO	0	1	8000	53817	65617	135	0	0.15	0.15	0	
06/06/2011 07:41:13	TASTEGGIO	0	1	8000	53817	65625	177	0	0.15	0.15	0	
06/06/2011 07:41:31	TASTEGGIO	0	1	8000	53817	65627	222	-3	0.13	0.13	0	
06/06/2011 07:41:42	TASTEGGIO	0	1	8000	53817	109957	222	-3	0.10	0.15	24500	
06/06/2011 07:42:00	TASTEGGIO	1	0	8000	53817	85527	102	-1	0.13	0.13	0	
06/06/2011 07:42:10	TASTEGGIO	1	0	8000	53817	109954	102	-1	0.09	0.13	24500	
06/06/2011 07:42:45	ALARM 304	proc 12 prog 32 step 49	inverter error 8
06/06/2011 07:47:00	TASTEGGIO	1	0	8000	53817	110115	102	-1	0.30	0.31	-24500	
06/06/2011 07:47:20	TASTEGGIO	1	0	8000	53817	134591	130	-4	0.28	0.28	0	
06/06/2011 07:47:37	TASTEGGIO	0	1	8000	53817	134592	180	-5	0.23	0.23	0	
06/06/2011 07:47:56	TASTEGGIO	0	2	8000	53817	134592	217	-14	0.09	0.09	0	
06/06/2011 07:48:06	TASTEGGIO	0	2	8000	53817	110090	217	-14	0.11	0.14	24500	
06/06/2011 07:50:00	TASTEGGIO	0	2	8000	53816	110100	217	-14	0.17	0.18	-24500	
06/06/2011 07:50:19	TASTEGGIO	1	0	8000	53816	134574	107	-3	0.16	0.16	0	
06/06/2011 07:50:34	TASTEGGIO	0	1	8000	53816	134575	121	-1	0.16	0.16	0	
06/06/2011 07:50:53	TASTEGGIO	0	1	8000	53816	134575	169	-5	0.11	0.11	0	
06/06/2011 07:51:03	TASTEGGIO	0	1	8000	53816	110084	169	-5	0.09	0.11	-24500	
06/06/2011 07:53:08	TASTEGGIO	0	1	8000	53816	110106	169	-5	0.30	0.42	-44500	
06/06/2011 07:53:29	TASTEGGIO	1	0	8000	53816	154538	150	-3	0.39	0.39	0	
06/06/2011 07:53:47	TASTEGGIO	0	1	8000	53816	154550	222	-16	0.24	0.24	0	
06/06/2011 07:54:06	TASTEGGIO	0	2	8000	53816	154561	242	-16	0.09	0.09	0	
06/06/2011 07:54:17	TASTEGGIO	0	2	8000	53816	110081	242	-16	0.05	0.15	44500	
06/06/2011 07:54:36	TASTEGGIO	1	0	8000	53816	65631	102	-2	0.12	0.12	0	
06/06/2011 07:54:47	TASTEGGIO	1	0	8000	53816	109958	102	-2	0.07	0.14	44500	
06/06/2011 07:55:05	TASTEGGIO	1	0	8000	53816	65501	100	-1	0.12	0.12	0	
06/06/2011 07:55:16	TASTEGGIO	1	0	8000	53816	109955	100	-1	0.06	0.13	44500	
06/06/2011 07:57:13	TASTEGGIO	1	0	8000	53816	110002	100	-1	0.28	0.32	44500	
06/06/2011 07:57:32	TASTEGGIO	1	0	8000	53816	65530	132	-2	0.30	0.30	0	
06/06/2011 07:57:47	TASTEGGIO	0	1	8000	53816	65536	188	-1	0.29	0.29	0	
06/06/2011 07:58:06	TASTEGGIO	0	1	8000	53816	65546	272	-20	0.09	0.09	0	
06/06/2011 07:58:16	TASTEGGIO	0	1	8000	53816	109874	272	-20	0.17	0.32	-44500	
06/06/2011 07:58:36	TASTEGGIO	1	0	8000	53816	154331	132	-2	0.28	0.28	0	
06/06/2011 07:58:53	TASTEGGIO	0	1	8000	53816	154337	156	-1	0.27	0.27	0	
06/06/2011 07:59:11	TASTEGGIO	0	1	8000	53816	154342	234	-24	0.04	0.04	0	
06/06/2011 07:59:21	TASTEGGIO	0	1	8000	53816	109972	234	-24	0.08	0.12	44500	
06/06/2011 08:01:16	TASTEGGIO	0	1	8000	53816	110173	234	-24	0.13	0.24	-44500	
06/06/2011 08:01:36	TASTEGGIO	1	0	8000	53816	154622	118	-2	0.23	0.23	0	
06/06/2011 08:01:52	TASTEGGIO	0	1	8000	53816	154628	162	-3	0.19	0.19	0	
06/06/2011 08:02:10	TASTEGGIO	0	2	8000	53816	154635	193	-8	0.11	0.11	0	
06/06/2011 08:02:20	TASTEGGIO	0	2	8000	53816	110168	193	-8	0.03	0.12	-44500	
06/06/2011 08:04:30	TASTEGGIO	0	2	8000	53816	110000	193	-8	0.39	0.43	-24500	
06/06/2011 08:04:49	TASTEGGIO	1	0	8000	53816	134467	152	-4	0.38	0.38	0	
06/06/2011 08:05:06	TASTEGGIO	0	1	8000	53816	134471	185	-4	0.33	0.33	0	
06/06/2011 08:05:26	TASTEGGIO	0	2	8000	53816	134473	242	-23	0.11	0.11	0	
06/06/2011 08:05:36	TASTEGGIO	0	2	8000	53816	109985	242	-23	0.14	0.16	-44500	
06/06/2011 08:05:56	TASTEGGIO	1	0	8000	53816	154442	103	0	0.15	0.15	0	
06/06/2011 08:06:11	TASTEGGIO	0	1	8000	53816	154450	131	-1	0.15	0.15	0	
06/06/2011 08:06:30	TASTEGGIO	0	1	8000	53816	154453	176	-6	0.08	0.08	0	
06/06/2011 08:06:40	TASTEGGIO	0	1	8000	53816	109970	176	-6	0.09	0.13	44500	
06/06/2011 08:08:25	TASTEGGIO	0	1	8000	53816	110071	176	-6	0.49	0.49	0	
06/06/2011 08:08:40	TASTEGGIO	1	0	8000	53816	110094	163	-3	0.46	0.46	0	
06/06/2011 08:08:58	TASTEGGIO	0	1	8000	53816	110096	249	-21	0.25	0.25	0	
06/06/2011 08:09:17	TASTEGGIO	0	2	8000	53816	110099	268	-22	0.04	0.04	0	
06/06/2011 08:09:25	TASTEGGIO	0	2	8000	53816	110074	268	-22	0.04	0.14	-44500	
06/06/2011 08:09:44	TASTEGGIO	1	0	8000	53816	154530	100	-2	0.13	0.13	0	
06/06/2011 08:09:55	TASTEGGIO	1	0	8000	53816	110080	100	-2	0.03	0.13	-44500	
06/06/2011 08:11:53	TASTEGGIO	1	0	8000	53816	109995	100	-2	0.41	0.48	44500	
06/06/2011 08:12:12	TASTEGGIO	1	0	8000	53816	65535	161	-3	0.45	0.45	0	
06/06/2011 08:12:29	TASTEGGIO	0	1	8000	53816	65548	245	-8	0.37	0.37	0	
06/06/2011 08:12:49	TASTEGGIO	0	2	8000	53816	65552	305	-24	0.14	0.14	0	
06/06/2011 08:13:00	TASTEGGIO	0	2	8000	53816	109873	305	-24	0.16	0.16	0	
06/06/2011 08:13:15	TASTEGGIO	1	0	8000	53816	109871	103	-1	0.14	0.14	0	
06/06/2011 08:13:23	TASTEGGIO	1	0	8000	53816	109875	103	-1	0.15	0.15	0	
06/06/2011 08:13:39	TASTEGGIO	1	0	8000	53816	109874	102	0	0.14	0.14	0	
06/06/2011 08:13:46	TASTEGGIO	1	0	8000	53816	109878	102	0	0.14	0.15	24500	
06/06/2011 08:14:05	TASTEGGIO	1	0	8000	53816	85436	102	0	0.13	0.13	0	
06/06/2011 08:14:14	TASTEGGIO	1	0	8000	53816	109863	102	0	0.14	0.14	24500	
06/06/2011 08:14:32	TASTEGGIO	1	0	8000	53816	85421	100	0	0.13	0.13	0	
06/06/2011 08:14:42	TASTEGGIO	1	0	8000	53816	109859	100	0	0.13	0.14	24500	
06/06/2011 08:15:00	TASTEGGIO	1	0	8000	53816	85422	100	0	0.12	0.12	0	
06/06/2011 08:15:10	TASTEGGIO	1	0	8000	53816	109855	100	0	0.13	0.14	24500	
06/06/2011 08:15:28	TASTEGGIO	1	0	8000	53816	85425	100	0	0.12	0.12	0	
06/06/2011 08:15:38	TASTEGGIO	1	0	8000	53816	109856	100	0	0.13	0.14	24500	
06/06/2011 08:15:56	TASTEGGIO	1	0	8000	53816	85419	100	0	0.12	0.12	0	
06/06/2011 08:16:06	TASTEGGIO	1	0	8000	53816	109859	100	0	0.13	0.14	24500	
06/06/2011 08:16:24	TASTEGGIO	1	0	8000	53816	85414	100	0	0.13	0.13	0	
06/06/2011 08:16:34	TASTEGGIO	1	0	8000	53816	109859	100	0	0.13	0.14	24500	
06/06/2011 08:16:52	TASTEGGIO	1	0	8000	53816	85417	100	0	0.12	0.12	0	
06/06/2011 08:17:02	TASTEGGIO	1	0	8000	53816	109859	100	0	0.13	0.13	24500	
06/06/2011 08:18:57	TASTEGGIO	1	0	8000	53816	110071	100	0	0.61	0.65	-24500	
06/06/2011 08:19:18	TASTEGGIO	1	0	8000	53816	134539	192	-6	0.59	0.59	0	
06/06/2011 08:19:36	TASTEGGIO	0	1	8000	53816	134542	298	-49	0.12	0.12	0	
06/06/2011 08:19:46	TASTEGGIO	0	1	8000	53816	110076	298	-49	0.13	0.18	-44500	
06/06/2011 08:20:05	TASTEGGIO	1	0	8000	53816	154540	107	0	0.17	0.17	0	
06/06/2011 08:20:21	TASTEGGIO	0	1	8000	53816	154542	139	-1	0.16	0.16	0	
06/06/2011 08:20:39	TASTEGGIO	0	1	8000	53816	154544	184	-8	0.08	0.08	0	
06/06/2011 08:20:50	TASTEGGIO	0	1	8000	53816	110076	184	-8	0.07	0.19	44500	
06/06/2011 08:21:08	TASTEGGIO	1	0	8000	53816	65616	109	-2	0.17	0.17	0	
06/06/2011 08:21:22	TASTEGGIO	0	1	8000	53816	65619	124	0	0.17	0.17	0	
06/06/2011 08:21:38	TASTEGGIO	0	1	8000	53816	65626	175	0	0.16	0.16	0	
06/06/2011 08:21:57	TASTEGGIO	0	1	8000	53816	65632	220	-8	0.08	0.08	0	
06/06/2011 08:22:07	TASTEGGIO	0	1	8000	53816	109956	220	-8	0.10	0.12	-44500	
06/06/2011 08:24:03	TASTEGGIO	0	1	8000	53816	110097	220	-8	0.27	0.35	44500	
06/06/2011 08:24:21	TASTEGGIO	1	0	8000	53816	65637	138	-1	0.32	0.32	0	
06/06/2011 08:24:37	TASTEGGIO	0	1	8000	53816	65642	196	-1	0.30	0.30	0	
06/06/2011 08:24:55	TASTEGGIO	0	1	8000	53816	65648	280	-22	0.09	0.09	0	
06/06/2011 08:25:06	TASTEGGIO	0	1	8000	53816	109976	280	-22	0.08	0.10	44500	
06/06/2011 08:27:01	TASTEGGIO	0	1	8000	53816	110098	280	-22	0.23	0.25	-44500	
06/06/2011 08:27:21	TASTEGGIO	1	0	8000	53816	154548	120	-3	0.23	0.23	0	
06/06/2011 08:27:37	TASTEGGIO	0	1	8000	53816	154555	162	-3	0.20	0.20	0	
06/06/2011 08:27:56	TASTEGGIO	0	2	8000	53816	154562	196	-10	0.09	0.09	0	
06/06/2011 08:28:07	TASTEGGIO	0	2	8000	53816	110080	196	-10	0.11	0.11	44500	
06/06/2011 08:30:03	TASTEGGIO	0	2	8000	53816	109999	196	-10	0.23	0.29	-44500	
06/06/2011 08:30:22	TASTEGGIO	1	0	8000	53816	154464	127	-2	0.26	0.26	0	
06/06/2011 08:30:37	TASTEGGIO	0	1	8000	53816	154467	150	-2	0.24	0.24	0	
06/06/2011 08:30:55	TASTEGGIO	0	1	8000	53816	154469	216	-18	0.06	0.06	0	
06/06/2011 08:31:06	TASTEGGIO	0	1	8000	53816	109978	216	-18	0.05	0.18	44500	
06/06/2011 08:31:24	TASTEGGIO	1	0	8000	53816	65527	107	-1	0.15	0.15	0	
06/06/2011 08:31:38	TASTEGGIO	0	1	8000	53816	65527	119	-1	0.15	0.15	0	
06/06/2011 08:31:55	TASTEGGIO	0	1	8000	53816	65532	164	0	0.14	0.14	0	
06/06/2011 08:32:06	TASTEGGIO	0	1	8000	53816	109860	164	0	0.04	0.17	44500	
06/06/2011 08:32:24	TASTEGGIO	1	0	8000	53816	65393	105	0	0.15	0.15	0	
06/06/2011 08:32:38	TASTEGGIO	0	1	8000	53816	65394	118	0	0.15	0.15	0	
06/06/2011 08:32:55	TASTEGGIO	0	1	8000	53816	65400	163	0	0.15	0.15	0	
06/06/2011 08:33:13	TASTEGGIO	0	1	8000	53816	65410	208	-5	0.10	0.10	0	
06/06/2011 08:33:24	TASTEGGIO	0	1	8000	53816	109857	208	-5	0.02	0.11	44500	
06/06/2011 08:35:10	TASTEGGIO	0	1	8000	53816	110170	208	-5	0.56	0.64	24500	
06/06/2011 08:35:30	TASTEGGIO	1	0	8000	53816	85741	190	-4	0.58	0.58	0	
06/06/2011 08:35:49	TASTEGGIO	0	1	8000	53816	85746	294	-29	0.28	0.28	0	
06/06/2011 08:36:04	TASTEGGIO	0	0	8000	53816	85736	125	0	0.28	0.28	0	
06/06/2011 08:36:20	TASTEGGIO	0	1	8000	53816	85736	181	0	0.28	0.28	0	
06/06/2011 08:36:40	TASTEGGIO	0	1	8000	53816	85739	265	-3	0.25	0.25	0	
06/06/2011 08:36:59	TASTEGGIO	0	2	8000	53816	85738	309	-24	0.08	0.08	0	
06/06/2011 08:37:09	TASTEGGIO	0	2	8000	53816	110070	309	-24	0.05	0.25	-44500	
06/06/2011 08:37:29	TASTEGGIO	1	0	8000	53816	154532	120	-2	0.23	0.23	0	
06/06/2011 08:37:47	TASTEGGIO	0	1	8000	53816	154535	162	-3	0.19	0.19	0	
06/06/2011 08:38:06	TASTEGGIO	0	2	8000	53816	154539	193	-9	0.11	0.11	0	
06/06/2011 08:38:16	TASTEGGIO	0	2	8000	53816	110174	193	-9	0.12	0.23	44500	
06/06/2011 08:38:36	TASTEGGIO	1	0	8000	53816	65716	116	-2	0.20	0.20	0	
06/06/2011 08:38:51	TASTEGGIO	0	1	8000	53816	65718	133	-1	0.20	0.20	0	
06/06/2011 08:39:08	TASTEGGIO	0	1	8000	53816	65725	193	-2	0.18	0.18	0	
06/06/2011 08:39:25	TASTEGGIO	0	2	8000	53816	65725	225	-6	0.12	0.12	0	
06/06/2011 08:39:36	TASTEGGIO	0	2	8000	53816	110047	225	-6	0.03	0.16	-44500	
06/06/2011 08:39:56	TASTEGGIO	1	0	8000	53816	154506	103	0	0.15	0.15	0	
06/06/2011 08:40:13	TASTEGGIO	0	1	8000	53816	154512	131	0	0.15	0.15	0	
06/06/2011 08:40:30	TASTEGGIO	0	1	8000	53816	154516	176	0	0.14	0.14	0	
06/06/2011 08:40:41	TASTEGGIO	0	1	8000	53816	110175	176	0	0.05	0.16	44500	
06/06/2011 08:41:00	TASTEGGIO	1	0	8000	53816	65716	103	-1	0.14	0.14	0	
06/06/2011 08:41:11	TASTEGGIO	1	0	8000	53816	110057	103	-1	0.05	0.14	44500	
06/06/2011 08:41:28	TASTEGGIO	1	0	8000	53816	65602	100	0	0.14	0.14	0	
06/06/2011 08:41:43	TASTEGGIO	0	1	8000	53816	65604	128	0	0.14	0.14	0	
06/06/2011 08:41:58	TASTEGGIO	0	1	8000	53816	65607	170	0	0.14	0.14	0	
06/06/2011 08:42:17	TASTEGGIO	0	1	8000	53816	65615	212	-3	0.13	0.13	0	
06/06/2011 08:42:28	TASTEGGIO	0	1	8000	53816	110057	212	-3	0.03	0.16	-44500	
06/06/2011 08:42:48	TASTEGGIO	1	0	8000	53816	154521	103	0	0.15	0.15	0	
06/06/2011 08:43:04	TASTEGGIO	0	1	8000	53816	154525	131	0	0.15	0.15	0	
06/06/2011 08:43:22	TASTEGGIO	0	1	8000	53816	154527	176	0	0.14	0.14	0	
06/06/2011 08:43:32	TASTEGGIO	0	1	8000	53816	110175	176	0	0.04	0.15	-44500	
06/06/2011 08:43:52	TASTEGGIO	1	0	8000	53816	154647	102	0	0.14	0.14	0	
06/06/2011 08:44:02	TASTEGGIO	1	0	8000	53816	110176	102	0	0.04	0.14	-44500	
06/06/2011 08:44:22	TASTEGGIO	1	0	8000	53816	154645	100	0	0.14	0.14	0	
06/06/2011 08:44:37	TASTEGGIO	0	1	8000	53816	154648	128	0	0.14	0.14	0	
06/06/2011 08:44:55	TASTEGGIO	0	1	8000	53816	154648	170	0	0.14	0.14	0	
06/06/2011 08:45:13	TASTEGGIO	0	1	8000	53816	154649	212	-8	0.05	0.05	0	
06/06/2011 08:45:24	TASTEGGIO	0	1	8000	53816	110174	212	-8	0.10	0.17	44500	
06/06/2011 08:45:43	TASTEGGIO	1	0	8000	53816	65716	105	-1	0.16	0.16	0	
06/06/2011 08:45:57	TASTEGGIO	0	1	8000	53816	65717	135	0	0.16	0.16	0	
06/06/2011 08:46:13	TASTEGGIO	0	1	8000	53816	65725	183	0	0.15	0.15	0	
06/06/2011 08:46:31	TASTEGGIO	0	1	8000	53816	65730	225	-2	0.14	0.14	0	
06/06/2011 08:46:42	TASTEGGIO	0	1	8000	53816	110071	225	-2	0.08	0.15	44500	
06/06/2011 08:48:39	TASTEGGIO	0	1	8000	53816	109991	225	-2	0.75	0.79	24500	
06/06/2011 08:48:59	TASTEGGIO	1	0	8000	53816	85566	217	-5	0.73	0.73	0	
06/06/2011 08:49:18	TASTEGGIO	0	1	8000	53816	85574	351	-50	0.24	0.24	0	
06/06/2011 08:49:32	TASTEGGIO	0	0	8000	53816	85563	118	0	0.24	0.24	0	
06/06/2011 08:49:49	TASTEGGIO	0	1	8000	53816	85563	166	0	0.24	0.24	0	
06/06/2011 08:50:07	TASTEGGIO	0	1	8000	53816	85565	238	-1	0.23	0.23	0	
06/06/2011 08:50:28	TASTEGGIO	0	1	8000	53816	85567	304	-7	0.15	0.15	0	
06/06/2011 08:50:48	TASTEGGIO	0	2	8000	53816	85621	317	-9	0.07	0.07	0	
06/06/2011 08:50:59	TASTEGGIO	0	2	8000	53816	109878	317	-9	0.16	0.29	-44500	
06/06/2011 08:51:19	TASTEGGIO	1	0	8000	53816	154323	127	-2	0.27	0.27	0	
06/06/2011 08:51:35	TASTEGGIO	0	1	8000	53816	154331	177	-6	0.21	0.21	0	
06/06/2011 08:51:54	TASTEGGIO	0	2	8000	53816	154339	200	-8	0.13	0.13	0	
06/06/2011 08:52:05	TASTEGGIO	0	2	8000	53816	109970	200	-8	0.08	0.17	44500	
06/06/2011 08:52:23	TASTEGGIO	1	0	8000	53816	65508	105	-1	0.16	0.16	0	
06/06/2011 08:52:37	TASTEGGIO	0	1	8000	53816	65510	135	0	0.16	0.16	0	
06/06/2011 08:52:52	TASTEGGIO	0	1	8000	53816	65517	183	-1	0.15	0.15	0	
06/06/2011 08:53:10	TASTEGGIO	0	1	8000	53816	65520	225	-7	0.08	0.08	0	
06/06/2011 08:53:20	TASTEGGIO	0	1	8000	53816	109867	225	-7	0.06	0.15	-44500	
06/06/2011 08:53:40	TASTEGGIO	1	0	8000	53816	154332	102	0	0.16	0.16	0	
06/06/2011 08:53:56	TASTEGGIO	0	1	8000	53816	154338	136	-1	0.15	0.15	0	
06/06/2011 08:54:14	TASTEGGIO	0	1	8000	53816	154339	178	-1	0.14	0.14	0	
06/06/2011 08:54:25	TASTEGGIO	0	1	8000	53816	109973	178	-1	0.05	0.14	-44500	
06/06/2011 08:56:19	TASTEGGIO	0	1	8000	53816	110070	178	-1	0.34	0.38	-44500	
06/06/2011 08:56:41	TASTEGGIO	1	0	8000	53816	154521	143	-13	0.50	0.50	0	
06/06/2011 08:57:00	TASTEGGIO	0	1	8000	53816	154533	273	-35	0.16	0.16	0	
06/06/2011 08:57:14	TASTEGGIO	0	0	8000	53816	154539	103	0	0.16	0.16	0	
06/06/2011 08:57:31	TASTEGGIO	0	1	8000	53816	154540	135	0	0.16	0.16	0	
06/06/2011 08:57:48	TASTEGGIO	0	1	8000	53816	154540	183	-1	0.16	0.16	0	
06/06/2011 08:58:08	TASTEGGIO	0	1	8000	53816	154540	231	-4	0.11	0.11	0	
06/06/2011 08:58:19	TASTEGGIO	0	1	8000	53816	110081	231	-4	0.13	0.13	0	
06/06/2011 09:00:15	TASTEGGIO	0	1	8000	53816	110089	231	-4	0.55	0.55	0	
06/06/2011 09:00:31	TASTEGGIO	1	0	8000	53816	110111	174	-3	0.52	0.52	0	
06/06/2011 09:00:52	TASTEGGIO	0	1	8000	53816	110114	272	-32	0.23	0.23	0	
06/06/2011 09:01:04	TASTEGGIO	0	0	8000	53816	110114	116	0	0.22	0.22	0	
06/06/2011 09:01:21	TASTEGGIO	0	1	8000	53816	110116	158	0	0.22	0.22	0	
06/06/2011 09:01:39	TASTEGGIO	0	1	8000	53816	110122	224	-6	0.16	0.16	0	
06/06/2011 09:01:59	TASTEGGIO	0	2	8000	53816	110125	240	-4	0.14	0.14	0	
06/06/2011 09:02:07	TASTEGGIO	0	2	8000	53816	110076	240	-4	0.14	0.26	-44500	
06/06/2011 09:02:27	TASTEGGIO	1	0	8000	53816	154526	121	-1	0.24	0.24	0	
06/06/2011 09:02:44	TASTEGGIO	0	1	8000	53816	154533	165	-4	0.20	0.20	0	
06/06/2011 09:03:03	TASTEGGIO	0	2	8000	53816	154539	198	-10	0.11	0.11	0	
06/06/2011 09:03:13	TASTEGGIO	0	2	8000	53816	110073	198	-10	0.06	0.18	44500	
06/06/2011 09:03:31	TASTEGGIO	1	0	8000	53816	65606	107	-1	0.17	0.17	0	
06/06/2011 09:03:45	TASTEGGIO	0	1	8000	53816	65609	139	0	0.17	0.17	0	
06/06/2011 09:04:02	TASTEGGIO	0	1	8000	53816	65617	190	-2	0.15	0.15	0	
06/06/2011 09:04:20	TASTEGGIO	0	2	8000	53816	65619	216	-6	0.09	0.09	0	
06/06/2011 09:04:30	TASTEGGIO	0	2	8000	53816	109960	216	-6	0.03	0.11	-44500	
06/06/2011 09:06:28	TASTEGGIO	0	2	8000	53816	110093	216	-6	0.20	0.22	24500	
06/06/2011 09:06:46	TASTEGGIO	1	0	8000	53816	85656	114	-3	0.19	0.19	0	
06/06/2011 09:07:02	TASTEGGIO	0	1	8000	53816	85655	130	-2	0.17	0.17	0	
06/06/2011 09:07:18	TASTEGGIO	0	2	8000	53816	85656	160	-1	0.16	0.16	0	
06/06/2011 09:07:37	TASTEGGIO	0	1	8000	53816	85664	220	-13	0.07	0.07	0	
06/06/2011 09:07:48	TASTEGGIO	0	1	8000	53816	109978	220	-13	0.08	0.08	0	
06/06/2011 09:09:57	TASTEGGIO	0	1	8000	53816	110090	220	-13	0.52	0.60	-24500	
06/06/2011 09:10:18	TASTEGGIO	1	0	8000	53816	134564	183	-4	0.56	0.56	0	
06/06/2011 09:10:37	TASTEGGIO	0	1	8000	53816	134564	287	-36	0.20	0.20	0	
06/06/2011 09:10:51	TASTEGGIO	0	0	8000	53816	134564	111	0	0.20	0.20	0	
06/06/2011 09:11:08	TASTEGGIO	0	1	8000	53816	134571	151	0	0.20	0.20	0	
06/06/2011 09:11:26	TASTEGGIO	0	1	8000	53816	134574	211	-1	0.19	0.19	0	
06/06/2011 09:11:46	TASTEGGIO	0	1	8000	53816	134574	265	-9	0.09	0.09	0	
06/06/2011 09:11:56	TASTEGGIO	0	1	8000	53816	110084	265	-9	0.08	0.19	-44500	
06/06/2011 09:12:16	TASTEGGIO	1	0	8000	53816	154551	109	0	0.18	0.18	0	
06/06/2011 09:12:32	TASTEGGIO	0	1	8000	53816	154553	143	0	0.18	0.18	0	
06/06/2011 09:12:51	TASTEGGIO	0	1	8000	53816	154554	197	-8	0.10	0.10	0	
06/06/2011 09:13:01	TASTEGGIO	0	1	8000	53816	110078	197	-8	0.01	0.12	44500	
06/06/2011 09:15:02	TASTEGGIO	0	1	8000	53816	110100	197	-8	0.56	0.76	24500	
06/06/2011 09:15:23	TASTEGGIO	1	0	8000	53816	85677	211	-7	0.69	0.69	0	
06/06/2011 09:15:42	TASTEGGIO	0	1	8000	53816	85683	335	-53	0.20	0.20	0	
06/06/2011 09:15:56	TASTEGGIO	0	0	8000	53816	85673	111	0	0.19	0.19	0	
06/06/2011 09:16:13	TASTEGGIO	0	1	8000	53816	85671	147	0	0.19	0.19	0	
06/06/2011 09:16:31	TASTEGGIO	0	1	8000	53816	85676	204	-2	0.18	0.18	0	
06/06/2011 09:16:50	TASTEGGIO	0	1	8000	53816	85679	255	-11	0.21	0.21	0	
06/06/2011 09:17:10	TASTEGGIO	0	1	8000	53816	85676	328	-55	0.39	0.39	0	
06/06/2011 09:17:29	TASTEGGIO	0	1	8000	53816	85677	255	-31	0.12	0.12	0	
06/06/2011 09:17:39	TASTEGGIO	0	1	8000	53816	109979	255	-31	0.10	0.23	44500	
06/06/2011 09:17:58	TASTEGGIO	1	0	8000	53816	65515	116	-1	0.22	0.22	0	
06/06/2011 09:18:13	TASTEGGIO	0	1	8000	53816	65517	158	0	0.22	0.22	0	
06/06/2011 09:18:32	TASTEGGIO	0	1	8000	53816	65523	224	-8	0.13	0.13	0	
06/06/2011 09:18:43	TASTEGGIO	0	1	8000	53816	109963	224	-8	0.09	0.18	-44500	
06/06/2011 09:19:03	TASTEGGIO	1	0	8000	53816	154433	107	-2	0.15	0.15	0	
06/06/2011 09:19:18	TASTEGGIO	0	1	8000	53816	154434	119	-1	0.15	0.15	0	
06/06/2011 09:19:37	TASTEGGIO	0	1	8000	53816	154434	164	-4	0.10	0.10	0	
06/06/2011 09:19:47	TASTEGGIO	0	1	8000	53816	110076	164	-4	0.04	0.18	44500	
06/06/2011 09:20:07	TASTEGGIO	1	0	8000	53816	65613	107	-1	0.17	0.17	0	
06/06/2011 09:20:21	TASTEGGIO	0	1	8000	53816	65615	139	0	0.17	0.17	0	
06/06/2011 09:20:39	TASTEGGIO	0	1	8000	53816	65622	190	0	0.17	0.17	0	
06/06/2011 09:20:57	TASTEGGIO	0	1	8000	53816	65625	241	-6	0.11	0.11	0	
06/06/2011 09:21:08	TASTEGGIO	0	1	8000	53816	109964	241	-6	0.07	0.13	-44500	
06/06/2011 09:23:03	TASTEGGIO	0	1	8000	53816	110102	241	-6	0.64	0.67	24500	
06/06/2011 09:23:23	TASTEGGIO	1	0	8000	53816	85665	195	-4	0.61	0.61	0	
06/06/2011 09:23:42	TASTEGGIO	0	1	8000	53816	85673	305	-34	0.27	0.27	0	
06/06/2011 09:23:56	TASTEGGIO	0	0	8000	53816	85664	123	0	0.26	0.26	0	
06/06/2011 09:24:14	TASTEGGIO	0	1	8000	53816	85664	173	0	0.26	0.26	0	
06/06/2011 09:24:33	TASTEGGIO	0	1	8000	53816	85668	251	0	0.26	0.26	0	
06/06/2011 09:24:53	TASTEGGIO	0	1	8000	53816	85672	329	-33	0.08	0.08	0	
06/06/2011 09:25:03	TASTEGGIO	0	1	8000	53816	109979	329	-33	0.05	0.12	-44500	
06/06/2011 09:27:21	TASTEGGIO	0	1	8000	53816	109992	329	-33	0.33	0.57	44500	
06/06/2011 09:27:40	TASTEGGIO	1	0	8000	53816	65535	177	-3	0.52	0.52	0	
06/06/2011 09:27:58	TASTEGGIO	0	1	8000	53816	65545	271	-15	0.39	0.39	0	
06/06/2011 09:28:17	TASTEGGIO	0	2	8000	53816	65547	312	-25	0.19	0.19	0	
06/06/2011 09:28:32	TASTEGGIO	0	0	8000	53816	65540	109	0	0.19	0.19	0	
06/06/2011 09:28:47	TASTEGGIO	0	1	8000	53816	65535	147	0	0.19	0.19	0	
06/06/2011 09:29:05	TASTEGGIO	0	1	8000	53816	65541	204	-1	0.19	0.19	0	
06/06/2011 09:29:23	TASTEGGIO	0	1	8000	53816	65542	261	-5	0.15	0.15	0	
06/06/2011 09:29:41	TASTEGGIO	0	2	8000	53816	65579	277	-4	0.14	0.14	0	
06/06/2011 09:29:52	TASTEGGIO	0	2	8000	53816	109878	277	-4	0.36	0.58	-44500	
06/06/2011 09:30:13	TASTEGGIO	1	0	8000	53816	154352	179	-4	0.54	0.54	0	
