28/09/2011 07:58:13	TASTEGGIO	1	0	5200	42840	147129	54	-1	0.10	0.10	0	
28/09/2011 07:58:37	TASTEGGIO	0	1	5200	42840	147129	61	-2	0.10	0.10	0	
28/09/2011 07:59:00	TASTEGGIO	0	2	5200	42840	147129	81	-2	0.08	0.08	0	
28/09/2011 07:59:24	TASTEGGIO	0	3	5200	42840	147129	92	-2	0.06	0.06	0	
28/09/2011 07:59:31	TASTEGGIO	0	3	5200	42840	147132	92	-2	0.06	0.08	82800	
28/09/2011 07:59:56	TASTEGGIO	1	0	5200	42840	64385	50	3	0.07	0.07	0	
28/09/2011 08:00:07	TASTEGGIO	1	0	5200	42840	147133	50	3	0.08	0.08	0	
28/09/2011 08:00:33	TASTEGGIO	1	0	5200	42840	147129	50	-3	0.07	0.07	0	
28/09/2011 08:00:40	TASTEGGIO	1	0	5200	42840	147132	50	-3	0.07	0.09	44500	
28/09/2011 08:01:06	TASTEGGIO	1	0	5200	42840	102665	51	4	0.10	0.10	0	
28/09/2011 08:01:29	TASTEGGIO	0	1	5200	42840	102663	62	-1	0.09	0.09	0	
28/09/2011 08:01:51	TASTEGGIO	0	2	5200	42840	102662	78	-2	0.08	0.08	0	
28/09/2011 08:02:13	TASTEGGIO	0	3	5200	42840	102661	99	-4	0.04	0.04	0	
28/09/2011 08:02:23	TASTEGGIO	0	3	5200	42840	147131	99	-4	0.02	0.10	82800	
28/09/2011 08:02:48	TASTEGGIO	1	0	5200	42840	64379	52	2	0.08	0.08	0	
28/09/2011 08:02:59	TASTEGGIO	1	0	5200	42840	147123	52	2	0.02	0.08	82800	
28/09/2011 08:04:52	TASTEGGIO	1	0	5200	42840	147156	52	2	0.33	0.33	0	
28/09/2011 08:05:17	TASTEGGIO	1	0	5200	42840	147158	68	1	0.25	0.25	0	
28/09/2011 08:05:41	TASTEGGIO	0	1	5200	42840	147158	86	2	0.23	0.23	0	
28/09/2011 08:06:04	TASTEGGIO	0	2	5200	42840	147158	128	-6	0.15	0.15	0	
28/09/2011 08:06:28	TASTEGGIO	0	3	5200	42840	147158	144	-10	0.09	0.09	0	
28/09/2011 08:06:36	TASTEGGIO	0	3	5200	42840	147152	144	-10	0.09	0.14	82800	
28/09/2011 08:07:00	TASTEGGIO	1	0	5200	42840	64402	55	2	0.13	0.13	0	
28/09/2011 08:07:21	TASTEGGIO	0	1	5200	42840	64402	67	0	0.13	0.13	0	
28/09/2011 08:07:41	TASTEGGIO	0	2	5200	42840	64399	93	0	0.13	0.13	0	
28/09/2011 08:08:04	TASTEGGIO	0	3	5200	42840	64394	132	-1	0.12	0.12	0	
28/09/2011 08:08:26	TASTEGGIO	0	4	5200	42840	64380	176	-2	0.10	0.10	0	
28/09/2011 08:08:49	TASTEGGIO	0	5	5200	42840	64408	217	-6	0.05	0.05	0	
28/09/2011 08:09:00	TASTEGGIO	0	5	5200	42840	147027	217	-6	0.01	0.06	-82000	
28/09/2011 08:10:53	TASTEGGIO	0	5	5200	42840	147156	217	-6	0.13	0.13	0	
28/09/2011 08:11:17	TASTEGGIO	1	0	5200	42840	147159	54	-6	0.13	0.13	0	
28/09/2011 08:11:40	TASTEGGIO	0	1	5200	42840	147159	67	-5	0.09	0.09	0	
28/09/2011 08:12:03	TASTEGGIO	0	2	5200	42840	147159	75	-2	0.07	0.07	0	
28/09/2011 08:12:11	TASTEGGIO	0	2	5200	42840	147153	75	-2	0.08	0.10	-82000	
28/09/2011 08:12:37	TASTEGGIO	1	0	5200	42840	229108	52	0	0.10	0.10	0	
28/09/2011 08:13:00	TASTEGGIO	0	1	5200	42840	229113	62	0	0.09	0.09	0	
28/09/2011 08:13:22	TASTEGGIO	0	2	5200	42840	229114	78	0	0.08	0.08	0	
28/09/2011 08:13:44	TASTEGGIO	0	3	5200	42840	229116	99	-1	0.07	0.07	0	
28/09/2011 08:13:55	TASTEGGIO	0	3	5200	42840	147178	99	-1	0.05	0.05	-82000	
28/09/2011 08:15:48	TASTEGGIO	0	3	5200	42840	147163	99	-1	0.35	0.35	0	
28/09/2011 08:16:14	TASTEGGIO	1	0	5200	42840	147166	70	2	0.28	0.28	0	
28/09/2011 08:16:37	TASTEGGIO	0	1	5200	42840	147166	92	5	0.23	0.23	0	
28/09/2011 08:17:02	TASTEGGIO	0	2	5200	42840	147166	129	-5	0.17	0.17	0	
28/09/2011 08:17:25	TASTEGGIO	0	3	5200	42840	147166	150	-17	0.02	0.02	0	
28/09/2011 08:17:32	TASTEGGIO	0	3	5200	42840	147160	150	-17	0.03	0.08	82800	
28/09/2011 08:17:57	TASTEGGIO	1	0	5200	42840	64402	50	3	0.08	0.08	0	
28/09/2011 08:18:17	TASTEGGIO	0	1	5200	42840	64403	58	0	0.08	0.08	0	
28/09/2011 08:18:37	TASTEGGIO	0	2	5200	42840	64401	74	0	0.08	0.08	0	
28/09/2011 08:18:59	TASTEGGIO	0	3	5200	42840	64396	98	0	0.07	0.07	0	
28/09/2011 08:19:11	TASTEGGIO	0	3	5200	42840	147031	98	0	0.01	0.07	82800	
28/09/2011 08:21:02	TASTEGGIO	0	3	5200	42840	147156	98	0	0.21	0.21	0	
28/09/2011 08:21:27	TASTEGGIO	1	0	5200	42840	147159	60	2	0.18	0.18	0	
28/09/2011 08:21:50	TASTEGGIO	0	1	5200	42840	147158	75	-2	0.16	0.16	0	
28/09/2011 08:22:13	TASTEGGIO	0	2	5200	42840	147158	103	-5	0.12	0.12	0	
28/09/2011 08:22:20	TASTEGGIO	0	2	5200	42840	147153	103	-5	0.12	0.12	0	
28/09/2011 08:22:45	TASTEGGIO	1	0	5200	42840	147157	53	-1	0.11	0.11	0	
28/09/2011 08:23:08	TASTEGGIO	0	1	5200	42840	147157	63	0	0.12	0.12	0	
28/09/2011 08:23:31	TASTEGGIO	0	2	5200	42840	147157	89	-4	0.08	0.08	0	
28/09/2011 08:23:55	TASTEGGIO	0	3	5200	42840	147157	98	-2	0.06	0.06	0	
28/09/2011 08:24:03	TASTEGGIO	0	3	5200	42840	147153	98	-2	0.07	0.10	82800	
28/09/2011 08:24:27	TASTEGGIO	1	0	5200	42840	64381	52	3	0.08	0.08	0	
28/09/2011 08:24:48	TASTEGGIO	0	1	5200	42840	64376	58	0	0.08	0.08	0	
28/09/2011 08:25:08	TASTEGGIO	0	2	5200	42840	64374	74	0	0.08	0.08	0	
28/09/2011 08:25:19	TASTEGGIO	0	2	5200	42840	147030	74	0	0.05	0.07	82800	
28/09/2011 08:27:12	TASTEGGIO	0	2	5200	42840	147251	74	0	0.32	0.32	0	
28/09/2011 08:27:37	TASTEGGIO	1	0	5200	42840	147253	68	4	0.29	0.29	0	
28/09/2011 08:28:01	TASTEGGIO	0	1	5200	42840	147254	94	3	0.27	0.27	0	
28/09/2011 08:28:25	TASTEGGIO	0	2	5200	42840	147254	144	-9	0.20	0.20	0	
28/09/2011 08:28:49	TASTEGGIO	0	3	5200	42840	147254	169	-22	0.04	0.04	0	
28/09/2011 08:28:56	TASTEGGIO	0	3	5200	42840	147244	169	-22	0.03	0.08	-82000	
28/09/2011 08:29:23	TASTEGGIO	1	0	5200	42840	229199	50	0	0.07	0.07	0	
28/09/2011 08:29:34	TASTEGGIO	1	0	5200	42840	147282	50	0	0.02	0.07	-82000	
28/09/2011 08:31:26	TASTEGGIO	1	0	5200	42840	147151	50	0	0.15	0.15	0	
28/09/2011 08:31:51	TASTEGGIO	1	0	5200	42840	147153	55	-9	0.12	0.12	0	
28/09/2011 08:31:58	TASTEGGIO	1	0	5200	42840	147146	55	-9	0.12	0.12	0	
28/09/2011 08:32:23	TASTEGGIO	1	0	5200	42840	147149	53	-3	0.08	0.08	0	
28/09/2011 08:32:46	TASTEGGIO	0	1	5200	42840	147149	58	-2	0.06	0.06	0	
28/09/2011 08:32:54	TASTEGGIO	0	1	5200	42840	147141	58	-2	0.07	0.07	0	
28/09/2011 08:34:47	TASTEGGIO	0	1	5200	42840	147151	58	-2	0.31	0.31	0	
28/09/2011 08:35:12	TASTEGGIO	1	0	5200	42840	147153	67	0	0.27	0.27	0	
28/09/2011 08:35:35	TASTEGGIO	0	1	5200	42840	147153	90	0	0.21	0.21	0	
28/09/2011 08:35:58	TASTEGGIO	0	2	5200	42840	147153	113	-4	0.13	0.13	0	
28/09/2011 08:36:05	TASTEGGIO	0	2	5200	42840	147144	113	-4	0.14	0.19	82800	
28/09/2011 08:36:29	TASTEGGIO	1	0	5200	42840	64391	58	2	0.17	0.17	0	
28/09/2011 08:36:50	TASTEGGIO	0	1	5200	42840	64390	73	0	0.16	0.16	0	
28/09/2011 08:37:12	TASTEGGIO	0	2	5200	42840	64389	103	0	0.16	0.16	0	
28/09/2011 08:37:35	TASTEGGIO	0	3	5200	42840	64385	151	0	0.15	0.15	0	
28/09/2011 08:37:58	TASTEGGIO	0	4	5200	42840	64368	207	-5	0.12	0.12	0	
28/09/2011 08:38:09	TASTEGGIO	0	4	5200	42840	147026	207	-5	0.13	0.17	-82000	
28/09/2011 08:38:36	TASTEGGIO	1	0	5200	42840	228980	57	1	0.16	0.16	0	
28/09/2011 08:38:58	TASTEGGIO	0	1	5200	42840	228984	72	0	0.16	0.16	0	
28/09/2011 08:39:20	TASTEGGIO	0	2	5200	42840	228985	104	-3	0.13	0.13	0	
28/09/2011 08:39:31	TASTEGGIO	0	2	5200	42840	147187	104	-3	0.11	0.13	-82000	
28/09/2011 08:39:58	TASTEGGIO	1	0	5200	42840	229132	54	2	0.13	0.13	0	
28/09/2011 08:40:20	TASTEGGIO	0	1	5200	42840	229140	67	0	0.13	0.13	0	
28/09/2011 08:40:43	TASTEGGIO	0	2	5200	42840	229145	93	0	0.13	0.13	0	
28/09/2011 08:41:06	TASTEGGIO	0	3	5200	42840	229149	132	-5	0.09	0.09	0	
28/09/2011 08:41:28	TASTEGGIO	0	4	5200	42840	229149	144	-4	0.04	0.04	0	
28/09/2011 08:41:39	TASTEGGIO	0	4	5200	42840	147185	144	-4	0.06	0.11	82800	
28/09/2011 08:42:04	TASTEGGIO	1	0	5200	42840	64419	52	0	0.09	0.09	0	
28/09/2011 08:42:23	TASTEGGIO	0	1	5200	42840	64421	59	0	0.09	0.09	0	
28/09/2011 08:42:44	TASTEGGIO	0	2	5200	42840	64424	77	-1	0.09	0.09	0	
28/09/2011 08:43:06	TASTEGGIO	0	3	5200	42840	64428	104	0	0.09	0.09	0	
28/09/2011 08:43:28	TASTEGGIO	0	4	5200	42840	64425	140	0	0.09	0.09	0	
28/09/2011 08:43:51	TASTEGGIO	0	5	5200	42840	64459	185	-1	0.08	0.08	0	
28/09/2011 08:44:15	TASTEGGIO	0	6	5200	42840	64459	227	-7	0.09	0.09	0	
28/09/2011 08:44:39	TASTEGGIO	0	7	5200	42840	64459	297	-36	0.26	0.26	0	
28/09/2011 08:45:03	TASTEGGIO	0	1	5200	42840	64459	221	-23	0.12	0.12	0	
28/09/2011 08:45:22	TASTEGGIO	0	0	5200	42840	64459	53	0	0.11	0.11	0	
28/09/2011 08:45:42	TASTEGGIO	0	1	5200	42840	64459	63	0	0.10	0.10	0	
28/09/2011 08:46:04	TASTEGGIO	0	2	5200	42840	64459	81	-1	0.10	0.10	0	
28/09/2011 08:46:25	TASTEGGIO	0	3	5200	42840	64459	111	0	0.10	0.10	0	
28/09/2011 08:46:48	TASTEGGIO	0	4	5200	42840	64459	151	-2	0.08	0.08	0	
28/09/2011 08:48:57	TASTEGGIO	0	5	5200	42840	147256	165	-1	0.24	0.24	0	
28/09/2011 08:49:22	TASTEGGIO	1	0	5200	42840	147257	62	-5	0.18	0.18	0	
28/09/2011 08:49:44	TASTEGGIO	0	1	5200	42840	147257	75	-6	0.13	0.13	0	
28/09/2011 08:49:51	TASTEGGIO	0	1	5200	42840	147250	75	-6	0.13	0.13	0	
28/09/2011 08:50:16	TASTEGGIO	1	0	5200	42840	147253	54	0	0.13	0.13	0	
28/09/2011 08:50:38	TASTEGGIO	0	1	5200	42840	147253	67	-7	0.08	0.08	0	
28/09/2011 08:51:02	TASTEGGIO	0	2	5200	42840	147253	73	-4	0.05	0.05	0	
28/09/2011 08:51:10	TASTEGGIO	0	2	5200	42840	147248	73	-4	0.06	0.10	82800	
28/09/2011 08:51:34	TASTEGGIO	1	0	5200	42840	64494	52	4	0.10	0.10	0	
28/09/2011 08:51:54	TASTEGGIO	0	1	5200	42840	64488	62	0	0.09	0.09	0	
28/09/2011 08:52:14	TASTEGGIO	0	2	5200	42840	64483	78	0	0.09	0.09	0	
28/09/2011 08:52:35	TASTEGGIO	0	3	5200	42840	64488	105	0	0.08	0.08	0	
28/09/2011 08:52:57	TASTEGGIO	0	4	5200	42840	64482	133	-1	0.08	0.08	0	
28/09/2011 08:53:19	TASTEGGIO	0	5	5200	42840	64501	173	-4	0.04	0.04	0	
28/09/2011 08:53:31	TASTEGGIO	0	5	5200	42840	147121	173	-4	0.03	0.06	82800	
28/09/2011 08:55:24	TASTEGGIO	0	5	5200	42840	147152	173	-4	0.24	0.24	0	
28/09/2011 08:55:48	TASTEGGIO	1	0	5200	42840	147155	62	-4	0.19	0.19	0	
28/09/2011 08:56:11	TASTEGGIO	0	1	5200	42840	147155	77	-3	0.17	0.17	0	
28/09/2011 08:56:34	TASTEGGIO	0	2	5200	42840	147155	107	-11	0.09	0.09	0	
28/09/2011 08:56:41	TASTEGGIO	0	2	5200	42840	147148	107	-11	0.08	0.09	82800	
28/09/2011 08:57:06	TASTEGGIO	1	0	5200	42840	64394	51	2	0.09	0.09	0	
28/09/2011 08:57:26	TASTEGGIO	0	1	5200	42840	64394	60	0	0.09	0.09	0	
28/09/2011 08:57:47	TASTEGGIO	0	2	5200	42840	64395	78	0	0.08	0.08	0	
28/09/2011 08:58:08	TASTEGGIO	0	3	5200	42840	64394	99	0	0.08	0.08	0	
28/09/2011 08:58:31	TASTEGGIO	0	4	5200	42840	64391	131	-1	0.08	0.08	0	
28/09/2011 08:58:53	TASTEGGIO	0	5	5200	42840	64419	171	-2	0.05	0.05	0	
28/09/2011 08:59:05	TASTEGGIO	0	5	5200	42840	147029	171	-2	0.07	0.07	0	
28/09/2011 09:00:58	TASTEGGIO	0	5	5200	42840	147152	171	-2	0.23	0.23	0	
28/09/2011 09:01:23	TASTEGGIO	1	0	5200	42840	147155	61	-3	0.19	0.19	0	
28/09/2011 09:01:45	TASTEGGIO	0	1	5200	42840	147155	76	-5	0.13	0.13	0	
28/09/2011 09:01:53	TASTEGGIO	0	1	5200	42840	147149	76	-5	0.13	0.13	44500	
28/09/2011 09:02:19	TASTEGGIO	1	0	5200	42840	102678	54	5	0.15	0.15	0	
28/09/2011 09:02:42	TASTEGGIO	0	1	5200	42840	102676	71	-1	0.15	0.15	0	
28/09/2011 09:03:04	TASTEGGIO	0	2	5200	42840	102675	101	-3	0.12	0.12	0	
28/09/2011 09:03:27	TASTEGGIO	0	3	5200	42840	102674	117	-3	0.09	0.09	0	
28/09/2011 09:03:49	TASTEGGIO	0	4	5200	42840	102672	130	-7	0.04	0.04	0	
28/09/2011 09:03:59	TASTEGGIO	0	4	5200	42840	147020	130	-7	0.03	0.07	-82000	
28/09/2011 09:05:52	TASTEGGIO	0	4	5200	42841	147260	130	-7	0.46	0.46	0	
28/09/2011 09:06:17	TASTEGGIO	1	0	5200	42841	147263	78	-1	0.37	0.37	0	
28/09/2011 09:06:40	TASTEGGIO	0	1	5200	42841	147263	107	-5	0.25	0.25	0	
28/09/2011 09:07:03	TASTEGGIO	0	2	5200	42841	147263	130	-9	0.13	0.13	0	
28/09/2011 09:07:10	TASTEGGIO	0	2	5200	42841	147259	130	-9	0.13	0.13	0	
28/09/2011 09:07:35	TASTEGGIO	1	0	5200	42841	147262	54	0	0.15	0.15	0	
28/09/2011 09:07:57	TASTEGGIO	0	1	5200	42841	147262	71	-1	0.14	0.14	0	
28/09/2011 09:08:20	TASTEGGIO	0	2	5200	42841	147262	97	-5	0.10	0.10	0	
28/09/2011 09:08:44	TASTEGGIO	0	3	5200	42841	147262	109	-2	0.08	0.08	0	
28/09/2011 09:09:07	TASTEGGIO	0	4	5200	42841	147262	121	-11	0.02	0.02	0	
28/09/2011 09:09:15	TASTEGGIO	0	4	5200	42841	147258	121	-11	0.02	0.15	82800	
28/09/2011 09:09:40	TASTEGGIO	1	0	5200	42841	64498	55	1	0.12	0.12	0	
28/09/2011 09:09:51	TASTEGGIO	1	0	5200	42841	147140	55	1	0.01	0.13	82800	
28/09/2011 09:10:16	TASTEGGIO	1	0	5200	42841	64362	54	3	0.12	0.12	0	
28/09/2011 09:10:37	TASTEGGIO	0	1	5200	42841	64360	65	0	0.12	0.12	0	
28/09/2011 09:10:59	TASTEGGIO	0	2	5200	42841	64360	89	0	0.11	0.11	0	
28/09/2011 09:11:20	TASTEGGIO	0	3	5200	42841	64365	119	-1	0.11	0.11	0	
28/09/2011 09:11:43	TASTEGGIO	0	4	5200	42841	64360	163	-2	0.10	0.10	0	
28/09/2011 09:12:06	TASTEGGIO	0	5	5200	42841	64372	208	-5	0.05	0.05	0	
28/09/2011 09:12:17	TASTEGGIO	0	5	5200	42841	147125	208	-5	0.02	0.10	-82000	
28/09/2011 09:12:44	TASTEGGIO	1	0	5200	42841	229102	52	0	0.08	0.08	0	
28/09/2011 09:13:05	TASTEGGIO	0	1	5200	42841	229102	58	-1	0.07	0.07	0	
28/09/2011 09:13:16	TASTEGGIO	0	1	5200	42841	147268	58	-1	0.02	0.09	44500	
28/09/2011 09:13:43	TASTEGGIO	1	0	5200	42841	102799	51	-1	0.10	0.10	0	
28/09/2011 09:14:05	TASTEGGIO	0	1	5200	42841	102797	62	-1	0.06	0.06	0	
28/09/2011 09:14:15	TASTEGGIO	0	1	5200	42841	147138	62	-1	0.04	0.08	-82000	
28/09/2011 09:14:41	TASTEGGIO	1	0	5200	42841	229097	50	1	0.07	0.07	0	
28/09/2011 09:14:51	TASTEGGIO	1	0	5200	42841	147274	50	1	0.05	0.07	-82000	
28/09/2011 09:16:45	TASTEGGIO	1	0	5200	42841	147252	50	1	0.14	0.14	0	
28/09/2011 09:17:10	TASTEGGIO	1	0	5200	42841	147255	55	-8	0.13	0.13	0	
28/09/2011 09:17:33	TASTEGGIO	0	1	5200	42841	147255	67	-5	0.08	0.08	0	
28/09/2011 09:17:56	TASTEGGIO	0	2	5200	42841	147255	73	-3	0.06	0.06	0	
28/09/2011 09:18:04	TASTEGGIO	0	2	5200	42841	147249	73	-3	0.06	0.10	82800	
28/09/2011 09:18:29	TASTEGGIO	1	0	5200	42841	64487	52	3	0.09	0.09	0	
28/09/2011 09:18:48	TASTEGGIO	0	1	5200	42841	64489	60	0	0.09	0.09	0	
28/09/2011 09:19:09	TASTEGGIO	0	2	5200	42841	64491	78	0	0.09	0.09	0	
28/09/2011 09:19:31	TASTEGGIO	0	3	5200	42841	64491	105	0	0.08	0.08	0	
28/09/2011 09:19:53	TASTEGGIO	0	4	5200	42841	64490	133	0	0.08	0.08	0	
28/09/2011 09:20:16	TASTEGGIO	0	5	5200	42841	64523	173	-2	0.07	0.07	0	
28/09/2011 09:20:28	TASTEGGIO	0	5	5200	42841	147140	173	-2	0.04	0.06	82800	
28/09/2011 09:22:21	TASTEGGIO	0	5	5200	42841	147255	173	-2	0.22	0.22	0	
28/09/2011 09:22:45	TASTEGGIO	1	0	5200	42840	147256	60	-3	0.18	0.18	0	
28/09/2011 09:23:08	TASTEGGIO	0	1	5200	42841	147256	74	-1	0.16	0.16	0	
28/09/2011 09:23:31	TASTEGGIO	0	2	5200	42841	147256	102	-6	0.12	0.12	0	
28/09/2011 09:23:39	TASTEGGIO	0	2	5200	42841	147247	102	-6	0.13	0.13	0	
28/09/2011 09:24:04	TASTEGGIO	1	0	5200	42841	147250	54	1	0.12	0.12	0	
28/09/2011 09:24:26	TASTEGGIO	0	1	5200	42841	147250	65	-1	0.12	0.12	0	
28/09/2011 09:24:50	TASTEGGIO	0	2	5200	42841	147250	89	-1	0.11	0.11	0	
28/09/2011 09:25:14	TASTEGGIO	0	3	5200	42841	147250	119	-5	0.06	0.06	0	
28/09/2011 09:25:21	TASTEGGIO	0	3	5200	42841	147242	119	-5	0.07	0.07	0	
28/09/2011 09:27:13	TASTEGGIO	0	3	5200	42841	147254	119	-5	0.29	0.29	0	
28/09/2011 09:27:39	TASTEGGIO	1	0	5200	42841	147257	65	3	0.25	0.25	0	
28/09/2011 09:28:02	TASTEGGIO	0	1	5200	42841	147257	86	5	0.22	0.22	0	
28/09/2011 09:28:25	TASTEGGIO	0	2	5200	42841	147257	124	-7	0.15	0.15	0	
28/09/2011 09:28:48	TASTEGGIO	0	3	5200	42841	147257	141	-12	0.06	0.06	0	
28/09/2011 09:28:56	TASTEGGIO	0	3	5200	42841	147252	141	-12	0.07	0.08	82800	
28/09/2011 09:29:21	TASTEGGIO	1	0	5200	42841	64495	50	3	0.09	0.09	0	
28/09/2011 09:29:42	TASTEGGIO	0	1	5200	42841	64494	60	0	0.08	0.08	0	
28/09/2011 09:30:03	TASTEGGIO	0	2	5200	42841	64499	74	0	0.09	0.09	0	
28/09/2011 09:30:25	TASTEGGIO	0	3	5200	42841	64499	104	0	0.09	0.09	0	
28/09/2011 09:30:48	TASTEGGIO	0	4	5200	42841	64491	140	0	0.08	0.08	0	
28/09/2011 09:31:10	TASTEGGIO	0	5	5200	42841	64520	175	-1	0.06	0.06	0	
28/09/2011 09:31:21	TASTEGGIO	0	5	5200	42841	147142	175	-1	0.03	0.05	82800	
28/09/2011 09:33:15	TASTEGGIO	0	5	5200	42841	147257	175	-1	0.35	0.35	0	
28/09/2011 09:33:39	TASTEGGIO	1	0	5200	42841	147258	70	0	0.25	0.25	0	
28/09/2011 09:34:03	TASTEGGIO	0	1	5200	42841	147259	87	3	0.23	0.23	0	
28/09/2011 09:34:26	TASTEGGIO	0	2	5200	42841	147259	129	-6	0.14	0.14	0	
28/09/2011 09:34:34	TASTEGGIO	0	2	5200	42841	147252	129	-6	0.15	0.17	82800	
28/09/2011 09:34:59	TASTEGGIO	1	0	5200	42841	64496	57	4	0.17	0.17	0	
28/09/2011 09:35:20	TASTEGGIO	0	1	5200	42841	64497	74	0	0.16	0.16	0	
28/09/2011 09:35:41	TASTEGGIO	0	2	5200	42841	64495	104	0	0.15	0.15	0	
28/09/2011 09:36:03	TASTEGGIO	0	3	5200	42841	64493	146	-1	0.15	0.15	0	
28/09/2011 09:36:25	TASTEGGIO	0	4	5200	42841	64475	206	-6	0.10	0.10	0	
28/09/2011 09:36:36	TASTEGGIO	0	4	5200	42841	147128	206	-6	0.13	0.13	0	
28/09/2011 09:37:00	TASTEGGIO	1	0	5200	42841	147124	54	-3	0.12	0.12	0	
28/09/2011 09:37:24	TASTEGGIO	0	1	5200	42841	147124	65	0	0.12	0.12	0	
28/09/2011 09:37:46	TASTEGGIO	0	2	5200	42841	147124	89	-3	0.10	0.10	0	
28/09/2011 09:38:09	TASTEGGIO	0	3	5200	42841	147124	113	-10	0.02	0.02	0	
28/09/2011 09:38:17	TASTEGGIO	0	3	5200	42841	147127	113	-10	0.02	0.07	82800	
28/09/2011 09:40:10	TASTEGGIO	0	3	5200	42841	147256	113	-10	0.31	0.31	0	
28/09/2011 09:40:35	TASTEGGIO	1	0	5200	42841	147259	67	-3	0.24	0.24	0	
28/09/2011 09:40:58	TASTEGGIO	0	1	5200	42841	147259	85	-2	0.19	0.19	0	
28/09/2011 09:41:22	TASTEGGIO	0	2	5200	42841	147259	106	-8	0.15	0.15	0	
28/09/2011 09:41:45	TASTEGGIO	0	3	5200	42841	147259	126	-26	0.08	0.08	0	
28/09/2011 09:41:53	TASTEGGIO	0	3	5200	42841	147253	126	-26	0.10	0.10	0	
28/09/2011 09:42:18	TASTEGGIO	1	0	5200	42841	147256	52	-24	0.15	0.15	0	
28/09/2011 09:42:42	TASTEGGIO	0	1	5200	42841	147256	29	-14	0.20	0.20	0	
28/09/2011 09:43:05	TASTEGGIO	0	2	5200	42841	147257	82	-8	0.10	0.10	0	
28/09/2011 09:43:27	TASTEGGIO	0	0	5200	42841	147256	52	-5	0.05	0.05	0	
28/09/2011 09:43:35	TASTEGGIO	0	0	5200	42841	147253	52	-5	0.05	0.13	82800	
28/09/2011 09:43:59	TASTEGGIO	1	0	5200	42841	64496	54	0	0.13	0.13	0	
28/09/2011 09:44:20	TASTEGGIO	0	1	5200	42841	64499	67	0	0.12	0.12	0	
28/09/2011 09:44:41	TASTEGGIO	0	2	5200	42841	64499	89	0	0.12	0.12	0	
28/09/2011 09:45:03	TASTEGGIO	0	3	5200	42841	64499	125	0	0.11	0.11	0	
28/09/2011 09:45:27	TASTEGGIO	0	4	5200	42841	64492	165	-2	0.09	0.09	0	
28/09/2011 09:45:50	TASTEGGIO	0	5	5200	42841	64516	201	-6	0.04	0.04	0	
28/09/2011 09:46:01	TASTEGGIO	0	5	5200	42841	147138	201	-6	0.03	0.05	-82000	
28/09/2011 09:47:52	TASTEGGIO	0	5	5200	42841	147255	201	-6	0.28	0.28	0	
28/09/2011 09:48:18	TASTEGGIO	1	0	5200	42841	147257	65	0	0.22	0.22	0	
28/09/2011 09:48:40	TASTEGGIO	0	1	5200	42841	147257	82	1	0.21	0.21	0	
28/09/2011 09:49:03	TASTEGGIO	0	2	5200	42841	147257	122	-1	0.18	0.18	0	
28/09/2011 09:49:28	TASTEGGIO	0	3	5200	42841	147257	168	-10	0.12	0.12	0	
28/09/2011 09:49:36	TASTEGGIO	0	3	5200	42841	147249	168	-10	0.13	0.16	-82000	
28/09/2011 09:50:03	TASTEGGIO	1	0	5200	42841	229202	56	2	0.15	0.15	0	
28/09/2011 09:50:25	TASTEGGIO	0	1	5200	42841	229213	70	-1	0.15	0.15	0	
28/09/2011 09:50:48	TASTEGGIO	0	2	5200	42841	229219	100	0	0.14	0.14	0	
28/09/2011 09:50:59	TASTEGGIO	0	2	5200	42841	147273	100	0	0.11	0.15	82800	
28/09/2011 09:51:24	TASTEGGIO	1	0	5200	42841	64512	55	4	0.17	0.17	0	
28/09/2011 09:51:44	TASTEGGIO	0	1	5200	42841	64513	74	0	0.16	0.16	0	
28/09/2011 09:52:06	TASTEGGIO	0	2	5200	42841	64516	104	0	0.16	0.16	0	
28/09/2011 09:52:29	TASTEGGIO	0	3	5200	42841	64511	152	0	0.15	0.15	0	
28/09/2011 09:52:53	TASTEGGIO	0	4	5200	42841	64502	208	-1	0.14	0.14	0	
28/09/2011 09:53:04	TASTEGGIO	0	4	5200	42841	147140	208	-1	0.08	0.13	82800	
28/09/2011 09:53:29	TASTEGGIO	1	0	5200	42841	64370	54	3	0.14	0.14	0	
28/09/2011 09:53:50	TASTEGGIO	0	1	5200	42841	64375	69	0	0.15	0.15	0	
28/09/2011 09:54:10	TASTEGGIO	0	2	5200	42841	64375	101	0	0.14	0.14	0	
28/09/2011 09:54:32	TASTEGGIO	0	3	5200	42841	64375	140	0	0.15	0.15	0	
28/09/2011 09:54:56	TASTEGGIO	0	4	5200	42841	64360	204	0	0.15	0.15	0	
28/09/2011 09:55:19	TASTEGGIO	0	5	5200	42841	64391	279	-5	0.09	0.09	0	
28/09/2011 09:55:44	TASTEGGIO	0	6	5200	42841	64391	292	-5	0.05	0.05	0	
28/09/2011 09:55:56	TASTEGGIO	0	6	5200	42841	147127	292	-5	0.01	0.10	-82000	
28/09/2011 09:56:22	TASTEGGIO	1	0	5200	42841	229092	52	4	0.11	0.11	0	
28/09/2011 09:56:43	TASTEGGIO	0	1	5200	42841	229093	64	0	0.10	0.10	0	
28/09/2011 09:57:06	TASTEGGIO	0	2	5200	42841	229094	82	0	0.10	0.10	0	
28/09/2011 09:57:28	TASTEGGIO	0	3	5200	42841	229094	112	-1	0.09	0.09	0	
28/09/2011 09:57:52	TASTEGGIO	0	4	5200	42841	229095	144	-2	0.08	0.08	0	
28/09/2011 09:58:14	TASTEGGIO	0	5	5200	42841	229095	179	-5	0.03	0.03	0	
28/09/2011 09:58:25	TASTEGGIO	0	5	5200	42841	147275	179	-5	0.03	0.05	82800	
28/09/2011 10:00:17	TASTEGGIO	0	5	5200	42840	146964	179	-5	0.19	0.19	0	
28/09/2011 10:00:42	TASTEGGIO	1	0	5200	42840	146968	58	-7	0.16	0.16	0	
28/09/2011 10:01:04	TASTEGGIO	0	1	5200	42840	146968	71	-2	0.13	0.13	0	
28/09/2011 10:01:12	TASTEGGIO	0	1	5200	42840	146962	71	-2	0.13	0.13	0	
28/09/2011 10:01:36	TASTEGGIO	1	0	5200	42840	146966	54	0	0.14	0.14	0	
28/09/2011 10:01:59	TASTEGGIO	0	1	5200	42840	146966	69	0	0.13	0.13	0	
28/09/2011 10:02:23	TASTEGGIO	0	2	5200	42840	146966	93	-1	0.12	0.12	0	
28/09/2011 10:02:46	TASTEGGIO	0	3	5200	42840	146966	126	-6	0.07	0.07	0	
28/09/2011 10:02:53	TASTEGGIO	0	3	5200	42840	146961	126	-6	0.07	0.09	82800	
28/09/2011 10:03:18	TASTEGGIO	1	0	5200	42840	64199	51	1	0.08	0.08	0	
28/09/2011 10:03:38	TASTEGGIO	0	1	5200	42840	64201	58	0	0.09	0.09	0	
28/09/2011 10:03:58	TASTEGGIO	0	2	5200	42840	64201	78	0	0.08	0.08	0	
28/09/2011 10:04:19	TASTEGGIO	0	3	5200	42840	64201	99	0	0.08	0.08	0	
28/09/2011 10:04:42	TASTEGGIO	0	4	5200	42840	64200	131	0	0.07	0.07	0	
28/09/2011 10:04:53	TASTEGGIO	0	4	5200	42840	146835	131	0	0.07	0.08	82800	
28/09/2011 10:05:18	TASTEGGIO	1	0	5200	42840	64066	50	3	0.08	0.08	0	
28/09/2011 10:05:38	TASTEGGIO	0	1	5200	42840	64065	58	0	0.07	0.07	0	
28/09/2011 10:05:49	TASTEGGIO	0	1	5200	42840	146831	58	0	0.09	0.09	0	
28/09/2011 10:06:14	TASTEGGIO	1	0	5200	42840	146827	51	-3	0.08	0.08	0	
28/09/2011 10:06:37	TASTEGGIO	0	1	5200	42840	146827	58	0	0.08	0.08	0	
28/09/2011 10:07:01	TASTEGGIO	0	2	5200	42840	146827	74	0	0.07	0.07	0	
28/09/2011 10:07:09	TASTEGGIO	0	2	5200	42840	146830	74	0	0.08	0.08	82800	
28/09/2011 10:07:34	TASTEGGIO	1	0	5200	42840	64073	50	1	0.07	0.07	0	
28/09/2011 10:07:45	TASTEGGIO	1	0	5200	42840	146825	50	1	0.06	0.09	82800	
28/09/2011 10:08:10	TASTEGGIO	1	0	5200	42840	64064	51	2	0.07	0.07	0	
28/09/2011 10:08:21	TASTEGGIO	1	0	5200	42840	146833	51	2	0.07	0.09	82800	
28/09/2011 10:08:46	TASTEGGIO	1	0	5200	42840	64066	51	1	0.07	0.07	0	
28/09/2011 10:08:57	TASTEGGIO	1	0	5200	42840	146831	51	1	0.05	0.09	82800	
28/09/2011 10:09:21	TASTEGGIO	1	0	5200	42840	64064	51	3	0.07	0.07	0	
28/09/2011 10:09:32	TASTEGGIO	1	0	5200	42840	146833	51	3	0.07	0.08	82800	
28/09/2011 10:09:56	TASTEGGIO	1	0	5200	42840	64066	50	4	0.08	0.08	0	
28/09/2011 10:10:16	TASTEGGIO	0	1	5200	42840	64070	58	0	0.07	0.07	0	
28/09/2011 10:10:27	TASTEGGIO	0	1	5200	42840	146838	58	0	0.06	0.09	82800	
28/09/2011 10:10:52	TASTEGGIO	1	0	5200	42840	64070	51	2	0.07	0.07	0	
28/09/2011 10:11:03	TASTEGGIO	1	0	5200	42840	146836	51	2	0.06	0.09	82800	
28/09/2011 10:11:28	TASTEGGIO	1	0	5200	42840	64071	51	2	0.07	0.07	0	
28/09/2011 10:11:39	TASTEGGIO	1	0	5200	42840	146838	51	2	0.07	0.09	82800	
28/09/2011 10:12:04	TASTEGGIO	1	0	5200	42840	64067	51	2	0.08	0.08	0	
28/09/2011 10:12:24	TASTEGGIO	0	1	5200	42840	64069	58	-1	0.07	0.07	0	
28/09/2011 10:12:35	TASTEGGIO	0	1	5200	42840	146834	58	-1	0.08	0.09	82800	
28/09/2011 10:12:59	TASTEGGIO	1	0	5200	42840	64071	51	1	0.07	0.07	0	
28/09/2011 10:13:11	TASTEGGIO	1	0	5200	42840	146840	51	1	0.07	0.08	82800	
28/09/2011 10:13:35	TASTEGGIO	1	0	5200	42840	64080	50	2	0.08	0.08	0	
28/09/2011 10:13:55	TASTEGGIO	0	1	5200	42840	64080	58	-1	0.07	0.07	0	
28/09/2011 10:14:06	TASTEGGIO	0	1	5200	42840	146842	58	-1	0.07	0.08	82800	
28/09/2011 10:14:31	TASTEGGIO	1	0	5200	42840	64074	50	1	0.07	0.07	0	
28/09/2011 10:14:42	TASTEGGIO	1	0	5200	42840	146844	50	1	0.06	0.08	82800	
28/09/2011 10:16:55	TASTEGGIO	1	0	5200	42840	147161	50	2	0.15	0.15	0	
28/09/2011 10:17:20	TASTEGGIO	1	0	5200	42840	147163	55	-9	0.08	0.08	0	
28/09/2011 10:17:27	TASTEGGIO	1	0	5200	42840	147152	55	-9	0.08	0.11	82800	
28/09/2011 10:17:52	TASTEGGIO	1	0	5200	42840	64377	52	1	0.10	0.10	0	
28/09/2011 10:18:12	TASTEGGIO	0	1	5200	42840	64378	61	-1	0.10	0.10	0	
28/09/2011 10:18:32	TASTEGGIO	0	2	5200	42840	64381	81	0	0.09	0.09	0	
28/09/2011 10:18:53	TASTEGGIO	0	3	5200	42840	64381	105	0	0.09	0.09	0	
28/09/2011 10:19:16	TASTEGGIO	0	4	5200	42840	64379	141	-1	0.08	0.08	0	
28/09/2011 10:19:39	TASTEGGIO	0	5	5200	42840	64395	176	-3	0.06	0.06	0	
28/09/2011 10:19:50	TASTEGGIO	0	5	5200	42840	147042	176	-3	0.03	0.04	82800	
28/09/2011 10:21:42	TASTEGGIO	0	5	5200	42840	147158	176	-3	0.40	0.40	0	
28/09/2011 10:22:07	TASTEGGIO	1	0	5200	42840	147160	73	4	0.37	0.37	0	
28/09/2011 10:22:30	TASTEGGIO	0	1	5200	42840	147160	107	4	0.33	0.33	0	
28/09/2011 10:22:54	TASTEGGIO	0	2	5200	42840	147160	165	-11	0.20	0.20	0	
28/09/2011 10:23:18	TASTEGGIO	0	3	5200	42840	147160	185	-20	0.07	0.07	0	
28/09/2011 10:23:26	TASTEGGIO	0	3	5200	42840	147154	185	-20	0.07	0.14	82800	
28/09/2011 10:23:51	TASTEGGIO	1	0	5200	42840	64383	55	4	0.12	0.12	0	
28/09/2011 10:24:10	TASTEGGIO	0	1	5200	42840	64382	65	0	0.11	0.11	0	
28/09/2011 10:24:30	TASTEGGIO	0	2	5200	42840	64379	85	0	0.12	0.12	0	
28/09/2011 10:24:53	TASTEGGIO	0	3	5200	42840	64373	124	0	0.12	0.12	0	
28/09/2011 10:25:15	TASTEGGIO	0	4	5200	42840	64371	172	-1	0.10	0.10	0	
28/09/2011 10:25:38	TASTEGGIO	0	5	5200	42840	64389	213	-3	0.08	0.08	0	
28/09/2011 10:26:02	TASTEGGIO	0	6	5200	42840	64388	228	-1	0.06	0.06	0	
28/09/2011 10:26:13	TASTEGGIO	0	6	5200	42840	147020	228	-1	0.07	0.08	82800	
28/09/2011 10:26:38	TASTEGGIO	1	0	5200	42840	64254	50	4	0.06	0.06	0	
28/09/2011 10:26:49	TASTEGGIO	1	0	5200	42840	147025	50	4	0.06	0.09	82800	
28/09/2011 10:27:14	TASTEGGIO	1	0	5200	42840	64257	51	3	0.06	0.06	0	
28/09/2011 10:27:25	TASTEGGIO	1	0	5200	42840	147021	51	3	0.06	0.09	82800	
28/09/2011 10:27:51	TASTEGGIO	1	0	5200	42840	64257	51	3	0.06	0.06	0	
28/09/2011 10:28:02	TASTEGGIO	1	0	5200	42840	147024	51	3	0.06	0.09	82800	
28/09/2011 10:28:27	TASTEGGIO	1	0	5200	42840	64258	51	2	0.06	0.06	0	
28/09/2011 10:28:38	TASTEGGIO	1	0	5200	42840	147034	51	2	0.08	0.09	82800	
28/09/2011 10:29:03	TASTEGGIO	1	0	5200	42840	64258	51	2	0.06	0.06	0	
28/09/2011 10:29:14	TASTEGGIO	1	0	5200	42840	147033	51	2	0.08	0.08	82800	
28/09/2011 10:29:39	TASTEGGIO	1	0	5200	42840	64265	50	3	0.06	0.06	0	
28/09/2011 10:29:50	TASTEGGIO	1	0	5200	42840	147044	50	3	0.09	0.09	82800	
28/09/2011 10:30:15	TASTEGGIO	1	0	5200	42840	64279	51	3	0.06	0.06	0	
28/09/2011 10:30:26	TASTEGGIO	1	0	5200	42840	147037	51	3	0.07	0.08	82800	
28/09/2011 10:30:51	TASTEGGIO	1	0	5200	42840	64266	50	2	0.06	0.06	0	
28/09/2011 10:31:02	TASTEGGIO	1	0	5200	42840	147044	50	2	0.07	0.10	82800	
28/09/2011 10:31:26	TASTEGGIO	1	0	5200	42840	64266	52	2	0.06	0.06	0	
28/09/2011 10:31:37	TASTEGGIO	1	0	5200	42840	147042	52	2	0.07	0.08	82800	
28/09/2011 10:32:02	TASTEGGIO	1	0	5200	42840	64268	50	2	0.06	0.06	0	
28/09/2011 10:32:13	TASTEGGIO	1	0	5200	42840	147041	50	2	0.08	0.08	82800	
28/09/2011 10:32:38	TASTEGGIO	1	0	5200	42840	64270	50	1	0.06	0.06	0	
28/09/2011 10:32:49	TASTEGGIO	1	0	5200	42840	147032	50	1	0.07	0.09	82800	
28/09/2011 10:33:14	TASTEGGIO	1	0	5200	42840	64256	51	0	0.07	0.07	0	
28/09/2011 10:33:25	TASTEGGIO	1	0	5200	42840	147037	51	0	0.08	0.08	82800	
28/09/2011 10:33:50	TASTEGGIO	1	0	5200	42840	64267	50	1	0.06	0.06	0	
28/09/2011 10:34:01	TASTEGGIO	1	0	5200	42840	147030	50	1	0.06	0.09	82800	
28/09/2011 10:34:26	TASTEGGIO	1	0	5200	42840	64256	51	0	0.06	0.06	0	
28/09/2011 10:34:37	TASTEGGIO	1	0	5200	42840	147033	51	0	0.07	0.09	82800	
28/09/2011 10:35:02	TASTEGGIO	1	0	5200	42840	64259	51	2	0.06	0.06	0	
28/09/2011 10:35:13	TASTEGGIO	1	0	5200	42840	147033	51	2	0.07	0.09	82800	
28/09/2011 10:35:38	TASTEGGIO	1	0	5200	42840	64267	51	2	0.06	0.06	0	
28/09/2011 10:35:49	TASTEGGIO	1	0	5200	42840	147035	51	2	0.07	0.09	82800	
28/09/2011 10:36:14	TASTEGGIO	1	0	5200	42840	64261	51	-1	0.06	0.06	0	
28/09/2011 10:36:25	TASTEGGIO	1	0	5200	42840	147040	51	-1	0.07	0.08	82800	
28/09/2011 10:36:50	TASTEGGIO	1	0	5200	42840	64266	50	2	0.07	0.07	0	
28/09/2011 10:37:01	TASTEGGIO	1	0	5200	42840	147043	50	2	0.09	0.09	0	
28/09/2011 10:37:26	TASTEGGIO	1	0	5200	42840	147039	51	-8	0.04	0.04	0	
28/09/2011 10:37:34	TASTEGGIO	1	0	5200	42840	147042	51	-8	0.04	0.10	82800	
28/09/2011 10:39:47	TASTEGGIO	1	0	5200	42841	147150	52	-2	0.27	0.27	0	
28/09/2011 10:40:13	TASTEGGIO	1	0	5200	42841	147152	64	0	0.22	0.22	0	
28/09/2011 10:40:35	TASTEGGIO	0	1	5200	42841	147152	81	0	0.19	0.19	0	
28/09/2011 10:40:59	TASTEGGIO	0	2	5200	42841	147152	113	-14	0.13	0.13	0	
28/09/2011 10:41:07	TASTEGGIO	0	2	5200	42841	147143	113	-14	0.13	0.13	0	
28/09/2011 10:41:32	TASTEGGIO	1	0	5200	42841	147146	54	-2	0.09	0.09	0	
28/09/2011 10:41:55	TASTEGGIO	0	1	5200	42841	147146	60	-2	0.08	0.08	0	
28/09/2011 10:42:17	TASTEGGIO	0	2	5200	42841	147146	74	-6	0.03	0.03	0	
28/09/2011 10:42:24	TASTEGGIO	0	2	5200	42841	147139	74	-6	0.04	0.14	82800	
28/09/2011 10:42:49	TASTEGGIO	1	0	5200	42841	64382	55	1	0.11	0.11	0	
28/09/2011 10:43:10	TASTEGGIO	0	1	5200	42841	64384	63	0	0.12	0.12	0	
28/09/2011 10:43:31	TASTEGGIO	0	2	5200	42841	64377	89	0	0.11	0.11	0	
28/09/2011 10:43:53	TASTEGGIO	0	3	5200	42841	64375	119	0	0.11	0.11	0	
28/09/2011 10:44:16	TASTEGGIO	0	4	5200	42841	64371	163	-1	0.09	0.09	0	
28/09/2011 10:44:39	TASTEGGIO	0	5	5200	42841	64391	199	-4	0.06	0.06	0	
28/09/2011 10:44:51	TASTEGGIO	0	5	5200	42841	147033	199	-4	0.03	0.07	-82000	
28/09/2011 10:46:44	TASTEGGIO	0	5	5200	42841	147252	199	-4	0.19	0.19	0	
28/09/2011 10:47:08	TASTEGGIO	1	0	5200	42841	147255	58	-4	0.15	0.15	0	
28/09/2011 10:47:32	TASTEGGIO	0	1	5200	42841	147255	69	-2	0.15	0.15	0	
28/09/2011 10:47:55	TASTEGGIO	0	2	5200	42841	147255	99	-8	0.06	0.06	0	
28/09/2011 10:48:03	TASTEGGIO	0	2	5200	42841	147248	99	-8	0.06	0.11	-82000	
28/09/2011 10:48:29	TASTEGGIO	1	0	5200	42841	229198	52	3	0.10	0.10	0	
28/09/2011 10:48:51	TASTEGGIO	0	1	5200	42841	229201	61	0	0.10	0.10	0	
28/09/2011 10:49:13	TASTEGGIO	0	2	5200	42841	229209	81	-1	0.09	0.09	0	
28/09/2011 10:49:35	TASTEGGIO	0	3	5200	42841	229210	105	-3	0.07	0.07	0	
28/09/2011 10:49:47	TASTEGGIO	0	3	5200	42841	147278	105	-3	0.03	0.05	-82000	
28/09/2011 10:51:40	TASTEGGIO	0	3	5200	42841	147256	105	-3	0.34	0.34	0	
28/09/2011 10:52:05	TASTEGGIO	1	0	5200	42841	147259	69	2	0.30	0.30	0	
28/09/2011 10:52:29	TASTEGGIO	0	1	5200	42841	147259	95	4	0.25	0.25	0	
28/09/2011 10:52:52	TASTEGGIO	0	2	5200	42841	147259	136	-8	0.17	0.17	0	
28/09/2011 10:53:14	TASTEGGIO	0	3	5200	42841	147259	156	-13	0.08	0.08	0	
28/09/2011 10:53:22	TASTEGGIO	0	3	5200	42841	147254	156	-13	0.07	0.12	82800	
28/09/2011 10:53:46	TASTEGGIO	1	0	5200	42841	64495	53	1	0.13	0.13	0	
28/09/2011 10:54:06	TASTEGGIO	0	1	5200	42841	64498	67	0	0.12	0.12	0	
28/09/2011 10:54:28	TASTEGGIO	0	2	5200	42841	64502	89	0	0.12	0.12	0	
28/09/2011 10:54:49	TASTEGGIO	0	3	5200	42841	64500	125	0	0.12	0.12	0	
28/09/2011 10:55:11	TASTEGGIO	0	4	5200	42841	64493	173	-1	0.10	0.10	0	
28/09/2011 10:55:35	TASTEGGIO	0	5	5200	42841	64526	214	-3	0.07	0.07	0	
28/09/2011 10:55:47	TASTEGGIO	0	5	5200	42841	147142	214	-3	0.05	0.07	82800	
28/09/2011 10:57:40	TASTEGGIO	0	5	5200	42841	147259	214	-3	0.10	0.10	0	
28/09/2011 10:58:05	TASTEGGIO	1	0	5200	42841	147262	52	-9	0.03	0.03	0	
28/09/2011 10:58:13	TASTEGGIO	1	0	5200	42841	147257	52	-9	0.03	0.03	82800	
28/09/2011 11:00:05	TASTEGGIO	1	0	5200	42841	147052	52	-9	0.46	0.46	0	
28/09/2011 11:00:30	TASTEGGIO	1	0	5200	42841	147054	78	0	0.41	0.41	0	
28/09/2011 11:00:53	TASTEGGIO	0	1	5200	42841	147054	114	0	0.33	0.33	0	
28/09/2011 11:01:17	TASTEGGIO	0	2	5200	42841	147054	167	-21	0.13	0.13	0	
28/09/2011 11:01:24	TASTEGGIO	0	2	5200	42841	147050	167	-21	0.13	0.19	82800	
28/09/2011 11:01:49	TASTEGGIO	1	0	5200	42841	64284	58	2	0.18	0.18	0	
28/09/2011 11:02:09	TASTEGGIO	0	1	5200	42841	64281	75	1	0.17	0.17	0	
28/09/2011 11:02:31	TASTEGGIO	0	2	5200	42841	64279	107	0	0.17	0.17	0	
28/09/2011 11:02:53	TASTEGGIO	0	3	5200	42841	64272	158	0	0.15	0.15	0	
28/09/2011 11:03:15	TASTEGGIO	0	4	5200	42841	64272	210	-3	0.12	0.12	0	
28/09/2011 11:03:27	TASTEGGIO	0	4	5200	42841	146922	210	-3	0.11	0.13	82800	
28/09/2011 11:03:51	TASTEGGIO	1	0	5200	42841	64159	54	2	0.12	0.12	0	
28/09/2011 11:04:11	TASTEGGIO	0	1	5200	42841	64153	65	0	0.12	0.12	0	
28/09/2011 11:04:31	TASTEGGIO	0	2	5200	42841	64150	89	0	0.13	0.13	0	
28/09/2011 11:04:53	TASTEGGIO	0	3	5200	42841	64143	131	0	0.13	0.13	0	
28/09/2011 11:05:16	TASTEGGIO	0	4	5200	42841	64142	183	0	0.12	0.12	0	
28/09/2011 11:05:40	TASTEGGIO	0	5	5200	42841	64148	238	-5	0.08	0.08	0	
28/09/2011 11:06:04	TASTEGGIO	0	6	5200	42841	64148	251	-5	0.03	0.03	0	
28/09/2011 11:06:15	TASTEGGIO	0	6	5200	42841	146915	251	-5	0.11	0.11	0	
28/09/2011 11:06:40	TASTEGGIO	1	0	5200	42841	146911	52	-5	0.09	0.09	0	
28/09/2011 11:07:03	TASTEGGIO	0	1	5200	42841	146911	59	-4	0.06	0.06	0	
28/09/2011 11:07:10	TASTEGGIO	0	1	5200	42841	146914	59	-4	0.06	0.09	-82000	
28/09/2011 11:07:37	TASTEGGIO	1	0	5200	42841	228887	51	2	0.08	0.08	0	
28/09/2011 11:07:59	TASTEGGIO	0	1	5200	42841	228888	58	-1	0.08	0.08	0	
28/09/2011 11:08:22	TASTEGGIO	0	2	5200	42841	228888	74	0	0.07	0.07	0	
28/09/2011 11:08:33	TASTEGGIO	0	2	5200	42841	147067	74	0	0.05	0.08	44500	
28/09/2011 11:08:59	TASTEGGIO	1	0	5200	42841	102608	50	0	0.10	0.10	0	
28/09/2011 11:09:22	TASTEGGIO	0	1	5200	42841	102605	62	-2	0.09	0.09	0	
28/09/2011 11:09:44	TASTEGGIO	0	2	5200	42841	102603	78	-1	0.08	0.08	0	
28/09/2011 11:10:07	TASTEGGIO	0	3	5200	42841	102600	99	-2	0.10	0.10	0	
28/09/2011 11:10:30	TASTEGGIO	0	4	5200	42841	102599	149	-13	0.03	0.03	0	
28/09/2011 11:10:40	TASTEGGIO	0	4	5200	42841	146931	149	-13	0.08	0.08	0	
28/09/2011 11:11:05	TASTEGGIO	1	0	5200	42841	146928	50	-15	0.03	0.03	0	
28/09/2011 11:11:13	TASTEGGIO	1	0	5200	42841	146930	50	-15	0.04	0.08	82800	
28/09/2011 11:11:38	TASTEGGIO	1	0	5200	42841	64176	50	2	0.07	0.07	0	
28/09/2011 11:11:49	TASTEGGIO	1	0	5200	42841	146933	50	2	0.02	0.06	82800	
28/09/2011 11:13:43	TASTEGGIO	1	0	5200	42841	147152	50	2	0.11	0.13	-82000	
28/09/2011 11:14:10	TASTEGGIO	1	0	5200	42841	229111	54	0	0.14	0.14	0	
28/09/2011 11:14:33	TASTEGGIO	0	1	5200	42841	229113	69	0	0.13	0.13	0	
28/09/2011 11:14:54	TASTEGGIO	0	2	5200	42841	229114	93	0	0.13	0.13	0	
28/09/2011 11:15:16	TASTEGGIO	0	3	5200	42841	229115	132	-1	0.11	0.11	0	
28/09/2011 11:15:39	TASTEGGIO	0	4	5200	42841	229116	169	-3	0.08	0.08	0	
28/09/2011 11:16:03	TASTEGGIO	0	5	5200	42841	229116	182	-5	0.05	0.05	0	
28/09/2011 11:16:14	TASTEGGIO	0	5	5200	42841	147173	182	-5	0.10	0.10	0	
28/09/2011 11:16:39	TASTEGGIO	1	0	5200	42841	147177	52	-6	0.11	0.11	0	
28/09/2011 11:17:02	TASTEGGIO	0	1	5200	42841	147177	64	0	0.08	0.08	0	
28/09/2011 11:17:25	TASTEGGIO	0	2	5200	42841	147177	72	-2	0.06	0.06	0	
28/09/2011 11:17:32	TASTEGGIO	0	2	5200	42841	147174	72	-2	0.06	0.06	0	
28/09/2011 11:19:25	TASTEGGIO	0	2	5200	42841	147166	72	-2	0.28	0.28	0	
28/09/2011 11:19:51	TASTEGGIO	1	0	5200	42841	147169	65	-1	0.20	0.20	0	
28/09/2011 11:20:15	TASTEGGIO	0	1	5200	42841	147169	79	0	0.18	0.18	0	
28/09/2011 11:20:37	TASTEGGIO	0	2	5200	42841	147170	111	-8	0.12	0.12	0	
28/09/2011 11:20:45	TASTEGGIO	0	2	5200	42841	147165	111	-8	0.12	0.12	0	
28/09/2011 11:21:10	TASTEGGIO	1	0	5200	42841	147169	53	0	0.13	0.13	0	
28/09/2011 11:21:32	TASTEGGIO	0	1	5200	42841	147169	67	-2	0.11	0.11	0	
28/09/2011 11:21:55	TASTEGGIO	0	2	5200	42841	147169	85	-4	0.08	0.08	0	
28/09/2011 11:22:19	TASTEGGIO	0	3	5200	42841	147169	95	-2	0.07	0.07	0	
28/09/2011 11:22:27	TASTEGGIO	0	3	5200	42841	147164	95	-2	0.06	0.09	-82000	
28/09/2011 11:22:53	TASTEGGIO	1	0	5200	42841	229125	51	0	0.08	0.08	0	
28/09/2011 11:23:16	TASTEGGIO	0	1	5200	42841	229127	58	0	0.08	0.08	0	
28/09/2011 11:23:37	TASTEGGIO	0	2	5200	42841	229128	74	0	0.07	0.07	0	
28/09/2011 11:23:49	TASTEGGIO	0	2	5200	42841	147181	74	0	0.07	0.08	-82000	
28/09/2011 11:24:15	TASTEGGIO	1	0	5200	42841	229129	50	2	0.08	0.08	0	
28/09/2011 11:24:37	TASTEGGIO	0	1	5200	42841	229131	58	0	0.07	0.07	0	
28/09/2011 11:24:48	TASTEGGIO	0	1	5200	42841	147176	58	0	0.06	0.07	-82000	
28/09/2011 11:26:39	TASTEGGIO	0	1	5200	42841	147160	58	0	0.19	0.19	0	
28/09/2011 11:27:04	TASTEGGIO	1	0	5200	42841	147163	58	-2	0.14	0.14	0	
28/09/2011 11:27:12	TASTEGGIO	1	0	5200	42841	147155	58	-2	0.15	0.15	0	
28/09/2011 11:27:36	TASTEGGIO	1	0	5200	42841	147158	55	-3	0.14	0.14	0	
28/09/2011 11:27:44	TASTEGGIO	1	0	5200	42841	147152	55	-3	0.14	0.14	0	
28/09/2011 11:28:09	TASTEGGIO	1	0	5200	42841	147155	55	-1	0.13	0.13	0	
28/09/2011 11:28:32	TASTEGGIO	0	1	5200	42841	147156	67	-2	0.11	0.11	0	
28/09/2011 11:28:55	TASTEGGIO	0	2	5200	42841	147155	85	-5	0.07	0.07	0	
28/09/2011 11:29:02	TASTEGGIO	0	2	5200	42841	147150	85	-5	0.07	0.07	0	
28/09/2011 11:30:56	TASTEGGIO	0	2	5200	42841	147160	85	-5	0.39	0.39	0	
28/09/2011 11:31:22	TASTEGGIO	1	0	5200	42841	147163	73	3	0.32	0.32	0	
28/09/2011 11:31:44	TASTEGGIO	0	1	5200	42841	147163	99	2	0.29	0.29	0	
28/09/2011 11:32:09	TASTEGGIO	0	2	5200	42841	147163	151	-11	0.17	0.17	0	
28/09/2011 11:32:32	TASTEGGIO	0	3	5200	42841	147163	168	-32	0.09	0.09	0	
28/09/2011 11:32:40	TASTEGGIO	0	3	5200	42841	147156	168	-32	0.11	0.11	0	
28/09/2011 11:33:05	TASTEGGIO	1	0	5200	42841	147160	52	-20	0.12	0.12	0	
28/09/2011 11:33:28	TASTEGGIO	0	1	5200	42841	147160	38	-6	0.10	0.10	0	
28/09/2011 11:33:51	TASTEGGIO	0	2	5200	42841	147160	54	-2	0.07	0.07	0	
28/09/2011 11:33:59	TASTEGGIO	0	2	5200	42841	147151	54	-2	0.05	0.09	82800	
28/09/2011 11:34:24	TASTEGGIO	1	0	5200	42841	64385	51	4	0.10	0.10	0	
28/09/2011 11:34:44	TASTEGGIO	0	1	5200	42841	64379	62	0	0.09	0.09	0	
28/09/2011 11:35:04	TASTEGGIO	0	2	5200	42841	64375	78	0	0.09	0.09	0	
28/09/2011 11:35:26	TASTEGGIO	0	3	5200	42841	64371	105	0	0.08	0.08	0	
28/09/2011 11:35:49	TASTEGGIO	0	4	5200	42841	64369	133	-1	0.08	0.08	0	
28/09/2011 11:36:12	TASTEGGIO	0	5	5200	42841	64375	173	-1	0.10	0.10	0	
28/09/2011 11:36:35	TASTEGGIO	0	6	5200	42841	64375	248	-10	0.06	0.06	0	
28/09/2011 11:36:46	TASTEGGIO	0	6	5200	42841	147033	248	-10	0.03	0.07	82800	
28/09/2011 11:37:44	ALARM 17	proc 12 prog 10 step 47	LavoroTerminato
28/09/2011 12:52:45	TASTEGGIO	0	6	5200	42841	147257	248	-10	0.31	0.31	0	
28/09/2011 12:53:10	TASTEGGIO	1	0	5200	42841	147260	67	1	0.23	0.23	0	
28/09/2011 12:53:32	TASTEGGIO	0	1	5200	42841	147260	84	0	0.21	0.21	0	
28/09/2011 12:53:54	TASTEGGIO	0	2	5200	42841	147260	122	-9	0.11	0.11	0	
28/09/2011 12:54:02	TASTEGGIO	0	2	5200	42841	147253	122	-9	0.10	0.11	-82000	
28/09/2011 12:54:28	TASTEGGIO	1	0	5200	42841	229207	52	2	0.11	0.11	0	
28/09/2011 12:54:51	TASTEGGIO	0	1	5200	42841	229215	63	0	0.11	0.11	0	
28/09/2011 12:55:13	TASTEGGIO	0	2	5200	42841	229219	85	-1	0.10	0.10	0	
28/09/2011 12:55:35	TASTEGGIO	0	3	5200	42841	229220	112	-2	0.08	0.08	0	
28/09/2011 12:55:58	TASTEGGIO	0	4	5200	42841	229220	124	-4	0.05	0.05	0	
28/09/2011 12:56:09	TASTEGGIO	0	4	5200	42841	147278	124	-4	0.07	0.07	0	
28/09/2011 12:58:03	TASTEGGIO	0	4	5200	42841	147368	124	-4	0.21	0.21	0	
28/09/2011 12:58:28	TASTEGGIO	1	0	5200	42841	147371	60	-3	0.18	0.18	0	
28/09/2011 12:58:50	TASTEGGIO	0	1	5200	42841	147370	75	0	0.18	0.18	0	
28/09/2011 12:59:13	TASTEGGIO	0	2	5200	42841	147370	111	-1	0.16	0.16	0	
28/09/2011 12:59:38	TASTEGGIO	0	3	5200	42841	147371	153	-6	0.12	0.12	0	
28/09/2011 12:59:45	TASTEGGIO	0	3	5200	42841	147366	153	-6	0.11	0.11	0	
28/09/2011 13:00:10	TASTEGGIO	1	0	5200	42841	147369	52	0	0.11	0.11	0	
28/09/2011 13:00:34	TASTEGGIO	0	1	5200	42841	147369	63	0	0.13	0.13	0	
28/09/2011 13:00:56	TASTEGGIO	0	2	5200	42841	147369	93	0	0.11	0.11	0	
28/09/2011 13:01:21	TASTEGGIO	0	3	5200	42841	147369	120	0	0.10	0.10	0	
28/09/2011 13:01:44	TASTEGGIO	0	4	5200	42841	147369	156	-4	0.07	0.07	0	
28/09/2011 13:01:52	TASTEGGIO	0	4	5200	42841	147364	156	-4	0.07	0.07	0	
28/09/2011 13:03:45	TASTEGGIO	0	4	5200	42841	147166	156	-4	0.44	0.44	0	
28/09/2011 13:04:10	TASTEGGIO	1	0	5200	42841	147169	76	1	0.41	0.41	0	
28/09/2011 13:04:33	TASTEGGIO	0	1	5200	42841	147169	114	3	0.35	0.35	0	
28/09/2011 13:04:57	TASTEGGIO	0	2	5200	42841	147169	173	-18	0.18	0.18	0	
28/09/2011 13:05:20	TASTEGGIO	0	3	5200	42841	147169	189	-32	0.08	0.08	0	
28/09/2011 13:05:27	TASTEGGIO	0	3	5200	42841	147162	189	-32	0.09	0.09	0	
28/09/2011 13:05:53	TASTEGGIO	1	0	5200	42841	147165	51	-23	0.14	0.14	0	
28/09/2011 13:06:15	TASTEGGIO	0	1	5200	42841	147165	29	0	0.09	0.09	0	
28/09/2011 13:06:37	TASTEGGIO	0	2	5200	42841	147165	37	-2	0.07	0.07	0	
28/09/2011 13:06:45	TASTEGGIO	0	2	5200	42841	147159	37	-2	0.07	0.12	82800	
28/09/2011 13:07:10	TASTEGGIO	1	0	5200	42841	64388	53	3	0.13	0.13	0	
28/09/2011 13:07:30	TASTEGGIO	0	1	5200	42841	64381	67	0	0.11	0.11	0	
28/09/2011 13:07:51	TASTEGGIO	0	2	5200	42841	64376	85	-1	0.11	0.11	0	
28/09/2011 13:08:13	TASTEGGIO	0	3	5200	42841	64376	118	0	0.10	0.10	0	
28/09/2011 13:08:35	TASTEGGIO	0	4	5200	42841	64376	154	-1	0.11	0.11	0	
28/09/2011 13:08:59	TASTEGGIO	0	5	5200	42841	64379	214	-6	0.04	0.04	0	
28/09/2011 13:09:10	TASTEGGIO	0	5	5200	42841	147027	214	-6	0.01	0.07	-82000	
28/09/2011 13:11:04	TASTEGGIO	0	5	5200	42841	147258	214	-6	0.19	0.19	0	
28/09/2011 13:11:29	TASTEGGIO	1	0	5200	42841	147260	58	0	0.14	0.14	0	
28/09/2011 13:11:36	TASTEGGIO	1	0	5200	42841	147252	58	0	0.13	0.13	0	
28/09/2011 13:12:01	TASTEGGIO	1	0	5200	42841	147254	54	-1	0.14	0.14	0	
28/09/2011 13:12:23	TASTEGGIO	0	1	5200	42841	147254	69	-1	0.12	0.12	0	
28/09/2011 13:12:46	TASTEGGIO	0	2	5200	42841	147254	89	-5	0.08	0.08	0	
28/09/2011 13:13:10	TASTEGGIO	0	3	5200	42841	147254	98	-4	0.05	0.05	0	
28/09/2011 13:13:18	TASTEGGIO	0	3	5200	42841	147248	98	-4	0.05	0.09	-82000	
28/09/2011 13:13:44	TASTEGGIO	1	0	5200	42841	229196	51	2	0.07	0.07	0	
28/09/2011 13:13:55	TASTEGGIO	1	0	5200	42841	147279	51	2	0.05	0.08	-82000	
28/09/2011 13:14:22	TASTEGGIO	1	0	5200	42841	229227	50	2	0.07	0.07	0	
28/09/2011 13:14:33	TASTEGGIO	1	0	5200	42841	147279	50	2	0.05	0.07	-82000	
28/09/2011 13:16:25	TASTEGGIO	1	0	5200	42841	147160	50	2	0.25	0.25	0	
28/09/2011 13:16:49	TASTEGGIO	1	0	5200	42841	147163	63	-1	0.22	0.22	0	
28/09/2011 13:17:12	TASTEGGIO	0	1	5200	42841	147163	82	-1	0.20	0.20	0	
28/09/2011 13:17:35	TASTEGGIO	0	2	5200	42841	147163	118	-9	0.13	0.13	0	
28/09/2011 13:17:42	TASTEGGIO	0	2	5200	42841	147156	118	-9	0.13	0.14	82800	
28/09/2011 13:18:07	TASTEGGIO	1	0	5200	42841	64401	55	2	0.14	0.14	0	
28/09/2011 13:18:28	TASTEGGIO	0	1	5200	42841	64399	69	0	0.14	0.14	0	
28/09/2011 13:18:50	TASTEGGIO	0	2	5200	42841	64397	97	0	0.13	0.13	0	
28/09/2011 13:19:13	TASTEGGIO	0	3	5200	42841	64391	133	-1	0.12	0.12	0	
28/09/2011 13:19:36	TASTEGGIO	0	4	5200	42841	64375	177	-2	0.11	0.11	0	
28/09/2011 13:19:59	TASTEGGIO	0	5	5200	42841	64396	227	-7	0.06	0.06	0	
28/09/2011 13:20:10	TASTEGGIO	0	5	5200	42841	147029	227	-7	0.08	0.09	-82000	
28/09/2011 13:20:37	TASTEGGIO	1	0	5200	42841	228984	51	1	0.10	0.10	0	
28/09/2011 13:20:59	TASTEGGIO	0	1	5200	42841	228990	62	0	0.09	0.09	0	
28/09/2011 13:21:21	TASTEGGIO	0	2	5200	42841	228990	78	-1	0.09	0.09	0	
28/09/2011 13:21:43	TASTEGGIO	0	3	5200	42841	228990	105	-1	0.08	0.08	0	
28/09/2011 13:22:06	TASTEGGIO	0	4	5200	42841	228991	133	-3	0.05	0.05	0	
28/09/2011 13:22:17	TASTEGGIO	0	4	5200	42841	147175	133	-3	0.05	0.05	0	
28/09/2011 13:24:10	TASTEGGIO	0	4	5200	42841	147262	133	-3	0.31	0.31	0	
28/09/2011 13:24:35	TASTEGGIO	1	0	5200	42841	147264	67	0	0.24	0.24	0	
28/09/2011 13:24:59	TASTEGGIO	0	1	5200	42841	147264	85	1	0.21	0.21	0	
28/09/2011 13:25:22	TASTEGGIO	0	2	5200	42841	147264	121	-8	0.14	0.14	0	
28/09/2011 13:25:29	TASTEGGIO	0	2	5200	42841	147260	121	-8	0.14	0.14	0	
28/09/2011 13:25:54	TASTEGGIO	1	0	5200	42841	147263	55	0	0.13	0.13	0	
28/09/2011 13:26:17	TASTEGGIO	0	1	5200	42841	147263	67	0	0.11	0.11	0	
28/09/2011 13:26:39	TASTEGGIO	0	2	5200	42841	147263	85	-1	0.13	0.13	0	
28/09/2011 13:27:02	TASTEGGIO	0	3	5200	42841	147263	131	-10	0.03	0.03	0	
28/09/2011 13:27:09	TASTEGGIO	0	3	5200	42841	147259	131	-10	0.03	0.10	82800	
28/09/2011 13:27:34	TASTEGGIO	1	0	5200	42841	64505	52	3	0.10	0.10	0	
28/09/2011 13:27:55	TASTEGGIO	0	1	5200	42841	64507	62	0	0.09	0.09	0	
28/09/2011 13:28:15	TASTEGGIO	0	2	5200	42841	64506	78	0	0.09	0.09	0	
28/09/2011 13:28:38	TASTEGGIO	0	3	5200	42841	64508	105	0	0.08	0.08	0	
28/09/2011 13:29:01	TASTEGGIO	0	4	5200	42841	64505	133	-1	0.07	0.07	0	
28/09/2011 13:29:12	TASTEGGIO	0	4	5200	42841	147140	133	-1	0.02	0.08	82800	
28/09/2011 13:29:37	TASTEGGIO	1	0	5200	42841	64378	50	3	0.08	0.08	0	
28/09/2011 13:29:56	TASTEGGIO	0	1	5200	42841	64377	58	0	0.08	0.08	0	
28/09/2011 13:30:18	TASTEGGIO	0	2	5200	42841	64379	74	0	0.08	0.08	0	
28/09/2011 13:30:40	TASTEGGIO	0	3	5200	42841	64380	98	0	0.07	0.07	0	
28/09/2011 13:30:51	TASTEGGIO	0	3	5200	42841	147133	98	0	0.03	0.07	-82000	
28/09/2011 13:32:45	TASTEGGIO	0	3	5200	42841	147256	98	0	0.37	0.37	0	
28/09/2011 13:33:10	TASTEGGIO	1	0	5200	42841	147258	71	0	0.29	0.29	0	
28/09/2011 13:33:34	TASTEGGIO	0	1	5200	42841	147258	93	1	0.24	0.24	0	
28/09/2011 13:33:57	TASTEGGIO	0	2	5200	42841	147258	132	-15	0.09	0.09	0	
28/09/2011 13:34:05	TASTEGGIO	0	2	5200	42841	147252	132	-15	0.10	0.22	82800	
28/09/2011 13:34:29	TASTEGGIO	1	0	5200	42841	64495	60	2	0.21	0.21	0	
28/09/2011 13:34:51	TASTEGGIO	0	1	5200	42841	64496	80	1	0.21	0.21	0	
28/09/2011 13:35:12	TASTEGGIO	0	2	5200	42841	64497	122	0	0.20	0.20	0	
28/09/2011 13:35:35	TASTEGGIO	0	3	5200	42841	64491	179	-1	0.17	0.17	0	
28/09/2011 13:36:00	TASTEGGIO	0	4	5200	42841	64480	236	-11	0.08	0.08	0	
28/09/2011 13:36:11	TASTEGGIO	0	4	5200	42841	147138	236	-11	0.08	0.09	82800	
28/09/2011 13:36:36	TASTEGGIO	1	0	5200	42841	64373	51	2	0.09	0.09	0	
28/09/2011 13:36:56	TASTEGGIO	0	1	5200	42841	64371	60	0	0.09	0.09	0	
28/09/2011 13:37:17	TASTEGGIO	0	2	5200	42841	64374	78	0	0.09	0.09	0	
28/09/2011 13:37:39	TASTEGGIO	0	3	5200	42841	64377	105	0	0.09	0.09	0	
28/09/2011 13:38:00	TASTEGGIO	0	4	5200	42841	64368	141	0	0.08	0.08	0	
28/09/2011 13:38:22	TASTEGGIO	0	5	5200	42841	64397	176	-1	0.08	0.08	0	
28/09/2011 13:38:46	TASTEGGIO	0	6	5200	42841	64397	224	-2	0.06	0.06	0	
28/09/2011 13:38:57	TASTEGGIO	0	6	5200	42841	147130	224	-2	0.09	0.09	0	
28/09/2011 13:39:23	TASTEGGIO	1	0	5200	42841	147126	51	-9	0.03	0.03	0	
28/09/2011 13:39:30	TASTEGGIO	1	0	5200	42841	147129	51	-9	0.02	0.06	82800	
28/09/2011 13:41:23	TASTEGGIO	1	0	5200	42841	147163	51	-9	0.20	0.21	-82000	
28/09/2011 13:41:50	TASTEGGIO	1	0	5200	42841	229118	60	0	0.21	0.21	0	
28/09/2011 13:42:13	TASTEGGIO	0	1	5200	42841	229121	81	0	0.20	0.20	0	
28/09/2011 13:42:36	TASTEGGIO	0	2	5200	42841	229123	119	-1	0.18	0.18	0	
28/09/2011 13:42:59	TASTEGGIO	0	3	5200	42841	229123	167	-7	0.13	0.13	0	
28/09/2011 13:43:10	TASTEGGIO	0	3	5200	42841	147183	167	-7	0.14	0.14	44500	
28/09/2011 13:43:36	TASTEGGIO	1	0	5200	42841	102717	55	2	0.14	0.14	0	
28/09/2011 13:43:59	TASTEGGIO	0	1	5200	42841	102715	69	-1	0.12	0.12	0	
28/09/2011 13:44:22	TASTEGGIO	0	2	5200	42841	102713	89	-1	0.12	0.12	0	
28/09/2011 13:44:45	TASTEGGIO	0	3	5200	42841	102711	125	-5	0.09	0.09	0	
28/09/2011 13:45:09	TASTEGGIO	0	4	5200	42841	102709	138	-6	0.06	0.06	0	
28/09/2011 13:45:19	TASTEGGIO	0	4	5200	42841	147021	138	-6	0.07	0.09	-82000	
28/09/2011 13:45:46	TASTEGGIO	1	0	5200	42841	228981	51	3	0.11	0.11	0	
28/09/2011 13:46:09	TASTEGGIO	0	1	5200	42841	228983	64	0	0.11	0.11	0	
28/09/2011 13:46:30	TASTEGGIO	0	2	5200	42841	228983	86	0	0.10	0.10	0	
28/09/2011 13:46:54	TASTEGGIO	0	3	5200	42841	228984	113	-2	0.09	0.09	0	
28/09/2011 13:47:17	TASTEGGIO	0	4	5200	42841	228985	145	-3	0.06	0.06	0	
28/09/2011 13:47:29	TASTEGGIO	0	4	5200	42841	147173	145	-3	0.07	0.07	0	
28/09/2011 13:48:28	ALARM 17	proc 12 prog 10 step 47	LavoroTerminato
28/09/2011 14:12:32	ALARM 406		
29/09/2011 10:25:21	ALARM 401		
29/09/2011 10:25:23	INIT OK
29/09/2011 10:29:12	TASTEGGIO	0	0	7000	49897	126082	0	0	0.04	0.07	44500	
29/09/2011 10:29:38	TASTEGGIO	1	0	7000	49897	81655	220	-6	0.04	0.04	0	
29/09/2011 10:29:48	TASTEGGIO	1	0	7000	49897	126059	220	-6	0.02	0.04	44500	
29/09/2011 10:31:38	TASTEGGIO	1	0	7000	49897	126156	220	-6	0.02	0.03	82800	
29/09/2011 10:33:27	TASTEGGIO	1	0	7000	49897	126159	220	-6	0.13	0.15	44500	
29/09/2011 10:33:54	TASTEGGIO	1	0	7000	49897	81725	231	-5	0.12	0.12	0	
29/09/2011 10:34:04	TASTEGGIO	1	0	7000	49897	126052	231	-5	0.11	0.11	44500	
29/09/2011 10:34:30	TASTEGGIO	1	0	7000	49897	81601	225	0	0.12	0.12	0	
29/09/2011 10:34:52	TASTEGGIO	0	1	7000	49897	81595	238	-2	0.10	0.10	0	
29/09/2011 10:35:15	TASTEGGIO	0	2	7000	49897	81593	254	-4	0.04	0.04	0	
29/09/2011 10:35:26	TASTEGGIO	0	2	7000	49897	126055	254	-4	0.03	0.04	-82000	
29/09/2011 10:37:16	TASTEGGIO	0	2	7000	49897	126157	254	-4	0.07	0.11	44500	
29/09/2011 10:37:42	TASTEGGIO	1	0	7000	49897	81713	225	-5	0.07	0.07	0	
29/09/2011 10:38:04	TASTEGGIO	0	1	7000	49897	81704	229	-2	0.05	0.05	0	
29/09/2011 10:38:26	TASTEGGIO	0	2	7000	49897	81700	234	-7	0.04	0.04	0	
29/09/2011 10:38:48	TASTEGGIO	0	1	7000	49897	81697	230	-7	0.03	0.03	0	
29/09/2011 10:38:59	TASTEGGIO	0	1	7000	49897	126060	230	-7	0.04	0.04	0	
29/09/2011 10:39:24	TASTEGGIO	1	0	7000	49897	126056	216	-18	0.12	0.12	0	
29/09/2011 10:39:46	TASTEGGIO	0	1	7000	49897	126056	180	-5	0.07	0.07	0	
29/09/2011 10:40:07	TASTEGGIO	0	2	7000	49897	126056	185	-3	0.02	0.02	0	
29/09/2011 10:40:15	TASTEGGIO	0	2	7000	49897	126060	185	-3	0.02	0.05	-82000	
29/09/2011 10:40:40	TASTEGGIO	1	0	7000	49897	208014	218	-6	0.02	0.02	0	
29/09/2011 10:40:51	TASTEGGIO	1	0	7000	49897	126152	218	-6	0.00	0.02	44500	
29/09/2011 10:42:42	TASTEGGIO	1	0	7000	49897	126158	218	-6	0.07	0.08	44500	
29/09/2011 10:43:08	TASTEGGIO	1	0	7000	49897	81715	222	-8	0.03	0.03	0	
29/09/2011 10:43:18	TASTEGGIO	1	0	7000	49897	126063	222	-8	0.01	0.05	82800	
29/09/2011 10:43:44	TASTEGGIO	1	0	7000	49897	43284	218	-1	0.04	0.04	0	
29/09/2011 10:44:05	TASTEGGIO	0	1	7000	49897	43284	221	0	0.04	0.04	0	
29/09/2011 10:44:26	TASTEGGIO	0	2	7000	49897	43284	229	-1	0.03	0.03	0	
29/09/2011 10:44:37	TASTEGGIO	0	2	7000	49897	126054	229	-1	0.02	0.04	-82000	
29/09/2011 10:45:04	TASTEGGIO	1	0	7000	49897	208007	216	-6	0.06	0.06	0	
29/09/2011 10:45:25	TASTEGGIO	0	1	7000	49897	208018	207	-1	0.03	0.03	0	
29/09/2011 10:45:36	TASTEGGIO	0	1	7000	49897	126149	207	-1	0.05	0.05	0	
29/09/2011 10:46:01	TASTEGGIO	1	0	7000	49897	126165	218	-16	0.09	0.09	0	
29/09/2011 10:46:24	TASTEGGIO	0	1	7000	49897	126165	201	-8	0.03	0.03	0	
29/09/2011 10:46:31	TASTEGGIO	0	1	7000	49897	126146	201	-8	0.04	0.05	82800	
29/09/2011 10:46:57	TASTEGGIO	1	0	7000	49897	43369	218	0	0.07	0.07	0	
29/09/2011 10:47:18	TASTEGGIO	0	1	7000	49897	43371	227	-1	0.06	0.06	0	
29/09/2011 10:47:38	TASTEGGIO	0	2	7000	49897	43373	237	0	0.07	0.07	0	
29/09/2011 10:48:00	TASTEGGIO	0	3	7000	49897	43374	261	-2	0.02	0.02	0	
29/09/2011 10:48:11	TASTEGGIO	0	3	7000	49897	126052	261	-2	0.01	0.03	-82000	
29/09/2011 10:50:01	TASTEGGIO	0	3	7000	49897	126256	261	-2	0.06	0.29	44500	
29/09/2011 10:50:28	TASTEGGIO	1	0	7000	49897	81815	249	-8	0.19	0.19	0	
29/09/2011 10:50:51	TASTEGGIO	0	1	7000	49897	81806	261	-5	0.16	0.16	0	
29/09/2011 10:51:13	TASTEGGIO	0	2	7000	49897	81789	287	-20	0.11	0.11	0	
29/09/2011 10:51:23	TASTEGGIO	0	2	7000	49897	126159	287	-20	0.21	0.21	0	
29/09/2011 10:51:48	TASTEGGIO	1	0	7000	49897	126157	238	-1	0.20	0.20	0	
29/09/2011 10:52:12	TASTEGGIO	0	1	7000	49897	126157	257	-3	0.17	0.17	0	
29/09/2011 10:52:35	TASTEGGIO	0	2	7000	49897	126157	285	-14	0.09	0.09	0	
29/09/2011 10:52:42	TASTEGGIO	0	2	7000	49897	126161	285	-14	0.11	0.11	0	
29/09/2011 10:53:07	TASTEGGIO	1	0	7000	49897	126159	225	-11	0.07	0.07	0	
29/09/2011 10:53:29	TASTEGGIO	0	1	7000	49897	126159	229	-3	0.05	0.05	0	
29/09/2011 10:53:53	TASTEGGIO	0	2	7000	49897	126159	234	-1	0.03	0.03	0	
29/09/2011 10:54:01	TASTEGGIO	0	2	7000	49897	126163	234	-1	0.03	0.09	44500	
29/09/2011 10:54:27	TASTEGGIO	1	0	7000	49897	81705	223	-2	0.10	0.10	0	
29/09/2011 10:54:49	TASTEGGIO	0	1	7000	49897	81701	234	-1	0.09	0.09	0	
29/09/2011 10:55:11	TASTEGGIO	0	2	7000	49897	81695	250	-2	0.08	0.08	0	
29/09/2011 10:55:34	TASTEGGIO	0	3	7000	49897	81692	271	-3	0.08	0.08	0	
29/09/2011 10:55:57	TASTEGGIO	0	4	7000	49897	81680	303	-27	0.23	0.23	0	
29/09/2011 10:56:19	TASTEGGIO	0	1	7000	49897	81697	236	-1	0.20	0.20	0	
29/09/2011 10:56:42	TASTEGGIO	0	2	7000	49897	81697	270	-1	0.20	0.20	0	
29/09/2011 10:57:05	TASTEGGIO	0	3	7000	49897	81697	330	-20	0.04	0.04	0	
29/09/2011 10:57:10	ALARM 401		
29/09/2011 10:57:13	ALARM 203		err.6058
29/09/2011 10:57:27	TASTEGGIO	0	0	7000	49897	126151	216	0	0.11	0.13	82800	
29/09/2011 10:57:30	ALARM 28	proc 12 prog 71 step 17	Pressa appoggiata sul tondo
29/09/2011 10:58:08	ALARM 602	proc 12 prog 83 step 15	ASPETTA MEM 201
29/09/2011 10:58:24	TASTEGGIO	0	0	7000	49897	126155	216	0	0.14	0.14	0	
29/09/2011 10:59:41	TASTEGGIO	0	0	7000	49897	126169	231	-5	0.09	0.11	82800	
29/09/2011 11:00:26	TASTEGGIO	0	0	7000	49897	43392	245	0	0.11	0.11	0	
29/09/2011 11:00:55	TASTEGGIO	0	0	7000	49897	43394	260	0	0.11	0.11	0	
29/09/2011 11:01:21	TASTEGGIO	0	0	7000	49897	43395	284	0	0.12	0.12	0	
29/09/2011 11:01:56	TASTEGGIO	0	0	7000	49897	126160	297	-6	0.07	0.08	82800	
29/09/2011 11:02:23	TASTEGGIO	0	0	7000	49897	126152	297	-6	0.05	0.08	82800	
29/09/2011 11:04:11	TASTEGGIO	0	0	7000	49897	126254	297	-6	0.06	0.06	0	
29/09/2011 11:04:36	TASTEGGIO	1	0	7000	49897	126269	219	-28	0.20	0.20	0	
29/09/2011 11:04:58	TASTEGGIO	0	1	7000	49897	126269	152	-2	0.16	0.16	0	
29/09/2011 11:05:19	TASTEGGIO	0	2	7000	49897	126269	170	-4	0.12	0.12	0	
29/09/2011 11:05:42	TASTEGGIO	0	3	7000	49897	126269	185	-5	0.06	0.06	0	
29/09/2011 11:06:04	TASTEGGIO	0	0	7000	49897	126268	219	-19	0.11	0.11	0	
29/09/2011 11:06:26	TASTEGGIO	0	1	7000	49897	126269	198	-7	0.05	0.05	0	
29/09/2011 11:06:48	TASTEGGIO	0	0	7000	49897	126269	218	-11	0.06	0.06	0	
29/09/2011 11:07:11	TASTEGGIO	0	1	7000	49897	126269	210	-14	0.06	0.06	0	
29/09/2011 11:07:33	TASTEGGIO	0	1	7000	49897	126269	204	-6	0.03	0.03	0	
29/09/2011 11:07:41	TASTEGGIO	0	1	7000	49897	126246	204	-6	0.03	0.04	44500	
29/09/2011 11:08:08	TASTEGGIO	1	0	7000	49897	81782	216	-9	0.06	0.06	0	
29/09/2011 11:08:29	TASTEGGIO	0	1	7000	49897	81780	207	-8	0.05	0.05	0	
29/09/2011 11:08:51	TASTEGGIO	0	1	7000	49897	81778	202	-5	0.02	0.02	0	
29/09/2011 11:09:01	TASTEGGIO	0	1	7000	49897	126167	202	-5	0.01	0.04	82800	
29/09/2011 11:09:58	ALARM 17	proc 12 prog 10 step 47	LavoroTerminato
29/09/2011 13:50:32	TASTEGGIO	0	1	8000	53817	135687	202	-5	0.19	0.20	-82000	
29/09/2011 13:50:58	TASTEGGIO	1	0	8000	53817	217667	237	-10	0.10	0.10	0	
29/09/2011 13:51:10	TASTEGGIO	1	0	8000	53817	135767	237	-10	0.17	0.21	44500	
29/09/2011 13:51:36	TASTEGGIO	1	0	8000	53817	91328	238	-10	0.11	0.11	0	
29/09/2011 13:51:47	TASTEGGIO	1	0	8000	53817	135675	238	-10	0.09	0.15	82800	
29/09/2011 13:52:13	TASTEGGIO	1	0	8000	53817	52901	231	-2	0.13	0.13	0	
29/09/2011 13:52:24	TASTEGGIO	1	0	8000	53817	135674	231	-2	0.11	0.14	82800	
29/09/2011 13:52:50	TASTEGGIO	1	0	8000	53817	52897	229	0	0.12	0.12	0	
29/09/2011 13:53:10	TASTEGGIO	0	1	8000	53817	52897	239	-1	0.10	0.10	0	
29/09/2011 13:53:32	TASTEGGIO	0	2	8000	53817	52898	255	-2	0.09	0.09	0	
29/09/2011 13:53:54	TASTEGGIO	0	3	8000	53817	52898	279	-3	0.06	0.06	0	
29/09/2011 13:54:06	TASTEGGIO	0	3	8000	53817	135671	279	-3	0.09	0.12	-82000	
29/09/2011 13:54:33	TASTEGGIO	1	0	8000	53817	217651	227	-2	0.09	0.09	0	
29/09/2011 13:54:55	TASTEGGIO	0	1	8000	53817	217654	233	-3	0.06	0.06	0	
29/09/2011 13:55:06	TASTEGGIO	0	1	8000	53817	135745	233	-3	0.07	0.07	0	
29/09/2011 13:56:55	TASTEGGIO	0	1	8000	53817	135859	233	-3	0.11	0.19	82800	
29/09/2011 13:57:21	TASTEGGIO	1	0	8000	53817	53080	236	-1	0.17	0.17	0	
29/09/2011 13:57:41	TASTEGGIO	0	1	8000	53817	53082	251	-1	0.15	0.15	0	
29/09/2011 13:58:01	TASTEGGIO	0	2	8000	53817	53080	277	-4	0.13	0.13	0	
29/09/2011 13:58:12	TASTEGGIO	0	2	8000	53817	135776	277	-4	0.07	0.12	82800	
29/09/2011 13:58:38	TASTEGGIO	1	0	8000	53817	52995	227	0	0.12	0.12	0	
29/09/2011 13:58:59	TASTEGGIO	0	1	8000	53817	52996	239	0	0.13	0.13	0	
29/09/2011 13:59:20	TASTEGGIO	0	2	8000	53817	52996	267	-1	0.11	0.11	0	
29/09/2011 13:59:42	TASTEGGIO	0	3	8000	53817	52997	294	-4	0.08	0.08	0	
29/09/2011 14:00:03	TASTEGGIO	0	4	8000	53817	52998	305	-8	0.05	0.05	0	
29/09/2011 14:00:15	TASTEGGIO	0	4	8000	53817	135775	305	-8	0.03	0.06	44500	
29/09/2011 14:02:04	TASTEGGIO	0	4	8000	53817	135955	305	-8	0.20	0.20	0	
29/09/2011 14:02:29	TASTEGGIO	1	0	8000	53817	135972	237	-27	0.07	0.07	0	
29/09/2011 14:02:37	TASTEGGIO	1	0	8000	53817	135950	237	-27	0.08	0.14	82800	
29/09/2011 14:03:03	TASTEGGIO	1	0	8000	53817	53169	229	-2	0.12	0.12	0	
29/09/2011 14:03:23	TASTEGGIO	0	1	8000	53817	53169	239	0	0.11	0.11	0	
29/09/2011 14:03:45	TASTEGGIO	0	2	8000	53817	53169	259	-2	0.10	0.10	0	
29/09/2011 14:04:07	TASTEGGIO	0	3	8000	53817	53169	286	-4	0.06	0.06	0	
29/09/2011 14:04:19	TASTEGGIO	0	3	8000	53817	135862	286	-4	0.03	0.08	44500	
29/09/2011 14:04:44	TASTEGGIO	1	0	8000	53817	91404	222	-9	0.03	0.03	0	
29/09/2011 14:04:55	TASTEGGIO	1	0	8000	53817	135857	222	-9	0.05	0.07	-82000	
29/09/2011 14:06:43	TASTEGGIO	1	0	8000	53817	135857	222	-9	0.07	0.17	-82000	
29/09/2011 14:07:10	TASTEGGIO	1	0	8000	53817	217819	233	-8	0.10	0.10	0	
29/09/2011 14:07:21	TASTEGGIO	1	0	8000	53817	135855	233	-8	0.03	0.09	-82000	
29/09/2011 14:07:48	TASTEGGIO	1	0	8000	53817	217815	223	-2	0.09	0.09	0	
29/09/2011 14:08:09	TASTEGGIO	0	1	8000	53817	217828	232	-4	0.05	0.05	0	
29/09/2011 14:08:21	TASTEGGIO	0	1	8000	53817	135828	232	-4	0.01	0.05	-82000	
29/09/2011 14:09:16	ALARM 17	proc 12 prog 10 step 47	LavoroTerminato
29/09/2011 14:25:05	TASTEGGIO	0	1	8000	53817	68478	232	-4	0.15	0.15	0	
29/09/2011 14:25:27	TASTEGGIO	1	0	8000	53817	68512	231	-3	0.14	0.14	0	
29/09/2011 14:25:34	TASTEGGIO	1	0	8000	53817	68512	231	-3	0.14	0.14	0	
29/09/2011 14:25:57	TASTEGGIO	1	0	8000	53817	68527	229	-1	0.15	0.15	0	
29/09/2011 14:26:17	TASTEGGIO	0	1	8000	53817	68527	245	-1	0.13	0.13	0	
29/09/2011 14:26:39	TASTEGGIO	0	2	8000	53817	68527	267	-2	0.10	0.10	0	
29/09/2011 14:27:01	TASTEGGIO	0	3	8000	53817	68531	280	-2	0.09	0.09	0	
29/09/2011 14:27:23	TASTEGGIO	0	4	8000	53817	68533	312	-7	0.05	0.05	0	
29/09/2011 14:27:31	TASTEGGIO	0	4	8000	53817	68533	312	-7	0.04	0.07	-24500	
29/09/2011 14:29:18	TASTEGGIO	0	4	8000	53817	68468	312	-7	0.03	0.05	-24500	
29/09/2011 14:31:03	TASTEGGIO	0	4	8000	53816	68467	312	-7	0.07	0.09	-24500	
29/09/2011 14:31:27	TASTEGGIO	1	0	8000	53816	92930	223	-3	0.06	0.06	0	
29/09/2011 14:31:37	TASTEGGIO	1	0	8000	53816	68480	223	-3	0.04	0.06	-24500	
29/09/2011 14:33:23	TASTEGGIO	1	0	8000	53817	68574	223	-3	0.12	0.15	24500	
29/09/2011 14:33:47	TASTEGGIO	1	0	8000	53817	44144	231	-1	0.14	0.14	0	
29/09/2011 14:33:57	TASTEGGIO	1	0	8000	53817	68461	231	-1	0.11	0.14	24500	
29/09/2011 14:34:20	TASTEGGIO	1	0	8000	53817	44019	229	-1	0.15	0.15	0	
29/09/2011 14:34:39	TASTEGGIO	0	1	8000	53817	44007	245	0	0.14	0.14	0	
29/09/2011 14:34:59	TASTEGGIO	0	2	8000	53817	43998	271	-1	0.13	0.13	0	
29/09/2011 14:35:21	TASTEGGIO	0	3	8000	53817	43994	307	-2	0.11	0.11	0	
29/09/2011 14:35:44	TASTEGGIO	0	4	8000	53817	43989	344	-7	0.05	0.05	0	
29/09/2011 14:35:54	TASTEGGIO	0	4	8000	53817	68458	344	-7	0.03	0.05	-24500	
29/09/2011 14:36:49	ALARM 17	proc 12 prog 10 step 47	LavoroTerminato
29/09/2011 15:00:27	ALARM 406		
29/09/2011 15:40:52	ALARM 401		
29/09/2011 15:40:54	INIT OK
29/09/2011 15:43:27	ALARM 3	proc 12 prog 31 step 36	Tondo non presente su rulliera
29/09/2011 15:45:01	TASTEGGIO	0	0	7000	49897	126185	0	0	0.15	0.17	44500	
29/09/2011 15:45:26	TASTEGGIO	1	0	7000	49897	81761	233	-5	0.14	0.14	0	
29/09/2011 15:45:37	TASTEGGIO	1	0	7000	49897	126174	233	-5	0.12	0.12	0	
29/09/2011 15:45:38	ALARM 401		
29/09/2011 15:45:41	ALARM 201		err.6059
29/09/2011 15:45:59	TASTEGGIO	1	0	7000	49897	116261	233	-5	0.16	0.16	0	
29/09/2011 15:46:17	TASTEGGIO	1	0	7000	49897	113257	233	-5	0.16	0.16	0	
29/09/2011 15:46:39	TASTEGGIO	1	0	7000	49897	113247	87	-1	0.16	0.16	0	
29/09/2011 15:47:04	TASTEGGIO	1	0	7000	49897	113229	174	0	0.14	0.14	0	
29/09/2011 15:47:29	TASTEGGIO	1	0	7000	49897	113220	195	-3	0.10	0.10	0	
29/09/2011 15:47:34	ALARM 29	proc 12 prog 72 step 6	Tastatori appoggiati sul tondo
29/09/2011 15:47:54	TASTEGGIO	1	0	7000	49897	113219	195	-3	0.11	0.11	0	
29/09/2011 15:48:17	TASTEGGIO	1	0	7000	49897	126159	195	-3	0.08	0.09	44500	
29/09/2011 15:48:43	TASTEGGIO	1	0	7000	49897	81705	223	0	0.10	0.10	0	
29/09/2011 15:49:04	TASTEGGIO	0	1	7000	49897	81697	234	0	0.07	0.07	0	
29/09/2011 15:49:27	TASTEGGIO	0	2	7000	49897	81694	240	-1	0.06	0.06	0	
29/09/2011 15:49:49	TASTEGGIO	0	3	7000	49897	81690	255	-2	0.03	0.03	0	
29/09/2011 15:49:59	TASTEGGIO	0	3	7000	49897	126155	255	-2	0.05	0.05	0	
29/09/2011 15:50:23	TASTEGGIO	1	0	7000	49897	126153	218	-4	0.03	0.03	0	
29/09/2011 15:50:31	TASTEGGIO	1	0	7000	49897	126165	218	-4	0.02	0.03	82800	
29/09/2011 15:52:21	TASTEGGIO	1	0	7000	49897	126257	218	-4	0.18	0.18	0	
29/09/2011 15:52:46	TASTEGGIO	1	0	7000	49897	126269	234	-21	0.08	0.08	0	
29/09/2011 15:52:54	TASTEGGIO	1	0	7000	49897	126257	234	-21	0.07	0.08	-82000	
29/09/2011 15:53:21	TASTEGGIO	1	0	7000	49897	208214	222	-9	0.05	0.05	0	
29/09/2011 15:53:44	TASTEGGIO	0	1	7000	49897	208224	218	-13	0.11	0.11	0	
29/09/2011 15:54:05	TASTEGGIO	0	1	7000	49897	208229	193	-3	0.07	0.07	0	
29/09/2011 15:54:26	TASTEGGIO	0	2	7000	49897	208233	199	-3	0.07	0.07	0	
29/09/2011 15:54:49	TASTEGGIO	0	3	7000	49897	208235	220	-3	0.04	0.04	0	
29/09/2011 15:55:00	TASTEGGIO	0	3	7000	49897	126265	220	-3	0.06	0.06	0	
29/09/2011 15:55:24	TASTEGGIO	1	0	7000	49897	126275	219	-5	0.10	0.10	0	
29/09/2011 15:55:47	TASTEGGIO	0	1	7000	49897	126275	235	-38	0.25	0.25	0	
29/09/2011 15:56:08	TASTEGGIO	0	1	7000	49897	126275	172	-4	0.24	0.24	0	
29/09/2011 15:56:31	TASTEGGIO	0	2	7000	49897	126275	218	-12	0.12	0.12	0	
29/09/2011 15:56:53	TASTEGGIO	0	0	7000	49897	126275	227	-7	0.05	0.05	0	
29/09/2011 15:57:15	TASTEGGIO	0	0	7000	49897	126275	218	-5	0.03	0.03	0	
29/09/2011 15:57:23	TASTEGGIO	0	0	7000	49897	126250	218	-5	0.04	0.06	44500	
29/09/2011 15:57:49	TASTEGGIO	1	0	7000	49897	81792	219	-8	0.04	0.04	0	
29/09/2011 15:57:59	TASTEGGIO	1	0	7000	49897	126166	219	-8	0.03	0.05	44500	
29/09/2011 15:58:25	TASTEGGIO	1	0	7000	49897	81711	218	-9	0.07	0.07	0	
29/09/2011 15:58:47	TASTEGGIO	0	1	7000	49897	81707	208	-2	0.05	0.05	0	
29/09/2011 15:58:58	TASTEGGIO	0	1	7000	49897	126164	208	-2	0.03	0.04	44500	
29/09/2011 15:59:54	ALARM 17	proc 12 prog 10 step 47	LavoroTerminato
29/09/2011 16:00:22	ALARM 406		
30/09/2011 07:50:34	ALARM 401		
30/09/2011 07:50:36	INIT OK
30/09/2011 08:01:03	ALARM 401		
30/09/2011 11:20:41	TASTEGGIO	0	0	8000	53817	90552	0	0	0.11	0.11	0	
30/09/2011 11:21:03	TASTEGGIO	1	0	8000	53817	90570	225	-1	0.08	0.08	0	
30/09/2011 11:21:25	TASTEGGIO	0	1	8000	53817	90570	230	-2	0.06	0.06	0	
30/09/2011 11:21:33	TASTEGGIO	0	1	8000	53817	90585	230	-2	0.06	0.06	0	
30/09/2011 11:23:19	TASTEGGIO	0	1	8000	53817	90609	230	-2	0.17	0.23	24500	
30/09/2011 11:23:43	TASTEGGIO	1	0	8000	53817	66129	241	-3	0.20	0.20	0	
30/09/2011 11:24:03	TASTEGGIO	0	1	8000	53817	66129	258	-2	0.20	0.20	0	
30/09/2011 11:24:25	TASTEGGIO	0	2	8000	53817	66129	298	-6	0.15	0.15	0	
30/09/2011 11:24:46	TASTEGGIO	0	3	8000	53817	66131	317	-6	0.08	0.08	0	
30/09/2011 11:24:56	TASTEGGIO	0	3	8000	53817	90427	317	-6	0.06	0.11	44500	
30/09/2011 11:25:20	TASTEGGIO	1	0	8000	53817	45957	225	0	0.11	0.11	0	
30/09/2011 11:25:41	TASTEGGIO	0	1	8000	53817	45956	236	0	0.10	0.10	0	
30/09/2011 11:26:02	TASTEGGIO	0	2	8000	53817	45955	254	-1	0.09	0.09	0	
30/09/2011 11:26:22	TASTEGGIO	0	3	8000	53817	45957	278	-2	0.08	0.08	0	
30/09/2011 11:26:44	TASTEGGIO	0	4	8000	53817	45962	306	-3	0.05	0.05	0	
30/09/2011 11:26:55	TASTEGGIO	0	4	8000	53817	90429	306	-3	0.04	0.07	-44500	
30/09/2011 11:28:42	TASTEGGIO	0	4	8000	53817	90701	306	-3	0.13	0.13	0	
30/09/2011 11:29:05	TASTEGGIO	1	0	8000	53817	90715	228	-4	0.07	0.07	0	
30/09/2011 11:29:13	TASTEGGIO	1	0	8000	53817	90697	228	-4	0.07	0.10	24500	
30/09/2011 11:29:37	TASTEGGIO	1	0	8000	53817	66219	224	-1	0.07	0.07	0	
30/09/2011 11:29:47	TASTEGGIO	1	0	8000	53817	90529	224	-1	0.07	0.09	24500	
30/09/2011 11:30:11	TASTEGGIO	1	0	8000	53817	66068	223	-1	0.07	0.07	0	
30/09/2011 11:30:20	TASTEGGIO	1	0	8000	53817	90523	223	-1	0.05	0.09	24500	
30/09/2011 11:30:44	TASTEGGIO	1	0	8000	53817	66068	223	-1	0.08	0.08	0	
30/09/2011 11:31:05	TASTEGGIO	0	1	8000	53817	66065	230	0	0.07	0.07	0	
30/09/2011 11:31:15	TASTEGGIO	0	1	8000	53817	90519	230	0	0.05	0.08	24500	
30/09/2011 11:31:39	TASTEGGIO	1	0	8000	53817	66070	222	0	0.08	0.08	0	
30/09/2011 11:32:00	TASTEGGIO	0	1	8000	53817	66067	230	-1	0.07	0.07	0	
30/09/2011 11:32:10	TASTEGGIO	0	1	8000	53817	90525	230	-1	0.05	0.08	24500	
30/09/2011 11:32:34	TASTEGGIO	1	0	8000	53817	66073	222	0	0.07	0.07	0	
30/09/2011 11:32:44	TASTEGGIO	1	0	8000	53817	90526	222	0	0.04	0.07	24500	
30/09/2011 11:34:30	TASTEGGIO	1	0	8000	53817	90312	222	0	0.09	0.09	0	
30/09/2011 11:34:52	TASTEGGIO	1	0	8000	53817	90332	223	-4	0.05	0.05	0	
30/09/2011 11:35:00	TASTEGGIO	1	0	8000	53817	90304	223	-4	0.05	0.08	-24500	
30/09/2011 11:35:25	TASTEGGIO	1	0	8000	53817	114768	222	-3	0.08	0.08	0	
30/09/2011 11:35:45	TASTEGGIO	0	1	8000	53817	114784	230	-2	0.06	0.06	0	
30/09/2011 11:35:55	TASTEGGIO	0	1	8000	53817	90319	230	-2	0.02	0.07	-24500	
30/09/2011 11:37:43	TASTEGGIO	0	1	8000	53817	90612	230	-2	0.02	0.08	44500	
30/09/2011 11:38:07	TASTEGGIO	1	0	8000	53817	46129	222	-2	0.06	0.06	0	
30/09/2011 11:38:17	TASTEGGIO	1	0	8000	53817	90428	222	-2	0.02	0.06	44500	
30/09/2011 11:40:05	TASTEGGIO	1	0	8000	53817	90697	222	-2	0.03	0.10	44500	
30/09/2011 11:40:30	TASTEGGIO	1	0	8000	53817	46215	224	0	0.09	0.09	0	
30/09/2011 11:40:49	TASTEGGIO	0	1	8000	53817	46215	232	-1	0.09	0.09	0	
30/09/2011 11:41:10	TASTEGGIO	0	2	8000	53817	46215	250	-1	0.07	0.07	0	
30/09/2011 11:41:21	TASTEGGIO	0	2	8000	53817	90527	250	-1	0.03	0.08	44500	
30/09/2011 11:41:45	TASTEGGIO	1	0	8000	53817	46052	222	-1	0.07	0.07	0	
30/09/2011 11:41:56	TASTEGGIO	1	0	8000	53817	90516	222	-1	0.03	0.08	44500	
30/09/2011 11:42:20	TASTEGGIO	1	0	8000	53817	46049	222	-1	0.07	0.07	0	
30/09/2011 11:42:30	TASTEGGIO	1	0	8000	53817	90516	222	-1	0.03	0.08	44500	
30/09/2011 11:42:54	TASTEGGIO	1	0	8000	53817	46051	222	-1	0.08	0.08	0	
30/09/2011 11:43:14	TASTEGGIO	0	1	8000	53817	46053	230	0	0.08	0.08	0	
30/09/2011 11:43:33	TASTEGGIO	0	2	8000	53817	46055	246	-1	0.09	0.09	0	
30/09/2011 11:43:55	TASTEGGIO	0	3	8000	53817	46058	276	-1	0.06	0.06	0	
30/09/2011 11:44:06	TASTEGGIO	0	3	8000	53817	90522	276	-1	0.04	0.07	44500	
30/09/2011 11:44:30	TASTEGGIO	1	0	8000	53817	46053	220	-1	0.06	0.06	0	
30/09/2011 11:44:40	TASTEGGIO	1	0	8000	53817	90520	220	-1	0.03	0.07	-44500	
30/09/2011 11:45:05	TASTEGGIO	1	0	8000	53817	134996	220	-3	0.04	0.04	0	
30/09/2011 11:45:15	TASTEGGIO	1	0	8000	53817	90686	220	-3	0.05	0.06	44500	
30/09/2011 11:47:02	TASTEGGIO	1	0	8000	53817	90703	220	-3	0.29	0.40	-44500	
30/09/2011 11:47:27	TASTEGGIO	1	0	8000	53817	135173	263	-5	0.34	0.34	0	
30/09/2011 11:47:50	TASTEGGIO	0	1	8000	53817	135185	291	-5	0.29	0.29	0	
30/09/2011 11:48:11	TASTEGGIO	0	2	8000	53817	135194	340	-12	0.17	0.17	0	
30/09/2011 11:48:35	TASTEGGIO	0	3	8000	53817	135200	357	-9	0.08	0.08	0	
30/09/2011 11:48:46	TASTEGGIO	0	3	8000	53817	90709	357	-9	0.14	0.14	0	
30/09/2011 11:49:09	TASTEGGIO	1	0	8000	53817	90724	229	-1	0.11	0.11	0	
30/09/2011 11:49:29	TASTEGGIO	0	1	8000	53817	90724	237	-1	0.10	0.10	0	
30/09/2011 11:49:51	TASTEGGIO	0	2	8000	53817	90725	255	-3	0.08	0.08	0	
30/09/2011 11:50:13	TASTEGGIO	0	3	8000	53817	90725	266	-1	0.05	0.05	0	
30/09/2011 11:50:21	TASTEGGIO	0	3	8000	53817	90697	266	-1	0.06	0.14	44500	
30/09/2011 11:50:45	TASTEGGIO	1	0	8000	53817	46215	229	-1	0.13	0.13	0	
30/09/2011 11:51:05	TASTEGGIO	0	1	8000	53817	46215	241	-1	0.12	0.12	0	
30/09/2011 11:51:26	TASTEGGIO	0	2	8000	53817	46215	263	-1	0.12	0.12	0	
30/09/2011 11:51:48	TASTEGGIO	0	3	8000	53817	46215	299	-3	0.10	0.10	0	
30/09/2011 11:52:10	TASTEGGIO	0	4	8000	53817	46217	332	-5	0.05	0.05	0	
30/09/2011 11:52:21	TASTEGGIO	0	4	8000	53817	90516	332	-5	0.05	0.11	-44500	
30/09/2011 11:52:47	TASTEGGIO	1	0	8000	53817	134985	225	-1	0.10	0.10	0	
30/09/2011 11:53:08	TASTEGGIO	0	1	8000	53817	135002	234	0	0.09	0.09	0	
30/09/2011 11:53:30	TASTEGGIO	0	2	8000	53817	135010	250	0	0.09	0.09	0	
30/09/2011 11:53:51	TASTEGGIO	0	3	8000	53817	135014	277	0	0.09	0.09	0	
30/09/2011 11:54:14	TASTEGGIO	0	4	8000	53817	135018	313	-4	0.07	0.07	0	
30/09/2011 11:54:35	TASTEGGIO	0	5	8000	53817	135023	325	-1	0.05	0.05	0	
30/09/2011 11:54:46	TASTEGGIO	0	5	8000	53817	90706	325	-1	0.05	0.07	44500	
30/09/2011 11:55:10	TASTEGGIO	1	0	8000	53817	46237	220	0	0.07	0.07	0	
30/09/2011 11:55:29	TASTEGGIO	0	1	8000	53817	46244	227	0	0.06	0.06	0	
30/09/2011 11:55:40	TASTEGGIO	0	1	8000	53817	90524	227	0	0.06	0.07	-44500	
30/09/2011 11:56:05	TASTEGGIO	1	0	8000	53817	134993	220	-1	0.06	0.06	0	
30/09/2011 11:56:15	TASTEGGIO	1	0	8000	53817	90685	220	-1	0.06	0.07	44500	
30/09/2011 11:56:39	TASTEGGIO	1	0	8000	53817	46214	220	-1	0.07	0.07	0	
30/09/2011 11:57:00	TASTEGGIO	0	1	8000	53817	46219	227	0	0.06	0.06	0	
30/09/2011 11:57:10	TASTEGGIO	0	1	8000	53817	90516	227	0	0.05	0.07	44500	
30/09/2011 11:57:34	TASTEGGIO	1	0	8000	53817	46060	220	0	0.07	0.07	0	
30/09/2011 11:57:54	TASTEGGIO	0	1	8000	53817	46064	227	0	0.08	0.08	0	
30/09/2011 11:58:14	TASTEGGIO	0	2	8000	53817	46067	245	0	0.07	0.07	0	
30/09/2011 11:58:35	TASTEGGIO	0	3	8000	53817	46066	263	0	0.07	0.07	0	
30/09/2011 11:58:55	TASTEGGIO	0	4	8000	53817	46067	291	-1	0.09	0.09	0	
30/09/2011 11:59:17	TASTEGGIO	0	5	8000	53817	46067	348	-4	0.06	0.06	0	
30/09/2011 11:59:28	TASTEGGIO	0	5	8000	53817	90518	348	-4	0.05	0.08	-44500	
30/09/2011 11:59:54	TASTEGGIO	1	0	8000	53817	134989	222	-1	0.07	0.07	0	
30/09/2011 12:00:14	TASTEGGIO	0	1	8000	53817	135005	228	0	0.06	0.06	0	
30/09/2011 12:00:24	TASTEGGIO	0	1	8000	53817	90684	228	0	0.05	0.07	-44500	
30/09/2011 12:00:49	TASTEGGIO	1	0	8000	53817	135155	220	0	0.07	0.07	0	
30/09/2011 12:01:09	TASTEGGIO	0	1	8000	53817	135170	227	0	0.07	0.07	0	
30/09/2011 12:01:30	TASTEGGIO	0	2	8000	53817	135178	241	0	0.06	0.06	0	
30/09/2011 12:01:40	TASTEGGIO	0	2	8000	53817	90698	241	0	0.05	0.06	-44500	
30/09/2011 12:03:28	TASTEGGIO	0	2	8000	53817	90698	241	0	0.16	0.16	0	
30/09/2011 12:03:51	TASTEGGIO	1	0	8000	53817	90722	232	-3	0.13	0.13	0	
30/09/2011 12:03:59	TASTEGGIO	1	0	8000	53817	90694	232	-3	0.15	0.15	44500	
30/09/2011 12:04:23	TASTEGGIO	1	0	8000	53817	46212	231	-1	0.13	0.13	0	
30/09/2011 12:04:34	TASTEGGIO	1	0	8000	53817	90523	231	-1	0.14	0.16	44500	
30/09/2011 12:04:58	TASTEGGIO	1	0	8000	53817	46051	232	-1	0.14	0.14	0	
30/09/2011 12:05:09	TASTEGGIO	1	0	8000	53817	90525	232	-1	0.16	0.16	0	
30/09/2011 12:05:31	TASTEGGIO	1	0	8000	53817	90530	232	-2	0.12	0.12	0	
30/09/2011 12:05:39	TASTEGGIO	1	0	8000	53817	90536	232	-2	0.12	0.15	44500	
30/09/2011 12:06:04	TASTEGGIO	1	0	8000	53817	46077	231	0	0.14	0.14	0	
30/09/2011 12:06:14	TASTEGGIO	1	0	8000	53817	90526	231	0	0.12	0.15	44500	
30/09/2011 12:06:38	TASTEGGIO	1	0	8000	53817	46050	231	-1	0.14	0.14	0	
30/09/2011 12:06:49	TASTEGGIO	1	0	8000	53817	90519	231	-1	0.12	0.15	44500	
30/09/2011 12:07:12	TASTEGGIO	1	0	8000	53817	46059	231	-1	0.14	0.14	0	
30/09/2011 12:07:22	TASTEGGIO	1	0	8000	53817	90519	231	-1	0.12	0.15	44500	
30/09/2011 12:07:46	TASTEGGIO	1	0	8000	53817	46063	231	0	0.14	0.14	0	
30/09/2011 12:07:57	TASTEGGIO	1	0	8000	53817	90518	231	0	0.13	0.14	44500	
30/09/2011 12:08:21	TASTEGGIO	1	0	8000	53817	46057	229	0	0.13	0.13	0	
30/09/2011 12:08:40	TASTEGGIO	0	1	8000	53817	46055	241	0	0.14	0.14	0	
30/09/2011 12:09:02	TASTEGGIO	0	2	8000	53817	46059	271	-1	0.12	0.12	0	
30/09/2011 12:09:22	TASTEGGIO	0	3	8000	53817	46063	301	-2	0.11	0.11	0	
30/09/2011 12:09:43	TASTEGGIO	0	4	8000	53817	46065	341	-6	0.05	0.05	0	
30/09/2011 12:09:54	TASTEGGIO	0	4	8000	53817	90517	341	-6	0.10	0.10	-44500	
30/09/2011 12:10:20	TASTEGGIO	1	0	8000	53817	134987	224	-3	0.06	0.06	0	
30/09/2011 12:10:31	TASTEGGIO	1	0	8000	53817	90681	224	-3	0.09	0.09	0	
30/09/2011 12:10:54	TASTEGGIO	1	0	8000	53817	90693	223	-2	0.09	0.09	0	
30/09/2011 12:11:15	TASTEGGIO	0	1	8000	53817	90706	232	0	0.08	0.08	0	
30/09/2011 12:11:23	TASTEGGIO	0	1	8000	53817	90690	232	0	0.08	0.08	0	
30/09/2011 12:12:20	ALARM 17	proc 12 prog 10 step 47	LavoroTerminato
30/09/2011 12:55:08	TASTEGGIO	0	1	8000	53817	90705	232	0	0.06	0.08	24500	
30/09/2011 12:55:32	TASTEGGIO	1	0	8000	53817	66262	222	-3	0.05	0.05	0	
30/09/2011 12:55:42	TASTEGGIO	1	0	8000	53817	90516	222	-3	0.04	0.07	24500	
30/09/2011 12:57:15	ALARM 314	proc 12 prog 32 step 49	go_abs inv_ax 4 code -1
30/09/2011 12:58:32	ALARM 401		
30/09/2011 12:59:19	ALARM 401		
30/09/2011 12:59:21	ALARM 401		
30/09/2011 12:59:23	ALARM 401		
30/09/2011 12:59:26	ALARM 401		
30/09/2011 13:01:29	ALARM 602	proc 6 prog 26 step 38	ASPETTA 62
30/09/2011 13:02:32	ALARM 602	proc 6 prog 26 step 38	ASPETTA 62
30/09/2011 13:03:23	ALARM 602	proc 2 prog 26 step 38	ASPETTA 62
30/09/2011 13:04:48	ALARM 10	proc 12 prog 106 step 13	Tondo non presente su rulliera
30/09/2011 13:05:10	ALARM 10	proc 12 prog 106 step 13	Tondo non presente su rulliera
30/09/2011 13:05:54	ALARM 10	proc 12 prog 37 step 30	Tondo non presente su rulliera
30/09/2011 13:06:54	ALARM 201		err.6059
30/09/2011 13:07:18	TASTEGGIO	1	0	8000	53817	90612	222	-3	0.08	0.09	24500	
30/09/2011 13:07:42	TASTEGGIO	1	0	8000	53817	66162	223	-4	0.06	0.06	0	
30/09/2011 13:07:52	TASTEGGIO	1	0	8000	53817	90424	223	-4	0.06	0.06	-44500	
30/09/2011 13:09:43	TASTEGGIO	1	0	8000	53817	90610	223	-4	0.18	0.19	44500	
30/09/2011 13:10:07	TASTEGGIO	1	0	8000	53817	46126	236	-3	0.18	0.18	0	
30/09/2011 13:10:28	TASTEGGIO	0	1	8000	53817	46127	253	0	0.17	0.17	0	
30/09/2011 13:10:49	TASTEGGIO	0	2	8000	53817	46126	285	-2	0.16	0.16	0	
30/09/2011 13:11:11	TASTEGGIO	0	3	8000	53817	46126	330	-6	0.10	0.10	0	
30/09/2011 13:11:22	TASTEGGIO	0	3	8000	53817	90425	330	-6	0.12	0.12	0	
30/09/2011 13:11:44	TASTEGGIO	1	0	8000	53817	90424	227	-5	0.08	0.08	0	
30/09/2011 13:12:05	TASTEGGIO	0	1	8000	53817	90429	232	-3	0.05	0.05	0	
30/09/2011 13:12:13	TASTEGGIO	0	1	8000	53817	90437	232	-3	0.06	0.08	44500	
30/09/2011 13:12:37	TASTEGGIO	1	0	8000	53817	45965	222	0	0.07	0.07	0	
30/09/2011 13:12:47	TASTEGGIO	1	0	8000	53817	90408	222	0	0.06	0.06	0	
30/09/2011 13:14:19	ALARM 314	proc 12 prog 32 step 49	go_abs inv_ax 4 code -1
30/09/2011 13:47:04	ALARM 401		
30/09/2011 13:52:15	ALARM 401		
30/09/2011 13:52:17	ALARM 401		
30/09/2011 13:52:18	ALARM 401		
30/09/2011 13:52:18	ALARM 401		
30/09/2011 13:52:20	ALARM 401		
30/09/2011 13:52:21	ALARM 401		
30/09/2011 13:52:21	ALARM 401		
30/09/2011 13:52:25	ALARM 401		
30/09/2011 13:52:26	ALARM 401		
30/09/2011 13:52:32	ALARM 401		
30/09/2011 13:52:33	ALARM 401		
30/09/2011 13:53:17	ALARM 401		
30/09/2011 13:55:04	ALARM 602	proc 6 prog 26 step 38	ASPETTA 62
30/09/2011 13:57:47	ALARM 401		
30/09/2011 13:57:49	ALARM 401		
30/09/2011 13:58:58	TASTEGGIO	1	0	8000	53817	90613	222	0	0.10	0.10	0	
30/09/2011 13:59:20	TASTEGGIO	1	0	8000	53817	90657	224	-5	0.06	0.06	0	
30/09/2011 13:59:28	TASTEGGIO	1	0	8000	53817	90611	224	-5	0.06	0.09	-24500	
30/09/2011 13:59:53	TASTEGGIO	1	0	8000	53817	115080	223	-5	0.06	0.06	0	
30/09/2011 14:00:02	TASTEGGIO	1	0	8000	53817	90612	223	-5	0.03	0.06	-24500	
30/09/2011 14:01:50	TASTEGGIO	1	0	8000	53817	90964	223	-5	0.22	0.26	-44500	
30/09/2011 14:02:16	TASTEGGIO	1	0	8000	53817	135429	245	-5	0.21	0.21	0	
30/09/2011 14:02:37	TASTEGGIO	0	1	8000	53817	135439	261	-3	0.18	0.18	0	
30/09/2011 14:02:59	TASTEGGIO	0	2	8000	53817	135448	291	-6	0.11	0.11	0	
30/09/2011 14:03:10	TASTEGGIO	0	2	8000	53817	91004	291	-6	0.12	0.13	-24500	
30/09/2011 14:03:35	TASTEGGIO	1	0	8000	53817	115466	228	-5	0.08	0.08	0	
30/09/2011 14:03:56	TASTEGGIO	0	1	8000	53817	115484	232	-2	0.06	0.06	0	
30/09/2011 14:04:05	TASTEGGIO	0	1	8000	53817	90994	232	-2	0.07	0.08	-44500	
30/09/2011 14:04:31	TASTEGGIO	1	0	8000	53817	135454	222	0	0.09	0.09	0	
30/09/2011 14:04:53	TASTEGGIO	0	1	8000	53817	135465	232	0	0.07	0.07	0	
30/09/2011 14:05:03	TASTEGGIO	0	1	8000	53817	90993	232	0	0.08	0.08	-44500	
30/09/2011 14:05:29	TASTEGGIO	1	0	8000	53817	135457	222	0	0.09	0.09	0	
30/09/2011 14:05:51	TASTEGGIO	0	1	8000	53817	135468	232	0	0.07	0.07	0	
30/09/2011 14:06:01	TASTEGGIO	0	1	8000	53817	90989	232	0	0.07	0.08	-44500	
30/09/2011 14:06:27	TASTEGGIO	1	0	8000	53817	135459	222	0	0.08	0.08	0	
30/09/2011 14:06:47	TASTEGGIO	0	1	8000	53817	135469	230	-1	0.07	0.07	0	
30/09/2011 14:06:58	TASTEGGIO	0	1	8000	53817	90998	230	-1	0.07	0.09	-44500	
30/09/2011 14:07:23	TASTEGGIO	1	0	8000	53817	135461	223	0	0.07	0.07	0	
30/09/2011 14:07:33	TASTEGGIO	1	0	8000	53817	90998	223	0	0.07	0.08	-44500	
30/09/2011 14:07:58	TASTEGGIO	1	0	8000	53817	135462	222	0	0.07	0.07	0	
30/09/2011 14:08:08	TASTEGGIO	1	0	8000	53817	91001	222	0	0.06	0.09	-44500	
30/09/2011 14:08:34	TASTEGGIO	1	0	8000	53817	135465	223	0	0.07	0.07	0	
30/09/2011 14:08:44	TASTEGGIO	1	0	8000	53817	90990	223	0	0.07	0.08	-44500	
30/09/2011 14:09:10	TASTEGGIO	1	0	8000	53817	135460	222	-1	0.07	0.07	0	
30/09/2011 14:09:20	TASTEGGIO	1	0	8000	53817	90989	222	-1	0.07	0.08	-44500	
30/09/2011 14:09:46	TASTEGGIO	1	0	8000	53817	135459	222	-1	0.07	0.07	0	
30/09/2011 14:09:56	TASTEGGIO	1	0	8000	53817	90991	222	-1	0.07	0.08	-44500	
30/09/2011 14:10:22	TASTEGGIO	1	0	8000	53817	135460	222	0	0.07	0.07	0	
30/09/2011 14:10:32	TASTEGGIO	1	0	8000	53817	91004	222	0	0.07	0.08	-44500	
30/09/2011 14:10:58	TASTEGGIO	1	0	8000	53817	135471	222	-1	0.07	0.07	0	
30/09/2011 14:11:08	TASTEGGIO	1	0	8000	53817	90997	222	-1	0.08	0.08	0	
30/09/2011 14:11:31	TASTEGGIO	1	0	8000	53817	91014	222	-4	0.03	0.03	0	
30/09/2011 14:11:39	TASTEGGIO	1	0	8000	53817	90992	222	-4	0.04	0.06	-44500	
30/09/2011 14:13:26	TASTEGGIO	1	0	8000	53817	90802	222	-4	0.05	0.08	44500	
30/09/2011 14:13:51	TASTEGGIO	1	0	8000	53817	46316	222	-2	0.07	0.07	0	
30/09/2011 14:14:01	TASTEGGIO	1	0	8000	53817	90630	222	-2	0.05	0.07	-24500	
30/09/2011 14:15:49	TASTEGGIO	1	0	8000	53817	90700	222	-2	0.10	0.14	24500	
30/09/2011 14:16:13	TASTEGGIO	1	0	8000	53817	66217	229	-3	0.11	0.11	0	
30/09/2011 14:16:33	TASTEGGIO	0	1	8000	53817	66215	237	-1	0.11	0.11	0	
30/09/2011 14:16:53	TASTEGGIO	0	2	8000	53817	66214	259	-2	0.09	0.09	0	
30/09/2011 14:17:15	TASTEGGIO	0	3	8000	53817	66215	281	-3	0.07	0.07	0	
30/09/2011 14:17:25	TASTEGGIO	0	3	8000	53817	90518	281	-3	0.05	0.08	44500	
30/09/2011 14:17:49	TASTEGGIO	1	0	8000	53817	46043	222	-1	0.07	0.07	0	
30/09/2011 14:18:00	TASTEGGIO	1	0	8000	53817	90520	222	-1	0.05	0.08	44500	
30/09/2011 14:18:24	TASTEGGIO	1	0	8000	53817	46041	222	0	0.08	0.08	0	
30/09/2011 14:18:43	TASTEGGIO	0	1	8000	53817	46041	230	-1	0.07	0.07	0	
30/09/2011 14:18:53	TASTEGGIO	0	1	8000	53817	90518	230	-1	0.05	0.07	24500	
30/09/2011 14:20:40	TASTEGGIO	0	1	8000	53817	90700	230	-1	0.09	0.10	-24500	
30/09/2011 14:21:05	TASTEGGIO	1	0	8000	53817	115171	224	-6	0.06	0.06	0	
30/09/2011 14:21:15	TASTEGGIO	1	0	8000	53817	90704	224	-6	0.05	0.10	44500	
30/09/2011 14:21:40	TASTEGGIO	1	0	8000	53817	46222	224	0	0.09	0.09	0	
30/09/2011 14:22:01	TASTEGGIO	0	1	8000	53817	46223	232	-2	0.08	0.08	0	
30/09/2011 14:22:21	TASTEGGIO	0	2	8000	53817	46223	246	-1	0.08	0.08	0	
30/09/2011 14:22:41	TASTEGGIO	0	3	8000	53817	46223	270	-3	0.06	0.06	0	
30/09/2011 14:22:51	TASTEGGIO	0	3	8000	53817	90523	270	-3	0.04	0.06	44500	
30/09/2011 14:24:39	TASTEGGIO	0	3	8000	53817	90608	270	-3	0.08	0.08	0	
30/09/2011 14:25:02	TASTEGGIO	1	0	8000	53817	90627	222	-6	0.03	0.03	0	
30/09/2011 14:25:10	TASTEGGIO	1	0	8000	53817	90603	222	-6	0.03	0.05	-44500	
30/09/2011 14:26:57	TASTEGGIO	1	0	8000	53817	90699	222	-6	0.15	0.15	0	
30/09/2011 14:27:20	TASTEGGIO	1	0	8000	53817	90710	231	-4	0.11	0.11	0	
30/09/2011 14:27:28	TASTEGGIO	1	0	8000	53817	90690	231	-4	0.11	0.11	24500	
30/09/2011 14:27:52	TASTEGGIO	1	0	8000	53817	66212	225	-2	0.09	0.09	0	
30/09/2011 14:28:12	TASTEGGIO	0	1	8000	53817	66209	232	-1	0.08	0.08	0	
30/09/2011 14:28:33	TASTEGGIO	0	2	8000	53817	66207	246	-1	0.08	0.08	0	
30/09/2011 14:28:54	TASTEGGIO	0	3	8000	53817	66206	270	-3	0.04	0.04	0	
30/09/2011 14:29:04	TASTEGGIO	0	3	8000	53817	90521	270	-3	0.07	0.07	24500	
30/09/2011 14:29:58	ALARM 17	proc 12 prog 10 step 47	LavoroTerminato
30/09/2011 14:37:39	TASTEGGIO	0	3	8000	53817	90611	270	-3	0.16	0.16	0	
30/09/2011 14:38:02	TASTEGGIO	1	0	8000	53817	90649	232	-5	0.12	0.12	0	
30/09/2011 14:38:10	TASTEGGIO	1	0	8000	53817	90610	232	-5	0.12	0.15	-24500	
30/09/2011 14:38:35	TASTEGGIO	1	0	8000	53817	115079	231	-4	0.10	0.10	0	
30/09/2011 14:38:45	TASTEGGIO	1	0	8000	53817	90612	231	-4	0.09	0.09	44500	
30/09/2011 14:39:09	TASTEGGIO	1	0	8000	53817	46130	223	0	0.08	0.08	0	
30/09/2011 14:39:30	TASTEGGIO	0	1	8000	53817	46130	230	-3	0.08	0.08	0	
30/09/2011 14:39:52	TASTEGGIO	0	2	8000	53817	46130	246	-1	0.07	0.07	0	
30/09/2011 14:40:02	TASTEGGIO	0	2	8000	53817	90423	246	-1	0.08	0.10	-24500	
30/09/2011 14:40:27	TASTEGGIO	1	0	8000	53817	114913	224	-1	0.09	0.09	0	
30/09/2011 14:40:47	TASTEGGIO	0	1	8000	53817	114922	232	-1	0.07	0.07	0	
30/09/2011 14:40:56	TASTEGGIO	0	1	8000	53817	90596	232	-1	0.06	0.08	-24500	
30/09/2011 14:41:21	TASTEGGIO	1	0	8000	53817	115082	222	-1	0.07	0.07	0	
30/09/2011 14:41:31	TASTEGGIO	1	0	8000	53817	90610	222	-1	0.06	0.08	-24500	
30/09/2011 14:41:55	TASTEGGIO	1	0	8000	53817	115085	222	0	0.07	0.07	0	
30/09/2011 14:42:05	TASTEGGIO	1	0	8000	53817	90610	222	0	0.06	0.07	44500	
30/09/2011 14:43:53	TASTEGGIO	1	0	8000	53817	90699	222	0	0.05	0.10	-44500	
30/09/2011 14:44:18	TASTEGGIO	1	0	8000	53817	135161	224	-3	0.06	0.06	0	
30/09/2011 14:44:28	TASTEGGIO	1	0	8000	53817	90706	224	-3	0.02	0.06	-44500	
30/09/2011 14:46:16	TASTEGGIO	1	0	8000	53817	90705	224	-3	0.04	0.09	-24500	
30/09/2011 14:46:41	TASTEGGIO	1	0	8000	53817	115176	223	-7	0.03	0.03	0	
30/09/2011 14:46:51	TASTEGGIO	1	0	8000	53817	90710	223	-7	0.02	0.05	-44500	
30/09/2011 14:48:38	TASTEGGIO	1	0	8000	53817	90706	223	-7	0.06	0.09	24500	
30/09/2011 14:49:03	TASTEGGIO	1	0	8000	53817	66232	223	-2	0.06	0.06	0	
30/09/2011 14:49:12	TASTEGGIO	1	0	8000	53817	90525	223	-2	0.04	0.06	24500	
30/09/2011 14:51:00	TASTEGGIO	1	0	8000	53817	90696	223	-2	0.30	0.30	24500	
30/09/2011 14:51:24	TASTEGGIO	1	0	8000	53817	66225	250	-3	0.26	0.26	0	
30/09/2011 14:51:44	TASTEGGIO	0	1	8000	53817	66220	272	-3	0.24	0.24	0	
30/09/2011 14:52:04	TASTEGGIO	0	2	8000	53817	66219	316	-8	0.17	0.17	0	
30/09/2011 14:52:25	TASTEGGIO	0	3	8000	53817	66218	336	-9	0.08	0.08	0	
