16/01/2012 10:53:26	TASTEGGIO	1	0	15000	73997	114174	221	0	0.07	0.19	24500	
16/01/2012 10:53:59	ALARM 401		
16/01/2012 10:54:01	ALARM 401		
16/01/2012 10:54:04	ALARM 401		
16/01/2012 10:54:04	ALARM 401		
16/01/2012 10:54:25	TASTEGGIO	1	0	15000	73997	114175	189	0	0.06	0.19	-44500	
16/01/2012 10:56:18	TASTEGGIO	1	0	15000	73997	114185	189	0	0.14	0.29	44500	
16/01/2012 10:56:51	TASTEGGIO	1	0	15000	73997	69720	202	-11	0.26	0.26	0	
16/01/2012 10:57:19	ALARM 401		
16/01/2012 10:57:23	ALARM 201		err.6059
16/01/2012 10:57:46	TASTEGGIO	0	1	15000	73997	114092	225	0	0.07	0.24	44500	
16/01/2012 10:58:21	TASTEGGIO	1	0	15000	73997	69631	195	-2	0.25	0.25	0	
16/01/2012 10:59:00	ALARM 203		err.0
16/01/2012 10:59:01	ALARM 203		err.4007
16/01/2012 10:59:24	TASTEGGIO	0	1	15000	73997	114074	221	0	0.05	0.22	44500	
16/01/2012 11:00:01	TASTEGGIO	1	0	15000	73997	69613	193	-1	0.24	0.24	0	
16/01/2012 11:00:38	ALARM 203		err.0
16/01/2012 11:00:40	ALARM 203		err.4007
16/01/2012 11:01:02	TASTEGGIO	0	1	15000	73997	114068	219	0	0.04	0.20	44500	
16/01/2012 11:01:06	ALARM 401		
16/01/2012 11:01:09	ALARM 201		err.6058
16/01/2012 11:02:46	ALARM 401		
16/01/2012 11:02:48	ALARM 401		
16/01/2012 11:02:48	ALARM 401		
16/01/2012 11:02:51	ALARM 401		
16/01/2012 11:02:52	ALARM 401		
16/01/2012 11:25:53	ALARM 401		
16/01/2012 11:39:17	ALARM 401		
16/01/2012 11:39:17	ALARM 401		
16/01/2012 11:41:33	ALARM 401		
16/01/2012 12:53:51	TASTEGGIO	0	1	6500	47940	113996	219	0	0.20	0.20	0	
16/01/2012 12:54:16	TASTEGGIO	1	0	6500	47940	114025	237	-6	0.10	0.10	0	
16/01/2012 12:54:24	TASTEGGIO	1	0	6500	47940	113994	237	-6	0.12	0.12	-24500	
16/01/2012 12:54:49	TASTEGGIO	1	0	6500	47940	138446	227	-10	0.07	0.07	0	
16/01/2012 12:54:59	TASTEGGIO	1	0	6500	47940	113982	227	-10	0.14	0.14	0	
16/01/2012 12:55:24	TASTEGGIO	1	0	6500	47940	113993	229	-6	0.08	0.08	0	
16/01/2012 12:55:32	TASTEGGIO	1	0	6500	47940	113973	229	-6	0.05	0.11	44500	
16/01/2012 12:55:58	TASTEGGIO	1	0	6500	47940	69557	225	-3	0.07	0.07	0	
16/01/2012 12:56:08	TASTEGGIO	1	0	6500	47940	113839	225	-3	0.06	0.13	-44500	
16/01/2012 12:56:35	TASTEGGIO	1	0	6500	47940	158242	228	-8	0.08	0.08	0	
16/01/2012 12:56:46	TASTEGGIO	1	0	6500	47940	113962	228	-8	0.09	0.11	44500	
16/01/2012 12:57:12	TASTEGGIO	1	0	6500	47940	69543	225	-1	0.11	0.11	0	
16/01/2012 12:57:32	TASTEGGIO	0	1	6500	47940	69536	236	0	0.08	0.08	0	
16/01/2012 12:57:43	TASTEGGIO	0	1	6500	47940	113838	236	0	0.10	0.12	24500	
16/01/2012 12:58:09	TASTEGGIO	1	0	6500	47940	89404	227	-4	0.08	0.08	0	
16/01/2012 12:58:18	TASTEGGIO	1	0	6500	47940	113826	227	-4	0.06	0.06	0	
16/01/2012 13:00:10	TASTEGGIO	1	0	6500	47940	114202	227	-4	0.17	0.77	44500	
16/01/2012 13:00:36	TASTEGGIO	1	0	6500	47940	69788	310	-8	0.70	0.70	0	
16/01/2012 13:00:59	TASTEGGIO	0	1	6500	47940	69782	373	-18	0.54	0.54	0	
16/01/2012 13:01:23	TASTEGGIO	0	2	6500	47940	69738	400	-19	0.35	0.35	0	
16/01/2012 13:01:46	TASTEGGIO	0	3	6500	47940	69733	400	-13	0.25	0.25	0	
16/01/2012 13:02:10	TASTEGGIO	0	4	6500	47940	69732	400	-12	0.20	0.20	0	
16/01/2012 13:02:34	TASTEGGIO	0	5	6500	47940	69732	400	-17	0.03	0.03	0	
16/01/2012 13:02:45	TASTEGGIO	0	5	6500	47940	114048	400	-17	0.75	0.75	0	
16/01/2012 13:03:10	TASTEGGIO	1	0	6500	47940	114044	308	-21	0.53	0.53	0	
16/01/2012 13:03:33	TASTEGGIO	0	1	6500	47940	114044	345	-26	0.30	0.30	0	
16/01/2012 13:03:58	TASTEGGIO	0	2	6500	47940	114044	369	-35	0.13	0.13	0	
16/01/2012 13:04:06	TASTEGGIO	0	2	6500	47940	114047	369	-35	0.15	0.48	44500	
16/01/2012 13:04:33	TASTEGGIO	1	0	6500	47940	69632	273	-2	0.45	0.45	0	
16/01/2012 13:04:56	TASTEGGIO	0	1	6500	47940	69625	315	-2	0.44	0.44	0	
16/01/2012 13:05:21	TASTEGGIO	0	2	6500	47940	69585	400	-10	0.39	0.39	0	
16/01/2012 13:05:44	TASTEGGIO	0	3	6500	47940	69581	400	-2	0.37	0.37	0	
16/01/2012 13:06:07	TASTEGGIO	0	4	6500	47940	69580	400	-2	0.40	0.40	0	
16/01/2012 13:06:29	ALARM 401		
16/01/2012 13:06:31	ALARM 401		
16/01/2012 13:06:31	ALARM 401		
16/01/2012 13:06:48	TASTEGGIO	0	5	6500	47940	114029	400	-2	0.07	0.37	44500	
16/01/2012 13:07:13	TASTEGGIO	0	5	6500	47940	69629	400	-2	0.39	0.39	0	
16/01/2012 13:07:38	TASTEGGIO	1	0	6500	47940	69618	261	0	0.38	0.38	0	
16/01/2012 13:08:01	TASTEGGIO	0	1	6500	47940	69613	298	0	0.37	0.37	0	
16/01/2012 13:08:24	TASTEGGIO	0	2	6500	47940	69597	370	0	0.38	0.38	0	
16/01/2012 13:08:49	TASTEGGIO	0	3	6500	47940	69571	450	-22	0.24	0.24	0	
16/01/2012 13:09:13	TASTEGGIO	0	4	6500	47940	69570	450	-23	0.06	0.06	0	
16/01/2012 13:09:17	TASTEGGIO	0	4	6500	47940	69570	450	-23	0.06	0.06	0	
16/01/2012 13:09:32	TASTEGGIO	0	4	6500	47940	114024	450	-23	0.24	0.24	0	
16/01/2012 13:09:58	TASTEGGIO	1	0	6500	47940	114020	242	-1	0.22	0.22	0	
16/01/2012 13:10:21	TASTEGGIO	0	1	6500	47940	114020	262	0	0.22	0.22	0	
16/01/2012 13:10:45	TASTEGGIO	0	2	6500	47940	114021	306	-1	0.21	0.21	0	
16/01/2012 13:11:09	TASTEGGIO	0	3	6500	47940	114021	366	-15	0.09	0.09	0	
16/01/2012 13:11:17	TASTEGGIO	0	3	6500	47940	114027	366	-15	0.10	0.18	-44500	
16/01/2012 13:11:43	TASTEGGIO	1	0	6500	47940	158428	234	-9	0.12	0.12	0	
16/01/2012 13:11:54	TASTEGGIO	1	0	6500	47940	114150	234	-9	0.14	0.16	44500	
16/01/2012 13:12:19	TASTEGGIO	1	0	6500	47940	69726	232	-1	0.17	0.17	0	
16/01/2012 13:12:39	TASTEGGIO	0	1	6500	47940	69720	250	0	0.15	0.15	0	
16/01/2012 13:13:01	TASTEGGIO	0	2	6500	47940	69717	276	0	0.16	0.16	0	
16/01/2012 13:13:24	TASTEGGIO	0	3	6500	47940	69707	327	0	0.13	0.13	0	
16/01/2012 13:13:34	TASTEGGIO	0	3	6500	47940	114042	327	0	0.14	0.15	44500	
16/01/2012 13:14:00	TASTEGGIO	1	0	6500	47940	69621	231	-1	0.10	0.10	0	
16/01/2012 13:14:11	TASTEGGIO	1	0	6500	47940	114034	231	-1	0.15	0.15	0	
16/01/2012 13:14:36	TASTEGGIO	1	0	6500	47940	114030	231	-1	0.14	0.14	0	
16/01/2012 13:14:44	TASTEGGIO	1	0	6500	47940	114035	231	-1	0.13	0.16	44500	
16/01/2012 13:15:10	TASTEGGIO	1	0	6500	47940	69625	232	0	0.14	0.14	0	
16/01/2012 13:15:21	TASTEGGIO	1	0	6500	47940	114028	232	0	0.12	0.16	44500	
16/01/2012 13:15:46	TASTEGGIO	1	0	6500	47940	69616	232	0	0.14	0.14	0	
16/01/2012 13:15:57	TASTEGGIO	1	0	6500	47940	114017	232	0	0.15	0.16	44500	
16/01/2012 13:16:23	TASTEGGIO	1	0	6500	47940	69605	232	0	0.14	0.14	0	
16/01/2012 13:16:33	TASTEGGIO	1	0	6500	47940	114019	232	0	0.14	0.16	44500	
16/01/2012 13:16:59	TASTEGGIO	1	0	6500	47940	69609	232	-1	0.13	0.13	0	
16/01/2012 13:17:10	TASTEGGIO	1	0	6500	47940	114018	232	-1	0.14	0.16	44500	
16/01/2012 13:17:35	TASTEGGIO	1	0	6500	47940	69607	232	0	0.13	0.13	0	
16/01/2012 13:17:46	TASTEGGIO	1	0	6500	47940	114023	232	0	0.14	0.16	44500	
16/01/2012 13:18:12	TASTEGGIO	1	0	6500	47940	69609	232	0	0.13	0.13	0	
16/01/2012 13:18:22	TASTEGGIO	1	0	6500	47940	114028	232	0	0.13	0.15	44500	
16/01/2012 13:18:48	TASTEGGIO	1	0	6500	47940	69615	231	0	0.13	0.13	0	
16/01/2012 13:18:58	TASTEGGIO	1	0	6500	47940	114022	231	0	0.14	0.16	44500	
16/01/2012 13:19:24	TASTEGGIO	1	0	6500	47940	69605	232	0	0.12	0.12	0	
16/01/2012 13:19:35	TASTEGGIO	1	0	6500	47940	114015	232	0	0.14	0.16	44500	
16/01/2012 13:19:38	ALARM 401		
16/01/2012 13:19:40	ALARM 201		err.6059
16/01/2012 13:19:52	TASTEGGIO	1	0	6500	47940	114015	232	0	0.13	0.16	44500	
16/01/2012 13:20:21	TASTEGGIO	1	0	6500	47940	69602	233	-1	0.13	0.13	0	
16/01/2012 13:20:46	TASTEGGIO	1	0	6500	47940	69596	243	0	0.12	0.12	0	
16/01/2012 13:21:11	TASTEGGIO	1	0	6500	47940	69591	256	0	0.12	0.12	0	
16/01/2012 13:21:45	TASTEGGIO	1	0	6500	47940	114034	279	0	0.14	0.14	44500	
16/01/2012 13:22:17	TASTEGGIO	1	0	6500	47940	69612	320	0	0.13	0.13	0	
16/01/2012 13:22:45	TASTEGGIO	1	0	6500	47940	69567	371	0	0.12	0.12	0	
16/01/2012 13:23:19	TASTEGGIO	1	0	6500	47940	114017	424	-3	0.16	0.16	0	
16/01/2012 13:23:51	TASTEGGIO	1	0	6500	47940	114024	424	-61	0.49	0.57	24500	
16/01/2012 13:24:28	TASTEGGIO	1	0	6500	47940	114020	424	-67	0.15	0.32	44500	
16/01/2012 13:25:05	TASTEGGIO	1	0	6500	47940	114012	385	-5	0.12	0.26	44500	
16/01/2012 13:25:43	TASTEGGIO	1	0	6500	47940	114016	385	0	0.11	0.26	44500	
16/01/2012 13:26:23	TASTEGGIO	1	0	6500	47940	114012	420	-6	0.09	0.23	44500	
16/01/2012 13:27:01	TASTEGGIO	1	0	6500	47940	114013	420	-2	0.10	0.22	44500	
16/01/2012 13:27:38	TASTEGGIO	1	0	6500	47940	114016	433	-2	0.07	0.20	-44500	
16/01/2012 13:28:18	TASTEGGIO	1	0	6500	47940	114155	433	-108	0.81	0.91	-24500	
16/01/2012 13:28:49	TASTEGGIO	1	0	6500	47940	138623	433	-72	0.26	0.26	0	
16/01/2012 13:29:06	TASTEGGIO	1	0	6500	47940	114157	433	-72	0.22	0.30	-44500	
16/01/2012 13:29:33	TASTEGGIO	1	0	6500	47940	158565	250	-14	0.16	0.16	0	
16/01/2012 13:29:55	TASTEGGIO	0	1	6500	47940	158580	258	-8	0.07	0.07	0	
16/01/2012 13:30:06	TASTEGGIO	0	1	6500	47940	114172	258	-8	0.09	0.16	44500	
16/01/2012 13:30:31	TASTEGGIO	1	0	6500	47940	69748	232	0	0.15	0.15	0	
16/01/2012 13:30:52	TASTEGGIO	0	1	6500	47940	69742	246	0	0.14	0.14	0	
16/01/2012 13:31:03	TASTEGGIO	0	1	6500	47940	114045	246	0	0.07	0.14	44500	
16/01/2012 13:32:00	ALARM 17	proc 12 prog 10 step 47	LavoroTerminato
17/01/2012 08:19:56	ALARM 401		
17/01/2012 08:19:58	INIT OK
17/01/2012 08:23:18	TASTEGGIO	0	0	6500	47940	114092	0	0	0.10	0.20	44500	
17/01/2012 08:23:44	TASTEGGIO	1	0	6500	47940	69689	250	-5	0.13	0.13	0	
17/01/2012 08:23:55	TASTEGGIO	1	0	6500	47940	113938	250	-5	0.11	0.15	44500	
17/01/2012 08:24:20	TASTEGGIO	1	0	6500	47940	69533	237	-1	0.13	0.13	0	
17/01/2012 08:24:30	TASTEGGIO	1	0	6500	47940	113927	237	-1	0.11	0.14	44500	
17/01/2012 08:24:56	TASTEGGIO	1	0	6500	47940	69521	235	-1	0.13	0.13	0	
17/01/2012 08:25:17	TASTEGGIO	0	1	6500	47940	69511	247	-1	0.13	0.13	0	
17/01/2012 08:25:40	TASTEGGIO	0	2	6500	47940	69505	273	-2	0.10	0.10	0	
17/01/2012 08:26:03	TASTEGGIO	0	3	6500	47940	69498	286	-2	0.08	0.08	0	
17/01/2012 08:26:14	TASTEGGIO	0	3	6500	47940	113930	286	-2	0.12	0.13	-24500	
17/01/2012 08:26:40	TASTEGGIO	1	0	6500	47940	138388	232	-11	0.05	0.05	0	
17/01/2012 08:26:50	TASTEGGIO	1	0	6500	47940	114045	232	-11	0.09	0.09	0	
17/01/2012 08:27:15	TASTEGGIO	1	0	6500	47940	114050	222	-9	0.05	0.05	0	
17/01/2012 08:27:23	TASTEGGIO	1	0	6500	47940	114045	222	-9	0.05	0.10	44500	
17/01/2012 08:27:49	TASTEGGIO	1	0	6500	47940	69629	225	-1	0.10	0.10	0	
17/01/2012 08:28:10	TASTEGGIO	0	1	6500	47940	69623	235	0	0.10	0.10	0	
17/01/2012 08:28:31	TASTEGGIO	0	2	6500	47940	69619	255	-1	0.10	0.10	0	
17/01/2012 08:28:54	TASTEGGIO	0	3	6500	47940	69614	285	-1	0.08	0.08	0	
17/01/2012 08:29:05	TASTEGGIO	0	3	6500	47940	113940	285	-1	0.03	0.08	44500	
17/01/2012 08:30:56	TASTEGGIO	0	3	6500	47940	114089	285	-1	0.16	0.16	0	
17/01/2012 08:31:20	TASTEGGIO	1	0	6500	47940	114098	240	-10	0.06	0.06	0	
17/01/2012 08:31:28	TASTEGGIO	1	0	6500	47940	114076	240	-10	0.06	0.08	-44500	
17/01/2012 08:33:19	TASTEGGIO	1	0	6500	47940	114093	240	-10	0.02	0.13	44500	
17/01/2012 08:33:46	TASTEGGIO	1	0	6500	47940	69677	232	-5	0.09	0.09	0	
17/01/2012 08:34:07	TASTEGGIO	0	1	6500	47940	69673	238	-1	0.07	0.07	0	
17/01/2012 08:34:18	TASTEGGIO	0	1	6500	47940	113941	238	-1	0.06	0.08	44500	
17/01/2012 08:36:06	TASTEGGIO	0	1	6500	47940	114092	238	-1	0.11	0.15	24500	
17/01/2012 08:36:32	TASTEGGIO	1	0	6500	47940	89655	237	-7	0.07	0.07	0	
17/01/2012 08:36:42	TASTEGGIO	1	0	6500	47940	113953	237	-7	0.07	0.13	-44500	
17/01/2012 08:37:08	TASTEGGIO	1	0	6500	47940	158353	232	-10	0.04	0.04	0	
17/01/2012 08:37:19	TASTEGGIO	1	0	6500	47940	114062	232	-10	0.11	0.13	24500	
17/01/2012 08:37:46	TASTEGGIO	1	0	6500	47940	89614	232	-1	0.11	0.11	0	
17/01/2012 08:38:08	TASTEGGIO	0	1	6500	47940	89603	241	-1	0.09	0.09	0	
17/01/2012 08:38:31	TASTEGGIO	0	2	6500	47940	89595	255	-3	0.08	0.08	0	
17/01/2012 08:38:41	TASTEGGIO	0	2	6500	47940	113938	255	-3	0.08	0.08	44500	
17/01/2012 08:40:32	TASTEGGIO	0	2	6500	47940	114093	255	-3	0.07	0.16	-44500	
17/01/2012 08:40:58	TASTEGGIO	1	0	6500	47940	158492	240	-12	0.07	0.07	0	
17/01/2012 08:41:09	TASTEGGIO	1	0	6500	47940	114091	240	-12	0.14	0.18	24500	
17/01/2012 08:41:36	TASTEGGIO	1	0	6500	47940	89644	245	-7	0.10	0.10	0	
17/01/2012 08:41:46	TASTEGGIO	1	0	6500	47940	113943	245	-7	0.07	0.11	44500	
17/01/2012 08:42:12	TASTEGGIO	1	0	6500	47940	69525	227	-3	0.08	0.08	0	
17/01/2012 08:42:22	TASTEGGIO	1	0	6500	47940	113931	227	-3	0.08	0.09	-24500	
17/01/2012 08:42:49	TASTEGGIO	1	0	6500	47940	138390	222	-8	0.05	0.05	0	
17/01/2012 08:42:59	TASTEGGIO	1	0	6500	47940	114049	222	-8	0.13	0.13	0	
17/01/2012 08:43:24	TASTEGGIO	1	0	6500	47940	114058	232	-9	0.04	0.04	0	
17/01/2012 08:43:32	TASTEGGIO	1	0	6500	47940	114044	232	-9	0.05	0.07	44500	
17/01/2012 08:45:23	TASTEGGIO	1	0	6500	47940	114091	232	-9	0.13	0.37	-44500	
17/01/2012 08:45:49	TASTEGGIO	1	0	6500	47940	158494	293	-20	0.16	0.16	0	
17/01/2012 08:46:10	TASTEGGIO	0	0	6500	47940	158507	240	0	0.15	0.15	0	
17/01/2012 08:46:31	TASTEGGIO	0	1	6500	47940	158515	254	0	0.15	0.15	0	
17/01/2012 08:46:53	TASTEGGIO	0	2	6500	47940	158516	284	-7	0.08	0.08	0	
17/01/2012 08:47:04	TASTEGGIO	0	2	6500	47940	114073	284	-7	0.11	0.25	24500	
17/01/2012 08:47:31	TASTEGGIO	1	0	6500	47940	89626	263	-17	0.36	0.36	0	
17/01/2012 08:47:55	TASTEGGIO	0	1	6500	47940	89612	314	-43	0.74	0.74	0	
17/01/2012 08:48:14	TASTEGGIO	0	1	6500	47940	89613	161	-2	0.71	0.71	0	
17/01/2012 08:48:37	TASTEGGIO	0	2	6500	47940	89611	297	-13	0.57	0.57	0	
17/01/2012 08:49:01	TASTEGGIO	0	3	6500	47940	89607	400	-51	0.10	0.10	0	
17/01/2012 08:49:11	TASTEGGIO	0	3	6500	47940	113947	400	-51	0.08	0.18	-44500	
17/01/2012 08:49:37	TASTEGGIO	1	0	6500	47940	158345	245	-1	0.17	0.17	0	
17/01/2012 08:49:59	TASTEGGIO	0	1	6500	47940	158359	261	-1	0.16	0.16	0	
17/01/2012 08:50:22	TASTEGGIO	0	2	6500	47940	158362	291	-4	0.14	0.14	0	
17/01/2012 08:50:33	TASTEGGIO	0	2	6500	47940	114047	291	-4	0.04	0.14	-44500	
17/01/2012 08:50:59	TASTEGGIO	1	0	6500	47940	158452	235	0	0.13	0.13	0	
17/01/2012 08:51:21	TASTEGGIO	0	1	6500	47940	158464	247	-1	0.13	0.13	0	
17/01/2012 08:51:42	TASTEGGIO	0	2	6500	47940	158466	273	0	0.13	0.13	0	
17/01/2012 08:52:05	TASTEGGIO	0	3	6500	47940	158467	312	-5	0.07	0.07	0	
17/01/2012 08:52:16	TASTEGGIO	0	3	6500	47940	114053	312	-5	0.04	0.14	24500	
17/01/2012 08:52:42	TASTEGGIO	1	0	6500	47940	89607	235	-1	0.12	0.12	0	
17/01/2012 08:53:04	TASTEGGIO	0	1	6500	47940	89594	245	-2	0.12	0.12	0	
17/01/2012 08:53:27	TASTEGGIO	0	2	6500	47940	89588	269	0	0.11	0.11	0	
17/01/2012 08:53:49	TASTEGGIO	0	3	6500	47940	89583	299	0	0.11	0.11	0	
17/01/2012 08:54:00	TASTEGGIO	0	3	6500	47940	113937	299	0	0.02	0.12	44500	
17/01/2012 08:54:25	TASTEGGIO	1	0	6500	47940	69519	230	-3	0.08	0.08	0	
17/01/2012 08:54:36	TASTEGGIO	1	0	6500	47940	113925	230	-3	0.02	0.10	-44500	
17/01/2012 08:56:27	TASTEGGIO	1	0	6500	47940	114089	230	-3	0.07	0.08	-24500	
17/01/2012 08:58:15	TASTEGGIO	1	0	6500	47940	114090	230	-3	0.18	0.18	0	
17/01/2012 08:58:40	TASTEGGIO	1	0	6500	47940	114109	245	-13	0.07	0.07	0	
17/01/2012 08:58:48	TASTEGGIO	1	0	6500	47940	114083	245	-13	0.08	0.11	-44500	
17/01/2012 08:59:13	TASTEGGIO	1	0	6500	47940	158479	227	-10	0.02	0.02	0	
17/01/2012 08:59:24	TASTEGGIO	1	0	6500	47940	114088	227	-10	0.07	0.09	44500	
17/01/2012 08:59:50	TASTEGGIO	1	0	6500	47940	69659	222	-3	0.05	0.05	0	
17/01/2012 09:00:01	TASTEGGIO	1	0	6500	47940	113944	222	-3	0.04	0.06	44500	
17/01/2012 09:01:52	TASTEGGIO	1	0	6500	47940	114088	222	-3	0.08	0.28	24500	
17/01/2012 09:02:18	TASTEGGIO	1	0	6500	47940	89646	270	-12	0.15	0.15	0	
17/01/2012 09:02:40	TASTEGGIO	0	1	6500	47940	89624	278	-6	0.09	0.09	0	
17/01/2012 09:02:50	TASTEGGIO	0	1	6500	47940	113942	278	-6	0.11	0.27	-44500	
17/01/2012 09:03:17	TASTEGGIO	1	0	6500	47940	158345	268	-15	0.15	0.15	0	
17/01/2012 09:03:39	TASTEGGIO	0	1	6500	47940	158365	276	-14	0.06	0.06	0	
17/01/2012 09:03:49	TASTEGGIO	0	1	6500	47940	114058	276	-14	0.09	0.25	24500	
17/01/2012 09:04:16	TASTEGGIO	1	0	6500	47940	89603	263	0	0.22	0.22	0	
17/01/2012 09:04:38	TASTEGGIO	0	1	6500	47940	89593	282	0	0.22	0.22	0	
17/01/2012 09:05:02	TASTEGGIO	0	2	6500	47940	89588	326	-11	0.09	0.09	0	
17/01/2012 09:05:12	TASTEGGIO	0	2	6500	47940	113941	326	-11	0.03	0.16	44500	
17/01/2012 09:05:38	TASTEGGIO	1	0	6500	47940	69519	240	-3	0.13	0.13	0	
17/01/2012 09:05:49	TASTEGGIO	1	0	6500	47940	113922	240	-3	0.05	0.13	-44500	
17/01/2012 09:06:15	TASTEGGIO	1	0	6500	47940	158333	232	-2	0.11	0.11	0	
17/01/2012 09:06:36	TASTEGGIO	0	1	6500	47940	158347	241	-2	0.10	0.10	0	
17/01/2012 09:06:57	TASTEGGIO	0	2	6500	47940	158357	259	-2	0.09	0.09	0	
17/01/2012 09:07:19	TASTEGGIO	0	3	6500	47940	158363	283	-7	0.05	0.05	0	
17/01/2012 09:07:30	TASTEGGIO	0	3	6500	47940	114043	283	-7	0.05	0.15	44500	
17/01/2012 09:07:55	TASTEGGIO	1	0	6500	47940	69626	237	-2	0.13	0.13	0	
17/01/2012 09:08:06	TASTEGGIO	1	0	6500	47940	113932	237	-2	0.04	0.13	24500	
17/01/2012 09:08:31	TASTEGGIO	1	0	6500	47940	89496	232	0	0.13	0.13	0	
17/01/2012 09:08:54	TASTEGGIO	0	1	6500	47940	89471	245	0	0.12	0.12	0	
17/01/2012 09:09:16	TASTEGGIO	0	2	6500	47940	89462	267	-1	0.11	0.11	0	
17/01/2012 09:09:39	TASTEGGIO	0	3	6500	47940	89453	297	-1	0.11	0.11	0	
17/01/2012 09:10:03	TASTEGGIO	0	4	6500	47940	89454	341	-15	0.09	0.09	0	
17/01/2012 09:10:26	TASTEGGIO	0	1	6500	47940	89454	333	-34	0.24	0.24	0	
17/01/2012 09:10:49	TASTEGGIO	0	1	6500	47940	89454	268	-12	0.12	0.12	0	
17/01/2012 09:11:10	TASTEGGIO	0	0	6500	47940	89454	230	0	0.11	0.11	0	
17/01/2012 09:11:32	TASTEGGIO	0	1	6500	47940	89454	240	0	0.11	0.11	0	
17/01/2012 09:11:53	TASTEGGIO	0	2	6500	47940	89454	262	0	0.09	0.09	0	
17/01/2012 09:12:17	TASTEGGIO	0	3	6500	47940	89454	284	-3	0.06	0.06	0	
17/01/2012 09:12:27	TASTEGGIO	0	3	6500	47940	113920	284	-3	0.11	0.14	-24500	
17/01/2012 09:12:52	TASTEGGIO	1	0	6500	47940	138386	235	-10	0.03	0.03	0	
17/01/2012 09:13:02	TASTEGGIO	1	0	6500	47940	114047	235	-10	0.04	0.12	24500	
17/01/2012 09:13:28	TASTEGGIO	1	0	6500	47940	89599	230	0	0.10	0.10	0	
17/01/2012 09:13:50	TASTEGGIO	0	1	6500	47940	89586	238	0	0.09	0.09	0	
17/01/2012 09:14:12	TASTEGGIO	0	2	6500	47940	89581	254	0	0.09	0.09	0	
17/01/2012 09:14:35	TASTEGGIO	0	3	6500	47940	89573	281	0	0.08	0.08	0	
17/01/2012 09:14:45	TASTEGGIO	0	3	6500	47940	113933	281	0	0.05	0.11	44500	
17/01/2012 09:15:11	TASTEGGIO	1	0	6500	47940	69516	227	0	0.09	0.09	0	
17/01/2012 09:15:31	TASTEGGIO	0	1	6500	47940	69505	234	-1	0.08	0.08	0	
17/01/2012 09:15:42	TASTEGGIO	0	1	6500	47940	113917	234	-1	0.06	0.10	24500	
17/01/2012 09:16:07	TASTEGGIO	1	0	6500	47940	89490	225	0	0.08	0.08	0	
17/01/2012 09:16:16	TASTEGGIO	1	0	6500	47940	113913	225	0	0.06	0.10	44500	
17/01/2012 09:16:42	TASTEGGIO	1	0	6500	47940	69495	225	-1	0.09	0.09	0	
17/01/2012 09:17:04	TASTEGGIO	0	1	6500	47940	69483	233	-1	0.09	0.09	0	
17/01/2012 09:17:25	TASTEGGIO	0	2	6500	47940	69472	251	-2	0.08	0.08	0	
17/01/2012 09:17:36	TASTEGGIO	0	2	6500	47940	113929	251	-2	0.06	0.09	24500	
17/01/2012 09:18:01	TASTEGGIO	1	0	6500	47940	89497	222	-1	0.07	0.07	0	
17/01/2012 09:18:11	TASTEGGIO	1	0	6500	47940	113916	222	-1	0.05	0.09	44500	
17/01/2012 09:18:36	TASTEGGIO	1	0	6500	47940	69497	222	0	0.09	0.09	0	
17/01/2012 09:18:56	TASTEGGIO	0	1	6500	47940	69490	231	0	0.08	0.08	0	
17/01/2012 09:19:06	TASTEGGIO	0	1	6500	47940	113918	231	0	0.07	0.10	24500	
17/01/2012 09:19:31	TASTEGGIO	1	0	6500	47940	89493	225	0	0.07	0.07	0	
17/01/2012 09:19:41	TASTEGGIO	1	0	6500	47940	113919	225	0	0.06	0.09	24500	
17/01/2012 09:20:06	TASTEGGIO	1	0	6500	47940	89487	222	0	0.07	0.07	0	
17/01/2012 09:20:16	TASTEGGIO	1	0	6500	47940	113918	222	0	0.06	0.09	44500	
17/01/2012 09:22:07	TASTEGGIO	1	0	6500	47940	114089	222	0	0.19	0.25	24500	
17/01/2012 09:22:34	TASTEGGIO	1	0	6500	47940	89630	263	-10	0.14	0.14	0	
17/01/2012 09:22:44	TASTEGGIO	1	0	6500	47940	113949	263	-10	0.10	0.13	24500	
17/01/2012 09:23:09	TASTEGGIO	1	0	6500	47940	89497	232	-1	0.12	0.12	0	
17/01/2012 09:23:32	TASTEGGIO	0	1	6500	47940	89488	243	-1	0.11	0.11	0	
17/01/2012 09:23:56	TASTEGGIO	0	2	6500	47940	89479	263	-2	0.09	0.09	0	
17/01/2012 09:24:06	TASTEGGIO	0	2	6500	47940	113931	263	-2	0.07	0.10	44500	
17/01/2012 09:24:31	TASTEGGIO	1	0	6500	47940	69512	225	-4	0.07	0.07	0	
17/01/2012 09:24:41	TASTEGGIO	1	0	6500	47940	113921	225	-4	0.09	0.11	24500	
17/01/2012 09:25:08	TASTEGGIO	1	0	6500	47940	89487	227	-1	0.09	0.09	0	
17/01/2012 09:25:18	TASTEGGIO	1	0	6500	47940	113912	227	-1	0.08	0.09	24500	
17/01/2012 09:27:08	TASTEGGIO	1	0	6500	47940	113992	227	-1	0.16	0.30	44500	
17/01/2012 09:27:35	TASTEGGIO	1	0	6500	47940	69558	275	-6	0.24	0.24	0	
17/01/2012 09:27:56	TASTEGGIO	0	1	6500	47940	69550	294	-6	0.19	0.19	0	
17/01/2012 09:28:20	TASTEGGIO	0	2	6500	47940	69543	315	-8	0.14	0.14	0	
17/01/2012 09:28:31	TASTEGGIO	0	2	6500	47940	113850	315	-8	0.19	0.24	-24500	
17/01/2012 09:28:58	TASTEGGIO	1	0	6500	47940	138314	260	-14	0.10	0.10	0	
17/01/2012 09:29:07	TASTEGGIO	1	0	6500	47940	113970	260	-14	0.06	0.17	44500	
17/01/2012 09:29:34	TASTEGGIO	1	0	6500	47940	69529	242	0	0.15	0.15	0	
17/01/2012 09:29:54	TASTEGGIO	0	1	6500	47940	69525	255	0	0.15	0.15	0	
17/01/2012 09:30:16	TASTEGGIO	0	2	6500	47940	69520	285	0	0.14	0.14	0	
17/01/2012 09:30:27	TASTEGGIO	0	2	6500	47940	113846	285	0	0.07	0.15	44500	
17/01/2012 09:30:52	TASTEGGIO	1	0	6500	47940	69429	237	0	0.14	0.14	0	
17/01/2012 09:31:03	TASTEGGIO	1	0	6500	47940	113835	237	0	0.07	0.16	44500	
17/01/2012 09:31:28	TASTEGGIO	1	0	6500	47940	69418	240	0	0.14	0.14	0	
17/01/2012 09:31:39	TASTEGGIO	1	0	6500	47940	113831	240	0	0.07	0.15	44500	
17/01/2012 09:32:04	TASTEGGIO	1	0	6500	47940	69415	237	0	0.15	0.15	0	
17/01/2012 09:32:26	TASTEGGIO	0	1	6500	47940	69403	252	0	0.15	0.15	0	
17/01/2012 09:32:49	TASTEGGIO	0	2	6500	47940	69394	282	0	0.15	0.15	0	
17/01/2012 09:33:11	TASTEGGIO	0	3	6500	47940	69381	327	-4	0.11	0.11	0	
17/01/2012 09:33:22	TASTEGGIO	0	3	6500	47940	113829	327	-4	0.09	0.13	-44500	
17/01/2012 09:33:48	TASTEGGIO	1	0	6500	47940	158243	232	-8	0.06	0.06	0	
17/01/2012 09:33:59	TASTEGGIO	1	0	6500	47940	113946	232	-8	0.04	0.11	44500	
17/01/2012 09:34:25	TASTEGGIO	1	0	6500	47940	69519	227	0	0.12	0.12	0	
17/01/2012 09:34:46	TASTEGGIO	0	1	6500	47940	69509	240	0	0.13	0.13	0	
17/01/2012 09:35:08	TASTEGGIO	0	2	6500	47940	69503	268	0	0.12	0.12	0	
17/01/2012 09:35:29	TASTEGGIO	0	3	6500	47940	69499	301	0	0.12	0.12	0	
17/01/2012 09:35:53	TASTEGGIO	0	4	6500	47940	69482	349	-9	0.08	0.08	0	
17/01/2012 09:36:04	TASTEGGIO	0	4	6500	47940	113839	349	-9	0.13	0.15	-24500	
17/01/2012 09:36:30	TASTEGGIO	1	0	6500	47940	138304	237	-7	0.08	0.08	0	
17/01/2012 09:36:40	TASTEGGIO	1	0	6500	47940	113953	237	-7	0.09	0.10	44500	
17/01/2012 09:37:06	TASTEGGIO	1	0	6500	47940	69512	225	0	0.10	0.10	0	
17/01/2012 09:37:27	TASTEGGIO	0	1	6500	47940	69500	235	-1	0.09	0.09	0	
17/01/2012 09:37:38	TASTEGGIO	0	1	6500	47940	113835	235	-1	0.09	0.09	0	
17/01/2012 09:39:29	TASTEGGIO	0	1	6500	47940	114087	235	-1	0.08	0.31	-44500	
17/01/2012 09:39:56	TASTEGGIO	1	0	6500	47940	158490	278	-17	0.14	0.14	0	
17/01/2012 09:40:07	TASTEGGIO	1	0	6500	47940	114087	278	-17	0.20	0.24	24500	
17/01/2012 09:40:33	TASTEGGIO	1	0	6500	47940	89625	260	-7	0.16	0.16	0	
17/01/2012 09:40:54	TASTEGGIO	0	1	6500	47940	89614	270	-5	0.12	0.12	0	
17/01/2012 09:41:04	TASTEGGIO	0	1	6500	47940	113951	270	-5	0.09	0.21	-44500	
17/01/2012 09:41:30	TASTEGGIO	1	0	6500	47940	158350	252	-1	0.18	0.18	0	
17/01/2012 09:41:52	TASTEGGIO	0	1	6500	47940	158368	267	-3	0.16	0.16	0	
17/01/2012 09:42:14	TASTEGGIO	0	2	6500	47940	158374	295	-9	0.09	0.09	0	
17/01/2012 09:42:24	TASTEGGIO	0	2	6500	47940	114052	295	-9	0.18	0.20	24500	
17/01/2012 09:42:51	TASTEGGIO	1	0	6500	47940	89593	250	0	0.18	0.18	0	
17/01/2012 09:43:13	TASTEGGIO	0	1	6500	47940	89582	266	0	0.17	0.17	0	
17/01/2012 09:43:35	TASTEGGIO	0	2	6500	47940	89575	298	-5	0.12	0.12	0	
17/01/2012 09:43:45	TASTEGGIO	0	2	6500	47940	113942	298	-5	0.12	0.13	24500	
17/01/2012 09:44:10	TASTEGGIO	1	0	6500	47940	89497	232	-1	0.12	0.12	0	
17/01/2012 09:44:33	TASTEGGIO	0	1	6500	47940	89481	243	0	0.12	0.12	0	
17/01/2012 09:44:55	TASTEGGIO	0	2	6500	47940	89472	267	0	0.11	0.11	0	
17/01/2012 09:45:19	TASTEGGIO	0	3	6500	47940	89464	297	-1	0.09	0.09	0	
17/01/2012 09:45:29	TASTEGGIO	0	3	6500	47940	113931	297	-1	0.09	0.13	-44500	
17/01/2012 09:45:55	TASTEGGIO	1	0	6500	47940	158336	232	-2	0.13	0.13	0	
17/01/2012 09:46:17	TASTEGGIO	0	1	6500	47940	158349	245	-1	0.12	0.12	0	
17/01/2012 09:46:39	TASTEGGIO	0	2	6500	47940	158363	267	-1	0.11	0.11	0	
17/01/2012 09:47:01	TASTEGGIO	0	3	6500	47940	158364	297	-4	0.08	0.08	0	
17/01/2012 09:47:11	TASTEGGIO	0	3	6500	47940	114045	297	-4	0.14	0.14	0	
17/01/2012 09:47:36	TASTEGGIO	1	0	6500	47940	114053	235	-10	0.07	0.07	0	
17/01/2012 09:47:44	TASTEGGIO	1	0	6500	47940	114040	235	-10	0.06	0.14	-44500	
17/01/2012 09:48:11	TASTEGGIO	1	0	6500	47940	158457	235	-2	0.14	0.14	0	
17/01/2012 09:48:33	TASTEGGIO	0	1	6500	47940	158468	249	-1	0.13	0.13	0	
17/01/2012 09:48:54	TASTEGGIO	0	2	6500	47940	158474	273	-1	0.11	0.11	0	
17/01/2012 09:49:16	TASTEGGIO	0	3	6500	47940	158475	300	-3	0.08	0.08	0	
17/01/2012 09:49:27	TASTEGGIO	0	3	6500	47940	114051	300	-3	0.09	0.09	24500	
17/01/2012 09:51:18	TASTEGGIO	0	3	6500	47940	114087	300	-3	0.12	0.18	-24500	
17/01/2012 09:51:44	TASTEGGIO	1	0	6500	47940	138548	245	-12	0.05	0.05	0	
17/01/2012 09:51:54	TASTEGGIO	1	0	6500	47940	114079	245	-12	0.03	0.08	-44500	
17/01/2012 09:52:50	ALARM 17	proc 12 prog 10 step 47	LavoroTerminato
17/01/2012 16:37:49	ALARM 406		
19/01/2012 09:53:12	ALARM 401		
19/01/2012 09:53:14	INIT OK
19/01/2012 09:55:12	ALARM 401		
19/01/2012 09:56:15	ALARM 401		
19/01/2012 10:00:16	ALARM 401		
19/01/2012 12:51:43	ALARM 401		
19/01/2012 13:02:41	ALARM 29	proc 5 prog 72 step 6	Tastatori appoggiati sul tondo
19/01/2012 13:03:04	ALARM 401		
19/01/2012 13:06:25	ALARM 401		
19/01/2012 13:19:40	ALARM 318	proc 3 prog 26 step 37	go_abs inv_ax 3
19/01/2012 13:20:04	ALARM 318	proc 3 prog 26 step 40	go_abs inv_ax 3
19/01/2012 13:20:17	ALARM 401		
19/01/2012 13:21:18	ALARM 8	proc 3 prog 26 step 20	Braccetti carico non in fuori ingombro
19/01/2012 13:22:41	ALARM 401		
19/01/2012 13:25:55	ALARM 318	proc 3 prog 26 step 37	go_abs inv_ax 3
19/01/2012 13:33:12	ALARM 401		
19/01/2012 13:37:43	ALARM 401		
19/01/2012 13:38:12	ALARM 8	proc 3 prog 26 step 20	Braccetti carico non in fuori ingombro
19/01/2012 13:38:45	ALARM 401		
19/01/2012 13:38:57	ALARM 8	proc 3 prog 26 step 20	Braccetti carico non in fuori ingombro
19/01/2012 13:39:42	ALARM 401		
19/01/2012 14:37:10	ALARM 401		
19/01/2012 14:47:42	ALARM 602	proc 12 prog 124 step 1	ASPETTA 53
19/01/2012 15:06:05	TASTEGGIO	0	0	7000	49900	122709	0	0	0.14	0.29	-44500	
19/01/2012 15:06:31	TASTEGGIO	1	0	7000	49900	167167	249	-11	0.19	0.19	0	
19/01/2012 15:06:52	TASTEGGIO	0	1	7000	49900	167167	261	-6	0.12	0.12	0	
19/01/2012 15:07:03	TASTEGGIO	0	1	7000	49900	122714	261	-6	0.04	0.17	44500	
19/01/2012 15:07:29	TASTEGGIO	1	0	7000	49900	78274	233	-7	0.13	0.13	0	
19/01/2012 15:07:40	TASTEGGIO	1	0	7000	49900	122498	233	-7	0.04	0.12	44500	
19/01/2012 15:08:06	TASTEGGIO	1	0	7000	49900	78077	227	-1	0.11	0.11	0	
19/01/2012 15:08:28	TASTEGGIO	0	1	7000	49900	78069	237	0	0.10	0.10	0	
19/01/2012 15:08:50	TASTEGGIO	0	2	7000	49900	78062	255	-2	0.08	0.08	0	
19/01/2012 15:09:01	TASTEGGIO	0	2	7000	49900	122484	255	-2	0.05	0.12	-44500	
19/01/2012 15:09:26	TASTEGGIO	1	0	7000	49900	166901	227	-4	0.07	0.07	0	
19/01/2012 15:09:37	TASTEGGIO	1	0	7000	49900	122677	227	-4	0.06	0.11	44500	
19/01/2012 15:10:03	TASTEGGIO	1	0	7000	49900	78238	225	-1	0.09	0.09	0	
19/01/2012 15:10:24	TASTEGGIO	0	1	7000	49900	78226	232	-1	0.09	0.09	0	
19/01/2012 15:10:46	TASTEGGIO	0	2	7000	49900	78221	250	-2	0.08	0.08	0	
19/01/2012 15:10:57	TASTEGGIO	0	2	7000	49900	122491	250	-2	0.05	0.09	44500	
19/01/2012 15:11:22	TASTEGGIO	1	0	7000	49900	78070	223	-1	0.08	0.08	0	
19/01/2012 15:11:33	TASTEGGIO	1	0	7000	49900	122483	223	-1	0.06	0.09	44500	
19/01/2012 15:11:58	TASTEGGIO	1	0	7000	49900	78067	223	0	0.09	0.09	0	
19/01/2012 15:12:09	TASTEGGIO	1	0	7000	49900	122473	223	0	0.06	0.10	44500	
19/01/2012 15:12:33	TASTEGGIO	1	0	7000	49900	78057	224	-1	0.09	0.09	0	
19/01/2012 15:12:44	TASTEGGIO	1	0	7000	49900	122462	224	-1	0.05	0.09	44500	
19/01/2012 15:13:42	ALARM 17	proc 12 prog 10 step 47	LavoroTerminato
19/01/2012 16:07:40	ALARM 406		
20/01/2012 08:45:29	ALARM 401		
20/01/2012 08:45:31	INIT OK
20/01/2012 08:49:28	TASTEGGIO	0	0	7000	49900	122390	0	0	0.13	0.26	44500	
20/01/2012 08:49:53	TASTEGGIO	1	0	7000	49900	77980	245	-3	0.22	0.22	0	
20/01/2012 08:50:15	TASTEGGIO	0	1	7000	49900	77975	263	-3	0.19	0.19	0	
20/01/2012 08:50:38	TASTEGGIO	0	2	7000	49900	77963	295	-4	0.15	0.15	0	
20/01/2012 08:51:02	TASTEGGIO	0	3	7000	49900	77948	315	-5	0.11	0.11	0	
20/01/2012 08:51:13	TASTEGGIO	0	3	7000	49900	122237	315	-5	0.14	0.15	-24500	
20/01/2012 08:51:39	TASTEGGIO	1	0	7000	49900	146655	231	-11	0.06	0.06	0	
20/01/2012 08:51:50	TASTEGGIO	1	0	7000	49900	122364	231	-11	0.06	0.13	44500	
20/01/2012 08:52:15	TASTEGGIO	1	0	7000	49900	77923	228	0	0.10	0.10	0	
20/01/2012 08:52:37	TASTEGGIO	0	1	7000	49900	77919	235	-1	0.10	0.10	0	
20/01/2012 08:52:59	TASTEGGIO	0	2	7000	49900	77917	255	-1	0.11	0.11	0	
20/01/2012 08:53:22	TASTEGGIO	0	3	7000	49900	77911	291	-3	0.08	0.08	0	
20/01/2012 08:53:33	TASTEGGIO	0	3	7000	49900	122229	291	-3	0.08	0.09	44500	
20/01/2012 08:53:58	TASTEGGIO	1	0	7000	49900	77794	223	0	0.10	0.10	0	
20/01/2012 08:54:19	TASTEGGIO	0	1	7000	49900	77791	234	-1	0.10	0.10	0	
20/01/2012 08:54:42	TASTEGGIO	0	2	7000	49900	77787	254	1	0.09	0.09	0	
20/01/2012 08:55:04	TASTEGGIO	0	3	7000	49900	77785	278	0	0.10	0.10	0	
20/01/2012 08:55:27	TASTEGGIO	0	4	7000	49900	77772	322	-3	0.07	0.07	0	
20/01/2012 08:55:38	TASTEGGIO	0	4	7000	49900	122217	322	-3	0.09	0.09	0	
20/01/2012 08:56:03	TASTEGGIO	1	0	7000	49900	122212	223	-9	0.07	0.07	0	
20/01/2012 08:56:11	TASTEGGIO	1	0	7000	49900	122218	223	-9	0.07	0.10	44500	
20/01/2012 08:56:37	TASTEGGIO	1	0	7000	49900	77780	224	-2	0.08	0.08	0	
20/01/2012 08:56:48	TASTEGGIO	1	0	7000	49900	122210	224	-2	0.07	0.09	44500	
20/01/2012 08:57:12	TASTEGGIO	1	0	7000	49900	77780	223	-1	0.09	0.09	0	
20/01/2012 08:57:32	TASTEGGIO	0	1	7000	49900	77773	232	-1	0.08	0.08	0	
20/01/2012 08:57:43	TASTEGGIO	0	1	7000	49900	122202	232	-1	0.08	0.09	44500	
20/01/2012 08:58:08	TASTEGGIO	1	0	7000	49900	77780	223	0	0.08	0.08	0	
20/01/2012 08:58:19	TASTEGGIO	1	0	7000	49900	122204	223	0	0.08	0.09	44500	
20/01/2012 08:58:44	TASTEGGIO	1	0	7000	49900	77782	223	0	0.09	0.09	0	
20/01/2012 08:59:05	TASTEGGIO	0	1	7000	49900	77770	232	0	0.09	0.09	0	
20/01/2012 08:59:26	TASTEGGIO	0	2	7000	49900	77759	250	-1	0.08	0.08	0	
20/01/2012 08:59:37	TASTEGGIO	0	2	7000	49900	122207	250	-1	0.08	0.09	44500	
20/01/2012 09:01:26	TASTEGGIO	0	2	7000	49900	122538	250	-1	0.10	0.22	44500	
20/01/2012 09:01:52	TASTEGGIO	1	0	7000	49900	78078	240	-5	0.18	0.18	0	
20/01/2012 09:02:13	TASTEGGIO	0	1	7000	49900	78072	254	-3	0.16	0.16	0	
20/01/2012 09:02:36	TASTEGGIO	0	2	7000	49900	78071	282	-3	0.12	0.12	0	
20/01/2012 09:02:47	TASTEGGIO	0	2	7000	49900	122311	282	-3	0.08	0.12	44500	
20/01/2012 09:03:12	TASTEGGIO	1	0	7000	49900	77872	227	0	0.12	0.12	0	
20/01/2012 09:03:33	TASTEGGIO	0	1	7000	49900	77869	239	-2	0.11	0.11	0	
20/01/2012 09:03:56	TASTEGGIO	0	2	7000	49900	77865	259	-1	0.11	0.11	0	
20/01/2012 09:04:17	TASTEGGIO	0	3	7000	49900	77859	292	-4	0.08	0.08	0	
20/01/2012 09:04:28	TASTEGGIO	0	3	7000	49900	122296	292	-4	0.07	0.10	-44500	
20/01/2012 09:04:54	TASTEGGIO	1	0	7000	49900	166721	224	-9	0.02	0.02	0	
20/01/2012 09:05:05	TASTEGGIO	1	0	7000	49900	122477	224	-9	0.02	0.11	44500	
20/01/2012 09:05:31	TASTEGGIO	1	0	7000	49900	78028	225	0	0.10	0.10	0	
20/01/2012 09:05:53	TASTEGGIO	0	1	7000	49900	78022	234	-1	0.10	0.10	0	
20/01/2012 09:06:14	TASTEGGIO	0	2	7000	49900	78020	254	-1	0.10	0.10	0	
20/01/2012 09:06:35	TASTEGGIO	0	3	7000	49900	78020	284	-2	0.08	0.08	0	
20/01/2012 09:06:46	TASTEGGIO	0	3	7000	49900	122323	284	-2	0.04	0.08	44500	
20/01/2012 09:08:36	TASTEGGIO	0	3	7000	49900	122400	284	-2	0.17	0.21	24500	
20/01/2012 09:09:02	TASTEGGIO	1	0	7000	49900	97942	238	-7	0.14	0.14	0	
20/01/2012 09:09:13	TASTEGGIO	1	0	7000	49900	122253	238	-7	0.12	0.15	-44500	
20/01/2012 09:09:38	TASTEGGIO	1	0	7000	49900	166671	231	-11	0.05	0.05	0	
20/01/2012 09:09:49	TASTEGGIO	1	0	7000	49900	122382	231	-11	0.12	0.12	24500	
20/01/2012 09:10:15	TASTEGGIO	1	0	7000	49900	97922	227	-4	0.08	0.08	0	
20/01/2012 09:10:25	TASTEGGIO	1	0	7000	49900	122242	227	-4	0.08	0.08	24500	
20/01/2012 09:12:14	TASTEGGIO	1	0	7000	49900	122390	227	-4	0.05	0.09	44500	
20/01/2012 09:14:03	TASTEGGIO	1	0	7000	49900	122517	227	-4	0.13	0.33	44500	
20/01/2012 09:14:30	TASTEGGIO	1	0	7000	49900	78079	254	-5	0.27	0.27	0	
20/01/2012 09:14:52	TASTEGGIO	0	1	7000	49900	78071	276	-4	0.25	0.25	0	
20/01/2012 09:15:15	TASTEGGIO	0	2	7000	49900	78057	322	-9	0.17	0.17	0	
20/01/2012 09:15:39	TASTEGGIO	0	3	7000	49900	78056	342	-9	0.11	0.11	0	
20/01/2012 09:15:50	TASTEGGIO	0	3	7000	49900	122304	342	-9	0.09	0.11	-44500	
20/01/2012 09:16:16	TASTEGGIO	1	0	7000	49900	166731	225	-8	0.04	0.04	0	
20/01/2012 09:16:27	TASTEGGIO	1	0	7000	49900	122483	225	-8	0.04	0.13	44500	
20/01/2012 09:16:53	TASTEGGIO	1	0	7000	49900	78036	228	-1	0.12	0.12	0	
20/01/2012 09:17:15	TASTEGGIO	0	1	7000	49900	78028	239	0	0.12	0.12	0	
20/01/2012 09:17:36	TASTEGGIO	0	2	7000	49900	78026	263	0	0.12	0.12	0	
20/01/2012 09:17:59	TASTEGGIO	0	3	7000	49900	78026	299	-1	0.12	0.12	0	
20/01/2012 09:18:23	TASTEGGIO	0	4	7000	49900	78024	347	-4	0.08	0.08	0	
20/01/2012 09:18:34	TASTEGGIO	0	4	7000	49900	122308	347	-4	0.07	0.08	44500	
20/01/2012 09:20:24	TASTEGGIO	0	4	7000	49900	122396	347	-4	0.11	0.13	24500	
20/01/2012 09:20:49	TASTEGGIO	1	0	7000	49900	97930	228	-8	0.05	0.05	0	
20/01/2012 09:20:59	TASTEGGIO	1	0	7000	49900	122239	228	-8	0.05	0.05	24500	
20/01/2012 09:22:47	TASTEGGIO	1	0	7000	49900	122396	228	-8	0.10	0.10	0	
20/01/2012 09:23:12	TASTEGGIO	1	0	7000	49900	122414	224	-8	0.04	0.04	0	
20/01/2012 09:23:21	TASTEGGIO	1	0	7000	49900	122386	224	-8	0.04	0.04	0	
20/01/2012 09:25:10	TASTEGGIO	1	0	7000	49900	122389	224	-8	0.15	0.15	0	
20/01/2012 09:25:35	TASTEGGIO	1	0	7000	49900	122408	231	-10	0.05	0.05	0	
20/01/2012 09:25:43	TASTEGGIO	1	0	7000	49900	122381	231	-10	0.05	0.05	0	
20/01/2012 09:27:33	TASTEGGIO	1	0	7000	49900	122394	231	-10	0.04	0.09	-24500	
20/01/2012 09:28:29	ALARM 17	proc 12 prog 10 step 47	LavoroTerminato
20/01/2012 10:00:04	TASTEGGIO	1	0	7000	49900	96760	231	-10	0.11	0.11	-24500	
20/01/2012 10:00:29	TASTEGGIO	1	0	7000	49900	121275	225	-7	0.08	0.08	0	
20/01/2012 10:00:39	TASTEGGIO	1	0	7000	49900	96915	225	-7	0.08	0.08	-24500	
20/01/2012 10:02:28	TASTEGGIO	1	0	7000	49900	96896	225	-7	0.11	0.18	-44500	
20/01/2012 10:02:54	TASTEGGIO	1	0	7000	49900	141276	234	-5	0.13	0.13	0	
20/01/2012 10:03:05	TASTEGGIO	1	0	7000	49900	96920	234	-5	0.09	0.14	24500	
20/01/2012 10:03:29	TASTEGGIO	1	0	7000	49900	72489	229	-4	0.12	0.12	0	
20/01/2012 10:03:49	TASTEGGIO	0	1	7000	49900	72487	239	-1	0.09	0.09	0	
20/01/2012 10:04:12	TASTEGGIO	0	2	7000	49900	72485	248	-1	0.09	0.09	0	
20/01/2012 10:04:33	TASTEGGIO	0	3	7000	49900	72481	275	-5	0.06	0.06	0	
20/01/2012 10:04:43	TASTEGGIO	0	3	7000	49900	96757	275	-5	0.03	0.12	-44500	
20/01/2012 10:05:08	TASTEGGIO	1	0	7000	49900	141151	227	-2	0.11	0.11	0	
20/01/2012 10:05:29	TASTEGGIO	0	1	7000	49900	141184	237	-2	0.10	0.10	0	
20/01/2012 10:05:49	TASTEGGIO	0	2	7000	49900	141205	255	-3	0.06	0.06	0	
20/01/2012 10:06:01	TASTEGGIO	0	2	7000	49900	96902	255	-3	0.03	0.08	24500	
20/01/2012 10:07:48	TASTEGGIO	0	2	7000	49900	96984	255	-3	0.05	0.09	-44500	
20/01/2012 10:08:13	TASTEGGIO	1	0	7000	49900	141349	223	-4	0.05	0.05	0	
20/01/2012 10:08:24	TASTEGGIO	1	0	7000	49900	97004	223	-4	0.02	0.08	44500	
20/01/2012 10:10:12	TASTEGGIO	1	0	7000	49900	96986	223	-4	0.07	0.11	-44500	
20/01/2012 10:10:38	TASTEGGIO	1	0	7000	49900	141358	225	-6	0.05	0.05	0	
20/01/2012 10:10:48	TASTEGGIO	1	0	7000	49900	97007	225	-6	0.10	0.10	0	
20/01/2012 10:11:13	TASTEGGIO	1	0	7000	49900	97029	224	-5	0.04	0.04	0	
20/01/2012 10:11:21	TASTEGGIO	1	0	7000	49900	97002	224	-5	0.04	0.07	-44500	
20/01/2012 10:13:09	TASTEGGIO	1	0	7000	49900	96886	224	-5	0.19	0.26	24500	
20/01/2012 10:13:34	TASTEGGIO	1	0	7000	49900	72453	245	-3	0.23	0.23	0	
20/01/2012 10:13:56	TASTEGGIO	0	1	7000	49900	72448	265	-1	0.22	0.22	0	
20/01/2012 10:14:18	TASTEGGIO	0	2	7000	49900	72447	307	-5	0.15	0.15	0	
20/01/2012 10:14:41	TASTEGGIO	0	3	7000	49900	72445	324	-6	0.10	0.10	0	
20/01/2012 10:14:52	TASTEGGIO	0	3	7000	49900	96743	324	-6	0.08	0.11	24500	
20/01/2012 10:15:16	TASTEGGIO	1	0	7000	49900	72325	225	0	0.11	0.11	0	
20/01/2012 10:15:38	TASTEGGIO	0	1	7000	49900	72323	236	0	0.10	0.10	0	
20/01/2012 10:16:00	TASTEGGIO	0	2	7000	49900	72320	254	-1	0.11	0.11	0	
20/01/2012 10:16:21	TASTEGGIO	0	3	7000	49900	72319	290	-1	0.10	0.10	0	
20/01/2012 10:16:44	TASTEGGIO	0	4	7000	49900	72315	326	-2	0.08	0.08	0	
20/01/2012 10:16:55	TASTEGGIO	0	4	7000	49900	96737	326	-2	0.05	0.10	44500	
20/01/2012 10:17:18	TASTEGGIO	1	0	7000	49900	52313	224	1	0.10	0.10	0	
20/01/2012 10:17:36	TASTEGGIO	0	1	7000	49900	52308	234	0	0.10	0.10	0	
20/01/2012 10:17:55	TASTEGGIO	0	2	7000	49900	52303	254	-1	0.09	0.09	0	
20/01/2012 10:18:16	TASTEGGIO	0	3	7000	49900	52297	278	-1	0.09	0.09	0	
20/01/2012 10:18:37	TASTEGGIO	0	4	7000	49900	52293	314	-4	0.05	0.05	0	
20/01/2012 10:18:48	TASTEGGIO	0	4	7000	49900	96721	314	-4	0.07	0.07	24500	
20/01/2012 10:20:37	TASTEGGIO	0	4	7000	49900	97291	314	-4	0.16	0.21	44500	
20/01/2012 10:21:01	TASTEGGIO	1	0	7000	49900	52831	238	-2	0.20	0.20	0	
20/01/2012 10:21:21	TASTEGGIO	0	1	7000	49900	52831	257	-1	0.18	0.18	0	
20/01/2012 10:21:42	TASTEGGIO	0	2	7000	49900	52832	289	-3	0.16	0.16	0	
20/01/2012 10:22:03	TASTEGGIO	0	3	7000	49900	52832	331	-9	0.08	0.08	0	
20/01/2012 10:22:14	TASTEGGIO	0	3	7000	49900	97143	331	-9	0.10	0.11	-44500	
20/01/2012 10:22:39	TASTEGGIO	1	0	7000	49900	141576	225	-5	0.07	0.07	0	
20/01/2012 10:22:50	TASTEGGIO	1	0	7000	49900	97288	225	-5	0.08	0.08	44500	
20/01/2012 10:24:38	TASTEGGIO	1	0	7000	49900	96979	225	-5	0.15	0.19	44500	
20/01/2012 10:25:03	TASTEGGIO	1	0	7000	49900	52537	236	-4	0.22	0.22	0	
20/01/2012 10:25:23	TASTEGGIO	0	1	7000	49900	52533	261	-2	0.19	0.19	0	
20/01/2012 10:25:45	TASTEGGIO	0	2	7000	49900	52533	293	-4	0.16	0.16	0	
20/01/2012 10:26:06	TASTEGGIO	0	3	7000	49900	52533	333	-11	0.07	0.07	0	
20/01/2012 10:26:17	TASTEGGIO	0	3	7000	49900	96839	333	-11	0.10	0.10	0	
20/01/2012 10:26:40	TASTEGGIO	1	0	7000	49900	96837	224	-5	0.05	0.05	0	
20/01/2012 10:26:49	TASTEGGIO	1	0	7000	49900	96841	224	-5	0.05	0.07	44500	
20/01/2012 10:28:36	TASTEGGIO	1	0	7000	49900	97084	224	-5	0.17	0.17	0	
20/01/2012 10:28:59	TASTEGGIO	1	0	7000	49900	97108	233	-3	0.13	0.13	0	
20/01/2012 10:29:08	TASTEGGIO	1	0	7000	49900	97083	233	-3	0.14	0.16	-44500	
20/01/2012 10:29:33	TASTEGGIO	1	0	7000	49900	141518	232	-3	0.12	0.12	0	
20/01/2012 10:29:44	TASTEGGIO	1	0	7000	49900	97106	232	-3	0.11	0.13	-44500	
20/01/2012 10:30:09	TASTEGGIO	1	0	7000	49900	141534	228	-2	0.11	0.11	0	
20/01/2012 10:30:29	TASTEGGIO	0	1	7000	49900	141552	237	-1	0.11	0.11	0	
20/01/2012 10:30:50	TASTEGGIO	0	2	7000	49900	141564	259	-4	0.09	0.09	0	
20/01/2012 10:31:13	TASTEGGIO	0	3	7000	49900	141569	281	-5	0.04	0.04	0	
20/01/2012 10:31:24	TASTEGGIO	0	3	7000	49900	97103	281	-5	0.11	0.11	24500	
20/01/2012 10:31:48	TASTEGGIO	1	0	7000	49900	72670	225	-2	0.10	0.10	0	
20/01/2012 10:32:10	TASTEGGIO	0	1	7000	49900	72664	234	-1	0.08	0.08	0	
20/01/2012 10:32:20	TASTEGGIO	0	1	7000	49900	96936	234	-1	0.09	0.09	0	
20/01/2012 10:32:44	TASTEGGIO	1	0	7000	49900	96933	223	-2	0.06	0.06	0	
20/01/2012 10:32:52	TASTEGGIO	1	0	7000	49900	96937	223	-2	0.05	0.06	24500	
20/01/2012 10:34:41	TASTEGGIO	1	0	7000	49900	96989	223	-2	0.09	0.09	0	
20/01/2012 10:35:04	TASTEGGIO	1	0	7000	49900	97008	223	-6	0.08	0.08	0	
20/01/2012 10:35:12	TASTEGGIO	1	0	7000	49900	96984	223	-6	0.09	0.09	0	
20/01/2012 10:35:36	TASTEGGIO	1	0	7000	49900	97002	223	-4	0.06	0.06	0	
20/01/2012 10:35:45	TASTEGGIO	1	0	7000	49900	96979	223	-4	0.06	0.06	0	
20/01/2012 10:37:33	TASTEGGIO	1	0	7000	49900	97081	223	-4	0.15	0.18	-24500	
20/01/2012 10:37:58	TASTEGGIO	1	0	7000	49900	121548	234	-5	0.15	0.15	0	
20/01/2012 10:38:19	TASTEGGIO	0	1	7000	49900	121558	246	-2	0.12	0.12	0	
20/01/2012 10:38:29	TASTEGGIO	0	1	7000	49900	97094	246	-2	0.11	0.14	-44500	
20/01/2012 10:38:54	TASTEGGIO	1	0	7000	49900	141523	229	-3	0.11	0.11	0	
20/01/2012 10:39:16	TASTEGGIO	0	1	7000	49900	141539	237	-2	0.11	0.11	0	
20/01/2012 10:39:37	TASTEGGIO	0	2	7000	49900	141552	259	-3	0.08	0.08	0	
20/01/2012 10:39:48	TASTEGGIO	0	2	7000	49900	97099	259	-3	0.11	0.11	0	
20/01/2012 10:40:12	TASTEGGIO	1	0	7000	49900	97120	225	-4	0.09	0.09	0	
20/01/2012 10:40:34	TASTEGGIO	0	1	7000	49900	97119	232	-1	0.08	0.08	0	
20/01/2012 10:40:42	TASTEGGIO	0	1	7000	49900	97087	232	-1	0.09	0.09	0	
20/01/2012 10:41:06	TASTEGGIO	1	0	7000	49900	97110	223	-1	0.09	0.09	0	
20/01/2012 10:41:27	TASTEGGIO	0	1	7000	49900	97109	232	0	0.08	0.08	0	
20/01/2012 10:41:35	TASTEGGIO	0	1	7000	49900	97078	232	0	0.08	0.08	-44500	
20/01/2012 10:43:24	TASTEGGIO	0	1	7000	49900	97082	232	0	0.08	0.09	-44500	
20/01/2012 10:43:49	TASTEGGIO	1	0	7000	49900	141525	223	-6	0.05	0.05	0	
20/01/2012 10:44:00	TASTEGGIO	1	0	7000	49900	97112	223	-6	0.05	0.05	-44500	
20/01/2012 10:45:49	TASTEGGIO	1	0	7000	49900	96982	223	-6	0.09	0.22	44500	
20/01/2012 10:46:13	TASTEGGIO	1	0	7000	49900	52539	240	-3	0.21	0.21	0	
20/01/2012 10:46:34	TASTEGGIO	0	1	7000	49900	52536	260	-1	0.20	0.20	0	
20/01/2012 10:46:55	TASTEGGIO	0	2	7000	49900	52537	298	-4	0.16	0.16	0	
20/01/2012 10:47:16	TASTEGGIO	0	3	7000	49900	52536	320	-4	0.13	0.13	0	
20/01/2012 10:47:27	TASTEGGIO	0	3	7000	49900	96838	320	-4	0.03	0.13	44500	
20/01/2012 10:47:51	TASTEGGIO	1	0	7000	49900	52393	228	0	0.12	0.12	0	
20/01/2012 10:48:12	TASTEGGIO	0	1	7000	49900	52391	239	0	0.13	0.13	0	
20/01/2012 10:48:32	TASTEGGIO	0	2	7000	49900	52388	267	0	0.12	0.12	0	
20/01/2012 10:48:53	TASTEGGIO	0	3	7000	49900	52386	300	-1	0.11	0.11	0	
20/01/2012 10:49:14	TASTEGGIO	0	4	7000	49900	52384	340	-5	0.06	0.06	0	
20/01/2012 10:49:25	TASTEGGIO	0	4	7000	49900	96824	340	-5	0.03	0.07	44500	
20/01/2012 10:51:12	TASTEGGIO	0	4	7000	49900	96883	340	-5	0.30	0.35	-24500	
20/01/2012 10:51:37	TASTEGGIO	1	0	7000	49900	121334	256	-5	0.30	0.30	0	
20/01/2012 10:51:58	TASTEGGIO	0	1	7000	49900	121353	281	-5	0.25	0.25	0	
20/01/2012 10:52:22	TASTEGGIO	0	2	7000	49900	121361	322	-12	0.16	0.16	0	
20/01/2012 10:52:44	TASTEGGIO	0	3	7000	49900	121370	339	-26	0.12	0.12	0	
20/01/2012 10:52:54	TASTEGGIO	0	3	7000	49900	96910	339	-26	0.09	0.11	-24500	
20/01/2012 10:53:20	TASTEGGIO	1	0	7000	49900	121369	225	-6	0.07	0.07	0	
20/01/2012 10:53:30	TASTEGGIO	1	0	7000	49900	96904	225	-6	0.04	0.09	-44500	
20/01/2012 10:53:56	TASTEGGIO	1	0	7000	49900	141282	223	-2	0.06	0.06	0	
20/01/2012 10:54:07	TASTEGGIO	1	0	7000	49900	96912	223	-2	0.03	0.07	-24500	
20/01/2012 10:55:56	TASTEGGIO	1	0	7000	49900	96983	223	-2	0.04	0.09	-44500	
20/01/2012 10:56:21	TASTEGGIO	1	0	7000	49900	141362	223	-6	0.05	0.05	0	
20/01/2012 10:56:32	TASTEGGIO	1	0	7000	49900	97004	223	-6	0.07	0.08	44500	
20/01/2012 10:58:20	TASTEGGIO	1	0	7000	49900	96979	223	-6	0.04	0.06	-24500	
20/01/2012 11:00:09	TASTEGGIO	1	0	7000	49900	96984	223	-6	0.15	0.16	24500	
20/01/2012 11:00:34	TASTEGGIO	1	0	7000	49900	72549	232	-3	0.15	0.15	0	
20/01/2012 11:00:55	TASTEGGIO	0	1	7000	49900	72544	246	-2	0.13	0.13	0	
20/01/2012 11:01:04	TASTEGGIO	0	1	7000	49900	96832	246	-2	0.12	0.13	24500	
20/01/2012 11:01:28	TASTEGGIO	1	0	7000	49900	72396	228	-1	0.12	0.12	0	
20/01/2012 11:01:49	TASTEGGIO	0	1	7000	49900	72392	239	-1	0.12	0.12	0	
20/01/2012 11:02:10	TASTEGGIO	0	2	7000	49900	72390	263	-1	0.10	0.10	0	
20/01/2012 11:02:32	TASTEGGIO	0	3	7000	49900	72387	287	-4	0.07	0.07	0	
20/01/2012 11:02:43	TASTEGGIO	0	3	7000	49900	96828	287	-4	0.06	0.08	44500	
20/01/2012 11:03:40	ALARM 17	proc 12 prog 10 step 47	LavoroTerminato
20/01/2012 11:31:34	TASTEGGIO	0	3	8000	53820	102872	287	-4	0.82	0.89	-24500	
20/01/2012 11:32:00	TASTEGGIO	1	0	8000	53820	127389	326	-9	0.79	0.79	0	
20/01/2012 11:32:21	TASTEGGIO	0	1	8000	53820	127388	396	-22	0.57	0.57	0	
20/01/2012 11:32:45	TASTEGGIO	0	2	8000	53820	127389	400	-12	0.45	0.45	0	
20/01/2012 11:33:08	TASTEGGIO	0	3	8000	53820	127389	400	-6	0.40	0.40	0	
20/01/2012 11:33:30	TASTEGGIO	0	4	8000	53820	127389	400	-6	0.35	0.35	0	
20/01/2012 11:33:53	TASTEGGIO	0	5	8000	53820	127389	400	-5	0.30	0.30	0	
20/01/2012 11:34:14	TASTEGGIO	0	6	8000	53820	127389	400	-4	0.27	0.27	0	
20/01/2012 11:34:37	TASTEGGIO	0	7	8000	53820	127389	400	-3	0.25	0.25	0	
20/01/2012 11:35:01	TASTEGGIO	0	8	8000	53820	127389	400	-5	0.22	0.22	0	
20/01/2012 11:35:23	TASTEGGIO	0	9	8000	53820	127389	400	-5	0.18	0.18	0	
20/01/2012 11:35:45	TASTEGGIO	0	10	8000	53820	127389	400	-4	0.13	0.13	0	
20/01/2012 11:35:55	TASTEGGIO	0	10	8000	53820	102997	400	-4	0.22	0.25	-44500	
20/01/2012 11:36:20	TASTEGGIO	1	0	8000	53820	147411	243	-4	0.21	0.21	0	
20/01/2012 11:36:41	TASTEGGIO	0	1	8000	53820	147432	260	-3	0.18	0.18	0	
20/01/2012 11:37:02	TASTEGGIO	0	2	8000	53820	147447	290	-6	0.13	0.13	0	
20/01/2012 11:37:13	TASTEGGIO	0	2	8000	53820	102996	290	-6	0.20	0.21	24500	
20/01/2012 11:37:37	TASTEGGIO	1	0	8000	53820	78540	238	-2	0.18	0.18	0	
20/01/2012 11:37:58	TASTEGGIO	0	1	8000	53820	78535	253	-2	0.16	0.16	0	
20/01/2012 11:38:18	TASTEGGIO	0	2	8000	53820	78532	281	-3	0.13	0.13	0	
20/01/2012 11:38:28	TASTEGGIO	0	2	8000	53820	102846	281	-3	0.13	0.14	24500	
20/01/2012 11:38:52	TASTEGGIO	1	0	8000	53820	78390	229	-1	0.13	0.13	0	
20/01/2012 11:39:11	TASTEGGIO	0	1	8000	53820	78387	241	0	0.13	0.13	0	
20/01/2012 11:39:33	TASTEGGIO	0	2	8000	53820	78386	267	0	0.12	0.12	0	
20/01/2012 11:39:53	TASTEGGIO	0	3	8000	53820	78385	300	-3	0.09	0.09	0	
20/01/2012 11:40:03	TASTEGGIO	0	3	8000	53820	102849	300	-3	0.11	0.11	-44500	
20/01/2012 11:40:27	TASTEGGIO	1	0	8000	53820	147283	225	-2	0.09	0.09	0	
20/01/2012 11:40:38	TASTEGGIO	1	0	8000	53820	102986	225	-2	0.11	0.11	0	
20/01/2012 11:41:01	TASTEGGIO	1	0	8000	53820	103007	225	-2	0.09	0.09	0	
20/01/2012 11:41:10	TASTEGGIO	1	0	8000	53820	102983	225	-2	0.09	0.11	-44500	
20/01/2012 11:41:34	TASTEGGIO	1	0	8000	53820	147410	225	-1	0.09	0.09	0	
20/01/2012 11:41:45	TASTEGGIO	1	0	8000	53820	102994	225	-1	0.10	0.10	0	
20/01/2012 11:42:08	TASTEGGIO	1	0	8000	53820	103016	224	0	0.08	0.08	0	
20/01/2012 11:42:16	TASTEGGIO	1	0	8000	53820	102992	224	0	0.09	0.09	0	
20/01/2012 11:43:14	ALARM 17	proc 12 prog 10 step 47	LavoroTerminato
20/01/2012 12:23:46	TASTEGGIO	1	0	8000	53820	102599	224	0	0.31	0.43	-44500	
20/01/2012 12:24:12	TASTEGGIO	1	0	8000	53820	147089	267	-6	0.37	0.37	0	
20/01/2012 12:24:33	TASTEGGIO	0	1	8000	53820	147089	298	-5	0.31	0.31	0	
20/01/2012 12:24:55	TASTEGGIO	0	2	8000	53820	147090	349	-14	0.17	0.17	0	
20/01/2012 12:25:16	TASTEGGIO	0	3	8000	53820	147090	365	-11	0.07	0.07	0	
20/01/2012 12:25:28	TASTEGGIO	0	3	8000	53820	102600	365	-11	0.13	0.28	44500	
20/01/2012 12:25:53	TASTEGGIO	1	0	8000	53820	58139	247	-3	0.25	0.25	0	
20/01/2012 12:26:14	TASTEGGIO	0	1	8000	53820	58139	269	-2	0.24	0.24	0	
20/01/2012 12:26:35	TASTEGGIO	0	2	8000	53820	58139	315	-5	0.20	0.20	0	
20/01/2012 12:26:57	TASTEGGIO	0	3	8000	53820	58139	364	-12	0.08	0.08	0	
20/01/2012 12:27:08	TASTEGGIO	0	3	8000	53820	102460	364	-12	0.10	0.16	-24500	
20/01/2012 12:27:33	TASTEGGIO	1	0	8000	53820	126911	232	-4	0.14	0.14	0	
20/01/2012 12:27:43	TASTEGGIO	1	0	8000	53820	102593	232	-4	0.08	0.14	-24500	
20/01/2012 12:28:07	TASTEGGIO	1	0	8000	53820	127043	229	0	0.14	0.14	0	
20/01/2012 12:28:09	ALARM 401		
20/01/2012 12:28:12	ALARM 201		err.6059
20/01/2012 12:28:29	TASTEGGIO	1	0	8000	53820	102586	229	0	0.08	0.13	-24500	
20/01/2012 12:28:52	TASTEGGIO	1	0	8000	53820	127037	232	-1	0.14	0.14	0	
20/01/2012 12:29:12	TASTEGGIO	0	1	8000	53820	127058	247	-3	0.11	0.11	0	
20/01/2012 12:29:34	TASTEGGIO	0	2	8000	53820	127066	259	-2	0.10	0.10	0	
20/01/2012 12:29:56	TASTEGGIO	0	3	8000	53820	127074	286	-6	0.04	0.04	0	
20/01/2012 12:30:07	TASTEGGIO	0	3	8000	53820	102597	286	-6	0.05	0.13	44500	
20/01/2012 12:30:32	TASTEGGIO	1	0	8000	53820	58137	232	0	0.13	0.13	0	
20/01/2012 12:30:51	TASTEGGIO	0	1	8000	53820	58137	245	-1	0.12	0.12	0	
20/01/2012 12:31:11	TASTEGGIO	0	2	8000	53820	58136	267	-1	0.11	0.11	0	
20/01/2012 12:31:33	TASTEGGIO	0	3	8000	53820	58136	297	-1	0.11	0.11	0	
20/01/2012 12:31:53	TASTEGGIO	0	4	8000	53820	58145	341	-2	0.10	0.10	0	
20/01/2012 12:32:14	TASTEGGIO	0	5	8000	53820	58155	386	-7	0.04	0.04	0	
20/01/2012 12:32:26	TASTEGGIO	0	5	8000	53820	102452	386	-7	0.05	0.10	-24500	
20/01/2012 12:32:51	TASTEGGIO	1	0	8000	53820	126918	225	0	0.09	0.09	0	
20/01/2012 12:33:11	TASTEGGIO	0	1	8000	53820	126933	233	-2	0.08	0.08	0	
20/01/2012 12:33:21	TASTEGGIO	0	1	8000	53820	102586	233	-2	0.03	0.09	-24500	
20/01/2012 12:33:45	TASTEGGIO	1	0	8000	53820	127052	222	0	0.08	0.08	0	
20/01/2012 12:33:56	TASTEGGIO	1	0	8000	53820	102596	222	0	0.04	0.08	-24500	
20/01/2012 12:35:43	TASTEGGIO	1	0	8000	53820	102705	222	0	0.18	0.22	24500	
20/01/2012 12:36:09	TASTEGGIO	1	0	8000	53820	78242	255	-4	0.18	0.18	0	
20/01/2012 12:36:29	TASTEGGIO	0	1	8000	53820	78242	269	-4	0.15	0.15	0	
20/01/2012 12:36:52	TASTEGGIO	0	2	8000	53820	78241	293	-3	0.14	0.14	0	
20/01/2012 12:37:02	TASTEGGIO	0	2	8000	53820	102568	293	-3	0.10	0.14	24500	
20/01/2012 12:37:27	TASTEGGIO	1	0	8000	53820	78112	235	-2	0.12	0.12	0	
20/01/2012 12:37:48	TASTEGGIO	0	1	8000	53820	78108	245	-1	0.12	0.12	0	
20/01/2012 12:38:09	TASTEGGIO	0	2	8000	53820	78106	269	0	0.12	0.12	0	
20/01/2012 12:38:30	TASTEGGIO	0	3	8000	53820	78105	305	-2	0.11	0.11	0	
20/01/2012 12:38:53	TASTEGGIO	0	4	8000	53820	78105	345	-9	0.01	0.01	0	
20/01/2012 12:39:03	TASTEGGIO	0	4	8000	53820	102562	345	-9	0.05	0.07	-44500	
20/01/2012 12:40:49	TASTEGGIO	0	4	8000	53820	102702	345	-9	0.20	0.20	0	
20/01/2012 12:41:12	TASTEGGIO	1	0	8000	53820	102721	250	-6	0.14	0.14	0	
20/01/2012 12:41:20	TASTEGGIO	1	0	8000	53820	102696	250	-6	0.14	0.15	-24500	
20/01/2012 12:41:45	TASTEGGIO	1	0	8000	53820	127151	237	-5	0.11	0.11	0	
20/01/2012 12:41:56	TASTEGGIO	1	0	8000	53820	102710	237	-5	0.11	0.12	44500	
20/01/2012 12:42:20	TASTEGGIO	1	0	8000	53820	58242	230	0	0.11	0.11	0	
20/01/2012 12:42:40	TASTEGGIO	0	1	8000	53820	58242	240	0	0.10	0.10	0	
20/01/2012 12:43:01	TASTEGGIO	0	2	8000	53820	58241	258	-1	0.09	0.09	0	
20/01/2012 12:43:23	TASTEGGIO	0	3	8000	53820	58240	282	-2	0.08	0.08	0	
20/01/2012 12:43:34	TASTEGGIO	0	3	8000	53820	102548	282	-2	0.07	0.10	-44500	
20/01/2012 12:43:59	TASTEGGIO	1	0	8000	53820	146979	225	-3	0.06	0.06	0	
20/01/2012 12:44:10	TASTEGGIO	1	0	8000	53820	102689	225	-3	0.05	0.07	-44500	
20/01/2012 12:45:57	TASTEGGIO	1	0	8000	53820	102795	225	-3	1.04	1.04	0	
20/01/2012 12:46:22	TASTEGGIO	1	0	8000	53820	102813	400	-17	0.86	0.86	0	
20/01/2012 12:46:46	TASTEGGIO	0	1	8000	53820	102809	400	-5	0.80	0.80	0	
20/01/2012 12:47:10	TASTEGGIO	0	2	8000	53820	102806	400	-3	0.78	0.78	0	
20/01/2012 12:47:33	TASTEGGIO	0	3	8000	53820	102806	400	-1	0.76	0.76	0	
20/01/2012 12:47:56	TASTEGGIO	0	4	8000	53820	102805	400	-1	0.74	0.74	0	
20/01/2012 12:48:19	TASTEGGIO	0	5	8000	53820	102805	400	-3	0.73	0.73	0	
20/01/2012 12:48:43	TASTEGGIO	0	6	8000	53820	102805	400	-1	0.71	0.71	0	
20/01/2012 12:49:07	TASTEGGIO	0	7	8000	53820	102805	400	-1	0.70	0.70	0	
20/01/2012 12:49:30	TASTEGGIO	0	8	8000	53820	102805	400	0	0.70	0.70	0	
20/01/2012 12:49:53	TASTEGGIO	0	9	8000	53820	102805	400	0	0.70	0.70	0	
20/01/2012 12:49:54	ALARM 401		
20/01/2012 12:50:09	TASTEGGIO	0	9	8000	53820	102772	400	0	0.70	0.72	24500	
20/01/2012 12:51:15	TASTEGGIO	0	9	8000	53820	78305	439	-33	0.40	0.40	0	
20/01/2012 12:51:29	TASTEGGIO	0	9	8000	53820	102651	439	-33	0.43	0.48	-24500	
20/01/2012 12:53:12	TASTEGGIO	0	9	8000	53820	127109	439	-55	0.13	0.13	0	
20/01/2012 12:53:30	TASTEGGIO	0	9	8000	53820	102787	439	-55	0.16	0.20	44500	
20/01/2012 12:53:55	TASTEGGIO	1	0	8000	53820	58327	250	-1	0.18	0.18	0	
20/01/2012 12:54:15	TASTEGGIO	0	1	8000	53820	58326	266	-1	0.18	0.18	0	
20/01/2012 12:54:37	TASTEGGIO	0	2	8000	53820	58326	302	-3	0.15	0.15	0	
20/01/2012 12:54:59	TASTEGGIO	0	3	8000	53820	58325	339	-6	0.11	0.11	0	
20/01/2012 12:55:10	TASTEGGIO	0	3	8000	53820	102646	339	-6	0.15	0.15	0	
20/01/2012 12:55:34	TASTEGGIO	1	0	8000	53820	102654	237	-3	0.10	0.10	0	
20/01/2012 12:55:43	TASTEGGIO	1	0	8000	53820	102660	237	-3	0.11	0.11	24500	
20/01/2012 12:56:07	TASTEGGIO	1	0	8000	53820	78209	227	-1	0.10	0.10	0	
20/01/2012 12:56:27	TASTEGGIO	0	1	8000	53820	78205	236	-1	0.10	0.10	0	
20/01/2012 12:56:47	TASTEGGIO	0	2	8000	53820	78202	256	-2	0.07	0.07	0	
20/01/2012 12:56:58	TASTEGGIO	0	2	8000	53820	102655	256	-2	0.08	0.08	0	
20/01/2012 12:58:44	TASTEGGIO	0	2	8000	53820	102697	256	-2	0.35	0.43	24500	
20/01/2012 12:59:10	TASTEGGIO	1	0	8000	53820	78234	308	-6	0.35	0.35	0	
20/01/2012 12:59:31	TASTEGGIO	0	1	8000	53820	78233	336	-5	0.30	0.30	0	
20/01/2012 12:59:55	TASTEGGIO	0	2	8000	53820	78233	387	-16	0.14	0.14	0	
20/01/2012 13:00:05	TASTEGGIO	0	2	8000	53820	102569	387	-16	0.13	0.19	44500	
20/01/2012 13:00:30	TASTEGGIO	1	0	8000	53820	58109	247	0	0.17	0.17	0	
20/01/2012 13:00:50	TASTEGGIO	0	1	8000	53820	58109	262	-1	0.18	0.18	0	
20/01/2012 13:01:11	TASTEGGIO	0	2	8000	53820	58110	300	-2	0.14	0.14	0	
20/01/2012 13:01:23	TASTEGGIO	0	2	8000	53820	102542	300	-2	0.11	0.15	44500	
20/01/2012 13:01:46	TASTEGGIO	1	0	8000	53820	58102	237	-2	0.14	0.14	0	
20/01/2012 13:01:57	TASTEGGIO	1	0	8000	53820	102529	237	-2	0.11	0.15	44500	
20/01/2012 13:02:21	TASTEGGIO	1	0	8000	53820	58087	237	-1	0.14	0.14	0	
20/01/2012 13:02:32	TASTEGGIO	1	0	8000	53820	102520	237	-1	0.11	0.14	44500	
20/01/2012 13:02:56	TASTEGGIO	1	0	8000	53820	58098	235	0	0.15	0.15	0	
20/01/2012 13:03:17	TASTEGGIO	0	1	8000	53820	58095	251	-1	0.14	0.14	0	
20/01/2012 13:03:37	TASTEGGIO	0	2	8000	53820	58089	277	2	0.15	0.15	0	
20/01/2012 13:03:57	TASTEGGIO	0	3	8000	53820	58084	325	-2	0.12	0.12	0	
20/01/2012 13:04:20	TASTEGGIO	0	4	8000	53820	58085	344	-3	0.09	0.09	0	
20/01/2012 13:04:42	TASTEGGIO	0	5	8000	53820	58160	359	-4	0.06	0.06	0	
20/01/2012 13:04:53	TASTEGGIO	0	5	8000	53820	102553	359	-4	0.06	0.06	44500	
20/01/2012 13:05:50	ALARM 17	proc 12 prog 10 step 47	LavoroTerminato
21/01/2012 09:41:23	ALARM 401		
21/01/2012 09:41:25	INIT OK
21/01/2012 09:48:16	TASTEGGIO	0	0	8000	53820	102801	0	0	0.12	0.23	24500	
21/01/2012 09:48:40	TASTEGGIO	1	0	8000	53820	78391	257	-3	0.20	0.20	0	
21/01/2012 09:49:01	TASTEGGIO	0	1	8000	53820	78387	274	-1	0.18	0.18	0	
21/01/2012 09:49:22	TASTEGGIO	0	2	8000	53820	78381	306	-4	0.14	0.14	0	
21/01/2012 09:49:32	TASTEGGIO	0	2	8000	53820	102656	306	-4	0.07	0.14	24500	
21/01/2012 09:49:56	TASTEGGIO	1	0	8000	53820	78210	235	-2	0.14	0.14	0	
21/01/2012 09:50:18	TASTEGGIO	0	1	8000	53820	78212	249	0	0.14	0.14	0	
21/01/2012 09:50:38	TASTEGGIO	0	2	8000	53820	78210	277	-1	0.14	0.14	0	
21/01/2012 09:51:01	TASTEGGIO	0	3	8000	53820	78211	319	-4	0.11	0.11	0	
21/01/2012 09:51:22	TASTEGGIO	0	4	8000	53820	78212	336	-8	0.09	0.09	0	
21/01/2012 09:51:45	TASTEGGIO	0	5	8000	53820	78285	372	-13	0.03	0.03	0	
21/01/2012 09:51:56	TASTEGGIO	0	5	8000	53820	102654	372	-13	0.13	0.13	0	
21/01/2012 09:52:20	TASTEGGIO	1	0	8000	53820	102658	232	-3	0.10	0.10	0	
21/01/2012 09:52:40	TASTEGGIO	0	1	8000	53820	102663	239	-1	0.08	0.08	0	
21/01/2012 09:52:49	TASTEGGIO	0	1	8000	53820	102668	239	-1	0.08	0.11	-44500	
21/01/2012 09:53:14	TASTEGGIO	1	0	8000	53820	147091	227	-3	0.08	0.08	0	
21/01/2012 09:53:25	TASTEGGIO	1	0	8000	53820	102792	227	-3	0.06	0.08	-44500	
21/01/2012 09:55:12	TASTEGGIO	1	0	8000	53820	102802	227	-3	0.39	0.45	24500	
21/01/2012 09:55:38	TASTEGGIO	1	0	8000	53820	78337	313	-6	0.35	0.35	0	
21/01/2012 09:56:00	TASTEGGIO	0	1	8000	53820	78335	340	-8	0.27	0.27	0	
21/01/2012 09:56:22	TASTEGGIO	0	2	8000	53820	78334	369	-10	0.19	0.19	0	
21/01/2012 09:56:46	TASTEGGIO	0	3	8000	53820	78334	392	-11	0.09	0.09	0	
21/01/2012 09:56:56	TASTEGGIO	0	3	8000	53820	102651	392	-11	0.14	0.26	-44500	
21/01/2012 09:57:21	TASTEGGIO	1	0	8000	53820	147078	265	-7	0.19	0.19	0	
21/01/2012 09:57:41	TASTEGGIO	0	1	8000	53820	147096	278	-4	0.15	0.15	0	
21/01/2012 09:58:04	TASTEGGIO	0	2	8000	53820	147107	294	-5	0.11	0.11	0	
21/01/2012 09:58:15	TASTEGGIO	0	2	8000	53820	102787	294	-5	0.11	0.24	44500	
21/01/2012 09:58:40	TASTEGGIO	1	0	8000	53820	58328	260	0	0.24	0.24	0	
21/01/2012 09:59:02	TASTEGGIO	0	1	8000	53820	58335	284	0	0.22	0.22	0	
21/01/2012 09:59:23	TASTEGGIO	0	2	8000	53820	58339	324	-4	0.18	0.18	0	
21/01/2012 09:59:44	TASTEGGIO	0	3	8000	53820	58344	368	-11	0.10	0.10	0	
21/01/2012 09:59:55	TASTEGGIO	0	3	8000	53820	102649	368	-11	0.11	0.17	-44500	
21/01/2012 10:00:21	TASTEGGIO	1	0	8000	53820	147074	242	-1	0.16	0.16	0	
21/01/2012 10:00:41	TASTEGGIO	0	1	8000	53820	147091	257	0	0.16	0.16	0	
21/01/2012 10:01:03	TASTEGGIO	0	2	8000	53820	147105	289	-2	0.14	0.14	0	
21/01/2012 10:01:14	TASTEGGIO	0	2	8000	53820	102795	289	-2	0.11	0.16	-24500	
21/01/2012 10:01:39	TASTEGGIO	1	0	8000	53820	127244	240	-4	0.13	0.13	0	
21/01/2012 10:01:50	TASTEGGIO	1	0	8000	53820	102791	240	-4	0.09	0.14	-24500	
21/01/2012 10:02:15	TASTEGGIO	1	0	8000	53820	127246	235	-1	0.12	0.12	0	
21/01/2012 10:02:35	TASTEGGIO	0	1	8000	53820	127265	245	-1	0.11	0.11	0	
21/01/2012 10:02:57	TASTEGGIO	0	2	8000	53820	127275	265	-3	0.09	0.09	0	
21/01/2012 10:03:19	TASTEGGIO	0	3	8000	53820	127283	287	-5	0.06	0.06	0	
21/01/2012 10:03:29	TASTEGGIO	0	3	8000	53820	102802	287	-5	0.05	0.14	44500	
21/01/2012 10:03:53	TASTEGGIO	1	0	8000	53820	58343	235	0	0.13	0.13	0	
21/01/2012 10:04:13	TASTEGGIO	0	1	8000	53820	58350	247	0	0.12	0.12	0	
21/01/2012 10:04:34	TASTEGGIO	0	2	8000	53820	58356	269	-1	0.12	0.12	0	
21/01/2012 10:04:56	TASTEGGIO	0	3	8000	53820	58360	305	0	0.12	0.12	0	
21/01/2012 10:05:18	TASTEGGIO	0	4	8000	53820	58361	353	-5	0.08	0.08	0	
21/01/2012 10:05:29	TASTEGGIO	0	4	8000	53820	102643	353	-5	0.06	0.10	-44500	
21/01/2012 10:05:54	TASTEGGIO	1	0	8000	53820	147075	225	0	0.10	0.10	0	
21/01/2012 10:06:14	TASTEGGIO	0	1	8000	53820	147092	235	0	0.09	0.09	0	
21/01/2012 10:06:34	TASTEGGIO	0	2	8000	53820	147106	251	0	0.10	0.10	0	
21/01/2012 10:06:55	TASTEGGIO	0	3	8000	53820	147113	284	-1	0.09	0.09	0	
21/01/2012 10:07:16	TASTEGGIO	0	4	8000	53820	147117	316	-4	0.05	0.05	0	
21/01/2012 10:07:26	TASTEGGIO	0	4	8000	53820	102789	316	-4	0.06	0.12	44500	
21/01/2012 10:07:50	TASTEGGIO	1	0	8000	53820	58333	230	-2	0.11	0.11	0	
21/01/2012 10:08:09	TASTEGGIO	0	1	8000	53820	58338	240	0	0.10	0.10	0	
21/01/2012 10:08:29	TASTEGGIO	0	2	8000	53820	58341	258	-1	0.11	0.11	0	
21/01/2012 10:08:50	TASTEGGIO	0	3	8000	53820	58345	294	0	0.10	0.10	0	
21/01/2012 10:09:10	TASTEGGIO	0	4	8000	53820	58349	330	0	0.10	0.10	0	
21/01/2012 10:09:31	TASTEGGIO	0	5	8000	53820	58352	380	-5	0.06	0.06	0	
21/01/2012 10:09:43	TASTEGGIO	0	5	8000	53820	102644	380	-5	0.07	0.08	-24500	
21/01/2012 10:11:31	TASTEGGIO	0	5	8000	53820	102800	380	-5	0.63	1.07	44500	
21/01/2012 10:11:57	TASTEGGIO	1	0	8000	53820	58340	400	-9	0.96	0.96	0	
21/01/2012 10:12:18	TASTEGGIO	0	1	8000	53820	58348	400	-2	0.95	0.95	0	
21/01/2012 10:12:41	TASTEGGIO	0	2	8000	53820	58356	400	-2	0.94	0.94	0	
21/01/2012 10:13:03	TASTEGGIO	0	3	8000	53820	58358	400	-1	0.94	0.94	0	
21/01/2012 10:13:26	TASTEGGIO	0	4	8000	53820	58360	400	0	0.94	0.94	0	
21/01/2012 10:13:47	TASTEGGIO	0	5	8000	53820	58458	400	0	0.94	0.94	0	
21/01/2012 10:14:10	TASTEGGIO	0	6	8000	53820	58458	400	0	0.94	0.94	0	
21/01/2012 10:14:33	TASTEGGIO	0	7	8000	53820	58458	400	0	0.92	0.92	0	
21/01/2012 10:14:54	TASTEGGIO	0	8	8000	53820	58458	400	-1	0.94	0.94	0	
21/01/2012 10:15:17	TASTEGGIO	0	9	8000	53820	58458	400	0	0.93	0.93	0	
21/01/2012 10:15:40	TASTEGGIO	0	10	8000	53820	58458	400	0	0.93	0.93	0	
21/01/2012 10:16:02	TASTEGGIO	0	11	8000	53820	58458	400	0	0.93	0.93	0	
21/01/2012 10:16:25	TASTEGGIO	0	12	8000	53820	58458	400	0	0.93	0.93	0	
21/01/2012 10:16:26	ALARM 401		
21/01/2012 10:16:29	ALARM 205		err.5005
21/01/2012 10:16:41	TASTEGGIO	0	12	8000	53820	58458	400	0	0.93	0.93	0	
21/01/2012 10:17:05	TASTEGGIO	1	0	8000	53820	58458	434	-4	0.90	0.90	0	
21/01/2012 10:17:29	TASTEGGIO	0	1	8000	53820	58458	480	-14	0.76	0.76	0	
21/01/2012 10:17:51	TASTEGGIO	0	2	8000	53820	58458	480	-8	0.71	0.71	0	
21/01/2012 10:18:14	TASTEGGIO	0	3	8000	53820	58458	480	-3	0.67	0.67	0	
21/01/2012 10:18:38	TASTEGGIO	0	4	8000	53820	58458	520	-17	0.52	0.52	0	
21/01/2012 10:19:00	TASTEGGIO	0	5	8000	53820	58458	520	-15	0.36	0.36	0	
21/01/2012 10:19:24	TASTEGGIO	0	6	8000	53820	58458	520	-20	0.25	0.25	0	
21/01/2012 10:19:47	TASTEGGIO	0	7	8000	53820	58458	520	-24	0.05	0.05	0	
21/01/2012 10:19:51	TASTEGGIO	0	7	8000	53820	58458	520	-24	0.05	0.05	0	
21/01/2012 10:20:06	TASTEGGIO	0	7	8000	53820	102648	520	-24	0.22	0.42	-44500	
21/01/2012 10:20:32	TASTEGGIO	1	0	8000	53820	147067	305	-12	0.29	0.29	0	
21/01/2012 10:20:53	TASTEGGIO	0	1	8000	53820	147088	325	-8	0.20	0.20	0	
21/01/2012 10:21:16	TASTEGGIO	0	2	8000	53820	147104	344	-7	0.15	0.15	0	
21/01/2012 10:21:37	TASTEGGIO	0	3	8000	53820	147114	363	-10	0.05	0.05	0	
21/01/2012 10:21:48	TASTEGGIO	0	3	8000	53820	102799	363	-10	0.30	0.34	24500	
21/01/2012 10:22:14	TASTEGGIO	1	0	8000	53820	78331	285	-3	0.31	0.31	0	
21/01/2012 10:22:36	TASTEGGIO	0	1	8000	53820	78330	313	-6	0.26	0.26	0	
21/01/2012 10:22:58	TASTEGGIO	0	2	8000	53820	78331	356	-12	0.14	0.14	0	
21/01/2012 10:23:08	TASTEGGIO	0	2	8000	53820	102653	356	-12	0.13	0.19	44500	
21/01/2012 10:23:33	TASTEGGIO	1	0	8000	53820	58199	247	-1	0.18	0.18	0	
21/01/2012 10:23:54	TASTEGGIO	0	1	8000	53820	58197	264	0	0.17	0.17	0	
21/01/2012 10:24:15	TASTEGGIO	0	2	8000	53820	58195	296	-1	0.16	0.16	0	
21/01/2012 10:24:35	TASTEGGIO	0	3	8000	53820	58193	341	0	0.17	0.17	0	
21/01/2012 10:24:58	TASTEGGIO	0	4	8000	53820	58194	400	-10	0.13	0.13	0	
21/01/2012 10:25:09	TASTEGGIO	0	4	8000	53820	102641	400	-10	0.22	0.25	24500	
21/01/2012 10:25:34	TASTEGGIO	1	0	8000	53820	78193	263	-1	0.24	0.24	0	
21/01/2012 10:25:55	TASTEGGIO	0	1	8000	53820	78190	286	0	0.23	0.23	0	
21/01/2012 10:26:18	TASTEGGIO	0	2	8000	53820	78186	330	-1	0.23	0.23	0	
21/01/2012 10:26:41	TASTEGGIO	0	3	8000	53820	78181	399	-16	0.12	0.12	0	
21/01/2012 10:26:51	TASTEGGIO	0	3	8000	53820	102645	399	-16	0.13	0.18	-44500	
21/01/2012 10:27:17	TASTEGGIO	1	0	8000	53820	147075	245	-2	0.17	0.17	0	
21/01/2012 10:27:37	TASTEGGIO	0	1	8000	53820	147094	261	0	0.16	0.16	0	
21/01/2012 10:27:59	TASTEGGIO	0	2	8000	53820	147107	291	0	0.16	0.16	0	
21/01/2012 10:28:21	TASTEGGIO	0	3	8000	53820	147113	339	-1	0.15	0.15	0	
21/01/2012 10:28:44	TASTEGGIO	0	4	8000	53820	147117	395	-9	0.06	0.06	0	
21/01/2012 10:28:55	TASTEGGIO	0	4	8000	53820	102796	395	-9	0.16	0.16	0	
21/01/2012 10:29:19	TASTEGGIO	1	0	8000	53820	102816	240	-2	0.13	0.13	0	
21/01/2012 10:29:27	TASTEGGIO	1	0	8000	53820	102795	240	-2	0.12	0.12	0	
21/01/2012 10:29:49	TASTEGGIO	1	0	8000	53820	102816	230	-2	0.12	0.12	0	
21/01/2012 10:30:11	TASTEGGIO	0	1	8000	53820	102816	242	0	0.11	0.11	0	
21/01/2012 10:30:32	TASTEGGIO	0	2	8000	53820	102816	262	-1	0.09	0.09	0	
21/01/2012 10:30:55	TASTEGGIO	0	3	8000	53820	102814	284	-4	0.05	0.05	0	
21/01/2012 10:31:03	TASTEGGIO	0	3	8000	53820	102792	284	-4	0.06	0.15	44500	
21/01/2012 10:31:27	TASTEGGIO	1	0	8000	53820	58332	237	0	0.13	0.13	0	
21/01/2012 10:31:38	TASTEGGIO	1	0	8000	53820	102634	237	0	0.07	0.15	44500	
21/01/2012 10:32:02	TASTEGGIO	1	0	8000	53820	58191	237	0	0.14	0.14	0	
21/01/2012 10:32:13	TASTEGGIO	1	0	8000	53820	102619	237	0	0.07	0.15	44500	
21/01/2012 10:32:37	TASTEGGIO	1	0	8000	53820	58188	237	0	0.14	0.14	0	
21/01/2012 10:32:48	TASTEGGIO	1	0	8000	53820	102616	237	0	0.07	0.14	44500	
21/01/2012 10:33:12	TASTEGGIO	1	0	8000	53820	58196	235	-1	0.14	0.14	0	
21/01/2012 10:33:32	TASTEGGIO	0	1	8000	53820	58190	249	0	0.14	0.14	0	
21/01/2012 10:33:51	TASTEGGIO	0	2	8000	53820	58184	277	0	0.13	0.13	0	
21/01/2012 10:34:13	TASTEGGIO	0	3	8000	53820	58178	313	-1	0.13	0.13	0	
21/01/2012 10:34:33	TASTEGGIO	0	4	8000	53820	58175	365	0	0.12	0.12	0	
21/01/2012 10:34:55	TASTEGGIO	0	5	8000	53820	58172	400	-2	0.11	0.11	0	
21/01/2012 10:35:16	TASTEGGIO	0	6	8000	53820	58172	400	0	0.10	0.10	0	
21/01/2012 10:35:37	TASTEGGIO	0	7	8000	53820	58171	400	0	0.10	0.10	0	
21/01/2012 10:35:59	TASTEGGIO	0	8	8000	53820	58172	400	-2	0.09	0.09	0	
21/01/2012 10:36:10	TASTEGGIO	0	8	8000	53820	102614	400	-2	0.13	0.15	24500	
21/01/2012 10:36:35	TASTEGGIO	1	0	8000	53820	78195	237	2	0.14	0.14	0	
21/01/2012 10:36:45	TASTEGGIO	1	0	8000	53820	102615	237	2	0.12	0.12	24500	
21/01/2012 10:37:08	TASTEGGIO	1	0	8000	53820	78197	230	0	0.14	0.14	0	
21/01/2012 10:37:27	TASTEGGIO	0	1	8000	53820	78190	246	0	0.14	0.14	0	
21/01/2012 10:37:48	TASTEGGIO	0	2	8000	53820	78184	274	-1	0.13	0.13	0	
21/01/2012 10:38:09	TASTEGGIO	0	3	8000	53820	78179	310	-1	0.12	0.12	0	
21/01/2012 10:38:31	TASTEGGIO	0	4	8000	53820	78175	354	-2	0.12	0.12	0	
21/01/2012 10:38:52	TASTEGGIO	0	5	8000	53820	78151	400	-12	0.02	0.02	0	
21/01/2012 10:39:03	TASTEGGIO	0	5	8000	53820	102614	400	-12	0.03	0.18	44500	
21/01/2012 10:39:27	TASTEGGIO	1	0	8000	53820	58188	245	-2	0.16	0.16	0	
21/01/2012 10:39:47	TASTEGGIO	0	1	8000	53820	58181	259	-1	0.16	0.16	0	
21/01/2012 10:40:06	TASTEGGIO	0	2	8000	53820	58177	291	-1	0.16	0.16	0	
21/01/2012 10:40:25	TASTEGGIO	0	3	8000	53820	58173	339	0	0.16	0.16	0	
21/01/2012 10:40:47	TASTEGGIO	0	4	8000	53820	58170	400	-2	0.14	0.14	0	
21/01/2012 10:40:58	TASTEGGIO	0	4	8000	53820	102618	400	-2	0.04	0.15	44500	
21/01/2012 10:40:59	ALARM 401		
21/01/2012 10:41:17	TASTEGGIO	0	4	8000	53820	102619	400	-2	0.00	0.00	0	
21/01/2012 10:41:39	TASTEGGIO	0	4	8000	53820	102619	400	-2	0.01	0.01	0	
21/01/2012 10:41:52	TASTEGGIO	0	4	8000	53820	102619	400	-2	0.04	0.04	0	
21/01/2012 10:42:11	TASTEGGIO	0	4	8000	53820	102619	400	-2	0.03	0.03	0	
21/01/2012 10:42:30	TASTEGGIO	0	4	8000	53820	102619	400	-2	0.04	0.04	0	
21/01/2012 10:43:08	TASTEGGIO	0	4	8000	53820	102626	400	-2	0.03	0.15	44500	
21/01/2012 10:43:25	TASTEGGIO	0	4	8000	53820	58208	400	-2	0.15	0.15	0	
21/01/2012 10:43:48	TASTEGGIO	1	0	8000	53820	58193	237	0	0.15	0.15	0	
21/01/2012 10:44:08	TASTEGGIO	0	1	8000	53820	58189	252	0	0.15	0.15	0	
21/01/2012 10:44:30	TASTEGGIO	0	2	8000	53820	58190	282	-1	0.14	0.14	0	
21/01/2012 10:44:34	TASTEGGIO	0	2	8000	53820	58190	282	-1	0.14	0.14	0	
21/01/2012 10:44:55	TASTEGGIO	1	0	8000	53820	58190	235	-1	0.14	0.14	0	
21/01/2012 10:45:15	TASTEGGIO	0	1	8000	53820	58186	249	0	0.14	0.14	0	
21/01/2012 10:45:36	TASTEGGIO	0	2	8000	53820	58186	277	0	0.14	0.14	0	
21/01/2012 10:45:58	TASTEGGIO	0	3	8000	53820	58186	319	-1	0.13	0.13	0	
21/01/2012 10:46:19	TASTEGGIO	0	4	8000	53820	58186	367	-1	0.13	0.13	0	
21/01/2012 10:46:42	TASTEGGIO	0	5	8000	53820	58186	432	-5	0.09	0.09	0	
21/01/2012 10:50:35	TASTEGGIO	0	5	8000	53820	102629	432	-5	0.09	0.11	44500	
21/01/2012 10:51:00	TASTEGGIO	1	0	8000	53820	58192	227	0	0.10	0.10	0	
21/01/2012 10:51:18	TASTEGGIO	0	1	8000	53820	58186	236	-2	0.10	0.10	0	
21/01/2012 10:51:39	TASTEGGIO	0	2	8000	53820	58184	256	-1	0.10	0.10	0	
21/01/2012 10:51:59	TASTEGGIO	0	3	8000	53820	58179	286	0	0.10	0.10	0	
21/01/2012 10:52:21	TASTEGGIO	0	4	8000	53820	58185	326	0	0.11	0.11	0	
21/01/2012 10:52:42	TASTEGGIO	0	5	8000	53820	58187	386	-6	0.10	0.10	0	
21/01/2012 10:52:53	TASTEGGIO	0	5	8000	53820	102631	386	-6	0.08	0.12	-44500	
21/01/2012 10:54:40	TASTEGGIO	0	5	8000	53820	102798	386	-6	0.36	0.44	-24500	
21/01/2012 10:55:06	TASTEGGIO	1	0	8000	53820	127241	310	-11	0.33	0.33	0	
21/01/2012 10:55:28	TASTEGGIO	0	1	8000	53820	127262	334	-7	0.26	0.26	0	
21/01/2012 10:55:51	TASTEGGIO	0	2	8000	53820	127275	362	-12	0.16	0.16	0	
21/01/2012 10:56:14	TASTEGGIO	0	3	8000	53820	127283	379	-17	0.05	0.05	0	
21/01/2012 10:56:24	TASTEGGIO	0	3	8000	53820	102807	379	-17	0.03	0.13	44500	
21/01/2012 10:56:49	TASTEGGIO	1	0	8000	53820	58346	232	-1	0.11	0.11	0	
21/01/2012 10:57:08	TASTEGGIO	0	1	8000	53820	58345	241	0	0.11	0.11	0	
21/01/2012 10:57:30	TASTEGGIO	0	2	8000	53820	58345	263	0	0.10	0.10	0	
21/01/2012 10:57:51	TASTEGGIO	0	3	8000	53820	58344	290	-2	0.09	0.09	0	
21/01/2012 10:58:12	TASTEGGIO	0	4	8000	53820	58344	322	-6	0.04	0.04	0	
21/01/2012 10:58:23	TASTEGGIO	0	4	8000	53820	102653	322	-6	0.04	0.15	-44500	
21/01/2012 10:58:49	TASTEGGIO	1	0	8000	53820	147072	237	-3	0.12	0.12	0	
21/01/2012 10:59:00	TASTEGGIO	1	0	8000	53820	102789	237	-3	0.02	0.12	-44500	
21/01/2012 10:59:25	TASTEGGIO	1	0	8000	53820	147204	230	-1	0.11	0.11	0	
21/01/2012 10:59:46	TASTEGGIO	0	1	8000	53820	147224	240	0	0.11	0.11	0	
21/01/2012 11:00:07	TASTEGGIO	0	2	8000	53820	147239	262	-2	0.09	0.09	0	
21/01/2012 11:00:28	TASTEGGIO	0	3	8000	53820	147251	284	-3	0.06	0.06	0	
21/01/2012 11:00:39	TASTEGGIO	0	3	8000	53820	102792	284	-3	0.03	0.09	44500	
21/01/2012 11:01:03	TASTEGGIO	1	0	8000	53820	58333	222	-1	0.08	0.08	0	
21/01/2012 11:01:14	TASTEGGIO	1	0	8000	53820	102644	222	-1	0.03	0.08	44500	
21/01/2012 11:03:00	TASTEGGIO	1	0	8000	53820	102798	222	-1	0.20	0.30	24500	
21/01/2012 11:03:25	TASTEGGIO	1	0	8000	53820	78332	275	-6	0.25	0.25	0	
21/01/2012 11:03:46	TASTEGGIO	0	1	8000	53820	78329	295	-6	0.21	0.21	0	
21/01/2012 11:04:08	TASTEGGIO	0	2	8000	53820	78328	330	-7	0.15	0.15	0	
21/01/2012 11:04:30	TASTEGGIO	0	3	8000	53820	78328	348	-8	0.08	0.08	0	
21/01/2012 11:04:41	TASTEGGIO	0	3	8000	53820	102654	348	-8	0.07	0.12	-44500	
21/01/2012 11:05:06	TASTEGGIO	1	0	8000	53820	147073	230	-5	0.09	0.09	0	
21/01/2012 11:05:27	TASTEGGIO	0	1	8000	53820	147092	236	-2	0.07	0.07	0	
21/01/2012 11:05:38	TASTEGGIO	0	1	8000	53820	102785	236	-2	0.06	0.13	24500	
21/01/2012 11:06:03	TASTEGGIO	1	0	8000	53820	78322	232	-1	0.11	0.11	0	
21/01/2012 11:06:23	TASTEGGIO	0	1	8000	53820	78319	241	-1	0.11	0.11	0	
21/01/2012 11:06:45	TASTEGGIO	0	2	8000	53820	78318	263	-1	0.11	0.11	0	
21/01/2012 11:07:07	TASTEGGIO	0	3	8000	53820	78317	296	0	0.11	0.11	0	
21/01/2012 11:07:30	TASTEGGIO	0	4	8000	53820	78317	340	-1	0.09	0.09	0	
21/01/2012 11:07:52	TASTEGGIO	0	5	8000	53820	78371	376	-14	0.08	0.08	0	
21/01/2012 11:08:03	TASTEGGIO	0	5	8000	53820	102650	376	-14	0.08	0.14	-44500	
21/01/2012 11:08:28	TASTEGGIO	1	0	8000	53820	147069	235	-2	0.13	0.13	0	
21/01/2012 11:08:49	TASTEGGIO	0	1	8000	53820	147086	247	-2	0.11	0.11	0	
21/01/2012 11:09:09	TASTEGGIO	0	2	8000	53820	147097	265	-3	0.08	0.08	0	
21/01/2012 11:09:20	TASTEGGIO	0	2	8000	53820	102780	265	-3	0.02	0.08	-44500	
21/01/2012 11:11:07	TASTEGGIO	0	2	8000	53820	102796	265	-3	0.72	0.72	0	
21/01/2012 11:11:32	TASTEGGIO	1	0	8000	53820	102812	381	-32	0.41	0.41	0	
21/01/2012 11:11:55	TASTEGGIO	0	1	8000	53820	102810	400	-26	0.15	0.15	0	
21/01/2012 11:12:17	TASTEGGIO	0	0	8000	53820	102812	237	0	0.16	0.16	0	
21/01/2012 11:12:40	TASTEGGIO	0	1	8000	53820	102812	254	0	0.15	0.15	0	
21/01/2012 11:13:02	TASTEGGIO	0	2	8000	53820	102810	282	0	0.15	0.15	0	
21/01/2012 11:13:23	TASTEGGIO	0	3	8000	53820	102813	327	0	0.13	0.13	0	
21/01/2012 11:13:31	TASTEGGIO	0	3	8000	53820	102778	327	0	0.14	0.19	24500	
21/01/2012 11:13:56	TASTEGGIO	1	0	8000	53820	78310	247	-4	0.14	0.14	0	
21/01/2012 11:14:06	TASTEGGIO	1	0	8000	53820	102656	247	-4	0.13	0.17	24500	
21/01/2012 11:14:31	TASTEGGIO	1	0	8000	53820	78200	242	-1	0.15	0.15	0	
21/01/2012 11:14:51	TASTEGGIO	0	1	8000	53820	78198	255	-2	0.13	0.13	0	
21/01/2012 11:15:01	TASTEGGIO	0	1	8000	53820	102635	255	-2	0.10	0.14	-24500	
21/01/2012 11:15:26	TASTEGGIO	1	0	8000	53820	127099	235	-5	0.10	0.10	0	
21/01/2012 11:15:48	TASTEGGIO	0	1	8000	53820	127108	242	-2	0.09	0.09	0	
21/01/2012 11:16:09	TASTEGGIO	0	2	8000	53820	127113	258	-4	0.05	0.05	0	
21/01/2012 11:16:19	TASTEGGIO	0	2	8000	53820	102791	258	-4	0.07	0.13	24500	
21/01/2012 11:16:44	TASTEGGIO	1	0	8000	53820	78322	232	-1	0.11	0.11	0	
21/01/2012 11:17:04	TASTEGGIO	0	1	8000	53820	78322	241	0	0.11	0.11	0	
21/01/2012 11:17:25	TASTEGGIO	0	2	8000	53820	78322	263	-1	0.10	0.10	0	
21/01/2012 11:17:47	TASTEGGIO	0	3	8000	53820	78321	290	-5	0.06	0.06	0	
21/01/2012 11:17:58	TASTEGGIO	0	3	8000	53820	102657	290	-5	0.02	0.08	44500	
21/01/2012 11:19:45	TASTEGGIO	0	3	8000	53820	102795	290	-5	0.85	0.90	-24500	
21/01/2012 11:20:12	TASTEGGIO	1	0	8000	53820	127241	400	-34	0.58	0.58	0	
21/01/2012 11:20:35	TASTEGGIO	0	1	8000	53820	127262	400	-17	0.41	0.41	0	
21/01/2012 11:20:57	TASTEGGIO	0	2	8000	53820	127274	400	-11	0.30	0.30	0	
21/01/2012 11:21:21	TASTEGGIO	0	3	8000	53820	127284	400	-7	0.23	0.23	0	
21/01/2012 11:21:44	TASTEGGIO	0	4	8000	53820	127290	400	-7	0.16	0.16	0	
21/01/2012 11:22:08	TASTEGGIO	0	5	8000	53820	127290	400	-4	0.12	0.12	0	
21/01/2012 11:22:18	TASTEGGIO	0	5	8000	53820	102806	400	-4	0.20	0.25	24500	
21/01/2012 11:22:43	TASTEGGIO	1	0	8000	53820	78338	263	-5	0.20	0.20	0	
21/01/2012 11:23:04	TASTEGGIO	0	1	8000	53820	78336	278	-3	0.19	0.19	0	
21/01/2012 11:23:25	TASTEGGIO	0	2	8000	53820	78335	314	-8	0.11	0.11	0	
21/01/2012 11:23:35	TASTEGGIO	0	2	8000	53820	102659	314	-8	0.09	0.13	44500	
21/01/2012 11:23:59	TASTEGGIO	1	0	8000	53820	58196	232	-2	0.13	0.13	0	
21/01/2012 11:24:18	TASTEGGIO	0	1	8000	53820	58195	245	-2	0.11	0.11	0	
21/01/2012 11:24:37	TASTEGGIO	0	2	8000	53820	58195	263	-1	0.10	0.10	0	
21/01/2012 11:24:59	TASTEGGIO	0	3	8000	53820	58194	290	-3	0.06	0.06	0	
21/01/2012 11:25:10	TASTEGGIO	0	3	8000	53820	102639	290	-3	0.04	0.09	-44500	
21/01/2012 11:25:35	TASTEGGIO	1	0	8000	53820	147062	222	-3	0.08	0.08	0	
21/01/2012 11:25:46	TASTEGGIO	1	0	8000	53820	102787	222	-3	0.04	0.07	-44500	
21/01/2012 11:26:42	ALARM 17	proc 12 prog 10 step 47	LavoroTerminato
24/01/2012 09:33:00	ALARM 401		
24/01/2012 09:33:02	INIT OK
24/01/2012 09:37:02	TASTEGGIO	0	0	7700	52644	90562	0	0	0.05	0.08	44500	
24/01/2012 09:37:27	TASTEGGIO	1	0	7700	52644	46138	265	-6	0.08	0.08	0	
24/01/2012 09:37:47	TASTEGGIO	0	1	7700	52644	46130	273	-1	0.09	0.09	0	
24/01/2012 09:38:08	TASTEGGIO	0	2	7700	52644	46123	293	-1	0.07	0.07	0	
24/01/2012 09:38:29	TASTEGGIO	0	3	7700	52644	46118	302	-1	0.07	0.07	0	
24/01/2012 09:38:50	TASTEGGIO	0	4	7700	52644	46113	330	0	0.06	0.06	0	
24/01/2012 09:39:12	TASTEGGIO	0	5	7700	52644	46211	355	-3	0.05	0.05	0	
24/01/2012 09:39:23	TASTEGGIO	0	5	7700	52644	90515	355	-3	0.04	0.05	44500	
24/01/2012 09:41:10	TASTEGGIO	0	5	7700	52644	90709	355	-3	0.06	0.06	0	
24/01/2012 09:41:33	TASTEGGIO	1	0	7700	52644	90724	262	-1	0.04	0.04	0	
24/01/2012 09:41:41	TASTEGGIO	1	0	7700	52644	90698	262	-1	0.04	0.04	0	
24/01/2012 09:43:28	TASTEGGIO	1	0	7700	52644	90712	262	-1	0.07	0.07	0	
24/01/2012 09:43:52	TASTEGGIO	1	0	7700	52644	90732	263	-3	0.05	0.05	0	
24/01/2012 09:44:13	TASTEGGIO	0	1	7700	52644	90732	266	-1	0.04	0.04	0	
24/01/2012 09:44:21	TASTEGGIO	0	1	7700	52644	90704	266	-1	0.04	0.04	0	
24/01/2012 09:46:08	TASTEGGIO	0	1	7700	52644	91042	266	-1	0.08	0.08	0	
24/01/2012 09:46:31	TASTEGGIO	1	0	7700	52644	91038	265	0	0.07	0.07	0	
24/01/2012 09:46:53	TASTEGGIO	0	1	7700	52644	91039	271	0	0.06	0.06	0	
24/01/2012 09:47:14	TASTEGGIO	0	2	7700	52644	91040	281	-2	0.04	0.04	0	
24/01/2012 09:47:23	TASTEGGIO	0	2	7700	52644	91045	281	-2	0.04	0.05	-24500	
24/01/2012 09:47:47	TASTEGGIO	1	0	7700	52644	115490	261	-2	0.05	0.05	0	
24/01/2012 09:48:07	TASTEGGIO	0	1	7700	52644	115506	266	-2	0.03	0.03	0	
24/01/2012 09:48:17	TASTEGGIO	0	1	7700	52644	91211	266	-2	0.03	0.04	-24500	
24/01/2012 09:50:03	TASTEGGIO	0	1	7700	52644	90803	266	-2	0.06	0.06	0	
24/01/2012 09:50:27	TASTEGGIO	1	0	7700	52644	90824	262	-2	0.06	0.06	0	
24/01/2012 09:50:47	TASTEGGIO	0	1	7700	52644	90825	268	0	0.05	0.05	0	
24/01/2012 09:51:09	TASTEGGIO	0	2	7700	52644	90828	276	0	0.05	0.05	0	
24/01/2012 09:51:31	TASTEGGIO	0	3	7700	52644	90828	291	-1	0.05	0.05	0	
24/01/2012 09:51:53	TASTEGGIO	0	4	7700	52644	90828	311	0	0.05	0.05	0	
24/01/2012 09:52:16	TASTEGGIO	0	5	7700	52644	90834	336	-1	0.04	0.04	0	
24/01/2012 09:52:24	TASTEGGIO	0	5	7700	52644	90796	336	-1	0.05	0.05	24500	
24/01/2012 09:52:48	TASTEGGIO	1	0	7700	52644	66330	261	-1	0.05	0.05	0	
24/01/2012 09:53:08	TASTEGGIO	0	1	7700	52644	66330	266	0	0.04	0.04	0	
24/01/2012 09:53:18	TASTEGGIO	0	1	7700	52644	90631	266	0	0.05	0.06	-24500	
24/01/2012 09:53:43	TASTEGGIO	1	0	7700	52644	115100	262	-1	0.04	0.04	0	
24/01/2012 09:53:53	TASTEGGIO	1	0	7700	52644	90800	262	-1	0.06	0.06	0	
24/01/2012 09:54:17	TASTEGGIO	1	0	7700	52644	90822	262	-1	0.04	0.04	0	
24/01/2012 09:54:25	TASTEGGIO	1	0	7700	52644	90799	262	-1	0.04	0.05	-24500	
24/01/2012 09:54:49	TASTEGGIO	1	0	7700	52644	115256	261	0	0.05	0.05	0	
24/01/2012 09:55:11	TASTEGGIO	0	1	7700	52644	115269	266	0	0.05	0.05	0	
24/01/2012 09:55:31	TASTEGGIO	0	2	7700	52644	115276	276	0	0.04	0.04	0	
24/01/2012 09:55:42	TASTEGGIO	0	2	7700	52644	90810	276	0	0.04	0.04	-24500	
24/01/2012 09:57:29	TASTEGGIO	0	2	7700	52644	90707	276	0	0.04	0.07	24500	
24/01/2012 09:57:54	TASTEGGIO	1	0	7700	52644	66242	263	-2	0.06	0.06	0	
24/01/2012 09:58:14	TASTEGGIO	0	1	7700	52644	66241	268	0	0.05	0.05	0	
24/01/2012 09:58:35	TASTEGGIO	0	2	7700	52644	66241	276	0	0.06	0.06	0	
24/01/2012 09:58:57	TASTEGGIO	0	3	7700	52644	66241	297	-1	0.05	0.05	0	
24/01/2012 09:59:17	TASTEGGIO	0	4	7700	52644	66241	313	-2	0.04	0.04	0	
24/01/2012 09:59:27	TASTEGGIO	0	4	7700	52644	90521	313	-2	0.02	0.05	-44500	
24/01/2012 09:59:52	TASTEGGIO	1	0	7700	52644	134969	261	-2	0.05	0.05	0	
24/01/2012 10:00:13	TASTEGGIO	0	1	7700	52644	134983	266	0	0.05	0.05	0	
24/01/2012 10:00:33	TASTEGGIO	0	2	7700	52644	134991	276	-1	0.03	0.03	0	
24/01/2012 10:00:44	TASTEGGIO	0	2	7700	52644	90697	276	-1	0.02	0.03	-44500	
24/01/2012 10:02:31	TASTEGGIO	0	2	7700	52644	90707	276	-1	0.04	0.06	-24500	
24/01/2012 10:02:56	TASTEGGIO	1	0	7700	52644	115156	262	-4	0.03	0.03	0	
24/01/2012 10:03:07	TASTEGGIO	1	0	7700	52644	90720	262	-4	0.02	0.05	-44500	
24/01/2012 10:03:32	TASTEGGIO	1	0	7700	52644	135155	261	0	0.04	0.04	0	
24/01/2012 10:03:43	TASTEGGIO	1	0	7700	52644	90718	261	0	0.02	0.04	44500	
24/01/2012 10:05:30	TASTEGGIO	1	0	7700	52644	90805	261	0	0.10	0.10	0	
24/01/2012 10:05:54	TASTEGGIO	1	0	7700	52644	90831	267	-1	0.08	0.08	0	
24/01/2012 10:06:14	TASTEGGIO	0	1	7700	52644	90832	273	-1	0.08	0.08	0	
24/01/2012 10:06:35	TASTEGGIO	0	2	7700	52644	90834	289	-1	0.07	0.07	0	
24/01/2012 10:06:58	TASTEGGIO	0	3	7700	52644	90833	307	-2	0.06	0.06	0	
24/01/2012 10:07:19	TASTEGGIO	0	4	7700	52644	90833	327	-2	0.04	0.04	0	
24/01/2012 10:07:28	TASTEGGIO	0	4	7700	52644	90803	327	-2	0.04	0.04	24500	
24/01/2012 10:09:15	TASTEGGIO	0	4	7700	52644	90807	327	-2	0.04	0.05	44500	
24/01/2012 10:09:40	TASTEGGIO	1	0	7700	52644	46337	261	-1	0.05	0.05	0	
24/01/2012 10:09:59	TASTEGGIO	0	1	7700	52644	46337	266	0	0.04	0.04	0	
24/01/2012 10:10:10	TASTEGGIO	0	1	7700	52644	90630	266	0	0.05	0.05	0	
24/01/2012 10:10:33	TASTEGGIO	1	0	7700	52644	90631	261	-8	0.03	0.03	0	
24/01/2012 10:10:41	TASTEGGIO	1	0	7700	52644	90635	261	-8	0.02	0.06	-44500	
24/01/2012 10:11:07	TASTEGGIO	1	0	7700	52644	135082	262	-1	0.06	0.06	0	
24/01/2012 10:11:28	TASTEGGIO	0	1	7700	52644	135095	268	-1	0.05	0.05	0	
24/01/2012 10:11:50	TASTEGGIO	0	2	7700	52644	135105	276	-1	0.05	0.05	0	
24/01/2012 10:12:11	TASTEGGIO	0	3	7700	52644	135108	291	-1	0.05	0.05	0	
24/01/2012 10:12:33	TASTEGGIO	0	4	7700	52644	135111	311	0	0.05	0.05	0	
24/01/2012 10:12:56	TASTEGGIO	0	5	7700	52644	135113	336	-2	0.05	0.05	0	
24/01/2012 10:13:18	TASTEGGIO	0	6	7700	52644	135113	366	-3	0.02	0.02	0	
24/01/2012 10:13:29	TASTEGGIO	0	6	7700	52644	90817	366	-3	0.03	0.05	44500	
24/01/2012 10:13:53	TASTEGGIO	1	0	7700	52644	46353	261	-1	0.04	0.04	0	
24/01/2012 10:14:04	TASTEGGIO	1	0	7700	52644	90626	261	-1	0.02	0.04	44500	
24/01/2012 10:15:51	TASTEGGIO	1	0	7700	52644	90703	261	-1	0.08	0.09	24500	
24/01/2012 10:16:15	TASTEGGIO	1	0	7700	52644	66237	266	-2	0.09	0.09	0	
24/01/2012 10:16:37	TASTEGGIO	0	1	7700	52644	66237	275	0	0.08	0.08	0	
24/01/2012 10:16:57	TASTEGGIO	0	2	7700	52644	66236	289	-1	0.07	0.07	0	
24/01/2012 10:17:19	TASTEGGIO	0	3	7700	52644	66235	307	-1	0.06	0.06	0	
24/01/2012 10:17:40	TASTEGGIO	0	4	7700	52644	66235	327	-2	0.05	0.05	0	
24/01/2012 10:18:03	TASTEGGIO	0	5	7700	52644	66306	347	-2	0.04	0.04	0	
24/01/2012 10:18:13	TASTEGGIO	0	5	7700	52644	90524	347	-2	0.04	0.05	44500	
24/01/2012 10:18:38	TASTEGGIO	1	0	7700	52644	46066	261	0	0.05	0.05	0	
24/01/2012 10:18:57	TASTEGGIO	0	1	7700	52644	46064	266	0	0.05	0.05	0	
24/01/2012 10:19:18	TASTEGGIO	0	2	7700	52644	46063	276	0	0.05	0.05	0	
24/01/2012 10:19:38	TASTEGGIO	0	3	7700	52644	46062	291	0	0.04	0.04	0	
24/01/2012 10:19:49	TASTEGGIO	0	3	7700	52644	90516	291	0	0.04	0.06	-24500	
24/01/2012 10:20:15	TASTEGGIO	1	0	7700	52644	114985	262	-3	0.04	0.04	0	
24/01/2012 10:20:25	TASTEGGIO	1	0	7700	52644	90685	262	-3	0.03	0.05	-44500	
24/01/2012 10:20:50	TASTEGGIO	1	0	7700	52644	135126	261	0	0.04	0.04	0	
24/01/2012 10:21:00	TASTEGGIO	1	0	7700	52644	90690	261	0	0.03	0.06	44500	
24/01/2012 10:21:24	TASTEGGIO	1	0	7700	52644	46233	262	0	0.05	0.05	0	
24/01/2012 10:21:44	TASTEGGIO	0	1	7700	52644	46230	266	0	0.04	0.04	0	
24/01/2012 10:21:55	TASTEGGIO	0	1	7700	52644	90518	266	0	0.04	0.05	-44500	
24/01/2012 10:22:20	TASTEGGIO	1	0	7700	52644	134974	261	-1	0.06	0.06	0	
24/01/2012 10:22:41	TASTEGGIO	0	1	7700	52644	134988	268	0	0.05	0.05	0	
24/01/2012 10:23:03	TASTEGGIO	0	2	7700	52644	134991	276	0	0.04	0.04	0	
24/01/2012 10:23:14	TASTEGGIO	0	2	7700	52644	90688	276	0	0.03	0.04	44500	
24/01/2012 10:25:01	TASTEGGIO	0	2	7700	52644	90702	276	0	0.07	0.07	0	
24/01/2012 10:25:24	TASTEGGIO	1	0	7700	52644	90725	263	-2	0.06	0.06	0	
24/01/2012 10:25:46	TASTEGGIO	0	1	7700	52644	90727	268	0	0.06	0.06	0	
24/01/2012 10:26:07	TASTEGGIO	0	2	7700	52644	90730	280	-1	0.06	0.06	0	
24/01/2012 10:26:30	TASTEGGIO	0	3	7700	52644	90730	298	-2	0.05	0.05	0	
24/01/2012 10:26:51	TASTEGGIO	0	4	7700	52644	90729	314	-2	0.03	0.03	0	
24/01/2012 10:26:59	TASTEGGIO	0	4	7700	52644	90693	314	-2	0.03	0.04	44500	
24/01/2012 10:28:46	TASTEGGIO	0	4	7700	52644	90700	314	-2	0.08	0.08	0	
24/01/2012 10:29:10	TASTEGGIO	1	0	7700	52644	90721	265	-1	0.08	0.08	0	
24/01/2012 10:29:32	TASTEGGIO	0	1	7700	52644	90722	273	-1	0.08	0.08	0	
24/01/2012 10:29:52	TASTEGGIO	0	2	7700	52644	90723	289	0	0.07	0.07	0	
24/01/2012 10:30:15	TASTEGGIO	0	3	7700	52644	90722	307	0	0.07	0.07	0	
24/01/2012 10:30:37	TASTEGGIO	0	4	7700	52644	90722	335	-3	0.03	0.03	0	
24/01/2012 10:30:45	TASTEGGIO	0	4	7700	52644	90690	335	-3	0.04	0.04	-24500	
24/01/2012 10:32:30	TASTEGGIO	0	4	7700	52644	90696	335	-3	0.01	0.04	44500	
24/01/2012 10:34:17	TASTEGGIO	0	4	7700	52644	90694	335	-3	0.10	0.12	24500	
24/01/2012 10:34:42	TASTEGGIO	1	0	7700	52644	66233	270	-2	0.12	0.12	0	
