24/05/2011 16:39:17	TASTEGGIO	1	0	7500	51850	125809	228	-32	0.21	0.21	0	
24/05/2011 16:39:38	TASTEGGIO	0	1	7500	51850	125810	194	-20	0.05	0.05	0	
24/05/2011 16:39:48	TASTEGGIO	0	1	7500	51850	150134	194	-20	0.05	0.05	24500	
24/05/2011 16:41:45	TASTEGGIO	0	1	7500	51850	150417	194	-20	0.10	0.11	24500	
24/05/2011 16:42:08	TASTEGGIO	1	0	7500	51850	125933	225	-33	0.21	0.21	0	
24/05/2011 16:42:28	TASTEGGIO	0	1	7500	51850	125933	184	-18	0.04	0.04	0	
24/05/2011 16:42:37	TASTEGGIO	0	1	7500	51850	150238	184	-18	0.04	0.06	44500	
24/05/2011 16:43:45	ALARM 17	proc 12 prog 10 step 47	LavoroTerminato
25/05/2011 07:23:02	ALARM 401		
25/05/2011 07:23:04	INIT OK
25/05/2011 07:28:45	TASTEGGIO	0	0	7500	51853	150405	0	0	0.09	0.09	0	
25/05/2011 07:29:06	TASTEGGIO	1	0	7500	51853	150418	223	-41	0.30	0.30	0	
25/05/2011 07:29:24	TASTEGGIO	0	1	7500	51853	150417	122	-7	0.24	0.24	0	
25/05/2011 07:29:42	TASTEGGIO	0	2	7500	51853	150418	149	-5	0.18	0.18	0	
25/05/2011 07:29:59	TASTEGGIO	0	3	7500	51853	150418	172	-10	0.09	0.09	0	
25/05/2011 07:30:17	TASTEGGIO	0	0	7500	51853	150418	223	-32	0.27	0.27	0	
25/05/2011 07:30:34	TASTEGGIO	0	1	7500	51853	150418	142	-10	0.17	0.17	0	
25/05/2011 07:30:51	TASTEGGIO	0	2	7500	51853	150418	157	-6	0.12	0.12	0	
25/05/2011 07:31:09	TASTEGGIO	0	3	7500	51853	150418	171	-7	0.07	0.07	0	
25/05/2011 07:31:17	TASTEGGIO	0	3	7500	51853	150409	171	-7	0.07	0.07	-97500	
25/05/2011 07:33:14	TASTEGGIO	0	3	7500	51853	150408	171	-7	0.08	0.12	44500	
25/05/2011 07:33:37	TASTEGGIO	1	0	7500	51853	105932	227	-27	0.15	0.15	0	
25/05/2011 07:33:56	TASTEGGIO	0	1	7500	51853	105932	208	-21	0.05	0.05	0	
25/05/2011 07:34:07	TASTEGGIO	0	1	7500	51853	150237	208	-21	0.08	0.08	0	
25/05/2011 07:36:04	TASTEGGIO	0	1	7500	51852	150300	208	-21	0.12	0.14	-44500	
25/05/2011 07:36:27	TASTEGGIO	1	0	7500	51852	194750	229	-31	0.16	0.16	0	
25/05/2011 07:36:46	TASTEGGIO	0	1	7500	51852	194753	210	-28	0.11	0.11	0	
25/05/2011 07:37:04	TASTEGGIO	0	1	7500	51852	194757	202	-19	0.08	0.08	0	
25/05/2011 07:37:15	TASTEGGIO	0	1	7500	51852	150271	202	-19	0.07	0.09	44500	
25/05/2011 07:37:38	TASTEGGIO	1	0	7500	51852	105794	223	-23	0.15	0.15	0	
25/05/2011 07:37:57	TASTEGGIO	0	1	7500	51852	105793	197	-17	0.04	0.04	0	
25/05/2011 07:38:07	TASTEGGIO	0	1	7500	51852	150148	197	-17	0.02	0.05	97500	
25/05/2011 07:39:59	TASTEGGIO	0	1	7500	51852	150313	197	-17	0.14	0.16	-44500	
25/05/2011 07:40:22	TASTEGGIO	1	0	7500	51852	194756	232	-33	0.18	0.18	0	
25/05/2011 07:40:41	TASTEGGIO	0	1	7500	51852	194761	211	-29	0.12	0.12	0	
25/05/2011 07:40:51	TASTEGGIO	0	1	7500	51852	150293	211	-29	0.11	0.12	-44500	
25/05/2011 07:41:15	TASTEGGIO	1	0	7500	51852	194754	227	-32	0.22	0.22	0	
25/05/2011 07:41:34	TASTEGGIO	0	1	7500	51852	194757	186	-14	0.08	0.08	0	
25/05/2011 07:41:45	TASTEGGIO	0	1	7500	51852	150278	186	-14	0.07	0.10	24500	
25/05/2011 07:42:07	TASTEGGIO	1	0	7500	51852	125801	224	-33	0.25	0.25	0	
25/05/2011 07:42:26	TASTEGGIO	0	1	7500	51852	125801	161	-12	0.14	0.14	0	
25/05/2011 07:42:44	TASTEGGIO	0	2	7500	51852	125801	172	-6	0.08	0.08	0	
25/05/2011 07:42:54	TASTEGGIO	0	2	7500	51852	150139	172	-6	0.09	0.09	0	
25/05/2011 07:43:14	TASTEGGIO	1	0	7500	51852	150134	223	-40	0.30	0.30	0	
25/05/2011 07:43:32	TASTEGGIO	0	1	7500	51852	150134	122	-8	0.22	0.22	0	
25/05/2011 07:43:51	TASTEGGIO	0	2	7500	51852	150134	144	-5	0.18	0.18	0	
25/05/2011 07:44:08	TASTEGGIO	0	3	7500	51852	150134	188	-15	0.04	0.04	0	
25/05/2011 07:44:16	TASTEGGIO	0	3	7500	51852	150138	188	-15	0.04	0.07	-97500	
25/05/2011 07:45:14	ALARM 17	proc 12 prog 10 step 47	LavoroTerminato
25/05/2011 07:54:59	TASTEGGIO	0	3	8800	56952	114692	188	-15	0.28	0.47	-44500	
25/05/2011 07:55:21	TASTEGGIO	1	0	8800	56952	159149	272	-18	0.30	0.30	0	
25/05/2011 07:55:38	TASTEGGIO	0	1	8800	56952	159153	291	-12	0.17	0.17	0	
25/05/2011 07:55:57	TASTEGGIO	0	2	8800	56952	159157	304	-10	0.08	0.08	0	
25/05/2011 07:56:08	TASTEGGIO	0	2	8800	56952	114664	304	-10	0.08	0.13	24500	
25/05/2011 07:56:30	TASTEGGIO	1	0	8800	56952	90217	228	-6	0.08	0.08	0	
25/05/2011 07:56:40	TASTEGGIO	1	0	8800	56952	114570	228	-6	0.03	0.08	24500	
25/05/2011 07:58:35	TASTEGGIO	1	0	8800	56952	114493	228	-6	0.46	0.55	-24500	
25/05/2011 07:58:57	TASTEGGIO	1	0	8800	56952	138957	282	-15	0.40	0.40	0	
25/05/2011 07:59:16	TASTEGGIO	0	1	8800	56952	138965	311	-16	0.24	0.24	0	
25/05/2011 07:59:36	TASTEGGIO	0	2	8800	56952	138968	331	-17	0.10	0.10	0	
25/05/2011 07:59:46	TASTEGGIO	0	2	8800	56952	114472	331	-17	0.06	0.20	-44500	
25/05/2011 08:00:08	TASTEGGIO	1	0	8800	56952	158921	237	-7	0.12	0.12	0	
25/05/2011 08:00:18	TASTEGGIO	1	0	8800	56952	114459	237	-7	0.04	0.12	-44500	
25/05/2011 08:00:40	TASTEGGIO	1	0	8800	56952	158912	227	-1	0.11	0.11	0	
25/05/2011 08:00:57	TASTEGGIO	0	1	8800	56952	158920	247	-5	0.06	0.06	0	
25/05/2011 08:01:08	TASTEGGIO	0	1	8800	56952	114456	247	-5	0.09	0.14	24500	
25/05/2011 08:01:31	TASTEGGIO	1	0	8800	56952	90005	229	-6	0.08	0.08	0	
25/05/2011 08:01:41	TASTEGGIO	1	0	8800	56952	114371	229	-6	0.05	0.10	-44500	
25/05/2011 08:02:04	TASTEGGIO	1	0	8800	56952	158814	224	0	0.09	0.09	0	
25/05/2011 08:02:21	TASTEGGIO	0	1	8800	56952	158822	232	0	0.09	0.09	0	
25/05/2011 08:02:32	TASTEGGIO	0	1	8800	56952	114460	232	0	0.05	0.10	24500	
25/05/2011 08:02:55	TASTEGGIO	1	0	8800	56952	90007	224	-1	0.08	0.08	0	
25/05/2011 08:03:05	TASTEGGIO	1	0	8800	56952	114370	224	-1	0.05	0.10	-44500	
25/05/2011 08:03:27	TASTEGGIO	1	0	8800	56952	158817	224	-3	0.09	0.09	0	
25/05/2011 08:03:38	TASTEGGIO	1	0	8800	56952	114459	224	-3	0.04	0.09	-44500	
25/05/2011 08:05:31	TASTEGGIO	1	0	8800	56952	114788	224	-3	0.27	0.43	24500	
25/05/2011 08:05:53	TASTEGGIO	1	0	8800	56952	90333	267	-10	0.33	0.33	0	
25/05/2011 08:06:12	TASTEGGIO	0	1	8800	56952	90330	292	-10	0.23	0.23	0	
25/05/2011 08:06:30	TASTEGGIO	0	2	8800	56952	90328	314	-12	0.11	0.11	0	
25/05/2011 08:06:40	TASTEGGIO	0	2	8800	56952	114669	314	-12	0.02	0.18	44500	
25/05/2011 08:07:02	TASTEGGIO	1	0	8800	56952	70201	234	-2	0.14	0.14	0	
25/05/2011 08:07:13	TASTEGGIO	1	0	8800	56952	114667	234	-2	0.02	0.16	44500	
25/05/2011 08:07:35	TASTEGGIO	1	0	8800	56952	70194	232	0	0.15	0.15	0	
25/05/2011 08:07:53	TASTEGGIO	0	1	8800	56952	70192	260	-3	0.12	0.12	0	
25/05/2011 08:08:04	TASTEGGIO	0	1	8800	56952	114667	260	-3	0.02	0.13	44500	
25/05/2011 08:08:26	TASTEGGIO	1	0	8800	56952	70197	228	0	0.12	0.12	0	
25/05/2011 08:08:43	TASTEGGIO	0	1	8800	56952	70195	250	-1	0.12	0.12	0	
25/05/2011 08:09:03	TASTEGGIO	0	1	8800	56952	70192	286	-6	0.06	0.06	0	
25/05/2011 08:09:13	TASTEGGIO	0	1	8800	56952	114667	286	-6	0.07	0.07	0	
25/05/2011 08:11:09	TASTEGGIO	0	1	8800	56951	114788	286	-6	0.94	0.99	24500	
25/05/2011 08:11:30	TASTEGGIO	1	0	8800	56951	90327	339	-16	0.83	0.83	0	
25/05/2011 08:11:49	TASTEGGIO	0	1	8800	56951	90324	400	-30	0.53	0.53	0	
25/05/2011 08:12:10	TASTEGGIO	0	2	8800	56951	90322	400	-15	0.39	0.39	0	
25/05/2011 08:12:29	TASTEGGIO	0	3	8800	56951	90321	400	-13	0.27	0.27	0	
25/05/2011 08:12:50	TASTEGGIO	0	4	8800	56951	90319	400	-6	0.21	0.21	0	
25/05/2011 08:13:09	TASTEGGIO	0	5	8800	56951	90318	400	-8	0.14	0.14	0	
25/05/2011 08:13:19	TASTEGGIO	0	5	8800	56951	114673	400	-8	0.29	0.32	-24500	
25/05/2011 08:13:42	TASTEGGIO	1	0	8800	56951	139146	252	-17	0.17	0.17	0	
25/05/2011 08:14:00	TASTEGGIO	0	1	8800	56951	139148	261	-11	0.05	0.05	0	
25/05/2011 08:14:10	TASTEGGIO	0	1	8800	56951	114761	261	-11	0.13	0.37	44500	
25/05/2011 08:14:33	TASTEGGIO	1	0	8800	56951	70307	259	-5	0.31	0.31	0	
25/05/2011 08:14:51	TASTEGGIO	0	1	8800	56951	70304	284	-6	0.25	0.25	0	
25/05/2011 08:15:09	TASTEGGIO	0	2	8800	56951	70301	324	-13	0.13	0.13	0	
25/05/2011 08:15:20	TASTEGGIO	0	2	8800	56951	114672	324	-13	0.16	0.18	-24500	
25/05/2011 08:15:43	TASTEGGIO	1	0	8800	56951	139143	234	-3	0.15	0.15	0	
25/05/2011 08:16:02	TASTEGGIO	0	1	8800	56951	139145	246	0	0.14	0.14	0	
25/05/2011 08:16:12	TASTEGGIO	0	1	8800	56951	114759	246	0	0.13	0.17	44500	
25/05/2011 08:16:36	TASTEGGIO	1	0	8800	56951	70305	233	0	0.15	0.15	0	
25/05/2011 08:16:53	TASTEGGIO	0	1	8800	56951	70300	246	0	0.15	0.15	0	
25/05/2011 08:17:13	TASTEGGIO	0	1	8800	56951	70295	291	0	0.14	0.14	0	
25/05/2011 08:17:23	TASTEGGIO	0	1	8800	56951	114671	291	0	0.14	0.17	-24500	
25/05/2011 08:17:43	ALARM 401		
25/05/2011 08:17:45	ALARM 401		
25/05/2011 08:17:46	ALARM 401		
25/05/2011 08:18:08	TASTEGGIO	1	0	8800	56951	114758	233	-1	0.13	0.16	-24500	
25/05/2011 08:18:36	TASTEGGIO	1	0	8800	56951	139236	286	-8	0.08	0.08	0	
25/05/2011 08:18:55	TASTEGGIO	1	0	8800	56951	114757	286	-8	0.07	0.18	44500	
25/05/2011 08:19:17	TASTEGGIO	1	0	8800	56951	70292	234	-1	0.17	0.17	0	
25/05/2011 08:19:35	TASTEGGIO	0	1	8800	56951	70288	266	-1	0.17	0.17	0	
25/05/2011 08:19:53	TASTEGGIO	0	1	8800	56951	70286	317	-2	0.15	0.15	0	
25/05/2011 08:20:11	TASTEGGIO	0	2	8800	56951	70283	343	-9	0.06	0.06	0	
25/05/2011 08:20:22	TASTEGGIO	0	2	8800	56951	114666	343	-9	0.13	0.16	-44500	
25/05/2011 08:20:45	TASTEGGIO	1	0	8800	56951	159106	232	-9	0.07	0.07	0	
25/05/2011 08:20:56	TASTEGGIO	1	0	8800	56951	114758	232	-9	0.12	0.12	44500	
25/05/2011 08:21:19	TASTEGGIO	1	0	8800	56951	70289	227	0	0.11	0.11	0	
25/05/2011 08:21:30	TASTEGGIO	1	0	8800	56951	114654	227	0	0.12	0.12	0	
25/05/2011 08:23:14	TASTEGGIO	1	0	8800	56951	114497	227	0	0.09	0.10	44500	
25/05/2011 08:23:37	TASTEGGIO	1	0	8800	56951	70020	224	-5	0.08	0.08	0	
25/05/2011 08:23:47	TASTEGGIO	1	0	8800	56951	114373	224	-5	0.09	0.09	0	
25/05/2011 08:25:43	TASTEGGIO	1	0	8800	56951	114787	224	-5	0.29	0.33	-24500	
25/05/2011 08:26:06	TASTEGGIO	1	0	8800	56951	139256	254	-14	0.21	0.21	0	
25/05/2011 08:26:24	TASTEGGIO	0	1	8800	56951	139258	267	-10	0.11	0.11	0	
25/05/2011 08:26:34	TASTEGGIO	0	1	8800	56951	114768	267	-10	0.10	0.13	-44500	
25/05/2011 08:26:57	TASTEGGIO	1	0	8800	56951	159216	228	-7	0.05	0.05	0	
25/05/2011 08:27:07	TASTEGGIO	1	0	8800	56951	114752	228	-7	0.05	0.08	24500	
25/05/2011 08:29:02	TASTEGGIO	1	0	8800	56951	114789	228	-7	0.89	1.28	-44500	
25/05/2011 08:29:26	TASTEGGIO	1	0	8800	56951	159237	376	-28	1.00	1.00	0	
25/05/2011 08:29:45	TASTEGGIO	0	1	8800	56951	159242	400	-21	0.78	0.78	0	
25/05/2011 08:30:05	TASTEGGIO	0	2	8800	56951	159248	400	-11	0.68	0.68	0	
25/05/2011 08:30:26	TASTEGGIO	0	3	8800	56951	159252	400	-7	0.62	0.62	0	
25/05/2011 08:30:44	TASTEGGIO	0	1	8800	56951	159256	400	-6	0.56	0.56	0	
25/05/2011 08:31:05	TASTEGGIO	0	1	8800	56951	159260	400	-4	0.52	0.52	0	
25/05/2011 08:31:24	TASTEGGIO	0	1	8800	56951	159261	400	-6	0.47	0.47	0	
25/05/2011 08:31:44	TASTEGGIO	0	1	8800	56951	159261	400	-2	0.45	0.45	0	
25/05/2011 08:32:03	TASTEGGIO	0	1	8800	56951	159261	400	-3	0.42	0.42	0	
25/05/2011 08:32:23	TASTEGGIO	0	1	8800	56951	159261	400	-1	0.41	0.41	0	
25/05/2011 08:32:44	TASTEGGIO	0	1	8800	56951	159261	400	-1	0.40	0.40	0	
25/05/2011 08:33:04	TASTEGGIO	0	1	8800	56951	159261	400	-2	0.39	0.39	0	
25/05/2011 08:33:22	TASTEGGIO	0	1	8800	56951	159261	400	-4	0.35	0.35	0	
25/05/2011 08:33:42	TASTEGGIO	0	2	8800	56951	159261	400	-2	0.33	0.33	0	
25/05/2011 08:34:02	TASTEGGIO	0	1	8800	56951	159260	400	-2	0.33	0.33	0	
25/05/2011 08:34:23	TASTEGGIO	0	1	8800	56951	159261	400	-4	0.30	0.30	0	
25/05/2011 08:34:42	TASTEGGIO	0	1	8800	56951	159260	400	-3	0.27	0.27	0	
25/05/2011 08:35:02	TASTEGGIO	0	2	8800	56951	159261	400	-2	0.26	0.26	0	
25/05/2011 08:35:23	TASTEGGIO	0	1	8800	56951	159260	400	-2	0.25	0.25	0	
25/05/2011 08:35:42	TASTEGGIO	0	1	8800	56951	159261	400	-4	0.22	0.22	0	
25/05/2011 08:36:02	TASTEGGIO	0	2	8800	56951	159261	400	-1	0.21	0.21	0	
25/05/2011 08:36:21	TASTEGGIO	0	1	8800	56951	159260	400	-1	0.20	0.20	0	
25/05/2011 08:36:42	TASTEGGIO	0	1	8800	56951	159261	400	-2	0.19	0.19	0	
25/05/2011 08:37:02	TASTEGGIO	0	1	8800	56951	159261	400	-1	0.19	0.19	0	
25/05/2011 08:37:23	TASTEGGIO	0	1	8800	56951	159261	400	-1	0.18	0.18	0	
25/05/2011 08:37:43	TASTEGGIO	0	1	8800	56951	159261	400	0	0.18	0.18	0	
25/05/2011 08:37:46	ALARM 401		
25/05/2011 08:37:49	ALARM 205		err.6058
25/05/2011 08:37:52	ALARM 401		
25/05/2011 08:37:53	ALARM 401		
25/05/2011 08:37:53	ALARM 401		
25/05/2011 08:37:55	ALARM 401		
25/05/2011 08:37:56	ALARM 401		
25/05/2011 08:37:56	ALARM 401		
25/05/2011 08:38:15	TASTEGGIO	0	1	8800	56951	114766	400	0	0.07	0.19	-44500	
25/05/2011 08:41:14	TASTEGGIO	0	1	8800	56951	114750	400	0	0.07	0.20	-44500	
25/05/2011 08:41:42	TASTEGGIO	0	1	8800	56951	159217	319	-1	0.18	0.18	0	
25/05/2011 08:42:06	TASTEGGIO	0	1	8800	56951	159217	408	-2	0.16	0.16	0	
25/05/2011 08:43:16	TASTEGGIO	0	1	8800	56951	159217	429	-11	0.08	0.08	0	
25/05/2011 08:43:32	TASTEGGIO	0	1	8800	56951	114744	429	-11	0.06	0.12	-24500	
25/05/2011 08:43:53	TASTEGGIO	1	0	8800	56951	139224	227	-9	0.03	0.03	0	
25/05/2011 08:44:03	TASTEGGIO	1	0	8800	56951	114755	227	-9	0.07	0.07	0	
25/05/2011 08:45:59	TASTEGGIO	1	0	8800	56951	114795	227	-9	0.15	0.17	-24500	
25/05/2011 08:46:21	TASTEGGIO	1	0	8800	56951	139263	233	-12	0.06	0.06	0	
25/05/2011 08:46:31	TASTEGGIO	1	0	8800	56951	114766	233	-12	0.07	0.10	44500	
25/05/2011 08:48:28	TASTEGGIO	1	0	8800	56950	114791	233	-12	0.37	0.40	44500	
25/05/2011 08:48:50	TASTEGGIO	1	0	8800	56950	70330	263	-5	0.35	0.35	0	
25/05/2011 08:49:08	TASTEGGIO	0	1	8800	56950	70325	293	-6	0.28	0.28	0	
25/05/2011 08:49:28	TASTEGGIO	0	2	8800	56950	70322	324	-11	0.18	0.18	0	
25/05/2011 08:49:46	TASTEGGIO	0	3	8800	56950	70320	344	-13	0.05	0.05	0	
25/05/2011 08:49:57	TASTEGGIO	0	3	8800	56950	114671	344	-13	0.11	0.13	-24500	
25/05/2011 08:50:19	TASTEGGIO	1	0	8800	56950	139141	228	-11	0.05	0.05	0	
25/05/2011 08:50:29	TASTEGGIO	1	0	8800	56950	114759	228	-11	0.06	0.06	-24500	
25/05/2011 08:52:25	TASTEGGIO	1	0	8800	56950	114796	228	-11	0.33	0.61	-44500	
25/05/2011 08:52:49	TASTEGGIO	1	0	8800	56950	159241	290	-13	0.46	0.46	0	
25/05/2011 08:53:07	TASTEGGIO	0	1	8800	56950	159247	324	-15	0.30	0.30	0	
25/05/2011 08:53:27	TASTEGGIO	0	2	8800	56950	159252	351	-17	0.14	0.14	0	
25/05/2011 08:53:38	TASTEGGIO	0	2	8800	56950	114764	351	-17	0.03	0.19	44500	
25/05/2011 08:54:00	TASTEGGIO	1	0	8800	56950	70314	236	-3	0.16	0.16	0	
25/05/2011 08:54:18	TASTEGGIO	0	1	8800	56950	70310	249	-3	0.13	0.13	0	
25/05/2011 08:54:29	TASTEGGIO	0	1	8800	56950	114666	249	-3	0.03	0.17	-44500	
25/05/2011 08:54:51	TASTEGGIO	1	0	8800	56950	159116	233	-1	0.15	0.15	0	
25/05/2011 08:55:08	TASTEGGIO	0	1	8800	56950	159123	246	0	0.15	0.15	0	
25/05/2011 08:55:27	TASTEGGIO	0	1	8800	56950	159128	291	-2	0.13	0.13	0	
25/05/2011 08:55:38	TASTEGGIO	0	1	8800	56950	114756	291	-2	0.03	0.17	44500	
25/05/2011 08:56:00	TASTEGGIO	1	0	8800	56950	70298	233	-1	0.15	0.15	0	
25/05/2011 08:56:18	TASTEGGIO	0	1	8800	56950	70294	246	0	0.14	0.14	0	
25/05/2011 08:56:29	TASTEGGIO	0	1	8800	56950	114672	246	0	0.03	0.15	44500	
25/05/2011 08:56:51	TASTEGGIO	1	0	8800	56950	70210	231	0	0.14	0.14	0	
25/05/2011 08:57:02	TASTEGGIO	1	0	8800	56950	114670	231	0	0.03	0.15	44500	
25/05/2011 08:57:24	TASTEGGIO	1	0	8800	56950	70211	231	0	0.14	0.14	0	
25/05/2011 08:57:34	TASTEGGIO	1	0	8800	56950	114669	231	0	0.04	0.15	44500	
25/05/2011 08:57:57	TASTEGGIO	1	0	8800	56950	70202	231	0	0.14	0.14	0	
25/05/2011 08:58:07	TASTEGGIO	1	0	8800	56950	114666	231	0	0.04	0.15	44500	
25/05/2011 08:58:16	ALARM 401		
25/05/2011 08:58:36	TASTEGGIO	1	0	8800	56950	114662	231	0	0.04	0.16	44500	
25/05/2011 08:59:04	TASTEGGIO	1	0	8800	56950	70196	286	-8	0.10	0.10	0	
25/05/2011 08:59:21	TASTEGGIO	1	0	8800	56950	114668	286	-8	0.08	0.17	-24500	
25/05/2011 08:59:48	TASTEGGIO	1	0	8800	56950	139140	286	-25	0.08	0.08	0	
25/05/2011 09:00:03	TASTEGGIO	1	0	8800	56950	114755	286	-25	0.16	0.22	44500	
25/05/2011 09:00:16	TASTEGGIO	1	0	8800	56950	70308	286	-25	0.21	0.21	0	
25/05/2011 09:00:27	TASTEGGIO	1	0	8800	56950	70308	286	-25	0.21	0.21	0	
25/05/2011 09:00:55	TASTEGGIO	1	0	8800	56950	70298	264	-1	0.20	0.20	0	
25/05/2011 09:01:20	TASTEGGIO	1	0	8800	56950	70293	276	-2	0.19	0.19	0	
25/05/2011 09:01:40	TASTEGGIO	1	0	8800	56950	70290	287	-3	0.17	0.17	0	
25/05/2011 09:01:57	TASTEGGIO	1	0	8800	56950	114670	287	-3	0.12	0.18	44500	
25/05/2011 09:02:24	TASTEGGIO	1	0	8800	56950	70201	265	-1	0.17	0.17	0	
25/05/2011 09:02:44	TASTEGGIO	1	0	8800	56950	70199	283	0	0.17	0.17	0	
25/05/2011 09:03:02	TASTEGGIO	1	0	8800	56950	114671	283	0	0.12	0.17	44500	
25/05/2011 09:03:28	TASTEGGIO	1	0	8800	56950	70200	294	-2	0.16	0.16	0	
25/05/2011 09:03:55	TASTEGGIO	1	0	8800	56950	114667	303	-3	0.09	0.13	44500	
25/05/2011 09:04:28	TASTEGGIO	1	0	8800	56950	114668	303	-3	0.09	0.13	24500	
25/05/2011 09:06:24	TASTEGGIO	1	0	8800	56950	114791	303	-3	0.14	0.14	0	
25/05/2011 09:08:18	TASTEGGIO	1	0	8800	56950	114794	303	-3	0.23	0.26	-24500	
25/05/2011 09:08:41	TASTEGGIO	1	0	8800	56950	139269	245	-14	0.14	0.14	0	
25/05/2011 09:08:51	TASTEGGIO	1	0	8800	56950	114768	245	-14	0.15	0.15	-24500	
25/05/2011 09:09:13	TASTEGGIO	1	0	8800	56950	139244	231	-4	0.10	0.10	0	
25/05/2011 09:09:23	TASTEGGIO	1	0	8800	56950	114757	231	-4	0.11	0.14	44500	
25/05/2011 09:09:45	TASTEGGIO	1	0	8800	56950	70304	229	-4	0.12	0.12	0	
25/05/2011 09:10:03	TASTEGGIO	0	1	8800	56950	70299	239	-3	0.09	0.09	0	
25/05/2011 09:10:14	TASTEGGIO	0	1	8800	56950	114664	239	-3	0.08	0.11	-44500	
25/05/2011 09:10:35	TASTEGGIO	1	0	8800	56950	159116	225	-9	0.04	0.04	0	
25/05/2011 09:10:46	TASTEGGIO	1	0	8800	56950	114758	225	-9	0.05	0.10	44500	
25/05/2011 09:11:09	TASTEGGIO	1	0	8800	56950	70297	224	0	0.10	0.10	0	
25/05/2011 09:11:28	TASTEGGIO	0	1	8800	56950	70294	244	-1	0.09	0.09	0	
25/05/2011 09:11:38	TASTEGGIO	0	1	8800	56950	114666	244	-1	0.04	0.09	44500	
25/05/2011 09:13:32	TASTEGGIO	0	1	8800	56950	114890	244	-1	0.18	0.19	24500	
25/05/2011 09:13:54	TASTEGGIO	1	0	8800	56950	90413	236	-8	0.13	0.13	0	
25/05/2011 09:14:04	TASTEGGIO	1	0	8800	56950	114776	236	-8	0.13	0.13	0	
25/05/2011 09:14:25	TASTEGGIO	1	0	8800	56950	114774	228	-9	0.04	0.04	0	
25/05/2011 09:14:33	TASTEGGIO	1	0	8800	56950	114779	228	-9	0.04	0.06	24500	
25/05/2011 09:16:29	TASTEGGIO	1	0	8800	56950	114797	228	-9	0.41	0.75	44500	
25/05/2011 09:16:51	TASTEGGIO	1	0	8800	56950	70334	308	-8	0.66	0.66	0	
25/05/2011 09:17:09	TASTEGGIO	0	1	8800	56950	70329	366	-16	0.50	0.50	0	
25/05/2011 09:17:27	TASTEGGIO	0	2	8800	56950	70325	400	-21	0.30	0.30	0	
25/05/2011 09:17:47	TASTEGGIO	0	3	8800	56950	70321	400	-10	0.21	0.21	0	
25/05/2011 09:18:06	TASTEGGIO	0	4	8800	56950	70321	400	-17	0.07	0.07	0	
25/05/2011 09:18:17	TASTEGGIO	0	4	8800	56950	114674	400	-17	0.30	0.35	-24500	
25/05/2011 09:18:40	TASTEGGIO	1	0	8800	56950	139145	256	-13	0.23	0.23	0	
25/05/2011 09:18:58	TASTEGGIO	0	1	8800	56950	139146	271	-9	0.14	0.14	0	
25/05/2011 09:19:08	TASTEGGIO	0	1	8800	56950	114763	271	-9	0.12	0.17	44500	
25/05/2011 09:19:31	TASTEGGIO	1	0	8800	56950	70310	233	0	0.16	0.16	0	
25/05/2011 09:19:49	TASTEGGIO	0	1	8800	56950	70306	263	-1	0.16	0.16	0	
25/05/2011 09:20:09	TASTEGGIO	0	1	8800	56950	70301	311	0	0.15	0.15	0	
25/05/2011 09:20:29	TASTEGGIO	0	1	8800	56950	70296	353	-1	0.15	0.15	0	
25/05/2011 09:20:48	TASTEGGIO	0	1	8800	56950	70292	398	-5	0.10	0.10	0	
25/05/2011 09:20:59	TASTEGGIO	0	1	8800	56950	114672	398	-5	0.16	0.20	-44500	
25/05/2011 09:21:22	TASTEGGIO	1	0	8800	56950	159111	237	-9	0.11	0.11	0	
25/05/2011 09:21:32	TASTEGGIO	1	0	8800	56950	114769	237	-9	0.12	0.16	44500	
25/05/2011 09:21:55	TASTEGGIO	1	0	8800	56950	70300	232	-1	0.15	0.15	0	
25/05/2011 09:22:13	TASTEGGIO	0	1	8800	56950	70297	260	0	0.15	0.15	0	
25/05/2011 09:22:32	TASTEGGIO	0	1	8800	56950	70293	305	0	0.14	0.14	0	
25/05/2011 09:22:43	TASTEGGIO	0	1	8800	56950	114659	305	0	0.13	0.15	44500	
25/05/2011 09:23:05	TASTEGGIO	1	0	8800	56950	70183	231	0	0.15	0.15	0	
25/05/2011 09:23:23	TASTEGGIO	0	1	8800	56950	70183	261	0	0.14	0.14	0	
25/05/2011 09:23:34	TASTEGGIO	0	1	8800	56950	114665	261	0	0.13	0.15	44500	
25/05/2011 09:23:56	TASTEGGIO	1	0	8800	56950	70192	231	-1	0.15	0.15	0	
25/05/2011 09:24:15	TASTEGGIO	0	1	8800	56950	70189	261	0	0.14	0.14	0	
25/05/2011 09:24:26	TASTEGGIO	0	1	8800	56950	114669	261	0	0.13	0.15	44500	
25/05/2011 09:26:23	TASTEGGIO	0	1	8800	56950	114792	261	0	0.35	0.40	24500	
25/05/2011 09:26:45	TASTEGGIO	1	0	8800	56950	90315	263	-9	0.32	0.32	0	
25/05/2011 09:27:03	TASTEGGIO	0	1	8800	56950	90314	288	-9	0.24	0.24	0	
25/05/2011 09:27:23	TASTEGGIO	0	2	8800	56950	90314	313	-11	0.13	0.13	0	
25/05/2011 09:27:33	TASTEGGIO	0	2	8800	56950	114674	313	-11	0.13	0.19	44500	
25/05/2011 09:27:55	TASTEGGIO	1	0	8800	56950	70212	236	-3	0.17	0.17	0	
25/05/2011 09:28:13	TASTEGGIO	0	1	8800	56950	70209	251	-2	0.15	0.15	0	
25/05/2011 09:28:30	TASTEGGIO	0	2	8800	56950	70206	277	-5	0.10	0.10	0	
25/05/2011 09:28:41	TASTEGGIO	0	2	8800	56950	114671	277	-5	0.08	0.10	44500	
25/05/2011 09:29:03	TASTEGGIO	1	0	8800	56950	70209	224	0	0.10	0.10	0	
25/05/2011 09:29:14	TASTEGGIO	1	0	8800	56950	114669	224	0	0.08	0.10	44500	
25/05/2011 09:31:10	TASTEGGIO	1	0	8800	56949	114795	224	0	0.13	0.16	-44500	
25/05/2011 09:31:33	TASTEGGIO	1	0	8800	56949	159236	232	-11	0.06	0.06	0	
25/05/2011 09:31:44	TASTEGGIO	1	0	8800	56949	114760	232	-11	0.10	0.10	0	
25/05/2011 09:33:30	TASTEGGIO	1	0	8800	56949	114503	232	-11	0.18	0.24	44500	
25/05/2011 09:33:53	TASTEGGIO	1	0	8800	56949	70031	242	-5	0.20	0.20	0	
25/05/2011 09:34:10	TASTEGGIO	0	1	8800	56949	70027	258	-3	0.17	0.17	0	
25/05/2011 09:34:28	TASTEGGIO	0	2	8800	56949	70025	286	-8	0.10	0.10	0	
25/05/2011 09:34:39	TASTEGGIO	0	2	8800	56949	114374	286	-8	0.11	0.13	-44500	
25/05/2011 09:35:02	TASTEGGIO	1	0	8800	56949	158817	228	-11	0.04	0.04	0	
25/05/2011 09:35:12	TASTEGGIO	1	0	8800	56949	114462	228	-11	0.08	0.13	44500	
25/05/2011 09:35:35	TASTEGGIO	1	0	8800	56949	69989	228	-1	0.12	0.12	0	
25/05/2011 09:35:53	TASTEGGIO	0	1	8800	56949	69988	250	0	0.12	0.12	0	
25/05/2011 09:36:12	TASTEGGIO	0	1	8800	56949	69988	286	-3	0.09	0.09	0	
25/05/2011 09:36:23	TASTEGGIO	0	1	8800	56949	114361	286	-3	0.07	0.10	24500	
25/05/2011 09:38:18	TASTEGGIO	0	1	8800	56949	114795	286	-3	0.22	0.22	-24500	
25/05/2011 09:38:40	TASTEGGIO	1	0	8800	56949	139259	240	-11	0.13	0.13	0	
25/05/2011 09:38:49	TASTEGGIO	1	0	8800	56949	114769	240	-11	0.16	0.16	0	
25/05/2011 09:39:10	TASTEGGIO	1	0	8800	56949	114789	232	-8	0.08	0.08	0	
25/05/2011 09:39:17	TASTEGGIO	1	0	8800	56949	114768	232	-8	0.08	0.09	24500	
25/05/2011 09:41:13	TASTEGGIO	1	0	8800	56949	114705	232	-8	0.14	0.16	-44500	
25/05/2011 09:41:36	TASTEGGIO	1	0	8800	56949	159146	232	-11	0.07	0.07	0	
25/05/2011 09:41:46	TASTEGGIO	1	0	8800	56949	114672	232	-11	0.08	0.12	44500	
25/05/2011 09:42:09	TASTEGGIO	1	0	8800	56949	70208	227	-3	0.09	0.09	0	
25/05/2011 09:42:20	TASTEGGIO	1	0	8800	56949	114568	227	-3	0.06	0.09	44500	
25/05/2011 09:44:17	TASTEGGIO	1	0	8800	56949	114800	227	-3	0.31	0.47	-44500	
25/05/2011 09:44:39	TASTEGGIO	1	0	8800	56949	159237	272	-15	0.33	0.33	0	
25/05/2011 09:44:57	TASTEGGIO	0	1	8800	56949	159243	295	-13	0.19	0.19	0	
25/05/2011 09:45:17	TASTEGGIO	0	2	8800	56949	159248	310	-11	0.11	0.11	0	
25/05/2011 09:45:28	TASTEGGIO	0	2	8800	56949	114767	310	-11	0.06	0.21	44500	
25/05/2011 09:45:49	TASTEGGIO	1	0	8800	56949	70317	238	-4	0.18	0.18	0	
25/05/2011 09:46:07	TASTEGGIO	0	1	8800	56949	70313	253	-3	0.15	0.15	0	
25/05/2011 09:46:26	TASTEGGIO	0	2	8800	56949	70308	277	-6	0.10	0.10	0	
25/05/2011 09:46:37	TASTEGGIO	0	2	8800	56949	114666	277	-6	0.03	0.16	-44500	
25/05/2011 09:47:00	TASTEGGIO	1	0	8800	56949	159120	232	-2	0.12	0.12	0	
25/05/2011 09:47:11	TASTEGGIO	1	0	8800	56949	114759	232	-2	0.02	0.13	-44500	
25/05/2011 09:47:33	TASTEGGIO	1	0	8800	56949	159205	228	-1	0.12	0.12	0	
25/05/2011 09:47:44	TASTEGGIO	1	0	8800	56949	114750	228	-1	0.02	0.11	44500	
25/05/2011 09:49:30	TASTEGGIO	1	0	8800	56949	114801	228	-1	0.04	0.05	-24500	
25/05/2011 09:51:26	TASTEGGIO	1	0	8800	56949	114793	228	-1	0.22	0.31	24500	
25/05/2011 09:51:48	TASTEGGIO	1	0	8800	56949	90334	251	-10	0.22	0.22	0	
25/05/2011 09:52:06	TASTEGGIO	0	1	8800	56949	90328	266	-7	0.16	0.16	0	
25/05/2011 09:52:25	TASTEGGIO	0	2	8800	56949	90326	282	-7	0.08	0.08	0	
25/05/2011 09:52:35	TASTEGGIO	0	2	8800	56949	114673	282	-7	0.05	0.16	-44500	
25/05/2011 09:52:58	TASTEGGIO	1	0	8800	56949	159113	232	-12	0.05	0.05	0	
25/05/2011 09:53:08	TASTEGGIO	1	0	8800	56949	114759	232	-12	0.09	0.17	44500	
25/05/2011 09:53:31	TASTEGGIO	1	0	8800	56949	70306	233	-3	0.14	0.14	0	
25/05/2011 09:53:42	TASTEGGIO	1	0	8800	56949	114663	233	-3	0.08	0.14	44500	
25/05/2011 09:54:04	TASTEGGIO	1	0	8800	56949	70190	229	-1	0.13	0.13	0	
25/05/2011 09:54:22	TASTEGGIO	0	1	8800	56949	70187	253	-3	0.10	0.10	0	
25/05/2011 09:54:32	TASTEGGIO	0	1	8800	56949	114667	253	-3	0.05	0.09	24500	
25/05/2011 09:56:27	TASTEGGIO	0	1	8800	56948	114787	253	-3	0.05	0.18	-44500	
25/05/2011 09:56:49	TASTEGGIO	1	0	8800	56948	159227	234	-11	0.09	0.09	0	
25/05/2011 09:57:00	TASTEGGIO	1	0	8800	56948	114764	234	-11	0.03	0.19	44500	
25/05/2011 09:57:23	TASTEGGIO	1	0	8800	56948	70300	236	-4	0.15	0.15	0	
25/05/2011 09:57:41	TASTEGGIO	0	1	8800	56948	70292	247	-3	0.13	0.13	0	
25/05/2011 09:57:51	TASTEGGIO	0	1	8800	56948	114658	247	-3	0.02	0.14	44500	
25/05/2011 09:58:13	TASTEGGIO	1	0	8800	56948	70195	229	0	0.13	0.13	0	
25/05/2011 09:58:33	TASTEGGIO	0	1	8800	56948	70186	253	-1	0.12	0.12	0	
25/05/2011 09:58:50	TASTEGGIO	0	1	8800	56948	70182	286	-8	0.05	0.05	0	
25/05/2011 09:59:01	TASTEGGIO	0	1	8800	56948	114666	286	-8	0.08	0.15	-44500	
25/05/2011 09:59:24	TASTEGGIO	1	0	8800	56948	159108	231	-3	0.12	0.12	0	
25/05/2011 09:59:35	TASTEGGIO	1	0	8800	56948	114770	231	-3	0.06	0.12	-44500	
25/05/2011 09:59:57	TASTEGGIO	1	0	8800	56948	159215	227	-1	0.11	0.11	0	
25/05/2011 10:00:16	TASTEGGIO	0	1	8800	56948	159219	247	-4	0.09	0.09	0	
25/05/2011 10:00:27	TASTEGGIO	0	1	8800	56948	114751	247	-4	0.03	0.10	-44500	
25/05/2011 10:02:23	TASTEGGIO	0	1	8800	56948	114801	247	-4	0.60	0.66	-24500	
25/05/2011 10:02:44	TASTEGGIO	1	0	8800	56948	139267	296	-18	0.51	0.51	0	
25/05/2011 10:03:03	TASTEGGIO	0	1	8800	56948	139273	335	-23	0.29	0.29	0	
25/05/2011 10:03:22	TASTEGGIO	0	2	8800	56948	139276	358	-23	0.06	0.06	0	
25/05/2011 10:03:32	TASTEGGIO	0	2	8800	56948	114772	358	-23	0.10	0.12	-44500	
25/05/2011 10:03:54	TASTEGGIO	1	0	8800	56948	159217	227	-7	0.05	0.05	0	
25/05/2011 10:04:05	TASTEGGIO	1	0	8800	56948	114764	227	-7	0.07	0.07	0	
25/05/2011 10:06:00	TASTEGGIO	1	0	8800	56948	114801	227	-7	0.17	0.26	-44500	
25/05/2011 10:06:22	TASTEGGIO	1	0	8800	56948	159241	245	-11	0.16	0.16	0	
25/05/2011 10:06:40	TASTEGGIO	0	1	8800	56948	159246	254	-10	0.06	0.06	0	
25/05/2011 10:06:50	TASTEGGIO	0	1	8800	56948	114761	254	-10	0.13	0.13	0	
25/05/2011 10:07:12	TASTEGGIO	1	0	8800	56948	114779	228	-12	0.05	0.05	0	
25/05/2011 10:07:20	TASTEGGIO	1	0	8800	56948	114763	228	-12	0.06	0.14	-44500	
25/05/2011 10:07:43	TASTEGGIO	1	0	8800	56948	159216	229	-1	0.13	0.13	0	
25/05/2011 10:08:02	TASTEGGIO	0	1	8800	56948	159221	253	-1	0.11	0.11	0	
25/05/2011 10:08:20	TASTEGGIO	0	2	8800	56948	159225	271	-5	0.07	0.07	0	
25/05/2011 10:08:31	TASTEGGIO	0	2	8800	56948	114760	271	-5	0.07	0.08	-44500	
25/05/2011 10:10:23	TASTEGGIO	0	2	8800	56948	114790	271	-5	0.17	0.19	44500	
25/05/2011 10:10:46	TASTEGGIO	1	0	8800	56948	70323	236	-4	0.15	0.15	0	
25/05/2011 10:11:03	TASTEGGIO	0	1	8800	56948	70317	247	-2	0.13	0.13	0	
25/05/2011 10:11:14	TASTEGGIO	0	1	8800	56948	114672	247	-2	0.14	0.16	-24500	
25/05/2011 10:11:36	TASTEGGIO	1	0	8800	56948	139143	232	-12	0.05	0.05	0	
25/05/2011 10:11:45	TASTEGGIO	1	0	8800	56948	114766	232	-12	0.06	0.09	-44500	
25/05/2011 10:13:39	TASTEGGIO	1	0	8800	56948	114792	232	-12	0.52	0.56	24500	
25/05/2011 10:14:00	TASTEGGIO	1	0	8800	56948	90331	283	-11	0.45	0.45	0	
25/05/2011 10:14:19	TASTEGGIO	0	1	8800	56948	90328	319	-14	0.31	0.31	0	
25/05/2011 10:14:39	TASTEGGIO	0	2	8800	56948	90327	349	-19	0.13	0.13	0	
25/05/2011 10:14:49	TASTEGGIO	0	2	8800	56948	114675	349	-19	0.16	0.21	-24500	
25/05/2011 10:15:11	TASTEGGIO	1	0	8800	56948	139147	238	-13	0.10	0.10	0	
25/05/2011 10:15:22	TASTEGGIO	1	0	8800	56948	114758	238	-13	0.07	0.13	-44500	
25/05/2011 10:15:44	TASTEGGIO	1	0	8800	56948	159202	228	-9	0.03	0.03	0	
25/05/2011 10:15:55	TASTEGGIO	1	0	8800	56948	114754	228	-9	0.00	0.04	-44500	
25/05/2011 10:17:50	TASTEGGIO	1	0	8800	56948	114790	228	-9	0.86	0.86	24500	
25/05/2011 10:18:12	TASTEGGIO	1	0	8800	56948	90320	322	-13	0.73	0.73	0	
25/05/2011 10:18:31	TASTEGGIO	0	1	8800	56948	90319	383	-25	0.49	0.49	0	
25/05/2011 10:18:50	TASTEGGIO	0	2	8800	56948	90320	400	-22	0.28	0.28	0	
25/05/2011 10:19:09	TASTEGGIO	0	3	8800	56948	90321	400	-14	0.15	0.15	0	
25/05/2011 10:19:30	TASTEGGIO	0	4	8800	56948	90322	400	-9	0.08	0.08	0	
25/05/2011 10:19:40	TASTEGGIO	0	4	8800	56948	114675	400	-9	0.19	0.28	-44500	
25/05/2011 10:20:03	TASTEGGIO	1	0	8800	56948	159123	247	-11	0.18	0.18	0	
25/05/2011 10:20:21	TASTEGGIO	0	1	8800	56948	159131	258	-7	0.12	0.12	0	
25/05/2011 10:20:31	TASTEGGIO	0	1	8800	56948	114757	258	-7	0.08	0.12	-24500	
25/05/2011 10:20:53	TASTEGGIO	1	0	8800	56948	139235	227	-8	0.07	0.07	0	
25/05/2011 10:21:03	TASTEGGIO	1	0	8800	56948	114746	227	-8	0.03	0.07	-44500	
25/05/2011 10:22:58	TASTEGGIO	1	0	8800	56948	114796	227	-8	0.52	0.52	0	
25/05/2011 10:23:19	TASTEGGIO	1	0	8800	56948	114814	278	-12	0.41	0.41	0	
25/05/2011 10:23:39	TASTEGGIO	0	1	8800	56948	114814	310	-12	0.29	0.29	0	
25/05/2011 10:23:59	TASTEGGIO	0	2	8800	56948	114815	339	-18	0.13	0.13	0	
25/05/2011 10:24:07	TASTEGGIO	0	2	8800	56948	114780	339	-18	0.13	0.22	44500	
25/05/2011 10:24:30	TASTEGGIO	1	0	8800	56948	70316	240	-4	0.19	0.19	0	
25/05/2011 10:24:47	TASTEGGIO	0	1	8800	56948	70313	256	-3	0.16	0.16	0	
25/05/2011 10:25:07	TASTEGGIO	0	2	8800	56948	70309	282	-5	0.12	0.12	0	
25/05/2011 10:25:17	TASTEGGIO	0	2	8800	56948	114665	282	-5	0.06	0.13	44500	
25/05/2011 10:25:40	TASTEGGIO	1	0	8800	56948	70196	228	-1	0.12	0.12	0	
25/05/2011 10:25:50	TASTEGGIO	1	0	8800	56948	114665	228	-1	0.06	0.12	44500	
25/05/2011 10:27:46	TASTEGGIO	1	0	8800	56948	114789	228	-1	0.34	0.57	-44500	
25/05/2011 10:28:09	TASTEGGIO	1	0	8800	56948	159228	285	-14	0.43	0.43	0	
25/05/2011 10:28:27	TASTEGGIO	0	1	8800	56948	159234	317	-14	0.29	0.29	0	
25/05/2011 10:28:47	TASTEGGIO	0	2	8800	56948	159239	344	-15	0.15	0.15	0	
25/05/2011 10:29:06	TASTEGGIO	0	3	8800	56948	159240	357	-24	0.10	0.10	0	
25/05/2011 10:29:17	TASTEGGIO	0	3	8800	56948	114757	357	-24	0.16	0.22	44500	
25/05/2011 10:29:40	TASTEGGIO	1	0	8800	56948	70292	240	-4	0.19	0.19	0	
25/05/2011 10:29:57	TASTEGGIO	0	1	8800	56948	70288	256	-3	0.16	0.16	0	
25/05/2011 10:30:15	TASTEGGIO	0	2	8800	56948	70286	282	-5	0.11	0.11	0	
25/05/2011 10:30:26	TASTEGGIO	0	2	8800	56948	114660	282	-5	0.09	0.11	24500	
25/05/2011 10:31:25	ALARM 17	proc 12 prog 10 step 47	LavoroTerminato
25/05/2011 10:40:25	TASTEGGIO	0	2	9000	57736	127186	282	-5	0.78	0.84	-24500	
25/05/2011 10:40:47	TASTEGGIO	1	0	9000	57736	151663	319	-37	0.49	0.49	0	
25/05/2011 10:41:07	TASTEGGIO	0	1	9000	57736	151662	347	-38	0.10	0.10	0	
25/05/2011 10:41:17	TASTEGGIO	0	1	9000	57736	127252	347	-38	0.14	0.20	-44500	
25/05/2011 10:41:39	TASTEGGIO	1	0	9000	57736	171691	237	-13	0.09	0.09	0	
25/05/2011 10:41:50	TASTEGGIO	1	0	9000	57736	127253	237	-13	0.08	0.09	-44500	
25/05/2011 10:43:43	TASTEGGIO	1	0	9000	57736	127173	237	-13	0.52	0.59	-24500	
25/05/2011 10:44:06	TASTEGGIO	1	0	9000	57736	151643	287	-39	0.24	0.24	0	
25/05/2011 10:44:25	TASTEGGIO	0	0	9000	57736	151645	242	-13	0.11	0.11	0	
25/05/2011 10:44:34	TASTEGGIO	0	0	9000	57736	127163	242	-13	0.11	0.18	-44500	
25/05/2011 10:44:56	TASTEGGIO	1	0	9000	57736	171604	234	-25	0.10	0.10	0	
25/05/2011 10:45:06	TASTEGGIO	1	0	9000	57736	127156	234	-25	0.07	0.11	-24500	
25/05/2011 10:45:29	TASTEGGIO	1	0	9000	57736	151633	225	-31	0.26	0.26	0	
25/05/2011 10:45:47	TASTEGGIO	0	1	9000	57736	151634	163	-6	0.20	0.20	0	
25/05/2011 10:46:04	TASTEGGIO	0	2	9000	57736	151634	184	-7	0.14	0.14	0	
25/05/2011 10:46:22	TASTEGGIO	0	3	9000	57736	151634	200	-8	0.06	0.06	0	
25/05/2011 10:46:32	TASTEGGIO	0	3	9000	57736	127152	200	-8	0.09	0.15	44500	
25/05/2011 10:46:55	TASTEGGIO	1	0	9000	57736	82680	231	-14	0.06	0.06	0	
25/05/2011 10:47:06	TASTEGGIO	1	0	9000	57736	127069	231	-14	0.04	0.06	44500	
25/05/2011 10:48:59	TASTEGGIO	1	0	9000	57736	127072	231	-14	0.54	0.60	-44500	
25/05/2011 10:49:21	TASTEGGIO	1	0	9000	57736	171505	289	-33	0.31	0.31	0	
25/05/2011 10:49:40	TASTEGGIO	0	1	9000	57736	171511	305	-36	0.06	0.06	0	
25/05/2011 10:49:50	TASTEGGIO	0	1	9000	57736	127069	305	-36	0.08	0.10	44500	
25/05/2011 10:50:13	TASTEGGIO	1	0	9000	57736	82598	224	-12	0.05	0.05	0	
25/05/2011 10:50:24	TASTEGGIO	1	0	9000	57736	126968	224	-12	0.02	0.12	-44500	
25/05/2011 10:50:47	TASTEGGIO	1	0	9000	57736	171420	227	-34	0.24	0.24	0	
25/05/2011 10:51:04	TASTEGGIO	0	1	9000	57736	171425	179	-2	0.21	0.21	0	
25/05/2011 10:51:22	TASTEGGIO	0	2	9000	57736	171429	215	-1	0.20	0.20	0	
25/05/2011 10:51:42	TASTEGGIO	0	1	9000	57736	171433	291	-11	0.09	0.09	0	
25/05/2011 10:51:53	TASTEGGIO	0	1	9000	57736	127052	291	-11	0.16	0.16	0	
25/05/2011 10:52:14	TASTEGGIO	1	0	9000	57736	127068	232	-27	0.12	0.12	0	
25/05/2011 10:52:22	TASTEGGIO	1	0	9000	57736	127056	232	-27	0.12	0.13	24500	
25/05/2011 10:52:45	TASTEGGIO	1	0	9000	57736	102602	228	-20	0.10	0.10	0	
25/05/2011 10:52:55	TASTEGGIO	1	0	9000	57736	126973	228	-20	0.08	0.10	24500	
25/05/2011 10:54:40	TASTEGGIO	1	0	9000	57735	127275	228	-20	0.38	0.48	44500	
25/05/2011 10:55:04	TASTEGGIO	1	0	9000	57735	82800	273	-22	0.29	0.29	0	
25/05/2011 10:55:22	TASTEGGIO	0	1	9000	57735	82797	290	-19	0.10	0.10	0	
25/05/2011 10:55:32	TASTEGGIO	0	1	9000	57735	127177	290	-19	0.10	0.23	-44500	
25/05/2011 10:55:53	TASTEGGIO	1	0	9000	57735	171605	241	-31	0.13	0.13	0	
25/05/2011 10:56:04	TASTEGGIO	1	0	9000	57735	127261	241	-31	0.17	0.18	24500	
25/05/2011 10:56:27	TASTEGGIO	1	0	9000	57735	102789	234	-22	0.09	0.09	0	
25/05/2011 10:56:37	TASTEGGIO	1	0	9000	57735	127167	234	-22	0.06	0.09	24500	
25/05/2011 10:58:30	TASTEGGIO	1	0	9000	57735	127079	234	-22	0.18	0.19	-24500	
25/05/2011 10:58:53	TASTEGGIO	1	0	9000	57735	151557	236	-28	0.10	0.10	0	
25/05/2011 10:59:03	TASTEGGIO	1	0	9000	57735	127067	236	-28	0.09	0.11	-24500	
25/05/2011 11:00:57	TASTEGGIO	1	0	9000	57735	127270	236	-28	0.16	0.22	-44500	
25/05/2011 11:01:19	TASTEGGIO	1	0	9000	57735	171712	240	-25	0.10	0.10	0	
25/05/2011 11:01:30	TASTEGGIO	1	0	9000	57735	127262	240	-25	0.16	0.16	0	
25/05/2011 11:01:52	TASTEGGIO	1	0	9000	57735	127278	232	-25	0.09	0.09	0	
25/05/2011 11:02:00	TASTEGGIO	1	0	9000	57735	127263	232	-25	0.09	0.09	0	
25/05/2011 11:03:54	TASTEGGIO	1	0	9000	57735	127169	232	-25	0.30	0.32	-24500	
25/05/2011 11:04:17	TASTEGGIO	1	0	9000	57735	151645	252	-31	0.12	0.12	0	
25/05/2011 11:04:27	TASTEGGIO	1	0	9000	57735	127167	252	-31	0.06	0.24	44500	
25/05/2011 11:04:50	TASTEGGIO	1	0	9000	57735	82702	242	-19	0.09	0.09	0	
25/05/2011 11:05:01	TASTEGGIO	1	0	9000	57735	127070	242	-19	0.19	0.19	0	
25/05/2011 11:05:23	TASTEGGIO	1	0	9000	57735	127070	236	-33	0.14	0.14	0	
25/05/2011 11:05:31	TASTEGGIO	1	0	9000	57735	127072	236	-33	0.14	0.29	-24500	
25/05/2011 11:05:54	TASTEGGIO	1	0	9000	57735	151551	249	-46	0.20	0.20	0	
25/05/2011 11:06:13	TASTEGGIO	0	1	9000	57735	151551	235	-28	0.09	0.09	0	
25/05/2011 11:06:23	TASTEGGIO	0	1	9000	57735	127152	235	-28	0.11	0.15	-44500	
25/05/2011 11:06:44	TASTEGGIO	1	0	9000	57735	171601	231	-19	0.08	0.08	0	
25/05/2011 11:06:55	TASTEGGIO	1	0	9000	57735	127149	231	-19	0.05	0.20	-24500	
25/05/2011 11:07:17	TASTEGGIO	1	0	9000	57735	151627	237	-15	0.09	0.09	0	
25/05/2011 11:07:27	TASTEGGIO	1	0	9000	57735	127153	237	-15	0.08	0.22	44500	
25/05/2011 11:07:50	TASTEGGIO	1	0	9000	57735	82691	240	-3	0.19	0.19	0	
25/05/2011 11:08:08	TASTEGGIO	0	1	9000	57735	82690	256	-7	0.12	0.12	0	
25/05/2011 11:08:19	TASTEGGIO	0	1	9000	57735	127070	256	-7	0.06	0.12	24500	
25/05/2011 11:08:42	TASTEGGIO	1	0	9000	57735	102602	227	-22	0.11	0.11	0	
25/05/2011 11:08:52	TASTEGGIO	1	0	9000	57735	127070	227	-22	0.18	0.22	-24500	
25/05/2011 11:09:15	TASTEGGIO	1	0	9000	57735	151548	240	-6	0.17	0.17	0	
25/05/2011 11:09:34	TASTEGGIO	0	1	9000	57735	151549	253	-5	0.11	0.11	0	
25/05/2011 11:09:44	TASTEGGIO	0	1	9000	57735	127162	253	-5	0.08	0.11	-24500	
25/05/2011 11:11:44	TASTEGGIO	0	1	9000	57735	127169	253	-5	0.53	0.57	24500	
25/05/2011 11:12:07	TASTEGGIO	1	0	9000	57735	102688	285	-45	0.76	0.76	0	
25/05/2011 11:12:27	TASTEGGIO	0	1	9000	57735	102691	400	-84	0.23	0.23	0	
25/05/2011 11:12:47	TASTEGGIO	0	1	9000	57735	102692	393	-77	0.56	0.56	0	
25/05/2011 11:13:07	TASTEGGIO	0	1	9000	57735	102693	256	-20	0.37	0.37	0	
25/05/2011 11:13:25	TASTEGGIO	0	2	9000	57735	102692	290	-23	0.16	0.16	0	
25/05/2011 11:13:44	TASTEGGIO	0	0	9000	57735	102691	232	-3	0.13	0.13	0	
25/05/2011 11:13:54	TASTEGGIO	0	0	9000	57735	127078	232	-3	0.04	0.17	-44500	
25/05/2011 11:14:15	TASTEGGIO	1	0	9000	57735	171524	233	-25	0.11	0.11	0	
25/05/2011 11:14:26	TASTEGGIO	1	0	9000	57735	127152	233	-25	0.19	0.22	24500	
25/05/2011 11:14:49	TASTEGGIO	1	0	9000	57735	102686	240	-3	0.20	0.20	0	
25/05/2011 11:15:08	TASTEGGIO	0	1	9000	57735	102685	276	-4	0.16	0.16	0	
25/05/2011 11:15:29	TASTEGGIO	0	2	9000	57735	102684	294	-5	0.12	0.12	0	
25/05/2011 11:15:39	TASTEGGIO	0	2	9000	57735	127080	294	-5	0.13	0.13	0	
25/05/2011 11:16:00	TASTEGGIO	1	0	9000	57735	127082	228	-21	0.09	0.09	0	
25/05/2011 11:16:08	TASTEGGIO	1	0	9000	57735	127087	228	-21	0.09	0.13	-24500	
25/05/2011 11:16:31	TASTEGGIO	1	0	9000	57735	151558	228	-26	0.14	0.14	0	
25/05/2011 11:16:50	TASTEGGIO	0	1	9000	57735	151560	212	-19	0.07	0.07	0	
25/05/2011 11:17:00	TASTEGGIO	0	1	9000	57735	127162	212	-19	0.09	0.09	0	
25/05/2011 11:18:51	TASTEGGIO	0	1	9000	57735	126967	212	-19	0.08	0.14	-44500	
25/05/2011 11:19:14	TASTEGGIO	1	0	9000	57735	171398	229	-29	0.21	0.21	0	
25/05/2011 11:19:32	TASTEGGIO	0	1	9000	57735	171406	197	-15	0.08	0.08	0	
25/05/2011 11:19:42	TASTEGGIO	0	1	9000	57735	126967	197	-15	0.11	0.11	0	
25/05/2011 11:21:37	TASTEGGIO	0	1	9000	57735	127268	197	-15	1.31	1.44	24500	
25/05/2011 11:22:00	TASTEGGIO	1	0	9000	57735	102792	397	-38	1.07	1.07	0	
25/05/2011 11:22:20	TASTEGGIO	0	1	9000	57735	102792	400	-25	0.82	0.82	0	
25/05/2011 11:22:41	TASTEGGIO	0	2	9000	57735	102794	400	-15	0.69	0.69	0	
25/05/2011 11:23:01	TASTEGGIO	0	3	9000	57735	102795	400	-17	0.52	0.52	0	
25/05/2011 11:23:22	TASTEGGIO	0	4	9000	57735	102795	400	-9	0.44	0.44	0	
25/05/2011 11:23:41	TASTEGGIO	0	5	9000	57735	102796	400	-8	0.36	0.36	0	
25/05/2011 11:24:03	TASTEGGIO	0	6	9000	57735	102796	400	-5	0.32	0.32	0	
25/05/2011 11:24:24	TASTEGGIO	0	7	9000	57735	102796	400	-4	0.28	0.28	0	
25/05/2011 11:24:45	TASTEGGIO	0	8	9000	57735	102796	400	-3	0.26	0.26	0	
25/05/2011 11:25:05	TASTEGGIO	0	1	9000	57735	102796	400	-9	0.18	0.18	0	
25/05/2011 11:25:26	TASTEGGIO	0	2	9000	57735	102796	400	-14	0.13	0.13	0	
25/05/2011 11:25:37	TASTEGGIO	0	2	9000	57735	127171	400	-14	0.19	0.22	44500	
25/05/2011 11:25:59	TASTEGGIO	1	0	9000	57735	82697	240	-7	0.16	0.16	0	
25/05/2011 11:26:17	TASTEGGIO	0	1	9000	57735	82696	251	-8	0.09	0.09	0	
25/05/2011 11:26:27	TASTEGGIO	0	1	9000	57735	127164	251	-8	0.16	0.16	0	
25/05/2011 11:26:49	TASTEGGIO	1	0	9000	57735	127164	232	-27	0.11	0.11	0	
25/05/2011 11:26:57	TASTEGGIO	1	0	9000	57735	127174	232	-27	0.11	0.22	-44500	
25/05/2011 11:27:20	TASTEGGIO	1	0	9000	57735	171616	240	-27	0.19	0.19	0	
25/05/2011 11:27:38	TASTEGGIO	0	1	9000	57735	171623	223	-27	0.46	0.46	0	
25/05/2011 11:27:54	TASTEGGIO	0	1	9000	57735	171630	111	-2	0.44	0.44	0	
25/05/2011 11:28:13	TASTEGGIO	0	1	9000	57735	171637	237	-19	0.26	0.26	0	
25/05/2011 11:28:31	TASTEGGIO	0	2	9000	57735	171643	258	-18	0.08	0.08	0	
25/05/2011 11:28:41	TASTEGGIO	0	2	9000	57735	127262	258	-18	0.07	0.18	44500	
25/05/2011 11:29:03	TASTEGGIO	1	0	9000	57735	82802	234	-5	0.12	0.12	0	
25/05/2011 11:29:13	TASTEGGIO	1	0	9000	57735	127174	234	-5	0.07	0.13	44500	
25/05/2011 11:30:59	TASTEGGIO	1	0	9000	57735	127170	234	-5	0.37	0.37	0	
25/05/2011 11:31:20	TASTEGGIO	1	0	9000	57735	127181	259	-34	0.12	0.12	0	
25/05/2011 11:31:28	TASTEGGIO	1	0	9000	57735	127163	259	-34	0.12	0.25	44500	
25/05/2011 11:31:51	TASTEGGIO	1	0	9000	57735	82688	243	-16	0.10	0.10	0	
25/05/2011 11:32:02	TASTEGGIO	1	0	9000	57735	127076	243	-16	0.07	0.12	44500	
25/05/2011 11:32:25	TASTEGGIO	1	0	9000	57735	82617	227	-5	0.06	0.06	0	
25/05/2011 11:32:35	TASTEGGIO	1	0	9000	57735	127068	227	-5	0.06	0.09	44500	
25/05/2011 11:34:30	TASTEGGIO	1	0	9000	57735	127271	227	-5	1.16	1.42	-44500	
25/05/2011 11:34:53	TASTEGGIO	1	0	9000	57735	171709	394	-45	0.99	0.99	0	
25/05/2011 11:35:12	TASTEGGIO	0	1	9000	57735	171718	400	-29	0.69	0.69	0	
25/05/2011 11:35:33	TASTEGGIO	0	2	9000	57735	171726	400	-18	0.52	0.52	0	
25/05/2011 11:35:52	TASTEGGIO	0	3	9000	57735	171732	400	-16	0.36	0.36	0	
25/05/2011 11:36:12	TASTEGGIO	0	4	9000	57735	171736	400	-14	0.26	0.26	0	
25/05/2011 11:36:31	TASTEGGIO	0	5	9000	57735	171738	400	-32	0.10	0.10	0	
25/05/2011 11:36:42	TASTEGGIO	0	5	9000	57735	127276	400	-32	0.04	0.15	44500	
25/05/2011 11:37:05	TASTEGGIO	1	0	9000	57735	82811	231	-14	0.04	0.04	0	
25/05/2011 11:37:16	TASTEGGIO	1	0	9000	57735	127173	231	-14	0.05	0.16	-44500	
25/05/2011 11:37:39	TASTEGGIO	1	0	9000	57735	171618	232	-30	0.15	0.15	0	
25/05/2011 11:37:56	TASTEGGIO	0	1	9000	57735	171631	217	-4	0.11	0.11	0	
25/05/2011 11:38:07	TASTEGGIO	0	1	9000	57735	127256	217	-4	0.16	0.17	-24500	
25/05/2011 11:38:30	TASTEGGIO	1	0	9000	57735	151735	233	-19	0.06	0.06	0	
25/05/2011 11:38:40	TASTEGGIO	1	0	9000	57735	127256	233	-19	0.06	0.08	44500	
25/05/2011 11:40:48	TASTEGGIO	1	0	9000	57735	127272	233	-19	0.07	0.16	24500	
25/05/2011 11:41:11	TASTEGGIO	1	0	9000	57735	102796	232	-24	0.12	0.12	0	
25/05/2011 11:41:21	TASTEGGIO	1	0	9000	57735	127176	232	-24	0.17	0.17	0	
25/05/2011 11:41:43	TASTEGGIO	1	0	9000	57735	127174	233	-32	0.16	0.16	0	
25/05/2011 11:42:02	TASTEGGIO	0	1	9000	57735	127174	217	-24	0.08	0.08	0	
25/05/2011 11:42:10	TASTEGGIO	0	1	9000	57735	127178	217	-24	0.08	0.09	24500	
25/05/2011 11:44:02	TASTEGGIO	0	1	9000	57734	127265	217	-24	0.24	0.24	44500	
25/05/2011 11:44:26	TASTEGGIO	1	0	9000	57734	82795	242	-15	0.12	0.12	0	
25/05/2011 11:44:36	TASTEGGIO	1	0	9000	57734	127177	242	-15	0.14	0.17	-44500	
25/05/2011 11:44:58	TASTEGGIO	1	0	9000	57734	171608	233	-26	0.11	0.11	0	
25/05/2011 11:45:09	TASTEGGIO	1	0	9000	57734	127259	233	-26	0.10	0.12	-44500	
25/05/2011 11:45:32	TASTEGGIO	1	0	9000	57734	171694	227	-26	0.16	0.16	0	
25/05/2011 11:45:49	TASTEGGIO	0	1	9000	57734	171703	205	-15	0.05	0.05	0	
25/05/2011 11:46:00	TASTEGGIO	0	1	9000	57734	127256	205	-15	0.06	0.09	24500	
25/05/2011 11:47:56	TASTEGGIO	0	1	9000	57734	127275	205	-15	0.23	0.27	-44500	
25/05/2011 11:48:19	TASTEGGIO	1	0	9000	57734	171710	246	-28	0.07	0.07	0	
25/05/2011 11:48:30	TASTEGGIO	1	0	9000	57734	127267	246	-28	0.09	0.12	24500	
25/05/2011 11:48:52	TASTEGGIO	1	0	9000	57734	102795	227	-21	0.10	0.10	0	
25/05/2011 11:49:02	TASTEGGIO	1	0	9000	57734	127169	227	-21	0.13	0.13	0	
25/05/2011 11:49:24	TASTEGGIO	1	0	9000	57734	127167	228	-27	0.13	0.13	0	
25/05/2011 11:49:43	TASTEGGIO	0	1	9000	57734	127167	215	-23	0.09	0.09	0	
25/05/2011 11:49:51	TASTEGGIO	0	1	9000	57734	127172	215	-23	0.09	0.09	0	
25/05/2011 11:51:43	TASTEGGIO	0	1	9000	57734	127265	215	-23	0.92	1.13	-44500	
25/05/2011 11:52:06	TASTEGGIO	1	0	9000	57734	171694	357	-49	0.67	0.67	0	
25/05/2011 11:52:25	TASTEGGIO	0	1	9000	57734	171704	396	-60	0.05	0.05	0	
25/05/2011 11:52:36	TASTEGGIO	0	1	9000	57734	127267	396	-60	0.11	0.13	24500	
25/05/2011 11:52:58	TASTEGGIO	1	0	9000	57734	102796	228	-23	0.11	0.11	0	
25/05/2011 11:53:08	TASTEGGIO	1	0	9000	57734	127170	228	-23	0.09	0.13	44500	
25/05/2011 11:55:02	TASTEGGIO	1	0	9000	57734	127168	228	-23	0.36	0.52	44500	
25/05/2011 11:55:24	TASTEGGIO	1	0	9000	57734	82697	278	-18	0.35	0.35	0	
25/05/2011 11:55:43	TASTEGGIO	0	1	9000	57734	82694	301	-16	0.19	0.19	0	
25/05/2011 11:56:03	TASTEGGIO	0	2	9000	57734	82693	315	-12	0.09	0.09	0	
25/05/2011 11:56:13	TASTEGGIO	0	2	9000	57734	127078	315	-12	0.06	0.12	-44500	
25/05/2011 11:56:35	TASTEGGIO	1	0	9000	57734	171499	227	-24	0.14	0.14	0	
25/05/2011 11:56:53	TASTEGGIO	0	1	9000	57734	171511	210	-17	0.04	0.04	0	
25/05/2011 11:57:03	TASTEGGIO	0	1	9000	57734	127158	210	-17	0.09	0.09	0	
25/05/2011 11:58:57	TASTEGGIO	0	1	9000	57734	127268	210	-17	0.26	0.27	-44500	
25/05/2011 11:59:20	TASTEGGIO	1	0	9000	57734	171701	246	-29	0.11	0.11	0	
25/05/2011 11:59:30	TASTEGGIO	1	0	9000	57734	127270	246	-29	0.13	0.13	-24500	
25/05/2011 11:59:53	TASTEGGIO	1	0	9000	57734	151744	228	-29	0.15	0.15	0	
25/05/2011 12:00:12	TASTEGGIO	0	1	9000	57734	151745	210	-24	0.10	0.10	0	
25/05/2011 12:00:22	TASTEGGIO	0	1	9000	57734	127249	210	-24	0.13	0.13	44500	
25/05/2011 12:00:45	TASTEGGIO	1	0	9000	57734	82772	228	-14	0.03	0.03	0	
25/05/2011 12:00:55	TASTEGGIO	1	0	9000	57734	127160	228	-14	0.09	0.10	24500	
25/05/2011 12:03:04	TASTEGGIO	1	0	9000	57734	127170	228	-14	0.31	0.38	44500	
25/05/2011 12:03:27	TASTEGGIO	1	0	9000	57734	82696	260	-15	0.26	0.26	0	
25/05/2011 12:03:45	TASTEGGIO	0	1	9000	57734	82694	277	-15	0.11	0.11	0	
25/05/2011 12:03:56	TASTEGGIO	0	1	9000	57734	127081	277	-15	0.09	0.11	44500	
25/05/2011 12:05:49	TASTEGGIO	0	1	9000	57734	127270	277	-15	0.32	0.42	24500	
25/05/2011 12:06:12	TASTEGGIO	1	0	9000	57734	102794	265	-24	0.21	0.21	0	
25/05/2011 12:06:30	TASTEGGIO	0	0	9000	57734	102794	238	-10	0.11	0.11	0	
25/05/2011 12:06:40	TASTEGGIO	0	0	9000	57734	127177	238	-10	0.05	0.12	24500	
25/05/2011 12:07:03	TASTEGGIO	1	0	9000	57734	102703	227	-1	0.10	0.10	0	
25/05/2011 12:07:13	TASTEGGIO	1	0	9000	57734	127174	227	-1	0.05	0.11	-44500	
25/05/2011 12:09:07	TASTEGGIO	1	0	9000	57734	127074	227	-1	0.61	0.77	-44500	
25/05/2011 12:09:29	TASTEGGIO	1	0	9000	57734	171500	310	-76	1.08	1.08	0	
25/05/2011 12:09:49	TASTEGGIO	0	1	9000	57734	171510	400	-80	0.40	0.40	0	
25/05/2011 12:10:07	TASTEGGIO	0	0	9000	57734	171521	263	-9	0.30	0.30	0	
25/05/2011 12:10:27	TASTEGGIO	0	1	9000	57734	171527	285	-7	0.23	0.23	0	
25/05/2011 12:10:46	TASTEGGIO	0	2	9000	57734	171533	309	-11	0.14	0.14	0	
25/05/2011 12:10:57	TASTEGGIO	0	2	9000	57734	127069	309	-11	0.13	0.16	44500	
25/05/2011 12:11:20	TASTEGGIO	1	0	9000	57734	82605	232	-12	0.06	0.06	0	
25/05/2011 12:11:31	TASTEGGIO	1	0	9000	57734	126969	232	-12	0.07	0.11	-44500	
25/05/2011 12:13:30	TASTEGGIO	1	0	9000	57734	127269	232	-12	0.48	0.68	44500	
25/05/2011 12:13:54	TASTEGGIO	1	0	9000	57734	82798	299	-23	0.46	0.46	0	
25/05/2011 12:14:13	TASTEGGIO	0	1	9000	57734	82795	330	-26	0.21	0.21	0	
25/05/2011 12:14:32	TASTEGGIO	0	0	9000	57734	82795	238	-1	0.20	0.20	0	
25/05/2011 12:14:50	TASTEGGIO	0	1	9000	57734	82792	276	-1	0.20	0.20	0	
25/05/2011 12:15:09	TASTEGGIO	0	1	9000	57734	82791	336	-20	0.01	0.01	0	
25/05/2011 12:15:20	TASTEGGIO	0	1	9000	57734	127171	336	-20	0.02	0.08	-44500	
25/05/2011 12:17:13	TASTEGGIO	0	1	9000	57734	127271	336	-20	0.13	0.24	24500	
25/05/2011 12:17:37	TASTEGGIO	1	0	9000	57734	102795	242	-22	0.09	0.09	0	
25/05/2011 12:17:47	TASTEGGIO	1	0	9000	57734	127174	242	-22	0.09	0.14	-44500	
25/05/2011 12:18:09	TASTEGGIO	1	0	9000	57734	171605	229	-24	0.11	0.11	0	
25/05/2011 12:18:20	TASTEGGIO	1	0	9000	57734	127253	229	-24	0.17	0.22	24500	
25/05/2011 12:18:44	TASTEGGIO	1	0	9000	57734	102778	240	-9	0.13	0.13	0	
25/05/2011 12:18:54	TASTEGGIO	1	0	9000	57734	127157	240	-9	0.10	0.13	24500	
25/05/2011 12:19:16	TASTEGGIO	1	0	9000	57734	102679	228	-1	0.11	0.11	0	
25/05/2011 12:19:26	TASTEGGIO	1	0	9000	57734	127166	228	-1	0.09	0.12	24500	
25/05/2011 12:19:49	TASTEGGIO	1	0	9000	57734	102690	227	-1	0.10	0.10	0	
25/05/2011 12:19:59	TASTEGGIO	1	0	9000	57734	127171	227	-1	0.09	0.12	24500	
25/05/2011 12:20:21	TASTEGGIO	1	0	9000	57734	102696	227	-1	0.11	0.11	0	
25/05/2011 12:20:32	TASTEGGIO	1	0	9000	57734	127165	227	-1	0.08	0.11	24500	
25/05/2011 12:22:25	TASTEGGIO	1	0	9000	57734	127174	227	-1	0.74	0.74	0	
25/05/2011 12:22:48	TASTEGGIO	1	0	9000	57734	127187	307	-33	0.43	0.43	0	
25/05/2011 12:23:07	TASTEGGIO	0	1	9000	57734	127187	331	-32	0.12	0.12	0	
25/05/2011 12:23:15	TASTEGGIO	0	1	9000	57734	127165	331	-32	0.12	0.18	-44500	
25/05/2011 12:23:36	TASTEGGIO	1	0	9000	57734	171596	234	-25	0.10	0.10	0	
25/05/2011 12:23:46	TASTEGGIO	1	0	9000	57734	127172	234	-25	0.19	0.19	0	
25/05/2011 12:24:07	TASTEGGIO	1	0	9000	57734	127186	236	-22	0.02	0.02	0	
25/05/2011 12:24:16	TASTEGGIO	1	0	9000	57734	127172	236	-22	0.02	0.11	44500	
25/05/2011 12:25:30	ALARM 17	proc 12 prog 10 step 47	LavoroTerminato
25/05/2011 13:19:41	TASTEGGIO	1	0	7700	52637	90658	236	-22	0.05	0.06	44500	
25/05/2011 13:20:03	TASTEGGIO	1	0	7700	52637	46193	219	-2	0.05	0.05	0	
25/05/2011 13:20:13	TASTEGGIO	1	0	7700	52637	90636	219	-2	0.05	0.05	24500	
25/05/2011 13:20:34	TASTEGGIO	1	0	7700	52637	66171	218	-1	0.05	0.05	0	
25/05/2011 13:20:51	TASTEGGIO	0	1	7700	52637	66168	228	0	0.05	0.05	0	
25/05/2011 13:21:09	TASTEGGIO	0	1	7700	52637	66166	243	0	0.05	0.05	0	
25/05/2011 13:21:28	TASTEGGIO	0	1	7700	52637	66164	258	0	0.05	0.05	0	
25/05/2011 13:21:45	TASTEGGIO	0	1	7700	52637	66164	273	0	0.05	0.05	0	
25/05/2011 13:22:05	TASTEGGIO	0	1	7700	52637	66164	288	0	0.05	0.05	0	
25/05/2011 13:22:08	ALARM 401		
25/05/2011 13:22:11	ALARM 401		
25/05/2011 13:22:11	ALARM 401		
25/05/2011 13:22:29	TASTEGGIO	0	1	7700	52637	90639	303	0	0.05	0.05	24500	
25/05/2011 13:22:56	TASTEGGIO	0	1	7700	52637	66167	318	-1	0.04	0.04	0	
25/05/2011 13:23:22	TASTEGGIO	0	1	7700	52637	90640	322	0	0.04	0.04	44500	
25/05/2011 13:23:43	TASTEGGIO	0	1	7700	52637	90636	322	0	0.04	0.04	44500	
25/05/2011 13:24:05	TASTEGGIO	1	0	7700	52637	46159	216	-1	0.04	0.04	0	
25/05/2011 13:24:22	TASTEGGIO	0	1	7700	52637	46159	224	0	0.04	0.04	0	
25/05/2011 13:24:39	TASTEGGIO	0	1	7700	52637	46159	236	0	0.04	0.04	0	
25/05/2011 13:24:56	TASTEGGIO	0	1	7700	52637	46159	248	0	0.04	0.04	0	
25/05/2011 13:25:15	TASTEGGIO	0	1	7700	52637	46159	260	0	0.04	0.04	0	
25/05/2011 13:25:34	TASTEGGIO	0	1	7700	52637	46159	272	0	0.04	0.04	0	
25/05/2011 13:25:51	TASTEGGIO	0	1	7700	52637	46159	284	0	0.04	0.04	0	
25/05/2011 13:26:10	TASTEGGIO	0	1	7700	52637	46159	296	0	0.04	0.04	0	
25/05/2011 13:26:30	TASTEGGIO	0	1	7700	52637	46161	308	0	0.04	0.04	0	
25/05/2011 13:26:48	TASTEGGIO	0	1	7700	52637	46161	320	0	0.04	0.04	0	
25/05/2011 13:27:07	TASTEGGIO	0	1	7700	52637	46161	332	-1	0.04	0.04	0	
25/05/2011 13:27:26	TASTEGGIO	0	1	7700	52637	46161	344	0	0.04	0.04	0	
25/05/2011 13:27:46	TASTEGGIO	0	1	7700	52637	46161	356	0	0.03	0.03	0	
25/05/2011 13:27:56	TASTEGGIO	0	1	7700	52637	90631	356	0	0.04	0.04	0	
25/05/2011 13:28:17	TASTEGGIO	1	0	7700	52637	90631	216	-6	0.07	0.07	0	
25/05/2011 13:28:35	TASTEGGIO	0	1	7700	52637	90633	203	-1	0.07	0.07	0	
25/05/2011 13:28:52	TASTEGGIO	0	1	7700	52637	90635	224	0	0.07	0.07	0	
25/05/2011 13:29:09	TASTEGGIO	0	1	7700	52637	90638	245	0	0.06	0.06	0	
25/05/2011 13:29:28	TASTEGGIO	0	2	7700	52637	90641	255	0	0.06	0.06	0	
25/05/2011 13:29:46	TASTEGGIO	0	1	7700	52637	90644	279	0	0.06	0.06	0	
25/05/2011 13:29:48	ALARM 218	proc 12 prog 73 step 17	go_abs 5 cmd 11
25/05/2011 13:29:55	ALARM 205		err.6058
25/05/2011 13:30:07	TASTEGGIO	0	1	7700	52637	90653	279	0	0.06	0.06	0	
25/05/2011 13:30:33	TASTEGGIO	0	1	7700	52637	90654	342	-2	0.05	0.05	0	
25/05/2011 13:30:57	TASTEGGIO	0	1	7700	52637	90656	360	-1	0.04	0.04	0	
25/05/2011 13:31:23	TASTEGGIO	0	1	7700	52637	90666	374	-1	0.03	0.03	-44500	
25/05/2011 13:31:46	TASTEGGIO	0	1	7700	52637	90799	374	-1	0.03	0.04	-44500	
25/05/2011 13:32:09	TASTEGGIO	1	0	7700	52637	135258	216	0	0.04	0.04	0	
25/05/2011 13:32:19	TASTEGGIO	1	0	7700	52637	90800	216	0	0.04	0.04	24500	
25/05/2011 13:34:04	TASTEGGIO	1	0	7700	52637	90712	216	0	0.13	0.13	0	
25/05/2011 13:34:25	TASTEGGIO	1	0	7700	52637	90730	228	-2	0.13	0.13	0	
25/05/2011 13:34:42	TASTEGGIO	0	1	7700	52637	90731	254	-1	0.13	0.13	0	
25/05/2011 13:34:46	ALARM 401		
25/05/2011 13:34:51	ALARM 205		err.6058
25/05/2011 13:35:04	TASTEGGIO	0	1	7700	52637	90704	254	-1	0.13	0.13	0	
25/05/2011 13:35:31	TASTEGGIO	0	1	7700	52637	90722	374	-1	0.12	0.12	0	
25/05/2011 13:35:56	TASTEGGIO	0	1	7700	52637	90722	394	-2	0.11	0.11	0	
25/05/2011 13:36:25	TASTEGGIO	0	1	7700	52637	90722	414	-1	0.10	0.10	0	
25/05/2011 13:36:49	TASTEGGIO	0	1	7700	52637	90722	440	-2	0.09	0.09	0	
25/05/2011 13:37:01	TASTEGGIO	0	1	7700	52637	90700	440	-2	0.09	0.10	24500	
25/05/2011 13:37:27	TASTEGGIO	0	1	7700	52637	66224	480	-24	0.13	0.13	0	
25/05/2011 13:38:04	TASTEGGIO	0	1	7700	52637	66224	480	-35	0.21	0.21	0	
25/05/2011 13:38:27	TASTEGGIO	0	1	7700	52637	66225	480	-29	0.08	0.08	0	
25/05/2011 13:38:41	TASTEGGIO	0	1	7700	52637	90537	480	-29	0.04	0.08	24500	
25/05/2011 13:39:08	TASTEGGIO	0	1	7700	52637	66064	369	-11	0.03	0.03	0	
25/05/2011 13:39:22	TASTEGGIO	0	1	7700	52637	90540	369	-11	0.05	0.08	-44500	
25/05/2011 13:39:58	TASTEGGIO	0	1	7700	52637	90692	357	-4	0.02	0.03	-24500	
25/05/2011 13:40:20	TASTEGGIO	0	1	7700	52637	90689	357	-4	0.02	0.03	-44500	
25/05/2011 13:42:12	TASTEGGIO	0	1	7700	52637	90713	357	-4	0.04	0.07	44500	
25/05/2011 13:42:34	TASTEGGIO	1	0	7700	52637	46236	220	-2	0.06	0.06	0	
25/05/2011 13:42:51	TASTEGGIO	0	1	7700	52637	46237	225	0	0.05	0.05	0	
25/05/2011 13:43:09	TASTEGGIO	0	2	7700	52637	46237	233	0	0.05	0.05	0	
25/05/2011 13:43:26	TASTEGGIO	0	1	7700	52637	46237	253	0	0.05	0.05	0	
25/05/2011 13:43:44	TASTEGGIO	0	1	7700	52637	46236	268	0	0.05	0.05	0	
25/05/2011 13:44:03	TASTEGGIO	0	1	7700	52637	46234	283	-1	0.05	0.05	0	
25/05/2011 13:44:21	TASTEGGIO	0	1	7700	52637	46233	298	0	0.05	0.05	0	
25/05/2011 13:44:24	ALARM 401		
25/05/2011 13:44:43	TASTEGGIO	0	1	7700	52637	90540	298	0	0.03	0.05	44500	
25/05/2011 13:45:05	TASTEGGIO	1	0	7700	52637	46066	212	-1	0.05	0.05	0	
25/05/2011 13:45:22	TASTEGGIO	0	1	7700	52637	46066	222	0	0.05	0.05	0	
25/05/2011 13:45:23	ALARM 401		
25/05/2011 13:45:29	ALARM 202		err.6059
25/05/2011 13:45:46	TASTEGGIO	0	1	7700	52637	90538	222	0	0.04	0.05	24500	
25/05/2011 13:46:11	TASTEGGIO	0	1	7700	52637	66079	299	-4	0.01	0.01	0	
25/05/2011 13:46:29	TASTEGGIO	0	1	7700	52637	90540	299	-4	0.01	0.04	-44500	
25/05/2011 13:46:51	TASTEGGIO	0	1	7700	52637	90688	299	-4	0.01	0.03	-44500	
25/05/2011 13:48:37	TASTEGGIO	0	1	7700	52636	90706	299	-4	0.11	0.11	24500	
25/05/2011 13:48:57	TASTEGGIO	1	0	7700	52636	66252	225	-2	0.11	0.11	0	
25/05/2011 13:49:15	TASTEGGIO	0	1	7700	52636	66244	247	-1	0.11	0.11	0	
25/05/2011 13:49:16	ALARM 401		
25/05/2011 13:49:20	ALARM 201		err.6059
25/05/2011 13:49:42	TASTEGGIO	0	1	7700	52636	90539	247	-1	0.11	0.11	24500	
25/05/2011 13:50:10	TASTEGGIO	0	1	7700	52636	66069	299	-1	0.10	0.10	0	
25/05/2011 13:50:32	TASTEGGIO	0	1	7700	52636	66063	308	0	0.10	0.10	0	
25/05/2011 13:50:55	TASTEGGIO	0	1	7700	52636	66059	321	-1	0.09	0.09	0	
25/05/2011 13:51:22	TASTEGGIO	0	1	7700	52636	90539	331	-1	0.09	0.09	24500	
25/05/2011 13:51:46	TASTEGGIO	0	1	7700	52636	66070	351	-1	0.08	0.08	0	
25/05/2011 13:52:09	TASTEGGIO	0	1	7700	52636	66063	367	-1	0.06	0.06	0	
25/05/2011 13:52:24	TASTEGGIO	0	1	7700	52636	90538	367	-1	0.06	0.06	0	
25/05/2011 13:52:49	TASTEGGIO	0	1	7700	52636	90535	379	-6	0.02	0.02	0	
25/05/2011 13:53:01	TASTEGGIO	0	1	7700	52636	90540	379	-6	0.02	0.05	44500	
25/05/2011 13:53:25	TASTEGGIO	0	1	7700	52636	90538	379	-6	0.02	0.05	44500	
25/05/2011 13:55:20	TASTEGGIO	0	1	7700	52636	90906	379	-6	0.07	0.08	-24500	
25/05/2011 13:55:42	TASTEGGIO	1	0	7700	52636	115370	222	-2	0.08	0.08	0	
25/05/2011 13:55:43	ALARM 218	proc 12 prog 73 step 17	go_abs 5 cmd 11
25/05/2011 13:55:48	ALARM 205		err.5005
25/05/2011 13:56:02	TASTEGGIO	1	0	7700	52636	90920	222	-2	0.07	0.07	-24500	
25/05/2011 13:56:30	TASTEGGIO	1	0	7700	52636	115380	291	-2	0.07	0.07	0	
25/05/2011 13:57:17	TASTEGGIO	1	0	7700	52636	115395	313	0	0.05	0.05	0	
25/05/2011 13:57:48	TASTEGGIO	1	0	7700	52636	115397	322	-1	0.05	0.05	0	
25/05/2011 13:59:45	TASTEGGIO	1	0	7700	52636	90913	322	-1	0.04	0.05	-24500	
25/05/2011 14:00:12	TASTEGGIO	1	0	7700	52636	115370	340	-2	0.03	0.03	0	
25/05/2011 14:00:32	TASTEGGIO	1	0	7700	52636	90900	340	-2	0.03	0.04	24500	
25/05/2011 14:02:19	TASTEGGIO	1	0	7700	52637	90712	340	-2	0.02	0.06	-44500	
25/05/2011 14:02:40	TASTEGGIO	1	0	7700	52637	135165	219	-1	0.06	0.06	0	
25/05/2011 14:02:58	TASTEGGIO	0	1	7700	52637	135173	231	-1	0.06	0.06	0	
25/05/2011 14:03:15	TASTEGGIO	0	1	7700	52637	135179	249	0	0.05	0.05	0	
25/05/2011 14:03:34	TASTEGGIO	0	2	7700	52637	135184	257	-1	0.05	0.05	0	
25/05/2011 14:03:52	TASTEGGIO	0	1	7700	52637	135187	277	-1	0.05	0.05	0	
25/05/2011 14:04:10	TASTEGGIO	0	1	7700	52637	135189	292	-1	0.04	0.04	0	
25/05/2011 14:04:21	TASTEGGIO	0	1	7700	52637	90733	292	-1	0.00	0.05	44500	
25/05/2011 14:04:43	TASTEGGIO	1	0	7700	52637	46259	218	0	0.04	0.04	0	
25/05/2011 14:04:54	TASTEGGIO	1	0	7700	52637	90537	218	0	0.01	0.04	-44500	
25/05/2011 14:06:39	TASTEGGIO	1	0	7700	52637	90708	218	0	0.03	0.04	24500	
25/05/2011 14:08:30	TASTEGGIO	1	0	7700	52636	90705	218	0	0.09	0.11	24500	
25/05/2011 14:08:51	TASTEGGIO	1	0	7700	52636	66237	225	-2	0.09	0.09	0	
25/05/2011 14:09:08	TASTEGGIO	0	1	7700	52636	66233	232	-1	0.09	0.09	0	
25/05/2011 14:09:27	TASTEGGIO	0	1	7700	52636	66229	259	0	0.08	0.08	0	
25/05/2011 14:09:45	TASTEGGIO	0	2	7700	52636	66228	273	0	0.08	0.08	0	
25/05/2011 14:10:04	TASTEGGIO	0	1	7700	52636	66228	305	-1	0.07	0.07	0	
25/05/2011 14:10:23	TASTEGGIO	0	2	7700	52636	66228	317	0	0.06	0.06	0	
25/05/2011 14:10:41	TASTEGGIO	0	3	7700	52636	66286	332	-1	0.05	0.05	0	
25/05/2011 14:11:01	TASTEGGIO	0	4	7700	52636	66286	348	-2	0.03	0.03	0	
25/05/2011 14:11:11	TASTEGGIO	0	4	7700	52636	90532	348	-2	0.04	0.04	0	
25/05/2011 14:12:57	TASTEGGIO	0	4	7700	52636	90704	348	-2	0.11	0.11	0	
25/05/2011 14:13:13	ALARM 401		
25/05/2011 14:13:20	ALARM 205		err.5005
25/05/2011 14:13:31	TASTEGGIO	1	0	7700	52636	90696	225	-2	0.11	0.11	0	
25/05/2011 14:13:55	TASTEGGIO	1	0	7700	52636	90713	318	-2	0.09	0.09	0	
25/05/2011 14:14:21	TASTEGGIO	1	0	7700	52636	90714	332	-1	0.09	0.09	0	
25/05/2011 14:14:50	TASTEGGIO	1	0	7700	52636	90714	345	-1	0.08	0.08	0	
25/05/2011 14:16:25	TASTEGGIO	1	0	7700	52636	90714	355	-1	0.07	0.07	0	
25/05/2011 14:16:57	TASTEGGIO	1	0	7700	52636	90690	364	-1	0.06	0.08	44500	
25/05/2011 14:17:51	TASTEGGIO	1	0	7700	52636	46208	377	-5	0.04	0.04	0	
25/05/2011 14:18:20	TASTEGGIO	1	0	7700	52636	90543	377	-5	0.07	0.07	-24500	
25/05/2011 14:18:43	TASTEGGIO	1	0	7700	52636	115013	220	0	0.07	0.07	0	
25/05/2011 14:19:01	TASTEGGIO	0	1	7700	52636	115018	234	0	0.07	0.07	0	
25/05/2011 14:19:19	TASTEGGIO	0	1	7700	52636	115019	255	0	0.07	0.07	0	
25/05/2011 14:19:39	TASTEGGIO	0	1	7700	52636	115020	276	-1	0.07	0.07	0	
25/05/2011 14:19:57	TASTEGGIO	0	1	7700	52636	115020	297	0	0.07	0.07	0	
25/05/2011 14:20:17	TASTEGGIO	0	1	7700	52636	115020	318	0	0.07	0.07	0	
25/05/2011 14:20:35	TASTEGGIO	0	1	7700	52636	115021	339	-1	0.06	0.06	0	
25/05/2011 14:20:54	TASTEGGIO	0	2	7700	52636	115021	349	-1	0.06	0.06	0	
25/05/2011 14:21:15	TASTEGGIO	0	1	7700	52636	115021	373	-1	0.05	0.05	0	
25/05/2011 14:21:34	TASTEGGIO	0	2	7700	52636	115021	381	-1	0.04	0.04	0	
25/05/2011 14:21:44	TASTEGGIO	0	2	7700	52636	90719	381	-1	0.04	0.05	-44500	
25/05/2011 14:22:05	TASTEGGIO	1	0	7700	52636	135166	218	0	0.05	0.05	0	
25/05/2011 14:22:16	TASTEGGIO	1	0	7700	52636	90717	218	0	0.04	0.05	-44500	
25/05/2011 14:24:02	TASTEGGIO	1	0	7700	52637	90711	218	0	0.13	0.13	24500	
25/05/2011 14:24:22	TASTEGGIO	1	0	7700	52637	66236	228	-1	0.12	0.12	0	
25/05/2011 14:24:39	TASTEGGIO	0	1	7700	52637	66235	250	-1	0.12	0.12	0	
25/05/2011 14:24:41	ALARM 401		
25/05/2011 14:24:48	ALARM 205		err.6058
25/05/2011 14:25:02	TASTEGGIO	0	1	7700	52637	90540	250	-1	0.12	0.13	24500	
25/05/2011 14:25:28	TASTEGGIO	0	1	7700	52637	66064	377	-5	0.08	0.08	0	
25/05/2011 14:25:49	TASTEGGIO	0	1	7700	52637	66060	355	-1	0.07	0.07	0	
25/05/2011 14:26:04	TASTEGGIO	0	1	7700	52637	90537	355	-1	0.08	0.08	0	
25/05/2011 14:26:29	TASTEGGIO	0	1	7700	52637	90534	380	-18	0.13	0.13	0	
25/05/2011 14:26:51	TASTEGGIO	0	1	7700	52637	90535	372	-5	0.09	0.09	0	
25/05/2011 14:27:13	TASTEGGIO	0	1	7700	52637	90536	368	-1	0.08	0.08	0	
25/05/2011 14:27:37	TASTEGGIO	0	1	7700	52637	90538	374	-1	0.08	0.08	0	
25/05/2011 14:27:50	TASTEGGIO	0	1	7700	52637	90547	374	-1	0.08	0.10	24500	
25/05/2011 14:28:16	TASTEGGIO	0	1	7700	52637	66075	385	-5	0.05	0.05	0	
25/05/2011 14:28:30	TASTEGGIO	0	1	7700	52637	90539	385	-5	0.04	0.07	-44500	
25/05/2011 14:28:57	TASTEGGIO	0	1	7700	52637	134989	372	-2	0.05	0.05	0	
25/05/2011 14:29:11	TASTEGGIO	0	1	7700	52637	90695	372	-2	0.04	0.07	44500	
25/05/2011 14:29:36	TASTEGGIO	0	1	7700	52637	46217	377	-3	0.04	0.04	0	
25/05/2011 14:29:53	TASTEGGIO	0	1	7700	52637	90537	377	-3	0.02	0.04	-44500	
25/05/2011 14:30:12	TASTEGGIO	0	1	7700	52637	90684	377	-3	0.02	0.04	-44500	
25/05/2011 14:31:57	TASTEGGIO	0	1	7700	52637	90707	377	-3	0.20	0.25	-24500	
25/05/2011 14:32:19	TASTEGGIO	1	0	7700	52637	115164	243	-1	0.24	0.24	0	
25/05/2011 14:32:37	TASTEGGIO	0	1	7700	52637	115174	289	-1	0.23	0.23	0	
25/05/2011 14:32:39	ALARM 401		
25/05/2011 14:32:46	ALARM 201		err.6059
25/05/2011 14:33:01	TASTEGGIO	0	1	7700	52637	90708	289	-1	0.19	0.22	-24500	
25/05/2011 14:33:28	TASTEGGIO	0	1	7700	52637	115154	431	-13	0.11	0.11	0	
25/05/2011 14:33:44	TASTEGGIO	0	1	7700	52637	90697	431	-13	0.08	0.11	44500	
25/05/2011 14:34:12	TASTEGGIO	0	1	7700	52637	46219	397	-2	0.09	0.09	0	
25/05/2011 14:34:34	TASTEGGIO	0	1	7700	52637	90534	397	-2	0.07	0.10	-44500	
25/05/2011 14:36:17	TASTEGGIO	0	1	7700	52637	90516	397	-2	0.57	0.65	24500	
25/05/2011 14:36:20	ALARM 401		
25/05/2011 14:36:36	TASTEGGIO	0	1	7700	52637	90513	397	-2	0.57	0.65	24500	
25/05/2011 14:37:19	TASTEGGIO	0	1	7700	52637	66048	438	-5	0.59	0.59	0	
25/05/2011 14:37:58	TASTEGGIO	0	1	7700	52637	66042	483	-8	0.50	0.50	0	
25/05/2011 14:38:30	TASTEGGIO	0	1	7700	52637	66036	501	-6	0.44	0.44	0	
25/05/2011 14:39:02	TASTEGGIO	0	1	7700	52637	66036	523	-8	0.35	0.35	0	
25/05/2011 14:39:32	TASTEGGIO	0	1	7700	52637	66036	549	-12	0.24	0.24	0	
25/05/2011 14:40:08	TASTEGGIO	0	1	7700	52637	90342	528	-8	0.20	0.20	0	
25/05/2011 14:40:37	TASTEGGIO	0	1	7700	52637	90339	495	-32	0.11	0.11	0	
25/05/2011 14:40:59	TASTEGGIO	0	1	7700	52637	90345	495	-32	0.11	0.17	-44500	
25/05/2011 14:41:21	TASTEGGIO	1	0	7700	52637	134796	233	0	0.17	0.17	0	
25/05/2011 14:41:38	TASTEGGIO	0	1	7700	52637	134807	267	0	0.17	0.17	0	
25/05/2011 14:41:58	TASTEGGIO	0	1	7700	52637	134815	318	-1	0.16	0.16	0	
25/05/2011 14:42:18	TASTEGGIO	0	1	7700	52637	134819	363	-2	0.14	0.14	0	
25/05/2011 14:42:29	TASTEGGIO	0	1	7700	52637	90524	363	-2	0.08	0.14	-44500	
25/05/2011 14:42:51	TASTEGGIO	1	0	7700	52637	134965	229	0	0.14	0.14	0	
25/05/2011 14:43:08	TASTEGGIO	0	1	7700	52637	134981	257	0	0.13	0.13	0	
25/05/2011 14:43:28	TASTEGGIO	0	1	7700	52637	134991	293	0	0.13	0.13	0	
25/05/2011 14:43:38	TASTEGGIO	0	1	7700	52637	90508	293	0	0.07	0.14	-44500	
25/05/2011 14:44:00	TASTEGGIO	1	0	7700	52637	134951	229	0	0.14	0.14	0	
25/05/2011 14:44:19	TASTEGGIO	0	1	7700	52637	134964	257	0	0.13	0.13	0	
25/05/2011 14:44:30	TASTEGGIO	0	1	7700	52637	90493	257	0	0.07	0.13	-44500	
25/05/2011 14:45:25	ALARM 17	proc 12 prog 10 step 47	LavoroTerminato
25/05/2011 14:48:54	TASTEGGIO	0	1	9000	57735	126985	257	0	0.83	0.88	-24500	
25/05/2011 14:49:16	TASTEGGIO	1	0	9000	57735	151460	325	-35	0.56	0.56	0	
25/05/2011 14:49:36	TASTEGGIO	0	1	9000	57735	151460	360	-42	0.15	0.15	0	
25/05/2011 14:49:56	TASTEGGIO	0	0	9000	57735	151460	231	0	0.15	0.15	0	
25/05/2011 14:50:16	TASTEGGIO	0	1	9000	57735	151460	261	0	0.14	0.14	0	
25/05/2011 14:50:26	TASTEGGIO	0	1	9000	57735	127056	261	0	0.18	0.28	44500	
25/05/2011 14:50:48	TASTEGGIO	1	0	9000	57735	82585	247	-12	0.16	0.16	0	
25/05/2011 14:51:06	TASTEGGIO	0	1	9000	57735	82584	256	-9	0.07	0.07	0	
25/05/2011 14:51:17	TASTEGGIO	0	1	9000	57735	126958	256	-9	0.12	0.24	-44500	
25/05/2011 14:51:39	TASTEGGIO	1	0	9000	57735	171396	242	-18	0.07	0.07	0	
25/05/2011 14:51:50	TASTEGGIO	1	0	9000	57735	127059	242	-18	0.01	0.11	44500	
25/05/2011 14:52:13	TASTEGGIO	1	0	9000	57735	82583	225	-9	0.06	0.06	0	
25/05/2011 14:52:24	TASTEGGIO	1	0	9000	57735	126965	225	-9	0.06	0.12	-44500	
25/05/2011 14:52:47	TASTEGGIO	1	0	9000	57735	171391	227	-8	0.03	0.03	0	
25/05/2011 14:52:58	TASTEGGIO	1	0	9000	57735	127052	227	-8	0.02	0.09	44500	
25/05/2011 14:54:52	TASTEGGIO	1	0	9000	57735	127168	227	-8	0.81	0.91	24500	
25/05/2011 14:55:16	TASTEGGIO	1	0	9000	57735	102690	329	-29	0.64	0.64	0	
25/05/2011 14:55:36	TASTEGGIO	0	1	9000	57735	102689	374	-40	0.24	0.24	0	
25/05/2011 14:55:54	TASTEGGIO	0	0	9000	57735	102688	242	0	0.24	0.24	0	
25/05/2011 14:56:13	TASTEGGIO	0	1	9000	57735	102688	290	-2	0.22	0.22	0	
25/05/2011 14:56:34	TASTEGGIO	0	1	9000	57735	102688	350	-11	0.12	0.12	0	
25/05/2011 14:56:44	TASTEGGIO	0	1	9000	57735	127072	350	-11	0.13	0.21	44500	
25/05/2011 14:57:06	TASTEGGIO	1	0	9000	57735	82603	238	-8	0.13	0.13	0	
25/05/2011 14:57:16	TASTEGGIO	1	0	9000	57735	127066	238	-8	0.07	0.14	44500	
25/05/2011 14:57:38	TASTEGGIO	1	0	9000	57735	82594	229	-4	0.09	0.09	0	
25/05/2011 14:57:49	TASTEGGIO	1	0	9000	57735	127068	229	-4	0.07	0.10	44500	
25/05/2011 14:59:43	TASTEGGIO	1	0	9000	57735	127165	229	-4	0.14	0.24	-44500	
25/05/2011 15:00:05	TASTEGGIO	1	0	9000	57735	171600	242	-28	0.07	0.07	0	
25/05/2011 15:00:15	TASTEGGIO	1	0	9000	57735	127165	242	-28	0.12	0.14	24500	
25/05/2011 15:00:39	TASTEGGIO	1	0	9000	57735	102696	229	-22	0.09	0.09	0	
25/05/2011 15:00:49	TASTEGGIO	1	0	9000	57735	127072	229	-22	0.07	0.14	-44500	
25/05/2011 15:01:12	TASTEGGIO	1	0	9000	57735	171518	229	-12	0.02	0.02	0	
25/05/2011 15:01:23	TASTEGGIO	1	0	9000	57735	127165	229	-12	0.06	0.08	24500	
25/05/2011 15:03:17	TASTEGGIO	1	0	9000	57734	127270	229	-12	0.08	0.09	44500	
25/05/2011 15:05:09	TASTEGGIO	1	0	9000	57734	127172	229	-12	0.10	0.13	44500	
25/05/2011 15:05:31	TASTEGGIO	1	0	9000	57734	82712	228	-12	0.02	0.02	0	
25/05/2011 15:05:42	TASTEGGIO	1	0	9000	57734	127063	228	-12	0.02	0.04	-44500	
25/05/2011 15:07:35	TASTEGGIO	1	0	9000	57734	127272	228	-12	0.14	0.16	-44500	
25/05/2011 15:07:57	TASTEGGIO	1	0	9000	57734	171707	232	-22	0.09	0.09	0	
25/05/2011 15:08:07	TASTEGGIO	1	0	9000	57734	127273	232	-22	0.03	0.08	-44500	
25/05/2011 15:09:18	ALARM 17	proc 12 prog 10 step 47	LavoroTerminato
26/05/2011 08:34:35	ALARM 401		
26/05/2011 08:34:37	INIT OK
26/05/2011 08:52:39	TASTEGGIO	0	0	5300	43229	92153	0	0	0.03	0.09	44500	
26/05/2011 08:52:58	TASTEGGIO	1	0	5300	43229	47711	75	-6	0.04	0.04	0	
26/05/2011 08:53:09	TASTEGGIO	1	0	5300	43229	92128	75	-6	0.05	0.05	-24500	
26/05/2011 08:53:27	TASTEGGIO	1	0	5300	43229	116592	68	-5	0.01	0.01	0	
26/05/2011 08:53:37	TASTEGGIO	1	0	5300	43229	92285	68	-5	0.01	0.07	44500	
26/05/2011 08:53:56	TASTEGGIO	1	0	5300	43229	47839	72	-1	0.06	0.06	0	
26/05/2011 08:54:11	TASTEGGIO	0	1	5300	43229	47832	77	-2	0.05	0.05	0	
26/05/2011 08:54:27	TASTEGGIO	0	2	5300	43229	47826	85	0	0.05	0.05	0	
26/05/2011 08:54:42	TASTEGGIO	0	1	5300	43229	47824	105	-2	0.05	0.05	0	
26/05/2011 08:54:58	TASTEGGIO	0	1	5300	43229	47820	120	-2	0.04	0.04	0	
26/05/2011 08:55:08	TASTEGGIO	0	1	5300	43229	92124	120	-2	0.03	0.05	24500	
26/05/2011 08:55:26	TASTEGGIO	1	0	5300	43229	67690	68	-2	0.02	0.02	0	
26/05/2011 08:55:35	TASTEGGIO	1	0	5300	43229	92127	68	-2	0.05	0.05	0	
26/05/2011 08:57:31	TASTEGGIO	1	0	5300	43228	92362	68	-2	0.12	0.12	0	
26/05/2011 08:57:49	TASTEGGIO	1	0	5300	43228	92369	80	-1	0.12	0.12	0	
26/05/2011 08:58:05	TASTEGGIO	0	1	5300	43228	92369	104	-1	0.10	0.10	0	
26/05/2011 08:58:24	TASTEGGIO	0	2	5300	43228	92369	120	-3	0.07	0.07	0	
26/05/2011 08:58:41	TASTEGGIO	0	3	5300	43228	92370	128	-5	0.02	0.02	0	
26/05/2011 08:58:49	TASTEGGIO	0	3	5300	43228	92362	128	-5	0.03	0.07	44500	
26/05/2011 08:59:08	TASTEGGIO	1	0	5300	43228	47918	72	-1	0.05	0.05	0	
26/05/2011 08:59:18	TASTEGGIO	1	0	5300	43228	92230	72	-1	0.03	0.07	44500	
26/05/2011 08:59:37	TASTEGGIO	1	0	5300	43228	47766	72	0	0.05	0.05	0	
26/05/2011 08:59:47	TASTEGGIO	1	0	5300	43228	92228	72	0	0.03	0.06	44500	
26/05/2011 09:00:06	TASTEGGIO	1	0	5300	43228	47768	70	0	0.05	0.05	0	
26/05/2011 09:00:16	TASTEGGIO	1	0	5300	43228	92236	70	0	0.03	0.06	44500	
26/05/2011 09:00:34	TASTEGGIO	1	0	5300	43228	47778	70	0	0.06	0.06	0	
26/05/2011 09:00:48	TASTEGGIO	0	1	5300	43228	47775	82	0	0.05	0.05	0	
26/05/2011 09:00:57	TASTEGGIO	0	1	5300	43228	92233	82	0	0.03	0.07	-44500	
26/05/2011 09:01:16	TASTEGGIO	1	0	5300	43228	136693	72	-3	0.04	0.04	0	
26/05/2011 09:01:26	TASTEGGIO	1	0	5300	43228	92382	72	-3	0.04	0.06	44500	
26/05/2011 09:01:45	TASTEGGIO	1	0	5300	43228	47935	70	0	0.05	0.05	0	
26/05/2011 09:01:55	TASTEGGIO	1	0	5300	43228	92230	70	0	0.05	0.06	44500	
26/05/2011 09:02:13	TASTEGGIO	1	0	5300	43228	47775	70	-1	0.05	0.05	0	
26/05/2011 09:02:24	TASTEGGIO	1	0	5300	43228	92227	70	-1	0.04	0.05	44500	
26/05/2011 09:04:28	TASTEGGIO	1	0	5300	43228	92467	70	-1	0.07	0.07	0	
26/05/2011 09:04:46	TASTEGGIO	1	0	5300	43228	92478	72	-2	0.06	0.06	0	
26/05/2011 09:05:02	TASTEGGIO	0	1	5300	43228	92479	77	0	0.06	0.06	0	
26/05/2011 09:05:19	TASTEGGIO	0	1	5300	43228	92479	95	0	0.06	0.06	0	
26/05/2011 09:05:37	TASTEGGIO	0	1	5300	43228	92480	113	0	0.06	0.06	0	
26/05/2011 09:05:54	TASTEGGIO	0	1	5300	43228	92480	131	0	0.06	0.06	0	
26/05/2011 09:06:12	TASTEGGIO	0	1	5300	43228	92480	149	0	0.05	0.05	0	
26/05/2011 09:06:20	TASTEGGIO	0	1	5300	43228	92472	149	0	0.06	0.07	44500	
26/05/2011 09:06:40	TASTEGGIO	1	0	5300	43228	48027	72	0	0.06	0.06	0	
26/05/2011 09:06:55	TASTEGGIO	0	1	5300	43228	48021	77	-1	0.06	0.06	0	
26/05/2011 09:07:09	TASTEGGIO	0	1	5300	43228	48016	95	0	0.06	0.06	0	
26/05/2011 09:07:25	TASTEGGIO	0	1	5300	43228	48010	113	0	0.06	0.06	0	
26/05/2011 09:07:41	TASTEGGIO	0	1	5300	43228	48006	131	0	0.06	0.06	0	
26/05/2011 09:07:58	TASTEGGIO	0	1	5300	43228	48002	149	-1	0.06	0.06	0	
26/05/2011 09:08:14	TASTEGGIO	0	1	5300	43228	48000	167	0	0.05	0.05	0	
26/05/2011 09:08:24	TASTEGGIO	0	1	5300	43228	92324	167	0	0.07	0.07	0	
26/05/2011 09:08:42	TASTEGGIO	1	0	5300	43228	92320	72	0	0.07	0.07	0	
26/05/2011 09:08:58	TASTEGGIO	0	1	5300	43228	92321	86	0	0.07	0.07	0	
26/05/2011 09:09:16	TASTEGGIO	0	1	5300	43228	92321	107	0	0.06	0.06	0	
26/05/2011 09:09:34	TASTEGGIO	0	2	5300	43228	92321	117	0	0.06	0.06	0	
26/05/2011 09:09:53	TASTEGGIO	0	1	5300	43228	92322	141	0	0.06	0.06	0	
26/05/2011 09:10:11	TASTEGGIO	0	1	5300	43228	92321	159	0	0.06	0.06	0	
26/05/2011 09:10:31	TASTEGGIO	0	1	5300	43228	92321	177	-1	0.04	0.04	0	
26/05/2011 09:10:38	TASTEGGIO	0	1	5300	43228	92330	177	-1	0.05	0.07	44500	
26/05/2011 09:10:58	TASTEGGIO	1	0	5300	43228	47862	72	-2	0.06	0.06	0	
26/05/2011 09:11:12	TASTEGGIO	0	1	5300	43228	47859	77	0	0.07	0.07	0	
26/05/2011 09:11:27	TASTEGGIO	0	1	5300	43228	47858	101	0	0.07	0.07	0	
26/05/2011 09:11:42	TASTEGGIO	0	1	5300	43228	47856	122	0	0.06	0.06	0	
26/05/2011 09:11:57	TASTEGGIO	0	2	5300	43228	47856	132	0	0.06	0.06	0	
26/05/2011 09:12:14	TASTEGGIO	0	1	5300	43228	47856	156	0	0.06	0.06	0	
26/05/2011 09:12:31	TASTEGGIO	0	1	5300	43228	47855	174	-1	0.06	0.06	0	
26/05/2011 09:12:47	TASTEGGIO	0	1	5300	43228	47915	192	-1	0.05	0.05	0	
26/05/2011 09:12:58	TASTEGGIO	0	1	5300	43228	92332	192	-1	0.07	0.07	0	
26/05/2011 09:13:16	TASTEGGIO	1	0	5300	43228	92328	72	-1	0.07	0.07	0	
26/05/2011 09:13:31	TASTEGGIO	0	1	5300	43228	92328	86	0	0.07	0.07	0	
26/05/2011 09:13:48	TASTEGGIO	0	1	5300	43228	92329	107	0	0.06	0.06	0	
26/05/2011 09:14:07	TASTEGGIO	0	2	5300	43228	92329	117	0	0.06	0.06	0	
26/05/2011 09:14:24	TASTEGGIO	0	1	5300	43228	92329	141	0	0.06	0.06	0	
26/05/2011 09:14:44	TASTEGGIO	0	1	5300	43228	92329	159	0	0.06	0.06	0	
26/05/2011 09:15:03	TASTEGGIO	0	1	5300	43228	92329	177	0	0.05	0.05	0	
26/05/2011 09:15:11	TASTEGGIO	0	1	5300	43228	92336	177	0	0.05	0.07	44500	
26/05/2011 09:17:14	TASTEGGIO	1	0	5300	43228	92360	72	0	0.08	0.08	0	
26/05/2011 09:17:31	TASTEGGIO	1	0	5300	43228	92364	73	-4	0.06	0.06	0	
26/05/2011 09:17:46	TASTEGGIO	0	1	5300	43228	92366	77	-1	0.05	0.05	0	
26/05/2011 09:17:54	TASTEGGIO	0	1	5300	43228	92358	77	-1	0.05	0.05	0	
26/05/2011 09:19:43	TASTEGGIO	0	1	5300	43228	92264	77	-1	0.05	0.05	-44500	
26/05/2011 09:21:31	TASTEGGIO	0	1	5300	43227	92357	77	-1	0.05	0.06	44500	
26/05/2011 09:21:51	TASTEGGIO	1	0	5300	43227	47928	70	-3	0.05	0.05	0	
26/05/2011 09:22:01	TASTEGGIO	1	0	5300	43227	92235	70	-3	0.05	0.06	-24500	
26/05/2011 09:22:19	TASTEGGIO	1	0	5300	43227	116705	70	-1	0.05	0.05	0	
26/05/2011 09:22:28	TASTEGGIO	1	0	5300	43227	92378	70	-1	0.04	0.05	-24500	
26/05/2011 09:24:15	TASTEGGIO	1	0	5300	43227	92358	70	-1	0.04	0.04	-24500	
26/05/2011 09:26:04	TASTEGGIO	1	0	5300	43227	92463	70	-1	0.09	0.09	24500	
26/05/2011 09:26:22	TASTEGGIO	1	0	5300	43227	68054	75	-7	0.04	0.04	0	
26/05/2011 09:26:31	TASTEGGIO	1	0	5300	43227	92331	75	-7	0.08	0.09	-44500	
26/05/2011 09:26:51	TASTEGGIO	1	0	5300	43227	136792	75	-2	0.07	0.07	0	
26/05/2011 09:27:05	TASTEGGIO	0	1	5300	43227	136795	80	0	0.07	0.07	0	
26/05/2011 09:27:20	TASTEGGIO	0	1	5300	43227	136797	101	-1	0.06	0.06	0	
26/05/2011 09:27:36	TASTEGGIO	0	2	5300	43227	136799	111	-2	0.05	0.05	0	
26/05/2011 09:27:46	TASTEGGIO	0	2	5300	43227	92493	111	-2	0.09	0.09	0	
26/05/2011 09:28:04	TASTEGGIO	1	0	5300	43227	92499	75	-2	0.06	0.06	0	
26/05/2011 09:28:19	TASTEGGIO	0	1	5300	43227	92500	78	-1	0.05	0.05	0	
26/05/2011 09:28:26	TASTEGGIO	0	1	5300	43227	92494	78	-1	0.06	0.08	44500	
26/05/2011 09:28:45	TASTEGGIO	1	0	5300	43227	48040	73	-4	0.06	0.06	0	
26/05/2011 09:29:00	TASTEGGIO	0	1	5300	43227	48037	77	-1	0.05	0.05	0	
26/05/2011 09:29:10	TASTEGGIO	0	1	5300	43227	92327	77	-1	0.08	0.08	0	
26/05/2011 09:29:27	TASTEGGIO	1	0	5300	43227	92323	73	-1	0.07	0.07	0	
26/05/2011 09:29:44	TASTEGGIO	0	1	5300	43227	92324	79	0	0.06	0.06	0	
26/05/2011 09:29:59	TASTEGGIO	0	2	5300	43227	92324	89	-1	0.05	0.05	0	
26/05/2011 09:30:07	TASTEGGIO	0	2	5300	43227	92329	89	-1	0.05	0.07	44500	
26/05/2011 09:30:26	TASTEGGIO	1	0	5300	43227	47882	72	0	0.06	0.06	0	
26/05/2011 09:30:42	TASTEGGIO	0	1	5300	43227	47876	77	-1	0.06	0.06	0	
26/05/2011 09:30:57	TASTEGGIO	0	1	5300	43227	47872	95	0	0.06	0.06	0	
26/05/2011 09:31:12	TASTEGGIO	0	1	5300	43227	47870	113	0	0.05	0.05	0	
26/05/2011 09:31:22	TASTEGGIO	0	1	5300	43227	92330	113	0	0.07	0.07	0	
26/05/2011 09:31:40	TASTEGGIO	1	0	5300	43227	92327	72	0	0.06	0.06	0	
26/05/2011 09:31:56	TASTEGGIO	0	1	5300	43227	92327	77	0	0.06	0.06	0	
26/05/2011 09:32:12	TASTEGGIO	0	1	5300	43227	92327	95	-1	0.05	0.05	0	
26/05/2011 09:32:20	TASTEGGIO	0	1	5300	43227	92332	95	-1	0.05	0.08	44500	
26/05/2011 09:32:39	TASTEGGIO	1	0	5300	43227	47874	73	-1	0.06	0.06	0	
26/05/2011 09:32:49	TASTEGGIO	1	0	5300	43227	92329	73	-1	0.05	0.07	44500	
26/05/2011 09:33:08	TASTEGGIO	1	0	5300	43227	47873	72	0	0.06	0.06	0	
26/05/2011 09:33:18	TASTEGGIO	1	0	5300	43227	92329	72	0	0.05	0.08	44500	
26/05/2011 09:33:36	TASTEGGIO	1	0	5300	43227	47863	73	0	0.06	0.06	0	
26/05/2011 09:33:46	TASTEGGIO	1	0	5300	43227	92329	73	0	0.05	0.07	44500	
26/05/2011 09:34:04	TASTEGGIO	1	0	5300	43227	47866	72	0	0.06	0.06	0	
26/05/2011 09:34:14	TASTEGGIO	1	0	5300	43227	92331	72	0	0.06	0.07	44500	
26/05/2011 09:34:33	TASTEGGIO	1	0	5300	43227	47867	72	-1	0.05	0.05	0	
26/05/2011 09:34:43	TASTEGGIO	1	0	5300	43227	92335	72	-1	0.06	0.06	0	
26/05/2011 09:36:42	TASTEGGIO	1	0	5300	43227	92357	72	-1	0.09	0.10	24500	
26/05/2011 09:37:00	TASTEGGIO	1	0	5300	43227	67946	77	-1	0.09	0.09	0	
26/05/2011 09:37:14	TASTEGGIO	0	1	5300	43227	67933	85	0	0.09	0.09	0	
26/05/2011 09:37:30	TASTEGGIO	0	1	5300	43227	67922	112	0	0.09	0.09	0	
26/05/2011 09:37:46	TASTEGGIO	0	1	5300	43227	67913	139	-1	0.08	0.08	0	
26/05/2011 09:38:05	TASTEGGIO	0	2	5300	43227	67904	153	-2	0.07	0.07	0	
26/05/2011 09:38:23	TASTEGGIO	0	3	5300	43227	67898	171	-4	0.04	0.04	0	
26/05/2011 09:38:32	TASTEGGIO	0	3	5300	43227	92232	171	-4	0.06	0.06	0	
26/05/2011 09:40:21	TASTEGGIO	0	3	5300	43227	92357	171	-4	0.03	0.06	-24500	
26/05/2011 09:42:16	TASTEGGIO	0	3	5300	43227	92262	171	-4	0.02	0.03	44500	
26/05/2011 09:44:36	TASTEGGIO	0	3	5300	43227	92266	171	-4	0.06	0.06	0	
26/05/2011 09:46:23	TASTEGGIO	0	3	5300	43227	92355	171	-4	0.06	0.06	0	
26/05/2011 09:48:19	TASTEGGIO	0	3	5300	43226	92259	171	-4	0.03	0.08	24500	
26/05/2011 09:48:37	TASTEGGIO	1	0	5300	43226	67839	73	-4	0.04	0.04	0	
26/05/2011 09:48:47	TASTEGGIO	1	0	5300	43226	92128	73	-4	0.02	0.05	24500	
26/05/2011 09:50:36	TASTEGGIO	1	0	5300	43227	92358	73	-4	0.05	0.06	-24500	
26/05/2011 09:52:47	TASTEGGIO	1	0	5300	43227	92354	73	-4	0.02	0.03	24500	
26/05/2011 09:55:02	TASTEGGIO	1	0	5300	43226	92464	73	-4	0.12	0.12	0	
26/05/2011 09:55:19	TASTEGGIO	1	0	5300	43226	92479	80	-5	0.08	0.08	0	
26/05/2011 09:55:34	TASTEGGIO	0	1	5300	43226	92479	85	-2	0.06	0.06	0	
26/05/2011 09:55:41	TASTEGGIO	0	1	5300	43226	92470	85	-2	0.06	0.06	0	
26/05/2011 09:57:29	TASTEGGIO	0	1	5300	43226	92353	85	-2	0.02	0.08	-24500	
26/05/2011 09:57:47	TASTEGGIO	1	0	5300	43226	116827	73	-4	0.06	0.06	0	
26/05/2011 09:57:57	TASTEGGIO	1	0	5300	43226	92377	73	-4	0.01	0.07	-44500	
26/05/2011 09:58:15	TASTEGGIO	1	0	5300	43226	136827	72	-1	0.05	0.05	0	
26/05/2011 09:58:25	TASTEGGIO	1	0	5300	43226	92378	72	-1	0.01	0.06	44500	
26/05/2011 10:00:16	TASTEGGIO	1	0	5300	43226	92358	72	-1	0.03	0.06	44500	
26/05/2011 10:02:44	TASTEGGIO	1	0	5300	43226	92666	72	-1	0.07	0.07	0	
26/05/2011 10:03:01	TASTEGGIO	1	0	5300	43226	92679	72	-1	0.06	0.06	0	
26/05/2011 10:03:08	TASTEGGIO	1	0	5300	43226	92671	72	-1	0.06	0.07	-44500	
26/05/2011 10:03:27	TASTEGGIO	1	0	5300	43226	137142	72	-3	0.04	0.04	0	
26/05/2011 10:03:37	TASTEGGIO	1	0	5300	43226	92692	72	-3	0.05	0.06	44500	
26/05/2011 10:05:26	TASTEGGIO	1	0	5300	43226	92365	72	-3	0.08	0.11	-24500	
26/05/2011 10:05:45	TASTEGGIO	1	0	5300	43226	116835	79	-2	0.11	0.11	0	
26/05/2011 10:06:01	TASTEGGIO	0	1	5300	43226	116838	101	0	0.10	0.10	0	
26/05/2011 10:06:18	TASTEGGIO	0	1	5300	43226	116838	128	-3	0.07	0.07	0	
26/05/2011 10:06:36	TASTEGGIO	0	2	5300	43226	116839	134	-1	0.06	0.06	0	
26/05/2011 10:06:45	TASTEGGIO	0	2	5300	43226	92382	134	-1	0.04	0.06	-24500	
26/05/2011 10:08:40	TASTEGGIO	0	2	5300	43226	92164	134	-1	0.04	0.06	44500	
26/05/2011 10:09:50	ALARM 17	proc 12 prog 10 step 47	LavoroTerminato
26/05/2011 13:10:41	TASTEGGIO	0	2	5300	43227	92355	134	-1	0.06	0.07	-44500	
26/05/2011 13:11:00	TASTEGGIO	1	0	5300	43227	136834	72	-4	0.04	0.04	0	
26/05/2011 13:11:10	TASTEGGIO	1	0	5300	43227	92382	72	-4	0.04	0.05	24500	
26/05/2011 13:13:24	TASTEGGIO	1	0	5300	43227	92359	72	-4	0.01	0.02	-44500	
26/05/2011 13:15:29	TASTEGGIO	1	0	5300	43227	92164	72	-4	0.02	0.07	-44500	
26/05/2011 13:15:48	TASTEGGIO	1	0	5300	43227	136638	72	-2	0.08	0.08	0	
26/05/2011 13:16:03	TASTEGGIO	0	1	5300	43227	136639	90	-1	0.07	0.07	0	
26/05/2011 13:16:17	TASTEGGIO	0	2	5300	43227	136639	102	-1	0.07	0.07	0	
26/05/2011 13:16:34	TASTEGGIO	0	1	5300	43227	136639	130	-1	0.07	0.07	0	
26/05/2011 13:16:51	TASTEGGIO	0	1	5300	43227	136640	151	-2	0.07	0.07	0	
26/05/2011 13:17:07	TASTEGGIO	0	1	5300	43227	136640	172	-3	0.05	0.05	0	
26/05/2011 13:17:17	TASTEGGIO	0	1	5300	43227	92194	172	-3	0.02	0.07	44500	
26/05/2011 13:17:36	TASTEGGIO	1	0	5300	43227	47750	72	-6	0.04	0.04	0	
26/05/2011 13:17:46	TASTEGGIO	1	0	5300	43227	92022	72	-6	0.06	0.06	0	
26/05/2011 13:19:52	TASTEGGIO	1	0	5300	43227	92363	72	-6	0.07	0.10	24500	
26/05/2011 13:20:10	TASTEGGIO	1	0	5300	43227	67945	77	-1	0.09	0.09	0	
26/05/2011 13:20:25	TASTEGGIO	0	1	5300	43227	67932	85	0	0.09	0.09	0	
26/05/2011 13:20:40	TASTEGGIO	0	1	5300	43227	67922	112	-1	0.08	0.08	0	
26/05/2011 13:20:57	TASTEGGIO	0	2	5300	43227	67914	126	-2	0.06	0.06	0	
26/05/2011 13:21:07	TASTEGGIO	0	2	5300	43227	92234	126	-2	0.04	0.07	44500	
26/05/2011 13:21:26	TASTEGGIO	1	0	5300	43227	47778	72	-5	0.02	0.02	0	
26/05/2011 13:21:36	TASTEGGIO	1	0	5300	43227	92227	72	-5	0.04	0.06	-44500	
26/05/2011 13:23:49	TASTEGGIO	1	0	5300	43227	92355	72	-5	0.10	0.11	-24500	
26/05/2011 13:24:07	TASTEGGIO	1	0	5300	43227	116830	79	-2	0.10	0.10	0	
26/05/2011 13:24:23	TASTEGGIO	0	1	5300	43227	116831	97	-1	0.09	0.09	0	
26/05/2011 13:24:41	TASTEGGIO	0	2	5300	43227	116831	113	-1	0.08	0.08	0	
26/05/2011 13:24:59	TASTEGGIO	0	3	5300	43227	116831	134	-4	0.03	0.03	0	
26/05/2011 13:25:08	TASTEGGIO	0	3	5300	43227	92384	134	-4	0.05	0.05	-44500	
26/05/2011 13:27:02	TASTEGGIO	0	3	5300	43227	92360	134	-4	0.06	0.06	0	
26/05/2011 13:29:06	TASTEGGIO	0	3	5300	43227	92462	134	-4	0.07	0.11	-24500	
26/05/2011 13:29:24	TASTEGGIO	1	0	5300	43227	116940	79	-4	0.08	0.08	0	
26/05/2011 13:29:41	TASTEGGIO	0	1	5300	43227	116941	84	-2	0.06	0.06	0	
26/05/2011 13:29:50	TASTEGGIO	0	1	5300	43227	92486	84	-2	0.03	0.07	-24500	
26/05/2011 13:30:09	TASTEGGIO	1	0	5300	43227	116956	72	0	0.06	0.06	0	
26/05/2011 13:30:18	TASTEGGIO	1	0	5300	43227	92492	72	0	0.03	0.07	-24500	
26/05/2011 13:30:37	TASTEGGIO	1	0	5300	43227	116958	72	0	0.06	0.06	0	
26/05/2011 13:30:46	TASTEGGIO	1	0	5300	43227	92491	72	0	0.03	0.07	-24500	
26/05/2011 13:31:05	TASTEGGIO	1	0	5300	43227	116962	72	-1	0.06	0.06	0	
26/05/2011 13:31:14	TASTEGGIO	1	0	5300	43227	92488	72	-1	0.03	0.06	-24500	
26/05/2011 13:33:02	TASTEGGIO	1	0	5300	43226	92263	72	-1	0.05	0.05	-24500	
26/05/2011 13:34:57	TASTEGGIO	1	0	5300	43226	92258	72	-1	0.10	0.13	24500	
26/05/2011 13:35:14	TASTEGGIO	1	0	5300	43226	67835	82	-3	0.10	0.10	0	
26/05/2011 13:35:30	TASTEGGIO	0	1	5300	43226	67821	89	-1	0.09	0.09	0	
26/05/2011 13:35:45	TASTEGGIO	0	2	5300	43226	67811	105	-1	0.08	0.08	0	
26/05/2011 13:36:02	TASTEGGIO	0	3	5300	43226	67803	126	-3	0.05	0.05	0	
26/05/2011 13:36:12	TASTEGGIO	0	3	5300	43226	92130	126	-3	0.05	0.09	44500	
26/05/2011 13:36:31	TASTEGGIO	1	0	5300	43226	47674	75	-1	0.07	0.07	0	
26/05/2011 13:36:45	TASTEGGIO	0	1	5300	43226	47673	80	0	0.07	0.07	0	
26/05/2011 13:37:01	TASTEGGIO	0	1	5300	43226	47670	101	-1	0.07	0.07	0	
26/05/2011 13:37:17	TASTEGGIO	0	1	5300	43226	47669	122	-1	0.06	0.06	0	
26/05/2011 13:37:27	TASTEGGIO	0	1	5300	43226	92131	122	-1	0.07	0.07	44500	
26/05/2011 13:37:46	TASTEGGIO	1	0	5300	43226	47670	72	-1	0.06	0.06	0	
26/05/2011 13:37:56	TASTEGGIO	1	0	5300	43226	92132	72	-1	0.07	0.08	44500	
26/05/2011 13:38:15	TASTEGGIO	1	0	5300	43226	47673	73	0	0.06	0.06	0	
26/05/2011 13:38:25	TASTEGGIO	1	0	5300	43226	92136	73	0	0.07	0.07	44500	
26/05/2011 13:38:44	TASTEGGIO	1	0	5300	43226	47679	72	-1	0.07	0.07	0	
26/05/2011 13:38:59	TASTEGGIO	0	1	5300	43226	47676	86	0	0.07	0.07	0	
26/05/2011 13:39:15	TASTEGGIO	0	1	5300	43226	47673	107	0	0.07	0.07	0	
26/05/2011 13:39:30	TASTEGGIO	0	1	5300	43226	47674	128	0	0.06	0.06	0	
26/05/2011 13:39:40	TASTEGGIO	0	1	5300	43226	92131	128	0	0.07	0.07	44500	
