21/10/2011 13:39:06	TASTEGGIO	1	0	10000	61660	62170	104	-11	0.15	0.15	0	
21/10/2011 13:39:28	TASTEGGIO	0	1	10000	61660	62169	117	0	0.14	0.14	0	
21/10/2011 13:39:39	TASTEGGIO	0	1	10000	61660	86636	117	0	0.11	0.17	24500	
21/10/2011 13:40:01	TASTEGGIO	1	0	10000	61660	62163	104	-11	0.14	0.14	0	
21/10/2011 13:40:11	TASTEGGIO	1	0	10000	61660	86641	104	-11	0.11	0.16	24500	
21/10/2011 13:40:35	TASTEGGIO	1	0	10000	61660	62172	103	0	0.16	0.16	0	
21/10/2011 13:40:55	TASTEGGIO	0	1	10000	61660	62172	119	-14	0.12	0.12	0	
21/10/2011 13:41:06	TASTEGGIO	0	1	10000	61660	86650	119	-14	0.09	0.13	24500	
21/10/2011 13:41:30	TASTEGGIO	1	0	10000	61660	62178	100	-2	0.11	0.11	0	
21/10/2011 13:41:51	TASTEGGIO	0	1	10000	61660	62177	109	0	0.11	0.11	0	
21/10/2011 13:42:13	TASTEGGIO	0	2	10000	61660	62177	131	0	0.10	0.10	0	
21/10/2011 13:42:34	TASTEGGIO	0	3	10000	61660	62180	158	0	0.11	0.11	0	
21/10/2011 13:42:59	TASTEGGIO	0	4	10000	61660	62188	206	0	0.10	0.10	0	
21/10/2011 13:43:24	TASTEGGIO	0	5	10000	61660	62238	251	-3	0.11	0.11	0	
21/10/2011 13:43:51	TASTEGGIO	0	6	10000	61660	62238	323	-39	0.36	0.36	0	
21/10/2011 13:44:14	TASTEGGIO	0	1	10000	61660	62238	205	-5	0.34	0.34	0	
21/10/2011 13:44:40	TASTEGGIO	0	2	10000	61660	62238	269	-12	0.22	0.22	0	
21/10/2011 13:45:07	TASTEGGIO	0	3	10000	61660	62238	293	-11	0.14	0.14	0	
21/10/2011 13:45:32	TASTEGGIO	0	4	10000	61660	62238	310	-17	0.17	0.17	0	
21/10/2011 13:45:58	TASTEGGIO	0	1	10000	61660	62238	289	-21	0.18	0.18	0	
21/10/2011 13:46:23	TASTEGGIO	0	1	10000	61660	62238	269	-13	0.11	0.11	0	
21/10/2011 13:46:49	TASTEGGIO	0	2	10000	61660	62238	278	-6	0.13	0.13	0	
21/10/2011 13:47:15	TASTEGGIO	0	3	10000	61660	62238	324	-26	0.27	0.27	0	
21/10/2011 13:47:40	TASTEGGIO	0	1	10000	61660	62238	267	-21	0.13	0.13	0	
21/10/2011 13:47:59	TASTEGGIO	0	0	10000	61660	62238	100	-1	0.12	0.12	0	
21/10/2011 13:48:20	TASTEGGIO	0	1	10000	61660	62238	111	1	0.11	0.11	0	
21/10/2011 13:48:40	TASTEGGIO	0	2	10000	61660	62238	131	0	0.12	0.12	0	
21/10/2011 13:49:04	TASTEGGIO	0	3	10000	61660	62238	170	1	0.11	0.11	0	
21/10/2011 13:49:27	TASTEGGIO	0	4	10000	61660	62238	210	0	0.12	0.12	0	
21/10/2011 13:51:39	TASTEGGIO	0	5	10000	61660	86846	275	-7	0.10	0.11	-24500	
21/10/2011 13:52:05	TASTEGGIO	1	0	10000	61660	111304	99	0	0.09	0.09	0	
21/10/2011 13:52:26	TASTEGGIO	0	1	10000	61660	111325	106	0	0.11	0.11	0	
21/10/2011 13:52:49	TASTEGGIO	0	2	10000	61660	111341	132	0	0.09	0.09	0	
21/10/2011 13:53:13	TASTEGGIO	0	3	10000	61660	111362	154	0	0.08	0.08	0	
21/10/2011 13:53:38	TASTEGGIO	0	4	10000	61660	111368	182	-2	0.10	0.10	0	
21/10/2011 13:54:03	TASTEGGIO	0	5	10000	61660	111368	244	-24	0.17	0.17	0	
21/10/2011 13:54:28	TASTEGGIO	0	1	10000	61660	111368	215	-11	0.05	0.05	0	
21/10/2011 13:54:50	TASTEGGIO	0	0	10000	61660	111368	94	0	0.08	0.08	0	
21/10/2011 13:55:13	TASTEGGIO	0	1	10000	61660	111368	106	0	0.03	0.03	0	
21/10/2011 13:55:23	TASTEGGIO	0	1	10000	61660	86859	106	0	0.02	0.07	-24500	
21/10/2011 13:55:49	TASTEGGIO	1	0	10000	61660	111313	95	0	0.04	0.04	0	
21/10/2011 13:55:59	TASTEGGIO	1	0	10000	61660	86842	95	0	0.02	0.06	-24500	
21/10/2011 13:56:25	TASTEGGIO	1	0	10000	61660	111302	95	0	0.08	0.08	0	
21/10/2011 13:56:47	TASTEGGIO	0	1	10000	61660	111325	105	0	0.06	0.06	0	
21/10/2011 13:57:10	TASTEGGIO	0	2	10000	61660	111346	111	1	0.06	0.06	0	
21/10/2011 13:57:32	TASTEGGIO	0	3	10000	61660	111358	129	0	0.04	0.04	0	
21/10/2011 13:57:43	TASTEGGIO	0	3	10000	61660	86867	129	0	0.02	0.06	-24500	
21/10/2011 13:58:08	TASTEGGIO	1	0	10000	61660	111331	95	0	0.05	0.05	0	
21/10/2011 13:58:31	TASTEGGIO	0	1	10000	61660	111351	99	0	0.05	0.05	0	
21/10/2011 13:58:55	TASTEGGIO	0	2	10000	61660	111365	109	0	0.05	0.05	0	
21/10/2011 13:59:17	TASTEGGIO	0	3	10000	61660	111378	124	0	0.05	0.05	0	
21/10/2011 13:59:41	TASTEGGIO	0	4	10000	61660	111390	144	0	0.05	0.05	0	
21/10/2011 14:00:05	TASTEGGIO	0	5	10000	61660	111389	169	0	0.04	0.04	0	
21/10/2011 14:00:16	TASTEGGIO	0	5	10000	61660	86874	169	0	0.02	0.05	-24500	
21/10/2011 14:00:41	TASTEGGIO	1	0	10000	61660	111336	94	0	0.04	0.04	0	
21/10/2011 14:00:52	TASTEGGIO	1	0	10000	61660	86865	94	0	0.02	0.05	-24500	
21/10/2011 14:01:17	TASTEGGIO	1	0	10000	61660	111325	94	0	0.04	0.04	0	
21/10/2011 14:01:28	TASTEGGIO	1	0	10000	61660	86859	94	0	0.02	0.05	-24500	
21/10/2011 14:01:53	TASTEGGIO	1	0	10000	61660	111325	94	0	0.04	0.04	0	
21/10/2011 14:02:03	TASTEGGIO	1	0	10000	61660	86854	94	0	0.03	0.05	-24500	
21/10/2011 14:02:28	TASTEGGIO	1	0	10000	61660	111321	94	0	0.05	0.05	0	
21/10/2011 14:02:51	TASTEGGIO	0	1	10000	61660	111340	99	0	0.04	0.04	0	
21/10/2011 14:03:01	TASTEGGIO	0	1	10000	61660	86858	99	0	0.05	0.05	-24500	
21/10/2011 14:03:27	TASTEGGIO	1	0	10000	61660	111325	94	0	0.04	0.04	0	
21/10/2011 14:03:37	TASTEGGIO	1	0	10000	61660	86859	94	0	0.02	0.05	-24500	
21/10/2011 14:04:03	TASTEGGIO	1	0	10000	61660	111324	94	0	0.04	0.04	0	
21/10/2011 14:04:13	TASTEGGIO	1	0	10000	61660	86860	94	0	0.02	0.05	-24500	
21/10/2011 14:04:39	TASTEGGIO	1	0	10000	61660	111323	94	0	0.04	0.04	0	
21/10/2011 14:04:49	TASTEGGIO	1	0	10000	61660	86857	94	0	0.02	0.05	-24500	
21/10/2011 14:05:15	TASTEGGIO	1	0	10000	61660	111326	94	0	0.05	0.05	0	
21/10/2011 14:05:38	TASTEGGIO	0	1	10000	61660	111344	99	0	0.04	0.04	0	
21/10/2011 14:05:48	TASTEGGIO	0	1	10000	61660	86862	99	0	0.04	0.05	-24500	
21/10/2011 14:06:14	TASTEGGIO	1	0	10000	61660	111313	94	0	0.05	0.05	0	
21/10/2011 14:06:35	TASTEGGIO	0	1	10000	61660	111342	99	1	0.04	0.04	0	
21/10/2011 14:06:45	TASTEGGIO	0	1	10000	61660	86867	99	1	0.02	0.05	-24500	
21/10/2011 14:07:10	TASTEGGIO	1	0	10000	61660	111331	94	0	0.04	0.04	0	
21/10/2011 14:07:21	TASTEGGIO	1	0	10000	61660	86862	94	0	0.02	0.05	-24500	
21/10/2011 14:07:46	TASTEGGIO	1	0	10000	61660	111323	94	0	0.05	0.05	0	
21/10/2011 14:08:07	TASTEGGIO	0	1	10000	61660	111346	99	0	0.04	0.04	0	
21/10/2011 14:08:17	TASTEGGIO	0	1	10000	61660	86872	99	0	0.02	0.05	-24500	
21/10/2011 14:09:36	ALARM 17	proc 12 prog 10 step 47	LavoroTerminato
22/10/2011 06:54:25	ALARM 406		
24/10/2011 08:49:00	ALARM 401		
24/10/2011 08:49:02	INIT OK
24/10/2011 08:52:58	ALARM 401		
24/10/2011 09:00:37	TASTEGGIO	0	0	5600	44412	161172	0	0	0.77	0.77	0	
24/10/2011 09:01:06	TASTEGGIO	1	0	5600	44412	161175	310	-164	0.00	0.00	-119500	
24/10/2011 09:01:14	TASTEGGIO	1	0	5600	44412	161170	310	-164	0.00	0.00	-119500	
24/10/2011 09:01:18	ALARM 401		
24/10/2011 09:02:44	ALARM 401		
24/10/2011 09:02:45	ALARM 401		
24/10/2011 09:03:24	TASTEGGIO	1	0	5600	40647	161169	310	-164	0.00	0.00	-119500	
24/10/2011 09:03:41	TASTEGGIO	1	0	5600	40647	280603	310	-164	0.00	0.00	0	
24/10/2011 09:04:00	TASTEGGIO	1	0	5600	40647	161188	310	-164	0.00	0.00	-119500	
24/10/2011 09:04:53	ALARM 401		
24/10/2011 09:06:01	ALARM 203		err.0
24/10/2011 09:06:12	ALARM 203		err.4007
24/10/2011 09:06:33	TASTEGGIO	1	0	5600	40647	161166	34	0	1.10	1.10	0	
24/10/2011 09:07:39	TASTEGGIO	1	0	5600	40647	161154	34	-6	0.97	0.97	0	
24/10/2011 09:07:54	TASTEGGIO	1	0	5600	40647	161154	34	-6	0.01	0.03	-119500	
24/10/2011 09:09:47	TASTEGGIO	1	0	5600	40647	161142	92	-62	0.17	0.17	0	
24/10/2011 09:10:56	TASTEGGIO	1	0	5600	40647	161142	149	-14	2.33	2.33	0	
24/10/2011 09:12:08	TASTEGGIO	1	0	5600	40647	161142	211	-1	1.92	1.92	0	
24/10/2011 09:13:17	TASTEGGIO	1	0	5600	40647	161142	285	0	1.91	1.91	0	
24/10/2011 09:14:40	TASTEGGIO	1	0	5600	40647	161142	394	-12	2.30	2.30	0	
24/10/2011 09:15:36	TASTEGGIO	1	0	5600	40647	161142	459	-8	2.08	2.08	0	
24/10/2011 09:19:09	TASTEGGIO	1	0	5600	44412	161176	459	-8	2.49	2.49	0	
24/10/2011 09:19:38	TASTEGGIO	1	0	5600	44412	161179	284	-93	0.00	0.00	0	
24/10/2011 09:19:46	TASTEGGIO	1	0	5600	44412	161174	284	-93	0.00	0.00	-119500	
24/10/2011 09:21:15	ALARM 17	proc 12 prog 10 step 47	LavoroTerminato
24/10/2011 09:23:19	TASTEGGIO	1	0	5600	44412	161176	284	-93	0.18	0.18	0	
24/10/2011 09:23:45	TASTEGGIO	1	0	5600	44412	161179	90	-46	0.23	0.23	0	
24/10/2011 09:24:08	TASTEGGIO	0	1	5600	44412	161179	60	-44	0.60	0.60	0	
24/10/2011 09:24:30	TASTEGGIO	0	1	5600	44412	161179	0	-7	0.48	0.48	0	
24/10/2011 09:24:53	TASTEGGIO	0	2	5600	44412	161179	54	-13	0.31	0.31	0	
24/10/2011 09:25:15	TASTEGGIO	0	3	5600	44412	161179	88	-28	0.08	0.08	0	
24/10/2011 09:25:23	TASTEGGIO	0	3	5600	44412	161175	88	-28	0.08	0.12	-82000	
24/10/2011 09:25:50	TASTEGGIO	1	0	5600	44412	243122	85	-11	0.05	0.05	0	
24/10/2011 09:26:01	TASTEGGIO	1	0	5600	44412	161173	85	-11	0.05	0.06	-82000	
24/10/2011 09:27:00	ALARM 17	proc 12 prog 10 step 47	LavoroTerminato
24/10/2011 09:30:21	TASTEGGIO	1	0	5600	44412	161070	85	-11	0.13	0.13	0	
24/10/2011 09:30:46	TASTEGGIO	1	0	5600	44412	161072	85	-32	0.15	0.15	0	
24/10/2011 09:31:09	TASTEGGIO	0	1	5600	44412	161073	67	-30	0.12	0.12	0	
24/10/2011 09:31:32	TASTEGGIO	0	1	5600	44412	161073	57	-16	0.07	0.07	0	
24/10/2011 09:31:40	TASTEGGIO	0	1	5600	44412	161067	57	-16	0.07	0.09	-119500	
24/10/2011 09:32:07	TASTEGGIO	1	0	5600	44412	280522	82	-1	0.07	0.07	0	
24/10/2011 09:32:19	TASTEGGIO	1	0	5600	44412	161063	82	-1	0.07	0.07	-119500	
24/10/2011 09:34:15	TASTEGGIO	1	0	5600	44412	161168	82	-1	0.09	0.13	-119500	
24/10/2011 09:34:41	TASTEGGIO	1	0	5600	44412	280627	85	0	0.11	0.11	0	
24/10/2011 09:35:03	TASTEGGIO	0	1	5600	44412	280633	94	0	0.12	0.12	0	
24/10/2011 09:35:24	TASTEGGIO	0	2	5600	44412	280634	120	0	0.11	0.11	0	
24/10/2011 09:35:45	TASTEGGIO	0	3	5600	44412	280635	150	0	0.11	0.11	0	
24/10/2011 09:36:08	TASTEGGIO	0	4	5600	44412	280637	194	-1	0.08	0.08	0	
24/10/2011 09:36:32	TASTEGGIO	0	5	5600	44412	280638	207	-1	0.07	0.07	0	
24/10/2011 09:36:43	TASTEGGIO	0	5	5600	44412	161180	207	-1	0.08	0.08	0	
24/10/2011 09:37:08	TASTEGGIO	1	0	5600	44412	161184	81	-38	0.26	0.26	0	
24/10/2011 09:37:29	TASTEGGIO	0	1	5600	44412	161184	0	-10	0.26	0.26	0	
24/10/2011 09:37:52	TASTEGGIO	0	2	5600	44412	161184	52	-21	0.05	0.05	0	
24/10/2011 09:37:59	TASTEGGIO	0	2	5600	44412	161179	52	-21	0.05	0.06	-82000	
24/10/2011 09:39:54	TASTEGGIO	0	2	5600	44412	161177	52	-21	0.13	0.15	82800	
24/10/2011 09:40:22	TASTEGGIO	1	0	5600	44412	78411	87	-4	0.11	0.11	0	
24/10/2011 09:40:33	TASTEGGIO	1	0	5600	44412	160841	87	-4	0.09	0.12	120300	
24/10/2011 09:40:58	TASTEGGIO	1	0	5600	44412	40616	85	0	0.12	0.12	0	
24/10/2011 09:41:16	TASTEGGIO	0	1	5600	44412	40609	97	0	0.12	0.12	0	
24/10/2011 09:41:35	TASTEGGIO	0	2	5600	44412	40603	121	0	0.11	0.11	0	
24/10/2011 09:41:57	TASTEGGIO	0	3	5600	44412	40599	151	0	0.11	0.11	0	
24/10/2011 09:42:18	TASTEGGIO	0	4	5600	44412	40596	195	-2	0.09	0.09	0	
24/10/2011 09:42:41	TASTEGGIO	0	5	5600	44412	40594	231	-3	0.05	0.05	0	
24/10/2011 09:42:53	TASTEGGIO	0	5	5600	44412	160843	231	-3	0.05	0.11	-119500	
24/10/2011 09:43:20	TASTEGGIO	1	0	5600	44412	280317	84	-3	0.07	0.07	0	
24/10/2011 09:43:32	TASTEGGIO	1	0	5600	44412	161128	84	-3	0.08	0.12	-82000	
24/10/2011 09:44:00	TASTEGGIO	1	0	5600	44412	243078	85	-16	0.09	0.09	0	
24/10/2011 09:44:22	TASTEGGIO	0	1	5600	44412	243081	78	-18	0.18	0.18	0	
24/10/2011 09:44:44	TASTEGGIO	0	1	5600	44412	243083	42	-6	0.11	0.11	0	
24/10/2011 09:45:06	TASTEGGIO	0	2	5600	44412	243084	51	-3	0.08	0.08	0	
24/10/2011 09:45:27	TASTEGGIO	0	3	5600	44412	243085	61	-3	0.05	0.05	0	
24/10/2011 09:45:39	TASTEGGIO	0	3	5600	44412	161152	61	-3	0.03	0.11	-119500	
24/10/2011 09:46:06	TASTEGGIO	1	0	5600	44412	280603	84	0	0.10	0.10	0	
24/10/2011 09:46:27	TASTEGGIO	0	1	5600	44412	280608	93	0	0.09	0.09	0	
24/10/2011 09:46:48	TASTEGGIO	0	2	5600	44412	280610	109	-1	0.08	0.08	0	
24/10/2011 09:47:09	TASTEGGIO	0	3	5600	44412	280610	130	-2	0.06	0.06	0	
24/10/2011 09:47:21	TASTEGGIO	0	3	5600	44412	161163	130	-2	0.05	0.08	-119500	
24/10/2011 09:47:47	TASTEGGIO	1	0	5600	44412	280611	81	0	0.07	0.07	0	
24/10/2011 09:47:58	TASTEGGIO	1	0	5600	44412	161162	81	0	0.06	0.09	-82000	
24/10/2011 09:48:25	TASTEGGIO	1	0	5600	44412	243107	82	-6	0.03	0.03	0	
24/10/2011 09:48:37	TASTEGGIO	1	0	5600	44412	161162	82	-6	0.02	0.11	-119500	
24/10/2011 09:49:04	TASTEGGIO	1	0	5600	44412	280613	84	0	0.10	0.10	0	
24/10/2011 09:49:24	TASTEGGIO	0	1	5600	44412	280616	93	0	0.10	0.10	0	
24/10/2011 09:49:45	TASTEGGIO	0	2	5600	44412	280619	113	-3	0.09	0.09	0	
24/10/2011 09:50:07	TASTEGGIO	0	3	5600	44412	280622	137	-3	0.08	0.08	0	
24/10/2011 09:50:28	TASTEGGIO	0	4	5600	44412	280623	165	-7	0.05	0.05	0	
24/10/2011 09:50:41	TASTEGGIO	0	4	5600	44412	161166	165	-7	0.06	0.10	-82000	
24/10/2011 09:51:08	TASTEGGIO	1	0	5600	44412	243110	83	-1	0.08	0.08	0	
24/10/2011 09:51:30	TASTEGGIO	0	1	5600	44412	243115	89	-5	0.05	0.05	0	
24/10/2011 09:51:41	TASTEGGIO	0	1	5600	44412	161170	89	-5	0.04	0.06	120300	
24/10/2011 09:53:36	TASTEGGIO	0	1	5600	44412	161082	89	-5	0.10	0.10	82800	
24/10/2011 09:54:03	TASTEGGIO	1	0	5600	44412	78302	83	-2	0.10	0.10	0	
24/10/2011 09:54:24	TASTEGGIO	0	1	5600	44412	78302	93	-2	0.05	0.05	0	
24/10/2011 09:54:35	TASTEGGIO	0	1	5600	44412	160747	93	-2	0.12	0.12	0	
24/10/2011 09:55:01	TASTEGGIO	1	0	5600	44412	160742	85	-6	0.09	0.09	0	
24/10/2011 09:55:25	TASTEGGIO	0	1	5600	44412	160742	91	-2	0.11	0.11	0	
24/10/2011 09:55:48	TASTEGGIO	0	2	5600	44412	160742	117	-1	0.06	0.06	0	
24/10/2011 09:55:56	TASTEGGIO	0	2	5600	44412	160747	117	-1	0.09	0.09	82800	
24/10/2011 09:56:23	TASTEGGIO	1	0	5600	44412	78019	82	0	0.06	0.06	0	
24/10/2011 09:56:34	TASTEGGIO	1	0	5600	44412	160740	82	0	0.08	0.09	82800	
24/10/2011 09:57:01	TASTEGGIO	1	0	5600	44412	78009	82	1	0.06	0.06	0	
24/10/2011 09:57:12	TASTEGGIO	1	0	5600	44412	160743	82	1	0.08	0.08	0	
24/10/2011 09:57:38	TASTEGGIO	1	0	5600	44412	160739	81	-2	0.11	0.11	0	
24/10/2011 09:58:01	TASTEGGIO	0	1	5600	44412	160739	96	-1	0.08	0.08	0	
24/10/2011 09:58:24	TASTEGGIO	0	2	5600	44412	160738	104	-6	0.07	0.07	0	
24/10/2011 09:58:32	TASTEGGIO	0	2	5600	44412	160743	104	-6	0.07	0.11	82800	
24/10/2011 09:58:58	TASTEGGIO	1	0	5600	44412	78014	84	0	0.08	0.08	0	
24/10/2011 09:59:20	TASTEGGIO	0	1	5600	44412	78001	89	0	0.07	0.07	0	
24/10/2011 09:59:31	TASTEGGIO	0	1	5600	44412	160747	89	0	0.06	0.09	82800	
24/10/2011 09:59:58	TASTEGGIO	1	0	5600	44412	78013	82	-1	0.08	0.08	0	
24/10/2011 10:00:20	TASTEGGIO	0	1	5600	44412	78002	89	0	0.08	0.08	0	
24/10/2011 10:00:41	TASTEGGIO	0	2	5600	44412	77992	105	0	0.07	0.07	0	
24/10/2011 10:00:53	TASTEGGIO	0	2	5600	44412	160740	105	0	0.10	0.10	0	
24/10/2011 10:01:18	TASTEGGIO	1	0	5600	44412	160736	83	-5	0.09	0.09	0	
24/10/2011 10:01:42	TASTEGGIO	0	1	5600	44412	160735	91	-3	0.04	0.04	0	
24/10/2011 10:01:49	TASTEGGIO	0	1	5600	44412	160741	91	-3	0.05	0.09	82800	
24/10/2011 10:02:16	TASTEGGIO	1	0	5600	44412	78010	82	1	0.07	0.07	0	
24/10/2011 10:02:28	TASTEGGIO	1	0	5600	44412	160739	82	1	0.05	0.09	82800	
24/10/2011 10:02:54	TASTEGGIO	1	0	5600	44412	78007	82	1	0.07	0.07	0	
24/10/2011 10:03:06	TASTEGGIO	1	0	5600	44412	160740	82	1	0.05	0.10	82800	
24/10/2011 10:03:32	TASTEGGIO	1	0	5600	44412	78010	83	1	0.07	0.07	0	
24/10/2011 10:03:44	TASTEGGIO	1	0	5600	44412	160749	83	1	0.08	0.09	82800	
24/10/2011 10:04:10	TASTEGGIO	1	0	5600	44412	78017	82	1	0.08	0.08	0	
24/10/2011 10:04:31	TASTEGGIO	0	1	5600	44412	78005	89	0	0.07	0.07	0	
24/10/2011 10:04:43	TASTEGGIO	0	1	5600	44412	160737	89	0	0.06	0.08	82800	
24/10/2011 10:05:09	TASTEGGIO	1	0	5600	44412	78007	81	1	0.07	0.07	0	
24/10/2011 10:05:20	TASTEGGIO	1	0	5600	44412	160736	81	1	0.06	0.08	82800	
24/10/2011 10:05:47	TASTEGGIO	1	0	5600	44412	78008	81	2	0.07	0.07	0	
24/10/2011 10:05:58	TASTEGGIO	1	0	5600	44412	160741	81	2	0.05	0.08	82800	
24/10/2011 10:06:25	TASTEGGIO	1	0	5600	44412	78014	81	1	0.07	0.07	0	
24/10/2011 10:06:36	TASTEGGIO	1	0	5600	44412	160733	81	1	0.03	0.08	82800	
24/10/2011 10:08:32	TASTEGGIO	1	0	5600	44412	161072	81	1	0.03	0.07	-119500	
24/10/2011 10:10:25	TASTEGGIO	1	0	5600	44412	161178	81	1	0.06	0.16	-119500	
24/10/2011 10:10:51	TASTEGGIO	1	0	5600	44412	280632	88	-1	0.16	0.16	0	
24/10/2011 10:11:12	TASTEGGIO	0	1	5600	44412	280640	104	0	0.14	0.14	0	
24/10/2011 10:11:24	TASTEGGIO	0	1	5600	44412	161166	104	0	0.06	0.14	-119500	
24/10/2011 10:11:50	TASTEGGIO	1	0	5600	44412	280618	86	0	0.14	0.14	0	
24/10/2011 10:12:12	TASTEGGIO	0	1	5600	44412	280626	100	-1	0.13	0.13	0	
24/10/2011 10:12:33	TASTEGGIO	0	2	5600	44412	280628	124	0	0.13	0.13	0	
24/10/2011 10:12:56	TASTEGGIO	0	3	5600	44412	280631	163	-3	0.10	0.10	0	
24/10/2011 10:13:18	TASTEGGIO	0	4	5600	44412	280633	178	-2	0.08	0.08	0	
24/10/2011 10:13:41	TASTEGGIO	0	5	5600	44412	280635	192	-1	0.07	0.07	0	
24/10/2011 10:13:53	TASTEGGIO	0	5	5600	44412	161173	192	-1	0.07	0.08	-119500	
24/10/2011 10:14:20	TASTEGGIO	1	0	5600	44412	280620	81	0	0.07	0.07	0	
24/10/2011 10:14:32	TASTEGGIO	1	0	5600	44412	161169	81	0	0.07	0.08	-119500	
24/10/2011 10:14:58	TASTEGGIO	1	0	5600	44412	280621	81	0	0.07	0.07	0	
24/10/2011 10:15:10	TASTEGGIO	1	0	5600	44412	161167	81	0	0.08	0.08	0	
24/10/2011 10:15:36	TASTEGGIO	1	0	5600	44412	161171	81	-38	0.28	0.28	0	
24/10/2011 10:15:57	TASTEGGIO	0	1	5600	44412	161171	0	-6	0.17	0.17	0	
24/10/2011 10:16:19	TASTEGGIO	0	2	5600	44412	161171	14	-8	0.10	0.10	0	
24/10/2011 10:16:42	TASTEGGIO	0	3	5600	44412	161171	24	-4	0.07	0.07	0	
24/10/2011 10:16:50	TASTEGGIO	0	3	5600	44412	161167	24	-4	0.08	0.08	82800	
24/10/2011 10:17:16	TASTEGGIO	1	0	5600	44412	78399	81	3	0.07	0.07	0	
24/10/2011 10:17:28	TASTEGGIO	1	0	5600	44412	160847	81	3	0.06	0.07	82800	
24/10/2011 10:19:23	TASTEGGIO	1	0	5600	44412	161172	81	3	0.17	0.17	0	
24/10/2011 10:19:48	TASTEGGIO	1	0	5600	44412	161176	89	-68	0.45	0.45	0	
24/10/2011 10:20:10	TASTEGGIO	0	1	5600	44412	161176	0	-12	0.28	0.28	0	
24/10/2011 10:20:31	TASTEGGIO	0	2	5600	44412	161176	24	-12	0.16	0.16	0	
24/10/2011 10:20:54	TASTEGGIO	0	3	5600	44412	161176	39	-14	0.10	0.10	0	
24/10/2011 10:21:01	TASTEGGIO	0	3	5600	44412	161172	39	-14	0.11	0.14	-82000	
24/10/2011 10:21:28	TASTEGGIO	1	0	5600	44412	243112	86	-2	0.09	0.09	0	
24/10/2011 10:21:51	TASTEGGIO	0	1	5600	44412	243118	91	-3	0.07	0.07	0	
24/10/2011 10:22:03	TASTEGGIO	0	1	5600	44412	161174	91	-3	0.03	0.07	120300	
24/10/2011 10:23:58	TASTEGGIO	0	1	5600	44412	161185	91	-3	0.11	0.11	0	
24/10/2011 10:24:23	TASTEGGIO	1	0	5600	44412	161188	84	-9	0.10	0.10	0	
24/10/2011 10:24:46	TASTEGGIO	0	1	5600	44412	161188	93	-23	0.10	0.10	0	
24/10/2011 10:25:10	TASTEGGIO	0	1	5600	44412	161189	83	-16	0.08	0.08	0	
24/10/2011 10:25:33	TASTEGGIO	0	1	5600	44412	161189	76	-10	0.04	0.04	0	
24/10/2011 10:25:40	TASTEGGIO	0	1	5600	44412	161185	76	-10	0.04	0.12	-119500	
24/10/2011 10:26:08	TASTEGGIO	1	0	5600	44412	280633	85	0	0.09	0.09	0	
24/10/2011 10:26:28	TASTEGGIO	0	1	5600	44412	280642	91	0	0.11	0.11	0	
24/10/2011 10:26:50	TASTEGGIO	0	2	5600	44412	280650	117	0	0.09	0.09	0	
24/10/2011 10:27:11	TASTEGGIO	0	3	5600	44412	280651	139	0	0.08	0.08	0	
24/10/2011 10:27:34	TASTEGGIO	0	4	5600	44412	280657	167	-1	0.09	0.09	0	
24/10/2011 10:27:56	TASTEGGIO	0	5	5600	44412	280658	217	-5	0.04	0.04	0	
24/10/2011 10:28:08	TASTEGGIO	0	5	5600	44412	161176	217	-5	0.02	0.07	-82000	
24/10/2011 10:30:03	TASTEGGIO	0	5	5600	44412	161170	217	-5	0.02	0.06	-119500	
24/10/2011 10:31:57	TASTEGGIO	0	5	5600	44412	161186	217	-5	0.13	0.17	-119500	
24/10/2011 10:32:23	TASTEGGIO	1	0	5600	44412	280639	89	-1	0.15	0.15	0	
24/10/2011 10:32:44	TASTEGGIO	0	1	5600	44412	280644	102	-1	0.14	0.14	0	
24/10/2011 10:32:56	TASTEGGIO	0	1	5600	44412	161166	102	-1	0.15	0.16	-82000	
24/10/2011 10:33:23	TASTEGGIO	1	0	5600	44412	243102	88	-2	0.13	0.13	0	
24/10/2011 10:33:35	TASTEGGIO	1	0	5600	44412	161171	88	-2	0.13	0.15	-119500	
24/10/2011 10:34:01	TASTEGGIO	1	0	5600	44412	280614	87	0	0.14	0.14	0	
24/10/2011 10:34:13	TASTEGGIO	1	0	5600	44412	161169	87	0	0.13	0.14	-119500	
24/10/2011 10:34:40	TASTEGGIO	1	0	5600	44412	280611	86	0	0.13	0.13	0	
24/10/2011 10:35:00	TASTEGGIO	0	1	5600	44412	280621	98	0	0.13	0.13	0	
24/10/2011 10:35:22	TASTEGGIO	0	2	5600	44412	280629	124	0	0.15	0.15	0	
24/10/2011 10:35:44	TASTEGGIO	0	3	5600	44412	280632	175	-7	0.06	0.06	0	
24/10/2011 10:35:56	TASTEGGIO	0	3	5600	44412	161172	175	-7	0.13	0.13	0	
24/10/2011 10:36:22	TASTEGGIO	1	0	5600	44412	161175	85	-69	0.49	0.49	0	
24/10/2011 10:36:43	TASTEGGIO	0	1	5600	44412	161175	0	-13	0.29	0.29	0	
24/10/2011 10:37:06	TASTEGGIO	0	2	5600	44412	161175	24	-10	0.15	0.15	0	
24/10/2011 10:37:28	TASTEGGIO	0	3	5600	44412	161175	37	-18	0.02	0.02	0	
24/10/2011 10:37:36	TASTEGGIO	0	3	5600	44412	161171	37	-18	0.04	0.07	-119500	
24/10/2011 10:39:31	TASTEGGIO	0	3	5600	44412	161179	37	-18	0.25	0.25	0	
24/10/2011 10:39:57	TASTEGGIO	1	0	5600	44412	161183	96	-60	0.27	0.27	0	
24/10/2011 10:40:21	TASTEGGIO	0	1	5600	44412	161183	66	-31	0.49	0.49	0	
24/10/2011 10:40:43	TASTEGGIO	0	1	5600	44412	161183	0	-14	0.31	0.31	0	
24/10/2011 10:41:04	TASTEGGIO	0	2	5600	44412	161183	27	-14	0.14	0.14	0	
24/10/2011 10:41:12	TASTEGGIO	0	2	5600	44412	161179	27	-14	0.14	0.14	0	
24/10/2011 10:41:37	TASTEGGIO	1	0	5600	44412	161182	86	-55	0.35	0.35	0	
24/10/2011 10:41:59	TASTEGGIO	0	1	5600	44412	161182	0	-18	0.35	0.35	0	
24/10/2011 10:42:22	TASTEGGIO	0	2	5600	44412	161182	70	-26	0.10	0.10	0	
24/10/2011 10:42:44	TASTEGGIO	0	0	5600	44412	161182	83	-13	0.03	0.03	0	
24/10/2011 10:42:51	TASTEGGIO	0	0	5600	44412	161178	83	-13	0.03	0.10	-82000	
24/10/2011 10:43:17	TASTEGGIO	1	0	5600	44412	243125	83	-16	0.11	0.11	0	
24/10/2011 10:43:39	TASTEGGIO	0	1	5600	44412	243131	70	-16	0.06	0.06	0	
24/10/2011 10:43:51	TASTEGGIO	0	1	5600	44412	161172	70	-16	0.05	0.08	82800	
24/10/2011 10:44:17	TASTEGGIO	1	0	5600	44412	78404	81	-4	0.07	0.07	0	
24/10/2011 10:44:28	TASTEGGIO	1	0	5600	44412	160828	81	-4	0.05	0.08	-82000	
24/10/2011 10:44:56	TASTEGGIO	1	0	5600	44412	242804	81	-13	0.08	0.08	0	
24/10/2011 10:45:19	TASTEGGIO	0	1	5600	44412	242804	73	-8	0.04	0.04	0	
24/10/2011 10:45:30	TASTEGGIO	0	1	5600	44412	161133	73	-8	0.05	0.09	-119500	
24/10/2011 10:45:56	TASTEGGIO	1	0	5600	44412	280577	82	0	0.08	0.08	0	
24/10/2011 10:46:16	TASTEGGIO	0	1	5600	44412	280583	89	0	0.09	0.09	0	
24/10/2011 10:46:37	TASTEGGIO	0	2	5600	44412	280583	109	0	0.08	0.08	0	
24/10/2011 10:46:59	TASTEGGIO	0	3	5600	44412	280585	130	0	0.07	0.07	0	
24/10/2011 10:47:11	TASTEGGIO	0	3	5600	44412	161170	130	0	0.06	0.08	-119500	
24/10/2011 10:47:38	TASTEGGIO	1	0	5600	44412	280621	81	0	0.08	0.08	0	
24/10/2011 10:47:58	TASTEGGIO	0	1	5600	44412	280624	89	0	0.07	0.07	0	
24/10/2011 10:48:10	TASTEGGIO	0	1	5600	44412	161165	89	0	0.06	0.08	-119500	
24/10/2011 10:48:37	TASTEGGIO	1	0	5600	44412	280607	81	0	0.08	0.08	0	
24/10/2011 10:48:57	TASTEGGIO	0	1	5600	44412	280612	89	0	0.07	0.07	0	
24/10/2011 10:49:09	TASTEGGIO	0	1	5600	44412	161179	89	0	0.05	0.08	-119500	
24/10/2011 10:49:35	TASTEGGIO	1	0	5600	44412	280624	81	0	0.09	0.09	0	
24/10/2011 10:49:56	TASTEGGIO	0	1	5600	44412	280630	91	0	0.06	0.06	0	
24/10/2011 10:50:08	TASTEGGIO	0	1	5600	44412	161168	91	0	0.06	0.08	-119500	
24/10/2011 10:50:34	TASTEGGIO	1	0	5600	44412	280619	81	0	0.07	0.07	0	
24/10/2011 10:50:46	TASTEGGIO	1	0	5600	44412	161168	81	0	0.06	0.08	-119500	
24/10/2011 10:51:13	TASTEGGIO	1	0	5600	44412	280616	81	0	0.09	0.09	0	
24/10/2011 10:51:33	TASTEGGIO	0	1	5600	44412	280619	91	0	0.07	0.07	0	
24/10/2011 10:51:45	TASTEGGIO	0	1	5600	44412	161174	91	0	0.05	0.08	-119500	
24/10/2011 10:52:12	TASTEGGIO	1	0	5600	44412	280618	81	0	0.07	0.07	0	
24/10/2011 10:52:24	TASTEGGIO	1	0	5600	44412	161163	81	0	0.05	0.08	-119500	
24/10/2011 10:52:50	TASTEGGIO	1	0	5600	44412	280613	81	0	0.07	0.07	0	
24/10/2011 10:53:02	TASTEGGIO	1	0	5600	44412	161171	81	0	0.05	0.08	82800	
24/10/2011 10:53:29	TASTEGGIO	1	0	5600	44412	78400	81	0	0.06	0.06	0	
24/10/2011 10:53:40	TASTEGGIO	1	0	5600	44412	160849	81	0	0.04	0.07	-119500	
24/10/2011 10:55:34	TASTEGGIO	1	0	5600	44412	161184	81	0	0.16	0.16	0	
24/10/2011 10:55:59	TASTEGGIO	1	0	5600	44412	161187	88	-57	0.35	0.35	0	
24/10/2011 10:56:21	TASTEGGIO	0	1	5600	44412	161187	11	-12	0.21	0.21	0	
24/10/2011 10:56:44	TASTEGGIO	0	2	5600	44412	161187	28	-2	0.15	0.15	0	
24/10/2011 10:57:06	TASTEGGIO	0	3	5600	44412	161187	46	-5	0.14	0.14	0	
24/10/2011 10:57:14	TASTEGGIO	0	3	5600	44412	161184	46	-5	0.14	0.14	0	
24/10/2011 10:57:40	TASTEGGIO	1	0	5600	44412	161187	86	-17	0.02	0.02	0	
24/10/2011 10:57:47	TASTEGGIO	1	0	5600	44412	161183	86	-17	0.03	0.11	120300	
24/10/2011 10:58:12	TASTEGGIO	1	0	5600	44412	40914	84	0	0.14	0.14	0	
24/10/2011 10:58:32	TASTEGGIO	0	1	5600	44412	40918	101	0	0.10	0.10	0	
24/10/2011 10:58:52	TASTEGGIO	0	2	5600	44412	40920	111	0	0.10	0.10	0	
24/10/2011 10:59:12	TASTEGGIO	0	3	5600	44412	40921	141	0	0.10	0.10	0	
24/10/2011 10:59:34	TASTEGGIO	0	4	5600	44412	40922	181	-1	0.09	0.09	0	
24/10/2011 10:59:57	TASTEGGIO	0	5	5600	44412	40923	221	-4	0.05	0.05	0	
24/10/2011 11:00:09	TASTEGGIO	0	5	5600	44412	160841	221	-4	0.04	0.07	-119500	
24/10/2011 11:02:04	TASTEGGIO	0	5	5600	44412	161185	221	-4	0.12	0.12	0	
24/10/2011 11:02:29	TASTEGGIO	1	0	5600	44412	161188	85	-65	0.41	0.41	0	
24/10/2011 11:02:51	TASTEGGIO	0	1	5600	44412	161188	0	-7	0.30	0.30	0	
24/10/2011 11:03:13	TASTEGGIO	0	2	5600	44412	161188	31	-6	0.20	0.20	0	
24/10/2011 11:03:35	TASTEGGIO	0	3	5600	44412	161188	54	-12	0.11	0.11	0	
24/10/2011 11:03:58	TASTEGGIO	0	4	5600	44412	161188	66	-25	0.14	0.14	0	
24/10/2011 11:04:20	TASTEGGIO	0	1	5600	44412	161188	48	-28	0.18	0.18	0	
24/10/2011 11:04:42	TASTEGGIO	0	1	5600	44412	161188	24	-17	0.13	0.13	0	
24/10/2011 11:05:05	TASTEGGIO	0	2	5600	44412	161188	37	-8	0.11	0.11	0	
24/10/2011 11:05:27	TASTEGGIO	0	3	5600	44412	161188	64	-14	0.04	0.04	0	
24/10/2011 11:05:35	TASTEGGIO	0	3	5600	44412	161185	64	-14	0.04	0.13	-119500	
24/10/2011 11:06:02	TASTEGGIO	1	0	5600	44412	280628	85	0	0.12	0.12	0	
24/10/2011 11:06:24	TASTEGGIO	0	1	5600	44412	280636	96	0	0.12	0.12	0	
24/10/2011 11:06:45	TASTEGGIO	0	2	5600	44412	280640	120	-1	0.11	0.11	0	
24/10/2011 11:07:07	TASTEGGIO	0	3	5600	44412	280642	150	-3	0.07	0.07	0	
24/10/2011 11:07:19	TASTEGGIO	0	3	5600	44412	161177	150	-3	0.02	0.08	82800	
24/10/2011 11:07:26	ALARM 401		
24/10/2011 11:07:29	ALARM 205		err.6058
24/10/2011 11:07:45	TASTEGGIO	0	3	5600	44412	160851	150	-3	0.02	0.09	-119500	
24/10/2011 11:08:12	TASTEGGIO	1	0	5600	44412	280299	82	0	0.07	0.07	0	
24/10/2011 11:08:24	TASTEGGIO	1	0	5600	44412	161134	82	0	0.03	0.09	82800	
24/10/2011 11:08:51	TASTEGGIO	1	0	5600	44412	78365	82	-4	0.03	0.03	0	
24/10/2011 11:09:02	TASTEGGIO	1	0	5600	44412	160843	82	-4	0.04	0.08	-119500	
24/10/2011 11:09:30	TASTEGGIO	1	0	5600	44412	280304	81	3	0.06	0.06	0	
24/10/2011 11:09:42	TASTEGGIO	1	0	5600	44412	161132	81	3	0.02	0.07	-119500	
24/10/2011 11:11:37	TASTEGGIO	1	0	5600	44412	161178	81	3	0.13	0.19	-82000	
24/10/2011 11:12:05	TASTEGGIO	1	0	5600	44412	243118	90	-15	0.06	0.06	0	
24/10/2011 11:12:16	TASTEGGIO	1	0	5600	44412	161175	90	-15	0.21	0.21	0	
24/10/2011 11:12:42	TASTEGGIO	1	0	5600	44412	161178	92	-90	0.91	0.91	0	
24/10/2011 11:13:04	TASTEGGIO	0	1	5600	44412	161179	0	-21	0.80	0.80	0	
24/10/2011 11:13:27	TASTEGGIO	0	2	5600	44412	161179	140	-30	0.45	0.45	0	
24/10/2011 11:13:51	TASTEGGIO	0	3	5600	44412	161178	183	-58	0.18	0.18	0	
24/10/2011 11:14:15	TASTEGGIO	0	1	5600	44412	161179	175	-134	1.19	1.19	0	
24/10/2011 11:14:35	TASTEGGIO	0	1	5600	44412	161179	0	-17	0.96	0.96	0	
24/10/2011 11:14:59	TASTEGGIO	0	2	5600	44412	161179	154	-73	0.22	0.22	0	
24/10/2011 11:15:22	TASTEGGIO	0	0	5600	44412	161178	93	-9	0.15	0.15	0	
24/10/2011 11:15:44	TASTEGGIO	0	1	5600	44412	161179	103	-15	0.16	0.16	0	
24/10/2011 11:16:08	TASTEGGIO	0	2	5600	44412	161179	137	-103	0.99	0.99	0	
24/10/2011 11:16:28	TASTEGGIO	0	1	5600	44412	161179	0	-27	0.75	0.75	0	
24/10/2011 11:16:51	TASTEGGIO	0	2	5600	44412	161179	80	-28	0.44	0.44	0	
24/10/2011 11:17:15	TASTEGGIO	0	3	5600	44412	161178	124	-25	0.18	0.18	0	
24/10/2011 11:17:38	TASTEGGIO	0	0	5600	44412	161179	90	-12	0.12	0.12	0	
24/10/2011 11:17:45	TASTEGGIO	0	0	5600	44412	161175	90	-12	0.14	0.14	0	
24/10/2011 11:18:11	TASTEGGIO	1	0	5600	44412	161178	86	-3	0.12	0.12	0	
24/10/2011 11:18:34	TASTEGGIO	0	1	5600	44412	161178	96	-5	0.09	0.09	0	
24/10/2011 11:18:57	TASTEGGIO	0	2	5600	44412	161178	105	-12	0.14	0.14	0	
24/10/2011 11:19:21	TASTEGGIO	0	1	5600	44412	161178	83	-77	0.71	0.71	0	
24/10/2011 11:19:42	TASTEGGIO	0	1	5600	44412	161178	0	-24	0.51	0.51	0	
24/10/2011 11:20:05	TASTEGGIO	0	2	5600	44412	161178	51	-18	0.31	0.31	0	
24/10/2011 11:20:27	TASTEGGIO	0	3	5600	44412	161178	83	-15	0.20	0.20	0	
24/10/2011 11:20:51	TASTEGGIO	0	4	5600	44412	161178	108	-14	0.10	0.10	0	
24/10/2011 11:20:54	ALARM 401		
24/10/2011 11:21:11	TASTEGGIO	0	4	5600	44412	161175	108	-14	0.11	0.11	0	
24/10/2011 11:23:06	TASTEGGIO	0	4	5600	44412	161074	108	-14	0.19	0.27	-82000	
24/10/2011 11:23:34	TASTEGGIO	1	0	5600	44412	243020	97	-1	0.26	0.26	0	
24/10/2011 11:23:57	TASTEGGIO	0	1	5600	44412	243023	122	-1	0.22	0.22	0	
24/10/2011 11:24:20	TASTEGGIO	0	2	5600	44412	243024	159	-12	0.12	0.12	0	
24/10/2011 11:24:31	TASTEGGIO	0	2	5600	44412	161068	159	-12	0.10	0.13	-119500	
24/10/2011 11:24:57	TASTEGGIO	1	0	5600	44412	280512	85	-2	0.10	0.10	0	
24/10/2011 11:25:18	TASTEGGIO	0	1	5600	44412	280518	92	-2	0.08	0.08	0	
24/10/2011 11:25:39	TASTEGGIO	0	2	5600	44412	280524	101	-1	0.08	0.08	0	
24/10/2011 11:26:00	TASTEGGIO	0	3	5600	44412	280525	125	-2	0.06	0.06	0	
24/10/2011 11:26:13	TASTEGGIO	0	3	5600	44412	161072	125	-2	0.11	0.11	0	
24/10/2011 11:26:37	TASTEGGIO	1	0	5600	44412	161076	84	-70	0.51	0.51	0	
24/10/2011 11:26:58	TASTEGGIO	0	1	5600	44412	161076	0	-8	0.36	0.36	0	
24/10/2011 11:27:21	TASTEGGIO	0	2	5600	44412	161076	35	-10	0.23	0.23	0	
24/10/2011 11:27:43	TASTEGGIO	0	3	5600	44412	161076	60	-19	0.05	0.05	0	
24/10/2011 11:27:51	TASTEGGIO	0	3	5600	44412	161070	60	-19	0.05	0.10	120300	
24/10/2011 11:29:46	TASTEGGIO	0	3	5600	44412	161074	60	-19	0.20	0.20	0	
24/10/2011 11:30:12	TASTEGGIO	1	0	5600	44412	161077	91	-63	0.37	0.37	0	
24/10/2011 11:30:35	TASTEGGIO	0	1	5600	44412	161077	22	-37	0.53	0.53	0	
24/10/2011 11:30:59	TASTEGGIO	0	2	5600	44412	161077	173	-129	0.68	0.68	0	
24/10/2011 11:31:22	TASTEGGIO	0	1	5600	44412	161077	85	-36	0.36	0.36	0	
24/10/2011 11:31:46	TASTEGGIO	0	2	5600	44412	161077	111	-53	0.27	0.27	0	
24/10/2011 11:32:09	TASTEGGIO	0	1	5600	44412	161077	90	-32	0.08	0.08	0	
24/10/2011 11:32:17	TASTEGGIO	0	1	5600	44412	161072	90	-32	0.09	0.13	120300	
24/10/2011 11:32:42	TASTEGGIO	1	0	5600	44412	40799	85	0	0.12	0.12	0	
24/10/2011 11:33:00	TASTEGGIO	0	1	5600	44412	40803	96	0	0.13	0.13	0	
24/10/2011 11:33:19	TASTEGGIO	0	2	5600	44412	40805	124	0	0.11	0.11	0	
24/10/2011 11:33:32	TASTEGGIO	0	2	5600	44412	160743	124	0	0.10	0.12	120300	
24/10/2011 11:33:56	TASTEGGIO	1	0	5600	44412	40517	85	0	0.12	0.12	0	
24/10/2011 11:34:08	TASTEGGIO	1	0	5600	44412	160742	85	0	0.10	0.13	-82000	
24/10/2011 11:34:36	TASTEGGIO	1	0	5600	44412	242716	85	-9	0.03	0.03	0	
24/10/2011 11:34:48	TASTEGGIO	1	0	5600	44412	161023	85	-9	0.02	0.16	120300	
24/10/2011 11:35:13	TASTEGGIO	1	0	5600	44412	40758	88	0	0.16	0.16	0	
24/10/2011 11:35:32	TASTEGGIO	0	1	5600	44412	40759	104	0	0.14	0.14	0	
24/10/2011 11:35:44	TASTEGGIO	0	1	5600	44412	160748	104	0	0.03	0.15	120300	
24/10/2011 11:36:09	TASTEGGIO	1	0	5600	44412	40524	87	0	0.14	0.14	0	
24/10/2011 11:36:21	TASTEGGIO	1	0	5600	44412	160748	87	0	0.03	0.15	120300	
24/10/2011 11:36:45	TASTEGGIO	1	0	5600	44412	40527	87	0	0.14	0.14	0	
24/10/2011 11:36:57	TASTEGGIO	1	0	5600	44412	160746	87	0	0.02	0.14	120300	
24/10/2011 11:37:22	TASTEGGIO	1	0	5600	44412	40523	86	0	0.16	0.16	0	
24/10/2011 11:37:40	TASTEGGIO	0	1	5600	44412	40515	104	-1	0.13	0.13	0	
24/10/2011 11:37:59	TASTEGGIO	0	2	5600	44412	40510	125	0	0.14	0.14	0	
24/10/2011 11:38:20	TASTEGGIO	0	3	5600	44412	40507	170	0	0.17	0.17	0	
24/10/2011 11:38:42	TASTEGGIO	0	4	5600	44412	40506	252	-3	0.14	0.14	0	
24/10/2011 11:39:05	TASTEGGIO	0	5	5600	44412	40505	309	-9	0.07	0.07	0	
24/10/2011 11:39:17	TASTEGGIO	0	5	5600	44412	160736	309	-9	0.09	0.09	0	
24/10/2011 11:40:17	ALARM 17	proc 12 prog 10 step 47	LavoroTerminato
24/10/2011 14:08:13	TASTEGGIO	0	5	5600	44412	161172	309	-9	0.07	0.07	82800	
24/10/2011 14:08:16	ALARM 401		
24/10/2011 14:08:36	TASTEGGIO	0	5	5600	44412	161171	309	-9	0.07	0.09	82800	
24/10/2011 14:09:03	TASTEGGIO	1	0	5600	44412	78416	82	-5	0.05	0.05	0	
24/10/2011 14:09:14	TASTEGGIO	1	0	5600	44412	160837	82	-5	0.03	0.03	-119500	
24/10/2011 14:11:08	TASTEGGIO	1	0	5600	44412	161080	82	-5	0.07	0.07	0	
24/10/2011 14:11:33	TASTEGGIO	1	0	5600	44412	161083	80	-37	0.24	0.24	0	
24/10/2011 14:11:55	TASTEGGIO	0	1	5600	44412	161083	0	-9	0.10	0.10	0	
24/10/2011 14:12:19	TASTEGGIO	0	0	5600	44412	161083	83	-27	0.10	0.10	0	
24/10/2011 14:12:42	TASTEGGIO	0	1	5600	44412	161083	73	-37	0.24	0.24	0	
24/10/2011 14:13:04	TASTEGGIO	0	1	5600	44412	161083	15	-11	0.11	0.11	0	
24/10/2011 14:13:27	TASTEGGIO	0	0	5600	44412	161083	84	-20	0.07	0.07	0	
24/10/2011 14:13:50	TASTEGGIO	0	1	5600	44412	161083	79	-19	0.22	0.22	0	
24/10/2011 14:14:12	TASTEGGIO	0	1	5600	44412	161083	9	-18	0.07	0.07	0	
24/10/2011 14:14:35	TASTEGGIO	0	0	5600	44412	161083	80	-30	0.21	0.21	0	
24/10/2011 14:14:58	TASTEGGIO	0	1	5600	44412	161083	17	-9	0.21	0.21	0	
24/10/2011 14:15:21	TASTEGGIO	0	2	5600	44412	161083	59	-26	0.08	0.08	0	
24/10/2011 14:15:43	TASTEGGIO	0	1	5600	44412	161083	55	-22	0.14	0.14	0	
24/10/2011 14:16:06	TASTEGGIO	0	1	5600	44412	161083	30	-13	0.04	0.04	0	
24/10/2011 14:16:14	TASTEGGIO	0	1	5600	44412	161077	30	-13	0.03	0.06	120300	
24/10/2011 14:18:09	TASTEGGIO	0	1	5600	44412	161083	30	-13	0.10	0.12	-82000	
24/10/2011 14:18:36	TASTEGGIO	1	0	5600	44412	243025	85	0	0.13	0.13	0	
24/10/2011 14:18:59	TASTEGGIO	0	1	5600	44412	243034	99	4	0.14	0.14	0	
24/10/2011 14:19:23	TASTEGGIO	0	2	5600	44412	243038	129	0	0.10	0.10	0	
24/10/2011 14:19:45	TASTEGGIO	0	3	5600	44412	243039	141	0	0.10	0.10	0	
24/10/2011 14:20:09	TASTEGGIO	0	4	5600	44412	243040	181	-11	0.09	0.09	0	
24/10/2011 14:20:32	TASTEGGIO	0	1	5600	44412	243040	172	-14	0.08	0.08	0	
24/10/2011 14:20:56	TASTEGGIO	0	1	5600	44412	243040	164	-7	0.03	0.03	0	
24/10/2011 14:21:07	TASTEGGIO	0	1	5600	44412	161077	164	-7	0.07	0.11	82800	
24/10/2011 14:21:35	TASTEGGIO	1	0	5600	44412	78303	84	-2	0.06	0.06	0	
24/10/2011 14:21:46	TASTEGGIO	1	0	5600	44412	160746	84	-2	0.07	0.07	0	
24/10/2011 14:22:11	TASTEGGIO	1	0	5600	44412	160742	80	-34	0.25	0.25	0	
24/10/2011 14:22:32	TASTEGGIO	0	1	5600	44412	160742	0	-7	0.14	0.14	0	
24/10/2011 14:22:54	TASTEGGIO	0	2	5600	44412	160742	11	-7	0.08	0.08	0	
24/10/2011 14:23:15	TASTEGGIO	0	3	5600	44412	160741	18	-5	0.04	0.04	0	
24/10/2011 14:23:23	TASTEGGIO	0	3	5600	44412	160746	18	-5	0.05	0.05	0	
24/10/2011 14:25:19	TASTEGGIO	0	3	5600	44412	161089	18	-5	0.12	0.12	0	
24/10/2011 14:25:45	TASTEGGIO	1	0	5600	44412	161093	85	-33	0.14	0.14	0	
24/10/2011 14:26:08	TASTEGGIO	0	1	5600	44412	161093	68	-28	0.30	0.30	0	
24/10/2011 14:26:31	TASTEGGIO	0	1	5600	44412	161093	3	-7	0.19	0.19	0	
24/10/2011 14:26:54	TASTEGGIO	0	2	5600	44412	161093	20	-3	0.14	0.14	0	
24/10/2011 14:27:16	TASTEGGIO	0	3	5600	44412	161093	37	-5	0.11	0.11	0	
24/10/2011 14:27:38	TASTEGGIO	0	4	5600	44412	161093	54	-8	0.04	0.04	0	
24/10/2011 14:27:46	TASTEGGIO	0	4	5600	44412	161087	54	-8	0.04	0.06	-82000	
24/10/2011 14:29:41	TASTEGGIO	0	4	5600	44412	161105	54	-8	0.07	0.08	-82000	
24/10/2011 14:30:08	TASTEGGIO	1	0	5600	44412	243043	81	-10	0.06	0.06	0	
24/10/2011 14:30:20	TASTEGGIO	1	0	5600	44412	161081	81	-10	0.02	0.04	-82000	
24/10/2011 14:32:15	TASTEGGIO	1	0	5600	44412	161184	81	-10	0.11	0.11	0	
24/10/2011 14:32:40	TASTEGGIO	1	0	5600	44412	161187	84	-58	0.44	0.44	0	
24/10/2011 14:33:02	TASTEGGIO	0	1	5600	44412	161187	0	-6	0.31	0.31	0	
24/10/2011 14:33:23	TASTEGGIO	0	2	5600	44412	161187	30	-6	0.22	0.22	0	
24/10/2011 14:33:44	TASTEGGIO	0	3	5600	44412	161187	57	-11	0.10	0.10	0	
24/10/2011 14:34:07	TASTEGGIO	0	0	5600	44412	161187	83	-29	0.14	0.14	0	
24/10/2011 14:34:30	TASTEGGIO	0	1	5600	44412	161187	63	-26	0.14	0.14	0	
24/10/2011 14:34:53	TASTEGGIO	0	1	5600	44412	161187	49	-16	0.07	0.07	0	
24/10/2011 14:35:16	TASTEGGIO	0	1	5600	44412	161187	45	-24	0.16	0.16	0	
24/10/2011 14:35:39	TASTEGGIO	0	1	5600	44412	161187	8	-6	0.08	0.08	0	
24/10/2011 14:36:01	TASTEGGIO	0	0	5600	44412	161187	81	-35	0.23	0.23	0	
24/10/2011 14:36:24	TASTEGGIO	0	1	5600	44412	161187	14	-12	0.09	0.09	0	
24/10/2011 14:36:46	TASTEGGIO	0	0	5600	44412	161187	82	-37	0.24	0.24	0	
24/10/2011 14:37:09	TASTEGGIO	0	1	5600	44412	161187	17	-14	0.10	0.10	0	
24/10/2011 14:37:32	TASTEGGIO	0	0	5600	44412	161187	83	-38	0.26	0.26	0	
24/10/2011 14:37:54	TASTEGGIO	0	1	5600	44412	161187	15	-9	0.28	0.28	0	
24/10/2011 14:38:17	TASTEGGIO	0	2	5600	44412	161187	75	-26	0.36	0.36	0	
24/10/2011 14:38:41	TASTEGGIO	0	3	5600	44412	161187	213	-147	1.07	1.07	0	
24/10/2011 14:39:02	TASTEGGIO	0	1	5600	44412	161187	0	-10	0.91	0.91	0	
24/10/2011 14:39:24	TASTEGGIO	0	2	5600	44412	161187	154	-57	0.34	0.34	0	
24/10/2011 14:39:47	TASTEGGIO	0	0	5600	44412	161187	103	-11	0.21	0.21	0	
24/10/2011 14:40:11	TASTEGGIO	0	1	5600	44412	161187	115	-18	0.14	0.14	0	
24/10/2011 14:40:34	TASTEGGIO	0	2	5600	44412	161187	128	-49	0.29	0.29	0	
24/10/2011 14:40:57	TASTEGGIO	0	1	5600	44412	161187	67	-37	0.13	0.13	0	
24/10/2011 14:41:20	TASTEGGIO	0	1	5600	44412	161187	61	-5	0.04	0.04	0	
24/10/2011 14:41:28	TASTEGGIO	0	1	5600	44412	161183	61	-5	0.03	0.07	-119500	
24/10/2011 14:41:54	TASTEGGIO	1	0	5600	44412	280619	80	0	0.06	0.06	0	
24/10/2011 14:42:06	TASTEGGIO	1	0	5600	44412	161167	80	0	0.04	0.07	-119500	
24/10/2011 14:42:33	TASTEGGIO	1	0	5600	44412	280605	80	0	0.06	0.06	0	
24/10/2011 14:42:45	TASTEGGIO	1	0	5600	44412	161171	80	0	0.06	0.06	82800	
24/10/2011 14:44:39	TASTEGGIO	1	0	5600	44412	161190	80	0	0.16	0.16	0	
24/10/2011 14:45:04	TASTEGGIO	1	0	5600	44412	161194	88	-2	0.12	0.12	0	
24/10/2011 14:45:12	TASTEGGIO	1	0	5600	44412	161190	88	-2	0.13	0.13	0	
24/10/2011 14:45:37	TASTEGGIO	1	0	5600	44412	161194	85	-2	0.10	0.10	0	
24/10/2011 14:46:01	TASTEGGIO	0	1	5600	44412	161194	92	0	0.09	0.09	0	
24/10/2011 14:46:25	TASTEGGIO	0	2	5600	44412	161194	108	-3	0.12	0.12	0	
24/10/2011 14:46:49	TASTEGGIO	0	3	5600	44412	161194	156	-10	0.01	0.01	0	
24/10/2011 14:46:57	TASTEGGIO	0	3	5600	44412	161190	156	-10	0.02	0.09	82800	
24/10/2011 14:47:24	TASTEGGIO	1	0	5600	44412	78422	82	2	0.08	0.08	0	
24/10/2011 14:47:45	TASTEGGIO	0	1	5600	44412	78421	89	0	0.07	0.07	0	
24/10/2011 14:48:07	TASTEGGIO	0	2	5600	44412	78419	101	-2	0.08	0.08	0	
24/10/2011 14:48:30	TASTEGGIO	0	3	5600	44412	78418	128	0	0.07	0.07	0	
24/10/2011 14:48:53	TASTEGGIO	0	4	5600	44412	78418	152	-2	0.07	0.07	0	
24/10/2011 14:49:17	TASTEGGIO	0	5	5600	44412	78420	187	-5	0.01	0.01	0	
24/10/2011 14:49:28	TASTEGGIO	0	5	5600	44412	160833	187	-5	0.07	0.07	0	
24/10/2011 14:49:54	TASTEGGIO	1	0	5600	44412	160828	80	-11	0.11	0.11	0	
24/10/2011 14:50:17	TASTEGGIO	0	1	5600	44412	160828	62	-2	0.04	0.04	0	
24/10/2011 14:50:25	TASTEGGIO	0	1	5600	44412	160835	62	-2	0.08	0.08	0	
24/10/2011 14:50:50	TASTEGGIO	1	0	5600	44412	160830	81	-1	0.07	0.07	0	
24/10/2011 14:51:13	TASTEGGIO	0	1	5600	44412	160830	87	0	0.05	0.05	0	
24/10/2011 14:51:21	TASTEGGIO	0	1	5600	44412	160836	87	0	0.07	0.07	0	
24/10/2011 14:51:46	TASTEGGIO	1	0	5600	44412	160832	80	-2	0.06	0.06	0	
24/10/2011 14:51:54	TASTEGGIO	1	0	5600	44412	160837	80	-2	0.07	0.07	0	
24/10/2011 14:52:19	TASTEGGIO	1	0	5600	44412	160833	80	0	0.04	0.04	0	
24/10/2011 14:52:27	TASTEGGIO	1	0	5600	44412	160838	80	0	0.06	0.06	0	
24/10/2011 14:54:22	TASTEGGIO	1	0	5600	44412	161096	80	0	0.11	0.12	82800	
24/10/2011 14:54:49	TASTEGGIO	1	0	5600	44412	78321	85	-1	0.09	0.09	0	
24/10/2011 14:55:10	TASTEGGIO	0	1	5600	44412	78322	91	-2	0.10	0.10	0	
24/10/2011 14:55:31	TASTEGGIO	0	2	5600	44412	78318	113	-2	0.06	0.06	0	
24/10/2011 14:55:42	TASTEGGIO	0	2	5600	44412	160755	113	-2	0.04	0.07	-82000	
24/10/2011 14:56:09	TASTEGGIO	1	0	5600	44412	242728	80	1	0.08	0.08	0	
24/10/2011 14:56:31	TASTEGGIO	0	1	5600	44412	242728	89	0	0.09	0.09	0	
24/10/2011 14:56:53	TASTEGGIO	0	2	5600	44412	242728	109	-1	0.05	0.05	0	
24/10/2011 14:57:05	TASTEGGIO	0	2	5600	44412	161042	109	-1	0.02	0.06	-119500	
24/10/2011 14:59:00	TASTEGGIO	0	2	5600	44412	161095	109	-1	0.06	0.12	82800	
24/10/2011 14:59:26	TASTEGGIO	1	0	5600	44412	78320	85	-4	0.10	0.10	0	
24/10/2011 14:59:49	TASTEGGIO	0	1	5600	44412	78319	93	-3	0.06	0.06	0	
24/10/2011 15:00:00	TASTEGGIO	0	1	5600	44412	160746	93	-3	0.08	0.08	-119500	
24/10/2011 15:00:27	TASTEGGIO	1	0	5600	44412	280198	81	-1	0.08	0.08	0	
24/10/2011 15:00:47	TASTEGGIO	0	1	5600	44412	280204	89	-1	0.07	0.07	0	
24/10/2011 15:01:09	TASTEGGIO	0	2	5600	44412	280205	101	-1	0.06	0.06	0	
24/10/2011 15:01:21	TASTEGGIO	0	2	5600	44412	161046	101	-1	0.08	0.09	82800	
24/10/2011 15:01:48	TASTEGGIO	1	0	5600	44412	78275	82	0	0.08	0.08	0	
24/10/2011 15:02:09	TASTEGGIO	0	1	5600	44412	78275	89	0	0.06	0.06	0	
24/10/2011 15:02:21	TASTEGGIO	0	1	5600	44412	160750	89	0	0.05	0.08	82800	
24/10/2011 15:02:47	TASTEGGIO	1	0	5600	44412	78013	81	2	0.08	0.08	0	
24/10/2011 15:03:09	TASTEGGIO	0	1	5600	44412	78004	89	0	0.07	0.07	0	
24/10/2011 15:03:32	TASTEGGIO	0	2	5600	44412	77993	101	-1	0.06	0.06	0	
24/10/2011 15:03:43	TASTEGGIO	0	2	5600	44412	160752	101	-1	0.07	0.07	0	
24/10/2011 15:04:09	TASTEGGIO	1	0	5600	44412	160747	80	-35	0.22	0.22	0	
24/10/2011 15:04:31	TASTEGGIO	0	1	5600	44412	160747	10	-7	0.12	0.12	0	
24/10/2011 15:04:53	TASTEGGIO	0	2	5600	44412	160747	19	-7	0.06	0.06	0	
24/10/2011 15:05:01	TASTEGGIO	0	2	5600	44412	160752	19	-7	0.06	0.07	-119500	
24/10/2011 15:05:28	TASTEGGIO	1	0	5600	44412	280212	80	0	0.06	0.06	0	
24/10/2011 15:05:40	TASTEGGIO	1	0	5600	44412	161038	80	0	0.07	0.07	0	
24/10/2011 15:07:33	TASTEGGIO	1	0	5600	44412	161105	80	0	0.09	0.10	82800	
24/10/2011 15:08:00	TASTEGGIO	1	0	5600	44412	78328	83	-3	0.08	0.08	0	
24/10/2011 15:08:23	TASTEGGIO	0	1	5600	44412	78330	89	-1	0.06	0.06	0	
24/10/2011 15:08:34	TASTEGGIO	0	1	5600	44412	160741	89	-1	0.06	0.06	0	
24/10/2011 15:10:29	TASTEGGIO	0	1	5600	44412	161190	89	-1	0.14	0.14	0	
24/10/2011 15:10:55	TASTEGGIO	1	0	5600	44412	161194	86	-90	0.95	0.95	0	
24/10/2011 15:11:16	TASTEGGIO	0	1	5600	44412	161194	0	-5	0.83	0.83	0	
24/10/2011 15:11:40	TASTEGGIO	0	2	5600	44412	161194	145	-71	0.20	0.20	0	
24/10/2011 15:12:03	TASTEGGIO	0	0	5600	44412	161194	91	-50	0.24	0.24	0	
24/10/2011 15:12:26	TASTEGGIO	0	1	5600	44412	161194	62	-57	0.72	0.72	0	
24/10/2011 15:12:47	TASTEGGIO	0	1	5600	44412	161194	0	-8	0.58	0.58	0	
24/10/2011 15:13:09	TASTEGGIO	0	2	5600	44412	161194	93	-35	0.23	0.23	0	
24/10/2011 15:13:32	TASTEGGIO	0	0	5600	44412	161194	94	-32	0.09	0.09	0	
24/10/2011 15:13:55	TASTEGGIO	0	1	5600	44412	161194	90	-32	0.36	0.36	0	
24/10/2011 15:14:17	TASTEGGIO	0	1	5600	44412	161194	0	-16	0.18	0.18	0	
24/10/2011 15:14:40	TASTEGGIO	0	0	5600	44412	161194	90	-47	0.27	0.27	0	
24/10/2011 15:15:02	TASTEGGIO	0	1	5600	44412	161194	49	-24	0.48	0.48	0	
24/10/2011 15:15:27	TASTEGGIO	0	2	5600	44412	161194	219	-142	2.39	2.39	0	
24/10/2011 15:15:41	TASTEGGIO	0	1	5600	44412	161194	0	5	2.38	2.38	0	
24/10/2011 15:16:05	TASTEGGIO	0	2	5600	44412	161194	400	-168	1.29	1.29	0	
24/10/2011 15:16:30	TASTEGGIO	0	3	5600	44412	161194	400	-292	1.82	1.82	0	
24/10/2011 15:16:51	TASTEGGIO	0	1	5600	44412	161194	143	-65	1.30	1.30	0	
24/10/2011 15:17:14	TASTEGGIO	0	2	5600	44412	161194	274	-165	0.34	0.34	0	
24/10/2011 15:17:38	TASTEGGIO	0	1	5600	44412	161194	265	-145	2.33	2.33	0	
24/10/2011 15:17:52	TASTEGGIO	0	1	5600	44412	161194	0	0	2.25	2.25	0	
24/10/2011 15:18:17	TASTEGGIO	0	2	5600	44412	161194	400	-213	0.76	0.76	0	
24/10/2011 15:18:40	TASTEGGIO	0	0	5600	44412	161194	138	-20	0.52	0.52	0	
24/10/2011 15:19:04	TASTEGGIO	0	1	5600	44412	161194	173	-20	0.27	0.27	0	
24/10/2011 15:19:29	TASTEGGIO	0	2	5600	44412	161194	192	-27	0.07	0.07	0	
24/10/2011 15:19:52	TASTEGGIO	0	0	5600	44412	161194	80	-42	0.32	0.32	0	
24/10/2011 15:20:14	TASTEGGIO	0	1	5600	44412	161194	0	-11	0.20	0.20	0	
24/10/2011 15:20:36	TASTEGGIO	0	2	5600	44412	161194	17	-2	0.17	0.17	0	
24/10/2011 15:20:59	TASTEGGIO	0	3	5600	44412	161194	60	-7	0.14	0.14	0	
24/10/2011 15:21:22	TASTEGGIO	0	4	5600	44412	161194	106	-15	0.06	0.06	0	
24/10/2011 15:21:30	TASTEGGIO	0	4	5600	44412	161190	106	-15	0.06	0.08	-82000	
24/10/2011 15:21:57	TASTEGGIO	1	0	5600	44412	243119	81	-12	0.11	0.11	0	
24/10/2011 15:22:20	TASTEGGIO	0	1	5600	44412	243128	65	-4	0.06	0.06	0	
24/10/2011 15:22:31	TASTEGGIO	0	1	5600	44412	161175	65	-4	0.00	0.04	-82000	
24/10/2011 15:24:26	TASTEGGIO	0	1	5600	44412	161088	65	-4	0.11	0.11	-82000	
24/10/2011 15:24:54	TASTEGGIO	1	0	5600	44412	243026	84	1	0.10	0.10	0	
24/10/2011 15:25:17	TASTEGGIO	0	1	5600	44412	243033	93	-1	0.10	0.10	0	
24/10/2011 15:25:39	TASTEGGIO	0	2	5600	44412	243034	113	-2	0.08	0.08	0	
24/10/2011 15:26:03	TASTEGGIO	0	3	5600	44412	243036	124	-7	0.09	0.09	0	
24/10/2011 15:26:26	TASTEGGIO	0	4	5600	44412	243036	164	-16	0.07	0.07	0	
24/10/2011 15:26:49	TASTEGGIO	0	1	5600	44412	243036	158	-25	0.16	0.16	0	
24/10/2011 15:27:12	TASTEGGIO	0	1	5600	44412	243036	121	-8	0.06	0.06	0	
24/10/2011 15:27:24	TASTEGGIO	0	1	5600	44412	161077	121	-8	0.12	0.12	0	
24/10/2011 15:27:49	TASTEGGIO	1	0	5600	44412	161081	85	-37	0.18	0.18	0	
24/10/2011 15:28:11	TASTEGGIO	0	1	5600	44412	161081	58	-27	0.09	0.09	0	
24/10/2011 15:28:33	TASTEGGIO	0	1	5600	44412	161081	53	-12	0.04	0.04	0	
24/10/2011 15:28:41	TASTEGGIO	0	1	5600	44412	161076	53	-12	0.06	0.06	0	
24/10/2011 15:30:36	TASTEGGIO	0	1	5600	44412	161114	53	-12	0.06	0.08	82800	
24/10/2011 15:31:03	TASTEGGIO	1	0	5600	44412	78338	81	-2	0.04	0.04	0	
24/10/2011 15:31:15	TASTEGGIO	1	0	5600	44412	160747	81	-2	0.07	0.07	0	
24/10/2011 15:31:40	TASTEGGIO	1	0	5600	44412	160742	80	-40	0.41	0.41	0	
24/10/2011 15:32:02	TASTEGGIO	0	1	5600	44412	160742	0	-8	0.34	0.34	0	
24/10/2011 15:32:25	TASTEGGIO	0	2	5600	44412	160742	56	-20	0.15	0.15	0	
24/10/2011 15:32:48	TASTEGGIO	0	0	5600	44412	160742	87	-23	0.10	0.10	0	
24/10/2011 15:33:12	TASTEGGIO	0	1	5600	44412	160742	80	-25	0.31	0.31	0	
24/10/2011 15:33:36	TASTEGGIO	0	1	5600	44412	160742	0	-11	0.31	0.31	0	
24/10/2011 15:33:59	TASTEGGIO	0	2	5600	44412	160742	62	-18	0.13	0.13	0	
24/10/2011 15:34:23	TASTEGGIO	0	0	5600	44412	160742	85	-15	0.03	0.03	0	
24/10/2011 15:34:30	TASTEGGIO	0	0	5600	44412	160747	85	-15	0.03	0.07	82800	
24/10/2011 15:34:58	TASTEGGIO	1	0	5600	44412	78011	80	1	0.05	0.05	0	
24/10/2011 15:35:09	TASTEGGIO	1	0	5600	44412	160746	80	1	0.03	0.06	82800	
24/10/2011 15:37:03	TASTEGGIO	1	0	5600	44412	161182	80	1	0.10	0.10	0	
24/10/2011 15:37:29	TASTEGGIO	1	0	5600	44412	161186	83	-9	0.06	0.06	0	
24/10/2011 15:37:36	TASTEGGIO	1	0	5600	44412	161182	83	-9	0.07	0.07	0	
24/10/2011 15:38:02	TASTEGGIO	1	0	5600	44412	161185	80	-17	0.20	0.20	0	
24/10/2011 15:38:24	TASTEGGIO	0	1	5600	44412	161185	22	-9	0.11	0.11	0	
24/10/2011 15:38:47	TASTEGGIO	0	2	5600	44412	161186	30	-1	0.08	0.08	0	
24/10/2011 15:39:10	TASTEGGIO	0	3	5600	44412	161186	40	-2	0.08	0.08	0	
24/10/2011 15:39:32	TASTEGGIO	0	4	5600	44412	161185	72	-3	0.06	0.06	0	
24/10/2011 15:39:40	TASTEGGIO	0	4	5600	44412	161182	72	-3	0.06	0.06	0	
24/10/2011 15:41:35	TASTEGGIO	0	4	5600	44412	161197	72	-3	0.05	0.10	-82000	
24/10/2011 15:42:02	TASTEGGIO	1	0	5600	44412	243135	83	-1	0.08	0.08	0	
24/10/2011 15:42:26	TASTEGGIO	0	1	5600	44412	243142	89	-1	0.04	0.04	0	
24/10/2011 15:42:37	TASTEGGIO	0	1	5600	44412	161178	89	-1	0.07	0.08	-119500	
24/10/2011 15:43:03	TASTEGGIO	1	0	5600	44412	280618	81	-1	0.07	0.07	0	
24/10/2011 15:43:25	TASTEGGIO	0	1	5600	44412	280628	87	0	0.09	0.09	0	
24/10/2011 15:43:46	TASTEGGIO	0	2	5600	44412	280636	110	0	0.07	0.07	0	
24/10/2011 15:44:07	TASTEGGIO	0	3	5600	44412	280641	119	0	0.07	0.07	0	
24/10/2011 15:44:30	TASTEGGIO	0	4	5600	44412	280647	147	0	0.06	0.06	0	
24/10/2011 15:44:42	TASTEGGIO	0	4	5600	44412	161178	147	0	0.06	0.08	-119500	
24/10/2011 15:45:09	TASTEGGIO	1	0	5600	44412	280618	81	0	0.08	0.08	0	
24/10/2011 15:45:30	TASTEGGIO	0	1	5600	44412	280627	89	0	0.07	0.07	0	
24/10/2011 15:45:51	TASTEGGIO	0	2	5600	44412	280630	101	0	0.07	0.07	0	
24/10/2011 15:46:12	TASTEGGIO	0	3	5600	44412	280632	122	0	0.07	0.07	0	
24/10/2011 15:46:35	TASTEGGIO	0	4	5600	44412	280636	150	0	0.07	0.07	0	
24/10/2011 15:46:57	TASTEGGIO	0	5	5600	44412	280637	185	0	0.06	0.06	0	
24/10/2011 15:47:09	TASTEGGIO	0	5	5600	44412	161191	185	0	0.07	0.07	-82000	
24/10/2011 15:47:37	TASTEGGIO	1	0	5600	44412	243121	80	0	0.04	0.04	0	
24/10/2011 15:47:48	TASTEGGIO	1	0	5600	44412	161173	80	0	0.08	0.08	0	
24/10/2011 15:48:14	TASTEGGIO	1	0	5600	44412	161177	81	-4	0.04	0.04	0	
24/10/2011 15:48:22	TASTEGGIO	1	0	5600	44412	161173	81	-4	0.04	0.07	-119500	
24/10/2011 15:48:49	TASTEGGIO	1	0	5600	44412	280607	80	0	0.09	0.09	0	
24/10/2011 15:49:09	TASTEGGIO	0	1	5600	44412	280614	91	0	0.08	0.08	0	
24/10/2011 15:49:30	TASTEGGIO	0	2	5600	44412	280617	105	0	0.07	0.07	0	
24/10/2011 15:49:50	TASTEGGIO	0	3	5600	44412	280618	123	0	0.08	0.08	0	
24/10/2011 15:50:12	TASTEGGIO	0	4	5600	44412	280619	159	0	0.07	0.07	0	
24/10/2011 15:50:34	TASTEGGIO	0	5	5600	44412	280620	189	0	0.08	0.08	0	
24/10/2011 15:50:57	TASTEGGIO	0	6	5600	44412	280620	243	-1	0.05	0.05	0	
24/10/2011 15:51:09	TASTEGGIO	0	6	5600	44412	161179	243	-1	0.05	0.06	-119500	
24/10/2011 15:53:04	TASTEGGIO	0	6	5600	44412	161181	243	-1	0.03	0.10	82800	
24/10/2011 15:53:31	TASTEGGIO	1	0	5600	44412	78414	83	-1	0.07	0.07	0	
24/10/2011 15:53:53	TASTEGGIO	0	1	5600	44412	78417	87	-1	0.06	0.06	0	
24/10/2011 15:54:04	TASTEGGIO	0	1	5600	44412	160850	87	-1	0.05	0.07	-82000	
24/10/2011 15:54:32	TASTEGGIO	1	0	5600	44412	242820	80	-13	0.07	0.07	0	
24/10/2011 15:54:54	TASTEGGIO	0	1	5600	44412	242821	73	-14	0.08	0.08	0	
24/10/2011 15:55:17	TASTEGGIO	0	1	5600	44412	242821	63	-3	0.04	0.04	0	
24/10/2011 15:55:28	TASTEGGIO	0	1	5600	44412	161142	63	-3	0.05	0.08	82800	
24/10/2011 15:55:55	TASTEGGIO	1	0	5600	44412	78374	81	1	0.05	0.05	0	
24/10/2011 15:56:06	TASTEGGIO	1	0	5600	44412	160845	81	1	0.04	0.06	82800	
24/10/2011 15:58:01	TASTEGGIO	1	0	5600	44412	161103	81	1	0.08	0.12	82800	
24/10/2011 15:58:28	TASTEGGIO	1	0	5600	44412	78326	85	0	0.10	0.10	0	
24/10/2011 15:58:50	TASTEGGIO	0	1	5600	44412	78325	93	-1	0.10	0.10	0	
24/10/2011 15:59:13	TASTEGGIO	0	2	5600	44412	78325	113	0	0.09	0.09	0	
24/10/2011 15:59:36	TASTEGGIO	0	3	5600	44412	78325	137	-1	0.08	0.08	0	
24/10/2011 15:59:59	TASTEGGIO	0	4	5600	44412	78325	165	-3	0.06	0.06	0	
24/10/2011 16:00:10	TASTEGGIO	0	4	5600	44412	160747	165	-3	0.04	0.09	-82000	
24/10/2011 16:00:38	TASTEGGIO	1	0	5600	44412	242718	82	0	0.07	0.07	0	
24/10/2011 16:00:59	TASTEGGIO	0	1	5600	44412	242718	87	-3	0.06	0.06	0	
24/10/2011 16:01:10	TASTEGGIO	0	1	5600	44412	161032	87	-3	0.05	0.09	-119500	
24/10/2011 16:01:37	TASTEGGIO	1	0	5600	44412	280469	82	-1	0.08	0.08	0	
24/10/2011 16:01:58	TASTEGGIO	0	1	5600	44412	280476	89	0	0.07	0.07	0	
24/10/2011 16:02:19	TASTEGGIO	0	2	5600	44412	280479	101	0	0.08	0.08	0	
24/10/2011 16:02:40	TASTEGGIO	0	3	5600	44412	280480	128	-2	0.07	0.07	0	
24/10/2011 16:03:03	TASTEGGIO	0	4	5600	44412	280481	152	-3	0.08	0.08	0	
24/10/2011 16:03:25	TASTEGGIO	0	5	5600	44412	280482	197	-2	0.05	0.05	0	
24/10/2011 16:03:38	TASTEGGIO	0	5	5600	44412	161080	197	-2	0.03	0.06	-82000	
24/10/2011 16:04:37	ALARM 17	proc 12 prog 10 step 47	LavoroTerminato
24/10/2011 16:27:57	ALARM 406		
25/10/2011 12:07:31	ALARM 401		
25/10/2011 12:07:33	INIT OK
25/10/2011 12:10:08	ALARM 401		
25/10/2011 12:10:09	ALARM 401		
25/10/2011 12:12:18	ALARM 401		
25/10/2011 13:12:10	ALARM 19	proc 12 prog 36 step 77	Tondo Non Presente Su Carrello 2
25/10/2011 13:12:38	ALARM 201		err.6058
25/10/2011 13:12:39	ALARM 19	proc 1 prog 2 step 10	Tondo Non Presente Su Carrello 2
25/10/2011 13:12:40	ALARM 19	proc 1 prog 2 step 10	Tondo Non Presente Su Carrello 2
25/10/2011 13:12:40	ALARM 19	proc 1 prog 2 step 10	Tondo Non Presente Su Carrello 2
25/10/2011 13:12:41	ALARM 19	proc 1 prog 2 step 10	Tondo Non Presente Su Carrello 2
25/10/2011 13:13:27	ALARM 401		
25/10/2011 13:13:28	ALARM 401		
25/10/2011 13:14:17	ALARM 401		
25/10/2011 13:16:01	TASTEGGIO	0	0	10500	63618	150705	0	0	0.14	0.22	-82000	
25/10/2011 13:16:31	TASTEGGIO	1	0	10500	63618	232696	136	-2	0.20	0.20	0	
25/10/2011 13:16:55	TASTEGGIO	0	1	10500	63618	232695	154	-1	0.19	0.19	0	
25/10/2011 13:17:21	TASTEGGIO	0	2	10500	63618	232695	190	-4	0.13	0.13	0	
25/10/2011 13:17:33	TASTEGGIO	0	2	10500	63618	150675	190	-4	0.12	0.21	82800	
25/10/2011 13:18:01	TASTEGGIO	1	0	10500	63618	67904	135	0	0.21	0.21	0	
25/10/2011 13:18:24	TASTEGGIO	0	1	10500	63618	67905	156	0	0.21	0.21	0	
25/10/2011 13:18:48	TASTEGGIO	0	2	10500	63618	67911	198	-1	0.19	0.19	0	
25/10/2011 13:19:14	TASTEGGIO	0	3	10500	63618	67915	249	-5	0.14	0.14	0	
25/10/2011 13:19:27	TASTEGGIO	0	3	10500	63618	150551	249	-5	0.09	0.14	82800	
25/10/2011 13:19:54	TASTEGGIO	1	0	10500	63618	67779	123	0	0.15	0.15	0	
25/10/2011 13:20:17	TASTEGGIO	0	1	10500	63618	67782	139	0	0.15	0.15	0	
25/10/2011 13:20:41	TASTEGGIO	0	2	10500	63618	67787	169	0	0.15	0.15	0	
25/10/2011 13:21:07	TASTEGGIO	0	3	10500	63618	67791	214	0	0.15	0.15	0	
25/10/2011 13:21:32	TASTEGGIO	0	4	10500	63618	67795	274	-7	0.07	0.07	0	
25/10/2011 13:21:44	TASTEGGIO	0	4	10500	63618	150573	274	-7	0.12	0.15	-82000	
25/10/2011 13:22:15	TASTEGGIO	1	0	10500	63618	232545	125	-1	0.15	0.15	0	
25/10/2011 13:22:39	TASTEGGIO	0	1	10500	63618	232546	140	0	0.15	0.15	0	
25/10/2011 13:22:42	ALARM 401		
25/10/2011 13:22:45	ALARM 205		err.6058
25/10/2011 13:23:01	TASTEGGIO	0	1	10500	63618	150702	140	0	0.12	0.16	-82000	
25/10/2011 13:23:36	TASTEGGIO	0	1	10500	63618	232672	214	-8	0.08	0.08	0	
25/10/2011 13:23:53	TASTEGGIO	0	1	10500	63618	150681	214	-8	0.09	0.11	44500	
25/10/2011 13:24:23	TASTEGGIO	0	1	10500	63618	106221	161	-4	0.07	0.07	0	
25/10/2011 13:24:39	TASTEGGIO	0	1	10500	63618	150571	161	-4	0.07	0.08	82800	
25/10/2011 13:25:02	TASTEGGIO	0	1	10500	63619	150571	161	-4	0.07	0.08	-82000	
25/10/2011 13:26:59	TASTEGGIO	0	1	10500	63618	150705	161	-4	0.61	0.61	0	
25/10/2011 13:27:26	TASTEGGIO	1	0	10500	63618	150732	202	-6	0.55	0.55	0	
25/10/2011 13:27:52	TASTEGGIO	0	1	10500	63618	150732	251	-19	0.35	0.35	0	
25/10/2011 13:28:17	TASTEGGIO	0	2	10500	63618	150731	282	-35	0.05	0.05	0	
25/10/2011 13:28:25	TASTEGGIO	0	2	10500	63618	150697	282	-35	0.04	0.27	-82000	
25/10/2011 13:28:55	TASTEGGIO	1	0	10500	63618	232652	145	-2	0.25	0.25	0	
25/10/2011 13:29:19	TASTEGGIO	0	1	10500	63618	232664	168	-2	0.24	0.24	0	
25/10/2011 13:29:44	TASTEGGIO	0	2	10500	63618	232666	214	-7	0.19	0.19	0	
25/10/2011 13:30:09	TASTEGGIO	0	3	10500	63618	232666	240	-11	0.08	0.08	0	
25/10/2011 13:30:21	TASTEGGIO	0	3	10500	63618	150678	240	-11	0.09	0.14	44500	
25/10/2011 13:30:49	TASTEGGIO	1	0	10500	63618	106218	123	-1	0.15	0.15	0	
25/10/2011 13:31:13	TASTEGGIO	0	1	10500	63618	106221	139	0	0.14	0.14	0	
25/10/2011 13:31:37	TASTEGGIO	0	2	10500	63618	106224	165	-2	0.12	0.12	0	
25/10/2011 13:32:04	TASTEGGIO	0	3	10500	63618	106226	195	-5	0.06	0.06	0	
25/10/2011 13:32:15	TASTEGGIO	0	3	10500	63618	150574	195	-5	0.04	0.11	-82000	
25/10/2011 13:32:45	TASTEGGIO	1	0	10500	63618	232549	118	0	0.11	0.11	0	
25/10/2011 13:33:09	TASTEGGIO	0	1	10500	63618	232561	129	0	0.11	0.11	0	
25/10/2011 13:33:33	TASTEGGIO	0	2	10500	63618	232576	151	0	0.11	0.11	0	
25/10/2011 13:33:57	TASTEGGIO	0	3	10500	63618	232592	184	0	0.10	0.10	0	
25/10/2011 13:34:24	TASTEGGIO	0	4	10500	63618	232601	220	-2	0.09	0.09	0	
25/10/2011 13:34:51	TASTEGGIO	0	5	10500	63618	232601	260	-13	0.05	0.05	0	
25/10/2011 13:35:03	TASTEGGIO	0	5	10500	63618	150722	260	-13	0.14	0.14	0	
25/10/2011 13:35:31	TASTEGGIO	1	0	10500	63618	150745	123	-6	0.08	0.08	0	
25/10/2011 13:35:40	TASTEGGIO	1	0	10500	63618	150719	123	-6	0.08	0.14	24500	
25/10/2011 13:36:08	TASTEGGIO	1	0	10500	63618	126253	123	-1	0.13	0.13	0	
25/10/2011 13:36:32	TASTEGGIO	0	1	10500	63618	126255	135	-1	0.12	0.12	0	
25/10/2011 13:36:35	ALARM 401		
25/10/2011 13:36:40	ALARM 205		err.6058
25/10/2011 13:36:54	TASTEGGIO	0	1	10500	63618	150580	135	-1	0.07	0.10	44500	
25/10/2011 13:37:31	TASTEGGIO	0	1	10500	63618	106127	208	-5	0.06	0.06	0	
25/10/2011 13:37:47	TASTEGGIO	0	1	10500	63618	150574	208	-5	0.04	0.11	82800	
25/10/2011 13:38:28	TASTEGGIO	0	1	10500	63618	150571	228	-5	0.07	0.11	24500	
25/10/2011 13:39:08	TASTEGGIO	0	1	10500	63618	150570	251	-40	0.30	0.30	0	
25/10/2011 13:39:42	TASTEGGIO	0	1	10500	63618	150573	251	-50	0.18	0.18	0	
25/10/2011 13:40:16	TASTEGGIO	0	1	10500	63618	150574	217	-45	0.26	0.28	24500	
25/10/2011 13:40:54	TASTEGGIO	0	1	10500	63618	150571	217	-24	0.10	0.16	82800	
25/10/2011 13:41:33	TASTEGGIO	0	1	10500	63618	150569	170	0	0.10	0.15	82800	
25/10/2011 13:42:14	TASTEGGIO	0	1	10500	63618	150567	190	-1	0.10	0.15	82800	
25/10/2011 13:42:56	TASTEGGIO	0	1	10500	63618	150565	210	0	0.09	0.14	82800	
25/10/2011 13:43:38	TASTEGGIO	0	1	10500	63618	150557	217	0	0.09	0.14	82800	
25/10/2011 13:44:05	TASTEGGIO	0	1	10500	63619	150562	217	0	0.09	0.13	82800	
25/10/2011 13:46:03	TASTEGGIO	0	1	10500	63619	150699	217	0	1.69	1.69	0	
25/10/2011 13:46:32	TASTEGGIO	1	0	10500	63619	150728	384	-49	1.21	1.21	0	
25/10/2011 13:46:58	TASTEGGIO	0	1	10500	63619	150728	400	-62	0.62	0.62	0	
25/10/2011 13:47:25	TASTEGGIO	0	2	10500	63619	150728	400	-89	0.25	0.25	0	
25/10/2011 13:47:54	TASTEGGIO	0	1	10500	63619	150729	389	-389	3.67	3.67	0	
25/10/2011 13:47:59	ALARM 617	proc 12 prog 11 step 56	eccentricity = 3.67 mm
25/10/2011 13:50:02	TASTEGGIO	0	1	10500	63619	150686	389	-389	3.63	3.63	0	
25/10/2011 13:50:41	TASTEGGIO	0	1	10500	63619	150714	217	-24	3.42	3.42	0	
25/10/2011 13:51:20	TASTEGGIO	0	1	10500	63619	150714	244	-3	3.39	3.39	0	
25/10/2011 13:51:33	TASTEGGIO	0	1	10500	63619	150685	244	-3	3.39	3.39	0	
25/10/2011 13:52:10	TASTEGGIO	0	1	10500	63619	150712	269	-2	3.37	3.37	0	
25/10/2011 13:52:49	TASTEGGIO	0	1	10500	63619	150712	317	-3	3.35	3.35	0	
25/10/2011 13:53:29	TASTEGGIO	0	1	10500	63619	150716	355	-5	3.31	3.31	0	
25/10/2011 13:53:57	TASTEGGIO	0	1	10500	63619	150716	391	-22	3.09	3.09	0	
25/10/2011 13:54:30	TASTEGGIO	0	1	10500	63619	150683	407	-35	2.75	2.75	0	
25/10/2011 14:04:02	TASTEGGIO	0	1	10500	63619	150664	407	-32	2.44	2.44	0	
25/10/2011 14:04:36	TASTEGGIO	0	1	10500	63619	150667	407	-34	2.10	2.10	0	
25/10/2011 14:05:10	TASTEGGIO	0	1	10500	63619	150666	407	-39	1.73	1.73	0	
25/10/2011 14:05:46	TASTEGGIO	0	1	10500	63619	150665	407	-44	1.32	1.32	0	
25/10/2011 14:06:25	TASTEGGIO	0	1	10500	63619	150663	407	-50	0.83	1.09	44500	
25/10/2011 14:07:06	TASTEGGIO	0	1	10500	63619	150575	392	-101	0.37	0.48	-82000	
25/10/2011 14:07:48	TASTEGGIO	0	1	10500	63619	150695	272	-33	0.30	0.35	44500	
25/10/2011 14:08:32	TASTEGGIO	0	1	10500	63619	150572	294	-68	0.36	0.36	0	
25/10/2011 14:09:08	TASTEGGIO	0	1	10500	63619	150579	285	-173	1.42	1.42	0	
25/10/2011 14:09:42	TASTEGGIO	0	1	10500	63619	150589	285	-70	0.71	0.71	0	
25/10/2011 14:10:18	TASTEGGIO	0	1	10500	63619	150593	234	-12	0.59	0.59	0	
25/10/2011 14:10:52	TASTEGGIO	0	1	10500	63619	150597	234	-12	0.47	0.47	0	
25/10/2011 14:11:27	TASTEGGIO	0	1	10500	63619	150601	234	-8	0.40	0.42	82800	
25/10/2011 14:12:08	TASTEGGIO	0	1	10500	63619	150570	234	-3	0.38	0.39	82800	
25/10/2011 14:12:51	TASTEGGIO	0	1	10500	63619	150570	240	-1	0.38	0.39	82800	
25/10/2011 14:13:31	TASTEGGIO	0	1	10500	63619	150570	261	-3	0.36	0.36	0	
25/10/2011 14:14:26	TASTEGGIO	0	1	10500	63619	150573	281	-51	0.16	0.19	44500	
25/10/2011 14:22:52	TASTEGGIO	0	1	10500	63619	150558	144	-23	0.03	0.23	82800	
25/10/2011 14:23:35	TASTEGGIO	0	1	10500	63619	150563	113	0	0.02	0.23	82800	
25/10/2011 14:24:13	TASTEGGIO	0	1	10500	63619	150561	133	-1	0.02	0.22	82800	
25/10/2011 14:24:52	TASTEGGIO	0	1	10500	63619	150567	151	0	0.02	0.21	82800	
25/10/2011 14:25:33	TASTEGGIO	0	1	10500	63619	150557	169	0	0.01	0.22	82800	
25/10/2011 14:26:14	TASTEGGIO	0	1	10500	63619	150558	189	-1	0.02	0.22	82800	
25/10/2011 14:26:53	TASTEGGIO	0	1	10500	63619	150560	199	0	0.02	0.22	82800	
25/10/2011 14:27:33	TASTEGGIO	0	1	10500	63619	150558	210	0	0.01	0.22	82800	
25/10/2011 14:28:14	TASTEGGIO	0	1	10500	63619	150558	230	0	0.02	0.22	82800	
25/10/2011 14:28:58	TASTEGGIO	0	1	10500	63619	150563	253	-3	0.01	0.19	82800	
25/10/2011 14:29:41	TASTEGGIO	0	1	10500	63619	150558	258	-2	0.02	0.18	-82000	
25/10/2011 14:30:27	TASTEGGIO	0	1	10500	63619	150671	264	-38	0.26	0.27	-82000	
25/10/2011 14:31:09	TASTEGGIO	0	1	10500	63619	150675	264	-40	0.16	0.16	0	
25/10/2011 14:31:34	TASTEGGIO	0	1	10500	63619	150675	264	-40	0.16	0.16	0	
25/10/2011 14:32:34	ALARM 17	proc 12 prog 10 step 47	LavoroTerminato
25/10/2011 15:10:09	TASTEGGIO	0	1	11000	65578	116589	264	-40	1.65	2.28	-44500	
25/10/2011 15:10:40	TASTEGGIO	1	0	11000	65578	161067	400	-9	2.20	2.20	0	
25/10/2011 15:11:05	TASTEGGIO	0	1	11000	65578	161082	400	-2	2.18	2.18	0	
25/10/2011 15:11:32	TASTEGGIO	0	2	11000	65578	161091	400	-1	2.16	2.16	0	
25/10/2011 15:11:54	ALARM 401		
25/10/2011 15:11:58	ALARM 205		err.6058
25/10/2011 15:12:19	TASTEGGIO	0	3	11000	65578	161097	400	0	2.16	2.16	0	
25/10/2011 15:12:47	TASTEGGIO	1	0	11000	65578	161097	490	-10	2.06	2.06	0	
25/10/2011 15:13:14	TASTEGGIO	0	1	11000	65578	161097	500	-5	2.00	2.00	0	
25/10/2011 15:13:44	TASTEGGIO	0	2	11000	65578	161098	500	-4	1.98	1.98	0	
25/10/2011 15:14:11	TASTEGGIO	0	3	11000	65578	161098	500	-2	1.96	1.96	0	
25/10/2011 15:14:43	TASTEGGIO	0	4	11000	65578	161098	550	-19	1.76	1.76	0	
25/10/2011 15:15:13	TASTEGGIO	0	5	11000	65578	161098	550	-11	1.66	1.66	0	
25/10/2011 15:15:43	TASTEGGIO	0	6	11000	65578	161098	550	-7	1.59	1.59	0	
25/10/2011 15:16:15	TASTEGGIO	0	7	11000	65578	161098	550	-5	1.55	1.55	0	
25/10/2011 15:16:45	TASTEGGIO	0	8	11000	65578	161097	550	-4	1.52	1.52	0	
25/10/2011 15:17:16	TASTEGGIO	0	9	11000	65578	161098	580	-15	1.38	1.38	0	
25/10/2011 15:17:49	TASTEGGIO	0	10	11000	65578	161097	580	-12	1.27	1.27	0	
25/10/2011 15:18:20	TASTEGGIO	0	11	11000	65578	161098	580	-11	1.18	1.18	0	
25/10/2011 15:18:53	TASTEGGIO	0	12	11000	65578	161097	580	-7	1.12	1.12	0	
25/10/2011 15:18:54	ALARM 218	proc 12 prog 113 step 40	go_abs 5 cmd 11
25/10/2011 15:19:13	TASTEGGIO	0	12	11000	65578	116588	580	-7	0.69	1.12	-44500	
25/10/2011 15:19:38	TASTEGGIO	0	12	11000	65578	161009	580	-7	1.14	1.14	0	
25/10/2011 15:20:05	TASTEGGIO	1	0	11000	65578	161043	358	0	1.13	1.13	0	
25/10/2011 15:20:35	TASTEGGIO	0	1	11000	65578	161056	470	0	1.13	1.13	0	
25/10/2011 15:21:09	TASTEGGIO	0	2	11000	65578	161064	610	-23	0.91	0.91	0	
25/10/2011 15:21:42	TASTEGGIO	0	3	11000	65578	161067	610	-22	0.69	0.69	0	
25/10/2011 15:22:18	TASTEGGIO	0	4	11000	65578	161067	610	-19	0.53	0.53	0	
25/10/2011 15:22:52	TASTEGGIO	0	5	11000	65578	161067	610	-25	0.29	0.29	0	
25/10/2011 15:22:55	ALARM 401		
25/10/2011 15:22:58	ALARM 205		err.6058
25/10/2011 15:23:12	TASTEGGIO	0	5	11000	65578	116572	610	-25	0.21	0.79	44500	
25/10/2011 15:23:37	TASTEGGIO	0	5	11000	65578	116474	610	-25	0.20	0.79	44500	
25/10/2011 15:24:08	TASTEGGIO	1	0	11000	65578	72043	313	-6	0.72	0.72	0	
25/10/2011 15:24:34	TASTEGGIO	0	1	11000	65578	72040	378	-6	0.66	0.66	0	
25/10/2011 15:25:01	TASTEGGIO	0	2	11000	65578	72038	400	-4	0.63	0.63	0	
25/10/2011 15:25:27	TASTEGGIO	0	3	11000	65578	72037	400	-1	0.62	0.62	0	
25/10/2011 15:25:56	TASTEGGIO	0	4	11000	65578	72130	400	-1	0.60	0.60	0	
25/10/2011 15:26:22	TASTEGGIO	0	5	11000	65578	72130	400	0	0.60	0.60	0	
25/10/2011 15:26:49	TASTEGGIO	0	6	11000	65578	72130	400	0	0.58	0.58	0	
25/10/2011 15:27:15	TASTEGGIO	0	7	11000	65578	72130	400	-1	0.58	0.58	0	
25/10/2011 15:27:44	TASTEGGIO	0	8	11000	65578	72130	400	0	0.58	0.58	0	
25/10/2011 15:28:10	TASTEGGIO	0	9	11000	65578	72130	400	0	0.58	0.58	0	
25/10/2011 15:28:39	TASTEGGIO	0	10	11000	65578	72130	400	0	0.57	0.57	0	
25/10/2011 15:29:04	TASTEGGIO	0	11	11000	65578	72130	400	0	0.57	0.57	0	
25/10/2011 15:29:32	TASTEGGIO	0	12	11000	65578	72130	400	0	0.57	0.57	0	
25/10/2011 15:29:58	TASTEGGIO	0	13	11000	65578	72130	400	0	0.56	0.56	0	
25/10/2011 15:30:25	TASTEGGIO	0	14	11000	65578	72130	400	0	0.57	0.57	0	
25/10/2011 15:30:28	ALARM 401		
25/10/2011 15:30:32	ALARM 205		err.6058
25/10/2011 15:30:49	TASTEGGIO	0	14	11000	65578	72130	400	0	0.57	0.57	0	
25/10/2011 15:31:17	TASTEGGIO	1	0	11000	65578	72130	285	0	0.57	0.57	0	
25/10/2011 15:31:43	TASTEGGIO	0	1	11000	65578	72130	342	0	0.57	0.57	0	
25/10/2011 15:32:13	TASTEGGIO	0	2	11000	65578	72130	456	-9	0.48	0.48	0	
25/10/2011 15:32:44	TASTEGGIO	0	3	11000	65578	72130	500	-23	0.25	0.25	0	
25/10/2011 15:33:14	TASTEGGIO	0	4	11000	65578	72130	500	-13	0.13	0.13	0	
25/10/2011 15:33:19	TASTEGGIO	0	4	11000	65578	72130	500	-13	0.14	0.14	0	
25/10/2011 15:33:45	TASTEGGIO	1	0	11000	65578	72130	229	1	0.14	0.14	0	
25/10/2011 15:33:47	ALARM 401		
25/10/2011 15:33:50	ALARM 401		
25/10/2011 15:33:52	ALARM 401		
25/10/2011 15:33:55	ALARM 401		
25/10/2011 15:34:14	TASTEGGIO	1	0	11000	65578	116486	229	1	0.62	0.91	-24500	
25/10/2011 15:34:45	TASTEGGIO	1	0	11000	65578	140972	329	-9	0.85	0.85	0	
25/10/2011 15:35:14	TASTEGGIO	0	1	11000	65578	140986	400	-14	0.72	0.72	0	
25/10/2011 15:35:45	TASTEGGIO	0	2	11000	65578	140998	400	-4	0.68	0.68	0	
25/10/2011 15:36:14	TASTEGGIO	0	3	11000	65578	141003	400	-4	0.65	0.65	0	
25/10/2011 15:36:45	TASTEGGIO	0	4	11000	65578	141004	400	-2	0.63	0.63	0	
25/10/2011 15:36:47	ALARM 401		
25/10/2011 15:36:50	ALARM 205		err.6058
25/10/2011 15:37:04	TASTEGGIO	0	4	11000	65578	116596	400	-2	0.37	0.50	-24500	
25/10/2011 15:37:47	TASTEGGIO	0	4	11000	65578	116583	431	-15	0.23	0.51	-24500	
25/10/2011 15:38:07	TASTEGGIO	0	4	11000	65578	116558	431	-15	0.23	0.53	-24500	
25/10/2011 15:38:53	TASTEGGIO	0	4	11000	65578	116554	460	-20	0.08	0.49	44500	
25/10/2011 15:39:38	TASTEGGIO	0	4	11000	65578	116466	481	-15	0.21	0.37	44500	
25/10/2011 15:40:21	TASTEGGIO	0	4	11000	65578	116469	465	-1	0.22	0.41	-24500	
25/10/2011 15:41:07	TASTEGGIO	0	4	11000	65578	116559	475	-17	0.08	0.44	44500	
25/10/2011 15:41:52	TASTEGGIO	0	4	11000	65578	116473	488	-2	0.11	0.42	44500	
25/10/2011 15:42:16	TASTEGGIO	0	4	11000	65578	116466	488	-2	0.10	0.43	44500	
25/10/2011 15:42:45	TASTEGGIO	1	0	11000	65578	72022	267	0	0.41	0.41	0	
25/10/2011 15:43:10	TASTEGGIO	0	1	11000	65578	72022	306	0	0.40	0.40	0	
25/10/2011 15:43:37	TASTEGGIO	0	2	11000	65578	72022	384	0	0.41	0.41	0	
25/10/2011 15:44:06	TASTEGGIO	0	3	11000	65578	72021	400	0	0.40	0.40	0	
25/10/2011 15:44:07	ALARM 401		
25/10/2011 15:44:10	ALARM 205		err.6059
25/10/2011 15:44:22	TASTEGGIO	0	3	11000	65578	72021	400	0	0.41	0.41	0	
25/10/2011 15:44:49	TASTEGGIO	1	0	11000	65578	72021	264	0	0.40	0.40	0	
25/10/2011 15:45:14	TASTEGGIO	0	1	11000	65578	72021	303	-1	0.40	0.40	0	
25/10/2011 15:45:41	TASTEGGIO	0	2	11000	65578	72021	383	0	0.40	0.40	0	
25/10/2011 15:46:13	TASTEGGIO	0	3	11000	65578	72021	500	-1	0.38	0.38	0	
25/10/2011 15:46:43	TASTEGGIO	0	4	11000	65578	72021	500	-1	0.38	0.38	0	
25/10/2011 15:47:15	TASTEGGIO	0	5	11000	65578	72021	550	-12	0.27	0.27	0	
25/10/2011 15:47:47	TASTEGGIO	0	6	11000	65578	72021	550	-8	0.18	0.18	0	
25/10/2011 15:47:48	ALARM 401		
25/10/2011 15:47:53	ALARM 205		err.6059
25/10/2011 15:48:08	TASTEGGIO	0	6	11000	65578	116475	550	-8	0.23	0.42	-24500	
25/10/2011 15:48:49	TASTEGGIO	0	6	11000	65578	140945	420	-3	0.39	0.39	0	
25/10/2011 15:49:28	TASTEGGIO	0	6	11000	65578	116573	442	-17	0.18	0.30	44500	
25/10/2011 15:50:05	TASTEGGIO	0	6	11000	65578	72125	390	0	0.28	0.28	0	
25/10/2011 15:50:42	TASTEGGIO	0	6	11000	65578	116474	398	0	0.20	0.29	44500	
25/10/2011 15:51:24	TASTEGGIO	0	6	11000	65578	116474	412	0	0.19	0.28	44500	
25/10/2011 15:52:07	TASTEGGIO	0	6	11000	65578	116474	432	2	0.20	0.28	44500	
25/10/2011 15:52:52	TASTEGGIO	0	6	11000	65578	116474	454	0	0.19	0.28	44500	
25/10/2011 15:53:39	TASTEGGIO	0	6	11000	65578	116474	480	0	0.20	0.27	44500	
25/10/2011 15:54:30	TASTEGGIO	0	6	11000	65578	116474	506	0	0.20	0.26	44500	
25/10/2011 15:56:55	TASTEGGIO	0	6	11000	65578	116479	524	-3	0.21	0.29	-24500	
25/10/2011 15:57:42	TASTEGGIO	0	6	11000	65578	116579	540	-58	0.29	0.52	24500	
25/10/2011 15:58:29	TASTEGGIO	0	6	11000	65578	116474	540	-87	0.52	0.54	24500	
25/10/2011 15:59:15	TASTEGGIO	0	6	11000	65578	116474	567	-124	0.56	0.68	-24500	
25/10/2011 16:00:01	TASTEGGIO	0	6	11000	65578	116565	546	-76	0.13	0.30	44500	
25/10/2011 16:00:24	TASTEGGIO	0	6	11000	65578	116473	546	-76	0.13	0.29	44500	
25/10/2011 16:00:55	TASTEGGIO	1	0	11000	65578	72031	249	-1	0.27	0.27	0	
25/10/2011 16:01:20	TASTEGGIO	0	1	11000	65578	72028	274	0	0.27	0.27	0	
25/10/2011 16:01:47	TASTEGGIO	0	2	11000	65578	72024	328	0	0.27	0.27	0	
25/10/2011 16:02:13	TASTEGGIO	0	3	11000	65578	72022	400	-1	0.26	0.26	0	
25/10/2011 16:02:40	TASTEGGIO	0	4	11000	65578	72127	400	0	0.26	0.26	0	
25/10/2011 16:03:09	TASTEGGIO	0	5	11000	65578	72128	400	0	0.25	0.25	0	
25/10/2011 16:03:11	ALARM 401		
25/10/2011 16:03:29	TASTEGGIO	0	5	11000	65578	116489	400	0	0.14	0.25	44500	
25/10/2011 16:07:55	TASTEGGIO	0	5	11000	65578	116781	400	0	1.14	1.14	0	
25/10/2011 16:08:24	TASTEGGIO	1	0	11000	65578	116810	358	-11	1.03	1.03	0	
25/10/2011 16:08:51	TASTEGGIO	0	1	11000	65578	116810	400	-7	0.95	0.95	0	
25/10/2011 16:09:20	TASTEGGIO	0	2	11000	65578	116810	400	-2	0.92	0.92	0	
25/10/2011 16:09:49	TASTEGGIO	0	3	11000	65578	116810	400	-1	0.91	0.91	0	
25/10/2011 16:09:50	ALARM 401		
25/10/2011 16:10:05	TASTEGGIO	0	3	11000	65578	116768	400	-1	0.91	0.91	0	
25/10/2011 16:10:46	TASTEGGIO	0	3	11000	65578	116760	518	-55	0.37	0.37	0	
25/10/2011 16:11:03	TASTEGGIO	0	3	11000	65578	116759	518	-55	0.38	0.38	0	
25/10/2011 16:11:33	TASTEGGIO	1	0	11000	65578	116785	260	0	0.37	0.37	0	
25/10/2011 16:12:00	TASTEGGIO	0	1	11000	65578	116785	296	0	0.37	0.37	0	
25/10/2011 16:12:28	TASTEGGIO	0	2	11000	65578	116785	370	-1	0.36	0.36	0	
25/10/2011 16:12:58	TASTEGGIO	0	3	11000	65578	116785	400	-1	0.35	0.35	0	
25/10/2011 16:13:24	ALARM 401		
25/10/2011 16:13:27	ALARM 205		err.6059
25/10/2011 16:13:39	TASTEGGIO	0	4	11000	65578	116751	400	-2	0.33	0.33	0	
25/10/2011 16:14:19	TASTEGGIO	0	4	11000	65578	116751	443	-7	0.27	0.30	-44500	
25/10/2011 16:15:05	TASTEGGIO	0	4	11000	65578	116730	461	-73	0.49	0.49	0	
25/10/2011 16:15:44	TASTEGGIO	0	4	11000	65578	116735	435	-42	0.09	0.20	-44500	
25/10/2011 16:16:09	TASTEGGIO	0	4	11000	65578	116730	435	-42	0.09	0.20	-44500	
25/10/2011 16:16:41	TASTEGGIO	1	0	11000	65578	161189	237	-10	0.10	0.10	0	
25/10/2011 16:16:52	TASTEGGIO	1	0	11000	65578	116729	237	-10	0.02	0.10	-44500	
25/10/2011 16:18:46	TASTEGGIO	1	0	11000	65578	116782	237	-10	0.14	0.27	44500	
25/10/2011 16:19:16	TASTEGGIO	1	0	11000	65578	72352	246	-3	0.24	0.24	0	
25/10/2011 16:19:42	TASTEGGIO	0	1	11000	65578	72347	267	-1	0.26	0.26	0	
25/10/2011 16:20:09	TASTEGGIO	0	2	11000	65578	72344	323	-4	0.18	0.18	0	
25/10/2011 16:20:35	TASTEGGIO	0	3	11000	65578	72341	344	-2	0.15	0.15	0	
25/10/2011 16:21:03	TASTEGGIO	0	4	11000	65578	72437	393	-14	0.05	0.05	0	
25/10/2011 16:21:15	TASTEGGIO	0	4	11000	65578	116690	393	-14	0.05	0.15	-44500	
25/10/2011 16:21:46	TASTEGGIO	1	0	11000	65578	161135	231	-7	0.09	0.09	0	
25/10/2011 16:21:57	TASTEGGIO	1	0	11000	65578	116751	231	-7	0.05	0.09	-44500	
25/10/2011 16:23:50	TASTEGGIO	1	0	11000	65578	116686	231	-7	1.48	1.72	44500	
25/10/2011 16:24:20	TASTEGGIO	1	0	11000	65578	72255	400	-5	1.65	1.65	0	
25/10/2011 16:24:22	ALARM 401		
25/10/2011 16:24:40	TASTEGGIO	1	0	11000	65578	116576	400	-5	1.46	1.66	44500	
25/10/2011 16:25:22	TASTEGGIO	1	0	11000	65578	116575	525	-17	1.33	1.49	44500	
25/10/2011 16:26:08	TASTEGGIO	1	0	11000	65578	116575	597	-37	1.07	1.15	44500	
25/10/2011 16:26:52	TASTEGGIO	1	0	11000	65578	116574	597	-19	0.92	0.98	44500	
25/10/2011 16:27:38	TASTEGGIO	1	0	11000	65578	116573	608	-17	0.80	0.82	44500	
25/10/2011 16:28:26	TASTEGGIO	1	0	11000	65578	116570	616	-16	0.68	0.68	0	
25/10/2011 16:29:09	TASTEGGIO	1	0	11000	65578	116598	616	-158	0.87	0.87	0	
25/10/2011 16:29:52	TASTEGGIO	1	0	11000	65578	116622	616	-198	1.10	1.10	0	
25/10/2011 16:30:34	TASTEGGIO	1	0	11000	65578	116635	616	-123	0.18	0.29	44500	
25/10/2011 16:30:59	TASTEGGIO	1	0	11000	65578	116582	616	-123	0.18	0.30	44500	
25/10/2011 16:31:30	TASTEGGIO	1	0	11000	65578	72152	250	0	0.28	0.28	0	
25/10/2011 16:31:55	TASTEGGIO	0	1	11000	65578	72147	276	-1	0.27	0.27	0	
25/10/2011 16:32:23	TASTEGGIO	0	2	11000	65578	72144	328	0	0.27	0.27	0	
25/10/2011 16:32:50	TASTEGGIO	0	3	11000	65578	72140	400	-5	0.21	0.21	0	
25/10/2011 16:33:20	TASTEGGIO	0	4	11000	65578	72234	400	-1	0.21	0.21	0	
25/10/2011 16:33:47	TASTEGGIO	0	5	11000	65578	72234	400	0	0.20	0.20	0	
25/10/2011 16:33:49	ALARM 401		
25/10/2011 16:34:07	TASTEGGIO	0	5	11000	65578	116590	400	0	0.13	0.22	44500	
25/10/2011 16:34:50	TASTEGGIO	0	5	11000	65578	116580	423	0	0.13	0.22	44500	
25/10/2011 16:35:11	TASTEGGIO	0	5	11000	65578	116576	423	0	0.13	0.22	44500	
25/10/2011 16:35:56	TASTEGGIO	0	5	11000	65578	116576	470	-2	0.14	0.20	44500	
25/10/2011 16:36:43	TASTEGGIO	0	5	11000	65578	116576	482	-3	0.13	0.17	44500	
25/10/2011 16:37:27	TASTEGGIO	0	5	11000	65578	116575	415	0	0.13	0.17	44500	
25/10/2011 16:38:13	TASTEGGIO	0	5	11000	65578	116575	432	0	0.13	0.17	44500	
25/10/2011 16:38:58	TASTEGGIO	0	5	11000	65578	116576	449	-1	0.13	0.16	44500	
25/10/2011 16:39:45	TASTEGGIO	0	5	11000	65578	116575	458	0	0.15	0.15	44500	
25/10/2011 16:40:30	TASTEGGIO	0	5	11000	65578	116576	469	-1	0.14	0.15	44500	
25/10/2011 16:41:16	TASTEGGIO	0	5	11000	65578	116576	476	-1	0.14	0.14	44500	
25/10/2011 16:42:02	TASTEGGIO	0	5	11000	65578	116576	482	-2	0.14	0.14	0	
25/10/2011 16:42:28	TASTEGGIO	0	5	11000	65578	116578	482	-2	0.14	0.14	0	
25/10/2011 16:43:25	ALARM 17	proc 12 prog 10 step 47	LavoroTerminato
26/10/2011 07:27:39	ALARM 401		
26/10/2011 07:27:41	INIT OK
26/10/2011 07:35:48	TASTEGGIO	0	0	11000	65578	116790	0	0	2.50	2.50	0	
26/10/2011 07:36:14	TASTEGGIO	1	0	11000	65578	116839	400	-5	2.46	2.46	0	
26/10/2011 07:36:38	TASTEGGIO	0	1	11000	65578	116836	400	0	2.46	2.46	0	
26/10/2011 07:36:40	ALARM 218	proc 12 prog 73 step 17	go_abs 5 cmd 11
26/10/2011 07:36:59	TASTEGGIO	0	1	11000	65578	116773	400	0	2.47	2.47	0	
26/10/2011 07:37:36	TASTEGGIO	0	1	11000	65578	116765	571	-26	2.21	2.21	0	
26/10/2011 07:38:15	TASTEGGIO	0	1	11000	65578	116758	610	-30	1.93	1.93	0	
26/10/2011 07:38:56	TASTEGGIO	0	1	11000	65578	116755	633	-31	1.62	1.62	0	
26/10/2011 07:39:39	TASTEGGIO	0	1	11000	65578	116753	650	-36	1.28	1.28	0	
26/10/2011 07:40:20	TASTEGGIO	0	1	11000	65578	116750	650	-32	0.97	1.00	24500	
26/10/2011 07:41:06	TASTEGGIO	0	1	11000	65578	116676	650	-136	0.59	0.59	0	
26/10/2011 07:41:47	TASTEGGIO	0	1	11000	65578	116698	349	-4	0.65	0.65	0	
26/10/2011 07:42:22	TASTEGGIO	0	1	11000	65578	116709	298	-8	0.57	0.57	0	
26/10/2011 07:42:57	TASTEGGIO	0	1	11000	65578	116721	298	-1	0.55	0.55	0	
26/10/2011 07:43:16	TASTEGGIO	0	1	11000	65578	116722	298	-1	0.55	0.55	0	
26/10/2011 07:43:45	TASTEGGIO	1	0	11000	65578	116744	338	-4	0.51	0.51	0	
26/10/2011 07:44:14	TASTEGGIO	0	1	11000	65578	116747	385	-10	0.41	0.41	0	
26/10/2011 07:44:42	TASTEGGIO	0	2	11000	65578	116751	400	-9	0.32	0.32	0	
26/10/2011 07:45:12	TASTEGGIO	0	3	11000	65578	116750	400	-3	0.28	0.28	0	
26/10/2011 07:45:41	TASTEGGIO	0	4	11000	65578	116751	400	-2	0.26	0.26	0	
26/10/2011 07:46:09	TASTEGGIO	0	5	11000	65578	116751	400	-2	0.24	0.24	0	
26/10/2011 07:46:13	ALARM 218	proc 12 prog 73 step 17	go_abs 5 cmd 11
26/10/2011 07:46:16	ALARM 205		err.6058
26/10/2011 07:46:29	TASTEGGIO	0	5	11000	65578	116748	400	-2	0.24	0.32	-24500	
26/10/2011 07:47:08	TASTEGGIO	0	5	11000	65578	116786	298	-9	0.21	0.28	24500	
26/10/2011 07:47:49	TASTEGGIO	0	5	11000	65578	116676	311	-14	0.12	0.24	-24500	
26/10/2011 07:48:30	TASTEGGIO	0	5	11000	65578	116772	311	-5	0.13	0.19	24500	
26/10/2011 07:48:58	TASTEGGIO	0	5	11000	65578	116675	311	-5	0.17	0.19	-24500	
26/10/2011 07:49:28	TASTEGGIO	1	0	11000	65578	141132	247	0	0.18	0.18	0	
26/10/2011 07:49:54	TASTEGGIO	0	1	11000	65578	141150	264	0	0.18	0.18	0	
26/10/2011 07:50:22	TASTEGGIO	0	2	11000	65578	141159	300	-1	0.16	0.16	0	
26/10/2011 07:50:52	TASTEGGIO	0	3	11000	65578	141165	342	-5	0.10	0.10	0	
26/10/2011 07:51:02	TASTEGGIO	0	3	11000	65578	116790	342	-5	0.12	0.20	24500	
26/10/2011 07:51:33	TASTEGGIO	1	0	11000	65578	92345	250	-4	0.15	0.15	0	
26/10/2011 07:51:58	TASTEGGIO	0	1	11000	65578	92343	261	-3	0.12	0.12	0	
26/10/2011 07:52:09	TASTEGGIO	0	1	11000	65578	116693	261	-3	0.07	0.17	-24500	
26/10/2011 07:52:38	TASTEGGIO	1	0	11000	65578	141149	242	-1	0.16	0.16	0	
26/10/2011 07:53:03	TASTEGGIO	0	1	11000	65578	141165	257	0	0.15	0.15	0	
26/10/2011 07:53:30	TASTEGGIO	0	2	11000	65578	141175	285	0	0.15	0.15	0	
26/10/2011 07:53:58	TASTEGGIO	0	3	11000	65578	141181	330	-1	0.13	0.13	0	
26/10/2011 07:54:08	TASTEGGIO	0	3	11000	65578	116796	330	-1	0.08	0.13	24500	
26/10/2011 07:55:06	ALARM 17	proc 12 prog 10 step 47	LavoroTerminato
26/10/2011 08:40:44	TASTEGGIO	0	3	11000	65578	116677	330	-1	2.45	2.45	0	
26/10/2011 08:41:12	TASTEGGIO	1	0	11000	65578	116719	400	-3	2.42	2.42	0	
26/10/2011 08:41:36	TASTEGGIO	0	1	11000	65578	116717	400	0	2.40	2.40	0	
26/10/2011 08:42:00	TASTEGGIO	0	2	11000	65578	116715	400	0	2.40	2.40	0	
26/10/2011 08:42:25	TASTEGGIO	0	3	11000	65578	116714	400	0	2.40	2.40	0	
26/10/2011 08:42:51	TASTEGGIO	0	4	11000	65578	116712	400	0	2.38	2.38	0	
26/10/2011 08:42:53	ALARM 401		
26/10/2011 08:42:58	ALARM 205		err.6058
26/10/2011 08:43:11	TASTEGGIO	0	4	11000	65578	116670	400	0	2.39	2.39	0	
26/10/2011 08:43:47	TASTEGGIO	0	4	11000	65578	116658	583	-26	2.15	2.15	0	
26/10/2011 08:44:27	TASTEGGIO	0	4	11000	65578	116653	646	-43	1.72	1.77	-44500	
26/10/2011 08:45:17	TASTEGGIO	0	4	11000	65578	116636	646	-106	1.16	1.24	24500	
26/10/2011 08:46:03	TASTEGGIO	0	4	11000	65578	116568	646	-114	0.38	0.44	-24500	
26/10/2011 08:46:22	TASTEGGIO	0	4	11000	65578	116660	646	-114	0.39	0.45	-24500	
26/10/2011 08:46:52	TASTEGGIO	1	0	11000	65578	141128	313	-6	0.40	0.40	0	
26/10/2011 08:47:19	TASTEGGIO	0	1	11000	65578	141141	348	-8	0.30	0.30	0	
26/10/2011 08:47:49	TASTEGGIO	0	2	11000	65578	141149	379	-9	0.21	0.21	0	
26/10/2011 08:48:18	TASTEGGIO	0	3	11000	65578	141157	400	-11	0.10	0.10	0	
26/10/2011 08:48:28	TASTEGGIO	0	3	11000	65578	116684	400	-11	0.15	0.22	24500	
26/10/2011 08:48:57	TASTEGGIO	1	0	11000	65578	92235	255	-4	0.17	0.17	0	
26/10/2011 08:49:23	TASTEGGIO	0	1	11000	65578	92236	268	-5	0.12	0.12	0	
26/10/2011 08:49:33	TASTEGGIO	0	1	11000	65578	116590	268	-5	0.07	0.18	-44500	
26/10/2011 08:50:03	TASTEGGIO	1	0	11000	65578	161012	245	0	0.18	0.18	0	
26/10/2011 08:50:29	TASTEGGIO	0	1	11000	65578	161033	263	0	0.18	0.18	0	
26/10/2011 08:50:55	TASTEGGIO	0	2	11000	65578	161049	299	0	0.18	0.18	0	
26/10/2011 08:51:22	TASTEGGIO	0	3	11000	65578	161061	353	-1	0.16	0.16	0	
26/10/2011 08:51:53	TASTEGGIO	0	4	11000	65578	161077	400	-1	0.14	0.14	0	
26/10/2011 08:52:04	TASTEGGIO	0	4	11000	65578	116688	400	-1	0.07	0.16	-44500	
26/10/2011 08:52:35	TASTEGGIO	1	0	11000	65578	161115	240	0	0.16	0.16	0	
26/10/2011 08:53:01	TASTEGGIO	0	1	11000	65578	161137	256	1	0.17	0.17	0	
26/10/2011 08:53:28	TASTEGGIO	0	2	11000	65578	161152	292	0	0.16	0.16	0	
26/10/2011 08:53:55	TASTEGGIO	0	3	11000	65578	161165	337	0	0.15	0.15	0	
26/10/2011 08:54:26	TASTEGGIO	0	4	11000	65578	161177	393	0	0.15	0.15	0	
26/10/2011 08:54:57	TASTEGGIO	0	5	11000	65578	161177	400	0	0.15	0.15	0	
26/10/2011 08:55:27	TASTEGGIO	0	6	11000	65578	161177	400	-1	0.14	0.14	0	
26/10/2011 08:55:38	TASTEGGIO	0	6	11000	65578	116700	400	-1	0.07	0.16	44500	
26/10/2011 08:56:08	TASTEGGIO	1	0	11000	65578	72267	240	-1	0.14	0.14	0	
26/10/2011 08:56:19	TASTEGGIO	1	0	11000	65578	116590	240	-1	0.08	0.14	-44500	
26/10/2011 08:58:13	TASTEGGIO	1	0	11000	65578	116682	240	-1	1.68	1.68	0	
26/10/2011 08:58:42	TASTEGGIO	1	0	11000	65578	116707	400	-10	1.60	1.60	0	
26/10/2011 08:59:08	TASTEGGIO	0	1	11000	65578	116707	400	-1	1.57	1.57	0	
26/10/2011 08:59:34	TASTEGGIO	0	2	11000	65578	116707	400	0	1.56	1.56	0	
26/10/2011 08:59:59	TASTEGGIO	0	3	11000	65578	116707	400	0	1.55	1.55	0	
26/10/2011 09:00:26	TASTEGGIO	0	4	11000	65578	116789	400	0	1.55	1.55	0	
26/10/2011 09:00:52	TASTEGGIO	0	5	11000	65578	116789	400	-1	1.54	1.54	0	
26/10/2011 09:01:19	TASTEGGIO	0	6	11000	65578	116789	400	0	1.55	1.55	0	
26/10/2011 09:01:45	TASTEGGIO	0	7	11000	65578	116789	400	0	1.55	1.55	0	
26/10/2011 09:02:10	TASTEGGIO	0	8	11000	65578	116789	400	0	1.55	1.55	0	
26/10/2011 09:02:37	TASTEGGIO	0	9	11000	65578	116789	400	-1	1.55	1.55	0	
26/10/2011 09:03:03	TASTEGGIO	0	10	11000	65578	116789	400	0	1.54	1.54	0	
26/10/2011 09:03:30	TASTEGGIO	0	11	11000	65578	116789	400	0	1.54	1.54	0	
26/10/2011 09:03:56	TASTEGGIO	0	12	11000	65578	116789	400	0	1.54	1.54	0	
26/10/2011 09:04:23	TASTEGGIO	0	13	11000	65578	116789	400	0	1.54	1.54	0	
26/10/2011 09:04:49	TASTEGGIO	0	14	11000	65578	116789	400	0	1.54	1.54	0	
26/10/2011 09:05:14	TASTEGGIO	0	15	11000	65578	116790	400	0	1.56	1.56	0	
26/10/2011 09:05:40	TASTEGGIO	0	16	11000	65578	116790	400	-1	1.57	1.57	0	
26/10/2011 09:06:07	TASTEGGIO	0	17	11000	65578	116790	400	-1	1.58	1.58	0	
26/10/2011 09:06:09	ALARM 401		
26/10/2011 09:06:11	ALARM 401		
26/10/2011 09:06:31	TASTEGGIO	0	17	11000	65578	116684	400	-1	1.51	1.51	0	
26/10/2011 09:07:54	TASTEGGIO	0	17	11000	65578	116667	646	-112	0.43	0.57	24500	
26/10/2011 09:08:22	TASTEGGIO	0	17	11000	65578	116591	646	-112	0.43	0.59	24500	
26/10/2011 09:08:51	TASTEGGIO	1	0	11000	65578	92146	348	-9	0.55	0.55	0	
26/10/2011 09:09:19	TASTEGGIO	0	1	11000	65578	92126	399	-10	0.41	0.41	0	
26/10/2011 09:09:47	TASTEGGIO	0	2	11000	65578	92126	400	-3	0.38	0.38	0	
26/10/2011 09:10:15	TASTEGGIO	0	3	11000	65578	92125	400	-2	0.36	0.36	0	
26/10/2011 09:10:42	TASTEGGIO	0	4	11000	65578	92200	400	0	0.34	0.34	0	
26/10/2011 09:10:45	ALARM 218	proc 12 prog 73 step 17	go_abs 5 cmd 11
26/10/2011 09:10:48	ALARM 205		err.6058
26/10/2011 09:11:02	TASTEGGIO	0	4	11000	65578	116602	400	0	0.26	0.36	-24500	
26/10/2011 09:11:48	TASTEGGIO	0	4	11000	65578	116686	442	-49	0.17	0.19	-24500	
26/10/2011 09:12:32	TASTEGGIO	0	4	11000	65578	116680	409	-51	0.31	0.35	24500	
26/10/2011 09:14:36	TASTEGGIO	0	4	11000	65578	116577	409	-24	0.11	0.17	24500	
26/10/2011 09:14:55	TASTEGGIO	0	4	11000	65578	116577	409	-24	0.11	0.17	24500	
26/10/2011 09:15:26	TASTEGGIO	1	0	11000	65578	92136	242	0	0.16	0.16	0	
26/10/2011 09:15:51	TASTEGGIO	0	1	11000	65578	92135	257	0	0.16	0.16	0	
26/10/2011 09:16:19	TASTEGGIO	0	2	11000	65578	92134	289	0	0.16	0.16	0	
26/10/2011 09:16:45	TASTEGGIO	0	3	11000	65578	92135	337	0	0.15	0.15	0	
26/10/2011 09:17:16	TASTEGGIO	0	4	11000	65578	92214	393	-5	0.11	0.11	0	
26/10/2011 09:17:27	TASTEGGIO	0	4	11000	65578	116601	393	-5	0.07	0.12	-24500	
26/10/2011 09:18:24	ALARM 17	proc 12 prog 10 step 47	LavoroTerminato
