26/10/2011 14:38:52	ALARM 401		
26/10/2011 14:57:42	ALARM 19	proc 12 prog 36 step 77	Tondo Non Presente Su Carrello 2
26/10/2011 14:58:50	ALARM 401		
26/10/2011 14:59:50	ALARM 401		
26/10/2011 15:00:27	ALARM 201		err.6059
26/10/2011 15:01:39	TASTEGGIO	0	4	6000	45984	163573	393	-5	0.09	0.10	-82000	
26/10/2011 15:02:06	TASTEGGIO	1	0	6000	45984	245542	108	-146	1.30	1.30	0	
26/10/2011 15:02:21	TASTEGGIO	0	1	6000	45984	245542	0	-4	1.28	1.28	0	
26/10/2011 15:02:44	TASTEGGIO	0	2	6000	45984	245542	252	-283	1.55	1.55	0	
26/10/2011 15:03:01	TASTEGGIO	0	1	6000	45984	245542	64	-15	1.37	1.37	0	
26/10/2011 15:03:25	TASTEGGIO	0	2	6000	45984	245542	306	-335	2.05	2.05	0	
26/10/2011 15:03:36	ALARM 401		
26/10/2011 15:04:06	TASTEGGIO	0	1	6000	45984	163578	0	-14	1.29	1.91	-82000	
26/10/2011 15:04:35	TASTEGGIO	1	0	6000	45984	245525	400	-430	0.11	0.11	0	
26/10/2011 15:04:47	TASTEGGIO	1	0	6000	45984	163588	400	-430	1.87	2.81	-82000	
26/10/2011 15:04:53	ALARM 214	proc 12 prog 71 step 55	ABS_MOVE 7 stopped
26/10/2011 15:05:20	ALARM 401		
26/10/2011 15:05:21	ALARM 401		
26/10/2011 15:05:22	ALARM 401		
26/10/2011 15:05:46	TASTEGGIO	1	0	6000	45984	163590	400	-430	1.90	2.78	-82000	
26/10/2011 15:06:10	TASTEGGIO	1	0	6000	45984	245527	81	-16	2.56	2.56	0	
26/10/2011 15:06:35	TASTEGGIO	1	0	6000	45984	163585	108	-7	1.75	2.57	-82000	
26/10/2011 15:07:10	TASTEGGIO	1	0	6000	45984	163592	140	-7	1.72	2.52	-82000	
26/10/2011 15:07:44	TASTEGGIO	1	0	6000	45984	163583	188	-22	1.62	2.33	-82000	
26/10/2011 15:08:22	TASTEGGIO	1	0	6000	45984	163590	256	-111	0.91	1.27	-82000	
26/10/2011 15:09:00	TASTEGGIO	1	0	6000	45984	163590	202	-100	0.21	0.27	-82000	
26/10/2011 15:10:40	TASTEGGIO	1	0	6000	45984	163578	202	-100	0.23	0.29	-82000	
26/10/2011 15:11:07	TASTEGGIO	1	0	6000	45984	245523	124	-37	0.07	0.07	0	
26/10/2011 15:11:18	TASTEGGIO	1	0	6000	45984	163588	124	-37	0.03	0.07	-82000	
26/10/2011 15:11:46	TASTEGGIO	1	0	6000	45984	245528	105	-147	1.37	1.37	0	
26/10/2011 15:12:01	TASTEGGIO	0	1	6000	45984	245535	0	-8	1.27	1.27	0	
26/10/2011 15:12:23	TASTEGGIO	0	2	6000	45984	245540	235	-179	0.58	0.58	0	
26/10/2011 15:12:45	TASTEGGIO	0	1	6000	45984	245540	208	-220	0.00	0.00	0	
26/10/2011 15:12:57	TASTEGGIO	0	1	6000	45984	163617	208	-220	2.21	3.45	-82000	
26/10/2011 15:12:59	ALARM 401		
26/10/2011 15:13:28	TASTEGGIO	0	1	6000	45984	163615	208	-220	0.00	0.00	-119500	
26/10/2011 15:14:13	TASTEGGIO	0	1	6000	45984	163604	208	-220	2.24	3.54	-82000	
26/10/2011 15:15:07	TASTEGGIO	0	1	6000	45984	245557	202	3	0.00	0.00	0	
26/10/2011 15:15:23	TASTEGGIO	0	1	6000	45984	163615	202	3	0.00	0.00	-119500	
26/10/2011 15:16:06	TASTEGGIO	0	1	6000	45984	163631	202	3	0.00	0.00	120300	
26/10/2011 15:18:19	TASTEGGIO	0	1	6000	45984	163307	324	-22	1.77	1.77	0	
26/10/2011 15:20:35	TASTEGGIO	0	1	6000	45984	163573	352	-25	1.59	3.83	-82000	
26/10/2011 15:20:50	TASTEGGIO	0	1	6000	45984	245514	352	-25	1.38	1.38	0	
26/10/2011 15:22:49	TASTEGGIO	0	1	6000	45984	163592	619	-68	1.51	3.56	-82000	
26/10/2011 15:24:20	TASTEGGIO	0	1	6000	45984	163602	687	-319	1.35	2.93	-82000	
26/10/2011 15:25:43	ALARM 19	proc 1 prog 2 step 10	Tondo Non Presente Su Carrello 2
26/10/2011 15:28:23	ALARM 401		
26/10/2011 15:28:28	ALARM 401		
26/10/2011 15:28:28	ALARM 18	proc 1 prog 2 step 5	Tondo Non Presente Su Carrello 1
26/10/2011 15:28:32	ALARM 401		
26/10/2011 15:28:32	ALARM 401		
26/10/2011 15:28:33	ALARM 401		
26/10/2011 15:29:21	ALARM 19	proc 1 prog 2 step 10	Tondo Non Presente Su Carrello 2
26/10/2011 15:29:35	ALARM 18	proc 1 prog 2 step 5	Tondo Non Presente Su Carrello 1
26/10/2011 15:29:37	ALARM 19	proc 1 prog 2 step 10	Tondo Non Presente Su Carrello 2
26/10/2011 15:29:40	ALARM 401		
26/10/2011 15:29:41	ALARM 18	proc 1 prog 2 step 5	Tondo Non Presente Su Carrello 1
26/10/2011 15:29:48	ALARM 18	proc 1 prog 2 step 5	Tondo Non Presente Su Carrello 1
26/10/2011 15:30:51	ALARM 401		
26/10/2011 15:31:20	ALARM 10	proc 12 prog 37 step 30	Tondo non presente su rulliera
26/10/2011 15:31:34	ALARM 18	proc 1 prog 2 step 5	Tondo Non Presente Su Carrello 1
26/10/2011 15:31:41	ALARM 201		err.6058
26/10/2011 15:31:43	ALARM 19	proc 1 prog 2 step 10	Tondo Non Presente Su Carrello 2
26/10/2011 15:31:44	ALARM 18	proc 1 prog 2 step 5	Tondo Non Presente Su Carrello 1
26/10/2011 15:32:14	ALARM 14	proc 12 prog 127 step 18	Bracc. centrali non in fuori ingombro rullBracc. centrali non in fuori ingombro presCarrello 1 non è in pos. per spostare il LavoroTerminato
26/10/2011 15:35:17	ALARM 401		
26/10/2011 15:36:04	ALARM 401		
26/10/2011 15:36:07	ALARM 401		
26/10/2011 15:36:07	ALARM 401		
26/10/2011 15:38:26	ALARM 18	proc 1 prog 2 step 5	Tondo Non Presente Su Carrello 1
26/10/2011 15:39:36	ALARM 201		err.6058
26/10/2011 15:39:41	ALARM 18	proc 1 prog 2 step 5	Tondo Non Presente Su Carrello 1
26/10/2011 15:39:48	ALARM 203		err.5005
26/10/2011 15:41:15	TASTEGGIO	0	1	6000	45983	172372	60	0	0.00	0.00	-119500	
26/10/2011 15:41:33	ALARM 401		
26/10/2011 15:44:45	TASTEGGIO	0	1	6000	45978	163363	60	0	0.14	0.14	0	
26/10/2011 15:45:10	TASTEGGIO	1	0	6000	45978	163366	82	-219	2.24	2.24	0	
26/10/2011 15:45:24	TASTEGGIO	0	1	6000	45978	163366	0	0	2.19	2.19	0	
26/10/2011 15:45:47	TASTEGGIO	0	2	6000	45978	163366	400	-479	0.00	0.00	0	
26/10/2011 15:45:55	TASTEGGIO	0	2	6000	45978	163360	400	-479	0.00	0.01	-119500	
26/10/2011 15:46:54	ALARM 17	proc 12 prog 10 step 47	LavoroTerminato
26/10/2011 15:48:30	ALARM 401		
26/10/2011 15:48:31	ALARM 401		
26/10/2011 15:49:53	TASTEGGIO	0	2	6000	45978	172373	400	-479	1.15	1.15	0	
26/10/2011 15:50:18	TASTEGGIO	1	0	6000	45978	172371	148	-268	1.83	1.83	0	
26/10/2011 15:50:34	TASTEGGIO	0	1	6000	45978	172370	0	-9	1.75	1.75	0	
26/10/2011 15:50:59	TASTEGGIO	0	2	6000	45978	172370	334	-415	0.00	0.00	120300	
26/10/2011 15:51:07	TASTEGGIO	0	2	6000	45978	172372	334	-415	0.00	0.00	-119500	
26/10/2011 15:52:06	ALARM 17	proc 12 prog 10 step 47	LavoroTerminato
26/10/2011 16:27:54	ALARM 401		
26/10/2011 16:27:54	ALARM 401		
26/10/2011 16:28:22	ALARM 401		
26/10/2011 16:35:23	ALARM 406		
27/10/2011 07:24:45	ALARM 401		
27/10/2011 07:24:47	INIT OK
27/10/2011 08:21:09	TASTEGGIO	0	0	9800	60874	146578	0	0	0.14	0.51	82800	
27/10/2011 08:21:36	TASTEGGIO	1	0	9800	60874	63846	277	-7	0.43	0.43	0	
27/10/2011 08:21:57	TASTEGGIO	0	1	9800	60874	63834	313	-12	0.32	0.32	0	
27/10/2011 08:22:20	TASTEGGIO	0	2	9800	60874	63825	346	-19	0.15	0.15	0	
27/10/2011 08:22:40	TASTEGGIO	0	0	9800	60874	63817	231	-1	0.16	0.16	0	
27/10/2011 08:23:00	TASTEGGIO	0	1	9800	60874	63811	248	-1	0.16	0.16	0	
27/10/2011 08:23:23	TASTEGGIO	0	2	9800	60874	63902	280	-3	0.12	0.12	0	
27/10/2011 08:23:34	TASTEGGIO	0	2	9800	60874	146575	280	-3	0.15	0.15	0	
27/10/2011 08:23:58	TASTEGGIO	1	0	9800	60874	146572	231	-37	0.22	0.22	0	
27/10/2011 08:24:19	TASTEGGIO	0	1	9800	60874	146572	198	-20	0.04	0.04	0	
27/10/2011 08:24:28	TASTEGGIO	0	1	9800	60874	146575	198	-20	0.05	0.19	82800	
27/10/2011 08:24:54	TASTEGGIO	1	0	9800	60874	63803	236	0	0.15	0.15	0	
27/10/2011 08:25:14	TASTEGGIO	0	1	9800	60874	63800	247	0	0.19	0.19	0	
27/10/2011 08:25:37	TASTEGGIO	0	2	9800	60874	63795	295	0	0.17	0.17	0	
27/10/2011 08:26:00	TASTEGGIO	0	3	9800	60874	63791	340	-5	0.12	0.12	0	
27/10/2011 08:26:12	TASTEGGIO	0	3	9800	60874	146548	340	-5	0.01	0.13	82800	
27/10/2011 08:26:38	TASTEGGIO	1	0	9800	60874	63771	228	0	0.12	0.12	0	
27/10/2011 08:27:00	TASTEGGIO	0	1	9800	60874	63770	239	0	0.12	0.12	0	
27/10/2011 08:27:20	TASTEGGIO	0	2	9800	60874	63769	263	0	0.12	0.12	0	
27/10/2011 08:27:43	TASTEGGIO	0	3	9800	60874	63770	299	0	0.11	0.11	0	
27/10/2011 08:28:06	TASTEGGIO	0	4	9800	60874	63769	339	-4	0.06	0.06	0	
27/10/2011 08:28:18	TASTEGGIO	0	4	9800	60874	146567	339	-4	0.02	0.08	82800	
27/10/2011 08:29:15	ALARM 17	proc 12 prog 10 step 47	LavoroTerminato
27/10/2011 08:30:34	TASTEGGIO	0	4	9800	60874	146568	339	-4	0.27	0.27	0	
27/10/2011 08:30:58	TASTEGGIO	1	0	9800	60874	146580	246	-27	0.04	0.04	0	
27/10/2011 08:31:07	TASTEGGIO	1	0	9800	60874	146561	246	-27	0.03	0.16	82800	
27/10/2011 08:31:33	TASTEGGIO	1	0	9800	60874	63784	232	-4	0.13	0.13	0	
27/10/2011 08:31:45	TASTEGGIO	1	0	9800	60874	146469	232	-4	0.04	0.13	82800	
27/10/2011 08:32:11	TASTEGGIO	1	0	9800	60874	63700	228	-1	0.13	0.13	0	
27/10/2011 08:32:32	TASTEGGIO	0	1	9800	60874	63700	241	-5	0.10	0.10	0	
27/10/2011 08:32:54	TASTEGGIO	0	2	9800	60874	63699	251	-2	0.07	0.07	0	
27/10/2011 08:33:07	TASTEGGIO	0	2	9800	60874	146459	251	-2	0.06	0.09	-82000	
27/10/2011 08:33:33	TASTEGGIO	1	0	9800	60874	228402	223	-15	0.02	0.02	0	
27/10/2011 08:33:45	TASTEGGIO	1	0	9800	60874	146558	223	-15	0.12	0.12	0	
27/10/2011 08:34:11	TASTEGGIO	1	0	9800	60874	146566	227	-30	0.17	0.17	0	
27/10/2011 08:34:33	TASTEGGIO	0	1	9800	60874	146565	202	-11	0.05	0.05	0	
27/10/2011 08:34:41	TASTEGGIO	0	1	9800	60874	146545	202	-11	0.05	0.13	82800	
27/10/2011 08:35:06	TASTEGGIO	1	0	9800	60874	63769	228	1	0.12	0.12	0	
27/10/2011 08:35:27	TASTEGGIO	0	1	9800	60874	63769	239	0	0.12	0.12	0	
27/10/2011 08:35:48	TASTEGGIO	0	2	9800	60874	63769	263	-2	0.10	0.10	0	
27/10/2011 08:36:11	TASTEGGIO	0	3	9800	60874	63769	287	-6	0.04	0.04	0	
27/10/2011 08:36:23	TASTEGGIO	0	3	9800	60874	146462	287	-6	0.03	0.06	24500	
27/10/2011 08:38:10	TASTEGGIO	0	3	9800	60874	146656	287	-6	0.35	0.44	-82000	
27/10/2011 08:38:37	TASTEGGIO	1	0	9800	60874	228599	268	-22	0.26	0.26	0	
27/10/2011 08:38:58	TASTEGGIO	0	1	9800	60874	228606	283	-17	0.08	0.08	0	
27/10/2011 08:39:10	TASTEGGIO	0	1	9800	60874	146681	283	-17	0.18	0.23	44500	
27/10/2011 08:39:37	TASTEGGIO	1	0	9800	60874	102210	241	-14	0.11	0.11	0	
27/10/2011 08:39:48	TASTEGGIO	1	0	9800	60874	146560	241	-14	0.10	0.11	44500	
27/10/2011 08:40:15	TASTEGGIO	1	0	9800	60874	102084	225	-2	0.09	0.09	0	
27/10/2011 08:40:36	TASTEGGIO	0	1	9800	60874	102079	232	-4	0.04	0.04	0	
27/10/2011 08:40:47	TASTEGGIO	0	1	9800	60874	146546	232	-4	0.07	0.08	-82000	
27/10/2011 08:42:34	TASTEGGIO	0	1	9800	60874	146560	232	-4	0.13	0.16	82800	
27/10/2011 08:43:01	TASTEGGIO	1	0	9800	60874	63792	232	-4	0.14	0.14	0	
27/10/2011 08:43:13	TASTEGGIO	1	0	9800	60874	146463	232	-4	0.11	0.16	44500	
27/10/2011 08:43:39	TASTEGGIO	1	0	9800	60874	101991	232	-14	0.05	0.05	0	
27/10/2011 08:43:50	TASTEGGIO	1	0	9800	60874	146458	232	-14	0.01	0.06	82800	
27/10/2011 08:45:37	TASTEGGIO	1	0	9800	60874	146566	232	-14	0.19	0.19	0	
27/10/2011 08:46:01	TASTEGGIO	1	0	9800	60874	146580	236	-38	0.16	0.16	0	
27/10/2011 08:46:24	TASTEGGIO	0	1	9800	60874	146580	222	-34	0.16	0.16	0	
27/10/2011 08:46:46	TASTEGGIO	0	1	9800	60874	146579	206	-12	0.06	0.06	0	
27/10/2011 08:46:55	TASTEGGIO	0	1	9800	60874	146548	206	-12	0.07	0.13	82800	
27/10/2011 08:47:20	TASTEGGIO	1	0	9800	60874	63772	228	-3	0.10	0.10	0	
27/10/2011 08:47:41	TASTEGGIO	0	1	9800	60874	63772	235	-1	0.08	0.08	0	
27/10/2011 08:48:02	TASTEGGIO	0	2	9800	60874	63772	244	-2	0.07	0.07	0	
27/10/2011 08:48:14	TASTEGGIO	0	2	9800	60874	146457	244	-2	0.14	0.14	0	
27/10/2011 08:48:39	TASTEGGIO	1	0	9800	60874	146451	229	-22	0.13	0.13	0	
27/10/2011 08:49:02	TASTEGGIO	0	1	9800	60874	146450	216	-25	0.14	0.14	0	
27/10/2011 08:49:24	TASTEGGIO	0	1	9800	60874	146450	200	-7	0.07	0.07	0	
27/10/2011 08:49:33	TASTEGGIO	0	1	9800	60874	146452	200	-7	0.08	0.09	-82000	
27/10/2011 08:49:59	TASTEGGIO	1	0	9800	60874	228409	223	-14	0.03	0.03	0	
27/10/2011 08:50:11	TASTEGGIO	1	0	9800	60874	146562	223	-14	0.05	0.10	82800	
27/10/2011 08:50:38	TASTEGGIO	1	0	9800	60874	63791	224	-3	0.10	0.10	0	
27/10/2011 08:50:59	TASTEGGIO	0	1	9800	60874	63792	234	0	0.09	0.09	0	
27/10/2011 08:51:22	TASTEGGIO	0	2	9800	60874	63791	250	-2	0.12	0.12	0	
27/10/2011 08:51:45	TASTEGGIO	0	3	9800	60874	63791	298	-15	0.08	0.08	0	
27/10/2011 08:52:06	TASTEGGIO	0	1	9800	60874	63791	292	-24	0.16	0.16	0	
27/10/2011 08:52:28	TASTEGGIO	0	1	9800	60874	63865	260	-10	0.07	0.07	0	
27/10/2011 08:52:40	TASTEGGIO	0	1	9800	60874	146468	260	-10	0.11	0.11	0	
27/10/2011 08:53:04	TASTEGGIO	1	0	9800	60874	146464	225	-12	0.18	0.18	0	
27/10/2011 08:53:26	TASTEGGIO	0	1	9800	60874	146464	195	-13	0.05	0.05	0	
27/10/2011 08:53:35	TASTEGGIO	0	1	9800	60874	146467	195	-13	0.05	0.09	44500	
27/10/2011 08:54:01	TASTEGGIO	1	0	9800	60874	101995	223	-18	0.11	0.11	0	
27/10/2011 08:54:22	TASTEGGIO	0	1	9800	60874	101996	209	-12	0.02	0.02	0	
27/10/2011 08:54:33	TASTEGGIO	0	1	9800	60874	146467	209	-12	0.05	0.05	0	
27/10/2011 08:56:20	TASTEGGIO	0	1	9800	60874	146660	209	-12	0.27	0.27	0	
27/10/2011 08:56:44	TASTEGGIO	1	0	9800	60874	146667	246	-35	0.07	0.07	0	
27/10/2011 08:56:52	TASTEGGIO	1	0	9800	60874	146648	246	-35	0.08	0.24	-82000	
27/10/2011 08:57:19	TASTEGGIO	1	0	9800	60874	228589	242	-18	0.11	0.11	0	
27/10/2011 08:57:31	TASTEGGIO	1	0	9800	60874	146691	242	-18	0.08	0.22	44500	
27/10/2011 08:57:58	TASTEGGIO	1	0	9800	60874	102219	240	-16	0.08	0.08	0	
27/10/2011 08:58:10	TASTEGGIO	1	0	9800	60874	146568	240	-16	0.08	0.15	-82000	
27/10/2011 08:58:37	TASTEGGIO	1	0	9800	60874	228515	231	-5	0.13	0.13	0	
27/10/2011 08:58:49	TASTEGGIO	1	0	9800	60874	146666	231	-5	0.03	0.11	44500	
27/10/2011 08:59:14	TASTEGGIO	1	0	9800	60874	102194	225	-9	0.02	0.02	0	
27/10/2011 08:59:25	TASTEGGIO	1	0	9800	60874	146557	225	-9	0.11	0.12	-82000	
27/10/2011 08:59:53	TASTEGGIO	1	0	9800	60874	228502	227	-4	0.10	0.10	0	
27/10/2011 09:00:13	TASTEGGIO	0	1	9800	60874	228512	235	-5	0.05	0.05	0	
27/10/2011 09:00:25	TASTEGGIO	0	1	9800	60874	146660	235	-5	0.05	0.08	82800	
27/10/2011 09:00:53	TASTEGGIO	1	0	9800	60874	63890	222	-2	0.06	0.06	0	
27/10/2011 09:01:05	TASTEGGIO	1	0	9800	60874	146570	222	-2	0.08	0.08	0	
27/10/2011 09:01:30	TASTEGGIO	1	0	9800	60874	146566	222	-32	0.24	0.24	0	
27/10/2011 09:01:52	TASTEGGIO	0	1	9800	60874	146565	150	-3	0.21	0.21	0	
27/10/2011 09:02:13	TASTEGGIO	0	2	9800	60874	146566	186	-4	0.16	0.16	0	
27/10/2011 09:02:34	TASTEGGIO	0	3	9800	60874	146566	207	-4	0.12	0.12	0	
27/10/2011 09:02:58	TASTEGGIO	0	4	9800	60874	146566	225	-11	0.04	0.04	0	
27/10/2011 09:03:06	TASTEGGIO	0	4	9800	60874	146570	225	-11	0.04	0.12	44500	
27/10/2011 09:03:33	TASTEGGIO	1	0	9800	60874	102095	227	-2	0.12	0.12	0	
27/10/2011 09:03:54	TASTEGGIO	0	1	9800	60874	102093	239	-5	0.07	0.07	0	
27/10/2011 09:04:05	TASTEGGIO	0	1	9800	60874	146573	239	-5	0.01	0.07	44500	
27/10/2011 09:05:51	TASTEGGIO	0	1	9800	60874	146449	239	-5	0.51	0.65	82800	
27/10/2011 09:06:19	TASTEGGIO	1	0	9800	60874	63680	295	-9	0.58	0.58	0	
27/10/2011 09:06:41	TASTEGGIO	0	1	9800	60874	63680	346	-19	0.40	0.40	0	
27/10/2011 09:07:03	TASTEGGIO	0	2	9800	60874	63680	385	-25	0.14	0.14	0	
27/10/2011 09:07:16	TASTEGGIO	0	2	9800	60874	146361	385	-25	0.20	0.23	44500	
27/10/2011 09:07:41	TASTEGGIO	1	0	9800	60874	101883	241	-21	0.05	0.05	0	
27/10/2011 09:07:52	TASTEGGIO	1	0	9800	60874	146352	241	-21	0.10	0.10	0	
27/10/2011 09:08:16	TASTEGGIO	1	0	9800	60874	146346	224	-38	0.28	0.28	0	
27/10/2011 09:08:38	TASTEGGIO	0	1	9800	60874	146346	145	-4	0.22	0.22	0	
27/10/2011 09:09:01	TASTEGGIO	0	2	9800	60874	146346	169	-4	0.17	0.17	0	
27/10/2011 09:09:22	TASTEGGIO	0	3	9800	60874	146346	191	-9	0.08	0.08	0	
27/10/2011 09:09:44	TASTEGGIO	0	0	9800	60874	146346	222	-20	0.11	0.11	0	
27/10/2011 09:10:06	TASTEGGIO	0	1	9800	60874	146348	206	-11	0.00	0.00	0	
27/10/2011 09:10:15	TASTEGGIO	0	1	9800	60874	146353	206	-11	0.00	0.06	82800	
27/10/2011 09:12:02	TASTEGGIO	0	1	9800	60874	146642	206	-11	0.10	0.23	-82000	
27/10/2011 09:12:28	TASTEGGIO	1	0	9800	60874	228585	241	-20	0.07	0.07	0	
27/10/2011 09:12:41	TASTEGGIO	1	0	9800	60874	146692	241	-20	0.15	0.26	24500	
27/10/2011 09:13:08	TASTEGGIO	1	0	9800	60874	122218	245	-26	0.05	0.05	0	
27/10/2011 09:13:18	TASTEGGIO	1	0	9800	60874	146559	245	-26	0.10	0.16	-82000	
27/10/2011 09:13:46	TASTEGGIO	1	0	9800	60874	228505	232	-3	0.14	0.14	0	
27/10/2011 09:13:58	TASTEGGIO	1	0	9800	60874	146663	232	-3	0.08	0.14	-82000	
27/10/2011 09:14:24	TASTEGGIO	1	0	9800	60874	228613	229	-1	0.13	0.13	0	
27/10/2011 09:14:45	TASTEGGIO	0	1	9800	60874	228618	241	-9	0.05	0.05	0	
27/10/2011 09:14:57	TASTEGGIO	0	1	9800	60874	146654	241	-9	0.10	0.11	82800	
27/10/2011 09:15:25	TASTEGGIO	1	0	9800	60874	63883	225	-2	0.10	0.10	0	
27/10/2011 09:15:45	TASTEGGIO	0	1	9800	60874	63882	234	-1	0.09	0.09	0	
27/10/2011 09:16:07	TASTEGGIO	0	2	9800	60874	63880	250	-1	0.07	0.07	0	
27/10/2011 09:16:20	TASTEGGIO	0	2	9800	60874	146538	250	-1	0.10	0.10	0	
27/10/2011 09:16:45	TASTEGGIO	1	0	9800	60874	146530	224	-31	0.20	0.20	0	
27/10/2011 09:17:07	TASTEGGIO	0	1	9800	60874	146530	184	-13	0.08	0.08	0	
27/10/2011 09:17:28	TASTEGGIO	0	0	9800	60874	146530	222	-21	0.13	0.13	0	
27/10/2011 09:17:51	TASTEGGIO	0	1	9800	60874	146531	200	-10	0.04	0.04	0	
27/10/2011 09:17:59	TASTEGGIO	0	1	9800	60874	146538	200	-10	0.04	0.07	82800	
27/10/2011 09:19:44	TASTEGGIO	0	1	9800	60874	146557	200	-10	0.11	0.13	82800	
27/10/2011 09:20:10	TASTEGGIO	1	0	9800	60874	63777	228	-4	0.13	0.13	0	
27/10/2011 09:20:31	TASTEGGIO	0	1	9800	60874	63777	241	-1	0.11	0.11	0	
27/10/2011 09:20:53	TASTEGGIO	0	2	9800	60874	63777	259	-3	0.09	0.09	0	
27/10/2011 09:21:15	TASTEGGIO	0	3	9800	60874	63777	281	-6	0.03	0.03	0	
27/10/2011 09:21:27	TASTEGGIO	0	3	9800	60874	146456	281	-6	0.03	0.11	-82000	
27/10/2011 09:21:53	TASTEGGIO	1	0	9800	60874	228401	225	-16	0.04	0.04	0	
27/10/2011 09:22:05	TASTEGGIO	1	0	9800	60874	146561	225	-16	0.13	0.13	0	
27/10/2011 09:22:30	TASTEGGIO	1	0	9800	60874	146565	228	-29	0.16	0.16	0	
27/10/2011 09:22:53	TASTEGGIO	0	1	9800	60874	146564	208	-20	0.06	0.06	0	
27/10/2011 09:23:01	TASTEGGIO	0	1	9800	60874	146544	208	-20	0.05	0.09	24500	
27/10/2011 09:23:28	TASTEGGIO	1	0	9800	60874	122070	223	-19	0.11	0.11	0	
27/10/2011 09:23:50	TASTEGGIO	0	1	9800	60874	122067	209	-13	0.02	0.02	0	
27/10/2011 09:24:01	TASTEGGIO	0	1	9800	60874	146448	209	-13	0.03	0.04	44500	
27/10/2011 09:25:47	TASTEGGIO	0	1	9800	60874	146452	209	-13	0.12	0.21	82800	
27/10/2011 09:26:13	TASTEGGIO	1	0	9800	60874	63682	238	-4	0.19	0.19	0	
27/10/2011 09:26:34	TASTEGGIO	0	1	9800	60874	63682	255	-3	0.16	0.16	0	
27/10/2011 09:26:57	TASTEGGIO	0	2	9800	60874	63682	281	-6	0.10	0.10	0	
27/10/2011 09:27:09	TASTEGGIO	0	2	9800	60874	146357	281	-6	0.08	0.11	82800	
27/10/2011 09:27:36	TASTEGGIO	1	0	9800	60874	63585	225	0	0.10	0.10	0	
27/10/2011 09:27:56	TASTEGGIO	0	1	9800	60874	63584	234	-2	0.09	0.09	0	
27/10/2011 09:28:18	TASTEGGIO	0	2	9800	60874	63582	250	0	0.09	0.09	0	
27/10/2011 09:28:39	TASTEGGIO	0	3	9800	60874	63581	277	-2	0.08	0.08	0	
27/10/2011 09:29:03	TASTEGGIO	0	4	9800	60874	63579	305	-9	0.02	0.02	0	
27/10/2011 09:29:15	TASTEGGIO	0	4	9800	60874	146345	305	-9	0.09	0.11	24500	
27/10/2011 09:29:40	TASTEGGIO	1	0	9800	60874	121873	225	-25	0.17	0.17	0	
27/10/2011 09:30:02	TASTEGGIO	0	1	9800	60874	121871	198	-13	0.03	0.03	0	
27/10/2011 09:30:12	TASTEGGIO	0	1	9800	60874	146344	198	-13	0.04	0.06	82800	
27/10/2011 09:31:59	TASTEGGIO	0	1	9800	60874	146646	198	-13	0.50	0.50	0	
27/10/2011 09:32:25	TASTEGGIO	1	0	9800	60874	146654	276	-40	0.13	0.13	0	
27/10/2011 09:32:34	TASTEGGIO	1	0	9800	60874	146633	276	-40	0.14	0.23	44500	
27/10/2011 09:33:00	TASTEGGIO	1	0	9800	60874	102156	241	-14	0.13	0.13	0	
27/10/2011 09:33:11	TASTEGGIO	1	0	9800	60874	146573	241	-14	0.08	0.16	-82000	
27/10/2011 09:33:38	TASTEGGIO	1	0	9800	60874	228517	232	-19	0.08	0.08	0	
27/10/2011 09:33:50	TASTEGGIO	1	0	9800	60874	146649	232	-19	0.17	0.17	0	
27/10/2011 09:34:16	TASTEGGIO	1	0	9800	60874	146652	233	-37	0.18	0.18	0	
27/10/2011 09:34:38	TASTEGGIO	0	1	9800	60874	146652	213	-20	0.05	0.05	0	
27/10/2011 09:34:47	TASTEGGIO	0	1	9800	60874	146631	213	-20	0.05	0.12	44500	
27/10/2011 09:35:13	TASTEGGIO	1	0	9800	60874	102159	227	-1	0.15	0.15	0	
27/10/2011 09:35:35	TASTEGGIO	0	1	9800	60874	102157	245	-9	0.03	0.03	0	
27/10/2011 09:35:46	TASTEGGIO	0	1	9800	60874	146539	245	-9	0.03	0.09	82800	
27/10/2011 09:36:12	TASTEGGIO	1	0	9800	60874	63762	223	-2	0.07	0.07	0	
27/10/2011 09:36:24	TASTEGGIO	1	0	9800	60874	146546	223	-2	0.04	0.07	82800	
27/10/2011 09:38:11	TASTEGGIO	1	0	9800	60874	146656	223	-2	0.36	0.48	82800	
27/10/2011 09:38:38	TASTEGGIO	1	0	9800	60874	63889	273	-5	0.45	0.45	0	
27/10/2011 09:38:59	TASTEGGIO	0	1	9800	60874	63885	315	-9	0.37	0.37	0	
27/10/2011 09:39:23	TASTEGGIO	0	2	9800	60874	63885	375	-26	0.11	0.11	0	
27/10/2011 09:39:35	TASTEGGIO	0	2	9800	60874	146558	375	-26	0.14	0.17	44500	
27/10/2011 09:40:02	TASTEGGIO	1	0	9800	60874	102080	233	-14	0.07	0.07	0	
27/10/2011 09:40:13	TASTEGGIO	1	0	9800	60874	146552	233	-14	0.06	0.12	-82000	
27/10/2011 09:40:38	TASTEGGIO	1	0	9800	60874	228499	227	-12	0.05	0.05	0	
27/10/2011 09:40:50	TASTEGGIO	1	0	9800	60874	146662	227	-12	0.03	0.11	44500	
27/10/2011 09:41:16	TASTEGGIO	1	0	9800	60874	102188	225	-10	0.03	0.03	0	
27/10/2011 09:41:27	TASTEGGIO	1	0	9800	60874	146552	225	-10	0.05	0.05	-82000	
27/10/2011 09:43:14	TASTEGGIO	1	0	9800	60874	146556	225	-10	0.11	0.29	82800	
27/10/2011 09:43:41	TASTEGGIO	1	0	9800	60874	63785	249	-4	0.26	0.26	0	
27/10/2011 09:44:02	TASTEGGIO	0	1	9800	60874	63781	272	-5	0.21	0.21	0	
27/10/2011 09:44:23	TASTEGGIO	0	2	9800	60874	63782	305	-10	0.11	0.11	0	
27/10/2011 09:44:36	TASTEGGIO	0	2	9800	60874	146447	305	-10	0.05	0.12	82800	
27/10/2011 09:45:02	TASTEGGIO	1	0	9800	60874	63677	227	0	0.11	0.11	0	
27/10/2011 09:45:22	TASTEGGIO	0	1	9800	60874	63675	237	0	0.12	0.12	0	
27/10/2011 09:45:45	TASTEGGIO	0	2	9800	60874	63673	263	0	0.12	0.12	0	
27/10/2011 09:46:06	TASTEGGIO	0	3	9800	60874	63672	299	-2	0.08	0.08	0	
27/10/2011 09:46:30	TASTEGGIO	0	4	9800	60874	63674	309	-3	0.06	0.06	0	
27/10/2011 09:46:42	TASTEGGIO	0	4	9800	60874	146439	309	-3	0.07	0.08	-82000	
27/10/2011 09:47:08	TASTEGGIO	1	0	9800	60874	228400	222	-16	0.23	0.23	0	
27/10/2011 09:47:29	TASTEGGIO	0	1	9800	60874	228400	155	-2	0.21	0.21	0	
27/10/2011 09:47:49	TASTEGGIO	0	2	9800	60874	228401	193	-3	0.20	0.20	0	
27/10/2011 09:48:10	TASTEGGIO	0	3	9800	60874	228410	250	-17	0.14	0.14	0	
27/10/2011 09:48:32	TASTEGGIO	0	4	9800	60874	228415	269	-25	0.13	0.13	0	
27/10/2011 09:48:54	TASTEGGIO	0	1	9800	60874	228421	256	-20	0.06	0.06	0	
27/10/2011 09:49:06	TASTEGGIO	0	1	9800	60874	146615	256	-20	0.07	0.09	82800	
27/10/2011 09:49:32	TASTEGGIO	1	0	9800	60874	63846	223	0	0.08	0.08	0	
27/10/2011 09:49:53	TASTEGGIO	0	1	9800	60874	63846	230	0	0.08	0.08	0	
27/10/2011 09:50:15	TASTEGGIO	0	2	9800	60874	63846	246	0	0.08	0.08	0	
27/10/2011 09:50:36	TASTEGGIO	0	3	9800	60874	63847	270	0	0.08	0.08	0	
27/10/2011 09:50:57	TASTEGGIO	0	4	9800	60874	63846	302	-2	0.06	0.06	0	
27/10/2011 09:51:09	TASTEGGIO	0	4	9800	60874	146469	302	-2	0.06	0.07	82800	
27/10/2011 09:52:54	TASTEGGIO	0	4	9800	60874	146560	302	-2	0.38	0.40	82800	
27/10/2011 09:53:21	TASTEGGIO	1	0	9800	60874	63783	263	-4	0.35	0.35	0	
27/10/2011 09:53:42	TASTEGGIO	0	1	9800	60874	63783	293	-6	0.30	0.30	0	
27/10/2011 09:54:05	TASTEGGIO	0	2	9800	60874	63783	344	-19	0.13	0.13	0	
27/10/2011 09:54:18	TASTEGGIO	0	2	9800	60874	146467	344	-19	0.22	0.27	44500	
27/10/2011 09:54:44	TASTEGGIO	1	0	9800	60874	101991	246	-16	0.13	0.13	0	
27/10/2011 09:54:56	TASTEGGIO	1	0	9800	60874	146462	246	-16	0.12	0.15	24500	
27/10/2011 09:55:22	TASTEGGIO	1	0	9800	60874	121983	231	-20	0.08	0.08	0	
27/10/2011 09:55:32	TASTEGGIO	1	0	9800	60874	146452	231	-20	0.07	0.09	24500	
27/10/2011 09:55:59	TASTEGGIO	1	0	9800	60874	121974	223	-23	0.14	0.14	0	
27/10/2011 09:56:21	TASTEGGIO	0	1	9800	60874	121971	201	-8	0.05	0.05	0	
27/10/2011 09:56:32	TASTEGGIO	0	1	9800	60874	146446	201	-8	0.07	0.07	0	
27/10/2011 09:58:19	TASTEGGIO	0	1	9800	60875	146658	201	-8	0.10	0.13	82800	
27/10/2011 09:58:45	TASTEGGIO	1	0	9800	60875	63885	228	-4	0.10	0.10	0	
27/10/2011 09:59:05	TASTEGGIO	0	1	9800	60875	63885	235	-1	0.09	0.09	0	
27/10/2011 09:59:28	TASTEGGIO	0	2	9800	60875	63885	251	-3	0.07	0.07	0	
27/10/2011 09:59:40	TASTEGGIO	0	2	9800	60875	146562	251	-3	0.07	0.13	-82000	
27/10/2011 10:00:07	TASTEGGIO	1	0	9800	60875	228506	228	-14	0.04	0.04	0	
27/10/2011 10:00:19	TASTEGGIO	1	0	9800	60875	146652	228	-14	0.13	0.13	0	
27/10/2011 10:00:45	TASTEGGIO	1	0	9800	60875	146656	228	-39	0.24	0.24	0	
27/10/2011 10:01:07	TASTEGGIO	0	1	9800	60875	146656	183	-11	0.12	0.12	0	
27/10/2011 10:01:29	TASTEGGIO	0	0	9800	60875	146656	227	-28	0.15	0.15	0	
27/10/2011 10:01:51	TASTEGGIO	0	1	9800	60875	146656	208	-18	0.09	0.09	0	
27/10/2011 10:02:13	TASTEGGIO	0	1	9800	60875	146655	202	-22	0.13	0.13	0	
27/10/2011 10:02:35	TASTEGGIO	0	1	9800	60875	146655	183	-7	0.06	0.06	0	
27/10/2011 10:02:43	TASTEGGIO	0	1	9800	60875	146632	183	-7	0.06	0.11	82800	
27/10/2011 10:03:09	TASTEGGIO	1	0	9800	60875	63860	225	-2	0.10	0.10	0	
27/10/2011 10:03:29	TASTEGGIO	0	1	9800	60875	63859	234	-1	0.09	0.09	0	
27/10/2011 10:03:50	TASTEGGIO	0	2	9800	60875	63857	250	-1	0.06	0.06	0	
27/10/2011 10:04:02	TASTEGGIO	0	2	9800	60875	146556	250	-1	0.03	0.06	82800	
27/10/2011 10:05:49	TASTEGGIO	0	2	9800	60874	146567	250	-1	0.17	0.28	82800	
27/10/2011 10:06:16	TASTEGGIO	1	0	9800	60874	63792	247	-4	0.26	0.26	0	
27/10/2011 10:06:37	TASTEGGIO	0	1	9800	60874	63792	271	-4	0.21	0.21	0	
27/10/2011 10:07:01	TASTEGGIO	0	2	9800	60874	63792	304	-9	0.12	0.12	0	
27/10/2011 10:07:13	TASTEGGIO	0	2	9800	60874	146467	304	-9	0.05	0.13	44500	
27/10/2011 10:07:39	TASTEGGIO	1	0	9800	60874	101992	228	-15	0.06	0.06	0	
27/10/2011 10:07:50	TASTEGGIO	1	0	9800	60874	146465	228	-15	0.06	0.07	24500	
27/10/2011 10:09:37	TASTEGGIO	1	0	9800	60874	146754	228	-15	0.32	0.32	0	
27/10/2011 10:10:02	TASTEGGIO	1	0	9800	60874	146768	252	-29	0.04	0.04	0	
27/10/2011 10:10:10	TASTEGGIO	1	0	9800	60874	146748	252	-29	0.05	0.23	82800	
27/10/2011 10:10:37	TASTEGGIO	1	0	9800	60874	63968	241	-3	0.19	0.19	0	
27/10/2011 10:10:58	TASTEGGIO	0	1	9800	60874	63968	256	-3	0.17	0.17	0	
27/10/2011 10:11:21	TASTEGGIO	0	2	9800	60874	63966	286	-6	0.12	0.12	0	
27/10/2011 10:11:33	TASTEGGIO	0	2	9800	60874	146657	286	-6	0.06	0.13	82800	
27/10/2011 10:11:59	TASTEGGIO	1	0	9800	60874	63884	228	0	0.13	0.13	0	
27/10/2011 10:12:20	TASTEGGIO	0	1	9800	60874	63883	241	0	0.14	0.14	0	
27/10/2011 10:12:43	TASTEGGIO	0	2	9800	60874	63882	271	-1	0.12	0.12	0	
27/10/2011 10:13:06	TASTEGGIO	0	3	9800	60874	63880	301	-5	0.06	0.06	0	
27/10/2011 10:13:17	TASTEGGIO	0	3	9800	60874	146641	301	-5	0.09	0.13	-82000	
27/10/2011 10:13:42	TASTEGGIO	1	0	9800	60874	228602	228	-14	0.06	0.06	0	
27/10/2011 10:13:54	TASTEGGIO	1	0	9800	60874	146747	228	-14	0.02	0.12	44500	
27/10/2011 10:14:21	TASTEGGIO	1	0	9800	60874	102264	227	-14	0.06	0.06	0	
27/10/2011 10:14:32	TASTEGGIO	1	0	9800	60874	146635	227	-14	0.13	0.13	0	
27/10/2011 10:14:57	TASTEGGIO	1	0	9800	60874	146630	228	-33	0.18	0.18	0	
27/10/2011 10:15:20	TASTEGGIO	0	1	9800	60874	146630	203	-5	0.13	0.13	0	
27/10/2011 10:15:43	TASTEGGIO	0	2	9800	60874	146630	216	-3	0.10	0.10	0	
27/10/2011 10:16:07	TASTEGGIO	0	3	9800	60874	146630	229	-4	0.06	0.06	0	
27/10/2011 10:16:15	TASTEGGIO	0	3	9800	60874	146642	229	-4	0.06	0.08	82800	
27/10/2011 10:16:42	TASTEGGIO	1	0	9800	60874	63870	222	-1	0.08	0.08	0	
27/10/2011 10:17:02	TASTEGGIO	0	1	9800	60874	63870	230	0	0.07	0.07	0	
27/10/2011 10:17:14	TASTEGGIO	0	1	9800	60874	146661	230	0	0.07	0.09	44500	
27/10/2011 10:17:40	TASTEGGIO	1	0	9800	60874	102188	223	-4	0.06	0.06	0	
27/10/2011 10:17:51	TASTEGGIO	1	0	9800	60874	146662	223	-4	0.04	0.09	82800	
27/10/2011 10:18:18	TASTEGGIO	1	0	9800	60874	63888	223	-1	0.07	0.07	0	
27/10/2011 10:18:30	TASTEGGIO	1	0	9800	60874	146658	223	-1	0.04	0.08	82800	
27/10/2011 10:18:56	TASTEGGIO	1	0	9800	60874	63885	222	0	0.08	0.08	0	
27/10/2011 10:19:18	TASTEGGIO	0	1	9800	60874	63884	230	0	0.07	0.07	0	
27/10/2011 10:19:30	TASTEGGIO	0	1	9800	60874	146656	230	0	0.05	0.08	82800	
27/10/2011 10:19:56	TASTEGGIO	1	0	9800	60874	63884	222	-1	0.07	0.07	0	
27/10/2011 10:20:08	TASTEGGIO	1	0	9800	60874	146660	222	-1	0.05	0.07	82800	
27/10/2011 10:21:55	TASTEGGIO	1	0	9800	60875	146660	222	-1	0.34	0.34	0	
27/10/2011 10:22:20	TASTEGGIO	1	0	9800	60875	146671	255	-41	0.10	0.10	0	
27/10/2011 10:22:28	TASTEGGIO	1	0	9800	60875	146652	255	-41	0.10	0.10	0	
27/10/2011 10:22:53	TASTEGGIO	1	0	9800	60875	146657	224	-36	0.25	0.25	0	
27/10/2011 10:23:15	TASTEGGIO	0	1	9800	60875	146656	161	-5	0.19	0.19	0	
27/10/2011 10:23:36	TASTEGGIO	0	2	9800	60875	146656	181	-4	0.14	0.14	0	
27/10/2011 10:23:58	TASTEGGIO	0	3	9800	60875	146656	198	-5	0.09	0.09	0	
27/10/2011 10:24:19	TASTEGGIO	0	4	9800	60875	146656	209	-3	0.05	0.05	0	
27/10/2011 10:24:27	TASTEGGIO	0	4	9800	60875	146633	209	-3	0.05	0.11	82800	
27/10/2011 10:24:53	TASTEGGIO	1	0	9800	60875	63861	225	-2	0.09	0.09	0	
27/10/2011 10:25:13	TASTEGGIO	0	1	9800	60875	63861	232	-1	0.08	0.08	0	
27/10/2011 10:25:36	TASTEGGIO	0	2	9800	60875	63862	246	-1	0.06	0.06	0	
27/10/2011 10:25:48	TASTEGGIO	0	2	9800	60875	146554	246	-1	0.01	0.09	-82000	
27/10/2011 10:26:14	TASTEGGIO	1	0	9800	60875	228509	223	-17	0.09	0.09	0	
27/10/2011 10:26:35	TASTEGGIO	0	1	9800	60875	228518	214	-14	0.05	0.05	0	
27/10/2011 10:26:48	TASTEGGIO	0	1	9800	60875	146657	214	-14	0.02	0.06	-82000	
27/10/2011 10:28:34	TASTEGGIO	0	1	9800	60874	146661	214	-14	0.31	0.36	24500	
27/10/2011 10:29:01	TASTEGGIO	1	0	9800	60874	122189	258	-31	0.11	0.11	0	
27/10/2011 10:29:11	TASTEGGIO	1	0	9800	60874	146567	258	-31	0.09	0.12	44500	
27/10/2011 10:29:38	TASTEGGIO	1	0	9800	60874	102087	227	-11	0.03	0.03	0	
27/10/2011 10:29:49	TASTEGGIO	1	0	9800	60874	146551	227	-11	0.05	0.07	-82000	
27/10/2011 10:31:36	TASTEGGIO	1	0	9800	60874	146570	227	-11	0.19	0.36	-82000	
27/10/2011 10:32:02	TASTEGGIO	1	0	9800	60874	228516	258	-20	0.20	0.20	0	
27/10/2011 10:32:23	TASTEGGIO	0	1	9800	60874	228525	269	-19	0.03	0.03	0	
27/10/2011 10:32:35	TASTEGGIO	0	1	9800	60874	146544	269	-19	0.13	0.18	44500	
27/10/2011 10:33:02	TASTEGGIO	1	0	9800	60874	102060	234	-15	0.09	0.09	0	
27/10/2011 10:33:14	TASTEGGIO	1	0	9800	60874	146440	234	-15	0.06	0.08	82800	
27/10/2011 10:33:40	TASTEGGIO	1	0	9800	60874	63668	222	-2	0.06	0.06	0	
27/10/2011 10:33:52	TASTEGGIO	1	0	9800	60874	146438	222	-2	0.06	0.07	-82000	
27/10/2011 10:34:19	TASTEGGIO	1	0	9800	60874	228392	220	-2	0.06	0.06	0	
27/10/2011 10:34:31	TASTEGGIO	1	0	9800	60874	146544	220	-2	0.04	0.07	44500	
27/10/2011 10:34:57	TASTEGGIO	1	0	9800	60874	102061	220	-10	0.03	0.03	0	
27/10/2011 10:35:08	TASTEGGIO	1	0	9800	60874	146441	220	-10	0.05	0.08	-82000	
27/10/2011 10:35:34	TASTEGGIO	1	0	9800	60874	228412	222	-1	0.06	0.06	0	
27/10/2011 10:35:45	TASTEGGIO	1	0	9800	60874	146561	222	-1	0.05	0.06	-82000	
27/10/2011 10:37:32	TASTEGGIO	1	0	9800	60874	146754	222	-1	0.45	0.45	0	
27/10/2011 10:37:57	TASTEGGIO	1	0	9800	60874	146765	269	-36	0.11	0.11	0	
27/10/2011 10:38:05	TASTEGGIO	1	0	9800	60874	146744	269	-36	0.11	0.30	82800	
27/10/2011 10:38:32	TASTEGGIO	1	0	9800	60874	63968	250	-4	0.27	0.27	0	
27/10/2011 10:38:53	TASTEGGIO	0	1	9800	60874	63968	274	-4	0.23	0.23	0	
27/10/2011 10:39:16	TASTEGGIO	0	2	9800	60874	63968	313	-12	0.12	0.12	0	
27/10/2011 10:39:28	TASTEGGIO	0	2	9800	60874	146663	313	-12	0.05	0.12	82800	
27/10/2011 10:39:55	TASTEGGIO	1	0	9800	60874	63892	227	0	0.11	0.11	0	
27/10/2011 10:40:15	TASTEGGIO	0	1	9800	60874	63890	237	-1	0.10	0.10	0	
27/10/2011 10:40:38	TASTEGGIO	0	2	9800	60874	63887	255	0	0.10	0.10	0	
27/10/2011 10:41:01	TASTEGGIO	0	3	9800	60874	63885	285	0	0.10	0.10	0	
27/10/2011 10:41:22	TASTEGGIO	0	4	9800	60874	63884	325	-15	0.06	0.06	0	
27/10/2011 10:41:35	TASTEGGIO	0	4	9800	60874	146643	325	-15	0.10	0.10	0	
27/10/2011 10:42:00	TASTEGGIO	1	0	9800	60874	146638	224	-30	0.20	0.20	0	
27/10/2011 10:42:22	TASTEGGIO	0	1	9800	60874	146637	184	-4	0.16	0.16	0	
27/10/2011 10:42:43	TASTEGGIO	0	2	9800	60874	146637	202	-1	0.15	0.15	0	
27/10/2011 10:43:07	TASTEGGIO	0	3	9800	60874	146636	244	-9	0.05	0.05	0	
27/10/2011 10:43:16	TASTEGGIO	0	3	9800	60874	146640	244	-9	0.06	0.11	-82000	
27/10/2011 10:43:42	TASTEGGIO	1	0	9800	60874	228605	225	-11	0.04	0.04	0	
27/10/2011 10:43:54	TASTEGGIO	1	0	9800	60874	146755	225	-11	0.08	0.08	0	
27/10/2011 10:44:19	TASTEGGIO	1	0	9800	60874	146761	222	-29	0.20	0.20	0	
27/10/2011 10:44:41	TASTEGGIO	0	1	9800	60874	146760	172	-6	0.14	0.14	0	
27/10/2011 10:45:02	TASTEGGIO	0	2	9800	60874	146760	185	-4	0.11	0.11	0	
27/10/2011 10:45:25	TASTEGGIO	0	3	9800	60874	146759	199	-4	0.06	0.06	0	
27/10/2011 10:45:34	TASTEGGIO	0	3	9800	60874	146735	199	-4	0.08	0.10	24500	
27/10/2011 10:46:00	TASTEGGIO	1	0	9800	60874	122262	224	-22	0.11	0.11	0	
27/10/2011 10:46:21	TASTEGGIO	0	1	9800	60874	122258	211	-16	0.05	0.05	0	
27/10/2011 10:46:32	TASTEGGIO	0	1	9800	60874	146662	211	-16	0.08	0.08	0	
27/10/2011 10:46:56	TASTEGGIO	1	0	9800	60874	146658	222	-17	0.10	0.10	0	
27/10/2011 10:47:18	TASTEGGIO	0	1	9800	60874	146657	209	-7	0.03	0.03	0	
27/10/2011 10:47:27	TASTEGGIO	0	1	9800	60874	146662	209	-7	0.03	0.08	44500	
27/10/2011 10:47:53	TASTEGGIO	1	0	9800	60874	102189	222	-13	0.05	0.05	0	
27/10/2011 10:48:04	TASTEGGIO	1	0	9800	60874	146647	222	-13	0.07	0.07	0	
27/10/2011 10:48:29	TASTEGGIO	1	0	9800	60874	146641	220	-10	0.04	0.04	0	
27/10/2011 10:48:38	TASTEGGIO	1	0	9800	60874	146646	220	-10	0.04	0.05	24500	
27/10/2011 10:50:24	TASTEGGIO	1	0	9800	60875	146575	220	-10	0.43	0.43	0	
27/10/2011 10:50:50	TASTEGGIO	1	0	9800	60875	146584	267	-45	0.09	0.09	0	
27/10/2011 10:50:58	TASTEGGIO	1	0	9800	60875	146562	267	-45	0.08	0.12	82800	
27/10/2011 10:51:25	TASTEGGIO	1	0	9800	60875	63787	227	-2	0.10	0.10	0	
27/10/2011 10:51:45	TASTEGGIO	0	1	9800	60875	63788	235	-1	0.08	0.08	0	
27/10/2011 10:52:07	TASTEGGIO	0	2	9800	60875	63786	244	-1	0.08	0.08	0	
27/10/2011 10:52:29	TASTEGGIO	0	3	9800	60875	63783	268	-4	0.06	0.06	0	
27/10/2011 10:52:41	TASTEGGIO	0	3	9800	60875	146460	268	-4	0.11	0.11	0	
27/10/2011 10:53:06	TASTEGGIO	1	0	9800	60875	146455	225	-36	0.24	0.24	0	
27/10/2011 10:53:28	TASTEGGIO	0	1	9800	60875	146453	172	-8	0.16	0.16	0	
27/10/2011 10:53:49	TASTEGGIO	0	2	9800	60875	146452	187	-5	0.09	0.09	0	
27/10/2011 10:54:12	TASTEGGIO	0	3	9800	60875	146451	195	-5	0.06	0.06	0	
27/10/2011 10:54:21	TASTEGGIO	0	3	9800	60875	146454	195	-5	0.06	0.11	-82000	
27/10/2011 10:54:47	TASTEGGIO	1	0	9800	60875	228406	225	-15	0.02	0.02	0	
27/10/2011 10:54:59	TASTEGGIO	1	0	9800	60875	146553	225	-15	0.06	0.08	82800	
27/10/2011 10:55:26	TASTEGGIO	1	0	9800	60875	63778	222	0	0.07	0.07	0	
27/10/2011 10:55:46	TASTEGGIO	0	1	9800	60875	63779	228	0	0.07	0.07	0	
27/10/2011 10:56:07	TASTEGGIO	0	2	9800	60875	63779	242	0	0.10	0.10	0	
27/10/2011 10:56:30	TASTEGGIO	0	3	9800	60875	63778	284	-4	0.03	0.03	0	
27/10/2011 10:56:42	TASTEGGIO	0	3	9800	60875	146468	284	-4	0.05	0.05	24500	
27/10/2011 10:58:27	TASTEGGIO	0	3	9800	60875	146646	284	-4	0.19	0.32	82800	
27/10/2011 10:58:54	TASTEGGIO	1	0	9800	60875	63871	252	-5	0.29	0.29	0	
27/10/2011 10:59:15	TASTEGGIO	0	1	9800	60875	63869	278	-6	0.23	0.23	0	
27/10/2011 10:59:37	TASTEGGIO	0	2	9800	60875	63866	303	-10	0.14	0.14	0	
27/10/2011 10:59:49	TASTEGGIO	0	2	9800	60875	146573	303	-10	0.08	0.14	82800	
27/10/2011 11:00:15	TASTEGGIO	1	0	9800	60875	63802	229	-1	0.14	0.14	0	
27/10/2011 11:00:36	TASTEGGIO	0	1	9800	60875	63799	243	0	0.14	0.14	0	
27/10/2011 11:00:59	TASTEGGIO	0	2	9800	60875	63794	271	0	0.14	0.14	0	
27/10/2011 11:01:22	TASTEGGIO	0	3	9800	60875	63791	313	-7	0.07	0.07	0	
27/10/2011 11:01:43	TASTEGGIO	0	0	9800	60875	63785	220	0	0.07	0.07	0	
27/10/2011 11:02:05	TASTEGGIO	0	1	9800	60875	63834	227	0	0.07	0.07	0	
27/10/2011 11:02:27	TASTEGGIO	0	2	9800	60875	63834	241	0	0.06	0.06	0	
27/10/2011 11:02:39	TASTEGGIO	0	2	9800	60875	146571	241	0	0.02	0.13	-82000	
27/10/2011 11:03:06	TASTEGGIO	1	0	9800	60875	228512	228	-14	0.04	0.04	0	
27/10/2011 11:03:18	TASTEGGIO	1	0	9800	60875	146659	228	-14	0.09	0.09	0	
27/10/2011 11:03:44	TASTEGGIO	1	0	9800	60875	146664	223	-35	0.26	0.26	0	
27/10/2011 11:04:05	TASTEGGIO	0	1	9800	60875	146664	147	-5	0.20	0.20	0	
27/10/2011 11:04:28	TASTEGGIO	0	2	9800	60875	146664	168	-4	0.16	0.16	0	
27/10/2011 11:04:49	TASTEGGIO	0	3	9800	60875	146663	190	-9	0.07	0.07	0	
27/10/2011 11:05:13	TASTEGGIO	0	0	9800	60875	146663	220	-22	0.15	0.15	0	
27/10/2011 11:05:35	TASTEGGIO	0	1	9800	60875	146663	187	-11	0.05	0.05	0	
27/10/2011 11:05:43	TASTEGGIO	0	1	9800	60875	146637	187	-11	0.04	0.05	44500	
27/10/2011 11:06:39	ALARM 17	proc 12 prog 10 step 47	LavoroTerminato
27/10/2011 11:29:05	ALARM 602	proc 5 prog 83 step 15	ASPETTA MEM 201
27/10/2011 11:30:30	TASTEGGIO	0	1	9800	60874	146651	187	-11	0.19	0.23	82800	
27/10/2011 11:30:56	TASTEGGIO	1	0	9800	60874	63914	241	-5	0.20	0.20	0	
27/10/2011 11:31:16	TASTEGGIO	0	1	9800	60874	63904	258	-3	0.17	0.17	0	
27/10/2011 11:31:39	TASTEGGIO	0	2	9800	60874	63894	286	-6	0.12	0.12	0	
27/10/2011 11:31:51	TASTEGGIO	0	2	9800	60874	146572	286	-6	0.12	0.16	-82000	
27/10/2011 11:32:18	TASTEGGIO	1	0	9800	60874	228512	232	-16	0.07	0.07	0	
27/10/2011 11:32:30	TASTEGGIO	1	0	9800	60874	146666	232	-16	0.04	0.09	82800	
27/10/2011 11:32:56	TASTEGGIO	1	0	9800	60874	63893	223	0	0.09	0.09	0	
27/10/2011 11:33:16	TASTEGGIO	0	1	9800	60874	63891	232	0	0.09	0.09	0	
27/10/2011 11:33:38	TASTEGGIO	0	2	9800	60874	63889	250	-1	0.09	0.09	0	
27/10/2011 11:34:01	TASTEGGIO	0	3	9800	60874	63887	277	-1	0.08	0.08	0	
27/10/2011 11:34:22	TASTEGGIO	0	4	9800	60874	63885	305	-7	0.01	0.01	0	
27/10/2011 11:34:34	TASTEGGIO	0	4	9800	60874	146550	305	-7	0.03	0.07	-82000	
27/10/2011 11:35:01	TASTEGGIO	1	0	9800	60874	228508	220	-13	0.06	0.06	0	
27/10/2011 11:35:13	TASTEGGIO	1	0	9800	60874	146659	220	-13	0.11	0.11	0	
27/10/2011 11:35:38	TASTEGGIO	1	0	9800	60874	146663	225	-30	0.20	0.20	0	
27/10/2011 11:36:00	TASTEGGIO	0	1	9800	60874	146663	188	-13	0.06	0.06	0	
27/10/2011 11:36:08	TASTEGGIO	0	1	9800	60874	146645	188	-13	0.06	0.07	24500	
27/10/2011 11:36:33	TASTEGGIO	1	0	9800	60874	122165	220	-20	0.12	0.12	0	
27/10/2011 11:36:55	TASTEGGIO	0	1	9800	60874	122165	199	-12	0.01	0.01	0	
27/10/2011 11:37:05	TASTEGGIO	0	1	9800	60874	146542	199	-12	0.05	0.05	0	
27/10/2011 11:38:57	TASTEGGIO	0	1	9800	60875	146757	199	-12	0.16	0.28	-82000	
27/10/2011 11:39:23	TASTEGGIO	1	0	9800	60875	228706	247	-18	0.13	0.13	0	
27/10/2011 11:39:35	TASTEGGIO	1	0	9800	60875	146791	247	-18	0.06	0.11	-82000	
27/10/2011 11:40:02	TASTEGGIO	1	0	9800	60875	228727	225	-2	0.09	0.09	0	
27/10/2011 11:40:23	TASTEGGIO	0	1	9800	60875	228744	232	-8	0.03	0.03	0	
27/10/2011 11:40:35	TASTEGGIO	0	1	9800	60875	146755	232	-8	0.01	0.03	-82000	
27/10/2011 11:42:20	TASTEGGIO	0	1	9800	60875	146769	232	-8	0.11	0.11	0	
27/10/2011 11:42:45	TASTEGGIO	1	0	9800	60875	146780	225	-30	0.16	0.16	0	
27/10/2011 11:43:08	TASTEGGIO	0	1	9800	60875	146779	201	-17	0.02	0.02	0	
27/10/2011 11:43:16	TASTEGGIO	0	1	9800	60875	146758	201	-17	0.01	0.07	-82000	
27/10/2011 11:43:44	TASTEGGIO	1	0	9800	60875	228708	220	-12	0.05	0.05	0	
27/10/2011 11:43:56	TASTEGGIO	1	0	9800	60875	146760	220	-12	0.06	0.09	24500	
27/10/2011 11:44:23	TASTEGGIO	1	0	9800	60875	122290	223	-21	0.11	0.11	0	
27/10/2011 11:44:45	TASTEGGIO	0	1	9800	60875	122289	209	-15	0.03	0.03	0	
27/10/2011 11:44:56	TASTEGGIO	0	1	9800	60875	146638	209	-15	0.04	0.06	-82000	
27/10/2011 11:46:42	TASTEGGIO	0	1	9800	60875	146661	209	-15	0.26	0.33	-82000	
27/10/2011 11:47:08	TASTEGGIO	1	0	9800	60875	228621	254	-19	0.17	0.17	0	
27/10/2011 11:47:29	TASTEGGIO	0	1	9800	60875	228623	262	-12	0.04	0.04	0	
27/10/2011 11:47:41	TASTEGGIO	0	1	9800	60875	146649	262	-12	0.10	0.10	0	
27/10/2011 11:48:06	TASTEGGIO	1	0	9800	60875	146653	224	-30	0.18	0.18	0	
27/10/2011 11:48:28	TASTEGGIO	0	1	9800	60875	146653	191	-15	0.03	0.03	0	
27/10/2011 11:48:36	TASTEGGIO	0	1	9800	60875	146634	191	-15	0.04	0.07	82800	
27/10/2011 11:49:02	TASTEGGIO	1	0	9800	60875	63867	220	-3	0.05	0.05	0	
27/10/2011 11:49:14	TASTEGGIO	1	0	9800	60875	146532	220	-3	0.05	0.06	82800	
27/10/2011 11:51:01	TASTEGGIO	1	0	9800	60875	146743	220	-3	0.09	0.18	82800	
27/10/2011 11:51:28	TASTEGGIO	1	0	9800	60875	63965	234	-3	0.16	0.16	0	
27/10/2011 11:51:49	TASTEGGIO	0	1	9800	60875	63960	248	-2	0.14	0.14	0	
27/10/2011 11:52:01	TASTEGGIO	0	1	9800	60875	146650	248	-2	0.05	0.15	-82000	
27/10/2011 11:52:26	TASTEGGIO	1	0	9800	60875	228610	231	-15	0.04	0.04	0	
27/10/2011 11:52:38	TASTEGGIO	1	0	9800	60875	146752	231	-15	0.14	0.20	44500	
27/10/2011 11:53:05	TASTEGGIO	1	0	9800	60875	102275	237	-14	0.08	0.08	0	
27/10/2011 11:53:16	TASTEGGIO	1	0	9800	60875	146647	237	-14	0.06	0.08	82800	
27/10/2011 11:53:42	TASTEGGIO	1	0	9800	60875	63881	222	0	0.08	0.08	0	
27/10/2011 11:54:03	TASTEGGIO	0	1	9800	60875	63879	230	0	0.08	0.08	0	
27/10/2011 11:54:25	TASTEGGIO	0	2	9800	60875	63879	246	-1	0.09	0.09	0	
27/10/2011 11:54:46	TASTEGGIO	0	3	9800	60875	63879	276	-5	0.02	0.02	0	
27/10/2011 11:54:58	TASTEGGIO	0	3	9800	60875	146650	276	-5	0.04	0.05	44500	
27/10/2011 11:56:45	TASTEGGIO	0	3	9800	60875	146575	276	-5	0.13	0.36	82800	
27/10/2011 11:57:13	TASTEGGIO	1	0	9800	60875	63805	258	-5	0.34	0.34	0	
27/10/2011 11:57:34	TASTEGGIO	0	1	9800	60875	63804	290	-7	0.27	0.27	0	
27/10/2011 11:57:56	TASTEGGIO	0	2	9800	60875	63801	320	-12	0.15	0.15	0	
27/10/2011 11:58:19	TASTEGGIO	0	3	9800	60875	63800	334	-13	0.07	0.07	0	
27/10/2011 11:58:31	TASTEGGIO	0	3	9800	60875	146457	334	-13	0.09	0.11	44500	
27/10/2011 11:58:58	TASTEGGIO	1	0	9800	60875	101983	225	-16	0.06	0.06	0	
27/10/2011 11:59:09	TASTEGGIO	1	0	9800	60875	146457	225	-16	0.19	0.19	0	
27/10/2011 11:59:34	TASTEGGIO	1	0	9800	60875	146451	236	-36	0.15	0.15	0	
27/10/2011 11:59:57	TASTEGGIO	0	1	9800	60875	146451	224	-29	0.13	0.13	0	
27/10/2011 12:00:05	TASTEGGIO	0	1	9800	60875	146454	224	-29	0.13	0.13	0	
27/10/2011 12:00:31	TASTEGGIO	1	0	9800	60875	146449	228	-20	0.08	0.08	0	
27/10/2011 12:00:53	TASTEGGIO	0	1	9800	60875	146449	223	-25	0.16	0.16	0	
27/10/2011 12:01:15	TASTEGGIO	0	1	9800	60875	146449	191	-10	0.06	0.06	0	
27/10/2011 12:01:24	TASTEGGIO	0	1	9800	60875	146454	191	-10	0.05	0.09	24500	
27/10/2011 12:01:50	TASTEGGIO	1	0	9800	60875	121980	223	-24	0.17	0.17	0	
27/10/2011 12:02:11	TASTEGGIO	0	1	9800	60875	121978	190	-9	0.11	0.11	0	
27/10/2011 12:02:33	TASTEGGIO	0	2	9800	60875	121977	200	-7	0.03	0.03	0	
27/10/2011 12:02:43	TASTEGGIO	0	2	9800	60875	146459	200	-7	0.08	0.10	-82000	
27/10/2011 12:03:09	TASTEGGIO	1	0	9800	60875	228426	224	-13	0.04	0.04	0	
27/10/2011 12:03:20	TASTEGGIO	1	0	9800	60875	146559	224	-13	0.01	0.06	44500	
27/10/2011 12:04:16	ALARM 17	proc 12 prog 10 step 47	LavoroTerminato
27/10/2011 13:09:00	TASTEGGIO	1	0	9800	60875	146547	224	-13	0.06	0.30	82800	
27/10/2011 13:09:26	TASTEGGIO	1	0	9800	60875	63797	250	-7	0.26	0.26	0	
27/10/2011 13:09:47	TASTEGGIO	0	1	9800	60875	63788	272	-4	0.23	0.23	0	
27/10/2011 13:10:10	TASTEGGIO	0	2	9800	60875	63778	312	-12	0.11	0.11	0	
27/10/2011 13:10:22	TASTEGGIO	0	2	9800	60875	146467	312	-12	0.15	0.15	0	
27/10/2011 13:10:48	TASTEGGIO	1	0	9800	60875	146463	231	-32	0.15	0.15	0	
27/10/2011 13:11:10	TASTEGGIO	0	1	9800	60875	146463	216	-22	0.06	0.06	0	
27/10/2011 13:11:18	TASTEGGIO	0	1	9800	60875	146465	216	-22	0.06	0.16	82800	
27/10/2011 13:11:44	TASTEGGIO	1	0	9800	60875	63691	232	0	0.15	0.15	0	
27/10/2011 13:12:05	TASTEGGIO	0	1	9800	60875	63690	246	0	0.15	0.15	0	
27/10/2011 13:12:26	TASTEGGIO	0	2	9800	60875	63689	276	-1	0.16	0.16	0	
27/10/2011 13:12:47	TASTEGGIO	0	3	9800	60875	63687	327	-10	0.05	0.05	0	
27/10/2011 13:12:59	TASTEGGIO	0	3	9800	60875	146441	327	-10	0.13	0.13	0	
27/10/2011 13:13:24	TASTEGGIO	1	0	9800	60875	146433	228	-10	0.04	0.04	0	
27/10/2011 13:13:33	TASTEGGIO	1	0	9800	60875	146437	228	-10	0.05	0.09	82800	
27/10/2011 13:14:00	TASTEGGIO	1	0	9800	60875	63669	223	0	0.12	0.12	0	
27/10/2011 13:14:20	TASTEGGIO	0	1	9800	60875	63669	239	0	0.09	0.09	0	
27/10/2011 13:14:42	TASTEGGIO	0	2	9800	60875	63670	248	0	0.09	0.09	0	
27/10/2011 13:15:05	TASTEGGIO	0	3	9800	60875	63669	275	0	0.08	0.08	0	
27/10/2011 13:15:28	TASTEGGIO	0	4	9800	60875	63667	303	-1	0.07	0.07	0	
27/10/2011 13:15:49	TASTEGGIO	0	5	9800	60875	63731	333	-6	0.02	0.02	0	
27/10/2011 13:16:01	TASTEGGIO	0	5	9800	60875	146467	333	-6	0.08	0.09	-82000	
27/10/2011 13:16:29	TASTEGGIO	1	0	9800	60875	228433	223	-11	0.04	0.04	0	
27/10/2011 13:16:41	TASTEGGIO	1	0	9800	60875	146589	223	-11	0.01	0.06	82800	
27/10/2011 13:18:28	TASTEGGIO	1	0	9800	60875	146566	223	-11	0.17	0.23	82800	
27/10/2011 13:18:53	TASTEGGIO	1	0	9800	60875	63794	241	-4	0.21	0.21	0	
27/10/2011 13:19:14	TASTEGGIO	0	1	9800	60875	63794	260	-3	0.18	0.18	0	
27/10/2011 13:19:37	TASTEGGIO	0	2	9800	60875	63790	290	-6	0.11	0.11	0	
27/10/2011 13:19:49	TASTEGGIO	0	2	9800	60875	146459	290	-6	0.08	0.17	44500	
27/10/2011 13:20:14	TASTEGGIO	1	0	9800	60875	101983	233	-14	0.08	0.08	0	
27/10/2011 13:20:25	TASTEGGIO	1	0	9800	60875	146455	233	-14	0.06	0.11	24500	
27/10/2011 13:20:52	TASTEGGIO	1	0	9800	60875	121983	225	-22	0.12	0.12	0	
27/10/2011 13:21:14	TASTEGGIO	0	1	9800	60875	121979	211	-15	0.03	0.03	0	
27/10/2011 13:21:24	TASTEGGIO	0	1	9800	60875	146450	211	-15	0.03	0.08	44500	
27/10/2011 13:21:51	TASTEGGIO	1	0	9800	60875	101975	222	-2	0.09	0.09	0	
27/10/2011 13:22:12	TASTEGGIO	0	1	9800	60875	101972	232	-6	0.01	0.01	0	
27/10/2011 13:22:23	TASTEGGIO	0	1	9800	60875	146450	232	-6	0.05	0.09	-82000	
27/10/2011 13:22:50	TASTEGGIO	1	0	9800	60875	228420	223	-10	0.04	0.04	0	
27/10/2011 13:23:02	TASTEGGIO	1	0	9800	60875	146562	223	-10	0.04	0.05	44500	
27/10/2011 13:24:49	TASTEGGIO	1	0	9800	60875	146563	223	-10	0.13	0.18	82800	
27/10/2011 13:25:15	TASTEGGIO	1	0	9800	60875	63787	234	-2	0.16	0.16	0	
27/10/2011 13:25:36	TASTEGGIO	0	1	9800	60875	63782	248	-2	0.14	0.14	0	
27/10/2011 13:25:48	TASTEGGIO	0	1	9800	60875	146466	248	-2	0.10	0.19	24500	
27/10/2011 13:26:14	TASTEGGIO	1	0	9800	60875	121995	236	-23	0.10	0.10	0	
27/10/2011 13:26:25	TASTEGGIO	1	0	9800	60875	146450	236	-23	0.10	0.14	44500	
27/10/2011 13:26:51	TASTEGGIO	1	0	9800	60875	101973	229	-14	0.02	0.02	0	
27/10/2011 13:27:02	TASTEGGIO	1	0	9800	60875	146437	229	-14	0.11	0.14	-82000	
27/10/2011 13:27:30	TASTEGGIO	1	0	9800	60875	228404	229	-16	0.05	0.05	0	
27/10/2011 13:27:42	TASTEGGIO	1	0	9800	60875	146540	229	-16	0.09	0.09	0	
27/10/2011 13:28:06	TASTEGGIO	1	0	9800	60875	146544	223	-30	0.20	0.20	0	
27/10/2011 13:28:28	TASTEGGIO	0	1	9800	60875	146544	178	-9	0.12	0.12	0	
27/10/2011 13:28:49	TASTEGGIO	0	2	9800	60875	146544	188	-6	0.05	0.05	0	
27/10/2011 13:28:58	TASTEGGIO	0	2	9800	60875	146539	188	-6	0.06	0.10	-82000	
27/10/2011 13:29:24	TASTEGGIO	1	0	9800	60875	228502	224	-10	0.05	0.05	0	
27/10/2011 13:29:36	TASTEGGIO	1	0	9800	60875	146577	224	-10	0.01	0.06	82800	
27/10/2011 13:31:22	TASTEGGIO	1	0	9800	60875	146663	224	-10	0.42	0.45	82800	
27/10/2011 13:31:48	TASTEGGIO	1	0	9800	60875	63888	269	-5	0.43	0.43	0	
27/10/2011 13:32:10	TASTEGGIO	0	1	9800	60875	63884	310	-8	0.35	0.35	0	
27/10/2011 13:32:32	TASTEGGIO	0	2	9800	60875	63881	366	-23	0.12	0.12	0	
27/10/2011 13:32:44	TASTEGGIO	0	2	9800	60875	146566	366	-23	0.24	0.25	24500	
27/10/2011 13:33:11	TASTEGGIO	1	0	9800	60875	122095	243	-25	0.14	0.14	0	
27/10/2011 13:33:21	TASTEGGIO	1	0	9800	60875	146554	243	-25	0.16	0.16	0	
27/10/2011 13:33:46	TASTEGGIO	1	0	9800	60875	146549	232	-31	0.13	0.13	0	
27/10/2011 13:33:55	TASTEGGIO	1	0	9800	60875	146551	232	-31	0.14	0.14	0	
27/10/2011 13:34:20	TASTEGGIO	1	0	9800	60875	146548	229	-28	0.13	0.13	0	
27/10/2011 13:34:43	TASTEGGIO	0	1	9800	60875	146546	216	-9	0.04	0.04	0	
27/10/2011 13:34:51	TASTEGGIO	0	1	9800	60875	146549	216	-9	0.04	0.04	0	
27/10/2011 13:36:38	TASTEGGIO	0	1	9800	60875	146661	216	-9	0.03	0.12	82800	
27/10/2011 13:37:04	TASTEGGIO	1	0	9800	60875	63891	227	-4	0.06	0.06	0	
27/10/2011 13:37:16	TASTEGGIO	1	0	9800	60875	146564	227	-4	0.01	0.07	82800	
27/10/2011 13:37:42	TASTEGGIO	1	0	9800	60875	63791	220	-1	0.06	0.06	0	
27/10/2011 13:37:54	TASTEGGIO	1	0	9800	60875	146556	220	-1	0.01	0.06	44500	
27/10/2011 13:39:41	TASTEGGIO	1	0	9800	60875	146747	220	-1	0.10	0.26	-82000	
27/10/2011 13:40:08	TASTEGGIO	1	0	9800	60875	228694	245	-18	0.09	0.09	0	
27/10/2011 13:40:20	TASTEGGIO	1	0	9800	60875	146769	245	-18	0.08	0.13	44500	
27/10/2011 13:40:47	TASTEGGIO	1	0	9800	60875	102295	228	-14	0.02	0.02	0	
27/10/2011 13:40:58	TASTEGGIO	1	0	9800	60875	146646	228	-14	0.04	0.12	-82000	
27/10/2011 13:41:26	TASTEGGIO	1	0	9800	60875	228596	227	-13	0.06	0.06	0	
27/10/2011 13:41:38	TASTEGGIO	1	0	9800	60875	146755	227	-13	0.06	0.08	-82000	
27/10/2011 13:42:04	TASTEGGIO	1	0	9800	60875	228704	222	-6	0.06	0.06	0	
27/10/2011 13:42:15	TASTEGGIO	1	0	9800	60875	146750	222	-6	0.06	0.06	0	
27/10/2011 13:43:11	ALARM 17	proc 12 prog 10 step 47	LavoroTerminato
27/10/2011 14:16:36	TASTEGGIO	1	0	9800	60875	146653	222	-6	0.23	0.28	82800	
27/10/2011 14:17:02	TASTEGGIO	1	0	9800	60875	63920	247	-5	0.24	0.24	0	
27/10/2011 14:17:23	TASTEGGIO	0	1	9800	60875	63908	267	-3	0.21	0.21	0	
27/10/2011 14:17:44	TASTEGGIO	0	2	9800	60875	63897	303	-10	0.12	0.12	0	
27/10/2011 14:17:56	TASTEGGIO	0	2	9800	60875	146565	303	-10	0.16	0.16	0	
27/10/2011 14:18:21	TASTEGGIO	1	0	9800	60875	146561	232	-32	0.15	0.15	0	
27/10/2011 14:18:43	TASTEGGIO	0	1	9800	60875	146560	217	-26	0.11	0.11	0	
27/10/2011 14:18:51	TASTEGGIO	0	1	9800	60875	146562	217	-26	0.12	0.16	44500	
27/10/2011 14:19:17	TASTEGGIO	1	0	9800	60875	102080	232	-15	0.06	0.06	0	
27/10/2011 14:19:28	TASTEGGIO	1	0	9800	60875	146551	232	-15	0.11	0.13	-82000	
27/10/2011 14:19:56	TASTEGGIO	1	0	9800	60875	228498	228	-13	0.04	0.04	0	
27/10/2011 14:20:08	TASTEGGIO	1	0	9800	60875	146660	228	-13	0.04	0.07	82800	
27/10/2011 14:20:33	TASTEGGIO	1	0	9800	60875	63890	220	0	0.06	0.06	0	
27/10/2011 14:20:45	TASTEGGIO	1	0	9800	60875	146547	220	0	0.05	0.06	82800	
27/10/2011 14:22:32	TASTEGGIO	1	0	9800	60875	146659	220	0	0.35	0.38	-82000	
27/10/2011 14:22:59	TASTEGGIO	1	0	9800	60875	228617	260	-20	0.22	0.22	0	
27/10/2011 14:23:20	TASTEGGIO	0	1	9800	60875	228616	272	-16	0.05	0.05	0	
27/10/2011 14:23:33	TASTEGGIO	0	1	9800	60875	146654	272	-16	0.15	0.20	44500	
27/10/2011 14:23:59	TASTEGGIO	1	0	9800	60875	102183	237	-15	0.05	0.05	0	
27/10/2011 14:24:10	TASTEGGIO	1	0	9800	60875	146550	237	-15	0.05	0.07	44500	
27/10/2011 14:24:36	TASTEGGIO	1	0	9800	60875	102072	220	-7	0.01	0.01	0	
27/10/2011 14:24:47	TASTEGGIO	1	0	9800	60875	146544	220	-7	0.01	0.04	-82000	
27/10/2011 14:26:33	TASTEGGIO	1	0	9800	60875	146660	220	-7	0.48	0.62	82800	
27/10/2011 14:26:59	TASTEGGIO	1	0	9800	60875	63891	291	-5	0.59	0.59	0	
27/10/2011 14:27:21	TASTEGGIO	0	1	9800	60875	63891	347	-14	0.45	0.45	0	
27/10/2011 14:27:45	TASTEGGIO	0	2	9800	60875	63891	395	-25	0.22	0.22	0	
27/10/2011 14:28:05	TASTEGGIO	0	0	9800	60875	63889	240	0	0.22	0.22	0	
27/10/2011 14:28:28	TASTEGGIO	0	1	9800	60875	63886	262	0	0.22	0.22	0	
27/10/2011 14:28:51	TASTEGGIO	0	2	9800	60875	63930	306	0	0.21	0.21	0	
27/10/2011 14:29:13	TASTEGGIO	0	3	9800	60875	63930	366	-8	0.15	0.15	0	
27/10/2011 14:29:37	TASTEGGIO	0	4	9800	60875	63930	387	-6	0.08	0.08	0	
27/10/2011 14:29:49	TASTEGGIO	0	4	9800	60875	146562	387	-6	0.13	0.17	-82000	
27/10/2011 14:30:15	TASTEGGIO	1	0	9800	60875	228502	233	-12	0.06	0.06	0	
27/10/2011 14:30:27	TASTEGGIO	1	0	9800	60875	146655	233	-12	0.13	0.20	24500	
27/10/2011 14:30:54	TASTEGGIO	1	0	9800	60875	122178	237	-22	0.07	0.07	0	
27/10/2011 14:31:05	TASTEGGIO	1	0	9800	60875	146543	237	-22	0.07	0.07	0	
27/10/2011 14:31:30	TASTEGGIO	1	0	9800	60875	146537	220	-27	0.19	0.19	0	
27/10/2011 14:31:52	TASTEGGIO	0	1	9800	60875	146535	168	-7	0.12	0.12	0	
27/10/2011 14:32:13	TASTEGGIO	0	2	9800	60875	146536	178	-4	0.09	0.09	0	
27/10/2011 14:32:36	TASTEGGIO	0	3	9800	60875	146535	189	-4	0.05	0.05	0	
27/10/2011 14:32:44	TASTEGGIO	0	3	9800	60875	146543	189	-4	0.05	0.09	44500	
27/10/2011 14:33:11	TASTEGGIO	1	0	9800	60875	102062	223	-10	0.03	0.03	0	
27/10/2011 14:33:22	TASTEGGIO	1	0	9800	60875	146557	223	-10	0.04	0.07	-82000	
27/10/2011 14:33:48	TASTEGGIO	1	0	9800	60875	228519	220	-3	0.07	0.07	0	
27/10/2011 14:34:09	TASTEGGIO	0	1	9800	60875	228532	227	-2	0.04	0.04	0	
27/10/2011 14:34:21	TASTEGGIO	0	1	9800	60875	146695	227	-2	0.04	0.04	-82000	
27/10/2011 14:36:08	TASTEGGIO	0	1	9800	60875	146759	227	-2	0.17	0.17	0	
27/10/2011 14:36:32	TASTEGGIO	1	0	9800	60875	146765	233	-30	0.13	0.13	0	
27/10/2011 14:36:40	TASTEGGIO	1	0	9800	60875	146747	233	-30	0.12	0.12	0	
27/10/2011 14:37:05	TASTEGGIO	1	0	9800	60875	146751	227	-29	0.16	0.16	0	
27/10/2011 14:37:27	TASTEGGIO	0	1	9800	60875	146751	205	-5	0.11	0.11	0	
27/10/2011 14:37:49	TASTEGGIO	0	2	9800	60875	146751	215	-2	0.09	0.09	0	
27/10/2011 14:38:12	TASTEGGIO	0	3	9800	60875	146750	237	-7	0.03	0.03	0	
27/10/2011 14:38:21	TASTEGGIO	0	3	9800	60875	146733	237	-7	0.03	0.11	44500	
27/10/2011 14:38:47	TASTEGGIO	1	0	9800	60875	102256	225	-12	0.04	0.04	0	
27/10/2011 14:38:58	TASTEGGIO	1	0	9800	60875	146650	225	-12	0.09	0.10	-82000	
27/10/2011 14:39:25	TASTEGGIO	1	0	9800	60875	228600	224	-14	0.03	0.03	0	
27/10/2011 14:39:37	TASTEGGIO	1	0	9800	60875	146742	224	-14	0.02	0.06	44500	
27/10/2011 14:41:26	TASTEGGIO	1	0	9800	60875	146663	224	-14	0.05	0.18	-82000	
27/10/2011 14:41:54	TASTEGGIO	1	0	9800	60875	228624	234	-16	0.06	0.06	0	
27/10/2011 14:42:06	TASTEGGIO	1	0	9800	60875	146663	234	-16	0.12	0.16	44500	
27/10/2011 14:42:33	TASTEGGIO	1	0	9800	60875	102193	232	-15	0.04	0.04	0	
27/10/2011 14:42:44	TASTEGGIO	1	0	9800	60875	146565	232	-15	0.04	0.08	-82000	
27/10/2011 14:43:12	TASTEGGIO	1	0	9800	60875	228518	222	-5	0.04	0.04	0	
27/10/2011 14:43:24	TASTEGGIO	1	0	9800	60875	146659	222	-5	0.06	0.06	44500	
27/10/2011 14:44:20	ALARM 17	proc 12 prog 10 step 47	LavoroTerminato
27/10/2011 14:54:08	TASTEGGIO	1	0	9800	60875	146735	222	-5	0.19	0.25	-82000	
27/10/2011 14:54:35	TASTEGGIO	1	0	9800	60875	228703	243	-16	0.11	0.11	0	
27/10/2011 14:54:47	TASTEGGIO	1	0	9800	60875	146783	243	-16	0.16	0.20	82800	
27/10/2011 14:55:14	TASTEGGIO	1	0	9800	60875	64013	237	-3	0.19	0.19	0	
27/10/2011 14:55:34	TASTEGGIO	0	1	9800	60875	64013	255	-2	0.17	0.17	0	
27/10/2011 14:55:55	TASTEGGIO	0	2	9800	60875	64011	285	-5	0.11	0.11	0	
27/10/2011 14:56:07	TASTEGGIO	0	2	9800	60875	146648	285	-5	0.08	0.11	82800	
27/10/2011 14:56:33	TASTEGGIO	1	0	9800	60875	63879	225	0	0.13	0.13	0	
27/10/2011 14:56:54	TASTEGGIO	0	1	9800	60875	63877	240	0	0.11	0.11	0	
27/10/2011 14:57:16	TASTEGGIO	0	2	9800	60875	63874	258	0	0.10	0.10	0	
27/10/2011 14:57:39	TASTEGGIO	0	3	9800	60875	63872	285	-1	0.09	0.09	0	
27/10/2011 14:58:02	TASTEGGIO	0	4	9800	60875	63871	317	-9	0.03	0.03	0	
27/10/2011 14:58:14	TASTEGGIO	0	4	9800	60875	146642	317	-9	0.03	0.10	-82000	
27/10/2011 14:58:39	TASTEGGIO	1	0	9800	60875	228609	224	-7	0.10	0.10	0	
27/10/2011 14:59:00	TASTEGGIO	0	1	9800	60875	228607	234	-14	0.07	0.07	0	
27/10/2011 14:59:21	TASTEGGIO	0	1	9800	60875	228609	229	-15	0.08	0.08	0	
27/10/2011 14:59:43	TASTEGGIO	0	1	9800	60875	228610	219	-3	0.07	0.07	0	
27/10/2011 15:00:04	TASTEGGIO	0	2	9800	60875	228616	231	-12	0.13	0.13	0	
27/10/2011 15:00:25	TASTEGGIO	0	1	9800	60875	228627	206	-3	0.08	0.08	0	
27/10/2011 15:00:37	TASTEGGIO	0	1	9800	60875	146801	206	-3	0.04	0.09	-82000	
27/10/2011 15:01:04	TASTEGGIO	1	0	9800	60875	228770	223	-3	0.06	0.06	0	
27/10/2011 15:01:16	TASTEGGIO	1	0	9800	60875	146787	223	-3	0.03	0.08	-82000	
27/10/2011 15:02:12	ALARM 17	proc 12 prog 10 step 47	LavoroTerminato
27/10/2011 16:01:30	TASTEGGIO	1	0	9800	60875	146659	223	-3	0.39	0.46	-82000	
27/10/2011 16:01:58	TASTEGGIO	1	0	9800	60875	228630	271	-17	0.30	0.30	0	
27/10/2011 16:02:19	TASTEGGIO	0	1	9800	60875	228630	290	-16	0.13	0.13	0	
27/10/2011 16:02:31	TASTEGGIO	0	1	9800	60875	146655	290	-16	0.22	0.22	0	
27/10/2011 16:02:55	TASTEGGIO	1	0	9800	60875	146659	240	-34	0.16	0.16	0	
27/10/2011 16:03:17	TASTEGGIO	0	1	9800	60875	146659	228	-23	0.06	0.06	0	
27/10/2011 16:03:26	TASTEGGIO	0	1	9800	60875	146638	228	-23	0.06	0.07	82800	
27/10/2011 16:03:51	TASTEGGIO	1	0	9800	60875	63869	220	-3	0.06	0.06	0	
27/10/2011 16:04:03	TASTEGGIO	1	0	9800	60875	146543	220	-3	0.05	0.08	-82000	
27/10/2011 16:04:29	TASTEGGIO	1	0	9800	60875	228503	222	-11	0.03	0.03	0	
27/10/2011 16:04:41	TASTEGGIO	1	0	9800	60875	146660	222	-11	0.12	0.12	0	
27/10/2011 16:05:05	TASTEGGIO	1	0	9800	60875	146663	227	-28	0.15	0.15	0	
27/10/2011 16:05:27	TASTEGGIO	0	1	9800	60875	146663	208	-11	0.05	0.05	0	
27/10/2011 16:05:36	TASTEGGIO	0	1	9800	60875	146645	208	-11	0.05	0.11	24500	
27/10/2011 16:06:01	TASTEGGIO	1	0	9800	60875	122168	225	-19	0.09	0.09	0	
27/10/2011 16:06:23	TASTEGGIO	0	1	9800	60875	122166	217	-18	0.10	0.10	0	
27/10/2011 16:06:45	TASTEGGIO	0	1	9800	60875	122162	205	-9	0.01	0.01	0	
27/10/2011 16:06:56	TASTEGGIO	0	1	9800	60875	146552	205	-9	0.03	0.06	82800	
27/10/2011 16:08:42	TASTEGGIO	0	1	9800	60875	146658	205	-9	0.13	0.16	-82000	
27/10/2011 16:09:10	TASTEGGIO	1	0	9800	60875	228619	232	-23	0.29	0.29	0	
27/10/2011 16:09:30	TASTEGGIO	0	1	9800	60875	228624	179	-4	0.25	0.25	0	
27/10/2011 16:09:52	TASTEGGIO	0	2	9800	60875	228624	222	-8	0.17	0.17	0	
27/10/2011 16:10:13	TASTEGGIO	0	3	9800	60875	228623	242	-9	0.08	0.08	0	
27/10/2011 16:10:25	TASTEGGIO	0	3	9800	60875	146667	242	-9	0.08	0.10	44500	
27/10/2011 16:10:52	TASTEGGIO	1	0	9800	60875	102196	224	-14	0.04	0.04	0	
27/10/2011 16:11:03	TASTEGGIO	1	0	9800	60875	146545	224	-14	0.04	0.13	-82000	
27/10/2011 16:11:31	TASTEGGIO	1	0	9800	60875	228504	228	-6	0.10	0.10	0	
27/10/2011 16:11:52	TASTEGGIO	0	1	9800	60875	228506	235	-8	0.05	0.05	0	
27/10/2011 16:12:04	TASTEGGIO	0	1	9800	60875	146659	235	-8	0.08	0.08	0	
27/10/2011 16:12:29	TASTEGGIO	1	0	9800	60875	146663	222	-32	0.23	0.23	0	
27/10/2011 16:12:51	TASTEGGIO	0	1	9800	60875	146663	155	-6	0.17	0.17	0	
27/10/2011 16:13:12	TASTEGGIO	0	2	9800	60875	146662	172	-4	0.12	0.12	0	
27/10/2011 16:13:33	TASTEGGIO	0	3	9800	60875	146661	186	-6	0.06	0.06	0	
27/10/2011 16:13:42	TASTEGGIO	0	3	9800	60875	146634	186	-6	0.06	0.09	-82000	
27/10/2011 16:14:08	TASTEGGIO	1	0	9800	60875	228605	223	-1	0.08	0.08	0	
27/10/2011 16:14:29	TASTEGGIO	0	1	9800	60875	228605	230	-1	0.07	0.07	0	
27/10/2011 16:14:52	TASTEGGIO	0	2	9800	60875	228605	242	-2	0.07	0.07	0	
27/10/2011 16:15:13	TASTEGGIO	0	3	9800	60875	228605	263	-6	0.01	0.01	0	
27/10/2011 16:15:24	TASTEGGIO	0	3	9800	60875	146677	263	-6	0.02	0.04	82800	
27/10/2011 16:17:10	TASTEGGIO	0	3	9800	60875	146655	263	-6	0.29	0.29	0	
27/10/2011 16:17:35	TASTEGGIO	1	0	9800	60875	146661	249	-36	0.07	0.07	0	
27/10/2011 16:17:43	TASTEGGIO	1	0	9800	60875	146644	249	-36	0.07	0.10	82800	
27/10/2011 16:18:10	TASTEGGIO	1	0	9800	60875	63872	224	-3	0.06	0.06	0	
27/10/2011 16:18:22	TASTEGGIO	1	0	9800	60875	146560	224	-3	0.07	0.07	0	
27/10/2011 16:18:47	TASTEGGIO	1	0	9800	60875	146553	220	-35	0.27	0.27	0	
27/10/2011 16:19:08	TASTEGGIO	0	1	9800	60875	146553	115	-1	0.25	0.25	0	
27/10/2011 16:19:30	TASTEGGIO	0	2	9800	60875	146553	161	-2	0.22	0.22	0	
27/10/2011 16:19:52	TASTEGGIO	0	3	9800	60875	146553	219	-12	0.11	0.11	0	
27/10/2011 16:20:14	TASTEGGIO	0	0	9800	60875	146553	225	-5	0.07	0.07	0	
27/10/2011 16:20:36	TASTEGGIO	0	1	9800	60875	146555	229	-4	0.03	0.03	0	
27/10/2011 16:20:45	TASTEGGIO	0	1	9800	60875	146557	229	-4	0.03	0.08	24500	
27/10/2011 16:21:11	TASTEGGIO	1	0	9800	60875	122087	222	-27	0.18	0.18	0	
27/10/2011 16:21:32	TASTEGGIO	0	1	9800	60875	122084	181	-8	0.10	0.10	0	
27/10/2011 16:21:54	TASTEGGIO	0	2	9800	60875	122079	188	-4	0.06	0.06	0	
27/10/2011 16:22:04	TASTEGGIO	0	2	9800	60875	146531	188	-4	0.12	0.12	0	
27/10/2011 16:22:29	TASTEGGIO	1	0	9800	60875	146524	227	-26	0.14	0.14	0	
27/10/2011 16:22:52	TASTEGGIO	0	1	9800	60875	146524	210	-9	0.06	0.06	0	
27/10/2011 16:23:00	TASTEGGIO	0	1	9800	60875	146529	210	-9	0.06	0.10	24500	
27/10/2011 16:23:26	TASTEGGIO	1	0	9800	60875	122059	224	-9	0.03	0.03	0	
27/10/2011 16:23:36	TASTEGGIO	1	0	9800	60875	146534	224	-9	0.02	0.06	82800	
27/10/2011 16:25:23	TASTEGGIO	1	0	9800	60875	146661	224	-9	0.57	0.85	82800	
27/10/2011 16:25:50	TASTEGGIO	1	0	9800	60875	63889	321	-8	0.78	0.78	0	
27/10/2011 16:26:12	TASTEGGIO	0	1	9800	60875	63889	392	-23	0.54	0.54	0	
27/10/2011 16:26:35	TASTEGGIO	0	2	9800	60875	63888	400	-15	0.40	0.40	0	
27/10/2011 16:26:57	TASTEGGIO	0	3	9800	60875	63885	400	-10	0.30	0.30	0	
27/10/2011 16:27:21	TASTEGGIO	0	4	9800	60875	63882	400	-4	0.27	0.27	0	
27/10/2011 16:27:45	TASTEGGIO	0	5	9800	60875	63882	400	-2	0.24	0.24	0	
27/10/2011 16:28:09	TASTEGGIO	0	6	9800	60875	63882	400	-2	0.22	0.22	0	
27/10/2011 16:28:32	TASTEGGIO	0	7	9800	60875	63882	400	-2	0.21	0.21	0	
27/10/2011 16:28:56	TASTEGGIO	0	8	9800	60875	63882	400	-6	0.18	0.18	0	
27/10/2011 16:29:18	TASTEGGIO	0	9	9800	60875	63882	400	-10	0.10	0.10	0	
27/10/2011 16:29:30	TASTEGGIO	0	9	9800	60875	146543	400	-10	0.23	0.25	24500	
27/10/2011 16:29:57	TASTEGGIO	1	0	9800	60875	122073	243	-25	0.05	0.05	0	
27/10/2011 16:30:07	TASTEGGIO	1	0	9800	60875	146544	243	-25	0.07	0.15	-82000	
27/10/2011 16:30:34	TASTEGGIO	1	0	9800	60875	228499	231	-13	0.06	0.06	0	
27/10/2011 16:30:46	TASTEGGIO	1	0	9800	60875	146657	231	-13	0.15	0.15	0	
27/10/2011 16:31:11	TASTEGGIO	1	0	9800	60875	146660	231	-29	0.14	0.14	0	
27/10/2011 16:31:20	TASTEGGIO	1	0	9800	60875	146649	231	-29	0.14	0.22	44500	
27/10/2011 16:31:46	TASTEGGIO	1	0	9800	60875	102179	240	-17	0.07	0.07	0	
27/10/2011 16:31:58	TASTEGGIO	1	0	9800	60875	146546	240	-17	0.09	0.13	82800	
27/10/2011 16:32:24	TASTEGGIO	1	0	9800	60875	63771	228	0	0.12	0.12	0	
27/10/2011 16:32:44	TASTEGGIO	0	1	9800	60875	63771	239	0	0.12	0.12	0	
27/10/2011 16:33:07	TASTEGGIO	0	2	9800	60875	63769	263	0	0.11	0.11	0	
27/10/2011 16:33:30	TASTEGGIO	0	3	9800	60875	63767	293	-3	0.08	0.08	0	
27/10/2011 16:33:51	TASTEGGIO	0	4	9800	60875	63765	304	0	0.09	0.09	0	
27/10/2011 16:34:13	TASTEGGIO	0	5	9800	60875	63846	354	-5	0.05	0.05	0	
27/10/2011 16:34:25	TASTEGGIO	0	5	9800	60875	146570	354	-5	0.12	0.14	24500	
27/10/2011 16:34:52	TASTEGGIO	1	0	9800	60875	122098	229	-4	0.11	0.11	0	
27/10/2011 16:35:15	TASTEGGIO	0	1	9800	60875	122095	237	-4	0.07	0.07	0	
27/10/2011 16:35:37	TASTEGGIO	0	2	9800	60875	122094	243	-15	0.09	0.09	0	
27/10/2011 16:36:00	TASTEGGIO	0	1	9800	60875	122093	231	-21	0.13	0.13	0	
27/10/2011 16:36:22	TASTEGGIO	0	1	9800	60875	122093	212	-7	0.06	0.06	0	
27/10/2011 16:36:33	TASTEGGIO	0	1	9800	60875	146548	212	-7	0.05	0.09	-82000	
27/10/2011 16:36:59	TASTEGGIO	1	0	9800	60875	228511	223	-3	0.07	0.07	0	
27/10/2011 16:37:19	TASTEGGIO	0	1	9800	60875	228512	228	-2	0.05	0.05	0	
27/10/2011 16:37:31	TASTEGGIO	0	1	9800	60875	146664	228	-2	0.02	0.06	82800	
27/10/2011 16:38:26	ALARM 17	proc 12 prog 10 step 47	LavoroTerminato
27/10/2011 16:41:35	ALARM 406		
28/10/2011 07:31:13	ALARM 401		
28/10/2011 07:31:15	INIT OK
28/10/2011 07:34:46	ALARM 318	proc 6 prog 26 step 40	go_abs inv_ax 3
28/10/2011 07:44:01	TASTEGGIO	0	0	9800	60875	146564	0	0	0.67	0.97	-44500	
28/10/2011 07:44:27	TASTEGGIO	1	0	9800	60875	191053	336	-63	0.41	0.41	0	
28/10/2011 07:44:48	TASTEGGIO	0	0	9800	60875	191053	264	-17	0.24	0.24	0	
28/10/2011 07:45:11	TASTEGGIO	0	1	9800	60875	191053	278	-13	0.12	0.12	0	
28/10/2011 07:45:22	TASTEGGIO	0	1	9800	60875	146574	278	-13	0.05	0.39	-82000	
28/10/2011 07:45:49	TASTEGGIO	1	0	9800	60875	228526	261	-22	0.18	0.18	0	
28/10/2011 07:46:09	TASTEGGIO	0	0	9800	60875	228532	234	-8	0.09	0.09	0	
28/10/2011 07:46:21	TASTEGGIO	0	0	9800	60875	146561	234	-8	0.23	0.25	44500	
28/10/2011 07:46:47	TASTEGGIO	1	0	9800	60875	102092	243	-16	0.11	0.11	0	
28/10/2011 07:46:58	TASTEGGIO	1	0	9800	60875	146451	243	-16	0.12	0.16	-82000	
28/10/2011 07:47:25	TASTEGGIO	1	0	9800	60875	228402	232	-2	0.13	0.13	0	
28/10/2011 07:47:37	TASTEGGIO	1	0	9800	60875	146562	232	-2	0.12	0.13	-82000	
28/10/2011 07:48:03	TASTEGGIO	1	0	9800	60875	228530	228	-3	0.11	0.11	0	
28/10/2011 07:48:24	TASTEGGIO	0	1	9800	60875	228534	237	-1	0.06	0.06	0	
28/10/2011 07:48:36	TASTEGGIO	0	1	9800	60875	146598	237	-1	0.14	0.15	24500	
28/10/2011 07:49:03	TASTEGGIO	1	0	9800	60875	122128	231	-22	0.10	0.10	0	
28/10/2011 07:49:13	TASTEGGIO	1	0	9800	60875	146469	231	-22	0.09	0.18	-82000	
28/10/2011 07:49:40	TASTEGGIO	1	0	9800	60875	228424	234	0	0.17	0.17	0	
28/10/2011 07:50:01	TASTEGGIO	0	1	9800	60875	228432	250	-2	0.16	0.16	0	
28/10/2011 07:50:22	TASTEGGIO	0	2	9800	60875	228435	280	-9	0.06	0.06	0	
28/10/2011 07:50:34	TASTEGGIO	0	2	9800	60875	146607	280	-9	0.08	0.08	0	
28/10/2011 07:50:58	TASTEGGIO	1	0	9800	60875	146611	222	-31	0.22	0.22	0	
28/10/2011 07:51:19	TASTEGGIO	0	1	9800	60875	146611	161	-7	0.15	0.15	0	
28/10/2011 07:51:40	TASTEGGIO	0	2	9800	60875	146611	175	-5	0.10	0.10	0	
28/10/2011 07:52:02	TASTEGGIO	0	3	9800	60875	146611	186	-5	0.05	0.05	0	
28/10/2011 07:52:10	TASTEGGIO	0	3	9800	60875	146584	186	-5	0.05	0.12	-82000	
28/10/2011 07:52:36	TASTEGGIO	1	0	9800	60875	228542	227	-2	0.10	0.10	0	
28/10/2011 07:52:57	TASTEGGIO	0	1	9800	60875	228553	235	-3	0.06	0.06	0	
28/10/2011 07:53:09	TASTEGGIO	0	1	9800	60875	146604	235	-3	0.04	0.08	-82000	
28/10/2011 07:53:35	TASTEGGIO	1	0	9800	60875	228568	222	0	0.06	0.06	0	
28/10/2011 07:53:47	TASTEGGIO	1	0	9800	60875	146588	222	0	0.04	0.07	-82000	
28/10/2011 07:54:14	TASTEGGIO	1	0	9800	60875	228554	220	0	0.06	0.06	0	
28/10/2011 07:54:26	TASTEGGIO	1	0	9800	60875	146581	220	0	0.04	0.07	-82000	
28/10/2011 07:54:52	TASTEGGIO	1	0	9800	60875	228548	220	0	0.06	0.06	0	
28/10/2011 07:55:04	TASTEGGIO	1	0	9800	60875	146574	220	0	0.04	0.08	-82000	
28/10/2011 07:55:30	TASTEGGIO	1	0	9800	60875	228542	222	-1	0.06	0.06	0	
28/10/2011 07:55:42	TASTEGGIO	1	0	9800	60875	146569	222	-1	0.04	0.07	-82000	
28/10/2011 07:56:09	TASTEGGIO	1	0	9800	60875	228539	220	0	0.06	0.06	0	
28/10/2011 07:56:21	TASTEGGIO	1	0	9800	60875	146569	220	0	0.04	0.07	-82000	
28/10/2011 07:56:47	TASTEGGIO	1	0	9800	60875	228538	220	0	0.06	0.06	0	
28/10/2011 07:56:59	TASTEGGIO	1	0	9800	60875	146571	220	0	0.05	0.06	-82000	
28/10/2011 07:58:44	TASTEGGIO	1	0	9800	60875	146554	220	0	0.08	0.28	82800	
28/10/2011 07:59:11	TASTEGGIO	1	0	9800	60875	63789	247	-4	0.25	0.25	0	
28/10/2011 07:59:32	TASTEGGIO	0	1	9800	60875	63789	269	-5	0.21	0.21	0	
28/10/2011 07:59:55	TASTEGGIO	0	2	9800	60875	63789	304	-11	0.10	0.10	0	
28/10/2011 08:00:07	TASTEGGIO	0	2	9800	60875	146446	304	-11	0.08	0.17	-82000	
28/10/2011 08:00:34	TASTEGGIO	1	0	9800	60875	228396	233	-18	0.07	0.07	0	
28/10/2011 08:00:46	TASTEGGIO	1	0	9800	60875	146543	233	-18	0.07	0.08	82800	
28/10/2011 08:01:12	TASTEGGIO	1	0	9800	60875	63780	222	0	0.08	0.08	0	
28/10/2011 08:01:32	TASTEGGIO	0	1	9800	60875	63780	230	0	0.08	0.08	0	
28/10/2011 08:01:55	TASTEGGIO	0	2	9800	60875	63780	246	0	0.08	0.08	0	
28/10/2011 08:02:15	TASTEGGIO	0	3	9800	60875	63779	270	0	0.08	0.08	0	
28/10/2011 08:02:39	TASTEGGIO	0	4	9800	60875	63778	302	-4	0.04	0.04	0	
28/10/2011 08:02:51	TASTEGGIO	0	4	9800	60875	146436	302	-4	0.09	0.09	0	
28/10/2011 08:03:16	TASTEGGIO	1	0	9800	60875	146431	223	-34	0.25	0.25	0	
28/10/2011 08:03:38	TASTEGGIO	0	1	9800	60875	146431	153	-5	0.20	0.20	0	
28/10/2011 08:04:01	TASTEGGIO	0	2	9800	60875	146430	175	-5	0.17	0.17	0	
28/10/2011 08:04:22	TASTEGGIO	0	3	9800	60875	146430	218	-18	0.03	0.03	0	
28/10/2011 08:04:31	TASTEGGIO	0	3	9800	60875	146438	218	-18	0.02	0.07	82800	
28/10/2011 08:04:57	TASTEGGIO	1	0	9800	60875	63670	220	0	0.07	0.07	0	
28/10/2011 08:05:17	TASTEGGIO	0	1	9800	60875	63670	227	0	0.07	0.07	0	
28/10/2011 08:05:38	TASTEGGIO	0	2	9800	60875	63670	241	0	0.05	0.05	0	
28/10/2011 08:05:50	TASTEGGIO	0	2	9800	60875	146446	241	0	0.03	0.06	82800	
28/10/2011 08:07:37	TASTEGGIO	0	2	9800	60875	146560	241	0	0.12	0.21	82800	
28/10/2011 08:08:04	TASTEGGIO	1	0	9800	60875	63794	238	-4	0.18	0.18	0	
28/10/2011 08:08:24	TASTEGGIO	0	1	9800	60875	63795	253	-3	0.16	0.16	0	
28/10/2011 08:08:46	TASTEGGIO	0	2	9800	60875	63794	281	-6	0.10	0.10	0	
28/10/2011 08:08:58	TASTEGGIO	0	2	9800	60875	146443	281	-6	0.12	0.17	-82000	
28/10/2011 08:09:25	TASTEGGIO	1	0	9800	60875	228406	233	-16	0.09	0.09	0	
28/10/2011 08:09:38	TASTEGGIO	1	0	9800	60875	146559	233	-16	0.06	0.15	44500	
28/10/2011 08:10:03	TASTEGGIO	1	0	9800	60875	102094	231	-16	0.05	0.05	0	
28/10/2011 08:10:14	TASTEGGIO	1	0	9800	60875	146441	231	-16	0.09	0.09	0	
28/10/2011 08:10:39	TASTEGGIO	1	0	9800	60875	146435	223	-31	0.21	0.21	0	
28/10/2011 08:11:01	TASTEGGIO	0	1	9800	60875	146435	174	-9	0.12	0.12	0	
28/10/2011 08:11:23	TASTEGGIO	0	2	9800	60875	146435	183	-6	0.06	0.06	0	
28/10/2011 08:11:31	TASTEGGIO	0	2	9800	60875	146438	183	-6	0.06	0.08	24500	
28/10/2011 08:11:57	TASTEGGIO	1	0	9800	60875	121974	222	-21	0.14	0.14	0	
28/10/2011 08:12:19	TASTEGGIO	0	1	9800	60875	121973	197	-11	0.03	0.03	0	
28/10/2011 08:12:30	TASTEGGIO	0	1	9800	60875	146432	197	-11	0.03	0.09	-82000	
28/10/2011 08:12:56	TASTEGGIO	1	0	9800	60875	228396	223	-9	0.02	0.02	0	
28/10/2011 08:13:09	TASTEGGIO	1	0	9800	60875	146553	223	-9	0.05	0.07	82800	
28/10/2011 08:13:36	TASTEGGIO	1	0	9800	60875	63789	220	-1	0.07	0.07	0	
28/10/2011 08:13:56	TASTEGGIO	0	1	9800	60875	63789	227	0	0.07	0.07	0	
28/10/2011 08:14:18	TASTEGGIO	0	2	9800	60875	63789	241	0	0.07	0.07	0	
28/10/2011 08:14:39	TASTEGGIO	0	3	9800	60875	63789	262	-2	0.05	0.05	0	
28/10/2011 08:14:51	TASTEGGIO	0	3	9800	60875	146439	262	-2	0.04	0.06	82800	
28/10/2011 08:16:38	TASTEGGIO	0	3	9800	60875	146672	262	-2	0.29	0.29	0	
28/10/2011 08:17:03	TASTEGGIO	1	0	9800	60875	146687	249	-37	0.07	0.07	0	
28/10/2011 08:17:12	TASTEGGIO	1	0	9800	60875	146668	249	-37	0.06	0.25	82800	
28/10/2011 08:17:39	TASTEGGIO	1	0	9800	60875	63897	243	-4	0.23	0.23	0	
28/10/2011 08:18:00	TASTEGGIO	0	1	9800	60875	63897	264	-4	0.19	0.19	0	
28/10/2011 08:18:21	TASTEGGIO	0	2	9800	60875	63895	295	-9	0.10	0.10	0	
28/10/2011 08:18:33	TASTEGGIO	0	2	9800	60875	146549	295	-9	0.08	0.11	82800	
28/10/2011 08:18:59	TASTEGGIO	1	0	9800	60875	63785	225	0	0.10	0.10	0	
28/10/2011 08:19:19	TASTEGGIO	0	1	9800	60875	63785	234	0	0.10	0.10	0	
28/10/2011 08:19:41	TASTEGGIO	0	2	9800	60875	63785	254	0	0.10	0.10	0	
28/10/2011 08:20:03	TASTEGGIO	0	3	9800	60875	63782	284	-2	0.08	0.08	0	
28/10/2011 08:20:25	TASTEGGIO	0	4	9800	60875	63782	296	-8	0.04	0.04	0	
28/10/2011 08:20:37	TASTEGGIO	0	4	9800	60875	146537	296	-8	0.11	0.11	0	
28/10/2011 08:21:02	TASTEGGIO	1	0	9800	60875	146530	225	-32	0.20	0.20	0	
28/10/2011 08:21:25	TASTEGGIO	0	1	9800	60875	146530	188	-11	0.10	0.10	0	
28/10/2011 08:21:48	TASTEGGIO	0	0	9800	60875	146530	224	-16	0.05	0.05	0	
28/10/2011 08:21:57	TASTEGGIO	0	0	9800	60875	146537	224	-16	0.05	0.06	82800	
28/10/2011 08:23:43	TASTEGGIO	0	0	9800	60875	146564	224	-16	0.28	0.28	0	
28/10/2011 08:24:09	TASTEGGIO	1	0	9800	60875	146571	247	-34	0.10	0.10	0	
28/10/2011 08:24:17	TASTEGGIO	1	0	9800	60875	146553	247	-34	0.08	0.11	-82000	
28/10/2011 08:24:44	TASTEGGIO	1	0	9800	60875	228502	225	-12	0.06	0.06	0	
28/10/2011 08:24:56	TASTEGGIO	1	0	9800	60875	146580	225	-12	0.17	0.17	0	
28/10/2011 08:25:22	TASTEGGIO	1	0	9800	60875	146585	233	-33	0.17	0.17	0	
28/10/2011 08:25:44	TASTEGGIO	0	1	9800	60875	146585	216	-16	0.05	0.05	0	
28/10/2011 08:25:53	TASTEGGIO	0	1	9800	60875	146562	216	-16	0.05	0.11	82800	
28/10/2011 08:26:19	TASTEGGIO	1	0	9800	60875	63796	225	-3	0.08	0.08	0	
28/10/2011 08:26:40	TASTEGGIO	0	1	9800	60875	63796	230	-1	0.07	0.07	0	
28/10/2011 08:27:02	TASTEGGIO	0	2	9800	60875	63796	242	-1	0.06	0.06	0	
28/10/2011 08:27:14	TASTEGGIO	0	2	9800	60875	146438	242	-1	0.01	0.07	-82000	
28/10/2011 08:27:40	TASTEGGIO	1	0	9800	60875	228397	220	-3	0.05	0.05	0	
28/10/2011 08:27:53	TASTEGGIO	1	0	9800	60875	146556	220	-3	0.00	0.05	82800	
28/10/2011 08:29:39	TASTEGGIO	1	0	9800	60875	146669	220	-3	0.16	0.38	82800	
28/10/2011 08:30:06	TASTEGGIO	1	0	9800	60875	63896	260	-5	0.36	0.36	0	
28/10/2011 08:30:27	TASTEGGIO	0	1	9800	60875	63896	294	-6	0.29	0.29	0	
28/10/2011 08:30:48	TASTEGGIO	0	2	9800	60875	63896	340	-18	0.11	0.11	0	
28/10/2011 08:31:00	TASTEGGIO	0	2	9800	60875	146546	340	-18	0.07	0.12	82800	
28/10/2011 08:31:27	TASTEGGIO	1	0	9800	60875	63781	227	0	0.13	0.13	0	
28/10/2011 08:31:49	TASTEGGIO	0	1	9800	60875	63781	241	0	0.11	0.11	0	
28/10/2011 08:32:10	TASTEGGIO	0	2	9800	60875	63781	259	0	0.12	0.12	0	
28/10/2011 08:32:33	TASTEGGIO	0	3	9800	60875	63781	298	-1	0.10	0.10	0	
28/10/2011 08:32:54	TASTEGGIO	0	4	9800	60875	63781	331	-5	0.06	0.06	0	
28/10/2011 08:33:07	TASTEGGIO	0	4	9800	60875	146536	331	-5	0.08	0.10	-82000	
28/10/2011 08:33:33	TASTEGGIO	1	0	9800	60875	228500	224	-14	0.03	0.03	0	
28/10/2011 08:33:45	TASTEGGIO	1	0	9800	60875	146651	224	-14	0.12	0.12	0	
28/10/2011 08:34:11	TASTEGGIO	1	0	9800	60875	146657	227	-30	0.16	0.16	0	
28/10/2011 08:34:33	TASTEGGIO	0	1	9800	60875	146657	205	-19	0.02	0.02	0	
28/10/2011 08:34:41	TASTEGGIO	0	1	9800	60875	146640	205	-19	0.02	0.08	82800	
28/10/2011 08:35:08	TASTEGGIO	1	0	9800	60875	63882	222	-1	0.09	0.09	0	
28/10/2011 08:35:28	TASTEGGIO	0	1	9800	60875	63878	232	0	0.08	0.08	0	
28/10/2011 08:35:50	TASTEGGIO	0	2	9800	60875	63874	246	0	0.08	0.08	0	
28/10/2011 08:36:11	TASTEGGIO	0	3	9800	60875	63873	270	0	0.08	0.08	0	
28/10/2011 08:36:34	TASTEGGIO	0	4	9800	60875	63873	302	-1	0.07	0.07	0	
28/10/2011 08:36:56	TASTEGGIO	0	5	9800	60875	63960	332	-2	0.05	0.05	0	
28/10/2011 08:37:08	TASTEGGIO	0	5	9800	60875	146555	332	-2	0.04	0.05	82800	
28/10/2011 08:38:55	TASTEGGIO	0	5	9800	60875	146566	332	-2	0.11	0.24	-82000	
28/10/2011 08:39:22	TASTEGGIO	1	0	9800	60875	228530	242	-17	0.11	0.11	0	
28/10/2011 08:39:34	TASTEGGIO	1	0	9800	60875	146561	242	-17	0.17	0.17	0	
28/10/2011 08:40:00	TASTEGGIO	1	0	9800	60875	146568	233	-28	0.10	0.10	0	
28/10/2011 08:40:08	TASTEGGIO	1	0	9800	60875	146556	233	-28	0.10	0.15	82800	
28/10/2011 08:40:35	TASTEGGIO	1	0	9800	60875	63791	231	-3	0.12	0.12	0	
28/10/2011 08:40:47	TASTEGGIO	1	0	9800	60875	146437	231	-3	0.11	0.17	-82000	
28/10/2011 08:41:13	TASTEGGIO	1	0	9800	60875	228399	233	-21	0.31	0.31	0	
28/10/2011 08:41:32	TASTEGGIO	0	1	9800	60875	228400	176	-2	0.31	0.31	0	
28/10/2011 08:41:55	TASTEGGIO	0	2	9800	60875	228401	238	-5	0.26	0.26	0	
28/10/2011 08:42:18	TASTEGGIO	0	3	9800	60875	228401	303	-22	0.05	0.05	0	
28/10/2011 08:42:30	TASTEGGIO	0	3	9800	60875	146566	303	-22	0.07	0.12	82800	
28/10/2011 08:42:57	TASTEGGIO	1	0	9800	60875	63800	227	-1	0.13	0.13	0	
28/10/2011 08:43:18	TASTEGGIO	0	1	9800	60875	63800	241	-1	0.12	0.12	0	
28/10/2011 08:43:40	TASTEGGIO	0	2	9800	60875	63800	263	-3	0.09	0.09	0	
28/10/2011 08:44:01	TASTEGGIO	0	3	9800	60875	63800	274	-3	0.06	0.06	0	
28/10/2011 08:44:13	TASTEGGIO	0	3	9800	60875	146435	274	-3	0.02	0.07	-82000	
28/10/2011 08:44:40	TASTEGGIO	1	0	9800	60875	228401	220	-1	0.06	0.06	0	
28/10/2011 08:44:53	TASTEGGIO	1	0	9800	60875	146556	220	-1	0.03	0.07	82800	
28/10/2011 08:45:20	TASTEGGIO	1	0	9800	60875	63790	220	-1	0.07	0.07	0	
28/10/2011 08:45:40	TASTEGGIO	0	1	9800	60875	63791	227	0	0.07	0.07	0	
28/10/2011 08:46:01	TASTEGGIO	0	2	9800	60875	63791	241	0	0.06	0.06	0	
28/10/2011 08:46:13	TASTEGGIO	0	2	9800	60875	146439	241	0	0.03	0.06	-82000	
28/10/2011 08:48:00	TASTEGGIO	0	2	9800	60875	146567	241	0	0.10	0.24	-82000	
28/10/2011 08:48:26	TASTEGGIO	1	0	9800	60875	228530	242	-19	0.07	0.07	0	
28/10/2011 08:48:39	TASTEGGIO	1	0	9800	60875	146580	242	-19	0.11	0.20	82800	
28/10/2011 08:49:06	TASTEGGIO	1	0	9800	60875	63813	237	-4	0.17	0.17	0	
28/10/2011 08:49:26	TASTEGGIO	0	1	9800	60875	63813	251	-2	0.15	0.15	0	
28/10/2011 08:49:49	TASTEGGIO	0	2	9800	60875	63813	277	-5	0.11	0.11	0	
28/10/2011 08:50:01	TASTEGGIO	0	2	9800	60875	146440	277	-5	0.09	0.11	82800	
28/10/2011 08:50:28	TASTEGGIO	1	0	9800	60875	63672	225	0	0.10	0.10	0	
28/10/2011 08:50:48	TASTEGGIO	0	1	9800	60875	63672	234	0	0.10	0.10	0	
28/10/2011 08:51:10	TASTEGGIO	0	2	9800	60875	63672	254	0	0.10	0.10	0	
28/10/2011 08:51:32	TASTEGGIO	0	3	9800	60875	63672	284	-3	0.07	0.07	0	
28/10/2011 08:51:53	TASTEGGIO	0	4	9800	60875	63671	293	-4	0.04	0.04	0	
28/10/2011 08:52:04	TASTEGGIO	0	4	9800	60875	146435	293	-4	0.10	0.13	-82000	
28/10/2011 08:52:31	TASTEGGIO	1	0	9800	60875	228401	228	-6	0.09	0.09	0	
28/10/2011 08:52:52	TASTEGGIO	0	1	9800	60875	228401	234	-13	0.07	0.07	0	
28/10/2011 08:53:13	TASTEGGIO	0	1	9800	60875	228401	228	-16	0.10	0.10	0	
28/10/2011 08:53:34	TASTEGGIO	0	1	9800	60875	228401	213	-4	0.06	0.06	0	
28/10/2011 08:53:46	TASTEGGIO	0	1	9800	60875	146567	213	-4	0.06	0.08	-82000	
28/10/2011 08:54:13	TASTEGGIO	1	0	9800	60875	228534	222	-1	0.06	0.06	0	
28/10/2011 08:54:25	TASTEGGIO	1	0	9800	60875	146556	222	-1	0.06	0.08	24500	
28/10/2011 08:54:52	TASTEGGIO	1	0	9800	60875	122084	222	-25	0.20	0.20	0	
28/10/2011 08:55:13	TASTEGGIO	0	1	9800	60875	122083	172	-5	0.14	0.14	0	
28/10/2011 08:55:36	TASTEGGIO	0	2	9800	60875	122077	185	-3	0.11	0.11	0	
28/10/2011 08:55:57	TASTEGGIO	0	3	9800	60875	122076	199	-4	0.06	0.06	0	
28/10/2011 08:56:08	TASTEGGIO	0	3	9800	60875	146439	199	-4	0.10	0.10	0	
28/10/2011 08:56:32	TASTEGGIO	1	0	9800	60875	146432	224	-33	0.23	0.23	0	
28/10/2011 08:56:54	TASTEGGIO	0	1	9800	60875	146432	171	-9	0.13	0.13	0	
28/10/2011 08:57:17	TASTEGGIO	0	2	9800	60875	146432	181	-6	0.08	0.08	0	
28/10/2011 08:57:38	TASTEGGIO	0	3	9800	60875	146433	189	-7	0.00	0.00	0	
28/10/2011 08:57:47	TASTEGGIO	0	3	9800	60875	146438	189	-7	0.00	0.10	-82000	
28/10/2011 08:58:13	TASTEGGIO	1	0	9800	60875	228404	224	-1	0.08	0.08	0	
28/10/2011 08:58:33	TASTEGGIO	0	1	9800	60875	228403	230	-3	0.05	0.05	0	
28/10/2011 08:58:45	TASTEGGIO	0	1	9800	60875	146565	230	-3	0.02	0.07	-82000	
28/10/2011 08:59:12	TASTEGGIO	1	0	9800	60875	228530	220	-1	0.06	0.06	0	
28/10/2011 08:59:24	TASTEGGIO	1	0	9800	60875	146564	220	-1	0.02	0.07	82800	
28/10/2011 08:59:50	TASTEGGIO	1	0	9800	60875	63798	220	-2	0.06	0.06	0	
28/10/2011 09:00:02	TASTEGGIO	1	0	9800	60875	146433	220	-2	0.03	0.06	82800	
28/10/2011 09:00:58	ALARM 17	proc 12 prog 10 step 47	LavoroTerminato
28/10/2011 09:36:37	TASTEGGIO	1	0	9800	60875	146538	220	-2	0.41	0.73	-82000	
28/10/2011 09:37:05	TASTEGGIO	1	0	9800	60875	228509	305	-25	0.51	0.51	0	
28/10/2011 09:37:26	TASTEGGIO	0	1	9800	60875	228509	340	-27	0.25	0.25	0	
28/10/2011 09:37:48	TASTEGGIO	0	0	9800	60875	228508	243	0	0.25	0.25	0	
28/10/2011 09:38:09	TASTEGGIO	0	1	9800	60875	228509	268	-1	0.24	0.24	0	
28/10/2011 09:38:33	TASTEGGIO	0	2	9800	60875	228509	314	-6	0.19	0.19	0	
28/10/2011 09:38:54	TASTEGGIO	0	3	9800	60875	228509	340	-12	0.09	0.09	0	
28/10/2011 09:39:07	TASTEGGIO	0	3	9800	60875	146606	340	-12	0.14	0.22	44500	
28/10/2011 09:39:33	TASTEGGIO	1	0	9800	60875	102133	240	-12	0.13	0.13	0	
28/10/2011 09:39:44	TASTEGGIO	1	0	9800	60875	146446	240	-12	0.06	0.14	82800	
28/10/2011 09:40:10	TASTEGGIO	1	0	9800	60875	63675	229	-2	0.16	0.16	0	
28/10/2011 09:40:30	TASTEGGIO	0	1	9800	60875	63675	247	-2	0.10	0.10	0	
28/10/2011 09:40:51	TASTEGGIO	0	2	9800	60875	63671	255	-5	0.08	0.08	0	
28/10/2011 09:41:13	TASTEGGIO	0	3	9800	60875	63670	266	-6	0.04	0.04	0	
28/10/2011 09:41:25	TASTEGGIO	0	3	9800	60875	146430	266	-6	0.01	0.13	-82000	
28/10/2011 09:41:51	TASTEGGIO	1	0	9800	60875	228395	228	-2	0.12	0.12	0	
28/10/2011 09:42:11	TASTEGGIO	0	1	9800	60875	228395	239	0	0.11	0.11	0	
28/10/2011 09:42:34	TASTEGGIO	0	2	9800	60875	228395	259	-2	0.09	0.09	0	
28/10/2011 09:42:55	TASTEGGIO	0	3	9800	60875	228395	281	-1	0.09	0.09	0	
28/10/2011 09:43:18	TASTEGGIO	0	4	9800	60875	228395	317	-12	0.06	0.06	0	
28/10/2011 09:43:31	TASTEGGIO	0	4	9800	60875	146561	317	-12	0.13	0.15	24500	
28/10/2011 09:43:57	TASTEGGIO	1	0	9800	60875	122088	231	-20	0.09	0.09	0	
28/10/2011 09:44:07	TASTEGGIO	1	0	9800	60875	146445	231	-20	0.06	0.11	44500	
28/10/2011 09:44:33	TASTEGGIO	1	0	9800	60875	101976	225	-14	0.04	0.04	0	
28/10/2011 09:44:44	TASTEGGIO	1	0	9800	60875	146434	225	-14	0.07	0.07	0	
28/10/2011 09:45:09	TASTEGGIO	1	0	9800	60875	146428	220	-25	0.18	0.18	0	
28/10/2011 09:45:30	TASTEGGIO	0	1	9800	60875	146428	173	-9	0.08	0.08	0	
28/10/2011 09:45:51	TASTEGGIO	0	0	9800	60875	146428	222	-21	0.11	0.11	0	
28/10/2011 09:46:13	TASTEGGIO	0	1	9800	60875	146428	206	-6	0.05	0.05	0	
28/10/2011 09:46:21	TASTEGGIO	0	1	9800	60875	146432	206	-6	0.05	0.06	-82000	
28/10/2011 09:48:06	TASTEGGIO	0	1	9800	60875	146565	206	-6	0.01	0.12	82800	
28/10/2011 09:48:32	TASTEGGIO	1	0	9800	60875	63798	227	-4	0.09	0.09	0	
28/10/2011 09:48:53	TASTEGGIO	0	1	9800	60875	63798	233	-2	0.07	0.07	0	
28/10/2011 09:49:14	TASTEGGIO	0	2	9800	60875	63797	240	-2	0.06	0.06	0	
28/10/2011 09:49:26	TASTEGGIO	0	2	9800	60875	146438	240	-2	0.03	0.06	82800	
28/10/2011 09:51:13	TASTEGGIO	0	2	9800	60875	146562	240	-2	0.09	0.30	82800	
28/10/2011 09:51:40	TASTEGGIO	1	0	9800	60875	63794	250	-5	0.29	0.29	0	
28/10/2011 09:52:01	TASTEGGIO	0	1	9800	60875	63794	278	-5	0.24	0.24	0	
28/10/2011 09:52:22	TASTEGGIO	0	2	9800	60875	63792	317	-12	0.13	0.13	0	
28/10/2011 09:52:35	TASTEGGIO	0	2	9800	60875	146533	317	-12	0.06	0.14	82800	
28/10/2011 09:53:01	TASTEGGIO	1	0	9800	60875	63768	229	-1	0.14	0.14	0	
28/10/2011 09:53:21	TASTEGGIO	0	1	9800	60875	63766	243	0	0.14	0.14	0	
28/10/2011 09:53:42	TASTEGGIO	0	2	9800	60875	63764	271	0	0.14	0.14	0	
28/10/2011 09:54:06	TASTEGGIO	0	3	9800	60875	63762	313	-4	0.11	0.11	0	
28/10/2011 09:54:27	TASTEGGIO	0	4	9800	60875	63761	330	-7	0.06	0.06	0	
28/10/2011 09:54:39	TASTEGGIO	0	4	9800	60875	146532	330	-7	0.12	0.12	0	
28/10/2011 09:55:05	TASTEGGIO	1	0	9800	60875	146526	227	-32	0.22	0.22	0	
28/10/2011 09:55:27	TASTEGGIO	0	1	9800	60875	146526	186	-11	0.10	0.10	0	
28/10/2011 09:55:49	TASTEGGIO	0	0	9800	60875	146526	224	-19	0.08	0.08	0	
28/10/2011 09:56:11	TASTEGGIO	0	1	9800	60875	146526	217	-9	0.01	0.01	0	
28/10/2011 09:56:19	TASTEGGIO	0	1	9800	60875	146531	217	-9	0.01	0.09	82800	
28/10/2011 09:56:47	TASTEGGIO	1	0	9800	60875	63777	223	0	0.09	0.09	0	
28/10/2011 09:57:07	TASTEGGIO	0	1	9800	60875	63769	232	0	0.09	0.09	0	
28/10/2011 09:57:29	TASTEGGIO	0	2	9800	60875	63768	250	0	0.10	0.10	0	
28/10/2011 09:57:51	TASTEGGIO	0	3	9800	60875	63767	283	-1	0.09	0.09	0	
28/10/2011 09:58:12	TASTEGGIO	0	4	9800	60875	63767	315	-3	0.06	0.06	0	
28/10/2011 09:58:24	TASTEGGIO	0	4	9800	60875	146545	315	-3	0.03	0.06	82800	
28/10/2011 10:00:11	TASTEGGIO	0	4	9800	60875	146554	315	-3	0.24	0.24	0	
28/10/2011 10:00:36	TASTEGGIO	1	0	9800	60875	146563	242	-31	0.05	0.05	0	
28/10/2011 10:00:44	TASTEGGIO	1	0	9800	60875	146547	242	-31	0.05	0.11	82800	
28/10/2011 10:01:10	TASTEGGIO	1	0	9800	60875	63779	225	-2	0.07	0.07	0	
28/10/2011 10:01:31	TASTEGGIO	0	1	9800	60875	63779	229	-2	0.05	0.05	0	
28/10/2011 10:01:43	TASTEGGIO	0	1	9800	60875	146450	229	-2	0.10	0.10	0	
28/10/2011 10:02:08	TASTEGGIO	1	0	9800	60875	146445	224	-32	0.23	0.23	0	
28/10/2011 10:02:30	TASTEGGIO	0	1	9800	60875	146445	171	-4	0.19	0.19	0	
28/10/2011 10:02:54	TASTEGGIO	0	2	9800	60875	146445	202	-4	0.16	0.16	0	
28/10/2011 10:03:16	TASTEGGIO	0	3	9800	60875	146445	242	-12	0.06	0.06	0	
28/10/2011 10:03:24	TASTEGGIO	0	3	9800	60875	146448	242	-12	0.06	0.16	-82000	
