08/04/2011 07:36:39	ALARM 401		
08/04/2011 07:36:43	INIT OK
08/04/2011 07:44:49	TASTEGGIO	0	0	8000	53815	126883	0	0	0.07	0.07	-44500	
08/04/2011 07:45:10	TASTEGGIO	1	0	8000	53815	171297	220	-94	0.85	0.85	0	
08/04/2011 07:45:22	TASTEGGIO	0	1	8000	53815	171306	0	-3	0.83	0.83	0	
08/04/2011 07:45:41	TASTEGGIO	0	1	8000	53815	171314	243	-61	0.26	0.26	0	
08/04/2011 07:45:59	TASTEGGIO	0	0	8000	53815	171323	245	-84	0.57	0.57	0	
08/04/2011 07:46:15	TASTEGGIO	0	1	8000	53815	171333	120	-8	0.50	0.50	0	
08/04/2011 07:46:33	TASTEGGIO	0	2	8000	53815	171336	207	-28	0.25	0.25	0	
08/04/2011 07:46:51	TASTEGGIO	0	0	8000	53815	171337	243	-69	0.45	0.45	0	
08/04/2011 07:47:08	TASTEGGIO	0	1	8000	53815	171337	162	-18	0.30	0.30	0	
08/04/2011 07:47:25	TASTEGGIO	0	2	8000	53815	171337	190	-23	0.09	0.09	0	
08/04/2011 07:47:42	TASTEGGIO	0	0	8000	53815	171337	223	-49	0.44	0.44	0	
08/04/2011 07:47:45	ALARM 401		
08/04/2011 07:47:49	ALARM 205		err.6058
08/04/2011 07:51:05	TASTEGGIO	0	0	8000	53815	126849	150	-17	0.20	0.31	-44500	
08/04/2011 07:51:25	TASTEGGIO	1	0	8000	53815	171272	136	-5	0.26	0.26	0	
08/04/2011 07:51:42	TASTEGGIO	0	1	8000	53815	171279	157	-11	0.17	0.17	0	
08/04/2011 07:51:58	TASTEGGIO	0	2	8000	53815	171286	172	-16	0.07	0.07	0	
08/04/2011 07:52:08	TASTEGGIO	0	2	8000	53815	126968	172	-16	0.16	0.18	44500	
08/04/2011 07:52:28	TASTEGGIO	1	0	8000	53815	82519	123	-13	0.18	0.18	0	
08/04/2011 07:52:45	TASTEGGIO	0	1	8000	53815	82518	159	-13	0.16	0.16	0	
08/04/2011 07:53:03	TASTEGGIO	0	2	8000	53815	82520	187	-31	0.36	0.36	0	
08/04/2011 07:53:17	TASTEGGIO	0	1	8000	53815	82515	106	-6	0.36	0.36	0	
08/04/2011 07:53:36	TASTEGGIO	0	1	8000	53815	82518	214	-8	0.29	0.29	0	
08/04/2011 07:53:54	TASTEGGIO	0	2	8000	53815	82520	260	-85	0.64	0.64	0	
08/04/2011 07:54:00	ALARM 218	proc 12 prog 85 step 18	go_abs 3 cmd 11
08/04/2011 07:54:04	ALARM 401		
08/04/2011 07:54:05	ALARM 401		
08/04/2011 07:54:06	ALARM 401		
08/04/2011 07:54:06	ALARM 401		
08/04/2011 07:54:09	ALARM 401		
08/04/2011 07:54:10	ALARM 401		
08/04/2011 07:54:11	ALARM 401		
08/04/2011 07:54:41	TASTEGGIO	0	1	8000	53815	126847	118	0	0.49	0.62	44500	
08/04/2011 07:55:02	TASTEGGIO	1	0	8000	53815	82408	158	-4	0.60	0.60	0	
08/04/2011 07:55:20	TASTEGGIO	0	1	8000	53815	82409	274	-56	0.15	0.15	0	
08/04/2011 07:55:36	TASTEGGIO	0	0	8000	53815	82404	118	-2	0.15	0.15	0	
08/04/2011 07:55:52	TASTEGGIO	0	1	8000	53815	82403	148	-2	0.16	0.16	0	
08/04/2011 07:56:11	TASTEGGIO	0	1	8000	53815	82405	199	-17	0.30	0.30	0	
08/04/2011 07:56:27	TASTEGGIO	0	1	8000	53815	82396	142	-4	0.28	0.28	0	
08/04/2011 07:56:45	TASTEGGIO	0	1	8000	53815	82396	220	-20	0.17	0.17	0	
08/04/2011 07:57:04	TASTEGGIO	0	2	8000	53815	82399	234	-57	0.60	0.60	0	
08/04/2011 07:57:16	TASTEGGIO	0	1	8000	53815	82399	22	-2	0.58	0.58	0	
08/04/2011 07:57:34	TASTEGGIO	0	1	8000	53815	82405	190	-6	0.55	0.55	0	
08/04/2011 07:57:52	TASTEGGIO	0	1	8000	53815	82405	346	-153	1.07	1.07	0	
08/04/2011 07:58:07	TASTEGGIO	0	1	8000	53815	82405	137	-12	0.96	0.96	0	
08/04/2011 07:58:25	TASTEGGIO	0	2	8000	53815	82406	309	-60	0.37	0.37	0	
08/04/2011 07:58:42	TASTEGGIO	0	0	8000	53815	82406	137	0	0.37	0.37	0	
08/04/2011 07:59:01	TASTEGGIO	0	1	8000	53815	82408	211	-2	0.36	0.36	0	
08/04/2011 07:59:19	TASTEGGIO	0	1	8000	53815	82408	316	-86	0.52	0.52	0	
08/04/2011 07:59:23	ALARM 218	proc 12 prog 73 step 17	go_abs 5 cmd 11
08/04/2011 07:59:54	TASTEGGIO	0	1	8000	53815	126856	316	-86	0.41	0.52	44500	
08/04/2011 08:00:14	TASTEGGIO	1	0	8000	53815	82424	145	-10	0.43	0.43	0	
08/04/2011 08:00:31	TASTEGGIO	0	1	8000	53815	82418	180	-9	0.37	0.37	0	
08/04/2011 08:00:50	TASTEGGIO	0	2	8000	53815	82419	243	-34	0.18	0.18	0	
08/04/2011 08:01:07	TASTEGGIO	0	0	8000	53815	82414	119	-5	0.15	0.15	0	
08/04/2011 08:01:22	TASTEGGIO	0	1	8000	53815	82407	131	-4	0.15	0.15	0	
08/04/2011 08:01:40	TASTEGGIO	0	1	8000	53815	82408	176	-4	0.16	0.16	0	
08/04/2011 08:01:58	TASTEGGIO	0	1	8000	53815	82410	227	-33	0.28	0.28	0	
08/04/2011 08:02:16	TASTEGGIO	0	1	8000	53815	82414	178	-7	0.22	0.22	0	
08/04/2011 08:02:34	TASTEGGIO	0	2	8000	53815	82415	202	-8	0.16	0.16	0	
08/04/2011 08:02:51	TASTEGGIO	0	3	8000	53815	82415	222	-15	0.18	0.18	0	
08/04/2011 08:03:10	TASTEGGIO	0	1	8000	53815	82415	323	-116	1.09	1.09	0	
08/04/2011 08:03:18	ALARM 218	proc 12 prog 11 step 67	INIT_LIMITS 5
08/04/2011 08:03:38	TASTEGGIO	0	1	8000	53815	126867	0	-8	0.79	1.02	44500	
08/04/2011 08:03:59	TASTEGGIO	1	0	8000	53815	82430	185	-7	0.94	0.94	0	
08/04/2011 08:04:18	TASTEGGIO	0	1	8000	53815	82439	357	-119	0.40	0.40	0	
08/04/2011 08:04:37	TASTEGGIO	0	1	8000	53815	82444	339	-100	0.71	0.71	0	
08/04/2011 08:04:55	TASTEGGIO	0	1	8000	53815	82437	212	-17	0.56	0.56	0	
08/04/2011 08:05:14	TASTEGGIO	0	2	8000	53815	82440	274	-38	0.29	0.29	0	
08/04/2011 08:05:33	TASTEGGIO	0	3	8000	53815	82442	300	-58	0.45	0.45	0	
08/04/2011 08:05:51	TASTEGGIO	0	1	8000	53815	82485	230	-44	0.20	0.20	0	
08/04/2011 08:06:07	TASTEGGIO	0	0	8000	53815	82485	120	-5	0.18	0.18	0	
08/04/2011 08:06:24	TASTEGGIO	0	1	8000	53815	82485	136	-2	0.17	0.17	0	
08/04/2011 08:06:41	TASTEGGIO	0	1	8000	53815	82485	184	-7	0.16	0.16	0	
08/04/2011 08:06:59	TASTEGGIO	0	1	8000	53815	82485	229	-13	0.24	0.24	0	
08/04/2011 08:07:08	ALARM 401		
08/04/2011 08:08:09	TASTEGGIO	0	1	8000	53815	126878	337	0	0.18	0.22	44500	
08/04/2011 08:08:29	TASTEGGIO	1	0	8000	53815	82436	122	-7	0.20	0.20	0	
08/04/2011 08:08:46	TASTEGGIO	0	1	8000	53815	82432	158	-4	0.17	0.17	0	
08/04/2011 08:09:04	TASTEGGIO	0	2	8000	53815	82430	186	-10	0.16	0.16	0	
08/04/2011 08:09:09	ALARM 401		
08/04/2011 08:09:12	ALARM 203		err.6059
08/04/2011 08:10:48	TASTEGGIO	0	1	8000	53815	126869	246	0	0.13	0.16	44500	
08/04/2011 08:11:09	TASTEGGIO	1	0	8000	53815	82432	116	-1	0.15	0.15	0	
08/04/2011 08:11:26	TASTEGGIO	0	1	8000	53815	82428	144	-3	0.16	0.16	0	
08/04/2011 08:11:43	TASTEGGIO	0	1	8000	53815	82427	195	-6	0.16	0.16	0	
08/04/2011 08:12:01	TASTEGGIO	0	1	8000	53815	82429	243	-30	0.38	0.38	0	
08/04/2011 08:12:18	TASTEGGIO	0	1	8000	53815	82426	152	-8	0.33	0.33	0	
08/04/2011 08:12:35	TASTEGGIO	0	2	8000	53815	82428	209	-15	0.20	0.20	0	
08/04/2011 08:12:54	TASTEGGIO	0	3	8000	53815	82429	229	-16	0.21	0.21	0	
08/04/2011 08:13:01	ALARM 401		
08/04/2011 08:13:04	ALARM 203		err.6059
08/04/2011 08:15:51	TASTEGGIO	0	1	8000	53814	126988	339	0	0.05	0.06	24500	
08/04/2011 08:16:10	TASTEGGIO	1	0	8000	53814	102542	109	-1	0.04	0.04	0	
08/04/2011 08:16:20	TASTEGGIO	1	0	8000	53814	126872	109	-1	0.04	0.04	24500	
08/04/2011 08:18:08	TASTEGGIO	1	0	8000	53814	127083	109	-1	0.13	0.14	24500	
08/04/2011 08:18:27	TASTEGGIO	1	0	8000	53814	102635	115	-1	0.13	0.13	0	
08/04/2011 08:18:43	TASTEGGIO	0	1	8000	53814	102633	139	-5	0.09	0.09	0	
08/04/2011 08:19:00	TASTEGGIO	0	2	8000	53814	102631	147	-7	0.03	0.03	0	
08/04/2011 08:19:10	TASTEGGIO	0	2	8000	53814	126970	147	-7	0.03	0.04	44500	
08/04/2011 08:19:29	TASTEGGIO	1	0	8000	53814	82534	107	-2	0.04	0.04	0	
08/04/2011 08:19:44	TASTEGGIO	0	1	8000	53814	82529	115	-1	0.02	0.02	0	
08/04/2011 08:19:55	TASTEGGIO	0	1	8000	53814	126964	115	-1	0.03	0.03	0	
08/04/2011 08:21:51	TASTEGGIO	0	1	8000	53813	126995	115	-1	0.05	0.05	24500	
08/04/2011 08:22:11	TASTEGGIO	1	0	8000	53813	102549	108	-2	0.03	0.03	0	
08/04/2011 08:22:21	TASTEGGIO	1	0	8000	53813	126882	108	-2	0.03	0.04	44500	
08/04/2011 08:22:41	TASTEGGIO	1	0	8000	53813	82450	107	-1	0.03	0.03	0	
08/04/2011 08:22:51	TASTEGGIO	1	0	8000	53813	126870	107	-1	0.03	0.03	-24500	
08/04/2011 08:24:45	TASTEGGIO	1	0	8000	53813	127081	107	-1	0.01	0.02	44500	
08/04/2011 08:26:42	TASTEGGIO	1	0	8000	53812	127084	107	-1	0.19	0.20	-24500	
08/04/2011 08:27:03	TASTEGGIO	1	0	8000	53812	151545	119	-4	0.18	0.18	0	
08/04/2011 08:27:20	TASTEGGIO	0	1	8000	53812	151547	135	-8	0.10	0.10	0	
08/04/2011 08:27:29	TASTEGGIO	0	1	8000	53812	127090	135	-8	0.11	0.11	-44500	
08/04/2011 08:27:50	TASTEGGIO	1	0	8000	53812	171521	112	-1	0.10	0.10	0	
08/04/2011 08:28:08	TASTEGGIO	0	1	8000	53812	171529	130	-5	0.05	0.05	0	
08/04/2011 08:28:23	TASTEGGIO	0	0	8000	53812	171536	108	0	0.05	0.05	0	
08/04/2011 08:28:40	TASTEGGIO	0	1	8000	53812	171544	118	0	0.05	0.05	0	
08/04/2011 08:28:56	TASTEGGIO	0	1	8000	53812	171546	133	-5	0.03	0.03	0	
08/04/2011 08:29:07	TASTEGGIO	0	1	8000	53812	127080	133	-5	0.04	0.04	0	
08/04/2011 08:29:26	TASTEGGIO	1	0	8000	53812	127092	107	-2	0.02	0.02	0	
08/04/2011 08:29:34	TASTEGGIO	1	0	8000	53812	127082	107	-2	0.02	0.04	-44500	
08/04/2011 08:31:29	TASTEGGIO	1	0	8000	53812	127080	107	-2	0.03	0.08	-44500	
08/04/2011 08:31:49	TASTEGGIO	1	0	8000	53812	171500	110	-4	0.04	0.04	0	
08/04/2011 08:32:06	TASTEGGIO	0	0	8000	53812	171509	107	-1	0.03	0.03	0	
08/04/2011 08:32:16	TASTEGGIO	0	0	8000	53812	127078	107	-1	0.02	0.05	-44500	
08/04/2011 08:32:37	TASTEGGIO	1	0	8000	53812	171505	108	-3	0.02	0.02	0	
08/04/2011 08:32:48	TASTEGGIO	1	0	8000	53812	127072	108	-3	0.02	0.03	-44500	
08/04/2011 08:34:41	TASTEGGIO	1	0	8000	53812	126982	108	-3	0.14	0.14	0	
08/04/2011 08:34:59	TASTEGGIO	1	0	8000	53812	126994	115	-2	0.12	0.12	0	
08/04/2011 08:35:16	TASTEGGIO	0	1	8000	53812	126995	125	-3	0.09	0.09	0	
08/04/2011 08:35:32	TASTEGGIO	0	2	8000	53812	126996	134	-7	0.02	0.02	0	
08/04/2011 08:35:40	TASTEGGIO	0	2	8000	53812	126978	134	-7	0.02	0.06	-44500	
08/04/2011 08:35:59	TASTEGGIO	1	0	8000	53812	171395	109	-2	0.03	0.03	0	
08/04/2011 08:36:10	TASTEGGIO	1	0	8000	53812	126981	109	-2	0.01	0.03	-44500	
08/04/2011 08:38:07	TASTEGGIO	1	0	8000	53812	126986	109	-2	0.05	0.05	0	
08/04/2011 08:38:26	TASTEGGIO	1	0	8000	53812	126999	108	-2	0.03	0.03	0	
08/04/2011 08:38:34	TASTEGGIO	1	0	8000	53812	126983	108	-2	0.03	0.03	0	
08/04/2011 08:40:30	TASTEGGIO	1	0	8000	53811	127085	108	-2	0.03	0.03	0	
08/04/2011 08:41:38	ALARM 17	proc 12 prog 10 step 47	LavoroTerminato
08/04/2011 08:43:02	TASTEGGIO	1	0	8000	53811	127082	108	-2	0.04	0.06	44500	
08/04/2011 08:43:21	TASTEGGIO	1	0	8000	53811	82648	109	-2	0.06	0.06	0	
08/04/2011 08:43:36	TASTEGGIO	0	1	8000	53811	82643	121	-3	0.04	0.04	0	
08/04/2011 08:43:53	TASTEGGIO	0	2	8000	53811	82639	124	-1	0.05	0.05	0	
08/04/2011 08:44:10	TASTEGGIO	0	1	8000	53811	82635	148	-2	0.04	0.04	0	
08/04/2011 08:44:27	TASTEGGIO	0	2	8000	53811	82631	152	-2	0.07	0.07	0	
08/04/2011 08:44:45	TASTEGGIO	0	1	8000	53811	82629	200	-12	0.12	0.12	0	
08/04/2011 08:45:02	TASTEGGIO	0	1	8000	53811	82627	179	-7	0.07	0.07	0	
08/04/2011 08:45:20	TASTEGGIO	0	2	8000	53811	82631	184	-3	0.08	0.08	0	
08/04/2011 08:45:38	TASTEGGIO	0	1	8000	53811	82633	220	-13	0.17	0.17	0	
08/04/2011 08:45:56	TASTEGGIO	0	1	8000	53811	82633	183	-11	0.11	0.11	0	
08/04/2011 08:46:14	TASTEGGIO	0	2	8000	53811	82633	193	-5	0.08	0.08	0	
08/04/2011 08:46:32	TASTEGGIO	0	3	8000	53811	82633	203	-11	0.16	0.16	0	
08/04/2011 08:46:49	TASTEGGIO	0	1	8000	53811	82633	171	-7	0.12	0.12	0	
08/04/2011 08:47:05	TASTEGGIO	0	2	8000	53811	82633	183	-5	0.12	0.12	0	
08/04/2011 08:47:23	TASTEGGIO	0	1	8000	53811	82633	231	-13	0.12	0.12	0	
08/04/2011 08:47:41	TASTEGGIO	0	1	8000	53811	82633	219	-12	0.17	0.17	0	
08/04/2011 08:48:00	TASTEGGIO	0	1	8000	53811	82633	291	-44	0.34	0.34	0	
08/04/2011 08:48:18	TASTEGGIO	0	1	8000	53811	82633	223	-22	0.14	0.14	0	
08/04/2011 08:48:33	TASTEGGIO	0	0	8000	53811	82633	115	0	0.15	0.15	0	
08/04/2011 08:48:51	TASTEGGIO	0	1	8000	53811	82633	147	-1	0.15	0.15	0	
08/04/2011 08:49:09	TASTEGGIO	0	1	8000	53811	82633	192	-1	0.15	0.15	0	
08/04/2011 08:49:27	TASTEGGIO	0	1	8000	53811	82633	237	-14	0.15	0.15	0	
08/04/2011 08:49:46	TASTEGGIO	0	1	8000	53811	82633	282	-65	0.60	0.60	0	
08/04/2011 08:49:58	TASTEGGIO	0	1	8000	53811	82633	42	-5	0.55	0.55	0	
08/04/2011 08:50:15	TASTEGGIO	0	1	8000	53811	82633	192	-9	0.47	0.47	0	
08/04/2011 08:50:33	TASTEGGIO	0	2	8000	53811	82633	272	-37	0.16	0.16	0	
08/04/2011 08:50:44	TASTEGGIO	0	2	8000	53811	126967	272	-37	0.12	0.14	44500	
08/04/2011 08:51:42	ALARM 17	proc 12 prog 10 step 47	LavoroTerminato
08/04/2011 09:35:31	ALARM 19	proc 12 prog 36 step 77	Tondo Non Presente Su Carrello 2
08/04/2011 09:37:10	ALARM 201		err.6058
08/04/2011 09:37:55	ALARM 203		err.6058
08/04/2011 09:38:24	ALARM 401		
08/04/2011 09:42:43	TASTEGGIO	0	2	8000	53830	112804	272	-37	0.07	0.07	0	
08/04/2011 09:42:59	TASTEGGIO	1	0	8000	53830	112824	110	0	0.06	0.06	0	
08/04/2011 09:43:13	TASTEGGIO	0	1	8000	53830	112825	115	-1	0.06	0.06	0	
08/04/2011 09:43:29	TASTEGGIO	0	1	8000	53830	112827	133	-1	0.05	0.05	0	
08/04/2011 09:43:46	TASTEGGIO	0	2	8000	53830	112827	141	-2	0.03	0.03	0	
08/04/2011 09:43:55	TASTEGGIO	0	2	8000	53830	112788	141	-2	0.04	0.05	24500	
08/04/2011 09:44:13	TASTEGGIO	1	0	8000	53830	88359	108	-1	0.03	0.03	0	
08/04/2011 09:44:23	TASTEGGIO	1	0	8000	53830	112672	108	-1	0.03	0.03	0	
08/04/2011 09:46:20	TASTEGGIO	1	0	8000	53812	112697	108	-1	0.02	0.02	-24500	
08/04/2011 09:48:16	TASTEGGIO	1	0	8000	53811	112606	108	-1	0.01	0.02	44500	
08/04/2011 09:50:13	TASTEGGIO	1	0	8000	53811	112594	108	-1	0.03	0.04	-44500	
08/04/2011 09:50:32	TASTEGGIO	1	0	8000	53811	157043	107	0	0.03	0.03	0	
08/04/2011 09:50:43	TASTEGGIO	1	0	8000	53811	112577	107	0	0.03	0.04	-44500	
08/04/2011 09:51:02	TASTEGGIO	1	0	8000	53811	157033	107	0	0.03	0.03	0	
08/04/2011 09:51:13	TASTEGGIO	1	0	8000	53811	112567	107	0	0.03	0.03	-24500	
08/04/2011 09:53:09	TASTEGGIO	1	0	8000	53811	112696	107	0	0.05	0.06	24500	
08/04/2011 09:53:27	TASTEGGIO	1	0	8000	53811	88280	109	-1	0.05	0.05	0	
08/04/2011 09:53:41	TASTEGGIO	0	1	8000	53811	88272	113	0	0.04	0.04	0	
08/04/2011 09:53:57	TASTEGGIO	0	2	8000	53811	88266	117	0	0.04	0.04	0	
08/04/2011 09:54:12	TASTEGGIO	0	1	8000	53811	88259	133	0	0.04	0.04	0	
08/04/2011 09:54:27	TASTEGGIO	0	1	8000	53811	88253	145	-1	0.03	0.03	0	
08/04/2011 09:54:37	TASTEGGIO	0	1	8000	53811	112571	145	-1	0.03	0.03	44500	
08/04/2011 09:56:34	TASTEGGIO	0	1	8000	53810	112594	145	-1	0.03	0.03	-24500	
08/04/2011 09:58:23	TASTEGGIO	0	1	8000	53810	112592	145	-1	0.08	0.10	44500	
08/04/2011 09:58:41	TASTEGGIO	1	0	8000	53810	68172	112	-2	0.09	0.09	0	
08/04/2011 09:58:56	TASTEGGIO	0	1	8000	53810	68168	120	-1	0.09	0.09	0	
08/04/2011 09:59:12	TASTEGGIO	0	1	8000	53810	68164	147	0	0.09	0.09	0	
08/04/2011 09:59:30	TASTEGGIO	0	1	8000	53810	68163	174	-3	0.09	0.09	0	
08/04/2011 09:59:47	TASTEGGIO	0	1	8000	53810	68161	201	-16	0.13	0.13	0	
08/04/2011 10:00:03	TASTEGGIO	0	1	8000	53810	68158	182	-4	0.10	0.10	0	
08/04/2011 10:00:21	TASTEGGIO	0	2	8000	53810	68156	192	-6	0.08	0.08	0	
08/04/2011 10:00:37	TASTEGGIO	0	3	8000	53810	68202	203	-11	0.11	0.11	0	
08/04/2011 10:00:54	TASTEGGIO	0	1	8000	53810	68205	187	-5	0.07	0.07	0	
08/04/2011 10:01:11	TASTEGGIO	0	2	8000	53810	68209	193	-3	0.08	0.08	0	
08/04/2011 10:01:29	TASTEGGIO	0	1	8000	53810	68212	229	-27	0.24	0.24	0	
08/04/2011 10:01:45	TASTEGGIO	0	1	8000	53810	68212	157	-2	0.23	0.23	0	
08/04/2011 10:02:01	TASTEGGIO	0	1	8000	53810	68213	223	-9	0.14	0.14	0	
08/04/2011 10:02:20	TASTEGGIO	0	2	8000	53810	68215	235	-13	0.07	0.07	0	
08/04/2011 10:02:34	TASTEGGIO	0	0	8000	53810	68215	110	0	0.06	0.06	0	
08/04/2011 10:02:47	TASTEGGIO	0	1	8000	53810	68215	115	0	0.05	0.05	0	
08/04/2011 10:03:01	TASTEGGIO	0	2	8000	53810	68215	123	0	0.04	0.04	0	
08/04/2011 10:03:16	TASTEGGIO	0	3	8000	53810	68215	128	-1	0.04	0.04	0	
08/04/2011 10:03:30	TASTEGGIO	0	1	8000	53810	68215	148	-1	0.03	0.03	0	
08/04/2011 10:03:41	TASTEGGIO	0	1	8000	53810	112495	148	-1	0.03	0.03	-44500	
08/04/2011 10:05:38	TASTEGGIO	0	1	8000	53811	112596	148	-1	0.04	0.06	-24500	
08/04/2011 10:05:57	TASTEGGIO	1	0	8000	53811	137052	109	-1	0.04	0.04	0	
08/04/2011 10:06:13	TASTEGGIO	0	1	8000	53811	137054	111	-1	0.04	0.04	0	
08/04/2011 10:06:28	TASTEGGIO	0	1	8000	53811	137054	123	-2	0.03	0.03	0	
08/04/2011 10:06:38	TASTEGGIO	0	1	8000	53811	112575	123	-2	0.02	0.04	-44500	
08/04/2011 10:06:57	TASTEGGIO	1	0	8000	53811	157028	107	0	0.04	0.04	0	
08/04/2011 10:07:08	TASTEGGIO	1	0	8000	53811	112570	107	0	0.02	0.04	-44500	
08/04/2011 10:09:06	TASTEGGIO	1	0	8000	53810	112597	107	0	0.05	0.05	24500	
08/04/2011 10:09:25	TASTEGGIO	1	0	8000	53810	88175	108	-2	0.03	0.03	0	
08/04/2011 10:09:35	TASTEGGIO	1	0	8000	53810	112478	108	-2	0.04	0.04	-24500	
08/04/2011 10:09:53	TASTEGGIO	1	0	8000	53810	136946	107	-1	0.04	0.04	0	
08/04/2011 10:10:08	TASTEGGIO	0	1	8000	53810	136947	115	0	0.03	0.03	0	
08/04/2011 10:10:17	TASTEGGIO	0	1	8000	53810	112569	115	0	0.03	0.04	-24500	
08/04/2011 10:10:36	TASTEGGIO	1	0	8000	53810	137034	107	0	0.03	0.03	0	
08/04/2011 10:10:46	TASTEGGIO	1	0	8000	53810	112565	107	0	0.03	0.03	0	
08/04/2011 10:12:43	TASTEGGIO	1	0	8000	53810	112699	107	0	0.01	0.02	44500	
08/04/2011 10:14:38	TASTEGGIO	1	0	8000	53810	112598	107	0	0.05	0.07	-44500	
08/04/2011 10:14:57	TASTEGGIO	1	0	8000	53810	157023	110	0	0.06	0.06	0	
08/04/2011 10:15:11	TASTEGGIO	0	1	8000	53810	157026	115	0	0.06	0.06	0	
08/04/2011 10:15:28	TASTEGGIO	0	1	8000	53810	157029	133	-1	0.05	0.05	0	
08/04/2011 10:15:43	TASTEGGIO	0	2	8000	53810	157031	141	-1	0.04	0.04	0	
08/04/2011 10:16:00	TASTEGGIO	0	3	8000	53810	157033	146	-2	0.02	0.02	0	
08/04/2011 10:16:11	TASTEGGIO	0	3	8000	53810	112575	146	-2	0.02	0.02	-24500	
08/04/2011 10:18:07	TASTEGGIO	0	3	8000	53810	112605	146	-2	0.04	0.05	-24500	
08/04/2011 10:18:25	TASTEGGIO	1	0	8000	53810	137058	108	-1	0.04	0.04	0	
08/04/2011 10:18:40	TASTEGGIO	0	1	8000	53810	137063	111	0	0.04	0.04	0	
08/04/2011 10:18:56	TASTEGGIO	0	1	8000	53810	137065	123	0	0.03	0.03	0	
08/04/2011 10:19:06	TASTEGGIO	0	1	8000	53810	112569	123	0	0.03	0.04	24500	
08/04/2011 10:19:24	TASTEGGIO	1	0	8000	53810	88146	107	-1	0.02	0.02	0	
08/04/2011 10:19:34	TASTEGGIO	1	0	8000	53810	112471	107	-1	0.02	0.03	-44500	
08/04/2011 10:21:31	TASTEGGIO	1	0	8000	53810	112598	107	-1	0.04	0.04	24500	
08/04/2011 10:21:49	TASTEGGIO	1	0	8000	53810	88171	107	-2	0.03	0.03	0	
08/04/2011 10:21:59	TASTEGGIO	1	0	8000	53810	112473	107	-2	0.03	0.03	0	
08/04/2011 10:23:58	TASTEGGIO	1	0	8000	53810	112600	107	-2	0.02	0.03	-44500	
08/04/2011 10:25:52	TASTEGGIO	1	0	8000	53809	112595	107	-2	0.36	0.36	0	
08/04/2011 10:26:08	TASTEGGIO	1	0	8000	53809	112613	130	-1	0.36	0.36	0	
08/04/2011 10:26:26	TASTEGGIO	0	1	8000	53809	112617	202	-20	0.16	0.16	0	
08/04/2011 10:26:38	TASTEGGIO	0	0	8000	53809	112617	116	0	0.16	0.16	0	
08/04/2011 10:26:55	TASTEGGIO	0	1	8000	53809	112618	148	0	0.16	0.16	0	
08/04/2011 10:27:12	TASTEGGIO	0	1	8000	53809	112618	196	-13	0.04	0.04	0	
08/04/2011 10:27:20	TASTEGGIO	0	1	8000	53809	112584	196	-13	0.04	0.13	-44500	
08/04/2011 10:27:39	TASTEGGIO	1	0	8000	53809	157004	114	0	0.12	0.12	0	
08/04/2011 10:27:54	TASTEGGIO	0	1	8000	53809	157008	136	-1	0.12	0.12	0	
08/04/2011 10:28:11	TASTEGGIO	0	1	8000	53809	157013	172	-14	0.02	0.02	0	
08/04/2011 10:28:21	TASTEGGIO	0	1	8000	53809	112569	172	-14	0.08	0.12	44500	
08/04/2011 10:28:40	TASTEGGIO	1	0	8000	53809	68149	113	-1	0.12	0.12	0	
08/04/2011 10:28:54	TASTEGGIO	0	1	8000	53809	68142	137	0	0.12	0.12	0	
08/04/2011 10:29:10	TASTEGGIO	0	1	8000	53809	68139	173	-1	0.11	0.11	0	
08/04/2011 10:29:28	TASTEGGIO	0	1	8000	53809	68138	203	-8	0.04	0.04	0	
08/04/2011 10:29:41	TASTEGGIO	0	0	8000	53809	68131	107	-1	0.04	0.04	0	
08/04/2011 10:29:55	TASTEGGIO	0	1	8000	53809	68126	115	0	0.04	0.04	0	
08/04/2011 10:30:10	TASTEGGIO	0	1	8000	53809	68124	127	0	0.04	0.04	0	
08/04/2011 10:30:25	TASTEGGIO	0	1	8000	53809	68121	139	0	0.03	0.03	0	
08/04/2011 10:30:36	TASTEGGIO	0	1	8000	53809	112469	139	0	0.01	0.04	-44500	
08/04/2011 10:30:55	TASTEGGIO	1	0	8000	53809	156924	107	0	0.04	0.04	0	
08/04/2011 10:31:09	TASTEGGIO	0	1	8000	53809	156927	115	0	0.04	0.04	0	
08/04/2011 10:31:25	TASTEGGIO	0	1	8000	53809	156926	127	0	0.03	0.03	0	
08/04/2011 10:31:36	TASTEGGIO	0	1	8000	53809	112561	127	0	0.01	0.04	44500	
08/04/2011 10:31:54	TASTEGGIO	1	0	8000	53809	68135	107	-1	0.04	0.04	0	
08/04/2011 10:32:09	TASTEGGIO	0	1	8000	53809	68130	115	0	0.04	0.04	0	
08/04/2011 10:32:23	TASTEGGIO	0	1	8000	53809	68124	127	0	0.04	0.04	0	
08/04/2011 10:32:37	TASTEGGIO	0	1	8000	53809	68120	139	0	0.04	0.04	0	
08/04/2011 10:32:54	TASTEGGIO	0	1	8000	53809	68118	151	0	0.04	0.04	0	
08/04/2011 10:33:09	TASTEGGIO	0	1	8000	53809	68117	163	0	0.03	0.03	0	
08/04/2011 10:33:20	TASTEGGIO	0	1	8000	53809	112470	163	0	0.01	0.04	44500	
08/04/2011 10:33:38	TASTEGGIO	1	0	8000	53809	68049	107	0	0.04	0.04	0	
08/04/2011 10:33:52	TASTEGGIO	0	1	8000	53809	68043	115	0	0.04	0.04	0	
08/04/2011 10:34:06	TASTEGGIO	0	1	8000	53809	68040	127	0	0.04	0.04	0	
08/04/2011 10:34:21	TASTEGGIO	0	1	8000	53809	68038	139	0	0.04	0.04	0	
08/04/2011 10:34:38	TASTEGGIO	0	1	8000	53809	68036	151	0	0.04	0.04	0	
08/04/2011 10:34:54	TASTEGGIO	0	1	8000	53809	68036	163	0	0.03	0.03	0	
08/04/2011 10:35:05	TASTEGGIO	0	1	8000	53809	112470	163	0	0.01	0.04	24500	
08/04/2011 10:35:24	TASTEGGIO	1	0	8000	53809	88041	107	-1	0.02	0.02	0	
08/04/2011 10:35:34	TASTEGGIO	1	0	8000	53809	112472	107	-1	0.02	0.04	-44500	
08/04/2011 10:35:53	TASTEGGIO	1	0	8000	53809	156917	107	0	0.04	0.04	0	
08/04/2011 10:36:08	TASTEGGIO	0	1	8000	53809	156920	115	0	0.04	0.04	0	
08/04/2011 10:36:19	TASTEGGIO	0	1	8000	53809	112562	115	0	0.01	0.04	-44500	
08/04/2011 10:38:15	TASTEGGIO	0	1	8000	53810	112595	115	0	0.04	0.04	24500	
08/04/2011 10:38:50	ALARM 304	proc 12 prog 32 step 49	inverter error 8
08/04/2011 10:41:03	TASTEGGIO	0	1	8000	53810	112598	115	0	0.02	0.02	0	
08/04/2011 10:42:59	TASTEGGIO	0	1	8000	53810	112698	115	0	0.00	0.02	-44500	
08/04/2011 10:44:55	TASTEGGIO	0	1	8000	53809	112694	115	0	0.06	0.06	0	
08/04/2011 10:45:10	TASTEGGIO	1	0	8000	53809	112711	109	-1	0.05	0.05	0	
08/04/2011 10:45:23	TASTEGGIO	0	1	8000	53809	112713	113	-1	0.05	0.05	0	
08/04/2011 10:45:37	TASTEGGIO	0	1	8000	53809	112715	128	-1	0.04	0.04	0	
08/04/2011 10:45:54	TASTEGGIO	0	2	8000	53809	112715	132	-1	0.04	0.04	0	
08/04/2011 10:46:10	TASTEGGIO	0	1	8000	53809	112715	148	-4	0.00	0.00	0	
08/04/2011 10:46:18	TASTEGGIO	0	1	8000	53809	112678	148	-4	0.00	0.01	24500	
08/04/2011 10:48:12	TASTEGGIO	0	1	8000	53810	112595	148	-4	0.03	0.04	-24500	
08/04/2011 10:48:30	TASTEGGIO	1	0	8000	53810	137057	107	-1	0.02	0.02	0	
08/04/2011 10:48:40	TASTEGGIO	1	0	8000	53810	112567	107	-1	0.02	0.03	24500	
08/04/2011 10:50:39	TASTEGGIO	1	0	8000	53809	112702	107	-1	0.02	0.03	-24500	
08/04/2011 10:52:36	TASTEGGIO	1	0	8000	53809	112594	107	-1	0.05	0.05	24500	
08/04/2011 10:52:54	TASTEGGIO	1	0	8000	53809	88174	108	-2	0.04	0.04	0	
08/04/2011 10:53:08	TASTEGGIO	0	1	8000	53809	88168	111	-1	0.03	0.03	0	
08/04/2011 10:53:18	TASTEGGIO	0	1	8000	53809	112474	111	-1	0.04	0.04	0	
08/04/2011 10:53:33	TASTEGGIO	1	0	8000	53809	112481	107	0	0.03	0.03	0	
08/04/2011 10:53:41	TASTEGGIO	1	0	8000	53809	112486	107	0	0.03	0.04	24500	
08/04/2011 10:53:59	TASTEGGIO	1	0	8000	53809	88069	107	0	0.03	0.03	0	
08/04/2011 10:54:09	TASTEGGIO	1	0	8000	53809	112472	107	0	0.03	0.03	44500	
08/04/2011 10:55:05	ALARM 17	proc 12 prog 10 step 47	LavoroTerminato
08/04/2011 11:27:48	ALARM 401		
08/04/2011 11:48:39	ALARM 401		
08/04/2011 13:39:00	ALARM 401		
08/04/2011 13:39:02	ALARM 401		
08/04/2011 13:39:02	ALARM 401		
08/04/2011 13:39:02	ALARM 401		
08/04/2011 13:39:04	ALARM 401		
08/04/2011 13:39:05	ALARM 401		
08/04/2011 14:01:49	ALARM 4	proc 2 prog 61 step 13	Tondo presente su carrello 1
08/04/2011 14:03:44	TASTEGGIO	1	0	10000	61654	130350	120	-4	0.13	0.14	24500	
08/04/2011 14:04:05	TASTEGGIO	1	0	10000	61654	105892	101	-2	0.13	0.13	0	
08/04/2011 14:04:22	TASTEGGIO	0	1	10000	61654	105896	125	-4	0.10	0.10	0	
08/04/2011 14:04:41	TASTEGGIO	0	2	10000	61654	105898	135	-7	0.04	0.04	0	
08/04/2011 14:04:57	TASTEGGIO	0	0	10000	61654	105898	93	0	0.04	0.04	0	
08/04/2011 14:05:15	TASTEGGIO	0	1	10000	61654	105898	101	-1	0.04	0.04	0	
08/04/2011 14:05:34	TASTEGGIO	0	1	10000	61654	105899	113	-1	0.03	0.03	0	
08/04/2011 14:05:44	TASTEGGIO	0	1	10000	61654	130342	113	-1	0.04	0.04	-24500	
08/04/2011 14:06:05	TASTEGGIO	1	0	10000	61654	154805	93	-5	0.01	0.01	0	
08/04/2011 14:06:16	TASTEGGIO	1	0	10000	61654	130444	93	-5	0.01	0.03	44500	
08/04/2011 14:08:19	TASTEGGIO	1	0	10000	61654	130373	93	-5	0.02	0.02	44500	
08/04/2011 14:10:27	TASTEGGIO	1	0	10000	61654	130370	93	-5	0.04	0.05	24500	
08/04/2011 14:10:49	TASTEGGIO	1	0	10000	61654	105935	94	-2	0.04	0.04	0	
08/04/2011 14:11:06	TASTEGGIO	0	1	10000	61654	105934	97	-1	0.04	0.04	0	
08/04/2011 14:11:26	TASTEGGIO	0	1	10000	61654	105933	109	-1	0.03	0.03	0	
08/04/2011 14:11:36	TASTEGGIO	0	1	10000	61654	130280	109	-1	0.03	0.04	24500	
08/04/2011 14:11:57	TASTEGGIO	1	0	10000	61654	105832	93	0	0.03	0.03	0	
08/04/2011 14:12:07	TASTEGGIO	1	0	10000	61654	130272	93	0	0.03	0.03	24500	
08/04/2011 14:14:10	TASTEGGIO	1	0	10000	61654	130373	93	0	0.04	0.04	24500	
08/04/2011 14:14:31	TASTEGGIO	1	0	10000	61654	105935	93	-2	0.04	0.04	0	
08/04/2011 14:14:50	TASTEGGIO	0	1	10000	61654	105936	101	-1	0.03	0.03	0	
08/04/2011 14:15:00	TASTEGGIO	0	1	10000	61654	130280	101	-1	0.03	0.03	-24500	
08/04/2011 14:16:58	TASTEGGIO	0	1	10000	61654	130362	101	-1	0.04	0.04	-44500	
08/04/2011 14:17:20	TASTEGGIO	1	0	10000	61654	174805	93	-3	0.01	0.01	0	
08/04/2011 14:17:31	TASTEGGIO	1	0	10000	61654	130361	93	-3	0.01	0.01	0	
08/04/2011 14:19:00	ALARM 2	proc 3 prog 67 step 25	Sensore allin.C2 non commutato
08/04/2011 14:58:05	TASTEGGIO	1	0	10000	61654	137805	93	-3	0.01	0.02	24500	
08/04/2011 15:00:05	TASTEGGIO	1	0	10000	61654	137785	93	-3	0.05	0.05	24500	
08/04/2011 15:00:27	TASTEGGIO	1	0	10000	61654	113345	94	-2	0.03	0.03	0	
08/04/2011 15:00:37	TASTEGGIO	1	0	10000	61654	137685	94	-2	0.04	0.05	-44500	
08/04/2011 15:01:00	TASTEGGIO	1	0	10000	61654	182147	94	-5	0.02	0.02	0	
08/04/2011 15:01:11	TASTEGGIO	1	0	10000	61654	137757	94	-5	0.01	0.02	-24500	
08/04/2011 15:03:07	TASTEGGIO	1	0	10000	61654	137879	94	-5	0.02	0.03	44500	
08/04/2011 15:05:02	TASTEGGIO	1	0	10000	61653	137878	94	-5	0.05	0.07	-44500	
08/04/2011 15:05:24	TASTEGGIO	1	0	10000	61653	182283	95	-5	0.03	0.03	0	
08/04/2011 15:05:35	TASTEGGIO	1	0	10000	61653	137853	95	-5	0.03	0.04	44500	
08/04/2011 15:05:57	TASTEGGIO	1	0	10000	61653	93387	93	-1	0.03	0.03	0	
08/04/2011 15:06:08	TASTEGGIO	1	0	10000	61653	137759	93	-1	0.03	0.03	-44500	
08/04/2011 15:07:14	ALARM 17	proc 12 prog 10 step 47	LavoroTerminato
09/04/2011 07:05:33	ALARM 406		
13/04/2011 09:38:57	ALARM 401		
13/04/2011 09:38:58	INIT OK
13/04/2011 09:46:27	TASTEGGIO	0	0	14000	69495	99593	0	0	0.21	0.21	0	
13/04/2011 09:46:50	TASTEGGIO	1	0	14000	69495	99619	205	-31	0.08	0.08	0	
13/04/2011 09:46:59	TASTEGGIO	1	0	14000	69495	99620	205	-31	0.09	0.09	0	
13/04/2011 09:47:23	TASTEGGIO	1	0	14000	69495	99639	190	-32	0.22	0.22	0	
13/04/2011 09:47:42	TASTEGGIO	0	1	14000	69495	99644	136	-7	0.16	0.16	0	
13/04/2011 09:48:02	TASTEGGIO	0	2	14000	69495	99645	152	-4	0.13	0.13	0	
13/04/2011 09:48:22	TASTEGGIO	0	3	14000	69495	99648	183	-7	0.07	0.07	0	
13/04/2011 09:48:32	TASTEGGIO	0	3	14000	69495	99646	183	-7	0.07	0.09	24500	
13/04/2011 09:49:27	ALARM 17	proc 12 prog 10 step 47	LavoroTerminato
13/04/2011 09:50:53	ALARM 3	proc 12 prog 31 step 36	Tondo non presente su rulliera
13/04/2011 09:52:17	TASTEGGIO	0	3	14500	69494	134622	183	-7	0.78	0.78	0	
13/04/2011 09:52:53	ALARM 203		err.0
13/04/2011 09:53:00	ALARM 401		
13/04/2011 10:10:16	ALARM 406		
14/04/2011 11:12:18	ALARM 401		
14/04/2011 11:12:20	INIT OK
14/04/2011 11:29:47	TASTEGGIO	0	0	10000	61654	94385	0	0	0.09	0.16	44500	
14/04/2011 11:30:10	TASTEGGIO	1	0	10000	61654	49916	232	-2	0.15	0.15	0	
14/04/2011 11:30:29	TASTEGGIO	0	1	10000	61654	49916	260	-2	0.13	0.13	0	
14/04/2011 11:30:40	TASTEGGIO	0	1	10000	61654	94345	260	-2	0.08	0.14	-44500	
14/04/2011 11:31:05	TASTEGGIO	1	0	10000	61654	138821	229	-5	0.10	0.10	0	
14/04/2011 11:31:23	TASTEGGIO	0	1	10000	61654	138830	236	-2	0.07	0.07	0	
14/04/2011 11:31:34	TASTEGGIO	0	1	10000	61654	94429	236	-2	0.09	0.16	44500	
14/04/2011 11:31:59	TASTEGGIO	1	0	10000	61654	49988	232	0	0.15	0.15	0	
14/04/2011 11:32:18	TASTEGGIO	0	1	10000	61654	49983	260	0	0.14	0.14	0	
14/04/2011 11:32:29	TASTEGGIO	0	1	10000	61654	94349	260	0	0.09	0.15	44500	
14/04/2011 11:32:53	TASTEGGIO	1	0	10000	61654	49881	231	-1	0.14	0.14	0	
14/04/2011 11:33:04	TASTEGGIO	1	0	10000	61654	94353	231	-1	0.10	0.15	44500	
14/04/2011 11:33:27	TASTEGGIO	1	0	10000	61654	49880	231	0	0.15	0.15	0	
14/04/2011 11:33:46	TASTEGGIO	0	1	10000	61654	49881	261	0	0.15	0.15	0	
14/04/2011 11:34:06	TASTEGGIO	0	1	10000	61654	49882	306	-6	0.09	0.09	0	
14/04/2011 11:34:17	TASTEGGIO	0	1	10000	61654	94369	306	-6	0.06	0.11	-24500	
14/04/2011 11:36:15	TASTEGGIO	0	1	10000	61654	94570	306	-6	0.33	0.33	0	
14/04/2011 11:36:37	TASTEGGIO	1	0	10000	61654	94592	254	-6	0.29	0.29	0	
14/04/2011 11:36:56	TASTEGGIO	0	1	10000	61654	94591	279	-5	0.24	0.24	0	
14/04/2011 11:37:15	TASTEGGIO	0	2	10000	61654	94593	318	-12	0.13	0.13	0	
14/04/2011 11:37:23	TASTEGGIO	0	2	10000	61654	94565	318	-12	0.13	0.21	44500	
14/04/2011 11:37:47	TASTEGGIO	1	0	10000	61654	50086	238	0	0.21	0.21	0	
14/04/2011 11:38:07	TASTEGGIO	0	1	10000	61654	50086	280	-3	0.17	0.17	0	
14/04/2011 11:38:27	TASTEGGIO	0	2	10000	61654	50086	307	-4	0.14	0.14	0	
14/04/2011 11:38:38	TASTEGGIO	0	2	10000	61654	94452	307	-4	0.08	0.13	44500	
14/04/2011 11:39:01	TASTEGGIO	1	0	10000	61654	49981	228	0	0.14	0.14	0	
14/04/2011 11:39:20	TASTEGGIO	0	1	10000	61654	49985	258	-1	0.13	0.13	0	
14/04/2011 11:39:40	TASTEGGIO	0	1	10000	61654	49986	294	0	0.13	0.13	0	
14/04/2011 11:40:02	TASTEGGIO	0	1	10000	61654	49987	333	-5	0.08	0.08	0	
14/04/2011 11:40:22	TASTEGGIO	0	2	10000	61654	49987	339	-3	0.06	0.06	0	
14/04/2011 11:40:33	TASTEGGIO	0	2	10000	61654	94473	339	-3	0.04	0.06	44500	
14/04/2011 11:42:39	TASTEGGIO	0	2	10000	61654	94468	339	-3	0.11	0.14	-44500	
14/04/2011 11:43:03	TASTEGGIO	1	0	10000	61654	138954	229	-6	0.07	0.07	0	
14/04/2011 11:43:14	TASTEGGIO	1	0	10000	61654	94439	229	-6	0.08	0.08	0	
14/04/2011 11:45:14	TASTEGGIO	1	0	10000	61654	94469	229	-6	0.33	0.34	24500	
14/04/2011 11:45:37	TASTEGGIO	1	0	10000	61654	70005	255	-4	0.30	0.30	0	
14/04/2011 11:45:57	TASTEGGIO	0	1	10000	61654	70002	281	-5	0.26	0.26	0	
14/04/2011 11:46:16	TASTEGGIO	0	2	10000	61654	70000	326	-11	0.16	0.16	0	
14/04/2011 11:46:36	TASTEGGIO	0	3	10000	61654	69999	343	-8	0.09	0.09	0	
14/04/2011 11:46:47	TASTEGGIO	0	3	10000	61654	94361	343	-8	0.12	0.12	0	
14/04/2011 11:47:08	TASTEGGIO	1	0	10000	61654	94366	227	-3	0.09	0.09	0	
14/04/2011 11:47:16	TASTEGGIO	1	0	10000	61654	94375	227	-3	0.09	0.10	-24500	
14/04/2011 11:47:39	TASTEGGIO	1	0	10000	61654	118873	224	-5	0.06	0.06	0	
14/04/2011 11:47:50	TASTEGGIO	1	0	10000	61654	94445	224	-5	0.05	0.06	44500	
14/04/2011 11:49:46	TASTEGGIO	1	0	10000	61654	94661	224	-5	0.26	0.38	44500	
14/04/2011 11:50:10	TASTEGGIO	1	0	10000	61654	50188	260	-2	0.36	0.36	0	
14/04/2011 11:50:30	TASTEGGIO	0	1	10000	61654	50189	328	-8	0.28	0.28	0	
14/04/2011 11:50:51	TASTEGGIO	0	2	10000	61654	50189	358	-8	0.20	0.20	0	
14/04/2011 11:51:11	TASTEGGIO	0	3	10000	61654	50189	382	-2	0.18	0.18	0	
14/04/2011 11:51:33	TASTEGGIO	0	4	10000	61654	50189	400	0	0.17	0.17	0	
14/04/2011 11:51:54	TASTEGGIO	0	1	10000	61654	50190	400	0	0.16	0.16	0	
14/04/2011 11:52:14	TASTEGGIO	0	1	10000	61654	50191	400	0	0.16	0.16	0	
14/04/2011 11:52:34	TASTEGGIO	0	1	10000	61654	50190	400	-1	0.16	0.16	0	
14/04/2011 11:52:57	TASTEGGIO	0	1	10000	61654	50191	400	0	0.16	0.16	0	
14/04/2011 11:53:17	TASTEGGIO	0	1	10000	61654	50191	400	0	0.16	0.16	0	
14/04/2011 11:53:39	TASTEGGIO	0	1	10000	61654	50191	400	0	0.16	0.16	0	
14/04/2011 11:53:59	TASTEGGIO	0	1	10000	61654	50191	400	0	0.16	0.16	0	
14/04/2011 11:54:22	TASTEGGIO	0	1	10000	61654	50192	400	0	0.16	0.16	0	
14/04/2011 11:54:44	TASTEGGIO	0	1	10000	61654	50193	400	0	0.15	0.15	0	
14/04/2011 11:55:04	TASTEGGIO	0	1	10000	61654	50193	400	0	0.16	0.16	0	
14/04/2011 11:55:25	TASTEGGIO	0	1	10000	61654	50193	400	0	0.15	0.15	0	
14/04/2011 11:55:45	TASTEGGIO	0	1	10000	61654	50193	400	0	0.15	0.15	0	
14/04/2011 11:56:05	TASTEGGIO	0	1	10000	61654	50193	400	0	0.15	0.15	0	
14/04/2011 11:56:27	TASTEGGIO	0	1	10000	61654	50193	400	0	0.15	0.15	0	
14/04/2011 11:56:48	TASTEGGIO	0	1	10000	61654	50196	400	-14	0.10	0.10	0	
14/04/2011 11:56:59	TASTEGGIO	0	1	10000	61654	94555	400	-14	0.09	0.11	44500	
14/04/2011 11:57:22	TASTEGGIO	1	0	10000	61654	50077	225	-1	0.10	0.10	0	
14/04/2011 11:57:41	TASTEGGIO	0	1	10000	61654	50078	243	0	0.10	0.10	0	
14/04/2011 11:58:02	TASTEGGIO	0	1	10000	61654	50079	273	-2	0.09	0.09	0	
14/04/2011 11:58:14	TASTEGGIO	0	1	10000	61654	94557	273	-2	0.07	0.10	44500	
14/04/2011 11:58:37	TASTEGGIO	1	0	10000	61654	50080	224	0	0.09	0.09	0	
14/04/2011 11:58:49	TASTEGGIO	1	0	10000	61654	94549	224	0	0.06	0.09	44500	
14/04/2011 11:59:56	ALARM 17	proc 12 prog 10 step 47	LavoroTerminato
14/04/2011 13:07:35	ALARM 19	proc 12 prog 36 step 77	Tondo Non Presente Su Carrello 2
14/04/2011 13:09:21	ALARM 201		err.6058
14/04/2011 13:09:22	ALARM 19	proc 1 prog 2 step 8	Tondo Non Presente Su Carrello 2
14/04/2011 13:09:50	ALARM 19	proc 1 prog 2 step 8	Tondo Non Presente Su Carrello 2
14/04/2011 13:09:50	ALARM 19	proc 1 prog 2 step 8	Tondo Non Presente Su Carrello 2
14/04/2011 13:09:57	ALARM 19	proc 1 prog 2 step 8	Tondo Non Presente Su Carrello 2
14/04/2011 13:09:58	ALARM 19	proc 1 prog 2 step 8	Tondo Non Presente Su Carrello 2
14/04/2011 13:10:00	ALARM 19	proc 1 prog 2 step 8	Tondo Non Presente Su Carrello 2
14/04/2011 13:10:01	ALARM 19	proc 1 prog 2 step 8	Tondo Non Presente Su Carrello 2
14/04/2011 13:10:52	ALARM 11	proc 3 prog 66 step 13	Tondo presente su carrello 2
14/04/2011 13:12:11	TASTEGGIO	1	0	13000	69494	150706	224	0	0.02	0.07	-44500	
14/04/2011 13:12:37	TASTEGGIO	1	0	13000	69494	195172	200	-6	0.03	0.03	0	
14/04/2011 13:12:49	TASTEGGIO	1	0	13000	69494	150642	200	-6	0.01	0.04	-97500	
14/04/2011 13:13:15	TASTEGGIO	1	0	13000	69494	248118	196	-23	0.25	0.25	0	
14/04/2011 13:13:32	TASTEGGIO	0	1	13000	69494	248118	39	-1	0.24	0.24	0	
14/04/2011 13:13:51	TASTEGGIO	0	1	13000	69494	248118	108	-2	0.22	0.22	0	
14/04/2011 13:14:10	TASTEGGIO	0	1	13000	69494	248118	168	-3	0.20	0.20	0	
14/04/2011 13:14:31	TASTEGGIO	0	1	13000	69494	248118	222	-6	0.14	0.14	0	
14/04/2011 13:14:52	TASTEGGIO	0	2	13000	69494	248175	235	-3	0.12	0.12	0	
14/04/2011 13:15:16	TASTEGGIO	0	3	13000	69494	248172	265	-16	0.11	0.11	0	
14/04/2011 13:15:39	TASTEGGIO	0	1	13000	69494	248172	254	-15	0.06	0.06	0	
14/04/2011 13:16:02	TASTEGGIO	0	1	13000	69494	248172	250	-25	0.21	0.21	0	
14/04/2011 13:16:22	TASTEGGIO	0	1	13000	69494	248172	176	-7	0.14	0.14	0	
14/04/2011 13:16:44	TASTEGGIO	0	2	13000	69494	248172	189	-1	0.13	0.13	0	
14/04/2011 13:17:05	TASTEGGIO	0	1	13000	69494	248172	237	-6	0.09	0.09	0	
14/04/2011 13:17:28	TASTEGGIO	0	2	13000	69494	248172	245	-3	0.06	0.06	0	
14/04/2011 13:17:49	TASTEGGIO	0	3	13000	69494	248172	251	-2	0.05	0.05	0	
14/04/2011 13:18:12	TASTEGGIO	0	4	13000	69494	248172	267	-10	0.07	0.07	0	
14/04/2011 13:18:35	TASTEGGIO	0	1	13000	69494	248172	257	-19	0.14	0.14	0	
14/04/2011 13:18:57	TASTEGGIO	0	1	13000	69494	248172	229	-12	0.05	0.05	0	
14/04/2011 13:19:10	TASTEGGIO	0	1	13000	69494	150694	229	-12	0.01	0.04	-97500	
14/04/2011 13:20:09	ALARM 17	proc 12 prog 10 step 47	LavoroTerminato
14/04/2011 13:31:55	ALARM 401		
14/04/2011 13:31:56	ALARM 401		
14/04/2011 13:31:57	ALARM 401		
14/04/2011 13:31:59	ALARM 401		
14/04/2011 13:32:01	ALARM 401		
14/04/2011 13:32:01	ALARM 401		
14/04/2011 13:32:03	ALARM 401		
14/04/2011 13:32:04	ALARM 401		
14/04/2011 13:32:05	ALARM 401		
14/04/2011 13:32:10	ALARM 401		
14/04/2011 13:32:10	ALARM 401		
14/04/2011 13:32:11	ALARM 401		
14/04/2011 13:32:11	ALARM 401		
14/04/2011 13:32:12	ALARM 401		
14/04/2011 13:32:13	ALARM 401		
14/04/2011 13:32:13	ALARM 401		
14/04/2011 13:57:46	TASTEGGIO	0	1	6000	45976	126769	229	-12	0.26	0.31	-44500	
14/04/2011 13:58:09	TASTEGGIO	1	0	6000	45976	171219	278	-168	1.32	1.32	0	
14/04/2011 13:58:20	TASTEGGIO	0	1	6000	45976	171220	0	-9	1.21	1.21	0	
14/04/2011 13:58:40	TASTEGGIO	0	1	6000	45976	171221	331	-214	0.93	0.93	0	
14/04/2011 13:58:59	TASTEGGIO	0	1	6000	45976	171222	259	-139	0.47	0.47	0	
14/04/2011 13:59:17	TASTEGGIO	0	1	6000	45976	171222	235	-125	0.77	0.77	0	
14/04/2011 13:59:33	TASTEGGIO	0	1	6000	45976	171222	108	-21	0.55	0.55	0	
14/04/2011 13:59:50	TASTEGGIO	0	2	6000	45976	171222	163	-47	0.10	0.10	0	
14/04/2011 14:00:00	TASTEGGIO	0	2	6000	45976	126872	163	-47	0.03	0.10	-44500	
14/04/2011 14:00:21	TASTEGGIO	1	0	6000	45976	171284	225	-119	1.07	1.07	0	
14/04/2011 14:00:33	TASTEGGIO	0	1	6000	45976	171290	0	-10	0.97	0.97	0	
14/04/2011 14:00:51	TASTEGGIO	0	1	6000	45976	171298	262	-128	0.31	0.31	0	
14/04/2011 14:01:08	TASTEGGIO	0	1	6000	45976	171299	252	-164	1.30	1.30	0	
14/04/2011 14:01:19	TASTEGGIO	0	1	6000	45976	171304	0	-10	1.18	1.18	0	
14/04/2011 14:01:37	TASTEGGIO	0	1	6000	45976	171310	321	-183	0.64	0.64	0	
14/04/2011 14:01:38	ALARM 401		
14/04/2011 14:02:13	ALARM 401		
14/04/2011 14:02:14	ALARM 401		
14/04/2011 14:02:15	ALARM 401		
14/04/2011 14:02:16	ALARM 401		
14/04/2011 14:02:17	ALARM 401		
14/04/2011 14:02:19	ALARM 401		
14/04/2011 14:02:46	TASTEGGIO	0	1	6000	45976	126877	321	-183	0.39	0.62	-44500	
14/04/2011 14:03:10	TASTEGGIO	1	0	6000	45976	171289	291	-211	1.45	1.45	0	
14/04/2011 14:03:21	TASTEGGIO	0	1	6000	45976	171296	0	-11	1.32	1.32	0	
14/04/2011 14:03:40	TASTEGGIO	0	1	6000	45976	171303	360	-228	0.94	0.94	0	
14/04/2011 14:04:00	TASTEGGIO	0	1	6000	45976	171305	293	-198	1.02	1.02	0	
14/04/2011 14:04:17	TASTEGGIO	0	1	6000	45976	171309	182	-64	0.39	0.39	0	
14/04/2011 14:04:35	TASTEGGIO	0	0	6000	45976	171313	261	-136	0.94	0.94	0	
14/04/2011 14:04:47	TASTEGGIO	0	1	6000	45976	171314	34	-14	0.79	0.79	0	
14/04/2011 14:05:05	TASTEGGIO	0	2	6000	45976	171314	166	-66	0.13	0.13	0	
14/04/2011 14:05:08	ALARM 214	proc 12 prog 72 step 48	ABS_MOVE 7 stopped
14/04/2011 14:05:13	ALARM 201		err.6058
14/04/2011 14:07:05	TASTEGGIO	0	2	6000	45976	126864	90	-7	0.22	0.33	-44500	
14/04/2011 14:07:25	TASTEGGIO	1	0	6000	45976	171280	115	-23	0.10	0.10	0	
14/04/2011 14:07:35	TASTEGGIO	1	0	6000	45976	126869	115	-23	0.04	0.11	-44500	
14/04/2011 14:07:55	TASTEGGIO	1	0	6000	45976	171275	78	-1	0.09	0.09	0	
14/04/2011 14:08:11	TASTEGGIO	0	1	6000	45976	171280	85	-1	0.09	0.09	0	
14/04/2011 14:08:26	TASTEGGIO	0	1	6000	45976	171282	112	-14	0.04	0.04	0	
14/04/2011 14:08:36	TASTEGGIO	0	1	6000	45976	126869	112	-14	0.06	0.07	44500	
14/04/2011 14:10:43	TASTEGGIO	0	1	6000	45976	126867	112	-14	0.29	0.51	-44500	
14/04/2011 14:11:04	TASTEGGIO	1	0	6000	45976	171272	145	-26	0.54	0.54	0	
14/04/2011 14:11:23	TASTEGGIO	0	1	6000	45976	171278	259	-91	0.35	0.35	0	
14/04/2011 14:11:42	TASTEGGIO	0	1	6000	45976	171285	236	-134	0.96	0.96	0	
14/04/2011 14:11:53	TASTEGGIO	0	1	6000	45976	171288	0	-8	0.87	0.87	0	
14/04/2011 14:12:10	TASTEGGIO	0	1	6000	45976	171291	235	-69	0.20	0.20	0	
14/04/2011 14:12:25	TASTEGGIO	0	0	6000	45976	171293	93	0	0.20	0.20	0	
14/04/2011 14:12:41	TASTEGGIO	0	1	6000	45976	171295	133	-1	0.19	0.19	0	
14/04/2011 14:12:59	TASTEGGIO	0	1	6000	45976	171295	187	-16	0.04	0.04	0	
14/04/2011 14:13:10	TASTEGGIO	0	1	6000	45976	126877	187	-16	0.14	0.31	44500	
14/04/2011 14:13:30	TASTEGGIO	1	0	6000	45976	82443	112	-2	0.28	0.28	0	
14/04/2011 14:13:47	TASTEGGIO	0	1	6000	45976	82438	162	-7	0.20	0.20	0	
14/04/2011 14:14:04	TASTEGGIO	0	2	6000	45976	82434	182	-13	0.08	0.08	0	
14/04/2011 14:14:15	TASTEGGIO	0	2	6000	45976	126745	182	-13	0.13	0.16	-44500	
14/04/2011 14:14:35	TASTEGGIO	1	0	6000	45976	171153	86	-2	0.15	0.15	0	
14/04/2011 14:14:51	TASTEGGIO	0	1	6000	45976	171157	114	-1	0.14	0.14	0	
14/04/2011 14:15:01	TASTEGGIO	0	1	6000	45976	126871	114	-1	0.12	0.14	-44500	
14/04/2011 14:15:21	TASTEGGIO	1	0	6000	45976	171285	83	-1	0.15	0.15	0	
14/04/2011 14:15:37	TASTEGGIO	0	1	6000	45976	171290	115	0	0.14	0.14	0	
14/04/2011 14:15:54	TASTEGGIO	0	1	6000	45976	171295	154	-2	0.13	0.13	0	
14/04/2011 14:16:12	TASTEGGIO	0	1	6000	45976	171296	190	-9	0.06	0.06	0	
14/04/2011 14:16:22	TASTEGGIO	0	1	6000	45976	126871	190	-9	0.09	0.14	44500	
14/04/2011 14:16:42	TASTEGGIO	1	0	6000	45976	82443	83	-1	0.13	0.13	0	
14/04/2011 14:16:57	TASTEGGIO	0	1	6000	45976	82437	107	0	0.13	0.13	0	
14/04/2011 14:17:15	TASTEGGIO	0	1	6000	45976	82430	146	0	0.12	0.12	0	
14/04/2011 14:17:32	TASTEGGIO	0	1	6000	45976	82426	179	-3	0.08	0.08	0	
14/04/2011 14:17:43	TASTEGGIO	0	1	6000	45976	126746	179	-3	0.12	0.12	0	
14/04/2011 14:18:02	TASTEGGIO	1	0	6000	45976	126742	80	-4	0.08	0.08	0	
14/04/2011 14:18:10	TASTEGGIO	1	0	6000	45976	126746	80	-4	0.09	0.12	44500	
14/04/2011 14:18:29	TASTEGGIO	1	0	6000	45976	82307	80	0	0.10	0.10	0	
14/04/2011 14:18:39	TASTEGGIO	1	0	6000	45976	126740	80	0	0.09	0.11	44500	
14/04/2011 14:20:38	TASTEGGIO	1	0	6000	45975	126872	80	0	0.22	0.31	-24500	
14/04/2011 14:21:00	TASTEGGIO	1	0	6000	45975	151299	112	-10	0.22	0.22	0	
14/04/2011 14:21:17	TASTEGGIO	0	1	6000	45975	151301	127	-11	0.12	0.12	0	
14/04/2011 14:21:26	TASTEGGIO	0	1	6000	45975	126872	127	-11	0.06	0.15	-44500	
14/04/2011 14:21:47	TASTEGGIO	1	0	6000	45975	171277	85	-4	0.11	0.11	0	
14/04/2011 14:21:57	TASTEGGIO	1	0	6000	45975	126879	85	-4	0.04	0.11	-44500	
14/04/2011 14:22:17	TASTEGGIO	1	0	6000	45975	171285	78	-1	0.11	0.11	0	
14/04/2011 14:22:34	TASTEGGIO	0	1	6000	45975	171289	100	-5	0.07	0.07	0	
14/04/2011 14:22:44	TASTEGGIO	0	1	6000	45975	126878	100	-5	0.01	0.07	-44500	
14/04/2011 14:24:49	TASTEGGIO	0	1	6000	45975	126868	100	-5	0.17	0.17	0	
14/04/2011 14:25:08	TASTEGGIO	1	0	6000	45975	126873	88	-4	0.14	0.14	0	
14/04/2011 14:25:16	TASTEGGIO	1	0	6000	45975	126866	88	-4	0.15	0.15	0	
14/04/2011 14:25:35	TASTEGGIO	1	0	6000	45975	126871	85	0	0.14	0.14	0	
14/04/2011 14:25:43	TASTEGGIO	1	0	6000	45975	126862	85	0	0.14	0.14	0	
14/04/2011 14:26:02	TASTEGGIO	1	0	6000	45975	126867	83	0	0.14	0.14	0	
14/04/2011 14:26:20	TASTEGGIO	0	1	6000	45975	126867	111	-7	0.07	0.07	0	
14/04/2011 14:26:28	TASTEGGIO	0	1	6000	45975	126859	111	-7	0.07	0.07	0	
14/04/2011 14:27:28	ALARM 307	proc 2 prog 51 step 61	inverter error 8
14/04/2011 14:33:23	TASTEGGIO	0	1	6000	45989	126967	111	-7	0.81	1.02	44500	
14/04/2011 14:33:46	TASTEGGIO	1	0	6000	45989	82532	231	-19	0.82	0.82	0	
14/04/2011 14:34:04	TASTEGGIO	0	1	6000	45989	82524	296	-86	0.13	0.13	0	
14/04/2011 14:34:14	TASTEGGIO	0	1	6000	45989	126849	296	-86	0.08	0.17	-44500	
14/04/2011 14:34:33	TASTEGGIO	1	0	6000	45989	171266	88	-4	0.14	0.14	0	
14/04/2011 14:34:44	TASTEGGIO	1	0	6000	45989	126975	88	-4	0.07	0.14	-44500	
14/04/2011 14:35:04	TASTEGGIO	1	0	6000	45989	171387	83	-1	0.13	0.13	0	
14/04/2011 14:35:21	TASTEGGIO	0	1	6000	45989	171394	107	-6	0.08	0.08	0	
14/04/2011 14:35:37	TASTEGGIO	0	2	6000	45989	171396	113	-6	0.03	0.03	0	
14/04/2011 14:35:47	TASTEGGIO	0	2	6000	45989	126974	113	-6	0.09	0.12	44500	
14/04/2011 14:36:06	TASTEGGIO	1	0	6000	45989	82537	80	-6	0.06	0.06	0	
14/04/2011 14:36:16	TASTEGGIO	1	0	6000	45989	126850	80	-6	0.04	0.06	44500	
14/04/2011 14:38:17	TASTEGGIO	1	0	6000	45975	126972	80	-6	1.03	1.03	0	
14/04/2011 14:38:37	TASTEGGIO	1	0	6000	45975	126978	233	-38	0.67	0.67	0	
14/04/2011 14:38:56	TASTEGGIO	0	1	6000	45975	126978	276	-95	0.26	0.26	0	
14/04/2011 14:39:15	TASTEGGIO	0	1	6000	45975	126978	265	-275	2.44	2.44	0	
14/04/2011 14:39:26	TASTEGGIO	0	1	6000	45975	126977	0	-13	2.29	2.29	0	
14/04/2011 14:39:45	TASTEGGIO	0	1	6000	45975	126978	400	-188	0.53	0.53	0	
14/04/2011 14:40:03	TASTEGGIO	0	0	6000	45975	126978	149	-4	0.50	0.50	0	
14/04/2011 14:40:23	TASTEGGIO	0	1	6000	45975	126978	243	-49	0.04	0.04	0	
14/04/2011 14:40:30	TASTEGGIO	0	1	6000	45975	126970	243	-49	0.04	0.14	-44500	
14/04/2011 14:40:50	TASTEGGIO	1	0	6000	45975	171373	83	-6	0.09	0.09	0	
14/04/2011 14:41:06	TASTEGGIO	0	1	6000	45975	171380	88	-4	0.05	0.05	0	
14/04/2011 14:41:16	TASTEGGIO	0	1	6000	45975	126978	88	-4	0.04	0.07	24500	
14/04/2011 14:43:07	TASTEGGIO	0	1	6000	45975	126862	88	-4	1.07	1.07	0	
14/04/2011 14:43:29	TASTEGGIO	1	0	6000	45975	126868	239	-46	0.62	0.62	0	
14/04/2011 14:43:47	TASTEGGIO	0	1	6000	45975	126868	274	-104	0.39	0.39	0	
14/04/2011 14:44:07	TASTEGGIO	0	1	6000	45975	126868	249	-227	1.83	1.83	0	
14/04/2011 14:44:18	TASTEGGIO	0	1	6000	45975	126868	0	-10	1.71	1.71	0	
14/04/2011 14:44:38	TASTEGGIO	0	1	6000	45975	126868	400	-245	0.85	0.85	0	
14/04/2011 14:44:56	TASTEGGIO	0	1	6000	45975	126869	357	-382	0.01	0.01	0	
14/04/2011 14:45:03	TASTEGGIO	0	1	6000	45975	126864	357	-382	0.00	0.01	44500	
14/04/2011 14:47:00	ALARM 314	proc 2 prog 51 step 61	go_abs inv_ax 7 code -1
14/04/2011 14:50:56	TASTEGGIO	0	1	6000	45989	126972	357	-382	0.04	0.13	24500	
14/04/2011 14:51:16	TASTEGGIO	1	0	6000	45989	102525	81	-2	0.11	0.11	0	
14/04/2011 14:51:34	TASTEGGIO	0	1	6000	45989	102522	90	0	0.10	0.10	0	
14/04/2011 14:51:50	TASTEGGIO	0	1	6000	45989	102518	117	-2	0.07	0.07	0	
14/04/2011 14:52:00	TASTEGGIO	0	1	6000	45989	126846	117	-2	0.01	0.08	-44500	
14/04/2011 14:52:20	TASTEGGIO	1	0	6000	45989	171251	73	-3	0.07	0.07	0	
14/04/2011 14:52:31	TASTEGGIO	1	0	6000	45989	126973	73	-3	0.02	0.09	24500	
14/04/2011 14:52:51	TASTEGGIO	1	0	6000	45989	102514	75	0	0.08	0.08	0	
14/04/2011 14:53:08	TASTEGGIO	0	1	6000	45989	102512	82	0	0.08	0.08	0	
14/04/2011 14:53:25	TASTEGGIO	0	1	6000	45989	102509	106	0	0.07	0.07	0	
14/04/2011 14:53:35	TASTEGGIO	0	1	6000	45989	126847	106	0	0.02	0.09	24500	
14/04/2011 14:53:55	TASTEGGIO	1	0	6000	45989	102400	75	0	0.08	0.08	0	
14/04/2011 14:54:12	TASTEGGIO	0	1	6000	45989	102398	82	0	0.07	0.07	0	
14/04/2011 14:54:21	TASTEGGIO	0	1	6000	45989	126836	82	0	0.01	0.09	24500	
14/04/2011 14:54:41	TASTEGGIO	1	0	6000	45989	102399	75	-1	0.08	0.08	0	
14/04/2011 14:54:51	TASTEGGIO	1	0	6000	45989	126834	75	-1	0.01	0.09	24500	
14/04/2011 14:55:11	TASTEGGIO	1	0	6000	45989	102397	75	0	0.08	0.08	0	
14/04/2011 14:55:21	TASTEGGIO	1	0	6000	45989	126829	75	0	0.02	0.09	24500	
14/04/2011 14:57:10	TASTEGGIO	1	0	6000	45975	126971	75	0	0.16	0.25	-44500	
14/04/2011 14:57:30	TASTEGGIO	1	0	6000	45975	171367	102	-4	0.22	0.22	0	
14/04/2011 14:57:46	TASTEGGIO	0	1	6000	45975	171372	121	-4	0.19	0.19	0	
14/04/2011 14:58:04	TASTEGGIO	0	2	6000	45975	171374	153	-14	0.07	0.07	0	
14/04/2011 14:58:14	TASTEGGIO	0	2	6000	45975	126981	153	-14	0.13	0.14	44500	
14/04/2011 14:58:34	TASTEGGIO	1	0	6000	45975	82545	83	0	0.12	0.12	0	
14/04/2011 14:58:50	TASTEGGIO	0	1	6000	45975	82539	93	0	0.12	0.12	0	
14/04/2011 14:59:06	TASTEGGIO	0	1	6000	45975	82532	129	-2	0.10	0.10	0	
14/04/2011 14:59:24	TASTEGGIO	0	2	6000	45975	82527	145	-3	0.08	0.08	0	
14/04/2011 14:59:41	TASTEGGIO	0	3	6000	45975	82523	156	-3	0.05	0.05	0	
14/04/2011 14:59:52	TASTEGGIO	0	3	6000	45975	126848	156	-3	0.07	0.07	-44500	
14/04/2011 15:00:49	ALARM 17	proc 12 prog 10 step 47	LavoroTerminato
14/04/2011 15:05:56	INIT OK
14/04/2011 15:06:01	ALARM 203		err.0
14/04/2011 15:06:05	ALARM 203		err.4005
14/04/2011 15:06:06	ALARM 203		err.6059
14/04/2011 15:06:15	ALARM 203		err.6059
14/04/2011 15:06:16	ALARM 203		err.6059
14/04/2011 15:06:18	ALARM 203		err.6059
14/04/2011 15:06:19	ALARM 203		err.6059
14/04/2011 15:06:23	ALARM 203		err.6059
14/04/2011 15:10:01	ALARM 406		
14/04/2011 15:12:21	ALARM 401		
14/04/2011 15:12:23	INIT OK
14/04/2011 15:15:02	TASTEGGIO	0	0	6000	45975	126976	0	0	0.13	0.22	-24500	
14/04/2011 15:15:24	TASTEGGIO	1	0	6000	45975	151409	255	-177	1.50	1.50	0	
14/04/2011 15:15:35	TASTEGGIO	0	1	6000	45975	151414	0	-10	1.39	1.39	0	
14/04/2011 15:15:55	TASTEGGIO	0	1	6000	45975	151418	385	-320	1.74	1.74	0	
14/04/2011 15:16:10	TASTEGGIO	0	1	6000	45975	151418	167	-32	1.40	1.40	0	
14/04/2011 15:16:29	ALARM 401		
14/04/2011 15:16:33	ALARM 205		err.6058
14/04/2011 15:16:53	TASTEGGIO	0	2	6000	45975	126981	392	-318	1.55	1.70	-24500	
14/04/2011 15:17:17	TASTEGGIO	1	0	6000	45975	151417	345	-231	0.60	0.60	0	
14/04/2011 15:17:37	TASTEGGIO	0	1	6000	45975	151418	323	-278	2.11	2.11	0	
14/04/2011 15:17:48	TASTEGGIO	0	1	6000	45975	151420	0	-16	1.93	1.93	0	
14/04/2011 15:18:07	TASTEGGIO	0	1	6000	45975	151424	400	-286	0.91	0.91	0	
14/04/2011 15:18:27	TASTEGGIO	0	1	6000	45975	151425	357	-325	2.28	2.28	0	
14/04/2011 15:18:38	TASTEGGIO	0	1	6000	45975	151425	0	-17	2.10	2.10	0	
14/04/2011 15:18:58	TASTEGGIO	0	1	6000	45975	151428	400	-260	0.54	0.54	0	
14/04/2011 15:19:18	TASTEGGIO	0	1	6000	45975	151428	386	-434	3.73	3.73	0	
14/04/2011 15:19:21	ALARM 817	proc 12 prog 11 step 56	eccentricity = 3.73 mm
14/04/2011 15:19:38	TASTEGGIO	0	1	6000	45975	126969	386	-434	1.65	1.65	0	
14/04/2011 15:19:53	ALARM 19	proc 1 prog 2 step 8	Tondo Non Presente Su Carrello 2
14/04/2011 15:19:59	ALARM 201		err.6058
14/04/2011 15:20:15	TASTEGGIO	1	0	6000	45975	126969	337	0	0.00	0.00	44500	
14/04/2011 15:21:30	ALARM 17	proc 12 prog 10 step 47	LavoroTerminato
14/04/2011 15:22:09	ALARM 401		
14/04/2011 15:22:23	ALARM 401		
14/04/2011 15:22:24	ALARM 401		
14/04/2011 15:25:32	TASTEGGIO	1	0	6000	45974	126979	337	0	0.21	0.23	24500	
14/04/2011 15:25:52	TASTEGGIO	1	0	6000	45974	102517	96	-2	0.20	0.20	0	
14/04/2011 15:26:10	TASTEGGIO	0	1	6000	45974	102517	113	-1	0.19	0.19	0	
14/04/2011 15:26:28	TASTEGGIO	0	1	6000	45974	102515	167	-15	0.08	0.08	0	
14/04/2011 15:26:37	TASTEGGIO	0	1	6000	45974	126852	167	-15	0.07	0.11	44500	
14/04/2011 15:26:56	TASTEGGIO	1	0	6000	45974	82422	77	0	0.10	0.10	0	
14/04/2011 15:27:12	TASTEGGIO	0	1	6000	45974	82415	95	0	0.10	0.10	0	
14/04/2011 15:27:28	TASTEGGIO	0	1	6000	45974	82406	125	0	0.08	0.08	0	
14/04/2011 15:27:45	TASTEGGIO	0	2	6000	45974	82400	134	-1	0.07	0.07	0	
14/04/2011 15:27:55	TASTEGGIO	0	2	6000	45974	126844	134	-1	0.05	0.12	-24500	
14/04/2011 15:28:16	TASTEGGIO	1	0	6000	45974	151273	78	-3	0.09	0.09	0	
14/04/2011 15:28:32	TASTEGGIO	0	1	6000	45974	151274	84	-1	0.07	0.07	0	
14/04/2011 15:28:42	TASTEGGIO	0	1	6000	45974	126967	84	-1	0.04	0.10	44500	
14/04/2011 15:29:01	TASTEGGIO	1	0	6000	45974	82532	75	0	0.10	0.10	0	
14/04/2011 15:29:17	TASTEGGIO	0	1	6000	45974	82524	95	0	0.09	0.09	0	
14/04/2011 15:29:33	TASTEGGIO	0	2	6000	45974	82518	111	0	0.09	0.09	0	
14/04/2011 15:29:51	TASTEGGIO	0	1	6000	45974	82513	147	-2	0.07	0.07	0	
14/04/2011 15:30:01	TASTEGGIO	0	1	6000	45974	126846	147	-2	0.02	0.09	44500	
14/04/2011 15:30:20	TASTEGGIO	1	0	6000	45974	82413	74	0	0.08	0.08	0	
14/04/2011 15:30:30	TASTEGGIO	1	0	6000	45974	126842	74	0	0.02	0.08	-24500	
14/04/2011 15:31:43	ALARM 17	proc 12 prog 10 step 47	LavoroTerminato
14/04/2011 15:33:25	TASTEGGIO	1	0	6000	45974	126971	74	0	0.41	0.55	44500	
14/04/2011 15:33:45	TASTEGGIO	1	0	6000	45974	82532	146	-5	0.52	0.52	0	
14/04/2011 15:34:05	TASTEGGIO	0	1	6000	45974	82522	244	-62	0.19	0.19	0	
14/04/2011 15:34:23	TASTEGGIO	0	1	6000	45974	82519	237	-107	0.87	0.87	0	
14/04/2011 15:34:35	TASTEGGIO	0	1	6000	45974	82514	0	-7	0.79	0.79	0	
14/04/2011 15:34:52	TASTEGGIO	0	1	6000	45974	82513	214	-46	0.33	0.33	0	
14/04/2011 15:35:08	TASTEGGIO	0	0	6000	45974	82509	112	0	0.33	0.33	0	
14/04/2011 15:35:26	TASTEGGIO	0	1	6000	45974	82507	178	-10	0.23	0.23	0	
14/04/2011 15:35:45	TASTEGGIO	0	2	6000	45974	82507	200	-32	0.10	0.10	0	
14/04/2011 15:35:56	TASTEGGIO	0	2	6000	45974	126851	200	-32	0.08	0.13	-24500	
14/04/2011 15:36:16	TASTEGGIO	1	0	6000	45974	151287	80	-6	0.09	0.09	0	
14/04/2011 15:36:32	TASTEGGIO	0	1	6000	45974	151288	86	-3	0.06	0.06	0	
14/04/2011 15:36:42	TASTEGGIO	0	1	6000	45974	126976	86	-3	0.02	0.07	-44500	
14/04/2011 15:38:44	TASTEGGIO	0	1	6000	45974	126971	86	-3	0.34	0.38	-44500	
14/04/2011 15:39:05	TASTEGGIO	1	0	6000	45974	171363	119	-6	0.33	0.33	0	
14/04/2011 15:39:23	TASTEGGIO	0	1	6000	45974	171368	147	-13	0.21	0.21	0	
14/04/2011 15:39:39	TASTEGGIO	0	2	6000	45974	171374	165	-26	0.05	0.05	0	
14/04/2011 15:39:50	TASTEGGIO	0	2	6000	45974	126976	165	-26	0.03	0.04	-44500	
14/04/2011 15:41:49	TASTEGGIO	0	2	6000	45974	126969	165	-26	0.28	0.33	44500	
14/04/2011 15:42:09	TASTEGGIO	1	0	6000	45974	82530	112	-2	0.32	0.32	0	
14/04/2011 15:42:27	TASTEGGIO	0	1	6000	45974	82524	174	-13	0.19	0.19	0	
14/04/2011 15:42:45	TASTEGGIO	0	2	6000	45974	82517	189	-17	0.07	0.07	0	
14/04/2011 15:42:55	TASTEGGIO	0	2	6000	45974	126850	189	-17	0.06	0.14	-44500	
14/04/2011 15:43:15	TASTEGGIO	1	0	6000	45974	171250	82	-3	0.10	0.10	0	
14/04/2011 15:43:31	TASTEGGIO	0	1	6000	45974	171255	89	-2	0.08	0.08	0	
14/04/2011 15:43:47	TASTEGGIO	0	2	6000	45974	171260	98	-3	0.06	0.06	0	
14/04/2011 15:43:58	TASTEGGIO	0	2	6000	45974	126978	98	-3	0.03	0.06	44500	
14/04/2011 15:46:05	TASTEGGIO	0	2	6000	45974	126866	98	-3	0.18	0.18	0	
14/04/2011 15:46:23	TASTEGGIO	1	0	6000	45974	126871	88	-3	0.16	0.16	0	
14/04/2011 15:46:40	TASTEGGIO	0	1	6000	45974	126871	102	-1	0.14	0.14	0	
14/04/2011 15:46:47	TASTEGGIO	0	1	6000	45974	126863	102	-1	0.14	0.14	0	
14/04/2011 15:47:06	TASTEGGIO	1	0	6000	45974	126868	82	0	0.14	0.14	0	
14/04/2011 15:47:24	TASTEGGIO	0	1	6000	45974	126868	110	-2	0.11	0.11	0	
14/04/2011 15:47:40	TASTEGGIO	0	2	6000	45974	126868	122	-3	0.08	0.08	0	
14/04/2011 15:47:59	TASTEGGIO	0	3	6000	45974	126868	132	-7	0.03	0.03	0	
14/04/2011 15:48:07	TASTEGGIO	0	3	6000	45974	126861	132	-7	0.02	0.09	24500	
14/04/2011 15:48:27	TASTEGGIO	1	0	6000	45974	102407	74	-1	0.08	0.08	0	
14/04/2011 15:48:43	TASTEGGIO	0	1	6000	45974	102406	81	0	0.07	0.07	0	
14/04/2011 15:48:52	TASTEGGIO	0	1	6000	45974	126745	81	0	0.02	0.07	24500	
14/04/2011 15:50:53	TASTEGGIO	0	1	6000	45974	126969	81	0	0.05	0.11	-44500	
14/04/2011 15:51:13	TASTEGGIO	1	0	6000	45974	171363	77	-3	0.10	0.10	0	
14/04/2011 15:51:30	TASTEGGIO	0	1	6000	45974	171368	95	-3	0.07	0.07	0	
14/04/2011 15:51:40	TASTEGGIO	0	1	6000	45974	126977	95	-3	0.05	0.07	-44500	
14/04/2011 15:53:43	TASTEGGIO	0	1	6000	45974	126866	95	-3	0.55	0.73	44500	
14/04/2011 15:54:04	TASTEGGIO	1	0	6000	45974	82429	175	-8	0.66	0.66	0	
14/04/2011 15:54:23	TASTEGGIO	0	1	6000	45974	82424	293	-151	0.84	0.84	0	
14/04/2011 15:54:41	TASTEGGIO	0	1	6000	45974	82416	186	-45	0.37	0.37	0	
14/04/2011 15:54:58	TASTEGGIO	0	0	6000	45974	82410	118	-1	0.36	0.36	0	
14/04/2011 15:55:16	TASTEGGIO	0	1	6000	45974	82405	188	-49	0.13	0.13	0	
14/04/2011 15:55:26	TASTEGGIO	0	1	6000	45974	126749	188	-49	0.08	0.16	-44500	
14/04/2011 15:55:47	TASTEGGIO	1	0	6000	45974	171149	85	-7	0.10	0.10	0	
14/04/2011 15:55:57	TASTEGGIO	1	0	6000	45974	126874	85	-7	0.03	0.10	44500	
14/04/2011 15:56:15	TASTEGGIO	1	0	6000	45974	82430	75	-7	0.02	0.02	0	
14/04/2011 15:56:26	TASTEGGIO	1	0	6000	45974	126747	75	-7	0.05	0.08	-44500	
14/04/2011 15:56:46	TASTEGGIO	1	0	6000	45974	171147	72	-1	0.07	0.07	0	
14/04/2011 15:56:56	TASTEGGIO	1	0	6000	45974	126873	72	-1	0.05	0.06	-44500	
14/04/2011 15:58:58	TASTEGGIO	1	0	6000	45974	126867	72	-1	0.51	0.61	-24500	
14/04/2011 15:59:20	TASTEGGIO	1	0	6000	45974	151294	156	-18	0.45	0.45	0	
14/04/2011 15:59:38	TASTEGGIO	0	1	6000	45974	151295	189	-59	0.12	0.12	0	
14/04/2011 15:59:47	TASTEGGIO	0	1	6000	45974	126872	189	-59	0.15	0.15	0	
14/04/2011 16:00:07	TASTEGGIO	1	0	6000	45974	126877	83	-6	0.09	0.09	0	
14/04/2011 16:00:14	TASTEGGIO	1	0	6000	45974	126871	83	-6	0.09	0.10	24500	
14/04/2011 16:00:33	TASTEGGIO	1	0	6000	45974	102428	75	-1	0.09	0.09	0	
14/04/2011 16:00:48	TASTEGGIO	0	1	6000	45974	102426	83	-1	0.06	0.06	0	
14/04/2011 16:00:58	TASTEGGIO	0	1	6000	45974	126742	83	-1	0.07	0.08	-44500	
14/04/2011 16:01:18	TASTEGGIO	1	0	6000	45974	171149	72	-3	0.05	0.05	0	
14/04/2011 16:01:28	TASTEGGIO	1	0	6000	45974	126880	72	-3	0.07	0.08	24500	
14/04/2011 16:01:49	TASTEGGIO	1	0	6000	45974	102434	72	0	0.07	0.07	0	
14/04/2011 16:01:58	TASTEGGIO	1	0	6000	45974	126746	72	0	0.08	0.08	0	
14/04/2011 16:02:17	TASTEGGIO	1	0	6000	45974	126742	72	-1	0.07	0.07	0	
14/04/2011 16:02:25	TASTEGGIO	1	0	6000	45974	126745	72	-1	0.07	0.07	24500	
14/04/2011 16:04:25	TASTEGGIO	1	0	6000	45974	126866	72	-1	0.51	0.54	44500	
14/04/2011 16:04:47	TASTEGGIO	1	0	6000	45974	82433	145	-2	0.51	0.51	0	
14/04/2011 16:05:06	TASTEGGIO	0	1	6000	45974	82426	241	-55	0.14	0.14	0	
14/04/2011 16:05:16	TASTEGGIO	0	1	6000	45974	126751	241	-55	0.18	0.27	-44500	
14/04/2011 16:05:37	TASTEGGIO	1	0	6000	45974	171162	102	-3	0.22	0.22	0	
14/04/2011 16:05:53	TASTEGGIO	0	1	6000	45974	171165	119	-7	0.15	0.15	0	
14/04/2011 16:06:11	TASTEGGIO	0	2	6000	45974	171168	133	-20	0.12	0.12	0	
14/04/2011 16:06:21	TASTEGGIO	0	2	6000	45974	126873	133	-20	0.18	0.23	24500	
14/04/2011 16:06:42	TASTEGGIO	1	0	6000	45974	102424	96	-3	0.18	0.18	0	
14/04/2011 16:07:00	TASTEGGIO	0	1	6000	45974	102423	110	-3	0.15	0.15	0	
14/04/2011 16:07:17	TASTEGGIO	0	2	6000	45974	102421	134	-12	0.04	0.04	0	
14/04/2011 16:07:26	TASTEGGIO	0	2	6000	45974	126746	134	-12	0.02	0.05	24500	
14/04/2011 16:09:30	TASTEGGIO	0	2	6000	45974	126866	134	-12	0.07	0.22	44500	
14/04/2011 16:09:49	TASTEGGIO	1	0	6000	45974	82435	94	-2	0.20	0.20	0	
14/04/2011 16:10:06	TASTEGGIO	0	1	6000	45974	82429	130	-10	0.09	0.09	0	
14/04/2011 16:10:16	TASTEGGIO	0	1	6000	45974	126750	130	-10	0.02	0.10	44500	
14/04/2011 16:10:35	TASTEGGIO	1	0	6000	45974	82314	75	0	0.09	0.09	0	
14/04/2011 16:10:51	TASTEGGIO	0	1	6000	45974	82310	83	0	0.09	0.09	0	
14/04/2011 16:11:08	TASTEGGIO	0	1	6000	45974	82302	110	0	0.08	0.08	0	
14/04/2011 16:11:24	TASTEGGIO	0	2	6000	45974	82299	124	-7	0.04	0.04	0	
14/04/2011 16:11:34	TASTEGGIO	0	2	6000	45974	126747	124	-7	0.08	0.12	-24500	
14/04/2011 16:11:54	TASTEGGIO	1	0	6000	45974	151179	78	-11	0.04	0.04	0	
14/04/2011 16:12:04	TASTEGGIO	1	0	6000	45974	126876	78	-11	0.01	0.08	44500	
14/04/2011 16:13:05	ALARM 17	proc 12 prog 10 step 47	LavoroTerminato
14/04/2011 16:14:24	TASTEGGIO	1	0	6000	45974	126966	78	-11	0.46	0.46	0	
14/04/2011 16:14:44	TASTEGGIO	1	0	6000	45974	126970	132	-3	0.44	0.44	0	
14/04/2011 16:15:02	TASTEGGIO	0	1	6000	45974	126971	216	-16	0.30	0.30	0	
14/04/2011 16:15:22	TASTEGGIO	0	2	6000	45974	126970	244	-33	0.04	0.04	0	
14/04/2011 16:15:30	TASTEGGIO	0	2	6000	45974	126963	244	-33	0.05	0.34	44500	
14/04/2011 16:15:50	TASTEGGIO	1	0	6000	45974	82518	113	-11	0.21	0.21	0	
14/04/2011 16:16:07	TASTEGGIO	0	1	6000	45974	82513	125	-3	0.18	0.18	0	
14/04/2011 16:16:24	TASTEGGIO	0	2	6000	45974	82507	155	-7	0.11	0.11	0	
14/04/2011 16:16:34	TASTEGGIO	0	2	6000	45974	126849	155	-7	0.26	0.26	0	
14/04/2011 16:16:54	TASTEGGIO	1	0	6000	45974	126846	100	-4	0.23	0.23	0	
14/04/2011 16:17:12	TASTEGGIO	0	1	6000	45974	126846	120	-2	0.21	0.21	0	
14/04/2011 16:17:31	TASTEGGIO	0	1	6000	45974	126846	177	-5	0.18	0.18	0	
14/04/2011 16:17:50	TASTEGGIO	0	2	6000	45974	126846	207	-17	0.16	0.16	0	
14/04/2011 16:18:09	TASTEGGIO	0	3	6000	45974	126846	249	-182	1.68	1.68	0	
14/04/2011 16:18:21	TASTEGGIO	0	1	6000	45974	126846	0	-15	1.51	1.51	0	
14/04/2011 16:18:39	TASTEGGIO	0	2	6000	45974	126846	271	-115	0.65	0.65	0	
14/04/2011 16:18:56	TASTEGGIO	0	0	6000	45974	126846	162	-10	0.55	0.55	0	
14/04/2011 16:19:16	TASTEGGIO	0	1	6000	45974	126846	208	-27	0.32	0.32	0	
14/04/2011 16:19:34	TASTEGGIO	0	2	6000	45974	126846	234	-44	0.17	0.17	0	
14/04/2011 16:19:53	TASTEGGIO	0	1	6000	45974	126846	224	-149	1.34	1.34	0	
14/04/2011 16:20:04	TASTEGGIO	0	1	6000	45974	126846	0	-14	1.20	1.20	0	
14/04/2011 16:20:22	TASTEGGIO	0	2	6000	45974	126846	214	-62	0.60	0.60	0	
14/04/2011 16:20:39	TASTEGGIO	0	0	6000	45974	126846	154	-6	0.54	0.54	0	
14/04/2011 16:20:58	TASTEGGIO	0	1	6000	45974	126846	202	-48	0.23	0.23	0	
14/04/2011 16:21:15	TASTEGGIO	0	0	6000	45974	126846	96	-3	0.20	0.20	0	
14/04/2011 16:21:33	TASTEGGIO	0	1	6000	45974	126846	113	-2	0.19	0.19	0	
14/04/2011 16:21:51	TASTEGGIO	0	1	6000	45974	126846	167	-12	0.09	0.09	0	
14/04/2011 16:21:59	TASTEGGIO	0	1	6000	45974	126853	167	-12	0.10	0.29	-44500	
14/04/2011 16:22:19	TASTEGGIO	1	0	6000	45974	171257	105	-20	0.11	0.11	0	
14/04/2011 16:22:29	TASTEGGIO	1	0	6000	45974	126981	105	-20	0.27	0.27	0	
14/04/2011 16:22:49	TASTEGGIO	1	0	6000	45974	126985	102	-3	0.24	0.24	0	
14/04/2011 16:23:06	TASTEGGIO	0	1	6000	45974	126985	123	-2	0.22	0.22	0	
14/04/2011 16:23:25	TASTEGGIO	0	1	6000	45974	126985	183	-6	0.18	0.18	0	
14/04/2011 16:23:43	TASTEGGIO	0	2	6000	45974	126985	212	-17	0.03	0.03	0	
14/04/2011 16:23:51	TASTEGGIO	0	2	6000	45974	126980	212	-17	0.04	0.26	44500	
14/04/2011 16:24:11	TASTEGGIO	1	0	6000	45974	82540	100	-3	0.21	0.21	0	
14/04/2011 16:24:27	TASTEGGIO	0	1	6000	45974	82533	116	0	0.20	0.20	0	
14/04/2011 16:24:45	TASTEGGIO	0	1	6000	45974	82527	173	-8	0.10	0.10	0	
14/04/2011 16:24:56	TASTEGGIO	0	1	6000	45974	126851	173	-8	0.18	0.20	-24500	
14/04/2011 16:25:17	TASTEGGIO	1	0	6000	45974	151281	91	-10	0.14	0.14	0	
14/04/2011 16:25:26	TASTEGGIO	1	0	6000	45974	126971	91	-10	0.18	0.18	0	
14/04/2011 16:26:54	ALARM 17	proc 12 prog 10 step 47	LavoroTerminato
15/04/2011 07:47:34	TASTEGGIO	1	0	6000	45975	94469	91	-10	0.09	0.15	44500	
15/04/2011 07:47:52	TASTEGGIO	1	0	6000	45975	50017	83	-2	0.15	0.15	0	
15/04/2011 07:48:05	TASTEGGIO	0	1	6000	45975	50019	113	-1	0.14	0.14	0	
15/04/2011 07:48:16	TASTEGGIO	0	1	6000	45975	94437	113	-1	0.08	0.15	44500	
15/04/2011 07:48:33	TASTEGGIO	1	0	6000	45975	49988	83	0	0.15	0.15	0	
15/04/2011 07:48:47	TASTEGGIO	0	1	6000	45975	49988	113	-1	0.14	0.14	0	
15/04/2011 07:48:57	TASTEGGIO	0	1	6000	45975	94430	113	-1	0.08	0.15	44500	
15/04/2011 07:49:15	TASTEGGIO	1	0	6000	45975	49978	83	-1	0.15	0.15	0	
15/04/2011 07:49:29	TASTEGGIO	0	1	6000	45975	49976	113	-1	0.14	0.14	0	
15/04/2011 07:49:40	TASTEGGIO	0	1	6000	45975	94429	113	-1	0.08	0.15	44500	
15/04/2011 07:49:57	TASTEGGIO	1	0	6000	45975	49979	83	-1	0.14	0.14	0	
15/04/2011 07:50:08	TASTEGGIO	1	0	6000	45975	94430	83	-1	0.08	0.15	44500	
15/04/2011 07:50:25	TASTEGGIO	1	0	6000	45975	49980	83	0	0.14	0.14	0	
15/04/2011 07:50:36	TASTEGGIO	1	0	6000	45975	94429	83	0	0.08	0.15	44500	
15/04/2011 07:50:53	TASTEGGIO	1	0	6000	45975	49982	83	-1	0.15	0.15	0	
15/04/2011 07:51:07	TASTEGGIO	0	1	6000	45975	49980	113	-1	0.14	0.14	0	
15/04/2011 07:51:17	TASTEGGIO	0	1	6000	45975	94432	113	-1	0.08	0.15	44500	
15/04/2011 07:51:35	TASTEGGIO	1	0	6000	45975	49984	83	0	0.15	0.15	0	
15/04/2011 07:51:48	TASTEGGIO	0	1	6000	45975	49982	113	0	0.15	0.15	0	
15/04/2011 07:52:04	TASTEGGIO	0	1	6000	45975	49982	158	0	0.15	0.15	0	
15/04/2011 07:52:19	TASTEGGIO	0	1	6000	45975	49980	203	-4	0.11	0.11	0	
15/04/2011 07:52:30	TASTEGGIO	0	1	6000	45975	94432	203	-4	0.06	0.12	44500	
15/04/2011 07:52:47	TASTEGGIO	1	0	6000	45975	49985	78	0	0.12	0.12	0	
15/04/2011 07:53:02	TASTEGGIO	0	1	6000	45975	49981	102	0	0.11	0.11	0	
15/04/2011 07:53:16	TASTEGGIO	0	1	6000	45975	49977	132	0	0.11	0.11	0	
15/04/2011 07:53:31	TASTEGGIO	0	1	6000	45975	49975	165	0	0.11	0.11	0	
15/04/2011 07:53:47	TASTEGGIO	0	1	6000	45975	49973	198	-1	0.11	0.11	0	
15/04/2011 07:54:03	TASTEGGIO	0	1	6000	45975	49972	231	-11	0.02	0.02	0	
15/04/2011 07:54:13	TASTEGGIO	0	1	6000	45975	94431	231	-11	0.04	0.04	0	
15/04/2011 07:56:11	TASTEGGIO	0	1	6000	45975	94566	231	-11	0.08	0.08	0	
15/04/2011 07:56:25	TASTEGGIO	1	0	6000	45975	94577	72	0	0.08	0.08	0	
15/04/2011 07:56:38	TASTEGGIO	0	1	6000	45975	94581	88	0	0.08	0.08	0	
15/04/2011 07:56:54	TASTEGGIO	0	1	6000	45975	94582	112	0	0.07	0.07	0	
15/04/2011 07:57:02	TASTEGGIO	0	1	6000	45975	94565	112	0	0.07	0.07	0	
15/04/2011 07:58:58	TASTEGGIO	0	1	6000	45975	94569	112	0	0.06	0.18	44500	
15/04/2011 07:59:17	TASTEGGIO	1	0	6000	45975	50119	88	-2	0.17	0.17	0	
15/04/2011 07:59:31	TASTEGGIO	0	1	6000	45975	50119	120	-1	0.17	0.17	0	
15/04/2011 07:59:47	TASTEGGIO	0	1	6000	45975	50120	171	-1	0.15	0.15	0	
15/04/2011 08:00:03	TASTEGGIO	0	2	6000	45975	50117	197	-4	0.12	0.12	0	
15/04/2011 08:00:14	TASTEGGIO	0	2	6000	45975	94427	197	-4	0.04	0.13	44500	
15/04/2011 08:00:31	TASTEGGIO	1	0	6000	45975	49978	80	0	0.13	0.13	0	
15/04/2011 08:00:45	TASTEGGIO	0	1	6000	45975	49974	106	0	0.13	0.13	0	
15/04/2011 08:01:00	TASTEGGIO	0	1	6000	45975	49972	145	-1	0.13	0.13	0	
15/04/2011 08:01:15	TASTEGGIO	0	1	6000	45975	49973	184	-1	0.12	0.12	0	
15/04/2011 08:01:33	TASTEGGIO	0	1	6000	45975	49972	217	-7	0.08	0.08	0	
15/04/2011 08:01:50	TASTEGGIO	0	2	6000	45975	49971	224	-14	0.06	0.06	0	
15/04/2011 08:02:00	TASTEGGIO	0	2	6000	45975	94435	224	-14	0.12	0.12	0	
15/04/2011 08:02:15	TASTEGGIO	1	0	6000	45975	94431	78	0	0.11	0.11	0	
15/04/2011 08:02:28	TASTEGGIO	0	1	6000	45975	94431	98	0	0.11	0.11	0	
15/04/2011 08:02:44	TASTEGGIO	0	1	6000	45975	94432	131	-1	0.10	0.10	0	
15/04/2011 08:03:02	TASTEGGIO	0	1	6000	45975	94432	158	-5	0.06	0.06	0	
15/04/2011 08:03:09	TASTEGGIO	0	1	6000	45975	94437	158	-5	0.06	0.09	-44500	
15/04/2011 08:03:28	TASTEGGIO	1	0	6000	45975	138885	74	-1	0.08	0.08	0	
15/04/2011 08:03:42	TASTEGGIO	0	1	6000	45975	138887	81	0	0.07	0.07	0	
15/04/2011 08:03:52	TASTEGGIO	0	1	6000	45975	94564	81	0	0.05	0.06	-44500	
15/04/2011 08:05:49	TASTEGGIO	0	1	6000	45975	94580	81	0	0.39	0.47	24500	
15/04/2011 08:06:07	TASTEGGIO	1	0	6000	45975	70145	134	-2	0.44	0.44	0	
15/04/2011 08:06:23	TASTEGGIO	0	1	6000	45975	70141	216	-9	0.37	0.37	0	
15/04/2011 08:06:42	TASTEGGIO	0	2	6000	45975	70142	278	-54	0.26	0.26	0	
15/04/2011 08:07:01	TASTEGGIO	0	1	6000	45975	70138	259	-63	0.37	0.37	0	
15/04/2011 08:07:18	TASTEGGIO	0	1	6000	45975	70135	206	-27	0.12	0.12	0	
15/04/2011 08:07:28	TASTEGGIO	0	1	6000	45975	94432	206	-27	0.07	0.13	24500	
15/04/2011 08:07:45	TASTEGGIO	1	0	6000	45975	69980	80	0	0.12	0.12	0	
15/04/2011 08:07:58	TASTEGGIO	0	1	6000	45975	69975	102	0	0.12	0.12	0	
15/04/2011 08:08:14	TASTEGGIO	0	1	6000	45975	69972	138	0	0.12	0.12	0	
15/04/2011 08:08:30	TASTEGGIO	0	1	6000	45975	69971	174	-2	0.10	0.10	0	
15/04/2011 08:08:48	TASTEGGIO	0	2	6000	45975	69970	190	-3	0.07	0.07	0	
15/04/2011 08:08:58	TASTEGGIO	0	2	6000	45975	94427	190	-3	0.04	0.09	44500	
15/04/2011 08:09:16	TASTEGGIO	1	0	6000	45975	49968	74	-1	0.09	0.09	0	
15/04/2011 08:09:31	TASTEGGIO	0	1	6000	45975	49965	92	-1	0.09	0.09	0	
15/04/2011 08:09:45	TASTEGGIO	0	1	6000	45975	49964	119	-1	0.09	0.09	0	
15/04/2011 08:10:00	TASTEGGIO	0	1	6000	45975	49964	146	-1	0.08	0.08	0	
15/04/2011 08:10:16	TASTEGGIO	0	2	6000	45975	49964	160	-1	0.08	0.08	0	
15/04/2011 08:10:32	TASTEGGIO	0	1	6000	45975	49964	192	-3	0.06	0.06	0	
15/04/2011 08:10:42	TASTEGGIO	0	1	6000	45975	94430	192	-3	0.02	0.07	24500	
15/04/2011 08:12:37	TASTEGGIO	0	1	6000	45975	94575	192	-3	0.12	0.12	0	
15/04/2011 08:12:52	TASTEGGIO	1	0	6000	45975	94586	78	-1	0.12	0.12	0	
15/04/2011 08:13:07	TASTEGGIO	0	1	6000	45975	94589	102	-1	0.12	0.12	0	
15/04/2011 08:13:25	TASTEGGIO	0	1	6000	45975	94589	138	-3	0.09	0.09	0	
15/04/2011 08:13:41	TASTEGGIO	0	2	6000	45975	94589	147	-3	0.06	0.06	0	
15/04/2011 08:13:49	TASTEGGIO	0	2	6000	45975	94570	147	-3	0.06	0.08	24500	
15/04/2011 08:14:06	TASTEGGIO	1	0	6000	45975	70117	72	-1	0.07	0.07	0	
15/04/2011 08:14:16	TASTEGGIO	1	0	6000	45975	94433	72	-1	0.07	0.09	-44500	
15/04/2011 08:14:34	TASTEGGIO	1	0	6000	45975	138884	74	-2	0.08	0.08	0	
15/04/2011 08:14:47	TASTEGGIO	0	1	6000	45975	138885	81	0	0.08	0.08	0	
15/04/2011 08:15:02	TASTEGGIO	0	1	6000	45975	138886	105	-1	0.07	0.07	0	
15/04/2011 08:15:12	TASTEGGIO	0	1	6000	45975	94555	105	-1	0.06	0.08	24500	
15/04/2011 08:15:29	TASTEGGIO	1	0	6000	45975	70136	72	0	0.07	0.07	0	
15/04/2011 08:15:39	TASTEGGIO	1	0	6000	45975	94425	72	0	0.06	0.08	-44500	
15/04/2011 08:15:56	TASTEGGIO	1	0	6000	45975	138882	72	0	0.08	0.08	0	
15/04/2011 08:16:11	TASTEGGIO	0	1	6000	45975	138883	88	0	0.08	0.08	0	
15/04/2011 08:16:25	TASTEGGIO	0	1	6000	45975	138883	112	0	0.08	0.08	0	
15/04/2011 08:16:40	TASTEGGIO	0	1	6000	45975	138883	136	-1	0.07	0.07	0	
15/04/2011 08:16:50	TASTEGGIO	0	1	6000	45975	94546	136	-1	0.05	0.08	24500	
15/04/2011 08:17:06	TASTEGGIO	1	0	6000	45975	70127	72	0	0.07	0.07	0	
15/04/2011 08:17:15	TASTEGGIO	1	0	6000	45975	94422	72	0	0.05	0.08	24500	
15/04/2011 08:19:13	TASTEGGIO	1	0	6000	45975	94665	72	0	0.46	0.46	0	
15/04/2011 08:19:30	TASTEGGIO	1	0	6000	45975	94675	132	0	0.45	0.45	0	
15/04/2011 08:19:48	TASTEGGIO	0	1	6000	45975	94676	220	-23	0.24	0.24	0	
15/04/2011 08:20:05	TASTEGGIO	0	2	6000	45975	94676	238	-33	0.13	0.13	0	
15/04/2011 08:20:13	TASTEGGIO	0	2	6000	45975	94662	238	-33	0.12	0.12	0	
15/04/2011 08:20:27	TASTEGGIO	1	0	6000	45975	94671	78	-1	0.11	0.11	0	
15/04/2011 08:20:41	TASTEGGIO	0	1	6000	45975	94673	98	0	0.10	0.10	0	
15/04/2011 08:20:58	TASTEGGIO	0	1	6000	45975	94673	125	-1	0.08	0.08	0	
15/04/2011 08:21:14	TASTEGGIO	0	2	6000	45975	94674	134	-1	0.07	0.07	0	
15/04/2011 08:21:21	TASTEGGIO	0	2	6000	45975	94661	134	-1	0.07	0.08	44500	
15/04/2011 08:21:39	TASTEGGIO	1	0	6000	45975	50206	72	-1	0.07	0.07	0	
15/04/2011 08:21:49	TASTEGGIO	1	0	6000	45975	94526	72	-1	0.07	0.08	24500	
15/04/2011 08:22:06	TASTEGGIO	1	0	6000	45975	70076	72	0	0.08	0.08	0	
15/04/2011 08:22:21	TASTEGGIO	0	1	6000	45975	70070	88	0	0.07	0.07	0	
15/04/2011 08:22:30	TASTEGGIO	0	1	6000	45975	94528	88	0	0.07	0.07	-44500	
15/04/2011 08:24:31	TASTEGGIO	0	1	6000	45975	94574	88	0	0.15	0.23	44500	
15/04/2011 08:24:49	TASTEGGIO	1	0	6000	45975	50118	96	-2	0.21	0.21	0	
15/04/2011 08:25:03	TASTEGGIO	0	1	6000	45975	50120	134	-1	0.20	0.20	0	
15/04/2011 08:25:19	TASTEGGIO	0	1	6000	45975	50122	191	-6	0.15	0.15	0	
15/04/2011 08:25:35	TASTEGGIO	0	2	6000	45975	50120	206	-8	0.08	0.08	0	
15/04/2011 08:25:46	TASTEGGIO	0	2	6000	45975	94427	206	-8	0.10	0.10	0	
15/04/2011 08:26:00	TASTEGGIO	1	0	6000	45975	94423	75	0	0.10	0.10	0	
15/04/2011 08:26:15	TASTEGGIO	0	1	6000	45975	94423	95	0	0.10	0.10	0	
15/04/2011 08:26:31	TASTEGGIO	0	1	6000	45975	94424	125	-2	0.07	0.07	0	
15/04/2011 08:26:38	TASTEGGIO	0	1	6000	45975	94429	125	-2	0.07	0.07	24500	
15/04/2011 08:28:35	TASTEGGIO	0	1	6000	45975	94570	125	-2	0.59	0.72	-24500	
15/04/2011 08:28:55	TASTEGGIO	1	0	6000	45975	119030	173	-3	0.69	0.69	0	
15/04/2011 08:29:13	TASTEGGIO	0	1	6000	45975	119031	305	-85	0.20	0.20	0	
15/04/2011 08:29:32	TASTEGGIO	0	1	6000	45975	119031	299	-119	1.31	1.31	0	
15/04/2011 08:29:43	TASTEGGIO	0	1	6000	45975	119032	0	-21	1.09	1.09	0	
15/04/2011 08:29:58	TASTEGGIO	0	2	6000	45975	119033	181	-18	0.91	0.91	0	
15/04/2011 08:30:17	TASTEGGIO	0	3	6000	45975	119033	400	-286	1.91	1.91	0	
15/04/2011 08:30:25	ALARM 218	proc 12 prog 11 step 67	INIT_LIMITS 5
15/04/2011 08:30:49	TASTEGGIO	0	1	6000	45975	94549	0	-25	1.35	1.65	-24500	
15/04/2011 08:31:10	TASTEGGIO	1	0	6000	45975	119017	320	-83	0.82	0.82	0	
15/04/2011 08:31:27	TASTEGGIO	0	0	6000	45975	119018	189	0	0.81	0.81	0	
15/04/2011 08:31:46	TASTEGGIO	0	1	6000	45975	119018	349	-123	0.42	0.42	0	
15/04/2011 08:32:05	TASTEGGIO	0	1	6000	45975	119018	327	-205	1.60	1.60	0	
15/04/2011 08:32:16	TASTEGGIO	0	1	6000	45975	119018	0	-20	1.40	1.40	0	
15/04/2011 08:32:32	TASTEGGIO	0	2	6000	45975	119018	245	-29	1.09	1.09	0	
15/04/2011 08:32:51	TASTEGGIO	0	3	6000	45975	119019	391	-182	0.78	0.78	0	
15/04/2011 08:33:10	TASTEGGIO	0	1	6000	45975	119019	335	-178	1.00	1.00	0	
15/04/2011 08:33:27	TASTEGGIO	0	1	6000	45975	119019	206	-41	0.58	0.58	0	
15/04/2011 08:33:45	TASTEGGIO	0	2	6000	45975	119019	253	-60	0.14	0.14	0	
15/04/2011 08:33:55	TASTEGGIO	0	2	6000	45975	94555	253	-60	0.12	0.23	-44500	
15/04/2011 08:34:13	TASTEGGIO	1	0	6000	45975	139024	96	-2	0.22	0.22	0	
15/04/2011 08:34:29	TASTEGGIO	0	1	6000	45975	139024	138	-1	0.20	0.20	0	
15/04/2011 08:34:44	TASTEGGIO	0	1	6000	45975	139024	192	-15	0.06	0.06	0	
15/04/2011 08:34:55	TASTEGGIO	0	1	6000	45975	94563	192	-15	0.06	0.12	24500	
15/04/2011 08:35:12	TASTEGGIO	1	0	6000	45975	70135	78	-2	0.09	0.09	0	
15/04/2011 08:35:21	TASTEGGIO	1	0	6000	45975	94419	78	-2	0.04	0.09	24500	
15/04/2011 08:37:22	TASTEGGIO	1	0	6000	45975	94580	78	-2	0.50	0.54	24500	
15/04/2011 08:37:40	TASTEGGIO	1	0	6000	45975	70142	145	-1	0.51	0.51	0	
15/04/2011 08:37:59	TASTEGGIO	0	1	6000	45975	70137	241	-22	0.32	0.32	0	
15/04/2011 08:38:17	TASTEGGIO	0	2	6000	45975	70132	269	-38	0.07	0.07	0	
15/04/2011 08:38:26	TASTEGGIO	0	2	6000	45975	94425	269	-38	0.14	0.14	0	
15/04/2011 08:38:40	TASTEGGIO	1	0	6000	45975	94422	82	0	0.13	0.13	0	
15/04/2011 08:38:55	TASTEGGIO	0	1	6000	45975	94421	106	0	0.13	0.13	0	
15/04/2011 08:39:12	TASTEGGIO	0	1	6000	45975	94422	145	-3	0.10	0.10	0	
15/04/2011 08:39:29	TASTEGGIO	0	2	6000	45975	94422	155	-3	0.07	0.07	0	
15/04/2011 08:39:37	TASTEGGIO	0	2	6000	45975	94429	155	-3	0.07	0.14	44500	
15/04/2011 08:39:55	TASTEGGIO	1	0	6000	45975	49968	82	-1	0.12	0.12	0	
15/04/2011 08:40:10	TASTEGGIO	0	1	6000	45975	49965	92	0	0.11	0.11	0	
15/04/2011 08:40:23	TASTEGGIO	0	1	6000	45975	49961	122	-1	0.12	0.12	0	
15/04/2011 08:40:38	TASTEGGIO	0	1	6000	45975	49959	161	-2	0.10	0.10	0	
15/04/2011 08:40:55	TASTEGGIO	0	2	6000	45975	49959	177	-3	0.08	0.08	0	
15/04/2011 08:41:10	TASTEGGIO	0	3	6000	45975	49957	188	-3	0.05	0.05	0	
15/04/2011 08:41:21	TASTEGGIO	0	3	6000	45975	94426	188	-3	0.12	0.13	-24500	
15/04/2011 08:41:39	TASTEGGIO	1	0	6000	45975	118894	80	-1	0.12	0.12	0	
15/04/2011 08:41:54	TASTEGGIO	0	1	6000	45975	118894	102	0	0.12	0.12	0	
15/04/2011 08:42:11	TASTEGGIO	0	1	6000	45975	118894	138	-3	0.09	0.09	0	
15/04/2011 08:42:28	TASTEGGIO	0	2	6000	45975	118895	147	-2	0.07	0.07	0	
15/04/2011 08:42:38	TASTEGGIO	0	2	6000	45975	94548	147	-2	0.07	0.10	44500	
15/04/2011 08:42:56	TASTEGGIO	1	0	6000	45975	50119	75	0	0.08	0.08	0	
15/04/2011 08:43:10	TASTEGGIO	0	1	6000	45975	50113	81	0	0.08	0.08	0	
15/04/2011 08:43:24	TASTEGGIO	0	1	6000	45975	50103	105	0	0.08	0.08	0	
15/04/2011 08:43:39	TASTEGGIO	0	1	6000	45975	50097	129	0	0.08	0.08	0	
15/04/2011 08:43:53	TASTEGGIO	0	1	6000	45975	50092	153	0	0.08	0.08	0	
15/04/2011 08:44:10	TASTEGGIO	0	1	6000	45975	50090	177	-1	0.08	0.08	0	
15/04/2011 08:44:27	TASTEGGIO	0	1	6000	45975	50088	201	-7	0.04	0.04	0	
15/04/2011 08:44:37	TASTEGGIO	0	1	6000	45975	94423	201	-7	0.12	0.12	0	
15/04/2011 08:44:53	TASTEGGIO	1	0	6000	45975	94420	78	0	0.12	0.12	0	
15/04/2011 08:45:07	TASTEGGIO	0	1	6000	45975	94419	102	0	0.12	0.12	0	
15/04/2011 08:45:25	TASTEGGIO	0	1	6000	45975	94420	138	-1	0.11	0.11	0	
15/04/2011 08:45:42	TASTEGGIO	0	1	6000	45975	94420	168	-5	0.07	0.07	0	
15/04/2011 08:45:50	TASTEGGIO	0	1	6000	45975	94431	168	-5	0.07	0.07	-24500	
15/04/2011 08:47:49	TASTEGGIO	0	1	6000	45975	94675	168	-5	0.16	0.16	0	
15/04/2011 08:48:05	TASTEGGIO	1	0	6000	45975	94685	85	-1	0.16	0.16	0	
15/04/2011 08:48:22	TASTEGGIO	0	1	6000	45975	94686	117	-1	0.15	0.15	0	
15/04/2011 08:48:38	TASTEGGIO	0	1	6000	45975	94686	159	-5	0.10	0.10	0	
15/04/2011 08:48:46	TASTEGGIO	0	1	6000	45975	94669	159	-5	0.10	0.10	0	
15/04/2011 08:49:00	TASTEGGIO	1	0	6000	45975	94680	75	0	0.10	0.10	0	
15/04/2011 08:49:14	TASTEGGIO	0	1	6000	45975	94681	95	0	0.10	0.10	0	
15/04/2011 08:49:30	TASTEGGIO	0	1	6000	45975	94681	125	0	0.09	0.09	0	
15/04/2011 08:49:47	TASTEGGIO	0	2	6000	45975	94681	141	0	0.09	0.09	0	
15/04/2011 08:50:05	TASTEGGIO	0	1	6000	45975	94681	177	-10	0.02	0.02	0	
15/04/2011 08:50:13	TASTEGGIO	0	1	6000	45975	94665	177	-10	0.02	0.12	44500	
15/04/2011 08:50:31	TASTEGGIO	1	0	6000	45975	50205	78	-1	0.09	0.09	0	
15/04/2011 08:50:44	TASTEGGIO	0	1	6000	45975	50201	84	0	0.09	0.09	0	
15/04/2011 08:50:59	TASTEGGIO	0	1	6000	45975	50198	111	0	0.09	0.09	0	
15/04/2011 08:51:13	TASTEGGIO	0	1	6000	45975	50196	138	-1	0.09	0.09	0	
15/04/2011 08:51:29	TASTEGGIO	0	1	6000	45975	50195	165	-2	0.08	0.08	0	
15/04/2011 08:51:45	TASTEGGIO	0	2	6000	45975	50195	179	-2	0.05	0.05	0	
15/04/2011 08:51:55	TASTEGGIO	0	2	6000	45975	94532	179	-2	0.04	0.10	-44500	
15/04/2011 08:52:13	TASTEGGIO	1	0	6000	45975	138994	75	-1	0.08	0.08	0	
15/04/2011 08:52:27	TASTEGGIO	0	1	6000	45975	138994	81	0	0.08	0.08	0	
15/04/2011 08:52:41	TASTEGGIO	0	1	6000	45975	138994	105	0	0.08	0.08	0	
15/04/2011 08:52:56	TASTEGGIO	0	1	6000	45975	138994	129	-1	0.06	0.06	0	
15/04/2011 08:53:06	TASTEGGIO	0	1	6000	45975	94667	129	-1	0.02	0.09	44500	
15/04/2011 08:53:24	TASTEGGIO	1	0	6000	45975	50236	74	0	0.07	0.07	0	
15/04/2011 08:53:35	TASTEGGIO	1	0	6000	45975	94519	74	0	0.02	0.08	44500	
15/04/2011 08:53:52	TASTEGGIO	1	0	6000	45975	50063	72	0	0.07	0.07	0	
15/04/2011 08:54:03	TASTEGGIO	1	0	6000	45975	94522	72	0	0.01	0.09	44500	
15/04/2011 08:54:20	TASTEGGIO	1	0	6000	45975	50062	74	0	0.07	0.07	0	
15/04/2011 08:54:31	TASTEGGIO	1	0	6000	45975	94520	74	0	0.02	0.08	44500	
15/04/2011 08:54:48	TASTEGGIO	1	0	6000	45975	50054	72	-1	0.07	0.07	0	
15/04/2011 08:54:58	TASTEGGIO	1	0	6000	45975	94522	72	-1	0.02	0.08	44500	
15/04/2011 08:55:16	TASTEGGIO	1	0	6000	45975	50058	72	0	0.07	0.07	0	
15/04/2011 08:55:26	TASTEGGIO	1	0	6000	45975	94524	72	0	0.01	0.09	44500	
15/04/2011 08:55:44	TASTEGGIO	1	0	6000	45975	50062	74	0	0.07	0.07	0	
15/04/2011 08:55:54	TASTEGGIO	1	0	6000	45975	94524	74	0	0.02	0.09	44500	
15/04/2011 08:56:12	TASTEGGIO	1	0	6000	45975	50069	74	0	0.08	0.08	0	
15/04/2011 08:56:26	TASTEGGIO	0	1	6000	45975	50064	81	0	0.08	0.08	0	
15/04/2011 08:56:40	TASTEGGIO	0	1	6000	45975	50059	105	0	0.07	0.07	0	
15/04/2011 08:56:50	TASTEGGIO	0	1	6000	45975	94528	105	0	0.02	0.08	44500	
15/04/2011 08:57:08	TASTEGGIO	1	0	6000	45975	50062	72	0	0.08	0.08	0	
15/04/2011 08:57:22	TASTEGGIO	0	1	6000	45975	50060	88	0	0.08	0.08	0	
15/04/2011 08:57:36	TASTEGGIO	0	1	6000	45975	50060	112	0	0.07	0.07	0	
15/04/2011 08:57:46	TASTEGGIO	0	1	6000	45975	94521	112	0	0.02	0.09	44500	
15/04/2011 08:58:04	TASTEGGIO	1	0	6000	45975	50061	74	0	0.08	0.08	0	
15/04/2011 08:58:18	TASTEGGIO	0	1	6000	45975	50057	81	0	0.08	0.08	0	
15/04/2011 08:58:32	TASTEGGIO	0	1	6000	45975	50054	105	0	0.07	0.07	0	
15/04/2011 08:58:42	TASTEGGIO	0	1	6000	45975	94525	105	0	0.02	0.08	44500	
15/04/2011 08:59:00	TASTEGGIO	1	0	6000	45975	50069	72	0	0.08	0.08	0	
15/04/2011 08:59:15	TASTEGGIO	0	1	6000	45975	50065	88	0	0.07	0.07	0	
15/04/2011 08:59:25	TASTEGGIO	0	1	6000	45975	94523	88	0	0.02	0.09	44500	
15/04/2011 09:01:36	TASTEGGIO	1	0	6000	45975	94573	74	0	0.44	0.45	24500	
15/04/2011 09:01:55	TASTEGGIO	1	0	6000	45975	70128	130	-2	0.44	0.44	0	
15/04/2011 09:02:13	TASTEGGIO	0	1	6000	45975	70123	216	-20	0.25	0.25	0	
15/04/2011 09:02:31	TASTEGGIO	0	2	6000	45975	70114	236	-34	0.12	0.12	0	
15/04/2011 09:02:41	TASTEGGIO	0	2	6000	45975	94433	236	-34	0.07	0.12	24500	
15/04/2011 09:02:58	TASTEGGIO	1	0	6000	45975	69982	78	-2	0.08	0.08	0	
15/04/2011 09:03:11	TASTEGGIO	0	1	6000	45975	69976	83	-1	0.07	0.07	0	
15/04/2011 09:03:21	TASTEGGIO	0	1	6000	45975	94428	83	-1	0.05	0.09	-44500	
15/04/2011 09:03:39	TASTEGGIO	1	0	6000	45975	138888	74	-1	0.08	0.08	0	
15/04/2011 09:03:54	TASTEGGIO	0	1	6000	45975	138888	81	-1	0.07	0.07	0	
15/04/2011 09:04:04	TASTEGGIO	0	1	6000	45975	94545	81	-1	0.05	0.08	24500	
15/04/2011 09:04:21	TASTEGGIO	1	0	6000	45975	70128	72	0	0.08	0.08	0	
15/04/2011 09:04:36	TASTEGGIO	0	1	6000	45975	70116	88	0	0.08	0.08	0	
15/04/2011 09:04:50	TASTEGGIO	0	1	6000	45975	70108	112	0	0.06	0.06	0	
15/04/2011 09:05:00	TASTEGGIO	0	1	6000	45975	94411	112	0	0.04	0.07	24500	
15/04/2011 09:07:00	TASTEGGIO	0	1	6000	45975	94565	112	0	0.57	0.57	-24500	
15/04/2011 09:07:18	TASTEGGIO	1	0	6000	45975	119030	149	-2	0.55	0.55	0	
15/04/2011 09:07:37	TASTEGGIO	0	1	6000	45975	119030	255	-45	0.19	0.19	0	
15/04/2011 09:07:50	TASTEGGIO	0	0	6000	45975	119031	89	0	0.19	0.19	0	
15/04/2011 09:08:04	TASTEGGIO	0	1	6000	45975	119031	127	-1	0.18	0.18	0	
15/04/2011 09:08:22	TASTEGGIO	0	1	6000	45975	119031	178	-5	0.12	0.12	0	
15/04/2011 09:08:32	TASTEGGIO	0	1	6000	45975	94557	178	-5	0.19	0.32	44500	
15/04/2011 09:08:50	TASTEGGIO	1	0	6000	45975	50123	110	-1	0.30	0.30	0	
15/04/2011 09:09:05	TASTEGGIO	0	1	6000	45975	50120	166	-1	0.30	0.30	0	
15/04/2011 09:09:23	TASTEGGIO	0	1	6000	45975	50119	256	-23	0.08	0.08	0	
15/04/2011 09:09:34	TASTEGGIO	0	1	6000	45975	94422	256	-23	0.10	0.13	-24500	
15/04/2011 09:09:51	TASTEGGIO	1	0	6000	45975	118893	80	-2	0.11	0.11	0	
15/04/2011 09:10:05	TASTEGGIO	0	1	6000	45975	118893	89	0	0.11	0.11	0	
15/04/2011 09:10:20	TASTEGGIO	0	1	6000	45975	118893	122	-1	0.09	0.09	0	
15/04/2011 09:10:36	TASTEGGIO	0	2	6000	45975	118893	136	-2	0.07	0.07	0	
15/04/2011 09:10:45	TASTEGGIO	0	2	6000	45975	94559	136	-2	0.07	0.10	44500	
15/04/2011 09:11:04	TASTEGGIO	1	0	6000	45975	50123	75	0	0.09	0.09	0	
15/04/2011 09:11:18	TASTEGGIO	0	1	6000	45975	50117	83	0	0.09	0.09	0	
15/04/2011 09:11:33	TASTEGGIO	0	1	6000	45975	50112	110	0	0.09	0.09	0	
15/04/2011 09:11:47	TASTEGGIO	0	1	6000	45975	50107	137	0	0.10	0.10	0	
15/04/2011 09:12:01	TASTEGGIO	0	1	6000	45975	50106	170	0	0.09	0.09	0	
15/04/2011 09:12:18	TASTEGGIO	0	2	6000	45975	50105	186	0	0.09	0.09	0	
15/04/2011 09:12:36	TASTEGGIO	0	1	6000	45975	50104	222	-2	0.08	0.08	0	
15/04/2011 09:12:53	TASTEGGIO	0	2	6000	45975	50100	236	-4	0.03	0.03	0	
15/04/2011 09:13:03	TASTEGGIO	0	2	6000	45975	94419	236	-4	0.08	0.09	-24500	
15/04/2011 09:13:20	TASTEGGIO	1	0	6000	45975	118888	74	0	0.09	0.09	0	
15/04/2011 09:13:35	TASTEGGIO	0	1	6000	45975	118889	92	0	0.08	0.08	0	
15/04/2011 09:13:49	TASTEGGIO	0	2	6000	45975	118889	106	0	0.08	0.08	0	
15/04/2011 09:14:06	TASTEGGIO	0	1	6000	45975	118889	138	0	0.08	0.08	0	
15/04/2011 09:14:22	TASTEGGIO	0	1	6000	45975	118889	162	-8	0.03	0.03	0	
15/04/2011 09:14:32	TASTEGGIO	0	1	6000	45975	94561	162	-8	0.04	0.08	-44500	
15/04/2011 09:14:51	TASTEGGIO	1	0	6000	45975	139015	72	-1	0.07	0.07	0	
15/04/2011 09:15:01	TASTEGGIO	1	0	6000	45975	94538	72	-1	0.03	0.07	-44500	
15/04/2011 09:16:12	ALARM 17	proc 12 prog 10 step 47	LavoroTerminato
15/04/2011 09:26:32	TASTEGGIO	1	0	6000	45975	94584	72	-1	0.03	0.09	-44500	
15/04/2011 09:26:50	TASTEGGIO	1	0	6000	45975	139048	74	-2	0.07	0.07	0	
15/04/2011 09:27:00	TASTEGGIO	1	0	6000	45975	94544	74	-2	0.04	0.07	-24500	
15/04/2011 09:29:00	TASTEGGIO	1	0	6000	45975	94586	74	-2	0.04	0.10	-24500	
15/04/2011 09:29:17	TASTEGGIO	1	0	6000	45975	119050	75	-1	0.08	0.08	0	
15/04/2011 09:29:32	TASTEGGIO	0	1	6000	45975	119051	81	-1	0.08	0.08	0	
15/04/2011 09:29:46	TASTEGGIO	0	1	6000	45975	119051	105	0	0.08	0.08	0	
15/04/2011 09:30:02	TASTEGGIO	0	1	6000	45975	119052	129	-2	0.06	0.06	0	
15/04/2011 09:30:12	TASTEGGIO	0	1	6000	45975	94537	129	-2	0.02	0.07	-44500	
15/04/2011 09:32:12	TASTEGGIO	0	1	6000	45975	94584	129	-2	0.05	0.12	-24500	
15/04/2011 09:32:29	TASTEGGIO	1	0	6000	45975	119045	78	-2	0.12	0.12	0	
15/04/2011 09:32:44	TASTEGGIO	0	1	6000	45975	119045	102	-1	0.11	0.11	0	
15/04/2011 09:33:00	TASTEGGIO	0	1	6000	45975	119045	132	-3	0.09	0.09	0	
15/04/2011 09:33:16	TASTEGGIO	0	2	6000	45974	119046	146	-4	0.05	0.05	0	
15/04/2011 09:33:25	TASTEGGIO	0	2	6000	45975	94535	146	-4	0.03	0.10	24500	
15/04/2011 09:33:42	TASTEGGIO	1	0	6000	45975	70122	75	-1	0.09	0.09	0	
15/04/2011 09:33:55	TASTEGGIO	0	1	6000	45975	70111	83	0	0.08	0.08	0	
15/04/2011 09:34:08	TASTEGGIO	0	2	6000	45975	70100	97	0	0.08	0.08	0	
15/04/2011 09:34:23	TASTEGGIO	0	1	6000	45975	70093	129	-1	0.07	0.07	0	
15/04/2011 09:34:33	TASTEGGIO	0	1	6000	45974	94420	129	-1	0.01	0.07	24500	
15/04/2011 09:36:32	TASTEGGIO	0	1	6000	45974	94578	129	-1	0.14	0.25	-24500	
