22/12/2011 10:43:04	ALARM 401		
22/12/2011 10:43:28	TASTEGGIO	1	0	5000	42061	158288	49	-33	0.08	0.18	120300	
22/12/2011 10:45:26	TASTEGGIO	1	0	5000	42060	161088	49	-33	0.37	0.37	0	
22/12/2011 10:45:48	TASTEGGIO	1	0	5000	42060	161093	54	-98	0.69	0.69	0	
22/12/2011 10:45:51	ALARM 401		
22/12/2011 10:46:06	TASTEGGIO	0	1	5000	42061	161088	0	0	0.62	0.62	0	
22/12/2011 10:46:28	TASTEGGIO	1	0	5000	42061	161093	60	-75	0.28	0.28	0	
22/12/2011 10:46:29	ALARM 401		
22/12/2011 10:46:47	TASTEGGIO	1	0	5000	42061	161088	60	-75	0.27	0.27	0	
22/12/2011 10:47:09	TASTEGGIO	1	0	5000	42061	161092	51	-134	1.05	1.05	0	
22/12/2011 10:47:11	ALARM 401		
22/12/2011 10:47:14	ALARM 205		err.6058
22/12/2011 10:47:25	TASTEGGIO	1	0	5000	42061	161087	51	-134	0.99	0.99	0	
22/12/2011 10:47:46	TASTEGGIO	1	0	5000	42061	161092	69	-8	0.85	0.85	0	
22/12/2011 10:48:06	TASTEGGIO	0	1	5000	42061	161092	141	-123	0.35	0.35	0	
22/12/2011 10:48:07	ALARM 401		
22/12/2011 10:48:20	TASTEGGIO	0	1	5000	42061	161087	141	-123	0.32	0.32	0	
22/12/2011 10:48:42	TASTEGGIO	1	0	5000	42061	161092	53	-70	0.42	0.42	0	
22/12/2011 10:48:47	ALARM 401		
22/12/2011 10:48:50	ALARM 203		err.6058
22/12/2011 10:49:01	TASTEGGIO	0	1	5000	42061	161087	0	0	0.41	0.41	0	
22/12/2011 10:49:23	TASTEGGIO	1	0	5000	42061	161092	55	-53	0.26	0.26	0	
22/12/2011 10:49:29	ALARM 401		
22/12/2011 10:49:36	ALARM 203		err.6058
22/12/2011 10:49:51	TASTEGGIO	0	1	5000	42061	161087	38	0	0.26	0.26	0	
22/12/2011 10:50:14	TASTEGGIO	1	0	5000	42061	161092	51	-49	0.23	0.23	0	
22/12/2011 10:50:35	TASTEGGIO	0	1	5000	42061	161092	30	-31	0.43	0.43	0	
22/12/2011 10:50:40	ALARM 218	proc 12 prog 85 step 19	go_abs 3 cmd 11
22/12/2011 10:50:42	ALARM 401		
22/12/2011 10:50:43	ALARM 401		
22/12/2011 10:50:59	TASTEGGIO	0	1	5000	42061	161087	0	0	0.39	0.39	0	
22/12/2011 10:51:21	TASTEGGIO	1	0	5000	42061	161092	54	-44	0.09	0.09	0	
22/12/2011 10:51:29	TASTEGGIO	1	0	5000	42061	161087	54	-44	0.10	0.27	120300	
22/12/2011 10:51:52	TASTEGGIO	1	0	5000	42061	40845	51	-34	0.12	0.12	0	
22/12/2011 10:52:04	TASTEGGIO	1	0	5000	42061	160704	51	-34	0.09	0.21	82800	
22/12/2011 10:52:27	TASTEGGIO	1	0	5000	42061	78004	50	-9	0.10	0.10	0	
22/12/2011 10:52:38	TASTEGGIO	1	0	5000	42061	160709	50	-9	0.04	0.13	-82000	
22/12/2011 10:54:34	TASTEGGIO	1	0	5000	42060	161169	50	-9	0.96	1.12	-82000	
22/12/2011 10:54:56	TASTEGGIO	1	0	5000	42060	243123	73	-1	1.12	1.12	0	
22/12/2011 10:55:17	TASTEGGIO	0	1	5000	42060	243123	185	-104	0.42	0.42	0	
22/12/2011 10:55:19	ALARM 401		
22/12/2011 10:55:37	TASTEGGIO	0	1	5000	42061	161175	185	-104	0.27	0.76	-119500	
22/12/2011 10:56:02	TASTEGGIO	1	0	5000	42061	280608	64	-18	0.65	0.65	0	
22/12/2011 10:56:21	TASTEGGIO	0	1	5000	42061	280608	119	-17	0.42	0.42	0	
22/12/2011 10:56:26	ALARM 218	proc 12 prog 85 step 19	go_abs 3 cmd 11
22/12/2011 10:56:29	ALARM 203		err.6058
22/12/2011 10:56:45	TASTEGGIO	0	2	5000	42061	161184	157	0	0.19	0.43	-119500	
22/12/2011 10:57:10	TASTEGGIO	1	0	5000	42061	280611	55	0	0.39	0.39	0	
22/12/2011 10:57:29	TASTEGGIO	0	1	5000	42061	280611	90	-2	0.39	0.39	0	
22/12/2011 10:57:51	TASTEGGIO	0	2	5000	42061	280611	168	-33	0.08	0.08	0	
22/12/2011 10:58:03	TASTEGGIO	0	2	5000	42061	161169	168	-33	0.28	0.34	-82000	
22/12/2011 10:58:28	TASTEGGIO	1	0	5000	42061	243092	53	-49	0.23	0.23	0	
22/12/2011 10:58:47	TASTEGGIO	0	1	5000	42061	243092	37	-16	0.14	0.14	0	
22/12/2011 10:58:58	TASTEGGIO	0	1	5000	42061	161175	37	-16	0.35	0.35	0	
22/12/2011 10:59:19	TASTEGGIO	1	0	5000	42061	161180	53	-51	0.17	0.17	0	
22/12/2011 10:59:21	ALARM 218	proc 12 prog 73 step 17	go_abs 5 cmd 11
22/12/2011 10:59:24	ALARM 401		
22/12/2011 10:59:24	ALARM 401		
22/12/2011 10:59:37	TASTEGGIO	1	0	5000	42061	161175	53	-51	0.13	0.27	-119500	
22/12/2011 11:00:01	TASTEGGIO	1	0	5000	42061	280631	51	0	0.26	0.26	0	
22/12/2011 11:00:20	TASTEGGIO	0	1	5000	42061	280632	76	-2	0.29	0.29	0	
22/12/2011 11:00:41	TASTEGGIO	0	2	5000	42061	280632	140	-1	0.23	0.23	0	
22/12/2011 11:01:03	TASTEGGIO	0	3	5000	42061	280632	171	-8	0.17	0.17	0	
22/12/2011 11:01:05	ALARM 401		
22/12/2011 11:01:26	TASTEGGIO	0	3	5000	42061	161170	171	-8	0.10	0.19	-119500	
22/12/2011 11:01:52	TASTEGGIO	1	0	5000	42061	280591	49	-2	0.20	0.20	0	
22/12/2011 11:02:11	TASTEGGIO	0	1	5000	42061	280592	70	-8	0.12	0.12	0	
22/12/2011 11:02:23	TASTEGGIO	0	1	5000	42061	161176	70	-8	0.07	0.15	120300	
22/12/2011 11:04:19	TASTEGGIO	0	1	5000	42060	158647	70	-8	0.30	0.30	0	
22/12/2011 11:04:41	TASTEGGIO	1	0	5000	42060	158652	52	-110	0.83	0.83	0	
22/12/2011 11:04:43	ALARM 401		
22/12/2011 11:04:45	ALARM 401		
22/12/2011 11:04:46	ALARM 401		
22/12/2011 11:05:00	TASTEGGIO	0	1	5000	42061	158647	0	-110	0.78	0.78	0	
22/12/2011 11:05:21	TASTEGGIO	1	0	5000	42061	158652	64	-47	0.42	0.42	0	
22/12/2011 11:05:41	TASTEGGIO	0	1	5000	42061	158652	86	-128	0.83	0.83	0	
22/12/2011 11:05:45	ALARM 401		
22/12/2011 11:05:48	ALARM 203		err.6058
22/12/2011 11:05:58	TASTEGGIO	0	1	5000	42061	158647	0	0	0.81	0.81	0	
22/12/2011 11:06:19	TASTEGGIO	1	0	5000	42061	158652	65	-18	0.58	0.58	0	
22/12/2011 11:06:40	TASTEGGIO	0	1	5000	42061	158652	106	-94	0.61	0.61	0	
22/12/2011 11:06:58	TASTEGGIO	0	1	5000	42061	158652	41	-35	0.24	0.24	0	
22/12/2011 11:07:00	ALARM 401		
22/12/2011 11:07:02	ALARM 205		err.6059
22/12/2011 11:07:13	TASTEGGIO	0	1	5000	42061	158647	41	-35	0.24	0.29	-82000	
22/12/2011 11:07:37	TASTEGGIO	1	0	5000	42061	240590	52	-32	0.17	0.17	0	
22/12/2011 11:07:39	ALARM 401		
22/12/2011 11:07:42	ALARM 202		err.6059
22/12/2011 11:07:56	TASTEGGIO	1	0	5000	42061	158652	52	-32	0.15	0.23	-119500	
22/12/2011 11:08:20	TASTEGGIO	1	0	5000	42061	278101	50	-19	0.09	0.09	0	
22/12/2011 11:08:33	TASTEGGIO	1	0	5000	42061	158657	50	-19	0.09	0.16	-82000	
22/12/2011 11:09:32	ALARM 17	proc 12 prog 10 step 47	LavoroTerminato
22/12/2011 11:18:43	ALARM 18	proc 12 prog 106 step 4	Tondo Non Presente Su Carrello 1
22/12/2011 11:18:47	ALARM 17	proc 12 prog 1 step 8	LavoroTerminato
22/12/2011 11:19:52	ALARM 401		
22/12/2011 11:19:57	ALARM 201		err.6059
22/12/2011 11:30:55	TASTEGGIO	1	0	5000	42060	161079	50	-19	0.30	0.57	-119500	
22/12/2011 11:31:21	TASTEGGIO	1	0	5000	42060	280504	59	-19	0.40	0.40	0	
22/12/2011 11:31:40	TASTEGGIO	0	1	5000	42060	280504	87	-16	0.26	0.26	0	
22/12/2011 11:31:41	ALARM 401		
22/12/2011 11:31:47	ALARM 205		err.6058
22/12/2011 11:32:01	TASTEGGIO	0	1	5000	42061	161090	87	-16	0.27	0.32	82800	
22/12/2011 11:32:24	TASTEGGIO	1	0	5000	42061	78351	53	1	0.27	0.27	0	
22/12/2011 11:32:43	TASTEGGIO	0	1	5000	42061	78350	75	-9	0.21	0.21	0	
22/12/2011 11:33:03	TASTEGGIO	0	2	5000	42061	78351	98	-29	0.09	0.09	0	
22/12/2011 11:33:14	TASTEGGIO	0	2	5000	42061	160708	98	-29	0.04	0.26	-119500	
22/12/2011 11:33:40	TASTEGGIO	1	0	5000	42061	280156	51	-10	0.21	0.21	0	
22/12/2011 11:33:59	TASTEGGIO	0	1	5000	42061	280156	67	-10	0.13	0.13	0	
22/12/2011 11:34:11	TASTEGGIO	0	1	5000	42061	161079	67	-10	0.06	0.13	-119500	
22/12/2011 11:35:11	ALARM 17	proc 12 prog 10 step 47	LavoroTerminato
22/12/2011 11:53:41	ALARM 3	proc 12 prog 31 step 36	Tondo non presente su rulliera
22/12/2011 11:55:22	TASTEGGIO	0	1	5000	42063	160089	67	-10	0.08	0.17	-119500	
22/12/2011 11:55:25	ALARM 401		
22/12/2011 11:55:29	ALARM 201		err.6059
22/12/2011 11:55:46	ALARM 401		
22/12/2011 11:56:59	ALARM 401		
22/12/2011 11:57:12	TASTEGGIO	0	1	5000	42063	160089	67	-10	0.06	0.17	-119500	
22/12/2011 11:57:19	ALARM 401		
22/12/2011 11:57:22	ALARM 203		err.6058
22/12/2011 11:57:28	ALARM 401		
22/12/2011 11:58:32	TASTEGGIO	0	1	5000	42061	160078	67	-10	0.08	0.19	-82000	
22/12/2011 11:58:40	ALARM 401		
22/12/2011 11:58:42	ALARM 401		
22/12/2011 11:59:03	TASTEGGIO	0	1	5000	42061	160103	67	-10	0.06	0.17	-82000	
22/12/2011 12:00:03	ALARM 17	proc 12 prog 10 step 47	LavoroTerminato
22/12/2011 13:15:33	ALARM 401		
22/12/2011 13:15:35	INIT OK
22/12/2011 13:21:13	ALARM 401		
22/12/2011 13:26:30	ALARM 401		
22/12/2011 13:26:37	ALARM 401		
22/12/2011 13:30:15	ALARM 401		
22/12/2011 13:32:56	ALARM 3	proc 12 prog 31 step 36	Tondo non presente su rulliera
22/12/2011 13:34:19	ALARM 218	proc 12 prog 115 step 8	INIT_LIMITS 5
22/12/2011 13:34:23	ALARM 401		
22/12/2011 13:34:31	ALARM 401		
22/12/2011 13:34:32	ALARM 401		
22/12/2011 13:34:35	ALARM 401		
22/12/2011 13:34:35	ALARM 401		
22/12/2011 14:02:42	ALARM 29	proc 12 prog 72 step 6	Tastatori appoggiati sul tondo
22/12/2011 14:03:10	TASTEGGIO	0	0	5000	59997	158650	0	0	0.10	0.14	-82000	
22/12/2011 14:04:07	TASTEGGIO	0	0	5000	42063	158650	0	0	0.10	0.14	-82000	
22/12/2011 14:06:03	TASTEGGIO	0	0	5000	42060	160104	0	0	0.08	0.18	44500	
22/12/2011 14:06:16	ALARM 401		
22/12/2011 14:06:19	ALARM 203		err.6058
22/12/2011 14:06:22	ALARM 401		
22/12/2011 14:07:38	ALARM 401		
22/12/2011 14:09:02	ALARM 401		
22/12/2011 14:10:15	ALARM 401		
22/12/2011 14:11:02	TASTEGGIO	0	0	5000	42060	160101	0	0	0.08	0.18	44500	
22/12/2011 14:11:19	ALARM 401		
22/12/2011 14:11:21	ALARM 401		
22/12/2011 14:11:22	ALARM 401		
22/12/2011 14:12:20	TASTEGGIO	1	0	5000	42060	159719	245	0	0.05	0.17	-119500	
22/12/2011 14:12:45	TASTEGGIO	1	0	5000	42060	279167	48	-3	0.16	0.16	0	
22/12/2011 14:13:04	TASTEGGIO	0	1	5000	42060	279168	63	-1	0.16	0.16	0	
22/12/2011 14:13:24	TASTEGGIO	0	2	5000	42060	279168	95	-3	0.12	0.12	0	
22/12/2011 14:13:36	TASTEGGIO	0	2	5000	42060	160085	95	-3	0.05	0.14	82800	
22/12/2011 14:15:30	TASTEGGIO	0	2	5000	42060	160266	95	-3	1.09	1.09	0	
22/12/2011 14:15:52	TASTEGGIO	1	0	5000	42060	160271	67	-4	1.01	1.01	0	
22/12/2011 14:16:12	TASTEGGIO	0	1	5000	42060	160271	160	-111	0.66	0.66	0	
22/12/2011 14:16:33	TASTEGGIO	0	1	5000	42060	160271	116	-85	0.17	0.17	0	
22/12/2011 14:16:54	TASTEGGIO	0	1	5000	42060	160271	111	-185	1.83	1.83	0	
22/12/2011 14:17:08	TASTEGGIO	0	1	5000	42060	160271	0	-11	1.66	1.66	0	
22/12/2011 14:17:30	TASTEGGIO	0	2	5000	42060	160271	301	-328	2.37	2.37	0	
22/12/2011 14:17:31	ALARM 218	proc 12 prog 73 step 17	go_abs 5 cmd 11
22/12/2011 14:17:34	ALARM 205		err.5005
22/12/2011 14:17:45	TASTEGGIO	0	2	5000	42061	160266	301	-328	0.00	0.00	120300	
22/12/2011 14:17:56	ALARM 401		
22/12/2011 14:17:59	ALARM 401		
22/12/2011 14:17:59	ALARM 401		
22/12/2011 14:18:23	TASTEGGIO	0	2	5000	42060	160265	301	-328	0.00	0.00	0	
22/12/2011 14:18:27	ALARM 401		
22/12/2011 14:18:31	ALARM 203		err.5005
22/12/2011 14:18:44	TASTEGGIO	0	2	5000	42060	160265	301	-328	0.00	0.00	0	
22/12/2011 14:19:44	ALARM 17	proc 12 prog 10 step 47	LavoroTerminato
22/12/2011 14:20:31	ALARM 3	proc 12 prog 31 step 36	Tondo non presente su rulliera
22/12/2011 14:21:56	TASTEGGIO	0	2	5000	42060	161281	301	-328	1.30	1.30	0	
22/12/2011 14:22:15	TASTEGGIO	1	0	5000	42060	161286	61	3	1.26	1.26	0	
22/12/2011 14:22:35	TASTEGGIO	0	1	5000	42060	161286	183	-168	0.67	0.67	0	
22/12/2011 14:22:56	TASTEGGIO	0	1	5000	42060	161286	147	-290	2.32	2.32	0	
22/12/2011 14:22:57	ALARM 401		
22/12/2011 14:23:01	ALARM 205		err.6059
22/12/2011 14:23:13	TASTEGGIO	0	1	5000	42061	161280	147	-290	2.26	2.26	0	
22/12/2011 14:23:29	TASTEGGIO	1	0	5000	42061	161286	73	-2	2.28	2.28	0	
22/12/2011 14:23:33	ALARM 401		
22/12/2011 14:23:36	ALARM 203		err.6058
22/12/2011 14:24:10	TASTEGGIO	0	1	5000	42061	161280	303	0	2.22	2.22	0	
22/12/2011 14:24:58	TASTEGGIO	0	1	5000	42061	161279	278	-279	1.54	1.54	0	
22/12/2011 14:25:29	TASTEGGIO	0	1	5000	42061	161279	160	-24	1.16	1.16	0	
22/12/2011 14:27:25	TASTEGGIO	0	1	5000	42061	161279	103	6	1.17	1.17	0	
22/12/2011 14:27:43	TASTEGGIO	0	1	5000	42061	161279	103	6	1.20	1.20	0	
22/12/2011 14:28:02	TASTEGGIO	1	0	5000	42061	161285	60	7	1.21	1.21	0	
22/12/2011 14:28:23	TASTEGGIO	0	1	5000	42061	161285	182	-88	0.39	0.39	0	
22/12/2011 14:28:24	ALARM 218	proc 12 prog 73 step 17	go_abs 5 cmd 11
22/12/2011 14:28:28	ALARM 205		err.5005
22/12/2011 14:29:21	TASTEGGIO	0	1	5000	42061	161279	182	-88	0.38	0.49	-82000	
22/12/2011 14:29:45	TASTEGGIO	1	0	5000	42061	243226	49	-11	0.34	0.34	0	
22/12/2011 14:30:05	TASTEGGIO	0	1	5000	42061	243226	72	-34	0.25	0.25	0	
22/12/2011 14:30:26	TASTEGGIO	0	2	5000	42061	243227	97	-59	0.34	0.34	0	
22/12/2011 14:30:45	TASTEGGIO	0	1	5000	42061	243227	50	-41	0.49	0.49	0	
22/12/2011 14:30:49	ALARM 401		
22/12/2011 14:30:52	ALARM 201		err.6059
22/12/2011 14:31:06	TASTEGGIO	0	1	5000	42061	161274	0	0	0.12	0.47	-82000	
22/12/2011 14:31:30	TASTEGGIO	1	0	5000	42061	243220	48	-21	0.28	0.28	0	
22/12/2011 14:31:49	TASTEGGIO	0	1	5000	42061	243221	64	-13	0.13	0.13	0	
22/12/2011 14:32:01	TASTEGGIO	0	1	5000	42061	161274	64	-13	0.17	0.29	82800	
22/12/2011 14:32:22	TASTEGGIO	1	0	5000	42061	78530	47	-7	0.20	0.20	0	
22/12/2011 14:32:24	ALARM 401		
22/12/2011 14:32:41	TASTEGGIO	1	0	5000	42061	160925	47	-7	0.14	0.25	120300	
22/12/2011 14:33:04	TASTEGGIO	1	0	5000	42061	40707	47	-33	0.30	0.30	0	
22/12/2011 14:33:19	TASTEGGIO	0	1	5000	42061	40693	10	-27	0.07	0.07	0	
22/12/2011 14:33:31	TASTEGGIO	0	1	5000	42061	160923	10	-27	0.19	0.19	0	
22/12/2011 14:33:54	TASTEGGIO	1	0	5000	42061	160918	46	-69	0.43	0.43	0	
22/12/2011 14:34:12	TASTEGGIO	0	1	5000	42061	160918	0	-24	0.46	0.46	0	
22/12/2011 14:34:33	TASTEGGIO	0	2	5000	42061	160918	98	-68	0.32	0.32	0	
22/12/2011 14:34:53	TASTEGGIO	0	1	5000	42061	160918	75	-84	0.47	0.47	0	
22/12/2011 14:35:11	TASTEGGIO	0	1	5000	42061	160918	5	-34	0.44	0.44	0	
22/12/2011 14:35:32	TASTEGGIO	0	2	5000	42061	160918	87	-63	0.30	0.30	0	
22/12/2011 14:35:52	TASTEGGIO	0	1	5000	42061	160918	66	-60	0.30	0.30	0	
22/12/2011 14:35:54	ALARM 401		
22/12/2011 14:35:57	ALARM 205		err.6059
22/12/2011 14:36:29	ALARM 401		
22/12/2011 14:36:32	ALARM 401		
22/12/2011 14:36:32	ALARM 401		
22/12/2011 14:36:34	ALARM 401		
22/12/2011 14:36:36	ALARM 401		
22/12/2011 14:36:37	ALARM 401		
22/12/2011 14:47:15	TASTEGGIO	0	1	5000	42061	160924	66	-60	0.26	0.26	0	
22/12/2011 14:47:36	TASTEGGIO	1	0	5000	42061	160919	61	-80	0.53	0.53	0	
22/12/2011 14:47:56	TASTEGGIO	0	1	5000	42061	160919	0	-16	0.62	0.62	0	
22/12/2011 14:48:17	TASTEGGIO	0	2	5000	42061	160919	145	-148	0.83	0.83	0	
22/12/2011 14:48:36	TASTEGGIO	0	1	5000	42061	160919	33	-56	0.69	0.69	0	
22/12/2011 14:48:58	TASTEGGIO	0	2	5000	42061	160919	147	-183	1.23	1.23	0	
22/12/2011 14:49:14	ALARM 401		
22/12/2011 14:49:17	ALARM 205		err.6058
22/12/2011 14:50:17	TASTEGGIO	0	1	5000	42061	160924	0	-7	1.06	1.06	0	
22/12/2011 14:50:43	TASTEGGIO	1	0	5000	42061	160919	312	-368	0.00	0.00	0	
22/12/2011 14:50:46	ALARM 401		
22/12/2011 14:50:50	ALARM 401		
22/12/2011 14:51:17	TASTEGGIO	1	0	5000	42061	160924	312	-368	0.00	0.00	-82000	
22/12/2011 14:52:17	ALARM 17	proc 12 prog 10 step 47	LavoroTerminato
22/12/2011 15:01:59	ALARM 401		
22/12/2011 15:02:01	ALARM 401		
22/12/2011 15:02:02	ALARM 401		
22/12/2011 15:02:39	TASTEGGIO	1	0	5000	42060	160093	312	-368	0.04	0.14	82800	
22/12/2011 15:03:00	TASTEGGIO	1	0	5000	42060	77349	47	-9	0.05	0.05	0	
22/12/2011 15:03:12	TASTEGGIO	1	0	5000	42060	159731	47	-9	0.04	0.15	-119500	
22/12/2011 15:03:37	TASTEGGIO	1	0	5000	42060	279189	48	0	0.13	0.13	0	
22/12/2011 15:03:49	TASTEGGIO	1	0	5000	42060	160086	48	0	0.03	0.15	-119500	
22/12/2011 15:04:14	TASTEGGIO	1	0	5000	42060	279537	48	0	0.14	0.14	0	
22/12/2011 15:04:26	TASTEGGIO	1	0	5000	42060	160079	48	0	0.04	0.14	-119500	
22/12/2011 15:04:50	TASTEGGIO	1	0	5000	42060	279529	47	-1	0.12	0.12	0	
22/12/2011 15:05:02	TASTEGGIO	1	0	5000	42060	160080	47	-1	0.03	0.15	-119500	
22/12/2011 15:05:27	TASTEGGIO	1	0	5000	42060	279525	48	0	0.12	0.12	0	
22/12/2011 15:05:39	TASTEGGIO	1	0	5000	42060	160089	48	0	0.04	0.14	-119500	
22/12/2011 15:05:40	ALARM 401		
22/12/2011 15:06:47	ALARM 29	proc 12 prog 72 step 6	Tastatori appoggiati sul tondo
22/12/2011 15:07:10	ALARM 29	proc 12 prog 72 step 6	Tastatori appoggiati sul tondo
22/12/2011 15:07:36	TASTEGGIO	1	0	5000	42060	160088	48	0	0.04	0.14	-119500	
22/12/2011 15:07:50	ALARM 203		err.0
22/12/2011 15:07:53	ALARM 203		err.4007
22/12/2011 15:08:59	TASTEGGIO	1	0	5000	42060	160095	62	-3	0.04	0.13	-119500	
22/12/2011 15:09:46	TASTEGGIO	1	0	5000	42060	160073	78	-1	0.04	0.13	-119500	
22/12/2011 15:10:33	TASTEGGIO	1	0	5000	42060	160089	91	-1	0.04	0.13	-119500	
22/12/2011 15:11:20	TASTEGGIO	1	0	5000	42060	160093	110	-11	0.04	0.08	-119500	
22/12/2011 15:12:00	TASTEGGIO	1	0	5000	42061	160101	110	-11	0.04	0.09	120300	
22/12/2011 15:13:00	ALARM 17	proc 12 prog 10 step 47	LavoroTerminato
22/12/2011 16:16:41	TASTEGGIO	1	0	5000	42060	160557	110	-11	0.52	0.59	-44500	
22/12/2011 16:17:04	TASTEGGIO	1	0	5000	42060	204982	57	-31	0.27	0.27	0	
22/12/2011 16:17:05	ALARM 401		
22/12/2011 16:17:09	ALARM 205		err.6058
22/12/2011 16:17:38	TASTEGGIO	1	0	5000	42061	160569	57	-31	0.22	0.34	-82000	
22/12/2011 16:18:03	TASTEGGIO	1	0	5000	42060	242492	52	-15	0.22	0.22	0	
22/12/2011 16:18:22	TASTEGGIO	0	1	5000	42060	242492	66	-28	0.10	0.10	0	
22/12/2011 16:18:33	TASTEGGIO	0	1	5000	42060	160566	66	-28	0.03	0.15	120300	
22/12/2011 16:20:29	TASTEGGIO	0	1	5000	42060	158759	66	-28	0.73	1.16	-82000	
22/12/2011 16:20:49	TASTEGGIO	1	0	5000	42060	240699	69	4	1.18	1.18	0	
22/12/2011 16:21:10	TASTEGGIO	0	1	5000	42060	240700	189	-87	0.38	0.38	0	
22/12/2011 16:21:11	ALARM 401		
22/12/2011 16:21:28	TASTEGGIO	0	1	5000	42061	158748	189	-87	0.13	0.43	-119500	
22/12/2011 16:21:53	TASTEGGIO	1	0	5000	42061	278193	54	-13	0.32	0.32	0	
22/12/2011 16:22:12	TASTEGGIO	0	1	5000	42061	278193	77	-9	0.25	0.25	0	
22/12/2011 16:22:17	ALARM 401		
22/12/2011 16:22:19	ALARM 201		err.6059
22/12/2011 16:22:38	TASTEGGIO	0	2	5000	42061	158752	104	0	0.05	0.28	-82000	
22/12/2011 16:23:01	TASTEGGIO	1	0	5000	42061	240703	50	-23	0.05	0.05	0	
22/12/2011 16:23:12	TASTEGGIO	1	0	5000	42061	158761	50	-23	0.16	0.26	44500	
22/12/2011 16:23:36	TASTEGGIO	1	0	5000	42061	114313	50	-38	0.22	0.22	0	
22/12/2011 16:23:55	TASTEGGIO	0	1	5000	42061	114312	31	-71	0.71	0.71	0	
22/12/2011 16:24:09	TASTEGGIO	0	1	5000	42061	114312	0	4	0.70	0.70	0	
22/12/2011 16:24:29	TASTEGGIO	0	2	5000	42061	114312	138	-103	0.33	0.33	0	
22/12/2011 16:24:30	ALARM 401		
22/12/2011 16:24:32	ALARM 201		err.6059
22/12/2011 16:24:46	TASTEGGIO	0	2	5000	42061	158445	138	-103	0.23	0.27	-24500	
22/12/2011 16:25:10	TASTEGGIO	1	0	5000	42061	182825	50	-81	0.57	0.57	0	
22/12/2011 16:25:27	TASTEGGIO	0	1	5000	42061	182825	0	-21	0.36	0.36	0	
22/12/2011 16:25:46	TASTEGGIO	0	2	5000	42061	182825	32	-72	0.41	0.41	0	
22/12/2011 16:26:03	TASTEGGIO	0	1	5000	42061	182825	0	-14	0.16	0.16	0	
22/12/2011 16:26:23	TASTEGGIO	0	0	5000	42061	182825	48	-83	0.72	0.72	0	
22/12/2011 16:26:27	ALARM 218	proc 12 prog 85 step 19	go_abs 3 cmd 11
22/12/2011 16:26:30	ALARM 401		
22/12/2011 16:42:11	TASTEGGIO	0	1	5000	42061	158743	0	0	0.62	0.65	-24500	
22/12/2011 16:42:34	TASTEGGIO	1	0	5000	42061	183122	58	-37	0.22	0.22	0	
22/12/2011 16:42:37	ALARM 401		
22/12/2011 16:42:52	TASTEGGIO	0	0	5000	42061	158749	49	-37	0.20	0.29	44500	
22/12/2011 16:43:15	TASTEGGIO	1	0	5000	42061	114299	51	-10	0.20	0.20	0	
22/12/2011 16:43:18	ALARM 401		
22/12/2011 16:43:21	ALARM 203		err.6058
22/12/2011 16:43:34	TASTEGGIO	0	1	5000	42061	158454	64	0	0.14	0.23	-119500	
22/12/2011 16:43:59	TASTEGGIO	1	0	5000	42061	277901	49	-4	0.16	0.16	0	
22/12/2011 16:44:02	ALARM 401		
22/12/2011 16:44:06	ALARM 205		err.6058
22/12/2011 16:44:22	TASTEGGIO	1	0	5000	42061	158744	49	-4	0.10	0.20	44500	
22/12/2011 16:44:26	ALARM 401		
22/12/2011 16:44:29	ALARM 201		err.6058
22/12/2011 16:46:56	TASTEGGIO	1	0	5000	42060	160995	49	-4	0.39	0.39	0	
22/12/2011 16:47:18	TASTEGGIO	1	0	5000	42060	160999	53	-76	0.33	0.33	0	
22/12/2011 16:47:37	TASTEGGIO	0	1	5000	42060	160999	25	-74	0.68	0.68	0	
22/12/2011 16:47:39	ALARM 401		
22/12/2011 16:47:43	ALARM 205		err.6059
22/12/2011 16:47:53	TASTEGGIO	0	1	5000	42061	160995	25	-74	0.64	0.64	0	
22/12/2011 16:48:14	TASTEGGIO	1	0	5000	42061	160998	58	-51	0.18	0.18	0	
22/12/2011 16:48:16	ALARM 401		
22/12/2011 16:48:19	ALARM 205		err.6058
22/12/2011 16:48:31	TASTEGGIO	1	0	5000	42061	160995	58	-51	0.18	0.20	24500	
22/12/2011 16:48:33	ALARM 401		
22/12/2011 16:50:53	TASTEGGIO	1	0	5000	42060	160385	58	-51	0.84	0.84	0	
22/12/2011 16:51:14	TASTEGGIO	1	0	5000	42060	160390	62	-51	0.39	0.39	0	
22/12/2011 16:51:16	ALARM 401		
22/12/2011 16:51:19	ALARM 205		err.6058
22/12/2011 16:51:29	TASTEGGIO	1	0	5000	42060	160385	62	-51	0.42	0.42	-24500	
22/12/2011 16:51:53	TASTEGGIO	1	0	5000	42060	184784	53	-92	0.54	0.54	0	
22/12/2011 16:51:57	ALARM 401		
22/12/2011 16:51:59	ALARM 202		err.6059
22/12/2011 16:52:12	TASTEGGIO	0	1	5000	42061	160383	0	0	0.46	0.47	-24500	
22/12/2011 16:52:35	TASTEGGIO	1	0	5000	42061	184767	54	-112	0.69	0.69	0	
22/12/2011 16:52:55	TASTEGGIO	0	1	5000	42061	184767	0	-123	1.71	1.71	0	
22/12/2011 16:53:00	ALARM 401		
22/12/2011 16:53:04	ALARM 203		err.6058
22/12/2011 16:53:19	TASTEGGIO	0	1	5000	42061	160371	0	0	1.53	1.53	0	
22/12/2011 16:53:38	TASTEGGIO	1	0	5000	42061	160376	77	7	1.54	1.54	0	
22/12/2011 16:53:59	TASTEGGIO	0	1	5000	42061	160376	232	-202	0.67	0.67	0	
22/12/2011 16:54:00	ALARM 401		
22/12/2011 16:54:14	TASTEGGIO	0	1	5000	42061	160371	232	-202	0.60	0.60	0	
22/12/2011 16:54:36	TASTEGGIO	1	0	5000	42061	160375	57	-110	0.64	0.64	0	
22/12/2011 16:54:42	ALARM 401		
22/12/2011 16:54:44	ALARM 203		err.6059
22/12/2011 16:54:58	TASTEGGIO	0	1	5000	42061	160371	0	0	0.62	0.65	-44500	
22/12/2011 16:55:23	TASTEGGIO	1	0	5000	42061	204802	58	-190	0.02	0.02	0	
22/12/2011 16:55:33	TASTEGGIO	1	0	5000	42061	160393	58	-190	2.11	2.28	-44500	
22/12/2011 16:56:00	TASTEGGIO	1	0	5000	42061	204834	92	-161	0.02	0.02	0	
22/12/2011 16:56:10	TASTEGGIO	1	0	5000	42061	160409	92	-161	0.00	0.00	44500	
22/12/2011 16:58:12	TASTEGGIO	1	0	5000	42060	161169	92	-161	0.48	0.48	0	
22/12/2011 16:58:34	TASTEGGIO	1	0	5000	42060	161173	55	-40	0.12	0.12	0	
22/12/2011 16:58:42	TASTEGGIO	1	0	5000	42060	161169	55	-40	0.14	0.46	44500	
22/12/2011 16:59:05	TASTEGGIO	1	0	5000	42060	116726	54	-19	0.17	0.17	0	
22/12/2011 16:59:11	ALARM 401		
22/12/2011 16:59:13	ALARM 201		err.6059
22/12/2011 16:59:29	TASTEGGIO	0	0	5000	42061	160792	48	0	0.31	0.31	0	
22/12/2011 16:59:51	TASTEGGIO	1	0	5000	42061	160785	51	-108	1.27	1.27	0	
22/12/2011 16:59:54	ALARM 401		
22/12/2011 16:59:57	ALARM 203		err.6058
22/12/2011 17:00:08	TASTEGGIO	0	1	5000	42061	160792	0	0	1.25	1.25	0	
22/12/2011 17:00:29	TASTEGGIO	1	0	5000	42061	160785	71	-27	0.93	0.93	0	
22/12/2011 17:00:51	TASTEGGIO	0	1	5000	42061	160785	140	-95	0.08	0.08	0	
22/12/2011 17:00:58	TASTEGGIO	0	1	5000	42061	160791	140	-95	0.09	0.46	24500	
22/12/2011 17:01:22	TASTEGGIO	1	0	5000	42061	136375	54	-54	0.12	0.12	0	
22/12/2011 17:01:32	TASTEGGIO	1	0	5000	42061	160786	54	-54	0.47	0.47	0	
22/12/2011 17:01:55	TASTEGGIO	1	0	5000	42061	160780	54	-7	0.35	0.35	0	
22/12/2011 17:02:15	TASTEGGIO	0	1	5000	42061	160780	80	-26	0.23	0.23	0	
22/12/2011 17:02:16	ALARM 401		
22/12/2011 17:02:30	TASTEGGIO	0	1	5000	42061	160786	80	-26	0.22	0.31	-119500	
22/12/2011 17:02:55	TASTEGGIO	1	0	5000	42061	280238	51	0	0.27	0.27	0	
22/12/2011 17:03:14	TASTEGGIO	0	1	5000	42061	280238	74	-7	0.23	0.23	0	
22/12/2011 17:03:34	TASTEGGIO	0	2	5000	42061	280238	113	-28	0.27	0.27	0	
22/12/2011 17:03:53	TASTEGGIO	0	1	5000	42061	280238	81	-22	0.11	0.11	0	
22/12/2011 17:04:05	TASTEGGIO	0	1	5000	42061	161172	81	-22	0.32	0.32	0	
22/12/2011 17:04:28	TASTEGGIO	1	0	5000	42061	161177	51	-40	0.52	0.52	0	
22/12/2011 17:04:32	ALARM 401		
22/12/2011 17:04:36	ALARM 203		err.6058
22/12/2011 17:04:50	TASTEGGIO	0	1	5000	42061	161173	0	0	0.51	0.51	0	
22/12/2011 17:05:13	TASTEGGIO	1	0	5000	42061	161177	55	-18	0.31	0.31	0	
22/12/2011 17:05:15	ALARM 401		
22/12/2011 17:05:19	ALARM 205		err.6059
22/12/2011 17:05:31	TASTEGGIO	1	0	5000	42061	161172	55	-18	0.34	0.34	0	
22/12/2011 17:05:55	TASTEGGIO	1	0	5000	42061	161177	52	-4	0.27	0.27	0	
22/12/2011 17:06:15	TASTEGGIO	0	1	5000	42061	161177	73	-22	0.20	0.20	0	
22/12/2011 17:06:16	ALARM 401		
22/12/2011 17:06:19	ALARM 205		err.6059
22/12/2011 17:06:30	TASTEGGIO	0	1	5000	42061	161172	73	-22	0.19	0.28	82800	
22/12/2011 17:06:52	TASTEGGIO	1	0	5000	42061	78437	50	-15	0.12	0.12	0	
22/12/2011 17:07:03	TASTEGGIO	1	0	5000	42061	160795	50	-15	0.22	0.22	0	
22/12/2011 17:07:05	ALARM 401		
22/12/2011 17:11:26	ALARM 406		
23/12/2011 06:51:39	ALARM 401		
23/12/2011 06:51:41	INIT OK
23/12/2011 06:54:36	ALARM 602	proc 6 prog 26 step 38	ASPETTA 62
23/12/2011 06:55:26	ALARM 602	proc 6 prog 26 step 38	ASPETTA 62
23/12/2011 06:56:43	ALARM 602	proc 6 prog 26 step 38	ASPETTA 62
23/12/2011 06:57:32	ALARM 602	proc 6 prog 26 step 38	ASPETTA 62
23/12/2011 06:58:25	ALARM 602	proc 6 prog 26 step 38	ASPETTA 62
23/12/2011 07:00:24	ALARM 602	proc 6 prog 26 step 38	ASPETTA 62
23/12/2011 07:02:27	ALARM 602	proc 6 prog 26 step 38	ASPETTA 62
23/12/2011 07:04:14	ALARM 602	proc 6 prog 26 step 38	ASPETTA 62
23/12/2011 07:04:45	ALARM 602	proc 6 prog 26 step 38	ASPETTA 62
23/12/2011 07:06:17	TASTEGGIO	0	0	5000	42063	161093	0	0	0.08	0.16	-119500	
23/12/2011 07:08:15	TASTEGGIO	0	0	5000	42061	161082	0	0	0.15	0.63	44500	
23/12/2011 07:08:37	TASTEGGIO	1	0	5000	42061	116632	58	3	0.56	0.56	0	
23/12/2011 07:08:57	TASTEGGIO	0	1	5000	42061	116632	107	-55	0.36	0.36	0	
23/12/2011 07:08:59	ALARM 401		
23/12/2011 07:09:04	ALARM 205		err.6058
23/12/2011 07:09:18	TASTEGGIO	0	1	5000	42061	160703	107	-55	0.66	0.66	0	
23/12/2011 07:09:40	TASTEGGIO	1	0	5000	42061	160698	58	-65	0.43	0.43	0	
23/12/2011 07:10:00	TASTEGGIO	0	1	5000	42061	160698	86	-110	0.64	0.64	0	
23/12/2011 07:10:04	ALARM 401		
23/12/2011 07:10:07	ALARM 401		
23/12/2011 07:10:22	TASTEGGIO	0	1	5000	42061	160705	0	0	0.59	0.80	44500	
23/12/2011 07:10:43	TASTEGGIO	1	0	5000	42061	116294	61	4	0.87	0.87	0	
23/12/2011 07:10:51	ALARM 401		
23/12/2011 07:10:54	ALARM 401		
23/12/2011 07:10:55	ALARM 401		
23/12/2011 07:11:14	TASTEGGIO	0	1	5000	42061	160708	155	0	0.58	0.86	44500	
23/12/2011 07:11:35	TASTEGGIO	1	0	5000	42061	116296	63	4	0.86	0.86	0	
23/12/2011 07:11:55	TASTEGGIO	0	1	5000	42061	116296	149	-72	0.16	0.16	0	
23/12/2011 07:11:56	ALARM 401		
23/12/2011 07:11:59	ALARM 401		
23/12/2011 07:11:59	ALARM 401		
23/12/2011 07:12:19	TASTEGGIO	0	1	5000	42061	160711	149	-72	0.16	0.32	24500	
23/12/2011 07:12:43	TASTEGGIO	1	0	5000	42061	136294	51	-111	0.86	0.86	0	
23/12/2011 07:12:48	ALARM 401		
23/12/2011 07:12:50	ALARM 401		
23/12/2011 07:12:51	ALARM 401		
23/12/2011 07:13:09	TASTEGGIO	0	1	5000	42061	160710	0	0	1.12	1.12	0	
23/12/2011 07:13:29	TASTEGGIO	1	0	5000	42061	160705	68	0	1.08	1.08	0	
23/12/2011 07:13:51	TASTEGGIO	0	1	5000	42061	160705	172	-173	0.97	0.97	0	
23/12/2011 07:14:09	TASTEGGIO	0	1	5000	42061	160705	84	-26	0.59	0.59	0	
23/12/2011 07:14:11	ALARM 401		
23/12/2011 07:14:14	ALARM 205		err.6059
23/12/2011 07:14:28	TASTEGGIO	0	1	5000	42061	160712	84	-26	0.60	0.60	0	
23/12/2011 07:14:49	TASTEGGIO	1	0	5000	42061	160706	57	3	0.56	0.56	0	
23/12/2011 07:15:10	TASTEGGIO	0	1	5000	42061	160706	109	-45	0.09	0.09	0	
23/12/2011 07:15:18	TASTEGGIO	0	1	5000	42061	160712	109	-45	0.11	0.24	-82000	
23/12/2011 07:15:21	ALARM 401		
23/12/2011 07:15:24	ALARM 401		
23/12/2011 07:15:24	ALARM 401		
23/12/2011 07:18:15	TASTEGGIO	0	1	5000	42061	161291	109	-45	0.11	0.17	44500	
23/12/2011 07:20:12	TASTEGGIO	0	1	5000	42061	161546	109	-45	1.58	1.58	0	
23/12/2011 07:20:29	TASTEGGIO	1	0	5000	42061	161551	78	6	1.56	1.56	0	
23/12/2011 07:20:51	TASTEGGIO	0	1	5000	42061	161551	232	-240	1.17	1.17	0	
23/12/2011 07:21:11	TASTEGGIO	0	1	5000	42061	161551	144	-140	0.33	0.33	0	
23/12/2011 07:21:12	ALARM 401		
23/12/2011 07:21:16	ALARM 205		err.6059
23/12/2011 07:21:27	TASTEGGIO	0	1	5000	42061	161545	144	-140	0.30	0.58	-119500	
23/12/2011 07:21:51	TASTEGGIO	1	0	5000	42061	280996	57	-13	0.47	0.47	0	
23/12/2011 07:22:09	TASTEGGIO	0	1	5000	42061	280997	95	-16	0.33	0.33	0	
23/12/2011 07:22:30	TASTEGGIO	0	2	5000	42061	280997	127	-17	0.19	0.19	0	
23/12/2011 07:22:31	ALARM 401		
23/12/2011 07:22:34	ALARM 205		err.6058
23/12/2011 07:24:09	TASTEGGIO	0	2	5000	42061	161529	127	-17	0.44	0.44	0	
23/12/2011 07:24:31	TASTEGGIO	1	0	5000	42061	161533	54	-139	0.93	0.93	0	
23/12/2011 07:24:35	ALARM 401		
23/12/2011 07:24:37	ALARM 401		
23/12/2011 07:24:38	ALARM 401		
23/12/2011 07:24:52	TASTEGGIO	0	1	5000	42061	161528	0	0	0.90	0.90	0	
23/12/2011 07:25:12	TASTEGGIO	1	0	5000	42061	161532	63	-9	0.78	0.78	0	
23/12/2011 07:25:32	TASTEGGIO	0	1	5000	42061	161532	130	-74	0.04	0.04	0	
23/12/2011 07:25:40	TASTEGGIO	0	1	5000	42061	161528	130	-74	0.05	0.37	-82000	
23/12/2011 07:26:03	TASTEGGIO	1	0	5000	42061	243468	52	-28	0.12	0.12	0	
23/12/2011 07:26:15	TASTEGGIO	1	0	5000	42061	161529	52	-28	0.14	0.22	-119500	
23/12/2011 07:26:16	ALARM 401		
23/12/2011 07:26:20	ALARM 401		
23/12/2011 07:26:20	ALARM 401		
23/12/2011 07:26:32	ALARM 29	proc 5 prog 72 step 6	Tastatori appoggiati sul tondo
23/12/2011 07:29:31	TASTEGGIO	1	0	5000	42061	161286	52	-28	0.07	0.44	44500	
23/12/2011 07:29:53	TASTEGGIO	1	0	5000	42061	116837	54	-25	0.14	0.14	0	
23/12/2011 07:30:04	TASTEGGIO	1	0	5000	42061	160909	54	-25	0.18	0.20	44500	
23/12/2011 07:30:09	ALARM 401		
23/12/2011 07:30:13	ALARM 201		err.6058
23/12/2011 07:33:27	TASTEGGIO	1	0	5000	42061	160377	54	-25	0.45	0.59	24500	
23/12/2011 07:33:49	TASTEGGIO	1	0	5000	42061	135924	57	-12	0.40	0.40	0	
23/12/2011 07:34:09	TASTEGGIO	0	1	5000	42061	135924	84	-44	0.12	0.12	0	
23/12/2011 07:34:19	TASTEGGIO	0	1	5000	42061	159965	84	-44	0.44	0.44	0	
23/12/2011 07:34:41	TASTEGGIO	1	0	5000	42061	159959	54	-24	0.27	0.27	0	
23/12/2011 07:34:44	ALARM 401		
23/12/2011 07:34:57	TASTEGGIO	1	0	5000	42061	159965	54	-24	0.31	0.49	82800	
23/12/2011 07:35:18	TASTEGGIO	1	0	5000	42061	77257	55	0	0.45	0.45	0	
23/12/2011 07:35:36	TASTEGGIO	0	1	5000	42061	77254	96	-6	0.40	0.40	0	
23/12/2011 07:35:57	TASTEGGIO	0	2	5000	42061	77251	167	-76	0.51	0.51	0	
23/12/2011 07:36:15	TASTEGGIO	0	1	5000	42061	77250	101	-14	0.30	0.30	0	
23/12/2011 07:36:36	TASTEGGIO	0	2	5000	42061	77245	125	-38	0.20	0.20	0	
23/12/2011 07:36:38	ALARM 401		
23/12/2011 07:36:45	ALARM 205		err.6058
23/12/2011 07:36:56	ALARM 318	proc 3 prog 42 step 19	go_abs inv_ax 5
23/12/2011 07:37:07	ALARM 318	proc 3 prog 42 step 19	go_abs inv_ax 5
23/12/2011 07:37:17	ALARM 318	proc 3 prog 42 step 19	go_abs inv_ax 5
23/12/2011 07:37:27	ALARM 318	proc 3 prog 42 step 19	go_abs inv_ax 5
23/12/2011 07:37:43	ALARM 318	proc 3 prog 42 step 19	go_abs inv_ax 5
23/12/2011 07:37:59	ALARM 318	proc 3 prog 42 step 19	go_abs inv_ax 5
23/12/2011 07:38:13	ALARM 318	proc 12 prog 42 step 19	go_abs inv_ax 5
23/12/2011 07:38:32	ALARM 318	proc 3 prog 42 step 19	go_abs inv_ax 5
23/12/2011 07:39:17	ALARM 318	proc 3 prog 42 step 19	go_abs inv_ax 5
23/12/2011 07:39:34	ALARM 401		
23/12/2011 07:40:42	ALARM 401		
23/12/2011 07:40:42	ALARM 401		
23/12/2011 07:43:20	ALARM 401		
23/12/2011 07:49:49	ALARM 401		
23/12/2011 09:04:02	ALARM 401		
23/12/2011 09:50:31	ALARM 401		
23/12/2011 09:50:32	INIT OK
23/12/2011 09:57:00	ALARM 12	proc 2 prog 61 step 9	Tastatori Non FuoriIngombro
23/12/2011 09:58:10	ALARM 401		
23/12/2011 10:00:27	ALARM 401		
23/12/2011 10:26:33	ALARM 401		
23/12/2011 10:28:04	ALARM 318	proc 12 prog 129 step 3	go_abs inv_ax 5
23/12/2011 10:28:46	ALARM 401		
23/12/2011 10:32:20	ALARM 401		
23/12/2011 10:33:36	ALARM 14	proc 12 prog 31 step 22	Bracc. centrali non in fuori ingombro rullBracc. centrali non in fuori ingombro presCarrello 1 non è in pos. per spostare il tLavoroTerminato
23/12/2011 10:34:07	ALARM 23	proc 12 prog 130 step 24	Pressa non su
23/12/2011 10:35:26	ALARM 23	proc 12 prog 131 step 24	Pressa non su
23/12/2011 10:35:48	ALARM 401		
23/12/2011 10:35:58	ALARM 401		
23/12/2011 10:36:00	ALARM 401		
23/12/2011 10:36:01	ALARM 401		
23/12/2011 10:36:44	ALARM 401		
23/12/2011 10:37:35	ALARM 401		
23/12/2011 10:39:17	TASTEGGIO	0	0	6300	47156	140555	0	0	0.15	0.24	82800	
23/12/2011 10:39:44	TASTEGGIO	1	0	6300	47156	57834	242	-3	0.17	0.17	0	
23/12/2011 10:39:56	TASTEGGIO	1	0	6300	47156	140531	242	-3	0.11	0.19	82800	
23/12/2011 10:40:24	TASTEGGIO	1	0	6300	47156	57777	236	0	0.17	0.17	0	
23/12/2011 10:40:35	TASTEGGIO	1	0	6300	47156	140521	236	0	0.13	0.19	82800	
23/12/2011 10:41:03	TASTEGGIO	1	0	6300	47156	57767	236	0	0.17	0.17	0	
23/12/2011 10:41:14	TASTEGGIO	1	0	6300	47156	140515	236	0	0.11	0.19	82800	
23/12/2011 10:41:42	TASTEGGIO	1	0	6300	47156	57777	236	1	0.17	0.17	0	
23/12/2011 10:41:53	TASTEGGIO	1	0	6300	47156	140506	236	1	0.14	0.18	82800	
23/12/2011 10:42:21	TASTEGGIO	1	0	6300	47156	57773	234	1	0.16	0.16	0	
23/12/2011 10:42:33	TASTEGGIO	1	0	6300	47156	140504	234	1	0.11	0.18	82800	
23/12/2011 10:43:00	TASTEGGIO	1	0	6300	47156	57777	234	1	0.16	0.16	0	
23/12/2011 10:43:12	TASTEGGIO	1	0	6300	47156	140506	234	1	0.11	0.18	82800	
23/12/2011 10:43:14	ALARM 401		
23/12/2011 10:43:38	TASTEGGIO	1	0	6300	47156	140507	234	1	0.11	0.19	82800	
23/12/2011 10:44:06	TASTEGGIO	1	0	6300	47156	57769	236	1	0.17	0.17	0	
23/12/2011 10:44:17	TASTEGGIO	1	0	6300	47156	140507	236	1	0.11	0.18	82800	
23/12/2011 10:44:45	TASTEGGIO	1	0	6300	47156	57768	234	0	0.16	0.16	0	
23/12/2011 10:44:57	TASTEGGIO	1	0	6300	47156	140511	234	0	0.10	0.19	82800	
23/12/2011 10:45:23	TASTEGGIO	1	0	6300	47156	57779	236	0	0.17	0.17	0	
23/12/2011 10:45:44	TASTEGGIO	0	1	6300	47156	57769	251	0	0.16	0.16	0	
23/12/2011 10:46:07	TASTEGGIO	0	2	6300	47156	57763	281	-2	0.14	0.14	0	
23/12/2011 10:46:19	TASTEGGIO	0	2	6300	47156	140519	281	-2	0.09	0.14	82800	
23/12/2011 10:46:45	TASTEGGIO	1	0	6300	47156	57774	229	1	0.14	0.14	0	
23/12/2011 10:47:07	TASTEGGIO	0	1	6300	47156	57767	243	0	0.14	0.14	0	
23/12/2011 10:47:29	TASTEGGIO	0	2	6300	47156	57763	271	-1	0.14	0.14	0	
23/12/2011 10:47:50	TASTEGGIO	0	3	6300	47156	57762	313	-7	0.06	0.06	0	
23/12/2011 10:48:02	TASTEGGIO	0	3	6300	47156	140524	313	-7	0.03	0.12	-82000	
23/12/2011 10:48:28	ALARM 401		
23/12/2011 10:49:50	ALARM 401		
23/12/2011 10:50:07	TASTEGGIO	1	0	6300	47156	140678	227	0	0.04	0.11	-82000	
23/12/2011 10:50:35	TASTEGGIO	1	0	6300	47156	222617	225	-17	0.08	0.08	0	
23/12/2011 10:50:47	TASTEGGIO	1	0	6300	47156	140700	225	-17	0.10	0.10	-24500	
23/12/2011 10:51:14	TASTEGGIO	1	0	6300	47156	164950	224	-44	0.30	0.30	0	
23/12/2011 10:51:36	TASTEGGIO	0	1	6300	47156	164951	134	-16	0.25	0.25	0	
23/12/2011 10:51:59	TASTEGGIO	0	2	6300	47156	164952	175	-17	0.13	0.13	0	
23/12/2011 10:52:21	TASTEGGIO	0	3	6300	47156	164952	186	-19	0.05	0.05	0	
23/12/2011 10:52:31	TASTEGGIO	0	3	6300	47156	140653	186	-19	0.03	0.07	82800	
23/12/2011 10:54:21	TASTEGGIO	0	3	6300	47156	140698	186	-19	0.09	0.22	-82000	
23/12/2011 10:54:50	TASTEGGIO	1	0	6300	47156	222638	240	-14	0.11	0.11	0	
23/12/2011 10:55:01	TASTEGGIO	1	0	6300	47156	140700	240	-14	0.01	0.11	-82000	
23/12/2011 10:55:29	TASTEGGIO	1	0	6300	47156	222628	225	-6	0.06	0.06	0	
23/12/2011 10:55:40	TASTEGGIO	1	0	6300	47156	140708	225	-6	0.05	0.10	82800	
23/12/2011 10:56:07	TASTEGGIO	1	0	6300	47156	57955	224	-5	0.04	0.04	0	
23/12/2011 10:56:19	TASTEGGIO	1	0	6300	47156	140540	224	-5	0.02	0.08	-44500	
23/12/2011 10:57:17	ALARM 17	proc 12 prog 10 step 47	LavoroTerminato
23/12/2011 11:03:15	TASTEGGIO	1	0	8000	53819	117913	224	-5	0.99	1.01	24500	
23/12/2011 11:03:42	TASTEGGIO	1	0	8000	53819	93450	256	-10	0.89	0.89	0	
23/12/2011 11:03:52	TASTEGGIO	1	0	8000	53819	117746	256	-10	0.90	0.91	24500	
23/12/2011 11:04:18	TASTEGGIO	1	0	8000	53819	93295	238	0	0.85	0.85	0	
23/12/2011 11:04:28	TASTEGGIO	1	0	8000	53819	117742	238	0	0.89	0.90	24500	
23/12/2011 11:04:54	TASTEGGIO	1	0	8000	53819	93291	237	0	0.85	0.85	0	
23/12/2011 11:05:04	TASTEGGIO	1	0	8000	53819	117741	237	0	0.91	0.91	0	
23/12/2011 11:05:29	TASTEGGIO	1	0	8000	53819	117734	238	-78	1.53	1.53	0	
23/12/2011 11:05:52	TASTEGGIO	0	1	8000	53819	117733	400	-76	0.78	0.78	0	
23/12/2011 11:06:00	TASTEGGIO	0	1	8000	53819	117738	400	-76	0.78	0.85	24500	
23/12/2011 11:06:25	TASTEGGIO	1	0	8000	53819	93281	228	-2	0.80	0.80	0	
23/12/2011 11:06:36	TASTEGGIO	1	0	8000	53819	117738	228	-2	0.76	0.83	24500	
23/12/2011 11:07:01	TASTEGGIO	1	0	8000	53819	93284	224	0	0.81	0.81	0	
23/12/2011 11:07:11	TASTEGGIO	1	0	8000	53819	117735	224	0	0.80	0.84	24500	
23/12/2011 11:07:35	TASTEGGIO	1	0	8000	53819	93280	226	0	0.80	0.80	0	
23/12/2011 11:07:56	TASTEGGIO	0	1	8000	53819	93277	302	-19	0.60	0.60	0	
23/12/2011 11:08:20	TASTEGGIO	0	2	8000	53819	93274	365	-46	0.18	0.18	0	
23/12/2011 11:08:37	TASTEGGIO	0	0	8000	53819	93273	107	0	0.17	0.17	0	
23/12/2011 11:08:55	TASTEGGIO	0	1	8000	53819	93273	123	0	0.17	0.17	0	
23/12/2011 11:09:15	TASTEGGIO	0	2	8000	53819	93270	157	0	0.17	0.17	0	
23/12/2011 11:09:35	TASTEGGIO	0	3	8000	53819	93270	208	-1	0.17	0.17	0	
23/12/2011 11:09:58	TASTEGGIO	0	4	8000	53819	93270	276	-3	0.14	0.14	0	
23/12/2011 11:10:09	TASTEGGIO	0	4	8000	53819	117740	276	-3	0.21	0.21	0	
23/12/2011 11:10:30	TASTEGGIO	1	0	8000	53819	117734	112	-3	0.26	0.26	0	
23/12/2011 11:10:51	TASTEGGIO	0	1	8000	53819	117734	144	-2	0.27	0.27	0	
23/12/2011 11:11:13	TASTEGGIO	0	2	8000	53819	117734	200	-7	0.35	0.35	0	
23/12/2011 11:11:37	TASTEGGIO	0	3	8000	53819	117734	336	-90	1.21	1.21	0	
23/12/2011 11:11:50	TASTEGGIO	0	1	8000	53819	117734	0	-6	1.14	1.14	0	
23/12/2011 11:12:09	TASTEGGIO	0	2	8000	53819	117734	214	-7	1.07	1.07	0	
23/12/2011 11:12:33	TASTEGGIO	0	3	8000	53819	117734	400	-91	0.14	0.14	0	
23/12/2011 11:12:41	TASTEGGIO	0	3	8000	53819	117741	400	-91	0.14	0.18	44500	
23/12/2011 11:13:02	TASTEGGIO	1	0	8000	53819	73306	107	0	0.19	0.19	0	
23/12/2011 11:13:20	TASTEGGIO	0	1	8000	53819	73297	127	2	0.15	0.15	0	
23/12/2011 11:13:38	TASTEGGIO	0	2	8000	53819	73292	143	0	0.15	0.15	0	
23/12/2011 11:13:56	TASTEGGIO	0	3	8000	53819	73290	188	-2	0.14	0.14	0	
23/12/2011 11:14:07	TASTEGGIO	0	3	8000	53819	117744	188	-2	0.13	0.18	-44500	
23/12/2011 11:14:30	TASTEGGIO	1	0	8000	53819	162134	107	-6	0.11	0.11	0	
23/12/2011 11:14:41	TASTEGGIO	1	0	8000	53819	117853	107	-6	0.17	0.17	0	
23/12/2011 11:15:01	TASTEGGIO	1	0	8000	53819	117861	105	0	0.16	0.16	0	
23/12/2011 11:15:20	TASTEGGIO	0	1	8000	53819	117861	120	0	0.16	0.16	0	
23/12/2011 11:15:39	TASTEGGIO	0	2	8000	53819	117862	152	-1	0.15	0.15	0	
23/12/2011 11:15:59	TASTEGGIO	0	3	8000	53819	117869	194	0	0.16	0.16	0	
23/12/2011 11:16:20	TASTEGGIO	0	4	8000	53819	117869	262	-16	0.10	0.10	0	
23/12/2011 11:16:29	TASTEGGIO	0	4	8000	53819	117851	262	-16	0.11	0.20	-44500	
23/12/2011 11:16:51	TASTEGGIO	1	0	8000	53819	162242	111	-2	0.15	0.15	0	
23/12/2011 11:17:10	TASTEGGIO	0	1	8000	53819	162264	122	-1	0.16	0.16	0	
23/12/2011 11:17:29	TASTEGGIO	0	2	8000	53819	162281	156	-3	0.11	0.11	0	
23/12/2011 11:17:40	TASTEGGIO	0	2	8000	53819	117866	156	-3	0.16	0.17	-24500	
23/12/2011 11:18:09	ALARM 401		
23/12/2011 11:18:11	ALARM 203		err.6058
23/12/2011 11:18:36	TASTEGGIO	1	0	8000	53820	117860	105	-4	0.14	0.14	-24500	
23/12/2011 11:20:25	TASTEGGIO	1	0	8000	53820	117907	105	-4	0.80	0.89	-44500	
23/12/2011 11:20:50	TASTEGGIO	1	0	8000	53820	162308	235	-13	0.74	0.74	0	
23/12/2011 11:21:12	TASTEGGIO	0	1	8000	53820	162330	296	-24	0.54	0.54	0	
23/12/2011 11:21:35	TASTEGGIO	0	2	8000	53820	162346	351	-46	0.13	0.13	0	
23/12/2011 11:21:46	TASTEGGIO	0	2	8000	53820	117895	351	-46	0.22	0.37	24500	
23/12/2011 11:22:08	TASTEGGIO	1	0	8000	53820	93441	141	-4	0.31	0.31	0	
23/12/2011 11:22:27	TASTEGGIO	0	1	8000	53820	93436	166	-2	0.29	0.29	0	
23/12/2011 11:22:48	TASTEGGIO	0	2	8000	53820	93434	220	-12	0.21	0.21	0	
23/12/2011 11:23:10	TASTEGGIO	0	3	8000	53820	93433	246	-23	0.07	0.07	0	
23/12/2011 11:23:20	TASTEGGIO	0	3	8000	53820	117752	246	-23	0.13	0.17	44500	
23/12/2011 11:23:42	TASTEGGIO	1	0	8000	53820	73319	105	-3	0.12	0.12	0	
23/12/2011 11:23:53	TASTEGGIO	1	0	8000	53820	117747	105	-3	0.09	0.13	44500	
23/12/2011 11:24:15	TASTEGGIO	1	0	8000	53820	73302	98	0	0.13	0.13	0	
23/12/2011 11:24:31	TASTEGGIO	0	1	8000	53820	73296	111	0	0.13	0.13	0	
23/12/2011 11:24:42	TASTEGGIO	0	1	8000	53820	117745	111	0	0.11	0.15	44500	
23/12/2011 11:25:04	TASTEGGIO	1	0	8000	53820	73311	102	0	0.15	0.15	0	
23/12/2011 11:25:21	TASTEGGIO	0	1	8000	53820	73303	117	0	0.11	0.11	0	
23/12/2011 11:25:31	TASTEGGIO	0	1	8000	53820	117746	117	0	0.09	0.14	44500	
23/12/2011 11:25:53	TASTEGGIO	1	0	8000	53820	73303	100	1	0.12	0.12	0	
23/12/2011 11:26:04	TASTEGGIO	1	0	8000	53820	117739	100	1	0.10	0.13	44500	
23/12/2011 11:27:52	TASTEGGIO	1	0	8000	53820	117813	100	1	0.40	0.59	44500	
23/12/2011 11:28:15	TASTEGGIO	1	0	8000	53820	73360	181	-3	0.53	0.53	0	
23/12/2011 11:28:35	TASTEGGIO	0	1	8000	53820	73359	228	-4	0.49	0.49	0	
23/12/2011 11:28:55	ALARM 401		
23/12/2011 11:28:57	ALARM 401		
23/12/2011 11:28:57	ALARM 401		
23/12/2011 11:28:59	ALARM 401		
23/12/2011 11:29:29	TASTEGGIO	0	2	8000	53820	117655	318	-32	0.21	0.31	24500	
23/12/2011 11:29:51	TASTEGGIO	1	0	8000	53820	93199	130	-2	0.30	0.30	0	
23/12/2011 11:30:09	TASTEGGIO	0	1	8000	53820	93198	159	-1	0.26	0.26	0	
23/12/2011 11:30:31	TASTEGGIO	0	2	8000	53820	93197	204	-7	0.19	0.19	0	
23/12/2011 11:30:54	TASTEGGIO	0	3	8000	53820	93197	228	-9	0.11	0.11	0	
23/12/2011 11:31:04	TASTEGGIO	0	3	8000	53820	117654	228	-9	0.09	0.12	44500	
23/12/2011 11:32:53	TASTEGGIO	0	3	8000	53820	117907	228	-9	1.20	1.27	-24500	
23/12/2011 11:33:18	TASTEGGIO	1	0	8000	53820	142356	303	-23	1.02	1.02	0	
23/12/2011 11:33:40	TASTEGGIO	0	1	8000	53820	142371	384	-60	0.41	0.41	0	
23/12/2011 11:33:59	TASTEGGIO	0	0	8000	53820	142374	148	0	0.43	0.43	0	
23/12/2011 11:34:20	TASTEGGIO	0	1	8000	53820	142379	193	-1	0.42	0.42	0	
23/12/2011 11:34:43	TASTEGGIO	0	2	8000	53820	142383	275	-2	0.40	0.40	0	
23/12/2011 11:35:08	TASTEGGIO	0	3	8000	53820	142385	389	-53	0.10	0.10	0	
23/12/2011 11:35:18	TASTEGGIO	0	3	8000	53820	117878	389	-53	0.01	0.16	44500	
23/12/2011 11:35:40	TASTEGGIO	1	0	8000	53820	73429	103	-3	0.12	0.12	0	
23/12/2011 11:35:51	TASTEGGIO	1	0	8000	53820	117747	103	-3	0.02	0.14	44500	
23/12/2011 11:36:12	TASTEGGIO	1	0	8000	53820	73306	100	0	0.11	0.11	0	
23/12/2011 11:36:23	TASTEGGIO	1	0	8000	53820	117742	100	0	0.02	0.14	44500	
23/12/2011 11:36:44	TASTEGGIO	1	0	8000	53820	73300	100	0	0.14	0.14	0	
23/12/2011 11:37:01	TASTEGGIO	0	1	8000	53820	73293	114	0	0.15	0.15	0	
23/12/2011 11:37:20	TASTEGGIO	0	2	8000	53820	73291	146	-1	0.12	0.12	0	
23/12/2011 11:37:31	TASTEGGIO	0	2	8000	53820	117741	146	-1	0.02	0.14	44500	
23/12/2011 11:37:52	TASTEGGIO	1	0	8000	53820	73302	100	0	0.11	0.11	0	
23/12/2011 11:38:03	TASTEGGIO	1	0	8000	53820	117744	100	0	0.05	0.13	44500	
23/12/2011 11:39:52	TASTEGGIO	1	0	8000	53820	117908	100	0	1.48	1.59	-24500	
23/12/2011 11:40:17	TASTEGGIO	1	0	8000	53820	142354	361	-35	1.22	1.22	0	
23/12/2011 11:40:40	TASTEGGIO	0	1	8000	53820	142374	400	-42	0.81	0.81	0	
23/12/2011 11:41:03	TASTEGGIO	0	2	8000	53820	142379	400	-33	0.45	0.45	0	
23/12/2011 11:41:27	TASTEGGIO	0	3	8000	53820	142381	400	-38	0.19	0.19	0	
23/12/2011 11:41:46	TASTEGGIO	0	0	8000	53820	142381	109	-1	0.19	0.19	0	
23/12/2011 11:42:05	TASTEGGIO	0	1	8000	53820	142383	128	-1	0.16	0.16	0	
23/12/2011 11:42:27	TASTEGGIO	0	2	8000	53820	142382	154	-2	0.17	0.17	0	
23/12/2011 11:42:48	TASTEGGIO	0	3	8000	53820	142382	208	-5	0.15	0.15	0	
23/12/2011 11:43:11	TASTEGGIO	0	4	8000	53820	142382	260	-19	0.24	0.24	0	
23/12/2011 11:43:32	TASTEGGIO	0	1	8000	53820	142383	221	-11	0.13	0.13	0	
23/12/2011 11:43:43	TASTEGGIO	0	1	8000	53820	117879	221	-11	0.22	0.46	44500	
23/12/2011 11:44:04	TASTEGGIO	1	0	8000	53820	73433	157	-1	0.44	0.44	0	
23/12/2011 11:44:23	TASTEGGIO	0	1	8000	53820	73427	199	-3	0.41	0.41	0	
23/12/2011 11:44:44	TASTEGGIO	0	2	8000	53820	73430	275	-20	0.23	0.23	0	
23/12/2011 11:45:05	TASTEGGIO	0	3	8000	53820	73428	297	-24	0.04	0.04	0	
23/12/2011 11:45:16	TASTEGGIO	0	3	8000	53820	117748	297	-24	0.10	0.34	-44500	
23/12/2011 11:45:40	TASTEGGIO	1	0	8000	53820	162132	136	-2	0.31	0.31	0	
23/12/2011 11:45:59	TASTEGGIO	0	1	8000	53820	162155	164	-3	0.29	0.29	0	
23/12/2011 11:46:19	TASTEGGIO	0	2	8000	53820	162175	218	-14	0.15	0.15	0	
23/12/2011 11:46:41	TASTEGGIO	0	3	8000	53820	162190	231	-10	0.08	0.08	0	
23/12/2011 11:46:52	TASTEGGIO	0	3	8000	53820	117866	231	-10	0.19	0.24	-24500	
23/12/2011 11:47:15	TASTEGGIO	1	0	8000	53820	142302	118	-8	0.10	0.10	0	
23/12/2011 11:47:25	TASTEGGIO	1	0	8000	53820	117861	118	-8	0.09	0.18	44500	
23/12/2011 11:47:47	TASTEGGIO	1	0	8000	53820	73410	107	-2	0.12	0.12	0	
23/12/2011 11:47:58	TASTEGGIO	1	0	8000	53820	117748	107	-2	0.07	0.16	44500	
23/12/2011 11:48:19	TASTEGGIO	1	0	8000	53820	73305	103	-1	0.17	0.17	0	
23/12/2011 11:48:35	TASTEGGIO	0	1	8000	53820	73298	121	-1	0.18	0.18	0	
23/12/2011 11:48:53	TASTEGGIO	0	2	8000	53820	73294	159	0	0.15	0.15	0	
23/12/2011 11:49:12	TASTEGGIO	0	3	8000	53820	73294	196	0	0.15	0.15	0	
23/12/2011 11:49:34	TASTEGGIO	0	4	8000	53820	73298	256	-17	0.17	0.17	0	
23/12/2011 11:49:55	TASTEGGIO	0	1	8000	53820	73297	236	-19	0.31	0.31	0	
23/12/2011 11:50:14	TASTEGGIO	0	1	8000	53820	73306	179	-4	0.27	0.27	0	
23/12/2011 11:50:35	TASTEGGIO	0	2	8000	53820	73306	226	-2	0.25	0.25	0	
23/12/2011 11:50:56	TASTEGGIO	0	3	8000	53820	73306	295	-9	0.17	0.17	0	
23/12/2011 11:51:17	TASTEGGIO	0	4	8000	53820	73306	318	-16	0.05	0.05	0	
23/12/2011 11:51:28	TASTEGGIO	0	4	8000	53820	117749	318	-16	0.04	0.19	-44500	
23/12/2011 11:51:50	TASTEGGIO	1	0	8000	53820	162125	109	-2	0.18	0.18	0	
23/12/2011 11:52:08	TASTEGGIO	0	1	8000	53820	162149	126	0	0.18	0.18	0	
23/12/2011 11:52:28	TASTEGGIO	0	2	8000	53820	162172	162	-1	0.16	0.16	0	
23/12/2011 11:52:48	TASTEGGIO	0	3	8000	53820	162188	204	-1	0.16	0.16	0	
23/12/2011 11:53:08	TASTEGGIO	0	4	8000	53820	162201	268	-16	0.01	0.01	0	
23/12/2011 11:53:19	TASTEGGIO	0	4	8000	53820	117860	268	-16	0.16	0.22	-24500	
23/12/2011 11:53:42	TASTEGGIO	1	0	8000	53820	142294	114	-6	0.15	0.15	0	
23/12/2011 11:54:00	TASTEGGIO	0	1	8000	53820	142312	124	-1	0.12	0.12	0	
23/12/2011 11:54:11	TASTEGGIO	0	1	8000	53820	117863	124	-1	0.08	0.13	-24500	
23/12/2011 11:55:58	TASTEGGIO	0	1	8000	53820	117906	124	-1	2.14	2.26	-24500	
23/12/2011 11:56:25	TASTEGGIO	1	0	8000	53820	142346	400	-24	1.96	1.96	0	
23/12/2011 11:56:47	TASTEGGIO	0	1	8000	53820	142364	400	-10	1.87	1.87	0	
23/12/2011 11:57:11	TASTEGGIO	0	2	8000	53820	142371	400	-6	1.80	1.80	0	
23/12/2011 11:57:33	TASTEGGIO	0	3	8000	53820	142375	400	-3	1.76	1.76	0	
23/12/2011 11:57:57	TASTEGGIO	0	4	8000	53820	142379	400	-2	1.76	1.76	0	
23/12/2011 11:57:57	ALARM 401		
23/12/2011 11:58:00	ALARM 401		
23/12/2011 11:58:14	TASTEGGIO	0	4	8000	53820	142379	400	-2	1.74	1.74	0	
23/12/2011 11:58:38	TASTEGGIO	1	0	8000	53820	142379	388	-1	1.74	1.74	0	
23/12/2011 11:59:02	TASTEGGIO	0	1	8000	53820	142379	500	-73	1.03	1.03	0	
23/12/2011 11:59:26	TASTEGGIO	0	2	8000	53820	142379	500	-73	0.25	0.25	0	
23/12/2011 11:59:27	ALARM 401		
23/12/2011 11:59:30	ALARM 205		err.6058
23/12/2011 11:59:44	TASTEGGIO	0	2	8000	53820	117883	500	-73	0.41	0.56	-44500	
23/12/2011 12:00:07	TASTEGGIO	1	0	8000	53820	162278	175	-2	0.52	0.52	0	
23/12/2011 12:00:29	TASTEGGIO	0	1	8000	53820	162300	223	-6	0.46	0.46	0	
23/12/2011 12:00:50	TASTEGGIO	0	2	8000	53820	162315	304	-28	0.20	0.20	0	
23/12/2011 12:01:08	TASTEGGIO	0	0	8000	53820	162325	111	-1	0.20	0.20	0	
23/12/2011 12:01:27	TASTEGGIO	0	1	8000	53820	162332	131	0	0.18	0.18	0	
23/12/2011 12:01:47	TASTEGGIO	0	2	8000	53820	162332	163	0	0.19	0.19	0	
23/12/2011 12:02:08	TASTEGGIO	0	3	8000	53820	162332	223	0	0.18	0.18	0	
23/12/2011 12:02:10	ALARM 401		
23/12/2011 12:02:14	ALARM 205		err.6058
23/12/2011 12:02:27	TASTEGGIO	0	3	8000	53820	117881	223	0	0.19	0.31	24500	
23/12/2011 12:02:49	TASTEGGIO	1	0	8000	53820	93428	130	-2	0.26	0.26	0	
23/12/2011 12:03:08	TASTEGGIO	0	1	8000	53820	93423	151	-1	0.24	0.24	0	
23/12/2011 12:03:29	TASTEGGIO	0	2	8000	53820	93423	195	-4	0.20	0.20	0	
23/12/2011 12:03:51	TASTEGGIO	0	3	8000	53820	93423	244	-16	0.06	0.06	0	
23/12/2011 12:04:01	TASTEGGIO	0	3	8000	53820	117751	244	-16	0.03	0.16	-24500	
23/12/2011 12:04:23	TASTEGGIO	1	0	8000	53820	142195	103	-13	0.06	0.06	0	
23/12/2011 12:04:34	TASTEGGIO	1	0	8000	53820	117857	103	-13	0.12	0.18	-44500	
23/12/2011 12:04:57	TASTEGGIO	1	0	8000	53820	162251	107	-1	0.16	0.16	0	
23/12/2011 12:05:15	TASTEGGIO	0	1	8000	53820	162275	121	-1	0.16	0.16	0	
23/12/2011 12:05:35	TASTEGGIO	0	2	8000	53820	162292	153	-2	0.18	0.18	0	
23/12/2011 12:05:55	TASTEGGIO	0	3	8000	53820	162303	213	-1	0.15	0.15	0	
23/12/2011 12:06:17	TASTEGGIO	0	4	8000	53820	162310	262	-8	0.12	0.12	0	
23/12/2011 12:06:27	TASTEGGIO	0	4	8000	53820	117863	262	-8	0.05	0.16	44500	
23/12/2011 12:06:48	TASTEGGIO	1	0	8000	53820	73417	103	1	0.16	0.16	0	
23/12/2011 12:07:05	TASTEGGIO	0	1	8000	53820	73412	119	-1	0.15	0.15	0	
23/12/2011 12:07:24	TASTEGGIO	0	2	8000	53820	73410	147	0	0.15	0.15	0	
23/12/2011 12:07:43	TASTEGGIO	0	3	8000	53820	73410	192	-2	0.14	0.14	0	
23/12/2011 12:07:54	TASTEGGIO	0	3	8000	53820	117747	192	-2	0.05	0.14	44500	
23/12/2011 12:09:43	TASTEGGIO	0	3	8000	53820	118006	192	-2	1.31	1.87	44500	
23/12/2011 12:10:09	TASTEGGIO	1	0	8000	53820	73569	400	-23	1.62	1.62	0	
23/12/2011 12:10:31	TASTEGGIO	0	1	8000	53820	73564	400	-10	1.53	1.53	0	
23/12/2011 12:10:54	TASTEGGIO	0	2	8000	53820	73561	400	-5	1.48	1.48	0	
23/12/2011 12:11:15	ALARM 401		
23/12/2011 12:11:32	TASTEGGIO	0	3	8000	53820	73559	400	-2	1.46	1.46	0	
23/12/2011 12:11:55	TASTEGGIO	1	0	8000	53820	73559	337	0	1.47	1.47	0	
23/12/2011 12:12:19	TASTEGGIO	0	1	8000	53820	73559	485	-55	0.94	0.94	0	
23/12/2011 12:12:42	TASTEGGIO	0	2	8000	53820	73559	500	-58	0.37	0.37	0	
23/12/2011 12:13:00	TASTEGGIO	0	0	8000	53820	73559	141	0	0.37	0.37	0	
23/12/2011 12:13:19	TASTEGGIO	0	1	8000	53820	73559	178	0	0.38	0.38	0	
23/12/2011 12:13:39	TASTEGGIO	0	2	8000	53820	73559	256	0	0.39	0.39	0	
23/12/2011 12:14:03	TASTEGGIO	0	3	8000	53820	73559	376	-2	0.36	0.36	0	
23/12/2011 12:14:26	TASTEGGIO	0	4	8000	53820	73559	500	-62	0.23	0.23	0	
23/12/2011 12:14:51	TASTEGGIO	0	1	8000	53820	73559	485	-258	2.35	2.35	0	
23/12/2011 12:15:05	TASTEGGIO	0	1	8000	53820	73559	0	-12	2.24	2.24	0	
23/12/2011 12:15:26	TASTEGGIO	0	2	8000	53820	73559	427	-31	1.92	1.92	0	
23/12/2011 12:15:50	TASTEGGIO	0	3	8000	53820	73559	500	-50	1.43	1.43	0	
23/12/2011 12:16:13	TASTEGGIO	0	4	8000	53820	73559	500	-30	1.13	1.13	0	
23/12/2011 12:16:36	TASTEGGIO	0	5	8000	53820	73559	500	-28	0.88	0.88	0	
23/12/2011 12:17:01	TASTEGGIO	0	6	8000	53820	73559	550	-61	0.44	0.44	0	
23/12/2011 12:17:17	TASTEGGIO	0	0	8000	53820	73559	154	0	0.47	0.47	0	
23/12/2011 12:17:37	TASTEGGIO	0	1	8000	53820	73559	204	0	0.46	0.46	0	
23/12/2011 12:17:57	TASTEGGIO	0	2	8000	53820	73559	294	-2	0.46	0.46	0	
23/12/2011 12:18:21	TASTEGGIO	0	3	8000	53820	73559	432	-24	0.24	0.24	0	
23/12/2011 12:18:45	TASTEGGIO	0	4	8000	53820	73559	457	-6	0.19	0.19	0	
23/12/2011 12:19:08	TASTEGGIO	0	5	8000	53820	73559	490	-36	0.16	0.16	0	
23/12/2011 12:19:32	TASTEGGIO	0	1	8000	53820	73559	476	-206	1.93	1.93	0	
23/12/2011 12:19:46	TASTEGGIO	0	1	8000	53820	73559	0	-11	1.83	1.83	0	
23/12/2011 12:20:06	TASTEGGIO	0	2	8000	53820	73559	347	-16	1.67	1.67	0	
23/12/2011 12:20:30	TASTEGGIO	0	3	8000	53820	73559	550	-105	0.63	0.63	0	
23/12/2011 12:20:48	TASTEGGIO	0	0	8000	53820	73559	188	0	0.66	0.66	0	
23/12/2011 12:21:09	TASTEGGIO	0	1	8000	53820	73559	257	0	0.65	0.65	0	
23/12/2011 12:21:32	TASTEGGIO	0	2	8000	53820	73559	385	-3	0.62	0.62	0	
23/12/2011 12:21:55	TASTEGGIO	0	3	8000	53820	73559	550	-107	0.46	0.46	0	
23/12/2011 12:22:19	TASTEGGIO	0	1	8000	53820	73559	515	-206	1.67	1.67	0	
23/12/2011 12:22:33	TASTEGGIO	0	1	8000	53820	73559	0	-11	1.54	1.54	0	
23/12/2011 12:22:51	TASTEGGIO	0	2	8000	53820	73559	284	-7	1.46	1.46	0	
23/12/2011 12:23:15	TASTEGGIO	0	3	8000	53820	73559	550	-121	0.25	0.25	0	
23/12/2011 12:23:32	TASTEGGIO	0	0	8000	53820	73559	120	0	0.26	0.26	0	
23/12/2011 12:23:49	TASTEGGIO	0	1	8000	53820	73559	147	0	0.24	0.24	0	
23/12/2011 12:24:08	TASTEGGIO	0	2	8000	53820	73559	191	0	0.26	0.26	0	
23/12/2011 12:24:28	TASTEGGIO	0	3	8000	53820	73559	275	0	0.29	0.29	0	
23/12/2011 12:24:51	TASTEGGIO	0	4	8000	53820	73559	404	-4	0.22	0.22	0	
23/12/2011 12:25:13	TASTEGGIO	0	5	8000	53820	73559	441	-13	0.13	0.13	0	
23/12/2011 12:25:17	TASTEGGIO	0	5	8000	53820	73559	441	-13	0.13	0.13	0	
23/12/2011 12:56:24	TASTEGGIO	0	5	8000	53820	117861	441	-13	0.19	0.41	-44500	
23/12/2011 12:56:49	TASTEGGIO	1	0	8000	53820	162327	148	-7	0.34	0.34	0	
23/12/2011 12:57:00	TASTEGGIO	1	0	8000	53820	117961	148	-7	0.13	0.37	-44500	
23/12/2011 12:57:25	TASTEGGIO	1	0	8000	53820	162362	141	-1	0.38	0.38	0	
23/12/2011 12:57:35	TASTEGGIO	1	0	8000	53820	117966	141	-1	0.14	0.37	-44500	
23/12/2011 12:58:00	TASTEGGIO	1	0	8000	53820	162361	141	-1	0.34	0.34	0	
23/12/2011 12:58:11	TASTEGGIO	1	0	8000	53820	117964	141	-1	0.14	0.36	-44500	
23/12/2011 12:58:35	TASTEGGIO	1	0	8000	53820	162353	139	0	0.35	0.35	0	
23/12/2011 12:58:46	TASTEGGIO	1	0	8000	53820	117960	139	0	0.15	0.36	-44500	
23/12/2011 12:59:10	TASTEGGIO	1	0	8000	53820	162350	139	0	0.35	0.35	0	
23/12/2011 12:59:21	TASTEGGIO	1	0	8000	53820	117969	139	0	0.14	0.35	-44500	
23/12/2011 12:59:46	TASTEGGIO	1	0	8000	53820	162358	138	-1	0.35	0.35	0	
23/12/2011 12:59:57	TASTEGGIO	1	0	8000	53820	117972	138	-1	0.14	0.35	-44500	
23/12/2011 13:00:21	TASTEGGIO	1	0	8000	53820	162362	138	0	0.35	0.35	0	
23/12/2011 13:00:32	TASTEGGIO	1	0	8000	53820	117973	138	0	0.14	0.36	-44500	
23/12/2011 13:00:56	TASTEGGIO	1	0	8000	53820	162361	139	0	0.35	0.35	0	
23/12/2011 13:01:06	TASTEGGIO	1	0	8000	53820	117969	139	0	0.14	0.35	-44500	
23/12/2011 13:01:29	TASTEGGIO	1	0	8000	53820	162360	138	0	0.34	0.34	0	
23/12/2011 13:01:40	TASTEGGIO	1	0	8000	53820	117964	138	0	0.14	0.35	-44500	
23/12/2011 13:02:04	TASTEGGIO	1	0	8000	53820	162352	138	0	0.35	0.35	0	
23/12/2011 13:02:15	TASTEGGIO	1	0	8000	53820	117968	138	0	0.13	0.35	-44500	
23/12/2011 13:02:39	TASTEGGIO	1	0	8000	53820	162360	138	-2	0.35	0.35	0	
23/12/2011 13:02:50	TASTEGGIO	1	0	8000	53820	117970	138	-2	0.14	0.34	-44500	
23/12/2011 13:03:15	TASTEGGIO	1	0	8000	53820	162365	136	0	0.35	0.35	0	
23/12/2011 13:03:25	TASTEGGIO	1	0	8000	53820	117974	136	0	0.14	0.35	-44500	
23/12/2011 13:03:49	TASTEGGIO	1	0	8000	53820	162363	138	0	0.34	0.34	0	
23/12/2011 13:04:00	TASTEGGIO	1	0	8000	53820	117971	138	0	0.14	0.35	-44500	
23/12/2011 13:04:24	TASTEGGIO	1	0	8000	53820	162361	138	-1	0.34	0.34	0	
23/12/2011 13:04:35	TASTEGGIO	1	0	8000	53820	117973	138	-1	0.14	0.35	-44500	
23/12/2011 13:04:59	TASTEGGIO	1	0	8000	53820	162363	138	0	0.34	0.34	0	
23/12/2011 13:05:10	TASTEGGIO	1	0	8000	53820	117971	138	0	0.14	0.35	-44500	
23/12/2011 13:05:34	TASTEGGIO	1	0	8000	53820	162355	138	0	0.34	0.34	0	
23/12/2011 13:05:45	TASTEGGIO	1	0	8000	53820	117969	138	0	0.14	0.35	-44500	
23/12/2011 13:06:09	TASTEGGIO	1	0	8000	53820	162359	138	0	0.33	0.33	0	
23/12/2011 13:06:20	TASTEGGIO	1	0	8000	53820	117971	138	0	0.15	0.35	-44500	
23/12/2011 13:06:44	TASTEGGIO	1	0	8000	53820	162361	138	0	0.34	0.34	0	
23/12/2011 13:06:55	TASTEGGIO	1	0	8000	53820	117969	138	0	0.14	0.34	-44500	
23/12/2011 13:07:19	TASTEGGIO	1	0	8000	53820	162363	136	1	0.34	0.34	0	
23/12/2011 13:07:30	TASTEGGIO	1	0	8000	53820	117967	136	1	0.14	0.35	-44500	
23/12/2011 13:07:54	TASTEGGIO	1	0	8000	53820	162353	138	0	0.34	0.34	0	
23/12/2011 13:08:05	TASTEGGIO	1	0	8000	53820	117968	138	0	0.14	0.35	-44500	
23/12/2011 13:08:29	TASTEGGIO	1	0	8000	53820	162362	138	-1	0.34	0.34	0	
23/12/2011 13:08:39	TASTEGGIO	1	0	8000	53820	117969	138	-1	0.14	0.35	-44500	
23/12/2011 13:09:03	TASTEGGIO	1	0	8000	53820	162357	138	-1	0.35	0.35	0	
23/12/2011 13:09:14	TASTEGGIO	1	0	8000	53820	117969	138	-1	0.14	0.35	-44500	
23/12/2011 13:09:38	TASTEGGIO	1	0	8000	53820	162354	138	3	0.33	0.33	0	
23/12/2011 13:09:49	TASTEGGIO	1	0	8000	53820	117963	138	3	0.14	0.35	-44500	
23/12/2011 13:10:13	TASTEGGIO	1	0	8000	53820	162354	138	0	0.34	0.34	0	
23/12/2011 13:10:24	TASTEGGIO	1	0	8000	53820	117972	138	0	0.14	0.35	-44500	
23/12/2011 13:10:48	TASTEGGIO	1	0	8000	53820	162362	138	0	0.34	0.34	0	
23/12/2011 13:10:59	TASTEGGIO	1	0	8000	53820	117968	138	0	0.14	0.35	-44500	
23/12/2011 13:11:22	TASTEGGIO	1	0	8000	53820	162356	138	0	0.34	0.34	0	
23/12/2011 13:11:33	TASTEGGIO	1	0	8000	53820	117969	138	0	0.14	0.35	-44500	
23/12/2011 13:11:57	TASTEGGIO	1	0	8000	53820	162363	138	-1	0.34	0.34	0	
23/12/2011 13:12:07	TASTEGGIO	1	0	8000	53820	117968	138	-1	0.14	0.35	-44500	
23/12/2011 13:12:30	TASTEGGIO	1	0	8000	53820	162357	138	0	0.34	0.34	0	
23/12/2011 13:12:41	TASTEGGIO	1	0	8000	53820	117975	138	0	0.15	0.35	-44500	
23/12/2011 13:13:05	TASTEGGIO	1	0	8000	53820	162362	138	-1	0.34	0.34	0	
23/12/2011 13:13:16	TASTEGGIO	1	0	8000	53820	117970	138	-1	0.14	0.35	-44500	
23/12/2011 13:13:39	TASTEGGIO	1	0	8000	53820	162357	138	0	0.35	0.35	0	
23/12/2011 13:13:50	TASTEGGIO	1	0	8000	53820	117966	138	0	0.13	0.35	-44500	
23/12/2011 13:14:14	TASTEGGIO	1	0	8000	53820	162355	138	0	0.34	0.34	0	
23/12/2011 13:14:25	TASTEGGIO	1	0	8000	53820	117967	138	0	0.14	0.34	-44500	
23/12/2011 13:14:48	TASTEGGIO	1	0	8000	53820	162356	136	0	0.34	0.34	0	
23/12/2011 13:14:59	TASTEGGIO	1	0	8000	53820	117969	136	0	0.14	0.34	-44500	
23/12/2011 13:15:23	TASTEGGIO	1	0	8000	53820	162359	136	0	0.34	0.34	0	
23/12/2011 13:15:33	TASTEGGIO	1	0	8000	53820	117964	136	0	0.16	0.35	-44500	
23/12/2011 13:15:57	TASTEGGIO	1	0	8000	53820	162356	138	0	0.34	0.34	0	
23/12/2011 13:16:08	TASTEGGIO	1	0	8000	53820	117967	138	0	0.17	0.34	-44500	
23/12/2011 13:16:31	TASTEGGIO	1	0	8000	53820	162360	136	0	0.34	0.34	0	
23/12/2011 13:16:42	TASTEGGIO	1	0	8000	53820	117965	136	0	0.14	0.35	-44500	
23/12/2011 13:17:06	TASTEGGIO	1	0	8000	53820	162360	138	-1	0.36	0.36	0	
23/12/2011 13:17:17	TASTEGGIO	1	0	8000	53820	117964	138	-1	0.14	0.35	-44500	
23/12/2011 13:17:39	TASTEGGIO	1	0	8000	53820	162356	138	1	0.34	0.34	0	
23/12/2011 13:17:57	TASTEGGIO	0	1	8000	53820	162379	171	-3	0.30	0.30	0	
23/12/2011 13:18:18	TASTEGGIO	0	2	8000	53820	162398	223	-17	0.16	0.16	0	
23/12/2011 13:18:37	TASTEGGIO	0	3	8000	53820	162413	237	-14	0.03	0.03	0	
23/12/2011 13:18:48	TASTEGGIO	0	3	8000	53820	117969	237	-14	0.22	0.29	44500	
23/12/2011 13:19:09	TASTEGGIO	1	0	8000	53820	73524	127	0	0.26	0.26	0	
23/12/2011 13:19:25	TASTEGGIO	0	1	8000	53820	73517	150	0	0.26	0.26	0	
23/12/2011 13:19:44	TASTEGGIO	0	2	8000	53820	73514	202	0	0.26	0.26	0	
23/12/2011 13:20:06	TASTEGGIO	0	3	8000	53820	73515	280	-1	0.24	0.24	0	
23/12/2011 13:20:27	TASTEGGIO	0	4	8000	53820	73516	368	-3	0.22	0.22	0	
23/12/2011 13:20:49	TASTEGGIO	0	5	8000	53820	73514	400	-5	0.18	0.18	0	
23/12/2011 13:21:11	TASTEGGIO	0	6	8000	53820	73513	400	-3	0.17	0.17	0	
23/12/2011 13:21:32	TASTEGGIO	0	7	8000	53820	73514	400	-2	0.15	0.15	0	
23/12/2011 13:21:36	ALARM 401		
23/12/2011 13:21:39	ALARM 205		err.6058
23/12/2011 13:21:55	TASTEGGIO	0	7	8000	53820	117850	400	-2	0.14	0.17	44500	
23/12/2011 13:22:16	TASTEGGIO	1	0	8000	53820	73401	105	0	0.16	0.16	0	
23/12/2011 13:22:33	TASTEGGIO	0	1	8000	53820	73395	120	0	0.15	0.15	0	
23/12/2011 13:22:51	TASTEGGIO	0	2	8000	53820	73393	148	0	0.15	0.15	0	
23/12/2011 13:23:11	TASTEGGIO	0	3	8000	53820	73393	193	0	0.17	0.17	0	
23/12/2011 13:23:32	TASTEGGIO	0	4	8000	53820	73394	270	0	0.16	0.16	0	
23/12/2011 13:23:54	TASTEGGIO	0	5	8000	53820	73394	345	0	0.13	0.13	0	
23/12/2011 13:24:05	TASTEGGIO	0	5	8000	53820	117854	345	0	0.14	0.17	44500	
23/12/2011 13:24:26	TASTEGGIO	1	0	8000	53820	73419	105	1	0.14	0.14	0	
23/12/2011 13:24:37	TASTEGGIO	1	0	8000	53820	117844	105	1	0.17	0.17	44500	
23/12/2011 13:24:58	TASTEGGIO	1	0	8000	53820	73420	105	0	0.15	0.15	0	
23/12/2011 13:25:15	TASTEGGIO	0	1	8000	53820	73411	118	0	0.16	0.16	0	
23/12/2011 13:25:34	TASTEGGIO	0	2	8000	53820	73406	152	0	0.15	0.15	0	
23/12/2011 13:25:52	TASTEGGIO	0	3	8000	53820	73402	194	0	0.20	0.20	0	
23/12/2011 13:26:15	TASTEGGIO	0	4	8000	53820	73403	300	-1	0.16	0.16	0	
23/12/2011 13:26:37	TASTEGGIO	0	5	8000	53820	73402	328	-1	0.16	0.16	0	
23/12/2011 13:26:59	TASTEGGIO	0	6	8000	53820	73402	400	-2	0.15	0.15	0	
23/12/2011 13:27:23	TASTEGGIO	0	7	8000	53820	73402	400	-1	0.14	0.14	0	
23/12/2011 13:27:34	TASTEGGIO	0	7	8000	53820	117847	400	-1	0.13	0.16	44500	
23/12/2011 13:27:55	TASTEGGIO	1	0	8000	53820	73415	103	0	0.19	0.19	0	
23/12/2011 13:28:11	TASTEGGIO	0	1	8000	53820	73406	125	0	0.14	0.14	0	
23/12/2011 13:28:22	TASTEGGIO	0	1	8000	53820	117845	125	0	0.13	0.17	44500	
23/12/2011 13:28:43	TASTEGGIO	1	0	8000	53820	73412	105	1	0.15	0.15	0	
23/12/2011 13:29:00	TASTEGGIO	0	1	8000	53820	73406	118	0	0.15	0.15	0	
23/12/2011 13:29:18	TASTEGGIO	0	2	8000	53820	73402	148	0	0.15	0.15	0	
23/12/2011 13:29:36	TASTEGGIO	0	3	8000	53820	73399	193	0	0.15	0.15	0	
23/12/2011 13:29:58	TASTEGGIO	0	4	8000	53820	73401	253	0	0.15	0.15	0	
23/12/2011 13:29:59	ALARM 401		
23/12/2011 13:30:29	TASTEGGIO	0	4	8000	53820	117854	253	0	0.13	0.16	24500	
23/12/2011 13:30:50	TASTEGGIO	1	0	8000	53820	93407	106	-1	0.16	0.16	0	
23/12/2011 13:31:08	TASTEGGIO	0	1	8000	53820	93406	122	-1	0.15	0.15	0	
23/12/2011 13:31:28	TASTEGGIO	0	2	8000	53820	93398	150	0	0.15	0.15	0	
23/12/2011 13:31:48	TASTEGGIO	0	3	8000	53820	93397	195	-3	0.15	0.15	0	
23/12/2011 13:32:11	TASTEGGIO	0	4	8000	53820	93399	255	-10	0.03	0.03	0	
23/12/2011 13:32:21	TASTEGGIO	0	4	8000	53820	117855	255	-10	0.03	0.17	-44500	
23/12/2011 13:32:44	TASTEGGIO	1	0	8000	53820	162232	107	-1	0.15	0.15	0	
23/12/2011 13:33:04	TASTEGGIO	0	1	8000	53820	162260	120	-2	0.14	0.14	0	
23/12/2011 13:33:15	TASTEGGIO	0	1	8000	53820	117963	120	-2	0.04	0.14	-44500	
23/12/2011 13:35:01	TASTEGGIO	0	1	8000	53819	117910	120	-2	1.50	1.55	-24500	
23/12/2011 13:35:28	TASTEGGIO	1	0	8000	53819	142355	375	-43	1.11	1.11	0	
23/12/2011 13:35:51	TASTEGGIO	0	1	8000	53819	142370	400	-47	0.65	0.65	0	
23/12/2011 13:36:16	TASTEGGIO	0	2	8000	53819	142373	400	-39	0.33	0.33	0	
23/12/2011 13:36:39	TASTEGGIO	0	3	8000	53819	142377	400	-74	0.44	0.44	0	
23/12/2011 13:37:03	TASTEGGIO	0	1	8000	53819	142378	341	-128	0.82	0.82	0	
23/12/2011 13:37:22	TASTEGGIO	0	1	8000	53819	142378	188	-10	0.77	0.77	0	
23/12/2011 13:37:44	TASTEGGIO	0	2	8000	53819	142378	332	-29	0.49	0.49	0	
23/12/2011 13:38:09	TASTEGGIO	0	3	8000	53819	142378	386	-28	0.20	0.20	0	
23/12/2011 13:38:27	TASTEGGIO	0	0	8000	53819	142378	113	0	0.22	0.22	0	
23/12/2011 13:38:46	TASTEGGIO	0	1	8000	53819	142378	137	-1	0.19	0.19	0	
23/12/2011 13:39:06	TASTEGGIO	0	2	8000	53819	142378	169	0	0.22	0.22	0	
23/12/2011 13:39:29	TASTEGGIO	0	3	8000	53819	142378	245	0	0.21	0.21	0	
23/12/2011 13:39:51	TASTEGGIO	0	4	8000	53819	142378	325	-2	0.22	0.22	0	
23/12/2011 13:40:16	TASTEGGIO	0	5	8000	53819	142378	400	-25	0.08	0.08	0	
23/12/2011 13:40:26	TASTEGGIO	0	5	8000	53819	117881	400	-25	0.09	0.31	44500	
23/12/2011 13:40:48	TASTEGGIO	1	0	8000	53819	73437	135	-1	0.27	0.27	0	
23/12/2011 13:41:05	TASTEGGIO	0	1	8000	53819	73431	158	0	0.26	0.26	0	
23/12/2011 13:41:26	TASTEGGIO	0	2	8000	53819	73431	208	-3	0.24	0.24	0	
23/12/2011 13:41:47	TASTEGGIO	0	3	8000	53819	73431	274	-19	0.05	0.05	0	
23/12/2011 13:41:58	TASTEGGIO	0	3	8000	53819	117749	274	-19	0.18	0.26	-24500	
23/12/2011 13:42:21	TASTEGGIO	1	0	8000	53819	142194	125	-7	0.17	0.17	0	
23/12/2011 13:42:40	TASTEGGIO	0	1	8000	53819	142206	136	-4	0.15	0.15	0	
23/12/2011 13:43:01	TASTEGGIO	0	2	8000	53819	142210	162	-1	0.11	0.11	0	
23/12/2011 13:43:12	TASTEGGIO	0	2	8000	53819	117854	162	-1	0.12	0.16	-44500	
23/12/2011 13:43:34	TASTEGGIO	1	0	8000	53819	162238	106	-1	0.15	0.15	0	
23/12/2011 13:43:52	TASTEGGIO	0	1	8000	53819	162269	120	0	0.15	0.15	0	
23/12/2011 13:44:12	TASTEGGIO	0	2	8000	53819	162289	150	-2	0.16	0.16	0	
23/12/2011 13:44:32	TASTEGGIO	0	3	8000	53819	162303	201	-9	0.06	0.06	0	
23/12/2011 13:44:43	TASTEGGIO	0	3	8000	53819	117850	201	-9	0.04	0.14	-24500	
23/12/2011 13:46:30	TASTEGGIO	0	3	8000	53819	118002	201	-9	0.45	0.49	-44500	
23/12/2011 13:46:54	TASTEGGIO	1	0	8000	53819	162407	170	-7	0.43	0.43	0	
23/12/2011 13:47:14	TASTEGGIO	0	1	8000	53819	162433	207	-7	0.36	0.36	0	
23/12/2011 13:47:34	TASTEGGIO	0	2	8000	53819	162453	267	-25	0.14	0.14	0	
23/12/2011 13:47:45	TASTEGGIO	0	2	8000	53819	117977	267	-25	0.29	0.29	0	
23/12/2011 13:48:06	TASTEGGIO	1	0	8000	53819	117992	131	-2	0.22	0.22	0	
23/12/2011 13:48:28	TASTEGGIO	0	1	8000	53819	117999	147	-2	0.19	0.19	0	
23/12/2011 13:48:50	TASTEGGIO	0	2	8000	53819	118005	179	-8	0.13	0.13	0	
23/12/2011 13:48:58	TASTEGGIO	0	2	8000	53819	117975	179	-8	0.14	0.14	0	
23/12/2011 13:50:48	TASTEGGIO	0	2	8000	53820	117819	179	-8	1.01	1.69	44500	
23/12/2011 13:51:16	TASTEGGIO	1	0	8000	53820	73369	400	-37	1.32	1.32	0	
23/12/2011 13:51:27	TASTEGGIO	1	0	8000	53820	117658	400	-37	0.78	1.34	44500	
23/12/2011 13:51:54	TASTEGGIO	1	0	8000	53820	73219	334	0	1.32	1.32	0	
23/12/2011 13:52:05	TASTEGGIO	1	0	8000	53820	117652	334	0	0.74	1.35	44500	
23/12/2011 13:52:31	TASTEGGIO	1	0	8000	53820	73213	336	0	1.32	1.32	0	
23/12/2011 13:52:54	TASTEGGIO	0	1	8000	53820	73209	400	-16	1.14	1.14	0	
23/12/2011 13:53:16	TASTEGGIO	0	2	8000	53820	73205	400	-10	1.07	1.07	0	
23/12/2011 13:53:39	TASTEGGIO	0	3	8000	53820	73201	400	-8	0.99	0.99	0	
23/12/2011 13:54:02	TASTEGGIO	0	4	8000	53820	73197	400	-5	0.95	0.95	0	
23/12/2011 13:54:04	ALARM 401		
23/12/2011 13:54:07	ALARM 205		err.6059
23/12/2011 13:54:30	TASTEGGIO	0	4	8000	53820	73197	400	-5	0.95	0.95	0	
23/12/2011 13:54:54	TASTEGGIO	1	0	8000	53820	73197	259	-63	1.52	1.52	0	
23/12/2011 13:55:18	TASTEGGIO	0	1	8000	53820	73197	500	-62	0.86	0.86	0	
23/12/2011 13:55:42	TASTEGGIO	0	2	8000	53820	73197	500	-54	0.35	0.35	0	
23/12/2011 13:55:59	TASTEGGIO	0	0	8000	53820	73197	142	0	0.34	0.34	0	
23/12/2011 13:56:17	TASTEGGIO	0	1	8000	53820	73197	175	0	0.36	0.36	0	
23/12/2011 13:56:37	TASTEGGIO	0	2	8000	53820	73197	251	0	0.35	0.35	0	
23/12/2011 13:57:00	TASTEGGIO	0	3	8000	53820	73197	353	-3	0.35	0.35	0	
23/12/2011 13:57:23	TASTEGGIO	0	4	8000	53820	73197	493	-66	0.36	0.36	0	
23/12/2011 13:57:47	TASTEGGIO	0	1	8000	53820	73197	455	-178	1.49	1.49	0	
23/12/2011 13:58:01	TASTEGGIO	0	1	8000	53820	73197	0	-7	1.41	1.41	0	
23/12/2011 13:58:20	TASTEGGIO	0	2	8000	53820	73197	266	-4	1.35	1.35	0	
23/12/2011 13:58:44	TASTEGGIO	0	3	8000	53820	73197	500	-72	0.64	0.64	0	
23/12/2011 13:58:46	ALARM 218	proc 12 prog 73 step 17	go_abs 5 cmd 11
23/12/2011 13:58:48	ALARM 205		err.6058
23/12/2011 13:59:02	TASTEGGIO	0	3	8000	53820	117655	500	-72	0.39	0.66	44500	
23/12/2011 13:59:25	TASTEGGIO	1	0	8000	53820	73214	203	0	0.65	0.65	0	
23/12/2011 13:59:46	TASTEGGIO	0	1	8000	53820	73210	267	0	0.65	0.65	0	
23/12/2011 14:00:10	TASTEGGIO	0	2	8000	53820	73208	397	1	0.62	0.62	0	
23/12/2011 14:00:32	TASTEGGIO	0	3	8000	53820	73204	400	-3	0.61	0.61	0	
23/12/2011 14:00:54	ALARM 401		
23/12/2011 14:00:56	ALARM 401		
23/12/2011 14:01:15	TASTEGGIO	0	4	8000	53820	117652	400	-1	0.33	0.63	24500	
23/12/2011 14:01:54	TASTEGGIO	0	4	8000	53820	93189	448	-120	0.61	0.61	0	
23/12/2011 14:02:23	TASTEGGIO	0	4	8000	53820	93187	480	-212	1.48	1.48	0	
23/12/2011 14:02:50	TASTEGGIO	0	4	8000	53820	93184	480	-129	0.34	0.34	0	
23/12/2011 14:03:05	TASTEGGIO	0	4	8000	53820	117656	480	-129	0.21	0.72	-44500	
23/12/2011 14:03:44	TASTEGGIO	0	4	8000	53820	117747	443	-130	0.95	1.08	24500	
23/12/2011 14:04:20	TASTEGGIO	0	4	8000	53820	117650	443	-18	0.77	0.89	24500	
23/12/2011 14:04:56	TASTEGGIO	0	4	8000	53820	117645	380	-1	0.76	0.89	24500	
23/12/2011 14:05:34	TASTEGGIO	0	4	8000	53820	117648	421	-3	0.75	0.86	24500	
23/12/2011 14:06:14	TASTEGGIO	0	4	8000	53820	117647	470	-34	0.48	0.57	44500	
23/12/2011 14:06:38	TASTEGGIO	0	4	8000	53820	117648	470	-34	0.49	0.58	44500	
23/12/2011 14:07:00	TASTEGGIO	1	0	8000	53820	73208	187	1	0.56	0.56	0	
23/12/2011 14:07:19	TASTEGGIO	0	1	8000	53820	73203	241	0	0.58	0.58	0	
23/12/2011 14:07:43	TASTEGGIO	0	2	8000	53820	73200	361	-4	0.54	0.54	0	
23/12/2011 14:08:06	TASTEGGIO	0	3	8000	53820	73197	400	-6	0.49	0.49	0	
23/12/2011 14:08:30	TASTEGGIO	0	4	8000	53820	73193	400	-2	0.47	0.47	0	
23/12/2011 14:08:32	ALARM 401		
23/12/2011 14:08:35	ALARM 205		err.6058
23/12/2011 14:08:50	TASTEGGIO	0	4	8000	53820	73193	400	-2	0.49	0.49	0	
23/12/2011 14:09:10	TASTEGGIO	1	0	8000	53820	73194	170	1	0.48	0.48	0	
23/12/2011 14:09:31	TASTEGGIO	0	1	8000	53820	73194	217	0	0.48	0.48	0	
23/12/2011 14:09:54	TASTEGGIO	0	2	8000	53820	73194	313	-1	0.48	0.48	0	
23/12/2011 14:10:18	TASTEGGIO	0	3	8000	53820	73194	457	-21	0.31	0.31	0	
23/12/2011 14:10:41	TASTEGGIO	0	4	8000	53820	73194	497	-47	0.16	0.16	0	
23/12/2011 14:10:44	ALARM 401		
23/12/2011 14:10:47	ALARM 205		err.6058
23/12/2011 14:11:01	TASTEGGIO	0	4	8000	53820	117633	497	-47	0.14	0.41	-24500	
23/12/2011 14:11:25	TASTEGGIO	1	0	8000	53820	142083	154	-7	0.33	0.33	0	
23/12/2011 14:11:46	TASTEGGIO	0	1	8000	53820	142098	180	-5	0.25	0.25	0	
23/12/2011 14:12:07	TASTEGGIO	0	2	8000	53820	142101	206	-10	0.16	0.16	0	
23/12/2011 14:12:29	TASTEGGIO	0	3	8000	53820	142105	223	-15	0.13	0.13	0	
23/12/2011 14:12:40	TASTEGGIO	0	3	8000	53820	117744	223	-15	0.27	0.27	0	
23/12/2011 14:13:02	TASTEGGIO	1	0	8000	53820	117750	127	-3	0.23	0.23	0	
23/12/2011 14:13:21	TASTEGGIO	0	1	8000	53820	117750	146	-1	0.21	0.21	0	
23/12/2011 14:13:43	TASTEGGIO	0	2	8000	53820	117751	184	-8	0.13	0.13	0	
23/12/2011 14:13:52	TASTEGGIO	0	2	8000	53820	117744	184	-8	0.14	0.20	-44500	
23/12/2011 14:14:14	TASTEGGIO	1	0	8000	53820	162123	113	-2	0.18	0.18	0	
23/12/2011 14:14:32	TASTEGGIO	0	1	8000	53820	162152	129	-5	0.18	0.18	0	
23/12/2011 14:14:53	TASTEGGIO	0	2	8000	53820	162178	165	0	0.13	0.13	0	
23/12/2011 14:15:04	TASTEGGIO	0	2	8000	53820	117761	165	0	0.15	0.15	0	
23/12/2011 14:16:52	TASTEGGIO	0	2	8000	53819	117917	165	0	1.04	1.65	44500	
23/12/2011 14:17:19	TASTEGGIO	1	0	8000	53819	73467	395	-32	1.32	1.32	0	
23/12/2011 14:17:38	ALARM 401		
23/12/2011 14:17:40	ALARM 201		err.6059
23/12/2011 14:17:54	TASTEGGIO	0	1	8000	53819	73465	400	-19	1.13	1.13	0	
23/12/2011 14:18:17	TASTEGGIO	1	0	8000	53819	73470	294	-1	1.14	1.14	0	
23/12/2011 14:18:40	TASTEGGIO	0	1	8000	53819	73470	409	-18	0.97	0.97	0	
23/12/2011 14:19:04	TASTEGGIO	0	2	8000	53819	73470	500	-79	0.20	0.20	0	
23/12/2011 14:19:21	TASTEGGIO	0	0	8000	53819	73470	113	-1	0.23	0.23	0	
23/12/2011 14:19:26	ALARM 401		
23/12/2011 14:19:28	ALARM 401		
23/12/2011 14:19:44	TASTEGGIO	0	1	8000	53820	117751	139	0	0.05	0.66	-44500	
23/12/2011 14:20:09	TASTEGGIO	1	0	8000	53820	162133	203	-13	0.53	0.53	0	
23/12/2011 14:20:30	TASTEGGIO	0	1	8000	53820	162160	245	-18	0.33	0.33	0	
23/12/2011 14:20:53	TASTEGGIO	0	2	8000	53820	162184	274	-23	0.16	0.16	0	
23/12/2011 14:21:11	TASTEGGIO	0	0	8000	53820	162201	106	-2	0.18	0.18	0	
23/12/2011 14:21:31	TASTEGGIO	0	1	8000	53820	162209	126	-1	0.19	0.19	0	
23/12/2011 14:21:50	TASTEGGIO	0	2	8000	53820	162210	166	-2	0.15	0.15	0	
23/12/2011 14:22:12	TASTEGGIO	0	3	8000	53820	162210	186	-2	0.15	0.15	0	
23/12/2011 14:22:33	TASTEGGIO	0	4	8000	53820	162210	246	-22	0.07	0.07	0	
23/12/2011 14:22:44	TASTEGGIO	0	4	8000	53820	117865	246	-22	0.47	0.59	24500	
23/12/2011 14:23:08	TASTEGGIO	1	0	8000	53820	93408	189	-3	0.54	0.54	0	
23/12/2011 14:23:30	TASTEGGIO	0	1	8000	53820	93407	238	-7	0.47	0.47	0	
23/12/2011 14:23:52	TASTEGGIO	0	2	8000	53820	93404	319	-33	0.14	0.14	0	
23/12/2011 14:24:02	TASTEGGIO	0	2	8000	53820	117749	319	-33	0.10	0.26	-44500	
23/12/2011 14:24:26	TASTEGGIO	1	0	8000	53820	162128	125	-2	0.21	0.21	0	
23/12/2011 14:24:44	TASTEGGIO	0	1	8000	53820	162154	141	0	0.24	0.24	0	
23/12/2011 14:25:06	TASTEGGIO	0	2	8000	53820	162178	195	-1	0.22	0.22	0	
23/12/2011 14:25:28	TASTEGGIO	0	3	8000	53820	162197	255	-2	0.20	0.20	0	
23/12/2011 14:25:51	TASTEGGIO	0	4	8000	53820	162207	327	-36	0.15	0.15	0	
23/12/2011 14:26:13	TASTEGGIO	0	1	8000	53820	162221	315	-94	0.76	0.76	0	
23/12/2011 14:26:27	TASTEGGIO	0	1	8000	53820	162221	0	-6	0.72	0.72	0	
23/12/2011 14:26:47	TASTEGGIO	0	2	8000	53820	162221	136	-2	0.65	0.65	0	
23/12/2011 14:27:08	TASTEGGIO	0	3	8000	53820	162220	312	-42	0.32	0.32	0	
23/12/2011 14:27:26	TASTEGGIO	0	0	8000	53820	162221	137	-2	0.34	0.34	0	
23/12/2011 14:27:47	TASTEGGIO	0	1	8000	53820	162221	173	0	0.33	0.33	0	
23/12/2011 14:28:07	TASTEGGIO	0	2	8000	53820	162221	237	-5	0.31	0.31	0	
23/12/2011 14:28:30	TASTEGGIO	0	3	8000	53820	162221	324	-16	0.16	0.16	0	
23/12/2011 14:28:51	TASTEGGIO	0	4	8000	53820	162221	340	-16	0.00	0.00	0	
23/12/2011 14:29:01	TASTEGGIO	0	4	8000	53820	117880	340	-16	0.27	0.34	44500	
23/12/2011 14:29:23	TASTEGGIO	1	0	8000	53820	73435	140	-4	0.33	0.33	0	
23/12/2011 14:29:42	TASTEGGIO	0	1	8000	53820	73430	172	0	0.31	0.31	0	
23/12/2011 14:30:01	TASTEGGIO	0	2	8000	53820	73429	230	0	0.31	0.31	0	
23/12/2011 14:30:22	TASTEGGIO	0	3	8000	53820	73429	323	-2	0.26	0.26	0	
23/12/2011 14:30:24	ALARM 218	proc 12 prog 73 step 17	go_abs 5 cmd 11
23/12/2011 14:30:28	ALARM 205		err.6058
23/12/2011 14:30:42	TASTEGGIO	0	3	8000	53820	117749	323	-2	0.23	0.31	44500	
23/12/2011 14:31:03	TASTEGGIO	1	0	8000	53820	73303	135	0	0.29	0.29	0	
23/12/2011 14:31:21	TASTEGGIO	0	1	8000	53820	73299	162	0	0.29	0.29	0	
23/12/2011 14:31:42	TASTEGGIO	0	2	8000	53820	73298	220	0	0.28	0.28	0	
23/12/2011 14:32:03	TASTEGGIO	0	3	8000	53820	73296	301	-1	0.28	0.28	0	
23/12/2011 14:32:26	TASTEGGIO	0	4	8000	53820	73299	400	-8	0.25	0.25	0	
23/12/2011 14:32:27	ALARM 401		
23/12/2011 14:32:44	TASTEGGIO	0	4	8000	53820	117749	400	-8	0.23	0.27	24500	
23/12/2011 14:33:06	TASTEGGIO	1	0	8000	53820	93295	127	-1	0.25	0.25	0	
23/12/2011 14:33:25	TASTEGGIO	0	1	8000	53820	93294	150	0	0.23	0.23	0	
23/12/2011 14:33:46	TASTEGGIO	0	2	8000	53820	93293	192	0	0.24	0.24	0	
23/12/2011 14:34:09	TASTEGGIO	0	3	8000	53820	93292	267	0	0.22	0.22	0	
23/12/2011 14:34:33	TASTEGGIO	0	4	8000	53820	93291	347	-32	0.14	0.14	0	
23/12/2011 14:34:35	ALARM 401		
23/12/2011 14:34:39	ALARM 201		err.6058
23/12/2011 14:34:52	TASTEGGIO	0	4	8000	53820	117748	347	-32	0.16	0.24	-44500	
23/12/2011 14:35:15	TASTEGGIO	1	0	8000	53820	162125	121	-3	0.22	0.22	0	
23/12/2011 14:35:34	TASTEGGIO	0	1	8000	53820	162151	141	0	0.21	0.21	0	
23/12/2011 14:35:56	TASTEGGIO	0	2	8000	53820	162173	181	0	0.18	0.18	0	
23/12/2011 14:36:18	TASTEGGIO	0	3	8000	53820	162191	227	-1	0.20	0.20	0	
23/12/2011 14:36:41	TASTEGGIO	0	4	8000	53820	162204	315	-3	0.18	0.18	0	
23/12/2011 14:37:03	TASTEGGIO	0	5	8000	53820	162217	395	-41	0.20	0.20	0	
23/12/2011 14:37:26	TASTEGGIO	0	1	8000	53820	162217	372	-134	1.10	1.10	0	
23/12/2011 14:37:41	TASTEGGIO	0	1	8000	53820	162217	0	-10	1.01	1.01	0	
23/12/2011 14:37:59	TASTEGGIO	0	2	8000	53820	162217	185	-7	0.95	0.95	0	
23/12/2011 14:38:23	TASTEGGIO	0	3	8000	53820	162217	400	-71	0.30	0.30	0	
23/12/2011 14:38:42	TASTEGGIO	0	0	8000	53820	162217	133	-1	0.27	0.27	0	
23/12/2011 14:39:00	TASTEGGIO	0	1	8000	53820	162217	157	-1	0.28	0.28	0	
23/12/2011 14:39:22	TASTEGGIO	0	2	8000	53820	162217	215	-1	0.29	0.29	0	
23/12/2011 14:39:25	ALARM 401		
23/12/2011 14:39:28	ALARM 205		err.6058
23/12/2011 14:39:45	TASTEGGIO	0	2	8000	53820	117868	215	-1	0.13	0.31	-44500	
23/12/2011 14:40:11	TASTEGGIO	1	0	8000	53820	162248	278	-3	0.27	0.27	0	
23/12/2011 14:40:32	TASTEGGIO	0	1	8000	53820	162276	301	-4	0.23	0.23	0	
23/12/2011 14:40:55	TASTEGGIO	0	2	8000	53820	162297	340	-9	0.15	0.15	0	
23/12/2011 14:41:18	TASTEGGIO	0	3	8000	53820	162315	356	-18	0.06	0.06	0	
23/12/2011 14:41:29	TASTEGGIO	0	3	8000	53820	117862	356	-18	0.12	0.16	44500	
23/12/2011 14:41:54	TASTEGGIO	1	0	8000	53820	73417	240	-3	0.13	0.13	0	
23/12/2011 14:42:05	TASTEGGIO	1	0	8000	53820	117750	240	-3	0.14	0.14	0	
23/12/2011 14:43:54	TASTEGGIO	1	0	8000	53819	118209	240	-3	1.94	1.94	0	
23/12/2011 14:44:19	TASTEGGIO	1	0	8000	53819	118237	400	-36	1.57	1.57	0	
23/12/2011 14:44:42	TASTEGGIO	0	1	8000	53819	118233	400	-22	1.33	1.33	0	
23/12/2011 14:45:05	TASTEGGIO	0	2	8000	53819	118232	400	-16	1.17	1.17	0	
23/12/2011 14:45:29	TASTEGGIO	0	3	8000	53819	118232	400	-10	1.09	1.09	0	
23/12/2011 14:45:54	TASTEGGIO	0	4	8000	53819	118232	400	-9	1.01	1.01	0	
23/12/2011 14:45:55	ALARM 401		
23/12/2011 14:46:14	TASTEGGIO	0	4	8000	53819	118232	400	-9	1.02	1.02	0	
23/12/2011 14:46:39	TASTEGGIO	1	0	8000	53819	118232	457	-58	0.44	0.44	0	
23/12/2011 14:47:02	TASTEGGIO	0	0	8000	53819	118232	310	1	0.44	0.44	0	
23/12/2011 14:47:26	TASTEGGIO	0	1	8000	53819	118232	354	-3	0.39	0.39	0	
23/12/2011 14:47:49	TASTEGGIO	0	2	8000	53819	118232	423	-30	0.17	0.17	0	
23/12/2011 14:48:12	TASTEGGIO	0	0	8000	53819	118232	242	-1	0.18	0.18	0	
23/12/2011 14:48:35	TASTEGGIO	0	1	8000	53819	118232	261	-15	0.18	0.18	0	
23/12/2011 14:48:58	TASTEGGIO	0	2	8000	53819	118232	297	-2	0.15	0.15	0	
23/12/2011 14:49:03	ALARM 401		
23/12/2011 14:49:06	ALARM 401		
23/12/2011 14:49:34	TASTEGGIO	0	3	8000	53820	118178	334	-2	0.17	0.62	44500	
23/12/2011 14:50:02	TASTEGGIO	1	0	8000	53820	73736	356	-52	0.28	0.28	0	
23/12/2011 14:50:22	TASTEGGIO	0	0	8000	53820	73732	270	-10	0.18	0.18	0	
23/12/2011 14:50:44	TASTEGGIO	0	1	8000	53820	73730	281	-6	0.12	0.12	0	
23/12/2011 14:50:55	TASTEGGIO	0	1	8000	53820	118060	281	-6	0.40	0.40	0	
23/12/2011 14:51:19	TASTEGGIO	1	0	8000	53820	118075	300	-68	0.27	0.27	0	
23/12/2011 14:51:42	TASTEGGIO	0	1	8000	53820	118074	281	-69	0.57	0.57	0	
23/12/2011 14:52:00	TASTEGGIO	0	1	8000	53820	118074	160	-4	0.51	0.51	0	
23/12/2011 14:52:23	TASTEGGIO	0	2	8000	53820	118074	251	-5	0.45	0.45	0	
23/12/2011 14:52:46	TASTEGGIO	0	3	8000	53820	118074	370	-22	0.23	0.23	0	
23/12/2011 14:53:11	TASTEGGIO	0	4	8000	53820	118074	393	-18	0.14	0.14	0	
23/12/2011 14:53:12	ALARM 401		
23/12/2011 14:53:34	TASTEGGIO	0	4	8000	53820	118080	393	-18	0.15	0.30	-44500	
23/12/2011 14:54:01	TASTEGGIO	1	0	8000	53820	162481	275	-55	0.28	0.28	0	
23/12/2011 14:54:22	TASTEGGIO	0	1	8000	53820	162502	248	-41	0.13	0.13	0	
23/12/2011 14:54:33	TASTEGGIO	0	1	8000	53820	118166	248	-41	0.10	0.26	44500	
23/12/2011 14:54:59	TASTEGGIO	1	0	8000	53820	73719	265	-2	0.23	0.23	0	
23/12/2011 14:55:21	TASTEGGIO	0	1	8000	53820	73718	285	-3	0.21	0.21	0	
23/12/2011 14:55:44	TASTEGGIO	0	2	8000	53820	73717	323	-7	0.21	0.21	0	
23/12/2011 14:56:06	TASTEGGIO	0	3	8000	53820	73720	386	-47	0.32	0.32	0	
23/12/2011 14:56:29	TASTEGGIO	0	1	8000	53820	73722	337	-75	0.46	0.46	0	
23/12/2011 14:56:50	TASTEGGIO	0	1	8000	53820	73750	270	-12	0.33	0.33	0	
23/12/2011 14:57:13	TASTEGGIO	0	2	8000	53820	73750	303	-6	0.26	0.26	0	
23/12/2011 14:57:35	TASTEGGIO	0	3	8000	53820	73750	338	-9	0.19	0.19	0	
23/12/2011 14:57:36	ALARM 401		
23/12/2011 14:57:52	TASTEGGIO	0	3	8000	53820	118058	338	-9	0.19	0.22	44500	
23/12/2011 14:58:17	TASTEGGIO	1	0	8000	53820	73618	255	0	0.19	0.19	0	
23/12/2011 14:58:38	TASTEGGIO	0	1	8000	53820	73615	271	0	0.19	0.19	0	
23/12/2011 14:59:01	TASTEGGIO	0	2	8000	53820	73615	309	0	0.18	0.18	0	
23/12/2011 14:59:23	TASTEGGIO	0	3	8000	53820	73614	360	-8	0.11	0.11	0	
23/12/2011 14:59:34	TASTEGGIO	0	3	8000	53820	118057	360	-8	0.20	0.20	0	
23/12/2011 15:00:00	TASTEGGIO	1	0	8000	53820	118066	250	-48	0.32	0.32	0	
23/12/2011 15:00:21	TASTEGGIO	0	1	8000	53820	118068	198	-6	0.23	0.23	0	
23/12/2011 15:00:42	TASTEGGIO	0	2	8000	53820	118069	221	-2	0.21	0.21	0	
23/12/2011 15:01:04	TASTEGGIO	0	3	8000	53820	118068	278	-7	0.15	0.15	0	
23/12/2011 15:01:07	ALARM 401		
23/12/2011 15:01:09	ALARM 201		err.6059
23/12/2011 15:01:27	TASTEGGIO	0	3	8000	53820	118075	278	-7	0.15	0.30	44500	
23/12/2011 15:01:53	TASTEGGIO	1	0	8000	53820	73633	275	-1	0.26	0.26	0	
23/12/2011 15:02:13	TASTEGGIO	0	1	8000	53820	73631	297	0	0.26	0.26	0	
23/12/2011 15:02:37	TASTEGGIO	0	2	8000	53820	73629	349	-1	0.23	0.23	0	
23/12/2011 15:03:01	TASTEGGIO	0	3	8000	53820	73629	400	-14	0.14	0.14	0	
23/12/2011 15:03:12	TASTEGGIO	0	3	8000	53820	118058	400	-14	0.06	0.17	-44500	
23/12/2011 15:03:15	ALARM 401		
23/12/2011 15:03:32	TASTEGGIO	0	3	8000	53820	118059	400	-14	0.06	0.17	-44500	
23/12/2011 15:05:21	TASTEGGIO	0	3	8000	53820	117999	400	-14	0.92	1.02	44500	
23/12/2011 15:05:48	TASTEGGIO	1	0	8000	53820	73563	400	-61	0.46	0.46	0	
23/12/2011 15:06:10	TASTEGGIO	0	0	8000	53820	73556	315	-11	0.36	0.36	0	
23/12/2011 15:06:33	TASTEGGIO	0	1	8000	53820	73553	343	-12	0.24	0.24	0	
23/12/2011 15:06:57	TASTEGGIO	0	2	8000	53820	73551	365	-16	0.05	0.05	0	
23/12/2011 15:07:08	TASTEGGIO	0	2	8000	53820	117858	365	-16	0.19	0.32	-24500	
23/12/2011 15:07:34	TASTEGGIO	1	0	8000	53820	142301	280	-67	0.44	0.44	0	
23/12/2011 15:07:55	TASTEGGIO	0	1	8000	53820	142321	219	-20	0.21	0.21	0	
23/12/2011 15:08:17	TASTEGGIO	0	0	8000	53820	142325	252	-27	0.12	0.12	0	
23/12/2011 15:08:27	TASTEGGIO	0	0	8000	53820	117955	252	-27	0.09	0.15	24500	
23/12/2011 15:08:53	TASTEGGIO	1	0	8000	53820	93498	237	-33	0.24	0.24	0	
23/12/2011 15:09:14	TASTEGGIO	0	1	8000	53820	93498	198	-14	0.12	0.12	0	
23/12/2011 15:09:24	TASTEGGIO	0	1	8000	53820	117850	198	-14	0.19	0.21	-24500	
23/12/2011 15:09:50	TASTEGGIO	1	0	8000	53820	142296	252	-19	0.04	0.04	0	
23/12/2011 15:10:00	TASTEGGIO	1	0	8000	53820	117943	252	-19	0.05	0.19	-44500	
23/12/2011 15:10:27	TASTEGGIO	1	0	8000	53820	162354	247	-39	0.20	0.20	0	
23/12/2011 15:10:48	TASTEGGIO	0	1	8000	53820	162384	225	-31	0.21	0.21	0	
23/12/2011 15:11:09	TASTEGGIO	0	1	8000	53820	162392	202	-14	0.10	0.10	0	
23/12/2011 15:11:20	TASTEGGIO	0	1	8000	53820	117940	202	-14	0.14	0.17	-24500	
23/12/2011 15:11:46	TASTEGGIO	1	0	8000	53820	142388	242	-34	0.30	0.30	0	
23/12/2011 15:12:07	TASTEGGIO	0	1	8000	53820	142399	189	-7	0.23	0.23	0	
23/12/2011 15:12:28	TASTEGGIO	0	2	8000	53820	142402	213	-7	0.18	0.18	0	
23/12/2011 15:12:50	TASTEGGIO	0	3	8000	53820	142402	237	-11	0.05	0.05	0	
23/12/2011 15:13:00	TASTEGGIO	0	3	8000	53820	117954	237	-11	0.07	0.13	44500	
23/12/2011 15:14:48	TASTEGGIO	0	3	8000	53820	117905	237	-11	0.21	0.47	-44500	
23/12/2011 15:15:15	TASTEGGIO	1	0	8000	53820	162306	318	-62	0.25	0.25	0	
23/12/2011 15:15:37	TASTEGGIO	0	1	8000	53820	162329	304	-80	0.53	0.53	0	
23/12/2011 15:15:58	TASTEGGIO	0	1	8000	53820	162350	191	-16	0.37	0.37	0	
23/12/2011 15:16:18	TASTEGGIO	0	2	8000	53820	162361	227	-12	0.28	0.28	0	
23/12/2011 15:16:40	TASTEGGIO	0	3	8000	53820	162368	263	-11	0.18	0.18	0	
23/12/2011 15:17:02	TASTEGGIO	0	4	8000	53820	162378	286	-15	0.07	0.07	0	
23/12/2011 15:17:13	TASTEGGIO	0	4	8000	53820	117895	286	-15	0.13	0.50	44500	
23/12/2011 15:17:41	TASTEGGIO	1	0	8000	53820	73462	326	-45	0.11	0.11	0	
23/12/2011 15:17:52	TASTEGGIO	1	0	8000	53820	117754	326	-45	0.23	0.27	-44500	
23/12/2011 15:18:18	TASTEGGIO	1	0	8000	53820	162154	268	0	0.23	0.23	0	
23/12/2011 15:18:40	TASTEGGIO	0	1	8000	53820	162181	287	-6	0.20	0.20	0	
23/12/2011 15:19:03	TASTEGGIO	0	2	8000	53820	162202	321	-15	0.06	0.06	0	
23/12/2011 15:19:14	TASTEGGIO	0	2	8000	53820	117860	321	-15	0.13	0.20	24500	
23/12/2011 15:19:40	TASTEGGIO	1	0	8000	53820	93400	250	-28	0.19	0.19	0	
