22/08/2011 07:49:19	ALARM 401		
22/08/2011 07:49:23	INIT OK
22/08/2011 08:14:20	ALARM 401		
22/08/2011 08:14:32	ALARM 401		
22/08/2011 08:35:53	TASTEGGIO	0	0	8200	54602	104582	0	0	0.11	0.13	-44500	
22/08/2011 08:36:17	TASTEGGIO	1	0	8200	54602	149045	228	-9	0.06	0.06	0	
22/08/2011 08:36:28	TASTEGGIO	1	0	8200	54602	104683	228	-9	0.11	0.11	0	
22/08/2011 08:36:50	TASTEGGIO	1	0	8200	54602	104698	225	-7	0.07	0.07	0	
22/08/2011 08:36:58	TASTEGGIO	1	0	8200	54602	104682	225	-7	0.06	0.07	44500	
22/08/2011 08:38:42	TASTEGGIO	1	0	8200	54602	104582	225	-7	0.16	0.24	-24500	
22/08/2011 08:39:07	TASTEGGIO	1	0	8200	54602	129043	242	-11	0.13	0.13	0	
22/08/2011 08:39:17	TASTEGGIO	1	0	8200	54602	104584	242	-11	0.08	0.17	-44500	
22/08/2011 08:39:42	TASTEGGIO	1	0	8200	54602	149007	233	-8	0.09	0.09	0	
22/08/2011 08:39:52	TASTEGGIO	1	0	8200	54602	104585	233	-8	0.04	0.09	-44500	
22/08/2011 08:40:17	TASTEGGIO	1	0	8200	54602	149011	223	-1	0.08	0.08	0	
22/08/2011 08:40:36	TASTEGGIO	0	1	8200	54602	149024	230	-1	0.10	0.10	0	
22/08/2011 08:40:57	TASTEGGIO	0	2	8200	54602	149034	255	-5	0.04	0.04	0	
22/08/2011 08:41:08	TASTEGGIO	0	2	8200	54602	104592	255	-5	0.05	0.11	-24500	
22/08/2011 08:41:33	TASTEGGIO	1	0	8200	54602	129052	225	-9	0.07	0.07	0	
22/08/2011 08:41:43	TASTEGGIO	1	0	8200	54602	104588	225	-9	0.02	0.09	-44500	
22/08/2011 08:42:08	TASTEGGIO	1	0	8200	54602	149008	223	-2	0.07	0.07	0	
22/08/2011 08:42:18	TASTEGGIO	1	0	8200	54602	104584	223	-2	0.02	0.08	-24500	
22/08/2011 08:42:42	TASTEGGIO	1	0	8200	54602	129042	222	-2	0.06	0.06	0	
22/08/2011 08:42:52	TASTEGGIO	1	0	8200	54602	104585	222	-2	0.01	0.07	-44500	
22/08/2011 08:44:38	TASTEGGIO	1	0	8200	54602	104576	222	-2	0.19	0.26	-44500	
22/08/2011 08:45:02	TASTEGGIO	1	0	8200	54602	148994	245	-8	0.17	0.17	0	
22/08/2011 08:45:22	TASTEGGIO	0	1	8200	54602	149007	256	-5	0.13	0.13	0	
22/08/2011 08:45:32	TASTEGGIO	0	1	8200	54602	104582	256	-5	0.14	0.14	0	
22/08/2011 08:45:55	TASTEGGIO	1	0	8200	54602	104590	229	-7	0.05	0.05	0	
22/08/2011 08:46:03	TASTEGGIO	1	0	8200	54602	104576	229	-7	0.05	0.12	-44500	
22/08/2011 08:46:27	TASTEGGIO	1	0	8200	54602	149000	227	0	0.10	0.10	0	
22/08/2011 08:46:48	TASTEGGIO	0	1	8200	54602	149012	235	0	0.12	0.12	0	
22/08/2011 08:47:08	TASTEGGIO	0	2	8200	54602	149021	263	-3	0.09	0.09	0	
22/08/2011 08:47:28	TASTEGGIO	0	3	8200	54602	149029	274	-5	0.03	0.03	0	
22/08/2011 08:47:39	TASTEGGIO	0	3	8200	54602	104589	274	-5	0.04	0.06	-24500	
22/08/2011 08:49:23	TASTEGGIO	0	3	8200	54602	104577	274	-5	0.10	0.10	0	
22/08/2011 08:49:45	TASTEGGIO	1	0	8200	54602	104587	224	-7	0.03	0.03	0	
22/08/2011 08:49:53	TASTEGGIO	1	0	8200	54602	104573	224	-7	0.02	0.08	44500	
22/08/2011 08:50:17	TASTEGGIO	1	0	8200	54602	60090	222	-1	0.06	0.06	0	
22/08/2011 08:50:27	TASTEGGIO	1	0	8200	54602	104459	222	-1	0.01	0.06	44500	
22/08/2011 08:52:13	TASTEGGIO	1	0	8200	54602	104577	222	-1	0.10	0.10	0	
22/08/2011 08:52:37	TASTEGGIO	1	0	8200	54602	104585	224	-7	0.03	0.03	0	
22/08/2011 08:52:45	TASTEGGIO	1	0	8200	54602	104573	224	-7	0.02	0.07	-44500	
22/08/2011 08:54:31	TASTEGGIO	1	0	8200	54602	104576	224	-7	0.02	0.15	-24500	
22/08/2011 08:54:54	TASTEGGIO	1	0	8200	54602	129034	231	-9	0.06	0.06	0	
22/08/2011 08:55:04	TASTEGGIO	1	0	8200	54602	104587	231	-9	0.12	0.12	0	
22/08/2011 08:55:27	TASTEGGIO	1	0	8200	54602	104596	227	-9	0.02	0.02	0	
22/08/2011 08:55:35	TASTEGGIO	1	0	8200	54602	104583	227	-9	0.01	0.11	-24500	
22/08/2011 08:56:00	TASTEGGIO	1	0	8200	54602	129039	225	-3	0.10	0.10	0	
22/08/2011 08:56:20	TASTEGGIO	0	1	8200	54602	129050	234	-4	0.06	0.06	0	
22/08/2011 08:56:30	TASTEGGIO	0	1	8200	54602	104585	234	-4	0.06	0.07	-44500	
22/08/2011 08:58:16	TASTEGGIO	0	1	8200	54602	104579	234	-4	0.07	0.09	24500	
22/08/2011 08:58:40	TASTEGGIO	1	0	8200	54602	80109	223	-4	0.06	0.06	0	
22/08/2011 08:58:49	TASTEGGIO	1	0	8200	54602	104461	223	-4	0.07	0.09	-24500	
22/08/2011 08:59:13	TASTEGGIO	1	0	8200	54602	128917	223	-8	0.05	0.05	0	
22/08/2011 08:59:22	TASTEGGIO	1	0	8200	54602	104578	223	-8	0.01	0.06	24500	
22/08/2011 09:01:08	TASTEGGIO	1	0	8200	54602	104577	223	-8	0.23	0.29	44500	
22/08/2011 09:01:31	TASTEGGIO	1	0	8200	54602	60092	249	-3	0.26	0.26	0	
22/08/2011 09:01:51	TASTEGGIO	0	1	8200	54602	60093	272	-3	0.23	0.23	0	
22/08/2011 09:02:12	TASTEGGIO	0	2	8200	54602	60093	312	-9	0.17	0.17	0	
22/08/2011 09:02:33	TASTEGGIO	0	3	8200	54602	60093	333	-14	0.07	0.07	0	
22/08/2011 09:02:44	TASTEGGIO	0	3	8200	54602	104449	333	-14	0.05	0.07	44500	
22/08/2011 09:04:29	TASTEGGIO	0	3	8200	54602	104576	333	-14	0.60	0.96	44500	
22/08/2011 09:04:54	TASTEGGIO	1	0	8200	54602	60092	335	-9	0.87	0.87	0	
22/08/2011 09:05:15	TASTEGGIO	0	1	8200	54602	60094	400	-23	0.64	0.64	0	
22/08/2011 09:05:37	TASTEGGIO	0	2	8200	54602	60094	400	-8	0.57	0.57	0	
22/08/2011 09:05:58	TASTEGGIO	0	3	8200	54602	60097	400	-8	0.49	0.49	0	
22/08/2011 09:06:21	TASTEGGIO	0	4	8200	54602	60098	400	-3	0.48	0.48	0	
22/08/2011 09:06:42	TASTEGGIO	0	5	8200	54602	60201	400	-2	0.43	0.43	0	
22/08/2011 09:07:04	TASTEGGIO	0	6	8200	54602	60202	400	-1	0.42	0.42	0	
22/08/2011 09:07:27	TASTEGGIO	0	7	8200	54602	60202	400	-2	0.40	0.40	0	
22/08/2011 09:07:48	TASTEGGIO	0	8	8200	54602	60202	400	-2	0.38	0.38	0	
22/08/2011 09:08:11	TASTEGGIO	0	9	8200	54602	60202	400	-1	0.37	0.37	0	
22/08/2011 09:08:32	TASTEGGIO	0	10	8200	54602	60202	400	-2	0.35	0.35	0	
22/08/2011 09:08:54	TASTEGGIO	0	11	8200	54602	60202	400	-1	0.35	0.35	0	
22/08/2011 09:09:17	TASTEGGIO	0	12	8200	54602	60202	400	-1	0.34	0.34	0	
22/08/2011 09:09:40	TASTEGGIO	0	13	8200	54602	60202	400	-1	0.34	0.34	0	
22/08/2011 09:10:02	TASTEGGIO	0	14	8200	54602	60202	400	-1	0.34	0.34	0	
22/08/2011 09:10:24	TASTEGGIO	0	15	8200	54602	60202	400	0	0.33	0.33	0	
22/08/2011 09:10:46	TASTEGGIO	0	16	8200	54602	60202	400	0	0.33	0.33	0	
22/08/2011 09:11:08	TASTEGGIO	0	17	8200	54602	60202	400	0	0.33	0.33	0	
22/08/2011 09:11:29	TASTEGGIO	0	18	8200	54602	60202	400	-1	0.32	0.32	0	
22/08/2011 09:11:52	TASTEGGIO	0	19	8200	54602	60202	400	0	0.32	0.32	0	
22/08/2011 09:12:14	TASTEGGIO	0	20	8200	54602	60202	400	0	0.32	0.32	0	
22/08/2011 09:12:37	TASTEGGIO	0	21	8200	54602	60202	400	0	0.32	0.32	0	
22/08/2011 09:13:00	TASTEGGIO	0	22	8200	54602	60202	400	0	0.32	0.32	0	
22/08/2011 09:13:21	TASTEGGIO	0	23	8200	54602	60202	400	-4	0.28	0.28	0	
22/08/2011 09:13:43	TASTEGGIO	0	24	8200	54602	60202	400	-1	0.28	0.28	0	
22/08/2011 09:14:06	TASTEGGIO	0	25	8200	54602	60202	400	-1	0.27	0.27	0	
22/08/2011 09:14:27	TASTEGGIO	0	26	8200	54602	60202	400	-2	0.26	0.26	0	
22/08/2011 09:14:49	TASTEGGIO	0	27	8200	54602	60202	400	-1	0.26	0.26	0	
22/08/2011 09:15:11	TASTEGGIO	0	28	8200	54602	60202	400	-2	0.24	0.24	0	
22/08/2011 09:15:33	TASTEGGIO	0	29	8200	54602	60202	400	-1	0.25	0.25	0	
22/08/2011 09:17:35	TASTEGGIO	0	30	8200	54602	104573	400	0	0.12	0.12	0	
22/08/2011 09:17:58	TASTEGGIO	1	0	8200	54602	104581	227	-7	0.07	0.07	0	
22/08/2011 09:18:06	TASTEGGIO	1	0	8200	54602	104568	227	-7	0.07	0.08	-44500	
22/08/2011 09:18:30	TASTEGGIO	1	0	8200	54602	148984	222	-6	0.02	0.02	0	
22/08/2011 09:18:40	TASTEGGIO	1	0	8200	54602	104585	222	-6	0.08	0.08	-24500	
22/08/2011 09:19:05	TASTEGGIO	1	0	8200	54602	129046	222	-8	0.01	0.01	0	
22/08/2011 09:19:14	TASTEGGIO	1	0	8200	54602	104583	222	-8	0.02	0.08	24500	
22/08/2011 09:19:39	TASTEGGIO	1	0	8200	54602	80106	222	-5	0.04	0.04	0	
22/08/2011 09:19:49	TASTEGGIO	1	0	8200	54602	104456	222	-5	0.06	0.06	0	
22/08/2011 09:20:44	ALARM 17	proc 12 prog 10 step 47	LavoroTerminato
22/08/2011 09:25:05	TASTEGGIO	1	0	9000	57738	114365	222	-5	1.11	1.20	-24500	
22/08/2011 09:25:30	TASTEGGIO	1	0	9000	57738	138855	366	-19	0.99	0.99	0	
22/08/2011 09:25:51	TASTEGGIO	0	1	9000	57738	138859	400	-21	0.78	0.78	0	
22/08/2011 09:26:14	TASTEGGIO	0	2	9000	57738	138860	400	-11	0.68	0.68	0	
22/08/2011 09:26:35	TASTEGGIO	0	3	9000	57738	138861	400	-14	0.56	0.56	0	
22/08/2011 09:26:58	TASTEGGIO	0	4	9000	57738	138862	400	-6	0.50	0.50	0	
22/08/2011 09:27:00	ALARM 218	proc 12 prog 73 step 17	go_abs 5 cmd 11
22/08/2011 09:27:03	ALARM 205		err.6059
22/08/2011 09:27:48	TASTEGGIO	0	4	9000	57738	114361	400	-6	0.51	0.59	-44500	
22/08/2011 09:28:12	TASTEGGIO	1	0	9000	57738	158813	287	-8	0.50	0.50	0	
22/08/2011 09:28:33	TASTEGGIO	0	1	9000	57738	158818	329	-12	0.38	0.38	0	
22/08/2011 09:28:54	TASTEGGIO	0	2	9000	57738	158824	369	-18	0.20	0.20	0	
22/08/2011 09:29:15	TASTEGGIO	0	3	9000	57738	158829	387	-15	0.05	0.05	0	
22/08/2011 09:29:26	TASTEGGIO	0	3	9000	57738	114350	387	-15	0.13	0.13	0	
22/08/2011 09:29:49	TASTEGGIO	1	0	9000	57738	114363	228	-8	0.05	0.05	0	
22/08/2011 09:29:57	TASTEGGIO	1	0	9000	57738	114350	228	-8	0.05	0.05	0	
22/08/2011 09:31:44	TASTEGGIO	1	0	9000	57738	114361	228	-8	0.62	0.77	-24500	
22/08/2011 09:32:09	TASTEGGIO	1	0	9000	57738	138835	310	-23	0.69	0.69	0	
22/08/2011 09:32:29	TASTEGGIO	0	1	9000	57738	138839	371	-38	0.31	0.31	0	
22/08/2011 09:32:51	TASTEGGIO	0	0	9000	57738	138842	251	-1	0.31	0.31	0	
22/08/2011 09:33:13	TASTEGGIO	0	1	9000	57738	138843	282	-1	0.30	0.30	0	
22/08/2011 09:33:35	TASTEGGIO	0	2	9000	57738	138844	340	-6	0.25	0.25	0	
22/08/2011 09:33:57	TASTEGGIO	0	3	9000	57738	138847	400	-29	0.04	0.04	0	
22/08/2011 09:34:07	TASTEGGIO	0	3	9000	57738	114362	400	-29	0.12	0.18	24500	
22/08/2011 09:34:32	TASTEGGIO	1	0	9000	57738	89913	234	-6	0.12	0.12	0	
22/08/2011 09:34:42	TASTEGGIO	1	0	9000	57738	114276	234	-6	0.07	0.12	44500	
22/08/2011 09:35:06	TASTEGGIO	1	0	9000	57738	69805	227	-2	0.10	0.10	0	
22/08/2011 09:35:26	TASTEGGIO	0	1	9000	57738	69803	235	-1	0.09	0.09	0	
22/08/2011 09:35:47	TASTEGGIO	0	2	9000	57738	69802	251	-2	0.07	0.07	0	
22/08/2011 09:35:58	TASTEGGIO	0	2	9000	57738	114258	251	-2	0.05	0.13	-44500	
22/08/2011 09:36:23	TASTEGGIO	1	0	9000	57738	158707	228	-7	0.08	0.08	0	
22/08/2011 09:36:42	TASTEGGIO	0	1	9000	57738	158720	232	-4	0.04	0.04	0	
22/08/2011 09:36:53	TASTEGGIO	0	1	9000	57738	114342	232	-4	0.06	0.11	24500	
22/08/2011 09:37:18	TASTEGGIO	1	0	9000	57738	89877	225	-2	0.09	0.09	0	
22/08/2011 09:37:28	TASTEGGIO	1	0	9000	57738	114264	225	-2	0.05	0.10	24500	
22/08/2011 09:37:52	TASTEGGIO	1	0	9000	57738	89793	224	-1	0.09	0.09	0	
22/08/2011 09:38:02	TASTEGGIO	1	0	9000	57738	114261	224	-1	0.05	0.09	24500	
22/08/2011 09:39:50	TASTEGGIO	1	0	9000	57738	114454	224	-1	0.60	0.70	-24500	
22/08/2011 09:40:14	TASTEGGIO	1	0	9000	57738	138930	301	-12	0.57	0.57	0	
22/08/2011 09:40:35	TASTEGGIO	0	1	9000	57738	138931	347	-17	0.41	0.41	0	
22/08/2011 09:40:58	TASTEGGIO	0	2	9000	57738	138932	388	-24	0.21	0.21	0	
22/08/2011 09:41:20	TASTEGGIO	0	3	9000	57738	138932	400	-24	0.05	0.05	0	
22/08/2011 09:41:30	TASTEGGIO	0	3	9000	57738	114450	400	-24	0.03	0.06	44500	
22/08/2011 09:43:17	TASTEGGIO	0	3	9000	57738	114358	400	-24	2.02	2.18	-44500	
22/08/2011 09:43:42	TASTEGGIO	1	0	9000	57738	158818	400	-9	2.09	2.09	0	
22/08/2011 09:44:02	TASTEGGIO	0	1	9000	57738	158830	400	-2	2.07	2.07	0	
22/08/2011 09:44:24	TASTEGGIO	0	2	9000	57738	158842	400	-1	2.06	2.06	0	
22/08/2011 09:44:44	TASTEGGIO	0	3	9000	57738	158851	400	-1	2.05	2.05	0	
22/08/2011 09:45:06	TASTEGGIO	0	4	9000	57738	158857	400	-1	2.05	2.05	0	
22/08/2011 09:45:26	TASTEGGIO	0	5	9000	57738	158863	400	0	2.04	2.04	0	
22/08/2011 09:45:48	TASTEGGIO	0	6	9000	57738	158863	400	0	2.04	2.04	0	
22/08/2011 09:46:08	TASTEGGIO	0	7	9000	57738	158863	400	0	2.04	2.04	0	
22/08/2011 09:46:30	TASTEGGIO	0	8	9000	57738	158863	400	0	2.04	2.04	0	
22/08/2011 09:46:51	TASTEGGIO	0	9	9000	57738	158863	400	0	2.04	2.04	0	
22/08/2011 09:47:11	TASTEGGIO	0	10	9000	57738	158863	400	0	2.03	2.03	0	
22/08/2011 09:47:33	TASTEGGIO	0	11	9000	57738	158863	400	0	2.04	2.04	0	
22/08/2011 09:47:53	TASTEGGIO	0	12	9000	57738	158863	400	0	2.03	2.03	0	
22/08/2011 09:48:13	TASTEGGIO	0	13	9000	57738	158863	400	0	2.03	2.03	0	
22/08/2011 09:48:35	TASTEGGIO	0	14	9000	57738	158863	400	-1	2.03	2.03	0	
22/08/2011 09:48:55	TASTEGGIO	0	15	9000	57738	158863	400	0	2.03	2.03	0	
22/08/2011 09:49:17	TASTEGGIO	0	16	9000	57738	158863	400	-1	2.03	2.03	0	
22/08/2011 09:49:37	TASTEGGIO	0	17	9000	57738	158863	400	0	2.03	2.03	0	
22/08/2011 09:49:57	TASTEGGIO	0	18	9000	57738	158863	400	0	2.03	2.03	0	
22/08/2011 09:50:19	TASTEGGIO	0	19	9000	57738	158863	400	0	2.02	2.02	0	
22/08/2011 09:50:39	TASTEGGIO	0	20	9000	57738	158863	400	-1	2.02	2.02	0	
22/08/2011 09:51:00	TASTEGGIO	0	21	9000	57738	158863	400	-1	2.03	2.03	0	
22/08/2011 09:51:21	TASTEGGIO	0	22	9000	57738	158863	400	0	2.02	2.02	0	
22/08/2011 09:51:41	TASTEGGIO	0	23	9000	57738	158863	400	0	2.06	2.06	0	
22/08/2011 09:52:03	TASTEGGIO	0	24	9000	57738	158863	400	-1	2.02	2.02	0	
22/08/2011 09:52:23	TASTEGGIO	0	25	9000	57738	158863	400	0	2.02	2.02	0	
22/08/2011 09:52:44	TASTEGGIO	0	26	9000	57738	158863	400	-1	2.03	2.03	0	
22/08/2011 09:53:05	TASTEGGIO	0	27	9000	57738	158863	400	0	2.03	2.03	0	
22/08/2011 09:53:26	TASTEGGIO	0	28	9000	57738	158863	400	0	2.02	2.02	0	
22/08/2011 09:53:46	TASTEGGIO	0	29	9000	57738	158863	400	0	2.02	2.02	0	
22/08/2011 09:55:48	TASTEGGIO	0	30	9000	57738	114367	400	0	0.38	0.60	-44500	
22/08/2011 09:56:12	TASTEGGIO	1	0	9000	57738	158809	289	-15	0.45	0.45	0	
22/08/2011 09:56:33	TASTEGGIO	0	1	9000	57738	158819	322	-17	0.28	0.28	0	
22/08/2011 09:56:53	TASTEGGIO	0	2	9000	57738	158826	346	-18	0.11	0.11	0	
22/08/2011 09:57:04	TASTEGGIO	0	2	9000	57738	114355	346	-18	0.15	0.18	24500	
22/08/2011 09:57:29	TASTEGGIO	1	0	9000	57738	89895	234	-7	0.11	0.11	0	
22/08/2011 09:57:39	TASTEGGIO	1	0	9000	57738	114265	234	-7	0.13	0.15	-44500	
22/08/2011 09:58:05	TASTEGGIO	1	0	9000	57738	158714	231	0	0.14	0.14	0	
22/08/2011 09:58:15	TASTEGGIO	1	0	9000	57738	114343	231	0	0.13	0.14	-44500	
22/08/2011 09:58:40	TASTEGGIO	1	0	9000	57738	158798	229	0	0.13	0.13	0	
22/08/2011 09:58:59	TASTEGGIO	0	1	9000	57738	158804	241	0	0.13	0.13	0	
22/08/2011 09:59:21	TASTEGGIO	0	2	9000	57738	158810	267	0	0.13	0.13	0	
22/08/2011 09:59:41	TASTEGGIO	0	3	9000	57738	158814	306	-1	0.12	0.12	0	
22/08/2011 10:00:02	TASTEGGIO	0	4	9000	57738	158816	350	-12	0.05	0.05	0	
22/08/2011 10:00:13	TASTEGGIO	0	4	9000	57738	114342	350	-12	0.20	0.20	24500	
22/08/2011 10:00:38	TASTEGGIO	1	0	9000	57738	89876	237	-2	0.19	0.19	0	
22/08/2011 10:00:58	TASTEGGIO	0	1	9000	57738	89875	255	-4	0.14	0.14	0	
22/08/2011 10:01:08	TASTEGGIO	0	1	9000	57738	114272	255	-4	0.16	0.16	0	
22/08/2011 10:01:31	TASTEGGIO	1	0	9000	57738	114272	232	-10	0.06	0.06	0	
22/08/2011 10:01:39	TASTEGGIO	1	0	9000	57738	114277	232	-10	0.06	0.12	44500	
22/08/2011 10:02:02	TASTEGGIO	1	0	9000	57738	69805	227	-3	0.09	0.09	0	
22/08/2011 10:02:13	TASTEGGIO	1	0	9000	57738	114275	227	-3	0.09	0.09	44500	
22/08/2011 10:04:01	TASTEGGIO	1	0	9000	57738	114457	227	-3	0.29	0.36	24500	
22/08/2011 10:04:26	TASTEGGIO	1	0	9000	57738	89983	258	-8	0.27	0.27	0	
22/08/2011 10:04:46	TASTEGGIO	0	1	9000	57738	89981	278	-7	0.20	0.20	0	
22/08/2011 10:05:07	TASTEGGIO	0	2	9000	57738	89980	298	-8	0.13	0.13	0	
22/08/2011 10:05:17	TASTEGGIO	0	2	9000	57738	114374	298	-8	0.17	0.32	-44500	
22/08/2011 10:05:42	TASTEGGIO	1	0	9000	57738	158823	252	-12	0.21	0.21	0	
22/08/2011 10:06:02	TASTEGGIO	0	1	9000	57738	158830	265	-8	0.12	0.12	0	
22/08/2011 10:06:13	TASTEGGIO	0	1	9000	57738	114441	265	-8	0.09	0.18	44500	
22/08/2011 10:06:38	TASTEGGIO	1	0	9000	57738	69981	234	-3	0.15	0.15	0	
22/08/2011 10:06:57	TASTEGGIO	0	1	9000	57738	69977	246	-2	0.13	0.13	0	
22/08/2011 10:07:08	TASTEGGIO	0	1	9000	57738	114363	246	-2	0.07	0.15	-44500	
22/08/2011 10:07:33	TASTEGGIO	1	0	9000	57738	158813	231	-1	0.14	0.14	0	
22/08/2011 10:07:44	TASTEGGIO	1	0	9000	57738	114430	231	-1	0.07	0.15	-44500	
22/08/2011 10:08:08	TASTEGGIO	1	0	9000	57738	158894	231	0	0.14	0.14	0	
22/08/2011 10:08:19	TASTEGGIO	1	0	9000	57738	114438	231	0	0.06	0.14	-44500	
22/08/2011 10:08:43	TASTEGGIO	1	0	9000	57738	158900	229	0	0.14	0.14	0	
22/08/2011 10:09:03	TASTEGGIO	0	1	9000	57738	158905	243	0	0.14	0.14	0	
22/08/2011 10:09:25	TASTEGGIO	0	2	9000	57738	158910	271	-3	0.11	0.11	0	
22/08/2011 10:09:45	TASTEGGIO	0	3	9000	57738	158914	285	-6	0.06	0.06	0	
22/08/2011 10:09:55	TASTEGGIO	0	3	9000	57738	114437	285	-6	0.08	0.16	24500	
22/08/2011 10:10:20	TASTEGGIO	1	0	9000	57738	89974	232	-3	0.15	0.15	0	
22/08/2011 10:10:40	TASTEGGIO	0	1	9000	57738	89972	246	-2	0.13	0.13	0	
22/08/2011 10:10:50	TASTEGGIO	0	1	9000	57738	114373	246	-2	0.06	0.13	44500	
22/08/2011 10:11:14	TASTEGGIO	1	0	9000	57738	69910	228	0	0.11	0.11	0	
22/08/2011 10:11:33	TASTEGGIO	0	1	9000	57738	69906	237	0	0.12	0.12	0	
22/08/2011 10:11:55	TASTEGGIO	0	2	9000	57738	69904	263	-3	0.09	0.09	0	
22/08/2011 10:12:06	TASTEGGIO	0	2	9000	57738	114374	263	-3	0.06	0.10	-44500	
22/08/2011 10:12:31	TASTEGGIO	1	0	9000	57738	158820	224	-8	0.10	0.10	0	
22/08/2011 10:12:51	TASTEGGIO	0	1	9000	57738	158832	234	-4	0.06	0.06	0	
22/08/2011 10:13:02	TASTEGGIO	0	1	9000	57738	114437	234	-4	0.08	0.12	24500	
22/08/2011 10:13:26	TASTEGGIO	1	0	9000	57738	89980	227	-1	0.13	0.13	0	
22/08/2011 10:13:47	TASTEGGIO	0	1	9000	57738	89978	241	0	0.13	0.13	0	
22/08/2011 10:14:08	TASTEGGIO	0	2	9000	57738	89975	267	-3	0.10	0.10	0	
22/08/2011 10:14:29	TASTEGGIO	0	3	9000	57738	89974	280	-3	0.08	0.08	0	
22/08/2011 10:14:39	TASTEGGIO	0	3	9000	57738	114376	280	-3	0.08	0.10	-44500	
22/08/2011 10:15:04	TASTEGGIO	1	0	9000	57738	158832	224	0	0.09	0.09	0	
22/08/2011 10:15:15	TASTEGGIO	1	0	9000	57738	114442	224	0	0.08	0.09	24500	
22/08/2011 10:17:01	TASTEGGIO	1	0	9000	57738	114460	224	0	0.56	0.60	-24500	
22/08/2011 10:17:25	TASTEGGIO	1	0	9000	57738	138938	289	-23	0.42	0.42	0	
22/08/2011 10:17:46	TASTEGGIO	0	1	9000	57738	138941	318	-23	0.19	0.19	0	
22/08/2011 10:18:07	TASTEGGIO	0	0	9000	57738	138943	236	0	0.18	0.18	0	
22/08/2011 10:18:27	TASTEGGIO	0	1	9000	57738	138946	253	-1	0.18	0.18	0	
22/08/2011 10:18:49	TASTEGGIO	0	2	9000	57738	138948	289	-3	0.16	0.16	0	
22/08/2011 10:19:12	TASTEGGIO	0	3	9000	57738	138951	331	-17	0.05	0.05	0	
22/08/2011 10:19:22	TASTEGGIO	0	3	9000	57738	114449	331	-17	0.06	0.17	-44500	
22/08/2011 10:19:47	TASTEGGIO	1	0	9000	57738	158899	233	-14	0.05	0.05	0	
22/08/2011 10:19:58	TASTEGGIO	1	0	9000	57738	114433	233	-14	0.10	0.14	24500	
22/08/2011 10:20:21	TASTEGGIO	1	0	9000	57738	89970	229	-6	0.08	0.08	0	
22/08/2011 10:20:31	TASTEGGIO	1	0	9000	57738	114362	229	-6	0.06	0.09	-44500	
22/08/2011 10:22:19	TASTEGGIO	1	0	9000	57738	114362	229	-6	0.11	0.13	44500	
22/08/2011 10:22:43	TASTEGGIO	1	0	9000	57738	69884	228	-2	0.11	0.11	0	
22/08/2011 10:23:02	TASTEGGIO	0	1	9000	57738	69882	237	-1	0.10	0.10	0	
22/08/2011 10:23:23	TASTEGGIO	0	2	9000	57738	69881	255	-2	0.07	0.07	0	
22/08/2011 10:23:34	TASTEGGIO	0	2	9000	57738	114278	255	-2	0.09	0.09	0	
22/08/2011 10:25:22	TASTEGGIO	0	2	9000	57738	114359	255	-2	1.00	1.65	-44500	
22/08/2011 10:25:48	TASTEGGIO	1	0	9000	57738	158814	400	-19	1.46	1.46	0	
22/08/2011 10:26:08	TASTEGGIO	0	1	9000	57738	158825	400	-6	1.40	1.40	0	
22/08/2011 10:26:30	TASTEGGIO	0	2	9000	57738	158833	400	-3	1.38	1.38	0	
22/08/2011 10:26:51	TASTEGGIO	0	3	9000	57738	158840	400	-2	1.36	1.36	0	
22/08/2011 10:27:11	TASTEGGIO	0	4	9000	57738	158845	400	-2	1.34	1.34	0	
22/08/2011 10:27:33	TASTEGGIO	0	5	9000	57738	158854	400	-2	1.34	1.34	0	
22/08/2011 10:27:53	TASTEGGIO	0	6	9000	57738	158854	400	-1	1.33	1.33	0	
22/08/2011 10:28:16	TASTEGGIO	0	7	9000	57738	158854	400	-1	1.33	1.33	0	
22/08/2011 10:28:36	TASTEGGIO	0	8	9000	57738	158854	400	-1	1.33	1.33	0	
22/08/2011 10:28:59	TASTEGGIO	0	9	9000	57738	158854	400	-2	1.34	1.34	0	
22/08/2011 10:29:19	TASTEGGIO	0	10	9000	57738	158854	400	-1	1.32	1.32	0	
22/08/2011 10:29:42	TASTEGGIO	0	11	9000	57738	158854	400	-2	1.31	1.31	0	
22/08/2011 10:30:02	TASTEGGIO	0	12	9000	57738	158854	400	-1	1.30	1.30	0	
22/08/2011 10:30:25	TASTEGGIO	0	13	9000	57738	158854	400	-1	1.30	1.30	0	
22/08/2011 10:30:45	TASTEGGIO	0	14	9000	57738	158854	400	-1	1.30	1.30	0	
22/08/2011 10:31:08	TASTEGGIO	0	15	9000	57738	158854	400	-1	1.28	1.28	0	
22/08/2011 10:31:29	TASTEGGIO	0	16	9000	57738	158854	400	-3	1.27	1.27	0	
22/08/2011 10:31:51	TASTEGGIO	0	17	9000	57738	158854	400	-1	1.27	1.27	0	
22/08/2011 10:32:13	TASTEGGIO	0	18	9000	57738	158854	400	-1	1.26	1.26	0	
22/08/2011 10:32:35	TASTEGGIO	0	19	9000	57738	158854	400	-1	1.26	1.26	0	
22/08/2011 10:32:56	TASTEGGIO	0	20	9000	57738	158854	400	-1	1.27	1.27	0	
22/08/2011 10:33:18	TASTEGGIO	0	21	9000	57738	158854	400	-1	1.26	1.26	0	
22/08/2011 10:33:41	TASTEGGIO	0	22	9000	57738	158854	400	-1	1.26	1.26	0	
22/08/2011 10:34:01	TASTEGGIO	0	23	9000	57738	158854	400	0	1.25	1.25	0	
22/08/2011 10:34:24	TASTEGGIO	0	24	9000	57738	158854	400	-1	1.26	1.26	0	
22/08/2011 10:34:44	TASTEGGIO	0	25	9000	57738	158854	400	-1	1.25	1.25	0	
22/08/2011 10:35:07	TASTEGGIO	0	26	9000	57738	158854	400	-1	1.26	1.26	0	
22/08/2011 10:35:27	TASTEGGIO	0	27	9000	57738	158854	400	-1	1.25	1.25	0	
22/08/2011 10:35:50	TASTEGGIO	0	28	9000	57738	158854	400	0	1.25	1.25	0	
22/08/2011 10:36:10	TASTEGGIO	0	29	9000	57738	158854	400	0	1.25	1.25	0	
22/08/2011 10:36:12	ALARM 401		
22/08/2011 10:36:14	ALARM 401		
22/08/2011 10:36:16	ALARM 205		err.6059
22/08/2011 10:36:43	TASTEGGIO	0	29	9000	57738	114367	400	0	0.70	1.26	-44500	
22/08/2011 10:37:08	TASTEGGIO	1	0	9000	57738	158831	374	-1	1.24	1.24	0	
22/08/2011 10:37:29	TASTEGGIO	0	1	9000	57738	158840	400	-1	1.26	1.26	0	
22/08/2011 10:37:49	TASTEGGIO	0	2	9000	57738	158845	400	0	1.24	1.24	0	
22/08/2011 10:37:52	ALARM 201		err.6059
22/08/2011 10:38:09	TASTEGGIO	0	2	9000	57738	158845	400	0	1.24	1.24	0	
22/08/2011 10:38:30	TASTEGGIO	1	0	9000	57738	158846	371	-1	1.23	1.23	0	
22/08/2011 10:38:54	TASTEGGIO	0	1	9000	57738	158846	493	-33	0.93	0.93	0	
22/08/2011 10:39:18	TASTEGGIO	0	2	9000	57738	158845	592	-90	0.11	0.11	0	
22/08/2011 10:39:22	ALARM 401		
22/08/2011 10:39:25	ALARM 205		err.6058
22/08/2011 10:39:44	TASTEGGIO	0	2	9000	57738	114368	592	-90	0.47	0.47	0	
22/08/2011 10:40:07	TASTEGGIO	1	0	9000	57738	114381	272	-20	0.30	0.30	0	
22/08/2011 10:40:28	TASTEGGIO	0	1	9000	57738	114381	291	-19	0.11	0.11	0	
22/08/2011 10:40:36	TASTEGGIO	0	1	9000	57738	114359	291	-19	0.11	0.36	-44500	
22/08/2011 10:41:01	TASTEGGIO	1	0	9000	57738	158803	258	-3	0.34	0.34	0	
22/08/2011 10:41:21	TASTEGGIO	0	1	9000	57738	158809	290	-6	0.28	0.28	0	
22/08/2011 10:41:44	TASTEGGIO	0	2	9000	57738	158814	336	-5	0.24	0.24	0	
22/08/2011 10:42:07	TASTEGGIO	0	3	9000	57738	158818	397	-15	0.12	0.12	0	
22/08/2011 10:42:17	TASTEGGIO	0	3	9000	57738	114360	397	-15	0.29	0.30	-24500	
22/08/2011 10:42:41	TASTEGGIO	1	0	9000	57738	138856	250	-15	0.19	0.19	0	
22/08/2011 10:43:02	TASTEGGIO	0	1	9000	57738	138858	262	-9	0.12	0.12	0	
22/08/2011 10:43:12	TASTEGGIO	0	1	9000	57738	114355	262	-9	0.28	0.38	24500	
22/08/2011 10:43:37	TASTEGGIO	1	0	9000	57738	89894	260	-12	0.28	0.28	0	
22/08/2011 10:43:57	TASTEGGIO	0	1	9000	57738	89891	280	-11	0.17	0.17	0	
22/08/2011 10:44:19	TASTEGGIO	0	2	9000	57738	89891	294	-10	0.10	0.10	0	
22/08/2011 10:44:29	TASTEGGIO	0	2	9000	57738	114280	294	-10	0.29	0.33	-24500	
22/08/2011 10:44:54	TASTEGGIO	1	0	9000	57738	138769	254	-2	0.31	0.31	0	
22/08/2011 10:45:15	TASTEGGIO	0	1	9000	57738	138773	283	-4	0.28	0.28	0	
22/08/2011 10:45:37	TASTEGGIO	0	2	9000	57738	138775	333	-17	0.12	0.12	0	
22/08/2011 10:45:48	TASTEGGIO	0	2	9000	57738	114355	333	-17	0.25	0.25	0	
22/08/2011 10:46:10	TASTEGGIO	1	0	9000	57738	114369	243	-2	0.23	0.23	0	
22/08/2011 10:46:32	TASTEGGIO	0	1	9000	57738	114369	264	-4	0.20	0.20	0	
22/08/2011 10:46:53	TASTEGGIO	0	2	9000	57738	114369	298	-6	0.15	0.15	0	
22/08/2011 10:47:16	TASTEGGIO	0	3	9000	57738	114370	317	-16	0.11	0.11	0	
22/08/2011 10:47:24	TASTEGGIO	0	3	9000	57738	114354	317	-16	0.10	0.32	-24500	
22/08/2011 10:47:49	TASTEGGIO	1	0	9000	57738	138843	252	-3	0.28	0.28	0	
22/08/2011 10:48:09	TASTEGGIO	0	1	9000	57738	138846	276	-3	0.26	0.26	0	
22/08/2011 10:48:31	TASTEGGIO	0	2	9000	57738	138849	324	-8	0.19	0.19	0	
22/08/2011 10:48:53	TASTEGGIO	0	3	9000	57738	138851	348	-8	0.10	0.10	0	
22/08/2011 10:49:03	TASTEGGIO	0	3	9000	57738	114365	348	-8	0.15	0.23	-44500	
22/08/2011 10:49:27	TASTEGGIO	1	0	9000	57738	158810	241	0	0.22	0.22	0	
22/08/2011 10:49:47	TASTEGGIO	0	1	9000	57738	158816	262	-2	0.20	0.20	0	
22/08/2011 10:50:09	TASTEGGIO	0	2	9000	57738	158820	298	-1	0.19	0.19	0	
22/08/2011 10:50:31	TASTEGGIO	0	3	9000	57738	158824	352	-6	0.13	0.13	0	
22/08/2011 10:50:42	TASTEGGIO	0	3	9000	57738	114345	352	-6	0.20	0.20	0	
22/08/2011 10:51:05	TASTEGGIO	1	0	9000	57738	114359	237	-2	0.18	0.18	0	
22/08/2011 10:51:27	TASTEGGIO	0	1	9000	57738	114359	253	-1	0.17	0.17	0	
22/08/2011 10:51:49	TASTEGGIO	0	2	9000	57738	114359	285	-1	0.16	0.16	0	
22/08/2011 10:52:11	TASTEGGIO	0	3	9000	57738	114359	330	-16	0.06	0.06	0	
22/08/2011 10:52:19	TASTEGGIO	0	3	9000	57738	114347	330	-16	0.06	0.30	44500	
22/08/2011 10:54:26	TASTEGGIO	1	0	9000	57738	114358	250	-5	0.28	0.30	-24500	
22/08/2011 10:54:51	TASTEGGIO	1	0	9000	57738	138842	250	-10	0.23	0.23	0	
22/08/2011 10:55:11	TASTEGGIO	0	1	9000	57738	138844	267	-6	0.17	0.17	0	
22/08/2011 10:55:33	TASTEGGIO	0	2	9000	57738	138846	284	-7	0.12	0.12	0	
22/08/2011 10:55:44	TASTEGGIO	0	2	9000	57738	114350	284	-7	0.14	0.15	24500	
22/08/2011 10:56:08	TASTEGGIO	1	0	9000	57738	89884	231	-3	0.12	0.12	0	
22/08/2011 10:56:18	TASTEGGIO	1	0	9000	57738	114263	231	-3	0.11	0.13	-44500	
22/08/2011 10:56:42	TASTEGGIO	1	0	9000	57738	158709	228	-5	0.08	0.08	0	
22/08/2011 10:56:53	TASTEGGIO	1	0	9000	57738	114321	228	-5	0.08	0.11	24500	
22/08/2011 10:57:17	TASTEGGIO	1	0	9000	57738	89857	225	-2	0.10	0.10	0	
22/08/2011 10:57:37	TASTEGGIO	0	1	9000	57738	89856	234	-2	0.08	0.08	0	
22/08/2011 10:57:47	TASTEGGIO	0	1	9000	57738	114265	234	-2	0.06	0.08	24500	
22/08/2011 10:59:35	TASTEGGIO	0	1	9000	57738	114458	234	-2	0.30	0.34	44500	
22/08/2011 10:59:59	TASTEGGIO	1	0	9000	57738	69982	255	-3	0.30	0.30	0	
22/08/2011 11:00:18	TASTEGGIO	0	1	9000	57738	69980	281	-4	0.26	0.26	0	
22/08/2011 11:00:40	TASTEGGIO	0	2	9000	57738	69979	326	-11	0.17	0.17	0	
22/08/2011 11:01:01	TASTEGGIO	0	3	9000	57738	69978	345	-14	0.07	0.07	0	
22/08/2011 11:01:11	TASTEGGIO	0	3	9000	57738	114383	345	-14	0.09	0.22	-44500	
22/08/2011 11:01:36	TASTEGGIO	1	0	9000	57738	158838	240	-9	0.13	0.13	0	
22/08/2011 11:01:47	TASTEGGIO	1	0	9000	57738	114438	240	-9	0.02	0.13	-44500	
22/08/2011 11:02:11	TASTEGGIO	1	0	9000	57738	158899	228	-1	0.12	0.12	0	
22/08/2011 11:02:31	TASTEGGIO	0	1	9000	57738	158904	239	-2	0.11	0.11	0	
22/08/2011 11:02:52	TASTEGGIO	0	2	9000	57738	158908	259	-4	0.06	0.06	0	
22/08/2011 11:03:03	TASTEGGIO	0	2	9000	57738	114435	259	-4	0.03	0.07	-44500	
22/08/2011 11:04:50	TASTEGGIO	0	2	9000	57738	114458	259	-4	0.37	0.61	44500	
22/08/2011 11:05:14	TASTEGGIO	1	0	9000	57738	69992	290	-6	0.55	0.55	0	
22/08/2011 11:05:35	TASTEGGIO	0	1	9000	57738	69988	339	-11	0.45	0.45	0	
22/08/2011 11:05:56	TASTEGGIO	0	2	9000	57738	69987	400	-25	0.19	0.19	0	
22/08/2011 11:06:17	TASTEGGIO	0	0	9000	57738	69985	236	0	0.19	0.19	0	
22/08/2011 11:06:38	TASTEGGIO	0	1	9000	57738	69983	255	0	0.19	0.19	0	
22/08/2011 11:06:58	TASTEGGIO	0	2	9000	57738	69980	293	0	0.19	0.19	0	
22/08/2011 11:07:20	TASTEGGIO	0	3	9000	57738	69982	350	-3	0.17	0.17	0	
22/08/2011 11:07:42	TASTEGGIO	0	4	9000	57738	69982	400	-14	0.04	0.04	0	
22/08/2011 11:07:53	TASTEGGIO	0	4	9000	57738	114364	400	-14	0.05	0.07	-44500	
22/08/2011 11:09:40	TASTEGGIO	0	4	9000	57738	114457	400	-14	0.63	0.64	-24500	
22/08/2011 11:10:05	TASTEGGIO	1	0	9000	57738	138936	294	-17	0.49	0.49	0	
22/08/2011 11:10:26	TASTEGGIO	0	1	9000	57738	138936	331	-18	0.32	0.32	0	
22/08/2011 11:10:48	TASTEGGIO	0	2	9000	57738	138937	360	-21	0.14	0.14	0	
22/08/2011 11:10:58	TASTEGGIO	0	2	9000	57738	114446	360	-21	0.18	0.35	44500	
22/08/2011 11:11:21	TASTEGGIO	1	0	9000	57738	69986	256	-5	0.30	0.30	0	
22/08/2011 11:11:41	TASTEGGIO	0	1	9000	57738	69982	281	-5	0.27	0.27	0	
22/08/2011 11:12:03	TASTEGGIO	0	2	9000	57738	69979	329	-12	0.15	0.15	0	
22/08/2011 11:12:24	TASTEGGIO	0	3	9000	57738	69976	343	-10	0.06	0.06	0	
22/08/2011 11:12:35	TASTEGGIO	0	3	9000	57738	114376	343	-10	0.12	0.27	-44500	
22/08/2011 11:12:59	TASTEGGIO	1	0	9000	57738	158818	246	-13	0.24	0.24	0	
22/08/2011 11:13:20	TASTEGGIO	0	1	9000	57738	158827	267	-12	0.13	0.13	0	
22/08/2011 11:13:31	TASTEGGIO	0	1	9000	57738	114439	267	-12	0.11	0.15	44500	
22/08/2011 11:13:56	TASTEGGIO	1	0	9000	57738	69974	231	-1	0.13	0.13	0	
22/08/2011 11:14:06	TASTEGGIO	1	0	9000	57738	114374	231	-1	0.12	0.15	-24500	
22/08/2011 11:14:31	TASTEGGIO	1	0	9000	57738	138860	231	-3	0.12	0.12	0	
22/08/2011 11:14:41	TASTEGGIO	1	0	9000	57738	114450	231	-3	0.10	0.15	44500	
22/08/2011 11:15:05	TASTEGGIO	1	0	9000	57738	69986	231	0	0.13	0.13	0	
22/08/2011 11:15:15	TASTEGGIO	1	0	9000	57738	114383	231	0	0.10	0.14	44500	
22/08/2011 11:15:40	TASTEGGIO	1	0	9000	57738	69917	229	0	0.13	0.13	0	
22/08/2011 11:15:59	TASTEGGIO	0	1	9000	57738	69915	241	0	0.13	0.13	0	
22/08/2011 11:16:20	TASTEGGIO	0	2	9000	57738	69913	267	0	0.12	0.12	0	
22/08/2011 11:16:40	TASTEGGIO	0	3	9000	57738	69910	300	0	0.12	0.12	0	
22/08/2011 11:17:03	TASTEGGIO	0	4	9000	57738	69909	348	-6	0.07	0.07	0	
22/08/2011 11:17:13	TASTEGGIO	0	4	9000	57738	114382	348	-6	0.11	0.15	-44500	
22/08/2011 11:17:38	TASTEGGIO	1	0	9000	57738	158837	231	-1	0.15	0.15	0	
22/08/2011 11:18:00	TASTEGGIO	0	1	9000	57738	158846	246	0	0.14	0.14	0	
22/08/2011 11:18:10	TASTEGGIO	0	1	9000	57738	114439	246	0	0.11	0.14	-24500	
22/08/2011 11:18:34	TASTEGGIO	1	0	9000	57738	138928	229	-2	0.12	0.12	0	
22/08/2011 11:18:54	TASTEGGIO	0	1	9000	57738	138929	239	-3	0.12	0.12	0	
22/08/2011 11:19:16	TASTEGGIO	0	2	9000	57738	138931	263	-3	0.07	0.07	0	
22/08/2011 11:19:26	TASTEGGIO	0	2	9000	57738	114453	263	-3	0.06	0.10	-44500	
22/08/2011 11:19:51	TASTEGGIO	1	0	9000	57738	158908	224	0	0.10	0.10	0	
22/08/2011 11:20:12	TASTEGGIO	0	1	9000	57738	158914	234	0	0.10	0.10	0	
22/08/2011 11:20:32	TASTEGGIO	0	2	9000	57738	158918	254	-4	0.05	0.05	0	
22/08/2011 11:20:42	TASTEGGIO	0	2	9000	57738	114444	254	-4	0.10	0.13	24500	
22/08/2011 11:21:07	TASTEGGIO	1	0	9000	57738	89984	228	-3	0.10	0.10	0	
22/08/2011 11:21:27	TASTEGGIO	0	1	9000	57738	89981	235	-2	0.07	0.07	0	
22/08/2011 11:21:36	TASTEGGIO	0	1	9000	57738	114383	235	-2	0.07	0.09	44500	
22/08/2011 11:23:23	TASTEGGIO	0	1	9000	57739	114462	235	-2	0.18	0.19	24500	
22/08/2011 11:23:46	TASTEGGIO	1	0	9000	57739	89999	236	-3	0.16	0.16	0	
22/08/2011 11:24:06	TASTEGGIO	0	1	9000	57738	89998	249	-3	0.13	0.13	0	
22/08/2011 11:24:16	TASTEGGIO	0	1	9000	57739	114382	249	-3	0.13	0.15	-24500	
22/08/2011 11:24:40	TASTEGGIO	1	0	9000	57739	138867	231	-8	0.09	0.09	0	
22/08/2011 11:24:50	TASTEGGIO	1	0	9000	57739	114447	231	-8	0.08	0.10	24500	
22/08/2011 11:25:14	TASTEGGIO	1	0	9000	57739	89979	224	0	0.09	0.09	0	
22/08/2011 11:25:24	TASTEGGIO	1	0	9000	57738	114373	224	0	0.07	0.10	-24500	
22/08/2011 11:25:48	TASTEGGIO	1	0	9000	57738	138859	224	-2	0.09	0.09	0	
22/08/2011 11:25:59	TASTEGGIO	1	0	9000	57738	114444	224	-2	0.07	0.09	-24500	
22/08/2011 11:26:53	ALARM 17	proc 12 prog 10 step 47	LavoroTerminato
22/08/2011 11:34:56	TASTEGGIO	1	0	9000	57739	114352	224	-2	0.07	0.26	-44500	
22/08/2011 11:35:21	TASTEGGIO	1	0	9000	57739	158812	245	0	0.24	0.24	0	
22/08/2011 11:35:40	TASTEGGIO	0	1	9000	57739	158815	267	0	0.23	0.23	0	
22/08/2011 11:36:01	TASTEGGIO	0	2	9000	57739	158818	311	-3	0.20	0.20	0	
22/08/2011 11:36:23	TASTEGGIO	0	3	9000	57739	158819	363	-1	0.20	0.20	0	
22/08/2011 11:36:45	TASTEGGIO	0	4	9000	57739	158821	400	-9	0.12	0.12	0	
22/08/2011 11:36:56	TASTEGGIO	0	4	9000	57739	114347	400	-9	0.16	0.19	24500	
22/08/2011 11:37:20	TASTEGGIO	1	0	9000	57739	89883	236	-1	0.19	0.19	0	
22/08/2011 11:37:40	TASTEGGIO	0	1	9000	57739	89881	255	-1	0.19	0.19	0	
22/08/2011 11:38:00	TASTEGGIO	0	2	9000	57739	89878	293	-2	0.17	0.17	0	
22/08/2011 11:38:23	TASTEGGIO	0	3	9000	57739	89878	338	-16	0.06	0.06	0	
22/08/2011 11:38:33	TASTEGGIO	0	3	9000	57739	114282	338	-16	0.25	0.28	-24500	
22/08/2011 11:38:58	TASTEGGIO	1	0	9000	57739	138769	247	-3	0.25	0.25	0	
22/08/2011 11:39:19	TASTEGGIO	0	1	9000	57739	138770	269	-1	0.25	0.25	0	
22/08/2011 11:39:41	TASTEGGIO	0	2	9000	57739	138772	319	-2	0.23	0.23	0	
22/08/2011 11:40:04	TASTEGGIO	0	3	9000	57739	138774	382	-20	0.11	0.11	0	
22/08/2011 11:40:14	TASTEGGIO	0	3	9000	57739	114353	382	-20	0.13	0.19	44500	
22/08/2011 11:40:39	TASTEGGIO	1	0	9000	57739	69887	236	0	0.18	0.18	0	
22/08/2011 11:40:59	TASTEGGIO	0	1	9000	57739	69881	253	-2	0.16	0.16	0	
22/08/2011 11:41:20	TASTEGGIO	0	2	9000	57739	69877	281	-5	0.11	0.11	0	
22/08/2011 11:41:31	TASTEGGIO	0	2	9000	57739	114278	281	-5	0.17	0.17	0	
22/08/2011 11:41:54	TASTEGGIO	1	0	9000	57739	114277	233	-2	0.16	0.16	0	
22/08/2011 11:42:15	TASTEGGIO	0	1	9000	57739	114278	248	-1	0.16	0.16	0	
22/08/2011 11:42:37	TASTEGGIO	0	2	9000	57739	114280	280	-1	0.16	0.16	0	
22/08/2011 11:42:58	TASTEGGIO	0	3	9000	57739	114280	328	-7	0.11	0.11	0	
22/08/2011 11:43:06	TASTEGGIO	0	3	9000	57739	114287	328	-7	0.12	0.21	-44500	
22/08/2011 11:43:31	TASTEGGIO	1	0	9000	57739	158729	238	-1	0.19	0.19	0	
22/08/2011 11:43:50	TASTEGGIO	0	1	9000	57739	158735	255	0	0.18	0.18	0	
22/08/2011 11:44:10	TASTEGGIO	0	2	9000	57739	158740	289	-1	0.17	0.17	0	
22/08/2011 11:44:32	TASTEGGIO	0	3	9000	57739	158744	337	-3	0.16	0.16	0	
22/08/2011 11:44:55	TASTEGGIO	0	4	9000	57739	158747	397	-11	0.05	0.05	0	
22/08/2011 11:45:05	TASTEGGIO	0	4	9000	57739	114359	397	-11	0.21	0.21	0	
22/08/2011 11:45:29	TASTEGGIO	1	0	9000	57739	114372	238	-1	0.19	0.19	0	
22/08/2011 11:45:49	TASTEGGIO	0	1	9000	57739	114372	255	-1	0.19	0.19	0	
22/08/2011 11:46:12	TASTEGGIO	0	2	9000	57739	114372	293	0	0.18	0.18	0	
22/08/2011 11:46:16	ALARM 401		
22/08/2011 11:46:19	ALARM 401		
22/08/2011 11:46:20	ALARM 401		
22/08/2011 11:46:20	ALARM 401		
22/08/2011 11:46:24	ALARM 401		
22/08/2011 11:46:56	ALARM 28	proc 12 prog 72 step 15	Pressa appoggiata sul tondo
22/08/2011 11:47:25	TASTEGGIO	0	2	9000	57739	114354	293	0	0.18	0.18	0	
22/08/2011 11:49:35	TASTEGGIO	0	2	9000	57739	114353	293	0	0.19	0.19	0	
22/08/2011 11:52:01	TASTEGGIO	0	2	9000	57738	114359	293	0	1.91	2.05	-44500	
22/08/2011 11:52:26	TASTEGGIO	1	0	9000	57738	158838	400	-1	2.04	2.04	0	
22/08/2011 11:52:47	TASTEGGIO	0	1	9000	57738	158847	400	-1	2.03	2.03	0	
22/08/2011 11:53:08	TASTEGGIO	0	2	9000	57738	158855	400	0	2.03	2.03	0	
22/08/2011 11:53:29	TASTEGGIO	0	3	9000	57738	158859	400	0	2.03	2.03	0	
22/08/2011 11:53:51	TASTEGGIO	0	4	9000	57738	158863	400	0	2.03	2.03	0	
22/08/2011 11:54:11	TASTEGGIO	0	5	9000	57738	158868	400	0	2.03	2.03	0	
22/08/2011 11:54:33	TASTEGGIO	0	6	9000	57738	158868	400	-1	2.02	2.02	0	
22/08/2011 11:54:52	TASTEGGIO	0	7	9000	57738	158868	400	0	2.02	2.02	0	
22/08/2011 11:55:13	TASTEGGIO	0	8	9000	57738	158868	400	0	1.98	1.98	0	
22/08/2011 11:55:34	TASTEGGIO	0	9	9000	57738	158868	400	0	2.02	2.02	0	
22/08/2011 11:55:56	TASTEGGIO	0	10	9000	57738	158868	400	0	2.02	2.02	0	
22/08/2011 11:56:16	TASTEGGIO	0	11	9000	57738	158868	400	0	2.05	2.05	0	
22/08/2011 11:56:33	ALARM 401		
22/08/2011 11:56:35	ALARM 401		
22/08/2011 11:56:37	ALARM 401		
22/08/2011 11:56:37	ALARM 401		
22/08/2011 11:56:38	ALARM 401		
22/08/2011 11:56:39	ALARM 401		
22/08/2011 11:56:42	ALARM 401		
22/08/2011 11:56:59	TASTEGGIO	0	12	9000	57738	158868	400	0	0.01	0.01	0	
22/08/2011 11:57:31	TASTEGGIO	0	12	9000	57738	114358	400	0	1.87	2.03	-44500	
22/08/2011 11:57:57	TASTEGGIO	1	0	9000	57738	158829	400	0	2.02	2.02	0	
22/08/2011 11:58:17	TASTEGGIO	0	1	9000	57738	158840	400	0	2.02	2.02	0	
22/08/2011 11:58:39	TASTEGGIO	0	2	9000	57738	158849	400	-1	2.02	2.02	0	
22/08/2011 11:58:59	TASTEGGIO	0	3	9000	57738	158854	400	0	2.02	2.02	0	
22/08/2011 11:59:21	TASTEGGIO	0	4	9000	57738	158859	400	-1	2.02	2.02	0	
22/08/2011 11:59:41	TASTEGGIO	0	5	9000	57738	158864	400	-1	2.02	2.02	0	
22/08/2011 12:00:03	TASTEGGIO	0	6	9000	57738	158864	400	0	2.01	2.01	0	
22/08/2011 12:00:23	TASTEGGIO	0	7	9000	57738	158864	400	0	2.01	2.01	0	
22/08/2011 12:00:45	TASTEGGIO	0	8	9000	57738	158864	400	0	2.02	2.02	0	
22/08/2011 12:01:05	TASTEGGIO	0	9	9000	57738	158864	400	0	2.02	2.02	0	
22/08/2011 12:01:26	ALARM 401		
22/08/2011 12:01:28	ALARM 205		err.6058
22/08/2011 12:01:45	ALARM 401		
22/08/2011 12:01:47	ALARM 401		
22/08/2011 12:01:47	ALARM 401		
22/08/2011 12:01:51	ALARM 401		
22/08/2011 12:01:51	ALARM 401		
22/08/2011 12:02:19	TASTEGGIO	0	10	9000	57738	114381	400	0	0.01	0.01	0	
22/08/2011 12:02:43	TASTEGGIO	0	10	9000	57738	114381	400	0	1.87	1.87	0	
22/08/2011 12:03:18	TASTEGGIO	1	0	9000	57738	114381	452	-27	1.65	1.65	0	
22/08/2011 12:03:43	TASTEGGIO	0	1	9000	57738	114381	597	-104	0.65	0.65	0	
22/08/2011 12:04:03	TASTEGGIO	0	0	9000	57738	114381	295	0	0.65	0.65	0	
22/08/2011 12:04:26	TASTEGGIO	0	1	9000	57738	114381	360	-1	0.63	0.63	0	
22/08/2011 12:04:48	TASTEGGIO	0	2	9000	57738	114381	482	-26	0.38	0.38	0	
22/08/2011 12:05:13	TASTEGGIO	0	3	9000	57738	114381	521	-32	0.07	0.07	0	
22/08/2011 12:05:18	TASTEGGIO	0	3	9000	57738	114381	521	-32	0.08	0.08	0	
22/08/2011 12:05:39	TASTEGGIO	0	3	9000	57738	114351	521	-32	0.08	0.92	-44500	
22/08/2011 12:06:04	TASTEGGIO	1	0	9000	57738	158804	330	-38	1.02	1.02	0	
22/08/2011 12:06:25	TASTEGGIO	0	1	9000	57738	158810	400	-36	0.65	0.65	0	
22/08/2011 12:06:46	TASTEGGIO	0	2	9000	57738	158814	400	-16	0.49	0.49	0	
22/08/2011 12:07:09	TASTEGGIO	0	3	9000	57738	158817	400	-8	0.41	0.41	0	
22/08/2011 12:07:30	TASTEGGIO	0	4	9000	57738	158819	400	-5	0.36	0.36	0	
22/08/2011 12:07:51	TASTEGGIO	0	5	9000	57738	158831	400	-5	0.30	0.30	0	
22/08/2011 12:08:14	TASTEGGIO	0	6	9000	57738	158831	400	-3	0.28	0.28	0	
22/08/2011 12:08:35	TASTEGGIO	0	7	9000	57738	158831	400	-3	0.27	0.27	0	
22/08/2011 12:08:58	TASTEGGIO	0	8	9000	57738	158831	400	-2	0.25	0.25	0	
22/08/2011 12:09:21	TASTEGGIO	0	9	9000	57738	158831	400	-2	0.23	0.23	0	
22/08/2011 12:09:42	TASTEGGIO	0	10	9000	57738	158831	400	-5	0.19	0.19	0	
22/08/2011 12:10:05	TASTEGGIO	0	11	9000	57738	158831	400	-10	0.13	0.13	0	
22/08/2011 12:10:16	TASTEGGIO	0	11	9000	57738	114377	400	-10	0.54	0.57	24500	
22/08/2011 12:10:41	TASTEGGIO	1	0	9000	57738	89913	285	-13	0.47	0.47	0	
22/08/2011 12:11:01	TASTEGGIO	0	1	9000	57738	89910	323	-16	0.30	0.30	0	
22/08/2011 12:11:22	TASTEGGIO	0	2	9000	57738	89911	350	-19	0.13	0.13	0	
22/08/2011 12:11:33	TASTEGGIO	0	2	9000	57738	114284	350	-19	0.22	0.37	-44500	
22/08/2011 12:11:58	TASTEGGIO	1	0	9000	57738	158733	259	-1	0.36	0.36	0	
22/08/2011 12:12:18	TASTEGGIO	0	1	9000	57738	158739	294	-1	0.36	0.36	0	
22/08/2011 12:12:39	TASTEGGIO	0	2	9000	57738	158744	366	0	0.35	0.35	0	
22/08/2011 12:13:01	TASTEGGIO	0	3	9000	57738	158748	400	-1	0.35	0.35	0	
22/08/2011 12:13:23	TASTEGGIO	0	4	9000	57738	158750	400	-1	0.34	0.34	0	
22/08/2011 12:13:25	ALARM 401		
22/08/2011 12:13:28	ALARM 205		err.6058
22/08/2011 12:13:49	TASTEGGIO	0	4	9000	57738	158751	400	-1	0.35	0.35	0	
22/08/2011 12:14:10	TASTEGGIO	1	0	9000	57738	158751	256	0	0.35	0.35	0	
22/08/2011 12:14:32	TASTEGGIO	0	1	9000	57738	158751	291	0	0.35	0.35	0	
22/08/2011 12:14:54	TASTEGGIO	0	2	9000	57738	158751	361	0	0.34	0.34	0	
22/08/2011 12:15:17	TASTEGGIO	0	3	9000	57738	158750	460	-19	0.16	0.16	0	
22/08/2011 12:15:37	TASTEGGIO	0	0	9000	57738	158751	232	0	0.16	0.16	0	
22/08/2011 12:15:57	TASTEGGIO	0	1	9000	57738	158751	248	0	0.17	0.17	0	
22/08/2011 12:16:01	ALARM 401		
22/08/2011 12:16:03	ALARM 401		
22/08/2011 12:16:04	ALARM 401		
22/08/2011 12:16:39	TASTEGGIO	0	2	9000	57738	114364	284	0	0.29	0.29	0	
22/08/2011 12:17:11	ALARM 401		
22/08/2011 12:17:17	ALARM 201		err.6059
22/08/2011 12:50:57	TASTEGGIO	0	2	9000	57738	114364	284	0	0.28	0.28	0	
22/08/2011 12:51:20	TASTEGGIO	1	0	9000	57738	114380	247	-24	0.06	0.06	0	
22/08/2011 12:51:28	TASTEGGIO	1	0	9000	57738	114365	247	-24	0.06	0.31	-44500	
22/08/2011 12:51:53	TASTEGGIO	1	0	9000	57738	158799	251	-1	0.30	0.30	0	
22/08/2011 12:52:12	TASTEGGIO	0	1	9000	57738	158806	280	0	0.30	0.30	0	
22/08/2011 12:52:32	TASTEGGIO	0	2	9000	57738	158812	340	-1	0.29	0.29	0	
22/08/2011 12:52:54	TASTEGGIO	0	3	9000	57738	158817	400	-9	0.21	0.21	0	
22/08/2011 12:53:14	TASTEGGIO	0	4	9000	57738	158822	400	-1	0.21	0.21	0	
22/08/2011 12:53:36	TASTEGGIO	0	5	9000	57738	158825	400	-2	0.19	0.19	0	
22/08/2011 12:53:56	TASTEGGIO	0	6	9000	57738	158825	400	0	0.19	0.19	0	
22/08/2011 12:53:58	ALARM 401		
22/08/2011 12:54:14	TASTEGGIO	0	6	9000	57738	114358	400	0	0.16	0.20	44500	
22/08/2011 12:55:42	ALARM 401		
22/08/2011 12:55:46	ALARM 201		err.6059
22/08/2011 13:57:26	TASTEGGIO	0	6	7000	49898	134393	400	0	0.07	0.28	82800	
22/08/2011 13:57:51	TASTEGGIO	1	0	7000	49898	51648	247	-3	0.27	0.27	0	
22/08/2011 13:58:11	TASTEGGIO	0	1	7000	49898	51644	273	-1	0.26	0.26	0	
22/08/2011 13:58:31	TASTEGGIO	0	2	7000	49898	51639	323	-4	0.21	0.21	0	
22/08/2011 13:58:53	TASTEGGIO	0	3	7000	49898	51634	373	-10	0.13	0.13	0	
22/08/2011 13:59:04	TASTEGGIO	0	3	7000	49898	134386	373	-10	0.07	0.14	82800	
22/08/2011 13:59:29	TASTEGGIO	1	0	7000	49898	51600	229	0	0.13	0.13	0	
22/08/2011 13:59:48	TASTEGGIO	0	1	7000	49898	51601	241	0	0.13	0.13	0	
22/08/2011 14:00:07	TASTEGGIO	0	2	7000	49898	51604	267	0	0.13	0.13	0	
22/08/2011 14:00:27	TASTEGGIO	0	3	7000	49898	51606	306	-1	0.13	0.13	0	
22/08/2011 14:00:49	TASTEGGIO	0	4	7000	49898	51608	358	-2	0.11	0.11	0	
22/08/2011 14:01:09	TASTEGGIO	0	5	7000	49898	51609	400	-10	0.02	0.02	0	
22/08/2011 14:01:21	TASTEGGIO	0	5	7000	49898	134384	400	-10	0.14	0.14	0	
22/08/2011 14:01:46	TASTEGGIO	1	0	7000	49898	134383	229	-13	0.05	0.05	0	
22/08/2011 14:01:53	TASTEGGIO	1	0	7000	49898	134385	229	-13	0.05	0.08	82800	
22/08/2011 14:02:18	TASTEGGIO	1	0	7000	49898	51600	222	0	0.06	0.06	0	
22/08/2011 14:02:38	TASTEGGIO	0	1	7000	49898	51602	226	0	0.07	0.07	0	
22/08/2011 14:02:56	TASTEGGIO	0	2	7000	49898	51603	242	0	0.06	0.06	0	
22/08/2011 14:03:15	TASTEGGIO	0	3	7000	49898	51604	257	0	0.06	0.06	0	
22/08/2011 14:03:27	TASTEGGIO	0	3	7000	49898	134377	257	0	0.05	0.08	82800	
22/08/2011 14:03:51	TASTEGGIO	1	0	7000	49898	51593	222	-1	0.07	0.07	0	
22/08/2011 14:04:11	TASTEGGIO	0	1	7000	49898	51595	228	0	0.07	0.07	0	
22/08/2011 14:04:31	TASTEGGIO	0	2	7000	49898	51596	242	0	0.07	0.07	0	
22/08/2011 14:04:51	TASTEGGIO	0	3	7000	49898	51597	263	-1	0.07	0.07	0	
22/08/2011 14:05:11	TASTEGGIO	0	4	7000	49898	51598	291	-1	0.06	0.06	0	
22/08/2011 14:05:22	TASTEGGIO	0	4	7000	49898	134370	291	-1	0.07	0.08	82800	
22/08/2011 14:05:46	TASTEGGIO	1	0	7000	49898	51585	222	-1	0.06	0.06	0	
22/08/2011 14:05:58	TASTEGGIO	1	0	7000	49898	134375	222	-1	0.05	0.09	82800	
22/08/2011 14:06:21	TASTEGGIO	1	0	7000	49898	51590	223	0	0.07	0.07	0	
22/08/2011 14:06:32	TASTEGGIO	1	0	7000	49898	134377	223	0	0.05	0.08	82800	
22/08/2011 14:08:22	TASTEGGIO	1	0	7000	49898	134448	223	0	0.09	0.10	82800	
22/08/2011 14:08:47	TASTEGGIO	1	0	7000	49898	51674	224	-3	0.09	0.09	0	
22/08/2011 14:09:06	TASTEGGIO	0	1	7000	49898	51675	232	-1	0.09	0.09	0	
22/08/2011 14:09:26	TASTEGGIO	0	2	7000	49898	51676	250	-1	0.08	0.08	0	
22/08/2011 14:09:46	TASTEGGIO	0	3	7000	49898	51675	271	-1	0.11	0.11	0	
22/08/2011 14:10:06	TASTEGGIO	0	4	7000	49898	51675	331	-6	0.01	0.01	0	
22/08/2011 14:10:18	TASTEGGIO	0	4	7000	49898	134369	331	-6	0.08	0.08	44500	
22/08/2011 14:10:44	TASTEGGIO	1	0	7000	49898	89912	222	-7	0.02	0.02	0	
22/08/2011 14:10:54	TASTEGGIO	1	0	7000	49898	134358	222	-7	0.04	0.04	0	
22/08/2011 14:12:44	TASTEGGIO	1	0	7000	49898	134451	222	-7	0.08	0.08	0	
22/08/2011 14:13:09	TASTEGGIO	1	0	7000	49898	134465	222	-13	0.05	0.05	0	
22/08/2011 14:13:17	TASTEGGIO	1	0	7000	49898	134452	222	-13	0.04	0.04	0	
22/08/2011 14:15:06	TASTEGGIO	1	0	7000	49897	134550	222	-13	0.07	0.08	82800	
22/08/2011 14:15:30	TASTEGGIO	1	0	7000	49897	51772	222	-2	0.06	0.06	0	
22/08/2011 14:15:42	TASTEGGIO	1	0	7000	49897	134482	222	-2	0.07	0.07	0	
22/08/2011 14:16:07	TASTEGGIO	1	0	7000	49897	134480	220	-13	0.05	0.05	0	
22/08/2011 14:16:15	TASTEGGIO	1	0	7000	49897	134482	220	-13	0.06	0.11	82800	
22/08/2011 14:16:39	TASTEGGIO	1	0	7000	49897	51699	225	-1	0.10	0.10	0	
22/08/2011 14:16:58	TASTEGGIO	0	1	7000	49897	51701	234	-1	0.10	0.10	0	
22/08/2011 14:17:18	TASTEGGIO	0	2	7000	49897	51703	254	0	0.09	0.09	0	
22/08/2011 14:17:38	TASTEGGIO	0	3	7000	49897	51705	278	-2	0.07	0.07	0	
22/08/2011 14:17:59	TASTEGGIO	0	4	7000	49897	51706	288	-1	0.06	0.06	0	
22/08/2011 14:18:10	TASTEGGIO	0	4	7000	49897	134478	288	-1	0.02	0.06	82800	
22/08/2011 14:20:00	TASTEGGIO	0	4	7000	49898	134449	288	-1	0.08	0.09	82800	
22/08/2011 14:20:25	TASTEGGIO	1	0	7000	49898	51667	223	-3	0.08	0.08	0	
22/08/2011 14:20:43	TASTEGGIO	0	1	7000	49898	51670	230	-1	0.08	0.08	0	
22/08/2011 14:21:04	TASTEGGIO	0	2	7000	49898	51672	246	-1	0.07	0.07	0	
22/08/2011 14:21:24	TASTEGGIO	0	3	7000	49898	51673	264	-2	0.06	0.06	0	
22/08/2011 14:21:36	TASTEGGIO	0	3	7000	49898	134382	264	-2	0.08	0.08	0	
22/08/2011 14:22:00	TASTEGGIO	1	0	7000	49898	134380	222	-11	0.02	0.02	0	
22/08/2011 14:22:07	TASTEGGIO	1	0	7000	49898	134382	222	-11	0.01	0.08	82800	
22/08/2011 14:22:32	TASTEGGIO	1	0	7000	49898	51596	222	-1	0.08	0.08	0	
22/08/2011 14:22:51	TASTEGGIO	0	1	7000	49898	51596	230	0	0.08	0.08	0	
22/08/2011 14:23:11	TASTEGGIO	0	2	7000	49898	51596	246	-1	0.08	0.08	0	
22/08/2011 14:23:30	TASTEGGIO	0	3	7000	49898	51597	270	0	0.08	0.08	0	
22/08/2011 14:23:50	TASTEGGIO	0	4	7000	49898	51598	302	-3	0.05	0.05	0	
22/08/2011 14:24:01	TASTEGGIO	0	4	7000	49898	134374	302	-3	0.02	0.05	-82000	
22/08/2011 14:25:51	TASTEGGIO	0	4	7000	49898	134452	302	-3	0.04	0.04	0	
22/08/2011 14:27:41	TASTEGGIO	0	4	7000	49898	134451	302	-3	0.40	0.40	0	
22/08/2011 14:28:06	TASTEGGIO	1	0	7000	49898	134470	263	-13	0.29	0.29	0	
22/08/2011 14:28:28	TASTEGGIO	0	1	7000	49898	134468	284	-11	0.18	0.18	0	
22/08/2011 14:28:51	TASTEGGIO	0	2	7000	49898	134466	299	-13	0.11	0.11	0	
22/08/2011 14:28:59	TASTEGGIO	0	2	7000	49898	134451	299	-13	0.11	0.20	44500	
22/08/2011 14:29:25	TASTEGGIO	1	0	7000	49898	90008	237	-5	0.15	0.15	0	
22/08/2011 14:29:46	TASTEGGIO	0	1	7000	49898	90001	248	-3	0.13	0.13	0	
22/08/2011 14:29:57	TASTEGGIO	0	1	7000	49898	134382	248	-3	0.06	0.14	44500	
22/08/2011 14:30:23	TASTEGGIO	1	0	7000	49898	89928	229	0	0.13	0.13	0	
22/08/2011 14:30:45	TASTEGGIO	0	1	7000	49898	89919	241	-1	0.13	0.13	0	
22/08/2011 14:31:07	TASTEGGIO	0	2	7000	49898	89913	267	-4	0.09	0.09	0	
22/08/2011 14:31:30	TASTEGGIO	0	3	7000	49898	89910	277	-5	0.06	0.06	0	
22/08/2011 14:31:41	TASTEGGIO	0	3	7000	49898	134358	277	-5	0.05	0.08	82800	
22/08/2011 14:32:05	TASTEGGIO	1	0	7000	49898	51576	222	-1	0.07	0.07	0	
22/08/2011 14:32:24	TASTEGGIO	0	1	7000	49898	51578	228	0	0.06	0.06	0	
22/08/2011 14:32:35	TASTEGGIO	0	1	7000	49898	134369	228	0	0.04	0.06	82800	
22/08/2011 14:33:32	ALARM 17	proc 12 prog 10 step 47	LavoroTerminato
22/08/2011 15:35:04	ALARM 406		
24/08/2011 11:49:00	ALARM 401		
24/08/2011 11:49:02	INIT OK
24/08/2011 11:51:35	ALARM 401		
24/08/2011 11:51:37	ALARM 401		
24/08/2011 13:14:09	TASTEGGIO	0	0	5000	42057	92162	0	0	0.03	0.03	-44500	
24/08/2011 13:16:01	TASTEGGIO	0	0	5000	42057	92260	0	0	0.06	0.06	0	
24/08/2011 13:16:19	TASTEGGIO	1	0	5000	42057	92278	49	-3	0.06	0.06	0	
24/08/2011 13:16:35	TASTEGGIO	0	1	5000	42057	92280	55	-1	0.05	0.05	0	
24/08/2011 13:16:52	TASTEGGIO	0	2	5000	42057	92280	63	-1	0.05	0.05	0	
24/08/2011 13:17:10	TASTEGGIO	0	3	5000	42057	92280	78	-4	0.00	0.00	0	
24/08/2011 13:17:18	TASTEGGIO	0	3	5000	42057	92265	78	-4	0.01	0.03	-24500	
24/08/2011 13:19:09	TASTEGGIO	0	3	5000	42057	92255	78	-4	0.06	0.07	24500	
24/08/2011 13:19:27	TASTEGGIO	1	0	5000	42057	67822	50	-3	0.05	0.05	0	
24/08/2011 13:19:43	TASTEGGIO	0	1	5000	42057	67815	53	0	0.05	0.05	0	
24/08/2011 13:19:59	TASTEGGIO	0	2	5000	42057	67811	63	-1	0.04	0.04	0	
24/08/2011 13:20:08	TASTEGGIO	0	2	5000	42057	92130	63	-1	0.05	0.06	-44500	
24/08/2011 13:20:29	TASTEGGIO	1	0	5000	42057	136600	49	-9	0.03	0.03	0	
24/08/2011 13:20:38	TASTEGGIO	1	0	5000	42057	92282	49	-9	0.00	0.02	-44500	
24/08/2011 13:22:54	TASTEGGIO	1	0	5000	42057	92266	49	-9	0.09	0.10	24500	
24/08/2011 13:23:13	TASTEGGIO	1	0	5000	42057	67836	52	-3	0.08	0.08	0	
24/08/2011 13:23:29	TASTEGGIO	0	1	5000	42057	67830	58	0	0.08	0.08	0	
24/08/2011 13:23:46	TASTEGGIO	0	2	5000	42057	67825	74	-1	0.08	0.08	0	
24/08/2011 13:24:03	TASTEGGIO	0	3	5000	42057	67823	98	-3	0.04	0.04	0	
24/08/2011 13:24:12	TASTEGGIO	0	3	5000	42057	92134	98	-3	0.05	0.06	-44500	
24/08/2011 13:24:33	TASTEGGIO	1	0	5000	42057	136606	49	-8	0.02	0.02	0	
24/08/2011 13:24:43	TASTEGGIO	1	0	5000	42057	92285	49	-8	0.02	0.03	-44500	
24/08/2011 13:26:35	TASTEGGIO	1	0	5000	42057	92265	49	-8	0.02	0.02	24500	
24/08/2011 13:28:26	TASTEGGIO	1	0	5000	42057	92260	49	-8	0.09	0.09	24500	
24/08/2011 13:28:44	TASTEGGIO	1	0	5000	42057	67834	51	-3	0.09	0.09	0	
24/08/2011 13:28:59	TASTEGGIO	0	1	5000	42057	67826	60	-1	0.08	0.08	0	
24/08/2011 13:29:15	TASTEGGIO	0	2	5000	42057	67821	74	-1	0.07	0.07	0	
24/08/2011 13:29:33	TASTEGGIO	0	3	5000	42057	67818	92	-2	0.06	0.06	0	
24/08/2011 13:29:51	TASTEGGIO	0	4	5000	42057	67817	112	-8	0.02	0.02	0	
24/08/2011 13:30:01	TASTEGGIO	0	4	5000	42057	92134	112	-8	0.01	0.03	-44500	
24/08/2011 13:31:51	TASTEGGIO	0	4	5000	42057	92256	112	-8	0.09	0.09	0	
24/08/2011 13:32:08	TASTEGGIO	1	0	5000	42057	92266	51	-3	0.09	0.09	0	
24/08/2011 13:32:25	TASTEGGIO	0	1	5000	42057	92269	60	-1	0.08	0.08	0	
24/08/2011 13:32:43	TASTEGGIO	0	2	5000	42057	92269	74	-3	0.06	0.06	0	
24/08/2011 13:33:02	TASTEGGIO	0	3	5000	42057	92271	81	-4	0.02	0.02	0	
24/08/2011 13:33:09	TASTEGGIO	0	3	5000	42057	92261	81	-4	0.02	0.05	-24500	
24/08/2011 13:33:29	TASTEGGIO	1	0	5000	42057	116723	48	-1	0.04	0.04	0	
24/08/2011 13:33:38	TASTEGGIO	1	0	5000	42057	92274	48	-1	0.02	0.04	-44500	
24/08/2011 13:35:29	TASTEGGIO	1	0	5000	42057	92260	48	-1	0.08	0.08	0	
24/08/2011 13:35:47	TASTEGGIO	1	0	5000	42057	92266	50	-3	0.07	0.07	0	
24/08/2011 13:36:03	TASTEGGIO	0	1	5000	42057	92269	56	-1	0.06	0.06	0	
24/08/2011 13:36:21	TASTEGGIO	0	2	5000	42057	92270	66	-2	0.04	0.04	0	
24/08/2011 13:36:29	TASTEGGIO	0	2	5000	42057	92262	66	-2	0.04	0.05	-44500	
24/08/2011 13:36:49	TASTEGGIO	1	0	5000	42057	136727	48	-10	0.05	0.05	0	
24/08/2011 13:37:05	TASTEGGIO	0	1	5000	42057	136730	43	-9	0.05	0.05	0	
24/08/2011 13:37:21	TASTEGGIO	0	1	5000	42057	136732	38	-7	0.03	0.03	0	
24/08/2011 13:37:31	TASTEGGIO	0	1	5000	42057	92281	38	-7	0.03	0.03	0	
24/08/2011 13:39:23	TASTEGGIO	0	1	5000	42057	92267	38	-7	0.04	0.04	-44500	
24/08/2011 13:41:35	TASTEGGIO	0	1	5000	42057	92261	38	-7	0.07	0.09	24500	
24/08/2011 13:41:53	TASTEGGIO	1	0	5000	42057	67828	51	-2	0.07	0.07	0	
24/08/2011 13:42:08	TASTEGGIO	0	1	5000	42057	67821	56	-1	0.07	0.07	0	
24/08/2011 13:42:24	TASTEGGIO	0	2	5000	42057	67817	70	-1	0.07	0.07	0	
24/08/2011 13:42:40	TASTEGGIO	0	3	5000	42057	67814	91	-2	0.04	0.04	0	
24/08/2011 13:42:49	TASTEGGIO	0	3	5000	42057	92137	91	-2	0.05	0.07	-44500	
24/08/2011 13:43:09	TASTEGGIO	1	0	5000	42057	136609	50	-9	0.03	0.03	0	
24/08/2011 13:43:19	TASTEGGIO	1	0	5000	42057	92276	50	-9	0.01	0.03	44500	
24/08/2011 13:45:32	TASTEGGIO	1	0	5000	42057	92258	50	-9	0.14	0.14	24500	
24/08/2011 13:45:50	TASTEGGIO	1	0	5000	42057	67825	55	-3	0.13	0.13	0	
24/08/2011 13:46:07	TASTEGGIO	0	1	5000	42057	67819	67	0	0.13	0.13	0	
24/08/2011 13:46:24	TASTEGGIO	0	2	5000	42057	67815	93	-2	0.10	0.10	0	
24/08/2011 13:46:43	TASTEGGIO	0	3	5000	42057	67813	106	-5	0.07	0.07	0	
24/08/2011 13:47:01	TASTEGGIO	0	4	5000	42057	67811	115	-6	0.01	0.01	0	
24/08/2011 13:47:10	TASTEGGIO	0	4	5000	42057	92134	115	-6	0.04	0.06	-44500	
24/08/2011 13:47:30	TASTEGGIO	1	0	5000	42057	136596	49	-11	0.05	0.05	0	
24/08/2011 13:47:46	TASTEGGIO	0	1	5000	42057	136599	44	-10	0.05	0.05	0	
24/08/2011 13:48:03	TASTEGGIO	0	1	5000	42057	136602	39	-6	0.03	0.03	0	
24/08/2011 13:48:13	TASTEGGIO	0	1	5000	42057	92276	39	-6	0.01	0.02	-44500	
24/08/2011 13:50:05	TASTEGGIO	0	1	5000	42056	92259	39	-6	0.07	0.07	0	
24/08/2011 13:50:23	TASTEGGIO	1	0	5000	42056	92265	50	-3	0.06	0.06	0	
24/08/2011 13:50:39	TASTEGGIO	0	1	5000	42056	92268	55	-1	0.06	0.06	0	
24/08/2011 13:50:58	TASTEGGIO	0	2	5000	42056	92269	67	-2	0.04	0.04	0	
24/08/2011 13:51:05	TASTEGGIO	0	2	5000	42056	92260	67	-2	0.04	0.05	44500	
24/08/2011 13:51:25	TASTEGGIO	1	0	5000	42056	47805	48	-6	0.02	0.02	0	
24/08/2011 13:51:35	TASTEGGIO	1	0	5000	42056	92129	48	-6	0.03	0.03	0	
24/08/2011 13:53:27	TASTEGGIO	1	0	5000	42057	92260	48	-6	0.04	0.05	-44500	
24/08/2011 13:53:46	TASTEGGIO	1	0	5000	42057	136728	48	-11	0.05	0.05	0	
24/08/2011 13:54:02	TASTEGGIO	0	1	5000	42057	136731	43	-10	0.04	0.04	0	
24/08/2011 13:54:12	TASTEGGIO	0	1	5000	42057	92278	43	-10	0.03	0.05	-44500	
24/08/2011 13:54:32	TASTEGGIO	1	0	5000	42057	136748	48	-8	0.04	0.04	0	
24/08/2011 13:54:42	TASTEGGIO	1	0	5000	42057	92277	48	-8	0.05	0.05	0	
24/08/2011 13:55:01	TASTEGGIO	1	0	5000	42057	92285	48	-1	0.03	0.03	0	
24/08/2011 13:55:09	TASTEGGIO	1	0	5000	42057	92277	48	-1	0.03	0.04	-44500	
24/08/2011 13:57:00	TASTEGGIO	1	0	5000	42056	92257	48	-1	0.07	0.07	0	
24/08/2011 13:57:18	TASTEGGIO	1	0	5000	42056	92262	50	-3	0.06	0.06	0	
24/08/2011 13:57:34	TASTEGGIO	0	1	5000	42056	92266	55	-1	0.05	0.05	0	
24/08/2011 13:57:51	TASTEGGIO	0	2	5000	42056	92268	63	-1	0.04	0.04	0	
24/08/2011 13:57:58	TASTEGGIO	0	2	5000	42056	92259	63	-1	0.04	0.04	-44500	
24/08/2011 13:59:50	TASTEGGIO	0	2	5000	42057	92255	63	-1	0.10	0.10	0	
24/08/2011 14:00:09	TASTEGGIO	1	0	5000	42057	92261	52	-3	0.10	0.10	0	
24/08/2011 14:00:26	TASTEGGIO	0	1	5000	42057	92264	62	-1	0.09	0.09	0	
24/08/2011 14:00:44	TASTEGGIO	0	2	5000	42057	92264	78	-4	0.04	0.04	0	
24/08/2011 14:00:52	TASTEGGIO	0	2	5000	42057	92256	78	-4	0.04	0.05	44500	
24/08/2011 14:01:11	TASTEGGIO	1	0	5000	42057	47798	48	-6	0.01	0.01	0	
24/08/2011 14:01:21	TASTEGGIO	1	0	5000	42057	92131	48	-6	0.01	0.03	-44500	
24/08/2011 14:03:19	ALARM 314	proc 2 prog 51 step 61	go_abs inv_ax 7 code -1
24/08/2011 14:05:14	TASTEGGIO	1	0	5000	42057	92259	48	-6	0.05	0.05	0	
24/08/2011 14:05:32	TASTEGGIO	1	0	5000	42057	92277	48	-3	0.04	0.04	0	
24/08/2011 14:05:40	TASTEGGIO	1	0	5000	42057	92262	48	-3	0.04	0.05	-24500	
24/08/2011 14:05:59	TASTEGGIO	1	0	5000	42057	116736	48	-2	0.04	0.04	0	
24/08/2011 14:06:09	TASTEGGIO	1	0	5000	42057	92277	48	-2	0.04	0.04	-24500	
24/08/2011 14:08:09	TASTEGGIO	1	0	5000	42057	92260	48	-2	0.11	0.11	0	
24/08/2011 14:08:27	TASTEGGIO	1	0	5000	42057	92267	52	-3	0.11	0.11	0	
24/08/2011 14:08:45	TASTEGGIO	0	1	5000	42057	92269	63	-2	0.10	0.10	0	
24/08/2011 14:09:03	TASTEGGIO	0	2	5000	42057	92271	81	-5	0.05	0.05	0	
24/08/2011 14:09:19	TASTEGGIO	0	0	5000	42057	92272	48	0	0.05	0.05	0	
24/08/2011 14:09:35	TASTEGGIO	0	1	5000	42057	92272	53	0	0.05	0.05	0	
24/08/2011 14:09:52	TASTEGGIO	0	2	5000	42057	92273	63	0	0.05	0.05	0	
24/08/2011 14:10:10	TASTEGGIO	0	3	5000	42057	92272	78	-2	0.03	0.03	0	
24/08/2011 14:10:18	TASTEGGIO	0	3	5000	42057	92264	78	-2	0.04	0.05	24500	
24/08/2011 14:10:36	TASTEGGIO	1	0	5000	42057	67823	48	-1	0.04	0.04	0	
24/08/2011 14:10:52	TASTEGGIO	0	1	5000	42057	67816	51	0	0.03	0.03	0	
24/08/2011 14:11:01	TASTEGGIO	0	1	5000	42057	92138	51	0	0.04	0.04	-24500	
24/08/2011 14:11:21	TASTEGGIO	1	0	5000	42057	116612	47	-2	0.02	0.02	0	
24/08/2011 14:11:30	TASTEGGIO	1	0	5000	42057	92277	47	-2	0.02	0.04	24500	
24/08/2011 14:11:48	TASTEGGIO	1	0	5000	42057	67831	47	0	0.03	0.03	0	
24/08/2011 14:11:58	TASTEGGIO	1	0	5000	42057	92133	47	0	0.02	0.03	24500	
24/08/2011 14:14:32	TASTEGGIO	1	0	5000	42057	92255	47	0	0.05	0.06	24500	
24/08/2011 14:14:50	TASTEGGIO	1	0	5000	42057	67821	49	-4	0.04	0.04	0	
24/08/2011 14:15:04	TASTEGGIO	0	1	5000	42057	67815	51	-1	0.04	0.04	0	
24/08/2011 14:15:20	TASTEGGIO	0	2	5000	42057	67810	59	-1	0.03	0.03	0	
24/08/2011 14:15:30	TASTEGGIO	0	2	5000	42057	92129	59	-1	0.03	0.04	-44500	
24/08/2011 14:15:49	TASTEGGIO	1	0	5000	42057	136601	47	-10	0.05	0.05	0	
24/08/2011 14:16:05	TASTEGGIO	0	1	5000	42057	136606	40	-9	0.03	0.03	0	
24/08/2011 14:16:15	TASTEGGIO	0	1	5000	42057	92274	40	-9	0.03	0.03	-44500	
24/08/2011 14:18:07	TASTEGGIO	0	1	5000	42057	92260	40	-9	0.07	0.07	0	
24/08/2011 14:18:26	TASTEGGIO	1	0	5000	42057	92265	50	-3	0.06	0.06	0	
24/08/2011 14:18:43	TASTEGGIO	0	1	5000	42057	92268	55	0	0.06	0.06	0	
24/08/2011 14:19:01	TASTEGGIO	0	2	5000	42057	92270	67	-2	0.04	0.04	0	
24/08/2011 14:19:19	TASTEGGIO	0	3	5000	42057	92270	71	-2	0.02	0.02	0	
24/08/2011 14:19:26	TASTEGGIO	0	3	5000	42057	92262	71	-2	0.02	0.04	24500	
24/08/2011 14:19:45	TASTEGGIO	1	0	5000	42057	67816	47	-1	0.02	0.02	0	
24/08/2011 14:19:54	TASTEGGIO	1	0	5000	42057	92138	47	-1	0.02	0.03	24500	
24/08/2011 14:21:57	TASTEGGIO	1	0	5000	42056	92259	47	-1	0.08	0.08	0	
24/08/2011 14:22:15	TASTEGGIO	1	0	5000	42056	92266	50	-2	0.07	0.07	0	
24/08/2011 14:22:31	TASTEGGIO	0	1	5000	42056	92269	56	-2	0.06	0.06	0	
24/08/2011 14:22:48	TASTEGGIO	0	2	5000	42056	92270	66	-2	0.05	0.05	0	
24/08/2011 14:23:06	TASTEGGIO	0	3	5000	42056	92271	78	-4	0.01	0.01	0	
24/08/2011 14:23:14	TASTEGGIO	0	3	5000	42056	92262	78	-4	0.02	0.04	44500	
24/08/2011 14:23:33	TASTEGGIO	1	0	5000	42056	47801	47	-6	0.03	0.03	0	
24/08/2011 14:23:43	TASTEGGIO	1	0	5000	42056	92133	47	-6	0.03	0.04	-24500	
24/08/2011 14:24:03	TASTEGGIO	1	0	5000	42056	116603	47	-2	0.02	0.02	0	
24/08/2011 14:24:13	TASTEGGIO	1	0	5000	42056	92273	47	-2	0.03	0.03	-24500	
24/08/2011 14:24:50	ALARM 304	proc 12 prog 32 step 46	inverter error 8
24/08/2011 14:27:02	TASTEGGIO	1	0	5000	42057	92260	47	-2	0.08	0.10	44500	
24/08/2011 14:27:21	TASTEGGIO	1	0	5000	42057	47814	52	-11	0.03	0.03	0	
24/08/2011 14:27:32	TASTEGGIO	1	0	5000	42057	92127	52	-11	0.04	0.05	24500	
24/08/2011 14:27:50	TASTEGGIO	1	0	5000	42057	67671	48	-2	0.03	0.03	0	
24/08/2011 14:27:59	TASTEGGIO	1	0	5000	42057	92128	48	-2	0.03	0.04	24500	
24/08/2011 14:28:18	TASTEGGIO	1	0	5000	42057	67677	47	-1	0.03	0.03	0	
24/08/2011 14:28:27	TASTEGGIO	1	0	5000	42057	92127	47	-1	0.03	0.04	24500	
24/08/2011 14:28:46	TASTEGGIO	1	0	5000	42057	67679	47	0	0.03	0.03	0	
24/08/2011 14:28:55	TASTEGGIO	1	0	5000	42057	92126	47	0	0.03	0.03	-44500	
24/08/2011 14:30:47	TASTEGGIO	1	0	5000	42057	92258	47	0	0.05	0.05	24500	
24/08/2011 14:31:05	TASTEGGIO	1	0	5000	42057	67825	48	-2	0.05	0.05	0	
24/08/2011 14:31:21	TASTEGGIO	0	1	5000	42057	67820	53	-1	0.04	0.04	0	
24/08/2011 14:31:36	TASTEGGIO	0	2	5000	42057	67813	57	0	0.04	0.04	0	
24/08/2011 14:31:51	TASTEGGIO	0	3	5000	42057	67809	69	-1	0.03	0.03	0	
24/08/2011 14:32:00	TASTEGGIO	0	3	5000	42057	92140	69	-1	0.03	0.04	24500	
24/08/2011 14:32:19	TASTEGGIO	1	0	5000	42057	67689	47	0	0.04	0.04	0	
24/08/2011 14:32:34	TASTEGGIO	0	1	5000	42057	67686	51	0	0.04	0.04	0	
24/08/2011 14:32:50	TASTEGGIO	0	2	5000	42057	67683	59	0	0.03	0.03	0	
24/08/2011 14:33:00	TASTEGGIO	0	2	5000	42057	92133	59	0	0.03	0.04	-44500	
24/08/2011 14:33:20	TASTEGGIO	1	0	5000	42057	136596	47	-9	0.06	0.06	0	
24/08/2011 14:33:36	TASTEGGIO	0	1	5000	42057	136598	38	-7	0.02	0.02	0	
24/08/2011 14:33:46	TASTEGGIO	0	1	5000	42057	92275	38	-7	0.02	0.03	24500	
24/08/2011 14:35:47	TASTEGGIO	0	1	5000	42057	92259	38	-7	0.04	0.04	24500	
24/08/2011 14:36:06	TASTEGGIO	1	0	5000	42057	67820	47	-3	0.03	0.03	0	
24/08/2011 14:36:15	TASTEGGIO	1	0	5000	42057	92131	47	-3	0.04	0.04	24500	
24/08/2011 14:36:34	TASTEGGIO	1	0	5000	42057	67681	47	-1	0.03	0.03	0	
24/08/2011 14:36:43	TASTEGGIO	1	0	5000	42057	92127	47	-1	0.02	0.03	24500	
24/08/2011 14:38:43	TASTEGGIO	1	0	5000	42056	92260	47	-1	0.02	0.04	24500	
24/08/2011 14:39:02	TASTEGGIO	1	0	5000	42056	67823	47	-3	0.03	0.03	0	
24/08/2011 14:39:11	TASTEGGIO	1	0	5000	42056	92131	47	-3	0.03	0.04	44500	
24/08/2011 14:39:31	TASTEGGIO	1	0	5000	42056	47672	47	-6	0.02	0.02	0	
24/08/2011 14:39:41	TASTEGGIO	1	0	5000	42056	92131	47	-6	0.02	0.02	0	
24/08/2011 14:41:55	TASTEGGIO	1	0	5000	42057	92162	47	-6	0.04	0.04	0	
24/08/2011 14:42:14	TASTEGGIO	1	0	5000	42057	92177	47	-2	0.03	0.03	0	
24/08/2011 14:42:21	TASTEGGIO	1	0	5000	42057	92165	47	-2	0.03	0.03	-44500	
24/08/2011 14:44:39	TASTEGGIO	1	0	5000	42056	92259	47	-2	0.03	0.03	44500	
24/08/2011 14:46:31	TASTEGGIO	1	0	5000	42056	92261	47	-2	0.04	0.04	0	
24/08/2011 14:46:50	TASTEGGIO	1	0	5000	42056	92278	47	-3	0.03	0.03	0	
24/08/2011 14:46:57	TASTEGGIO	1	0	5000	42056	92267	47	-3	0.03	0.04	24500	
24/08/2011 14:47:15	TASTEGGIO	1	0	5000	42056	67824	47	-1	0.02	0.02	0	
24/08/2011 14:47:25	TASTEGGIO	1	0	5000	42056	92132	47	-1	0.02	0.03	24500	
24/08/2011 14:49:34	TASTEGGIO	1	0	5000	42056	92260	47	-1	0.13	0.13	0	
24/08/2011 14:49:52	TASTEGGIO	1	0	5000	42056	92273	54	-4	0.13	0.13	0	
24/08/2011 14:50:08	TASTEGGIO	0	1	5000	42056	92275	67	-1	0.12	0.12	0	
24/08/2011 14:50:28	TASTEGGIO	0	2	5000	42056	92276	89	-7	0.06	0.06	0	
24/08/2011 14:50:43	TASTEGGIO	0	0	5000	42056	92276	49	0	0.06	0.06	0	
24/08/2011 14:51:00	TASTEGGIO	0	1	5000	42056	92276	55	0	0.06	0.06	0	
24/08/2011 14:51:19	TASTEGGIO	0	2	5000	42056	92275	67	0	0.06	0.06	0	
24/08/2011 14:51:37	TASTEGGIO	0	3	5000	42056	92275	85	-3	0.03	0.03	0	
24/08/2011 14:51:45	TASTEGGIO	0	3	5000	42056	92266	85	-3	0.04	0.06	-44500	
24/08/2011 14:52:05	TASTEGGIO	1	0	5000	42056	136724	49	-9	0.04	0.04	0	
24/08/2011 14:52:21	TASTEGGIO	0	1	5000	42056	136726	46	-9	0.05	0.05	0	
24/08/2011 14:52:37	TASTEGGIO	0	1	5000	42056	136728	39	-4	0.01	0.01	0	
24/08/2011 14:52:47	TASTEGGIO	0	1	5000	42056	92277	39	-4	0.03	0.05	24500	
24/08/2011 14:53:06	TASTEGGIO	1	0	5000	42056	67828	48	-1	0.03	0.03	0	
24/08/2011 14:53:16	TASTEGGIO	1	0	5000	42056	92133	48	-1	0.02	0.05	24500	
24/08/2011 14:53:34	TASTEGGIO	1	0	5000	42056	67685	48	0	0.03	0.03	0	
24/08/2011 14:53:43	TASTEGGIO	1	0	5000	42056	92130	48	0	0.02	0.04	24500	
24/08/2011 14:54:02	TASTEGGIO	1	0	5000	42056	67682	47	-1	0.03	0.03	0	
24/08/2011 14:54:11	TASTEGGIO	1	0	5000	42056	92131	47	-1	0.02	0.04	24500	
24/08/2011 14:54:29	TASTEGGIO	1	0	5000	42056	67683	47	0	0.03	0.03	0	
24/08/2011 14:54:39	TASTEGGIO	1	0	5000	42056	92129	47	0	0.02	0.04	24500	
24/08/2011 14:54:57	TASTEGGIO	1	0	5000	42056	67680	47	0	0.02	0.02	0	
24/08/2011 14:55:06	TASTEGGIO	1	0	5000	42056	92127	47	0	0.02	0.04	24500	
24/08/2011 14:55:25	TASTEGGIO	1	0	5000	42056	67675	47	0	0.03	0.03	0	
24/08/2011 14:55:34	TASTEGGIO	1	0	5000	42056	92129	47	0	0.02	0.03	24500	
24/08/2011 14:57:36	TASTEGGIO	1	0	5000	42056	92262	47	0	0.03	0.04	-44500	
24/08/2011 14:57:57	TASTEGGIO	1	0	5000	42056	136736	47	-10	0.06	0.06	0	
24/08/2011 14:58:13	TASTEGGIO	0	1	5000	42056	136738	38	-9	0.03	0.03	0	
24/08/2011 14:58:23	TASTEGGIO	0	1	5000	42056	92280	38	-9	0.03	0.03	0	
24/08/2011 15:00:38	TASTEGGIO	0	1	5000	42056	92263	38	-9	0.06	0.06	0	
24/08/2011 15:00:56	TASTEGGIO	1	0	5000	42056	92271	49	-3	0.05	0.05	0	
24/08/2011 15:01:12	TASTEGGIO	0	1	5000	42056	92274	53	-2	0.04	0.04	0	
24/08/2011 15:01:30	TASTEGGIO	0	2	5000	42056	92275	57	-1	0.04	0.04	0	
24/08/2011 15:01:47	TASTEGGIO	0	3	5000	42056	92276	69	-2	0.02	0.02	0	
24/08/2011 15:01:55	TASTEGGIO	0	3	5000	42056	92266	69	-2	0.02	0.02	24500	
24/08/2011 15:02:53	ALARM 17	proc 12 prog 10 step 47	LavoroTerminato
24/08/2011 15:13:07	ALARM 406		
26/08/2011 11:16:01	ALARM 401		
26/08/2011 11:16:03	INIT OK
26/08/2011 11:16:06	ALARM 401		
26/08/2011 11:35:35	TASTEGGIO	0	0	5500	44018	95779	0	0	0.09	0.09	-24500	
26/08/2011 11:35:54	TASTEGGIO	1	0	5500	44018	120260	51	-1	0.08	0.08	0	
26/08/2011 11:36:10	TASTEGGIO	0	1	5500	44018	120264	58	0	0.08	0.08	0	
26/08/2011 11:36:27	TASTEGGIO	0	2	5500	44018	120266	74	-1	0.09	0.09	0	
26/08/2011 11:36:45	TASTEGGIO	0	3	5500	44018	120266	104	0	0.08	0.08	0	
26/08/2011 11:37:05	TASTEGGIO	0	4	5500	44018	120266	132	-1	0.07	0.07	0	
26/08/2011 11:37:25	TASTEGGIO	0	5	5500	44018	120266	162	-4	0.04	0.04	0	
26/08/2011 11:37:45	TASTEGGIO	0	6	5500	44018	120266	167	-4	0.01	0.01	0	
26/08/2011 11:37:55	TASTEGGIO	0	6	5500	44018	95861	167	-4	0.03	0.04	24500	
26/08/2011 11:38:13	TASTEGGIO	1	0	5500	44018	71416	47	-1	0.02	0.02	0	
26/08/2011 11:38:22	TASTEGGIO	1	0	5500	44018	95736	47	-1	0.03	0.04	24500	
26/08/2011 11:38:40	TASTEGGIO	1	0	5500	44018	71289	47	0	0.02	0.02	0	
26/08/2011 11:38:50	TASTEGGIO	1	0	5500	44018	95743	47	0	0.02	0.04	24500	
26/08/2011 11:39:08	TASTEGGIO	1	0	5500	44018	71295	47	0	0.02	0.02	0	
26/08/2011 11:39:17	TASTEGGIO	1	0	5500	44018	95740	47	0	0.02	0.03	24500	
26/08/2011 11:40:15	ALARM 17	proc 12 prog 10 step 47	LavoroTerminato
26/08/2011 13:07:14	TASTEGGIO	1	0	5500	44018	95854	47	0	0.06	0.06	0	
26/08/2011 13:07:30	TASTEGGIO	1	0	5500	44018	95874	49	-2	0.05	0.05	0	
26/08/2011 13:07:45	TASTEGGIO	0	1	5500	44018	95877	53	0	0.05	0.05	0	
26/08/2011 13:08:00	TASTEGGIO	0	2	5500	44018	95877	63	0	0.05	0.05	0	
26/08/2011 13:08:16	TASTEGGIO	0	3	5500	44018	95879	78	0	0.05	0.05	0	
26/08/2011 13:08:35	TASTEGGIO	0	4	5500	44018	95880	98	0	0.04	0.04	0	
26/08/2011 13:08:53	TASTEGGIO	0	5	5500	44018	95880	105	-1	0.05	0.05	0	
26/08/2011 13:09:14	TASTEGGIO	0	6	5500	44018	95878	142	-1	0.04	0.04	0	
26/08/2011 13:09:34	TASTEGGIO	0	7	5500	44018	95878	150	-1	0.03	0.03	0	
26/08/2011 13:09:41	TASTEGGIO	0	7	5500	44018	95861	150	-1	0.04	0.04	-24500	
26/08/2011 13:09:59	TASTEGGIO	1	0	5500	44018	120339	47	0	0.04	0.04	0	
26/08/2011 13:10:13	TASTEGGIO	0	1	5500	44018	120343	51	0	0.04	0.04	0	
26/08/2011 13:10:29	TASTEGGIO	0	2	5500	44018	120347	59	-1	0.04	0.04	0	
26/08/2011 13:10:44	TASTEGGIO	0	3	5500	44018	120348	71	0	0.04	0.04	0	
26/08/2011 13:11:03	TASTEGGIO	0	4	5500	44018	120348	87	-1	0.04	0.04	0	
26/08/2011 13:11:21	TASTEGGIO	0	5	5500	44018	120349	107	0	0.03	0.03	0	
26/08/2011 13:11:30	TASTEGGIO	0	5	5500	44018	95861	107	0	0.04	0.04	24500	
26/08/2011 13:11:48	TASTEGGIO	1	0	5500	44018	71415	47	-1	0.03	0.03	0	
26/08/2011 13:11:58	TASTEGGIO	1	0	5500	44018	95738	47	-1	0.04	0.05	24500	
26/08/2011 13:12:16	TASTEGGIO	1	0	5500	44018	71291	48	0	0.04	0.04	0	
26/08/2011 13:12:26	TASTEGGIO	1	0	5500	44018	95736	48	0	0.04	0.04	24500	
26/08/2011 13:14:31	TASTEGGIO	1	0	5500	44018	95947	48	0	0.06	0.08	-44500	
26/08/2011 13:14:51	TASTEGGIO	1	0	5500	44018	140410	50	-3	0.08	0.08	0	
26/08/2011 13:15:08	TASTEGGIO	0	1	5500	44018	140413	58	0	0.08	0.08	0	
26/08/2011 13:15:24	TASTEGGIO	0	2	5500	44018	140415	74	0	0.07	0.07	0	
26/08/2011 13:15:41	TASTEGGIO	0	3	5500	44018	140417	92	0	0.08	0.08	0	
26/08/2011 13:15:58	TASTEGGIO	0	4	5500	44018	140419	128	0	0.07	0.07	0	
26/08/2011 13:16:17	TASTEGGIO	0	5	5500	44018	140420	158	-2	0.06	0.06	0	
26/08/2011 13:16:36	TASTEGGIO	0	6	5500	44018	140421	188	-3	0.03	0.03	0	
26/08/2011 13:16:46	TASTEGGIO	0	6	5500	44018	95957	188	-3	0.03	0.04	-24500	
26/08/2011 13:18:37	TASTEGGIO	0	6	5500	44018	95852	188	-3	0.04	0.06	-44500	
26/08/2011 13:18:57	TASTEGGIO	1	0	5500	44018	140318	49	-2	0.06	0.06	0	
26/08/2011 13:19:13	TASTEGGIO	0	1	5500	44018	140322	55	0	0.06	0.06	0	
26/08/2011 13:19:30	TASTEGGIO	0	2	5500	44018	140324	67	0	0.06	0.06	0	
26/08/2011 13:19:47	TASTEGGIO	0	3	5500	44018	140326	85	0	0.06	0.06	0	
26/08/2011 13:20:05	TASTEGGIO	0	4	5500	44018	140327	109	-1	0.05	0.05	0	
26/08/2011 13:20:22	TASTEGGIO	0	5	5500	44018	140329	129	0	0.05	0.05	0	
26/08/2011 13:20:39	TASTEGGIO	0	6	5500	44018	140330	159	-1	0.04	0.04	0	
26/08/2011 13:20:49	TASTEGGIO	0	6	5500	44018	95861	159	-1	0.03	0.05	-44500	
26/08/2011 13:21:08	TASTEGGIO	1	0	5500	44018	140345	48	0	0.05	0.05	0	
26/08/2011 13:21:24	TASTEGGIO	0	1	5500	44018	140347	53	0	0.05	0.05	0	
26/08/2011 13:21:39	TASTEGGIO	0	2	5500	44018	140348	63	-1	0.04	0.04	0	
26/08/2011 13:21:49	TASTEGGIO	0	2	5500	44018	95858	63	-1	0.03	0.05	-44500	
26/08/2011 13:22:09	TASTEGGIO	1	0	5500	44018	140327	48	0	0.04	0.04	0	
26/08/2011 13:22:20	TASTEGGIO	1	0	5500	44018	95856	48	0	0.03	0.04	-24500	
26/08/2011 13:24:12	TASTEGGIO	1	0	5500	44018	95953	48	0	0.05	0.05	24500	
26/08/2011 13:24:30	TASTEGGIO	1	0	5500	44018	71504	48	-1	0.04	0.04	0	
26/08/2011 13:24:39	TASTEGGIO	1	0	5500	44018	95844	48	-1	0.06	0.06	0	
26/08/2011 13:24:55	TASTEGGIO	1	0	5500	44018	95842	49	-1	0.04	0.04	0	
26/08/2011 13:25:02	TASTEGGIO	1	0	5500	44018	95846	49	-1	0.04	0.05	24500	
26/08/2011 13:25:20	TASTEGGIO	1	0	5500	44018	71395	48	0	0.04	0.04	0	
26/08/2011 13:25:30	TASTEGGIO	1	0	5500	44018	95837	48	0	0.05	0.05	0	
26/08/2011 13:25:45	TASTEGGIO	1	0	5500	44018	95834	48	-1	0.05	0.05	0	
26/08/2011 13:25:58	TASTEGGIO	0	1	5500	44018	95834	53	0	0.04	0.04	0	
26/08/2011 13:26:06	TASTEGGIO	0	1	5500	44018	95844	53	0	0.04	0.05	24500	
26/08/2011 13:26:23	TASTEGGIO	1	0	5500	44018	71396	48	0	0.04	0.04	0	
26/08/2011 13:26:33	TASTEGGIO	1	0	5500	44018	95841	48	0	0.05	0.05	24500	
26/08/2011 13:26:51	TASTEGGIO	1	0	5500	44018	71392	48	0	0.04	0.04	0	
26/08/2011 13:27:00	TASTEGGIO	1	0	5500	44018	95838	48	0	0.05	0.05	24500	
26/08/2011 13:27:18	TASTEGGIO	1	0	5500	44018	71387	48	0	0.03	0.03	0	
26/08/2011 13:27:27	TASTEGGIO	1	0	5500	44018	95839	48	0	0.05	0.05	-24500	
26/08/2011 13:27:46	TASTEGGIO	1	0	5500	44018	120324	48	-1	0.04	0.04	0	
26/08/2011 13:27:55	TASTEGGIO	1	0	5500	44018	95953	48	-1	0.04	0.04	-24500	
26/08/2011 13:29:47	TASTEGGIO	1	0	5500	44018	95857	48	-1	0.06	0.07	-44500	
26/08/2011 13:30:07	TASTEGGIO	1	0	5500	44018	140344	50	-2	0.06	0.06	0	
26/08/2011 13:30:23	TASTEGGIO	0	1	5500	44018	140344	55	0	0.06	0.06	0	
26/08/2011 13:30:40	TASTEGGIO	0	2	5500	44018	140344	67	0	0.06	0.06	0	
26/08/2011 13:30:57	TASTEGGIO	0	3	5500	44018	140345	85	0	0.06	0.06	0	
26/08/2011 13:31:14	TASTEGGIO	0	4	5500	44018	140344	109	0	0.06	0.06	0	
26/08/2011 13:31:31	TASTEGGIO	0	5	5500	44018	140344	139	0	0.07	0.07	0	
26/08/2011 13:31:50	TASTEGGIO	0	6	5500	44018	140344	188	-3	0.04	0.04	0	
26/08/2011 13:32:00	TASTEGGIO	0	6	5500	44018	95858	188	-3	0.04	0.06	24500	
26/08/2011 13:32:18	TASTEGGIO	1	0	5500	44018	71412	49	0	0.05	0.05	0	
26/08/2011 13:32:33	TASTEGGIO	0	1	5500	44018	71405	53	0	0.05	0.05	0	
26/08/2011 13:32:47	TASTEGGIO	0	2	5500	44018	71401	63	0	0.05	0.05	0	
26/08/2011 13:33:04	TASTEGGIO	0	3	5500	44018	71399	78	0	0.05	0.05	0	
26/08/2011 13:33:21	TASTEGGIO	0	4	5500	44018	71400	98	0	0.05	0.05	0	
26/08/2011 13:33:38	TASTEGGIO	0	5	5500	44018	71403	123	0	0.05	0.05	0	
26/08/2011 13:33:58	TASTEGGIO	0	6	5500	44018	71405	153	0	0.05	0.05	0	
26/08/2011 13:34:19	TASTEGGIO	0	7	5500	44018	71405	188	-2	0.03	0.03	0	
26/08/2011 13:34:28	TASTEGGIO	0	7	5500	44018	95748	188	-2	0.03	0.05	24500	
26/08/2011 13:34:46	TASTEGGIO	1	0	5500	44018	71293	48	-1	0.03	0.03	0	
26/08/2011 13:34:56	TASTEGGIO	1	0	5500	44018	95746	48	-1	0.03	0.05	24500	
26/08/2011 13:35:13	TASTEGGIO	1	0	5500	44018	71292	48	0	0.03	0.03	0	
26/08/2011 13:35:23	TASTEGGIO	1	0	5500	44018	95744	48	0	0.03	0.04	24500	
26/08/2011 13:37:27	TASTEGGIO	1	0	5500	44018	95861	48	0	0.07	0.07	0	
26/08/2011 13:37:43	TASTEGGIO	1	0	5500	44018	95871	50	-1	0.07	0.07	0	
26/08/2011 13:37:57	TASTEGGIO	0	1	5500	44018	95873	57	0	0.07	0.07	0	
26/08/2011 13:38:12	TASTEGGIO	0	2	5500	44018	95877	71	0	0.08	0.08	0	
26/08/2011 13:38:31	TASTEGGIO	0	3	5500	44018	95880	98	0	0.07	0.07	0	
26/08/2011 13:38:50	TASTEGGIO	0	4	5500	44018	95881	122	0	0.07	0.07	0	
26/08/2011 13:39:11	TASTEGGIO	0	5	5500	44018	95881	157	-2	0.06	0.06	0	
26/08/2011 13:39:32	TASTEGGIO	0	6	5500	44018	95881	187	-3	0.02	0.02	0	
26/08/2011 13:39:39	TASTEGGIO	0	6	5500	44018	95869	187	-3	0.03	0.04	-24500	
26/08/2011 13:41:29	TASTEGGIO	0	6	5500	44018	95948	187	-3	0.03	0.05	24500	
26/08/2011 13:41:47	TASTEGGIO	1	0	5500	44018	71499	48	-2	0.04	0.04	0	
26/08/2011 13:41:56	TASTEGGIO	1	0	5500	44018	95849	48	-2	0.03	0.05	24500	
26/08/2011 13:42:14	TASTEGGIO	1	0	5500	44018	71401	48	0	0.04	0.04	0	
26/08/2011 13:42:24	TASTEGGIO	1	0	5500	44018	95844	48	0	0.04	0.06	44500	
26/08/2011 13:42:43	TASTEGGIO	1	0	5500	44018	51386	49	0	0.04	0.04	0	
26/08/2011 13:42:53	TASTEGGIO	1	0	5500	44018	95835	49	0	0.03	0.05	44500	
26/08/2011 13:43:12	TASTEGGIO	1	0	5500	44018	51374	48	0	0.04	0.04	0	
26/08/2011 13:43:22	TASTEGGIO	1	0	5500	44018	95835	48	0	0.02	0.04	44500	
26/08/2011 13:45:12	TASTEGGIO	1	0	5500	44018	95946	48	0	0.02	0.02	0	
26/08/2011 13:47:03	TASTEGGIO	1	0	5500	44018	95949	48	0	0.09	0.10	-44500	
26/08/2011 13:47:23	TASTEGGIO	1	0	5500	44018	140431	52	-2	0.09	0.09	0	
26/08/2011 13:47:39	TASTEGGIO	0	1	5500	44018	140432	60	0	0.09	0.09	0	
26/08/2011 13:47:57	TASTEGGIO	0	2	5500	44018	140433	78	0	0.09	0.09	0	
26/08/2011 13:48:13	TASTEGGIO	0	3	5500	44018	140434	105	0	0.08	0.08	0	
26/08/2011 13:48:30	TASTEGGIO	0	4	5500	44018	140434	133	-1	0.08	0.08	0	
26/08/2011 13:48:50	TASTEGGIO	0	5	5500	44018	140435	173	-4	0.04	0.04	0	
26/08/2011 13:49:00	TASTEGGIO	0	5	5500	44018	95956	173	-4	0.05	0.06	-24500	
26/08/2011 13:49:18	TASTEGGIO	1	0	5500	44018	120437	49	0	0.06	0.06	0	
26/08/2011 13:49:33	TASTEGGIO	0	1	5500	44018	120442	55	0	0.06	0.06	0	
26/08/2011 13:49:49	TASTEGGIO	0	2	5500	44018	120444	67	0	0.06	0.06	0	
26/08/2011 13:50:06	TASTEGGIO	0	3	5500	44018	120445	85	-1	0.05	0.05	0	
26/08/2011 13:50:24	TASTEGGIO	0	4	5500	44018	120445	101	0	0.05	0.05	0	
26/08/2011 13:50:44	TASTEGGIO	0	5	5500	44018	120446	126	-1	0.05	0.05	0	
26/08/2011 13:51:05	TASTEGGIO	0	6	5500	44018	120445	156	-2	0.01	0.01	0	
26/08/2011 13:51:15	TASTEGGIO	0	6	5500	44018	95948	156	-2	0.02	0.02	0	
26/08/2011 13:53:07	TASTEGGIO	0	6	5500	44018	95854	156	-2	0.08	0.09	-24500	
26/08/2011 13:53:25	TASTEGGIO	1	0	5500	44018	120325	51	-1	0.08	0.08	0	
26/08/2011 13:53:41	TASTEGGIO	0	1	5500	44018	120329	58	0	0.08	0.08	0	
26/08/2011 13:53:57	TASTEGGIO	0	2	5500	44018	120333	74	0	0.08	0.08	0	
26/08/2011 13:54:14	TASTEGGIO	0	3	5500	44018	120336	98	0	0.07	0.07	0	
26/08/2011 13:54:34	TASTEGGIO	0	4	5500	44018	120338	122	-1	0.07	0.07	0	
26/08/2011 13:54:54	TASTEGGIO	0	5	5500	44018	120341	157	-2	0.06	0.06	0	
26/08/2011 13:55:16	TASTEGGIO	0	6	5500	44018	120343	187	-4	0.03	0.03	0	
26/08/2011 13:55:26	TASTEGGIO	0	6	5500	44018	95859	187	-4	0.03	0.05	24500	
26/08/2011 13:55:44	TASTEGGIO	1	0	5500	44018	71409	48	0	0.02	0.02	0	
26/08/2011 13:55:53	TASTEGGIO	1	0	5500	44018	95738	48	0	0.03	0.04	24500	
26/08/2011 13:56:12	TASTEGGIO	1	0	5500	44018	71280	47	0	0.03	0.03	0	
26/08/2011 13:56:21	TASTEGGIO	1	0	5500	44018	95738	47	0	0.03	0.03	24500	
26/08/2011 13:58:12	TASTEGGIO	1	0	5500	44018	95948	47	0	0.07	0.07	0	
26/08/2011 13:58:28	TASTEGGIO	1	0	5500	44018	95957	50	-1	0.07	0.07	0	
26/08/2011 13:58:42	TASTEGGIO	0	1	5500	44018	95958	57	0	0.07	0.07	0	
26/08/2011 13:58:56	TASTEGGIO	0	2	5500	44018	95962	71	0	0.06	0.06	0	
26/08/2011 13:59:14	TASTEGGIO	0	3	5500	44018	95964	86	0	0.06	0.06	0	
26/08/2011 13:59:34	TASTEGGIO	0	4	5500	44018	95964	110	0	0.06	0.06	0	
26/08/2011 13:59:53	TASTEGGIO	0	5	5500	44018	95964	140	-1	0.05	0.05	0	
26/08/2011 14:00:15	TASTEGGIO	0	6	5500	44018	95964	164	-2	0.04	0.04	0	
26/08/2011 14:00:36	TASTEGGIO	0	7	5500	44018	95964	172	-2	0.03	0.03	0	
26/08/2011 14:00:44	TASTEGGIO	0	7	5500	44018	95955	172	-2	0.03	0.04	24500	
26/08/2011 14:01:02	TASTEGGIO	1	0	5500	44018	71504	47	0	0.03	0.03	0	
26/08/2011 14:01:11	TASTEGGIO	1	0	5500	44018	95843	47	0	0.03	0.04	24500	
26/08/2011 14:01:29	TASTEGGIO	1	0	5500	44018	71395	47	0	0.04	0.04	0	
26/08/2011 14:01:44	TASTEGGIO	0	1	5500	44018	71389	51	0	0.04	0.04	0	
26/08/2011 14:01:58	TASTEGGIO	0	2	5500	44018	71385	59	0	0.03	0.03	0	
26/08/2011 14:02:07	TASTEGGIO	0	2	5500	44018	95845	59	0	0.04	0.04	24500	
26/08/2011 14:02:25	TASTEGGIO	1	0	5500	44018	71390	47	-1	0.03	0.03	0	
26/08/2011 14:02:35	TASTEGGIO	1	0	5500	44018	95843	47	-1	0.03	0.04	24500	
26/08/2011 14:02:52	TASTEGGIO	1	0	5500	44018	71391	47	0	0.04	0.04	0	
26/08/2011 14:03:06	TASTEGGIO	0	1	5500	44018	71385	51	0	0.03	0.03	0	
26/08/2011 14:03:16	TASTEGGIO	0	1	5500	44018	95839	51	0	0.03	0.04	24500	
26/08/2011 14:03:34	TASTEGGIO	1	0	5500	44018	71383	47	0	0.03	0.03	0	
26/08/2011 14:03:43	TASTEGGIO	1	0	5500	44018	95840	47	0	0.03	0.04	24500	
26/08/2011 14:04:01	TASTEGGIO	1	0	5500	44018	71388	47	0	0.04	0.04	0	
26/08/2011 14:04:15	TASTEGGIO	0	1	5500	44018	71383	51	0	0.04	0.04	0	
26/08/2011 14:04:30	TASTEGGIO	0	2	5500	44018	71380	59	0	0.03	0.03	0	
26/08/2011 14:04:39	TASTEGGIO	0	2	5500	44018	95837	59	0	0.03	0.04	24500	
26/08/2011 14:04:56	TASTEGGIO	1	0	5500	44018	71387	47	0	0.03	0.03	0	
26/08/2011 14:05:05	TASTEGGIO	1	0	5500	44018	95844	47	0	0.03	0.04	24500	
26/08/2011 14:05:23	TASTEGGIO	1	0	5500	44018	71394	47	0	0.04	0.04	0	
26/08/2011 14:05:36	TASTEGGIO	0	1	5500	44018	71390	51	0	0.03	0.03	0	
26/08/2011 14:05:46	TASTEGGIO	0	1	5500	44018	95842	51	0	0.03	0.04	24500	
26/08/2011 14:06:03	TASTEGGIO	1	0	5500	44018	71395	47	0	0.04	0.04	0	
26/08/2011 14:06:17	TASTEGGIO	0	1	5500	44018	71390	51	0	0.03	0.03	0	
26/08/2011 14:06:27	TASTEGGIO	0	1	5500	44018	95843	51	0	0.04	0.04	24500	
26/08/2011 14:06:45	TASTEGGIO	1	0	5500	44018	71390	47	0	0.03	0.03	0	
26/08/2011 14:06:54	TASTEGGIO	1	0	5500	44018	95839	47	0	0.03	0.04	24500	
26/08/2011 14:07:12	TASTEGGIO	1	0	5500	44018	71388	47	0	0.04	0.04	0	
26/08/2011 14:07:27	TASTEGGIO	0	1	5500	44018	71384	51	0	0.04	0.04	0	
26/08/2011 14:07:42	TASTEGGIO	0	2	5500	44018	71381	59	0	0.04	0.04	0	
26/08/2011 14:07:58	TASTEGGIO	0	3	5500	44018	71380	71	0	0.04	0.04	0	
26/08/2011 14:08:13	TASTEGGIO	0	4	5500	44018	71380	87	0	0.04	0.04	0	
26/08/2011 14:09:22	ALARM 17	proc 12 prog 10 step 47	LavoroTerminato
26/08/2011 15:05:34	ALARM 406		
30/08/2011 07:26:17	ALARM 401		
30/08/2011 07:26:19	INIT OK
30/08/2011 07:30:37	ALARM 401		
30/08/2011 07:30:40	ALARM 401		
30/08/2011 08:12:47	TASTEGGIO	0	0	8000	53817	91782	0	0	0.02	0.03	-24500	
30/08/2011 08:14:33	TASTEGGIO	0	0	8000	53817	91870	0	0	0.01	0.02	-24500	
30/08/2011 08:16:21	TASTEGGIO	0	0	8000	53817	91876	0	0	0.02	0.04	44500	
30/08/2011 08:16:40	TASTEGGIO	1	0	8000	53817	47410	107	-1	0.04	0.04	0	
30/08/2011 08:16:55	TASTEGGIO	0	1	8000	53817	47409	111	0	0.03	0.03	0	
30/08/2011 08:17:06	TASTEGGIO	0	1	8000	53817	91739	111	0	0.02	0.04	24500	
30/08/2011 08:17:24	TASTEGGIO	1	0	8000	53817	67291	107	0	0.03	0.03	0	
30/08/2011 08:17:34	TASTEGGIO	1	0	8000	53817	91727	107	0	0.02	0.05	24500	
30/08/2011 08:17:52	TASTEGGIO	1	0	8000	53817	67283	108	0	0.03	0.03	0	
30/08/2011 08:18:02	TASTEGGIO	1	0	8000	53817	91717	108	0	0.02	0.03	44500	
30/08/2011 08:19:50	TASTEGGIO	1	0	8000	53817	91877	108	0	0.09	0.10	24500	
30/08/2011 08:20:09	TASTEGGIO	1	0	8000	53817	67430	112	0	0.08	0.08	0	
30/08/2011 08:20:23	TASTEGGIO	0	1	8000	53817	67427	118	0	0.08	0.08	0	
30/08/2011 08:20:39	TASTEGGIO	0	2	8000	53817	67425	134	0	0.08	0.08	0	
30/08/2011 08:20:54	TASTEGGIO	0	3	8000	53817	67423	158	0	0.08	0.08	0	
30/08/2011 08:21:13	TASTEGGIO	0	4	8000	53817	67423	190	0	0.08	0.08	0	
30/08/2011 08:21:32	TASTEGGIO	0	5	8000	53817	67421	230	-1	0.08	0.08	0	
30/08/2011 08:21:53	TASTEGGIO	0	6	8000	53817	67418	278	-5	0.04	0.04	0	
30/08/2011 08:22:07	TASTEGGIO	0	0	8000	53817	67418	107	0	0.04	0.04	0	
30/08/2011 08:22:22	TASTEGGIO	0	1	8000	53817	67418	111	0	0.04	0.04	0	
30/08/2011 08:22:37	TASTEGGIO	0	2	8000	53817	67418	119	0	0.03	0.03	0	
30/08/2011 08:22:47	TASTEGGIO	0	2	8000	53817	91742	119	0	0.04	0.05	-24500	
30/08/2011 08:23:05	TASTEGGIO	1	0	8000	53817	116223	108	0	0.04	0.04	0	
30/08/2011 08:23:21	TASTEGGIO	0	1	8000	53817	116228	111	0	0.05	0.05	0	
30/08/2011 08:23:35	TASTEGGIO	0	2	8000	53817	116230	123	0	0.04	0.04	0	
30/08/2011 08:23:49	TASTEGGIO	0	3	8000	53817	116230	128	0	0.04	0.04	0	
30/08/2011 08:24:06	TASTEGGIO	0	4	8000	53817	116232	144	0	0.04	0.04	0	
30/08/2011 08:24:25	TASTEGGIO	0	5	8000	53817	116233	164	0	0.04	0.04	0	
30/08/2011 08:24:44	TASTEGGIO	0	6	8000	53817	116235	188	0	0.04	0.04	0	
30/08/2011 08:25:03	TASTEGGIO	0	7	8000	53817	116235	216	-1	0.03	0.03	0	
30/08/2011 08:25:12	TASTEGGIO	0	7	8000	53817	91891	216	-1	0.04	0.04	24500	
30/08/2011 08:25:30	TASTEGGIO	1	0	8000	53817	67426	107	0	0.03	0.03	0	
30/08/2011 08:25:39	TASTEGGIO	1	0	8000	53817	91747	107	0	0.04	0.04	24500	
30/08/2011 08:25:58	TASTEGGIO	1	0	8000	53817	67288	107	0	0.03	0.03	0	
30/08/2011 08:26:08	TASTEGGIO	1	0	8000	53817	91744	107	0	0.04	0.05	24500	
30/08/2011 08:26:26	TASTEGGIO	1	0	8000	53817	67297	108	0	0.03	0.03	0	
30/08/2011 08:26:35	TASTEGGIO	1	0	8000	53817	91734	108	0	0.04	0.04	0	
30/08/2011 08:26:52	TASTEGGIO	1	0	8000	53817	91734	107	0	0.04	0.04	0	
30/08/2011 08:27:06	TASTEGGIO	0	1	8000	53817	91735	111	0	0.04	0.04	0	
30/08/2011 08:27:20	TASTEGGIO	0	2	8000	53817	91739	119	0	0.04	0.04	0	
30/08/2011 08:27:36	TASTEGGIO	0	3	8000	53817	91742	131	0	0.04	0.04	0	
30/08/2011 08:27:50	TASTEGGIO	0	4	8000	53817	91744	147	0	0.04	0.04	0	
30/08/2011 08:28:06	TASTEGGIO	0	5	8000	53817	91744	167	0	0.04	0.04	0	
30/08/2011 08:28:24	TASTEGGIO	0	6	8000	53817	91745	191	0	0.04	0.04	0	
30/08/2011 08:28:32	TASTEGGIO	0	6	8000	53817	91759	191	0	0.04	0.04	0	
30/08/2011 08:30:20	TASTEGGIO	0	6	8000	53817	91960	191	0	0.04	0.06	-24500	
30/08/2011 08:30:39	TASTEGGIO	1	0	8000	53817	116430	109	0	0.05	0.05	0	
30/08/2011 08:30:54	TASTEGGIO	0	1	8000	53817	116438	113	-1	0.04	0.04	0	
30/08/2011 08:31:08	TASTEGGIO	0	2	8000	53817	116444	117	0	0.04	0.04	0	
30/08/2011 08:31:24	TASTEGGIO	0	3	8000	53817	116446	129	0	0.04	0.04	0	
30/08/2011 08:31:40	TASTEGGIO	0	4	8000	53817	116447	145	0	0.04	0.04	0	
30/08/2011 08:31:59	TASTEGGIO	0	5	8000	53817	116447	165	0	0.04	0.04	0	
30/08/2011 08:32:17	TASTEGGIO	0	6	8000	53817	116448	189	-1	0.04	0.04	0	
30/08/2011 08:32:37	TASTEGGIO	0	7	8000	53817	116448	217	-1	0.03	0.03	0	
30/08/2011 08:32:47	TASTEGGIO	0	7	8000	53817	91984	217	-1	0.03	0.04	-44500	
30/08/2011 08:33:07	TASTEGGIO	1	0	8000	53817	136437	107	0	0.04	0.04	0	
30/08/2011 08:33:21	TASTEGGIO	0	1	8000	53817	136446	111	0	0.03	0.03	0	
30/08/2011 08:33:32	TASTEGGIO	0	1	8000	53817	91986	111	0	0.03	0.05	-24500	
30/08/2011 08:33:50	TASTEGGIO	1	0	8000	53817	116454	108	0	0.03	0.03	0	
30/08/2011 08:34:00	TASTEGGIO	1	0	8000	53817	91981	108	0	0.03	0.04	-44500	
30/08/2011 08:35:48	TASTEGGIO	1	0	8000	53817	91965	108	0	0.07	0.08	-24500	
30/08/2011 08:36:06	TASTEGGIO	1	0	8000	53817	116433	110	0	0.07	0.07	0	
30/08/2011 08:36:20	TASTEGGIO	0	1	8000	53817	116443	116	0	0.08	0.08	0	
30/08/2011 08:36:36	TASTEGGIO	0	2	8000	53817	116449	134	0	0.08	0.08	0	
30/08/2011 08:36:52	TASTEGGIO	0	3	8000	53817	116452	158	0	0.07	0.07	0	
30/08/2011 08:37:11	TASTEGGIO	0	4	8000	53817	116452	182	0	0.07	0.07	0	
30/08/2011 08:37:32	TASTEGGIO	0	5	8000	53817	116453	217	-2	0.06	0.06	0	
30/08/2011 08:37:51	TASTEGGIO	0	6	8000	53817	116453	247	-4	0.02	0.02	0	
30/08/2011 08:38:01	TASTEGGIO	0	6	8000	53817	91984	247	-4	0.03	0.04	24500	
30/08/2011 08:39:49	TASTEGGIO	0	6	8000	53817	91964	247	-4	0.03	0.05	-44500	
30/08/2011 08:40:09	TASTEGGIO	1	0	8000	53817	136419	108	0	0.03	0.03	0	
30/08/2011 08:40:19	TASTEGGIO	1	0	8000	53817	91987	108	0	0.03	0.03	-24500	
30/08/2011 08:42:07	TASTEGGIO	1	0	8000	53817	91881	108	0	0.08	0.08	-24500	
30/08/2011 08:42:26	TASTEGGIO	1	0	8000	53817	116335	110	0	0.08	0.08	0	
