24/01/2012 10:35:04	TASTEGGIO	0	1	7700	52644	66229	282	0	0.11	0.11	0	
24/01/2012 10:35:27	TASTEGGIO	0	2	7700	52644	66228	302	0	0.11	0.11	0	
24/01/2012 10:35:48	TASTEGGIO	0	3	7700	52644	66227	335	-1	0.11	0.11	0	
24/01/2012 10:36:11	TASTEGGIO	0	4	7700	52644	66227	379	-4	0.07	0.07	0	
24/01/2012 10:36:33	TASTEGGIO	0	5	7700	52644	66300	388	-5	0.02	0.02	0	
24/01/2012 10:36:43	TASTEGGIO	0	5	7700	52644	90526	388	-5	0.06	0.07	-24500	
24/01/2012 10:37:09	TASTEGGIO	1	0	7700	52644	114995	263	-3	0.05	0.05	0	
24/01/2012 10:37:29	TASTEGGIO	0	1	7700	52644	114999	266	-2	0.04	0.04	0	
24/01/2012 10:37:40	TASTEGGIO	0	1	7700	52644	90679	266	-2	0.06	0.06	0	
24/01/2012 10:38:03	TASTEGGIO	1	0	7700	52644	90699	262	-1	0.04	0.04	0	
24/01/2012 10:38:11	TASTEGGIO	1	0	7700	52644	90680	262	-1	0.04	0.05	-44500	
24/01/2012 10:38:38	TASTEGGIO	1	0	7700	52644	135117	261	-1	0.04	0.04	0	
24/01/2012 10:38:48	TASTEGGIO	1	0	7700	52644	90692	261	-1	0.05	0.05	44500	
24/01/2012 10:39:12	TASTEGGIO	1	0	7700	52644	46230	261	-1	0.05	0.05	0	
24/01/2012 10:39:33	TASTEGGIO	0	1	7700	52644	46229	266	0	0.04	0.04	0	
24/01/2012 10:39:44	TASTEGGIO	0	1	7700	52644	90523	266	0	0.06	0.06	0	
24/01/2012 10:40:07	TASTEGGIO	1	0	7700	52644	90523	262	-1	0.05	0.05	0	
24/01/2012 10:40:27	TASTEGGIO	0	1	7700	52644	90526	266	0	0.04	0.04	0	
24/01/2012 10:40:35	TASTEGGIO	0	1	7700	52644	90533	266	0	0.05	0.05	-44500	
24/01/2012 10:41:01	TASTEGGIO	1	0	7700	52644	134981	261	-1	0.04	0.04	0	
24/01/2012 10:41:12	TASTEGGIO	1	0	7700	52644	90686	261	-1	0.05	0.05	0	
24/01/2012 10:41:36	TASTEGGIO	1	0	7700	52644	90708	261	-1	0.05	0.05	0	
24/01/2012 10:41:57	TASTEGGIO	0	1	7700	52644	90709	266	0	0.04	0.04	0	
24/01/2012 10:42:05	TASTEGGIO	0	1	7700	52644	90689	266	0	0.04	0.05	44500	
24/01/2012 10:42:30	TASTEGGIO	1	0	7700	52644	46224	261	0	0.04	0.04	0	
24/01/2012 10:42:41	TASTEGGIO	1	0	7700	52644	90522	261	0	0.05	0.05	0	
24/01/2012 10:43:02	TASTEGGIO	1	0	7700	52644	90522	261	0	0.05	0.05	0	
24/01/2012 10:43:22	TASTEGGIO	0	1	7700	52644	90525	266	0	0.04	0.04	0	
24/01/2012 10:43:30	TASTEGGIO	0	1	7700	52644	90534	266	0	0.05	0.05	0	
24/01/2012 10:43:53	TASTEGGIO	1	0	7700	52644	90536	261	0	0.05	0.05	0	
24/01/2012 10:44:13	TASTEGGIO	0	1	7700	52644	90536	266	-1	0.04	0.04	0	
24/01/2012 10:44:21	TASTEGGIO	0	1	7700	52644	90542	266	-1	0.04	0.05	-44500	
24/01/2012 10:44:47	TASTEGGIO	1	0	7700	52644	134999	261	0	0.04	0.04	0	
24/01/2012 10:44:58	TASTEGGIO	1	0	7700	52644	90696	261	0	0.05	0.05	0	
24/01/2012 10:45:21	TASTEGGIO	1	0	7700	52644	90717	261	0	0.04	0.04	0	
24/01/2012 10:45:29	TASTEGGIO	1	0	7700	52644	90695	261	0	0.04	0.05	-44500	
24/01/2012 10:45:55	TASTEGGIO	1	0	7700	52644	135137	261	-1	0.04	0.04	0	
24/01/2012 10:46:06	TASTEGGIO	1	0	7700	52644	90705	261	-1	0.05	0.05	44500	
24/01/2012 10:46:29	TASTEGGIO	1	0	7700	52644	46241	261	0	0.06	0.06	0	
24/01/2012 10:46:50	TASTEGGIO	0	1	7700	52644	46241	268	0	0.05	0.05	0	
24/01/2012 10:47:09	TASTEGGIO	0	2	7700	52644	46240	276	0	0.04	0.04	0	
24/01/2012 10:47:20	TASTEGGIO	0	2	7700	52644	90525	276	0	0.05	0.05	0	
24/01/2012 10:47:42	TASTEGGIO	1	0	7700	52644	90523	261	0	0.04	0.04	0	
24/01/2012 10:47:50	TASTEGGIO	1	0	7700	52644	90529	261	0	0.05	0.05	0	
24/01/2012 10:48:13	TASTEGGIO	1	0	7700	52644	90529	261	0	0.04	0.04	0	
24/01/2012 10:48:21	TASTEGGIO	1	0	7700	52644	90534	261	0	0.04	0.05	44500	
24/01/2012 10:48:45	TASTEGGIO	1	0	7700	52644	46077	261	0	0.05	0.05	0	
24/01/2012 10:49:04	TASTEGGIO	0	1	7700	52644	46074	266	0	0.04	0.04	0	
24/01/2012 10:49:15	TASTEGGIO	0	1	7700	52644	90515	266	0	0.05	0.05	0	
24/01/2012 10:49:37	TASTEGGIO	1	0	7700	52644	90514	261	0	0.05	0.05	0	
24/01/2012 10:49:58	TASTEGGIO	0	1	7700	52644	90517	266	-1	0.04	0.04	0	
24/01/2012 10:50:06	TASTEGGIO	0	1	7700	52644	90525	266	-1	0.04	0.04	0	
24/01/2012 10:51:54	TASTEGGIO	0	1	7700	52644	90703	266	-1	0.07	0.07	-24500	
24/01/2012 10:52:19	TASTEGGIO	1	0	7700	52644	115144	263	-2	0.08	0.08	0	
24/01/2012 10:52:41	TASTEGGIO	0	1	7700	52644	115158	272	-1	0.08	0.08	0	
24/01/2012 10:53:03	TASTEGGIO	0	2	7700	52644	115168	288	-1	0.08	0.08	0	
24/01/2012 10:53:26	TASTEGGIO	0	3	7700	52644	115173	312	-2	0.07	0.07	0	
24/01/2012 10:53:47	TASTEGGIO	0	4	7700	52644	115175	336	-4	0.04	0.04	0	
24/01/2012 10:53:57	TASTEGGIO	0	4	7700	52644	90718	336	-4	0.04	0.05	-44500	
24/01/2012 10:54:21	TASTEGGIO	1	0	7700	52644	135153	261	0	0.05	0.05	0	
24/01/2012 10:54:42	TASTEGGIO	0	1	7700	52644	135168	266	-2	0.05	0.05	0	
24/01/2012 10:55:04	TASTEGGIO	0	2	7700	52644	135179	276	-1	0.05	0.05	0	
24/01/2012 10:55:27	TASTEGGIO	0	3	7700	52644	135188	291	-2	0.05	0.05	0	
24/01/2012 10:55:49	TASTEGGIO	0	4	7700	52644	135189	311	-3	0.02	0.02	0	
24/01/2012 10:56:00	TASTEGGIO	0	4	7700	52644	90720	311	-3	0.05	0.05	0	
24/01/2012 10:56:24	TASTEGGIO	1	0	7700	52644	90745	261	-1	0.05	0.05	0	
24/01/2012 10:56:44	TASTEGGIO	0	1	7700	52644	90746	266	0	0.05	0.05	0	
24/01/2012 10:57:04	TASTEGGIO	0	2	7700	52644	90747	276	0	0.05	0.05	0	
24/01/2012 10:57:27	TASTEGGIO	0	3	7700	52644	90747	291	-1	0.04	0.04	0	
24/01/2012 10:57:35	TASTEGGIO	0	3	7700	52644	90705	291	-1	0.04	0.04	0	
24/01/2012 10:58:32	ALARM 17	proc 12 prog 10 step 47	LavoroTerminato
24/01/2012 13:36:31	TASTEGGIO	0	3	7700	52644	90699	291	-1	0.07	0.07	0	
24/01/2012 13:36:55	TASTEGGIO	1	0	7700	52644	90758	263	-2	0.06	0.06	0	
24/01/2012 13:37:16	TASTEGGIO	0	1	7700	52644	90756	268	-2	0.06	0.06	0	
24/01/2012 13:37:38	TASTEGGIO	0	2	7700	52644	90753	280	-1	0.06	0.06	0	
24/01/2012 13:38:00	TASTEGGIO	0	3	7700	52644	90746	298	-2	0.04	0.04	0	
24/01/2012 13:38:08	TASTEGGIO	0	3	7700	52644	90692	298	-2	0.06	0.06	0	
24/01/2012 13:38:31	TASTEGGIO	1	0	7700	52644	90713	262	0	0.05	0.05	0	
24/01/2012 13:38:52	TASTEGGIO	0	1	7700	52644	90716	266	-1	0.05	0.05	0	
24/01/2012 13:39:14	TASTEGGIO	0	2	7700	52644	90716	276	0	0.05	0.05	0	
24/01/2012 13:39:34	TASTEGGIO	0	3	7700	52644	90717	291	0	0.04	0.04	0	
24/01/2012 13:39:43	TASTEGGIO	0	3	7700	52644	90689	291	0	0.04	0.04	-44500	
24/01/2012 13:41:29	TASTEGGIO	0	3	7700	52644	90696	291	0	0.08	0.09	-44500	
24/01/2012 13:41:55	TASTEGGIO	1	0	7700	52644	135136	266	-1	0.09	0.09	0	
24/01/2012 13:42:16	TASTEGGIO	0	1	7700	52644	135149	275	-1	0.08	0.08	0	
24/01/2012 13:42:38	TASTEGGIO	0	2	7700	52644	135160	289	-1	0.09	0.09	0	
24/01/2012 13:43:00	TASTEGGIO	0	3	7700	52644	135168	319	0	0.08	0.08	0	
24/01/2012 13:43:23	TASTEGGIO	0	4	7700	52644	135170	347	-1	0.06	0.06	0	
24/01/2012 13:43:44	TASTEGGIO	0	5	7700	52644	135171	357	-2	0.05	0.05	0	
24/01/2012 13:44:08	TASTEGGIO	0	6	7700	52644	135171	381	-2	0.05	0.05	0	
24/01/2012 13:44:31	TASTEGGIO	0	7	7700	52644	135171	400	-8	0.05	0.05	0	
24/01/2012 13:44:54	TASTEGGIO	0	1	7700	52644	135171	395	-18	0.14	0.14	0	
24/01/2012 13:45:16	TASTEGGIO	0	1	7700	52644	135171	355	-9	0.05	0.05	0	
24/01/2012 13:45:37	TASTEGGIO	0	0	7700	52644	135171	261	0	0.06	0.06	0	
24/01/2012 13:45:58	TASTEGGIO	0	1	7700	52644	135171	268	0	0.05	0.05	0	
24/01/2012 13:46:20	TASTEGGIO	0	2	7700	52644	135171	276	-1	0.05	0.05	0	
24/01/2012 13:46:41	TASTEGGIO	0	3	7700	52644	135171	291	-1	0.06	0.06	0	
24/01/2012 13:47:03	TASTEGGIO	0	4	7700	52644	135171	319	0	0.05	0.05	0	
24/01/2012 13:47:25	TASTEGGIO	0	5	7700	52644	135171	339	0	0.04	0.04	0	
24/01/2012 13:47:36	TASTEGGIO	0	5	7700	52644	90724	339	0	0.06	0.06	0	
24/01/2012 13:47:59	TASTEGGIO	1	0	7700	52644	90748	262	-2	0.04	0.04	0	
24/01/2012 13:48:07	TASTEGGIO	1	0	7700	52644	90710	262	-2	0.04	0.05	24500	
24/01/2012 13:48:31	TASTEGGIO	1	0	7700	52644	66243	261	0	0.05	0.05	0	
24/01/2012 13:48:52	TASTEGGIO	0	1	7700	52644	66243	266	0	0.05	0.05	0	
24/01/2012 13:49:13	TASTEGGIO	0	2	7700	52644	66243	276	0	0.05	0.05	0	
24/01/2012 13:49:34	TASTEGGIO	0	3	7700	52644	66242	291	0	0.04	0.04	0	
24/01/2012 13:49:44	TASTEGGIO	0	3	7700	52644	90529	291	0	0.04	0.05	44500	
24/01/2012 13:50:08	TASTEGGIO	1	0	7700	52644	46077	261	0	0.05	0.05	0	
24/01/2012 13:50:19	TASTEGGIO	1	0	7700	52644	90505	261	0	0.04	0.06	44500	
24/01/2012 13:50:43	TASTEGGIO	1	0	7700	52644	46065	262	-1	0.05	0.05	0	
24/01/2012 13:50:54	TASTEGGIO	1	0	7700	52644	90501	262	-1	0.05	0.06	44500	
24/01/2012 13:51:18	TASTEGGIO	1	0	7700	52644	46067	262	-1	0.06	0.06	0	
24/01/2012 13:51:37	TASTEGGIO	0	1	7700	52644	46061	268	0	0.05	0.05	0	
24/01/2012 13:51:48	TASTEGGIO	0	1	7700	52644	90504	268	0	0.05	0.05	0	
24/01/2012 13:53:35	TASTEGGIO	0	1	7700	52644	90702	268	0	0.05	0.11	24500	
24/01/2012 13:54:00	TASTEGGIO	1	0	7700	52644	66237	268	-1	0.10	0.10	0	
24/01/2012 13:54:20	TASTEGGIO	0	1	7700	52644	66237	277	0	0.10	0.10	0	
24/01/2012 13:54:41	TASTEGGIO	0	2	7700	52644	66236	297	-1	0.10	0.10	0	
24/01/2012 13:55:03	TASTEGGIO	0	3	7700	52644	66235	327	-1	0.10	0.10	0	
24/01/2012 13:55:25	TASTEGGIO	0	4	7700	52644	66235	367	-2	0.08	0.08	0	
24/01/2012 13:55:47	TASTEGGIO	0	5	7700	52644	66317	381	-2	0.07	0.07	0	
24/01/2012 13:56:09	TASTEGGIO	0	6	7700	52644	66317	400	-2	0.05	0.05	0	
24/01/2012 13:56:31	TASTEGGIO	0	7	7700	52644	66317	400	-1	0.04	0.04	0	
24/01/2012 13:56:41	TASTEGGIO	0	7	7700	52644	90526	400	-1	0.06	0.14	-24500	
24/01/2012 13:57:07	TASTEGGIO	1	0	7700	52644	114993	272	-1	0.13	0.13	0	
24/01/2012 13:57:27	TASTEGGIO	0	1	7700	52644	114997	284	-1	0.13	0.13	0	
24/01/2012 13:57:48	TASTEGGIO	0	2	7700	52644	115001	310	-1	0.13	0.13	0	
24/01/2012 13:58:11	TASTEGGIO	0	3	7700	52644	115005	349	-1	0.12	0.12	0	
24/01/2012 13:58:35	TASTEGGIO	0	4	7700	52644	115006	393	-5	0.08	0.08	0	
24/01/2012 13:58:57	TASTEGGIO	0	5	7700	52644	115009	400	-1	0.06	0.06	0	
24/01/2012 13:59:19	TASTEGGIO	0	6	7700	52644	115009	400	-1	0.06	0.06	0	
24/01/2012 13:59:42	TASTEGGIO	0	7	7700	52644	115009	400	-1	0.05	0.05	0	
24/01/2012 14:00:04	TASTEGGIO	0	8	7700	52644	115009	400	-5	0.05	0.05	0	
24/01/2012 14:00:26	TASTEGGIO	0	9	7700	52644	115009	400	-4	0.01	0.01	0	
24/01/2012 14:00:36	TASTEGGIO	0	9	7700	52644	90708	400	-4	0.09	0.12	24500	
24/01/2012 14:01:01	TASTEGGIO	1	0	7700	52644	66244	270	-2	0.12	0.12	0	
24/01/2012 14:01:22	TASTEGGIO	0	1	7700	52644	66243	282	0	0.12	0.12	0	
24/01/2012 14:01:42	TASTEGGIO	0	2	7700	52644	66243	306	0	0.12	0.12	0	
24/01/2012 14:02:03	TASTEGGIO	0	3	7700	52644	66242	342	0	0.11	0.11	0	
24/01/2012 14:02:25	TASTEGGIO	0	4	7700	52644	66242	382	0	0.11	0.11	0	
24/01/2012 14:02:47	TASTEGGIO	0	5	7700	52644	66293	400	-1	0.11	0.11	0	
24/01/2012 14:03:08	TASTEGGIO	0	6	7700	52644	66294	400	-2	0.12	0.12	0	
24/01/2012 14:03:31	TASTEGGIO	0	7	7700	52644	66294	400	-1	0.09	0.09	0	
24/01/2012 14:03:52	TASTEGGIO	0	8	7700	52644	66294	400	-1	0.09	0.09	0	
24/01/2012 14:04:15	TASTEGGIO	0	9	7700	52644	66294	400	0	0.09	0.09	0	
24/01/2012 14:04:37	TASTEGGIO	0	10	7700	52644	66294	400	-1	0.08	0.08	0	
24/01/2012 14:04:59	TASTEGGIO	0	11	7700	52644	66294	400	0	0.08	0.08	0	
24/01/2012 14:05:21	TASTEGGIO	0	12	7700	52644	66294	400	0	0.08	0.08	0	
24/01/2012 14:05:42	TASTEGGIO	0	13	7700	52644	66294	400	-1	0.07	0.07	0	
24/01/2012 14:05:43	ALARM 401		
24/01/2012 14:05:46	ALARM 401		
24/01/2012 14:05:46	ALARM 401		
24/01/2012 14:05:49	ALARM 401		
24/01/2012 14:06:13	TASTEGGIO	0	13	7700	52644	90525	400	-1	0.06	0.08	24500	
24/01/2012 14:06:42	TASTEGGIO	0	13	7700	52644	66083	432	-2	0.06	0.06	0	
24/01/2012 14:07:14	TASTEGGIO	0	13	7700	52644	90518	444	-2	0.05	0.07	-44500	
24/01/2012 14:07:45	TASTEGGIO	0	13	7700	52644	134982	465	-26	0.19	0.19	0	
24/01/2012 14:08:11	TASTEGGIO	0	13	7700	52644	134990	465	-41	0.21	0.21	0	
24/01/2012 14:08:36	TASTEGGIO	0	13	7700	52644	134994	465	-31	0.10	0.10	0	
24/01/2012 14:09:03	TASTEGGIO	0	13	7700	52644	134997	454	-31	0.20	0.20	0	
24/01/2012 14:09:29	TASTEGGIO	0	13	7700	52644	135001	454	-32	0.14	0.14	0	
24/01/2012 14:10:01	TASTEGGIO	0	13	7700	52644	90722	454	-27	0.12	0.13	-44500	
24/01/2012 14:10:30	TASTEGGIO	0	13	7700	52644	135163	454	-37	0.23	0.23	0	
24/01/2012 14:10:55	TASTEGGIO	0	13	7700	52644	135181	454	-25	0.03	0.03	0	
24/01/2012 14:11:10	TASTEGGIO	0	13	7700	52644	90718	454	-25	0.09	0.09	0	
24/01/2012 14:11:38	TASTEGGIO	0	13	7700	52644	90742	418	-21	0.12	0.12	0	
24/01/2012 14:12:03	TASTEGGIO	0	13	7700	52644	90742	418	-23	0.12	0.12	0	
24/01/2012 14:12:32	TASTEGGIO	0	13	7700	52644	90703	418	-21	0.09	0.12	44500	
24/01/2012 14:13:07	TASTEGGIO	0	13	7700	52644	90523	437	-2	0.07	0.11	44500	
24/01/2012 14:13:44	TASTEGGIO	0	13	7700	52644	90508	448	-1	0.07	0.10	24500	
24/01/2012 14:14:14	TASTEGGIO	0	13	7700	52644	66076	453	-12	0.02	0.02	0	
24/01/2012 14:14:29	TASTEGGIO	0	13	7700	52644	90498	453	-12	0.03	0.05	-24500	
24/01/2012 14:14:51	TASTEGGIO	0	13	7700	52644	90662	453	-12	0.03	0.05	-24500	
24/01/2012 14:16:38	TASTEGGIO	0	13	7700	52644	90699	453	-12	0.05	0.06	24500	
24/01/2012 14:17:03	TASTEGGIO	1	0	7700	52644	66235	262	-1	0.05	0.05	0	
24/01/2012 14:17:23	TASTEGGIO	0	1	7700	52644	66235	266	0	0.05	0.05	0	
24/01/2012 14:17:45	TASTEGGIO	0	2	7700	52644	66234	276	0	0.05	0.05	0	
24/01/2012 14:18:05	TASTEGGIO	0	3	7700	52644	66233	291	-1	0.04	0.04	0	
24/01/2012 14:18:15	TASTEGGIO	0	3	7700	52644	90528	291	-1	0.04	0.05	24500	
24/01/2012 14:18:40	TASTEGGIO	1	0	7700	52644	66077	261	0	0.05	0.05	0	
24/01/2012 14:19:01	TASTEGGIO	0	1	7700	52644	66076	266	0	0.05	0.05	0	
24/01/2012 14:19:21	TASTEGGIO	0	2	7700	52644	66073	276	0	0.05	0.05	0	
24/01/2012 14:19:43	TASTEGGIO	0	3	7700	52644	66072	291	0	0.04	0.04	0	
24/01/2012 14:19:53	TASTEGGIO	0	3	7700	52644	90531	291	0	0.04	0.05	24500	
24/01/2012 14:20:17	TASTEGGIO	1	0	7700	52644	66083	261	0	0.05	0.05	0	
24/01/2012 14:20:37	TASTEGGIO	0	1	7700	52644	66080	266	0	0.05	0.05	0	
24/01/2012 14:20:59	TASTEGGIO	0	2	7700	52644	66079	276	0	0.06	0.06	0	
24/01/2012 14:21:21	TASTEGGIO	0	3	7700	52644	66078	297	-1	0.05	0.05	0	
24/01/2012 14:21:41	TASTEGGIO	0	4	7700	52644	66076	313	-1	0.04	0.04	0	
24/01/2012 14:21:52	TASTEGGIO	0	4	7700	52644	90531	313	-1	0.05	0.05	0	
24/01/2012 14:22:14	TASTEGGIO	1	0	7700	52644	90531	261	-1	0.03	0.03	0	
24/01/2012 14:22:22	TASTEGGIO	1	0	7700	52644	90535	261	-1	0.04	0.05	24500	
24/01/2012 14:22:46	TASTEGGIO	1	0	7700	52644	66088	261	0	0.05	0.05	0	
24/01/2012 14:23:06	TASTEGGIO	0	1	7700	52644	66084	266	-1	0.05	0.05	0	
24/01/2012 14:23:16	TASTEGGIO	0	1	7700	52644	90522	266	-1	0.04	0.05	44500	
24/01/2012 14:25:03	TASTEGGIO	0	1	7700	52644	90614	266	-1	0.03	0.06	44500	
24/01/2012 14:25:28	TASTEGGIO	1	0	7700	52644	46149	262	-1	0.05	0.05	0	
24/01/2012 14:25:39	TASTEGGIO	1	0	7700	52644	90435	262	-1	0.03	0.05	44500	
24/01/2012 14:27:26	TASTEGGIO	1	0	7700	52644	90696	262	-1	0.10	0.11	24500	
24/01/2012 14:27:51	TASTEGGIO	1	0	7700	52644	66230	268	-1	0.11	0.11	0	
24/01/2012 14:28:11	TASTEGGIO	0	1	7700	52644	66230	279	0	0.09	0.09	0	
24/01/2012 14:28:31	TASTEGGIO	0	2	7700	52644	66229	293	-1	0.09	0.09	0	
24/01/2012 14:28:52	TASTEGGIO	0	3	7700	52644	66228	320	-1	0.09	0.09	0	
24/01/2012 14:29:15	TASTEGGIO	0	4	7700	52644	66227	356	-3	0.07	0.07	0	
24/01/2012 14:29:36	TASTEGGIO	0	5	7700	52644	66298	368	-2	0.05	0.05	0	
24/01/2012 14:29:47	TASTEGGIO	0	5	7700	52644	90532	368	-2	0.08	0.12	-24500	
24/01/2012 14:30:12	TASTEGGIO	1	0	7700	52644	114997	270	-1	0.11	0.11	0	
24/01/2012 14:30:33	TASTEGGIO	0	1	7700	52644	115001	280	0	0.12	0.12	0	
24/01/2012 14:30:54	TASTEGGIO	0	2	7700	52644	115004	306	0	0.12	0.12	0	
24/01/2012 14:31:16	TASTEGGIO	0	3	7700	52644	115008	342	-1	0.11	0.11	0	
24/01/2012 14:31:39	TASTEGGIO	0	4	7700	52644	115009	382	-3	0.09	0.09	0	
24/01/2012 14:32:01	TASTEGGIO	0	5	7700	52644	115010	400	-3	0.06	0.06	0	
24/01/2012 14:32:23	TASTEGGIO	0	6	7700	52644	115010	400	-2	0.06	0.06	0	
24/01/2012 14:32:46	TASTEGGIO	0	7	7700	52644	115010	400	-2	0.05	0.05	0	
24/01/2012 14:32:57	TASTEGGIO	0	7	7700	52644	90706	400	-2	0.09	0.09	0	
24/01/2012 14:33:19	TASTEGGIO	1	0	7700	52644	90728	266	-1	0.08	0.08	0	
24/01/2012 14:33:39	TASTEGGIO	0	1	7700	52644	90730	273	0	0.08	0.08	0	
24/01/2012 14:33:59	TASTEGGIO	0	2	7700	52644	90731	289	0	0.07	0.07	0	
24/01/2012 14:34:21	TASTEGGIO	0	3	7700	52644	90730	307	-2	0.07	0.07	0	
24/01/2012 14:34:42	TASTEGGIO	0	4	7700	52644	90729	335	-3	0.04	0.04	0	
24/01/2012 14:34:51	TASTEGGIO	0	4	7700	52644	90703	335	-3	0.04	0.09	-44500	
24/01/2012 14:35:17	TASTEGGIO	1	0	7700	52644	135141	266	0	0.08	0.08	0	
24/01/2012 14:35:37	TASTEGGIO	0	1	7700	52644	135158	273	0	0.08	0.08	0	
24/01/2012 14:35:58	TASTEGGIO	0	2	7700	52644	135171	289	0	0.07	0.07	0	
24/01/2012 14:36:19	TASTEGGIO	0	3	7700	52644	135173	307	-1	0.07	0.07	0	
24/01/2012 14:36:40	TASTEGGIO	0	4	7700	52644	135174	335	-1	0.06	0.06	0	
24/01/2012 14:37:01	TASTEGGIO	0	5	7700	52644	135175	360	-2	0.04	0.04	0	
24/01/2012 14:37:12	TASTEGGIO	0	5	7700	52644	90734	360	-2	0.07	0.08	24500	
24/01/2012 14:37:37	TASTEGGIO	1	0	7700	52644	66272	265	-1	0.08	0.08	0	
24/01/2012 14:37:57	TASTEGGIO	0	1	7700	52644	66272	273	-1	0.07	0.07	0	
24/01/2012 14:38:18	TASTEGGIO	0	2	7700	52644	66271	285	0	0.08	0.08	0	
24/01/2012 14:38:38	TASTEGGIO	0	3	7700	52644	66271	312	0	0.07	0.07	0	
24/01/2012 14:38:59	TASTEGGIO	0	4	7700	52644	66270	336	-1	0.07	0.07	0	
24/01/2012 14:39:21	TASTEGGIO	0	5	7700	52644	66270	371	-2	0.06	0.06	0	
24/01/2012 14:39:42	TASTEGGIO	0	6	7700	52644	66271	400	-8	0.06	0.06	0	
24/01/2012 14:40:04	TASTEGGIO	0	1	7700	52644	66270	394	-11	0.06	0.06	0	
24/01/2012 14:40:26	TASTEGGIO	0	1	7700	52644	66270	388	-3	0.02	0.02	0	
24/01/2012 14:40:36	TASTEGGIO	0	1	7700	52644	90533	388	-3	0.04	0.08	-24500	
24/01/2012 14:41:01	TASTEGGIO	1	0	7700	52644	115004	265	-2	0.08	0.08	0	
24/01/2012 14:41:22	TASTEGGIO	0	1	7700	52644	115010	273	0	0.08	0.08	0	
24/01/2012 14:41:44	TASTEGGIO	0	2	7700	52644	115011	289	0	0.07	0.07	0	
24/01/2012 14:42:04	TASTEGGIO	0	3	7700	52644	115012	307	0	0.07	0.07	0	
24/01/2012 14:42:25	TASTEGGIO	0	4	7700	52644	115013	335	-1	0.07	0.07	0	
24/01/2012 14:42:48	TASTEGGIO	0	5	7700	52644	115015	370	-1	0.06	0.06	0	
24/01/2012 14:43:09	TASTEGGIO	0	6	7700	52644	115015	400	-2	0.05	0.05	0	
24/01/2012 14:43:19	TASTEGGIO	0	6	7700	52644	90708	400	-2	0.05	0.05	24500	
24/01/2012 14:45:05	TASTEGGIO	0	6	7700	52644	90688	400	-2	0.04	0.05	-24500	
24/01/2012 14:46:52	TASTEGGIO	0	6	7700	52644	90689	400	-2	0.04	0.07	24500	
24/01/2012 14:47:17	TASTEGGIO	1	0	7700	52644	66219	263	-1	0.07	0.07	0	
24/01/2012 14:47:37	TASTEGGIO	0	1	7700	52644	66218	270	0	0.07	0.07	0	
24/01/2012 14:47:59	TASTEGGIO	0	2	7700	52644	66217	284	0	0.07	0.07	0	
24/01/2012 14:48:21	TASTEGGIO	0	3	7700	52644	66217	305	-1	0.07	0.07	0	
24/01/2012 14:48:42	TASTEGGIO	0	4	7700	52644	66216	333	-1	0.07	0.07	0	
24/01/2012 14:49:04	TASTEGGIO	0	5	7700	52644	66286	368	0	0.06	0.06	0	
24/01/2012 14:49:27	TASTEGGIO	0	6	7700	52644	66286	398	-4	0.05	0.05	0	
24/01/2012 14:49:37	TASTEGGIO	0	6	7700	52644	90532	398	-4	0.01	0.05	24500	
24/01/2012 14:51:24	TASTEGGIO	0	6	7700	52644	90691	398	-4	0.08	0.08	0	
24/01/2012 14:51:48	TASTEGGIO	1	0	7700	52644	90711	265	-4	0.06	0.06	0	
24/01/2012 14:52:08	TASTEGGIO	0	1	7700	52644	90712	269	0	0.05	0.05	0	
24/01/2012 14:52:17	TASTEGGIO	0	1	7700	52644	90685	269	0	0.05	0.08	24500	
24/01/2012 14:52:41	TASTEGGIO	1	0	7700	52644	66212	265	-1	0.08	0.08	0	
24/01/2012 14:53:03	TASTEGGIO	0	1	7700	52644	66212	273	-1	0.07	0.07	0	
24/01/2012 14:53:23	TASTEGGIO	0	2	7700	52644	66211	285	0	0.08	0.08	0	
24/01/2012 14:53:45	TASTEGGIO	0	3	7700	52644	66211	312	-1	0.07	0.07	0	
24/01/2012 14:54:07	TASTEGGIO	0	4	7700	52644	66210	336	-2	0.06	0.06	0	
24/01/2012 14:54:29	TASTEGGIO	0	5	7700	52644	66293	361	-4	0.04	0.04	0	
24/01/2012 14:54:40	TASTEGGIO	0	5	7700	52644	90532	361	-4	0.04	0.06	44500	
24/01/2012 14:55:04	TASTEGGIO	1	0	7700	52644	46068	262	0	0.06	0.06	0	
24/01/2012 14:55:23	TASTEGGIO	0	1	7700	52644	46067	268	0	0.06	0.06	0	
24/01/2012 14:55:44	TASTEGGIO	0	2	7700	52644	46066	280	0	0.06	0.06	0	
24/01/2012 14:56:05	TASTEGGIO	0	3	7700	52644	46065	298	-1	0.06	0.06	0	
24/01/2012 14:56:26	TASTEGGIO	0	4	7700	52644	46065	322	0	0.07	0.07	0	
24/01/2012 14:56:48	TASTEGGIO	0	5	7700	52644	46147	362	0	0.06	0.06	0	
24/01/2012 14:57:10	TASTEGGIO	0	6	7700	52644	46147	392	-3	0.04	0.04	0	
24/01/2012 14:57:21	TASTEGGIO	0	6	7700	52644	90530	392	-3	0.05	0.05	0	
24/01/2012 14:59:08	TASTEGGIO	0	6	7700	52644	90692	392	-3	0.05	0.05	0	
24/01/2012 15:00:55	TASTEGGIO	0	6	7700	52644	90689	392	-3	0.12	0.12	0	
24/01/2012 15:01:19	TASTEGGIO	1	0	7700	52644	90708	270	-2	0.11	0.11	0	
24/01/2012 15:01:41	TASTEGGIO	0	1	7700	52644	90709	280	0	0.11	0.11	0	
24/01/2012 15:02:02	TASTEGGIO	0	2	7700	52644	90710	302	-1	0.12	0.12	0	
24/01/2012 15:02:25	TASTEGGIO	0	3	7700	52644	90709	341	-2	0.09	0.09	0	
24/01/2012 15:02:48	TASTEGGIO	0	4	7700	52644	90709	354	-3	0.07	0.07	0	
24/01/2012 15:03:10	TASTEGGIO	0	5	7700	52644	90718	366	-2	0.07	0.07	0	
24/01/2012 15:03:33	TASTEGGIO	0	6	7700	52644	90718	400	-5	0.03	0.03	0	
24/01/2012 15:03:42	TASTEGGIO	0	6	7700	52644	90683	400	-5	0.02	0.12	24500	
24/01/2012 15:04:06	TASTEGGIO	1	0	7700	52644	66208	270	0	0.11	0.11	0	
24/01/2012 15:04:28	TASTEGGIO	0	1	7700	52644	66209	280	-1	0.11	0.11	0	
24/01/2012 15:04:50	TASTEGGIO	0	2	7700	52644	66208	302	0	0.11	0.11	0	
24/01/2012 15:05:11	TASTEGGIO	0	3	7700	52644	66208	335	-1	0.10	0.10	0	
24/01/2012 15:05:32	TASTEGGIO	0	4	7700	52644	66207	371	-3	0.09	0.09	0	
24/01/2012 15:05:55	TASTEGGIO	0	5	7700	52644	66287	400	-4	0.05	0.05	0	
24/01/2012 15:06:05	TASTEGGIO	0	5	7700	52644	90537	400	-4	0.04	0.12	-24500	
24/01/2012 15:06:30	TASTEGGIO	1	0	7700	52644	115005	270	-2	0.10	0.10	0	
24/01/2012 15:06:50	TASTEGGIO	0	1	7700	52644	115007	278	-1	0.10	0.10	0	
24/01/2012 15:07:12	TASTEGGIO	0	2	7700	52644	115009	298	-1	0.09	0.09	0	
24/01/2012 15:07:33	TASTEGGIO	0	3	7700	52644	115012	322	-3	0.07	0.07	0	
24/01/2012 15:07:56	TASTEGGIO	0	4	7700	52644	115014	332	-4	0.03	0.03	0	
24/01/2012 15:08:06	TASTEGGIO	0	4	7700	52644	90681	332	-4	0.07	0.10	24500	
24/01/2012 15:08:31	TASTEGGIO	1	0	7700	52644	66212	267	0	0.09	0.09	0	
24/01/2012 15:08:51	TASTEGGIO	0	1	7700	52644	66209	275	0	0.09	0.09	0	
24/01/2012 15:09:13	TASTEGGIO	0	2	7700	52644	66208	293	-1	0.09	0.09	0	
24/01/2012 15:09:33	TASTEGGIO	0	3	7700	52644	66207	320	0	0.09	0.09	0	
24/01/2012 15:09:54	TASTEGGIO	0	4	7700	52644	66207	356	-1	0.09	0.09	0	
24/01/2012 15:10:17	TASTEGGIO	0	5	7700	52644	66265	400	-2	0.07	0.07	0	
24/01/2012 15:10:38	TASTEGGIO	0	6	7700	52644	66265	400	-1	0.05	0.05	0	
24/01/2012 15:10:49	TASTEGGIO	0	6	7700	52644	90537	400	-1	0.05	0.08	-44500	
24/01/2012 15:11:14	TASTEGGIO	1	0	7700	52644	134998	265	-1	0.08	0.08	0	
24/01/2012 15:11:35	TASTEGGIO	0	1	7700	52644	135010	273	-1	0.07	0.07	0	
24/01/2012 15:11:57	TASTEGGIO	0	2	7700	52644	135012	285	-1	0.06	0.06	0	
24/01/2012 15:12:17	TASTEGGIO	0	3	7700	52644	135014	300	-1	0.05	0.05	0	
24/01/2012 15:12:28	TASTEGGIO	0	3	7700	52644	90696	300	-1	0.06	0.07	24500	
24/01/2012 15:12:53	TASTEGGIO	1	0	7700	52644	66228	263	0	0.07	0.07	0	
24/01/2012 15:13:12	TASTEGGIO	0	1	7700	52644	66228	270	0	0.06	0.06	0	
24/01/2012 15:13:33	TASTEGGIO	0	2	7700	52644	66227	280	0	0.06	0.06	0	
24/01/2012 15:13:53	TASTEGGIO	0	3	7700	52644	66227	298	0	0.06	0.06	0	
24/01/2012 15:14:15	TASTEGGIO	0	4	7700	52644	66226	322	0	0.06	0.06	0	
24/01/2012 15:14:36	TASTEGGIO	0	5	7700	52644	66225	352	0	0.07	0.07	0	
24/01/2012 15:14:58	TASTEGGIO	0	6	7700	52644	66226	400	-1	0.06	0.06	0	
24/01/2012 15:15:21	TASTEGGIO	0	7	7700	52644	66226	400	0	0.06	0.06	0	
24/01/2012 15:15:43	TASTEGGIO	0	8	7700	52644	66226	400	-1	0.05	0.05	0	
24/01/2012 15:15:54	TASTEGGIO	0	8	7700	52644	90530	400	-1	0.06	0.06	0	
24/01/2012 15:16:16	TASTEGGIO	1	0	7700	52644	90532	262	-1	0.05	0.05	0	
24/01/2012 15:16:24	TASTEGGIO	1	0	7700	52644	90537	262	-1	0.06	0.06	44500	
24/01/2012 15:16:48	TASTEGGIO	1	0	7700	52644	46076	262	0	0.07	0.07	0	
24/01/2012 15:17:06	TASTEGGIO	0	1	7700	52644	46074	270	0	0.06	0.06	0	
24/01/2012 15:17:25	TASTEGGIO	0	2	7700	52644	46072	280	0	0.07	0.07	0	
24/01/2012 15:17:45	TASTEGGIO	0	3	7700	52644	46071	304	0	0.07	0.07	0	
24/01/2012 15:18:05	TASTEGGIO	0	4	7700	52644	46070	332	0	0.07	0.07	0	
24/01/2012 15:18:27	TASTEGGIO	0	5	7700	52644	46070	367	0	0.06	0.06	0	
24/01/2012 15:18:49	TASTEGGIO	0	6	7700	52644	46071	397	0	0.05	0.05	0	
24/01/2012 15:19:00	TASTEGGIO	0	6	7700	52644	90539	397	0	0.06	0.06	0	
24/01/2012 15:19:22	TASTEGGIO	1	0	7700	52644	90541	262	-1	0.05	0.05	0	
24/01/2012 15:19:30	TASTEGGIO	1	0	7700	52644	90545	262	-1	0.06	0.06	44500	
24/01/2012 15:19:54	TASTEGGIO	1	0	7700	52644	46077	262	0	0.05	0.05	0	
24/01/2012 15:20:05	TASTEGGIO	1	0	7700	52644	90534	262	0	0.06	0.06	0	
24/01/2012 15:20:26	TASTEGGIO	1	0	7700	52644	90534	262	-1	0.07	0.07	0	
24/01/2012 15:20:47	TASTEGGIO	0	1	7700	52644	90537	270	0	0.06	0.06	0	
24/01/2012 15:21:06	TASTEGGIO	0	2	7700	52644	90539	280	-1	0.06	0.06	0	
24/01/2012 15:21:28	TASTEGGIO	0	3	7700	52644	90543	298	0	0.05	0.05	0	
24/01/2012 15:21:36	TASTEGGIO	0	3	7700	52644	90551	298	0	0.06	0.07	-44500	
24/01/2012 15:22:01	TASTEGGIO	1	0	7700	52644	135006	263	-1	0.07	0.07	0	
24/01/2012 15:22:21	TASTEGGIO	0	1	7700	52644	135018	270	0	0.06	0.06	0	
24/01/2012 15:22:42	TASTEGGIO	0	2	7700	52644	135021	280	0	0.06	0.06	0	
24/01/2012 15:23:03	TASTEGGIO	0	3	7700	52644	135022	298	0	0.06	0.06	0	
24/01/2012 15:23:23	TASTEGGIO	0	4	7700	52644	135023	322	-2	0.03	0.03	0	
24/01/2012 15:23:34	TASTEGGIO	0	4	7700	52644	90705	322	-2	0.07	0.07	0	
24/01/2012 15:23:56	TASTEGGIO	1	0	7700	52644	90727	263	-1	0.07	0.07	0	
24/01/2012 15:24:16	TASTEGGIO	0	1	7700	52644	90728	270	-1	0.07	0.07	0	
24/01/2012 15:24:35	TASTEGGIO	0	2	7700	52644	90728	284	0	0.07	0.07	0	
24/01/2012 15:24:57	TASTEGGIO	0	3	7700	52644	90729	305	0	0.07	0.07	0	
24/01/2012 15:25:17	TASTEGGIO	0	4	7700	52644	90729	333	0	0.07	0.07	0	
24/01/2012 15:25:39	TASTEGGIO	0	5	7700	52644	90728	368	0	0.06	0.06	0	
24/01/2012 15:26:02	TASTEGGIO	0	6	7700	52644	90728	398	-2	0.05	0.05	0	
24/01/2012 15:26:10	TASTEGGIO	0	6	7700	52644	90697	398	-2	0.05	0.06	44500	
24/01/2012 15:26:34	TASTEGGIO	1	0	7700	52644	46227	262	-1	0.06	0.06	0	
24/01/2012 15:26:53	TASTEGGIO	0	1	7700	52644	46228	268	0	0.06	0.06	0	
24/01/2012 15:27:12	TASTEGGIO	0	2	7700	52644	46227	280	0	0.07	0.07	0	
24/01/2012 15:27:32	TASTEGGIO	0	3	7700	52644	46227	304	0	0.07	0.07	0	
24/01/2012 15:27:53	TASTEGGIO	0	4	7700	52644	46227	332	0	0.06	0.06	0	
24/01/2012 15:28:13	TASTEGGIO	0	5	7700	52644	46226	357	0	0.06	0.06	0	
24/01/2012 15:30:16	TASTEGGIO	0	6	7700	52644	90696	393	-1	0.06	0.08	44500	
24/01/2012 15:30:41	TASTEGGIO	1	0	7700	52644	46226	265	0	0.07	0.07	0	
24/01/2012 15:31:03	TASTEGGIO	0	1	7700	52644	46226	271	-1	0.08	0.08	0	
24/01/2012 15:31:23	TASTEGGIO	0	2	7700	52644	46226	289	-2	0.07	0.07	0	
24/01/2012 15:31:45	TASTEGGIO	0	3	7700	52644	46226	307	-1	0.07	0.07	0	
24/01/2012 15:32:07	TASTEGGIO	0	4	7700	52644	46225	335	0	0.07	0.07	0	
24/01/2012 15:32:29	TASTEGGIO	0	5	7700	52644	46329	370	0	0.08	0.08	0	
24/01/2012 15:32:52	TASTEGGIO	0	6	7700	52644	46330	400	0	0.07	0.07	0	
24/01/2012 15:33:15	TASTEGGIO	0	7	7700	52644	46330	400	0	0.07	0.07	0	
24/01/2012 15:33:36	TASTEGGIO	0	8	7700	52644	46330	400	0	0.07	0.07	0	
24/01/2012 15:33:59	TASTEGGIO	0	9	7700	52644	46330	400	-1	0.07	0.07	0	
24/01/2012 15:34:22	TASTEGGIO	0	10	7700	52644	46330	400	-1	0.07	0.07	0	
24/01/2012 15:34:44	TASTEGGIO	0	11	7700	52644	46330	400	-2	0.07	0.07	0	
24/01/2012 15:35:07	TASTEGGIO	0	12	7700	52644	46330	400	-1	0.06	0.06	0	
24/01/2012 15:35:28	TASTEGGIO	0	13	7700	52644	46330	400	0	0.06	0.06	0	
24/01/2012 15:35:51	TASTEGGIO	0	14	7700	52644	46331	400	0	0.06	0.06	0	
24/01/2012 15:36:13	TASTEGGIO	0	15	7700	52644	46330	400	0	0.06	0.06	0	
24/01/2012 15:36:35	TASTEGGIO	0	16	7700	52644	46330	400	0	0.06	0.06	0	
24/01/2012 15:36:57	TASTEGGIO	0	17	7700	52644	46331	400	-1	0.07	0.07	0	
24/01/2012 15:37:18	TASTEGGIO	0	18	7700	52644	46330	400	0	0.07	0.07	0	
24/01/2012 15:37:40	TASTEGGIO	0	19	7700	52644	46330	400	0	0.07	0.07	0	
24/01/2012 15:38:02	TASTEGGIO	0	20	7700	52644	46331	400	-1	0.07	0.07	0	
24/01/2012 15:38:13	TASTEGGIO	0	20	7700	52644	90534	400	-1	0.06	0.06	24500	
24/01/2012 15:39:59	TASTEGGIO	0	20	7700	52644	90696	400	-1	0.10	0.11	24500	
24/01/2012 15:40:25	TASTEGGIO	1	0	7700	52644	66224	268	-1	0.10	0.10	0	
24/01/2012 15:40:45	TASTEGGIO	0	1	7700	52644	66224	277	0	0.11	0.11	0	
24/01/2012 15:41:06	TASTEGGIO	0	2	7700	52644	66224	301	0	0.10	0.10	0	
24/01/2012 15:41:28	TASTEGGIO	0	3	7700	52644	66223	328	-1	0.09	0.09	0	
24/01/2012 15:41:50	TASTEGGIO	0	4	7700	52644	66222	360	-1	0.09	0.09	0	
24/01/2012 15:42:12	TASTEGGIO	0	5	7700	52644	66300	400	-2	0.07	0.07	0	
24/01/2012 15:42:35	TASTEGGIO	0	6	7700	52644	66300	400	-1	0.06	0.06	0	
24/01/2012 15:42:57	TASTEGGIO	0	7	7700	52644	66300	400	-1	0.05	0.05	0	
24/01/2012 15:43:07	TASTEGGIO	0	7	7700	52644	90540	400	-1	0.08	0.08	0	
24/01/2012 15:43:30	TASTEGGIO	1	0	7700	52644	90543	265	-2	0.07	0.07	0	
24/01/2012 15:43:51	TASTEGGIO	0	1	7700	52644	90544	271	-1	0.08	0.08	0	
24/01/2012 15:44:13	TASTEGGIO	0	2	7700	52644	90548	289	-1	0.07	0.07	0	
24/01/2012 15:44:34	TASTEGGIO	0	3	7700	52644	90552	307	-1	0.06	0.06	0	
24/01/2012 15:44:55	TASTEGGIO	0	4	7700	52644	90556	327	-1	0.05	0.05	0	
24/01/2012 15:45:03	TASTEGGIO	0	4	7700	52644	90562	327	-1	0.06	0.06	-44500	
24/01/2012 15:45:30	TASTEGGIO	1	0	7700	52644	135011	262	-1	0.05	0.05	0	
24/01/2012 15:45:40	TASTEGGIO	1	0	7700	52644	90694	262	-1	0.06	0.06	0	
24/01/2012 15:46:04	TASTEGGIO	1	0	7700	52644	90715	262	-1	0.05	0.05	0	
24/01/2012 15:46:12	TASTEGGIO	1	0	7700	52644	90691	262	-1	0.05	0.06	-44500	
24/01/2012 15:46:38	TASTEGGIO	1	0	7700	52644	135135	262	-1	0.06	0.06	0	
24/01/2012 15:46:59	TASTEGGIO	0	1	7700	52644	135152	268	0	0.05	0.05	0	
24/01/2012 15:47:10	TASTEGGIO	0	1	7700	52644	90699	268	0	0.06	0.06	0	
24/01/2012 15:47:33	TASTEGGIO	1	0	7700	52644	90721	262	0	0.06	0.06	0	
24/01/2012 15:47:54	TASTEGGIO	0	1	7700	52644	90721	268	-1	0.05	0.05	0	
24/01/2012 15:48:02	TASTEGGIO	0	1	7700	52644	90698	268	-1	0.05	0.06	-44500	
24/01/2012 15:48:28	TASTEGGIO	1	0	7700	52644	135143	262	-1	0.06	0.06	0	
24/01/2012 15:48:48	TASTEGGIO	0	1	7700	52644	135159	268	-1	0.06	0.06	0	
24/01/2012 15:49:10	TASTEGGIO	0	2	7700	52644	135169	280	-1	0.06	0.06	0	
24/01/2012 15:49:33	TASTEGGIO	0	3	7700	52644	135171	298	-1	0.05	0.05	0	
24/01/2012 15:49:44	TASTEGGIO	0	3	7700	52644	90712	298	-1	0.08	0.08	0	
24/01/2012 15:50:06	TASTEGGIO	1	0	7700	52644	90737	265	-1	0.07	0.07	0	
24/01/2012 15:50:27	TASTEGGIO	0	1	7700	52644	90737	271	-1	0.06	0.06	0	
24/01/2012 15:50:47	TASTEGGIO	0	2	7700	52644	90738	281	-1	0.06	0.06	0	
24/01/2012 15:51:08	TASTEGGIO	0	3	7700	52644	90740	299	-1	0.06	0.06	0	
24/01/2012 15:51:29	TASTEGGIO	0	4	7700	52644	90739	323	-1	0.07	0.07	0	
24/01/2012 15:51:51	TASTEGGIO	0	5	7700	52644	90757	363	-6	0.02	0.02	0	
24/01/2012 15:52:00	TASTEGGIO	0	5	7700	52644	90711	363	-6	0.02	0.07	-44500	
24/01/2012 15:52:26	TASTEGGIO	1	0	7700	52644	135156	263	-1	0.06	0.06	0	
24/01/2012 15:52:36	TASTEGGIO	1	0	7700	52644	90715	263	-1	0.03	0.06	44500	
24/01/2012 15:54:24	TASTEGGIO	1	0	7700	52644	90699	263	-1	0.09	0.09	0	
24/01/2012 15:54:47	TASTEGGIO	1	0	7700	52644	90724	266	-2	0.08	0.08	0	
24/01/2012 15:55:08	TASTEGGIO	0	1	7700	52644	90725	273	-1	0.08	0.08	0	
24/01/2012 15:55:31	TASTEGGIO	0	2	7700	52644	90726	289	-1	0.07	0.07	0	
24/01/2012 15:55:52	TASTEGGIO	0	3	7700	52644	90725	307	-2	0.06	0.06	0	
24/01/2012 15:56:15	TASTEGGIO	0	4	7700	52644	90724	327	-2	0.04	0.04	0	
24/01/2012 15:56:23	TASTEGGIO	0	4	7700	52644	90693	327	-2	0.04	0.10	44500	
24/01/2012 15:56:48	TASTEGGIO	1	0	7700	52644	46223	267	0	0.09	0.09	0	
24/01/2012 15:57:09	TASTEGGIO	0	1	7700	52644	46223	275	-1	0.09	0.09	0	
24/01/2012 15:57:30	TASTEGGIO	0	2	7700	52644	46223	293	-1	0.08	0.08	0	
24/01/2012 15:57:52	TASTEGGIO	0	3	7700	52644	46223	314	0	0.08	0.08	0	
24/01/2012 15:58:14	TASTEGGIO	0	4	7700	52644	46222	346	-1	0.07	0.07	0	
24/01/2012 15:58:35	TASTEGGIO	0	5	7700	52644	46326	376	-3	0.05	0.05	0	
24/01/2012 15:58:46	TASTEGGIO	0	5	7700	52644	90530	376	-3	0.06	0.06	0	
24/01/2012 16:00:33	TASTEGGIO	0	5	7700	52644	90701	376	-3	0.02	0.05	44500	
24/01/2012 16:01:28	ALARM 17	proc 12 prog 10 step 47	LavoroTerminato
24/01/2012 16:01:50	ALARM 406		
26/01/2012 15:22:27	ALARM 401		
26/01/2012 15:22:29	INIT OK
26/01/2012 15:30:31	TASTEGGIO	0	0	9000	57739	112987	0	0	0.12	0.13	-24500	
26/01/2012 15:30:55	TASTEGGIO	1	0	9000	57739	137491	228	-6	0.10	0.10	0	
26/01/2012 15:31:15	TASTEGGIO	0	1	9000	57739	137491	235	-2	0.09	0.09	0	
26/01/2012 15:31:36	TASTEGGIO	0	2	9000	57739	137491	251	-4	0.07	0.07	0	
26/01/2012 15:31:46	TASTEGGIO	0	2	9000	57739	112965	251	-4	0.06	0.07	-24500	
26/01/2012 15:33:33	TASTEGGIO	0	2	9000	57739	112986	251	-4	0.19	0.20	24500	
26/01/2012 15:33:58	TASTEGGIO	1	0	9000	57739	88546	237	-5	0.20	0.20	0	
26/01/2012 15:34:19	TASTEGGIO	0	1	9000	57739	88547	257	-3	0.17	0.17	0	
26/01/2012 15:34:40	TASTEGGIO	0	2	9000	57739	88550	285	-6	0.12	0.12	0	
26/01/2012 15:34:50	TASTEGGIO	0	2	9000	57739	112861	285	-6	0.11	0.11	0	
26/01/2012 15:35:14	TASTEGGIO	1	0	9000	57739	112882	225	-3	0.08	0.08	0	
26/01/2012 15:35:37	TASTEGGIO	0	1	9000	57739	112882	230	-2	0.07	0.07	0	
26/01/2012 15:35:45	TASTEGGIO	0	1	9000	57739	112887	230	-2	0.08	0.09	44500	
26/01/2012 15:36:10	TASTEGGIO	1	0	9000	57739	68438	223	-1	0.09	0.09	0	
26/01/2012 15:36:30	TASTEGGIO	0	1	9000	57739	68433	232	-1	0.09	0.09	0	
26/01/2012 15:36:52	TASTEGGIO	0	2	9000	57739	68430	250	-1	0.07	0.07	0	
26/01/2012 15:37:03	TASTEGGIO	0	2	9000	57739	112858	250	-1	0.06	0.07	-24500	
26/01/2012 15:38:48	TASTEGGIO	0	2	9000	57740	112893	250	-1	0.30	0.31	24500	
26/01/2012 15:39:12	TASTEGGIO	1	0	9000	57740	88459	251	-3	0.27	0.27	0	
26/01/2012 15:39:35	TASTEGGIO	0	1	9000	57740	88458	274	-4	0.24	0.24	0	
26/01/2012 15:39:57	TASTEGGIO	0	2	9000	57740	88457	316	-9	0.16	0.16	0	
26/01/2012 15:40:20	TASTEGGIO	0	3	9000	57740	88457	334	-8	0.08	0.08	0	
26/01/2012 15:40:30	TASTEGGIO	0	3	9000	57740	112769	334	-8	0.10	0.15	-44500	
26/01/2012 15:40:56	TASTEGGIO	1	0	9000	57740	157211	231	-4	0.10	0.10	0	
26/01/2012 15:41:07	TASTEGGIO	1	0	9000	57740	112859	231	-4	0.07	0.11	-44500	
26/01/2012 15:41:32	TASTEGGIO	1	0	9000	57740	157309	225	-2	0.10	0.10	0	
26/01/2012 15:41:54	TASTEGGIO	0	1	9000	57740	157325	234	-1	0.09	0.09	0	
26/01/2012 15:42:15	TASTEGGIO	0	2	9000	57740	157335	250	-2	0.07	0.07	0	
26/01/2012 15:42:26	TASTEGGIO	0	2	9000	57740	112861	250	-2	0.01	0.07	-24500	
26/01/2012 15:44:13	TASTEGGIO	0	2	9000	57740	112890	250	-2	0.21	0.24	-24500	
26/01/2012 15:44:39	TASTEGGIO	1	0	9000	57740	137354	242	-8	0.18	0.18	0	
26/01/2012 15:45:00	TASTEGGIO	0	1	9000	57740	137366	255	-4	0.14	0.14	0	
26/01/2012 15:45:10	TASTEGGIO	0	1	9000	57740	112876	255	-4	0.13	0.16	24500	
26/01/2012 15:45:35	TASTEGGIO	1	0	9000	57740	88455	232	-2	0.11	0.11	0	
26/01/2012 15:45:45	TASTEGGIO	1	0	9000	57740	112759	232	-2	0.11	0.13	-24500	
26/01/2012 15:46:10	TASTEGGIO	1	0	9000	57740	137239	228	-1	0.12	0.12	0	
26/01/2012 15:46:31	TASTEGGIO	0	1	9000	57740	137250	239	-2	0.09	0.09	0	
26/01/2012 15:46:54	TASTEGGIO	0	2	9000	57740	137255	248	-2	0.08	0.08	0	
26/01/2012 15:47:15	TASTEGGIO	0	3	9000	57740	137260	269	-6	0.05	0.05	0	
26/01/2012 15:47:26	TASTEGGIO	0	3	9000	57740	112845	269	-6	0.05	0.09	24500	
26/01/2012 15:47:50	TASTEGGIO	1	0	9000	57740	88413	223	-2	0.08	0.08	0	
26/01/2012 15:48:12	TASTEGGIO	0	1	9000	57740	88410	230	-1	0.07	0.07	0	
26/01/2012 15:48:22	TASTEGGIO	0	1	9000	57740	112761	230	-1	0.05	0.08	24500	
26/01/2012 15:48:46	TASTEGGIO	1	0	9000	57740	88335	222	0	0.08	0.08	0	
26/01/2012 15:49:05	TASTEGGIO	0	1	9000	57740	88331	230	-1	0.07	0.07	0	
26/01/2012 15:49:16	TASTEGGIO	0	1	9000	57740	112759	230	-1	0.05	0.08	24500	
26/01/2012 15:49:40	TASTEGGIO	1	0	9000	57740	88338	222	0	0.07	0.07	0	
26/01/2012 15:49:51	TASTEGGIO	1	0	9000	57740	112761	222	0	0.05	0.08	24500	
26/01/2012 15:50:15	TASTEGGIO	1	0	9000	57740	88337	222	0	0.07	0.07	0	
26/01/2012 15:50:26	TASTEGGIO	1	0	9000	57740	112758	222	0	0.05	0.07	24500	
26/01/2012 15:52:13	TASTEGGIO	1	0	9000	57740	112988	222	0	0.33	0.33	0	
26/01/2012 15:52:36	TASTEGGIO	1	0	9000	57740	113018	254	-5	0.29	0.29	0	
26/01/2012 15:52:59	TASTEGGIO	0	1	9000	57740	113015	279	-5	0.23	0.23	0	
26/01/2012 15:53:23	TASTEGGIO	0	2	9000	57740	113011	304	-5	0.18	0.18	0	
26/01/2012 15:53:45	TASTEGGIO	0	3	9000	57740	113008	328	-12	0.06	0.06	0	
26/01/2012 15:53:53	TASTEGGIO	0	3	9000	57740	112968	328	-12	0.06	0.16	44500	
26/01/2012 15:54:18	TASTEGGIO	1	0	9000	57740	68525	232	-1	0.17	0.17	0	
26/01/2012 15:54:38	TASTEGGIO	0	1	9000	57740	68520	250	-1	0.16	0.16	0	
26/01/2012 15:55:00	TASTEGGIO	0	2	9000	57740	68518	280	-3	0.14	0.14	0	
26/01/2012 15:55:11	TASTEGGIO	0	2	9000	57740	112862	280	-3	0.05	0.14	44500	
26/01/2012 15:55:36	TASTEGGIO	1	0	9000	57740	68416	229	0	0.15	0.15	0	
26/01/2012 15:55:56	TASTEGGIO	0	1	9000	57740	68412	245	0	0.14	0.14	0	
26/01/2012 15:56:17	TASTEGGIO	0	2	9000	57740	68409	271	-1	0.14	0.14	0	
26/01/2012 15:56:38	TASTEGGIO	0	3	9000	57740	68406	313	-7	0.09	0.09	0	
26/01/2012 15:57:01	TASTEGGIO	0	4	9000	57740	68404	324	-8	0.07	0.07	0	
26/01/2012 15:57:12	TASTEGGIO	0	4	9000	57740	112862	324	-8	0.05	0.07	44500	
26/01/2012 15:58:59	TASTEGGIO	0	4	9000	57740	112886	324	-8	0.18	0.23	44500	
26/01/2012 15:59:22	TASTEGGIO	1	0	9000	57740	68434	241	-1	0.20	0.20	0	
26/01/2012 15:59:44	TASTEGGIO	0	1	9000	57740	68432	258	-1	0.19	0.19	0	
26/01/2012 16:00:04	TASTEGGIO	0	2	9000	57740	68430	294	-3	0.15	0.15	0	
26/01/2012 16:00:25	TASTEGGIO	0	3	9000	57740	68428	314	-4	0.11	0.11	0	
26/01/2012 16:00:36	TASTEGGIO	0	3	9000	57740	112768	314	-4	0.10	0.12	44500	
26/01/2012 16:01:01	TASTEGGIO	1	0	9000	57740	68330	227	0	0.12	0.12	0	
26/01/2012 16:01:23	TASTEGGIO	0	1	9000	57740	68326	239	0	0.12	0.12	0	
26/01/2012 16:01:43	TASTEGGIO	0	2	9000	57740	68324	263	0	0.11	0.11	0	
26/01/2012 16:02:05	TASTEGGIO	0	3	9000	57740	68320	293	0	0.11	0.11	0	
26/01/2012 16:02:27	TASTEGGIO	0	4	9000	57740	68317	337	-8	0.07	0.07	0	
26/01/2012 16:02:38	TASTEGGIO	0	4	9000	57740	112767	337	-8	0.05	0.08	24500	
26/01/2012 16:03:02	TASTEGGIO	1	0	9000	57740	88336	222	-4	0.08	0.08	0	
26/01/2012 16:03:23	TASTEGGIO	0	1	9000	57740	88338	230	-3	0.05	0.05	0	
26/01/2012 16:03:33	TASTEGGIO	0	1	9000	57740	112761	230	-3	0.05	0.05	24500	
26/01/2012 16:05:20	TASTEGGIO	0	1	9000	57740	112988	230	-3	0.20	0.22	-24500	
26/01/2012 16:05:45	TASTEGGIO	1	0	9000	57740	137446	240	-6	0.16	0.16	0	
26/01/2012 16:06:06	TASTEGGIO	0	1	9000	57740	137463	251	-3	0.14	0.14	0	
26/01/2012 16:06:16	TASTEGGIO	0	1	9000	57740	112968	251	-3	0.13	0.14	-24500	
26/01/2012 16:06:41	TASTEGGIO	1	0	9000	57740	137435	229	0	0.14	0.14	0	
26/01/2012 16:07:02	TASTEGGIO	0	1	9000	57740	137450	243	-3	0.11	0.11	0	
26/01/2012 16:07:24	TASTEGGIO	0	2	9000	57740	137459	255	-3	0.08	0.08	0	
26/01/2012 16:07:46	TASTEGGIO	0	3	9000	57740	137465	265	-6	0.06	0.06	0	
26/01/2012 16:07:56	TASTEGGIO	0	3	9000	57740	112960	265	-6	0.07	0.07	24500	
26/01/2012 16:08:51	ALARM 17	proc 12 prog 10 step 47	LavoroTerminato
26/01/2012 16:19:45	ALARM 406		
28/01/2012 08:17:57	ALARM 401		
28/01/2012 08:17:58	INIT OK
28/01/2012 09:00:17	TASTEGGIO	0	0	8200	54605	86861	0	0	0.22	0.28	-24500	
28/01/2012 09:00:41	TASTEGGIO	1	0	8200	54605	111373	247	-5	0.22	0.22	0	
28/01/2012 09:01:01	TASTEGGIO	0	1	8200	54605	111373	264	-5	0.16	0.16	0	
28/01/2012 09:01:24	TASTEGGIO	0	2	8200	54605	111373	280	-5	0.12	0.12	0	
28/01/2012 09:01:34	TASTEGGIO	0	2	8200	54605	87037	280	-5	0.09	0.12	-24500	
28/01/2012 09:01:58	TASTEGGIO	1	0	8200	54605	111481	227	-1	0.11	0.11	0	
28/01/2012 09:02:20	TASTEGGIO	0	1	8200	54605	111504	237	-1	0.12	0.12	0	
28/01/2012 09:02:42	TASTEGGIO	0	2	8200	54605	111519	263	-1	0.10	0.10	0	
28/01/2012 09:03:03	TASTEGGIO	0	3	8200	54605	111530	287	-5	0.06	0.06	0	
28/01/2012 09:03:13	TASTEGGIO	0	3	8200	54605	87035	287	-5	0.05	0.07	24500	
28/01/2012 09:05:00	TASTEGGIO	0	3	8200	54605	87023	287	-5	0.11	0.19	-24500	
28/01/2012 09:05:23	TASTEGGIO	1	0	8200	54605	111478	236	-7	0.12	0.12	0	
28/01/2012 09:05:34	TASTEGGIO	1	0	8200	54605	87040	236	-7	0.08	0.13	-24500	
28/01/2012 09:05:57	TASTEGGIO	1	0	8200	54605	111491	228	-1	0.13	0.13	0	
28/01/2012 09:06:16	TASTEGGIO	0	1	8200	54605	111513	241	-2	0.11	0.11	0	
28/01/2012 09:06:38	TASTEGGIO	0	2	8200	54605	111527	259	-3	0.07	0.07	0	
28/01/2012 09:06:48	TASTEGGIO	0	2	8200	54605	87037	259	-3	0.05	0.08	24500	
28/01/2012 09:07:12	TASTEGGIO	1	0	8200	54605	62571	222	-2	0.07	0.07	0	
28/01/2012 09:07:22	TASTEGGIO	1	0	8200	54605	86839	222	-2	0.05	0.07	24500	
28/01/2012 09:09:08	TASTEGGIO	1	0	8200	54605	87017	222	-2	0.25	0.26	-24500	
28/01/2012 09:09:32	TASTEGGIO	1	0	8200	54605	111466	245	-13	0.15	0.15	0	
28/01/2012 09:09:53	TASTEGGIO	0	1	8200	54605	111488	253	-8	0.07	0.07	0	
28/01/2012 09:10:03	TASTEGGIO	0	1	8200	54605	87038	253	-8	0.10	0.13	24500	
28/01/2012 09:10:26	TASTEGGIO	1	0	8200	54605	62571	228	-5	0.09	0.09	0	
28/01/2012 09:10:46	TASTEGGIO	0	1	8200	54605	62571	234	-2	0.08	0.08	0	
28/01/2012 09:11:07	TASTEGGIO	0	2	8200	54605	62571	248	-4	0.05	0.05	0	
28/01/2012 09:11:17	TASTEGGIO	0	2	8200	54605	86837	248	-4	0.07	0.07	0	
28/01/2012 09:13:03	TASTEGGIO	0	2	8200	54605	87018	248	-4	0.04	0.27	-24500	
28/01/2012 09:13:28	TASTEGGIO	1	0	8200	54605	111473	246	-9	0.19	0.19	0	
28/01/2012 09:13:48	TASTEGGIO	0	1	8200	54605	111492	259	-4	0.15	0.15	0	
28/01/2012 09:14:09	TASTEGGIO	0	2	8200	54605	111507	275	-5	0.11	0.11	0	
28/01/2012 09:14:19	TASTEGGIO	0	2	8200	54605	87033	275	-5	0.16	0.31	24500	
28/01/2012 09:14:44	TASTEGGIO	1	0	8200	54605	62567	251	-4	0.26	0.26	0	
28/01/2012 09:15:04	TASTEGGIO	0	1	8200	54605	62567	272	-4	0.22	0.22	0	
28/01/2012 09:15:25	TASTEGGIO	0	2	8200	54605	62567	309	-9	0.14	0.14	0	
28/01/2012 09:15:36	TASTEGGIO	0	2	8200	54605	86831	309	-9	0.04	0.21	-24500	
28/01/2012 09:16:01	TASTEGGIO	1	0	8200	54605	111280	238	-1	0.19	0.19	0	
28/01/2012 09:16:21	TASTEGGIO	0	1	8200	54605	111300	255	0	0.19	0.19	0	
28/01/2012 09:16:42	TASTEGGIO	0	2	8200	54605	111314	293	-6	0.14	0.14	0	
28/01/2012 09:16:52	TASTEGGIO	0	2	8200	54605	87029	293	-6	0.08	0.16	24500	
28/01/2012 09:17:16	TASTEGGIO	1	0	8200	54605	62563	232	0	0.17	0.17	0	
28/01/2012 09:17:35	TASTEGGIO	0	1	8200	54605	62563	250	-1	0.17	0.17	0	
28/01/2012 09:17:57	TASTEGGIO	0	2	8200	54605	62563	284	-1	0.16	0.16	0	
28/01/2012 09:18:17	TASTEGGIO	0	3	8200	54605	62563	329	-11	0.07	0.07	0	
28/01/2012 09:18:28	TASTEGGIO	0	3	8200	54605	86836	329	-11	0.05	0.20	-24500	
28/01/2012 09:18:52	TASTEGGIO	1	0	8200	54605	111289	237	-7	0.23	0.23	0	
28/01/2012 09:19:13	TASTEGGIO	0	1	8200	54605	111307	263	-2	0.21	0.21	0	
28/01/2012 09:19:35	TASTEGGIO	0	2	8200	54605	111320	301	-4	0.18	0.18	0	
28/01/2012 09:19:56	TASTEGGIO	0	3	8200	54605	111332	347	-18	0.04	0.04	0	
28/01/2012 09:20:06	TASTEGGIO	0	3	8200	54605	87032	347	-18	0.13	0.17	24500	
28/01/2012 09:20:31	TASTEGGIO	1	0	8200	54605	62566	233	-1	0.18	0.18	0	
28/01/2012 09:20:51	TASTEGGIO	0	1	8200	54605	62566	252	0	0.17	0.17	0	
28/01/2012 09:21:13	TASTEGGIO	0	2	8200	54605	62566	284	0	0.18	0.18	0	
28/01/2012 09:21:35	TASTEGGIO	0	3	8200	54605	62566	341	-8	0.11	0.11	0	
28/01/2012 09:21:45	TASTEGGIO	0	3	8200	54605	86836	341	-8	0.07	0.10	24500	
28/01/2012 09:22:08	TASTEGGIO	1	0	8200	54605	62398	224	0	0.11	0.11	0	
28/01/2012 09:22:27	TASTEGGIO	0	1	8200	54605	62393	236	0	0.11	0.11	0	
28/01/2012 09:22:48	TASTEGGIO	0	2	8200	54605	62390	258	0	0.11	0.11	0	
28/01/2012 09:23:08	TASTEGGIO	0	3	8200	54605	62388	291	-1	0.11	0.11	0	
28/01/2012 09:23:30	TASTEGGIO	0	4	8200	54605	62388	335	-2	0.09	0.09	0	
28/01/2012 09:23:51	TASTEGGIO	0	5	8200	54605	62388	371	-11	0.03	0.03	0	
28/01/2012 09:24:01	TASTEGGIO	0	5	8200	54605	86837	371	-11	0.04	0.14	-24500	
28/01/2012 09:24:25	TASTEGGIO	1	0	8200	54605	111285	229	-2	0.14	0.14	0	
28/01/2012 09:24:27	ALARM 401		
28/01/2012 09:25:01	TASTEGGIO	1	0	8200	54605	111286	347	-47	0.60	0.60	0	
28/01/2012 09:25:24	TASTEGGIO	1	0	8200	54605	111286	347	-17	0.44	0.44	0	
28/01/2012 09:25:49	TASTEGGIO	1	0	8200	54605	111286	347	-5	0.40	0.40	0	
28/01/2012 09:26:05	TASTEGGIO	1	0	8200	54605	87023	347	-5	0.25	0.42	-24500	
28/01/2012 09:26:36	TASTEGGIO	1	0	8200	54605	111472	391	-15	0.28	0.28	0	
28/01/2012 09:27:06	TASTEGGIO	1	0	8200	54605	87028	391	-14	0.05	0.18	-24500	
28/01/2012 09:27:58	TASTEGGIO	1	0	8200	54605	111472	333	-4	0.15	0.15	0	
28/01/2012 09:28:36	TASTEGGIO	1	0	8200	54605	111495	341	-1	0.14	0.14	0	
28/01/2012 09:29:00	TASTEGGIO	1	0	8200	54605	111511	364	-3	0.13	0.13	0	
28/01/2012 09:29:31	TASTEGGIO	1	0	8200	54605	87030	392	-6	0.03	0.08	-24500	
28/01/2012 09:29:50	TASTEGGIO	1	0	8200	54605	87030	392	-6	0.02	0.10	-24500	
28/01/2012 09:30:14	TASTEGGIO	1	0	8200	54605	111476	224	-1	0.09	0.09	0	
28/01/2012 09:30:24	TASTEGGIO	1	0	8200	54605	87045	224	-1	0.02	0.10	-24500	
28/01/2012 09:30:48	TASTEGGIO	1	0	8200	54605	111493	224	-1	0.09	0.09	0	
28/01/2012 09:30:59	TASTEGGIO	1	0	8200	54605	87036	224	-1	0.02	0.10	-24500	
28/01/2012 09:32:45	TASTEGGIO	1	0	8200	54605	87019	224	-1	0.11	0.22	24500	
28/01/2012 09:33:09	TASTEGGIO	1	0	8200	54605	62552	240	-3	0.18	0.18	0	
28/01/2012 09:33:28	TASTEGGIO	0	1	8200	54605	62552	254	-2	0.18	0.18	0	
28/01/2012 09:33:50	TASTEGGIO	0	2	8200	54605	62552	290	-7	0.13	0.13	0	
28/01/2012 09:34:00	TASTEGGIO	0	2	8200	54605	86840	290	-7	0.05	0.12	24500	
28/01/2012 09:34:23	TASTEGGIO	1	0	8200	54605	62399	227	0	0.13	0.13	0	
28/01/2012 09:34:43	TASTEGGIO	0	1	8200	54605	62395	241	-2	0.12	0.12	0	
28/01/2012 09:35:02	TASTEGGIO	0	2	8200	54605	62392	263	-4	0.10	0.10	0	
28/01/2012 09:35:12	TASTEGGIO	0	2	8200	54605	86832	263	-4	0.03	0.10	-24500	
28/01/2012 09:36:09	ALARM 17	proc 12 prog 10 step 47	LavoroTerminato
28/01/2012 09:51:13	TASTEGGIO	0	2	8200	54605	104672	263	-4	0.14	0.16	44500	
28/01/2012 09:51:38	TASTEGGIO	1	0	8200	54605	60245	232	-2	0.15	0.15	0	
28/01/2012 09:51:57	TASTEGGIO	0	1	8200	54605	60234	246	-1	0.14	0.14	0	
28/01/2012 09:52:08	TASTEGGIO	0	1	8200	54605	104632	246	-1	0.12	0.14	44500	
28/01/2012 09:52:32	TASTEGGIO	1	0	8200	54605	60184	229	-1	0.14	0.14	0	
28/01/2012 09:52:52	TASTEGGIO	0	1	8200	54605	60180	243	0	0.14	0.14	0	
28/01/2012 09:52:53	ALARM 401		
28/01/2012 09:53:15	TASTEGGIO	0	1	8200	54605	104635	243	0	0.12	0.14	44500	
28/01/2012 09:53:40	TASTEGGIO	1	0	8200	54605	60184	235	-1	0.15	0.15	0	
28/01/2012 09:53:59	TASTEGGIO	0	1	8200	54605	60181	251	0	0.14	0.14	0	
28/01/2012 09:54:21	TASTEGGIO	0	2	8200	54605	60179	277	-1	0.12	0.12	0	
28/01/2012 09:54:43	TASTEGGIO	0	3	8200	54605	60178	307	-3	0.11	0.11	0	
28/01/2012 09:55:04	TASTEGGIO	0	4	8200	54605	60177	347	-18	0.07	0.07	0	
28/01/2012 09:55:15	TASTEGGIO	0	4	8200	54605	104622	347	-18	0.09	0.09	0	
28/01/2012 09:55:39	TASTEGGIO	1	0	8200	54605	104628	222	-6	0.05	0.05	0	
28/01/2012 09:55:47	TASTEGGIO	1	0	8200	54605	104635	222	-6	0.05	0.05	0	
28/01/2012 09:57:34	TASTEGGIO	1	0	8200	54605	104798	222	-6	0.09	0.11	44500	
28/01/2012 09:57:59	TASTEGGIO	1	0	8200	54605	60326	227	-1	0.10	0.10	0	
28/01/2012 09:58:19	TASTEGGIO	0	1	8200	54605	60326	236	-1	0.08	0.08	0	
28/01/2012 09:58:38	TASTEGGIO	0	2	8200	54605	60325	245	-1	0.08	0.08	0	
28/01/2012 09:59:00	TASTEGGIO	0	3	8200	54605	60325	269	-3	0.06	0.06	0	
28/01/2012 09:59:11	TASTEGGIO	0	3	8200	54605	104644	269	-3	0.05	0.07	24500	
28/01/2012 10:00:57	TASTEGGIO	0	3	8200	54605	104891	269	-3	0.15	0.19	24500	
28/01/2012 10:01:21	TASTEGGIO	1	0	8200	54605	80419	247	-6	0.15	0.15	0	
28/01/2012 10:01:42	TASTEGGIO	0	1	8200	54605	80419	258	-2	0.13	0.13	0	
28/01/2012 10:01:52	TASTEGGIO	0	1	8200	54605	104753	258	-2	0.10	0.13	24500	
28/01/2012 10:02:16	TASTEGGIO	1	0	8200	54605	80305	232	-1	0.12	0.12	0	
28/01/2012 10:02:37	TASTEGGIO	0	1	8200	54605	80303	243	-2	0.11	0.11	0	
28/01/2012 10:02:59	TASTEGGIO	0	2	8200	54605	80301	263	-1	0.10	0.10	0	
28/01/2012 10:03:20	TASTEGGIO	0	3	8200	54605	80301	290	-6	0.06	0.06	0	
28/01/2012 10:03:30	TASTEGGIO	0	3	8200	54605	104749	290	-6	0.06	0.07	-24500	
28/01/2012 10:05:17	TASTEGGIO	0	3	8200	54605	104890	290	-6	0.18	0.20	24500	
28/01/2012 10:05:42	TASTEGGIO	1	0	8200	54605	80416	250	-10	0.12	0.12	0	
28/01/2012 10:05:52	TASTEGGIO	1	0	8200	54605	104745	250	-10	0.12	0.13	24500	
28/01/2012 10:06:16	TASTEGGIO	1	0	8200	54605	80296	232	-2	0.11	0.11	0	
28/01/2012 10:06:38	TASTEGGIO	0	1	8200	54605	80293	241	0	0.11	0.11	0	
28/01/2012 10:06:59	TASTEGGIO	0	2	8200	54605	80292	263	-5	0.05	0.05	0	
28/01/2012 10:07:09	TASTEGGIO	0	2	8200	54605	104741	263	-5	0.07	0.08	-44500	
28/01/2012 10:07:34	TASTEGGIO	1	0	8200	54605	149173	220	-6	0.05	0.05	0	
28/01/2012 10:07:45	TASTEGGIO	1	0	8200	54605	104881	220	-6	0.04	0.05	-44500	
28/01/2012 10:09:31	TASTEGGIO	1	0	8200	54605	104890	220	-6	0.11	0.17	-44500	
28/01/2012 10:09:57	TASTEGGIO	1	0	8200	54605	149294	242	-12	0.23	0.23	0	
28/01/2012 10:10:19	TASTEGGIO	0	1	8200	54605	149314	273	-16	0.08	0.08	0	
28/01/2012 10:10:30	TASTEGGIO	0	1	8200	54605	104897	273	-16	0.02	0.08	-44500	
28/01/2012 10:10:55	TASTEGGIO	1	0	8200	54605	149298	220	-1	0.08	0.08	0	
28/01/2012 10:11:15	TASTEGGIO	0	1	8200	54605	149319	228	0	0.07	0.07	0	
28/01/2012 10:11:26	TASTEGGIO	0	1	8200	54605	104898	228	0	0.02	0.06	-44500	
28/01/2012 10:13:11	TASTEGGIO	0	1	8200	54605	104891	228	0	0.19	0.21	24500	
28/01/2012 10:13:35	TASTEGGIO	1	0	8200	54605	80420	252	-6	0.14	0.14	0	
28/01/2012 10:13:45	TASTEGGIO	1	0	8200	54605	104747	252	-6	0.16	0.16	0	
28/01/2012 10:14:09	TASTEGGIO	1	0	8200	54605	104755	240	-7	0.10	0.10	0	
28/01/2012 10:14:17	TASTEGGIO	1	0	8200	54605	104760	240	-7	0.09	0.11	24500	
28/01/2012 10:14:41	TASTEGGIO	1	0	8200	54605	80312	227	0	0.10	0.10	0	
28/01/2012 10:15:02	TASTEGGIO	0	1	8200	54605	80308	236	0	0.10	0.10	0	
28/01/2012 10:15:24	TASTEGGIO	0	2	8200	54605	80307	256	-2	0.08	0.08	0	
28/01/2012 10:15:45	TASTEGGIO	0	3	8200	54605	80304	267	-4	0.03	0.03	0	
28/01/2012 10:15:55	TASTEGGIO	0	3	8200	54605	104745	267	-4	0.05	0.06	-24500	
28/01/2012 10:17:42	TASTEGGIO	0	3	8200	54605	104890	267	-4	0.16	0.34	-24500	
28/01/2012 10:18:07	TASTEGGIO	1	0	8200	54605	129347	285	-28	0.59	0.59	0	
28/01/2012 10:18:31	TASTEGGIO	0	1	8200	54605	129368	387	-47	0.17	0.17	0	
28/01/2012 10:18:51	TASTEGGIO	0	0	8200	54605	129381	242	-3	0.13	0.13	0	
28/01/2012 10:19:02	TASTEGGIO	0	0	8200	54605	104905	242	-3	0.09	0.16	-44500	
28/01/2012 10:19:27	TASTEGGIO	1	0	8200	54605	149307	240	-1	0.12	0.12	0	
28/01/2012 10:19:38	TASTEGGIO	1	0	8200	54605	104898	240	-1	0.10	0.12	-44500	
28/01/2012 10:20:03	TASTEGGIO	1	0	8200	54605	149309	230	-1	0.11	0.11	0	
28/01/2012 10:20:25	TASTEGGIO	0	1	8200	54605	149329	240	0	0.10	0.10	0	
28/01/2012 10:20:46	TASTEGGIO	0	2	8200	54605	149341	258	-2	0.08	0.08	0	
28/01/2012 10:21:08	TASTEGGIO	0	3	8200	54605	149349	269	-3	0.07	0.07	0	
28/01/2012 10:21:19	TASTEGGIO	0	3	8200	54605	104892	269	-3	0.12	0.12	0	
28/01/2012 10:21:43	TASTEGGIO	1	0	8200	54605	104916	230	-5	0.07	0.07	0	
28/01/2012 10:21:51	TASTEGGIO	1	0	8200	54605	104893	230	-5	0.07	0.09	24500	
28/01/2012 10:22:16	TASTEGGIO	1	0	8200	54605	80424	222	-3	0.05	0.05	0	
28/01/2012 10:22:26	TASTEGGIO	1	0	8200	54605	104745	222	-3	0.05	0.09	-44500	
28/01/2012 10:24:11	TASTEGGIO	1	0	8200	54605	104886	222	-3	0.13	0.18	-24500	
28/01/2012 10:24:36	TASTEGGIO	1	0	8200	54605	129339	245	-8	0.10	0.10	0	
28/01/2012 10:24:46	TASTEGGIO	1	0	8200	54605	104897	245	-8	0.07	0.11	-24500	
28/01/2012 10:25:11	TASTEGGIO	1	0	8200	54605	129346	227	0	0.10	0.10	0	
28/01/2012 10:25:32	TASTEGGIO	0	1	8200	54605	129367	236	-1	0.09	0.09	0	
28/01/2012 10:25:54	TASTEGGIO	0	2	8200	54605	129382	252	-3	0.07	0.07	0	
28/01/2012 10:26:04	TASTEGGIO	0	2	8200	54605	104895	252	-3	0.03	0.06	-24500	
28/01/2012 10:26:39	ALARM 304	proc 12 prog 32 step 46	inverter error 8
28/01/2012 10:30:11	TASTEGGIO	0	2	8200	54608	104794	252	-3	0.05	0.08	-24500	
28/01/2012 10:30:36	TASTEGGIO	1	0	8200	54608	129256	220	-2	0.07	0.07	0	
28/01/2012 10:30:46	TASTEGGIO	1	0	8200	54608	104802	220	-2	0.04	0.07	-24500	
28/01/2012 10:32:32	TASTEGGIO	1	0	8200	54605	104792	220	-2	0.15	0.44	44500	
28/01/2012 10:32:57	TASTEGGIO	1	0	8200	54605	60320	310	-11	0.33	0.33	0	
28/01/2012 10:33:18	TASTEGGIO	0	1	8200	54605	60319	334	-9	0.25	0.25	0	
28/01/2012 10:33:40	TASTEGGIO	0	2	8200	54605	60319	360	-11	0.15	0.15	0	
28/01/2012 10:34:01	TASTEGGIO	0	3	8200	54605	60319	375	-17	0.05	0.05	0	
28/01/2012 10:34:12	TASTEGGIO	0	3	8200	54605	104644	375	-17	0.35	0.35	0	
28/01/2012 10:34:37	TASTEGGIO	1	0	8200	54605	104647	288	-14	0.23	0.23	0	
28/01/2012 10:34:59	TASTEGGIO	0	1	8200	54605	104650	303	-11	0.12	0.12	0	
28/01/2012 10:35:07	TASTEGGIO	0	1	8200	54605	104655	303	-11	0.12	0.12	0	
28/01/2012 10:35:30	TASTEGGIO	1	0	8200	54605	104662	230	0	0.12	0.12	0	
28/01/2012 10:35:53	TASTEGGIO	0	1	8200	54605	104667	242	-1	0.12	0.12	0	
28/01/2012 10:36:14	TASTEGGIO	0	2	8200	54605	104668	266	-1	0.12	0.12	0	
28/01/2012 10:36:37	TASTEGGIO	0	3	8200	54605	104668	302	-5	0.08	0.08	0	
28/01/2012 10:36:59	TASTEGGIO	0	4	8200	54605	104668	312	-11	0.05	0.05	0	
28/01/2012 10:37:07	TASTEGGIO	0	4	8200	54605	104673	312	-11	0.04	0.21	44500	
28/01/2012 10:37:33	TASTEGGIO	1	0	8200	54605	60209	252	0	0.21	0.21	0	
28/01/2012 10:37:53	TASTEGGIO	0	1	8200	54605	60209	273	0	0.20	0.20	0	
28/01/2012 10:38:15	TASTEGGIO	0	2	8200	54605	60209	311	0	0.20	0.20	0	
28/01/2012 10:38:36	TASTEGGIO	0	3	8200	54605	60209	371	-3	0.17	0.17	0	
28/01/2012 10:38:58	TASTEGGIO	0	4	8200	54605	60208	400	-11	0.07	0.07	0	
28/01/2012 10:39:09	TASTEGGIO	0	4	8200	54605	104644	400	-11	0.10	0.10	0	
28/01/2012 10:39:32	TASTEGGIO	1	0	8200	54605	104654	225	-2	0.09	0.09	0	
28/01/2012 10:39:53	TASTEGGIO	0	1	8200	54605	104660	233	0	0.09	0.09	0	
28/01/2012 10:40:14	TASTEGGIO	0	2	8200	54605	104660	251	0	0.08	0.08	0	
28/01/2012 10:40:35	TASTEGGIO	0	3	8200	54605	104660	272	-1	0.07	0.07	0	
28/01/2012 10:40:43	TASTEGGIO	0	3	8200	54605	104668	272	-1	0.07	0.10	44500	
28/01/2012 10:41:08	TASTEGGIO	1	0	8200	54605	60205	225	-1	0.10	0.10	0	
28/01/2012 10:41:19	TASTEGGIO	1	0	8200	54605	104645	225	-1	0.07	0.09	44500	
28/01/2012 10:43:06	TASTEGGIO	1	0	8200	54605	104887	225	-1	0.13	0.14	24500	
28/01/2012 10:43:31	TASTEGGIO	1	0	8200	54605	80415	235	-5	0.09	0.09	0	
28/01/2012 10:43:51	TASTEGGIO	0	1	8200	54605	80415	240	-2	0.07	0.07	0	
28/01/2012 10:44:02	TASTEGGIO	0	1	8200	54605	104756	240	-2	0.08	0.09	-24500	
28/01/2012 10:44:26	TASTEGGIO	1	0	8200	54605	129222	222	-5	0.05	0.05	0	
28/01/2012 10:44:36	TASTEGGIO	1	0	8200	54605	104877	222	-5	0.04	0.07	44500	
28/01/2012 10:45:31	ALARM 17	proc 12 prog 10 step 47	LavoroTerminato
28/01/2012 10:58:56	TASTEGGIO	1	0	8200	54605	95872	222	-5	0.13	0.20	-24500	
28/01/2012 10:59:21	TASTEGGIO	1	0	8200	54605	120390	250	-6	0.14	0.14	0	
28/01/2012 10:59:31	TASTEGGIO	1	0	8200	54605	95993	250	-6	0.08	0.14	-24500	
28/01/2012 10:59:55	TASTEGGIO	1	0	8200	54605	120448	235	-2	0.12	0.12	0	
28/01/2012 11:00:17	TASTEGGIO	0	1	8200	54605	120466	245	0	0.12	0.12	0	
28/01/2012 11:00:39	TASTEGGIO	0	2	8200	54605	120478	269	-3	0.08	0.08	0	
28/01/2012 11:01:00	TASTEGGIO	0	3	8200	54605	120489	278	-4	0.05	0.05	0	
28/01/2012 11:01:11	TASTEGGIO	0	3	8200	54605	95990	278	-4	0.01	0.07	44500	
28/01/2012 11:02:57	TASTEGGIO	0	3	8200	54605	95981	278	-4	0.03	0.09	-44500	
28/01/2012 11:03:23	TASTEGGIO	1	0	8200	54605	140435	222	-3	0.06	0.06	0	
28/01/2012 11:03:34	TASTEGGIO	1	0	8200	54605	95993	222	-3	0.02	0.09	44500	
28/01/2012 11:03:58	TASTEGGIO	1	0	8200	54605	51539	222	0	0.08	0.08	0	
28/01/2012 11:04:19	TASTEGGIO	0	1	8200	54605	51535	229	0	0.07	0.07	0	
28/01/2012 11:04:30	TASTEGGIO	0	1	8200	54605	95837	229	0	0.01	0.09	44500	
28/01/2012 11:04:54	TASTEGGIO	1	0	8200	54605	51392	222	-1	0.08	0.08	0	
28/01/2012 11:05:14	TASTEGGIO	0	1	8200	54605	51389	229	0	0.07	0.07	0	
28/01/2012 11:05:25	TASTEGGIO	0	1	8200	54605	95820	229	0	0.02	0.08	44500	
28/01/2012 11:05:49	TASTEGGIO	1	0	8200	54605	51386	220	-1	0.07	0.07	0	
28/01/2012 11:05:59	TASTEGGIO	1	0	8200	54605	95815	220	-1	0.02	0.08	44500	
28/01/2012 11:06:23	TASTEGGIO	1	0	8200	54605	51391	220	0	0.08	0.08	0	
28/01/2012 11:06:43	TASTEGGIO	0	1	8200	54605	51383	228	-1	0.08	0.08	0	
28/01/2012 11:07:03	TASTEGGIO	0	2	8200	54605	51377	244	-1	0.07	0.07	0	
28/01/2012 11:07:14	TASTEGGIO	0	2	8200	54605	95823	244	-1	0.02	0.07	-44500	
28/01/2012 11:09:01	TASTEGGIO	0	2	8200	54605	96081	244	-1	0.06	0.14	-44500	
28/01/2012 11:09:26	TASTEGGIO	1	0	8200	54605	140527	235	-6	0.09	0.09	0	
28/01/2012 11:09:48	TASTEGGIO	0	1	8200	54605	140548	240	-1	0.08	0.08	0	
28/01/2012 11:10:10	TASTEGGIO	0	2	8200	54605	140565	254	-3	0.07	0.07	0	
28/01/2012 11:10:21	TASTEGGIO	0	2	8200	54605	96089	254	-3	0.03	0.15	44500	
28/01/2012 11:10:46	TASTEGGIO	1	0	8200	54605	51637	237	-2	0.15	0.15	0	
28/01/2012 11:11:06	TASTEGGIO	0	1	8200	54605	51633	252	-2	0.13	0.13	0	
28/01/2012 11:11:17	TASTEGGIO	0	1	8200	54605	95931	252	-2	0.02	0.12	44500	
28/01/2012 11:11:41	TASTEGGIO	1	0	8200	54605	51488	230	-1	0.14	0.14	0	
28/01/2012 11:12:00	TASTEGGIO	0	1	8200	54605	51484	246	0	0.13	0.13	0	
28/01/2012 11:12:20	TASTEGGIO	0	2	8200	54605	51482	270	0	0.13	0.13	0	
28/01/2012 11:12:42	TASTEGGIO	0	3	8200	54605	51486	309	-4	0.07	0.07	0	
28/01/2012 11:12:53	TASTEGGIO	0	3	8200	54605	95940	309	-4	0.04	0.08	-44500	
28/01/2012 11:13:19	TASTEGGIO	1	0	8200	54605	140407	220	0	0.09	0.09	0	
28/01/2012 11:13:40	TASTEGGIO	0	1	8200	54605	140420	230	0	0.07	0.07	0	
28/01/2012 11:13:50	TASTEGGIO	0	1	8200	54605	96077	230	0	0.04	0.08	-44500	
28/01/2012 11:14:15	TASTEGGIO	1	0	8200	54605	140536	220	1	0.08	0.08	0	
28/01/2012 11:14:36	TASTEGGIO	0	1	8200	54605	140553	228	0	0.08	0.08	0	
28/01/2012 11:14:57	TASTEGGIO	0	2	8200	54605	140564	244	-2	0.06	0.06	0	
28/01/2012 11:15:08	TASTEGGIO	0	2	8200	54605	96085	244	-2	0.03	0.08	44500	
28/01/2012 11:15:33	TASTEGGIO	1	0	8200	54605	51644	220	-1	0.07	0.07	0	
28/01/2012 11:15:44	TASTEGGIO	1	0	8200	54605	95935	220	-1	0.03	0.07	24500	
28/01/2012 11:17:30	TASTEGGIO	1	0	8200	54605	96085	220	-1	0.22	0.33	24500	
28/01/2012 11:17:54	TASTEGGIO	1	0	8200	54605	71651	283	-6	0.26	0.26	0	
28/01/2012 11:18:14	TASTEGGIO	0	1	8200	54605	71646	303	-4	0.22	0.22	0	
28/01/2012 11:18:37	TASTEGGIO	0	2	8200	54605	71644	340	-9	0.14	0.14	0	
28/01/2012 11:18:47	TASTEGGIO	0	2	8200	54605	95966	340	-9	0.08	0.16	44500	
28/01/2012 11:19:11	TASTEGGIO	1	0	8200	54605	51513	240	0	0.15	0.15	0	
28/01/2012 11:19:31	TASTEGGIO	0	1	8200	54605	51512	254	0	0.15	0.15	0	
28/01/2012 11:19:52	TASTEGGIO	0	2	8200	54605	51510	284	-2	0.13	0.13	0	
28/01/2012 11:20:03	TASTEGGIO	0	2	8200	54605	95940	284	-2	0.06	0.14	24500	
28/01/2012 11:20:27	TASTEGGIO	1	0	8200	54605	71504	235	0	0.12	0.12	0	
28/01/2012 11:20:47	TASTEGGIO	0	1	8200	54605	71501	245	0	0.12	0.12	0	
28/01/2012 11:21:09	TASTEGGIO	0	2	8200	54605	71499	269	0	0.13	0.13	0	
28/01/2012 11:21:31	TASTEGGIO	0	3	8200	54605	71498	311	-1	0.12	0.12	0	
28/01/2012 11:21:52	TASTEGGIO	0	4	8200	54605	71496	355	-9	0.03	0.03	0	
28/01/2012 11:22:02	TASTEGGIO	0	4	8200	54605	95946	355	-9	0.03	0.09	-44500	
28/01/2012 11:22:28	TASTEGGIO	1	0	8200	54605	140407	222	-5	0.07	0.07	0	
28/01/2012 11:22:39	TASTEGGIO	1	0	8200	54605	96082	222	-5	0.02	0.08	44500	
28/01/2012 11:23:03	TASTEGGIO	1	0	8200	54605	51634	220	0	0.08	0.08	0	
28/01/2012 11:23:14	TASTEGGIO	1	0	8200	54605	95935	220	0	0.02	0.09	44500	
28/01/2012 11:23:38	TASTEGGIO	1	0	8200	54605	51491	222	0	0.10	0.10	0	
28/01/2012 11:23:57	TASTEGGIO	0	1	8200	54605	51488	233	-1	0.09	0.09	0	
28/01/2012 11:24:18	TASTEGGIO	0	2	8200	54605	51486	249	-2	0.09	0.09	0	
28/01/2012 11:24:39	TASTEGGIO	0	3	8200	54605	51483	276	0	0.08	0.08	0	
28/01/2012 11:24:50	TASTEGGIO	0	3	8200	54605	95940	276	0	0.02	0.09	44500	
28/01/2012 11:25:14	TASTEGGIO	1	0	8200	54605	51494	222	0	0.09	0.09	0	
28/01/2012 11:25:33	TASTEGGIO	0	1	8200	54605	51492	231	-1	0.09	0.09	0	
28/01/2012 11:25:54	TASTEGGIO	0	2	8200	54605	51489	249	-1	0.08	0.08	0	
28/01/2012 11:26:05	TASTEGGIO	0	2	8200	54605	95934	249	-1	0.01	0.08	44500	
28/01/2012 11:27:51	TASTEGGIO	0	2	8200	54605	95976	249	-1	0.10	0.11	44500	
28/01/2012 11:28:16	TASTEGGIO	1	0	8200	54605	51524	227	-1	0.11	0.11	0	
28/01/2012 11:28:35	TASTEGGIO	0	1	8200	54605	51522	238	-1	0.11	0.11	0	
28/01/2012 11:28:55	TASTEGGIO	0	2	8200	54605	51520	260	-2	0.10	0.10	0	
28/01/2012 11:29:15	TASTEGGIO	0	3	8200	54605	51519	287	-2	0.08	0.08	0	
28/01/2012 11:29:26	TASTEGGIO	0	3	8200	54605	95850	287	-2	0.09	0.09	0	
28/01/2012 11:29:49	TASTEGGIO	1	0	8200	54605	95860	222	-3	0.06	0.06	0	
28/01/2012 11:29:57	TASTEGGIO	1	0	8200	54605	95866	222	-3	0.05	0.07	44500	
28/01/2012 11:30:54	ALARM 17	proc 12 prog 10 step 47	LavoroTerminato
28/01/2012 11:36:32	ALARM 406		
