20/12/2011 09:06:11	ALARM 401		
20/12/2011 09:06:15	ALARM 203		err.6058
20/12/2011 09:06:30	TASTEGGIO	0	1	5000	42061	161078	286	0	0.42	0.57	-119500	
20/12/2011 09:06:55	TASTEGGIO	1	0	5000	42061	280538	59	-18	0.41	0.41	0	
20/12/2011 09:07:13	TASTEGGIO	0	1	5000	42061	280538	88	-16	0.30	0.30	0	
20/12/2011 09:07:15	ALARM 401		
20/12/2011 09:07:38	TASTEGGIO	0	1	5000	42061	161082	88	-16	0.32	0.32	0	
20/12/2011 09:07:59	TASTEGGIO	1	0	5000	42061	161086	53	-42	0.13	0.13	0	
20/12/2011 09:08:07	TASTEGGIO	1	0	5000	42061	161080	53	-42	0.12	0.27	-119500	
20/12/2011 09:08:32	TASTEGGIO	1	0	5000	42061	280539	51	-5	0.22	0.22	0	
20/12/2011 09:08:51	TASTEGGIO	0	1	5000	42061	280539	68	-3	0.20	0.20	0	
20/12/2011 09:08:55	ALARM 401		
20/12/2011 09:08:58	ALARM 401		
20/12/2011 09:08:58	ALARM 401		
20/12/2011 09:09:01	ALARM 401		
20/12/2011 09:09:20	TASTEGGIO	0	2	5000	42061	161083	104	0	0.10	0.21	-119500	
20/12/2011 09:09:45	TASTEGGIO	1	0	5000	42061	280531	50	-14	0.33	0.33	0	
20/12/2011 09:09:50	ALARM 218	proc 12 prog 85 step 19	go_abs 3 cmd 11
20/12/2011 09:09:54	ALARM 401		
20/12/2011 09:10:19	TASTEGGIO	0	1	5000	42061	161078	101	0	0.07	0.32	-119500	
20/12/2011 09:10:44	TASTEGGIO	1	0	5000	42061	280523	53	-8	0.25	0.25	0	
20/12/2011 09:11:02	TASTEGGIO	0	1	5000	42061	280523	72	-5	0.23	0.23	0	
20/12/2011 09:11:06	ALARM 401		
20/12/2011 09:11:31	TASTEGGIO	0	2	5000	42061	161082	114	0	0.10	0.23	-119500	
20/12/2011 09:11:56	TASTEGGIO	1	0	5000	42061	280541	50	1	0.23	0.23	0	
20/12/2011 09:12:15	TASTEGGIO	0	1	5000	42061	280541	73	-2	0.20	0.20	0	
20/12/2011 09:12:36	TASTEGGIO	0	2	5000	42061	280541	107	-8	0.12	0.12	0	
20/12/2011 09:12:48	TASTEGGIO	0	2	5000	42061	161088	107	-8	0.12	0.22	82800	
20/12/2011 09:13:10	TASTEGGIO	1	0	5000	42061	78336	50	-3	0.21	0.21	0	
20/12/2011 09:13:29	TASTEGGIO	0	1	5000	42061	78333	70	-2	0.16	0.16	0	
20/12/2011 09:13:31	ALARM 401		
20/12/2011 09:13:33	ALARM 401		
20/12/2011 09:13:33	ALARM 401		
20/12/2011 09:13:52	TASTEGGIO	0	1	5000	42061	160710	70	-2	0.09	0.16	82800	
20/12/2011 09:13:55	ALARM 401		
20/12/2011 09:13:58	ALARM 401		
20/12/2011 09:13:58	ALARM 401		
20/12/2011 09:14:00	ALARM 401		
20/12/2011 09:14:01	ALARM 401		
20/12/2011 09:14:16	TASTEGGIO	0	1	5000	42061	160710	70	-2	0.08	0.17	82800	
20/12/2011 09:14:18	ALARM 401		
20/12/2011 09:14:35	TASTEGGIO	0	1	5000	42061	160711	70	-2	0.08	0.16	82800	
20/12/2011 09:15:33	ALARM 17	proc 12 prog 10 step 47	LavoroTerminato
20/12/2011 09:34:46	TASTEGGIO	0	1	5000	42060	161181	70	-2	1.91	1.91	0	
20/12/2011 09:35:05	TASTEGGIO	1	0	5000	42060	161185	93	3	1.93	1.93	0	
20/12/2011 09:35:27	TASTEGGIO	0	1	5000	42060	161185	288	-195	0.70	0.70	0	
20/12/2011 09:35:28	ALARM 401		
20/12/2011 09:35:31	ALARM 401		
20/12/2011 09:35:32	ALARM 401		
20/12/2011 09:35:46	TASTEGGIO	0	1	5000	42061	161181	288	-195	0.67	1.13	-82000	
20/12/2011 09:36:08	TASTEGGIO	1	0	5000	42061	243144	73	-1	1.10	1.10	0	
20/12/2011 09:36:27	TASTEGGIO	0	1	5000	42061	243144	180	-50	0.60	0.60	0	
20/12/2011 09:36:49	TASTEGGIO	0	2	5000	42061	243144	226	-187	1.23	1.23	0	
20/12/2011 09:36:50	ALARM 401		
20/12/2011 09:36:52	ALARM 401		
20/12/2011 09:36:52	ALARM 401		
20/12/2011 09:43:41	TASTEGGIO	0	2	5000	42061	161179	226	-187	1.18	1.18	0	
20/12/2011 09:44:01	TASTEGGIO	1	0	5000	42061	161183	74	-12	1.05	1.05	0	
20/12/2011 09:44:21	TASTEGGIO	0	1	5000	42061	161183	167	-97	0.23	0.23	0	
20/12/2011 09:44:22	ALARM 401		
20/12/2011 09:44:25	ALARM 401		
20/12/2011 09:44:39	TASTEGGIO	0	1	5000	42061	161179	167	-97	0.22	0.83	-82000	
20/12/2011 09:45:02	TASTEGGIO	1	0	5000	42061	243141	65	-18	0.66	0.66	0	
20/12/2011 09:45:23	TASTEGGIO	0	1	5000	42061	243141	117	-28	0.41	0.41	0	
20/12/2011 09:45:43	TASTEGGIO	0	2	5000	42061	243141	153	-77	0.35	0.35	0	
20/12/2011 09:45:48	ALARM 218	proc 12 prog 85 step 19	go_abs 3 cmd 11
20/12/2011 09:45:50	ALARM 401		
20/12/2011 09:45:50	ALARM 401		
20/12/2011 09:46:10	TASTEGGIO	0	1	5000	42061	161189	123	0	0.48	0.48	0	
20/12/2011 09:46:32	TASTEGGIO	1	0	5000	42061	161194	57	-28	0.25	0.25	0	
20/12/2011 09:46:52	TASTEGGIO	0	1	5000	42061	161193	70	-44	0.17	0.17	0	
20/12/2011 09:46:55	ALARM 401		
20/12/2011 09:46:57	ALARM 401		
20/12/2011 09:46:58	ALARM 401		
20/12/2011 09:47:12	TASTEGGIO	0	1	5000	42061	161189	58	0	0.16	0.39	-119500	
20/12/2011 09:47:37	TASTEGGIO	1	0	5000	42061	280647	54	-11	0.29	0.29	0	
20/12/2011 09:47:55	TASTEGGIO	0	1	5000	42061	280647	75	-5	0.25	0.25	0	
20/12/2011 09:48:15	TASTEGGIO	0	2	5000	42061	280647	118	-10	0.15	0.15	0	
20/12/2011 09:48:18	ALARM 401		
20/12/2011 09:48:22	ALARM 401		
20/12/2011 09:48:53	TASTEGGIO	0	3	5000	42061	161178	133	0	0.20	0.45	-82000	
20/12/2011 09:49:16	TASTEGGIO	1	0	5000	42061	243138	56	-7	0.38	0.38	0	
20/12/2011 09:49:37	TASTEGGIO	0	1	5000	42061	243139	88	-31	0.28	0.28	0	
20/12/2011 09:49:41	ALARM 218	proc 12 prog 85 step 19	go_abs 3 cmd 11
20/12/2011 09:49:45	ALARM 401		
20/12/2011 09:50:08	TASTEGGIO	0	2	5000	42061	161178	117	0	0.32	0.32	0	
20/12/2011 09:50:29	TASTEGGIO	1	0	5000	42061	161182	53	-40	0.09	0.09	0	
20/12/2011 09:50:37	TASTEGGIO	1	0	5000	42061	161178	53	-40	0.08	0.29	-119500	
20/12/2011 09:51:02	TASTEGGIO	1	0	5000	42061	280626	52	0	0.28	0.28	0	
20/12/2011 09:51:21	TASTEGGIO	0	1	5000	42061	280626	79	0	0.31	0.31	0	
20/12/2011 09:51:25	ALARM 401		
20/12/2011 09:51:29	ALARM 401		
20/12/2011 09:51:30	ALARM 401		
20/12/2011 09:51:53	TASTEGGIO	0	2	5000	42061	161173	147	0	0.08	0.28	-119500	
20/12/2011 09:52:18	TASTEGGIO	1	0	5000	42061	280628	52	0	0.28	0.28	0	
20/12/2011 09:52:38	TASTEGGIO	0	1	5000	42061	280628	80	-1	0.28	0.28	0	
20/12/2011 09:52:57	TASTEGGIO	0	2	5000	42061	280628	136	-9	0.19	0.19	0	
20/12/2011 09:53:18	TASTEGGIO	0	3	5000	42061	280628	158	-17	0.08	0.08	0	
20/12/2011 09:53:31	TASTEGGIO	0	3	5000	42061	161183	158	-17	0.11	0.35	-82000	
20/12/2011 09:53:55	TASTEGGIO	1	0	5000	42061	243145	53	-2	0.36	0.36	0	
20/12/2011 09:54:15	TASTEGGIO	0	1	5000	42061	243145	90	-5	0.31	0.31	0	
20/12/2011 09:54:36	TASTEGGIO	0	2	5000	42061	243145	143	-77	0.45	0.45	0	
20/12/2011 09:54:55	TASTEGGIO	0	1	5000	42061	243145	77	-23	0.22	0.22	0	
20/12/2011 09:55:14	TASTEGGIO	0	0	5000	42061	243145	50	-2	0.19	0.19	0	
20/12/2011 09:55:34	TASTEGGIO	0	1	5000	42061	243145	66	-5	0.16	0.16	0	
20/12/2011 09:55:35	ALARM 401		
20/12/2011 09:55:37	ALARM 401		
20/12/2011 09:55:37	ALARM 401		
20/12/2011 09:55:55	TASTEGGIO	0	1	5000	42061	161175	66	-5	0.29	0.31	-119500	
20/12/2011 09:56:19	TASTEGGIO	1	0	5000	42061	280633	52	-2	0.32	0.32	0	
20/12/2011 09:56:38	TASTEGGIO	0	1	5000	42061	280633	85	-1	0.34	0.34	0	
20/12/2011 09:56:58	TASTEGGIO	0	2	5000	42061	280633	157	-9	0.23	0.23	0	
20/12/2011 09:57:19	TASTEGGIO	0	3	5000	42061	280633	183	-12	0.13	0.13	0	
20/12/2011 09:57:32	TASTEGGIO	0	3	5000	42061	161177	183	-12	0.17	0.17	0	
20/12/2011 09:59:27	TASTEGGIO	0	3	5000	42060	161294	183	-12	0.84	0.93	82800	
20/12/2011 09:59:47	TASTEGGIO	1	0	5000	42060	78556	68	0	0.93	0.93	0	
20/12/2011 10:00:06	TASTEGGIO	0	1	5000	42060	78555	161	-13	0.82	0.82	0	
20/12/2011 10:00:29	TASTEGGIO	0	2	5000	42060	78551	305	-210	1.31	1.31	0	
20/12/2011 10:00:44	TASTEGGIO	0	1	5000	42060	78551	95	-8	1.24	1.24	0	
20/12/2011 10:00:48	ALARM 401		
20/12/2011 10:01:11	TASTEGGIO	0	2	5000	42061	160895	329	0	0.92	1.17	82800	
20/12/2011 10:01:31	TASTEGGIO	1	0	5000	42061	78179	74	0	1.21	1.21	0	
20/12/2011 10:01:50	TASTEGGIO	0	1	5000	42061	78178	199	-28	0.93	0.93	0	
20/12/2011 10:01:56	ALARM 401		
20/12/2011 10:01:59	ALARM 203		err.6058
20/12/2011 10:02:17	TASTEGGIO	0	2	5000	42061	160888	300	0	0.74	0.87	82800	
20/12/2011 10:02:37	TASTEGGIO	1	0	5000	42061	78170	66	0	0.93	0.93	0	
20/12/2011 10:02:56	TASTEGGIO	0	1	5000	42061	78167	165	-2	0.91	0.91	0	
20/12/2011 10:03:02	ALARM 401		
20/12/2011 10:03:47	TASTEGGIO	0	2	5000	42061	160892	343	0	0.74	0.86	82800	
20/12/2011 10:04:33	TASTEGGIO	0	2	5000	42061	78175	240	-74	0.41	0.41	0	
20/12/2011 10:04:49	TASTEGGIO	0	2	5000	42061	160898	240	-74	0.22	0.41	-119500	
20/12/2011 10:05:11	TASTEGGIO	0	2	5000	42061	161271	240	-74	0.26	0.41	-119500	
20/12/2011 10:05:36	TASTEGGIO	1	0	5000	42061	280712	55	-9	0.31	0.31	0	
20/12/2011 10:05:55	TASTEGGIO	0	1	5000	42061	280712	78	-10	0.22	0.22	0	
20/12/2011 10:05:56	ALARM 401		
20/12/2011 10:05:59	ALARM 205		err.6058
20/12/2011 10:06:15	TASTEGGIO	0	1	5000	42061	161281	78	-10	0.21	0.43	82800	
20/12/2011 10:06:37	TASTEGGIO	1	0	5000	42061	78531	55	-1	0.41	0.41	0	
20/12/2011 10:06:56	TASTEGGIO	0	1	5000	42061	78528	94	-3	0.36	0.36	0	
20/12/2011 10:07:16	TASTEGGIO	0	2	5000	42061	78528	157	-47	0.12	0.12	0	
20/12/2011 10:07:27	TASTEGGIO	0	2	5000	42061	160908	157	-47	0.38	0.51	120300	
20/12/2011 10:07:50	TASTEGGIO	1	0	5000	42061	40672	57	-9	0.42	0.42	0	
20/12/2011 10:08:07	TASTEGGIO	0	1	5000	42061	40665	91	-10	0.31	0.31	0	
20/12/2011 10:08:26	TASTEGGIO	0	2	5000	42061	40660	123	-5	0.27	0.27	0	
20/12/2011 10:08:29	ALARM 401		
20/12/2011 10:08:30	ALARM 401		
20/12/2011 10:08:31	ALARM 401		
20/12/2011 10:08:50	TASTEGGIO	0	2	5000	42061	160889	123	-5	0.26	0.28	-82000	
20/12/2011 10:09:13	TASTEGGIO	1	0	5000	42061	242847	52	-15	0.19	0.19	0	
20/12/2011 10:09:15	ALARM 401		
20/12/2011 10:09:17	ALARM 202		err.6059
20/12/2011 10:09:31	TASTEGGIO	1	0	5000	42061	161280	52	-15	0.16	0.24	120300	
20/12/2011 10:09:54	TASTEGGIO	1	0	5000	42061	41019	51	0	0.25	0.25	0	
20/12/2011 10:10:10	TASTEGGIO	0	1	5000	42061	41018	77	-1	0.25	0.25	0	
20/12/2011 10:10:29	TASTEGGIO	0	2	5000	42061	41018	127	-3	0.23	0.23	0	
20/12/2011 10:10:48	TASTEGGIO	0	3	5000	42061	41019	190	-12	0.13	0.13	0	
20/12/2011 10:11:00	TASTEGGIO	0	3	5000	42061	160907	190	-12	0.12	0.26	82800	
20/12/2011 10:11:22	TASTEGGIO	1	0	5000	42061	78184	51	0	0.24	0.24	0	
20/12/2011 10:11:40	TASTEGGIO	0	1	5000	42061	78182	73	-1	0.24	0.24	0	
20/12/2011 10:12:01	TASTEGGIO	0	2	5000	42061	78180	121	-4	0.20	0.20	0	
20/12/2011 10:12:22	TASTEGGIO	0	3	5000	42061	78177	170	-44	0.26	0.26	0	
20/12/2011 10:12:43	TASTEGGIO	0	1	5000	42061	78175	136	-35	0.19	0.19	0	
20/12/2011 10:12:44	ALARM 401		
20/12/2011 10:12:47	ALARM 205		err.6058
20/12/2011 10:13:03	TASTEGGIO	0	1	5000	42061	160895	136	-35	0.25	0.25	0	
20/12/2011 10:13:25	TASTEGGIO	1	0	5000	42061	160891	51	-55	0.28	0.28	0	
20/12/2011 10:13:44	TASTEGGIO	0	1	5000	42061	160891	19	-12	0.13	0.13	0	
20/12/2011 10:13:52	TASTEGGIO	0	1	5000	42061	160897	19	-12	0.12	0.24	82800	
20/12/2011 10:14:13	TASTEGGIO	1	0	5000	42061	78179	51	-5	0.20	0.20	0	
20/12/2011 10:14:31	TASTEGGIO	0	1	5000	42061	78177	67	-3	0.19	0.19	0	
20/12/2011 10:14:50	TASTEGGIO	0	2	5000	42061	78175	103	-4	0.15	0.15	0	
20/12/2011 10:14:55	ALARM 401		
20/12/2011 10:14:58	ALARM 401		
20/12/2011 10:14:58	ALARM 401		
20/12/2011 10:15:18	TASTEGGIO	0	3	5000	42061	160895	123	0	0.08	0.21	-82000	
20/12/2011 10:15:42	TASTEGGIO	1	0	5000	42061	242853	50	-11	0.12	0.12	0	
20/12/2011 10:15:54	TASTEGGIO	1	0	5000	42061	161284	50	-11	0.06	0.23	120300	
20/12/2011 10:16:17	TASTEGGIO	1	0	5000	42061	41024	50	0	0.20	0.20	0	
20/12/2011 10:16:35	TASTEGGIO	0	1	5000	42061	41022	67	0	0.20	0.20	0	
20/12/2011 10:16:53	TASTEGGIO	0	2	5000	42061	41021	107	0	0.20	0.20	0	
20/12/2011 10:17:01	ALARM 401		
20/12/2011 10:17:05	ALARM 401		
20/12/2011 10:17:08	ALARM 401		
20/12/2011 10:17:32	TASTEGGIO	0	3	5000	42061	160899	167	0	0.08	0.20	120300	
20/12/2011 10:17:34	ALARM 401		
20/12/2011 10:17:37	ALARM 401		
20/12/2011 10:17:37	ALARM 401		
20/12/2011 10:20:11	TASTEGGIO	0	3	5000	42060	159236	167	0	1.34	1.51	-82000	
20/12/2011 10:20:33	TASTEGGIO	1	0	5000	42060	241186	83	0	1.57	1.57	0	
20/12/2011 10:20:54	TASTEGGIO	0	1	5000	42060	241186	246	-74	0.90	0.90	0	
20/12/2011 10:20:58	ALARM 401		
20/12/2011 10:21:00	ALARM 401		
20/12/2011 10:21:01	ALARM 401		
20/12/2011 10:21:17	TASTEGGIO	0	2	5000	42061	159239	318	0	0.90	0.90	0	
20/12/2011 10:21:37	TASTEGGIO	1	0	5000	42061	159244	67	-5	0.86	0.86	0	
20/12/2011 10:21:59	TASTEGGIO	0	1	5000	42061	159244	149	-96	0.48	0.48	0	
20/12/2011 10:22:02	ALARM 401		
20/12/2011 10:22:06	ALARM 401		
20/12/2011 10:22:06	ALARM 401		
20/12/2011 10:22:21	TASTEGGIO	0	1	5000	42061	159239	122	-96	0.44	0.67	-119500	
20/12/2011 10:22:46	TASTEGGIO	1	0	5000	42061	278696	61	-9	0.57	0.57	0	
20/12/2011 10:23:05	TASTEGGIO	0	1	5000	42061	278696	109	-9	0.48	0.48	0	
20/12/2011 10:23:26	TASTEGGIO	0	2	5000	42061	278696	189	-34	0.17	0.17	0	
20/12/2011 10:23:28	ALARM 401		
20/12/2011 10:23:30	ALARM 401		
20/12/2011 10:23:31	ALARM 401		
20/12/2011 10:23:49	TASTEGGIO	0	2	5000	42061	159235	189	-34	0.50	0.50	0	
20/12/2011 10:24:10	TASTEGGIO	1	0	5000	42061	159239	57	-39	0.13	0.13	0	
20/12/2011 10:24:18	TASTEGGIO	1	0	5000	42061	159234	57	-39	0.12	0.22	-119500	
20/12/2011 10:24:43	TASTEGGIO	1	0	5000	42061	278691	50	-5	0.20	0.20	0	
20/12/2011 10:25:03	TASTEGGIO	0	1	5000	42061	278691	68	-4	0.17	0.17	0	
20/12/2011 10:25:05	ALARM 401		
20/12/2011 10:25:07	ALARM 401		
20/12/2011 10:25:08	ALARM 401		
20/12/2011 10:25:26	TASTEGGIO	0	1	5000	42061	159232	68	-4	0.18	0.18	0	
20/12/2011 10:25:49	TASTEGGIO	1	0	5000	42061	159237	49	-36	0.17	0.17	0	
20/12/2011 10:26:08	TASTEGGIO	0	1	5000	42061	159237	32	-42	0.34	0.34	0	
20/12/2011 10:26:26	TASTEGGIO	0	1	5000	42061	159237	0	-4	0.27	0.27	0	
20/12/2011 10:26:44	TASTEGGIO	0	2	5000	42061	159236	30	-14	0.13	0.13	0	
20/12/2011 10:26:52	TASTEGGIO	0	2	5000	42061	159232	30	-14	0.13	0.21	-119500	
20/12/2011 10:27:16	TASTEGGIO	1	0	5000	42061	278686	50	0	0.22	0.22	0	
20/12/2011 10:27:36	TASTEGGIO	0	1	5000	42061	278686	73	-1	0.21	0.21	0	
20/12/2011 10:27:55	TASTEGGIO	0	2	5000	42061	278686	113	-3	0.19	0.19	0	
20/12/2011 10:27:59	ALARM 401		
20/12/2011 10:28:01	ALARM 401		
20/12/2011 10:28:01	ALARM 401		
20/12/2011 10:28:19	TASTEGGIO	0	3	5000	42061	159235	164	0	0.12	0.18	-82000	
20/12/2011 10:28:43	TASTEGGIO	1	0	5000	42061	241186	49	-14	0.07	0.07	0	
20/12/2011 10:28:54	TASTEGGIO	1	0	5000	42061	159243	49	-14	0.05	0.15	-119500	
20/12/2011 10:30:53	TASTEGGIO	1	0	5000	42060	161079	49	-14	0.49	0.52	-82000	
20/12/2011 10:31:16	TASTEGGIO	1	0	5000	42060	243038	58	-9	0.45	0.45	0	
20/12/2011 10:31:36	TASTEGGIO	0	1	5000	42060	243039	96	-38	0.13	0.13	0	
20/12/2011 10:31:47	TASTEGGIO	0	1	5000	42060	161081	96	-38	0.13	0.17	-119500	
20/12/2011 10:32:11	TASTEGGIO	1	0	5000	42060	280538	49	-14	0.08	0.08	0	
20/12/2011 10:32:23	TASTEGGIO	1	0	5000	42060	161074	49	-14	0.18	0.18	0	
20/12/2011 10:32:46	TASTEGGIO	1	0	5000	42060	161078	49	-63	0.47	0.47	0	
20/12/2011 10:33:03	TASTEGGIO	0	1	5000	42060	161078	0	-4	0.41	0.41	0	
20/12/2011 10:33:22	TASTEGGIO	0	2	5000	42060	161078	71	-59	0.17	0.17	0	
20/12/2011 10:33:25	ALARM 401		
20/12/2011 10:33:27	ALARM 401		
20/12/2011 10:33:28	ALARM 401		
20/12/2011 10:33:40	TASTEGGIO	0	2	5000	42061	161074	71	-59	0.17	0.17	0	
20/12/2011 10:33:45	ALARM 401		
20/12/2011 10:33:48	ALARM 205		err.6058
20/12/2011 10:34:01	TASTEGGIO	0	2	5000	42061	161074	71	-59	0.14	0.14	0	
20/12/2011 10:35:57	TASTEGGIO	0	2	5000	42060	161081	71	-59	1.35	1.53	-82000	
20/12/2011 10:36:19	TASTEGGIO	1	0	5000	42060	243017	83	0	1.57	1.57	0	
20/12/2011 10:36:39	TASTEGGIO	0	1	5000	42060	243017	244	-51	1.06	1.06	0	
20/12/2011 10:36:44	ALARM 401		
20/12/2011 10:36:48	ALARM 203		err.6058
20/12/2011 10:37:06	TASTEGGIO	0	2	5000	42061	161086	345	0	1.02	1.02	0	
20/12/2011 10:37:26	TASTEGGIO	1	0	5000	42061	161090	70	-2	0.98	0.98	0	
20/12/2011 10:37:46	TASTEGGIO	0	1	5000	42061	161090	164	-69	0.38	0.38	0	
20/12/2011 10:38:05	TASTEGGIO	0	0	5000	42061	161090	54	-9	0.29	0.29	0	
20/12/2011 10:38:06	ALARM 401		
20/12/2011 10:38:10	ALARM 201		err.6059
20/12/2011 10:38:22	TASTEGGIO	0	0	5000	42061	161086	54	-9	0.26	0.79	-119500	
20/12/2011 10:38:45	TASTEGGIO	1	0	5000	42061	280542	64	-7	0.75	0.75	0	
20/12/2011 10:39:04	TASTEGGIO	0	1	5000	42061	280542	135	-13	0.62	0.62	0	
20/12/2011 10:39:26	TASTEGGIO	0	2	5000	42061	280542	237	-61	0.26	0.26	0	
20/12/2011 10:39:28	ALARM 401		
20/12/2011 10:39:48	TASTEGGIO	0	2	5000	42061	161076	237	-61	0.25	0.26	-119500	
20/12/2011 10:40:13	TASTEGGIO	1	0	5000	42061	280533	51	-9	0.17	0.17	0	
20/12/2011 10:40:33	TASTEGGIO	0	1	5000	42061	280533	62	-4	0.14	0.14	0	
20/12/2011 10:40:45	TASTEGGIO	0	1	5000	42061	161079	62	-4	0.24	0.24	0	
20/12/2011 10:41:08	TASTEGGIO	1	0	5000	42061	161083	51	-60	0.40	0.40	0	
20/12/2011 10:41:26	TASTEGGIO	0	1	5000	42061	161083	0	-5	0.30	0.30	0	
20/12/2011 10:41:44	TASTEGGIO	0	2	5000	42061	161083	31	-9	0.19	0.19	0	
20/12/2011 10:41:46	ALARM 401		
20/12/2011 10:41:50	ALARM 205		err.6058
20/12/2011 10:42:02	TASTEGGIO	0	2	5000	42061	161079	31	-9	0.19	0.25	82800	
20/12/2011 10:42:23	TASTEGGIO	1	0	5000	42061	78333	51	-1	0.25	0.25	0	
20/12/2011 10:42:40	TASTEGGIO	0	1	5000	42061	78333	76	-3	0.22	0.22	0	
20/12/2011 10:43:00	TASTEGGIO	0	2	5000	42061	78331	114	-13	0.10	0.10	0	
20/12/2011 10:43:11	TASTEGGIO	0	2	5000	42061	160707	114	-13	0.09	0.11	120300	
20/12/2011 10:45:07	TASTEGGIO	0	2	5000	42060	161077	114	-13	0.24	0.32	-82000	
20/12/2011 10:45:31	TASTEGGIO	1	0	5000	42060	243037	53	-13	0.18	0.18	0	
20/12/2011 10:45:51	TASTEGGIO	0	1	5000	42060	243037	63	-15	0.07	0.07	0	
20/12/2011 10:46:02	TASTEGGIO	0	1	5000	42060	161082	63	-15	0.10	0.18	82800	
20/12/2011 10:46:24	TASTEGGIO	1	0	5000	42060	78346	49	-3	0.15	0.15	0	
20/12/2011 10:46:28	ALARM 401		
20/12/2011 10:46:47	TASTEGGIO	0	1	5000	42061	160712	61	-3	0.08	0.15	82800	
20/12/2011 10:48:44	TASTEGGIO	0	1	5000	42060	161082	61	-3	1.55	1.63	-82000	
20/12/2011 10:49:05	TASTEGGIO	1	0	5000	42060	243031	86	0	1.67	1.67	0	
20/12/2011 10:49:26	TASTEGGIO	0	1	5000	42060	243031	257	-58	1.11	1.11	0	
20/12/2011 10:49:31	ALARM 401		
20/12/2011 10:49:35	ALARM 203		err.6059
20/12/2011 10:49:52	TASTEGGIO	0	2	5000	42061	161086	361	0	1.17	1.17	0	
20/12/2011 10:50:11	TASTEGGIO	1	0	5000	42061	161090	74	-1	1.16	1.16	0	
20/12/2011 10:50:33	TASTEGGIO	0	1	5000	42061	161090	189	-85	0.42	0.42	0	
20/12/2011 10:50:39	ALARM 401		
20/12/2011 10:50:47	ALARM 203		err.6058
20/12/2011 10:51:03	TASTEGGIO	0	0	5000	42061	161086	55	0	0.40	0.77	-119500	
20/12/2011 10:51:28	TASTEGGIO	1	0	5000	42061	280526	64	-6	0.72	0.72	0	
20/12/2011 10:51:47	TASTEGGIO	0	1	5000	42061	280526	131	-10	0.62	0.62	0	
20/12/2011 10:52:09	TASTEGGIO	0	2	5000	42061	280526	237	-54	0.15	0.15	0	
20/12/2011 10:52:13	ALARM 401		
20/12/2011 10:52:16	ALARM 401		
20/12/2011 10:52:16	ALARM 401		
20/12/2011 10:52:38	TASTEGGIO	0	0	5000	42061	161077	48	0	0.24	0.24	0	
20/12/2011 10:53:01	TASTEGGIO	1	0	5000	42061	161081	51	-32	0.13	0.13	0	
20/12/2011 10:53:09	TASTEGGIO	1	0	5000	42061	161076	51	-32	0.11	0.16	-82000	
20/12/2011 10:55:08	TASTEGGIO	1	0	5000	42060	158478	51	-32	0.33	0.33	0	
20/12/2011 10:55:29	TASTEGGIO	1	0	5000	42060	158482	53	-30	0.13	0.13	0	
20/12/2011 10:55:37	TASTEGGIO	1	0	5000	42060	158478	53	-30	0.12	0.22	-119500	
20/12/2011 10:56:02	TASTEGGIO	1	0	5000	42060	277939	50	-13	0.12	0.12	0	
20/12/2011 10:56:14	TASTEGGIO	1	0	5000	42060	158471	50	-13	0.06	0.12	82800	
20/12/2011 10:58:13	TASTEGGIO	1	0	5000	42060	161089	50	-13	1.26	1.33	-82000	
20/12/2011 10:58:33	TASTEGGIO	1	0	5000	42060	243048	78	0	1.36	1.36	0	
20/12/2011 10:58:55	TASTEGGIO	0	1	5000	42060	243048	217	-55	0.86	0.86	0	
20/12/2011 10:59:17	TASTEGGIO	0	2	5000	42060	243049	293	-271	1.91	1.91	0	
20/12/2011 10:59:31	TASTEGGIO	0	1	5000	42060	243049	0	-9	1.81	1.81	0	
20/12/2011 10:59:37	ALARM 218	proc 12 prog 85 step 19	go_abs 3 cmd 11
20/12/2011 10:59:41	ALARM 203		err.6058
20/12/2011 11:00:01	TASTEGGIO	0	2	5000	42061	161087	343	0	0.89	1.77	-82000	
20/12/2011 11:00:23	TASTEGGIO	1	0	5000	42061	243043	89	-6	1.72	1.72	0	
20/12/2011 11:00:44	TASTEGGIO	0	1	5000	42061	243043	256	-141	0.33	0.33	0	
20/12/2011 11:01:03	TASTEGGIO	0	0	5000	42061	243043	53	-6	0.29	0.29	0	
20/12/2011 11:01:05	ALARM 218	proc 12 prog 73 step 17	go_abs 5 cmd 11
20/12/2011 11:01:09	ALARM 205		err.6058
20/12/2011 11:01:24	TASTEGGIO	0	0	5000	42061	161074	53	-6	0.31	0.35	-119500	
20/12/2011 11:01:49	TASTEGGIO	1	0	5000	42061	280521	53	-12	0.25	0.25	0	
20/12/2011 11:02:07	TASTEGGIO	0	1	5000	42061	280521	70	-9	0.18	0.18	0	
20/12/2011 11:02:27	TASTEGGIO	0	2	5000	42061	280521	88	-6	0.13	0.13	0	
20/12/2011 11:02:40	TASTEGGIO	0	2	5000	42061	161081	88	-6	0.17	0.42	-82000	
20/12/2011 11:03:05	TASTEGGIO	1	0	5000	42061	243042	55	-2	0.38	0.38	0	
20/12/2011 11:03:24	TASTEGGIO	0	1	5000	42061	243043	89	-2	0.38	0.38	0	
20/12/2011 11:03:47	TASTEGGIO	0	2	5000	42061	243043	165	-83	0.46	0.46	0	
20/12/2011 11:04:07	TASTEGGIO	0	1	5000	42061	243043	109	-50	0.11	0.11	0	
20/12/2011 11:04:18	TASTEGGIO	0	1	5000	42061	161080	109	-50	0.34	0.34	0	
20/12/2011 11:04:40	TASTEGGIO	1	0	5000	42061	161084	53	-71	0.45	0.45	0	
20/12/2011 11:04:58	TASTEGGIO	0	1	5000	42061	161084	0	-27	0.63	0.63	0	
20/12/2011 11:05:02	ALARM 401		
20/12/2011 11:05:19	TASTEGGIO	0	2	5000	42061	161080	176	0	0.59	0.59	0	
20/12/2011 11:05:41	TASTEGGIO	1	0	5000	42061	161084	59	-33	0.28	0.28	0	
20/12/2011 11:06:00	TASTEGGIO	0	0	5000	42061	161084	52	-45	0.20	0.20	0	
20/12/2011 11:06:20	TASTEGGIO	0	1	5000	42061	161084	37	-50	0.65	0.65	0	
20/12/2011 11:06:37	TASTEGGIO	0	1	5000	42061	161084	0	-7	0.55	0.55	0	
20/12/2011 11:06:57	TASTEGGIO	0	2	5000	42061	161084	93	-38	0.16	0.16	0	
20/12/2011 11:06:58	ALARM 401		
20/12/2011 11:07:00	ALARM 401		
20/12/2011 11:07:01	ALARM 401		
20/12/2011 11:07:01	ALARM 401		
20/12/2011 11:07:13	TASTEGGIO	0	2	5000	42061	161079	93	-38	0.15	0.21	-119500	
20/12/2011 11:07:38	TASTEGGIO	1	0	5000	42061	280528	50	-6	0.15	0.15	0	
20/12/2011 11:07:57	TASTEGGIO	0	1	5000	42061	280528	60	-2	0.15	0.15	0	
20/12/2011 11:08:01	ALARM 401		
20/12/2011 11:08:02	ALARM 401		
20/12/2011 11:08:03	ALARM 401		
20/12/2011 11:08:21	TASTEGGIO	0	2	5000	42061	161079	90	-2	0.14	0.24	-82000	
20/12/2011 11:08:46	TASTEGGIO	1	0	5000	42061	243039	51	-31	0.21	0.21	0	
20/12/2011 11:09:05	TASTEGGIO	0	1	5000	42061	243039	32	-14	0.10	0.10	0	
20/12/2011 11:09:16	TASTEGGIO	0	1	5000	42061	161081	32	-14	0.24	0.24	0	
20/12/2011 11:09:38	TASTEGGIO	1	0	5000	42061	161085	51	-8	0.20	0.20	0	
20/12/2011 11:09:58	TASTEGGIO	0	1	5000	42061	161085	67	-76	0.56	0.56	0	
20/12/2011 11:10:15	TASTEGGIO	0	1	5000	42061	161085	0	-6	0.47	0.47	0	
20/12/2011 11:10:35	TASTEGGIO	0	2	5000	42061	161085	78	-76	0.26	0.26	0	
20/12/2011 11:10:37	ALARM 401		
20/12/2011 11:10:40	ALARM 205		err.6058
20/12/2011 11:10:52	TASTEGGIO	0	2	5000	42061	161081	78	-76	0.25	0.25	0	
20/12/2011 11:11:14	TASTEGGIO	1	0	5000	42061	161085	51	-22	0.05	0.05	0	
20/12/2011 11:11:22	TASTEGGIO	1	0	5000	42061	161081	51	-22	0.05	0.19	-119500	
20/12/2011 11:11:46	TASTEGGIO	1	0	5000	42061	280529	49	-2	0.17	0.17	0	
20/12/2011 11:12:05	TASTEGGIO	0	1	5000	42061	280529	64	-1	0.15	0.15	0	
20/12/2011 11:12:09	ALARM 218	proc 12 prog 85 step 19	go_abs 3 cmd 11
20/12/2011 11:12:11	ALARM 401		
20/12/2011 11:12:12	ALARM 401		
20/12/2011 11:12:32	TASTEGGIO	0	2	5000	42061	161085	90	0	0.04	0.18	-82000	
20/12/2011 11:12:57	TASTEGGIO	1	0	5000	42061	243045	49	-8	0.16	0.16	0	
20/12/2011 11:13:00	ALARM 401		
20/12/2011 11:13:17	TASTEGGIO	1	0	5000	42061	161085	49	-8	0.07	0.18	-119500	
20/12/2011 11:13:41	TASTEGGIO	1	0	5000	42061	280542	49	-2	0.19	0.19	0	
20/12/2011 11:14:00	TASTEGGIO	0	1	5000	42061	280542	69	0	0.16	0.16	0	
20/12/2011 11:14:20	TASTEGGIO	0	2	5000	42061	280542	95	-2	0.15	0.15	0	
20/12/2011 11:14:22	ALARM 401		
20/12/2011 11:14:25	ALARM 401		
20/12/2011 11:14:25	ALARM 401		
20/12/2011 11:14:43	TASTEGGIO	0	2	5000	42061	161090	95	-2	0.04	0.18	-82000	
20/12/2011 11:15:08	TASTEGGIO	1	0	5000	42061	243050	49	-14	0.12	0.12	0	
20/12/2011 11:15:19	TASTEGGIO	1	0	5000	42061	161089	49	-14	0.11	0.18	-119500	
20/12/2011 11:17:15	TASTEGGIO	1	0	5000	42060	161500	49	-14	0.93	0.93	0	
20/12/2011 11:17:35	TASTEGGIO	1	0	5000	42060	161504	68	-11	0.81	0.81	0	
20/12/2011 11:17:56	TASTEGGIO	0	1	5000	42060	161504	138	-125	0.68	0.68	0	
20/12/2011 11:18:16	TASTEGGIO	0	1	5000	42060	161504	80	-53	0.17	0.17	0	
20/12/2011 11:18:17	ALARM 401		
20/12/2011 11:18:19	ALARM 401		
20/12/2011 11:18:20	ALARM 401		
20/12/2011 11:18:40	TASTEGGIO	0	1	5000	42061	161500	80	-53	0.16	0.43	-119500	
20/12/2011 11:19:05	TASTEGGIO	1	0	5000	42061	280946	55	-14	0.48	0.48	0	
20/12/2011 11:19:25	TASTEGGIO	0	1	5000	42061	280946	108	-19	0.30	0.30	0	
20/12/2011 11:19:45	TASTEGGIO	0	2	5000	42061	280946	134	-27	0.06	0.06	0	
20/12/2011 11:19:57	TASTEGGIO	0	2	5000	42061	161497	134	-27	0.35	0.35	0	
20/12/2011 11:20:19	TASTEGGIO	1	0	5000	42061	161502	53	-43	0.10	0.10	0	
20/12/2011 11:20:27	TASTEGGIO	1	0	5000	42061	161498	53	-43	0.09	0.16	-119500	
20/12/2011 11:22:24	TASTEGGIO	1	0	5000	42060	159230	53	-43	0.18	0.99	-82000	
20/12/2011 11:22:47	TASTEGGIO	1	0	5000	42060	241183	69	-5	0.95	0.95	0	
20/12/2011 11:23:08	TASTEGGIO	0	1	5000	42060	241183	160	-57	0.44	0.44	0	
20/12/2011 11:23:26	TASTEGGIO	0	0	5000	42060	241183	56	-4	0.40	0.40	0	
20/12/2011 11:23:47	TASTEGGIO	0	1	5000	42060	241183	92	-10	0.30	0.30	0	
20/12/2011 11:23:48	ALARM 218	proc 12 prog 73 step 17	go_abs 5 cmd 11
20/12/2011 11:23:53	ALARM 401		
20/12/2011 11:23:53	ALARM 401		
20/12/2011 11:23:54	ALARM 401		
20/12/2011 11:25:03	TASTEGGIO	0	1	5000	42061	159232	92	-10	0.40	0.48	-119500	
20/12/2011 11:25:28	TASTEGGIO	1	0	5000	42061	278685	57	-20	0.59	0.59	0	
20/12/2011 11:25:48	TASTEGGIO	0	1	5000	42061	278685	129	-22	0.40	0.40	0	
20/12/2011 11:26:08	TASTEGGIO	0	2	5000	42061	278685	167	-23	0.17	0.17	0	
20/12/2011 11:26:11	ALARM 401		
20/12/2011 11:26:14	ALARM 401		
20/12/2011 11:26:14	ALARM 401		
20/12/2011 11:26:32	TASTEGGIO	0	2	5000	42061	159233	167	-23	0.56	0.56	0	
20/12/2011 11:26:53	TASTEGGIO	1	0	5000	42061	159237	59	-26	0.33	0.33	0	
20/12/2011 11:27:12	TASTEGGIO	0	1	5000	42061	159237	78	-58	0.25	0.25	0	
20/12/2011 11:27:32	TASTEGGIO	0	1	5000	42061	159237	59	-79	0.95	0.95	0	
20/12/2011 11:27:46	TASTEGGIO	0	1	5000	42061	159237	0	-4	0.91	0.91	0	
20/12/2011 11:28:07	TASTEGGIO	0	2	5000	42061	159237	174	-132	0.50	0.50	0	
20/12/2011 11:28:11	ALARM 218	proc 12 prog 85 step 19	go_abs 3 cmd 11
20/12/2011 11:28:14	ALARM 203		err.6058
20/12/2011 11:28:26	TASTEGGIO	0	1	5000	42061	159232	146	0	0.49	0.49	0	
20/12/2011 11:28:49	TASTEGGIO	1	0	5000	42061	159236	57	-25	0.24	0.24	0	
20/12/2011 11:29:08	TASTEGGIO	0	0	5000	42061	159236	51	-14	0.10	0.10	0	
20/12/2011 11:29:16	TASTEGGIO	0	0	5000	42061	159231	51	-14	0.11	0.34	120300	
20/12/2011 11:29:38	TASTEGGIO	1	0	5000	42061	39024	53	-27	0.18	0.18	0	
20/12/2011 11:29:56	TASTEGGIO	0	1	5000	42061	39021	62	-17	0.07	0.07	0	
20/12/2011 11:30:08	TASTEGGIO	0	1	5000	42061	158961	62	-17	0.13	0.33	-82000	
20/12/2011 11:30:32	TASTEGGIO	1	0	5000	42061	240921	53	0	0.33	0.33	0	
20/12/2011 11:30:52	TASTEGGIO	0	1	5000	42061	240921	86	-1	0.32	0.32	0	
20/12/2011 11:31:14	TASTEGGIO	0	2	5000	42061	240921	148	-60	0.33	0.33	0	
20/12/2011 11:31:35	TASTEGGIO	0	1	5000	42061	240921	113	-55	0.24	0.24	0	
20/12/2011 11:31:55	TASTEGGIO	0	1	5000	42061	240922	95	-29	0.07	0.07	0	
20/12/2011 11:32:06	TASTEGGIO	0	1	5000	42061	159231	95	-29	0.21	0.21	0	
20/12/2011 11:32:29	TASTEGGIO	1	0	5000	42061	159236	50	-24	0.05	0.05	0	
20/12/2011 11:32:37	TASTEGGIO	1	0	5000	42061	159231	50	-24	0.04	0.22	82800	
20/12/2011 11:32:58	TASTEGGIO	1	0	5000	42061	76484	50	-2	0.18	0.18	0	
20/12/2011 11:33:16	TASTEGGIO	0	1	5000	42061	76484	64	-5	0.16	0.16	0	
20/12/2011 11:33:17	ALARM 401		
20/12/2011 11:33:21	ALARM 201		err.6059
20/12/2011 11:33:39	TASTEGGIO	0	1	5000	42061	158952	64	-5	0.05	0.22	-119500	
20/12/2011 11:34:04	TASTEGGIO	1	0	5000	42061	278413	50	-1	0.22	0.22	0	
20/12/2011 11:34:22	TASTEGGIO	0	1	5000	42061	278413	72	-3	0.20	0.20	0	
20/12/2011 11:34:41	TASTEGGIO	0	2	5000	42061	278413	108	-4	0.16	0.16	0	
20/12/2011 11:34:44	ALARM 218	proc 12 prog 73 step 17	go_abs 5 cmd 11
20/12/2011 11:34:48	ALARM 205		err.6058
20/12/2011 11:35:04	TASTEGGIO	0	2	5000	42061	159226	108	-4	0.09	0.19	82800	
20/12/2011 11:35:26	TASTEGGIO	1	0	5000	42061	76478	49	-2	0.14	0.14	0	
20/12/2011 11:35:38	TASTEGGIO	1	0	5000	42061	158960	49	-2	0.08	0.17	-119500	
20/12/2011 11:36:03	TASTEGGIO	1	0	5000	42061	278421	49	-3	0.16	0.16	0	
20/12/2011 11:36:06	ALARM 401		
20/12/2011 11:36:10	ALARM 203		err.6058
20/12/2011 11:36:26	TASTEGGIO	0	1	5000	42061	159233	64	0	0.09	0.18	-119500	
20/12/2011 11:36:52	TASTEGGIO	1	0	5000	42061	278690	49	-1	0.16	0.16	0	
20/12/2011 11:36:54	ALARM 401		
20/12/2011 11:37:15	TASTEGGIO	1	0	5000	42061	159235	49	-1	0.08	0.19	-119500	
20/12/2011 11:37:40	TASTEGGIO	1	0	5000	42061	278692	49	-1	0.16	0.16	0	
20/12/2011 11:37:57	TASTEGGIO	0	1	5000	42061	278692	62	-2	0.16	0.16	0	
20/12/2011 11:38:17	TASTEGGIO	0	2	5000	42061	278692	94	-2	0.16	0.16	0	
20/12/2011 11:38:21	ALARM 401		
20/12/2011 11:38:42	TASTEGGIO	0	3	5000	42061	159231	142	0	0.10	0.18	82800	
20/12/2011 11:40:41	TASTEGGIO	0	3	5000	42060	161175	142	0	1.25	1.32	-82000	
20/12/2011 11:41:01	TASTEGGIO	1	0	5000	42060	243135	78	0	1.38	1.38	0	
20/12/2011 11:41:22	TASTEGGIO	0	1	5000	42060	243135	222	-73	0.68	0.68	0	
20/12/2011 11:41:39	TASTEGGIO	0	0	5000	42060	243136	62	-2	0.68	0.68	0	
20/12/2011 11:41:40	ALARM 401		
20/12/2011 11:41:44	ALARM 205		err.5005
20/12/2011 11:42:00	TASTEGGIO	0	0	5000	42061	161173	62	-2	0.78	0.78	0	
20/12/2011 11:42:21	TASTEGGIO	1	0	5000	42061	161177	64	-8	0.74	0.74	0	
20/12/2011 11:42:42	TASTEGGIO	0	1	5000	42061	161177	134	-91	0.39	0.39	0	
20/12/2011 11:43:03	TASTEGGIO	0	1	5000	42061	161177	113	-138	1.03	1.03	0	
20/12/2011 11:43:17	TASTEGGIO	0	1	5000	42061	161177	0	-3	0.97	0.97	0	
20/12/2011 11:43:40	TASTEGGIO	0	2	5000	42061	161177	182	-199	1.10	1.10	0	
20/12/2011 11:44:03	TASTEGGIO	0	1	5000	42061	161177	57	-138	0.00	0.00	0	
20/12/2011 11:44:11	TASTEGGIO	0	1	5000	42061	161173	57	-138	0.00	0.00	0	
20/12/2011 11:44:13	ALARM 401		
20/12/2011 11:44:33	ALARM 401		
20/12/2011 11:45:20	TASTEGGIO	0	1	5000	42061	161173	267	-33	2.00	2.00	0	
20/12/2011 11:45:28	ALARM 401		
20/12/2011 11:46:24	TASTEGGIO	0	1	5000	42061	161173	291	-67	2.41	2.41	0	
20/12/2011 11:46:56	TASTEGGIO	0	1	5000	42061	161173	323	-136	1.45	1.45	0	
20/12/2011 11:47:07	TASTEGGIO	0	1	5000	42061	161173	323	-136	1.43	1.43	0	
20/12/2011 11:47:41	TASTEGGIO	0	1	5000	42061	161173	235	-80	0.64	0.64	0	
20/12/2011 11:48:14	TASTEGGIO	0	1	5000	42061	161173	77	0	0.65	0.65	0	
20/12/2011 11:48:46	TASTEGGIO	0	1	5000	42061	161173	103	-1	0.63	0.63	0	
20/12/2011 11:49:16	TASTEGGIO	0	1	5000	42061	161173	127	-6	0.53	0.53	0	
20/12/2011 11:49:50	TASTEGGIO	0	1	5000	42061	161173	137	-6	0.51	0.51	0	
20/12/2011 11:50:08	TASTEGGIO	0	1	5000	42061	161173	137	-6	0.51	0.51	0	
20/12/2011 11:50:30	TASTEGGIO	1	0	5000	42061	161177	57	0	0.52	0.52	0	
20/12/2011 11:50:51	TASTEGGIO	0	1	5000	42061	161177	110	-2	0.51	0.51	0	
20/12/2011 11:51:14	TASTEGGIO	0	2	5000	42061	161177	210	-207	1.47	1.47	0	
20/12/2011 11:51:18	ALARM 401		
20/12/2011 11:51:21	ALARM 203		err.6058
20/12/2011 11:51:35	TASTEGGIO	0	1	5000	42061	161173	0	0	1.45	1.45	0	
20/12/2011 11:51:56	TASTEGGIO	1	0	5000	42061	161177	81	-42	1.04	1.04	0	
20/12/2011 11:52:16	TASTEGGIO	0	1	5000	42061	161177	155	-94	0.21	0.21	0	
20/12/2011 11:52:18	ALARM 401		
20/12/2011 11:52:21	ALARM 205		err.6058
20/12/2011 11:52:33	TASTEGGIO	0	1	5000	42061	161173	155	-94	0.22	0.39	-119500	
20/12/2011 11:52:57	TASTEGGIO	1	0	5000	42061	280633	54	-10	0.31	0.31	0	
20/12/2011 11:53:16	TASTEGGIO	0	1	5000	42061	280634	78	-9	0.23	0.23	0	
20/12/2011 11:53:36	TASTEGGIO	0	2	5000	42061	280634	102	-12	0.14	0.14	0	
20/12/2011 11:53:48	TASTEGGIO	0	2	5000	42061	161165	102	-12	0.11	0.18	82800	
20/12/2011 11:54:10	TASTEGGIO	1	0	5000	42061	78416	49	-1	0.17	0.17	0	
20/12/2011 11:54:28	TASTEGGIO	0	1	5000	42061	78417	65	-4	0.15	0.15	0	
20/12/2011 11:54:30	ALARM 401		
20/12/2011 11:54:48	TASTEGGIO	0	1	5000	42061	160784	65	-4	0.10	0.14	-119500	
20/12/2011 11:55:48	ALARM 17	proc 12 prog 10 step 47	LavoroTerminato
20/12/2011 12:52:53	TASTEGGIO	0	1	5000	42060	160987	65	-4	1.65	1.70	-82000	
20/12/2011 12:53:13	TASTEGGIO	1	0	5000	42060	242945	87	1	1.78	1.78	0	
20/12/2011 12:53:34	TASTEGGIO	0	1	5000	42060	242945	273	-77	1.00	1.00	0	
20/12/2011 12:53:36	ALARM 401		
20/12/2011 12:53:42	ALARM 205		err.6058
20/12/2011 12:54:00	TASTEGGIO	0	1	5000	42061	160990	273	-77	1.13	1.13	0	
20/12/2011 12:54:20	TASTEGGIO	1	0	5000	42061	160993	73	-1	1.10	1.10	0	
20/12/2011 12:54:40	TASTEGGIO	0	1	5000	42061	160993	180	-101	0.24	0.24	0	
20/12/2011 12:54:43	ALARM 401		
20/12/2011 12:54:46	ALARM 401		
20/12/2011 12:54:46	ALARM 401		
20/12/2011 12:54:47	ALARM 401		
20/12/2011 12:55:00	TASTEGGIO	0	1	5000	42061	160990	180	-101	0.21	0.89	-119500	
20/12/2011 12:55:25	TASTEGGIO	1	0	5000	42061	280428	67	-7	0.79	0.79	0	
20/12/2011 12:55:44	TASTEGGIO	0	1	5000	42061	280428	137	-11	0.74	0.74	0	
20/12/2011 12:56:06	TASTEGGIO	0	2	5000	42061	280428	275	-87	0.22	0.22	0	
20/12/2011 12:56:10	ALARM 401		
20/12/2011 12:56:28	TASTEGGIO	0	1	5000	42061	160997	268	0	0.42	0.42	0	
20/12/2011 12:56:49	TASTEGGIO	1	0	5000	42061	161001	55	-27	0.16	0.16	0	
20/12/2011 12:56:52	ALARM 401		
20/12/2011 12:57:07	TASTEGGIO	0	0	5000	42061	160997	49	-27	0.16	0.30	-82000	
20/12/2011 12:57:31	TASTEGGIO	1	0	5000	42061	242952	52	-12	0.20	0.20	0	
20/12/2011 12:57:51	TASTEGGIO	0	1	5000	42061	242953	65	-12	0.10	0.10	0	
20/12/2011 12:58:02	TASTEGGIO	0	1	5000	42061	160989	65	-12	0.10	0.14	82800	
20/12/2011 12:59:59	TASTEGGIO	0	1	5000	42060	158651	65	-12	0.79	0.79	0	
20/12/2011 13:00:20	TASTEGGIO	1	0	5000	42060	158655	64	-8	0.70	0.70	0	
20/12/2011 13:00:41	TASTEGGIO	0	1	5000	42060	158655	126	-68	0.17	0.17	0	
20/12/2011 13:00:45	ALARM 401		
20/12/2011 13:00:48	ALARM 203		err.6059
20/12/2011 13:01:02	TASTEGGIO	0	0	5000	42061	158651	49	0	0.17	0.48	-119500	
20/12/2011 13:01:27	TASTEGGIO	1	0	5000	42061	278106	57	-14	0.36	0.36	0	
20/12/2011 13:01:46	TASTEGGIO	0	1	5000	42061	278107	84	-7	0.30	0.30	0	
20/12/2011 13:01:52	ALARM 218	proc 12 prog 85 step 19	go_abs 3 cmd 11
20/12/2011 13:01:55	ALARM 203		err.6059
20/12/2011 13:02:16	TASTEGGIO	0	2	5000	42061	158644	133	0	0.14	0.31	-119500	
20/12/2011 13:02:41	TASTEGGIO	1	0	5000	42061	278099	52	-4	0.30	0.30	0	
20/12/2011 13:03:00	TASTEGGIO	0	1	5000	42061	278099	81	-3	0.28	0.28	0	
20/12/2011 13:03:21	TASTEGGIO	0	2	5000	42061	278099	133	-14	0.14	0.14	0	
20/12/2011 13:03:33	TASTEGGIO	0	2	5000	42061	158647	133	-14	0.20	0.20	0	
20/12/2011 13:03:56	TASTEGGIO	1	0	5000	42061	158652	50	-71	0.54	0.54	0	
20/12/2011 13:04:13	TASTEGGIO	0	1	5000	42061	158652	0	-2	0.47	0.47	0	
20/12/2011 13:04:33	TASTEGGIO	0	2	5000	42061	158652	81	-54	0.20	0.20	0	
20/12/2011 13:04:36	ALARM 401		
20/12/2011 13:04:40	ALARM 201		err.6059
20/12/2011 13:04:52	TASTEGGIO	0	2	5000	42061	158647	81	-54	0.19	0.25	82800	
20/12/2011 13:05:15	TASTEGGIO	1	0	5000	42061	75921	51	-1	0.24	0.24	0	
20/12/2011 13:05:31	TASTEGGIO	0	1	5000	42061	75920	74	-4	0.18	0.18	0	
20/12/2011 13:05:50	TASTEGGIO	0	2	5000	42061	75919	93	-8	0.12	0.12	0	
20/12/2011 13:06:01	TASTEGGIO	0	2	5000	42061	158332	93	-8	0.11	0.20	-119500	
20/12/2011 13:06:26	TASTEGGIO	1	0	5000	42061	277787	50	-6	0.17	0.17	0	
20/12/2011 13:06:44	TASTEGGIO	0	1	5000	42061	277787	64	-3	0.17	0.17	0	
20/12/2011 13:07:05	TASTEGGIO	0	2	5000	42061	277787	98	-4	0.19	0.19	0	
20/12/2011 13:07:10	ALARM 401		
20/12/2011 13:07:14	ALARM 203		err.6058
20/12/2011 13:07:33	TASTEGGIO	0	3	5000	42061	158648	161	0	0.08	0.15	-119500	
20/12/2011 13:09:32	TASTEGGIO	0	3	5000	42060	161307	161	0	0.41	0.41	0	
20/12/2011 13:09:54	TASTEGGIO	1	0	5000	42060	161312	55	-40	0.08	0.08	0	
20/12/2011 13:10:02	TASTEGGIO	1	0	5000	42060	161306	55	-40	0.08	0.27	-82000	
20/12/2011 13:10:27	TASTEGGIO	1	0	5000	42060	243261	51	-6	0.18	0.18	0	
20/12/2011 13:10:47	TASTEGGIO	0	1	5000	42060	243261	62	-5	0.13	0.13	0	
20/12/2011 13:10:58	TASTEGGIO	0	1	5000	42060	161286	62	-5	0.14	0.16	-82000	
20/12/2011 13:12:55	TASTEGGIO	0	1	5000	42060	161177	62	-5	0.51	0.51	0	
20/12/2011 13:13:16	TASTEGGIO	1	0	5000	42060	161181	57	-42	0.17	0.17	0	
20/12/2011 13:13:36	TASTEGGIO	0	0	5000	42060	161181	49	-65	0.49	0.49	0	
20/12/2011 13:13:54	TASTEGGIO	0	1	5000	42060	161181	0	-6	0.42	0.42	0	
20/12/2011 13:14:13	TASTEGGIO	0	2	5000	42060	161181	71	-68	0.30	0.30	0	
20/12/2011 13:14:34	TASTEGGIO	0	1	5000	42060	161181	49	-93	1.18	1.18	0	
20/12/2011 13:14:48	TASTEGGIO	0	1	5000	42060	161181	0	-3	1.10	1.10	0	
20/12/2011 13:15:09	TASTEGGIO	0	2	5000	42060	161181	205	-194	0.89	0.89	0	
20/12/2011 13:15:32	TASTEGGIO	0	1	5000	42060	161181	132	-194	0.00	0.00	120300	
20/12/2011 13:15:40	TASTEGGIO	0	1	5000	42060	161177	132	-194	0.00	0.00	-119500	
20/12/2011 13:15:42	ALARM 401		
20/12/2011 13:16:10	ALARM 401		
20/12/2011 13:17:04	TASTEGGIO	0	1	5000	42060	161178	303	-7	1.95	1.95	0	
20/12/2011 13:17:19	ALARM 401		
20/12/2011 13:18:03	TASTEGGIO	0	1	5000	42060	161177	334	-18	2.32	2.32	0	
20/12/2011 13:18:16	ALARM 401		
20/12/2011 13:20:01	TASTEGGIO	0	1	5000	42060	161178	347	-17	2.31	2.31	0	
20/12/2011 13:20:13	ALARM 401		
20/12/2011 13:20:44	ALARM 401		
20/12/2011 13:20:45	ALARM 401		
20/12/2011 13:21:13	TASTEGGIO	0	1	5000	42060	161178	375	-57	2.17	2.17	0	
20/12/2011 13:21:25	ALARM 401		
20/12/2011 13:22:23	TASTEGGIO	0	1	5000	42060	161177	383	-21	1.62	1.62	0	
20/12/2011 13:22:41	ALARM 401		
20/12/2011 13:23:37	TASTEGGIO	0	1	5000	42060	161180	398	-48	2.00	2.00	0	
20/12/2011 13:23:47	ALARM 401		
20/12/2011 13:24:39	TASTEGGIO	0	1	5000	42060	200952	398	-48	1.48	1.48	0	
20/12/2011 13:24:52	ALARM 401		
20/12/2011 13:25:44	TASTEGGIO	0	1	5000	42060	200952	283	-25	1.52	1.52	0	
20/12/2011 13:28:21	TASTEGGIO	0	1	5000	42060	161179	283	-25	0.49	0.49	0	
20/12/2011 13:28:43	TASTEGGIO	1	0	5000	42060	161183	57	-25	0.24	0.24	0	
20/12/2011 13:29:02	TASTEGGIO	0	0	5000	42060	161183	51	-20	0.03	0.03	0	
20/12/2011 13:29:10	TASTEGGIO	0	0	5000	42060	161179	51	-20	0.03	0.22	-82000	
20/12/2011 13:29:35	TASTEGGIO	1	0	5000	42060	243137	50	-17	0.13	0.13	0	
20/12/2011 13:29:46	TASTEGGIO	1	0	5000	42060	161180	50	-17	0.09	0.18	82800	
20/12/2011 13:30:09	TASTEGGIO	1	0	5000	42060	78440	49	-1	0.13	0.13	0	
20/12/2011 13:30:20	TASTEGGIO	1	0	5000	42060	160804	49	-1	0.12	0.16	82800	
20/12/2011 13:30:23	ALARM 401		
20/12/2011 13:30:25	ALARM 401		
20/12/2011 13:30:39	TASTEGGIO	1	0	5000	42061	160805	49	-1	0.11	0.16	82800	
20/12/2011 13:31:01	TASTEGGIO	1	0	5000	42061	78092	49	-1	0.18	0.18	0	
20/12/2011 13:31:19	TASTEGGIO	0	1	5000	42061	78091	69	-3	0.12	0.12	0	
20/12/2011 13:31:30	TASTEGGIO	0	1	5000	42061	160788	69	-3	0.09	0.15	-119500	
20/12/2011 13:32:30	ALARM 17	proc 12 prog 10 step 47	LavoroTerminato
20/12/2011 13:50:01	TASTEGGIO	0	1	5000	42060	161181	69	-3	1.33	1.33	0	
20/12/2011 13:50:22	TASTEGGIO	1	0	5000	42060	161185	78	-3	1.31	1.31	0	
20/12/2011 13:50:43	TASTEGGIO	0	1	5000	42060	161185	207	-155	0.67	0.67	0	
20/12/2011 13:50:45	ALARM 401		
20/12/2011 13:50:48	ALARM 201		err.6059
20/12/2011 13:50:59	TASTEGGIO	0	1	5000	42061	161181	207	-155	0.68	0.68	0	
20/12/2011 13:51:21	TASTEGGIO	1	0	5000	42061	161185	62	-46	0.15	0.15	0	
20/12/2011 13:51:24	ALARM 401		
20/12/2011 13:51:27	ALARM 201		err.6059
20/12/2011 13:51:39	TASTEGGIO	1	0	5000	42061	161181	62	-46	0.19	0.50	82800	
20/12/2011 13:52:00	TASTEGGIO	1	0	5000	42061	78432	57	-2	0.50	0.50	0	
20/12/2011 13:52:19	TASTEGGIO	0	1	5000	42061	78433	107	-6	0.44	0.44	0	
20/12/2011 13:52:40	TASTEGGIO	0	2	5000	42061	78432	184	-63	0.21	0.21	0	
20/12/2011 13:52:41	ALARM 401		
20/12/2011 13:52:45	ALARM 201		err.6059
20/12/2011 13:53:00	TASTEGGIO	0	2	5000	42061	160793	184	-63	0.60	0.60	0	
20/12/2011 13:53:23	TASTEGGIO	1	0	5000	42061	160788	60	-5	0.53	0.53	0	
20/12/2011 13:53:43	TASTEGGIO	0	1	5000	42061	160787	106	-65	0.11	0.11	0	
20/12/2011 13:53:51	TASTEGGIO	0	1	5000	42061	160794	106	-65	0.11	0.32	-82000	
20/12/2011 13:54:16	TASTEGGIO	1	0	5000	42061	242752	53	-36	0.12	0.12	0	
20/12/2011 13:54:27	TASTEGGIO	1	0	5000	42061	161177	53	-36	0.25	0.25	0	
20/12/2011 13:54:50	TASTEGGIO	1	0	5000	42061	161182	51	-68	0.68	0.68	0	
20/12/2011 13:55:07	TASTEGGIO	0	1	5000	42061	161182	0	-5	0.60	0.60	0	
20/12/2011 13:55:29	TASTEGGIO	0	2	5000	42061	161182	105	-54	0.11	0.11	0	
20/12/2011 13:55:36	TASTEGGIO	0	2	5000	42061	161178	105	-54	0.13	0.13	0	
20/12/2011 13:56:37	ALARM 17	proc 12 prog 10 step 47	LavoroTerminato
20/12/2011 13:59:22	ALARM 2	proc 3 prog 67 step 25	Sensore allin.C2 non commutato
20/12/2011 14:04:51	TASTEGGIO	0	2	5000	42063	185861	105	-54	0.84	0.86	82800	
20/12/2011 14:05:14	TASTEGGIO	1	0	5000	42063	103145	66	-19	0.88	0.88	0	
20/12/2011 14:05:36	TASTEGGIO	0	1	5000	42063	103145	156	-187	1.07	1.07	0	
20/12/2011 14:06:00	TASTEGGIO	0	1	5000	42063	103145	25	-73	2.40	2.40	0	
20/12/2011 14:06:02	ALARM 401		
20/12/2011 14:06:06	ALARM 205		err.6058
20/12/2011 14:06:26	TASTEGGIO	0	1	5000	42063	185812	25	-73	0.99	2.26	82800	
20/12/2011 14:06:45	TASTEGGIO	1	0	5000	42063	103112	101	-13	2.30	2.30	0	
20/12/2011 14:06:50	ALARM 218	proc 12 prog 85 step 19	go_abs 3 cmd 11
20/12/2011 14:06:52	ALARM 401		
20/12/2011 14:06:53	ALARM 401		
20/12/2011 14:07:13	TASTEGGIO	0	1	5000	42063	185812	335	0	0.97	2.22	82800	
20/12/2011 14:07:33	TASTEGGIO	1	0	5000	42063	103106	100	-2	2.29	2.29	0	
20/12/2011 14:07:57	TASTEGGIO	0	1	5000	42063	103106	336	-328	3.08	3.08	0	
20/12/2011 14:08:21	TASTEGGIO	0	1	5000	42063	103106	0	-7	0.00	0.00	0	
20/12/2011 14:08:23	ALARM 401		
20/12/2011 14:08:30	ALARM 201		err.6058
20/12/2011 14:08:43	TASTEGGIO	0	1	5000	42063	103445	0	-7	0.00	0.00	120300	
20/12/2011 14:16:37	TASTEGGIO	0	1	5000	42061	182602	0	-7	0.26	0.33	-82000	
20/12/2011 14:17:03	TASTEGGIO	1	0	5000	42061	264561	53	-126	1.02	1.02	0	
20/12/2011 14:17:21	TASTEGGIO	0	1	5000	42060	264561	0	-22	0.79	0.79	0	
20/12/2011 14:17:42	TASTEGGIO	0	2	5000	42061	264561	86	-163	0.99	0.99	0	
20/12/2011 14:18:00	TASTEGGIO	0	1	5000	42061	264562	0	-13	0.86	0.86	0	
20/12/2011 14:18:22	TASTEGGIO	0	2	5000	42061	264562	149	-207	1.20	1.20	0	
20/12/2011 14:18:39	TASTEGGIO	0	1	5000	42061	264562	0	-26	0.99	0.99	0	
20/12/2011 14:19:01	TASTEGGIO	0	2	5000	42061	264562	163	-236	0.08	0.08	0	
20/12/2011 14:19:13	TASTEGGIO	0	2	5000	42061	182610	163	-236	1.06	1.64	-82000	
20/12/2011 14:19:41	TASTEGGIO	1	0	5000	42061	264564	86	-132	0.00	0.00	0	
20/12/2011 14:19:52	TASTEGGIO	1	0	5000	42060	182622	86	-132	0.00	0.00	-119500	
20/12/2011 14:20:53	ALARM 17	proc 12 prog 10 step 47	LavoroTerminato
20/12/2011 14:30:50	TASTEGGIO	1	0	5000	42060	183084	86	-132	0.35	0.48	-119500	
20/12/2011 14:31:16	TASTEGGIO	1	0	5000	42060	302511	57	-37	0.12	0.12	0	
20/12/2011 14:31:28	TASTEGGIO	1	0	5000	42060	183120	57	-37	0.35	0.42	120300	
20/12/2011 14:31:52	TASTEGGIO	1	0	5000	42060	62873	55	-8	0.35	0.35	0	
20/12/2011 14:32:10	TASTEGGIO	0	1	5000	42060	62880	84	-14	0.20	0.20	0	
20/12/2011 14:32:11	ALARM 401		
20/12/2011 14:32:18	ALARM 205		err.5005
20/12/2011 14:32:37	TASTEGGIO	0	1	5000	42061	182901	84	-14	0.24	0.24	0	
20/12/2011 14:33:01	TASTEGGIO	1	0	5000	42061	182896	51	-176	0.00	0.00	0	
20/12/2011 14:33:08	TASTEGGIO	1	0	5000	42061	182900	51	-176	0.00	0.00	-119500	
20/12/2011 14:34:08	ALARM 17	proc 12 prog 10 step 47	LavoroTerminato
20/12/2011 15:05:52	ALARM 2	proc 3 prog 67 step 32	Sensore allin.C2 non commutato
20/12/2011 15:07:33	TASTEGGIO	1	0	5000	42063	161074	51	-176	0.72	0.72	0	
20/12/2011 15:07:55	TASTEGGIO	1	0	5000	42063	161078	63	-25	0.51	0.51	0	
20/12/2011 15:08:16	TASTEGGIO	0	1	5000	42063	161078	99	-102	0.56	0.56	0	
20/12/2011 15:08:38	TASTEGGIO	0	1	5000	42063	161078	37	-105	1.62	1.62	0	
20/12/2011 15:09:01	TASTEGGIO	0	1	5000	42063	161078	0	-108	0.00	0.00	0	
20/12/2011 15:09:09	TASTEGGIO	0	1	5000	42063	161074	0	-108	0.00	0.00	-82000	
20/12/2011 15:10:09	ALARM 17	proc 12 prog 10 step 47	LavoroTerminato
20/12/2011 15:10:28	ALARM 401		
20/12/2011 15:19:43	TASTEGGIO	0	1	5000	42060	161429	0	-108	0.70	0.70	0	
20/12/2011 15:20:05	TASTEGGIO	1	0	5000	42060	161433	62	-63	0.27	0.27	0	
20/12/2011 15:20:25	TASTEGGIO	0	0	5000	42060	161433	51	-92	0.59	0.59	0	
20/12/2011 15:20:44	TASTEGGIO	0	1	5000	42060	161433	0	-82	0.94	0.94	0	
20/12/2011 15:20:49	ALARM 401		
20/12/2011 15:20:52	ALARM 401		
20/12/2011 15:20:53	ALARM 401		
20/12/2011 15:21:09	TASTEGGIO	0	1	5000	42061	161429	0	0	0.89	0.89	0	
20/12/2011 15:21:32	TASTEGGIO	1	0	5000	42061	161433	67	-57	0.57	0.57	0	
20/12/2011 15:21:52	TASTEGGIO	0	1	5000	42061	161433	103	-120	0.59	0.59	0	
20/12/2011 15:22:13	TASTEGGIO	0	1	5000	42061	161433	41	-111	1.45	1.45	0	
20/12/2011 15:22:32	TASTEGGIO	0	1	5000	42061	161433	0	-40	1.40	1.40	0	
20/12/2011 15:22:54	TASTEGGIO	0	2	5000	42061	161433	270	-385	0.00	0.00	0	
20/12/2011 15:23:02	TASTEGGIO	0	2	5000	42061	161429	270	-385	0.00	0.00	82800	
20/12/2011 15:25:00	TASTEGGIO	0	2	5000	42060	157631	270	-385	1.03	1.03	0	
20/12/2011 15:25:20	TASTEGGIO	1	0	5000	42060	157636	70	1	0.99	0.99	0	
20/12/2011 15:25:40	TASTEGGIO	0	1	5000	42060	157636	165	-129	0.43	0.43	0	
20/12/2011 15:25:41	ALARM 401		
20/12/2011 15:25:43	ALARM 205		err.5005
20/12/2011 15:25:55	TASTEGGIO	0	1	5000	42061	157631	165	-129	0.42	0.56	-82000	
20/12/2011 15:26:18	TASTEGGIO	1	0	5000	42061	239589	59	-5	0.41	0.41	0	
20/12/2011 15:26:37	TASTEGGIO	0	1	5000	42061	239589	89	-21	0.17	0.17	0	
20/12/2011 15:26:38	ALARM 401		
20/12/2011 15:26:40	ALARM 205		err.5005
20/12/2011 15:26:55	TASTEGGIO	0	1	5000	42061	157628	89	-21	0.40	0.40	0	
20/12/2011 15:27:19	TASTEGGIO	1	0	5000	42061	157632	55	-105	1.28	1.28	0	
20/12/2011 15:27:21	ALARM 401		
20/12/2011 15:27:37	ALARM 205		err.6058
20/12/2011 15:27:58	TASTEGGIO	1	0	5000	42061	157626	55	-105	1.23	1.23	0	
20/12/2011 15:28:17	TASTEGGIO	1	0	5000	42061	157631	76	-14	1.03	1.03	0	
20/12/2011 15:28:22	ALARM 401		
20/12/2011 15:28:23	ALARM 203		err.6058
20/12/2011 15:29:06	TASTEGGIO	0	1	5000	42061	157626	162	0	1.00	1.00	0	
20/12/2011 15:29:50	TASTEGGIO	0	1	5000	42061	157631	142	-144	0.65	0.65	0	
20/12/2011 15:30:04	TASTEGGIO	0	1	5000	42061	157626	142	-144	0.63	0.63	0	
20/12/2011 15:30:36	TASTEGGIO	0	1	5000	42061	157626	68	-90	0.43	0.55	-82000	
20/12/2011 15:31:11	TASTEGGIO	0	1	5000	42061	157636	80	-10	0.34	0.44	-119500	
20/12/2011 15:31:33	TASTEGGIO	0	1	5000	42061	157639	80	-10	0.36	0.43	-119500	
20/12/2011 15:31:59	TASTEGGIO	1	0	5000	42061	277094	55	-10	0.38	0.38	0	
20/12/2011 15:32:17	TASTEGGIO	0	1	5000	42061	277094	88	-8	0.32	0.32	0	
20/12/2011 15:32:20	ALARM 401		
20/12/2011 15:32:37	TASTEGGIO	0	2	5000	42061	157626	141	-8	0.25	0.28	-82000	
20/12/2011 15:33:02	TASTEGGIO	1	0	5000	42061	239574	52	2	0.28	0.28	0	
20/12/2011 15:33:22	TASTEGGIO	0	1	5000	42061	239574	80	-21	0.16	0.16	0	
20/12/2011 15:33:24	ALARM 401		
20/12/2011 15:33:26	ALARM 401		
20/12/2011 15:33:26	ALARM 401		
20/12/2011 15:33:43	TASTEGGIO	0	1	5000	42061	157628	80	-21	0.12	0.25	-119500	
20/12/2011 15:34:09	TASTEGGIO	1	0	5000	42061	277084	51	-1	0.26	0.26	0	
20/12/2011 15:34:28	TASTEGGIO	0	1	5000	42061	277085	78	-3	0.25	0.25	0	
20/12/2011 15:34:48	TASTEGGIO	0	2	5000	42061	277085	126	-14	0.14	0.14	0	
20/12/2011 15:35:00	TASTEGGIO	0	2	5000	42061	157634	126	-14	0.11	0.18	82800	
20/12/2011 15:35:22	TASTEGGIO	1	0	5000	42061	74904	49	0	0.14	0.14	0	
20/12/2011 15:35:33	TASTEGGIO	1	0	5000	42061	157389	49	0	0.12	0.15	82800	
20/12/2011 15:36:34	ALARM 17	proc 12 prog 10 step 47	LavoroTerminato
20/12/2011 15:48:25	TASTEGGIO	1	0	5000	42060	158326	49	0	1.83	1.83	0	
20/12/2011 15:48:42	TASTEGGIO	1	0	5000	42060	158331	91	9	1.90	1.90	0	
20/12/2011 15:49:04	TASTEGGIO	0	1	5000	42060	158331	288	-232	0.77	0.77	0	
20/12/2011 15:49:05	ALARM 401		
20/12/2011 15:49:19	TASTEGGIO	0	1	5000	42061	158325	288	-232	0.76	1.07	120300	
20/12/2011 15:49:42	TASTEGGIO	1	0	5000	42061	38178	71	-11	0.93	0.93	0	
20/12/2011 15:49:59	TASTEGGIO	0	1	5000	42061	38168	151	-12	0.80	0.80	0	
20/12/2011 15:50:20	TASTEGGIO	0	2	5000	42061	38172	288	-54	0.30	0.30	0	
20/12/2011 15:50:21	ALARM 401		
20/12/2011 15:50:38	TASTEGGIO	0	2	5000	42061	157972	288	-54	0.89	0.89	0	
20/12/2011 15:50:59	TASTEGGIO	1	0	5000	42061	157967	67	-23	0.56	0.56	0	
20/12/2011 15:51:20	TASTEGGIO	0	1	5000	42061	157967	102	-119	0.58	0.58	0	
20/12/2011 15:51:41	TASTEGGIO	0	1	5000	42061	157967	41	-163	2.25	2.25	0	
20/12/2011 15:51:55	TASTEGGIO	0	1	5000	42061	157967	0	7	2.22	2.22	0	
20/12/2011 15:51:58	ALARM 401		
20/12/2011 15:52:03	ALARM 401		
20/12/2011 15:52:03	ALARM 201		err.6059
20/12/2011 15:52:18	TASTEGGIO	0	2	5000	42061	157972	400	0	2.18	2.18	0	
20/12/2011 15:52:36	TASTEGGIO	1	0	5000	42061	157968	99	3	2.14	2.14	0	
20/12/2011 15:52:58	TASTEGGIO	0	1	5000	42061	157968	309	-193	1.02	1.02	0	
20/12/2011 15:53:15	TASTEGGIO	0	0	5000	42061	157968	70	2	0.96	0.96	0	
20/12/2011 15:53:37	TASTEGGIO	0	1	5000	42061	157968	160	-83	0.15	0.15	0	
20/12/2011 15:53:38	ALARM 401		
20/12/2011 15:53:40	ALARM 201		err.6059
20/12/2011 15:53:51	TASTEGGIO	0	1	5000	42061	157972	160	-83	0.14	0.58	-82000	
20/12/2011 15:54:15	TASTEGGIO	1	0	5000	42061	239923	59	-23	0.28	0.28	0	
20/12/2011 15:54:33	TASTEGGIO	0	0	5000	42061	239923	52	-11	0.17	0.17	0	
20/12/2011 15:54:36	ALARM 401		
20/12/2011 15:54:38	ALARM 401		
20/12/2011 15:54:39	ALARM 401		
20/12/2011 15:54:56	TASTEGGIO	0	0	5000	42061	158288	52	-11	0.26	0.35	120300	
20/12/2011 15:55:19	TASTEGGIO	1	0	5000	42061	38065	53	-2	0.29	0.29	0	
20/12/2011 15:55:37	TASTEGGIO	0	1	5000	42061	38062	77	0	0.29	0.29	0	
20/12/2011 15:55:55	TASTEGGIO	0	2	5000	42061	38053	135	-2	0.28	0.28	0	
20/12/2011 15:55:58	ALARM 401		
20/12/2011 15:56:00	ALARM 401		
20/12/2011 15:56:01	ALARM 401		
20/12/2011 15:56:19	TASTEGGIO	0	2	5000	42061	157973	135	-2	0.27	0.32	120300	
20/12/2011 15:56:44	TASTEGGIO	1	0	5000	42061	37852	53	-10	0.32	0.32	0	
20/12/2011 15:57:01	TASTEGGIO	0	1	5000	42061	37843	85	-4	0.27	0.27	0	
20/12/2011 15:57:11	ALARM 401		
20/12/2011 15:57:13	ALARM 401		
20/12/2011 15:57:14	ALARM 401		
20/12/2011 15:57:35	TASTEGGIO	0	2	5000	42061	157971	130	0	0.33	0.33	0	
20/12/2011 15:57:57	TASTEGGIO	1	0	5000	42061	157966	53	-70	0.35	0.35	0	
20/12/2011 15:58:17	TASTEGGIO	0	1	5000	42061	157966	15	-60	0.70	0.70	0	
20/12/2011 15:58:33	TASTEGGIO	0	1	5000	42061	157966	0	2	0.61	0.61	0	
20/12/2011 15:58:54	TASTEGGIO	0	2	5000	42061	157966	106	-19	0.41	0.41	0	
20/12/2011 15:58:58	ALARM 401		
20/12/2011 15:59:00	ALARM 401		
20/12/2011 15:59:01	ALARM 401		
20/12/2011 15:59:14	TASTEGGIO	0	3	5000	42061	157971	153	0	0.38	0.45	-82000	
20/12/2011 15:59:39	TASTEGGIO	1	0	5000	42061	239921	56	-1	0.37	0.37	0	
20/12/2011 15:59:58	TASTEGGIO	0	1	5000	42061	239921	86	-22	0.14	0.14	0	
20/12/2011 15:59:59	ALARM 401		
20/12/2011 16:00:05	ALARM 401		
20/12/2011 16:00:05	ALARM 401		
20/12/2011 16:00:21	TASTEGGIO	0	1	5000	42061	158294	86	-22	0.29	0.39	82800	
20/12/2011 16:00:43	TASTEGGIO	1	0	5000	42061	75538	54	-4	0.28	0.28	0	
20/12/2011 16:01:01	TASTEGGIO	0	1	5000	42061	75538	74	-9	0.17	0.17	0	
20/12/2011 16:01:04	ALARM 218	proc 12 prog 85 step 19	go_abs 3 cmd 11
20/12/2011 16:01:07	ALARM 401		
20/12/2011 16:01:08	ALARM 401		
20/12/2011 16:01:24	TASTEGGIO	0	2	5000	42061	157979	88	0	0.22	0.28	-119500	
20/12/2011 16:01:49	TASTEGGIO	1	0	5000	42061	277430	52	-17	0.08	0.08	0	
20/12/2011 16:02:01	TASTEGGIO	1	0	5000	42061	158299	52	-17	0.30	0.30	0	
20/12/2011 16:02:23	TASTEGGIO	1	0	5000	42061	158301	52	-27	0.12	0.12	0	
20/12/2011 16:02:31	TASTEGGIO	1	0	5000	42061	158297	52	-27	0.14	0.24	120300	
20/12/2011 16:02:55	TASTEGGIO	1	0	5000	42061	38141	51	0	0.23	0.23	0	
20/12/2011 16:03:13	TASTEGGIO	0	1	5000	42061	38129	73	-2	0.22	0.22	0	
20/12/2011 16:03:32	TASTEGGIO	0	2	5000	42061	38121	115	0	0.22	0.22	0	
20/12/2011 16:03:52	TASTEGGIO	0	3	5000	42061	38116	181	-1	0.21	0.21	0	
20/12/2011 16:03:53	ALARM 401		
20/12/2011 16:03:56	ALARM 401		
20/12/2011 16:03:56	ALARM 205		err.5005
20/12/2011 16:04:14	TASTEGGIO	0	3	5000	42061	157986	181	-1	0.15	0.24	120300	
20/12/2011 16:04:37	TASTEGGIO	1	0	5000	42061	37848	51	0	0.22	0.22	0	
20/12/2011 16:04:56	TASTEGGIO	0	1	5000	42061	37841	71	0	0.22	0.22	0	
20/12/2011 16:05:14	TASTEGGIO	0	2	5000	42061	37837	115	-2	0.22	0.22	0	
20/12/2011 16:05:33	TASTEGGIO	0	3	5000	42061	37837	181	-5	0.20	0.20	0	
20/12/2011 16:05:55	TASTEGGIO	0	4	5000	42061	37837	253	-31	0.17	0.17	0	
20/12/2011 16:05:56	ALARM 401		
20/12/2011 16:05:58	ALARM 205		err.6059
20/12/2011 16:05:58	ALARM 401		
20/12/2011 16:06:00	ALARM 401		
20/12/2011 16:06:00	ALARM 401		
20/12/2011 16:06:01	ALARM 401		
20/12/2011 16:06:18	TASTEGGIO	0	4	5000	42061	157987	253	-31	0.28	0.28	0	
20/12/2011 16:06:41	TASTEGGIO	1	0	5000	42061	157982	52	-63	0.33	0.33	0	
20/12/2011 16:07:00	TASTEGGIO	0	1	5000	42061	157982	13	-15	0.20	0.20	0	
20/12/2011 16:07:20	TASTEGGIO	0	2	5000	42061	157982	30	-16	0.06	0.06	0	
20/12/2011 16:07:27	TASTEGGIO	0	2	5000	42061	157987	30	-16	0.06	0.17	120300	
20/12/2011 16:07:31	ALARM 401		
20/12/2011 16:07:33	ALARM 401		
20/12/2011 16:07:34	ALARM 401		
20/12/2011 16:07:51	TASTEGGIO	0	2	5000	42061	158003	30	-16	0.06	0.17	-119500	
20/12/2011 16:08:51	ALARM 17	proc 12 prog 10 step 47	LavoroTerminato
20/12/2011 16:10:12	TASTEGGIO	0	2	5000	42060	160978	30	-16	0.77	1.09	120300	
20/12/2011 16:10:33	TASTEGGIO	1	0	5000	42060	40730	72	-5	1.02	1.02	0	
20/12/2011 16:10:52	TASTEGGIO	0	1	5000	42060	40726	167	-19	0.82	0.82	0	
20/12/2011 16:10:57	ALARM 218	proc 12 prog 85 step 19	go_abs 3 cmd 11
20/12/2011 16:10:59	ALARM 401		
20/12/2011 16:11:20	TASTEGGIO	0	2	5000	42061	160622	298	0	0.71	0.85	-82000	
20/12/2011 16:11:42	TASTEGGIO	1	0	5000	42061	242578	66	1	0.91	0.91	0	
20/12/2011 16:12:02	TASTEGGIO	0	1	5000	42061	242578	163	-65	0.39	0.39	0	
20/12/2011 16:12:04	ALARM 401		
20/12/2011 16:12:06	ALARM 205		err.6059
20/12/2011 16:12:20	TASTEGGIO	0	1	5000	42061	160973	163	-65	0.27	0.77	120300	
20/12/2011 16:12:42	TASTEGGIO	1	0	5000	42061	40721	64	0	0.81	0.81	0	
20/12/2011 16:13:00	TASTEGGIO	0	1	5000	42061	40716	149	-7	0.70	0.70	0	
20/12/2011 16:13:04	ALARM 401		
20/12/2011 16:13:08	ALARM 401		
20/12/2011 16:13:08	ALARM 401		
20/12/2011 16:13:27	TASTEGGIO	0	2	5000	42061	160633	269	0	0.22	0.69	120300	
20/12/2011 16:13:51	TASTEGGIO	1	0	5000	42061	40400	62	1	0.70	0.70	0	
20/12/2011 16:14:08	TASTEGGIO	0	1	5000	42061	40393	133	-2	0.70	0.70	0	
20/12/2011 16:14:29	TASTEGGIO	0	2	5000	42061	40392	273	-40	0.37	0.37	0	
20/12/2011 16:14:30	ALARM 401		
20/12/2011 16:14:34	ALARM 401		
20/12/2011 16:14:34	ALARM 401		
20/12/2011 16:15:09	TASTEGGIO	0	2	5000	42061	160623	273	-40	0.21	0.51	-82000	
20/12/2011 16:15:33	TASTEGGIO	1	0	5000	42061	242580	57	1	0.45	0.45	0	
20/12/2011 16:15:54	TASTEGGIO	0	1	5000	42061	242580	96	-16	0.26	0.26	0	
20/12/2011 16:15:58	ALARM 218	proc 12 prog 85 step 19	go_abs 3 cmd 11
20/12/2011 16:16:03	ALARM 203		err.6058
20/12/2011 16:16:18	TASTEGGIO	0	2	5000	42061	160973	117	0	0.23	0.39	82800	
20/12/2011 16:16:40	TASTEGGIO	1	0	5000	42061	78226	54	0	0.34	0.34	0	
20/12/2011 16:16:57	TASTEGGIO	0	1	5000	42061	78227	83	-9	0.21	0.21	0	
20/12/2011 16:17:01	ALARM 401		
20/12/2011 16:17:09	ALARM 203		err.6058
20/12/2011 16:17:24	TASTEGGIO	0	2	5000	42061	160627	101	0	0.09	0.39	-119500	
20/12/2011 16:17:49	TASTEGGIO	1	0	5000	42061	280079	54	-11	0.29	0.29	0	
20/12/2011 16:18:07	TASTEGGIO	0	1	5000	42061	280080	75	-8	0.20	0.20	0	
20/12/2011 16:18:09	ALARM 401		
20/12/2011 16:18:11	ALARM 205		err.6058
20/12/2011 16:18:28	TASTEGGIO	0	1	5000	42061	160976	75	-8	0.16	0.32	120300	
20/12/2011 16:18:51	TASTEGGIO	1	0	5000	42061	40720	53	-3	0.28	0.28	0	
20/12/2011 16:19:10	TASTEGGIO	0	1	5000	42061	40717	77	0	0.28	0.28	0	
20/12/2011 16:19:28	TASTEGGIO	0	2	5000	42061	40717	133	-6	0.25	0.25	0	
20/12/2011 16:19:48	TASTEGGIO	0	3	5000	42061	40720	199	-27	0.30	0.30	0	
20/12/2011 16:20:07	TASTEGGIO	0	1	5000	42061	40721	162	-23	0.11	0.11	0	
20/12/2011 16:20:20	TASTEGGIO	0	1	5000	42061	160630	162	-23	0.02	0.22	-82000	
20/12/2011 16:20:44	TASTEGGIO	1	0	5000	42061	242587	50	-10	0.12	0.12	0	
20/12/2011 16:20:56	TASTEGGIO	1	0	5000	42061	160969	50	-10	0.10	0.19	-119500	
20/12/2011 16:21:21	TASTEGGIO	1	0	5000	42061	280407	49	-6	0.15	0.15	0	
20/12/2011 16:21:24	ALARM 401		
20/12/2011 16:21:27	ALARM 201		err.6059
20/12/2011 16:21:44	TASTEGGIO	0	1	5000	42061	160983	60	-6	0.08	0.17	-119500	
20/12/2011 16:22:43	ALARM 17	proc 12 prog 10 step 47	LavoroTerminato
20/12/2011 16:31:29	TASTEGGIO	0	1	5000	42060	158255	60	-6	1.48	1.48	0	
20/12/2011 16:31:48	TASTEGGIO	1	0	5000	42060	158259	82	6	1.47	1.47	0	
20/12/2011 16:32:09	TASTEGGIO	0	1	5000	42060	158259	228	-196	0.71	0.71	0	
20/12/2011 16:32:10	ALARM 401		
20/12/2011 16:32:14	ALARM 205		err.5005
20/12/2011 16:32:25	TASTEGGIO	0	1	5000	42060	158253	228	-196	0.67	0.67	0	
20/12/2011 16:32:47	TASTEGGIO	1	0	5000	42060	158258	61	-53	0.19	0.19	0	
20/12/2011 16:32:49	ALARM 401		
20/12/2011 16:32:53	ALARM 201		err.6059
20/12/2011 16:32:57	ALARM 401		
20/12/2011 16:32:58	ALARM 401		
20/12/2011 16:32:59	ALARM 401		
20/12/2011 16:33:02	ALARM 401		
20/12/2011 16:33:17	TASTEGGIO	1	0	5000	42060	158253	61	-53	0.17	0.60	-82000	
20/12/2011 16:33:41	TASTEGGIO	1	0	5000	42061	240189	60	-10	0.37	0.37	0	
20/12/2011 16:34:01	TASTEGGIO	0	1	5000	42061	240190	82	-29	0.09	0.09	0	
20/12/2011 16:34:12	TASTEGGIO	0	1	5000	42061	158272	82	-29	0.46	0.57	120300	
20/12/2011 16:34:34	TASTEGGIO	1	0	5000	42061	38102	59	-37	0.18	0.18	0	
20/12/2011 16:34:51	TASTEGGIO	0	0	5000	42061	38096	49	-23	0.10	0.10	0	
20/12/2011 16:35:03	TASTEGGIO	0	0	5000	42061	157973	49	-23	0.65	0.65	0	
20/12/2011 16:35:25	TASTEGGIO	1	0	5000	42061	157967	61	-69	0.19	0.19	0	
20/12/2011 16:35:45	TASTEGGIO	0	1	5000	42061	157967	55	-106	0.91	0.91	0	
20/12/2011 16:36:02	TASTEGGIO	0	1	5000	42060	157967	0	2	0.86	0.86	0	
20/12/2011 16:36:23	TASTEGGIO	0	2	5000	42060	157967	162	-175	0.94	0.94	0	
20/12/2011 16:36:44	TASTEGGIO	0	1	5000	42061	157967	59	-176	2.53	2.53	0	
20/12/2011 16:36:58	TASTEGGIO	0	1	5000	42061	157967	0	4	2.51	2.51	0	
20/12/2011 16:37:02	ALARM 401		
20/12/2011 16:37:05	ALARM 203		err.6058
20/12/2011 16:37:17	TASTEGGIO	0	2	5000	42061	157972	400	0	2.45	2.45	0	
20/12/2011 16:37:33	TASTEGGIO	1	0	5000	42061	157968	106	6	2.44	2.44	0	
20/12/2011 16:37:56	TASTEGGIO	0	1	5000	42061	157967	349	-322	1.24	1.24	0	
20/12/2011 16:38:19	TASTEGGIO	0	1	5000	42061	157967	285	-366	2.54	2.54	0	
20/12/2011 16:38:32	TASTEGGIO	0	1	5000	42061	157967	0	0	2.45	2.45	0	
20/12/2011 16:38:36	ALARM 401		
20/12/2011 16:38:40	ALARM 203		err.6058
20/12/2011 16:39:21	ALARM 401		
20/12/2011 16:39:24	ALARM 203		err.6058
20/12/2011 16:39:35	TASTEGGIO	0	2	5000	42061	157972	400	0	2.41	2.41	0	
20/12/2011 16:40:05	ALARM 401		
20/12/2011 16:40:08	ALARM 203		err.6058
20/12/2011 16:40:18	TASTEGGIO	0	2	5000	42061	157972	304	0	0.74	0.74	0	
20/12/2011 16:40:51	TASTEGGIO	0	2	5000	42061	157972	84	-28	0.33	0.45	-119500	
20/12/2011 16:41:29	TASTEGGIO	0	2	5000	42061	158257	43	-11	0.31	0.36	-119500	
20/12/2011 16:42:06	TASTEGGIO	0	2	5000	42061	158239	28	-1	0.30	0.34	-119500	
20/12/2011 16:42:45	TASTEGGIO	0	2	5000	42061	158286	45	0	0.29	0.33	-119500	
20/12/2011 16:43:23	TASTEGGIO	0	2	5000	42061	158285	60	-2	0.27	0.32	82800	
20/12/2011 16:43:59	TASTEGGIO	0	2	5000	42061	157975	76	-17	0.31	0.31	0	
20/12/2011 16:44:35	TASTEGGIO	0	2	5000	42061	157975	93	-77	0.50	0.50	0	
20/12/2011 16:44:51	TASTEGGIO	0	2	5000	42061	157975	93	-77	0.47	0.47	0	
20/12/2011 16:45:13	TASTEGGIO	1	0	5000	42061	157970	56	-40	0.08	0.08	0	
20/12/2011 16:45:20	TASTEGGIO	1	0	5000	42061	157975	56	-40	0.06	0.30	-119500	
20/12/2011 16:45:44	TASTEGGIO	1	0	5000	42061	277420	52	-1	0.30	0.30	0	
20/12/2011 16:46:04	TASTEGGIO	0	1	5000	42061	277420	82	-4	0.28	0.28	0	
20/12/2011 16:46:24	TASTEGGIO	0	2	5000	42061	277420	134	-16	0.13	0.13	0	
20/12/2011 16:46:36	TASTEGGIO	0	2	5000	42061	158295	134	-16	0.04	0.17	120300	
20/12/2011 16:46:42	ALARM 401		
20/12/2011 16:46:45	ALARM 201		err.6058
20/12/2011 16:47:00	TASTEGGIO	0	2	5000	42061	157980	134	-16	0.05	0.18	120300	
20/12/2011 16:47:03	ALARM 401		
20/12/2011 16:47:06	ALARM 401		
20/12/2011 16:47:07	ALARM 401		
20/12/2011 16:47:20	TASTEGGIO	0	2	5000	42061	157980	134	-16	0.04	0.17	82800	
20/12/2011 16:49:19	TASTEGGIO	0	2	5000	42060	160996	134	-16	1.28	1.62	-82000	
20/12/2011 16:49:40	TASTEGGIO	1	0	5000	42060	242934	85	2	1.67	1.67	0	
20/12/2011 16:50:01	TASTEGGIO	0	1	5000	42060	242934	257	-88	0.73	0.73	0	
20/12/2011 16:50:02	ALARM 218	proc 12 prog 73 step 17	go_abs 5 cmd 11
20/12/2011 16:50:06	ALARM 205		err.6059
20/12/2011 16:50:21	TASTEGGIO	0	1	5000	42061	160989	257	-88	0.63	0.99	-119500	
20/12/2011 16:50:44	TASTEGGIO	1	0	5000	42061	280442	69	-9	0.92	0.92	0	
20/12/2011 16:51:03	TASTEGGIO	0	1	5000	42061	280442	154	-18	0.72	0.72	0	
20/12/2011 16:51:24	TASTEGGIO	0	2	5000	42061	280442	233	-61	0.15	0.15	0	
20/12/2011 16:51:27	ALARM 401		
20/12/2011 16:51:30	ALARM 205		err.6058
20/12/2011 16:51:47	TASTEGGIO	0	2	5000	42061	160987	233	-61	0.25	0.25	0	
20/12/2011 16:52:10	TASTEGGIO	1	0	5000	42061	160992	51	-80	0.62	0.62	0	
20/12/2011 16:52:31	TASTEGGIO	0	1	5000	42061	160992	0	-64	1.08	1.08	0	
20/12/2011 16:52:36	ALARM 401		
20/12/2011 16:52:40	ALARM 201		err.6059
20/12/2011 16:52:53	TASTEGGIO	0	1	5000	42061	160988	0	0	1.07	1.07	0	
20/12/2011 16:53:15	TASTEGGIO	1	0	5000	42061	160991	71	-39	0.70	0.70	0	
20/12/2011 16:53:35	TASTEGGIO	0	1	5000	42061	160991	116	-118	0.53	0.53	0	
20/12/2011 16:53:56	TASTEGGIO	0	1	5000	42061	160991	75	-182	2.05	2.05	0	
20/12/2011 16:54:01	ALARM 401		
20/12/2011 16:54:04	ALARM 203		err.6058
20/12/2011 16:55:24	TASTEGGIO	0	1	5000	42061	160991	90	-6	1.93	1.93	0	
20/12/2011 16:55:44	TASTEGGIO	1	0	5000	42061	160995	123	-4	1.91	1.91	0	
20/12/2011 16:56:05	TASTEGGIO	0	1	5000	42061	160995	312	-356	1.74	1.74	0	
20/12/2011 16:56:28	TASTEGGIO	0	1	5000	42061	160995	153	-194	0.00	0.00	120300	
20/12/2011 16:56:36	TASTEGGIO	0	1	5000	42061	160991	153	-194	0.00	0.00	-119500	
20/12/2011 16:58:34	TASTEGGIO	0	1	5000	42060	157636	153	-194	0.74	0.74	0	
20/12/2011 16:58:56	TASTEGGIO	1	0	5000	42060	157641	93	-61	0.25	0.25	0	
20/12/2011 16:58:57	ALARM 401		
20/12/2011 16:59:00	ALARM 201		err.6059
20/12/2011 16:59:12	TASTEGGIO	1	0	5000	42061	157636	93	-61	0.24	0.47	120300	
20/12/2011 16:59:35	TASTEGGIO	1	0	5000	42061	37499	86	-42	0.10	0.10	0	
20/12/2011 16:59:47	TASTEGGIO	1	0	5000	42061	157379	86	-42	0.35	0.49	-119500	
20/12/2011 17:00:13	TASTEGGIO	1	0	5000	42061	276832	87	-16	0.33	0.33	0	
20/12/2011 17:00:17	ALARM 401		
20/12/2011 17:00:42	TASTEGGIO	0	1	5000	42061	157630	109	0	0.30	0.33	-119500	
20/12/2011 17:01:07	TASTEGGIO	1	0	5000	42061	277086	83	0	0.32	0.32	0	
20/12/2011 17:01:27	TASTEGGIO	0	1	5000	42061	277086	114	-10	0.22	0.22	0	
20/12/2011 17:01:29	ALARM 401		
20/12/2011 17:01:32	ALARM 205		err.6059
20/12/2011 17:01:47	TASTEGGIO	0	1	5000	42061	157632	114	-10	0.23	0.23	0	
20/12/2011 17:02:09	TASTEGGIO	1	0	5000	42061	157636	80	-144	1.19	1.19	0	
20/12/2011 17:02:31	TASTEGGIO	0	1	5000	42061	157636	0	-122	2.47	2.47	0	
20/12/2011 17:02:33	ALARM 401		
20/12/2011 17:02:36	ALARM 201		err.6059
20/12/2011 17:02:59	TASTEGGIO	0	1	5000	42061	157631	0	-122	0.78	0.78	0	
20/12/2011 17:03:15	TASTEGGIO	1	0	5000	42061	157636	79	6	1.72	1.72	0	
20/12/2011 17:03:39	TASTEGGIO	0	1	5000	42061	157636	400	-460	0.00	0.00	0	
20/12/2011 17:03:47	TASTEGGIO	0	1	5000	42061	157631	400	-460	0.00	0.00	82800	
20/12/2011 17:04:50	ALARM 17	proc 12 prog 10 step 47	LavoroTerminato
20/12/2011 17:06:36	TASTEGGIO	0	1	5000	42060	161161	400	-460	0.94	0.94	-82000	
20/12/2011 17:06:58	TASTEGGIO	1	0	5000	42060	243112	68	0	0.97	0.97	0	
20/12/2011 17:07:19	TASTEGGIO	0	1	5000	42060	243115	168	-71	0.32	0.32	0	
20/12/2011 17:07:20	ALARM 401		
20/12/2011 17:07:23	ALARM 205		err.6058
20/12/2011 17:07:37	TASTEGGIO	0	1	5000	42061	161174	168	-71	0.40	0.41	-119500	
20/12/2011 17:08:02	TASTEGGIO	1	0	5000	42061	280608	55	-10	0.32	0.32	0	
20/12/2011 17:08:20	TASTEGGIO	0	1	5000	42061	280608	79	-7	0.25	0.25	0	
20/12/2011 17:08:23	ALARM 401		
20/12/2011 17:08:41	TASTEGGIO	0	2	5000	42061	161179	106	-7	0.35	0.35	0	
20/12/2011 17:09:04	TASTEGGIO	1	0	5000	42061	161184	53	-72	0.50	0.50	0	
20/12/2011 17:09:22	TASTEGGIO	0	1	5000	42061	161184	0	-4	0.30	0.30	0	
20/12/2011 17:09:42	TASTEGGIO	0	2	5000	42061	161184	25	-32	0.19	0.19	0	
20/12/2011 17:10:01	TASTEGGIO	0	1	5000	42061	161184	12	-51	0.31	0.31	0	
20/12/2011 17:10:21	TASTEGGIO	0	1	5000	42061	161184	0	-13	0.34	0.34	0	
20/12/2011 17:10:41	TASTEGGIO	0	2	5000	42061	161184	74	-81	0.46	0.46	0	
20/12/2011 17:11:00	TASTEGGIO	0	1	5000	42061	161184	11	-37	0.53	0.53	0	
20/12/2011 17:11:05	ALARM 401		
20/12/2011 17:11:08	ALARM 203		err.6058
20/12/2011 17:11:19	TASTEGGIO	0	2	5000	42061	161179	133	0	0.49	0.49	0	
20/12/2011 17:11:42	TASTEGGIO	1	0	5000	42061	161184	57	-47	0.17	0.17	0	
20/12/2011 17:11:43	ALARM 401		
20/12/2011 17:11:46	ALARM 205		err.6058
20/12/2011 17:11:56	TASTEGGIO	1	0	5000	42061	161179	57	-47	0.16	0.20	82800	
20/12/2011 17:12:19	TASTEGGIO	1	0	5000	42061	78434	50	-11	0.10	0.10	0	
20/12/2011 17:12:31	TASTEGGIO	1	0	5000	42061	160808	50	-11	0.07	0.19	-119500	
20/12/2011 17:12:56	TASTEGGIO	1	0	5000	42061	280261	49	-3	0.19	0.19	0	
20/12/2011 17:12:58	ALARM 401		
20/12/2011 17:13:01	ALARM 401		
20/12/2011 17:13:01	ALARM 401		
20/12/2011 17:13:19	TASTEGGIO	1	0	5000	42061	161171	49	-3	0.08	0.16	-119500	
20/12/2011 17:14:20	ALARM 17	proc 12 prog 10 step 47	LavoroTerminato
21/12/2011 06:50:51	TASTEGGIO	1	0	5000	42060	161090	49	-3	0.43	0.50	-82000	
21/12/2011 06:51:14	TASTEGGIO	1	0	5000	42060	243043	57	-8	0.39	0.39	0	
21/12/2011 06:51:34	TASTEGGIO	0	1	5000	42060	243043	87	-32	0.06	0.06	0	
21/12/2011 06:51:45	TASTEGGIO	0	1	5000	42060	161101	87	-32	0.16	0.30	-119500	
21/12/2011 06:52:10	TASTEGGIO	1	0	5000	42060	280530	52	-17	0.14	0.14	0	
21/12/2011 06:52:22	TASTEGGIO	1	0	5000	42060	161100	52	-17	0.21	0.21	0	
21/12/2011 06:52:45	TASTEGGIO	1	0	5000	42060	161105	50	-79	0.63	0.63	0	
21/12/2011 06:53:01	TASTEGGIO	0	1	5000	42060	161105	0	-7	0.54	0.54	0	
21/12/2011 06:53:22	TASTEGGIO	0	2	5000	42060	161105	92	-100	0.62	0.62	0	
21/12/2011 06:53:40	TASTEGGIO	0	1	5000	42060	161105	20	-25	0.28	0.28	0	
21/12/2011 06:53:59	TASTEGGIO	0	0	5000	42060	161105	52	-87	0.56	0.56	0	
21/12/2011 06:54:19	TASTEGGIO	0	1	5000	42060	161105	0	-77	1.28	1.28	0	
21/12/2011 06:54:40	TASTEGGIO	0	1	5000	42060	161105	0	-122	0.00	0.00	0	
21/12/2011 06:54:48	TASTEGGIO	0	1	5000	42060	161100	0	-122	0.00	0.01	-82000	
21/12/2011 06:55:55	ALARM 3	proc 12 prog 31 step 36	Tondo non presente su rulliera
21/12/2011 06:58:04	TASTEGGIO	0	1	5000	42060	157754	0	-122	0.23	0.23	0	
21/12/2011 06:58:26	TASTEGGIO	1	0	5000	42060	157758	50	-60	0.44	0.44	0	
21/12/2011 06:58:44	TASTEGGIO	0	1	5000	42060	157758	0	-44	0.65	0.65	0	
21/12/2011 06:58:49	ALARM 401		
21/12/2011 06:59:08	TASTEGGIO	0	2	5000	42061	157754	192	0	0.62	0.62	0	
21/12/2011 06:59:30	TASTEGGIO	1	0	5000	42061	157758	60	-67	0.43	0.43	0	
21/12/2011 06:59:48	TASTEGGIO	0	1	5000	42061	157758	30	-33	0.13	0.13	0	
21/12/2011 06:59:56	TASTEGGIO	0	1	5000	42061	157754	30	-33	0.13	0.20	-119500	
21/12/2011 07:00:21	TASTEGGIO	1	0	5000	42061	277200	50	-11	0.11	0.11	0	
21/12/2011 07:00:32	TASTEGGIO	1	0	5000	42061	157755	50	-11	0.11	0.19	120300	
21/12/2011 07:00:55	TASTEGGIO	1	0	5000	42061	37592	49	-36	0.22	0.22	0	
21/12/2011 07:01:10	TASTEGGIO	0	1	5000	42061	37589	23	-35	0.27	0.27	0	
21/12/2011 07:01:25	TASTEGGIO	0	1	5000	42061	37585	0	-30	0.20	0.20	0	
21/12/2011 07:01:41	TASTEGGIO	0	1	5000	42061	37580	0	-8	0.11	0.11	0	
21/12/2011 07:01:53	TASTEGGIO	0	1	5000	42061	157472	0	-8	0.14	0.14	0	
21/12/2011 07:02:53	ALARM 17	proc 12 prog 10 step 47	LavoroTerminato
21/12/2011 07:03:33	ALARM 401		
21/12/2011 07:09:59	ALARM 401		
21/12/2011 07:10:00	ALARM 401		
21/12/2011 07:10:26	ALARM 3	proc 12 prog 31 step 36	Tondo non presente su rulliera
21/12/2011 07:11:58	TASTEGGIO	0	1	5000	42060	157756	0	-8	0.16	0.40	120300	
21/12/2011 07:12:21	TASTEGGIO	1	0	5000	42060	37586	55	-44	0.07	0.07	0	
21/12/2011 07:12:33	TASTEGGIO	1	0	5000	42060	157470	55	-44	0.26	0.32	-119500	
21/12/2011 07:12:58	TASTEGGIO	1	0	5000	42060	276924	53	-16	0.16	0.16	0	
21/12/2011 07:13:17	TASTEGGIO	0	0	5000	42060	276924	49	-12	0.10	0.10	0	
21/12/2011 07:13:29	TASTEGGIO	0	0	5000	42060	157741	49	-12	0.30	0.30	0	
21/12/2011 07:13:51	TASTEGGIO	1	0	5000	42060	157746	52	-80	0.55	0.55	0	
21/12/2011 07:14:11	TASTEGGIO	0	1	5000	42060	157746	0	-71	0.97	0.97	0	
21/12/2011 07:14:16	ALARM 401		
21/12/2011 07:14:19	ALARM 401		
21/12/2011 07:14:19	ALARM 401		
21/12/2011 07:14:36	TASTEGGIO	0	1	5000	42061	157741	0	0	0.91	0.91	0	
21/12/2011 07:14:56	TASTEGGIO	1	0	5000	42061	157745	67	-57	0.40	0.40	0	
21/12/2011 07:15:01	ALARM 218	proc 12 prog 85 step 19	go_abs 3 cmd 11
21/12/2011 07:15:05	ALARM 203		err.6059
21/12/2011 07:15:19	TASTEGGIO	0	0	5000	42061	157741	55	0	0.39	0.39	0	
21/12/2011 07:15:41	TASTEGGIO	1	0	5000	42061	157745	54	-82	0.46	0.46	0	
21/12/2011 07:16:02	TASTEGGIO	0	1	5000	42061	157745	0	-44	0.81	0.81	0	
21/12/2011 07:16:07	ALARM 401		
21/12/2011 07:16:10	ALARM 203		err.6059
21/12/2011 07:16:26	TASTEGGIO	0	2	5000	42061	157741	285	0	0.78	0.78	0	
21/12/2011 07:16:48	TASTEGGIO	1	0	5000	42061	157745	64	-36	0.55	0.55	0	
21/12/2011 07:17:08	TASTEGGIO	0	1	5000	42061	157745	102	-95	0.53	0.53	0	
21/12/2011 07:17:27	TASTEGGIO	0	1	5000	42061	157745	50	-55	0.22	0.22	0	
21/12/2011 07:17:28	ALARM 401		
21/12/2011 07:17:32	ALARM 205		err.6059
21/12/2011 07:17:43	TASTEGGIO	0	1	5000	42061	157741	50	-55	0.18	0.18	0	
21/12/2011 07:17:46	ALARM 218	proc 12 prog 71 step 58	go_abs 5 cmd 11
21/12/2011 07:17:49	ALARM 205		err.5005
21/12/2011 07:18:06	TASTEGGIO	0	1	5000	42061	157741	50	-55	0.17	0.17	0	
21/12/2011 07:19:14	ALARM 3	proc 12 prog 31 step 36	Tondo non presente su rulliera
21/12/2011 07:20:50	TASTEGGIO	0	1	5000	42060	158337	50	-55	1.24	1.61	-82000	
21/12/2011 07:21:10	TASTEGGIO	1	0	5000	42060	240290	85	4	1.65	1.65	0	
21/12/2011 07:21:32	TASTEGGIO	0	1	5000	42060	240291	254	-95	0.77	0.77	0	
21/12/2011 07:21:34	ALARM 401		
21/12/2011 07:21:38	ALARM 205		err.6058
21/12/2011 07:21:52	TASTEGGIO	0	1	5000	42061	158321	254	-95	0.64	0.99	-119500	
21/12/2011 07:22:16	TASTEGGIO	1	0	5000	42061	277752	69	-8	0.93	0.93	0	
21/12/2011 07:22:34	TASTEGGIO	0	1	5000	42061	277752	156	-12	0.81	0.81	0	
21/12/2011 07:22:56	TASTEGGIO	0	2	5000	42061	277752	297	-116	0.34	0.34	0	
21/12/2011 07:22:57	ALARM 401		
21/12/2011 07:23:01	ALARM 205		err.6058
21/12/2011 07:23:17	TASTEGGIO	0	2	5000	42061	158293	297	-116	0.12	0.46	-82000	
21/12/2011 07:23:40	TASTEGGIO	1	0	5000	42061	240242	56	-13	0.31	0.31	0	
21/12/2011 07:23:59	TASTEGGIO	0	1	5000	42061	240243	76	-10	0.20	0.20	0	
21/12/2011 07:24:00	ALARM 401		
21/12/2011 07:24:03	ALARM 205		err.6059
21/12/2011 07:24:18	TASTEGGIO	0	1	5000	42061	158306	76	-10	0.11	0.33	120300	
21/12/2011 07:24:41	TASTEGGIO	1	0	5000	42061	38163	53	-33	0.16	0.16	0	
21/12/2011 07:24:43	ALARM 401		
21/12/2011 07:24:46	ALARM 205		err.6058
21/12/2011 07:25:01	TASTEGGIO	1	0	5000	42061	157959	53	-33	0.18	0.31	-82000	
21/12/2011 07:25:25	TASTEGGIO	1	0	5000	42061	239913	52	0	0.28	0.28	0	
21/12/2011 07:25:45	TASTEGGIO	0	1	5000	42061	239913	77	-23	0.23	0.23	0	
21/12/2011 07:26:05	TASTEGGIO	0	2	5000	42061	239913	114	-72	0.48	0.48	0	
21/12/2011 07:26:22	TASTEGGIO	0	1	5000	42061	239913	13	-3	0.40	0.40	0	
21/12/2011 07:26:41	TASTEGGIO	0	2	5000	42061	239913	79	-31	0.07	0.07	0	
21/12/2011 07:26:52	TASTEGGIO	0	2	5000	42061	158301	79	-31	0.13	0.17	120300	
21/12/2011 07:28:00	ALARM 3	proc 12 prog 31 step 36	Tondo non presente su rulliera
21/12/2011 07:29:38	TASTEGGIO	0	2	5000	42061	160834	79	-31	1.29	1.29	0	
21/12/2011 07:29:59	TASTEGGIO	1	0	5000	42061	160839	77	-13	1.10	1.10	0	
21/12/2011 07:30:19	TASTEGGIO	0	1	5000	42061	160839	170	-160	0.67	0.67	0	
21/12/2011 07:30:40	TASTEGGIO	0	1	5000	42061	160839	129	-216	1.52	1.52	0	
21/12/2011 07:30:44	ALARM 218	proc 12 prog 85 step 19	go_abs 3 cmd 11
21/12/2011 07:30:47	ALARM 203		err.6058
21/12/2011 07:30:58	TASTEGGIO	0	1	5000	42061	160833	0	0	1.48	1.48	0	
21/12/2011 07:31:17	TASTEGGIO	1	0	5000	42061	160838	82	-16	1.22	1.22	0	
21/12/2011 07:31:39	TASTEGGIO	0	1	5000	42061	160838	182	-222	1.35	1.35	0	
21/12/2011 07:31:54	TASTEGGIO	0	1	5000	42061	160838	32	2	1.27	1.27	0	
21/12/2011 07:32:17	TASTEGGIO	0	2	5000	42061	160838	270	-366	2.64	2.64	0	
21/12/2011 07:32:19	ALARM 401		
21/12/2011 07:32:22	ALARM 205		err.6058
21/12/2011 07:32:35	TASTEGGIO	0	2	5000	42061	160832	270	-366	2.08	2.08	0	
21/12/2011 07:32:56	TASTEGGIO	1	0	5000	42061	160838	97	-66	2.55	2.55	0	
21/12/2011 07:33:01	ALARM 401		
21/12/2011 07:33:04	ALARM 201		err.6059
21/12/2011 07:33:38	TASTEGGIO	0	1	5000	42061	160832	400	0	2.50	2.50	0	
21/12/2011 07:34:28	TASTEGGIO	0	1	5000	42061	160831	264	-195	0.94	0.94	0	
21/12/2011 07:34:59	TASTEGGIO	0	1	5000	42061	160831	82	-29	0.61	0.64	120300	
21/12/2011 07:35:35	TASTEGGIO	0	1	5000	42061	160421	42	-20	0.66	0.66	0	
21/12/2011 07:36:05	TASTEGGIO	0	1	5000	42061	160423	61	-2	0.54	0.58	-119500	
21/12/2011 07:36:40	TASTEGGIO	0	1	5000	42061	160788	79	-13	0.51	0.51	0	
21/12/2011 07:37:11	TASTEGGIO	0	1	5000	42061	160786	91	-57	0.18	0.61	120300	
21/12/2011 07:37:45	TASTEGGIO	0	1	5000	42061	160423	91	-18	0.13	0.51	-119500	
21/12/2011 07:38:08	TASTEGGIO	0	1	5000	42061	160791	91	-18	0.11	0.49	-119500	
21/12/2011 07:38:34	TASTEGGIO	1	0	5000	42061	280244	57	-1	0.48	0.48	0	
21/12/2011 07:38:52	TASTEGGIO	0	1	5000	42061	280244	104	-11	0.36	0.36	0	
21/12/2011 07:38:57	ALARM 401		
21/12/2011 07:39:00	ALARM 203		err.6058
21/12/2011 07:39:15	TASTEGGIO	0	2	5000	42061	160805	142	0	0.09	0.40	120300	
21/12/2011 07:39:38	TASTEGGIO	1	0	5000	42061	40553	55	0	0.40	0.40	0	
21/12/2011 07:39:55	TASTEGGIO	0	1	5000	42061	40550	95	-8	0.29	0.29	0	
21/12/2011 07:40:13	TASTEGGIO	0	2	5000	42061	40550	124	-17	0.24	0.24	0	
21/12/2011 07:40:33	TASTEGGIO	0	3	5000	42061	40552	183	-53	0.38	0.38	0	
21/12/2011 07:40:51	TASTEGGIO	0	1	5000	42061	40551	122	-29	0.05	0.05	0	
21/12/2011 07:41:03	TASTEGGIO	0	1	5000	42061	160434	122	-29	0.24	0.34	-119500	
21/12/2011 07:41:28	TASTEGGIO	1	0	5000	42061	279889	53	-1	0.32	0.32	0	
21/12/2011 07:41:48	TASTEGGIO	0	1	5000	42061	279889	83	-7	0.29	0.29	0	
21/12/2011 07:42:08	TASTEGGIO	0	2	5000	42061	279889	135	-15	0.17	0.17	0	
21/12/2011 07:42:09	ALARM 218	proc 12 prog 73 step 17	go_abs 5 cmd 11
21/12/2011 07:42:13	ALARM 205		err.6058
21/12/2011 07:42:29	TASTEGGIO	0	2	5000	42061	160820	135	-15	0.30	0.30	0	
21/12/2011 07:42:52	TASTEGGIO	1	0	5000	42061	160824	52	-11	0.32	0.32	0	
21/12/2011 07:43:12	TASTEGGIO	0	1	5000	42061	160824	86	-34	0.07	0.07	0	
21/12/2011 07:43:20	TASTEGGIO	0	1	5000	42061	160819	86	-34	0.08	0.32	-82000	
21/12/2011 07:43:45	TASTEGGIO	1	0	5000	42061	242759	53	-22	0.14	0.14	0	
21/12/2011 07:43:56	TASTEGGIO	1	0	5000	42061	160817	53	-22	0.09	0.16	-119500	
21/12/2011 07:45:02	ALARM 8	proc 12 prog 31 step 14	Braccetti carico non in fuori ingombro
21/12/2011 07:45:39	ALARM 8	proc 6 prog 26 step 20	Braccetti carico non in fuori ingombro
21/12/2011 07:48:03	ALARM 8	proc 6 prog 26 step 20	Braccetti carico non in fuori ingombro
21/12/2011 07:57:29	TASTEGGIO	1	0	5000	42063	158398	53	-22	1.25	1.25	0	
21/12/2011 07:57:49	TASTEGGIO	1	0	5000	42063	158402	76	4	1.23	1.23	0	
21/12/2011 07:58:11	TASTEGGIO	0	1	5000	42063	158402	197	-171	0.91	0.91	0	
21/12/2011 07:58:31	TASTEGGIO	0	1	5000	42063	158402	129	-94	0.21	0.21	0	
21/12/2011 07:58:32	ALARM 401		
21/12/2011 07:58:35	ALARM 201		err.6059
21/12/2011 07:58:46	TASTEGGIO	0	1	5000	42063	158399	129	-94	0.21	0.66	-119500	
21/12/2011 07:59:11	TASTEGGIO	1	0	5000	42063	277847	61	-12	0.53	0.53	0	
21/12/2011 07:59:30	TASTEGGIO	0	1	5000	42063	277847	103	-7	0.44	0.44	0	
21/12/2011 07:59:35	ALARM 401		
21/12/2011 07:59:43	ALARM 28	proc 12 prog 72 step 15	Pressa appoggiata sul tondo
21/12/2011 08:00:06	TASTEGGIO	0	2	5000	42063	158392	176	0	0.31	0.49	-119500	
21/12/2011 08:00:31	TASTEGGIO	1	0	5000	42063	277835	57	0	0.45	0.45	0	
21/12/2011 08:00:50	TASTEGGIO	0	1	5000	42063	277835	98	-1	0.43	0.43	0	
21/12/2011 08:01:11	TASTEGGIO	0	2	5000	42063	277835	180	-33	0.12	0.12	0	
21/12/2011 08:01:24	TASTEGGIO	0	2	5000	42063	158394	180	-33	0.51	0.51	0	
21/12/2011 08:01:46	TASTEGGIO	1	0	5000	42063	158399	57	-48	0.12	0.12	0	
21/12/2011 08:01:53	TASTEGGIO	1	0	5000	42063	158395	57	-48	0.14	0.32	-82000	
21/12/2011 08:02:18	TASTEGGIO	1	0	5000	42063	240323	53	-22	0.09	0.09	0	
21/12/2011 08:02:30	TASTEGGIO	1	0	5000	42063	158396	53	-22	0.25	0.25	0	
21/12/2011 08:02:52	TASTEGGIO	1	0	5000	42063	158401	51	-82	0.56	0.56	0	
21/12/2011 08:02:57	ALARM 401		
21/12/2011 08:03:00	ALARM 203		err.6058
21/12/2011 08:03:10	TASTEGGIO	0	1	5000	42063	158396	0	0	0.54	0.54	0	
21/12/2011 08:03:32	TASTEGGIO	1	0	5000	42063	158400	58	-15	0.35	0.35	0	
21/12/2011 08:03:52	TASTEGGIO	0	1	5000	42063	158401	80	-44	0.14	0.14	0	
21/12/2011 08:04:00	TASTEGGIO	0	1	5000	42063	158396	80	-44	0.17	0.22	-82000	
21/12/2011 08:04:24	TASTEGGIO	1	0	5000	42063	240342	50	-9	0.11	0.11	0	
21/12/2011 08:04:36	TASTEGGIO	1	0	5000	42063	158393	50	-9	0.15	0.17	82800	
21/12/2011 08:05:36	ALARM 318	proc 3 prog 26 step 40	go_abs inv_ax 3
21/12/2011 08:07:56	ALARM 401		
21/12/2011 08:07:58	ALARM 201		err.6059
21/12/2011 08:08:01	ALARM 401		
21/12/2011 08:08:02	ALARM 401		
21/12/2011 08:08:07	ALARM 401		
21/12/2011 08:09:13	ALARM 318	proc 12 prog 124 step 10	go_abs inv_ax 3
21/12/2011 08:09:56	ALARM 318	proc 12 prog 124 step 10	go_abs inv_ax 3
21/12/2011 08:10:37	ALARM 401		
21/12/2011 08:10:40	ALARM 401		
21/12/2011 08:11:04	ALARM 401		
21/12/2011 08:11:07	ALARM 401		
21/12/2011 08:11:10	ALARM 401		
21/12/2011 08:11:10	ALARM 401		
21/12/2011 08:11:11	ALARM 401		
21/12/2011 08:13:38	ALARM 318	proc 12 prog 124 step 10	go_abs inv_ax 3
21/12/2011 08:14:08	ALARM 401		
21/12/2011 08:14:31	ALARM 318	proc 12 prog 124 step 10	go_abs inv_ax 3
21/12/2011 08:14:51	ALARM 318	proc 12 prog 124 step 10	go_abs inv_ax 3
21/12/2011 08:15:30	ALARM 318	proc 12 prog 124 step 10	go_abs inv_ax 3
21/12/2011 08:15:49	ALARM 318	proc 12 prog 124 step 10	go_abs inv_ax 3
21/12/2011 08:17:00	ALARM 401		
21/12/2011 10:33:10	ALARM 401		
21/12/2011 10:34:11	ALARM 318	proc 12 prog 124 step 10	go_abs inv_ax 3
21/12/2011 10:37:59	ALARM 401		
21/12/2011 10:42:19	ALARM 318	proc 12 prog 124 step 10	go_abs inv_ax 3
21/12/2011 10:42:32	ALARM 318	proc 12 prog 124 step 10	go_abs inv_ax 3
21/12/2011 10:42:39	ALARM 318	proc 12 prog 124 step 10	go_abs inv_ax 3
21/12/2011 10:42:54	ALARM 602	proc 12 prog 124 step 1	ASPETTA 53
21/12/2011 10:43:14	ALARM 318	proc 12 prog 124 step 10	go_abs inv_ax 3
21/12/2011 10:44:34	ALARM 318	proc 12 prog 124 step 10	go_abs inv_ax 3
21/12/2011 10:56:59	ALARM 318	proc 12 prog 124 step 10	go_abs inv_ax 3
21/12/2011 11:17:18	ALARM 602	proc 12 prog 125 step 1	ASPETTA 53
21/12/2011 11:17:43	ALARM 602	proc 12 prog 125 step 1	ASPETTA 53
21/12/2011 11:18:06	ALARM 318	proc 12 prog 124 step 10	go_abs inv_ax 3
21/12/2011 11:18:30	ALARM 602	proc 12 prog 125 step 1	ASPETTA 53
21/12/2011 11:19:30	ALARM 602	proc 12 prog 125 step 1	ASPETTA 53
21/12/2011 11:38:58	ALARM 401		
21/12/2011 11:39:03	ALARM 401		
21/12/2011 11:39:03	ALARM 401		
21/12/2011 11:43:46	TASTEGGIO	1	0	5000	42063	161182	50	-9	1.40	1.40	0	
21/12/2011 11:44:06	TASTEGGIO	1	0	5000	42063	161186	80	0	1.27	1.27	0	
21/12/2011 11:44:27	TASTEGGIO	0	1	5000	42063	161186	195	-158	0.52	0.52	0	
21/12/2011 11:44:28	ALARM 218	proc 12 prog 73 step 17	go_abs 5 cmd 11
21/12/2011 11:44:32	ALARM 205		err.6058
21/12/2011 11:44:43	TASTEGGIO	0	1	5000	42063	161182	195	-158	0.48	0.93	-119500	
21/12/2011 11:45:07	TASTEGGIO	1	0	5000	42063	280624	68	-7	0.83	0.83	0	
21/12/2011 11:45:25	TASTEGGIO	0	1	5000	42063	280625	142	-15	0.69	0.69	0	
21/12/2011 11:45:48	TASTEGGIO	0	2	5000	42063	280624	256	-90	0.26	0.26	0	
21/12/2011 11:45:49	ALARM 401		
21/12/2011 11:45:52	ALARM 205		err.5005
21/12/2011 11:46:08	TASTEGGIO	0	2	5000	42063	161180	256	-90	0.73	0.73	0	
21/12/2011 11:46:29	TASTEGGIO	1	0	5000	42063	161185	63	-70	0.34	0.34	0	
21/12/2011 11:46:49	TASTEGGIO	0	0	5000	42063	161185	53	-81	0.47	0.47	0	
21/12/2011 11:46:53	ALARM 401		
21/12/2011 11:46:54	ALARM 401		
21/12/2011 11:46:55	ALARM 401		
21/12/2011 11:46:57	ALARM 401		
21/12/2011 11:46:57	ALARM 401		
21/12/2011 11:47:10	TASTEGGIO	0	1	5000	42063	161180	0	0	0.44	0.44	0	
21/12/2011 11:47:32	TASTEGGIO	1	0	5000	42063	161184	56	-42	0.08	0.08	0	
21/12/2011 11:47:39	TASTEGGIO	1	0	5000	42063	161180	56	-42	0.10	0.39	82800	
21/12/2011 11:48:01	TASTEGGIO	1	0	5000	42063	78437	54	-4	0.36	0.36	0	
21/12/2011 11:48:19	TASTEGGIO	0	1	5000	42063	78437	87	-6	0.26	0.26	0	
21/12/2011 11:48:40	TASTEGGIO	0	2	5000	42063	78435	113	-25	0.10	0.10	0	
21/12/2011 11:48:51	TASTEGGIO	0	2	5000	42063	160795	113	-25	0.14	0.21	-82000	
21/12/2011 11:49:16	TASTEGGIO	1	0	5000	42063	242750	50	-17	0.10	0.10	0	
21/12/2011 11:49:27	TASTEGGIO	1	0	5000	42063	161179	50	-17	0.13	0.18	120300	
21/12/2011 11:51:25	TASTEGGIO	1	0	5000	42061	157634	50	-17	0.71	0.71	0	
21/12/2011 11:51:47	TASTEGGIO	1	0	5000	42061	157640	62	-38	0.45	0.45	0	
21/12/2011 11:52:07	TASTEGGIO	0	1	5000	42061	157640	90	-78	0.33	0.33	0	
21/12/2011 11:52:27	TASTEGGIO	0	1	5000	42061	157640	65	-130	1.35	1.35	0	
21/12/2011 11:52:47	TASTEGGIO	0	1	5000	42061	157640	0	-71	1.60	1.60	0	
21/12/2011 11:52:50	ALARM 401		
21/12/2011 11:53:03	ALARM 401		
21/12/2011 11:53:39	TASTEGGIO	0	2	5000	42061	157634	379	0	1.57	1.57	0	
21/12/2011 11:53:59	TASTEGGIO	1	0	5000	42061	157639	84	0	1.51	1.51	0	
21/12/2011 11:54:20	TASTEGGIO	0	1	5000	42061	157639	229	-208	0.87	0.87	0	
21/12/2011 11:54:41	TASTEGGIO	0	1	5000	42061	157639	178	-144	0.62	0.62	0	
21/12/2011 11:54:43	ALARM 401		
21/12/2011 11:54:46	ALARM 205		err.6058
21/12/2011 11:54:57	TASTEGGIO	0	1	5000	42061	157633	178	-144	0.58	0.58	0	
21/12/2011 11:55:19	TASTEGGIO	1	0	5000	42061	157639	59	-32	0.20	0.20	0	
21/12/2011 11:55:20	ALARM 401		
21/12/2011 11:55:23	ALARM 401		
21/12/2011 11:55:23	ALARM 401		
21/12/2011 11:55:37	TASTEGGIO	1	0	5000	42061	157633	59	-32	0.18	0.33	-82000	
21/12/2011 11:56:01	TASTEGGIO	1	0	5000	42061	239588	53	-16	0.10	0.10	0	
21/12/2011 11:56:12	TASTEGGIO	1	0	5000	42061	157635	53	-16	0.29	0.29	0	
21/12/2011 11:56:35	TASTEGGIO	1	0	5000	42061	157638	52	-11	0.28	0.28	0	
21/12/2011 11:56:54	TASTEGGIO	0	1	5000	42061	157638	79	-86	0.56	0.56	0	
21/12/2011 11:56:58	ALARM 401		
21/12/2011 11:57:00	ALARM 401		
21/12/2011 11:57:01	ALARM 401		
