03/10/2011 13:02:30	ALARM 401		
03/10/2011 13:02:34	INIT OK
03/10/2011 13:05:06	ALARM 401		
03/10/2011 13:28:07	ALARM 401		
03/10/2011 13:28:08	ALARM 401		
03/10/2011 13:28:12	ALARM 401		
03/10/2011 13:28:13	ALARM 401		
03/10/2011 13:28:13	ALARM 401		
03/10/2011 13:28:14	ALARM 401		
03/10/2011 13:53:35	TASTEGGIO	0	0	10000	61658	159349	0	0	0.72	1.01	82800	
03/10/2011 13:54:05	TASTEGGIO	1	0	10000	61658	76600	341	-10	0.92	0.92	0	
03/10/2011 13:54:32	TASTEGGIO	0	1	10000	61658	76599	400	-16	0.75	0.75	0	
03/10/2011 13:54:58	TASTEGGIO	0	2	10000	61658	76598	400	-5	0.69	0.69	0	
03/10/2011 13:55:26	TASTEGGIO	0	3	10000	61658	76597	400	-2	0.66	0.66	0	
03/10/2011 13:55:53	TASTEGGIO	0	4	10000	61658	76691	400	-1	0.65	0.65	0	
03/10/2011 13:56:21	TASTEGGIO	0	5	10000	61658	76691	400	-1	0.64	0.64	0	
03/10/2011 13:56:48	TASTEGGIO	0	6	10000	61658	76691	400	-1	0.62	0.62	0	
03/10/2011 13:56:48	ALARM 401		
03/10/2011 13:56:53	ALARM 205		err.6059
03/10/2011 13:57:17	TASTEGGIO	0	6	10000	61658	76691	400	-1	0.64	0.64	0	
03/10/2011 13:57:44	TASTEGGIO	1	0	10000	61658	76691	294	0	0.64	0.64	0	
03/10/2011 13:58:12	TASTEGGIO	0	1	10000	61658	76691	358	0	0.63	0.63	0	
03/10/2011 13:58:40	TASTEGGIO	0	2	10000	61658	76691	482	-32	0.34	0.34	0	
03/10/2011 13:59:09	TASTEGGIO	0	3	10000	61658	76691	500	-32	0.12	0.12	0	
03/10/2011 13:59:13	TASTEGGIO	0	3	10000	61658	76691	500	-32	0.11	0.11	0	
03/10/2011 13:59:40	TASTEGGIO	1	0	10000	61658	76691	225	0	0.10	0.10	0	
03/10/2011 14:00:06	TASTEGGIO	0	1	10000	61658	76691	234	-3	0.10	0.10	0	
03/10/2011 14:00:29	TASTEGGIO	0	1	10000	61658	159146	234	-3	0.11	0.23	24500	
03/10/2011 14:00:49	TASTEGGIO	0	1	10000	61658	159141	234	-3	0.11	0.21	24500	
03/10/2011 14:01:20	TASTEGGIO	1	0	10000	61658	134660	238	-23	0.13	0.13	0	
03/10/2011 14:01:30	TASTEGGIO	1	0	10000	61658	159139	238	-23	0.15	0.15	0	
03/10/2011 14:01:59	TASTEGGIO	1	0	10000	61658	159138	231	-28	0.14	0.14	0	
03/10/2011 14:02:07	TASTEGGIO	1	0	10000	61658	159146	231	-28	0.14	0.14	0	
03/10/2011 14:02:37	TASTEGGIO	1	0	10000	61658	159145	229	-29	0.14	0.14	0	
03/10/2011 14:03:03	TASTEGGIO	0	1	10000	61658	159146	215	-17	0.06	0.06	0	
03/10/2011 14:03:11	TASTEGGIO	0	1	10000	61658	159151	215	-17	0.06	0.06	0	
03/10/2011 14:05:09	TASTEGGIO	0	1	10000	61658	159443	215	-17	0.21	0.21	0	
03/10/2011 14:05:39	TASTEGGIO	1	0	10000	61658	159457	238	-32	0.11	0.11	0	
03/10/2011 14:05:47	TASTEGGIO	1	0	10000	61658	159438	238	-32	0.10	0.14	-82000	
03/10/2011 14:06:19	TASTEGGIO	1	0	10000	61658	241395	229	-15	0.05	0.05	0	
03/10/2011 14:06:31	TASTEGGIO	1	0	10000	61658	159438	229	-15	0.04	0.04	44500	
03/10/2011 14:08:28	TASTEGGIO	1	0	10000	61658	159333	229	-15	0.10	0.17	44500	
03/10/2011 14:08:59	TASTEGGIO	1	0	10000	61658	114846	233	-16	0.05	0.05	0	
03/10/2011 14:09:10	TASTEGGIO	1	0	10000	61658	159153	233	-16	0.05	0.10	82800	
03/10/2011 14:09:41	TASTEGGIO	1	0	10000	61658	76372	224	-4	0.05	0.05	0	
03/10/2011 14:09:53	TASTEGGIO	1	0	10000	61658	159146	224	-4	0.06	0.06	82800	
03/10/2011 14:11:50	TASTEGGIO	1	0	10000	61658	159438	224	-4	0.07	0.09	44500	
03/10/2011 14:12:20	TASTEGGIO	1	0	10000	61658	114958	223	-20	0.10	0.10	0	
03/10/2011 14:12:45	TASTEGGIO	0	1	10000	61658	114958	211	-16	0.04	0.04	0	
03/10/2011 14:12:56	TASTEGGIO	0	1	10000	61658	159256	211	-16	0.04	0.05	82800	
03/10/2011 14:14:53	TASTEGGIO	0	1	10000	61658	159424	211	-16	0.32	0.43	44500	
03/10/2011 14:15:25	TASTEGGIO	1	0	10000	61658	114943	267	-23	0.23	0.23	0	
03/10/2011 14:15:51	TASTEGGIO	0	1	10000	61658	114943	279	-16	0.09	0.09	0	
03/10/2011 14:16:02	TASTEGGIO	0	1	10000	61658	159240	279	-16	0.03	0.18	82800	
03/10/2011 14:16:33	TASTEGGIO	1	0	10000	61658	76460	234	-6	0.15	0.15	0	
03/10/2011 14:16:59	TASTEGGIO	0	1	10000	61658	76458	246	-6	0.09	0.09	0	
03/10/2011 14:17:11	TASTEGGIO	0	1	10000	61658	159244	246	-6	0.03	0.10	82800	
03/10/2011 14:17:42	TASTEGGIO	1	0	10000	61658	76461	224	-1	0.09	0.09	0	
03/10/2011 14:18:07	TASTEGGIO	0	1	10000	61658	76462	232	-1	0.09	0.09	0	
03/10/2011 14:18:35	TASTEGGIO	0	2	10000	61658	76462	250	-1	0.08	0.08	0	
03/10/2011 14:18:47	TASTEGGIO	0	2	10000	61658	159247	250	-1	0.04	0.09	-82000	
03/10/2011 14:19:18	TASTEGGIO	1	0	10000	61658	241226	223	-17	0.07	0.07	0	
03/10/2011 14:19:30	TASTEGGIO	1	0	10000	61658	159413	223	-17	0.13	0.13	0	
03/10/2011 14:20:00	TASTEGGIO	1	0	10000	61658	159424	228	-34	0.20	0.20	0	
03/10/2011 14:20:26	TASTEGGIO	0	1	10000	61658	159425	197	-19	0.03	0.03	0	
03/10/2011 14:20:35	TASTEGGIO	0	1	10000	61658	159419	197	-19	0.03	0.11	82800	
03/10/2011 14:21:05	TASTEGGIO	1	0	10000	61658	76637	225	0	0.10	0.10	0	
03/10/2011 14:21:31	TASTEGGIO	0	1	10000	61658	76639	234	0	0.10	0.10	0	
03/10/2011 14:21:43	TASTEGGIO	0	1	10000	61658	159234	234	0	0.03	0.11	82800	
03/10/2011 14:22:14	TASTEGGIO	1	0	10000	61658	76453	225	0	0.10	0.10	0	
03/10/2011 14:22:26	TASTEGGIO	1	0	10000	61658	159227	225	0	0.03	0.11	82800	
03/10/2011 14:24:21	TASTEGGIO	1	0	10000	61658	159441	225	0	0.20	0.27	44500	
03/10/2011 14:24:53	TASTEGGIO	1	0	10000	61658	114961	246	-19	0.13	0.13	0	
03/10/2011 14:25:04	TASTEGGIO	1	0	10000	61658	159237	246	-19	0.04	0.15	82800	
03/10/2011 14:25:35	TASTEGGIO	1	0	10000	61658	76456	231	-5	0.11	0.11	0	
03/10/2011 14:25:47	TASTEGGIO	1	0	10000	61658	159255	231	-5	0.02	0.10	82800	
03/10/2011 14:26:18	TASTEGGIO	1	0	10000	61658	76474	224	-1	0.10	0.10	0	
03/10/2011 14:26:43	TASTEGGIO	0	1	10000	61658	76474	234	-2	0.07	0.07	0	
03/10/2011 14:26:55	TASTEGGIO	0	1	10000	61658	159239	234	-2	0.01	0.09	82800	
03/10/2011 14:27:26	TASTEGGIO	1	0	10000	61658	76458	223	-1	0.07	0.07	0	
03/10/2011 14:27:38	TASTEGGIO	1	0	10000	61658	159245	223	-1	0.04	0.08	82800	
03/10/2011 14:29:36	TASTEGGIO	1	0	10000	61658	159439	223	-1	0.11	0.17	-82000	
03/10/2011 14:30:07	TASTEGGIO	1	0	10000	61658	241409	233	-15	0.04	0.04	0	
03/10/2011 14:30:19	TASTEGGIO	1	0	10000	61658	159416	233	-15	0.02	0.05	44500	
03/10/2011 14:32:16	TASTEGGIO	1	0	10000	61658	159336	233	-15	0.53	0.61	44500	
03/10/2011 14:32:48	TASTEGGIO	1	0	10000	61658	114847	290	-22	0.41	0.41	0	
03/10/2011 14:33:14	TASTEGGIO	0	1	10000	61658	114847	317	-21	0.20	0.20	0	
03/10/2011 14:33:40	TASTEGGIO	0	0	10000	61658	114847	237	0	0.18	0.18	0	
03/10/2011 14:34:08	TASTEGGIO	0	1	10000	61658	114849	253	0	0.19	0.19	0	
03/10/2011 14:34:33	TASTEGGIO	0	2	10000	61658	114876	293	-2	0.16	0.16	0	
03/10/2011 14:35:02	TASTEGGIO	0	3	10000	61658	114876	333	-16	0.06	0.06	0	
03/10/2011 14:35:13	TASTEGGIO	0	3	10000	61658	159141	333	-16	0.06	0.17	82800	
03/10/2011 14:35:44	TASTEGGIO	1	0	10000	61658	76359	233	-4	0.13	0.13	0	
03/10/2011 14:35:56	TASTEGGIO	1	0	10000	61658	159118	233	-4	0.05	0.14	82800	
03/10/2011 14:36:27	TASTEGGIO	1	0	10000	61658	76344	229	-1	0.12	0.12	0	
03/10/2011 14:36:52	TASTEGGIO	0	1	10000	61658	76348	239	-2	0.09	0.09	0	
03/10/2011 14:37:19	TASTEGGIO	0	2	10000	61658	76349	248	-2	0.08	0.08	0	
03/10/2011 14:37:31	TASTEGGIO	0	2	10000	61658	159138	248	-2	0.03	0.08	44500	
03/10/2011 14:39:29	TASTEGGIO	0	2	10000	61658	159441	248	-2	0.09	0.09	0	
03/10/2011 14:39:59	TASTEGGIO	1	0	10000	61658	159451	223	-30	0.18	0.18	0	
03/10/2011 14:40:25	TASTEGGIO	0	1	10000	61658	159451	187	-15	0.06	0.06	0	
03/10/2011 14:40:33	TASTEGGIO	0	1	10000	61658	159439	187	-15	0.06	0.08	44500	
03/10/2011 14:42:30	TASTEGGIO	0	1	10000	61658	159436	187	-15	0.15	0.15	24500	
03/10/2011 14:43:01	TASTEGGIO	1	0	10000	61658	134945	231	-22	0.04	0.04	0	
03/10/2011 14:43:11	TASTEGGIO	1	0	10000	61658	159243	231	-22	0.05	0.06	82800	
03/10/2011 14:45:07	TASTEGGIO	1	0	10000	61658	159450	231	-22	0.19	0.24	24500	
03/10/2011 14:45:36	TASTEGGIO	1	0	10000	61658	134964	242	-23	0.09	0.09	0	
03/10/2011 14:45:46	TASTEGGIO	1	0	10000	61658	159246	242	-23	0.08	0.09	82800	
03/10/2011 14:46:18	TASTEGGIO	1	0	10000	61658	76471	223	-4	0.06	0.06	0	
03/10/2011 14:46:30	TASTEGGIO	1	0	10000	61658	159229	223	-4	0.08	0.08	0	
03/10/2011 14:48:27	TASTEGGIO	1	0	10000	61658	159443	223	-4	0.50	0.69	44500	
03/10/2011 14:48:59	TASTEGGIO	1	0	10000	61658	114961	300	-20	0.48	0.48	0	
03/10/2011 14:49:25	TASTEGGIO	0	1	10000	61658	114961	333	-18	0.32	0.32	0	
03/10/2011 14:49:53	TASTEGGIO	0	2	10000	61658	114961	363	-26	0.07	0.07	0	
03/10/2011 14:50:04	TASTEGGIO	0	2	10000	61658	159239	363	-26	0.02	0.25	82800	
03/10/2011 14:50:35	TASTEGGIO	1	0	10000	61658	76458	243	-5	0.21	0.21	0	
03/10/2011 14:51:01	TASTEGGIO	0	1	10000	61658	76458	260	-3	0.19	0.19	0	
03/10/2011 14:51:27	TASTEGGIO	0	2	10000	61658	76462	294	-6	0.13	0.13	0	
03/10/2011 14:51:39	TASTEGGIO	0	2	10000	61658	159228	294	-6	0.08	0.15	-82000	
03/10/2011 14:52:11	TASTEGGIO	1	0	10000	61658	241207	231	-13	0.07	0.07	0	
03/10/2011 14:52:23	TASTEGGIO	1	0	10000	61658	159414	231	-13	0.01	0.17	82800	
03/10/2011 14:52:55	TASTEGGIO	1	0	10000	61658	76636	233	-1	0.16	0.16	0	
03/10/2011 14:53:20	TASTEGGIO	0	1	10000	61658	76640	248	0	0.16	0.16	0	
03/10/2011 14:53:46	TASTEGGIO	0	2	10000	61658	76645	280	0	0.15	0.15	0	
03/10/2011 14:54:14	TASTEGGIO	0	3	10000	61658	76649	322	-10	0.08	0.08	0	
03/10/2011 14:54:26	TASTEGGIO	0	3	10000	61658	159234	322	-10	0.07	0.09	82800	
03/10/2011 14:54:57	TASTEGGIO	1	0	10000	61658	76453	223	0	0.08	0.08	0	
03/10/2011 14:55:09	TASTEGGIO	1	0	10000	61658	159234	223	0	0.07	0.09	82800	
03/10/2011 14:55:40	TASTEGGIO	1	0	10000	61658	76453	223	0	0.09	0.09	0	
03/10/2011 14:56:05	TASTEGGIO	0	1	10000	61658	76454	232	0	0.08	0.08	0	
03/10/2011 14:56:17	TASTEGGIO	0	1	10000	61658	159232	232	0	0.11	0.11	0	
03/10/2011 14:56:45	TASTEGGIO	1	0	10000	61658	159229	225	-26	0.19	0.19	0	
03/10/2011 14:57:11	TASTEGGIO	0	1	10000	61658	159229	192	-15	0.06	0.06	0	
03/10/2011 14:57:20	TASTEGGIO	0	1	10000	61658	159236	192	-15	0.05	0.14	82800	
03/10/2011 14:57:51	TASTEGGIO	1	0	10000	61658	76456	229	0	0.13	0.13	0	
03/10/2011 14:58:16	TASTEGGIO	0	1	10000	61658	76459	241	0	0.13	0.13	0	
03/10/2011 14:58:43	TASTEGGIO	0	2	10000	61658	76464	267	0	0.13	0.13	0	
03/10/2011 14:59:09	TASTEGGIO	0	3	10000	61658	76467	306	-3	0.10	0.10	0	
03/10/2011 14:59:37	TASTEGGIO	0	4	10000	61658	76563	321	-2	0.08	0.08	0	
03/10/2011 14:59:49	TASTEGGIO	0	4	10000	61658	159239	321	-2	0.03	0.08	82800	
03/10/2011 15:01:46	TASTEGGIO	0	4	10000	61658	159440	321	-2	0.06	0.08	44500	
03/10/2011 15:03:43	TASTEGGIO	0	4	10000	61658	159443	321	-2	0.02	0.05	24500	
03/10/2011 15:05:40	TASTEGGIO	0	4	10000	61658	159343	321	-2	0.15	0.18	-82000	
03/10/2011 15:06:13	TASTEGGIO	1	0	10000	61658	241313	234	-17	0.09	0.09	0	
03/10/2011 15:06:25	TASTEGGIO	1	0	10000	61658	159332	234	-17	0.09	0.12	82800	
03/10/2011 15:06:56	TASTEGGIO	1	0	10000	61658	76546	227	-5	0.09	0.09	0	
03/10/2011 15:07:20	TASTEGGIO	0	1	10000	61658	76552	233	-2	0.06	0.06	0	
03/10/2011 15:07:32	TASTEGGIO	0	1	10000	61658	159140	233	-2	0.05	0.07	-82000	
03/10/2011 15:08:32	ALARM 17	proc 12 prog 10 step 47	LavoroTerminato
03/10/2011 15:43:30	ALARM 406		
05/10/2011 11:22:16	ALARM 401		
05/10/2011 11:22:18	INIT OK
05/10/2011 11:31:56	ALARM 401		
05/10/2011 11:31:57	ALARM 401		
05/10/2011 11:31:58	ALARM 401		
05/10/2011 11:36:57	ALARM 401		
05/10/2011 12:51:34	ALARM 12	proc 2 prog 61 step 9	Tastatori Non FuoriIngombro
05/10/2011 12:52:29	ALARM 318	proc 12 prog 22 step 6	go_abs inv_ax 2
05/10/2011 12:52:41	ALARM 12	proc 2 prog 61 step 9	Tastatori Non FuoriIngombro
05/10/2011 12:53:30	ALARM 12	proc 2 prog 61 step 9	Tastatori Non FuoriIngombro
05/10/2011 12:54:01	ALARM 12	proc 2 prog 61 step 9	Tastatori Non FuoriIngombro
05/10/2011 12:55:07	ALARM 401		
05/10/2011 13:47:52	ALARM 19	proc 12 prog 36 step 77	Tondo Non Presente Su Carrello 2
05/10/2011 13:49:06	ALARM 401		
05/10/2011 13:49:08	ALARM 401		
05/10/2011 13:49:12	ALARM 201		err.6058
05/10/2011 13:51:08	TASTEGGIO	0	0	11200	66361	150200	0	0	0.15	0.15	0	
05/10/2011 13:51:38	TASTEGGIO	1	0	11200	66361	150222	231	-21	0.06	0.06	0	
05/10/2011 13:51:46	TASTEGGIO	1	0	11200	66361	150192	231	-21	0.06	0.08	-82000	
05/10/2011 13:52:45	ALARM 17	proc 12 prog 10 step 47	LavoroTerminato
05/10/2011 14:02:11	TASTEGGIO	1	0	11200	66361	150502	231	-21	0.09	0.09	0	
05/10/2011 14:02:41	TASTEGGIO	1	0	11200	66361	150525	223	-18	0.14	0.14	0	
05/10/2011 14:03:07	TASTEGGIO	0	1	11200	66361	150522	201	-15	0.04	0.04	0	
05/10/2011 14:03:15	TASTEGGIO	0	1	11200	66361	150485	201	-15	0.05	0.08	24500	
05/10/2011 14:04:14	ALARM 17	proc 12 prog 10 step 47	LavoroTerminato
05/10/2011 14:06:51	ALARM 318	proc 6 prog 26 step 40	go_abs inv_ax 3
05/10/2011 14:08:02	ALARM 318	proc 6 prog 26 step 40	go_abs inv_ax 3
05/10/2011 14:09:10	ALARM 318	proc 12 prog 124 step 6	go_abs inv_ax 3
05/10/2011 14:09:21	ALARM 318	proc 12 prog 125 step 10	go_abs inv_ax 3
05/10/2011 14:09:49	ALARM 318	proc 12 prog 124 step 6	go_abs inv_ax 3
05/10/2011 14:10:16	ALARM 318	proc 12 prog 125 step 10	go_abs inv_ax 3
05/10/2011 14:11:02	ALARM 318	proc 12 prog 125 step 10	go_abs inv_ax 3
05/10/2011 14:11:16	ALARM 318	proc 12 prog 124 step 6	go_abs inv_ax 3
05/10/2011 14:13:30	ALARM 318	proc 3 prog 26 step 40	go_abs inv_ax 3
05/10/2011 14:15:54	ALARM 318	proc 2 prog 26 step 40	go_abs inv_ax 3
05/10/2011 14:17:10	ALARM 318	proc 12 prog 124 step 6	go_abs inv_ax 3
05/10/2011 14:17:26	ALARM 318	proc 12 prog 125 step 10	go_abs inv_ax 3
05/10/2011 14:20:10	ALARM 318	proc 12 prog 124 step 6	go_abs inv_ax 3
05/10/2011 14:23:56	ALARM 318	proc 12 prog 125 step 10	go_abs inv_ax 3
05/10/2011 14:24:09	ALARM 318	proc 12 prog 125 step 10	go_abs inv_ax 3
05/10/2011 14:26:47	TASTEGGIO	0	1	11200	66361	150316	201	-15	0.07	0.09	-82000	
05/10/2011 14:27:18	TASTEGGIO	1	0	11200	66361	232289	223	-11	0.04	0.04	0	
05/10/2011 14:27:31	TASTEGGIO	1	0	11200	66361	150281	223	-11	0.08	0.08	24500	
05/10/2011 14:28:21	ALARM 13	proc 2 prog 51 step 45	Tondo non in posizione di scarico
05/10/2011 14:28:49	ALARM 401		
05/10/2011 14:31:26	TASTEGGIO	1	0	11200	66361	150305	223	-11	0.15	0.22	-82000	
05/10/2011 14:31:57	TASTEGGIO	1	0	11200	66361	232260	240	-11	0.13	0.13	0	
05/10/2011 14:32:09	TASTEGGIO	1	0	11200	66361	150258	240	-11	0.07	0.11	-82000	
05/10/2011 14:32:41	TASTEGGIO	1	0	11200	66361	232238	225	-2	0.10	0.10	0	
05/10/2011 14:33:06	TASTEGGIO	0	1	11200	66361	232239	234	-6	0.03	0.03	0	
05/10/2011 14:33:17	TASTEGGIO	0	1	11200	66361	150260	234	-6	0.08	0.13	44500	
05/10/2011 14:33:47	TASTEGGIO	1	0	11200	66361	105786	228	-12	0.05	0.05	0	
05/10/2011 14:33:58	TASTEGGIO	1	0	11200	66361	150146	228	-12	0.08	0.08	24500	
05/10/2011 14:34:52	ALARM 318	proc 3 prog 26 step 40	go_abs inv_ax 3
05/10/2011 14:38:50	TASTEGGIO	1	0	11200	66361	150200	228	-12	0.37	0.38	-82000	
05/10/2011 14:39:22	TASTEGGIO	1	0	11200	66361	232164	260	-12	0.26	0.26	0	
05/10/2011 14:39:48	TASTEGGIO	0	1	11200	66361	232174	277	-10	0.16	0.16	0	
05/10/2011 14:40:16	TASTEGGIO	0	2	11200	66361	232180	290	-6	0.10	0.10	0	
05/10/2011 14:40:28	TASTEGGIO	0	2	11200	66361	150171	290	-6	0.19	0.23	82800	
05/10/2011 14:40:59	TASTEGGIO	1	0	11200	66361	67393	241	-6	0.20	0.20	0	
05/10/2011 14:41:24	TASTEGGIO	0	1	11200	66361	67393	258	-5	0.15	0.15	0	
05/10/2011 14:41:51	TASTEGGIO	0	2	11200	66361	67393	273	-3	0.13	0.13	0	
05/10/2011 14:42:03	TASTEGGIO	0	2	11200	66361	150076	273	-3	0.16	0.16	0	
05/10/2011 14:42:32	TASTEGGIO	1	0	11200	66361	150073	232	-21	0.05	0.05	0	
05/10/2011 14:42:41	TASTEGGIO	1	0	11200	66361	150081	232	-21	0.05	0.12	82800	
05/10/2011 14:43:11	TASTEGGIO	1	0	11200	66361	67300	227	-1	0.10	0.10	0	
05/10/2011 14:43:36	TASTEGGIO	0	1	11200	66361	67301	235	-1	0.11	0.11	0	
05/10/2011 14:44:02	TASTEGGIO	0	2	11200	66361	67304	259	-2	0.08	0.08	0	
05/10/2011 14:44:14	TASTEGGIO	0	2	11200	66361	150061	259	-2	0.06	0.09	24500	
05/10/2011 14:45:16	ALARM 17	proc 12 prog 10 step 47	LavoroTerminato
05/10/2011 14:46:39	TASTEGGIO	0	2	11200	66361	150406	259	-2	0.31	0.35	44500	
05/10/2011 14:47:10	TASTEGGIO	1	0	11200	66361	105931	256	-12	0.26	0.26	0	
05/10/2011 14:47:36	TASTEGGIO	0	1	11200	66361	105939	275	-11	0.15	0.15	0	
05/10/2011 14:48:05	TASTEGGIO	0	2	11200	66361	105943	287	-6	0.09	0.09	0	
05/10/2011 14:48:16	TASTEGGIO	0	2	11200	66361	150281	287	-6	0.14	0.15	82800	
05/10/2011 14:48:47	TASTEGGIO	1	0	11200	66361	67501	231	-3	0.13	0.13	0	
05/10/2011 14:48:59	TASTEGGIO	1	0	11200	66361	150271	231	-3	0.12	0.13	82800	
05/10/2011 14:49:30	TASTEGGIO	1	0	11200	66361	67492	228	-1	0.14	0.14	0	
05/10/2011 14:49:55	TASTEGGIO	0	1	11200	66361	67492	243	-2	0.12	0.12	0	
05/10/2011 14:50:22	TASTEGGIO	0	2	11200	66361	67492	263	-2	0.09	0.09	0	
05/10/2011 14:50:49	TASTEGGIO	0	3	11200	66361	67492	274	-2	0.08	0.08	0	
05/10/2011 14:51:01	TASTEGGIO	0	3	11200	66361	150266	274	-2	0.10	0.11	-82000	
05/10/2011 14:51:32	TASTEGGIO	1	0	11200	66361	232246	225	-10	0.04	0.04	0	
05/10/2011 14:51:44	TASTEGGIO	1	0	11200	66361	150363	225	-10	0.10	0.10	0	
05/10/2011 14:52:13	TASTEGGIO	1	0	11200	66361	150379	224	-18	0.09	0.09	0	
05/10/2011 14:52:22	TASTEGGIO	1	0	11200	66361	150365	224	-18	0.10	0.15	44500	
05/10/2011 14:52:53	TASTEGGIO	1	0	11200	66361	105898	231	-10	0.07	0.07	0	
05/10/2011 14:53:05	TASTEGGIO	1	0	11200	66361	150258	231	-10	0.06	0.07	82800	
05/10/2011 14:54:58	TASTEGGIO	1	0	11200	66361	150305	231	-10	0.05	0.23	-82000	
05/10/2011 14:55:29	TASTEGGIO	1	0	11200	66361	232266	241	-13	0.14	0.14	0	
05/10/2011 14:55:42	TASTEGGIO	1	0	11200	66361	150269	241	-13	0.10	0.15	24500	
05/10/2011 14:56:11	TASTEGGIO	1	0	11200	66361	125795	231	-16	0.01	0.01	0	
05/10/2011 14:56:22	TASTEGGIO	1	0	11200	66361	150156	231	-16	0.06	0.17	-82000	
05/10/2011 14:56:52	TASTEGGIO	1	0	11200	66361	232138	233	-6	0.12	0.12	0	
05/10/2011 14:57:05	TASTEGGIO	1	0	11200	66361	150253	233	-6	0.06	0.12	-82000	
05/10/2011 14:57:36	TASTEGGIO	1	0	11200	66361	232234	227	-1	0.11	0.11	0	
05/10/2011 14:58:02	TASTEGGIO	0	1	11200	66361	232234	237	-4	0.09	0.09	0	
05/10/2011 14:58:14	TASTEGGIO	0	1	11200	66361	150269	237	-4	0.08	0.10	82800	
05/10/2011 15:00:09	TASTEGGIO	0	1	11200	66361	150304	237	-4	0.06	0.22	-82000	
05/10/2011 15:00:42	TASTEGGIO	1	0	11200	66361	232260	240	-12	0.12	0.12	0	
05/10/2011 15:00:54	TASTEGGIO	1	0	11200	66361	150266	240	-12	0.03	0.16	82800	
05/10/2011 15:01:26	TASTEGGIO	1	0	11200	66361	67492	232	-3	0.14	0.14	0	
05/10/2011 15:01:38	TASTEGGIO	1	0	11200	66361	150159	232	-3	0.04	0.14	82800	
05/10/2011 15:02:09	TASTEGGIO	1	0	11200	66361	67380	229	-2	0.13	0.13	0	
05/10/2011 15:02:34	TASTEGGIO	0	1	11200	66361	67383	241	-2	0.12	0.12	0	
05/10/2011 15:03:01	TASTEGGIO	0	2	11200	66361	67386	263	-2	0.09	0.09	0	
05/10/2011 15:03:14	TASTEGGIO	0	2	11200	66361	150148	263	-2	0.03	0.15	-82000	
05/10/2011 15:03:44	TASTEGGIO	1	0	11200	66361	232130	231	-6	0.09	0.09	0	
05/10/2011 15:03:56	TASTEGGIO	1	0	11200	66361	150263	231	-6	0.02	0.10	24500	
05/10/2011 15:04:27	TASTEGGIO	1	0	11200	66361	125785	224	-16	0.08	0.08	0	
05/10/2011 15:04:38	TASTEGGIO	1	0	11200	66361	150174	224	-16	0.15	0.15	0	
05/10/2011 15:05:08	TASTEGGIO	1	0	11200	66361	150172	231	-21	0.07	0.07	0	
05/10/2011 15:05:16	TASTEGGIO	1	0	11200	66361	150178	231	-21	0.07	0.12	24500	
05/10/2011 15:05:47	TASTEGGIO	1	0	11200	66361	125697	227	-4	0.07	0.07	0	
05/10/2011 15:05:57	TASTEGGIO	1	0	11200	66361	150166	227	-4	0.02	0.10	-82000	
05/10/2011 15:06:27	TASTEGGIO	1	0	11200	66361	232148	224	-1	0.08	0.08	0	
05/10/2011 15:06:40	TASTEGGIO	1	0	11200	66361	150273	224	-1	0.02	0.10	-82000	
05/10/2011 15:07:11	TASTEGGIO	1	0	11200	66361	232252	224	0	0.08	0.08	0	
05/10/2011 15:07:23	TASTEGGIO	1	0	11200	66361	150282	224	0	0.02	0.09	82800	
05/10/2011 15:09:18	TASTEGGIO	1	0	11200	66361	150302	224	0	0.12	0.17	82800	
05/10/2011 15:09:49	TASTEGGIO	1	0	11200	66361	67518	233	-5	0.14	0.14	0	
05/10/2011 15:10:01	TASTEGGIO	1	0	11200	66361	150179	233	-5	0.09	0.15	24500	
05/10/2011 15:10:32	TASTEGGIO	1	0	11200	66361	125697	231	-16	0.05	0.05	0	
05/10/2011 15:10:42	TASTEGGIO	1	0	11200	66361	150171	231	-16	0.06	0.08	82800	
05/10/2011 15:12:37	TASTEGGIO	1	0	11200	66361	150407	231	-16	0.07	0.14	-82000	
05/10/2011 15:13:08	TASTEGGIO	1	0	11200	66361	232367	229	-11	0.10	0.10	0	
05/10/2011 15:13:34	TASTEGGIO	0	1	11200	66361	232381	236	-9	0.02	0.02	0	
05/10/2011 15:13:46	TASTEGGIO	0	1	11200	66361	150378	236	-9	0.04	0.10	82800	
05/10/2011 15:14:17	TASTEGGIO	1	0	11200	66361	67600	224	-3	0.08	0.08	0	
05/10/2011 15:14:30	TASTEGGIO	1	0	11200	66361	150270	224	-3	0.04	0.09	82800	
05/10/2011 15:16:24	TASTEGGIO	1	0	11200	66361	150393	224	-3	0.95	0.95	0	
05/10/2011 15:16:54	TASTEGGIO	1	0	11200	66361	150407	334	-32	0.62	0.62	0	
05/10/2011 15:17:22	TASTEGGIO	0	1	11200	66361	150407	374	-40	0.22	0.22	0	
05/10/2011 15:17:50	TASTEGGIO	0	0	11200	66361	150407	240	0	0.22	0.22	0	
05/10/2011 15:18:16	TASTEGGIO	0	1	11200	66361	150407	262	0	0.21	0.21	0	
05/10/2011 15:18:46	TASTEGGIO	0	2	11200	66361	150407	302	-1	0.20	0.20	0	
05/10/2011 15:19:15	TASTEGGIO	0	3	11200	66361	150407	359	-24	0.02	0.02	0	
05/10/2011 15:19:24	TASTEGGIO	0	3	11200	66361	150373	359	-24	0.02	0.22	24500	
05/10/2011 15:19:55	TASTEGGIO	1	0	11200	66361	125891	240	-20	0.06	0.06	0	
05/10/2011 15:20:06	TASTEGGIO	1	0	11200	66361	150267	240	-20	0.14	0.22	82800	
05/10/2011 15:20:36	TASTEGGIO	1	0	11200	66361	67488	240	-4	0.18	0.18	0	
05/10/2011 15:21:01	TASTEGGIO	0	1	11200	66361	67489	254	-2	0.16	0.16	0	
05/10/2011 15:21:28	TASTEGGIO	0	2	11200	66361	67492	282	-4	0.13	0.13	0	
05/10/2011 15:21:40	TASTEGGIO	0	2	11200	66361	150253	282	-4	0.11	0.14	-82000	
05/10/2011 15:22:11	TASTEGGIO	1	0	11200	66361	232233	229	-11	0.05	0.05	0	
05/10/2011 15:22:24	TASTEGGIO	1	0	11200	66361	150364	229	-11	0.15	0.19	44500	
05/10/2011 15:22:54	TASTEGGIO	1	0	11200	66361	105906	236	-13	0.06	0.06	0	
05/10/2011 15:23:05	TASTEGGIO	1	0	11200	66361	150268	236	-13	0.13	0.16	24500	
05/10/2011 15:23:36	TASTEGGIO	1	0	11200	66361	125788	232	-11	0.06	0.06	0	
05/10/2011 15:23:47	TASTEGGIO	1	0	11200	66361	150251	232	-11	0.18	0.18	0	
05/10/2011 15:24:16	TASTEGGIO	1	0	11200	66361	150246	234	-21	0.05	0.05	0	
05/10/2011 15:24:25	TASTEGGIO	1	0	11200	66361	150255	234	-21	0.06	0.19	44500	
05/10/2011 15:24:56	TASTEGGIO	1	0	11200	66361	105776	236	-7	0.12	0.12	0	
05/10/2011 15:25:07	TASTEGGIO	1	0	11200	66361	150266	236	-7	0.01	0.17	24500	
05/10/2011 15:25:38	TASTEGGIO	1	0	11200	66361	125786	233	-3	0.16	0.16	0	
05/10/2011 15:26:05	TASTEGGIO	0	1	11200	66361	125786	248	-5	0.12	0.12	0	
05/10/2011 15:26:15	TASTEGGIO	0	1	11200	66361	150254	248	-5	0.06	0.13	44500	
05/10/2011 15:26:45	TASTEGGIO	1	0	11200	66361	105775	228	-2	0.11	0.11	0	
05/10/2011 15:27:11	TASTEGGIO	0	1	11200	66361	105780	237	-1	0.11	0.11	0	
05/10/2011 15:27:37	TASTEGGIO	0	2	11200	66361	105783	259	-4	0.08	0.08	0	
05/10/2011 15:27:47	TASTEGGIO	0	2	11200	66361	150271	259	-4	0.06	0.16	24500	
05/10/2011 15:28:18	TASTEGGIO	1	0	11200	66361	125790	232	-2	0.15	0.15	0	
05/10/2011 15:28:44	TASTEGGIO	0	1	11200	66361	125791	246	-4	0.10	0.10	0	
05/10/2011 15:28:55	TASTEGGIO	0	1	11200	66361	150259	246	-4	0.09	0.12	82800	
05/10/2011 15:29:26	TASTEGGIO	1	0	11200	66361	67480	227	-1	0.12	0.12	0	
05/10/2011 15:29:51	TASTEGGIO	0	1	11200	66361	67480	239	0	0.14	0.14	0	
05/10/2011 15:30:17	TASTEGGIO	0	2	11200	66361	67480	271	-1	0.10	0.10	0	
05/10/2011 15:30:44	TASTEGGIO	0	3	11200	66361	67484	283	0	0.09	0.09	0	
05/10/2011 15:30:56	TASTEGGIO	0	3	11200	66361	150258	283	0	0.06	0.11	24500	
05/10/2011 15:31:28	TASTEGGIO	1	0	11200	66361	125778	225	0	0.11	0.11	0	
05/10/2011 15:31:54	TASTEGGIO	0	1	11200	66361	125777	236	-2	0.10	0.10	0	
05/10/2011 15:32:22	TASTEGGIO	0	2	11200	66361	125777	254	-2	0.08	0.08	0	
05/10/2011 15:32:33	TASTEGGIO	0	2	11200	66361	150245	254	-2	0.09	0.13	44500	
05/10/2011 15:33:03	TASTEGGIO	1	0	11200	66361	105765	228	-2	0.12	0.12	0	
05/10/2011 15:33:28	TASTEGGIO	0	1	11200	66361	105769	239	0	0.11	0.11	0	
05/10/2011 15:33:54	TASTEGGIO	0	2	11200	66361	105772	259	-1	0.10	0.10	0	
05/10/2011 15:34:21	TASTEGGIO	0	3	11200	66361	105776	286	-6	0.07	0.07	0	
05/10/2011 15:34:32	TASTEGGIO	0	3	11200	66361	150277	286	-6	0.08	0.14	24500	
05/10/2011 15:35:03	TASTEGGIO	1	0	11200	66361	125794	229	-2	0.13	0.13	0	
05/10/2011 15:35:30	TASTEGGIO	0	1	11200	66361	125794	241	-1	0.12	0.12	0	
05/10/2011 15:37:45	TASTEGGIO	0	2	11200	66361	150314	263	-3	0.08	0.12	44500	
05/10/2011 15:38:15	TASTEGGIO	1	0	11200	66361	105831	227	-11	0.09	0.09	0	
05/10/2011 15:38:26	TASTEGGIO	1	0	11200	66361	150179	227	-11	0.10	0.10	0	
05/10/2011 15:38:55	TASTEGGIO	1	0	11200	66361	150176	224	-17	0.05	0.05	0	
05/10/2011 15:39:03	TASTEGGIO	1	0	11200	66361	150179	224	-17	0.06	0.08	44500	
05/10/2011 15:40:58	TASTEGGIO	1	0	11200	66361	150291	224	-17	0.84	0.84	0	
05/10/2011 15:41:27	TASTEGGIO	1	0	11200	66361	150308	319	-32	0.54	0.54	0	
05/10/2011 15:41:56	TASTEGGIO	0	1	11200	66361	150309	353	-36	0.18	0.18	0	
05/10/2011 15:42:22	TASTEGGIO	0	0	11200	66361	150310	234	-1	0.18	0.18	0	
05/10/2011 15:42:49	TASTEGGIO	0	1	11200	66361	150310	252	-2	0.17	0.17	0	
05/10/2011 15:43:18	TASTEGGIO	0	2	11200	66361	150315	284	-1	0.15	0.15	0	
05/10/2011 15:43:47	TASTEGGIO	0	3	11200	66361	150315	323	-18	0.08	0.08	0	
05/10/2011 15:43:56	TASTEGGIO	0	3	11200	66361	150294	323	-18	0.06	0.91	82800	
05/10/2011 15:44:28	TASTEGGIO	1	0	11200	66361	67507	329	-12	0.80	0.80	0	
05/10/2011 15:44:55	TASTEGGIO	0	1	11200	66361	67508	399	-19	0.60	0.60	0	
05/10/2011 15:45:25	TASTEGGIO	0	2	11200	66361	67509	400	-10	0.50	0.50	0	
05/10/2011 15:45:53	TASTEGGIO	0	3	11200	66361	67509	400	-8	0.43	0.43	0	
05/10/2011 15:46:24	TASTEGGIO	0	4	11200	66361	67509	400	-7	0.38	0.38	0	
05/10/2011 15:46:53	TASTEGGIO	0	5	11200	66361	67509	400	-8	0.30	0.30	0	
05/10/2011 15:47:24	TASTEGGIO	0	6	11200	66361	67509	400	-3	0.25	0.25	0	
05/10/2011 15:47:55	TASTEGGIO	0	7	11200	66361	67509	400	-2	0.24	0.24	0	
05/10/2011 15:47:58	ALARM 401		
05/10/2011 15:48:03	ALARM 205		err.6058
05/10/2011 15:48:23	TASTEGGIO	0	7	11200	66361	67509	400	-2	0.25	0.25	0	
05/10/2011 15:48:51	TASTEGGIO	1	0	11200	66361	67509	243	0	0.25	0.25	0	
05/10/2011 15:49:17	TASTEGGIO	0	1	11200	66361	67509	268	0	0.24	0.24	0	
05/10/2011 15:49:44	TASTEGGIO	0	2	11200	66361	67509	314	0	0.24	0.24	0	
05/10/2011 15:50:12	TASTEGGIO	0	3	11200	66361	67509	386	-1	0.21	0.21	0	
05/10/2011 15:50:43	TASTEGGIO	0	4	11200	66361	67509	459	-53	0.42	0.42	0	
05/10/2011 15:51:11	TASTEGGIO	0	1	11200	66361	67509	375	-30	0.15	0.15	0	
05/10/2011 15:51:36	TASTEGGIO	0	0	11200	66361	67509	231	0	0.15	0.15	0	
05/10/2011 15:52:01	TASTEGGIO	0	1	11200	66361	67509	246	0	0.15	0.15	0	
05/10/2011 15:52:29	TASTEGGIO	0	2	11200	66361	67509	276	0	0.15	0.15	0	
05/10/2011 15:52:57	TASTEGGIO	0	3	11200	66361	67509	321	-3	0.12	0.12	0	
05/10/2011 15:53:02	TASTEGGIO	0	3	11200	66361	67509	321	-3	0.12	0.12	0	
05/10/2011 15:53:29	TASTEGGIO	1	0	11200	66361	67509	227	2	0.12	0.12	0	
05/10/2011 15:53:56	TASTEGGIO	0	1	11200	66361	67509	239	0	0.12	0.12	0	
05/10/2011 15:54:22	TASTEGGIO	0	2	11200	66361	67509	263	0	0.12	0.12	0	
05/10/2011 15:54:50	TASTEGGIO	0	3	11200	66361	67509	299	0	0.12	0.12	0	
05/10/2011 15:54:51	ALARM 401		
05/10/2011 15:55:13	TASTEGGIO	0	3	11200	66361	150177	299	0	0.62	0.62	0	
05/10/2011 15:55:56	TASTEGGIO	0	3	11200	66361	150175	458	-131	0.72	0.72	0	
05/10/2011 15:56:31	TASTEGGIO	0	3	11200	66361	150190	432	-116	0.44	0.44	0	
05/10/2011 15:56:45	TASTEGGIO	0	3	11200	66361	150194	432	-116	0.43	0.71	-82000	
05/10/2011 15:57:31	TASTEGGIO	0	3	11200	66361	150280	416	-78	0.90	0.90	0	
05/10/2011 15:58:11	TASTEGGIO	0	3	11200	66361	150281	416	-49	0.49	0.49	0	
05/10/2011 15:58:50	TASTEGGIO	0	3	11200	66361	150281	368	-5	0.43	0.43	0	
05/10/2011 15:59:29	TASTEGGIO	0	3	11200	66361	150281	380	-4	0.39	0.39	0	
05/10/2011 16:00:10	TASTEGGIO	0	3	11200	66361	150281	396	-6	0.35	0.35	0	
05/10/2011 16:00:48	TASTEGGIO	0	3	11200	66361	150280	404	-13	0.21	0.27	82800	
05/10/2011 16:01:33	TASTEGGIO	0	3	11200	66361	150182	409	-21	0.30	0.30	0	
05/10/2011 16:02:14	TASTEGGIO	0	3	11200	66361	150189	407	-33	0.26	0.35	24500	
05/10/2011 16:02:57	TASTEGGIO	0	3	11200	66361	150180	401	-99	0.64	0.64	0	
05/10/2011 16:03:36	TASTEGGIO	0	3	11200	66361	150181	401	-65	0.26	0.26	0	
05/10/2011 16:03:56	TASTEGGIO	0	3	11200	66361	150182	401	-65	0.26	0.26	0	
05/10/2011 16:04:25	TASTEGGIO	1	0	11200	66361	150182	245	-6	0.23	0.23	0	
05/10/2011 16:04:53	TASTEGGIO	0	1	11200	66361	150184	265	0	0.23	0.23	0	
05/10/2011 16:05:23	TASTEGGIO	0	2	11200	66361	150184	311	0	0.22	0.22	0	
05/10/2011 16:05:55	TASTEGGIO	0	3	11200	66361	150184	374	-2	0.20	0.20	0	
05/10/2011 16:06:26	TASTEGGIO	0	4	11200	66361	150184	400	-5	0.15	0.15	0	
05/10/2011 16:06:30	ALARM 401		
05/10/2011 16:06:48	TASTEGGIO	0	4	11200	66361	150189	400	-5	0.16	0.29	-82000	
05/10/2011 16:07:25	TASTEGGIO	0	4	11200	66361	232171	344	-6	0.20	0.20	0	
05/10/2011 16:07:42	TASTEGGIO	0	4	11200	66361	150276	344	-6	0.19	0.24	82800	
05/10/2011 16:08:18	TASTEGGIO	0	4	11200	66361	67497	337	-4	0.20	0.20	0	
05/10/2011 16:08:58	TASTEGGIO	0	4	11200	66361	150174	341	-2	0.22	0.22	0	
05/10/2011 16:09:38	TASTEGGIO	0	4	11200	66361	150178	352	-2	0.20	0.20	0	
05/10/2011 16:10:20	TASTEGGIO	0	4	11200	66361	150181	370	-2	0.19	0.21	-82000	
05/10/2011 16:13:43	TASTEGGIO	0	4	11200	66361	150297	370	-2	0.16	0.28	-82000	
05/10/2011 16:14:15	TASTEGGIO	1	0	11200	66361	232254	247	-9	0.22	0.22	0	
05/10/2011 16:14:42	TASTEGGIO	0	1	11200	66361	232265	264	-4	0.17	0.17	0	
05/10/2011 16:15:08	TASTEGGIO	0	2	11200	66361	232271	282	-4	0.12	0.12	0	
05/10/2011 16:15:20	TASTEGGIO	0	2	11200	66361	150271	282	-4	0.09	0.13	24500	
05/10/2011 16:15:50	TASTEGGIO	1	0	11200	66361	125792	228	-14	0.04	0.04	0	
05/10/2011 16:16:01	TASTEGGIO	1	0	11200	66361	150156	228	-14	0.15	0.16	-82000	
05/10/2011 16:16:33	TASTEGGIO	1	0	11200	66361	232143	232	-1	0.17	0.17	0	
05/10/2011 16:16:59	TASTEGGIO	0	1	11200	66361	232152	250	-1	0.13	0.13	0	
05/10/2011 16:17:11	TASTEGGIO	0	1	11200	66361	150284	250	-1	0.14	0.16	-82000	
05/10/2011 16:17:43	TASTEGGIO	1	0	11200	66361	232261	232	0	0.17	0.17	0	
05/10/2011 16:18:09	TASTEGGIO	0	1	11200	66361	232278	250	0	0.16	0.16	0	
05/10/2011 16:18:38	TASTEGGIO	0	2	11200	66361	232288	280	-1	0.15	0.15	0	
05/10/2011 16:19:06	TASTEGGIO	0	3	11200	66361	232292	322	-11	0.05	0.05	0	
05/10/2011 16:19:18	TASTEGGIO	0	3	11200	66361	150297	322	-11	0.08	0.08	0	
05/10/2011 16:21:13	TASTEGGIO	0	3	11200	66361	150296	322	-11	0.27	0.27	0	
05/10/2011 16:21:41	TASTEGGIO	1	0	11200	66361	150315	246	-20	0.09	0.09	0	
05/10/2011 16:21:50	TASTEGGIO	1	0	11200	66361	150291	246	-20	0.10	0.16	-82000	
05/10/2011 16:22:21	TASTEGGIO	1	0	11200	66361	232250	232	-12	0.09	0.09	0	
05/10/2011 16:22:33	TASTEGGIO	1	0	11200	66361	150263	232	-12	0.06	0.13	82800	
05/10/2011 16:23:04	TASTEGGIO	1	0	11200	66361	67484	228	-3	0.10	0.10	0	
05/10/2011 16:23:29	TASTEGGIO	0	1	11200	66361	67488	235	-1	0.08	0.08	0	
05/10/2011 16:23:41	TASTEGGIO	0	1	11200	66361	150147	235	-1	0.09	0.10	-82000	
05/10/2011 16:24:12	TASTEGGIO	1	0	11200	66361	232128	224	-6	0.04	0.04	0	
05/10/2011 16:24:24	TASTEGGIO	1	0	11200	66361	150275	224	-6	0.04	0.09	82800	
05/10/2011 16:26:19	TASTEGGIO	1	0	11200	66361	150191	224	-6	0.27	0.49	82800	
05/10/2011 16:26:50	TASTEGGIO	1	0	11200	66361	67413	274	-6	0.46	0.46	0	
05/10/2011 16:27:16	TASTEGGIO	0	1	11200	66361	67413	317	-6	0.40	0.40	0	
05/10/2011 16:27:44	TASTEGGIO	0	2	11200	66361	67413	386	-18	0.23	0.23	0	
05/10/2011 16:28:12	TASTEGGIO	0	3	11200	66361	67417	400	-23	0.10	0.10	0	
05/10/2011 16:28:25	TASTEGGIO	0	3	11200	66361	150079	400	-23	0.09	0.12	24500	
05/10/2011 16:28:56	TASTEGGIO	1	0	11200	66361	125601	227	-17	0.09	0.09	0	
05/10/2011 16:29:06	TASTEGGIO	1	0	11200	66361	150056	227	-17	0.17	0.18	82800	
05/10/2011 16:29:38	TASTEGGIO	1	0	11200	66361	67277	234	-3	0.16	0.16	0	
05/10/2011 16:30:04	TASTEGGIO	0	1	11200	66361	67277	248	0	0.16	0.16	0	
05/10/2011 16:30:31	TASTEGGIO	0	2	11200	66361	67280	280	-2	0.13	0.13	0	
05/10/2011 16:30:43	TASTEGGIO	0	2	11200	66361	150057	280	-2	0.14	0.14	82800	
05/10/2011 16:31:14	TASTEGGIO	1	0	11200	66361	67278	229	-1	0.14	0.14	0	
05/10/2011 16:31:40	TASTEGGIO	0	1	11200	66361	67283	243	-1	0.14	0.14	0	
05/10/2011 16:32:05	TASTEGGIO	0	2	11200	66361	67286	271	0	0.13	0.13	0	
05/10/2011 16:32:31	TASTEGGIO	0	3	11200	66361	67289	307	0	0.13	0.13	0	
05/10/2011 16:33:00	TASTEGGIO	0	4	11200	66361	67390	359	-5	0.08	0.08	0	
05/10/2011 16:33:13	TASTEGGIO	0	4	11200	66361	150079	359	-5	0.10	0.10	0	
05/10/2011 16:33:41	TASTEGGIO	1	0	11200	66361	150077	224	-20	0.10	0.10	0	
05/10/2011 16:34:06	TASTEGGIO	0	1	11200	66361	150080	214	-15	0.05	0.05	0	
05/10/2011 16:34:15	TASTEGGIO	0	1	11200	66361	150085	214	-15	0.06	0.11	44500	
05/10/2011 16:34:46	TASTEGGIO	1	0	11200	66361	105603	225	-10	0.04	0.04	0	
05/10/2011 16:34:57	TASTEGGIO	1	0	11200	66361	150075	225	-10	0.13	0.13	0	
05/10/2011 16:35:27	TASTEGGIO	1	0	11200	66361	150073	228	-14	0.05	0.05	0	
05/10/2011 16:35:35	TASTEGGIO	1	0	11200	66361	150080	228	-14	0.05	0.10	-82000	
05/10/2011 16:36:34	ALARM 17	proc 12 prog 10 step 47	LavoroTerminato
05/10/2011 16:36:56	ALARM 406		
06/10/2011 07:34:19	ALARM 401		
06/10/2011 07:34:21	INIT OK
06/10/2011 07:38:55	TASTEGGIO	0	0	11200	66361	150202	0	0	0.29	0.45	82800	
06/10/2011 07:39:26	TASTEGGIO	1	0	11200	66361	67442	269	-8	0.38	0.38	0	
06/10/2011 07:39:52	TASTEGGIO	0	1	11200	66361	67442	301	-7	0.31	0.31	0	
06/10/2011 07:40:21	TASTEGGIO	0	2	11200	66361	67443	351	-13	0.18	0.18	0	
06/10/2011 07:40:49	TASTEGGIO	0	3	11200	66361	67443	369	-11	0.08	0.08	0	
06/10/2011 07:41:01	TASTEGGIO	0	3	11200	66361	150082	369	-11	0.08	0.18	44500	
06/10/2011 07:41:33	TASTEGGIO	1	0	11200	66361	105604	234	-17	0.07	0.07	0	
06/10/2011 07:41:44	TASTEGGIO	1	0	11200	66361	150078	234	-17	0.12	0.18	82800	
06/10/2011 07:42:15	TASTEGGIO	1	0	11200	66361	67300	234	-2	0.17	0.17	0	
06/10/2011 07:42:40	TASTEGGIO	0	1	11200	66361	67305	250	0	0.16	0.16	0	
06/10/2011 07:43:06	TASTEGGIO	0	2	11200	66361	67308	280	-1	0.17	0.17	0	
06/10/2011 07:43:36	TASTEGGIO	0	3	11200	66361	67310	334	-4	0.13	0.13	0	
06/10/2011 07:43:48	TASTEGGIO	0	3	11200	66361	150080	334	-4	0.10	0.13	-82000	
06/10/2011 07:44:20	TASTEGGIO	1	0	11200	66361	232055	228	-13	0.05	0.05	0	
06/10/2011 07:44:32	TASTEGGIO	1	0	11200	66361	150192	228	-13	0.03	0.13	44500	
06/10/2011 07:45:04	TASTEGGIO	1	0	11200	66361	105721	228	-7	0.06	0.06	0	
06/10/2011 07:45:15	TASTEGGIO	1	0	11200	66361	150081	228	-7	0.08	0.14	82800	
06/10/2011 07:45:48	TASTEGGIO	1	0	11200	66361	67301	229	0	0.15	0.15	0	
06/10/2011 07:46:13	TASTEGGIO	0	1	11200	66361	67307	245	0	0.15	0.15	0	
06/10/2011 07:46:39	TASTEGGIO	0	2	11200	66361	67311	275	0	0.15	0.15	0	
06/10/2011 07:47:08	TASTEGGIO	0	3	11200	66361	67313	320	0	0.14	0.14	0	
06/10/2011 07:47:36	TASTEGGIO	0	4	11200	66361	67404	372	-7	0.07	0.07	0	
06/10/2011 07:47:49	TASTEGGIO	0	4	11200	66361	150082	372	-7	0.02	0.12	44500	
06/10/2011 07:48:21	TASTEGGIO	1	0	11200	66361	105602	227	-2	0.11	0.11	0	
06/10/2011 07:48:47	TASTEGGIO	0	1	11200	66361	105606	237	-3	0.09	0.09	0	
06/10/2011 07:48:58	TASTEGGIO	0	1	11200	66361	150079	237	-3	0.05	0.09	82800	
06/10/2011 07:50:52	TASTEGGIO	0	1	11200	66361	150304	237	-3	0.44	0.51	44500	
06/10/2011 07:51:23	TASTEGGIO	1	0	11200	66361	105831	277	-12	0.41	0.41	0	
06/10/2011 07:51:50	TASTEGGIO	0	1	11200	66361	105834	309	-12	0.29	0.29	0	
06/10/2011 07:52:19	TASTEGGIO	0	2	11200	66361	105836	338	-14	0.16	0.16	0	
06/10/2011 07:52:49	TASTEGGIO	0	3	11200	66361	105837	353	-14	0.06	0.06	0	
06/10/2011 07:53:01	TASTEGGIO	0	3	11200	66361	150181	353	-14	0.08	0.22	82800	
06/10/2011 07:53:32	TASTEGGIO	1	0	11200	66361	67405	240	-3	0.19	0.19	0	
06/10/2011 07:53:59	TASTEGGIO	0	1	11200	66361	67405	256	-2	0.18	0.18	0	
06/10/2011 07:54:25	TASTEGGIO	0	2	11200	66361	67405	290	-5	0.13	0.13	0	
06/10/2011 07:54:37	TASTEGGIO	0	2	11200	66361	150171	290	-5	0.11	0.12	82800	
06/10/2011 07:55:08	TASTEGGIO	1	0	11200	66361	67395	227	-1	0.13	0.13	0	
06/10/2011 07:55:33	TASTEGGIO	0	1	11200	66361	67394	241	0	0.13	0.13	0	
06/10/2011 07:56:01	TASTEGGIO	0	2	11200	66361	67394	267	0	0.13	0.13	0	
06/10/2011 07:56:28	TASTEGGIO	0	3	11200	66361	67400	306	-2	0.10	0.10	0	
06/10/2011 07:56:55	TASTEGGIO	0	4	11200	66361	67499	321	-4	0.06	0.06	0	
06/10/2011 07:57:07	TASTEGGIO	0	4	11200	66361	150179	321	-4	0.16	0.16	0	
06/10/2011 07:57:35	TASTEGGIO	1	0	11200	66361	150177	232	-20	0.02	0.02	0	
06/10/2011 07:57:44	TASTEGGIO	1	0	11200	66361	150182	232	-20	0.04	0.16	-82000	
06/10/2011 07:58:15	TASTEGGIO	1	0	11200	66361	232164	232	-11	0.07	0.07	0	
06/10/2011 07:58:27	TASTEGGIO	1	0	11200	66361	150305	232	-11	0.05	0.13	82800	
06/10/2011 07:58:57	TASTEGGIO	1	0	11200	66361	67524	228	0	0.12	0.12	0	
06/10/2011 07:59:23	TASTEGGIO	0	1	11200	66361	67529	239	0	0.11	0.11	0	
06/10/2011 07:59:50	TASTEGGIO	0	2	11200	66361	67531	259	0	0.11	0.11	0	
06/10/2011 08:00:17	TASTEGGIO	0	3	11200	66361	67534	292	-1	0.11	0.11	0	
06/10/2011 08:00:43	TASTEGGIO	0	4	11200	66361	67633	336	-3	0.07	0.07	0	
06/10/2011 08:00:55	TASTEGGIO	0	4	11200	66361	150181	336	-3	0.07	0.08	82800	
06/10/2011 08:02:50	TASTEGGIO	0	4	11200	66361	150192	336	-3	0.53	0.65	82800	
06/10/2011 08:03:22	TASTEGGIO	1	0	11200	66361	67416	295	-6	0.60	0.60	0	
06/10/2011 08:03:48	TASTEGGIO	0	1	11200	66361	67416	350	-8	0.51	0.51	0	
06/10/2011 08:04:17	TASTEGGIO	0	2	11200	66361	67416	400	-15	0.36	0.36	0	
06/10/2011 08:04:45	TASTEGGIO	0	3	11200	66361	67416	400	-9	0.27	0.27	0	
06/10/2011 08:05:15	TASTEGGIO	0	4	11200	66361	67470	400	-3	0.24	0.24	0	
06/10/2011 08:05:45	TASTEGGIO	0	5	11200	66361	67470	400	-2	0.23	0.23	0	
06/10/2011 08:06:13	TASTEGGIO	0	6	11200	66361	67470	400	-2	0.21	0.21	0	
06/10/2011 08:06:43	TASTEGGIO	0	7	11200	66361	67470	400	-3	0.19	0.19	0	
06/10/2011 08:07:12	TASTEGGIO	0	8	11200	66361	67470	400	-2	0.16	0.16	0	
06/10/2011 08:07:42	TASTEGGIO	0	9	11200	66361	67470	400	-1	0.15	0.15	0	
06/10/2011 08:08:11	TASTEGGIO	0	10	11200	66361	67470	400	-3	0.12	0.12	0	
06/10/2011 08:08:23	TASTEGGIO	0	10	11200	66361	150079	400	-3	0.18	0.18	0	
06/10/2011 08:08:52	TASTEGGIO	1	0	11200	66361	150082	234	-20	0.02	0.02	0	
06/10/2011 08:09:01	TASTEGGIO	1	0	11200	66361	150086	234	-20	0.03	0.24	-82000	
06/10/2011 08:09:33	TASTEGGIO	1	0	11200	66361	232063	242	-13	0.13	0.13	0	
06/10/2011 08:09:45	TASTEGGIO	1	0	11200	66361	150184	242	-13	0.07	0.15	-82000	
06/10/2011 08:10:17	TASTEGGIO	1	0	11200	66361	232163	231	-4	0.08	0.08	0	
06/10/2011 08:10:29	TASTEGGIO	1	0	11200	66361	150194	231	-4	0.10	0.11	24500	
06/10/2011 08:11:00	TASTEGGIO	1	0	11200	66361	125720	225	-14	0.09	0.09	0	
06/10/2011 08:11:10	TASTEGGIO	1	0	11200	66361	150082	225	-14	0.08	0.12	-82000	
06/10/2011 08:11:40	TASTEGGIO	1	0	11200	66361	232057	227	-1	0.10	0.10	0	
06/10/2011 08:12:06	TASTEGGIO	0	1	11200	66361	232079	235	0	0.09	0.09	0	
06/10/2011 08:12:18	TASTEGGIO	0	1	11200	66361	150210	235	0	0.08	0.10	-82000	
06/10/2011 08:12:50	TASTEGGIO	1	0	11200	66361	232189	224	0	0.09	0.09	0	
06/10/2011 08:13:02	TASTEGGIO	1	0	11200	66361	150205	224	0	0.08	0.10	-82000	
06/10/2011 08:13:33	TASTEGGIO	1	0	11200	66361	232184	224	0	0.09	0.09	0	
06/10/2011 08:13:45	TASTEGGIO	1	0	11200	66361	150194	224	0	0.08	0.10	-82000	
06/10/2011 08:15:41	TASTEGGIO	1	0	11200	66361	150408	224	0	0.12	0.12	0	
06/10/2011 08:16:10	TASTEGGIO	1	0	11200	66361	150422	227	-18	0.05	0.05	0	
06/10/2011 08:16:18	TASTEGGIO	1	0	11200	66361	150397	227	-18	0.04	0.11	-82000	
06/10/2011 08:16:50	TASTEGGIO	1	0	11200	66361	232369	225	-11	0.15	0.15	0	
06/10/2011 08:17:17	TASTEGGIO	0	1	11200	66361	232374	245	-12	0.02	0.02	0	
06/10/2011 08:17:29	TASTEGGIO	0	1	11200	66361	150382	245	-12	0.04	0.10	24500	
06/10/2011 08:17:59	TASTEGGIO	1	0	11200	66361	125900	224	-14	0.05	0.05	0	
06/10/2011 08:18:10	TASTEGGIO	1	0	11200	66361	150266	224	-14	0.13	0.13	0	
06/10/2011 08:18:40	TASTEGGIO	1	0	11200	66361	150264	228	-6	0.06	0.06	0	
06/10/2011 08:18:48	TASTEGGIO	1	0	11200	66361	150275	228	-6	0.04	0.07	82800	
06/10/2011 08:19:47	ALARM 17	proc 12 prog 10 step 47	LavoroTerminato
06/10/2011 08:52:42	ALARM 406		
06/10/2011 11:46:32	ALARM 401		
06/10/2011 11:46:34	INIT OK
06/10/2011 11:48:37	ALARM 401		
06/10/2011 11:53:16	ALARM 401		
06/10/2011 12:03:54	ALARM 3	proc 12 prog 31 step 36	Tondo non presente su rulliera
06/10/2011 12:05:38	TASTEGGIO	0	0	5500	44019	117771	0	0	0.19	0.27	44500	
06/10/2011 12:06:03	TASTEGGIO	1	0	5500	44019	73341	246	-10	0.15	0.15	0	
06/10/2011 12:06:24	TASTEGGIO	0	1	5500	44019	73324	254	-12	0.11	0.11	0	
06/10/2011 12:06:34	TASTEGGIO	0	1	5500	44019	117640	254	-12	0.13	0.15	24500	
06/10/2011 12:07:00	TASTEGGIO	1	0	5500	44019	93174	231	-14	0.02	0.02	0	
06/10/2011 12:07:09	TASTEGGIO	1	0	5500	44019	117644	231	-14	0.02	0.07	44500	
06/10/2011 12:09:02	TASTEGGIO	1	0	5500	44019	117671	231	-14	0.14	0.23	-44500	
06/10/2011 12:09:27	TASTEGGIO	1	0	5500	44019	162044	241	-25	0.09	0.09	0	
06/10/2011 12:09:37	TASTEGGIO	1	0	5500	44019	117665	241	-25	0.10	0.12	44500	
06/10/2011 12:10:02	TASTEGGIO	1	0	5500	44019	73219	227	-10	0.02	0.02	0	
06/10/2011 12:10:13	TASTEGGIO	1	0	5500	44019	117544	227	-10	0.11	0.11	0	
06/10/2011 12:10:37	TASTEGGIO	1	0	5500	44019	117542	225	-26	0.17	0.17	0	
06/10/2011 12:10:58	TASTEGGIO	0	1	5500	44019	117542	198	-18	0.24	0.24	0	
06/10/2011 12:11:19	TASTEGGIO	0	1	5500	44019	117542	164	-3	0.19	0.19	0	
06/10/2011 12:11:40	TASTEGGIO	0	2	5500	44019	117543	185	-9	0.12	0.12	0	
06/10/2011 12:12:01	TASTEGGIO	0	3	5500	44019	117543	198	-10	0.09	0.09	0	
06/10/2011 12:12:22	TASTEGGIO	0	4	5500	44019	117543	211	-12	0.06	0.06	0	
06/10/2011 12:12:29	TASTEGGIO	0	4	5500	44019	117556	211	-12	0.06	0.06	-44500	
06/10/2011 12:13:25	ALARM 17	proc 12 prog 10 step 47	LavoroTerminato
06/10/2011 12:52:52	TASTEGGIO	0	4	5500	44019	117775	211	-12	0.06	0.12	44500	
06/10/2011 12:53:17	TASTEGGIO	1	0	5500	44019	73348	227	-11	0.03	0.03	0	
06/10/2011 12:53:27	TASTEGGIO	1	0	5500	44019	117649	227	-11	0.04	0.06	-44500	
06/10/2011 12:55:19	TASTEGGIO	1	0	5500	44019	117772	227	-11	0.54	0.55	-44500	
06/10/2011 12:55:46	TASTEGGIO	1	0	5500	44019	162177	282	-26	0.27	0.27	0	
06/10/2011 12:56:07	TASTEGGIO	0	0	5500	44019	162178	246	-3	0.24	0.24	0	
06/10/2011 12:56:27	TASTEGGIO	0	1	5500	44019	162179	267	-15	0.11	0.11	0	
06/10/2011 12:56:37	TASTEGGIO	0	1	5500	44019	117752	267	-15	0.22	0.25	24500	
06/10/2011 12:57:02	TASTEGGIO	1	0	5500	44019	93280	243	-17	0.13	0.13	0	
06/10/2011 12:57:11	TASTEGGIO	1	0	5500	44019	117643	243	-17	0.12	0.13	24500	
06/10/2011 12:57:36	TASTEGGIO	1	0	5500	44019	93173	228	-11	0.02	0.02	0	
06/10/2011 12:57:46	TASTEGGIO	1	0	5500	44019	117640	228	-11	0.02	0.02	44500	
06/10/2011 12:59:38	TASTEGGIO	1	0	5500	44019	117671	228	-11	0.05	0.08	44500	
06/10/2011 13:01:30	TASTEGGIO	1	0	5500	44019	117774	228	-11	0.13	0.24	-44500	
06/10/2011 13:01:56	TASTEGGIO	1	0	5500	44019	162158	242	-23	0.07	0.07	0	
06/10/2011 13:02:06	TASTEGGIO	1	0	5500	44019	117770	242	-23	0.10	0.12	44500	
06/10/2011 13:02:32	TASTEGGIO	1	0	5500	44019	73317	227	-7	0.05	0.05	0	
06/10/2011 13:02:42	TASTEGGIO	1	0	5500	44019	117648	227	-7	0.06	0.12	-44500	
06/10/2011 13:03:06	TASTEGGIO	1	0	5500	44019	162015	227	-16	0.07	0.07	0	
06/10/2011 13:03:16	TASTEGGIO	1	0	5500	44019	117762	227	-16	0.16	0.16	0	
06/10/2011 13:03:40	TASTEGGIO	1	0	5500	44019	117773	232	-21	0.10	0.10	0	
06/10/2011 13:03:47	TASTEGGIO	1	0	5500	44019	117763	232	-21	0.10	0.10	0	
06/10/2011 13:04:11	TASTEGGIO	1	0	5500	44019	117774	224	-21	0.09	0.09	0	
06/10/2011 13:04:32	TASTEGGIO	0	1	5500	44019	117774	215	-15	0.07	0.07	0	
06/10/2011 13:04:39	TASTEGGIO	0	1	5500	44019	117764	215	-15	0.07	0.09	44500	
06/10/2011 13:05:04	TASTEGGIO	1	0	5500	44019	73313	223	-2	0.05	0.05	0	
06/10/2011 13:05:14	TASTEGGIO	1	0	5500	44019	117649	223	-2	0.06	0.06	0	
06/10/2011 13:07:06	TASTEGGIO	1	0	5500	44019	117675	223	-2	0.19	0.23	-44500	
06/10/2011 13:07:31	TASTEGGIO	1	0	5500	44019	162045	241	-26	0.04	0.04	0	
06/10/2011 13:07:40	TASTEGGIO	1	0	5500	44019	117666	241	-26	0.02	0.09	44500	
06/10/2011 13:08:05	TASTEGGIO	1	0	5500	44019	73206	223	-9	0.04	0.04	0	
06/10/2011 13:08:16	TASTEGGIO	1	0	5500	44019	117543	223	-9	0.05	0.05	0	
06/10/2011 13:10:08	TASTEGGIO	1	0	5500	44019	117774	223	-9	0.13	0.19	44500	
06/10/2011 13:10:32	TASTEGGIO	1	0	5500	44019	73317	236	-9	0.10	0.10	0	
06/10/2011 13:10:42	TASTEGGIO	1	0	5500	44019	117643	236	-9	0.07	0.11	44500	
06/10/2011 13:11:06	TASTEGGIO	1	0	5500	44019	73194	225	-2	0.08	0.08	0	
06/10/2011 13:11:17	TASTEGGIO	1	0	5500	44019	117647	225	-2	0.05	0.08	44500	
06/10/2011 13:13:09	TASTEGGIO	1	0	5500	44019	117774	225	-2	0.46	0.46	0	
06/10/2011 13:13:34	TASTEGGIO	1	0	5500	44019	117785	271	-26	0.27	0.27	0	
06/10/2011 13:13:56	TASTEGGIO	0	1	5500	44019	117785	286	-40	0.13	0.13	0	
06/10/2011 13:14:03	TASTEGGIO	0	1	5500	44019	117771	286	-40	0.13	0.19	-44500	
06/10/2011 13:14:28	TASTEGGIO	1	0	5500	44019	162145	236	-20	0.03	0.03	0	
06/10/2011 13:14:38	TASTEGGIO	1	0	5500	44019	117767	236	-20	0.06	0.09	44500	
06/10/2011 13:15:03	TASTEGGIO	1	0	5500	44019	73313	223	-8	0.03	0.03	0	
06/10/2011 13:15:13	TASTEGGIO	1	0	5500	44019	117644	223	-8	0.13	0.13	0	
06/10/2011 13:15:36	TASTEGGIO	1	0	5500	44019	117641	228	-26	0.14	0.14	0	
06/10/2011 13:15:58	TASTEGGIO	0	1	5500	44019	117641	212	-6	0.09	0.09	0	
06/10/2011 13:16:19	TASTEGGIO	0	2	5500	44019	117641	220	-10	0.08	0.08	0	
06/10/2011 13:16:26	TASTEGGIO	0	2	5500	44019	117647	220	-10	0.07	0.12	24500	
06/10/2011 13:16:51	TASTEGGIO	1	0	5500	44019	93176	227	-13	0.05	0.05	0	
06/10/2011 13:17:00	TASTEGGIO	1	0	5500	44019	117648	227	-13	0.06	0.06	0	
06/10/2011 13:18:51	TASTEGGIO	1	0	5500	44019	117776	227	-13	0.24	0.34	44500	
06/10/2011 13:19:16	TASTEGGIO	1	0	5500	44019	73316	255	-13	0.24	0.24	0	
06/10/2011 13:19:38	TASTEGGIO	0	1	5500	44019	73296	271	-10	0.21	0.21	0	
06/10/2011 13:19:59	TASTEGGIO	0	2	5500	44019	73291	307	-30	0.11	0.11	0	
06/10/2011 13:20:10	TASTEGGIO	0	2	5500	44019	117646	307	-30	0.15	0.16	24500	
06/10/2011 13:20:35	TASTEGGIO	1	0	5500	44019	93181	232	-16	0.06	0.06	0	
06/10/2011 13:20:44	TASTEGGIO	1	0	5500	44019	117644	232	-16	0.04	0.07	44500	
06/10/2011 13:22:37	TASTEGGIO	1	0	5500	44019	117774	232	-16	0.21	0.33	-44500	
06/10/2011 13:23:01	TASTEGGIO	1	0	5500	44019	162163	254	-24	0.10	0.10	0	
06/10/2011 13:23:11	TASTEGGIO	1	0	5500	44019	117767	254	-24	0.12	0.12	0	
06/10/2011 13:23:34	TASTEGGIO	1	0	5500	44019	117781	227	-21	0.08	0.08	0	
06/10/2011 13:23:42	TASTEGGIO	1	0	5500	44019	117767	227	-21	0.08	0.16	44500	
06/10/2011 13:24:07	TASTEGGIO	1	0	5500	44019	73314	232	-8	0.07	0.07	0	
06/10/2011 13:24:17	TASTEGGIO	1	0	5500	44019	117645	232	-8	0.03	0.09	-44500	
06/10/2011 13:24:41	TASTEGGIO	1	0	5500	44019	162005	223	-11	0.07	0.07	0	
06/10/2011 13:24:51	TASTEGGIO	1	0	5500	44019	117757	223	-11	0.05	0.07	-24500	
06/10/2011 13:26:43	TASTEGGIO	1	0	5500	44019	117778	223	-11	0.12	0.12	0	
06/10/2011 13:27:07	TASTEGGIO	1	0	5500	44019	117794	227	-24	0.15	0.15	0	
06/10/2011 13:27:28	TASTEGGIO	0	1	5500	44019	117794	208	-21	0.25	0.25	0	
06/10/2011 13:27:49	TASTEGGIO	0	1	5500	44019	117793	166	-3	0.20	0.20	0	
06/10/2011 13:28:10	TASTEGGIO	0	2	5500	44019	117793	188	-3	0.17	0.17	0	
06/10/2011 13:28:31	TASTEGGIO	0	3	5500	44019	117793	231	-18	0.02	0.02	0	
06/10/2011 13:28:39	TASTEGGIO	0	3	5500	44019	117773	231	-18	0.03	0.06	44500	
06/10/2011 13:30:29	TASTEGGIO	0	3	5500	44019	117977	231	-18	0.03	0.19	-44500	
06/10/2011 13:30:54	TASTEGGIO	1	0	5500	44019	162366	236	-28	0.08	0.08	0	
06/10/2011 13:31:05	TASTEGGIO	1	0	5500	44019	117972	236	-28	0.14	0.14	0	
06/10/2011 13:31:28	TASTEGGIO	1	0	5500	44019	117985	229	-25	0.12	0.12	0	
06/10/2011 13:31:50	TASTEGGIO	0	1	5500	44019	117986	218	-25	0.12	0.12	0	
06/10/2011 13:32:10	TASTEGGIO	0	1	5500	44019	117985	206	-12	0.07	0.07	0	
06/10/2011 13:32:18	TASTEGGIO	0	1	5500	44019	117972	206	-12	0.08	0.08	44500	
06/10/2011 13:34:10	TASTEGGIO	0	1	5500	44019	117780	206	-12	0.30	0.30	0	
06/10/2011 13:34:34	TASTEGGIO	1	0	5500	44019	117792	250	-23	0.11	0.11	0	
06/10/2011 13:34:42	TASTEGGIO	1	0	5500	44019	117776	250	-23	0.12	0.13	24500	
06/10/2011 13:35:06	TASTEGGIO	1	0	5500	44019	93302	228	-13	0.05	0.05	0	
06/10/2011 13:35:16	TASTEGGIO	1	0	5500	44019	117649	228	-13	0.07	0.13	-44500	
06/10/2011 13:35:40	TASTEGGIO	1	0	5500	44019	162012	228	-21	0.06	0.06	0	
06/10/2011 13:35:50	TASTEGGIO	1	0	5500	44019	117761	228	-21	0.07	0.09	44500	
06/10/2011 13:36:15	TASTEGGIO	1	0	5500	44019	73310	223	-8	0.04	0.04	0	
06/10/2011 13:36:25	TASTEGGIO	1	0	5500	44019	117642	223	-8	0.05	0.05	24500	
06/10/2011 13:38:18	TASTEGGIO	1	0	5500	44019	117778	223	-8	0.43	0.43	0	
06/10/2011 13:38:42	TASTEGGIO	1	0	5500	44019	117790	267	-25	0.22	0.22	0	
06/10/2011 13:39:04	TASTEGGIO	0	1	5500	44019	117791	278	-34	0.11	0.11	0	
06/10/2011 13:39:12	TASTEGGIO	0	1	5500	44019	117774	278	-34	0.11	0.14	-44500	
06/10/2011 13:39:37	TASTEGGIO	1	0	5500	44019	162138	229	-21	0.10	0.10	0	
06/10/2011 13:39:57	TASTEGGIO	0	1	5500	44019	162155	221	-25	0.27	0.27	0	
06/10/2011 13:40:15	TASTEGGIO	0	1	5500	44019	162165	148	-2	0.23	0.23	0	
06/10/2011 13:40:33	TASTEGGIO	0	2	5500	44019	162168	187	-4	0.16	0.16	0	
06/10/2011 13:40:53	TASTEGGIO	0	3	5500	44019	162169	206	-5	0.14	0.14	0	
06/10/2011 13:41:13	TASTEGGIO	0	4	5500	44019	162171	255	-20	0.06	0.06	0	
06/10/2011 13:41:23	TASTEGGIO	0	4	5500	44019	117753	255	-20	0.14	0.15	44500	
06/10/2011 13:41:49	TASTEGGIO	1	0	5500	44019	73302	231	-7	0.06	0.06	0	
06/10/2011 13:41:59	TASTEGGIO	1	0	5500	44019	117644	231	-7	0.08	0.08	0	
06/10/2011 13:43:51	TASTEGGIO	1	0	5500	44019	117774	231	-7	0.16	0.25	44500	
06/10/2011 13:44:16	TASTEGGIO	1	0	5500	44019	73322	243	-11	0.13	0.13	0	
06/10/2011 13:44:26	TASTEGGIO	1	0	5500	44019	117645	243	-11	0.13	0.15	44500	
06/10/2011 13:44:50	TASTEGGIO	1	0	5500	44019	73191	231	0	0.11	0.11	0	
06/10/2011 13:45:00	TASTEGGIO	1	0	5500	44019	117642	231	0	0.12	0.12	44500	
06/10/2011 13:45:24	TASTEGGIO	1	0	5500	44019	73196	227	-1	0.09	0.09	0	
06/10/2011 13:45:45	TASTEGGIO	0	1	5500	44019	73179	233	-2	0.09	0.09	0	
06/10/2011 13:46:06	TASTEGGIO	0	2	5500	44019	73167	251	-5	0.07	0.07	0	
06/10/2011 13:46:16	TASTEGGIO	0	2	5500	44019	117642	251	-5	0.14	0.14	0	
06/10/2011 13:46:39	TASTEGGIO	1	0	5500	44019	117640	229	-25	0.10	0.10	0	
06/10/2011 13:47:00	TASTEGGIO	0	1	5500	44019	117640	221	-23	0.12	0.12	0	
06/10/2011 13:47:21	TASTEGGIO	0	1	5500	44019	117640	206	-10	0.07	0.07	0	
06/10/2011 13:47:29	TASTEGGIO	0	1	5500	44019	117650	206	-10	0.07	0.07	0	
06/10/2011 13:49:21	TASTEGGIO	0	1	5500	44018	117675	206	-10	0.12	0.12	0	
06/10/2011 13:49:44	TASTEGGIO	1	0	5500	44018	117681	227	-30	0.22	0.22	0	
06/10/2011 13:50:05	TASTEGGIO	0	1	5500	44018	117681	186	-17	0.26	0.26	0	
06/10/2011 13:50:27	TASTEGGIO	0	2	5500	44018	117684	247	-28	0.12	0.12	0	
06/10/2011 13:50:48	TASTEGGIO	0	1	5500	44018	117684	241	-29	0.16	0.16	0	
06/10/2011 13:51:08	TASTEGGIO	0	1	5500	44018	117684	219	-12	0.12	0.12	0	
06/10/2011 13:51:29	TASTEGGIO	0	2	5500	44018	117688	231	-14	0.04	0.04	0	
06/10/2011 13:51:36	TASTEGGIO	0	2	5500	44018	117671	231	-14	0.04	0.11	44500	
06/10/2011 13:52:01	TASTEGGIO	1	0	5500	44018	73218	225	-9	0.04	0.04	0	
06/10/2011 13:52:11	TASTEGGIO	1	0	5500	44018	117540	225	-9	0.03	0.05	44500	
06/10/2011 13:53:08	ALARM 17	proc 12 prog 10 step 47	LavoroTerminato
06/10/2011 15:55:29	TASTEGGIO	1	0	5500	44018	107949	225	-9	0.17	0.29	44500	
06/10/2011 15:55:55	TASTEGGIO	1	0	5500	44018	63522	249	-8	0.18	0.18	0	
06/10/2011 15:56:17	TASTEGGIO	0	1	5500	44018	63511	260	-7	0.12	0.12	0	
06/10/2011 15:56:27	TASTEGGIO	0	1	5500	44018	107917	260	-7	0.06	0.12	44500	
06/10/2011 15:56:53	TASTEGGIO	1	0	5500	44018	63474	227	0	0.12	0.12	0	
06/10/2011 15:57:16	TASTEGGIO	0	1	5500	44018	63462	239	-3	0.10	0.10	0	
06/10/2011 15:57:38	TASTEGGIO	0	2	5500	44018	63453	255	-2	0.09	0.09	0	
06/10/2011 15:58:01	TASTEGGIO	0	3	5500	44018	63439	279	-6	0.03	0.03	0	
06/10/2011 15:58:11	TASTEGGIO	0	3	5500	44018	107912	279	-6	0.01	0.04	-24500	
06/10/2011 16:00:02	TASTEGGIO	0	3	5500	44018	108187	279	-6	0.05	0.10	44500	
06/10/2011 16:00:28	TASTEGGIO	1	0	5500	44018	63727	224	-10	0.02	0.02	0	
06/10/2011 16:00:38	TASTEGGIO	1	0	5500	44018	108030	224	-10	0.10	0.10	0	
06/10/2011 16:01:03	TASTEGGIO	1	0	5500	44018	108027	224	-28	0.18	0.18	0	
06/10/2011 16:01:26	TASTEGGIO	0	1	5500	44018	108028	191	-17	0.20	0.20	0	
06/10/2011 16:01:49	TASTEGGIO	0	2	5500	44018	108028	235	-26	0.07	0.07	0	
06/10/2011 16:01:56	TASTEGGIO	0	2	5500	44018	108037	235	-26	0.07	0.12	44500	
06/10/2011 16:02:22	TASTEGGIO	1	0	5500	44018	63578	227	-2	0.07	0.07	0	
06/10/2011 16:02:33	TASTEGGIO	1	0	5500	44018	108013	227	-2	0.04	0.10	-44500	
06/10/2011 16:02:58	TASTEGGIO	1	0	5500	44018	152442	224	-25	0.12	0.12	0	
06/10/2011 16:03:20	TASTEGGIO	0	1	5500	44018	152446	209	-19	0.23	0.23	0	
06/10/2011 16:03:41	TASTEGGIO	0	1	5500	44018	152447	164	-8	0.21	0.21	0	
06/10/2011 16:04:03	TASTEGGIO	0	2	5500	44018	152449	202	-15	0.05	0.05	0	
06/10/2011 16:04:13	TASTEGGIO	0	2	5500	44018	108174	202	-15	0.06	0.06	0	
06/10/2011 16:06:04	TASTEGGIO	0	2	5500	44019	108100	202	-15	0.27	0.53	44500	
06/10/2011 16:06:30	TASTEGGIO	1	0	5500	44019	63636	280	-12	0.40	0.40	0	
06/10/2011 16:06:54	TASTEGGIO	0	1	5500	44019	63622	310	-12	0.26	0.26	0	
06/10/2011 16:07:16	TASTEGGIO	0	2	5500	44019	63621	333	-21	0.08	0.08	0	
06/10/2011 16:07:27	TASTEGGIO	0	2	5500	44019	107925	333	-21	0.04	0.09	44500	
06/10/2011 16:07:52	TASTEGGIO	1	0	5500	44019	63471	223	1	0.08	0.08	0	
06/10/2011 16:08:03	TASTEGGIO	1	0	5500	44019	107918	223	1	0.03	0.09	44500	
06/10/2011 16:08:28	TASTEGGIO	1	0	5500	44019	63467	223	1	0.08	0.08	0	
06/10/2011 16:08:39	TASTEGGIO	1	0	5500	44019	107912	223	1	0.04	0.09	44500	
06/10/2011 16:09:04	TASTEGGIO	1	0	5500	44019	63457	223	0	0.08	0.08	0	
06/10/2011 16:09:15	TASTEGGIO	1	0	5500	44019	107911	223	0	0.04	0.09	44500	
06/10/2011 16:09:40	TASTEGGIO	1	0	5500	44019	63460	223	0	0.08	0.08	0	
06/10/2011 16:09:51	TASTEGGIO	1	0	5500	44019	107916	223	0	0.04	0.09	44500	
06/10/2011 16:10:16	TASTEGGIO	1	0	5500	44019	63467	223	1	0.08	0.08	0	
06/10/2011 16:10:27	TASTEGGIO	1	0	5500	44019	107914	223	1	0.03	0.10	44500	
06/10/2011 16:10:52	TASTEGGIO	1	0	5500	44019	63461	224	1	0.08	0.08	0	
06/10/2011 16:11:03	TASTEGGIO	1	0	5500	44019	107911	224	1	0.03	0.10	44500	
06/10/2011 16:11:28	TASTEGGIO	1	0	5500	44019	63460	224	3	0.07	0.07	0	
06/10/2011 16:11:39	TASTEGGIO	1	0	5500	44019	107910	224	3	0.04	0.10	44500	
06/10/2011 16:12:04	TASTEGGIO	1	0	5500	44019	63454	224	1	0.08	0.08	0	
06/10/2011 16:12:15	TASTEGGIO	1	0	5500	44019	107908	224	1	0.04	0.09	44500	
06/10/2011 16:12:40	TASTEGGIO	1	0	5500	44019	63454	223	1	0.07	0.07	0	
06/10/2011 16:12:51	TASTEGGIO	1	0	5500	44019	107907	223	1	0.03	0.10	44500	
06/10/2011 16:13:16	TASTEGGIO	1	0	5500	44019	63457	224	1	0.07	0.07	0	
06/10/2011 16:13:27	TASTEGGIO	1	0	5500	44019	107915	224	1	0.04	0.10	44500	
06/10/2011 16:13:52	TASTEGGIO	1	0	5500	44019	63462	224	0	0.07	0.07	0	
06/10/2011 16:14:02	TASTEGGIO	1	0	5500	44019	107915	224	0	0.03	0.09	44500	
06/10/2011 16:14:27	TASTEGGIO	1	0	5500	44019	63463	223	1	0.07	0.07	0	
06/10/2011 16:14:37	TASTEGGIO	1	0	5500	44019	107911	223	1	0.03	0.09	44500	
06/10/2011 16:15:03	TASTEGGIO	1	0	5500	44019	63456	223	1	0.07	0.07	0	
06/10/2011 16:15:13	TASTEGGIO	1	0	5500	44019	107914	223	1	0.04	0.09	44500	
06/10/2011 16:15:39	TASTEGGIO	1	0	5500	44019	63460	223	0	0.07	0.07	0	
06/10/2011 16:15:49	TASTEGGIO	1	0	5500	44019	107907	223	0	0.04	0.09	44500	
06/10/2011 16:16:14	TASTEGGIO	1	0	5500	44019	63458	223	1	0.07	0.07	0	
06/10/2011 16:16:25	TASTEGGIO	1	0	5500	44019	107914	223	1	0.03	0.09	44500	
06/10/2011 16:16:50	TASTEGGIO	1	0	5500	44019	63463	223	1	0.07	0.07	0	
06/10/2011 16:17:01	TASTEGGIO	1	0	5500	44019	107908	223	1	0.03	0.09	44500	
06/10/2011 16:17:26	TASTEGGIO	1	0	5500	44019	63455	223	0	0.07	0.07	0	
06/10/2011 16:17:37	TASTEGGIO	1	0	5500	44019	107912	223	0	0.04	0.09	44500	
06/10/2011 16:18:02	TASTEGGIO	1	0	5500	44019	63458	223	1	0.09	0.09	0	
06/10/2011 16:18:13	TASTEGGIO	1	0	5500	44019	107908	223	1	0.03	0.09	44500	
06/10/2011 16:20:04	TASTEGGIO	1	0	5500	44018	108190	223	1	0.24	0.60	44500	
06/10/2011 16:20:29	TASTEGGIO	1	0	5500	44018	63715	289	-14	0.46	0.46	0	
06/10/2011 16:20:52	TASTEGGIO	0	1	5500	44018	63708	324	-17	0.28	0.28	0	
06/10/2011 16:21:14	TASTEGGIO	0	2	5500	44018	63708	348	-23	0.06	0.06	0	
06/10/2011 16:21:25	TASTEGGIO	0	2	5500	44018	108028	348	-23	0.12	0.21	-44500	
06/10/2011 16:21:52	TASTEGGIO	1	0	5500	44018	152472	238	-28	0.07	0.07	0	
06/10/2011 16:22:02	TASTEGGIO	1	0	5500	44018	108189	238	-28	0.11	0.18	44500	
06/10/2011 16:22:28	TASTEGGIO	1	0	5500	44018	63717	234	-1	0.16	0.16	0	
06/10/2011 16:22:50	TASTEGGIO	0	1	5500	44018	63710	248	-1	0.16	0.16	0	
06/10/2011 16:23:13	TASTEGGIO	0	2	5500	44018	63707	280	-3	0.14	0.14	0	
06/10/2011 16:23:23	TASTEGGIO	0	2	5500	44018	108022	280	-3	0.07	0.14	44500	
06/10/2011 16:23:49	TASTEGGIO	1	0	5500	44018	63565	229	0	0.14	0.14	0	
06/10/2011 16:24:12	TASTEGGIO	0	1	5500	44018	63553	243	0	0.13	0.13	0	
06/10/2011 16:24:35	TASTEGGIO	0	2	5500	44018	63547	267	-1	0.13	0.13	0	
06/10/2011 16:24:57	TASTEGGIO	0	3	5500	44018	63547	306	-8	0.08	0.08	0	
06/10/2011 16:25:07	TASTEGGIO	0	3	5500	44018	108007	306	-8	0.03	0.10	44500	
06/10/2011 16:25:33	TASTEGGIO	1	0	5500	44018	63555	224	-1	0.08	0.08	0	
06/10/2011 16:25:43	TASTEGGIO	1	0	5500	44018	108003	224	-1	0.03	0.09	44500	
06/10/2011 16:26:09	TASTEGGIO	1	0	5500	44018	63551	223	0	0.08	0.08	0	
06/10/2011 16:26:19	TASTEGGIO	1	0	5500	44018	108014	223	0	0.04	0.09	44500	
06/10/2011 16:26:45	TASTEGGIO	1	0	5500	44018	63565	223	1	0.09	0.09	0	
06/10/2011 16:27:06	TASTEGGIO	0	1	5500	44018	63552	232	-2	0.08	0.08	0	
06/10/2011 16:27:16	TASTEGGIO	0	1	5500	44018	108009	232	-2	0.04	0.09	44500	
06/10/2011 16:27:42	TASTEGGIO	1	0	5500	44018	63562	223	1	0.10	0.10	0	
06/10/2011 16:28:04	TASTEGGIO	0	1	5500	44018	63549	234	0	0.07	0.07	0	
06/10/2011 16:28:15	TASTEGGIO	0	1	5500	44018	108013	234	0	0.05	0.10	-24500	
06/10/2011 16:28:41	TASTEGGIO	1	0	5500	44018	132494	224	-31	0.17	0.17	0	
06/10/2011 16:29:03	TASTEGGIO	0	1	5500	44018	132494	195	-16	0.02	0.02	0	
06/10/2011 16:29:13	TASTEGGIO	0	1	5500	44018	108177	195	-16	0.04	0.13	44500	
06/10/2011 16:29:39	TASTEGGIO	1	0	5500	44018	63715	228	-1	0.12	0.12	0	
06/10/2011 16:30:00	TASTEGGIO	0	1	5500	44018	63705	239	0	0.12	0.12	0	
06/10/2011 16:30:22	TASTEGGIO	0	2	5500	44018	63697	263	-1	0.11	0.11	0	
06/10/2011 16:30:44	TASTEGGIO	0	3	5500	44018	63693	293	-6	0.05	0.05	0	
06/10/2011 16:30:54	TASTEGGIO	0	3	5500	44018	108015	293	-6	0.01	0.07	44500	
06/10/2011 16:32:45	TASTEGGIO	0	3	5500	44018	108111	293	-6	0.28	0.58	44500	
06/10/2011 16:33:11	TASTEGGIO	1	0	5500	44018	63633	286	-12	0.46	0.46	0	
06/10/2011 16:33:33	TASTEGGIO	0	1	5500	44018	63633	322	-16	0.29	0.29	0	
06/10/2011 16:33:56	TASTEGGIO	0	2	5500	44018	63633	347	-24	0.07	0.07	0	
06/10/2011 16:34:06	TASTEGGIO	0	2	5500	44018	107934	347	-24	0.07	0.10	-24500	
06/10/2011 16:34:33	TASTEGGIO	1	0	5500	44018	132411	224	-26	0.14	0.14	0	
06/10/2011 16:34:55	TASTEGGIO	0	1	5500	44018	132415	204	-22	0.21	0.21	0	
06/10/2011 16:35:17	TASTEGGIO	0	1	5500	44018	132415	172	-8	0.12	0.12	0	
06/10/2011 16:35:38	TASTEGGIO	0	2	5500	44018	132415	181	-4	0.08	0.08	0	
06/10/2011 16:35:48	TASTEGGIO	0	2	5500	44018	108105	181	-4	0.09	0.15	44500	
06/10/2011 16:36:13	TASTEGGIO	1	0	5500	44018	63630	231	0	0.12	0.12	0	
06/10/2011 16:36:23	TASTEGGIO	1	0	5500	44018	107924	231	0	0.07	0.12	44500	
06/10/2011 16:36:49	TASTEGGIO	1	0	5500	44018	63465	227	0	0.12	0.12	0	
06/10/2011 16:37:10	TASTEGGIO	0	1	5500	44018	63455	239	0	0.12	0.12	0	
06/10/2011 16:37:33	TASTEGGIO	0	2	5500	44018	63446	263	-3	0.09	0.09	0	
06/10/2011 16:37:55	TASTEGGIO	0	3	5500	44018	63444	274	-1	0.09	0.09	0	
06/10/2011 16:38:18	TASTEGGIO	0	4	5500	44018	63444	310	-14	0.07	0.07	0	
06/10/2011 16:38:29	TASTEGGIO	0	4	5500	44018	107907	310	-14	0.06	0.09	24500	
06/10/2011 16:38:55	TASTEGGIO	1	0	5500	44018	83468	223	-18	0.07	0.07	0	
06/10/2011 16:39:04	TASTEGGIO	1	0	5500	44018	107907	223	-18	0.13	0.13	0	
06/10/2011 16:39:29	TASTEGGIO	1	0	5500	44018	107905	228	-24	0.09	0.09	0	
06/10/2011 16:39:37	TASTEGGIO	1	0	5500	44018	107915	228	-24	0.09	0.12	24500	
06/10/2011 16:40:04	TASTEGGIO	1	0	5500	44018	83470	227	-12	0.06	0.06	0	
06/10/2011 16:40:13	TASTEGGIO	1	0	5500	44018	107910	227	-12	0.07	0.07	24500	
06/10/2011 16:41:11	ALARM 17	proc 12 prog 10 step 47	LavoroTerminato
06/10/2011 16:43:14	ALARM 406		
07/10/2011 07:29:16	ALARM 401		
07/10/2011 07:29:18	INIT OK
07/10/2011 07:33:56	TASTEGGIO	0	0	5500	44018	108095	0	0	0.06	0.11	-44500	
07/10/2011 07:34:22	TASTEGGIO	1	0	5500	44018	152575	227	-25	0.10	0.10	0	
07/10/2011 07:34:45	TASTEGGIO	0	1	5500	44018	152576	217	-23	0.12	0.12	0	
07/10/2011 07:35:07	TASTEGGIO	0	1	5500	44018	152576	202	-11	0.04	0.04	0	
07/10/2011 07:35:17	TASTEGGIO	0	1	5500	44018	108100	202	-11	0.05	0.09	44500	
07/10/2011 07:35:43	TASTEGGIO	1	0	5500	44018	63639	222	-9	0.02	0.02	0	
07/10/2011 07:35:54	TASTEGGIO	1	0	5500	44018	107913	222	-9	0.06	0.06	24500	
07/10/2011 07:37:43	TASTEGGIO	1	0	5500	44018	108093	222	-9	0.08	0.17	44500	
07/10/2011 07:38:10	TASTEGGIO	1	0	5500	44018	63629	242	-13	0.06	0.06	0	
07/10/2011 07:38:20	TASTEGGIO	1	0	5500	44018	107917	242	-13	0.02	0.09	-44500	
07/10/2011 07:38:47	TASTEGGIO	1	0	5500	44018	152361	222	-24	0.13	0.13	0	
07/10/2011 07:39:09	TASTEGGIO	0	1	5500	44018	152368	203	-13	0.22	0.22	0	
07/10/2011 07:39:32	TASTEGGIO	0	2	5500	44018	152373	277	-55	0.30	0.30	0	
07/10/2011 07:39:54	TASTEGGIO	0	1	5500	44018	152377	236	-18	0.12	0.12	0	
07/10/2011 07:40:16	TASTEGGIO	0	0	5500	44018	152379	230	-9	0.03	0.03	0	
07/10/2011 07:40:27	TASTEGGIO	0	0	5500	44018	108095	230	-9	0.01	0.06	44500	
07/10/2011 07:42:17	TASTEGGIO	0	0	5500	44018	108102	230	-9	0.15	0.27	44500	
07/10/2011 07:42:44	TASTEGGIO	1	0	5500	44018	63637	268	-17	0.11	0.11	0	
07/10/2011 07:42:54	TASTEGGIO	1	0	5500	44018	107929	268	-17	0.03	0.12	24500	
07/10/2011 07:43:20	TASTEGGIO	1	0	5500	44018	83488	230	-21	0.10	0.10	0	
07/10/2011 07:43:42	TASTEGGIO	0	1	5500	44018	83470	221	-16	0.17	0.17	0	
07/10/2011 07:44:03	TASTEGGIO	0	1	5500	44018	83455	192	-8	0.16	0.16	0	
07/10/2011 07:44:24	TASTEGGIO	0	2	5500	44018	83444	222	-17	0.02	0.02	0	
07/10/2011 07:44:34	TASTEGGIO	0	2	5500	44018	107915	222	-17	0.05	0.06	44500	
07/10/2011 07:46:24	TASTEGGIO	0	2	5500	44018	108103	222	-17	0.15	0.25	24500	
07/10/2011 07:46:51	TASTEGGIO	1	0	5500	44018	83650	263	-25	0.03	0.03	0	
07/10/2011 07:47:00	TASTEGGIO	1	0	5500	44018	107931	263	-25	0.06	0.06	0	
07/10/2011 07:48:51	TASTEGGIO	1	0	5500	44018	108207	263	-25	0.07	0.11	24500	
07/10/2011 07:49:17	TASTEGGIO	1	0	5500	44018	83750	227	-16	0.05	0.05	0	
07/10/2011 07:49:26	TASTEGGIO	1	0	5500	44018	108031	227	-16	0.05	0.07	-44500	
07/10/2011 07:51:17	TASTEGGIO	1	0	5500	44018	108101	227	-16	0.13	0.25	44500	
07/10/2011 07:51:43	TASTEGGIO	1	0	5500	44018	63636	263	-12	0.13	0.13	0	
07/10/2011 07:51:53	TASTEGGIO	1	0	5500	44018	107914	263	-12	0.05	0.13	44500	
07/10/2011 07:52:19	TASTEGGIO	1	0	5500	44018	63467	232	-2	0.11	0.11	0	
07/10/2011 07:52:42	TASTEGGIO	0	1	5500	44018	63454	241	-1	0.11	0.11	0	
07/10/2011 07:53:05	TASTEGGIO	0	2	5500	44018	63442	263	-4	0.07	0.07	0	
07/10/2011 07:53:15	TASTEGGIO	0	2	5500	44018	107914	263	-4	0.01	0.09	-44500	
07/10/2011 07:53:42	TASTEGGIO	1	0	5500	44018	152351	222	-22	0.11	0.11	0	
07/10/2011 07:54:04	TASTEGGIO	0	1	5500	44018	152363	208	-18	0.07	0.07	0	
07/10/2011 07:54:14	TASTEGGIO	0	1	5500	44018	108091	208	-18	0.06	0.11	44500	
07/10/2011 07:54:40	TASTEGGIO	1	0	5500	44018	63630	227	0	0.09	0.09	0	
07/10/2011 07:55:01	TASTEGGIO	0	1	5500	44018	63619	234	-1	0.08	0.08	0	
07/10/2011 07:55:11	TASTEGGIO	0	1	5500	44018	107920	234	-1	0.04	0.09	44500	
07/10/2011 07:55:36	TASTEGGIO	1	0	5500	44018	63470	222	1	0.09	0.09	0	
07/10/2011 07:55:58	TASTEGGIO	0	1	5500	44018	63457	231	0	0.08	0.08	0	
07/10/2011 07:56:08	TASTEGGIO	0	1	5500	44018	107913	231	0	0.05	0.09	44500	
07/10/2011 07:56:34	TASTEGGIO	1	0	5500	44018	63465	222	0	0.08	0.08	0	
07/10/2011 07:56:44	TASTEGGIO	1	0	5500	44018	107909	222	0	0.06	0.10	44500	
07/10/2011 07:57:10	TASTEGGIO	1	0	5500	44018	63458	225	0	0.08	0.08	0	
07/10/2011 07:57:20	TASTEGGIO	1	0	5500	44018	107906	225	0	0.04	0.09	44500	
07/10/2011 07:57:46	TASTEGGIO	1	0	5500	44018	63454	222	0	0.08	0.08	0	
07/10/2011 07:57:56	TASTEGGIO	1	0	5500	44018	107908	222	0	0.04	0.09	44500	
07/10/2011 07:58:22	TASTEGGIO	1	0	5500	44018	63458	222	-1	0.09	0.09	0	
07/10/2011 07:58:44	TASTEGGIO	0	1	5500	44018	63447	231	-1	0.08	0.08	0	
07/10/2011 07:58:54	TASTEGGIO	0	1	5500	44018	107909	231	-1	0.04	0.09	44500	
07/10/2011 07:59:20	TASTEGGIO	1	0	5500	44018	63458	222	0	0.08	0.08	0	
07/10/2011 07:59:30	TASTEGGIO	1	0	5500	44018	107909	222	0	0.04	0.09	44500	
07/10/2011 07:59:56	TASTEGGIO	1	0	5500	44018	63461	222	1	0.08	0.08	0	
07/10/2011 08:00:06	TASTEGGIO	1	0	5500	44018	107905	222	1	0.09	0.09	44500	
07/10/2011 08:00:32	TASTEGGIO	1	0	5500	44018	63457	222	0	0.08	0.08	0	
07/10/2011 08:00:42	TASTEGGIO	1	0	5500	44018	107902	222	0	0.04	0.09	44500	
07/10/2011 08:01:07	TASTEGGIO	1	0	5500	44018	63452	222	0	0.08	0.08	0	
07/10/2011 08:01:17	TASTEGGIO	1	0	5500	44018	107912	222	0	0.04	0.09	44500	
07/10/2011 08:01:43	TASTEGGIO	1	0	5500	44018	63464	222	0	0.08	0.08	0	
07/10/2011 08:01:53	TASTEGGIO	1	0	5500	44018	107904	222	0	0.04	0.08	44500	
07/10/2011 08:03:44	TASTEGGIO	1	0	5500	44019	108218	222	0	0.21	0.26	44500	
07/10/2011 08:04:10	TASTEGGIO	1	0	5500	44019	63745	265	-12	0.15	0.15	0	
07/10/2011 08:04:33	TASTEGGIO	0	1	5500	44019	63740	273	-5	0.11	0.11	0	
07/10/2011 08:04:44	TASTEGGIO	0	1	5500	44019	108027	273	-5	0.15	0.15	24500	
07/10/2011 08:05:10	TASTEGGIO	1	0	5500	44019	83583	237	-14	0.02	0.02	0	
07/10/2011 08:05:19	TASTEGGIO	1	0	5500	44019	108004	237	-14	0.04	0.07	44500	
07/10/2011 08:07:08	TASTEGGIO	1	0	5500	44019	108111	237	-14	0.10	0.14	-44500	
07/10/2011 08:07:36	TASTEGGIO	1	0	5500	44019	152549	235	-27	0.11	0.11	0	
07/10/2011 08:07:59	TASTEGGIO	0	1	5500	44019	152557	226	-25	0.29	0.29	0	
07/10/2011 08:08:20	TASTEGGIO	0	1	5500	44019	152561	149	-5	0.23	0.23	0	
07/10/2011 08:08:41	TASTEGGIO	0	2	5500	44019	152563	174	-3	0.18	0.18	0	
07/10/2011 08:09:03	TASTEGGIO	0	3	5500	44019	152564	198	-7	0.16	0.16	0	
07/10/2011 08:09:26	TASTEGGIO	0	4	5500	44019	152564	254	-23	0.07	0.07	0	
07/10/2011 08:09:36	TASTEGGIO	0	4	5500	44019	108123	254	-23	0.07	0.09	24500	
07/10/2011 08:10:02	TASTEGGIO	1	0	5500	44019	83666	222	-13	0.04	0.04	0	
07/10/2011 08:10:11	TASTEGGIO	1	0	5500	44019	107928	222	-13	0.03	0.12	-44500	
07/10/2011 08:10:39	TASTEGGIO	1	0	5500	44019	152373	230	-18	0.07	0.07	0	
07/10/2011 08:10:49	TASTEGGIO	1	0	5500	44019	108111	230	-18	0.08	0.08	0	
07/10/2011 08:12:40	TASTEGGIO	1	0	5500	44019	108111	230	-18	0.07	0.17	-44500	
07/10/2011 08:13:07	TASTEGGIO	1	0	5500	44019	152545	242	-30	0.12	0.12	0	
07/10/2011 08:13:17	TASTEGGIO	1	0	5500	44019	108123	242	-30	0.15	0.15	0	
07/10/2011 08:13:42	TASTEGGIO	1	0	5500	44019	108126	237	-27	0.13	0.13	0	
07/10/2011 08:13:50	TASTEGGIO	1	0	5500	44019	108117	237	-27	0.13	0.20	24500	
07/10/2011 08:14:16	TASTEGGIO	1	0	5500	44019	83661	250	-19	0.06	0.06	0	
07/10/2011 08:14:26	TASTEGGIO	1	0	5500	44019	107931	250	-19	0.08	0.08	24500	
07/10/2011 08:16:16	TASTEGGIO	1	0	5500	44019	108216	250	-19	0.15	0.18	-44500	
07/10/2011 08:16:44	TASTEGGIO	1	0	5500	44019	152657	245	-32	0.11	0.11	0	
07/10/2011 08:16:54	TASTEGGIO	1	0	5500	44019	108222	245	-32	0.18	0.22	24500	
07/10/2011 08:17:20	TASTEGGIO	1	0	5500	44019	83767	255	-23	0.04	0.04	0	
07/10/2011 08:17:29	TASTEGGIO	1	0	5500	44019	108040	255	-23	0.06	0.10	-44500	
07/10/2011 08:17:56	TASTEGGIO	1	0	5500	44019	152486	225	-26	0.15	0.15	0	
07/10/2011 08:18:18	TASTEGGIO	0	1	5500	44019	152493	202	-11	0.03	0.03	0	
07/10/2011 08:18:28	TASTEGGIO	0	1	5500	44019	108206	202	-11	0.06	0.11	44500	
07/10/2011 08:18:54	TASTEGGIO	1	0	5500	44019	63737	227	-8	0.07	0.07	0	
07/10/2011 08:19:04	TASTEGGIO	1	0	5500	44019	108033	227	-8	0.08	0.08	0	
07/10/2011 08:20:55	TASTEGGIO	1	0	5500	44019	108095	227	-8	0.14	0.23	44500	
07/10/2011 08:21:21	TASTEGGIO	1	0	5500	44019	63617	257	-13	0.13	0.13	0	
07/10/2011 08:21:32	TASTEGGIO	1	0	5500	44019	107919	257	-13	0.05	0.12	44500	
07/10/2011 08:21:58	TASTEGGIO	1	0	5500	44019	63469	230	-2	0.10	0.10	0	
07/10/2011 08:22:20	TASTEGGIO	0	1	5500	44019	63456	238	-1	0.08	0.08	0	
07/10/2011 08:22:30	TASTEGGIO	0	1	5500	44019	107914	238	-1	0.03	0.08	44500	
07/10/2011 08:24:21	TASTEGGIO	0	1	5500	44019	108291	238	-1	0.11	0.18	44500	
07/10/2011 08:24:47	TASTEGGIO	1	0	5500	44019	63819	245	-14	0.03	0.03	0	
07/10/2011 08:24:57	TASTEGGIO	1	0	5500	44019	108125	245	-14	0.02	0.08	-44500	
07/10/2011 08:26:48	TASTEGGIO	1	0	5500	44019	108108	245	-14	0.13	0.20	44500	
07/10/2011 08:27:15	TASTEGGIO	1	0	5500	44019	63631	250	-12	0.10	0.10	0	
07/10/2011 08:27:25	TASTEGGIO	1	0	5500	44019	107930	250	-12	0.07	0.11	44500	
07/10/2011 08:27:51	TASTEGGIO	1	0	5500	44019	63470	227	-1	0.07	0.07	0	
07/10/2011 08:28:01	TASTEGGIO	1	0	5500	44019	107914	227	-1	0.07	0.08	44500	
07/10/2011 08:29:50	TASTEGGIO	1	0	5500	44019	108216	227	-1	0.21	0.29	44500	
07/10/2011 08:30:16	TASTEGGIO	1	0	5500	44019	63737	273	-17	0.13	0.13	0	
07/10/2011 08:30:26	TASTEGGIO	1	0	5500	44019	108030	273	-17	0.10	0.13	44500	
07/10/2011 08:30:52	TASTEGGIO	1	0	5500	44019	63576	232	-3	0.11	0.11	0	
07/10/2011 08:31:15	TASTEGGIO	0	1	5500	44019	63569	241	-2	0.10	0.10	0	
07/10/2011 08:31:38	TASTEGGIO	0	2	5500	44019	63553	259	-2	0.07	0.07	0	
07/10/2011 08:31:48	TASTEGGIO	0	2	5500	44019	108011	259	-2	0.06	0.12	-44500	
07/10/2011 08:32:14	TASTEGGIO	1	0	5500	44019	152451	230	-28	0.15	0.15	0	
07/10/2011 08:32:37	TASTEGGIO	0	1	5500	44019	152454	211	-23	0.21	0.21	0	
07/10/2011 08:32:58	TASTEGGIO	0	1	5500	44019	152458	181	-13	0.08	0.08	0	
07/10/2011 08:33:09	TASTEGGIO	0	1	5500	44019	108195	181	-13	0.07	0.09	-44500	
07/10/2011 08:33:35	TASTEGGIO	1	0	5500	44019	152627	222	-21	0.12	0.12	0	
07/10/2011 08:33:58	TASTEGGIO	0	1	5500	44019	152635	206	-13	0.04	0.04	0	
07/10/2011 08:34:08	TASTEGGIO	0	1	5500	44019	108213	206	-13	0.07	0.07	24500	
07/10/2011 08:35:59	TASTEGGIO	0	1	5500	44019	108219	206	-13	0.11	0.24	-44500	
07/10/2011 08:36:26	TASTEGGIO	1	0	5500	44019	152666	260	-33	0.08	0.08	0	
07/10/2011 08:36:36	TASTEGGIO	1	0	5500	44019	108226	260	-33	0.22	0.32	44500	
07/10/2011 08:37:03	TASTEGGIO	1	0	5500	44019	63747	280	-13	0.18	0.18	0	
07/10/2011 08:37:25	TASTEGGIO	0	1	5500	44019	63746	290	-7	0.10	0.10	0	
07/10/2011 08:37:35	TASTEGGIO	0	1	5500	44019	108032	290	-7	0.06	0.09	44500	
07/10/2011 08:38:01	TASTEGGIO	1	0	5500	44019	63576	222	0	0.10	0.10	0	
07/10/2011 08:38:22	TASTEGGIO	0	1	5500	44019	63567	233	-1	0.09	0.09	0	
07/10/2011 08:38:45	TASTEGGIO	0	2	5500	44019	63557	249	-3	0.06	0.06	0	
07/10/2011 08:38:55	TASTEGGIO	0	2	5500	44019	108014	249	-3	0.04	0.08	24500	
07/10/2011 08:40:44	TASTEGGIO	0	2	5500	44019	108127	249	-3	0.19	0.30	44500	
07/10/2011 08:41:10	TASTEGGIO	1	0	5500	44019	63650	275	-16	0.15	0.15	0	
07/10/2011 08:41:32	TASTEGGIO	0	0	5500	44019	63650	237	-4	0.13	0.13	0	
07/10/2011 08:41:42	TASTEGGIO	0	0	5500	44019	107929	237	-4	0.12	0.14	44500	
07/10/2011 08:42:08	TASTEGGIO	1	0	5500	44019	63471	235	-1	0.13	0.13	0	
07/10/2011 08:42:30	TASTEGGIO	0	1	5500	44019	63460	247	-1	0.12	0.12	0	
07/10/2011 08:42:53	TASTEGGIO	0	2	5500	44019	63453	269	-3	0.10	0.10	0	
07/10/2011 08:43:15	TASTEGGIO	0	3	5500	44019	63452	293	-13	0.03	0.03	0	
07/10/2011 08:43:26	TASTEGGIO	0	3	5500	44019	107905	293	-13	0.05	0.06	24500	
07/10/2011 08:45:16	TASTEGGIO	0	3	5500	44019	108220	293	-13	0.18	0.24	24500	
07/10/2011 08:45:43	TASTEGGIO	1	0	5500	44019	83759	260	-23	0.01	0.01	0	
07/10/2011 08:45:52	TASTEGGIO	1	0	5500	44019	108038	260	-23	0.03	0.05	44500	
07/10/2011 08:47:43	TASTEGGIO	1	0	5500	44019	108221	260	-23	0.13	0.36	44500	
07/10/2011 08:48:10	TASTEGGIO	1	0	5500	44019	63743	290	-18	0.17	0.17	0	
07/10/2011 08:48:33	TASTEGGIO	0	0	5500	44019	63741	242	0	0.17	0.17	0	
07/10/2011 08:48:54	TASTEGGIO	0	1	5500	44019	63741	259	-1	0.16	0.16	0	
07/10/2011 08:49:17	TASTEGGIO	0	2	5500	44019	63740	289	-6	0.10	0.10	0	
07/10/2011 08:49:28	TASTEGGIO	0	2	5500	44019	108025	289	-6	0.04	0.12	44500	
07/10/2011 08:49:53	TASTEGGIO	1	0	5500	44019	63582	230	0	0.10	0.10	0	
07/10/2011 08:50:15	TASTEGGIO	0	1	5500	44019	63565	238	-1	0.10	0.10	0	
07/10/2011 08:50:37	TASTEGGIO	0	2	5500	44019	63550	258	0	0.11	0.11	0	
07/10/2011 08:51:01	TASTEGGIO	0	3	5500	44019	63543	294	-5	0.04	0.04	0	
07/10/2011 08:51:11	TASTEGGIO	0	3	5500	44019	108005	294	-5	0.08	0.08	24500	
07/10/2011 08:51:38	TASTEGGIO	1	0	5500	44019	83559	220	-17	0.07	0.07	0	
07/10/2011 08:51:47	TASTEGGIO	1	0	5500	44019	108003	220	-17	0.06	0.18	44500	
07/10/2011 08:52:14	TASTEGGIO	1	0	5500	44019	63557	245	-1	0.16	0.16	0	
07/10/2011 08:52:37	TASTEGGIO	0	1	5500	44019	63546	259	0	0.16	0.16	0	
07/10/2011 08:53:00	TASTEGGIO	0	2	5500	44019	63526	291	-2	0.14	0.14	0	
07/10/2011 08:53:10	TASTEGGIO	0	2	5500	44019	108003	291	-2	0.05	0.16	44500	
07/10/2011 08:53:37	TASTEGGIO	1	0	5500	44019	63555	240	1	0.15	0.15	0	
07/10/2011 08:53:59	TASTEGGIO	0	1	5500	44019	63545	254	-1	0.14	0.14	0	
07/10/2011 08:54:10	TASTEGGIO	0	1	5500	44019	108007	254	-1	0.04	0.16	44500	
07/10/2011 08:54:36	TASTEGGIO	1	0	5500	44019	63572	240	1	0.14	0.14	0	
07/10/2011 08:54:46	TASTEGGIO	1	0	5500	44019	108004	240	1	0.04	0.15	44500	
07/10/2011 08:55:12	TASTEGGIO	1	0	5500	44019	63561	237	1	0.16	0.16	0	
07/10/2011 08:55:35	TASTEGGIO	0	1	5500	44019	63550	254	0	0.14	0.14	0	
07/10/2011 08:55:45	TASTEGGIO	0	1	5500	44019	108005	254	0	0.04	0.16	44500	
07/10/2011 08:56:12	TASTEGGIO	1	0	5500	44019	63565	240	0	0.16	0.16	0	
07/10/2011 08:56:34	TASTEGGIO	0	1	5500	44019	63551	256	0	0.13	0.13	0	
07/10/2011 08:56:45	TASTEGGIO	0	1	5500	44019	108007	256	0	0.04	0.16	44500	
07/10/2011 08:57:11	TASTEGGIO	1	0	5500	44019	63560	240	0	0.13	0.13	0	
07/10/2011 08:57:21	TASTEGGIO	1	0	5500	44019	108003	240	0	0.04	0.15	44500	
07/10/2011 08:57:47	TASTEGGIO	1	0	5500	44019	63561	237	1	0.13	0.13	0	
07/10/2011 08:57:57	TASTEGGIO	1	0	5500	44019	108000	237	1	0.04	0.15	44500	
07/10/2011 08:58:23	TASTEGGIO	1	0	5500	44019	63560	237	1	0.14	0.14	0	
07/10/2011 08:58:34	TASTEGGIO	1	0	5500	44019	108003	237	1	0.04	0.16	44500	
07/10/2011 08:59:00	TASTEGGIO	1	0	5500	44019	63558	240	0	0.14	0.14	0	
07/10/2011 08:59:10	TASTEGGIO	1	0	5500	44019	108006	240	0	0.03	0.15	44500	
07/10/2011 08:59:36	TASTEGGIO	1	0	5500	44019	63567	237	1	0.14	0.14	0	
07/10/2011 08:59:46	TASTEGGIO	1	0	5500	44019	108007	237	1	0.03	0.16	44500	
07/10/2011 09:00:13	TASTEGGIO	1	0	5500	44019	63565	240	2	0.13	0.13	0	
07/10/2011 09:00:23	TASTEGGIO	1	0	5500	44019	108003	240	2	0.04	0.15	44500	
07/10/2011 09:00:49	TASTEGGIO	1	0	5500	44019	63564	237	1	0.13	0.13	0	
07/10/2011 09:00:59	TASTEGGIO	1	0	5500	44019	108003	237	1	0.04	0.15	44500	
07/10/2011 09:01:24	TASTEGGIO	1	0	5500	44019	63569	237	1	0.14	0.14	0	
07/10/2011 09:01:34	TASTEGGIO	1	0	5500	44019	108007	237	1	0.03	0.14	44500	
07/10/2011 09:02:00	TASTEGGIO	1	0	5500	44019	63569	235	0	0.14	0.14	0	
07/10/2011 09:02:23	TASTEGGIO	0	1	5500	44019	63558	249	0	0.13	0.13	0	
07/10/2011 09:02:46	TASTEGGIO	0	2	5500	44019	63545	273	0	0.13	0.13	0	
07/10/2011 09:03:09	TASTEGGIO	0	3	5500	44019	63527	312	-5	0.09	0.09	0	
07/10/2011 09:03:32	TASTEGGIO	0	4	5500	44019	63527	324	-11	0.02	0.02	0	
07/10/2011 09:03:42	TASTEGGIO	0	4	5500	44019	108003	324	-11	0.09	0.10	24500	
07/10/2011 09:04:09	TASTEGGIO	1	0	5500	44019	83560	225	-7	0.04	0.04	0	
07/10/2011 09:04:18	TASTEGGIO	1	0	5500	44019	108006	225	-7	0.03	0.08	44500	
07/10/2011 09:04:45	TASTEGGIO	1	0	5500	44019	63560	220	0	0.05	0.05	0	
07/10/2011 09:04:55	TASTEGGIO	1	0	5500	44019	108007	220	0	0.07	0.07	0	
07/10/2011 09:06:46	TASTEGGIO	1	0	5500	44019	108215	220	0	0.10	0.22	44500	
07/10/2011 09:07:12	TASTEGGIO	1	0	5500	44019	63737	255	-11	0.11	0.11	0	
07/10/2011 09:07:22	TASTEGGIO	1	0	5500	44019	108031	255	-11	0.08	0.11	44500	
07/10/2011 09:07:48	TASTEGGIO	1	0	5500	44019	63577	227	-3	0.11	0.11	0	
07/10/2011 09:08:10	TASTEGGIO	0	1	5500	44019	63565	238	-2	0.08	0.08	0	
07/10/2011 09:08:32	TASTEGGIO	0	2	5500	44019	63558	246	-1	0.08	0.08	0	
07/10/2011 09:08:54	TASTEGGIO	0	3	5500	44019	63550	270	-5	0.03	0.03	0	
07/10/2011 09:09:04	TASTEGGIO	0	3	5500	44019	108008	270	-5	0.09	0.09	0	
07/10/2011 09:09:29	TASTEGGIO	1	0	5500	44019	108006	222	-23	0.15	0.15	0	
07/10/2011 09:09:52	TASTEGGIO	0	1	5500	44019	108007	196	-16	0.02	0.02	0	
07/10/2011 09:09:59	TASTEGGIO	0	1	5500	44019	108019	196	-16	0.02	0.07	-24500	
07/10/2011 09:11:50	TASTEGGIO	0	1	5500	44019	108110	196	-16	0.06	0.07	44500	
07/10/2011 09:13:39	TASTEGGIO	0	1	5500	44019	108214	196	-16	0.04	0.16	-44500	
07/10/2011 09:14:06	TASTEGGIO	1	0	5500	44019	152657	240	-36	0.17	0.17	0	
07/10/2011 09:14:28	TASTEGGIO	0	1	5500	44019	152671	221	-30	0.13	0.13	0	
07/10/2011 09:14:38	TASTEGGIO	0	1	5500	44019	108221	221	-30	0.09	0.14	-44500	
07/10/2011 09:15:06	TASTEGGIO	1	0	5500	44019	152649	235	-29	0.17	0.17	0	
07/10/2011 09:15:28	TASTEGGIO	0	1	5500	44019	152657	214	-20	0.05	0.05	0	
07/10/2011 09:15:38	TASTEGGIO	0	1	5500	44019	108219	214	-20	0.14	0.14	0	
07/10/2011 09:16:03	TASTEGGIO	1	0	5500	44019	108222	235	-35	0.20	0.20	0	
07/10/2011 09:16:26	TASTEGGIO	0	1	5500	44019	108223	206	-25	0.06	0.06	0	
07/10/2011 09:16:33	TASTEGGIO	0	1	5500	44019	108216	206	-25	0.05	0.05	-44500	
07/10/2011 09:18:24	TASTEGGIO	0	1	5500	44019	108217	206	-25	0.13	0.13	0	
07/10/2011 09:18:49	TASTEGGIO	1	0	5500	44019	108222	232	-35	0.19	0.19	0	
07/10/2011 09:19:12	TASTEGGIO	0	1	5500	44019	108222	204	-27	0.29	0.29	0	
07/10/2011 09:19:33	TASTEGGIO	0	1	5500	44019	108227	159	-7	0.21	0.21	0	
07/10/2011 09:19:55	TASTEGGIO	0	2	5500	44019	108227	180	-5	0.15	0.15	0	
07/10/2011 09:20:17	TASTEGGIO	0	3	5500	44019	108227	198	-6	0.09	0.09	0	
07/10/2011 09:20:40	TASTEGGIO	0	4	5500	44019	108229	208	-7	0.05	0.05	0	
07/10/2011 09:20:48	TASTEGGIO	0	4	5500	44019	108216	208	-7	0.05	0.07	24500	
07/10/2011 09:22:39	TASTEGGIO	0	4	5500	44019	108219	208	-7	0.12	0.16	-44500	
07/10/2011 09:23:05	TASTEGGIO	1	0	5500	44019	152652	240	-33	0.15	0.15	0	
07/10/2011 09:23:27	TASTEGGIO	0	1	5500	44019	152661	225	-30	0.15	0.15	0	
07/10/2011 09:23:49	TASTEGGIO	0	1	5500	44019	152665	210	-14	0.04	0.04	0	
07/10/2011 09:24:00	TASTEGGIO	0	1	5500	44019	108223	210	-14	0.07	0.11	44500	
07/10/2011 09:24:25	TASTEGGIO	1	0	5500	44019	63742	227	-10	0.03	0.03	0	
07/10/2011 09:24:36	TASTEGGIO	1	0	5500	44019	108035	227	-10	0.05	0.06	-44500	
07/10/2011 09:26:26	TASTEGGIO	1	0	5500	44018	108221	227	-10	0.14	0.14	0	
07/10/2011 09:26:51	TASTEGGIO	1	0	5500	44018	108232	235	-34	0.19	0.19	0	
07/10/2011 09:27:13	TASTEGGIO	0	1	5500	44018	108232	209	-24	0.10	0.10	0	
07/10/2011 09:27:35	TASTEGGIO	0	1	5500	44018	108232	203	-19	0.09	0.09	0	
07/10/2011 09:27:57	TASTEGGIO	0	1	5500	44018	108232	194	-15	0.07	0.07	0	
07/10/2011 09:28:05	TASTEGGIO	0	1	5500	44018	108221	194	-15	0.08	0.11	-44500	
07/10/2011 09:28:32	TASTEGGIO	1	0	5500	44018	152651	227	-30	0.16	0.16	0	
07/10/2011 09:28:55	TASTEGGIO	0	1	5500	44018	152664	203	-20	0.07	0.07	0	
07/10/2011 09:29:05	TASTEGGIO	0	1	5500	44018	108227	203	-20	0.07	0.11	44500	
07/10/2011 09:29:31	TASTEGGIO	1	0	5500	44018	63746	227	-11	0.03	0.03	0	
07/10/2011 09:29:41	TASTEGGIO	1	0	5500	44018	108034	227	-11	0.02	0.04	-44500	
07/10/2011 09:31:32	TASTEGGIO	1	0	5500	44018	108096	227	-11	0.15	0.26	44500	
07/10/2011 09:31:58	TASTEGGIO	1	0	5500	44018	63617	265	-13	0.12	0.12	0	
07/10/2011 09:32:09	TASTEGGIO	1	0	5500	44018	107926	265	-13	0.09	0.12	44500	
07/10/2011 09:32:35	TASTEGGIO	1	0	5500	44018	63469	230	0	0.11	0.11	0	
07/10/2011 09:32:57	TASTEGGIO	0	1	5500	44018	63462	240	-1	0.11	0.11	0	
07/10/2011 09:33:19	TASTEGGIO	0	2	5500	44018	63453	262	-5	0.06	0.06	0	
07/10/2011 09:33:29	TASTEGGIO	0	2	5500	44018	107907	262	-5	0.06	0.09	-44500	
07/10/2011 09:33:55	TASTEGGIO	1	0	5500	44018	152351	222	-21	0.11	0.11	0	
07/10/2011 09:34:17	TASTEGGIO	0	1	5500	44018	152358	208	-19	0.07	0.07	0	
07/10/2011 09:34:27	TASTEGGIO	0	1	5500	44018	108093	208	-19	0.04	0.08	-44500	
07/10/2011 09:34:54	TASTEGGIO	1	0	5500	44018	152521	220	-13	0.05	0.05	0	
07/10/2011 09:35:05	TASTEGGIO	1	0	5500	44018	108119	220	-13	0.09	0.09	0	
07/10/2011 09:35:30	TASTEGGIO	1	0	5500	44018	108124	222	-22	0.11	0.11	0	
07/10/2011 09:35:52	TASTEGGIO	0	1	5500	44018	108124	208	-19	0.14	0.14	0	
07/10/2011 09:36:14	TASTEGGIO	0	1	5500	44018	108124	190	-11	0.04	0.04	0	
07/10/2011 09:36:22	TASTEGGIO	0	1	5500	44018	108115	190	-11	0.04	0.08	44500	
07/10/2011 09:36:48	TASTEGGIO	1	0	5500	44018	63639	220	-2	0.06	0.06	0	
07/10/2011 09:36:59	TASTEGGIO	1	0	5500	44018	107931	220	-2	0.01	0.08	44500	
07/10/2011 09:37:25	TASTEGGIO	1	0	5500	44018	63472	220	1	0.06	0.06	0	
07/10/2011 09:37:35	TASTEGGIO	1	0	5500	44018	107921	220	1	0.02	0.06	44500	
07/10/2011 09:39:25	TASTEGGIO	1	0	5500	44018	108297	220	1	0.11	0.15	44500	
07/10/2011 09:39:52	TASTEGGIO	1	0	5500	44018	63821	237	-15	0.03	0.03	0	
07/10/2011 09:40:02	TASTEGGIO	1	0	5500	44018	108131	237	-15	0.02	0.08	-44500	
07/10/2011 09:40:29	TASTEGGIO	1	0	5500	44018	152559	220	-30	0.20	0.20	0	
07/10/2011 09:40:51	TASTEGGIO	0	1	5500	44018	152565	170	-13	0.09	0.09	0	
07/10/2011 09:41:13	TASTEGGIO	0	0	5500	44018	152567	222	-24	0.13	0.13	0	
07/10/2011 09:41:35	TASTEGGIO	0	1	5500	44018	152568	203	-10	0.05	0.05	0	
07/10/2011 09:41:45	TASTEGGIO	0	1	5500	44018	108278	203	-10	0.03	0.06	-44500	
07/10/2011 09:43:36	TASTEGGIO	0	1	5500	44019	108215	203	-10	0.06	0.12	44500	
07/10/2011 09:44:02	TASTEGGIO	1	0	5500	44019	63737	230	-12	0.05	0.05	0	
07/10/2011 09:44:12	TASTEGGIO	1	0	5500	44019	108031	230	-12	0.04	0.10	-44500	
07/10/2011 09:44:40	TASTEGGIO	1	0	5500	44019	152471	225	-30	0.16	0.16	0	
07/10/2011 09:45:01	TASTEGGIO	0	1	5500	44019	152476	199	-18	0.05	0.05	0	
07/10/2011 09:45:11	TASTEGGIO	0	1	5500	44019	108203	199	-18	0.04	0.06	-24500	
07/10/2011 09:47:01	TASTEGGIO	0	1	5500	44018	108289	199	-18	0.03	0.07	-44500	
07/10/2011 09:48:52	TASTEGGIO	0	1	5500	44019	108097	199	-18	0.14	0.31	44500	
07/10/2011 09:49:18	TASTEGGIO	1	0	5500	44019	63631	278	-15	0.15	0.15	0	
07/10/2011 09:49:39	TASTEGGIO	0	0	5500	44019	63624	237	-2	0.14	0.14	0	
07/10/2011 09:49:50	TASTEGGIO	0	0	5500	44019	107929	237	-2	0.01	0.14	44500	
07/10/2011 09:50:16	TASTEGGIO	1	0	5500	44019	63468	235	5	0.14	0.14	0	
07/10/2011 09:50:37	TASTEGGIO	0	1	5500	44019	63458	249	-1	0.13	0.13	0	
07/10/2011 09:51:01	TASTEGGIO	0	2	5500	44019	63452	273	-4	0.09	0.09	0	
07/10/2011 09:51:24	TASTEGGIO	0	3	5500	44019	63451	283	-5	0.05	0.05	0	
07/10/2011 09:51:34	TASTEGGIO	0	3	5500	44019	107910	283	-5	0.03	0.07	44500	
07/10/2011 09:52:32	ALARM 17	proc 12 prog 10 step 47	LavoroTerminato
