05/03/2012 13:34:03	ALARM 401		
05/03/2012 13:34:07	ALARM 401		
05/03/2012 13:34:33	TASTEGGIO	0	8	13000	73420	144747	620	-32	2.05	2.28	24500	
05/03/2012 13:34:54	TASTEGGIO	0	8	13000	73420	120280	620	-32	2.31	2.31	0	
05/03/2012 13:35:44	TASTEGGIO	1	0	13000	73420	120278	650	-8	2.22	2.22	0	
05/03/2012 13:36:34	TASTEGGIO	0	1	13000	73420	120279	650	-4	2.18	2.18	0	
05/03/2012 13:37:22	TASTEGGIO	0	2	13000	73420	120279	650	-2	2.15	2.15	0	
05/03/2012 13:37:25	ALARM 401		
05/03/2012 13:37:27	ALARM 401		
05/03/2012 13:37:28	ALARM 401		
05/03/2012 13:38:38	ALARM 318	proc 12 prog 51 step 54	go_abs inv_ax 9
05/03/2012 13:40:31	TASTEGGIO	0	2	13000	73420	144800	650	-2	0.88	1.03	24500	
05/03/2012 13:41:07	TASTEGGIO	1	0	13000	73420	120332	400	-57	0.52	0.52	0	
05/03/2012 13:41:40	TASTEGGIO	0	1	13000	73420	120331	400	-46	0.06	0.06	0	
05/03/2012 13:41:51	TASTEGGIO	0	1	13000	73420	144770	400	-46	0.06	0.54	-44500	
05/03/2012 13:42:28	TASTEGGIO	1	0	13000	73420	189266	327	-48	0.27	0.27	0	
05/03/2012 13:43:00	TASTEGGIO	0	0	13000	73420	189271	259	-19	0.44	0.44	0	
05/03/2012 13:43:32	TASTEGGIO	0	1	13000	73420	189271	330	-46	0.04	0.04	0	
05/03/2012 13:43:43	TASTEGGIO	0	1	13000	73420	144860	330	-46	0.48	0.48	0	
05/03/2012 13:44:17	TASTEGGIO	1	0	13000	73420	144885	312	-34	0.25	0.25	0	
05/03/2012 13:44:49	TASTEGGIO	0	1	13000	73420	144886	325	-46	0.26	0.26	0	
05/03/2012 13:45:19	TASTEGGIO	0	1	13000	73420	144886	297	-45	0.33	0.33	0	
05/03/2012 13:45:48	TASTEGGIO	0	1	13000	73420	144886	255	-9	0.23	0.23	0	
05/03/2012 13:46:19	TASTEGGIO	0	2	13000	73420	144886	277	-4	0.19	0.19	0	
05/03/2012 13:46:50	TASTEGGIO	0	3	13000	73420	144886	324	-16	0.06	0.06	0	
05/03/2012 13:47:00	TASTEGGIO	0	3	13000	73420	144857	324	-16	0.06	0.31	-44500	
05/03/2012 13:47:33	TASTEGGIO	1	0	13000	73420	189340	269	-3	0.27	0.27	0	
05/03/2012 13:48:04	TASTEGGIO	0	1	13000	73420	189352	292	-12	0.16	0.16	0	
05/03/2012 13:48:34	TASTEGGIO	0	2	13000	73420	189359	305	-8	0.09	0.09	0	
05/03/2012 13:48:46	TASTEGGIO	0	2	13000	73420	144869	305	-8	0.21	0.21	82800	
05/03/2012 13:49:18	TASTEGGIO	1	0	13000	73420	62103	244	-6	0.16	0.16	0	
05/03/2012 13:49:45	TASTEGGIO	0	1	13000	73420	62103	256	-3	0.12	0.12	0	
05/03/2012 13:49:57	TASTEGGIO	0	1	13000	73420	144771	256	-3	0.26	0.28	44500	
05/03/2012 13:50:32	TASTEGGIO	1	0	13000	73420	100300	262	-10	0.22	0.22	0	
05/03/2012 13:51:01	TASTEGGIO	0	1	13000	73420	100299	279	-11	0.10	0.10	0	
05/03/2012 13:51:13	TASTEGGIO	0	1	13000	73420	144768	279	-11	0.13	0.25	82800	
05/03/2012 13:51:46	TASTEGGIO	1	0	13000	73420	61995	254	-1	0.22	0.22	0	
05/03/2012 13:52:13	TASTEGGIO	0	1	13000	73420	61995	273	0	0.21	0.21	0	
05/03/2012 13:52:43	TASTEGGIO	0	2	13000	73420	61994	313	-5	0.16	0.16	0	
05/03/2012 13:53:13	TASTEGGIO	0	3	13000	73420	61994	334	-5	0.11	0.11	0	
05/03/2012 13:53:25	TASTEGGIO	0	3	13000	73420	144771	334	-5	0.20	0.21	44500	
05/03/2012 13:54:00	TASTEGGIO	1	0	13000	73420	100300	244	-1	0.21	0.21	0	
05/03/2012 13:54:28	TASTEGGIO	0	1	13000	73420	100299	265	0	0.20	0.20	0	
05/03/2012 13:54:57	TASTEGGIO	0	2	13000	73420	100298	303	-6	0.13	0.13	0	
05/03/2012 13:55:09	TASTEGGIO	0	2	13000	73420	144769	303	-6	0.14	0.18	82800	
05/03/2012 13:55:42	TASTEGGIO	1	0	13000	73420	61997	237	0	0.16	0.16	0	
05/03/2012 13:56:07	TASTEGGIO	0	1	13000	73420	61996	251	0	0.16	0.16	0	
05/03/2012 13:56:36	TASTEGGIO	0	2	13000	73420	61996	283	0	0.16	0.16	0	
05/03/2012 13:57:07	TASTEGGIO	0	3	13000	73420	61995	331	-1	0.14	0.14	0	
05/03/2012 13:57:19	TASTEGGIO	0	3	13000	73420	144769	331	-1	0.15	0.16	82800	
05/03/2012 13:58:14	ALARM 318	proc 2 prog 51 step 54	go_abs inv_ax 9
05/03/2012 14:28:58	TASTEGGIO	0	3	13000	73424	144794	331	-1	0.79	0.89	-44500	
05/03/2012 14:29:32	TASTEGGIO	1	0	13000	73424	189303	400	-59	0.49	0.49	0	
05/03/2012 14:30:04	TASTEGGIO	0	1	13000	73424	189302	400	-64	0.15	0.15	0	
05/03/2012 14:30:39	TASTEGGIO	0	1	13000	73424	189307	395	-105	0.87	0.87	0	
05/03/2012 14:30:59	TASTEGGIO	0	1	13000	73424	189307	0	0	0.85	0.85	0	
05/03/2012 14:31:23	TASTEGGIO	0	2	13000	73424	189307	166	-3	0.80	0.80	0	
05/03/2012 14:31:53	TASTEGGIO	0	3	13000	73424	189307	391	-23	0.54	0.54	0	
05/03/2012 14:32:25	TASTEGGIO	0	4	13000	73424	189307	400	-10	0.43	0.43	0	
05/03/2012 14:33:00	TASTEGGIO	0	5	13000	73424	189307	400	-4	0.39	0.39	0	
05/03/2012 14:33:35	TASTEGGIO	0	6	13000	73424	189307	400	-3	0.35	0.35	0	
05/03/2012 14:34:08	TASTEGGIO	0	7	13000	73424	189307	400	-2	0.31	0.31	0	
05/03/2012 14:34:09	ALARM 401		
05/03/2012 14:34:11	ALARM 401		
05/03/2012 14:34:12	ALARM 401		
05/03/2012 14:34:31	TASTEGGIO	0	7	13000	73423	144865	400	-2	0.34	0.43	-82000	
05/03/2012 14:35:06	TASTEGGIO	1	0	13000	73423	226844	300	-19	0.29	0.29	0	
05/03/2012 14:35:36	TASTEGGIO	0	1	13000	73423	226851	319	-19	0.11	0.11	0	
05/03/2012 14:35:49	TASTEGGIO	0	1	13000	73423	144876	319	-19	0.13	0.26	44500	
05/03/2012 14:36:22	TASTEGGIO	1	0	13000	73423	100409	257	-14	0.15	0.15	0	
05/03/2012 14:36:50	TASTEGGIO	0	1	13000	73423	100409	265	-15	0.03	0.03	0	
05/03/2012 14:37:02	TASTEGGIO	0	1	13000	73423	144769	265	-15	0.06	0.17	82800	
05/03/2012 14:37:33	TASTEGGIO	1	0	13000	73423	61995	234	-3	0.12	0.12	0	
05/03/2012 14:37:45	TASTEGGIO	1	0	13000	73423	144764	234	-3	0.07	0.15	-44500	
05/03/2012 14:38:47	ALARM 17	proc 12 prog 10 step 47	LavoroTerminato
05/03/2012 14:39:09	ALARM 406		
05/03/2012 14:53:49	ALARM 401		
05/03/2012 14:53:51	INIT OK
05/03/2012 15:02:38	TASTEGGIO	0	0	13000	73420	144798	0	0	0.21	0.34	-44500	
05/03/2012 15:03:12	TASTEGGIO	1	0	13000	73420	189312	277	-30	0.15	0.15	0	
05/03/2012 15:03:41	TASTEGGIO	0	0	13000	73420	189315	229	-15	0.02	0.02	0	
05/03/2012 15:03:52	TASTEGGIO	0	0	13000	73420	144849	229	-15	0.23	0.34	44500	
05/03/2012 15:04:27	TASTEGGIO	1	0	13000	73420	100384	277	-19	0.18	0.18	0	
05/03/2012 15:04:56	TASTEGGIO	0	1	13000	73420	100383	286	-18	0.02	0.02	0	
05/03/2012 15:05:08	TASTEGGIO	0	1	13000	73420	144755	286	-18	0.04	0.23	-82000	
05/03/2012 15:05:43	TASTEGGIO	1	0	13000	73420	226733	249	-12	0.13	0.13	0	
05/03/2012 15:05:56	TASTEGGIO	1	0	13000	73420	144846	249	-12	0.05	0.14	-82000	
05/03/2012 15:06:30	TASTEGGIO	1	0	13000	73420	226824	227	-4	0.08	0.08	0	
05/03/2012 15:06:42	TASTEGGIO	1	0	13000	73420	144851	227	-4	0.07	0.10	44500	
05/03/2012 15:06:47	ALARM 401		
05/03/2012 15:06:55	ALARM 201		err.6058
05/03/2012 15:07:09	TASTEGGIO	1	0	13000	73420	144795	227	-4	0.07	0.10	44500	
05/03/2012 15:09:01	TASTEGGIO	1	0	13000	73420	144699	227	-4	0.20	0.23	82800	
05/03/2012 15:09:32	TASTEGGIO	1	0	13000	73420	61933	249	-8	0.17	0.17	0	
05/03/2012 15:09:58	TASTEGGIO	0	1	13000	73420	61932	261	-4	0.11	0.11	0	
05/03/2012 15:10:11	TASTEGGIO	0	1	13000	73420	144664	261	-4	0.18	0.18	0	
05/03/2012 15:10:43	TASTEGGIO	1	0	13000	73420	144683	237	-33	0.12	0.12	0	
05/03/2012 15:10:52	TASTEGGIO	1	0	13000	73420	144687	237	-33	0.12	0.17	-44500	
05/03/2012 15:11:27	TASTEGGIO	1	0	13000	73420	189173	234	-32	0.16	0.16	0	
05/03/2012 15:11:55	TASTEGGIO	0	1	13000	73420	189179	218	-20	0.03	0.03	0	
05/03/2012 15:12:07	TASTEGGIO	0	1	13000	73420	144752	218	-20	0.02	0.13	82800	
05/03/2012 15:12:37	TASTEGGIO	1	0	13000	73420	61981	224	-1	0.11	0.11	0	
05/03/2012 15:13:03	TASTEGGIO	0	1	13000	73420	61981	233	0	0.10	0.10	0	
05/03/2012 15:13:15	TASTEGGIO	0	1	13000	73420	144664	233	0	0.01	0.14	-82000	
05/03/2012 15:13:49	TASTEGGIO	1	0	13000	73420	226646	227	-15	0.04	0.04	0	
05/03/2012 15:14:02	TASTEGGIO	1	0	13000	73420	144770	227	-15	0.08	0.16	-44500	
05/03/2012 15:14:37	TASTEGGIO	1	0	13000	73420	189254	232	-24	0.13	0.13	0	
05/03/2012 15:14:49	TASTEGGIO	1	0	13000	73420	144741	232	-24	0.14	0.16	82800	
05/03/2012 15:15:21	TASTEGGIO	1	0	13000	73420	61973	232	-1	0.15	0.15	0	
05/03/2012 15:15:46	TASTEGGIO	0	1	13000	73420	61973	246	0	0.14	0.14	0	
05/03/2012 15:15:59	TASTEGGIO	0	1	13000	73420	144662	246	0	0.13	0.15	82800	
05/03/2012 15:16:30	TASTEGGIO	1	0	13000	73420	61895	229	0	0.14	0.14	0	
05/03/2012 15:16:43	TASTEGGIO	1	0	13000	73420	144664	229	0	0.13	0.15	82800	
05/03/2012 15:17:14	TASTEGGIO	1	0	13000	73420	61898	229	0	0.14	0.14	0	
05/03/2012 15:17:26	TASTEGGIO	1	0	13000	73420	144665	229	0	0.12	0.14	82800	
05/03/2012 15:18:21	ALARM 318	proc 2 prog 51 step 54	go_abs inv_ax 9
05/03/2012 15:21:15	TASTEGGIO	1	0	13000	73424	144897	229	0	0.24	0.32	24500	
05/03/2012 15:21:48	TASTEGGIO	1	0	13000	73424	120427	272	-26	0.15	0.15	0	
05/03/2012 15:22:17	TASTEGGIO	0	0	13000	73424	120426	229	-14	0.05	0.05	0	
05/03/2012 15:22:28	TASTEGGIO	0	0	13000	73424	144866	229	-14	0.17	0.22	-82000	
05/03/2012 15:23:01	TASTEGGIO	1	0	13000	73424	226838	247	-12	0.12	0.12	0	
05/03/2012 15:23:14	TASTEGGIO	1	0	13000	73424	144948	247	-12	0.11	0.12	-82000	
05/03/2012 15:23:48	TASTEGGIO	1	0	13000	73424	226930	222	-2	0.09	0.09	0	
05/03/2012 15:24:00	TASTEGGIO	1	0	13000	73424	144946	222	-2	0.09	0.12	44500	
05/03/2012 15:24:31	TASTEGGIO	1	0	13000	73424	100476	222	-8	0.04	0.04	0	
05/03/2012 15:24:42	TASTEGGIO	1	0	13000	73424	144856	222	-8	0.14	0.14	0	
05/03/2012 15:25:13	TASTEGGIO	1	0	13000	73424	144871	227	-23	0.08	0.08	0	
05/03/2012 15:25:22	TASTEGGIO	1	0	13000	73424	144877	227	-23	0.08	0.22	24500	
05/03/2012 15:25:56	TASTEGGIO	1	0	13000	73424	120404	247	-6	0.16	0.16	0	
05/03/2012 15:26:25	TASTEGGIO	0	1	13000	73424	120403	258	-5	0.10	0.10	0	
05/03/2012 15:26:36	TASTEGGIO	0	1	13000	73424	144866	258	-5	0.03	0.10	24500	
05/03/2012 15:27:26	ALARM 13	proc 2 prog 51 step 45	Tondo non in posizione di scarico
05/03/2012 15:29:51	TASTEGGIO	0	1	13000	73420	144704	258	-5	0.43	0.43	0	
05/03/2012 15:30:23	TASTEGGIO	1	0	13000	73420	144731	300	-40	0.06	0.06	0	
05/03/2012 15:30:32	TASTEGGIO	1	0	13000	73420	144727	300	-40	0.07	0.14	-44500	
05/03/2012 15:31:04	TASTEGGIO	1	0	13000	73420	189208	227	-23	0.13	0.13	0	
05/03/2012 15:31:32	TASTEGGIO	0	1	13000	73420	189208	214	-13	0.01	0.01	0	
05/03/2012 15:31:43	TASTEGGIO	0	1	13000	73420	144758	214	-13	0.10	0.13	-82000	
05/03/2012 15:32:17	TASTEGGIO	1	0	13000	73420	226730	224	-10	0.05	0.05	0	
05/03/2012 15:32:30	TASTEGGIO	1	0	13000	73420	144747	224	-10	0.07	0.11	-24500	
05/03/2012 15:33:04	TASTEGGIO	1	0	13000	73420	169212	219	-25	0.14	0.14	0	
05/03/2012 15:33:32	TASTEGGIO	0	1	13000	73420	169214	201	-12	0.03	0.03	0	
05/03/2012 15:33:43	TASTEGGIO	0	1	13000	73420	144734	201	-12	0.06	0.13	24500	
05/03/2012 15:34:15	TASTEGGIO	1	0	13000	73420	120269	224	-16	0.08	0.08	0	
05/03/2012 15:34:26	TASTEGGIO	1	0	13000	73420	144661	224	-16	0.16	0.16	0	
05/03/2012 15:34:59	TASTEGGIO	1	0	13000	73420	144676	232	-22	0.04	0.04	0	
05/03/2012 15:35:08	TASTEGGIO	1	0	13000	73420	144682	232	-22	0.04	0.16	-44500	
05/03/2012 15:35:41	TASTEGGIO	1	0	13000	73420	189158	232	-15	0.10	0.10	0	
05/03/2012 15:35:52	TASTEGGIO	1	0	13000	73420	144748	232	-15	0.09	0.11	-82000	
05/03/2012 15:36:43	ALARM 13	proc 2 prog 51 step 45	Tondo non in posizione di scarico
05/03/2012 15:37:29	ALARM 318	proc 12 prog 134 step 6	go_abs inv_ax 9
05/03/2012 15:50:03	ALARM 318	proc 12 prog 134 step 6	go_abs inv_ax 9
05/03/2012 15:51:35	TASTEGGIO	1	0	13000	73420	144895	232	-15	0.15	0.17	-82000	
05/03/2012 15:52:08	TASTEGGIO	1	0	13000	73420	226880	234	-1	0.15	0.15	0	
05/03/2012 15:52:36	TASTEGGIO	0	1	13000	73420	226880	247	0	0.14	0.14	0	
05/03/2012 15:52:49	TASTEGGIO	0	1	13000	73420	144952	247	0	0.17	0.17	0	
05/03/2012 15:53:19	TASTEGGIO	1	0	13000	73420	144981	234	-14	0.04	0.04	0	
05/03/2012 15:53:27	TASTEGGIO	1	0	13000	73420	144958	234	-14	0.04	0.19	-82000	
05/03/2012 15:54:03	TASTEGGIO	1	0	13000	73420	226927	239	0	0.18	0.18	0	
05/03/2012 15:54:31	TASTEGGIO	0	1	13000	73420	226928	256	0	0.18	0.18	0	
05/03/2012 15:55:03	TASTEGGIO	0	2	13000	73420	226928	292	-2	0.15	0.15	0	
05/03/2012 15:55:36	TASTEGGIO	0	3	13000	73420	226928	329	-7	0.08	0.08	0	
05/03/2012 15:55:49	TASTEGGIO	0	3	13000	73420	144947	329	-7	0.11	0.11	0	
05/03/2012 15:56:19	TASTEGGIO	1	0	13000	73420	144976	219	-2	0.09	0.09	0	
05/03/2012 15:56:28	TASTEGGIO	1	0	13000	73420	144957	219	-2	0.09	0.11	82800	
05/03/2012 15:56:59	TASTEGGIO	1	0	13000	73420	62189	219	-3	0.09	0.09	0	
05/03/2012 15:57:12	TASTEGGIO	1	0	13000	73420	144871	219	-3	0.09	0.10	-82000	
05/03/2012 15:58:02	ALARM 13	proc 2 prog 51 step 45	Tondo non in posizione di scarico
05/03/2012 15:58:13	ALARM 318	proc 12 prog 134 step 6	go_abs inv_ax 9
05/03/2012 15:59:37	TASTEGGIO	1	0	13000	73420	144787	219	-3	0.76	0.79	44500	
05/03/2012 16:00:30	TASTEGGIO	1	0	13000	73420	100316	390	-120	1.93	1.93	0	
05/03/2012 16:00:48	TASTEGGIO	0	1	13000	73420	100315	0	0	1.92	1.92	0	
05/03/2012 16:01:14	TASTEGGIO	0	2	13000	73420	100318	382	-19	1.72	1.72	0	
05/03/2012 16:01:42	TASTEGGIO	0	3	13000	73420	100318	400	-9	1.63	1.63	0	
05/03/2012 16:02:13	TASTEGGIO	0	4	13000	73420	100318	400	-3	1.59	1.59	0	
05/03/2012 16:02:42	TASTEGGIO	0	5	13000	73420	100318	400	-1	1.56	1.56	0	
05/03/2012 16:03:12	TASTEGGIO	0	6	13000	73420	100318	400	0	1.55	1.55	0	
05/03/2012 16:03:40	TASTEGGIO	0	7	13000	73420	100318	400	0	1.54	1.54	0	
05/03/2012 16:03:41	ALARM 401		
05/03/2012 16:04:06	TASTEGGIO	0	7	13000	73420	144757	400	0	1.35	1.54	44500	
05/03/2012 16:04:48	TASTEGGIO	0	7	13000	73420	100281	479	-39	1.25	1.25	0	
05/03/2012 16:05:29	TASTEGGIO	0	7	13000	73420	144756	479	-30	0.88	0.95	44500	
05/03/2012 16:10:06	TASTEGGIO	0	7	13000	73420	100280	479	-20	0.79	0.79	0	
05/03/2012 16:10:50	TASTEGGIO	0	7	13000	73420	100280	479	-19	0.58	0.58	0	
05/03/2012 16:11:09	TASTEGGIO	0	7	13000	73420	144754	479	-19	0.60	0.62	-24500	
05/03/2012 16:12:06	TASTEGGIO	0	7	13000	73420	169225	479	-129	0.76	0.76	0	
05/03/2012 16:12:25	TASTEGGIO	0	7	13000	73420	144832	479	-129	0.66	0.73	-24500	
05/03/2012 16:13:02	TASTEGGIO	1	0	13000	73420	169317	375	-76	0.25	0.25	0	
05/03/2012 16:13:35	TASTEGGIO	0	1	13000	73420	169317	366	-87	0.62	0.62	0	
05/03/2012 16:14:02	TASTEGGIO	0	1	13000	73420	169325	212	-9	0.51	0.51	0	
05/03/2012 16:14:33	TASTEGGIO	0	2	13000	73420	169327	295	-13	0.37	0.37	0	
05/03/2012 16:15:03	TASTEGGIO	0	3	13000	73420	169327	341	-19	0.18	0.18	0	
05/03/2012 16:15:34	TASTEGGIO	0	0	13000	73420	169327	237	0	0.17	0.17	0	
05/03/2012 16:16:03	TASTEGGIO	0	1	13000	73420	169327	253	0	0.16	0.16	0	
05/03/2012 16:16:35	TASTEGGIO	0	2	13000	73420	169327	283	-1	0.16	0.16	0	
05/03/2012 16:17:07	TASTEGGIO	0	3	13000	73420	169327	331	-5	0.10	0.10	0	
05/03/2012 16:17:18	TASTEGGIO	0	3	13000	73420	144833	331	-5	0.13	0.26	44500	
05/03/2012 16:17:51	TASTEGGIO	1	0	13000	73420	100363	257	0	0.25	0.25	0	
05/03/2012 16:18:20	TASTEGGIO	0	1	13000	73420	100363	281	0	0.25	0.25	0	
05/03/2012 16:18:52	TASTEGGIO	0	2	13000	73420	100362	331	0	0.25	0.25	0	
05/03/2012 16:19:25	TASTEGGIO	0	3	13000	73420	100361	400	-2	0.23	0.23	0	
05/03/2012 16:20:00	TASTEGGIO	0	4	13000	73420	100361	400	-1	0.21	0.21	0	
05/03/2012 16:20:33	TASTEGGIO	0	5	13000	73420	100361	400	0	0.20	0.20	0	
05/03/2012 16:21:06	TASTEGGIO	0	6	13000	73420	100361	400	-1	0.20	0.20	0	
05/03/2012 16:21:09	ALARM 218	proc 12 prog 73 step 17	go_abs 5 cmd 11
05/03/2012 16:21:11	ALARM 401		
05/03/2012 16:21:12	ALARM 401		
05/03/2012 16:21:29	TASTEGGIO	0	6	13000	73420	144758	400	-1	0.10	0.21	44500	
05/03/2012 16:22:03	TASTEGGIO	1	0	13000	73420	100286	244	0	0.20	0.20	0	
05/03/2012 16:22:31	TASTEGGIO	0	1	13000	73420	100286	263	0	0.20	0.20	0	
05/03/2012 16:23:03	TASTEGGIO	0	2	13000	73420	100285	303	0	0.20	0.20	0	
05/03/2012 16:23:05	ALARM 401		
05/03/2012 16:23:17	TASTEGGIO	0	2	13000	73420	100285	303	0	0.20	0.20	0	
05/03/2012 16:23:57	TASTEGGIO	0	2	13000	73420	100285	417	-1	0.18	0.18	0	
05/03/2012 16:24:53	TASTEGGIO	0	2	13000	73420	100285	426	-9	0.10	0.10	0	
05/03/2012 16:25:16	TASTEGGIO	0	2	13000	73420	144763	426	-9	0.06	0.14	82800	
05/03/2012 16:25:48	TASTEGGIO	1	0	13000	73420	61990	227	-2	0.12	0.12	0	
05/03/2012 16:26:00	TASTEGGIO	1	0	13000	73420	144765	227	-2	0.07	0.12	82800	
05/03/2012 16:26:50	ALARM 13	proc 2 prog 51 step 45	Tondo non in posizione di scarico
05/03/2012 16:27:02	ALARM 318	proc 12 prog 134 step 6	go_abs inv_ax 9
05/03/2012 16:28:24	TASTEGGIO	1	0	13000	73420	144680	227	-2	0.27	0.27	0	
05/03/2012 16:28:56	TASTEGGIO	1	0	13000	73420	144701	259	-36	0.06	0.06	0	
05/03/2012 16:29:05	TASTEGGIO	1	0	13000	73420	144702	259	-36	0.06	0.27	44500	
05/03/2012 16:29:39	TASTEGGIO	1	0	13000	73420	100232	259	-18	0.15	0.15	0	
05/03/2012 16:30:08	TASTEGGIO	0	1	13000	73420	100232	267	-22	0.07	0.07	0	
05/03/2012 16:30:20	TASTEGGIO	0	1	13000	73420	144667	267	-22	0.20	0.20	0	
05/03/2012 16:30:53	TASTEGGIO	1	0	13000	73420	144684	242	-20	0.04	0.04	0	
05/03/2012 16:31:02	TASTEGGIO	1	0	13000	73420	144689	242	-20	0.04	0.15	82800	
05/03/2012 16:31:33	TASTEGGIO	1	0	13000	73420	61919	229	-3	0.12	0.12	0	
05/03/2012 16:31:46	TASTEGGIO	1	0	13000	73420	144666	229	-3	0.02	0.12	82800	
05/03/2012 16:32:44	ALARM 318	proc 12 prog 51 step 54	go_abs inv_ax 9
05/03/2012 16:34:30	ALARM 406		
06/03/2012 07:28:19	ALARM 401		
06/03/2012 07:28:21	INIT OK
06/03/2012 07:41:30	TASTEGGIO	0	0	13000	73420	144893	0	0	0.20	0.25	44500	
06/03/2012 07:42:01	TASTEGGIO	1	0	13000	73420	100441	254	-16	0.13	0.13	0	
06/03/2012 07:42:13	TASTEGGIO	1	0	13000	73420	144868	254	-16	0.08	0.13	-82000	
06/03/2012 07:42:45	TASTEGGIO	1	0	13000	73420	226828	224	-12	0.06	0.06	0	
06/03/2012 07:42:58	TASTEGGIO	1	0	13000	73420	144941	224	-12	0.10	0.17	44500	
06/03/2012 07:43:30	TASTEGGIO	1	0	13000	73420	100472	234	-8	0.10	0.10	0	
06/03/2012 07:43:41	TASTEGGIO	1	0	13000	73420	144840	234	-8	0.04	0.09	44500	
06/03/2012 07:44:31	ALARM 13	proc 2 prog 51 step 45	Tondo non in posizione di scarico
06/03/2012 07:46:01	ALARM 318	proc 12 prog 134 step 6	go_abs inv_ax 9
06/03/2012 07:47:26	TASTEGGIO	1	0	13000	73420	144798	234	-8	1.14	1.15	-24500	
06/03/2012 07:48:02	TASTEGGIO	1	0	13000	73420	169310	400	-86	0.52	0.52	0	
06/03/2012 07:48:32	TASTEGGIO	0	0	13000	73420	169312	322	-41	0.10	0.10	0	
06/03/2012 07:48:43	TASTEGGIO	0	0	13000	73420	144888	322	-41	0.17	0.22	-44500	
06/03/2012 07:49:17	TASTEGGIO	1	0	13000	73420	189384	247	-21	0.17	0.17	0	
06/03/2012 07:49:47	TASTEGGIO	0	1	13000	73420	189384	260	-48	0.40	0.40	0	
06/03/2012 07:50:13	TASTEGGIO	0	1	13000	73420	189390	165	-5	0.35	0.35	0	
06/03/2012 07:50:43	TASTEGGIO	0	2	13000	73420	189391	226	-6	0.29	0.29	0	
06/03/2012 07:51:15	TASTEGGIO	0	3	13000	73420	189391	298	-21	0.11	0.11	0	
06/03/2012 07:51:27	TASTEGGIO	0	3	13000	73420	144887	298	-21	0.14	0.20	-82000	
06/03/2012 07:52:02	TASTEGGIO	1	0	13000	73420	226848	242	-21	0.04	0.04	0	
06/03/2012 07:52:15	TASTEGGIO	1	0	13000	73420	144856	242	-21	0.25	0.31	-44500	
06/03/2012 07:52:48	TASTEGGIO	1	0	13000	73420	189349	269	-4	0.25	0.25	0	
06/03/2012 07:53:17	TASTEGGIO	0	1	13000	73420	189351	289	-3	0.22	0.22	0	
06/03/2012 07:53:47	TASTEGGIO	0	2	13000	73420	189352	327	-10	0.15	0.15	0	
06/03/2012 07:54:19	TASTEGGIO	0	3	13000	73420	189355	344	-65	0.51	0.51	0	
06/03/2012 07:54:44	TASTEGGIO	0	1	13000	73420	189355	170	-7	0.43	0.43	0	
06/03/2012 07:55:12	TASTEGGIO	0	2	13000	73420	189355	242	-10	0.30	0.30	0	
06/03/2012 07:55:43	TASTEGGIO	0	3	13000	73420	189355	278	-12	0.19	0.19	0	
06/03/2012 07:56:14	TASTEGGIO	0	4	13000	73420	189355	302	-14	0.12	0.12	0	
06/03/2012 07:56:26	TASTEGGIO	0	4	13000	73420	144849	302	-14	0.14	0.30	-24500	
06/03/2012 07:56:59	TASTEGGIO	1	0	13000	73420	169334	267	-30	0.10	0.10	0	
06/03/2012 07:57:10	TASTEGGIO	1	0	13000	73420	144847	267	-30	0.12	0.24	82800	
06/03/2012 07:57:42	TASTEGGIO	1	0	13000	73420	62074	252	-5	0.17	0.17	0	
06/03/2012 07:58:08	TASTEGGIO	0	1	13000	73420	62074	264	-3	0.14	0.14	0	
06/03/2012 07:58:21	TASTEGGIO	0	1	13000	73420	144761	264	-3	0.10	0.19	-44500	
06/03/2012 07:58:54	TASTEGGIO	1	0	13000	73420	189249	239	-21	0.19	0.19	0	
06/03/2012 07:59:22	TASTEGGIO	0	1	13000	73420	189258	220	-8	0.13	0.13	0	
06/03/2012 07:59:34	TASTEGGIO	0	1	13000	73420	144861	220	-8	0.14	0.14	0	
06/03/2012 08:00:24	ALARM 13	proc 2 prog 51 step 45	Tondo non in posizione di scarico
06/03/2012 08:07:41	ALARM 318	proc 12 prog 134 step 6	go_abs inv_ax 9
06/03/2012 08:09:06	TASTEGGIO	0	1	13000	73420	144898	220	-8	0.55	0.70	44500	
06/03/2012 08:09:39	TASTEGGIO	1	0	13000	73420	100427	368	-42	0.36	0.36	0	
06/03/2012 08:10:10	TASTEGGIO	0	1	13000	73420	100426	386	-44	0.09	0.09	0	
06/03/2012 08:10:21	TASTEGGIO	0	1	13000	73420	144867	386	-44	0.10	0.26	-44500	
06/03/2012 08:10:54	TASTEGGIO	1	0	13000	73420	189362	257	-24	0.11	0.11	0	
06/03/2012 08:11:06	TASTEGGIO	1	0	13000	73420	144946	257	-24	0.13	0.15	-82000	
06/03/2012 08:11:39	TASTEGGIO	1	0	13000	73420	226915	229	-9	0.09	0.09	0	
06/03/2012 08:11:52	TASTEGGIO	1	0	13000	73420	144938	229	-9	0.17	0.17	0	
06/03/2012 08:12:24	TASTEGGIO	1	0	13000	73420	144958	234	-21	0.06	0.06	0	
06/03/2012 08:12:33	TASTEGGIO	1	0	13000	73420	144942	234	-21	0.07	0.13	24500	
06/03/2012 08:13:23	ALARM 13	proc 2 prog 51 step 45	Tondo non in posizione di scarico
06/03/2012 08:13:36	ALARM 318	proc 12 prog 134 step 6	go_abs inv_ax 9
06/03/2012 08:14:58	TASTEGGIO	1	0	13000	73420	144886	234	-21	0.47	0.76	-82000	
06/03/2012 08:15:34	TASTEGGIO	1	0	13000	73420	226849	383	-41	0.47	0.47	0	
06/03/2012 08:16:05	TASTEGGIO	0	1	13000	73420	226849	400	-39	0.07	0.07	0	
06/03/2012 08:16:18	TASTEGGIO	0	1	13000	73420	144935	400	-39	0.06	0.14	44500	
06/03/2012 08:17:07	ALARM 13	proc 2 prog 51 step 45	Tondo non in posizione di scarico
06/03/2012 08:17:19	ALARM 318	proc 12 prog 134 step 6	go_abs inv_ax 9
06/03/2012 08:18:45	TASTEGGIO	0	1	13000	73420	144892	400	-39	1.93	2.17	24500	
06/03/2012 08:19:17	TASTEGGIO	1	0	13000	73420	120425	400	-1	2.18	2.18	0	
06/03/2012 08:19:45	TASTEGGIO	0	1	13000	73420	120424	400	0	2.18	2.18	0	
06/03/2012 08:20:14	TASTEGGIO	0	2	13000	73420	120423	400	0	2.18	2.18	0	
06/03/2012 08:20:43	TASTEGGIO	0	3	13000	73420	120422	400	0	2.18	2.18	0	
06/03/2012 08:21:10	TASTEGGIO	0	4	13000	73420	120422	400	0	2.18	2.18	0	
06/03/2012 08:21:12	ALARM 401		
06/03/2012 08:21:15	ALARM 401		
06/03/2012 08:21:16	ALARM 401		
06/03/2012 08:21:33	TASTEGGIO	0	4	13000	73420	120422	400	0	2.18	2.18	0	
06/03/2012 08:22:24	TASTEGGIO	1	0	13000	73420	120422	650	-5	2.13	2.13	0	
06/03/2012 08:23:12	TASTEGGIO	0	1	13000	73420	120422	650	-2	2.10	2.10	0	
06/03/2012 08:24:02	TASTEGGIO	0	2	13000	73420	120422	650	-1	2.09	2.09	0	
06/03/2012 08:24:50	TASTEGGIO	0	3	13000	73420	120422	650	-1	2.07	2.07	0	
06/03/2012 08:25:41	TASTEGGIO	0	4	13000	73420	120422	650	0	2.07	2.07	0	
06/03/2012 08:26:29	TASTEGGIO	0	5	13000	73420	120422	680	-1	2.05	2.05	0	
06/03/2012 08:26:40	ALARM 401		
06/03/2012 08:26:43	ALARM 203		err.6058
06/03/2012 08:28:12	ALARM 318	proc 12 prog 51 step 54	go_abs inv_ax 9
06/03/2012 16:32:06	ALARM 406		
07/03/2012 14:59:41	ALARM 401		
07/03/2012 14:59:43	INIT OK
07/03/2012 15:07:25	TASTEGGIO	0	0	13000	73421	154095	0	0	0.12	0.18	44500	
07/03/2012 15:07:57	TASTEGGIO	1	0	13000	73421	109647	215	-20	0.14	0.14	0	
07/03/2012 15:08:08	TASTEGGIO	1	0	13000	73421	153970	215	-20	0.07	0.13	44500	
07/03/2012 15:08:40	TASTEGGIO	1	0	13000	73421	109502	208	-17	0.05	0.05	0	
07/03/2012 15:08:52	TASTEGGIO	1	0	13000	73421	153967	208	-17	0.11	0.16	-44500	
07/03/2012 15:09:22	TASTEGGIO	1	0	13000	73421	198458	212	-26	0.12	0.12	0	
07/03/2012 15:09:34	TASTEGGIO	1	0	13000	73421	154080	212	-26	0.10	0.13	-24500	
07/03/2012 15:10:07	TASTEGGIO	1	0	13000	73421	178553	208	-34	0.23	0.23	0	
07/03/2012 15:10:33	TASTEGGIO	0	1	13000	73421	178559	167	-18	0.05	0.05	0	
07/03/2012 15:10:44	TASTEGGIO	0	1	13000	73421	154060	167	-18	0.08	0.08	24500	
07/03/2012 15:12:38	TASTEGGIO	0	1	13000	73421	153905	167	-18	0.27	0.32	82800	
07/03/2012 15:13:09	TASTEGGIO	1	0	13000	73421	71142	233	-9	0.28	0.28	0	
07/03/2012 15:13:35	TASTEGGIO	0	1	13000	73421	71141	257	-7	0.20	0.20	0	
07/03/2012 15:14:01	TASTEGGIO	0	2	13000	73421	71140	277	-4	0.15	0.15	0	
07/03/2012 15:14:30	TASTEGGIO	0	3	13000	73421	71139	296	-6	0.09	0.09	0	
07/03/2012 15:14:42	TASTEGGIO	0	3	13000	73421	153773	296	-6	0.24	0.24	0	
07/03/2012 15:15:12	TASTEGGIO	1	0	13000	73421	153804	222	-34	0.16	0.16	0	
07/03/2012 15:15:39	TASTEGGIO	0	1	13000	73421	153805	211	-31	0.18	0.18	0	
07/03/2012 15:16:06	TASTEGGIO	0	1	13000	73421	153803	190	-22	0.14	0.14	0	
07/03/2012 15:16:15	TASTEGGIO	0	1	13000	73421	153808	190	-22	0.14	0.16	-24500	
07/03/2012 15:16:48	TASTEGGIO	1	0	13000	73421	178279	212	-32	0.23	0.23	0	
07/03/2012 15:17:15	TASTEGGIO	0	1	13000	73421	178282	178	-21	0.04	0.04	0	
07/03/2012 15:17:26	TASTEGGIO	0	1	13000	73421	153887	178	-21	0.06	0.10	82800	
07/03/2012 15:17:56	TASTEGGIO	1	0	13000	73421	71125	204	-2	0.10	0.10	0	
07/03/2012 15:18:21	TASTEGGIO	0	1	13000	73421	71126	214	0	0.10	0.10	0	
07/03/2012 15:18:49	TASTEGGIO	0	2	13000	73421	71126	234	0	0.10	0.10	0	
07/03/2012 15:19:14	TASTEGGIO	0	3	13000	73421	71127	264	0	0.09	0.09	0	
07/03/2012 15:19:27	TASTEGGIO	0	3	13000	73421	153792	264	0	0.08	0.10	44500	
07/03/2012 15:19:58	TASTEGGIO	1	0	13000	73421	109333	204	-15	0.10	0.10	0	
07/03/2012 15:20:24	TASTEGGIO	0	1	13000	73421	109337	194	-17	0.10	0.10	0	
07/03/2012 15:20:36	TASTEGGIO	0	1	13000	73421	153790	194	-17	0.06	0.12	82800	
07/03/2012 15:21:07	TASTEGGIO	1	0	13000	73421	71032	207	-1	0.11	0.11	0	
07/03/2012 15:21:32	TASTEGGIO	0	1	13000	73421	71033	217	0	0.10	0.10	0	
07/03/2012 15:21:44	TASTEGGIO	0	1	13000	73421	153799	217	0	0.06	0.11	82800	
07/03/2012 15:22:43	ALARM 17	proc 12 prog 10 step 47	LavoroTerminato
07/03/2012 15:29:50	TASTEGGIO	0	1	13000	73421	155604	217	0	1.66	1.67	-24500	
07/03/2012 15:30:23	TASTEGGIO	1	0	13000	73421	180078	400	-34	1.39	1.39	0	
07/03/2012 15:30:53	TASTEGGIO	0	1	13000	73421	180081	400	-14	1.23	1.23	0	
07/03/2012 15:31:22	TASTEGGIO	0	2	13000	73421	180083	400	-6	1.17	1.17	0	
07/03/2012 15:31:52	TASTEGGIO	0	3	13000	73421	180087	400	-5	1.10	1.10	0	
07/03/2012 15:32:24	TASTEGGIO	0	4	13000	73421	180087	400	-2	1.07	1.07	0	
07/03/2012 15:32:56	TASTEGGIO	0	5	13000	73421	180087	400	-1	1.06	1.06	0	
07/03/2012 15:33:25	TASTEGGIO	0	6	13000	73421	180087	400	-1	1.05	1.05	0	
07/03/2012 15:33:57	TASTEGGIO	0	7	13000	73421	180087	400	0	1.04	1.04	0	
07/03/2012 15:33:59	ALARM 401		
07/03/2012 15:34:15	TASTEGGIO	0	7	13000	73421	155587	400	0	1.08	1.12	24500	
07/03/2012 15:34:40	TASTEGGIO	0	7	13000	73421	131121	400	0	1.12	1.12	0	
07/03/2012 15:35:09	TASTEGGIO	1	0	13000	73421	131119	336	-17	0.94	0.94	0	
07/03/2012 15:35:39	TASTEGGIO	0	1	13000	73421	131118	414	-35	0.58	0.58	0	
07/03/2012 15:36:29	TASTEGGIO	0	2	13000	73421	131146	464	-43	0.21	0.21	0	
07/03/2012 15:36:31	ALARM 401		
07/03/2012 15:36:34	ALARM 205		err.6058
07/03/2012 15:36:53	TASTEGGIO	0	2	13000	73421	155472	464	-43	0.22	0.47	-44500	
07/03/2012 15:37:25	TASTEGGIO	1	0	13000	73421	199964	252	-7	0.41	0.41	0	
07/03/2012 15:37:54	TASTEGGIO	0	1	13000	73421	199975	287	-12	0.28	0.28	0	
07/03/2012 15:38:26	TASTEGGIO	0	2	13000	73421	199975	314	-12	0.18	0.18	0	
07/03/2012 15:38:56	TASTEGGIO	0	3	13000	73421	199982	334	-17	0.04	0.04	0	
07/03/2012 15:39:08	TASTEGGIO	0	3	13000	73421	155621	334	-17	0.15	0.15	0	
07/03/2012 15:39:38	TASTEGGIO	1	0	13000	73421	155650	211	-16	0.02	0.02	0	
07/03/2012 15:39:47	TASTEGGIO	1	0	13000	73421	155609	211	-16	0.02	0.18	-82000	
07/03/2012 15:40:21	TASTEGGIO	1	0	13000	73421	237574	215	-5	0.15	0.15	0	
07/03/2012 15:40:48	TASTEGGIO	0	1	13000	73421	237587	227	-5	0.09	0.09	0	
07/03/2012 15:41:01	TASTEGGIO	0	1	13000	73421	155620	227	-5	0.05	0.09	-82000	
07/03/2012 15:42:42	ALARM 401		
07/03/2012 15:43:02	ALARM 401		
07/03/2012 15:43:03	ALARM 401		
07/03/2012 15:43:26	TASTEGGIO	0	1	13000	73421	155505	227	-5	1.05	1.14	-44500	
07/03/2012 15:43:59	TASTEGGIO	1	0	13000	73421	199965	338	-13	1.03	1.03	0	
07/03/2012 15:44:30	TASTEGGIO	0	1	13000	73421	199966	400	-16	0.86	0.86	0	
07/03/2012 15:45:02	TASTEGGIO	0	2	13000	73421	199966	400	-5	0.81	0.81	0	
07/03/2012 15:45:35	TASTEGGIO	0	3	13000	73421	199966	400	-3	0.78	0.78	0	
07/03/2012 15:46:08	TASTEGGIO	0	4	13000	73421	199966	400	-2	0.76	0.76	0	
07/03/2012 15:46:38	TASTEGGIO	0	5	13000	73421	199966	400	-3	0.72	0.72	0	
07/03/2012 15:47:11	TASTEGGIO	0	6	13000	73421	199966	400	-1	0.71	0.71	0	
07/03/2012 15:47:43	TASTEGGIO	0	7	13000	73421	199966	400	0	0.70	0.70	0	
07/03/2012 15:48:13	TASTEGGIO	0	8	13000	73421	199966	400	-1	0.68	0.68	0	
07/03/2012 15:48:46	TASTEGGIO	0	9	13000	73421	199966	400	0	0.68	0.68	0	
07/03/2012 15:49:19	TASTEGGIO	0	10	13000	73421	199966	400	0	0.67	0.67	0	
07/03/2012 15:49:52	TASTEGGIO	0	11	13000	73421	199966	400	0	0.67	0.67	0	
07/03/2012 15:49:54	ALARM 401		
07/03/2012 15:49:56	ALARM 401		
07/03/2012 15:49:56	ALARM 401		
07/03/2012 15:50:13	TASTEGGIO	0	11	13000	73421	155497	400	0	0.65	0.71	-82000	
07/03/2012 15:50:32	TASTEGGIO	0	11	13000	73421	237460	400	0	0.73	0.73	0	
07/03/2012 15:51:01	TASTEGGIO	1	0	13000	73421	237468	285	-5	0.67	0.67	0	
07/03/2012 15:51:33	TASTEGGIO	0	1	13000	73421	237468	346	-7	0.59	0.59	0	
07/03/2012 15:52:21	TASTEGGIO	0	2	13000	73421	237471	449	-28	0.31	0.31	0	
07/03/2012 15:53:09	TASTEGGIO	0	3	13000	73421	237471	477	-11	0.20	0.20	0	
07/03/2012 15:53:10	ALARM 218	proc 12 prog 113 step 40	go_abs 5 cmd 11
07/03/2012 15:53:12	ALARM 205		err.6058
07/03/2012 15:53:28	TASTEGGIO	0	3	13000	73421	155509	477	-11	0.30	0.30	0	
07/03/2012 15:53:59	TASTEGGIO	1	0	13000	73421	155539	230	-9	0.22	0.22	0	
07/03/2012 15:54:29	TASTEGGIO	0	1	13000	73421	155540	246	-3	0.19	0.19	0	
07/03/2012 15:55:01	TASTEGGIO	0	2	13000	73421	155540	278	-10	0.13	0.13	0	
07/03/2012 15:55:10	TASTEGGIO	0	2	13000	73421	155510	278	-10	0.13	0.14	44500	
07/03/2012 15:55:42	TASTEGGIO	1	0	13000	73421	111046	209	-5	0.09	0.09	0	
07/03/2012 15:55:53	TASTEGGIO	1	0	13000	73421	155373	209	-5	0.14	0.15	-82000	
07/03/2012 15:56:27	TASTEGGIO	1	0	13000	73421	237353	211	0	0.15	0.15	0	
07/03/2012 15:56:55	TASTEGGIO	0	1	13000	73421	237372	226	0	0.15	0.15	0	
07/03/2012 15:57:25	TASTEGGIO	0	2	13000	73421	237385	256	0	0.15	0.15	0	
07/03/2012 15:57:55	TASTEGGIO	0	3	13000	73421	237396	301	0	0.14	0.14	0	
07/03/2012 15:58:07	TASTEGGIO	0	3	13000	73421	155529	301	0	0.14	0.14	-82000	
07/03/2012 15:58:40	TASTEGGIO	1	0	13000	73421	237495	209	0	0.14	0.14	0	
07/03/2012 15:58:52	TASTEGGIO	1	0	13000	73421	155526	209	0	0.14	0.14	-82000	
07/03/2012 16:00:46	TASTEGGIO	1	0	13000	73421	155402	209	0	0.59	0.79	-44500	
07/03/2012 16:01:20	TASTEGGIO	1	0	13000	73421	199865	293	-13	0.69	0.69	0	
07/03/2012 16:01:50	TASTEGGIO	0	1	13000	73421	199865	353	-18	0.49	0.49	0	
07/03/2012 16:02:25	TASTEGGIO	0	2	13000	73421	199866	400	-22	0.27	0.27	0	
07/03/2012 16:03:13	TASTEGGIO	0	3	13000	73421	199866	400	-14	0.13	0.13	0	
07/03/2012 16:03:25	TASTEGGIO	0	3	13000	73421	155395	400	-14	0.14	0.22	24500	
07/03/2012 16:03:57	TASTEGGIO	1	0	13000	73421	130929	220	-7	0.17	0.17	0	
07/03/2012 16:04:25	TASTEGGIO	0	1	13000	73421	130928	233	-5	0.10	0.10	0	
07/03/2012 16:04:36	TASTEGGIO	0	1	13000	73421	155267	233	-5	0.04	0.13	-44500	
07/03/2012 16:05:08	TASTEGGIO	1	0	13000	73421	199742	208	-4	0.11	0.11	0	
07/03/2012 16:05:20	TASTEGGIO	1	0	13000	73421	155378	208	-4	0.08	0.13	24500	
07/03/2012 16:05:53	TASTEGGIO	1	0	13000	73421	130912	208	-1	0.14	0.14	0	
07/03/2012 16:06:20	TASTEGGIO	0	1	13000	73421	130912	223	-1	0.12	0.12	0	
07/03/2012 16:06:31	TASTEGGIO	0	1	13000	73421	155267	223	-1	0.07	0.12	-44500	
07/03/2012 16:08:27	TASTEGGIO	0	1	13000	73421	155391	223	-1	0.62	0.62	0	
07/03/2012 16:08:57	TASTEGGIO	1	0	13000	73421	155424	271	-12	0.50	0.50	0	
07/03/2012 16:09:27	TASTEGGIO	0	1	13000	73421	155423	311	-11	0.39	0.39	0	
07/03/2012 16:09:57	TASTEGGIO	0	2	13000	73421	155423	354	-19	0.20	0.20	0	
07/03/2012 16:10:31	TASTEGGIO	0	3	13000	73421	155422	371	-15	0.06	0.06	0	
07/03/2012 16:10:40	TASTEGGIO	0	3	13000	73421	155379	371	-15	0.07	0.28	82800	
07/03/2012 16:11:13	TASTEGGIO	1	0	13000	73421	72608	227	-1	0.25	0.25	0	
07/03/2012 16:11:38	TASTEGGIO	0	1	13000	73421	72608	249	-1	0.24	0.24	0	
07/03/2012 16:12:08	TASTEGGIO	0	2	13000	73421	72608	295	-2	0.21	0.21	0	
07/03/2012 16:12:37	TASTEGGIO	0	3	13000	73421	72608	350	-7	0.14	0.14	0	
07/03/2012 16:12:50	TASTEGGIO	0	3	13000	73421	155267	350	-7	0.14	0.20	-82000	
07/03/2012 16:13:23	TASTEGGIO	1	0	13000	73421	237243	217	-5	0.17	0.17	0	
07/03/2012 16:13:50	TASTEGGIO	0	1	13000	73421	237264	231	-4	0.13	0.13	0	
07/03/2012 16:14:03	TASTEGGIO	0	1	13000	73421	155410	231	-4	0.08	0.17	82800	
07/03/2012 16:14:35	TASTEGGIO	1	0	13000	73421	72638	213	0	0.17	0.17	0	
07/03/2012 16:15:00	TASTEGGIO	0	1	13000	73421	72639	230	0	0.17	0.17	0	
07/03/2012 16:15:29	TASTEGGIO	0	2	13000	73421	72640	264	0	0.17	0.17	0	
07/03/2012 16:15:57	TASTEGGIO	0	3	13000	73421	72641	315	-1	0.16	0.16	0	
07/03/2012 16:16:29	TASTEGGIO	0	4	13000	73421	72717	375	-5	0.09	0.09	0	
07/03/2012 16:16:41	TASTEGGIO	0	4	13000	73421	155276	375	-5	0.14	0.14	-82000	
07/03/2012 16:18:36	TASTEGGIO	0	4	13000	73421	155405	375	-5	1.05	1.06	24500	
07/03/2012 16:19:10	TASTEGGIO	1	0	13000	73421	130939	328	-12	0.96	0.96	0	
07/03/2012 16:19:41	TASTEGGIO	0	1	13000	73421	130937	400	-17	0.78	0.78	0	
07/03/2012 16:20:12	TASTEGGIO	0	2	13000	73421	130936	400	-5	0.72	0.72	0	
07/03/2012 16:20:44	TASTEGGIO	0	3	13000	73421	130936	400	-2	0.68	0.68	0	
07/03/2012 16:21:15	TASTEGGIO	0	4	13000	73421	130936	400	-1	0.66	0.66	0	
07/03/2012 16:21:48	TASTEGGIO	0	5	13000	73421	130936	400	-2	0.64	0.64	0	
07/03/2012 16:21:50	ALARM 401		
07/03/2012 16:21:51	ALARM 401		
07/03/2012 16:21:52	ALARM 401		
07/03/2012 16:22:11	TASTEGGIO	0	5	13000	73421	155268	400	-2	0.69	0.71	-24500	
07/03/2012 16:22:37	TASTEGGIO	0	5	13000	73421	179733	400	-2	0.72	0.72	0	
07/03/2012 16:23:07	TASTEGGIO	1	0	13000	73421	179741	284	-9	0.63	0.63	0	
07/03/2012 16:23:37	TASTEGGIO	0	1	13000	73421	179741	339	-12	0.50	0.50	0	
07/03/2012 16:24:11	TASTEGGIO	0	2	13000	73421	179741	395	-22	0.29	0.29	0	
07/03/2012 16:24:59	TASTEGGIO	0	3	13000	73421	179741	424	-21	0.08	0.08	0	
07/03/2012 16:25:04	TASTEGGIO	0	3	13000	73421	179741	424	-21	0.09	0.09	0	
07/03/2012 16:25:29	TASTEGGIO	0	3	13000	73421	155377	424	-21	0.19	0.28	24500	
07/03/2012 16:26:02	TASTEGGIO	1	0	13000	73421	130909	227	-2	0.26	0.26	0	
07/03/2012 16:26:31	TASTEGGIO	0	1	13000	73421	130909	251	0	0.26	0.26	0	
07/03/2012 16:27:00	TASTEGGIO	0	2	13000	73421	130908	303	-2	0.23	0.23	0	
07/03/2012 16:27:34	TASTEGGIO	0	3	13000	73421	130906	364	-12	0.13	0.13	0	
07/03/2012 16:27:45	TASTEGGIO	0	3	13000	73421	155268	364	-12	0.12	0.28	-82000	
07/03/2012 16:28:20	TASTEGGIO	1	0	13000	73421	237246	227	-4	0.24	0.24	0	
07/03/2012 16:28:48	TASTEGGIO	0	1	13000	73421	237265	247	-3	0.20	0.20	0	
07/03/2012 16:29:19	TASTEGGIO	0	2	13000	73421	237279	280	-3	0.17	0.17	0	
07/03/2012 16:29:51	TASTEGGIO	0	3	13000	73421	237283	323	-7	0.09	0.09	0	
07/03/2012 16:30:04	TASTEGGIO	0	3	13000	73421	155417	323	-7	0.03	0.10	-44500	
07/03/2012 16:31:04	ALARM 17	proc 12 prog 10 step 47	LavoroTerminato
07/03/2012 16:33:39	ALARM 406		
08/03/2012 07:22:48	ALARM 401		
08/03/2012 07:22:50	INIT OK
08/03/2012 07:27:30	TASTEGGIO	0	0	13000	73420	155592	0	0	0.44	0.44	0	
08/03/2012 07:28:02	TASTEGGIO	1	0	13000	73420	155617	248	-11	0.35	0.35	0	
08/03/2012 07:28:30	TASTEGGIO	0	1	13000	73420	155618	275	-5	0.28	0.28	0	
08/03/2012 07:29:00	TASTEGGIO	0	2	13000	73420	155617	306	-11	0.18	0.18	0	
08/03/2012 07:29:32	TASTEGGIO	0	3	13000	73420	155616	326	-16	0.10	0.10	0	
08/03/2012 07:29:41	TASTEGGIO	0	3	13000	73420	155588	326	-16	0.09	0.28	-82000	
08/03/2012 07:30:14	TASTEGGIO	1	0	13000	73420	237553	227	-4	0.24	0.24	0	
08/03/2012 07:30:42	TASTEGGIO	0	1	13000	73420	237553	247	-3	0.20	0.20	0	
08/03/2012 07:31:10	TASTEGGIO	0	2	13000	73420	237553	280	-4	0.16	0.16	0	
08/03/2012 07:31:41	TASTEGGIO	0	3	13000	73420	237553	302	-4	0.12	0.12	0	
08/03/2012 07:31:54	TASTEGGIO	0	3	13000	73420	155554	302	-4	0.04	0.27	44500	
08/03/2012 07:32:24	TASTEGGIO	1	0	13000	73420	111084	226	-6	0.22	0.22	0	
08/03/2012 07:32:51	TASTEGGIO	0	1	13000	73420	111087	243	-3	0.19	0.19	0	
08/03/2012 07:33:19	TASTEGGIO	0	2	13000	73420	111087	275	-6	0.13	0.13	0	
08/03/2012 07:33:31	TASTEGGIO	0	2	13000	73420	155480	275	-6	0.11	0.17	-82000	
08/03/2012 07:34:05	TASTEGGIO	1	0	13000	73420	237458	213	0	0.17	0.17	0	
08/03/2012 07:34:32	TASTEGGIO	0	1	13000	73420	237475	230	0	0.17	0.17	0	
08/03/2012 07:35:02	TASTEGGIO	0	2	13000	73420	237486	264	0	0.16	0.16	0	
08/03/2012 07:35:33	TASTEGGIO	0	3	13000	73420	237495	309	-2	0.14	0.14	0	
08/03/2012 07:35:46	TASTEGGIO	0	3	13000	73420	155628	309	-2	0.09	0.16	44500	
08/03/2012 07:36:16	TASTEGGIO	1	0	13000	73420	111163	212	0	0.15	0.15	0	
08/03/2012 07:36:43	TASTEGGIO	0	1	13000	73420	111164	226	0	0.14	0.14	0	
08/03/2012 07:36:54	TASTEGGIO	0	1	13000	73420	155485	226	0	0.09	0.15	-44500	
08/03/2012 07:37:26	TASTEGGIO	1	0	13000	73420	199979	211	-7	0.10	0.10	0	
08/03/2012 07:37:37	TASTEGGIO	1	0	13000	73420	155628	211	-7	0.05	0.18	44500	
08/03/2012 07:38:08	TASTEGGIO	1	0	13000	73420	111162	215	0	0.17	0.17	0	
08/03/2012 07:38:35	TASTEGGIO	0	1	13000	73420	111162	231	0	0.17	0.17	0	
08/03/2012 07:39:02	TASTEGGIO	0	2	13000	73420	111164	265	-1	0.16	0.16	0	
08/03/2012 07:39:31	TASTEGGIO	0	3	13000	73420	111163	310	-6	0.10	0.10	0	
08/03/2012 07:39:42	TASTEGGIO	0	3	13000	73420	155481	310	-6	0.11	0.14	-24500	
08/03/2012 07:40:13	TASTEGGIO	1	0	13000	73420	179947	209	-7	0.09	0.09	0	
08/03/2012 07:40:24	TASTEGGIO	1	0	13000	73420	155615	209	-7	0.05	0.14	44500	
08/03/2012 07:40:54	TASTEGGIO	1	0	13000	73420	111150	209	0	0.13	0.13	0	
08/03/2012 07:41:21	TASTEGGIO	0	1	13000	73420	111152	221	0	0.13	0.13	0	
08/03/2012 07:41:50	TASTEGGIO	0	2	13000	73420	111149	247	0	0.12	0.12	0	
08/03/2012 07:42:20	TASTEGGIO	0	3	13000	73420	111148	280	-1	0.11	0.11	0	
08/03/2012 07:42:49	TASTEGGIO	0	4	13000	73420	111195	320	-7	0.07	0.07	0	
08/03/2012 07:43:01	TASTEGGIO	0	4	13000	73420	155478	320	-7	0.12	0.15	-24500	
08/03/2012 07:43:32	TASTEGGIO	1	0	13000	73420	179948	211	-3	0.13	0.13	0	
08/03/2012 07:43:43	TASTEGGIO	1	0	13000	73420	155616	211	-3	0.11	0.13	-24500	
08/03/2012 07:45:38	TASTEGGIO	1	0	13000	73420	155501	211	-3	0.33	0.46	82800	
08/03/2012 07:46:10	TASTEGGIO	1	0	13000	73420	72730	251	-3	0.43	0.43	0	
08/03/2012 07:46:38	TASTEGGIO	0	1	13000	73420	72729	291	-3	0.39	0.39	0	
08/03/2012 07:47:07	TASTEGGIO	0	2	13000	73420	72729	361	-9	0.30	0.30	0	
08/03/2012 07:47:39	TASTEGGIO	0	3	13000	73420	72728	400	-11	0.20	0.20	0	
08/03/2012 07:48:10	TASTEGGIO	0	4	13000	73420	72728	400	-11	0.09	0.09	0	
08/03/2012 07:48:23	TASTEGGIO	0	4	13000	73420	155367	400	-11	0.15	0.27	-44500	
08/03/2012 07:48:54	TASTEGGIO	1	0	13000	73420	199838	226	-9	0.20	0.20	0	
08/03/2012 07:49:22	TASTEGGIO	0	1	13000	73420	199838	240	-5	0.14	0.14	0	
08/03/2012 07:49:33	TASTEGGIO	0	1	13000	73420	155446	240	-5	0.18	0.18	0	
08/03/2012 07:50:05	TASTEGGIO	1	0	13000	73420	155477	215	-10	0.08	0.08	0	
08/03/2012 07:50:14	TASTEGGIO	1	0	13000	73420	155455	215	-10	0.08	0.16	-44500	
08/03/2012 07:50:46	TASTEGGIO	1	0	13000	73420	199950	212	-2	0.15	0.15	0	
08/03/2012 07:51:14	TASTEGGIO	0	1	13000	73420	199960	226	0	0.14	0.14	0	
08/03/2012 07:51:26	TASTEGGIO	0	1	13000	73420	155506	226	0	0.11	0.13	-44500	
08/03/2012 07:51:59	TASTEGGIO	1	0	13000	73420	199991	208	0	0.14	0.14	0	
08/03/2012 07:52:26	TASTEGGIO	0	1	13000	73420	200003	223	0	0.13	0.13	0	
08/03/2012 07:52:57	TASTEGGIO	0	2	13000	73420	200012	247	-1	0.12	0.12	0	
08/03/2012 07:53:09	TASTEGGIO	0	2	13000	73420	155523	247	-1	0.12	0.12	0	
08/03/2012 07:54:03	ALARM 318	proc 2 prog 51 step 54	go_abs inv_ax 9
08/03/2012 07:56:47	TASTEGGIO	0	2	13000	73424	155596	247	-1	0.26	0.28	82800	
08/03/2012 07:57:18	TASTEGGIO	1	0	13000	73424	72829	227	-2	0.25	0.25	0	
08/03/2012 07:57:44	TASTEGGIO	0	1	13000	73424	72829	249	-1	0.24	0.24	0	
08/03/2012 07:58:13	TASTEGGIO	0	2	13000	73424	72828	295	-1	0.22	0.22	0	
08/03/2012 07:58:42	TASTEGGIO	0	3	13000	73424	72828	355	-6	0.16	0.16	0	
08/03/2012 07:59:14	TASTEGGIO	0	4	13000	73424	72876	378	-4	0.11	0.11	0	
08/03/2012 07:59:27	TASTEGGIO	0	4	13000	73424	155474	378	-4	0.17	0.22	-82000	
08/03/2012 07:59:58	TASTEGGIO	1	0	13000	73424	237438	220	-5	0.18	0.18	0	
08/03/2012 08:00:26	TASTEGGIO	0	1	13000	73424	237439	234	-3	0.15	0.15	0	
08/03/2012 08:00:56	TASTEGGIO	0	2	13000	73424	237439	258	-2	0.13	0.13	0	
08/03/2012 08:01:09	TASTEGGIO	0	2	13000	73424	155548	258	-2	0.15	0.15	0	
08/03/2012 08:01:10	ALARM 401		
08/03/2012 08:01:16	ALARM 201		err.6059
08/03/2012 08:01:32	TASTEGGIO	0	2	13000	73423	155549	258	-2	0.15	0.15	0	
08/03/2012 08:02:03	TASTEGGIO	1	0	13000	73423	155579	229	-10	0.05	0.05	0	
08/03/2012 08:02:12	TASTEGGIO	1	0	13000	73423	155579	229	-10	0.05	0.12	82800	
08/03/2012 08:03:03	ALARM 13	proc 2 prog 51 step 45	Tondo non in posizione di scarico
08/03/2012 08:05:54	TASTEGGIO	1	0	13000	73420	155600	229	-10	0.51	0.68	-44500	
08/03/2012 08:06:30	TASTEGGIO	1	0	13000	73420	200065	363	-28	0.47	0.47	0	
08/03/2012 08:07:02	TASTEGGIO	0	1	13000	73420	200066	395	-26	0.19	0.19	0	
08/03/2012 08:07:32	TASTEGGIO	0	0	13000	73420	200066	239	0	0.20	0.20	0	
08/03/2012 08:08:01	TASTEGGIO	0	1	13000	73420	200066	260	0	0.19	0.19	0	
08/03/2012 08:08:32	TASTEGGIO	0	2	13000	73420	200066	296	0	0.19	0.19	0	
08/03/2012 08:09:03	TASTEGGIO	0	3	13000	73420	200066	353	-2	0.18	0.18	0	
08/03/2012 08:09:54	TASTEGGIO	0	4	13000	73420	200066	400	-10	0.07	0.07	0	
08/03/2012 08:10:06	TASTEGGIO	0	4	13000	73420	155554	400	-10	0.07	0.20	-82000	
08/03/2012 08:10:39	TASTEGGIO	1	0	13000	73420	237522	242	-5	0.17	0.17	0	
08/03/2012 08:11:07	TASTEGGIO	0	1	13000	73420	237522	256	-3	0.14	0.14	0	
08/03/2012 08:11:19	TASTEGGIO	0	1	13000	73420	155570	256	-3	0.08	0.20	44500	
08/03/2012 08:11:53	TASTEGGIO	1	0	13000	73420	111102	242	-7	0.13	0.13	0	
08/03/2012 08:12:05	TASTEGGIO	1	0	13000	73420	155464	242	-7	0.10	0.16	-82000	
08/03/2012 08:12:38	TASTEGGIO	1	0	13000	73420	237447	232	-2	0.16	0.16	0	
08/03/2012 08:13:06	TASTEGGIO	0	1	13000	73420	237468	248	0	0.16	0.16	0	
08/03/2012 08:13:35	TASTEGGIO	0	2	13000	73420	237487	280	-2	0.13	0.13	0	
08/03/2012 08:13:48	TASTEGGIO	0	2	13000	73420	155635	280	-2	0.10	0.16	44500	
08/03/2012 08:14:19	TASTEGGIO	1	0	13000	73420	111168	232	-3	0.12	0.12	0	
08/03/2012 08:14:31	TASTEGGIO	1	0	13000	73420	155485	232	-3	0.08	0.13	-82000	
08/03/2012 08:15:26	ALARM 318	proc 2 prog 51 step 54	go_abs inv_ax 9
08/03/2012 08:17:10	TASTEGGIO	1	0	13000	73423	155503	232	-3	1.17	1.63	-44500	
08/03/2012 08:17:44	TASTEGGIO	1	0	13000	73423	199970	400	-21	1.44	1.44	0	
08/03/2012 08:18:14	TASTEGGIO	0	1	13000	73423	199970	400	-8	1.36	1.36	0	
08/03/2012 08:18:46	TASTEGGIO	0	2	13000	73423	199970	400	-2	1.33	1.33	0	
08/03/2012 08:18:48	ALARM 401		
08/03/2012 08:18:51	ALARM 205		err.6058
08/03/2012 08:19:09	TASTEGGIO	0	2	13000	73423	155465	400	-2	0.93	1.32	-44500	
08/03/2012 08:19:27	TASTEGGIO	0	2	13000	73423	199929	400	-2	1.33	1.33	0	
08/03/2012 08:20:08	TASTEGGIO	1	0	13000	73423	199937	480	-28	1.04	1.04	0	
08/03/2012 08:20:58	TASTEGGIO	0	1	13000	73423	199937	480	-6	0.98	0.98	0	
08/03/2012 08:21:45	TASTEGGIO	0	2	13000	73423	199937	480	-3	0.94	0.94	0	
08/03/2012 08:22:35	TASTEGGIO	0	3	13000	73423	199937	520	-1	0.93	0.93	0	
08/03/2012 08:22:37	ALARM 401		
08/03/2012 08:22:40	ALARM 205		err.6058
08/03/2012 08:22:56	TASTEGGIO	0	3	13000	73423	155442	520	-1	0.60	0.92	-44500	
08/03/2012 08:23:18	TASTEGGIO	0	3	13000	73423	199915	520	-1	0.94	0.94	0	
08/03/2012 08:23:52	TASTEGGIO	1	0	13000	73423	199937	428	0	0.94	0.94	0	
08/03/2012 08:24:40	TASTEGGIO	0	1	13000	73423	199950	522	-2	0.92	0.92	0	
08/03/2012 08:25:28	TASTEGGIO	0	2	13000	73423	199966	600	-2	0.90	0.90	0	
08/03/2012 08:26:18	TASTEGGIO	0	3	13000	73423	199966	600	-1	0.89	0.89	0	
08/03/2012 08:27:06	TASTEGGIO	0	4	13000	73423	199966	600	-1	0.88	0.88	0	
08/03/2012 08:27:57	TASTEGGIO	0	5	13000	73423	199966	650	0	0.88	0.88	0	
08/03/2012 08:28:45	TASTEGGIO	0	6	13000	73423	199966	650	0	0.87	0.87	0	
08/03/2012 08:28:51	ALARM 401		
08/03/2012 08:31:18	TASTEGGIO	0	6	13000	73420	155502	650	0	0.43	0.71	-82000	
08/03/2012 08:31:55	TASTEGGIO	1	0	13000	73420	237463	370	-20	0.54	0.54	0	
08/03/2012 08:32:27	TASTEGGIO	0	1	13000	73420	237463	400	-15	0.38	0.38	0	
08/03/2012 08:33:00	TASTEGGIO	0	2	13000	73420	237463	400	-4	0.34	0.34	0	
08/03/2012 08:33:32	TASTEGGIO	0	3	13000	73420	237463	400	-3	0.30	0.30	0	
08/03/2012 08:34:07	TASTEGGIO	0	4	13000	73420	237463	400	-2	0.28	0.28	0	
08/03/2012 08:34:40	TASTEGGIO	0	5	13000	73420	237463	400	-1	0.26	0.26	0	
08/03/2012 08:34:42	ALARM 401		
08/03/2012 08:34:44	ALARM 401		
08/03/2012 08:34:45	ALARM 401		
08/03/2012 08:35:03	TASTEGGIO	0	5	13000	73420	155486	400	-1	0.12	0.26	-82000	
08/03/2012 08:35:14	ALARM 218	proc 12 prog 71 step 58	go_abs 5 cmd 11
08/03/2012 08:35:16	ALARM 401		
08/03/2012 08:35:17	ALARM 401		
08/03/2012 08:35:27	TASTEGGIO	0	5	13000	73420	237449	400	-1	0.27	0.27	0	
08/03/2012 08:36:18	TASTEGGIO	0	5	13000	73420	237449	451	-4	0.23	0.23	0	
08/03/2012 08:37:11	TASTEGGIO	0	5	13000	73420	237449	471	-2	0.21	0.21	0	
08/03/2012 08:38:13	TASTEGGIO	0	5	13000	73420	155451	500	-1	0.07	0.19	-82000	
08/03/2012 08:39:13	TASTEGGIO	0	5	13000	73420	237434	513	-6	0.16	0.16	0	
08/03/2012 08:39:33	TASTEGGIO	0	5	13000	73420	155477	513	-6	0.08	0.17	-82000	
08/03/2012 08:40:08	TASTEGGIO	1	0	13000	73420	237454	234	0	0.16	0.16	0	
08/03/2012 08:40:36	TASTEGGIO	0	1	13000	73420	237465	249	0	0.15	0.15	0	
08/03/2012 08:41:07	TASTEGGIO	0	2	13000	73420	237486	277	0	0.16	0.16	0	
08/03/2012 08:41:40	TASTEGGIO	0	3	13000	73420	237497	328	0	0.16	0.16	0	
08/03/2012 08:42:13	TASTEGGIO	0	4	13000	73420	237497	392	-3	0.12	0.12	0	
08/03/2012 08:42:25	TASTEGGIO	0	4	13000	73420	155510	392	-3	0.05	0.12	-82000	
08/03/2012 08:43:29	ALARM 3	proc 12 prog 31 step 36	Tondo non presente su rulliera
08/03/2012 08:47:42	TASTEGGIO	0	4	12700	72244	192586	392	-3	1.72	1.72	0	
08/03/2012 08:48:14	TASTEGGIO	1	0	12700	72244	192616	400	-44	1.29	1.29	0	
08/03/2012 08:48:46	TASTEGGIO	0	1	12700	72244	192615	400	-30	1.03	1.03	0	
08/03/2012 08:49:20	TASTEGGIO	0	2	12700	72244	192612	400	-25	0.78	0.78	0	
08/03/2012 08:49:58	TASTEGGIO	0	3	12700	72244	192620	400	-29	0.54	0.54	0	
08/03/2012 08:50:48	TASTEGGIO	0	4	12700	72244	192620	400	-12	0.41	0.41	0	
08/03/2012 08:51:36	TASTEGGIO	0	5	12700	72244	192620	400	-13	0.37	0.37	0	
08/03/2012 08:51:37	ALARM 401		
08/03/2012 08:51:54	TASTEGGIO	0	5	12700	72244	192620	400	-13	0.22	0.86	-82000	
08/03/2012 08:52:33	TASTEGGIO	1	0	12700	72244	274622	400	-79	0.44	0.44	0	
08/03/2012 08:53:22	TASTEGGIO	0	1	12700	72244	274654	400	-101	0.49	0.49	0	
08/03/2012 08:53:54	TASTEGGIO	0	1	12700	72244	274656	345	-117	0.61	0.61	0	
08/03/2012 08:54:24	TASTEGGIO	0	1	12700	72244	274654	269	-53	0.10	0.10	0	
08/03/2012 08:54:37	TASTEGGIO	0	1	12700	72244	192760	269	-53	0.36	0.36	24500	
08/03/2012 08:55:13	TASTEGGIO	1	0	12700	72244	168298	286	-85	0.60	0.60	0	
08/03/2012 08:55:40	TASTEGGIO	0	1	12700	72244	168298	185	-25	0.39	0.39	0	
08/03/2012 08:56:11	TASTEGGIO	0	2	12700	72244	168294	220	-16	0.17	0.17	0	
08/03/2012 08:56:41	TASTEGGIO	0	0	12700	72244	168301	238	-31	0.13	0.13	0	
08/03/2012 08:56:53	TASTEGGIO	0	0	12700	72244	192657	238	-31	0.13	0.29	-119500	
08/03/2012 08:57:29	TASTEGGIO	1	0	12700	72244	312147	268	-15	0.17	0.17	0	
08/03/2012 08:57:59	TASTEGGIO	0	1	12700	72244	312189	277	-18	0.14	0.14	0	
08/03/2012 08:58:12	TASTEGGIO	0	1	12700	72244	192789	277	-18	0.22	0.24	24500	
08/03/2012 08:58:48	TASTEGGIO	1	0	12700	72244	168324	256	-53	0.37	0.37	0	
08/03/2012 08:59:17	TASTEGGIO	0	1	12700	72244	168326	198	-22	0.13	0.13	0	
08/03/2012 08:59:28	TASTEGGIO	0	1	12700	72244	192647	198	-22	0.15	0.27	-44500	
08/03/2012 09:00:04	TASTEGGIO	1	0	12700	72244	237136	263	-42	0.18	0.18	0	
08/03/2012 09:00:35	TASTEGGIO	0	1	12700	72244	237158	251	-54	0.37	0.37	0	
08/03/2012 09:01:03	TASTEGGIO	0	1	12700	72244	237181	174	-25	0.20	0.20	0	
08/03/2012 09:01:32	TASTEGGIO	0	2	12700	72244	237194	189	-11	0.06	0.06	0	
08/03/2012 09:01:44	TASTEGGIO	0	2	12700	72244	192797	189	-11	0.12	0.19	82800	
08/03/2012 09:02:40	ALARM 318	proc 2 prog 51 step 54	go_abs inv_ax 9
08/03/2012 09:04:32	TASTEGGIO	0	2	12700	72247	192691	189	-11	2.57	2.57	0	
08/03/2012 09:05:05	TASTEGGIO	1	0	12700	72247	192693	400	-17	2.36	2.36	0	
08/03/2012 09:05:33	TASTEGGIO	0	1	12700	72247	192694	400	-3	2.27	2.27	0	
08/03/2012 09:06:03	TASTEGGIO	0	2	12700	72247	192693	400	-2	2.28	2.28	0	
08/03/2012 09:06:04	ALARM 401		
08/03/2012 09:06:07	ALARM 401		
08/03/2012 09:06:07	ALARM 401		
08/03/2012 09:06:23	TASTEGGIO	0	2	12700	72247	192654	400	-2	2.30	2.34	-24500	
08/03/2012 09:06:39	TASTEGGIO	0	2	12700	72247	217122	400	-2	2.27	2.27	0	
08/03/2012 09:07:09	TASTEGGIO	1	0	12700	72247	217155	400	-17	2.18	2.18	0	
08/03/2012 09:07:38	TASTEGGIO	0	1	12700	72247	217169	400	-2	2.18	2.18	0	
08/03/2012 09:08:10	TASTEGGIO	0	2	12700	72247	217169	400	-2	2.07	2.07	0	
08/03/2012 09:08:39	TASTEGGIO	0	3	12700	72247	217183	400	0	2.07	2.07	0	
08/03/2012 09:08:40	ALARM 401		
08/03/2012 09:08:52	TASTEGGIO	0	3	12700	72247	217183	400	0	2.05	2.05	0	
08/03/2012 09:09:43	TASTEGGIO	1	0	12700	72247	217183	560	-83	1.29	1.29	0	
08/03/2012 09:10:31	TASTEGGIO	0	1	12700	72247	217183	560	-37	1.05	1.05	0	
08/03/2012 09:11:21	TASTEGGIO	0	2	12700	72247	217183	560	-7	0.94	0.94	0	
08/03/2012 09:12:11	TASTEGGIO	0	3	12700	72247	217183	560	-5	0.82	0.82	0	
08/03/2012 09:12:59	TASTEGGIO	0	4	12700	72247	217183	560	6	0.78	0.78	0	
08/03/2012 09:13:47	TASTEGGIO	0	5	12700	72247	217183	560	-3	0.74	0.74	0	
08/03/2012 09:14:37	TASTEGGIO	0	6	12700	72247	217183	560	-2	0.72	0.72	0	
08/03/2012 09:15:25	TASTEGGIO	0	7	12700	72247	217183	560	-2	0.70	0.70	0	
08/03/2012 09:15:27	ALARM 401		
08/03/2012 09:15:30	ALARM 205		err.6058
08/03/2012 09:15:50	TASTEGGIO	0	7	12700	72246	192740	560	-2	0.85	0.97	44500	
08/03/2012 09:16:28	TASTEGGIO	1	0	12700	72246	148269	400	-92	0.50	0.50	0	
08/03/2012 09:17:16	TASTEGGIO	0	1	12700	72246	148272	400	-120	0.77	0.77	0	
08/03/2012 09:17:46	TASTEGGIO	0	1	12700	72246	148269	281	-75	0.16	0.16	0	
08/03/2012 09:18:16	TASTEGGIO	0	0	12700	72246	148269	236	-6	0.11	0.11	0	
08/03/2012 09:18:28	TASTEGGIO	0	0	12700	72246	192662	236	-6	0.09	0.54	-119500	
08/03/2012 09:19:06	TASTEGGIO	1	0	12700	72246	312162	331	-29	0.32	0.32	0	
08/03/2012 09:19:38	TASTEGGIO	0	1	12700	72246	312213	349	-31	0.04	0.04	0	
08/03/2012 09:19:51	TASTEGGIO	0	1	12700	72246	192841	349	-31	0.22	0.27	-24500	
08/03/2012 09:20:28	TASTEGGIO	1	0	12700	72246	217337	263	-113	0.80	0.80	0	
08/03/2012 09:20:51	TASTEGGIO	0	1	12700	72246	217356	25	-7	0.81	0.81	0	
08/03/2012 09:21:17	TASTEGGIO	0	2	12700	72246	217390	189	-28	0.53	0.53	0	
08/03/2012 09:21:49	TASTEGGIO	0	3	12700	72246	217368	249	-28	0.26	0.26	0	
08/03/2012 09:22:19	TASTEGGIO	0	0	12700	72246	217367	261	-17	0.11	0.11	0	
08/03/2012 09:22:31	TASTEGGIO	0	0	12700	72246	192851	261	-17	0.14	0.30	-82000	
08/03/2012 09:23:07	TASTEGGIO	1	0	12700	72246	274854	271	-35	0.17	0.17	0	
08/03/2012 09:23:38	TASTEGGIO	0	1	12700	72246	274883	261	-37	0.19	0.19	0	
08/03/2012 09:24:09	TASTEGGIO	0	1	12700	72246	274884	239	-41	0.21	0.21	0	
08/03/2012 09:24:39	TASTEGGIO	0	1	12700	72246	274881	215	-25	0.06	0.06	0	
08/03/2012 09:24:52	TASTEGGIO	0	1	12700	72246	192836	215	-25	0.07	0.14	120300	
08/03/2012 09:26:48	TASTEGGIO	0	1	12700	72245	192642	215	-25	0.44	0.50	-82000	
08/03/2012 09:27:40	TASTEGGIO	1	0	12700	72245	274611	321	-30	0.00	0.00	0	
08/03/2012 09:27:51	ALARM 401		
08/03/2012 09:34:52	ALARM 401		
08/03/2012 09:34:53	ALARM 401		
08/03/2012 09:35:07	ALARM 29	proc 5 prog 72 step 6	Tastatori appoggiati sul tondo
08/03/2012 09:36:19	ALARM 318	proc 12 prog 51 step 54	go_abs inv_ax 9
08/03/2012 09:38:03	TASTEGGIO	1	0	12700	72244	192879	321	-30	1.43	1.43	0	
08/03/2012 09:38:36	TASTEGGIO	1	0	12700	72244	192903	400	-72	0.76	0.76	0	
08/03/2012 09:39:23	TASTEGGIO	0	1	12700	72244	192901	400	-49	0.23	0.23	0	
08/03/2012 09:39:56	TASTEGGIO	0	0	12700	72244	192901	253	-4	0.28	0.28	0	
08/03/2012 09:40:30	TASTEGGIO	0	1	12700	72244	192901	287	-34	0.31	0.31	0	
08/03/2012 09:41:01	TASTEGGIO	0	1	12700	72244	192901	252	-42	0.25	0.25	0	
08/03/2012 09:41:32	TASTEGGIO	0	1	12700	72244	192901	231	-77	0.67	0.67	0	
08/03/2012 09:41:56	TASTEGGIO	0	1	12700	72244	192901	51	-8	0.55	0.55	0	
08/03/2012 09:42:24	TASTEGGIO	0	2	12700	72244	192901	141	-8	0.46	0.46	0	
08/03/2012 09:42:56	TASTEGGIO	0	3	12700	72244	192901	256	-24	0.21	0.21	0	
08/03/2012 09:42:59	ALARM 401		
08/03/2012 09:43:02	ALARM 205		err.6058
08/03/2012 09:43:19	TASTEGGIO	0	3	12700	72244	192851	256	-24	0.20	0.27	44500	
08/03/2012 09:43:56	TASTEGGIO	1	0	12700	72244	148381	263	-43	0.22	0.22	0	
08/03/2012 09:44:27	TASTEGGIO	0	1	12700	72244	148378	245	-45	0.22	0.22	0	
08/03/2012 09:44:57	TASTEGGIO	0	1	12700	72244	148381	223	-40	0.38	0.38	0	
08/03/2012 09:45:25	TASTEGGIO	0	1	12700	72244	148382	157	-13	0.18	0.18	0	
08/03/2012 09:45:28	ALARM 401		
08/03/2012 09:45:30	ALARM 205		err.6058
08/03/2012 09:45:45	TASTEGGIO	0	1	12700	72244	192868	157	-13	0.25	0.25	0	
08/03/2012 09:46:19	TASTEGGIO	1	0	12700	72244	192929	258	-10	0.24	0.24	0	
08/03/2012 09:46:51	TASTEGGIO	0	1	12700	72244	192951	281	-78	0.54	0.54	0	
08/03/2012 09:47:19	TASTEGGIO	0	1	12700	72244	192911	159	-39	0.21	0.21	0	
08/03/2012 09:47:21	ALARM 401		
08/03/2012 09:47:36	TASTEGGIO	0	1	12700	72244	192957	159	-39	0.20	0.26	24500	
08/03/2012 09:48:56	ALARM 318	proc 6 prog 26 step 37	go_abs inv_ax 3
08/03/2012 09:49:09	ALARM 318	proc 6 prog 26 step 37	go_abs inv_ax 3
08/03/2012 09:49:31	ALARM 318	proc 2 prog 26 step 37	go_abs inv_ax 3
08/03/2012 09:49:49	ALARM 318	proc 12 prog 124 step 6	go_abs inv_ax 3
08/03/2012 09:54:27	ALARM 318	proc 12 prog 124 step 6	go_abs inv_ax 3
08/03/2012 09:54:59	ALARM 318	proc 3 prog 26 step 31	go_abs inv_ax 3
08/03/2012 09:55:14	ALARM 318	proc 6 prog 26 step 31	go_abs inv_ax 3
08/03/2012 09:56:18	ALARM 318	proc 12 prog 124 step 10	go_abs inv_ax 3
08/03/2012 09:57:56	ALARM 401		
08/03/2012 14:03:30	ALARM 401		
08/03/2012 14:03:30	ALARM 401		
08/03/2012 14:12:01	ALARM 318	proc 6 prog 26 step 31	go_abs inv_ax 3
08/03/2012 14:12:38	ALARM 318	proc 6 prog 26 step 31	go_abs inv_ax 3
08/03/2012 14:13:13	ALARM 318	proc 12 prog 124 step 10	go_abs inv_ax 3
08/03/2012 14:13:25	ALARM 318	proc 12 prog 125 step 10	go_abs inv_ax 3
08/03/2012 14:14:30	ALARM 318	proc 3 prog 26 step 31	go_abs inv_ax 3
08/03/2012 14:15:38	ALARM 318	proc 12 prog 124 step 10	go_abs inv_ax 3
08/03/2012 14:15:45	ALARM 318	proc 12 prog 125 step 10	go_abs inv_ax 3
08/03/2012 14:19:25	ALARM 318	proc 12 prog 124 step 10	go_abs inv_ax 3
08/03/2012 14:19:38	ALARM 318	proc 3 prog 26 step 31	go_abs inv_ax 3
08/03/2012 14:19:51	ALARM 318	proc 6 prog 26 step 31	go_abs inv_ax 3
08/03/2012 14:28:42	ALARM 318	proc 12 prog 124 step 10	go_abs inv_ax 3
08/03/2012 14:34:28	ALARM 318	proc 12 prog 124 step 10	go_abs inv_ax 3
08/03/2012 14:36:34	ALARM 318	proc 12 prog 124 step 10	go_abs inv_ax 3
08/03/2012 14:39:14	ALARM 318	proc 12 prog 124 step 10	go_abs inv_ax 3
08/03/2012 14:40:54	ALARM 318	proc 12 prog 124 step 10	go_abs inv_ax 3
08/03/2012 14:41:04	ALARM 318	proc 12 prog 124 step 10	go_abs inv_ax 3
08/03/2012 14:43:16	SAVE PRG	124
08/03/2012 14:43:30	ALARM 318	proc 12 prog 124 step 10	go_abs inv_ax 3
08/03/2012 14:48:45	TASTEGGIO	0	1	14000	73997	158810	159	-39	0.28	0.28	0	
08/03/2012 14:49:18	TASTEGGIO	1	0	14000	73997	158870	214	-65	0.34	0.34	0	
08/03/2012 14:49:47	TASTEGGIO	0	1	14000	73997	158868	172	-42	0.09	0.09	0	
08/03/2012 14:49:56	TASTEGGIO	0	1	14000	73997	158810	172	-42	0.10	0.15	-24500	
08/03/2012 14:50:31	TASTEGGIO	1	0	14000	73997	183285	197	-68	0.55	0.55	0	
08/03/2012 14:50:55	TASTEGGIO	0	1	14000	73997	183294	0	-1	0.53	0.53	0	
08/03/2012 14:51:22	TASTEGGIO	0	2	14000	73997	183295	102	-8	0.44	0.44	0	
08/03/2012 14:51:50	TASTEGGIO	0	3	14000	73997	183298	211	-49	0.09	0.09	0	
08/03/2012 14:52:02	TASTEGGIO	0	3	14000	73997	158815	211	-49	0.06	0.11	82800	
08/03/2012 14:52:12	ALARM 401		
08/03/2012 14:52:14	ALARM 401		
08/03/2012 14:52:15	ALARM 401		
08/03/2012 14:52:35	TASTEGGIO	0	3	14000	73998	158677	211	-49	0.07	0.11	82800	
08/03/2012 14:53:26	ALARM 13	proc 2 prog 51 step 45	Tondo non in posizione di scarico
08/03/2012 14:55:19	TASTEGGIO	0	3	14000	73997	158930	211	-49	0.77	0.82	-44500	
08/03/2012 14:55:54	TASTEGGIO	1	0	14000	73997	203404	284	-63	0.36	0.36	0	
08/03/2012 14:56:23	TASTEGGIO	0	0	14000	73997	203404	224	-35	0.01	0.01	0	
08/03/2012 14:56:35	TASTEGGIO	0	0	14000	73997	158928	224	-35	0.11	0.19	82800	
08/03/2012 14:57:07	TASTEGGIO	1	0	14000	73997	76150	202	-16	0.10	0.10	0	
08/03/2012 14:57:20	TASTEGGIO	1	0	14000	73997	158768	202	-16	0.09	0.12	-82000	
08/03/2012 14:57:55	TASTEGGIO	1	0	14000	73997	240737	193	-32	0.21	0.21	0	
08/03/2012 14:58:24	TASTEGGIO	0	1	14000	73997	240739	156	-18	0.04	0.04	0	
08/03/2012 14:58:36	TASTEGGIO	0	1	14000	73997	158899	156	-18	0.03	0.15	-44500	
08/03/2012 14:59:11	TASTEGGIO	1	0	14000	73997	203382	197	-50	0.36	0.36	0	
08/03/2012 14:59:37	TASTEGGIO	0	1	14000	73997	203397	110	-7	0.29	0.29	0	
08/03/2012 15:00:05	TASTEGGIO	0	2	14000	73997	203409	156	-8	0.22	0.22	0	
08/03/2012 15:00:33	TASTEGGIO	0	3	14000	73997	203421	184	-7	0.14	0.14	0	
08/03/2012 15:00:45	TASTEGGIO	0	3	14000	73997	158959	184	-7	0.20	0.20	0	
08/03/2012 15:01:18	TASTEGGIO	1	0	14000	73997	158984	204	-57	0.34	0.34	0	
08/03/2012 15:01:47	TASTEGGIO	0	1	14000	73997	158986	146	-26	0.08	0.08	0	
08/03/2012 15:01:56	TASTEGGIO	0	1	14000	73997	158959	146	-26	0.09	0.11	-24500	
08/03/2012 15:02:47	ALARM 13	proc 2 prog 51 step 45	Tondo non in posizione di scarico
08/03/2012 15:03:08	ALARM 318	proc 12 prog 134 step 6	go_abs inv_ax 9
08/03/2012 15:13:02	TASTEGGIO	0	1	14000	73997	158952	146	-26	0.41	0.60	-44500	
08/03/2012 15:13:36	TASTEGGIO	1	0	14000	73997	203418	255	-67	0.36	0.36	0	
08/03/2012 15:14:07	TASTEGGIO	0	1	14000	73997	203419	233	-69	0.32	0.32	0	
08/03/2012 15:14:36	TASTEGGIO	0	1	14000	73997	203420	204	-50	0.18	0.18	0	
08/03/2012 15:15:06	TASTEGGIO	0	1	14000	73997	203420	193	-30	0.11	0.11	0	
08/03/2012 15:15:19	TASTEGGIO	0	1	14000	73997	158932	193	-30	0.34	0.38	44500	
08/03/2012 15:15:52	TASTEGGIO	1	0	14000	73997	114452	227	-48	0.25	0.25	0	
08/03/2012 15:16:22	TASTEGGIO	0	1	14000	73997	114455	210	-44	0.19	0.19	0	
08/03/2012 15:16:51	TASTEGGIO	0	1	14000	73997	114459	195	-33	0.15	0.15	0	
08/03/2012 15:17:20	TASTEGGIO	0	1	14000	73997	114458	183	-21	0.07	0.07	0	
08/03/2012 15:17:32	TASTEGGIO	0	1	14000	73997	158762	183	-21	0.18	0.21	-44500	
08/03/2012 15:18:08	TASTEGGIO	1	0	14000	73997	203242	205	-14	0.12	0.12	0	
08/03/2012 15:18:20	TASTEGGIO	1	0	14000	73997	158897	205	-14	0.18	0.18	0	
08/03/2012 15:18:52	TASTEGGIO	1	0	14000	73997	158924	201	-66	0.44	0.44	0	
08/03/2012 15:19:18	TASTEGGIO	0	1	14000	73997	158928	93	-9	0.34	0.34	0	
08/03/2012 15:19:44	TASTEGGIO	0	2	14000	73997	158929	130	-11	0.22	0.22	0	
08/03/2012 15:20:12	TASTEGGIO	0	3	14000	73997	158929	154	-14	0.08	0.08	0	
08/03/2012 15:20:22	TASTEGGIO	0	3	14000	73997	158923	154	-14	0.08	0.22	82800	
08/03/2012 15:20:56	TASTEGGIO	1	0	14000	73997	76142	206	-17	0.09	0.09	0	
08/03/2012 15:21:09	TASTEGGIO	1	0	14000	73997	158766	206	-17	0.04	0.16	-82000	
08/03/2012 15:21:44	TASTEGGIO	1	0	14000	73997	240748	199	-36	0.29	0.29	0	
08/03/2012 15:22:12	TASTEGGIO	0	1	14000	73997	240748	146	-15	0.13	0.13	0	
08/03/2012 15:22:25	TASTEGGIO	0	1	14000	73997	158915	146	-15	0.19	0.19	0	
08/03/2012 15:22:58	TASTEGGIO	1	0	14000	73997	158940	202	-26	0.06	0.06	0	
08/03/2012 15:23:08	TASTEGGIO	1	0	14000	73997	158920	202	-26	0.06	0.13	82800	
08/03/2012 15:23:59	ALARM 13	proc 2 prog 51 step 45	Tondo non in posizione di scarico
08/03/2012 15:26:53	TASTEGGIO	1	0	14000	73997	158946	202	-26	0.67	0.73	-24500	
08/03/2012 15:27:28	TASTEGGIO	1	0	14000	73997	183410	272	-86	0.44	0.44	0	
08/03/2012 15:27:59	TASTEGGIO	0	1	14000	73997	183411	245	-78	0.32	0.32	0	
08/03/2012 15:28:30	TASTEGGIO	0	1	14000	73997	183412	221	-76	0.44	0.44	0	
08/03/2012 15:28:59	TASTEGGIO	0	1	14000	73997	183413	160	-18	0.25	0.25	0	
08/03/2012 15:29:28	TASTEGGIO	0	2	14000	73997	183412	180	-12	0.11	0.11	0	
08/03/2012 15:29:39	TASTEGGIO	0	2	14000	73997	158918	180	-12	0.12	0.17	-82000	
08/03/2012 15:30:13	TASTEGGIO	1	0	14000	73997	240882	200	-37	0.24	0.24	0	
08/03/2012 15:30:42	TASTEGGIO	0	1	14000	73997	240884	166	-22	0.03	0.03	0	
08/03/2012 15:30:55	TASTEGGIO	0	1	14000	73997	158897	166	-22	0.10	0.12	-24500	
08/03/2012 15:31:30	TASTEGGIO	1	0	14000	73997	183363	193	-38	0.25	0.25	0	
08/03/2012 15:31:58	TASTEGGIO	0	1	14000	73997	183371	140	-16	0.09	0.09	0	
08/03/2012 15:32:10	TASTEGGIO	0	1	14000	73997	158916	140	-16	0.10	0.13	44500	
08/03/2012 15:32:44	TASTEGGIO	1	0	14000	73997	114439	195	-41	0.32	0.32	0	
08/03/2012 15:33:10	TASTEGGIO	0	1	14000	73997	114442	116	-8	0.23	0.23	0	
08/03/2012 15:33:36	TASTEGGIO	0	2	14000	73997	114448	139	-5	0.17	0.17	0	
08/03/2012 15:34:03	TASTEGGIO	0	3	14000	73997	114449	160	-8	0.07	0.07	0	
08/03/2012 15:34:15	TASTEGGIO	0	3	14000	73997	158765	160	-8	0.07	0.10	24500	
08/03/2012 15:35:11	ALARM 318	proc 2 prog 51 step 54	go_abs inv_ax 9
08/03/2012 15:38:19	SAVE PRG	124
08/03/2012 15:41:47	ALARM 9	proc 12 prog 31 step 31	Braccetti scarico non in fuori ingombro
08/03/2012 15:44:08	TASTEGGIO	0	3	14000	73997	158927	160	-8	0.47	0.52	-24500	
08/03/2012 15:44:44	TASTEGGIO	1	0	14000	73997	183395	245	-77	0.41	0.41	0	
08/03/2012 15:45:14	TASTEGGIO	0	1	14000	73997	183396	212	-63	0.24	0.24	0	
08/03/2012 15:45:44	TASTEGGIO	0	1	14000	73997	183398	197	-62	0.38	0.38	0	
08/03/2012 15:46:13	TASTEGGIO	0	1	14000	73997	183402	136	-16	0.22	0.22	0	
08/03/2012 15:46:41	TASTEGGIO	0	2	14000	73997	183402	154	-10	0.11	0.11	0	
08/03/2012 15:46:53	TASTEGGIO	0	2	14000	73997	158920	154	-10	0.10	0.16	-82000	
08/03/2012 15:47:28	TASTEGGIO	1	0	14000	73997	240884	199	-39	0.31	0.31	0	
08/03/2012 15:47:56	TASTEGGIO	0	1	14000	73997	240886	138	-14	0.16	0.16	0	
08/03/2012 15:48:26	TASTEGGIO	0	2	14000	73997	240887	149	-7	0.10	0.10	0	
08/03/2012 15:48:39	TASTEGGIO	0	2	14000	73997	158919	149	-7	0.12	0.16	-44500	
08/03/2012 15:49:14	TASTEGGIO	1	0	14000	73997	203392	199	-45	0.28	0.28	0	
08/03/2012 15:49:43	TASTEGGIO	0	1	14000	73997	203413	150	-22	0.06	0.06	0	
