12/10/2011 11:10:45	TASTEGGIO	1	0	5000	42060	110647	50	0	0.08	0.08	0	
12/10/2011 11:11:08	TASTEGGIO	0	1	5000	42060	110647	58	0	0.07	0.07	0	
12/10/2011 11:11:16	TASTEGGIO	0	1	5000	42060	110650	58	0	0.08	0.08	-44500	
12/10/2011 11:11:40	TASTEGGIO	1	0	5000	42060	155085	50	-8	0.04	0.04	0	
12/10/2011 11:11:50	TASTEGGIO	1	0	5000	42060	110769	50	-8	0.07	0.08	24500	
12/10/2011 11:12:14	TASTEGGIO	1	0	5000	42060	86341	50	0	0.06	0.06	0	
12/10/2011 11:12:23	TASTEGGIO	1	0	5000	42060	110646	50	0	0.05	0.05	0	
12/10/2011 11:14:15	TASTEGGIO	1	0	5000	42060	110786	50	0	0.19	0.19	0	
12/10/2011 11:14:37	TASTEGGIO	1	0	5000	42060	110789	58	-6	0.14	0.14	0	
12/10/2011 11:14:45	TASTEGGIO	1	0	5000	42060	110784	58	-6	0.14	0.16	-44500	
12/10/2011 11:15:09	TASTEGGIO	1	0	5000	42060	155216	56	-6	0.11	0.11	0	
12/10/2011 11:15:19	TASTEGGIO	1	0	5000	42060	110775	56	-6	0.11	0.11	0	
12/10/2011 11:15:41	TASTEGGIO	1	0	5000	42060	110778	52	-2	0.10	0.10	0	
12/10/2011 11:16:02	TASTEGGIO	0	1	5000	42060	110778	61	-2	0.08	0.08	0	
12/10/2011 11:16:22	TASTEGGIO	0	2	5000	42060	110779	70	-8	0.02	0.02	0	
12/10/2011 11:16:30	TASTEGGIO	0	2	5000	42060	110775	70	-8	0.02	0.06	-44500	
12/10/2011 11:18:23	TASTEGGIO	0	2	5000	42060	110694	70	-8	0.12	0.20	-44500	
12/10/2011 11:18:47	TASTEGGIO	1	0	5000	42060	155123	59	-7	0.14	0.14	0	
12/10/2011 11:18:57	TASTEGGIO	1	0	5000	42060	110693	59	-7	0.10	0.16	-44500	
12/10/2011 11:19:21	TASTEGGIO	1	0	5000	42060	155123	56	-1	0.13	0.13	0	
12/10/2011 11:19:31	TASTEGGIO	1	0	5000	42060	110683	56	-1	0.09	0.14	-44500	
12/10/2011 11:19:56	TASTEGGIO	1	0	5000	42060	155116	55	0	0.13	0.13	0	
12/10/2011 11:20:15	TASTEGGIO	0	1	5000	42060	155117	67	-2	0.11	0.11	0	
12/10/2011 11:20:37	TASTEGGIO	0	2	5000	42060	155118	85	-8	0.03	0.03	0	
12/10/2011 11:20:47	TASTEGGIO	0	2	5000	42060	110681	85	-8	0.06	0.09	44500	
12/10/2011 11:21:09	TASTEGGIO	1	0	5000	42060	66231	51	-1	0.07	0.07	0	
12/10/2011 11:21:19	TASTEGGIO	1	0	5000	42060	110553	51	-1	0.03	0.08	44500	
12/10/2011 11:21:40	TASTEGGIO	1	0	5000	42060	66112	50	-1	0.07	0.07	0	
12/10/2011 11:21:50	TASTEGGIO	1	0	5000	42060	110544	50	-1	0.03	0.06	44500	
12/10/2011 11:23:42	TASTEGGIO	1	0	5000	42060	110785	50	-1	0.14	0.23	44500	
12/10/2011 11:24:03	TASTEGGIO	1	0	5000	42060	66335	61	3	0.21	0.21	0	
12/10/2011 11:24:21	TASTEGGIO	0	1	5000	42060	66331	80	0	0.20	0.20	0	
12/10/2011 11:24:41	TASTEGGIO	0	2	5000	42060	66327	118	-4	0.15	0.15	0	
12/10/2011 11:25:02	TASTEGGIO	0	3	5000	42060	66321	137	-9	0.07	0.07	0	
12/10/2011 11:25:13	TASTEGGIO	0	3	5000	42060	110649	137	-9	0.08	0.09	-44500	
12/10/2011 11:25:37	TASTEGGIO	1	0	5000	42060	155093	51	-9	0.02	0.02	0	
12/10/2011 11:25:47	TASTEGGIO	1	0	5000	42060	110761	51	-9	0.07	0.07	0	
12/10/2011 11:27:40	TASTEGGIO	1	0	5000	42060	110585	51	-9	0.20	0.20	0	
12/10/2011 11:28:02	TASTEGGIO	1	0	5000	42060	110587	59	-3	0.14	0.14	0	
12/10/2011 11:28:09	TASTEGGIO	1	0	5000	42060	110582	59	-3	0.14	0.16	-44500	
12/10/2011 11:28:33	TASTEGGIO	1	0	5000	42060	155014	56	-7	0.09	0.09	0	
12/10/2011 11:28:43	TASTEGGIO	1	0	5000	42060	110576	56	-7	0.09	0.10	24500	
12/10/2011 11:29:06	TASTEGGIO	1	0	5000	42060	86152	52	-2	0.05	0.05	0	
12/10/2011 11:29:16	TASTEGGIO	1	0	5000	42060	110445	52	-2	0.07	0.07	-44500	
12/10/2011 11:30:13	ALARM 17	proc 12 prog 10 step 47	LavoroTerminato
12/10/2011 12:00:25	TASTEGGIO	1	0	5000	42060	110782	52	-2	0.11	0.17	24500	
12/10/2011 12:00:47	TASTEGGIO	1	0	5000	42060	86371	57	-3	0.12	0.12	0	
12/10/2011 12:00:57	TASTEGGIO	1	0	5000	42060	110648	57	-3	0.08	0.13	24500	
12/10/2011 12:01:19	TASTEGGIO	1	0	5000	42060	86232	54	-1	0.12	0.12	0	
12/10/2011 12:01:39	TASTEGGIO	0	1	5000	42060	86221	65	-2	0.10	0.10	0	
12/10/2011 12:01:59	TASTEGGIO	0	2	5000	42060	86210	81	-4	0.07	0.07	0	
12/10/2011 12:02:08	TASTEGGIO	0	2	5000	42060	110643	81	-4	0.03	0.08	44500	
12/10/2011 12:02:30	TASTEGGIO	1	0	5000	42060	66203	50	0	0.07	0.07	0	
12/10/2011 12:02:40	TASTEGGIO	1	0	5000	42060	110628	50	0	0.02	0.08	-44500	
12/10/2011 12:03:05	TASTEGGIO	1	0	5000	42060	155067	50	-9	0.08	0.08	0	
12/10/2011 12:03:25	TASTEGGIO	0	1	5000	42060	155068	42	-8	0.02	0.02	0	
12/10/2011 12:03:35	TASTEGGIO	0	1	5000	42060	110760	42	-8	0.04	0.07	44500	
12/10/2011 12:05:27	TASTEGGIO	0	1	5000	42060	110785	42	-8	0.24	0.25	24500	
12/10/2011 12:05:50	TASTEGGIO	1	0	5000	42060	86365	63	-2	0.21	0.21	0	
12/10/2011 12:06:10	TASTEGGIO	0	1	5000	42060	86356	80	-4	0.17	0.17	0	
12/10/2011 12:06:32	TASTEGGIO	0	2	5000	42060	86352	107	-12	0.10	0.10	0	
12/10/2011 12:06:41	TASTEGGIO	0	2	5000	42060	110648	107	-12	0.10	0.11	-24500	
12/10/2011 12:07:05	TASTEGGIO	1	0	5000	42060	135118	52	-8	0.07	0.07	0	
12/10/2011 12:07:14	TASTEGGIO	1	0	5000	42060	110761	52	-8	0.06	0.08	24500	
12/10/2011 12:07:37	TASTEGGIO	1	0	5000	42060	86340	50	-5	0.03	0.03	0	
12/10/2011 12:07:46	TASTEGGIO	1	0	5000	42060	110648	50	-5	0.04	0.07	44500	
12/10/2011 12:09:38	TASTEGGIO	1	0	5000	42060	110779	50	-5	0.13	0.14	24500	
12/10/2011 12:10:01	TASTEGGIO	1	0	5000	42060	86358	55	-4	0.10	0.10	0	
12/10/2011 12:10:21	TASTEGGIO	0	1	5000	42060	86346	62	-4	0.06	0.06	0	
12/10/2011 12:10:30	TASTEGGIO	0	1	5000	42060	110658	62	-4	0.06	0.08	-44500	
12/10/2011 12:10:54	TASTEGGIO	1	0	5000	42060	155093	50	-9	0.03	0.03	0	
12/10/2011 12:11:04	TASTEGGIO	1	0	5000	42060	110766	50	-9	0.03	0.03	44500	
12/10/2011 12:12:02	ALARM 17	proc 12 prog 10 step 47	LavoroTerminato
12/10/2011 12:55:44	TASTEGGIO	1	0	5000	42060	110688	50	-9	0.18	0.22	24500	
12/10/2011 12:56:06	TASTEGGIO	1	0	5000	42060	86274	60	-2	0.19	0.19	0	
12/10/2011 12:56:26	TASTEGGIO	0	1	5000	42060	86260	76	-3	0.15	0.15	0	
12/10/2011 12:56:46	TASTEGGIO	0	2	5000	42060	86250	92	-3	0.13	0.13	0	
12/10/2011 12:56:56	TASTEGGIO	0	2	5000	42060	110549	92	-3	0.10	0.14	-44500	
12/10/2011 12:57:20	TASTEGGIO	1	0	5000	42060	154981	55	-7	0.07	0.07	0	
12/10/2011 12:57:30	TASTEGGIO	1	0	5000	42060	110669	55	-7	0.06	0.11	44500	
12/10/2011 12:57:52	TASTEGGIO	1	0	5000	42060	66220	52	0	0.09	0.09	0	
12/10/2011 12:58:11	TASTEGGIO	0	1	5000	42060	66208	59	-1	0.08	0.08	0	
12/10/2011 12:58:29	TASTEGGIO	0	2	5000	42060	66201	73	-1	0.08	0.08	0	
12/10/2011 12:58:49	TASTEGGIO	0	3	5000	42060	66203	97	0	0.07	0.07	0	
12/10/2011 12:58:59	TASTEGGIO	0	3	5000	42060	110548	97	0	0.03	0.06	-44500	
12/10/2011 13:00:52	TASTEGGIO	0	3	5000	42060	110971	97	0	0.40	0.40	0	
12/10/2011 13:01:14	TASTEGGIO	1	0	5000	42060	110974	73	-3	0.33	0.33	0	
12/10/2011 13:01:34	TASTEGGIO	0	1	5000	42060	110973	100	-10	0.22	0.22	0	
12/10/2011 13:01:56	TASTEGGIO	0	2	5000	42060	110973	120	-21	0.14	0.14	0	
12/10/2011 13:02:04	TASTEGGIO	0	2	5000	42060	110969	120	-21	0.15	0.21	44500	
12/10/2011 13:02:24	TASTEGGIO	1	0	5000	42060	66524	60	-1	0.19	0.19	0	
12/10/2011 13:02:43	TASTEGGIO	0	1	5000	42060	66512	77	-2	0.18	0.18	0	
12/10/2011 13:03:02	TASTEGGIO	0	2	5000	42060	66504	111	-5	0.13	0.13	0	
12/10/2011 13:03:12	TASTEGGIO	0	2	5000	42060	110841	111	-5	0.11	0.12	44500	
12/10/2011 13:03:33	TASTEGGIO	1	0	5000	42060	66408	53	0	0.14	0.14	0	
12/10/2011 13:03:52	TASTEGGIO	0	1	5000	42060	66400	69	-1	0.12	0.12	0	
12/10/2011 13:04:11	TASTEGGIO	0	2	5000	42060	66393	89	0	0.12	0.12	0	
12/10/2011 13:04:32	TASTEGGIO	0	3	5000	42060	66385	125	-4	0.08	0.08	0	
12/10/2011 13:04:54	TASTEGGIO	0	4	5000	42060	66379	135	-6	0.04	0.04	0	
12/10/2011 13:05:04	TASTEGGIO	0	4	5000	42060	110829	135	-6	0.08	0.08	0	
12/10/2011 13:05:27	TASTEGGIO	1	0	5000	42060	110825	50	-13	0.04	0.04	0	
12/10/2011 13:05:34	TASTEGGIO	1	0	5000	42060	110831	50	-13	0.05	0.13	-44500	
12/10/2011 13:05:59	TASTEGGIO	1	0	5000	42060	155273	54	-7	0.05	0.05	0	
12/10/2011 13:06:09	TASTEGGIO	1	0	5000	42060	110954	54	-7	0.03	0.07	44500	
12/10/2011 13:08:02	TASTEGGIO	1	0	5000	42060	110786	54	-7	0.41	0.42	24500	
12/10/2011 13:08:25	TASTEGGIO	1	0	5000	42060	86362	75	-2	0.38	0.38	0	
12/10/2011 13:08:45	TASTEGGIO	0	1	5000	42060	86350	109	-4	0.30	0.30	0	
12/10/2011 13:09:07	TASTEGGIO	0	2	5000	42060	86342	142	-24	0.13	0.13	0	
12/10/2011 13:09:17	TASTEGGIO	0	2	5000	42060	110654	142	-24	0.16	0.21	-44500	
12/10/2011 13:09:41	TASTEGGIO	1	0	5000	42060	155085	60	-7	0.13	0.13	0	
12/10/2011 13:09:51	TASTEGGIO	1	0	5000	42060	110770	60	-7	0.12	0.14	44500	
12/10/2011 13:10:13	TASTEGGIO	1	0	5000	42060	66314	55	-3	0.11	0.11	0	
12/10/2011 13:10:32	TASTEGGIO	0	1	5000	42060	66305	63	-2	0.10	0.10	0	
12/10/2011 13:10:52	TASTEGGIO	0	2	5000	42060	66299	81	-3	0.07	0.07	0	
12/10/2011 13:11:02	TASTEGGIO	0	2	5000	42060	110649	81	-3	0.06	0.10	-44500	
12/10/2011 13:11:26	TASTEGGIO	1	0	5000	42060	155082	52	-3	0.09	0.09	0	
12/10/2011 13:11:47	TASTEGGIO	0	1	5000	42060	155083	60	-3	0.07	0.07	0	
12/10/2011 13:11:57	TASTEGGIO	0	1	5000	42060	110772	60	-3	0.06	0.10	24500	
12/10/2011 13:12:20	TASTEGGIO	1	0	5000	42060	86348	52	-3	0.03	0.03	0	
12/10/2011 13:12:30	TASTEGGIO	1	0	5000	42060	110656	52	-3	0.03	0.07	44500	
12/10/2011 13:14:21	TASTEGGIO	1	0	5000	42060	110787	52	-3	0.26	0.30	44500	
12/10/2011 13:14:41	TASTEGGIO	1	0	5000	42060	66337	66	-5	0.27	0.27	0	
12/10/2011 13:15:00	TASTEGGIO	0	1	5000	42060	66334	90	0	0.27	0.27	0	
12/10/2011 13:15:21	TASTEGGIO	0	2	5000	42060	66327	144	-9	0.17	0.17	0	
12/10/2011 13:15:43	TASTEGGIO	0	3	5000	42060	66320	162	-19	0.06	0.06	0	
12/10/2011 13:15:54	TASTEGGIO	0	3	5000	42060	110650	162	-19	0.07	0.12	-44500	
12/10/2011 13:16:18	TASTEGGIO	1	0	5000	42060	155086	53	-9	0.03	0.03	0	
12/10/2011 13:16:28	TASTEGGIO	1	0	5000	42060	110766	53	-9	0.05	0.08	24500	
12/10/2011 13:16:51	TASTEGGIO	1	0	5000	42060	86342	50	-2	0.04	0.04	0	
12/10/2011 13:17:01	TASTEGGIO	1	0	5000	42060	110646	50	-2	0.04	0.06	-44500	
12/10/2011 13:18:53	TASTEGGIO	1	0	5000	42060	110781	50	-2	0.22	0.24	44500	
12/10/2011 13:19:14	TASTEGGIO	1	0	5000	42060	66329	62	-4	0.22	0.22	0	
12/10/2011 13:19:34	TASTEGGIO	0	1	5000	42060	66321	82	-1	0.21	0.21	0	
12/10/2011 13:19:53	TASTEGGIO	0	2	5000	42060	66318	122	-5	0.17	0.17	0	
12/10/2011 13:20:15	TASTEGGIO	0	3	5000	42060	66312	163	-22	0.13	0.13	0	
12/10/2011 13:20:25	TASTEGGIO	0	3	5000	42060	110643	163	-22	0.06	0.13	44500	
12/10/2011 13:20:47	TASTEGGIO	1	0	5000	42060	66202	54	-2	0.09	0.09	0	
12/10/2011 13:21:06	TASTEGGIO	0	1	5000	42060	66188	60	-1	0.07	0.07	0	
12/10/2011 13:21:16	TASTEGGIO	0	1	5000	42060	110635	60	-1	0.06	0.11	-44500	
12/10/2011 13:21:40	TASTEGGIO	1	0	5000	42060	155073	52	-11	0.13	0.13	0	
12/10/2011 13:22:01	TASTEGGIO	0	1	5000	42060	155074	67	-16	0.06	0.06	0	
12/10/2011 13:22:11	TASTEGGIO	0	1	5000	42060	110762	67	-16	0.07	0.11	44500	
12/10/2011 13:22:33	TASTEGGIO	1	0	5000	42060	66317	52	0	0.11	0.11	0	
12/10/2011 13:22:51	TASTEGGIO	0	1	5000	42060	66308	63	-2	0.11	0.11	0	
12/10/2011 13:23:10	TASTEGGIO	0	2	5000	42060	66304	85	-1	0.10	0.10	0	
12/10/2011 13:23:31	TASTEGGIO	0	3	5000	42060	66299	112	-6	0.05	0.05	0	
12/10/2011 13:23:42	TASTEGGIO	0	3	5000	42060	110640	112	-6	0.04	0.07	-44500	
12/10/2011 13:25:33	TASTEGGIO	0	3	5000	42060	110780	112	-6	0.18	0.28	24500	
12/10/2011 13:25:55	TASTEGGIO	1	0	5000	42060	86362	65	-6	0.23	0.23	0	
12/10/2011 13:26:16	TASTEGGIO	0	1	5000	42060	86349	83	-1	0.20	0.20	0	
12/10/2011 13:26:36	TASTEGGIO	0	2	5000	42060	86337	117	-12	0.12	0.12	0	
12/10/2011 13:26:46	TASTEGGIO	0	2	5000	42060	110647	117	-12	0.05	0.14	44500	
12/10/2011 13:27:07	TASTEGGIO	1	0	5000	42060	66200	55	-1	0.12	0.12	0	
12/10/2011 13:27:25	TASTEGGIO	0	1	5000	42060	66186	65	-1	0.12	0.12	0	
12/10/2011 13:27:45	TASTEGGIO	0	2	5000	42060	66177	89	-1	0.10	0.10	0	
12/10/2011 13:28:05	TASTEGGIO	0	3	5000	42060	66171	113	-6	0.06	0.06	0	
12/10/2011 13:28:15	TASTEGGIO	0	3	5000	42060	110642	113	-6	0.04	0.07	44500	
12/10/2011 13:30:09	TASTEGGIO	0	3	5000	42060	110781	113	-6	0.36	0.42	24500	
12/10/2011 13:30:32	TASTEGGIO	1	0	5000	42060	86351	75	-2	0.38	0.38	0	
12/10/2011 13:30:52	TASTEGGIO	0	1	5000	42060	86339	109	-7	0.28	0.28	0	
12/10/2011 13:31:14	TASTEGGIO	0	2	5000	42060	86334	138	-20	0.12	0.12	0	
12/10/2011 13:31:24	TASTEGGIO	0	2	5000	42060	110656	138	-20	0.12	0.16	44500	
12/10/2011 13:31:45	TASTEGGIO	1	0	5000	42060	66208	56	0	0.14	0.14	0	
12/10/2011 13:31:55	TASTEGGIO	1	0	5000	42060	110643	56	0	0.11	0.16	-44500	
12/10/2011 13:32:19	TASTEGGIO	1	0	5000	42060	155086	56	-6	0.10	0.10	0	
12/10/2011 13:32:29	TASTEGGIO	1	0	5000	42060	110759	56	-6	0.10	0.13	44500	
12/10/2011 13:32:50	TASTEGGIO	1	0	5000	42060	66316	54	2	0.11	0.11	0	
12/10/2011 13:33:08	TASTEGGIO	0	1	5000	42060	66305	63	-1	0.09	0.09	0	
12/10/2011 13:33:25	TASTEGGIO	0	2	5000	42060	66299	77	0	0.11	0.11	0	
12/10/2011 13:33:46	TASTEGGIO	0	3	5000	42060	66296	117	-6	0.07	0.07	0	
12/10/2011 13:33:56	TASTEGGIO	0	3	5000	42060	110644	117	-6	0.10	0.10	0	
12/10/2011 13:34:18	TASTEGGIO	1	0	5000	42060	110641	52	-5	0.05	0.05	0	
12/10/2011 13:34:26	TASTEGGIO	1	0	5000	42060	110644	52	-5	0.06	0.06	0	
12/10/2011 13:36:17	TASTEGGIO	1	0	5000	42060	110784	52	-5	0.44	0.47	44500	
12/10/2011 13:36:38	TASTEGGIO	1	0	5000	42060	66348	78	0	0.46	0.46	0	
12/10/2011 13:36:57	TASTEGGIO	0	1	5000	42060	66343	123	0	0.42	0.42	0	
12/10/2011 13:37:20	TASTEGGIO	0	2	5000	42060	66327	199	-36	0.14	0.14	0	
12/10/2011 13:37:30	TASTEGGIO	0	2	5000	42060	110640	199	-36	0.17	0.20	-44500	
12/10/2011 13:37:54	TASTEGGIO	1	0	5000	42060	155083	59	-5	0.15	0.15	0	
12/10/2011 13:38:15	TASTEGGIO	0	1	5000	42060	155083	70	-2	0.10	0.10	0	
12/10/2011 13:38:25	TASTEGGIO	0	1	5000	42060	110768	70	-2	0.12	0.14	44500	
12/10/2011 13:38:46	TASTEGGIO	1	0	5000	42060	66320	55	0	0.12	0.12	0	
12/10/2011 13:39:04	TASTEGGIO	0	1	5000	42060	66312	65	0	0.09	0.09	0	
12/10/2011 13:39:21	TASTEGGIO	0	2	5000	42060	66306	74	-1	0.11	0.11	0	
12/10/2011 13:39:42	TASTEGGIO	0	3	5000	42060	66301	114	-6	0.04	0.04	0	
12/10/2011 13:39:52	TASTEGGIO	0	3	5000	42060	110647	114	-6	0.07	0.11	-44500	
12/10/2011 13:40:17	TASTEGGIO	1	0	5000	42060	155085	52	-2	0.09	0.09	0	
12/10/2011 13:40:37	TASTEGGIO	0	1	5000	42060	155086	59	-1	0.08	0.08	0	
12/10/2011 13:40:58	TASTEGGIO	0	2	5000	42060	155086	73	-4	0.10	0.10	0	
12/10/2011 13:41:19	TASTEGGIO	0	3	5000	42060	155087	110	-37	0.27	0.27	0	
12/10/2011 13:41:38	TASTEGGIO	0	1	5000	42060	155087	37	-4	0.21	0.21	0	
12/10/2011 13:41:57	TASTEGGIO	0	2	5000	42060	155087	60	-3	0.19	0.19	0	
12/10/2011 13:42:19	TASTEGGIO	0	3	5000	42060	155087	111	-23	0.07	0.07	0	
12/10/2011 13:42:30	TASTEGGIO	0	3	5000	42060	110762	111	-23	0.06	0.08	-44500	
12/10/2011 13:42:54	TASTEGGIO	1	0	5000	42060	155190	50	-1	0.07	0.07	0	
12/10/2011 13:43:04	TASTEGGIO	1	0	5000	42060	110763	50	-1	0.06	0.08	-44500	
12/10/2011 13:43:28	TASTEGGIO	1	0	5000	42060	155195	50	0	0.08	0.08	0	
12/10/2011 13:43:48	TASTEGGIO	0	1	5000	42060	155195	58	-3	0.07	0.07	0	
12/10/2011 13:43:58	TASTEGGIO	0	1	5000	42060	110769	58	-3	0.05	0.06	-44500	
12/10/2011 13:45:51	TASTEGGIO	0	1	5000	42060	110781	58	-3	0.41	0.41	0	
12/10/2011 13:46:13	TASTEGGIO	1	0	5000	42060	110784	74	-35	0.72	0.72	0	
12/10/2011 13:46:35	TASTEGGIO	0	1	5000	42060	110785	200	-176	2.06	2.06	0	
12/10/2011 13:46:49	TASTEGGIO	0	1	5000	42060	110785	0	-3	1.98	1.98	0	
12/10/2011 13:47:13	TASTEGGIO	0	2	5000	42060	110788	380	-223	0.60	0.60	0	
12/10/2011 13:47:37	TASTEGGIO	0	1	5000	42060	110788	361	-394	3.12	3.12	0	
12/10/2011 13:47:59	TASTEGGIO	0	1	5000	42060	110788	0	-52	0.00	0.00	0	
12/10/2011 13:48:07	TASTEGGIO	0	1	5000	42060	110783	0	-52	0.00	0.00	0	
12/10/2011 13:50:00	TASTEGGIO	0	1	5000	42060	110782	0	-52	0.11	0.12	24500	
12/10/2011 13:50:22	TASTEGGIO	1	0	5000	42060	86365	53	-4	0.08	0.08	0	
12/10/2011 13:50:42	TASTEGGIO	0	1	5000	42060	86356	58	-1	0.06	0.06	0	
12/10/2011 13:50:52	TASTEGGIO	0	1	5000	42060	110644	58	-1	0.08	0.08	-44500	
12/10/2011 13:51:16	TASTEGGIO	1	0	5000	42060	155080	50	-8	0.03	0.03	0	
12/10/2011 13:51:26	TASTEGGIO	1	0	5000	42060	110766	50	-8	0.04	0.05	44500	
12/10/2011 13:53:19	TASTEGGIO	1	0	5000	42060	110787	50	-8	0.24	0.24	0	
12/10/2011 13:53:41	TASTEGGIO	1	0	5000	42060	110790	62	-2	0.22	0.22	0	
12/10/2011 13:54:02	TASTEGGIO	0	1	5000	42060	110790	82	-4	0.16	0.16	0	
12/10/2011 13:54:23	TASTEGGIO	0	2	5000	42060	110790	98	-10	0.07	0.07	0	
12/10/2011 13:54:31	TASTEGGIO	0	2	5000	42060	110786	98	-10	0.07	0.11	-44500	
12/10/2011 13:54:55	TASTEGGIO	1	0	5000	42060	155218	52	-6	0.04	0.04	0	
12/10/2011 13:55:05	TASTEGGIO	1	0	5000	42060	110783	52	-6	0.04	0.08	44500	
12/10/2011 13:55:26	TASTEGGIO	1	0	5000	42060	66337	50	0	0.05	0.05	0	
12/10/2011 13:55:36	TASTEGGIO	1	0	5000	42060	110647	50	0	0.03	0.05	44500	
12/10/2011 13:57:27	TASTEGGIO	1	0	5000	42060	110697	50	0	0.45	0.45	0	
12/10/2011 13:57:48	TASTEGGIO	1	0	5000	42060	110701	77	-3	0.40	0.40	0	
12/10/2011 13:58:10	TASTEGGIO	0	1	5000	42060	110701	112	-11	0.28	0.28	0	
12/10/2011 13:58:31	TASTEGGIO	0	2	5000	42060	110701	139	-29	0.06	0.06	0	
12/10/2011 13:58:39	TASTEGGIO	0	2	5000	42060	110697	139	-29	0.06	0.12	44500	
12/10/2011 13:59:00	TASTEGGIO	1	0	5000	42060	66234	53	0	0.09	0.09	0	
12/10/2011 13:59:18	TASTEGGIO	0	1	5000	42060	66225	59	0	0.08	0.08	0	
12/10/2011 13:59:38	TASTEGGIO	0	2	5000	42060	66216	73	-1	0.07	0.07	0	
12/10/2011 13:59:48	TASTEGGIO	0	2	5000	42060	110549	73	-1	0.07	0.11	-44500	
12/10/2011 14:00:12	TASTEGGIO	1	0	5000	42060	154985	52	-7	0.05	0.05	0	
12/10/2011 14:00:22	TASTEGGIO	1	0	5000	42060	110666	52	-7	0.09	0.09	0	
12/10/2011 14:00:45	TASTEGGIO	1	0	5000	42060	110670	51	-10	0.04	0.04	0	
12/10/2011 14:00:52	TASTEGGIO	1	0	5000	42060	110666	51	-10	0.04	0.12	-44500	
12/10/2011 14:01:17	TASTEGGIO	1	0	5000	42060	155094	53	-1	0.11	0.11	0	
12/10/2011 14:01:38	TASTEGGIO	0	1	5000	42060	155094	63	-3	0.08	0.08	0	
12/10/2011 14:01:58	TASTEGGIO	0	2	5000	42060	155094	71	-3	0.05	0.05	0	
12/10/2011 14:02:08	TASTEGGIO	0	2	5000	42060	110664	71	-3	0.05	0.10	44500	
12/10/2011 14:02:29	TASTEGGIO	1	0	5000	42060	66212	52	1	0.08	0.08	0	
12/10/2011 14:02:48	TASTEGGIO	0	1	5000	42060	66201	58	0	0.07	0.07	0	
12/10/2011 14:02:58	TASTEGGIO	0	1	5000	42060	110548	58	0	0.05	0.09	44500	
12/10/2011 14:03:19	TASTEGGIO	1	0	5000	42060	66110	51	0	0.08	0.08	0	
12/10/2011 14:03:37	TASTEGGIO	0	1	5000	42060	66100	58	0	0.07	0.07	0	
12/10/2011 14:03:47	TASTEGGIO	0	1	5000	42060	110540	58	0	0.05	0.10	44500	
12/10/2011 14:04:08	TASTEGGIO	1	0	5000	42060	66109	52	2	0.10	0.10	0	
12/10/2011 14:04:27	TASTEGGIO	0	1	5000	42060	66094	62	0	0.08	0.08	0	
12/10/2011 14:04:44	TASTEGGIO	0	2	5000	42060	66087	71	0	0.09	0.09	0	
12/10/2011 14:05:03	TASTEGGIO	0	3	5000	42060	66085	101	-2	0.05	0.05	0	
12/10/2011 14:05:13	TASTEGGIO	0	3	5000	42060	110542	101	-2	0.06	0.08	44500	
12/10/2011 14:05:35	TASTEGGIO	1	0	5000	42060	66108	50	2	0.06	0.06	0	
12/10/2011 14:05:45	TASTEGGIO	1	0	5000	42060	110543	50	2	0.06	0.08	44500	
12/10/2011 14:06:06	TASTEGGIO	1	0	5000	42060	66104	50	-2	0.05	0.05	0	
12/10/2011 14:06:16	TASTEGGIO	1	0	5000	42060	110540	50	-2	0.07	0.08	44500	
12/10/2011 14:06:38	TASTEGGIO	1	0	5000	42060	66103	50	2	0.06	0.06	0	
12/10/2011 14:06:48	TASTEGGIO	1	0	5000	42060	110539	50	2	0.06	0.07	44500	
12/10/2011 14:08:39	TASTEGGIO	1	0	5000	42060	110882	50	2	0.06	0.15	44500	
12/10/2011 14:09:00	TASTEGGIO	1	0	5000	42060	66430	55	0	0.12	0.12	0	
12/10/2011 14:09:11	TASTEGGIO	1	0	5000	42060	110749	55	0	0.05	0.13	24500	
12/10/2011 14:09:34	TASTEGGIO	1	0	5000	42060	86328	54	-3	0.08	0.08	0	
12/10/2011 14:09:53	TASTEGGIO	0	1	5000	42060	86315	58	-1	0.07	0.07	0	
12/10/2011 14:10:02	TASTEGGIO	0	1	5000	42060	110744	58	-1	0.05	0.12	-44500	
12/10/2011 14:10:27	TASTEGGIO	1	0	5000	42060	155175	53	-7	0.08	0.08	0	
12/10/2011 14:10:47	TASTEGGIO	0	1	5000	42060	155175	58	-7	0.06	0.06	0	
12/10/2011 14:10:58	TASTEGGIO	0	1	5000	42060	110861	58	-7	0.05	0.12	44500	
12/10/2011 14:11:20	TASTEGGIO	1	0	5000	42060	66410	53	0	0.11	0.11	0	
12/10/2011 14:11:38	TASTEGGIO	0	1	5000	42060	66397	63	0	0.11	0.11	0	
12/10/2011 14:11:57	TASTEGGIO	0	2	5000	42060	66391	85	-2	0.10	0.10	0	
12/10/2011 14:12:16	TASTEGGIO	0	3	5000	42060	66394	112	-4	0.06	0.06	0	
12/10/2011 14:12:27	TASTEGGIO	0	3	5000	42060	110745	112	-4	0.02	0.09	-44500	
12/10/2011 14:12:51	TASTEGGIO	1	0	5000	42060	155185	51	-2	0.06	0.06	0	
12/10/2011 14:13:01	TASTEGGIO	1	0	5000	42060	110858	51	-2	0.02	0.08	-44500	
12/10/2011 14:13:25	TASTEGGIO	1	0	5000	42060	155295	50	0	0.07	0.07	0	
12/10/2011 14:13:35	TASTEGGIO	1	0	5000	42060	110871	50	0	0.03	0.08	24500	
12/10/2011 14:13:59	TASTEGGIO	1	0	5000	42060	86449	50	-2	0.06	0.06	0	
12/10/2011 14:14:08	TASTEGGIO	1	0	5000	42060	110746	50	-2	0.02	0.07	-44500	
12/10/2011 14:16:01	TASTEGGIO	1	0	5000	42060	110779	50	-2	0.10	0.19	-44500	
12/10/2011 14:16:26	TASTEGGIO	1	0	5000	42060	155212	58	-7	0.13	0.13	0	
12/10/2011 14:16:36	TASTEGGIO	1	0	5000	42060	110779	58	-7	0.05	0.16	24500	
12/10/2011 14:16:59	TASTEGGIO	1	0	5000	42060	86357	56	-1	0.11	0.11	0	
12/10/2011 14:17:08	TASTEGGIO	1	0	5000	42060	110646	56	-1	0.02	0.11	24500	
12/10/2011 14:17:31	TASTEGGIO	1	0	5000	42060	86228	52	0	0.11	0.11	0	
12/10/2011 14:17:50	TASTEGGIO	0	1	5000	42060	86216	63	0	0.10	0.10	0	
12/10/2011 14:18:11	TASTEGGIO	0	2	5000	42060	86207	81	-3	0.07	0.07	0	
12/10/2011 14:18:20	TASTEGGIO	0	2	5000	42060	110641	81	-3	0.02	0.10	-44500	
12/10/2011 14:18:44	TASTEGGIO	1	0	5000	42060	155084	52	-4	0.07	0.07	0	
12/10/2011 14:18:54	TASTEGGIO	1	0	5000	42060	110752	52	-4	0.03	0.07	44500	
12/10/2011 14:20:45	TASTEGGIO	1	0	5000	42060	110785	52	-4	0.30	0.30	24500	
12/10/2011 14:21:08	TASTEGGIO	1	0	5000	42060	86364	66	0	0.30	0.30	0	
12/10/2011 14:21:29	TASTEGGIO	0	1	5000	42060	86350	96	-1	0.24	0.24	0	
12/10/2011 14:21:49	TASTEGGIO	0	2	5000	42060	86339	123	-6	0.17	0.17	0	
12/10/2011 14:22:10	TASTEGGIO	0	3	5000	42060	86331	143	-22	0.05	0.05	0	
12/10/2011 14:22:20	TASTEGGIO	0	3	5000	42060	110657	143	-22	0.03	0.10	-44500	
12/10/2011 14:22:43	TASTEGGIO	1	0	5000	42060	155097	52	-7	0.04	0.04	0	
12/10/2011 14:22:54	TASTEGGIO	1	0	5000	42060	110759	52	-7	0.02	0.08	24500	
12/10/2011 14:23:17	TASTEGGIO	1	0	5000	42060	86333	50	-5	0.01	0.01	0	
12/10/2011 14:23:27	TASTEGGIO	1	0	5000	42060	110643	50	-5	0.04	0.08	44500	
12/10/2011 14:23:48	TASTEGGIO	1	0	5000	42060	66205	50	-2	0.07	0.07	0	
12/10/2011 14:23:58	TASTEGGIO	1	0	5000	42060	110633	50	-2	0.02	0.07	-44500	
12/10/2011 14:25:51	TASTEGGIO	1	0	5000	42060	110781	50	-2	0.08	0.20	44500	
12/10/2011 14:26:13	TASTEGGIO	1	0	5000	42060	66330	59	-3	0.16	0.16	0	
12/10/2011 14:26:32	TASTEGGIO	0	1	5000	42060	66320	71	-1	0.16	0.16	0	
12/10/2011 14:26:52	TASTEGGIO	0	2	5000	42060	66313	103	-2	0.12	0.12	0	
12/10/2011 14:27:02	TASTEGGIO	0	2	5000	42060	110642	103	-2	0.05	0.13	44500	
12/10/2011 14:27:24	TASTEGGIO	1	0	5000	42060	66195	54	1	0.12	0.12	0	
12/10/2011 14:27:42	TASTEGGIO	0	1	5000	42060	66190	65	0	0.12	0.12	0	
12/10/2011 14:28:01	TASTEGGIO	0	2	5000	42060	66180	89	0	0.11	0.11	0	
12/10/2011 14:28:21	TASTEGGIO	0	3	5000	42060	66181	119	-3	0.09	0.09	0	
12/10/2011 14:28:43	TASTEGGIO	0	4	5000	42060	66175	148	-17	0.07	0.07	0	
12/10/2011 14:28:54	TASTEGGIO	0	4	5000	42060	110633	148	-17	0.13	0.13	0	
12/10/2011 14:29:16	TASTEGGIO	1	0	5000	42060	110629	54	-6	0.08	0.08	0	
12/10/2011 14:29:36	TASTEGGIO	0	1	5000	42060	110628	58	-3	0.06	0.06	0	
12/10/2011 14:29:43	TASTEGGIO	0	1	5000	42060	110637	58	-3	0.05	0.07	-44500	
12/10/2011 14:31:34	TASTEGGIO	0	1	5000	42060	110783	58	-3	0.16	0.16	-44500	
12/10/2011 14:31:59	TASTEGGIO	1	0	5000	42060	155221	56	-6	0.11	0.11	0	
12/10/2011 14:32:09	TASTEGGIO	1	0	5000	42060	110776	56	-6	0.12	0.12	0	
12/10/2011 14:32:31	TASTEGGIO	1	0	5000	42060	110780	53	-4	0.06	0.06	0	
12/10/2011 14:32:39	TASTEGGIO	1	0	5000	42060	110776	53	-4	0.07	0.08	-44500	
12/10/2011 14:33:03	TASTEGGIO	1	0	5000	42060	155211	50	-1	0.06	0.06	0	
12/10/2011 14:33:13	TASTEGGIO	1	0	5000	42060	110776	50	-1	0.06	0.08	24500	
12/10/2011 14:33:36	TASTEGGIO	1	0	5000	42060	86353	50	-3	0.04	0.04	0	
12/10/2011 14:33:45	TASTEGGIO	1	0	5000	42060	110651	50	-3	0.04	0.05	-44500	
12/10/2011 14:35:38	TASTEGGIO	1	0	5000	42060	110689	50	-3	0.12	0.14	-44500	
12/10/2011 14:36:02	TASTEGGIO	1	0	5000	42060	155123	55	-7	0.09	0.09	0	
12/10/2011 14:36:22	TASTEGGIO	0	1	5000	42060	155124	60	-5	0.05	0.05	0	
12/10/2011 14:36:32	TASTEGGIO	0	1	5000	42060	110685	60	-5	0.06	0.11	44500	
12/10/2011 14:36:54	TASTEGGIO	1	0	5000	42060	66224	52	-1	0.09	0.09	0	
12/10/2011 14:37:12	TASTEGGIO	0	1	5000	42060	66214	59	-1	0.08	0.08	0	
12/10/2011 14:37:32	TASTEGGIO	0	2	5000	42060	66209	73	-2	0.07	0.07	0	
12/10/2011 14:37:42	TASTEGGIO	0	2	5000	42060	110551	73	-2	0.02	0.08	44500	
12/10/2011 14:38:04	TASTEGGIO	1	0	5000	42060	66107	50	1	0.07	0.07	0	
12/10/2011 14:38:15	TASTEGGIO	1	0	5000	42060	110547	50	1	0.02	0.07	44500	
12/10/2011 14:40:07	TASTEGGIO	1	0	5000	42060	110698	50	1	0.23	0.32	-44500	
12/10/2011 14:40:32	TASTEGGIO	1	0	5000	42060	155134	68	-6	0.23	0.23	0	
12/10/2011 14:40:51	TASTEGGIO	0	1	5000	42060	155135	84	-6	0.18	0.18	0	
12/10/2011 14:41:12	TASTEGGIO	0	2	5000	42060	155135	103	-12	0.05	0.05	0	
12/10/2011 14:41:22	TASTEGGIO	0	2	5000	42060	110684	103	-12	0.04	0.11	44500	
12/10/2011 14:41:43	TASTEGGIO	1	0	5000	42060	66224	52	0	0.08	0.08	0	
12/10/2011 14:41:59	TASTEGGIO	0	1	5000	42060	66219	57	0	0.07	0.07	0	
12/10/2011 14:42:09	TASTEGGIO	0	1	5000	42060	110549	57	0	0.05	0.08	44500	
12/10/2011 14:42:30	TASTEGGIO	1	0	5000	42060	66114	50	1	0.07	0.07	0	
12/10/2011 14:42:40	TASTEGGIO	1	0	5000	42060	110540	50	1	0.03	0.08	-44500	
12/10/2011 14:43:05	TASTEGGIO	1	0	5000	42060	154974	50	-3	0.05	0.05	0	
12/10/2011 14:43:15	TASTEGGIO	1	0	5000	42060	110663	50	-3	0.02	0.08	44500	
12/10/2011 14:43:37	TASTEGGIO	1	0	5000	42060	66217	50	2	0.07	0.07	0	
12/10/2011 14:43:47	TASTEGGIO	1	0	5000	42060	110551	50	2	0.01	0.08	44500	
12/10/2011 14:44:08	TASTEGGIO	1	0	5000	42060	66114	50	2	0.07	0.07	0	
12/10/2011 14:44:18	TASTEGGIO	1	0	5000	42060	110540	50	2	0.02	0.08	44500	
12/10/2011 14:44:39	TASTEGGIO	1	0	5000	42060	66109	50	3	0.07	0.07	0	
12/10/2011 14:44:49	TASTEGGIO	1	0	5000	42060	110540	50	3	0.02	0.08	44500	
12/10/2011 14:45:10	TASTEGGIO	1	0	5000	42060	66110	50	2	0.07	0.07	0	
12/10/2011 14:45:20	TASTEGGIO	1	0	5000	42060	110539	50	2	0.02	0.08	44500	
12/10/2011 14:45:41	TASTEGGIO	1	0	5000	42060	66106	50	3	0.08	0.08	0	
12/10/2011 14:45:59	TASTEGGIO	0	1	5000	42060	66094	58	-2	0.07	0.07	0	
12/10/2011 14:46:10	TASTEGGIO	0	1	5000	42060	110540	58	-2	0.01	0.08	44500	
12/10/2011 14:46:31	TASTEGGIO	1	0	5000	42060	66104	50	1	0.08	0.08	0	
12/10/2011 14:46:48	TASTEGGIO	0	1	5000	42060	66101	58	-1	0.07	0.07	0	
12/10/2011 14:46:58	TASTEGGIO	0	1	5000	42060	110542	58	-1	0.01	0.08	44500	
12/10/2011 14:47:19	TASTEGGIO	1	0	5000	42060	66112	50	2	0.07	0.07	0	
12/10/2011 14:47:29	TASTEGGIO	1	0	5000	42060	110543	50	2	0.01	0.07	44500	
12/10/2011 14:49:22	TASTEGGIO	1	0	5000	42060	110784	50	2	0.23	0.24	-44500	
12/10/2011 14:49:46	TASTEGGIO	1	0	5000	42060	155217	62	-7	0.16	0.16	0	
12/10/2011 14:50:07	TASTEGGIO	0	1	5000	42060	155218	72	-2	0.14	0.14	0	
12/10/2011 14:50:17	TASTEGGIO	0	1	5000	42060	110771	72	-2	0.17	0.17	0	
12/10/2011 14:50:39	TASTEGGIO	1	0	5000	42060	110774	57	-5	0.11	0.11	0	
12/10/2011 14:50:47	TASTEGGIO	1	0	5000	42060	110770	57	-5	0.11	0.11	0	
12/10/2011 14:51:09	TASTEGGIO	1	0	5000	42060	110773	52	-1	0.09	0.09	0	
12/10/2011 14:51:30	TASTEGGIO	0	1	5000	42060	110773	59	-2	0.07	0.07	0	
12/10/2011 14:51:38	TASTEGGIO	0	1	5000	42060	110770	59	-2	0.08	0.09	-44500	
12/10/2011 14:52:01	TASTEGGIO	1	0	5000	42060	155205	51	-1	0.09	0.09	0	
12/10/2011 14:52:21	TASTEGGIO	0	1	5000	42060	155206	60	0	0.10	0.10	0	
12/10/2011 14:52:42	TASTEGGIO	0	2	5000	42060	155207	82	-6	0.05	0.05	0	
12/10/2011 14:52:52	TASTEGGIO	0	2	5000	42060	110781	82	-6	0.06	0.06	0	
12/10/2011 14:54:45	TASTEGGIO	0	2	5000	42060	110790	82	-6	0.17	0.21	-44500	
12/10/2011 14:55:10	TASTEGGIO	1	0	5000	42060	155224	60	-6	0.14	0.14	0	
12/10/2011 14:55:20	TASTEGGIO	1	0	5000	42060	110781	60	-6	0.14	0.16	44500	
12/10/2011 14:55:41	TASTEGGIO	1	0	5000	42060	66329	56	0	0.13	0.13	0	
12/10/2011 14:55:51	TASTEGGIO	1	0	5000	42060	110648	56	0	0.13	0.14	-44500	
12/10/2011 14:56:15	TASTEGGIO	1	0	5000	42060	155091	55	-1	0.13	0.13	0	
12/10/2011 14:56:36	TASTEGGIO	0	1	5000	42060	155091	67	-3	0.10	0.10	0	
12/10/2011 14:56:56	TASTEGGIO	0	2	5000	42060	155091	77	-5	0.06	0.06	0	
12/10/2011 14:57:06	TASTEGGIO	0	2	5000	42060	110771	77	-5	0.08	0.11	44500	
12/10/2011 14:57:27	TASTEGGIO	1	0	5000	42060	66320	52	0	0.11	0.11	0	
12/10/2011 14:57:45	TASTEGGIO	0	1	5000	42060	66314	63	-1	0.11	0.11	0	
12/10/2011 14:58:04	TASTEGGIO	0	2	5000	42060	66308	85	0	0.10	0.10	0	
12/10/2011 14:58:24	TASTEGGIO	0	3	5000	42060	66303	112	-4	0.05	0.05	0	
12/10/2011 14:58:34	TASTEGGIO	0	3	5000	42060	110643	112	-4	0.04	0.06	44500	
12/10/2011 15:00:27	TASTEGGIO	0	3	5000	42060	110784	112	-4	0.21	0.21	0	
12/10/2011 15:00:49	TASTEGGIO	1	0	5000	42060	110787	60	-6	0.16	0.16	0	
12/10/2011 15:01:10	TASTEGGIO	0	1	5000	42060	110787	72	-8	0.09	0.09	0	
12/10/2011 15:01:17	TASTEGGIO	0	1	5000	42060	110783	72	-8	0.10	0.10	0	
12/10/2011 15:01:39	TASTEGGIO	1	0	5000	42060	110786	52	0	0.09	0.09	0	
12/10/2011 15:01:59	TASTEGGIO	0	1	5000	42060	110786	60	-1	0.08	0.08	0	
12/10/2011 15:02:21	TASTEGGIO	0	2	5000	42060	110786	74	-3	0.06	0.06	0	
12/10/2011 15:02:28	TASTEGGIO	0	2	5000	42060	110782	74	-3	0.05	0.05	0	
12/10/2011 15:04:19	TASTEGGIO	0	2	5000	42060	110784	74	-3	0.23	0.23	0	
12/10/2011 15:04:41	TASTEGGIO	1	0	5000	42060	110787	61	-5	0.19	0.19	0	
12/10/2011 15:05:02	TASTEGGIO	0	1	5000	42060	110787	76	-6	0.13	0.13	0	
12/10/2011 15:05:09	TASTEGGIO	0	1	5000	42060	110783	76	-6	0.14	0.14	44500	
12/10/2011 15:05:32	TASTEGGIO	1	0	5000	42060	66326	55	-2	0.11	0.11	0	
12/10/2011 15:05:51	TASTEGGIO	0	1	5000	42060	66316	63	0	0.10	0.10	0	
12/10/2011 15:06:09	TASTEGGIO	0	2	5000	42060	66310	81	-1	0.10	0.10	0	
12/10/2011 15:06:30	TASTEGGIO	0	3	5000	42060	66310	111	-5	0.06	0.06	0	
12/10/2011 15:06:40	TASTEGGIO	0	3	5000	42060	110655	111	-5	0.07	0.07	0	
12/10/2011 15:08:33	TASTEGGIO	0	3	5000	42060	110878	111	-5	0.36	0.36	0	
12/10/2011 15:08:56	TASTEGGIO	1	0	5000	42060	110885	70	-2	0.30	0.30	0	
12/10/2011 15:09:16	TASTEGGIO	0	1	5000	42060	110885	94	-7	0.22	0.22	0	
12/10/2011 15:09:37	TASTEGGIO	0	2	5000	42060	110885	116	-19	0.06	0.06	0	
12/10/2011 15:09:44	TASTEGGIO	0	2	5000	42060	110879	116	-19	0.07	0.12	44500	
12/10/2011 15:10:06	TASTEGGIO	1	0	5000	42060	66431	53	-2	0.08	0.08	0	
12/10/2011 15:10:26	TASTEGGIO	0	1	5000	42060	66418	58	3	0.09	0.09	0	
12/10/2011 15:10:44	TASTEGGIO	0	2	5000	42060	66411	78	-2	0.07	0.07	0	
12/10/2011 15:10:55	TASTEGGIO	0	2	5000	42060	110745	78	-2	0.05	0.11	-24500	
12/10/2011 15:11:18	TASTEGGIO	1	0	5000	42060	135221	52	-7	0.04	0.04	0	
12/10/2011 15:11:28	TASTEGGIO	1	0	5000	42060	110856	52	-7	0.04	0.06	44500	
12/10/2011 15:13:21	TASTEGGIO	1	0	5000	42060	110782	52	-7	0.24	0.26	24500	
12/10/2011 15:13:44	TASTEGGIO	1	0	5000	42060	86361	63	1	0.23	0.23	0	
12/10/2011 15:14:03	TASTEGGIO	0	1	5000	42060	86347	83	-2	0.21	0.21	0	
12/10/2011 15:14:23	TASTEGGIO	0	2	5000	42060	86338	121	-11	0.09	0.09	0	
12/10/2011 15:14:32	TASTEGGIO	0	2	5000	42060	110650	121	-11	0.11	0.12	44500	
12/10/2011 15:14:55	TASTEGGIO	1	0	5000	42060	66201	53	-2	0.09	0.09	0	
12/10/2011 15:15:14	TASTEGGIO	0	1	5000	42060	66189	59	-1	0.09	0.09	0	
12/10/2011 15:15:33	TASTEGGIO	0	2	5000	42060	66181	77	-2	0.07	0.07	0	
12/10/2011 15:15:43	TASTEGGIO	0	2	5000	42060	110637	77	-2	0.07	0.09	-44500	
12/10/2011 15:16:08	TASTEGGIO	1	0	5000	42060	155074	51	-9	0.03	0.03	0	
12/10/2011 15:16:18	TASTEGGIO	1	0	5000	42060	110763	51	-9	0.01	0.04	44500	
12/10/2011 15:18:11	TASTEGGIO	1	0	5000	42060	110779	51	-9	0.13	0.18	44500	
12/10/2011 15:18:34	TASTEGGIO	1	0	5000	42060	66335	57	-2	0.15	0.15	0	
12/10/2011 15:18:51	TASTEGGIO	0	1	5000	42060	66330	69	-1	0.15	0.15	0	
12/10/2011 15:19:11	TASTEGGIO	0	2	5000	42060	66325	99	-2	0.15	0.15	0	
12/10/2011 15:19:32	TASTEGGIO	0	3	5000	42060	66315	144	-17	0.05	0.05	0	
12/10/2011 15:19:42	TASTEGGIO	0	3	5000	42060	110643	144	-17	0.03	0.06	24500	
12/10/2011 15:21:35	TASTEGGIO	0	3	5000	42060	110694	144	-17	0.13	0.14	-44500	
12/10/2011 15:22:00	TASTEGGIO	1	0	5000	42060	155123	55	-8	0.10	0.10	0	
12/10/2011 15:22:21	TASTEGGIO	0	1	5000	42060	155124	62	-4	0.07	0.07	0	
12/10/2011 15:22:31	TASTEGGIO	0	1	5000	42060	110687	62	-4	0.08	0.08	44500	
12/10/2011 15:22:54	TASTEGGIO	1	0	5000	42060	66235	50	-2	0.05	0.05	0	
12/10/2011 15:23:04	TASTEGGIO	1	0	5000	42060	110549	50	-2	0.07	0.07	0	
12/10/2011 15:24:56	TASTEGGIO	1	0	5000	42060	110684	50	-2	0.20	0.28	44500	
12/10/2011 15:25:16	TASTEGGIO	1	0	5000	42060	66238	65	0	0.25	0.25	0	
12/10/2011 15:25:34	TASTEGGIO	0	1	5000	42060	66226	87	0	0.23	0.23	0	
12/10/2011 15:25:55	TASTEGGIO	0	2	5000	42060	66224	129	-3	0.17	0.17	0	
12/10/2011 15:26:17	TASTEGGIO	0	3	5000	42060	66220	150	-11	0.07	0.07	0	
12/10/2011 15:26:27	TASTEGGIO	0	3	5000	42060	110548	150	-11	0.06	0.13	-44500	
12/10/2011 15:26:51	TASTEGGIO	1	0	5000	42060	154984	54	-7	0.07	0.07	0	
12/10/2011 15:27:02	TASTEGGIO	1	0	5000	42060	110668	54	-7	0.02	0.08	-44500	
12/10/2011 15:27:26	TASTEGGIO	1	0	5000	42060	155103	50	-3	0.05	0.05	0	
12/10/2011 15:27:36	TASTEGGIO	1	0	5000	42060	110680	50	-3	0.03	0.07	44500	
12/10/2011 15:28:33	ALARM 17	proc 12 prog 10 step 47	LavoroTerminato
12/10/2011 16:03:24	ALARM 406		
13/10/2011 09:21:29	ALARM 401		
13/10/2011 09:21:31	INIT OK
13/10/2011 09:21:54	ALARM 401		
13/10/2011 09:25:14	TASTEGGIO	0	0	6000	45979	117783	0	0	0.03	0.03	0	
13/10/2011 09:25:18	ALARM 401		
13/10/2011 09:26:54	TASTEGGIO	0	0	6000	45979	77799	0	0	0.01	0.01	0	
13/10/2011 09:27:25	TASTEGGIO	0	0	6000	45979	57770	0	0	0.01	0.01	0	
13/10/2011 09:27:50	TASTEGGIO	0	0	6000	45979	42759	0	0	0.00	0.00	0	
13/10/2011 09:28:12	TASTEGGIO	0	0	6000	45979	192620	0	0	0.00	0.00	0	
13/10/2011 09:28:50	TASTEGGIO	0	0	6000	45979	195636	0	0	0.01	0.01	0	
13/10/2011 09:29:07	TASTEGGIO	0	0	6000	45979	182765	0	0	0.01	0.01	0	
13/10/2011 09:29:49	TASTEGGIO	0	0	6000	45979	117767	0	0	0.03	0.03	0	
13/10/2011 09:31:41	TASTEGGIO	0	0	6000	45979	117783	0	0	0.05	0.05	0	
13/10/2011 09:32:04	TASTEGGIO	1	0	6000	45979	117816	218	-2	0.04	0.04	0	
13/10/2011 09:32:26	TASTEGGIO	0	1	6000	45979	117804	221	-1	0.03	0.03	0	
13/10/2011 09:32:34	TASTEGGIO	0	1	6000	45979	117783	221	-1	0.04	0.04	0	
13/10/2011 09:32:58	TASTEGGIO	1	0	6000	45979	117794	216	0	0.03	0.03	0	
13/10/2011 09:33:05	TASTEGGIO	1	0	6000	45979	117771	216	0	0.03	0.03	-44500	
13/10/2011 09:34:02	ALARM 17	proc 12 prog 10 step 47	LavoroTerminato
13/10/2011 16:45:27	ALARM 406		
17/10/2011 10:10:50	ALARM 401		
17/10/2011 10:10:52	INIT OK
17/10/2011 10:38:16	TASTEGGIO	0	0	5700	44803	105260	0	0	0.09	0.11	-24500	
17/10/2011 10:38:42	TASTEGGIO	1	0	5700	44803	129755	225	-20	0.06	0.06	0	
17/10/2011 10:38:52	TASTEGGIO	1	0	5700	44803	105394	225	-20	0.06	0.06	0	
17/10/2011 10:40:41	TASTEGGIO	1	0	5700	44803	105485	225	-20	0.11	0.17	24500	
17/10/2011 10:41:08	TASTEGGIO	1	0	5700	44803	81033	233	-11	0.06	0.06	0	
17/10/2011 10:41:18	TASTEGGIO	1	0	5700	44803	105325	233	-11	0.06	0.12	-44500	
17/10/2011 10:41:44	TASTEGGIO	1	0	5700	44803	149749	227	-16	0.08	0.08	0	
17/10/2011 10:41:54	TASTEGGIO	1	0	5700	44803	105507	227	-16	0.05	0.09	44500	
17/10/2011 10:42:20	TASTEGGIO	1	0	5700	44803	61054	223	-6	0.03	0.03	0	
17/10/2011 10:42:30	TASTEGGIO	1	0	5700	44803	105322	223	-6	0.07	0.07	0	
17/10/2011 10:43:27	ALARM 17	proc 12 prog 10 step 47	LavoroTerminato
17/10/2011 11:14:32	TASTEGGIO	1	0	6000	45979	92064	223	-6	0.13	0.21	24500	
17/10/2011 11:14:57	TASTEGGIO	1	0	6000	45979	67644	238	-3	0.14	0.14	0	
17/10/2011 11:15:06	TASTEGGIO	1	0	6000	45979	92022	238	-3	0.10	0.16	24500	
17/10/2011 11:15:31	TASTEGGIO	1	0	6000	45979	67596	232	-1	0.14	0.14	0	
17/10/2011 11:15:41	TASTEGGIO	1	0	6000	45979	92011	232	-1	0.12	0.16	24500	
17/10/2011 11:16:05	TASTEGGIO	1	0	6000	45979	67584	232	-2	0.13	0.13	0	
17/10/2011 11:16:15	TASTEGGIO	1	0	6000	45979	92008	232	-2	0.09	0.15	24500	
17/10/2011 11:16:40	TASTEGGIO	1	0	6000	45979	67576	231	0	0.13	0.13	0	
17/10/2011 11:16:49	TASTEGGIO	1	0	6000	45979	92009	231	0	0.08	0.14	24500	
17/10/2011 11:17:14	TASTEGGIO	1	0	6000	45979	67579	229	0	0.12	0.12	0	
17/10/2011 11:17:36	TASTEGGIO	0	1	6000	45979	67569	239	0	0.12	0.12	0	
17/10/2011 11:17:40	ALARM 401		
17/10/2011 11:18:07	TASTEGGIO	0	1	6000	45979	92012	239	0	0.07	0.14	44500	
17/10/2011 11:18:29	TASTEGGIO	1	0	6000	45979	47573	111	0	0.14	0.14	0	
17/10/2011 11:18:46	TASTEGGIO	0	1	6000	45979	47562	125	0	0.14	0.14	0	
17/10/2011 11:19:04	TASTEGGIO	0	2	6000	45979	47554	153	0	0.14	0.14	0	
17/10/2011 11:19:24	TASTEGGIO	0	3	6000	45979	47550	195	0	0.15	0.15	0	
17/10/2011 11:19:45	TASTEGGIO	0	4	6000	45979	47547	259	-4	0.09	0.09	0	
17/10/2011 11:20:07	TASTEGGIO	0	5	6000	45979	47545	271	-3	0.06	0.06	0	
17/10/2011 11:20:17	TASTEGGIO	0	5	6000	45979	92012	271	-3	0.05	0.06	44500	
17/10/2011 11:22:06	TASTEGGIO	0	5	6000	45979	92168	271	-3	0.04	0.07	24500	
17/10/2011 11:23:56	TASTEGGIO	0	5	6000	45979	92174	271	-3	0.14	0.14	24500	
17/10/2011 11:24:17	TASTEGGIO	1	0	6000	45979	67737	111	0	0.12	0.12	0	
17/10/2011 11:24:34	TASTEGGIO	0	1	6000	45979	67725	121	-1	0.11	0.11	0	
17/10/2011 11:24:53	TASTEGGIO	0	2	6000	45979	67715	141	0	0.12	0.12	0	
17/10/2011 11:25:14	TASTEGGIO	0	3	6000	45979	67710	180	-1	0.10	0.10	0	
17/10/2011 11:25:35	TASTEGGIO	0	4	6000	45979	67704	213	-2	0.09	0.09	0	
17/10/2011 11:25:57	TASTEGGIO	0	5	6000	45979	67701	253	-2	0.04	0.04	0	
17/10/2011 11:26:07	TASTEGGIO	0	5	6000	45979	92024	253	-2	0.04	0.09	-44500	
17/10/2011 11:26:30	TASTEGGIO	1	0	6000	45979	136488	107	-2	0.07	0.07	0	
17/10/2011 11:26:41	TASTEGGIO	1	0	6000	45979	92195	107	-2	0.03	0.09	-44500	
17/10/2011 11:27:04	TASTEGGIO	1	0	6000	45979	136647	107	-2	0.08	0.08	0	
17/10/2011 11:27:14	TASTEGGIO	1	0	6000	45979	92196	107	-2	0.04	0.08	-44500	
17/10/2011 11:29:04	TASTEGGIO	1	0	6000	45979	92179	107	-2	0.13	0.14	-44500	
17/10/2011 11:29:27	TASTEGGIO	1	0	6000	45979	136643	111	-2	0.13	0.13	0	
17/10/2011 11:29:46	TASTEGGIO	0	1	6000	45979	136649	123	0	0.12	0.12	0	
17/10/2011 11:30:05	TASTEGGIO	0	2	6000	45979	136651	145	-1	0.13	0.13	0	
17/10/2011 11:30:26	TASTEGGIO	0	3	6000	45979	136653	187	-1	0.11	0.11	0	
17/10/2011 11:30:47	TASTEGGIO	0	4	6000	45979	136654	224	-4	0.06	0.06	0	
17/10/2011 11:30:58	TASTEGGIO	0	4	6000	45979	92197	224	-4	0.07	0.07	0	
17/10/2011 11:32:47	TASTEGGIO	0	4	6000	45979	92179	224	-4	0.06	0.13	44500	
17/10/2011 11:33:09	TASTEGGIO	1	0	6000	45979	47740	110	1	0.12	0.12	0	
17/10/2011 11:33:26	TASTEGGIO	0	1	6000	45979	47734	121	0	0.12	0.12	0	
17/10/2011 11:33:45	TASTEGGIO	0	2	6000	45979	47730	145	0	0.13	0.13	0	
17/10/2011 11:34:03	TASTEGGIO	0	3	6000	45979	47727	187	0	0.12	0.12	0	
17/10/2011 11:34:25	TASTEGGIO	0	4	6000	45979	47728	231	-2	0.11	0.11	0	
17/10/2011 11:34:46	TASTEGGIO	0	5	6000	45979	47728	281	-4	0.06	0.06	0	
17/10/2011 11:34:56	TASTEGGIO	0	5	6000	45979	92027	281	-4	0.04	0.06	44500	
17/10/2011 11:36:47	TASTEGGIO	0	5	6000	45979	92177	281	-4	0.09	0.11	24500	
17/10/2011 11:37:08	TASTEGGIO	1	0	6000	45979	67733	109	-2	0.10	0.10	0	
17/10/2011 11:37:26	TASTEGGIO	0	1	6000	45979	67722	118	0	0.10	0.10	0	
17/10/2011 11:37:45	TASTEGGIO	0	2	6000	45979	67714	138	2	0.10	0.10	0	
17/10/2011 11:38:04	TASTEGGIO	0	3	6000	45979	67708	168	0	0.09	0.09	0	
17/10/2011 11:38:25	TASTEGGIO	0	4	6000	45979	67706	200	-2	0.08	0.08	0	
17/10/2011 11:38:35	TASTEGGIO	0	4	6000	45979	92030	200	-2	0.08	0.10	24500	
17/10/2011 11:38:56	TASTEGGIO	1	0	6000	45979	67586	108	0	0.09	0.09	0	
17/10/2011 11:39:14	TASTEGGIO	0	1	6000	45979	67578	116	0	0.08	0.08	0	
17/10/2011 11:39:24	TASTEGGIO	0	1	6000	45979	92023	116	0	0.08	0.10	24500	
17/10/2011 11:39:44	TASTEGGIO	1	0	6000	45979	67586	108	0	0.08	0.08	0	
17/10/2011 11:39:54	TASTEGGIO	1	0	6000	45979	92019	108	0	0.07	0.09	24500	
17/10/2011 11:40:15	TASTEGGIO	1	0	6000	45979	67585	107	0	0.09	0.09	0	
17/10/2011 11:40:32	TASTEGGIO	0	1	6000	45979	67575	116	0	0.09	0.09	0	
17/10/2011 11:40:51	TASTEGGIO	0	2	6000	45979	67567	134	0	0.09	0.09	0	
17/10/2011 11:41:10	TASTEGGIO	0	3	6000	45979	67562	161	0	0.08	0.08	0	
17/10/2011 11:41:19	TASTEGGIO	0	3	6000	45979	92021	161	0	0.08	0.09	24500	
17/10/2011 11:41:40	TASTEGGIO	1	0	6000	45979	67583	107	0	0.09	0.09	0	
17/10/2011 11:41:59	TASTEGGIO	0	1	6000	45979	67573	116	0	0.09	0.09	0	
17/10/2011 11:42:16	TASTEGGIO	0	2	6000	45979	67566	134	0	0.09	0.09	0	
17/10/2011 11:42:35	TASTEGGIO	0	3	6000	45979	67561	161	0	0.09	0.09	0	
17/10/2011 11:42:54	TASTEGGIO	0	4	6000	45979	67559	197	-1	0.09	0.09	0	
17/10/2011 11:43:16	TASTEGGIO	0	5	6000	45979	67558	242	-3	0.05	0.05	0	
17/10/2011 11:43:25	TASTEGGIO	0	5	6000	45979	92022	242	-3	0.08	0.08	0	
17/10/2011 11:45:16	TASTEGGIO	0	5	6000	45979	92177	242	-3	0.07	0.14	-44500	
17/10/2011 11:45:39	TASTEGGIO	1	0	6000	45979	136640	111	-3	0.14	0.14	0	
17/10/2011 11:45:58	TASTEGGIO	0	1	6000	45979	136647	125	0	0.13	0.13	0	
17/10/2011 11:46:19	TASTEGGIO	0	2	6000	45979	136650	149	-2	0.12	0.12	0	
17/10/2011 11:46:39	TASTEGGIO	0	3	6000	45979	136652	182	-1	0.11	0.11	0	
17/10/2011 11:47:01	TASTEGGIO	0	4	6000	45979	136654	222	-5	0.06	0.06	0	
17/10/2011 11:47:12	TASTEGGIO	0	4	6000	45979	92196	222	-5	0.02	0.07	-44500	
17/10/2011 11:49:02	TASTEGGIO	0	4	6000	45979	92178	222	-5	0.09	0.13	44500	
17/10/2011 11:49:24	TASTEGGIO	1	0	6000	45979	47737	110	-1	0.12	0.12	0	
17/10/2011 11:49:42	TASTEGGIO	0	1	6000	45979	47730	121	0	0.11	0.11	0	
17/10/2011 11:49:59	TASTEGGIO	0	2	6000	45979	47725	141	0	0.12	0.12	0	
17/10/2011 11:50:19	TASTEGGIO	0	3	6000	45979	47725	180	0	0.11	0.11	0	
17/10/2011 11:50:40	TASTEGGIO	0	4	6000	45979	47724	220	-2	0.10	0.10	0	
17/10/2011 11:51:02	TASTEGGIO	0	5	6000	45979	47721	265	-5	0.06	0.06	0	
17/10/2011 11:51:12	TASTEGGIO	0	5	6000	45979	92030	265	-5	0.06	0.09	-44500	
17/10/2011 11:51:35	TASTEGGIO	1	0	6000	45979	136493	107	-1	0.07	0.07	0	
17/10/2011 11:51:45	TASTEGGIO	1	0	6000	45979	92193	107	-1	0.05	0.08	-44500	
17/10/2011 11:53:36	TASTEGGIO	1	0	6000	45979	92178	107	-1	0.04	0.06	-44500	
17/10/2011 11:55:25	TASTEGGIO	1	0	6000	45979	92179	107	-1	0.08	0.09	-44500	
17/10/2011 11:55:48	TASTEGGIO	1	0	6000	45979	136651	107	-2	0.08	0.08	0	
17/10/2011 11:55:58	TASTEGGIO	1	0	6000	45979	92195	107	-2	0.06	0.09	-44500	
17/10/2011 11:56:21	TASTEGGIO	1	0	6000	45979	136658	107	-1	0.09	0.09	0	
17/10/2011 11:56:40	TASTEGGIO	0	1	6000	45979	136664	116	0	0.08	0.08	0	
17/10/2011 11:56:50	TASTEGGIO	0	1	6000	45979	92198	116	0	0.06	0.09	-44500	
17/10/2011 11:57:13	TASTEGGIO	1	0	6000	45979	136658	107	-1	0.08	0.08	0	
17/10/2011 11:57:23	TASTEGGIO	1	0	6000	45979	92200	107	-1	0.07	0.08	-44500	
17/10/2011 11:59:14	TASTEGGIO	1	0	6000	45979	92180	107	-1	0.07	0.10	44500	
17/10/2011 11:59:35	TASTEGGIO	1	0	6000	45979	47729	108	-1	0.10	0.10	0	
17/10/2011 11:59:53	TASTEGGIO	0	1	6000	45979	47724	118	0	0.10	0.10	0	
17/10/2011 12:00:10	TASTEGGIO	0	2	6000	45979	47718	138	0	0.10	0.10	0	
17/10/2011 12:00:29	TASTEGGIO	0	3	6000	45979	47712	168	0	0.10	0.10	0	
17/10/2011 12:00:50	TASTEGGIO	0	4	6000	45979	47710	208	0	0.09	0.09	0	
17/10/2011 12:01:10	TASTEGGIO	0	5	6000	45979	47708	248	-3	0.07	0.07	0	
17/10/2011 12:01:20	TASTEGGIO	0	5	6000	45979	92023	248	-3	0.04	0.08	-44500	
17/10/2011 12:03:11	TASTEGGIO	0	5	6000	45979	92273	248	-3	0.13	0.19	44500	
17/10/2011 12:03:33	TASTEGGIO	1	0	6000	45979	47816	115	0	0.18	0.18	0	
17/10/2011 12:03:51	TASTEGGIO	0	1	6000	45979	47810	132	-1	0.18	0.18	0	
17/10/2011 12:04:10	TASTEGGIO	0	2	6000	45979	47807	168	0	0.17	0.17	0	
17/10/2011 12:04:29	TASTEGGIO	0	3	6000	45979	47802	216	-1	0.16	0.16	0	
17/10/2011 12:04:50	TASTEGGIO	0	4	6000	45979	47800	276	-5	0.11	0.11	0	
17/10/2011 12:05:00	TASTEGGIO	0	4	6000	45979	92122	276	-5	0.10	0.13	44500	
17/10/2011 12:05:21	TASTEGGIO	1	0	6000	45979	47675	110	0	0.11	0.11	0	
17/10/2011 12:05:39	TASTEGGIO	0	1	6000	45979	47668	119	0	0.11	0.11	0	
17/10/2011 12:05:57	TASTEGGIO	0	2	6000	45979	47662	141	0	0.12	0.12	0	
17/10/2011 12:06:17	TASTEGGIO	0	3	6000	45979	47659	180	-1	0.11	0.11	0	
17/10/2011 12:06:37	TASTEGGIO	0	4	6000	45979	47654	220	0	0.11	0.11	0	
17/10/2011 12:06:59	TASTEGGIO	0	5	6000	45979	47651	275	0	0.10	0.10	0	
17/10/2011 12:07:21	TASTEGGIO	0	6	6000	45979	47651	329	-9	0.03	0.03	0	
17/10/2011 12:07:31	TASTEGGIO	0	6	6000	45979	92123	329	-9	0.04	0.06	-44500	
17/10/2011 12:09:22	TASTEGGIO	0	6	6000	45979	92177	329	-9	0.01	0.03	44500	
17/10/2011 12:11:13	TASTEGGIO	0	6	6000	45979	92076	329	-9	0.23	0.32	24500	
17/10/2011 12:11:34	TASTEGGIO	1	0	6000	45979	67629	126	-1	0.30	0.30	0	
17/10/2011 12:11:54	TASTEGGIO	0	1	6000	45979	67622	154	0	0.29	0.29	0	
17/10/2011 12:12:15	TASTEGGIO	0	2	6000	45979	67617	210	0	0.27	0.27	0	
17/10/2011 12:12:37	TASTEGGIO	0	3	6000	45979	67612	285	-11	0.18	0.18	0	
17/10/2011 12:13:00	TASTEGGIO	0	4	6000	45979	67600	308	-10	0.10	0.10	0	
17/10/2011 12:13:10	TASTEGGIO	0	4	6000	45979	91927	308	-10	0.09	0.11	44500	
17/10/2011 12:13:32	TASTEGGIO	1	0	6000	45979	47474	109	0	0.12	0.12	0	
17/10/2011 12:13:51	TASTEGGIO	0	1	6000	45979	47469	122	0	0.11	0.11	0	
17/10/2011 12:14:08	TASTEGGIO	0	2	6000	45979	47463	142	0	0.12	0.12	0	
17/10/2011 12:14:29	TASTEGGIO	0	3	6000	45979	47460	181	0	0.11	0.11	0	
17/10/2011 12:14:48	TASTEGGIO	0	4	6000	45979	47457	221	-2	0.10	0.10	0	
17/10/2011 12:15:10	TASTEGGIO	0	5	6000	45979	47455	266	-4	0.06	0.06	0	
17/10/2011 12:15:21	TASTEGGIO	0	5	6000	45979	91912	266	-4	0.07	0.08	-44500	
17/10/2011 12:17:10	TASTEGGIO	0	5	6000	45979	92175	266	-4	0.05	0.05	0	
17/10/2011 12:18:08	ALARM 17	proc 12 prog 10 step 47	LavoroTerminato
17/10/2011 13:00:58	TASTEGGIO	0	5	6000	45979	92176	266	-4	0.01	0.17	-44500	
17/10/2011 13:01:21	TASTEGGIO	1	0	6000	45979	136668	114	-3	0.15	0.15	0	
17/10/2011 13:01:40	TASTEGGIO	0	1	6000	45979	136668	127	0	0.15	0.15	0	
17/10/2011 13:02:01	TASTEGGIO	0	2	6000	45979	136667	157	-2	0.13	0.13	0	
17/10/2011 13:02:12	TASTEGGIO	0	2	6000	45979	92197	157	-2	0.02	0.15	-44500	
17/10/2011 13:02:35	TASTEGGIO	1	0	6000	45979	136658	112	0	0.14	0.14	0	
17/10/2011 13:02:45	TASTEGGIO	1	0	6000	45979	92197	112	0	0.02	0.15	-44500	
17/10/2011 13:03:09	TASTEGGIO	1	0	6000	45979	136658	112	0	0.14	0.14	0	
17/10/2011 13:03:19	TASTEGGIO	1	0	6000	45979	92200	112	0	0.03	0.15	-44500	
17/10/2011 13:03:42	TASTEGGIO	1	0	6000	45979	136657	112	-1	0.14	0.14	0	
17/10/2011 13:03:53	TASTEGGIO	1	0	6000	45979	92198	112	-1	0.02	0.15	-44500	
17/10/2011 13:04:16	TASTEGGIO	1	0	6000	45979	136661	112	0	0.13	0.13	0	
17/10/2011 13:04:26	TASTEGGIO	1	0	6000	45979	92198	112	0	0.03	0.14	-44500	
17/10/2011 13:04:50	TASTEGGIO	1	0	6000	45979	136664	111	2	0.14	0.14	0	
17/10/2011 13:05:10	TASTEGGIO	0	1	6000	45979	136669	125	0	0.14	0.14	0	
17/10/2011 13:05:30	TASTEGGIO	0	2	6000	45979	136672	153	0	0.13	0.13	0	
17/10/2011 13:05:50	TASTEGGIO	0	3	6000	45979	136672	189	0	0.11	0.11	0	
17/10/2011 13:06:12	TASTEGGIO	0	4	6000	45979	136675	226	-6	0.07	0.07	0	
17/10/2011 13:06:23	TASTEGGIO	0	4	6000	45979	92202	226	-6	0.08	0.12	24500	
17/10/2011 13:06:44	TASTEGGIO	1	0	6000	45979	67759	110	0	0.10	0.10	0	
17/10/2011 13:07:01	TASTEGGIO	0	1	6000	45979	67747	118	0	0.11	0.11	0	
17/10/2011 13:07:20	TASTEGGIO	0	2	6000	45979	67738	142	0	0.10	0.10	0	
17/10/2011 13:07:30	TASTEGGIO	0	2	6000	45979	92036	142	0	0.06	0.10	24500	
17/10/2011 13:09:21	TASTEGGIO	0	2	6000	45979	92179	142	0	0.05	0.07	24500	
17/10/2011 13:11:10	TASTEGGIO	0	2	6000	45979	92179	142	0	0.14	0.27	44500	
17/10/2011 13:11:32	TASTEGGIO	1	0	6000	45979	47722	122	-1	0.24	0.24	0	
17/10/2011 13:11:49	TASTEGGIO	0	1	6000	45979	47719	143	0	0.27	0.27	0	
17/10/2011 13:12:09	TASTEGGIO	0	2	6000	45979	47719	203	0	0.24	0.24	0	
17/10/2011 13:12:31	TASTEGGIO	0	3	6000	45979	47715	266	-4	0.22	0.22	0	
17/10/2011 13:12:52	TASTEGGIO	0	4	6000	45979	47716	346	-17	0.07	0.07	0	
17/10/2011 13:13:03	TASTEGGIO	0	4	6000	45979	92022	346	-17	0.04	0.08	44500	
17/10/2011 13:14:53	TASTEGGIO	0	4	6000	45979	92084	346	-17	0.09	0.09	24500	
17/10/2011 13:15:14	TASTEGGIO	1	0	6000	45979	67639	107	-1	0.08	0.08	0	
17/10/2011 13:15:24	TASTEGGIO	1	0	6000	45979	91932	107	-1	0.10	0.10	0	
17/10/2011 13:15:46	TASTEGGIO	1	0	6000	45979	91929	108	0	0.09	0.09	0	
17/10/2011 13:16:06	TASTEGGIO	0	1	6000	45979	91930	116	0	0.10	0.10	0	
17/10/2011 13:16:27	TASTEGGIO	0	2	6000	45979	91930	138	-1	0.10	0.10	0	
17/10/2011 13:16:48	TASTEGGIO	0	3	6000	45979	91933	168	-2	0.08	0.08	0	
17/10/2011 13:16:55	TASTEGGIO	0	3	6000	45979	91939	168	-2	0.08	0.08	0	
17/10/2011 13:18:46	TASTEGGIO	0	3	6000	45979	92176	168	-2	0.05	0.06	24500	
17/10/2011 13:20:36	TASTEGGIO	0	3	6000	45979	92180	168	-2	0.08	0.10	-44500	
17/10/2011 13:21:00	TASTEGGIO	1	0	6000	45979	136646	108	-2	0.09	0.09	0	
17/10/2011 13:21:19	TASTEGGIO	0	1	6000	45979	136653	116	0	0.09	0.09	0	
17/10/2011 13:21:39	TASTEGGIO	0	2	6000	45979	136657	134	0	0.09	0.09	0	
17/10/2011 13:21:59	TASTEGGIO	0	3	6000	45979	136661	161	-1	0.08	0.08	0	
17/10/2011 13:22:09	TASTEGGIO	0	3	6000	45979	92197	161	-1	0.05	0.08	-44500	
17/10/2011 13:24:00	TASTEGGIO	0	3	6000	45979	92177	161	-1	0.05	0.05	-44500	
17/10/2011 13:25:50	TASTEGGIO	0	3	6000	45979	92178	161	-1	0.04	0.21	44500	
17/10/2011 13:26:12	TASTEGGIO	1	0	6000	45979	47741	117	0	0.20	0.20	0	
17/10/2011 13:26:31	TASTEGGIO	0	1	6000	45979	47735	136	0	0.19	0.19	0	
17/10/2011 13:26:49	TASTEGGIO	0	2	6000	45979	47726	172	-2	0.19	0.19	0	
17/10/2011 13:27:09	TASTEGGIO	0	3	6000	45979	47719	229	-1	0.19	0.19	0	
17/10/2011 13:27:32	TASTEGGIO	0	4	6000	45979	47715	305	-10	0.12	0.12	0	
17/10/2011 13:27:42	TASTEGGIO	0	4	6000	45979	92026	305	-10	0.07	0.13	44500	
17/10/2011 13:28:04	TASTEGGIO	1	0	6000	45979	47568	110	0	0.12	0.12	0	
17/10/2011 13:28:23	TASTEGGIO	0	1	6000	45979	47563	121	-1	0.12	0.12	0	
17/10/2011 13:28:40	TASTEGGIO	0	2	6000	45979	47560	145	0	0.12	0.12	0	
17/10/2011 13:28:59	TASTEGGIO	0	3	6000	45979	47556	181	0	0.12	0.12	0	
17/10/2011 13:29:21	TASTEGGIO	0	4	6000	45979	47555	229	0	0.12	0.12	0	
17/10/2011 13:29:42	TASTEGGIO	0	5	6000	45979	47553	289	-6	0.07	0.07	0	
17/10/2011 13:29:52	TASTEGGIO	0	5	6000	45979	92020	289	-6	0.10	0.10	0	
17/10/2011 13:30:13	TASTEGGIO	1	0	6000	45979	92016	108	-1	0.09	0.09	0	
17/10/2011 13:30:33	TASTEGGIO	0	1	6000	45979	92020	116	0	0.09	0.09	0	
17/10/2011 13:30:52	TASTEGGIO	0	2	6000	45979	92023	134	0	0.09	0.09	0	
17/10/2011 13:31:13	TASTEGGIO	0	3	6000	45979	92024	161	-1	0.08	0.08	0	
17/10/2011 13:31:21	TASTEGGIO	0	3	6000	45979	92033	161	-1	0.08	0.10	44500	
17/10/2011 13:31:44	TASTEGGIO	1	0	6000	45979	47579	108	0	0.08	0.08	0	
17/10/2011 13:31:54	TASTEGGIO	1	0	6000	45979	92018	108	0	0.08	0.10	44500	
17/10/2011 13:32:16	TASTEGGIO	1	0	6000	45979	47567	108	0	0.08	0.08	0	
17/10/2011 13:32:26	TASTEGGIO	1	0	6000	45979	92019	108	0	0.07	0.11	44500	
17/10/2011 13:32:47	TASTEGGIO	1	0	6000	45979	47570	109	0	0.09	0.09	0	
17/10/2011 13:33:05	TASTEGGIO	0	1	6000	45979	47565	116	0	0.08	0.08	0	
17/10/2011 13:33:15	TASTEGGIO	0	1	6000	45979	92019	116	0	0.07	0.09	44500	
17/10/2011 13:33:37	TASTEGGIO	1	0	6000	45979	47577	107	0	0.08	0.08	0	
17/10/2011 13:33:47	TASTEGGIO	1	0	6000	45979	92022	107	0	0.08	0.10	-24500	
17/10/2011 13:34:10	TASTEGGIO	1	0	6000	45979	116498	108	-1	0.11	0.11	0	
17/10/2011 13:34:29	TASTEGGIO	0	1	6000	45979	116503	120	0	0.11	0.11	0	
17/10/2011 13:34:49	TASTEGGIO	0	2	6000	45979	116507	142	-1	0.11	0.11	0	
17/10/2011 13:35:11	TASTEGGIO	0	3	6000	45979	116511	175	-1	0.09	0.09	0	
17/10/2011 13:35:31	TASTEGGIO	0	4	6000	45979	116512	204	-3	0.09	0.09	0	
17/10/2011 13:35:53	TASTEGGIO	0	5	6000	45979	116513	249	-10	0.03	0.03	0	
17/10/2011 13:36:03	TASTEGGIO	0	5	6000	45979	92201	249	-10	0.05	0.15	44500	
17/10/2011 13:36:25	TASTEGGIO	1	0	6000	45979	47744	112	0	0.15	0.15	0	
17/10/2011 13:36:42	TASTEGGIO	0	1	6000	45979	47738	127	0	0.14	0.14	0	
17/10/2011 13:36:53	TASTEGGIO	0	1	6000	45979	92025	127	0	0.05	0.16	44500	
17/10/2011 13:37:14	TASTEGGIO	1	0	6000	45979	47571	113	-1	0.15	0.15	0	
17/10/2011 13:37:32	TASTEGGIO	0	1	6000	45979	47565	127	0	0.15	0.15	0	
17/10/2011 13:37:51	TASTEGGIO	0	2	6000	45979	47561	157	0	0.14	0.14	0	
17/10/2011 13:38:01	TASTEGGIO	0	2	6000	45979	92025	157	0	0.04	0.15	44500	
17/10/2011 13:38:23	TASTEGGIO	1	0	6000	45979	47579	112	0	0.15	0.15	0	
17/10/2011 13:38:40	TASTEGGIO	0	1	6000	45979	47572	127	0	0.14	0.14	0	
17/10/2011 13:38:51	TASTEGGIO	0	1	6000	45979	92020	127	0	0.04	0.15	44500	
17/10/2011 13:39:12	TASTEGGIO	1	0	6000	45979	47570	112	0	0.14	0.14	0	
17/10/2011 13:39:23	TASTEGGIO	1	0	6000	45979	92020	112	0	0.05	0.15	44500	
17/10/2011 13:39:45	TASTEGGIO	1	0	6000	45979	47574	112	0	0.15	0.15	0	
17/10/2011 13:41:49	TASTEGGIO	0	1	6000	45979	92276	127	0	0.06	0.11	44500	
17/10/2011 13:42:11	TASTEGGIO	1	0	6000	45979	47808	109	-1	0.09	0.09	0	
17/10/2011 13:42:30	TASTEGGIO	0	1	6000	45979	47803	116	0	0.09	0.09	0	
17/10/2011 13:42:49	TASTEGGIO	0	2	6000	45979	47800	134	-1	0.09	0.09	0	
17/10/2011 13:43:07	TASTEGGIO	0	3	6000	45979	47797	161	0	0.09	0.09	0	
17/10/2011 13:43:26	TASTEGGIO	0	4	6000	45979	47797	197	0	0.08	0.08	0	
17/10/2011 13:43:36	TASTEGGIO	0	4	6000	45979	92121	197	0	0.06	0.10	44500	
17/10/2011 13:43:58	TASTEGGIO	1	0	6000	45979	47671	108	0	0.08	0.08	0	
17/10/2011 13:44:08	TASTEGGIO	1	0	6000	45979	92114	108	0	0.06	0.10	44500	
17/10/2011 13:44:30	TASTEGGIO	1	0	6000	45979	47663	108	0	0.09	0.09	0	
17/10/2011 13:44:47	TASTEGGIO	0	1	6000	45979	47653	116	0	0.08	0.08	0	
17/10/2011 13:44:58	TASTEGGIO	0	1	6000	45979	92116	116	0	0.06	0.09	44500	
17/10/2011 13:45:19	TASTEGGIO	1	0	6000	45979	47667	107	0	0.09	0.09	0	
17/10/2011 13:45:37	TASTEGGIO	0	1	6000	45979	47659	116	0	0.08	0.08	0	
17/10/2011 13:45:47	TASTEGGIO	0	1	6000	45979	92113	116	0	0.06	0.10	44500	
17/10/2011 13:46:09	TASTEGGIO	1	0	6000	45979	47669	108	0	0.09	0.09	0	
17/10/2011 13:46:26	TASTEGGIO	0	1	6000	45979	47660	116	0	0.08	0.08	0	
17/10/2011 13:46:37	TASTEGGIO	0	1	6000	45979	92121	116	0	0.06	0.09	44500	
17/10/2011 13:46:58	TASTEGGIO	1	0	6000	45979	47674	107	0	0.08	0.08	0	
17/10/2011 13:47:09	TASTEGGIO	1	0	6000	45979	92121	107	0	0.05	0.10	44500	
17/10/2011 13:47:31	TASTEGGIO	1	0	6000	45979	47673	108	0	0.08	0.08	0	
17/10/2011 13:47:41	TASTEGGIO	1	0	6000	45979	92119	108	0	0.05	0.10	44500	
17/10/2011 13:48:03	TASTEGGIO	1	0	6000	45979	47672	108	3	0.08	0.08	0	
17/10/2011 13:48:13	TASTEGGIO	1	0	6000	45979	92118	108	3	0.06	0.10	44500	
17/10/2011 13:48:35	TASTEGGIO	1	0	6000	45979	47669	108	0	0.09	0.09	0	
17/10/2011 13:48:53	TASTEGGIO	0	1	6000	45979	47662	116	0	0.08	0.08	0	
17/10/2011 13:49:03	TASTEGGIO	0	1	6000	45979	92113	116	0	0.06	0.09	44500	
17/10/2011 13:49:25	TASTEGGIO	1	0	6000	45979	47670	107	0	0.09	0.09	0	
17/10/2011 13:49:42	TASTEGGIO	0	1	6000	45979	47661	116	0	0.08	0.08	0	
17/10/2011 13:49:52	TASTEGGIO	0	1	6000	45979	92123	116	0	0.05	0.10	44500	
17/10/2011 13:50:14	TASTEGGIO	1	0	6000	45979	47675	108	0	0.09	0.09	0	
17/10/2011 13:50:32	TASTEGGIO	0	1	6000	45979	47668	116	0	0.08	0.08	0	
17/10/2011 13:50:42	TASTEGGIO	0	1	6000	45979	92120	116	0	0.06	0.09	44500	
17/10/2011 13:51:04	TASTEGGIO	1	0	6000	45979	47672	107	0	0.08	0.08	0	
17/10/2011 13:51:14	TASTEGGIO	1	0	6000	45979	92118	107	0	0.05	0.10	44500	
17/10/2011 13:51:36	TASTEGGIO	1	0	6000	45979	47675	108	0	0.09	0.09	0	
17/10/2011 13:51:53	TASTEGGIO	0	1	6000	45979	47667	116	0	0.08	0.08	0	
17/10/2011 13:52:04	TASTEGGIO	0	1	6000	45979	92118	116	0	0.05	0.10	44500	
17/10/2011 13:52:26	TASTEGGIO	1	0	6000	45979	47677	108	0	0.08	0.08	0	
17/10/2011 13:52:36	TASTEGGIO	1	0	6000	45979	92118	108	0	0.07	0.10	44500	
17/10/2011 13:52:58	TASTEGGIO	1	0	6000	45979	47671	108	0	0.09	0.09	0	
17/10/2011 13:53:15	TASTEGGIO	0	1	6000	45979	47663	116	0	0.08	0.08	0	
17/10/2011 13:53:26	TASTEGGIO	0	1	6000	45979	92121	116	0	0.05	0.11	44500	
17/10/2011 13:53:48	TASTEGGIO	1	0	6000	45979	47671	109	0	0.08	0.08	0	
17/10/2011 13:53:58	TASTEGGIO	1	0	6000	45979	92115	109	0	0.06	0.09	44500	
17/10/2011 13:54:19	TASTEGGIO	1	0	6000	45979	47667	107	0	0.09	0.09	0	
17/10/2011 13:54:36	TASTEGGIO	0	1	6000	45979	47659	116	-2	0.06	0.06	0	
17/10/2011 13:54:46	TASTEGGIO	0	1	6000	45979	92120	116	-2	0.06	0.10	44500	
17/10/2011 13:55:08	TASTEGGIO	1	0	6000	45979	47673	108	0	0.08	0.08	0	
17/10/2011 13:55:18	TASTEGGIO	1	0	6000	45979	92113	108	0	0.05	0.10	44500	
17/10/2011 13:57:09	TASTEGGIO	1	0	6000	45979	92175	108	0	0.12	0.12	0	
17/10/2011 13:57:29	TASTEGGIO	1	0	6000	45979	92186	110	-3	0.10	0.10	0	
17/10/2011 13:57:37	TASTEGGIO	1	0	6000	45979	92171	110	-3	0.11	0.11	0	
17/10/2011 13:57:58	TASTEGGIO	1	0	6000	45979	92184	109	0	0.10	0.10	0	
17/10/2011 13:58:05	TASTEGGIO	1	0	6000	45979	92170	109	0	0.10	0.10	24500	
17/10/2011 13:58:27	TASTEGGIO	1	0	6000	45979	67725	108	0	0.09	0.09	0	
17/10/2011 13:58:37	TASTEGGIO	1	0	6000	45979	92019	108	0	0.10	0.10	0	
17/10/2011 13:58:57	TASTEGGIO	1	0	6000	45979	92014	108	0	0.10	0.10	0	
17/10/2011 13:59:17	TASTEGGIO	0	1	6000	45979	92016	118	0	0.09	0.09	0	
17/10/2011 13:59:25	TASTEGGIO	0	1	6000	45979	92026	118	0	0.10	0.10	0	
17/10/2011 13:59:46	TASTEGGIO	1	0	6000	45979	92022	108	0	0.09	0.09	0	
17/10/2011 13:59:53	TASTEGGIO	1	0	6000	45979	92029	108	0	0.09	0.09	0	
17/10/2011 14:01:44	TASTEGGIO	1	0	6000	45979	92180	108	0	0.17	0.22	-44500	
17/10/2011 14:02:07	TASTEGGIO	1	0	6000	45979	136643	118	-1	0.21	0.21	0	
17/10/2011 14:02:28	TASTEGGIO	0	1	6000	45979	136651	138	-1	0.21	0.21	0	
17/10/2011 14:02:48	TASTEGGIO	0	2	6000	45979	136656	180	-1	0.20	0.20	0	
17/10/2011 14:03:10	TASTEGGIO	0	3	6000	45979	136659	237	-4	0.15	0.15	0	
17/10/2011 14:03:32	TASTEGGIO	0	4	6000	45979	136661	259	-6	0.14	0.14	0	
17/10/2011 14:03:42	TASTEGGIO	0	4	6000	45979	92199	259	-6	0.09	0.12	-44500	
17/10/2011 14:04:06	TASTEGGIO	1	0	6000	45979	136657	110	0	0.12	0.12	0	
17/10/2011 14:04:25	TASTEGGIO	0	1	6000	45979	136666	122	1	0.12	0.12	0	
17/10/2011 14:04:45	TASTEGGIO	0	2	6000	45979	136671	146	0	0.12	0.12	0	
17/10/2011 14:05:07	TASTEGGIO	0	3	6000	45979	136675	182	0	0.12	0.12	0	
17/10/2011 14:05:27	TASTEGGIO	0	4	6000	45979	136678	230	0	0.11	0.11	0	
17/10/2011 14:05:49	TASTEGGIO	0	5	6000	45979	136681	280	-5	0.06	0.06	0	
17/10/2011 14:06:00	TASTEGGIO	0	5	6000	45979	92198	280	-5	0.10	0.10	0	
17/10/2011 14:06:21	TASTEGGIO	1	0	6000	45979	92212	108	0	0.07	0.07	0	
17/10/2011 14:06:28	TASTEGGIO	1	0	6000	45979	92194	108	0	0.08	0.08	0	
17/10/2011 14:08:19	TASTEGGIO	1	0	6000	45979	92181	108	0	0.22	0.31	24500	
17/10/2011 14:08:41	TASTEGGIO	1	0	6000	45979	67737	126	-1	0.30	0.30	0	
17/10/2011 14:09:01	TASTEGGIO	0	1	6000	45979	67725	155	0	0.29	0.29	0	
17/10/2011 14:09:22	TASTEGGIO	0	2	6000	45979	67718	211	-1	0.28	0.28	0	
17/10/2011 14:09:44	TASTEGGIO	0	3	6000	45979	67711	292	-9	0.19	0.19	0	
17/10/2011 14:10:06	TASTEGGIO	0	4	6000	45979	67701	317	-9	0.12	0.12	0	
17/10/2011 14:10:16	TASTEGGIO	0	4	6000	45979	92023	317	-9	0.08	0.13	44500	
17/10/2011 14:10:38	TASTEGGIO	1	0	6000	45979	47578	110	0	0.11	0.11	0	
17/10/2011 14:10:56	TASTEGGIO	0	1	6000	45979	47567	119	0	0.11	0.11	0	
17/10/2011 14:11:15	TASTEGGIO	0	2	6000	45979	47562	141	0	0.12	0.12	0	
17/10/2011 14:11:34	TASTEGGIO	0	3	6000	45979	47556	180	-1	0.11	0.11	0	
17/10/2011 14:11:56	TASTEGGIO	0	4	6000	45979	47552	220	-1	0.09	0.09	0	
17/10/2011 14:12:06	TASTEGGIO	0	4	6000	45979	92017	220	-1	0.07	0.11	24500	
17/10/2011 14:12:28	TASTEGGIO	1	0	6000	45979	67582	109	-1	0.10	0.10	0	
17/10/2011 14:12:46	TASTEGGIO	0	1	6000	45979	67569	118	0	0.11	0.11	0	
17/10/2011 14:13:06	TASTEGGIO	0	2	6000	45979	67561	142	0	0.11	0.11	0	
17/10/2011 14:13:26	TASTEGGIO	0	3	6000	45979	67555	175	-1	0.10	0.10	0	
17/10/2011 14:13:47	TASTEGGIO	0	4	6000	45979	67548	211	0	0.10	0.10	0	
17/10/2011 14:14:09	TASTEGGIO	0	5	6000	45979	67545	261	-1	0.10	0.10	0	
17/10/2011 14:14:31	TASTEGGIO	0	6	6000	45979	67545	321	-3	0.07	0.07	0	
17/10/2011 14:14:41	TASTEGGIO	0	6	6000	45979	92024	321	-3	0.04	0.07	44500	
17/10/2011 14:16:31	TASTEGGIO	0	6	6000	45979	92075	321	-3	0.10	0.14	44500	
17/10/2011 14:16:52	TASTEGGIO	1	0	6000	45979	47610	111	-1	0.13	0.13	0	
17/10/2011 14:17:09	TASTEGGIO	0	1	6000	45979	47602	123	0	0.13	0.13	0	
17/10/2011 14:17:28	TASTEGGIO	0	2	6000	45979	47597	149	-2	0.13	0.13	0	
17/10/2011 14:17:48	TASTEGGIO	0	3	6000	45979	47596	188	0	0.12	0.12	0	
17/10/2011 14:18:10	TASTEGGIO	0	4	6000	45979	47596	232	-1	0.11	0.11	0	
17/10/2011 14:18:31	TASTEGGIO	0	5	6000	45979	47600	282	-5	0.08	0.08	0	
17/10/2011 14:18:41	TASTEGGIO	0	5	6000	45979	91918	282	-5	0.07	0.14	-44500	
17/10/2011 14:19:05	TASTEGGIO	1	0	6000	45979	136379	111	-1	0.13	0.13	0	
17/10/2011 14:19:26	TASTEGGIO	0	1	6000	45979	136389	123	-1	0.12	0.12	0	
17/10/2011 14:19:47	TASTEGGIO	0	2	6000	45979	136393	145	-1	0.12	0.12	0	
17/10/2011 14:20:07	TASTEGGIO	0	3	6000	45979	136393	181	-1	0.11	0.11	0	
17/10/2011 14:20:28	TASTEGGIO	0	4	6000	45979	136394	221	-4	0.08	0.08	0	
17/10/2011 14:20:39	TASTEGGIO	0	4	6000	45979	92099	221	-4	0.11	0.13	24500	
17/10/2011 14:21:01	TASTEGGIO	1	0	6000	45979	67654	110	0	0.12	0.12	0	
17/10/2011 14:21:19	TASTEGGIO	0	1	6000	45979	67642	121	0	0.11	0.11	0	
17/10/2011 14:21:37	TASTEGGIO	0	2	6000	45979	67635	141	-1	0.11	0.11	0	
17/10/2011 14:21:47	TASTEGGIO	0	2	6000	45979	91921	141	-1	0.10	0.12	24500	
17/10/2011 14:22:09	TASTEGGIO	1	0	6000	45979	67486	110	1	0.11	0.11	0	
17/10/2011 14:22:18	TASTEGGIO	1	0	6000	45979	91911	110	1	0.10	0.11	24500	
17/10/2011 14:24:09	TASTEGGIO	1	0	6000	45979	92177	110	1	0.05	0.05	0	
17/10/2011 14:25:59	TASTEGGIO	1	0	6000	45979	92181	110	1	0.09	0.18	-44500	
17/10/2011 14:26:23	TASTEGGIO	1	0	6000	45979	136646	115	-2	0.18	0.18	0	
17/10/2011 14:26:43	TASTEGGIO	0	1	6000	45979	136656	133	0	0.16	0.16	0	
17/10/2011 14:27:04	TASTEGGIO	0	2	6000	45979	136660	161	0	0.16	0.16	0	
17/10/2011 14:27:24	TASTEGGIO	0	3	6000	45979	136661	209	-3	0.13	0.13	0	
17/10/2011 14:27:34	TASTEGGIO	0	3	6000	45979	92199	209	-3	0.07	0.15	44500	
17/10/2011 14:27:55	TASTEGGIO	1	0	6000	45979	47740	112	0	0.13	0.13	0	
17/10/2011 14:28:06	TASTEGGIO	1	0	6000	45979	92020	112	0	0.06	0.15	44500	
17/10/2011 14:28:28	TASTEGGIO	1	0	6000	45979	47567	112	0	0.13	0.13	0	
17/10/2011 14:28:38	TASTEGGIO	1	0	6000	45979	92012	112	0	0.08	0.14	-44500	
17/10/2011 14:29:02	TASTEGGIO	1	0	6000	45979	136481	111	-1	0.13	0.13	0	
17/10/2011 14:29:21	TASTEGGIO	0	1	6000	45979	136487	123	0	0.14	0.14	0	
17/10/2011 14:29:42	TASTEGGIO	0	2	6000	45979	136492	153	0	0.13	0.13	0	
17/10/2011 14:30:02	TASTEGGIO	0	3	6000	45979	136494	189	0	0.13	0.13	0	
17/10/2011 14:30:25	TASTEGGIO	0	4	6000	45979	136494	241	-4	0.10	0.10	0	
17/10/2011 14:30:46	TASTEGGIO	0	5	6000	45979	136495	258	-2	0.07	0.07	0	
17/10/2011 14:30:57	TASTEGGIO	0	5	6000	45979	92191	258	-2	0.03	0.13	44500	
17/10/2011 14:31:19	TASTEGGIO	1	0	6000	45979	47742	110	0	0.11	0.11	0	
17/10/2011 14:31:38	TASTEGGIO	0	1	6000	45979	47735	119	0	0.11	0.11	0	
17/10/2011 14:31:56	TASTEGGIO	0	2	6000	45979	47730	141	0	0.10	0.10	0	
17/10/2011 14:32:16	TASTEGGIO	0	3	6000	45979	47726	168	0	0.10	0.10	0	
17/10/2011 14:32:36	TASTEGGIO	0	4	6000	45979	47730	208	0	0.10	0.10	0	
17/10/2011 14:32:57	TASTEGGIO	0	5	6000	45979	47733	258	-2	0.09	0.09	0	
17/10/2011 14:33:19	TASTEGGIO	0	6	6000	45979	47734	306	-5	0.07	0.07	0	
17/10/2011 14:33:30	TASTEGGIO	0	6	6000	45979	92023	306	-5	0.08	0.08	0	
17/10/2011 14:35:20	TASTEGGIO	0	6	6000	45979	92179	306	-5	0.06	0.08	44500	
17/10/2011 14:37:11	TASTEGGIO	0	6	6000	45979	92184	306	-5	0.19	0.19	0	
17/10/2011 14:37:31	TASTEGGIO	1	0	6000	45979	92197	115	-2	0.19	0.19	0	
17/10/2011 14:37:52	TASTEGGIO	0	1	6000	45979	92199	134	0	0.18	0.18	0	
17/10/2011 14:38:12	TASTEGGIO	0	2	6000	45979	92198	168	0	0.17	0.17	0	
17/10/2011 14:38:34	TASTEGGIO	0	3	6000	45979	92196	216	-3	0.16	0.16	0	
17/10/2011 14:38:55	TASTEGGIO	0	4	6000	45979	92195	276	-10	0.05	0.05	0	
17/10/2011 14:39:03	TASTEGGIO	0	4	6000	45979	92174	276	-10	0.06	0.11	44500	
17/10/2011 14:39:25	TASTEGGIO	1	0	6000	45979	47713	109	0	0.10	0.10	0	
17/10/2011 14:39:43	TASTEGGIO	0	1	6000	45979	47706	118	0	0.10	0.10	0	
17/10/2011 14:40:02	TASTEGGIO	0	2	6000	45979	47702	138	0	0.10	0.10	0	
17/10/2011 14:40:23	TASTEGGIO	0	3	6000	45979	47699	168	0	0.10	0.10	0	
17/10/2011 14:40:42	TASTEGGIO	0	4	6000	45979	47696	208	-1	0.10	0.10	0	
17/10/2011 14:41:03	TASTEGGIO	0	5	6000	45979	47696	258	-3	0.06	0.06	0	
17/10/2011 14:41:14	TASTEGGIO	0	5	6000	45979	92019	258	-3	0.04	0.07	-44500	
17/10/2011 14:43:04	TASTEGGIO	0	5	6000	45979	92083	258	-3	0.06	0.08	-44500	
17/10/2011 14:44:55	TASTEGGIO	0	5	6000	45979	92273	258	-3	0.08	0.09	-44500	
17/10/2011 14:45:18	TASTEGGIO	1	0	6000	45979	136740	107	-3	0.08	0.08	0	
17/10/2011 14:45:29	TASTEGGIO	1	0	6000	45979	92292	107	-3	0.07	0.08	-44500	
17/10/2011 14:47:19	TASTEGGIO	1	0	6000	45979	92179	107	-3	0.23	0.25	-44500	
17/10/2011 14:47:42	TASTEGGIO	1	0	6000	45979	136650	121	-2	0.24	0.24	0	
17/10/2011 14:48:02	TASTEGGIO	0	1	6000	45979	136657	144	0	0.24	0.24	0	
17/10/2011 14:48:24	TASTEGGIO	0	2	6000	45979	136659	192	-1	0.21	0.21	0	
17/10/2011 14:48:45	TASTEGGIO	0	3	6000	45979	136660	247	-7	0.16	0.16	0	
17/10/2011 14:49:08	TASTEGGIO	0	4	6000	45979	136660	271	-6	0.11	0.11	0	
17/10/2011 14:49:18	TASTEGGIO	0	4	6000	45979	92198	271	-6	0.14	0.18	24500	
17/10/2011 14:49:39	TASTEGGIO	1	0	6000	45979	67758	115	1	0.17	0.17	0	
17/10/2011 14:49:58	TASTEGGIO	0	1	6000	45979	67746	131	0	0.17	0.17	0	
17/10/2011 14:50:17	TASTEGGIO	0	2	6000	45979	67739	165	0	0.16	0.16	0	
17/10/2011 14:50:37	TASTEGGIO	0	3	6000	45979	67731	210	-1	0.14	0.14	0	
17/10/2011 14:50:47	TASTEGGIO	0	3	6000	45979	92024	210	-1	0.13	0.15	24500	
17/10/2011 14:51:09	TASTEGGIO	1	0	6000	45979	67589	112	-1	0.15	0.15	0	
17/10/2011 14:51:28	TASTEGGIO	0	1	6000	45979	67578	127	0	0.15	0.15	0	
17/10/2011 14:51:49	TASTEGGIO	0	2	6000	45979	67571	157	-1	0.15	0.15	0	
17/10/2011 14:52:10	TASTEGGIO	0	3	6000	45979	67566	202	0	0.15	0.15	0	
17/10/2011 14:52:31	TASTEGGIO	0	4	6000	45979	67561	262	-6	0.09	0.09	0	
17/10/2011 14:52:41	TASTEGGIO	0	4	6000	45979	92019	262	-6	0.09	0.10	24500	
17/10/2011 14:53:03	TASTEGGIO	1	0	6000	45979	67579	108	0	0.09	0.09	0	
17/10/2011 14:53:21	TASTEGGIO	0	1	6000	45979	67568	116	0	0.09	0.09	0	
17/10/2011 14:53:40	TASTEGGIO	0	2	6000	45979	67562	134	0	0.09	0.09	0	
17/10/2011 14:53:59	TASTEGGIO	0	3	6000	45979	67555	161	0	0.09	0.09	0	
17/10/2011 14:54:19	TASTEGGIO	0	4	6000	45979	67550	197	0	0.10	0.10	0	
17/10/2011 14:54:42	TASTEGGIO	0	5	6000	45979	67547	252	0	0.09	0.09	0	
17/10/2011 14:55:05	TASTEGGIO	0	6	6000	45979	67547	300	-7	0.03	0.03	0	
17/10/2011 14:55:15	TASTEGGIO	0	6	6000	45979	92019	300	-7	0.02	0.05	-44500	
17/10/2011 14:57:05	TASTEGGIO	0	6	6000	45979	92179	300	-7	0.08	0.14	44500	
17/10/2011 14:57:27	TASTEGGIO	1	0	6000	45979	47723	111	-1	0.13	0.13	0	
17/10/2011 14:57:46	TASTEGGIO	0	1	6000	45979	47716	123	0	0.13	0.13	0	
17/10/2011 14:58:04	TASTEGGIO	0	2	6000	45979	47710	149	-1	0.11	0.11	0	
17/10/2011 14:58:25	TASTEGGIO	0	3	6000	45979	47706	176	0	0.12	0.12	0	
17/10/2011 14:58:45	TASTEGGIO	0	4	6000	45979	47703	228	-1	0.11	0.11	0	
17/10/2011 14:59:07	TASTEGGIO	0	5	6000	45979	47702	278	0	0.09	0.09	0	
17/10/2011 14:59:29	TASTEGGIO	0	6	6000	45979	47701	322	-7	0.03	0.03	0	
17/10/2011 14:59:40	TASTEGGIO	0	6	6000	45979	92017	322	-7	0.06	0.07	-44500	
17/10/2011 15:01:29	TASTEGGIO	0	6	6000	45979	92181	322	-7	0.14	0.27	44500	
17/10/2011 15:01:51	TASTEGGIO	1	0	6000	45979	47719	122	0	0.24	0.24	0	
17/10/2011 15:02:09	TASTEGGIO	0	1	6000	45979	47711	143	0	0.24	0.24	0	
17/10/2011 15:02:30	TASTEGGIO	0	2	6000	45979	47707	191	0	0.24	0.24	0	
17/10/2011 15:02:51	TASTEGGIO	0	3	6000	45979	47705	263	-3	0.21	0.21	0	
17/10/2011 15:03:14	TASTEGGIO	0	4	6000	45979	47704	336	-10	0.13	0.13	0	
17/10/2011 15:03:24	TASTEGGIO	0	4	6000	45979	92020	336	-10	0.06	0.21	-44500	
17/10/2011 15:03:48	TASTEGGIO	1	0	6000	45979	136480	117	-1	0.20	0.20	0	
17/10/2011 15:04:08	TASTEGGIO	0	1	6000	45979	136490	136	-1	0.20	0.20	0	
17/10/2011 15:04:28	TASTEGGIO	0	2	6000	45979	136495	176	-1	0.19	0.19	0	
17/10/2011 15:04:50	TASTEGGIO	0	3	6000	45979	136500	230	-5	0.15	0.15	0	
17/10/2011 15:05:12	TASTEGGIO	0	4	6000	45979	136502	253	-6	0.10	0.10	0	
17/10/2011 15:05:23	TASTEGGIO	0	4	6000	45979	92189	253	-6	0.04	0.12	44500	
17/10/2011 15:05:45	TASTEGGIO	1	0	6000	45979	47738	110	0	0.11	0.11	0	
17/10/2011 15:06:04	TASTEGGIO	0	1	6000	45979	47731	120	0	0.11	0.11	0	
17/10/2011 15:06:22	TASTEGGIO	0	2	6000	45979	47724	142	0	0.11	0.11	0	
17/10/2011 15:06:42	TASTEGGIO	0	3	6000	45979	47720	175	0	0.11	0.11	0	
17/10/2011 15:07:02	TASTEGGIO	0	4	6000	45979	47723	219	0	0.10	0.10	0	
17/10/2011 15:07:23	TASTEGGIO	0	5	6000	45979	47725	264	3	0.08	0.08	0	
17/10/2011 15:07:33	TASTEGGIO	0	5	6000	45979	92025	264	3	0.03	0.10	-44500	
17/10/2011 15:07:57	TASTEGGIO	1	0	6000	45979	136489	108	-2	0.10	0.10	0	
17/10/2011 15:08:16	TASTEGGIO	0	1	6000	45979	136497	118	-1	0.09	0.09	0	
17/10/2011 15:08:36	TASTEGGIO	0	2	6000	45979	136504	134	0	0.08	0.08	0	
17/10/2011 15:08:47	TASTEGGIO	0	2	6000	45979	92194	134	0	0.03	0.10	44500	
17/10/2011 15:09:09	TASTEGGIO	1	0	6000	45979	47740	108	0	0.08	0.08	0	
17/10/2011 15:09:19	TASTEGGIO	1	0	6000	45979	92023	108	0	0.03	0.10	44500	
17/10/2011 15:09:41	TASTEGGIO	1	0	6000	45979	47573	108	0	0.08	0.08	0	
17/10/2011 15:09:51	TASTEGGIO	1	0	6000	45979	92019	108	0	0.03	0.10	44500	
17/10/2011 15:10:13	TASTEGGIO	1	0	6000	45979	47569	108	0	0.09	0.09	0	
17/10/2011 15:10:31	TASTEGGIO	0	1	6000	45979	47562	116	0	0.08	0.08	0	
17/10/2011 15:10:41	TASTEGGIO	0	1	6000	45979	92024	116	0	0.03	0.10	-44500	
17/10/2011 15:11:04	TASTEGGIO	1	0	6000	45979	136493	108	-1	0.09	0.09	0	
17/10/2011 15:11:22	TASTEGGIO	0	1	6000	45979	136501	116	-1	0.09	0.09	0	
17/10/2011 15:11:42	TASTEGGIO	0	2	6000	45979	136504	134	0	0.09	0.09	0	
17/10/2011 15:12:02	TASTEGGIO	0	3	6000	45979	136505	161	-1	0.08	0.08	0	
17/10/2011 15:12:12	TASTEGGIO	0	3	6000	45979	92196	161	-1	0.03	0.10	-44500	
17/10/2011 15:12:36	TASTEGGIO	1	0	6000	45979	136659	108	0	0.09	0.09	0	
17/10/2011 15:12:55	TASTEGGIO	0	1	6000	45979	136665	116	0	0.09	0.09	0	
17/10/2011 15:13:14	TASTEGGIO	0	2	6000	45979	136671	134	0	0.10	0.10	0	
17/10/2011 15:13:35	TASTEGGIO	0	3	6000	45979	136674	167	-1	0.09	0.09	0	
17/10/2011 15:13:56	TASTEGGIO	0	4	6000	45979	136676	199	-1	0.08	0.08	0	
17/10/2011 15:14:06	TASTEGGIO	0	4	6000	45979	92199	199	-1	0.03	0.09	44500	
17/10/2011 15:15:57	TASTEGGIO	0	4	6000	45979	92182	199	-1	0.13	0.15	24500	
17/10/2011 15:16:18	TASTEGGIO	1	0	6000	45979	67743	112	0	0.14	0.14	0	
17/10/2011 15:16:28	TASTEGGIO	1	0	6000	45979	92028	112	0	0.14	0.14	24500	
17/10/2011 15:16:49	TASTEGGIO	1	0	6000	45979	67589	111	0	0.14	0.14	0	
17/10/2011 15:17:07	TASTEGGIO	0	1	6000	45979	67576	125	0	0.14	0.14	0	
17/10/2011 15:17:28	TASTEGGIO	0	2	6000	45979	67569	153	0	0.13	0.13	0	
17/10/2011 15:17:48	TASTEGGIO	0	3	6000	45979	67561	189	-1	0.12	0.12	0	
17/10/2011 15:18:10	TASTEGGIO	0	4	6000	45979	67556	233	-3	0.09	0.09	0	
17/10/2011 15:18:19	TASTEGGIO	0	4	6000	45979	92020	233	-3	0.11	0.11	0	
17/10/2011 15:18:41	TASTEGGIO	1	0	6000	45979	92015	109	-1	0.10	0.10	0	
17/10/2011 15:19:01	TASTEGGIO	0	1	6000	45979	92016	118	0	0.10	0.10	0	
17/10/2011 15:19:21	TASTEGGIO	0	2	6000	45979	92017	138	-1	0.09	0.09	0	
17/10/2011 15:19:29	TASTEGGIO	0	2	6000	45979	92027	138	-1	0.10	0.10	0	
17/10/2011 15:19:50	TASTEGGIO	1	0	6000	45979	92023	108	0	0.09	0.09	0	
17/10/2011 15:19:58	TASTEGGIO	1	0	6000	45979	92031	108	0	0.10	0.10	0	
17/10/2011 15:20:19	TASTEGGIO	1	0	6000	45979	92027	108	0	0.10	0.10	0	
17/10/2011 15:20:38	TASTEGGIO	0	1	6000	45979	92027	118	0	0.09	0.09	0	
17/10/2011 15:20:46	TASTEGGIO	0	1	6000	45979	92036	118	0	0.10	0.10	24500	
17/10/2011 15:21:08	TASTEGGIO	1	0	6000	45979	67594	108	1	0.09	0.09	0	
17/10/2011 15:21:17	TASTEGGIO	1	0	6000	45979	92027	108	1	0.10	0.10	0	
17/10/2011 15:21:39	TASTEGGIO	1	0	6000	45979	92022	108	0	0.09	0.09	0	
17/10/2011 15:21:46	TASTEGGIO	1	0	6000	45979	92033	108	0	0.09	0.09	24500	
17/10/2011 15:23:35	TASTEGGIO	1	0	6000	45979	92176	108	0	0.28	0.35	24500	
17/10/2011 15:23:57	TASTEGGIO	1	0	6000	45979	67732	129	-1	0.34	0.34	0	
17/10/2011 15:24:17	TASTEGGIO	0	1	6000	45979	67718	162	1	0.33	0.33	0	
17/10/2011 15:24:37	TASTEGGIO	0	2	6000	45979	67707	226	-1	0.31	0.31	0	
17/10/2011 15:25:01	TASTEGGIO	0	3	6000	45979	67697	313	-11	0.21	0.21	0	
17/10/2011 15:25:23	TASTEGGIO	0	4	6000	45979	67695	341	-12	0.09	0.09	0	
17/10/2011 15:25:33	TASTEGGIO	0	4	6000	45979	92022	341	-12	0.09	0.15	-44500	
17/10/2011 15:25:57	TASTEGGIO	1	0	6000	45979	136489	112	-2	0.13	0.13	0	
17/10/2011 15:26:08	TASTEGGIO	1	0	6000	45979	92194	112	-2	0.08	0.14	-44500	
17/10/2011 15:26:31	TASTEGGIO	1	0	6000	45979	136652	111	0	0.13	0.13	0	
17/10/2011 15:26:52	TASTEGGIO	0	1	6000	45979	136660	123	0	0.12	0.12	0	
17/10/2011 15:27:12	TASTEGGIO	0	2	6000	45979	136667	145	1	0.13	0.13	0	
17/10/2011 15:27:32	TASTEGGIO	0	3	6000	45979	136672	187	-2	0.11	0.11	0	
17/10/2011 15:27:53	TASTEGGIO	0	4	6000	45979	136675	224	-4	0.07	0.07	0	
17/10/2011 15:28:04	TASTEGGIO	0	4	6000	45979	92196	224	-4	0.08	0.10	24500	
17/10/2011 15:28:25	TASTEGGIO	1	0	6000	45979	67747	108	2	0.10	0.10	0	
17/10/2011 15:28:43	TASTEGGIO	0	1	6000	45979	67735	118	0	0.10	0.10	0	
17/10/2011 15:29:03	TASTEGGIO	0	2	6000	45979	67726	138	-1	0.10	0.10	0	
17/10/2011 15:29:24	TASTEGGIO	0	3	6000	45979	67721	168	1	0.10	0.10	0	
17/10/2011 15:29:45	TASTEGGIO	0	4	6000	45979	67717	208	0	0.09	0.09	0	
17/10/2011 15:29:55	TASTEGGIO	0	4	6000	45979	92026	208	0	0.08	0.10	24500	
17/10/2011 15:30:17	TASTEGGIO	1	0	6000	45979	67587	108	0	0.11	0.11	0	
17/10/2011 15:30:35	TASTEGGIO	0	1	6000	45979	67574	120	0	0.09	0.09	0	
17/10/2011 15:30:44	TASTEGGIO	0	1	6000	45979	92022	120	0	0.09	0.10	24500	
17/10/2011 15:32:35	TASTEGGIO	0	1	6000	45979	92282	120	0	0.12	0.23	44500	
17/10/2011 15:32:57	TASTEGGIO	1	0	6000	45979	47822	119	-1	0.21	0.21	0	
17/10/2011 15:33:16	TASTEGGIO	0	1	6000	45979	47813	138	0	0.21	0.21	0	
17/10/2011 15:33:34	TASTEGGIO	0	2	6000	45979	47808	180	0	0.20	0.20	0	
17/10/2011 15:33:55	TASTEGGIO	0	3	6000	45979	47805	237	-2	0.18	0.18	0	
17/10/2011 15:34:17	TASTEGGIO	0	4	6000	45979	47804	301	-10	0.10	0.10	0	
17/10/2011 15:34:27	TASTEGGIO	0	4	6000	45979	92122	301	-10	0.08	0.12	44500	
17/10/2011 15:34:49	TASTEGGIO	1	0	6000	45979	47672	110	0	0.11	0.11	0	
17/10/2011 15:35:07	TASTEGGIO	0	1	6000	45979	47663	120	0	0.10	0.10	0	
17/10/2011 15:35:25	TASTEGGIO	0	2	6000	45979	47657	138	0	0.10	0.10	0	
17/10/2011 15:35:45	TASTEGGIO	0	3	6000	45979	47653	168	0	0.10	0.10	0	
17/10/2011 15:36:06	TASTEGGIO	0	4	6000	45979	47649	208	0	0.10	0.10	0	
17/10/2011 15:36:16	TASTEGGIO	0	4	6000	45979	92120	208	0	0.07	0.12	24500	
17/10/2011 15:36:38	TASTEGGIO	1	0	6000	45979	67682	110	0	0.11	0.11	0	
17/10/2011 15:36:56	TASTEGGIO	0	1	6000	45979	67671	120	0	0.12	0.12	0	
17/10/2011 15:37:15	TASTEGGIO	0	2	6000	45979	67662	146	0	0.11	0.11	0	
17/10/2011 15:37:36	TASTEGGIO	0	3	6000	45979	67656	176	-1	0.09	0.09	0	
17/10/2011 15:37:46	TASTEGGIO	0	3	6000	45979	92119	176	-1	0.07	0.11	24500	
17/10/2011 15:38:44	ALARM 17	proc 12 prog 10 step 47	LavoroTerminato
17/10/2011 15:55:54	ALARM 406		
18/10/2011 07:25:57	ALARM 401		
18/10/2011 07:25:58	INIT OK
18/10/2011 07:38:42	TASTEGGIO	0	0	6000	45979	90043	0	0	0.11	0.11	24500	
18/10/2011 07:39:04	TASTEGGIO	1	0	6000	45979	65625	109	-3	0.07	0.07	0	
18/10/2011 07:39:13	TASTEGGIO	1	0	6000	45979	90012	109	-3	0.08	0.08	0	
18/10/2011 07:41:03	TASTEGGIO	1	0	6000	45979	90100	109	-3	0.28	0.31	24500	
18/10/2011 07:41:24	TASTEGGIO	1	0	6000	45979	65656	126	-7	0.32	0.32	0	
18/10/2011 07:41:43	TASTEGGIO	0	1	6000	45979	65646	159	-3	0.28	0.28	0	
18/10/2011 07:42:03	TASTEGGIO	0	2	6000	45979	65638	208	-6	0.24	0.24	0	
18/10/2011 07:42:24	TASTEGGIO	0	3	6000	45979	65635	269	-32	0.10	0.10	0	
18/10/2011 07:42:34	TASTEGGIO	0	3	6000	45979	89916	269	-32	0.06	0.10	24500	
18/10/2011 07:42:56	TASTEGGIO	1	0	6000	45979	65486	108	-5	0.04	0.04	0	
18/10/2011 07:43:05	TASTEGGIO	1	0	6000	45979	89899	108	-5	0.03	0.05	44500	
18/10/2011 07:44:56	TASTEGGIO	1	0	6000	45979	90102	108	-5	0.11	0.11	0	
18/10/2011 07:45:17	TASTEGGIO	1	0	6000	45979	90118	109	-4	0.09	0.09	0	
18/10/2011 07:45:35	TASTEGGIO	0	1	6000	45979	90120	116	0	0.07	0.07	0	
18/10/2011 07:45:43	TASTEGGIO	0	1	6000	45979	90101	116	0	0.07	0.08	44500	
18/10/2011 07:47:33	TASTEGGIO	0	1	6000	45979	90198	116	0	0.51	0.56	24500	
18/10/2011 07:47:55	TASTEGGIO	1	0	6000	45979	65736	147	-3	0.51	0.51	0	
18/10/2011 07:48:16	TASTEGGIO	0	1	6000	45979	65729	193	-3	0.47	0.47	0	
18/10/2011 07:48:37	TASTEGGIO	0	2	6000	45979	65726	279	-29	0.20	0.20	0	
18/10/2011 07:48:54	TASTEGGIO	0	0	6000	45979	65723	116	1	0.20	0.20	0	
18/10/2011 07:49:14	TASTEGGIO	0	1	6000	45979	65721	136	0	0.20	0.20	0	
18/10/2011 07:49:33	TASTEGGIO	0	2	6000	45979	65720	176	-1	0.19	0.19	0	
18/10/2011 07:49:55	TASTEGGIO	0	3	6000	45979	65720	230	-4	0.15	0.15	0	
18/10/2011 07:50:16	TASTEGGIO	0	4	6000	45979	65720	253	-14	0.03	0.03	0	
18/10/2011 07:50:25	TASTEGGIO	0	4	6000	45979	90026	253	-14	0.15	0.15	0	
18/10/2011 07:50:47	TASTEGGIO	1	0	6000	45979	90024	112	-2	0.12	0.12	0	
18/10/2011 07:50:55	TASTEGGIO	1	0	6000	45979	90030	112	-2	0.13	0.13	0	
18/10/2011 07:51:15	TASTEGGIO	1	0	6000	45979	90028	110	0	0.12	0.12	0	
18/10/2011 07:51:35	TASTEGGIO	0	1	6000	45979	90027	121	0	0.12	0.12	0	
18/10/2011 07:51:54	TASTEGGIO	0	2	6000	45979	90029	145	-2	0.10	0.10	0	
18/10/2011 07:52:15	TASTEGGIO	0	3	6000	45979	90030	169	-5	0.05	0.05	0	
18/10/2011 07:52:23	TASTEGGIO	0	3	6000	45979	90037	169	-5	0.05	0.16	44500	
18/10/2011 07:52:44	TASTEGGIO	1	0	6000	45979	45582	113	-2	0.14	0.14	0	
18/10/2011 07:52:55	TASTEGGIO	1	0	6000	45979	90012	113	-2	0.07	0.14	44500	
18/10/2011 07:53:16	TASTEGGIO	1	0	6000	45979	45572	111	0	0.14	0.14	0	
18/10/2011 07:53:34	TASTEGGIO	0	1	6000	45979	45565	125	0	0.14	0.14	0	
18/10/2011 07:53:52	TASTEGGIO	0	2	6000	45979	45561	153	0	0.13	0.13	0	
18/10/2011 07:54:12	TASTEGGIO	0	3	6000	45979	45557	189	-2	0.10	0.10	0	
18/10/2011 07:54:32	TASTEGGIO	0	4	6000	45979	45562	204	-4	0.09	0.09	0	
18/10/2011 07:54:53	TASTEGGIO	0	5	6000	45979	45562	244	-9	0.03	0.03	0	
18/10/2011 07:55:04	TASTEGGIO	0	5	6000	45979	90013	244	-9	0.15	0.15	0	
18/10/2011 07:55:24	TASTEGGIO	1	0	6000	45979	90011	112	0	0.15	0.15	0	
18/10/2011 07:55:43	TASTEGGIO	0	1	6000	45979	90011	127	0	0.14	0.14	0	
18/10/2011 07:55:51	TASTEGGIO	0	1	6000	45979	90021	127	0	0.14	0.14	0	
18/10/2011 07:56:11	TASTEGGIO	1	0	6000	45979	90019	111	0	0.14	0.14	0	
18/10/2011 07:56:31	TASTEGGIO	0	1	6000	45979	90020	125	0	0.13	0.13	0	
18/10/2011 07:56:50	TASTEGGIO	0	2	6000	45979	90020	149	0	0.14	0.14	0	
18/10/2011 07:57:11	TASTEGGIO	0	3	6000	45979	90021	194	-6	0.08	0.08	0	
18/10/2011 07:57:19	TASTEGGIO	0	3	6000	45979	90028	194	-6	0.08	0.08	0	
18/10/2011 07:59:09	TASTEGGIO	0	3	6000	45979	90101	194	-6	0.37	0.37	0	
18/10/2011 07:59:30	TASTEGGIO	1	0	6000	45979	90114	131	-1	0.34	0.34	0	
18/10/2011 07:59:49	TASTEGGIO	0	1	6000	45979	90118	162	-2	0.32	0.32	0	
18/10/2011 08:00:10	TASTEGGIO	0	2	6000	45979	90119	222	-15	0.16	0.16	0	
18/10/2011 08:00:29	TASTEGGIO	0	0	6000	45979	90119	113	0	0.16	0.16	0	
18/10/2011 08:00:48	TASTEGGIO	0	1	6000	45979	90119	129	0	0.16	0.16	0	
18/10/2011 08:01:09	TASTEGGIO	0	2	6000	45979	90121	161	0	0.16	0.16	0	
18/10/2011 08:01:30	TASTEGGIO	0	3	6000	45979	90120	209	-5	0.13	0.13	0	
18/10/2011 08:01:37	TASTEGGIO	0	3	6000	45979	90099	209	-5	0.12	0.17	24500	
18/10/2011 08:01:59	TASTEGGIO	1	0	6000	45979	65639	114	-2	0.14	0.14	0	
18/10/2011 08:02:08	TASTEGGIO	1	0	6000	45979	89921	114	-2	0.11	0.17	-44500	
18/10/2011 08:02:31	TASTEGGIO	1	0	6000	45979	134386	114	-3	0.14	0.14	0	
18/10/2011 08:02:42	TASTEGGIO	1	0	6000	45979	90097	114	-3	0.09	0.14	-44500	
18/10/2011 08:03:04	TASTEGGIO	1	0	6000	45979	134561	111	-1	0.13	0.13	0	
18/10/2011 08:03:22	TASTEGGIO	0	1	6000	45979	134569	123	-1	0.12	0.12	0	
18/10/2011 08:03:43	TASTEGGIO	0	2	6000	45979	134575	145	-3	0.10	0.10	0	
18/10/2011 08:04:02	TASTEGGIO	0	3	6000	45979	134578	169	-6	0.04	0.04	0	
18/10/2011 08:04:13	TASTEGGIO	0	3	6000	45979	90114	169	-6	0.05	0.10	44500	
18/10/2011 08:04:34	TASTEGGIO	1	0	6000	45979	45643	108	-1	0.08	0.08	0	
18/10/2011 08:04:45	TASTEGGIO	1	0	6000	45979	89917	108	-1	0.05	0.09	44500	
18/10/2011 08:05:06	TASTEGGIO	1	0	6000	45979	45468	107	-1	0.08	0.08	0	
18/10/2011 08:05:16	TASTEGGIO	1	0	6000	45979	89906	107	-1	0.06	0.10	44500	
18/10/2011 08:05:38	TASTEGGIO	1	0	6000	45979	45464	108	0	0.07	0.07	0	
18/10/2011 08:05:48	TASTEGGIO	1	0	6000	45979	89897	108	0	0.06	0.09	44500	
18/10/2011 08:06:10	TASTEGGIO	1	0	6000	45979	45456	107	0	0.08	0.08	0	
18/10/2011 08:06:20	TASTEGGIO	1	0	6000	45979	89898	107	0	0.05	0.09	44500	
18/10/2011 08:06:41	TASTEGGIO	1	0	6000	45979	45458	107	0	0.07	0.07	0	
18/10/2011 08:06:51	TASTEGGIO	1	0	6000	45979	89892	107	0	0.05	0.09	44500	
18/10/2011 08:08:42	TASTEGGIO	1	0	6000	45979	90206	107	0	0.49	0.49	0	
18/10/2011 08:09:03	TASTEGGIO	1	0	6000	45979	90216	141	-3	0.47	0.47	0	
18/10/2011 08:09:24	TASTEGGIO	0	1	6000	45979	90220	186	-3	0.41	0.41	0	
18/10/2011 08:09:45	TASTEGGIO	0	2	6000	45979	90219	257	-33	0.13	0.13	0	
18/10/2011 08:09:53	TASTEGGIO	0	2	6000	45979	90199	257	-33	0.12	0.22	24500	
18/10/2011 08:10:15	TASTEGGIO	1	0	6000	45979	65732	118	-1	0.18	0.18	0	
18/10/2011 08:10:33	TASTEGGIO	0	1	6000	45979	65727	132	-2	0.17	0.17	0	
18/10/2011 08:10:53	TASTEGGIO	0	2	6000	45979	65725	164	-3	0.15	0.15	0	
18/10/2011 08:11:14	TASTEGGIO	0	3	6000	45979	65723	203	-8	0.07	0.07	0	
18/10/2011 08:11:23	TASTEGGIO	0	3	6000	45979	90028	203	-8	0.02	0.11	-44500	
18/10/2011 08:11:46	TASTEGGIO	1	0	6000	45979	134488	109	-4	0.09	0.09	0	
18/10/2011 08:12:05	TASTEGGIO	0	1	6000	45979	134498	116	-2	0.07	0.07	0	
18/10/2011 08:12:15	TASTEGGIO	0	1	6000	45979	90202	116	-2	0.02	0.09	24500	
18/10/2011 08:12:37	TASTEGGIO	1	0	6000	45979	65749	107	0	0.08	0.08	0	
18/10/2011 08:12:46	TASTEGGIO	1	0	6000	45979	90026	107	0	0.03	0.08	24500	
18/10/2011 08:14:35	TASTEGGIO	1	0	6000	45979	90108	107	0	0.27	0.28	24500	
18/10/2011 08:14:57	TASTEGGIO	1	0	6000	45979	65645	123	-3	0.26	0.26	0	
18/10/2011 08:15:16	TASTEGGIO	0	1	6000	45979	65640	147	-2	0.24	0.24	0	
18/10/2011 08:15:36	TASTEGGIO	0	2	6000	45979	65636	191	-4	0.21	0.21	0	
18/10/2011 08:15:57	TASTEGGIO	0	3	6000	45979	65633	246	-21	0.09	0.09	0	
18/10/2011 08:16:06	TASTEGGIO	0	3	6000	45979	89914	246	-21	0.08	0.10	-44500	
18/10/2011 08:16:29	TASTEGGIO	1	0	6000	45979	134370	108	-3	0.08	0.08	0	
18/10/2011 08:16:40	TASTEGGIO	1	0	6000	45979	90095	108	-3	0.07	0.08	-44500	
18/10/2011 08:18:30	TASTEGGIO	1	0	6000	45979	90310	108	-3	0.26	0.30	24500	
18/10/2011 08:18:52	TASTEGGIO	1	0	6000	45979	65855	125	-2	0.27	0.27	0	
18/10/2011 08:19:11	TASTEGGIO	0	1	6000	45979	65849	149	-1	0.26	0.26	0	
18/10/2011 08:19:30	TASTEGGIO	0	2	6000	45979	65845	199	-6	0.19	0.19	0	
18/10/2011 08:19:51	TASTEGGIO	0	3	6000	45979	65843	223	-7	0.13	0.13	0	
18/10/2011 08:20:01	TASTEGGIO	0	3	6000	45979	90114	223	-7	0.13	0.15	44500	
18/10/2011 08:20:22	TASTEGGIO	1	0	6000	45979	45667	112	0	0.13	0.13	0	
