07/10/2011 13:47:07	ALARM 406		
10/10/2011 14:58:53	ALARM 401		
10/10/2011 14:58:54	INIT OK
10/10/2011 15:00:48	ALARM 401		
10/10/2011 15:14:34	ALARM 401		
10/10/2011 16:26:37	ALARM 406		
11/10/2011 07:32:04	ALARM 401		
11/10/2011 07:32:05	INIT OK
11/10/2011 07:40:37	TASTEGGIO	0	0	9500	59699	68883	0	0	0.07	0.07	0	
11/10/2011 07:42:22	TASTEGGIO	0	0	9500	59698	69068	0	0	0.06	0.06	0	
11/10/2011 07:44:07	TASTEGGIO	0	0	9500	59698	69074	0	0	0.06	0.06	0	
11/10/2011 07:46:04	TASTEGGIO	0	0	9500	59698	68968	0	0	0.12	0.12	0	
11/10/2011 07:46:26	TASTEGGIO	1	0	9500	59698	69015	227	-2	0.10	0.10	0	
11/10/2011 07:46:46	TASTEGGIO	0	1	9500	59698	69010	235	0	0.10	0.10	0	
11/10/2011 07:47:07	TASTEGGIO	0	2	9500	59698	69006	255	0	0.10	0.10	0	
11/10/2011 07:47:26	TASTEGGIO	0	3	9500	59698	69003	285	0	0.10	0.10	0	
11/10/2011 07:47:47	TASTEGGIO	0	4	9500	59698	69002	325	-2	0.06	0.06	0	
11/10/2011 07:47:55	TASTEGGIO	0	4	9500	59698	68966	325	-2	0.06	0.06	0	
11/10/2011 07:49:55	TASTEGGIO	0	4	9500	59698	69072	325	-2	0.06	0.06	0	
11/10/2011 07:51:12	ALARM 17	proc 12 prog 10 step 47	LavoroTerminato
11/10/2011 08:44:02	TASTEGGIO	0	4	9000	57738	127192	325	-2	0.11	0.11	0	
11/10/2011 08:44:25	TASTEGGIO	1	0	9000	57739	127213	225	-8	0.04	0.04	0	
11/10/2011 08:44:33	TASTEGGIO	1	0	9000	57738	127213	225	-8	0.04	0.04	24500	
11/10/2011 08:46:20	TASTEGGIO	1	0	9000	57739	127246	225	-8	0.30	0.30	0	
11/10/2011 08:46:45	TASTEGGIO	1	0	9000	57739	127262	250	-10	0.20	0.20	0	
11/10/2011 08:47:07	TASTEGGIO	0	1	9000	57739	127260	263	-6	0.15	0.15	0	
11/10/2011 08:47:30	TASTEGGIO	0	2	9000	57739	127259	278	-8	0.10	0.10	0	
11/10/2011 08:47:38	TASTEGGIO	0	2	9000	57739	127239	278	-8	0.11	0.13	24500	
11/10/2011 08:48:03	TASTEGGIO	1	0	9000	57739	102776	228	-6	0.09	0.09	0	
11/10/2011 08:48:25	TASTEGGIO	0	1	9000	57739	102775	234	-7	0.05	0.05	0	
11/10/2011 08:48:35	TASTEGGIO	0	1	9000	57739	127171	234	-7	0.06	0.06	-82000	
11/10/2011 08:50:21	TASTEGGIO	0	1	9000	57739	127056	234	-7	0.09	0.09	0	
11/10/2011 08:50:45	TASTEGGIO	1	0	9000	57739	127072	223	-9	0.02	0.02	0	
11/10/2011 08:50:53	TASTEGGIO	1	0	9000	57739	127052	223	-9	0.02	0.07	-82000	
11/10/2011 08:52:39	TASTEGGIO	1	0	9000	57739	127243	223	-9	0.29	0.38	44500	
11/10/2011 08:53:04	TASTEGGIO	1	0	9000	57739	82787	260	-3	0.34	0.34	0	
11/10/2011 08:53:25	TASTEGGIO	0	1	9000	57739	82784	290	-3	0.29	0.29	0	
11/10/2011 08:53:48	TASTEGGIO	0	2	9000	57739	82783	339	-12	0.18	0.18	0	
11/10/2011 08:54:10	TASTEGGIO	0	3	9000	57739	82781	358	-11	0.09	0.09	0	
11/10/2011 08:54:21	TASTEGGIO	0	3	9000	57739	127175	358	-11	0.10	0.13	24500	
11/10/2011 08:54:47	TASTEGGIO	1	0	9000	57739	102703	228	-4	0.11	0.11	0	
11/10/2011 08:55:08	TASTEGGIO	0	1	9000	57739	102703	237	-6	0.06	0.06	0	
11/10/2011 08:55:18	TASTEGGIO	0	1	9000	57739	127168	237	-6	0.04	0.09	-82000	
11/10/2011 08:55:45	TASTEGGIO	1	0	9000	57739	209146	223	-4	0.05	0.05	0	
11/10/2011 08:55:57	TASTEGGIO	1	0	9000	57739	127239	223	-4	0.06	0.09	44500	
11/10/2011 08:56:23	TASTEGGIO	1	0	9000	57739	82794	223	-1	0.07	0.07	0	
11/10/2011 08:56:34	TASTEGGIO	1	0	9000	57739	127177	223	-1	0.06	0.10	44500	
11/10/2011 08:56:59	TASTEGGIO	1	0	9000	57739	82721	224	-1	0.08	0.08	0	
11/10/2011 08:57:19	TASTEGGIO	0	1	9000	57739	82717	230	0	0.08	0.08	0	
11/10/2011 08:57:40	TASTEGGIO	0	2	9000	57739	82714	246	0	0.10	0.10	0	
11/10/2011 08:58:02	TASTEGGIO	0	3	9000	57739	82713	283	-3	0.07	0.07	0	
11/10/2011 08:58:13	TASTEGGIO	0	3	9000	57739	127183	283	-3	0.05	0.07	24500	
11/10/2011 08:59:59	TASTEGGIO	0	3	9000	57739	127151	283	-3	0.09	0.13	44500	
11/10/2011 09:00:24	TASTEGGIO	1	0	9000	57739	82697	228	-3	0.10	0.10	0	
11/10/2011 09:00:44	TASTEGGIO	0	1	9000	57739	82692	235	-2	0.09	0.09	0	
11/10/2011 09:01:06	TASTEGGIO	0	2	9000	57739	82689	251	-1	0.07	0.07	0	
11/10/2011 09:01:17	TASTEGGIO	0	2	9000	57739	127082	251	-1	0.05	0.10	24500	
11/10/2011 09:01:43	TASTEGGIO	1	0	9000	57739	102610	224	-5	0.05	0.05	0	
11/10/2011 09:01:53	TASTEGGIO	1	0	9000	57739	127079	224	-5	0.04	0.08	-82000	
11/10/2011 09:02:20	TASTEGGIO	1	0	9000	57739	209043	222	-2	0.09	0.09	0	
11/10/2011 09:02:40	TASTEGGIO	0	1	9000	57739	209058	232	-5	0.04	0.04	0	
11/10/2011 09:02:52	TASTEGGIO	0	1	9000	57739	127142	232	-5	0.04	0.07	44500	
11/10/2011 09:04:37	TASTEGGIO	0	1	9000	57739	127150	232	-5	0.23	0.23	0	
11/10/2011 09:05:02	TASTEGGIO	1	0	9000	57739	127164	241	-7	0.15	0.15	0	
11/10/2011 09:05:26	TASTEGGIO	0	1	9000	57739	127163	250	-3	0.13	0.13	0	
11/10/2011 09:05:34	TASTEGGIO	0	1	9000	57739	127141	250	-3	0.13	0.14	-82000	
11/10/2011 09:06:00	TASTEGGIO	1	0	9000	57739	209106	229	-3	0.12	0.12	0	
11/10/2011 09:06:21	TASTEGGIO	0	1	9000	57739	209114	239	-3	0.10	0.10	0	
11/10/2011 09:06:43	TASTEGGIO	0	2	9000	57739	209119	255	-2	0.07	0.07	0	
11/10/2011 09:06:55	TASTEGGIO	0	2	9000	57739	127141	255	-2	0.10	0.10	0	
11/10/2011 09:07:19	TASTEGGIO	1	0	9000	57739	127153	224	-2	0.06	0.06	0	
11/10/2011 09:07:27	TASTEGGIO	1	0	9000	57739	127137	224	-2	0.06	0.07	-82000	
11/10/2011 09:09:13	TASTEGGIO	1	0	9000	57739	127055	224	-2	0.06	0.07	44500	
11/10/2011 09:11:00	TASTEGGIO	1	0	9000	57739	127050	224	-2	0.20	0.22	44500	
11/10/2011 09:11:26	TASTEGGIO	1	0	9000	57739	82590	240	-3	0.21	0.21	0	
11/10/2011 09:11:49	TASTEGGIO	0	1	9000	57739	82589	260	-4	0.17	0.17	0	
11/10/2011 09:12:11	TASTEGGIO	0	2	9000	57739	82587	287	-6	0.12	0.12	0	
11/10/2011 09:12:22	TASTEGGIO	0	2	9000	57739	126982	287	-6	0.13	0.13	0	
11/10/2011 09:12:47	TASTEGGIO	1	0	9000	57739	126994	228	-7	0.05	0.05	0	
11/10/2011 09:12:55	TASTEGGIO	1	0	9000	57739	126997	228	-7	0.06	0.06	44500	
11/10/2011 09:14:41	TASTEGGIO	1	0	9000	57739	127448	228	-7	0.13	0.15	-82000	
11/10/2011 09:15:07	TASTEGGIO	1	0	9000	57739	209424	231	-7	0.11	0.11	0	
11/10/2011 09:15:18	TASTEGGIO	1	0	9000	57739	127441	231	-7	0.11	0.13	24500	
11/10/2011 09:15:44	TASTEGGIO	1	0	9000	57739	102968	228	-5	0.07	0.07	0	
11/10/2011 09:15:54	TASTEGGIO	1	0	9000	57739	127372	228	-5	0.06	0.09	-82000	
11/10/2011 09:16:20	TASTEGGIO	1	0	9000	57739	209353	223	-3	0.09	0.09	0	
11/10/2011 09:16:41	TASTEGGIO	0	1	9000	57739	209353	232	-1	0.08	0.08	0	
11/10/2011 09:17:03	TASTEGGIO	0	2	9000	57739	209353	246	-1	0.06	0.06	0	
11/10/2011 09:17:15	TASTEGGIO	0	2	9000	57739	127447	246	-1	0.07	0.09	44500	
11/10/2011 09:17:41	TASTEGGIO	1	0	9000	57739	82981	223	-2	0.07	0.07	0	
11/10/2011 09:17:52	TASTEGGIO	1	0	9000	57739	127382	223	-2	0.06	0.07	24500	
11/10/2011 09:19:38	TASTEGGIO	1	0	9000	57739	127059	223	-2	0.19	0.19	0	
11/10/2011 09:20:02	TASTEGGIO	1	0	9000	57739	127073	236	-10	0.11	0.11	0	
11/10/2011 09:20:10	TASTEGGIO	1	0	9000	57739	127050	236	-10	0.12	0.18	-82000	
11/10/2011 09:20:37	TASTEGGIO	1	0	9000	57739	209007	234	-5	0.14	0.14	0	
11/10/2011 09:20:48	TASTEGGIO	1	0	9000	57739	127042	234	-5	0.09	0.14	-82000	
11/10/2011 09:21:15	TASTEGGIO	1	0	9000	57739	209018	229	0	0.13	0.13	0	
11/10/2011 09:21:37	TASTEGGIO	0	1	9000	57739	209023	241	-1	0.13	0.13	0	
11/10/2011 09:21:59	TASTEGGIO	0	2	9000	57739	209025	267	-4	0.09	0.09	0	
11/10/2011 09:22:21	TASTEGGIO	0	3	9000	57739	209025	277	-3	0.05	0.05	0	
11/10/2011 09:22:32	TASTEGGIO	0	3	9000	57739	127039	277	-3	0.04	0.09	44500	
11/10/2011 09:22:58	TASTEGGIO	1	0	9000	57739	82581	223	-3	0.05	0.05	0	
11/10/2011 09:23:09	TASTEGGIO	1	0	9000	57739	126978	223	-3	0.04	0.05	44500	
11/10/2011 09:24:55	TASTEGGIO	1	0	9000	57739	127056	223	-3	0.24	0.27	44500	
11/10/2011 09:25:20	TASTEGGIO	1	0	9000	57739	82592	246	-3	0.25	0.25	0	
11/10/2011 09:25:41	TASTEGGIO	0	1	9000	57739	82589	269	-2	0.23	0.23	0	
11/10/2011 09:26:03	TASTEGGIO	0	2	9000	57739	82587	311	-7	0.16	0.16	0	
11/10/2011 09:26:24	TASTEGGIO	0	3	9000	57739	82586	330	-11	0.06	0.06	0	
11/10/2011 09:26:35	TASTEGGIO	0	3	9000	57739	126982	330	-11	0.11	0.11	0	
11/10/2011 09:27:00	TASTEGGIO	1	0	9000	57739	126994	225	-8	0.04	0.04	0	
11/10/2011 09:27:08	TASTEGGIO	1	0	9000	57739	126997	225	-8	0.04	0.07	24500	
11/10/2011 09:28:54	TASTEGGIO	1	0	9000	57739	127055	225	-8	0.14	0.14	0	
11/10/2011 09:29:19	TASTEGGIO	1	0	9000	57739	127068	229	-13	0.06	0.06	0	
11/10/2011 09:29:27	TASTEGGIO	1	0	9000	57739	127047	229	-13	0.04	0.07	24500	
11/10/2011 09:30:22	ALARM 17	proc 12 prog 10 step 47	LavoroTerminato
11/10/2011 09:42:59	TASTEGGIO	1	0	9000	57739	127053	229	-13	0.10	0.13	44500	
11/10/2011 09:43:24	TASTEGGIO	1	0	9000	57739	82629	228	-7	0.06	0.06	0	
11/10/2011 09:43:35	TASTEGGIO	1	0	9000	57739	126975	228	-7	0.09	0.13	-82000	
11/10/2011 09:44:02	TASTEGGIO	1	0	9000	57739	208950	228	-7	0.08	0.08	0	
11/10/2011 09:44:23	TASTEGGIO	0	1	9000	57739	208953	232	-2	0.06	0.06	0	
11/10/2011 09:44:35	TASTEGGIO	0	1	9000	57739	127040	232	-2	0.05	0.08	44500	
11/10/2011 09:44:59	TASTEGGIO	1	0	9000	57739	82584	222	-6	0.09	0.09	0	
11/10/2011 09:45:20	TASTEGGIO	0	1	9000	57739	82586	232	-9	0.05	0.05	0	
11/10/2011 09:45:31	TASTEGGIO	0	1	9000	57739	126979	232	-9	0.04	0.08	-82000	
11/10/2011 09:45:58	TASTEGGIO	1	0	9000	57739	208956	222	-5	0.03	0.03	0	
11/10/2011 09:46:10	TASTEGGIO	1	0	9000	57739	127043	222	-5	0.04	0.06	44500	
11/10/2011 09:47:55	TASTEGGIO	1	0	9000	57739	127357	222	-5	0.07	0.08	44500	
11/10/2011 09:48:19	TASTEGGIO	1	0	9000	57739	82891	222	-4	0.08	0.08	0	
11/10/2011 09:48:40	TASTEGGIO	0	1	9000	57739	82890	230	-4	0.04	0.04	0	
11/10/2011 09:48:51	TASTEGGIO	0	1	9000	57739	127283	230	-4	0.02	0.04	-82000	
11/10/2011 09:49:46	ALARM 17	proc 12 prog 10 step 47	LavoroTerminato
11/10/2011 10:04:11	TASTEGGIO	0	1	9000	57739	127157	230	-4	0.16	0.16	0	
11/10/2011 10:04:34	TASTEGGIO	1	0	9000	57739	127173	232	-10	0.10	0.10	0	
11/10/2011 10:04:43	TASTEGGIO	1	0	9000	57739	127153	232	-10	0.10	0.11	24500	
11/10/2011 10:05:08	TASTEGGIO	1	0	9000	57739	102672	225	-4	0.06	0.06	0	
11/10/2011 10:05:18	TASTEGGIO	1	0	9000	57739	127066	225	-4	0.07	0.09	-82000	
11/10/2011 10:05:44	TASTEGGIO	1	0	9000	57739	209050	223	-4	0.05	0.05	0	
11/10/2011 10:05:55	TASTEGGIO	1	0	9000	57739	127135	223	-4	0.10	0.10	0	
11/10/2011 10:06:20	TASTEGGIO	1	0	9000	57739	127147	224	-8	0.03	0.03	0	
11/10/2011 10:06:28	TASTEGGIO	1	0	9000	57739	127132	224	-8	0.03	0.07	-82000	
11/10/2011 10:06:54	TASTEGGIO	1	0	9000	57739	209115	220	-1	0.06	0.06	0	
11/10/2011 10:07:06	TASTEGGIO	1	0	9000	57739	127152	220	-1	0.04	0.07	-82000	
11/10/2011 10:07:32	TASTEGGIO	1	0	9000	57739	209132	220	-1	0.06	0.06	0	
11/10/2011 10:07:44	TASTEGGIO	1	0	9000	57739	127148	220	-1	0.04	0.06	-82000	
11/10/2011 10:09:30	TASTEGGIO	1	0	9000	57739	126968	220	-1	0.10	0.11	-82000	
11/10/2011 10:09:55	TASTEGGIO	1	0	9000	57739	208940	225	-5	0.08	0.08	0	
11/10/2011 10:10:16	TASTEGGIO	0	1	9000	57739	208945	230	-1	0.07	0.07	0	
11/10/2011 10:10:39	TASTEGGIO	0	2	9000	57739	208945	242	-2	0.07	0.07	0	
11/10/2011 10:11:00	TASTEGGIO	0	3	9000	57739	208945	263	-9	0.04	0.04	0	
11/10/2011 10:11:12	TASTEGGIO	0	3	9000	57739	126951	263	-9	0.03	0.04	24500	
11/10/2011 10:12:07	ALARM 17	proc 12 prog 10 step 47	LavoroTerminato
11/10/2011 11:18:37	TASTEGGIO	0	3	5000	42061	101767	263	-9	0.11	0.14	24500	
11/10/2011 11:19:03	TASTEGGIO	1	0	5000	42061	77323	229	-118	1.03	1.03	0	
11/10/2011 11:19:17	TASTEGGIO	0	1	5000	42061	77315	0	-3	0.97	0.97	0	
11/10/2011 11:19:38	TASTEGGIO	0	2	5000	42061	77311	182	-19	0.75	0.75	0	
11/10/2011 11:20:01	TASTEGGIO	0	3	5000	42061	77305	282	-127	0.53	0.53	0	
11/10/2011 11:20:23	TASTEGGIO	0	1	5000	42061	77300	244	-98	0.45	0.45	0	
11/10/2011 11:20:45	TASTEGGIO	0	1	5000	42061	77296	205	-65	0.22	0.22	0	
11/10/2011 11:21:07	TASTEGGIO	0	1	5000	42061	77296	194	-58	0.37	0.37	0	
11/10/2011 11:21:10	ALARM 401		
11/10/2011 11:21:13	ALARM 205		err.6058
11/10/2011 11:21:37	TASTEGGIO	0	1	5000	42061	101737	194	-58	0.25	0.35	24500	
11/10/2011 11:21:57	TASTEGGIO	1	0	5000	42061	77297	70	-7	0.27	0.27	0	
11/10/2011 11:22:17	TASTEGGIO	0	1	5000	42061	77289	90	-2	0.25	0.25	0	
11/10/2011 11:22:37	TASTEGGIO	0	2	5000	42061	77278	136	-14	0.12	0.12	0	
11/10/2011 11:22:47	TASTEGGIO	0	2	5000	42061	101738	136	-14	0.08	0.11	24500	
11/10/2011 11:23:07	TASTEGGIO	1	0	5000	42061	77295	52	0	0.12	0.12	0	
11/10/2011 11:23:26	TASTEGGIO	0	1	5000	42061	77290	65	0	0.12	0.12	0	
11/10/2011 11:23:45	TASTEGGIO	0	2	5000	42061	77282	89	-1	0.12	0.12	0	
11/10/2011 11:24:06	TASTEGGIO	0	3	5000	42061	77275	125	-8	0.08	0.08	0	
11/10/2011 11:24:27	TASTEGGIO	0	4	5000	42061	77269	135	-5	0.03	0.03	0	
11/10/2011 11:24:37	TASTEGGIO	0	4	5000	42061	101735	135	-5	0.02	0.04	44500	
11/10/2011 11:26:27	TASTEGGIO	0	4	5000	42061	101871	135	-5	0.17	0.18	24500	
11/10/2011 11:26:47	TASTEGGIO	1	0	5000	42061	77419	57	-3	0.15	0.15	0	
11/10/2011 11:27:05	TASTEGGIO	0	1	5000	42061	77414	69	0	0.14	0.14	0	
11/10/2011 11:27:14	TASTEGGIO	0	1	5000	42061	101746	69	0	0.14	0.14	0	
11/10/2011 11:27:34	TASTEGGIO	1	0	5000	42061	101744	55	-4	0.12	0.12	0	
11/10/2011 11:27:53	TASTEGGIO	0	1	5000	42061	101744	65	-2	0.10	0.10	0	
11/10/2011 11:28:12	TASTEGGIO	0	2	5000	42061	101744	81	-3	0.07	0.07	0	
11/10/2011 11:28:20	TASTEGGIO	0	2	5000	42061	101751	81	-3	0.06	0.10	-24500	
11/10/2011 11:28:42	TASTEGGIO	1	0	5000	42061	126207	52	-5	0.05	0.05	0	
11/10/2011 11:28:52	TASTEGGIO	1	0	5000	42061	101879	52	-5	0.03	0.08	44500	
11/10/2011 11:30:43	TASTEGGIO	1	0	5000	42061	101762	52	-5	0.10	0.10	-44500	
11/10/2011 11:31:06	TASTEGGIO	1	0	5000	42061	146172	52	-7	0.04	0.04	0	
11/10/2011 11:31:16	TASTEGGIO	1	0	5000	42061	101771	52	-7	0.07	0.07	-24500	
11/10/2011 11:33:07	TASTEGGIO	1	0	5000	42061	101871	52	-7	0.17	0.17	0	
11/10/2011 11:33:28	TASTEGGIO	1	0	5000	42061	101878	57	-4	0.13	0.13	0	
11/10/2011 11:33:36	TASTEGGIO	1	0	5000	42061	101865	57	-4	0.14	0.14	0	
11/10/2011 11:33:57	TASTEGGIO	1	0	5000	42061	101871	55	-1	0.13	0.13	0	
11/10/2011 11:34:15	TASTEGGIO	0	1	5000	42061	101871	67	-3	0.11	0.11	0	
11/10/2011 11:34:36	TASTEGGIO	0	2	5000	42061	101871	85	-4	0.08	0.08	0	
11/10/2011 11:34:44	TASTEGGIO	0	2	5000	42061	101860	85	-4	0.08	0.09	-24500	
11/10/2011 11:35:06	TASTEGGIO	1	0	5000	42061	126319	51	-4	0.05	0.05	0	
11/10/2011 11:35:16	TASTEGGIO	1	0	5000	42061	101880	51	-4	0.05	0.05	0	
11/10/2011 11:37:07	TASTEGGIO	1	0	5000	42061	101873	51	-4	0.11	0.11	0	
11/10/2011 11:37:27	TASTEGGIO	1	0	5000	42061	101879	52	-5	0.08	0.08	0	
11/10/2011 11:37:34	TASTEGGIO	1	0	5000	42061	101872	52	-5	0.08	0.08	0	
11/10/2011 11:39:24	TASTEGGIO	1	0	5000	42061	101871	52	-5	0.16	0.18	24500	
11/10/2011 11:39:45	TASTEGGIO	1	0	5000	42061	77421	57	-2	0.15	0.15	0	
11/10/2011 11:40:03	TASTEGGIO	0	1	5000	42061	77417	69	-1	0.14	0.14	0	
11/10/2011 11:40:13	TASTEGGIO	0	1	5000	42061	101751	69	-1	0.13	0.14	44500	
11/10/2011 11:40:33	TASTEGGIO	1	0	5000	42061	57295	55	-2	0.12	0.12	0	
11/10/2011 11:40:50	TASTEGGIO	0	1	5000	42061	57291	65	0	0.10	0.10	0	
11/10/2011 11:41:07	TASTEGGIO	0	2	5000	42061	57284	81	-1	0.10	0.10	0	
11/10/2011 11:41:26	TASTEGGIO	0	3	5000	42061	57285	111	-2	0.07	0.07	0	
11/10/2011 11:41:36	TASTEGGIO	0	3	5000	42061	101732	111	-2	0.09	0.09	0	
11/10/2011 11:41:57	TASTEGGIO	1	0	5000	42061	101731	51	-4	0.06	0.06	0	
11/10/2011 11:42:05	TASTEGGIO	1	0	5000	42061	101736	51	-4	0.06	0.08	24500	
11/10/2011 11:43:56	TASTEGGIO	1	0	5000	42061	101873	51	-4	0.12	0.12	0	
11/10/2011 11:44:16	TASTEGGIO	1	0	5000	42061	101882	53	-6	0.08	0.08	0	
11/10/2011 11:44:23	TASTEGGIO	1	0	5000	42061	101872	53	-6	0.08	0.09	24500	
11/10/2011 11:44:44	TASTEGGIO	1	0	5000	42061	77418	51	0	0.07	0.07	0	
11/10/2011 11:44:53	TASTEGGIO	1	0	5000	42061	101749	51	0	0.08	0.08	0	
11/10/2011 11:46:44	TASTEGGIO	1	0	5000	42061	101875	51	0	0.10	0.14	44500	
11/10/2011 11:47:05	TASTEGGIO	1	0	5000	42061	57412	55	-3	0.10	0.10	0	
11/10/2011 11:47:21	TASTEGGIO	0	1	5000	42061	57411	62	-1	0.09	0.09	0	
11/10/2011 11:47:39	TASTEGGIO	0	2	5000	42061	57408	78	-1	0.09	0.09	0	
11/10/2011 11:47:58	TASTEGGIO	0	3	5000	42061	57406	105	-1	0.06	0.06	0	
11/10/2011 11:48:08	TASTEGGIO	0	3	5000	42061	101743	105	-1	0.05	0.07	44500	
11/10/2011 11:49:58	TASTEGGIO	0	3	5000	42061	101873	105	-1	0.19	0.23	24500	
11/10/2011 11:50:18	TASTEGGIO	1	0	5000	42061	77424	61	-2	0.20	0.20	0	
11/10/2011 11:50:37	TASTEGGIO	0	1	5000	42061	77417	78	-1	0.18	0.18	0	
11/10/2011 11:50:57	TASTEGGIO	0	2	5000	42061	77406	110	-4	0.15	0.15	0	
11/10/2011 11:51:18	TASTEGGIO	0	3	5000	42061	77398	147	-18	0.03	0.03	0	
11/10/2011 11:51:28	TASTEGGIO	0	3	5000	42061	101752	147	-18	0.04	0.07	-44500	
11/10/2011 11:53:19	TASTEGGIO	0	3	5000	42061	101873	147	-18	0.06	0.07	-44500	
11/10/2011 11:55:10	TASTEGGIO	0	3	5000	42061	101871	147	-18	0.13	0.19	44500	
11/10/2011 11:55:30	TASTEGGIO	1	0	5000	42061	57436	58	-4	0.15	0.15	0	
11/10/2011 11:55:48	TASTEGGIO	0	1	5000	42061	57424	69	-1	0.14	0.14	0	
11/10/2011 11:55:58	TASTEGGIO	0	1	5000	42061	101737	69	-1	0.10	0.14	44500	
11/10/2011 11:56:19	TASTEGGIO	1	0	5000	42061	57290	55	0	0.14	0.14	0	
11/10/2011 11:56:36	TASTEGGIO	0	1	5000	42061	57284	69	0	0.14	0.14	0	
11/10/2011 11:56:54	TASTEGGIO	0	2	5000	42061	57276	97	-1	0.12	0.12	0	
11/10/2011 11:57:13	TASTEGGIO	0	3	5000	42061	57277	127	-4	0.10	0.10	0	
11/10/2011 11:57:33	TASTEGGIO	0	4	5000	42061	57278	160	-14	0.04	0.04	0	
11/10/2011 11:57:43	TASTEGGIO	0	4	5000	42061	101734	160	-14	0.03	0.06	44500	
11/10/2011 11:59:34	TASTEGGIO	0	4	5000	42061	101873	160	-14	0.26	0.28	24500	
11/10/2011 11:59:54	TASTEGGIO	1	0	5000	42061	77419	65	-2	0.24	0.24	0	
11/10/2011 12:00:13	TASTEGGIO	0	1	5000	42061	77414	85	0	0.22	0.22	0	
11/10/2011 12:00:33	TASTEGGIO	0	2	5000	42061	77407	125	-7	0.15	0.15	0	
11/10/2011 12:00:55	TASTEGGIO	0	3	5000	42061	77404	142	-11	0.07	0.07	0	
11/10/2011 12:01:04	TASTEGGIO	0	3	5000	42061	101746	142	-11	0.10	0.10	0	
11/10/2011 12:01:25	TASTEGGIO	1	0	5000	42061	101744	52	-4	0.07	0.07	0	
11/10/2011 12:01:33	TASTEGGIO	1	0	5000	42061	101746	52	-4	0.07	0.08	-24500	
11/10/2011 12:03:24	TASTEGGIO	1	0	5000	42061	101873	52	-4	0.19	0.24	-44500	
11/10/2011 12:03:47	TASTEGGIO	1	0	5000	42061	146294	62	-5	0.18	0.18	0	
11/10/2011 12:04:07	TASTEGGIO	0	1	5000	42061	146296	75	-3	0.15	0.15	0	
11/10/2011 12:04:27	TASTEGGIO	0	2	5000	42061	146297	99	-8	0.07	0.07	0	
11/10/2011 12:04:38	TASTEGGIO	0	2	5000	42061	101878	99	-8	0.06	0.08	-24500	
11/10/2011 12:06:29	TASTEGGIO	0	2	5000	42061	101873	99	-8	0.18	0.22	24500	
11/10/2011 12:06:49	TASTEGGIO	1	0	5000	42061	77422	60	-1	0.19	0.19	0	
11/10/2011 12:07:08	TASTEGGIO	0	1	5000	42061	77413	76	-1	0.17	0.17	0	
11/10/2011 12:07:27	TASTEGGIO	0	2	5000	42061	77402	106	-4	0.14	0.14	0	
11/10/2011 12:07:36	TASTEGGIO	0	2	5000	42061	101744	106	-4	0.11	0.15	44500	
11/10/2011 12:07:57	TASTEGGIO	1	0	5000	42061	57287	55	-1	0.14	0.14	0	
11/10/2011 12:08:07	TASTEGGIO	1	0	5000	42061	101735	55	-1	0.10	0.14	-44500	
11/10/2011 12:08:30	TASTEGGIO	1	0	5000	42061	146159	55	-7	0.08	0.08	0	
11/10/2011 12:08:40	TASTEGGIO	1	0	5000	42061	101874	55	-7	0.07	0.12	44500	
11/10/2011 12:09:01	TASTEGGIO	1	0	5000	42061	57405	53	-1	0.11	0.11	0	
11/10/2011 12:09:18	TASTEGGIO	0	1	5000	42061	57397	63	0	0.10	0.10	0	
11/10/2011 12:09:36	TASTEGGIO	0	2	5000	42061	57392	81	-2	0.10	0.10	0	
11/10/2011 12:09:55	TASTEGGIO	0	3	5000	42061	57390	111	-3	0.07	0.07	0	
11/10/2011 12:10:05	TASTEGGIO	0	3	5000	42061	101740	111	-3	0.03	0.07	-44500	
11/10/2011 12:11:55	TASTEGGIO	0	3	5000	42061	101873	111	-3	0.17	0.18	24500	
11/10/2011 12:12:15	TASTEGGIO	1	0	5000	42061	77417	57	-3	0.15	0.15	0	
11/10/2011 12:12:33	TASTEGGIO	0	1	5000	42061	77411	69	-1	0.13	0.13	0	
11/10/2011 12:12:42	TASTEGGIO	0	1	5000	42061	101744	69	-1	0.13	0.16	-24500	
11/10/2011 12:13:05	TASTEGGIO	1	0	5000	42061	126200	56	-5	0.11	0.11	0	
11/10/2011 12:13:14	TASTEGGIO	1	0	5000	42061	101877	56	-5	0.10	0.12	24500	
11/10/2011 12:13:35	TASTEGGIO	1	0	5000	42061	77422	53	1	0.11	0.11	0	
11/10/2011 12:13:52	TASTEGGIO	0	1	5000	42061	77419	63	0	0.10	0.10	0	
11/10/2011 12:14:10	TASTEGGIO	0	2	5000	42061	77415	81	-1	0.09	0.09	0	
11/10/2011 12:14:31	TASTEGGIO	0	3	5000	42061	77410	105	-5	0.06	0.06	0	
11/10/2011 12:14:40	TASTEGGIO	0	3	5000	42061	101745	105	-5	0.06	0.09	-24500	
11/10/2011 12:15:03	TASTEGGIO	1	0	5000	42061	126196	51	-2	0.07	0.07	0	
11/10/2011 12:15:12	TASTEGGIO	1	0	5000	42061	101877	51	-2	0.04	0.06	44500	
11/10/2011 12:17:04	TASTEGGIO	1	0	5000	42060	101876	51	-2	0.14	0.17	44500	
11/10/2011 12:17:25	TASTEGGIO	1	0	5000	42060	57408	57	-4	0.13	0.13	0	
11/10/2011 12:17:35	TASTEGGIO	1	0	5000	42060	101732	57	-4	0.12	0.15	-44500	
11/10/2011 12:17:58	TASTEGGIO	1	0	5000	42060	146154	55	-6	0.09	0.09	0	
11/10/2011 12:18:08	TASTEGGIO	1	0	5000	42060	101883	55	-6	0.08	0.11	44500	
11/10/2011 12:18:29	TASTEGGIO	1	0	5000	42060	57420	52	0	0.10	0.10	0	
11/10/2011 12:18:46	TASTEGGIO	0	1	5000	42060	57417	61	0	0.10	0.10	0	
11/10/2011 12:19:04	TASTEGGIO	0	2	5000	42060	57408	81	-1	0.09	0.09	0	
11/10/2011 12:19:22	TASTEGGIO	0	3	5000	42060	57410	105	-1	0.08	0.08	0	
11/10/2011 12:19:32	TASTEGGIO	0	3	5000	42060	101735	105	-1	0.06	0.08	-44500	
11/10/2011 12:20:30	ALARM 17	proc 12 prog 10 step 47	LavoroTerminato
11/10/2011 12:54:11	TASTEGGIO	0	3	5000	42061	101872	105	-1	0.21	0.21	0	
11/10/2011 12:54:30	TASTEGGIO	1	0	5000	42061	101888	60	-4	0.18	0.18	0	
11/10/2011 12:54:49	TASTEGGIO	0	1	5000	42061	101887	75	-1	0.15	0.15	0	
11/10/2011 12:55:10	TASTEGGIO	0	2	5000	42061	101887	99	-5	0.10	0.10	0	
11/10/2011 12:55:17	TASTEGGIO	0	2	5000	42061	101875	99	-5	0.10	0.10	-44500	
11/10/2011 12:55:41	TASTEGGIO	1	0	5000	42061	146285	52	-6	0.04	0.04	0	
11/10/2011 12:55:51	TASTEGGIO	1	0	5000	42061	101881	52	-6	0.05	0.05	0	
11/10/2011 12:57:42	TASTEGGIO	1	0	5000	42060	101871	52	-6	0.16	0.17	24500	
11/10/2011 12:58:02	TASTEGGIO	1	0	5000	42060	77424	57	-1	0.15	0.15	0	
11/10/2011 12:58:20	TASTEGGIO	0	1	5000	42060	77419	70	-1	0.14	0.14	0	
11/10/2011 12:58:30	TASTEGGIO	0	1	5000	42060	101749	70	-1	0.14	0.17	-24500	
11/10/2011 12:58:52	TASTEGGIO	1	0	5000	42060	126208	57	-5	0.11	0.11	0	
11/10/2011 12:59:02	TASTEGGIO	1	0	5000	42060	101886	57	-5	0.10	0.12	-44500	
11/10/2011 12:59:25	TASTEGGIO	1	0	5000	42060	146301	53	-5	0.07	0.07	0	
11/10/2011 12:59:35	TASTEGGIO	1	0	5000	42060	101881	53	-5	0.07	0.10	24500	
11/10/2011 12:59:55	TASTEGGIO	1	0	5000	42060	77429	52	2	0.09	0.09	0	
11/10/2011 13:00:14	TASTEGGIO	0	1	5000	42060	77425	60	0	0.09	0.09	0	
11/10/2011 13:00:32	TASTEGGIO	0	2	5000	42060	77422	78	-1	0.07	0.07	0	
11/10/2011 13:00:42	TASTEGGIO	0	2	5000	42060	101748	78	-1	0.06	0.07	44500	
11/10/2011 13:02:33	TASTEGGIO	0	2	5000	42060	101879	78	-1	0.11	0.16	-44500	
11/10/2011 13:02:55	TASTEGGIO	1	0	5000	42060	146303	56	-7	0.11	0.11	0	
11/10/2011 13:03:06	TASTEGGIO	1	0	5000	42060	101880	56	-7	0.07	0.10	-44500	
11/10/2011 13:03:29	TASTEGGIO	1	0	5000	42060	146302	52	-1	0.10	0.10	0	
11/10/2011 13:03:49	TASTEGGIO	0	1	5000	42060	146307	62	-2	0.07	0.07	0	
11/10/2011 13:03:59	TASTEGGIO	0	1	5000	42060	101881	62	-2	0.05	0.09	44500	
11/10/2011 13:04:20	TASTEGGIO	1	0	5000	42060	57418	51	-4	0.04	0.04	0	
11/10/2011 13:04:30	TASTEGGIO	1	0	5000	42060	101740	51	-4	0.07	0.09	-44500	
11/10/2011 13:04:54	TASTEGGIO	1	0	5000	42060	146163	51	-1	0.09	0.09	0	
11/10/2011 13:05:14	TASTEGGIO	0	1	5000	42060	146165	60	-1	0.08	0.08	0	
11/10/2011 13:05:23	TASTEGGIO	0	1	5000	42060	101879	60	-1	0.06	0.09	-44500	
11/10/2011 13:05:46	TASTEGGIO	1	0	5000	42060	146295	51	0	0.08	0.08	0	
11/10/2011 13:05:56	TASTEGGIO	1	0	5000	42060	101886	51	0	0.06	0.07	-44500	
11/10/2011 13:07:48	TASTEGGIO	1	0	5000	42060	101876	51	0	0.27	0.27	0	
11/10/2011 13:08:08	TASTEGGIO	1	0	5000	42060	101883	64	-3	0.23	0.23	0	
11/10/2011 13:08:28	TASTEGGIO	0	1	5000	42060	101883	83	-2	0.20	0.20	0	
11/10/2011 13:08:49	TASTEGGIO	0	2	5000	42060	101883	117	-13	0.08	0.08	0	
11/10/2011 13:08:56	TASTEGGIO	0	2	5000	42060	101873	117	-13	0.08	0.11	24500	
11/10/2011 13:09:17	TASTEGGIO	1	0	5000	42060	77418	52	-2	0.09	0.09	0	
11/10/2011 13:09:36	TASTEGGIO	0	1	5000	42060	77408	59	-1	0.08	0.08	0	
11/10/2011 13:09:45	TASTEGGIO	0	1	5000	42060	101749	59	-1	0.06	0.08	24500	
11/10/2011 13:11:36	TASTEGGIO	0	1	5000	42060	101876	59	-1	0.17	0.21	-44500	
11/10/2011 13:12:00	TASTEGGIO	1	0	5000	42060	146292	60	-8	0.14	0.14	0	
11/10/2011 13:12:10	TASTEGGIO	1	0	5000	42060	101883	60	-8	0.11	0.14	-44500	
11/10/2011 13:12:33	TASTEGGIO	1	0	5000	42060	146292	55	-1	0.13	0.13	0	
11/10/2011 13:12:54	TASTEGGIO	0	1	5000	42060	146295	67	-1	0.12	0.12	0	
11/10/2011 13:13:15	TASTEGGIO	0	2	5000	42060	146297	89	-8	0.03	0.03	0	
11/10/2011 13:13:25	TASTEGGIO	0	2	5000	42060	101885	89	-8	0.02	0.04	24500	
11/10/2011 13:15:16	TASTEGGIO	0	2	5000	42060	101879	89	-8	0.13	0.15	44500	
11/10/2011 13:15:37	TASTEGGIO	1	0	5000	42060	57419	55	-2	0.12	0.12	0	
11/10/2011 13:15:47	TASTEGGIO	1	0	5000	42060	101747	55	-2	0.11	0.12	44500	
11/10/2011 13:16:07	TASTEGGIO	1	0	5000	42060	57296	53	0	0.11	0.11	0	
11/10/2011 13:16:24	TASTEGGIO	0	1	5000	42060	57292	63	0	0.11	0.11	0	
11/10/2011 13:16:41	TASTEGGIO	0	2	5000	42060	57290	85	-1	0.09	0.09	0	
11/10/2011 13:16:58	TASTEGGIO	0	3	5000	42060	57287	107	-2	0.09	0.09	0	
11/10/2011 13:17:19	TASTEGGIO	0	4	5000	42060	57280	143	-11	0.10	0.10	0	
11/10/2011 13:17:38	TASTEGGIO	0	1	5000	42060	57277	131	-9	0.04	0.04	0	
11/10/2011 13:17:49	TASTEGGIO	0	1	5000	42060	101736	131	-9	0.05	0.05	0	
11/10/2011 13:19:40	TASTEGGIO	0	1	5000	42060	101763	131	-9	0.21	0.31	44500	
11/10/2011 13:20:00	TASTEGGIO	1	0	5000	42060	57303	67	-3	0.27	0.27	0	
11/10/2011 13:20:18	TASTEGGIO	0	1	5000	42060	57294	90	-1	0.25	0.25	0	
11/10/2011 13:20:37	TASTEGGIO	0	2	5000	42060	57288	136	-4	0.19	0.19	0	
11/10/2011 13:20:58	TASTEGGIO	0	3	5000	42060	57284	161	-10	0.10	0.10	0	
11/10/2011 13:21:08	TASTEGGIO	0	3	5000	42060	101637	161	-10	0.09	0.11	44500	
11/10/2011 13:21:30	TASTEGGIO	1	0	5000	42060	57180	52	0	0.11	0.11	0	
11/10/2011 13:21:46	TASTEGGIO	0	1	5000	42060	57169	63	0	0.11	0.11	0	
11/10/2011 13:22:04	TASTEGGIO	0	2	5000	42060	57164	85	0	0.11	0.11	0	
11/10/2011 13:22:22	TASTEGGIO	0	3	5000	42060	57161	118	0	0.10	0.10	0	
11/10/2011 13:22:43	TASTEGGIO	0	4	5000	42060	57161	154	-2	0.08	0.08	0	
11/10/2011 13:22:53	TASTEGGIO	0	4	5000	42060	101636	154	-2	0.07	0.09	-24500	
11/10/2011 13:23:16	TASTEGGIO	1	0	5000	42060	126099	51	-6	0.05	0.05	0	
11/10/2011 13:23:25	TASTEGGIO	1	0	5000	42060	101767	51	-6	0.04	0.07	44500	
11/10/2011 13:25:17	TASTEGGIO	1	0	5000	42060	101761	51	-6	0.19	0.25	24500	
11/10/2011 13:25:37	TASTEGGIO	1	0	5000	42060	77314	63	-2	0.22	0.22	0	
11/10/2011 13:25:56	TASTEGGIO	0	1	5000	42060	77302	82	-1	0.19	0.19	0	
11/10/2011 13:26:16	TASTEGGIO	0	2	5000	42060	77289	114	-7	0.14	0.14	0	
11/10/2011 13:26:25	TASTEGGIO	0	2	5000	42060	101642	114	-7	0.10	0.15	44500	
11/10/2011 13:26:46	TASTEGGIO	1	0	5000	42060	57181	55	0	0.13	0.13	0	
11/10/2011 13:26:56	TASTEGGIO	1	0	5000	42060	101640	55	0	0.09	0.13	44500	
11/10/2011 13:27:16	TASTEGGIO	1	0	5000	42060	57182	54	1	0.12	0.12	0	
11/10/2011 13:27:32	TASTEGGIO	0	1	5000	42060	57175	65	0	0.12	0.12	0	
11/10/2011 13:27:50	TASTEGGIO	0	2	5000	42060	57168	89	0	0.11	0.11	0	
11/10/2011 13:28:10	TASTEGGIO	0	3	5000	42060	57162	119	-3	0.08	0.08	0	
11/10/2011 13:28:20	TASTEGGIO	0	3	5000	42060	101632	119	-3	0.06	0.08	44500	
11/10/2011 13:30:12	TASTEGGIO	0	3	5000	42060	101765	119	-3	0.15	0.17	24500	
11/10/2011 13:30:32	TASTEGGIO	1	0	5000	42060	77309	57	-2	0.15	0.15	0	
11/10/2011 13:30:51	TASTEGGIO	0	1	5000	42060	77300	70	-1	0.14	0.14	0	
11/10/2011 13:31:00	TASTEGGIO	0	1	5000	42060	101636	70	-1	0.13	0.15	24500	
11/10/2011 13:31:22	TASTEGGIO	1	0	5000	42060	77190	55	1	0.15	0.15	0	
11/10/2011 13:31:41	TASTEGGIO	0	1	5000	42060	77178	70	0	0.14	0.14	0	
11/10/2011 13:31:51	TASTEGGIO	0	1	5000	42060	101633	70	0	0.12	0.12	44500	
11/10/2011 13:32:12	TASTEGGIO	1	0	5000	42060	57180	53	-2	0.10	0.10	0	
11/10/2011 13:32:30	TASTEGGIO	0	1	5000	42060	57168	61	0	0.09	0.09	0	
11/10/2011 13:32:47	TASTEGGIO	0	2	5000	42060	57163	77	-1	0.08	0.08	0	
11/10/2011 13:32:57	TASTEGGIO	0	2	5000	42060	101625	77	-1	0.09	0.10	24500	
11/10/2011 13:33:19	TASTEGGIO	1	0	5000	42060	77180	52	0	0.10	0.10	0	
11/10/2011 13:33:38	TASTEGGIO	0	1	5000	42060	77169	62	0	0.10	0.10	0	
11/10/2011 13:33:57	TASTEGGIO	0	2	5000	42060	77161	82	0	0.10	0.10	0	
11/10/2011 13:34:18	TASTEGGIO	0	3	5000	42060	77152	112	-6	0.05	0.05	0	
11/10/2011 13:34:28	TASTEGGIO	0	3	5000	42060	101627	112	-6	0.06	0.08	-24500	
11/10/2011 13:36:19	TASTEGGIO	0	3	5000	42060	101873	112	-6	0.13	0.15	-44500	
11/10/2011 13:36:43	TASTEGGIO	1	0	5000	42060	146293	55	-6	0.10	0.10	0	
11/10/2011 13:36:53	TASTEGGIO	1	0	5000	42060	101887	55	-6	0.10	0.12	24500	
11/10/2011 13:37:13	TASTEGGIO	1	0	5000	42060	77434	53	-1	0.09	0.09	0	
11/10/2011 13:37:30	TASTEGGIO	0	1	5000	42060	77430	59	-1	0.09	0.09	0	
11/10/2011 13:37:49	TASTEGGIO	0	2	5000	42060	77425	77	-1	0.07	0.07	0	
11/10/2011 13:37:59	TASTEGGIO	0	2	5000	42060	101743	77	-1	0.06	0.08	-44500	
11/10/2011 13:38:21	TASTEGGIO	1	0	5000	42060	146159	50	-2	0.07	0.07	0	
11/10/2011 13:38:31	TASTEGGIO	1	0	5000	42060	101882	50	-2	0.05	0.07	-44500	
11/10/2011 13:40:22	TASTEGGIO	1	0	5000	42060	101761	50	-2	0.13	0.21	44500	
11/10/2011 13:40:44	TASTEGGIO	1	0	5000	42060	57302	60	-3	0.17	0.17	0	
11/10/2011 13:41:01	TASTEGGIO	0	1	5000	42060	57298	73	-1	0.16	0.16	0	
11/10/2011 13:41:20	TASTEGGIO	0	2	5000	42060	57288	103	-2	0.15	0.15	0	
11/10/2011 13:41:39	TASTEGGIO	0	3	5000	42060	57293	145	-9	0.07	0.07	0	
11/10/2011 13:41:50	TASTEGGIO	0	3	5000	42060	101643	145	-9	0.03	0.08	-44500	
11/10/2011 13:42:13	TASTEGGIO	1	0	5000	42060	146061	50	-7	0.02	0.02	0	
11/10/2011 13:42:23	TASTEGGIO	1	0	5000	42060	101774	50	-7	0.02	0.05	44500	
11/10/2011 13:44:14	TASTEGGIO	1	0	5000	42060	101872	50	-7	0.18	0.20	-44500	
11/10/2011 13:44:37	TASTEGGIO	1	0	5000	42060	146289	59	-7	0.15	0.15	0	
11/10/2011 13:44:58	TASTEGGIO	0	1	5000	42060	146291	70	-3	0.12	0.12	0	
11/10/2011 13:45:08	TASTEGGIO	0	1	5000	42060	101880	70	-3	0.12	0.13	-24500	
11/10/2011 13:45:30	TASTEGGIO	1	0	5000	42060	126333	54	-3	0.11	0.11	0	
11/10/2011 13:45:51	TASTEGGIO	0	1	5000	42060	126344	63	-2	0.09	0.09	0	
11/10/2011 13:46:10	TASTEGGIO	0	2	5000	42060	126347	77	-3	0.06	0.06	0	
11/10/2011 13:46:20	TASTEGGIO	0	2	5000	42060	101883	77	-3	0.06	0.07	24500	
11/10/2011 13:48:11	TASTEGGIO	0	2	5000	42060	101760	77	-3	0.40	0.42	-44500	
11/10/2011 13:48:34	TASTEGGIO	1	0	5000	42060	146182	75	-6	0.37	0.37	0	
11/10/2011 13:48:54	TASTEGGIO	0	1	5000	42060	146187	107	-5	0.30	0.30	0	
11/10/2011 13:49:14	TASTEGGIO	0	2	5000	42060	146188	155	-27	0.04	0.04	0	
11/10/2011 13:49:24	TASTEGGIO	0	2	5000	42060	101773	155	-27	0.12	0.18	44500	
11/10/2011 13:49:44	TASTEGGIO	1	0	5000	42060	57314	57	-1	0.15	0.15	0	
11/10/2011 13:50:02	TASTEGGIO	0	1	5000	42060	57307	69	0	0.17	0.17	0	
11/10/2011 13:50:20	TASTEGGIO	0	2	5000	42060	57298	107	-2	0.13	0.13	0	
11/10/2011 13:50:31	TASTEGGIO	0	2	5000	42060	101642	107	-2	0.09	0.13	44500	
11/10/2011 13:50:51	TASTEGGIO	1	0	5000	42060	57186	54	0	0.12	0.12	0	
11/10/2011 13:51:08	TASTEGGIO	0	1	5000	42060	57180	65	0	0.13	0.13	0	
11/10/2011 13:51:26	TASTEGGIO	0	2	5000	42060	57180	93	0	0.12	0.12	0	
11/10/2011 13:51:45	TASTEGGIO	0	3	5000	42060	57179	126	-2	0.11	0.11	0	
11/10/2011 13:52:06	TASTEGGIO	0	4	5000	42060	57180	166	-16	0.08	0.08	0	
11/10/2011 13:52:27	TASTEGGIO	0	1	5000	42060	57181	160	-20	0.13	0.13	0	
11/10/2011 13:52:46	TASTEGGIO	0	1	5000	42060	57193	138	-11	0.07	0.07	0	
11/10/2011 13:52:57	TASTEGGIO	0	1	5000	42060	101633	138	-11	0.04	0.07	24500	
11/10/2011 13:54:48	TASTEGGIO	0	1	5000	42060	101873	138	-11	0.05	0.17	-44500	
11/10/2011 13:55:11	TASTEGGIO	1	0	5000	42060	146285	57	-7	0.10	0.10	0	
11/10/2011 13:55:22	TASTEGGIO	1	0	5000	42060	101881	57	-7	0.01	0.10	-44500	
11/10/2011 13:55:45	TASTEGGIO	1	0	5000	42060	146294	52	-2	0.11	0.11	0	
11/10/2011 13:56:06	TASTEGGIO	0	1	5000	42060	146298	64	-3	0.07	0.07	0	
11/10/2011 13:56:16	TASTEGGIO	0	1	5000	42060	101879	64	-3	0.03	0.07	-44500	
11/10/2011 13:58:07	TASTEGGIO	0	1	5000	42060	101871	64	-3	0.24	0.24	0	
11/10/2011 13:58:27	TASTEGGIO	1	0	5000	42060	101877	62	-3	0.21	0.21	0	
11/10/2011 13:58:47	TASTEGGIO	0	1	5000	42060	101877	80	-2	0.17	0.17	0	
11/10/2011 13:59:09	TASTEGGIO	0	2	5000	42060	101877	107	-8	0.10	0.10	0	
11/10/2011 13:59:16	TASTEGGIO	0	2	5000	42060	101866	107	-8	0.11	0.14	-24500	
11/10/2011 13:59:39	TASTEGGIO	1	0	5000	42060	126322	55	-5	0.10	0.10	0	
11/10/2011 13:59:59	TASTEGGIO	0	1	5000	42060	126332	62	-1	0.09	0.09	0	
11/10/2011 14:00:18	TASTEGGIO	0	2	5000	42060	126336	78	-4	0.05	0.05	0	
11/10/2011 14:00:27	TASTEGGIO	0	2	5000	42060	101878	78	-4	0.03	0.09	44500	
11/10/2011 14:00:47	TASTEGGIO	1	0	5000	42060	57414	51	-1	0.06	0.06	0	
11/10/2011 14:00:57	TASTEGGIO	1	0	5000	42060	101747	51	-1	0.02	0.06	-44500	
11/10/2011 14:02:49	TASTEGGIO	1	0	5000	42060	101874	51	-1	0.10	0.14	-44500	
11/10/2011 14:03:12	TASTEGGIO	1	0	5000	42060	146283	55	-6	0.07	0.07	0	
11/10/2011 14:03:23	TASTEGGIO	1	0	5000	42060	101886	55	-6	0.10	0.11	24500	
11/10/2011 14:03:43	TASTEGGIO	1	0	5000	42060	77426	52	0	0.10	0.10	0	
11/10/2011 14:04:01	TASTEGGIO	0	1	5000	42060	77419	61	-1	0.08	0.08	0	
11/10/2011 14:04:20	TASTEGGIO	0	2	5000	42060	77419	70	-1	0.07	0.07	0	
11/10/2011 14:04:29	TASTEGGIO	0	2	5000	42060	101747	70	-1	0.07	0.08	-44500	
11/10/2011 14:04:53	TASTEGGIO	1	0	5000	42060	146170	50	-1	0.06	0.06	0	
11/10/2011 14:05:04	TASTEGGIO	1	0	5000	42060	101879	50	-1	0.07	0.07	-44500	
11/10/2011 14:06:55	TASTEGGIO	1	0	5000	42060	101874	50	-1	0.13	0.15	-44500	
11/10/2011 14:07:18	TASTEGGIO	1	0	5000	42060	146297	55	-7	0.09	0.09	0	
11/10/2011 14:07:29	TASTEGGIO	1	0	5000	42060	101885	55	-7	0.08	0.11	44500	
11/10/2011 14:07:49	TASTEGGIO	1	0	5000	42060	57418	52	-2	0.09	0.09	0	
11/10/2011 14:08:07	TASTEGGIO	0	1	5000	42060	57413	59	-1	0.08	0.08	0	
11/10/2011 14:08:23	TASTEGGIO	0	2	5000	42060	57407	73	-1	0.06	0.06	0	
11/10/2011 14:08:34	TASTEGGIO	0	2	5000	42060	101740	73	-1	0.06	0.07	24500	
11/10/2011 14:09:31	ALARM 17	proc 12 prog 10 step 47	LavoroTerminato
11/10/2011 14:47:16	TASTEGGIO	0	2	8200	54603	104579	73	-1	0.11	0.11	44500	
11/10/2011 14:47:40	TASTEGGIO	1	0	8200	54603	60141	225	-1	0.10	0.10	0	
11/10/2011 14:48:01	TASTEGGIO	0	1	8200	54603	60131	234	-1	0.08	0.08	0	
11/10/2011 14:48:22	TASTEGGIO	0	2	8200	54603	60124	243	-2	0.07	0.07	0	
11/10/2011 14:48:33	TASTEGGIO	0	2	8200	54603	104550	243	-2	0.09	0.17	-24500	
11/10/2011 14:48:57	TASTEGGIO	1	0	8200	54603	129027	233	-9	0.09	0.09	0	
11/10/2011 14:49:07	TASTEGGIO	1	0	8200	54603	104677	233	-9	0.03	0.10	-24500	
11/10/2011 14:49:32	TASTEGGIO	1	0	8200	54603	129146	224	-3	0.07	0.07	0	
11/10/2011 14:49:42	TASTEGGIO	1	0	8200	54603	104676	224	-3	0.02	0.07	-24500	
11/10/2011 14:51:28	TASTEGGIO	1	0	8200	54603	104868	224	-3	0.22	0.68	44500	
11/10/2011 14:51:53	TASTEGGIO	1	0	8200	54603	60392	299	-6	0.59	0.59	0	
11/10/2011 14:52:15	TASTEGGIO	0	1	8200	54603	60397	350	-14	0.45	0.45	0	
11/10/2011 14:52:38	TASTEGGIO	0	2	8200	54603	60403	398	-23	0.26	0.26	0	
11/10/2011 14:53:00	TASTEGGIO	0	3	8200	54603	60406	400	-12	0.12	0.12	0	
11/10/2011 14:53:10	TASTEGGIO	0	3	8200	54603	104769	400	-12	0.53	0.53	0	
11/10/2011 14:53:35	TASTEGGIO	1	0	8200	54603	104774	280	-12	0.41	0.41	0	
11/10/2011 14:53:58	TASTEGGIO	0	1	8200	54603	104777	311	-14	0.27	0.27	0	
11/10/2011 14:54:20	TASTEGGIO	0	2	8200	54603	104780	336	-19	0.07	0.07	0	
11/10/2011 14:54:28	TASTEGGIO	0	2	8200	54603	104785	336	-19	0.07	0.40	44500	
11/10/2011 14:54:53	TASTEGGIO	1	0	8200	54603	60311	263	0	0.39	0.39	0	
11/10/2011 14:55:13	TASTEGGIO	0	1	8200	54603	60314	301	0	0.40	0.40	0	
11/10/2011 14:55:36	TASTEGGIO	0	2	8200	54603	60317	383	-4	0.32	0.32	0	
11/10/2011 14:55:59	TASTEGGIO	0	3	8200	54603	60321	400	-4	0.27	0.27	0	
11/10/2011 14:56:21	TASTEGGIO	0	4	8200	54603	60320	400	-1	0.26	0.26	0	
11/10/2011 14:56:45	TASTEGGIO	0	5	8200	54603	60398	400	-1	0.26	0.26	0	
11/10/2011 14:57:06	TASTEGGIO	0	6	8200	54603	60399	400	-2	0.24	0.24	0	
11/10/2011 14:57:09	ALARM 401		
11/10/2011 14:57:13	ALARM 205		err.6058
11/10/2011 14:57:28	TASTEGGIO	0	6	8200	54603	104775	400	-2	0.20	0.26	44500	
11/10/2011 14:57:58	TASTEGGIO	0	6	8200	54603	60299	418	-8	0.19	0.19	0	
11/10/2011 14:58:36	TASTEGGIO	0	6	8200	54603	104764	426	-13	0.32	0.34	24500	
11/10/2011 14:59:13	TASTEGGIO	0	6	8200	54603	104750	426	-83	0.54	0.74	44500	
11/10/2011 14:59:53	TASTEGGIO	0	6	8200	54603	104730	426	-26	0.33	0.51	44500	
11/10/2011 15:00:28	TASTEGGIO	0	6	8200	54603	104739	414	-4	0.31	0.47	44500	
11/10/2011 15:01:06	TASTEGGIO	0	6	8200	54603	104741	421	-2	0.29	0.44	44500	
11/10/2011 15:01:43	TASTEGGIO	0	6	8200	54603	104729	427	-3	0.27	0.42	44500	
11/10/2011 15:02:19	TASTEGGIO	0	6	8200	54603	104737	434	-4	0.26	0.39	44500	
11/10/2011 15:03:01	TASTEGGIO	0	6	8200	54603	104736	440	-2	0.24	0.35	44500	
11/10/2011 15:03:40	TASTEGGIO	0	6	8200	54603	104735	450	-4	0.21	0.31	44500	
11/10/2011 15:04:19	TASTEGGIO	0	6	8200	54603	104734	454	-4	0.20	0.26	44500	
11/10/2011 15:04:44	TASTEGGIO	0	6	8200	54603	104734	454	-4	0.19	0.26	44500	
11/10/2011 15:05:08	TASTEGGIO	1	0	8200	54603	60273	245	0	0.26	0.26	0	
11/10/2011 15:05:29	TASTEGGIO	0	1	8200	54603	60273	271	-1	0.24	0.24	0	
11/10/2011 15:05:51	TASTEGGIO	0	2	8200	54603	60275	315	0	0.24	0.24	0	
11/10/2011 15:06:13	TASTEGGIO	0	3	8200	54603	60276	387	-1	0.24	0.24	0	
11/10/2011 15:06:36	TASTEGGIO	0	4	8200	54603	60277	400	0	0.23	0.23	0	
11/10/2011 15:06:59	TASTEGGIO	0	5	8200	54603	60363	400	0	0.23	0.23	0	
11/10/2011 15:07:21	TASTEGGIO	0	6	8200	54603	60363	400	-2	0.23	0.23	0	
11/10/2011 15:07:45	TASTEGGIO	0	7	8200	54603	60363	400	0	0.22	0.22	0	
11/10/2011 15:08:08	TASTEGGIO	0	8	8200	54603	60363	400	0	0.22	0.22	0	
11/10/2011 15:08:32	TASTEGGIO	0	9	8200	54603	60363	400	0	0.22	0.22	0	
11/10/2011 15:08:55	TASTEGGIO	0	10	8200	54603	60363	400	0	0.22	0.22	0	
11/10/2011 15:09:18	TASTEGGIO	0	11	8200	54603	60363	400	-1	0.22	0.22	0	
11/10/2011 15:09:42	TASTEGGIO	0	12	8200	54603	60363	400	0	0.22	0.22	0	
11/10/2011 15:10:05	TASTEGGIO	0	13	8200	54603	60363	400	0	0.22	0.22	0	
11/10/2011 15:10:08	ALARM 401		
11/10/2011 15:10:12	ALARM 205		err.6058
11/10/2011 15:10:27	TASTEGGIO	0	13	8200	54603	104763	400	0	0.21	0.24	44500	
11/10/2011 15:11:05	TASTEGGIO	0	13	8200	54603	104747	410	0	0.20	0.24	44500	
11/10/2011 15:12:26	TASTEGGIO	0	13	8200	54603	104752	440	-2	0.20	0.22	44500	
11/10/2011 15:13:30	TASTEGGIO	0	13	8200	54603	104747	449	-2	0.20	0.20	44500	
11/10/2011 15:14:08	TASTEGGIO	0	13	8200	54603	104745	460	-3	0.21	0.21	0	
11/10/2011 15:14:59	TASTEGGIO	0	13	8200	54603	104759	469	-120	0.94	0.94	0	
11/10/2011 15:15:46	TASTEGGIO	0	13	8200	54603	104764	469	-92	0.18	0.30	24500	
11/10/2011 15:16:22	TASTEGGIO	0	13	8200	54603	104743	439	-55	0.35	0.35	0	
11/10/2011 15:16:57	TASTEGGIO	0	13	8200	54603	104755	429	-43	0.10	0.29	44500	
11/10/2011 15:17:43	TASTEGGIO	0	13	8200	54603	104745	437	-4	0.08	0.26	44500	
11/10/2011 15:18:09	TASTEGGIO	0	13	8200	54603	91733	437	-4	0.02	0.02	0	
11/10/2011 15:19:40	TASTEGGIO	0	13	8200	54603	44878	437	-4	0.33	0.33	0	
11/10/2011 15:20:17	TASTEGGIO	0	13	8200	54603	44862	437	-24	0.11	0.11	0	
11/10/2011 15:20:33	TASTEGGIO	0	13	8200	54603	104742	437	-24	0.12	0.21	-24500	
11/10/2011 15:20:54	TASTEGGIO	0	13	8200	54603	104865	437	-24	0.13	0.21	-24500	
11/10/2011 15:21:20	TASTEGGIO	1	0	8200	54603	129327	238	-10	0.11	0.11	0	
11/10/2011 15:21:29	TASTEGGIO	1	0	8200	54603	104862	238	-10	0.11	0.17	24500	
11/10/2011 15:21:54	TASTEGGIO	1	0	8200	54603	80386	233	-2	0.15	0.15	0	
11/10/2011 15:22:15	TASTEGGIO	0	1	8200	54603	80384	246	-2	0.13	0.13	0	
11/10/2011 15:22:25	TASTEGGIO	0	1	8200	54603	104756	246	-2	0.09	0.13	24500	
11/10/2011 15:22:49	TASTEGGIO	1	0	8200	54603	80297	228	0	0.13	0.13	0	
11/10/2011 15:23:10	TASTEGGIO	0	1	8200	54603	80294	241	-1	0.15	0.15	0	
11/10/2011 15:23:32	TASTEGGIO	0	2	8200	54603	80291	275	-1	0.12	0.12	0	
11/10/2011 15:23:54	TASTEGGIO	0	3	8200	54603	80291	291	-1	0.12	0.12	0	
11/10/2011 15:24:16	TASTEGGIO	0	4	8200	54603	80289	339	-3	0.10	0.10	0	
11/10/2011 15:24:40	TASTEGGIO	0	5	8200	54603	80344	380	0	0.10	0.10	0	
11/10/2011 15:24:50	TASTEGGIO	0	5	8200	54603	104777	380	0	0.04	0.13	44500	
11/10/2011 15:25:14	TASTEGGIO	1	0	8200	54603	60297	228	-1	0.11	0.11	0	
11/10/2011 15:25:24	TASTEGGIO	1	0	8200	54603	104757	228	-1	0.05	0.12	44500	
11/10/2011 15:27:10	TASTEGGIO	1	0	8200	54603	104868	228	-1	0.07	0.11	-24500	
11/10/2011 15:28:54	TASTEGGIO	1	0	8200	54603	104867	228	-1	0.10	0.10	0	
11/10/2011 15:29:18	TASTEGGIO	1	0	8200	54603	104886	224	-5	0.04	0.04	0	
11/10/2011 15:29:26	TASTEGGIO	1	0	8200	54603	104867	224	-5	0.04	0.10	-44500	
11/10/2011 15:29:51	TASTEGGIO	1	0	8200	54603	149284	224	-6	0.03	0.03	0	
11/10/2011 15:30:02	TASTEGGIO	1	0	8200	54603	104865	224	-6	0.07	0.07	0	
11/10/2011 15:31:47	TASTEGGIO	1	0	8200	54603	104867	224	-6	0.49	0.61	-44500	
11/10/2011 15:32:12	TASTEGGIO	1	0	8200	54603	149300	290	-9	0.50	0.50	0	
11/10/2011 15:32:34	TASTEGGIO	0	1	8200	54603	149310	330	-14	0.35	0.35	0	
11/10/2011 15:32:57	TASTEGGIO	0	2	8200	54603	149319	364	-17	0.21	0.21	0	
11/10/2011 15:33:20	TASTEGGIO	0	3	8200	54603	149328	385	-32	0.12	0.12	0	
11/10/2011 15:33:31	TASTEGGIO	0	3	8200	54603	104869	385	-32	0.12	0.13	-44500	
11/10/2011 15:33:57	TASTEGGIO	1	0	8200	54603	149292	228	-10	0.05	0.05	0	
11/10/2011 15:34:07	TASTEGGIO	1	0	8200	54603	104870	228	-10	0.09	0.12	44500	
11/10/2011 15:34:32	TASTEGGIO	1	0	8200	54603	60391	227	-1	0.10	0.10	0	
11/10/2011 15:34:53	TASTEGGIO	0	1	8200	54603	60391	235	-1	0.10	0.10	0	
11/10/2011 15:35:13	TASTEGGIO	0	2	8200	54603	60391	255	0	0.11	0.11	0	
11/10/2011 15:35:34	TASTEGGIO	0	3	8200	54603	60391	291	-5	0.03	0.03	0	
11/10/2011 15:35:45	TASTEGGIO	0	3	8200	54603	104757	291	-5	0.04	0.05	24500	
11/10/2011 15:37:30	TASTEGGIO	0	3	8200	54603	104865	291	-5	0.16	0.16	0	
11/10/2011 15:37:54	TASTEGGIO	1	0	8200	54603	104883	232	-4	0.10	0.10	0	
11/10/2011 15:38:02	TASTEGGIO	1	0	8200	54603	104862	232	-4	0.10	0.11	24500	
11/10/2011 15:38:26	TASTEGGIO	1	0	8200	54603	80385	225	-2	0.08	0.08	0	
11/10/2011 15:38:46	TASTEGGIO	0	1	8200	54603	80383	230	-2	0.07	0.07	0	
11/10/2011 15:38:55	TASTEGGIO	0	1	8200	54603	104764	230	-2	0.09	0.09	0	
11/10/2011 15:39:18	TASTEGGIO	1	0	8200	54603	104771	223	-2	0.06	0.06	0	
11/10/2011 15:39:26	TASTEGGIO	1	0	8200	54603	104776	223	-2	0.06	0.07	-44500	
11/10/2011 15:41:12	TASTEGGIO	1	0	8200	54603	104867	223	-2	0.29	0.34	-44500	
11/10/2011 15:41:38	TASTEGGIO	1	0	8200	54603	149288	255	-6	0.28	0.28	0	
11/10/2011 15:42:00	TASTEGGIO	0	1	8200	54603	149300	278	-5	0.22	0.22	0	
11/10/2011 15:42:22	TASTEGGIO	0	2	8200	54603	149308	302	-8	0.15	0.15	0	
11/10/2011 15:42:45	TASTEGGIO	0	3	8200	54603	149310	319	-9	0.12	0.12	0	
11/10/2011 15:42:55	TASTEGGIO	0	3	8200	54603	104867	319	-9	0.14	0.18	-24500	
11/10/2011 15:43:21	TASTEGGIO	1	0	8200	54603	129336	234	-7	0.10	0.10	0	
11/10/2011 15:43:30	TASTEGGIO	1	0	8200	54603	104869	234	-7	0.08	0.11	-24500	
11/10/2011 15:43:55	TASTEGGIO	1	0	8200	54603	129335	225	-2	0.10	0.10	0	
11/10/2011 15:44:17	TASTEGGIO	0	1	8200	54603	129350	234	-1	0.07	0.07	0	
11/10/2011 15:44:27	TASTEGGIO	0	1	8200	54603	104868	234	-1	0.06	0.10	24500	
11/10/2011 15:44:52	TASTEGGIO	1	0	8200	54603	80398	224	-4	0.06	0.06	0	
11/10/2011 15:45:02	TASTEGGIO	1	0	8200	54603	104759	224	-4	0.05	0.09	-24500	
11/10/2011 15:45:26	TASTEGGIO	1	0	8200	54603	129237	223	-1	0.08	0.08	0	
11/10/2011 15:45:48	TASTEGGIO	0	1	8200	54603	129251	230	-1	0.07	0.07	0	
11/10/2011 15:45:58	TASTEGGIO	0	1	8200	54603	104869	230	-1	0.05	0.07	-24500	
11/10/2011 15:47:44	TASTEGGIO	0	1	8200	54603	104866	230	-1	0.24	0.24	0	
11/10/2011 15:48:08	TASTEGGIO	1	0	8200	54603	104885	242	-7	0.16	0.16	0	
11/10/2011 15:48:29	TASTEGGIO	0	1	8200	54603	104885	252	-3	0.12	0.12	0	
11/10/2011 15:48:37	TASTEGGIO	0	1	8200	54603	104865	252	-3	0.12	0.13	24500	
11/10/2011 15:49:01	TASTEGGIO	1	0	8200	54603	80386	228	-3	0.10	0.10	0	
11/10/2011 15:49:23	TASTEGGIO	0	1	8200	54603	80384	235	-2	0.08	0.08	0	
11/10/2011 15:49:44	TASTEGGIO	0	2	8200	54603	80383	244	-3	0.08	0.08	0	
11/10/2011 15:50:05	TASTEGGIO	0	3	8200	54603	80384	268	-6	0.01	0.01	0	
11/10/2011 15:50:14	TASTEGGIO	0	3	8200	54603	104772	268	-6	0.03	0.13	44500	
11/10/2011 15:50:39	TASTEGGIO	1	0	8200	54603	60292	228	-1	0.10	0.10	0	
11/10/2011 15:50:59	TASTEGGIO	0	1	8200	54603	60291	235	-1	0.09	0.09	0	
11/10/2011 15:51:21	TASTEGGIO	0	2	8200	54603	60291	251	-1	0.07	0.07	0	
11/10/2011 15:51:31	TASTEGGIO	0	2	8200	54603	104757	251	-1	0.08	0.14	-24500	
11/10/2011 15:51:57	TASTEGGIO	1	0	8200	54603	129233	229	-8	0.08	0.08	0	
11/10/2011 15:52:18	TASTEGGIO	0	1	8200	54603	129249	233	-7	0.02	0.02	0	
11/10/2011 15:52:28	TASTEGGIO	0	1	8200	54603	104872	233	-7	0.07	0.14	44500	
11/10/2011 15:52:53	TASTEGGIO	1	0	8200	54603	60394	229	0	0.12	0.12	0	
11/10/2011 15:53:14	TASTEGGIO	0	1	8200	54603	60397	239	0	0.12	0.12	0	
11/10/2011 15:53:36	TASTEGGIO	0	2	8200	54603	60403	263	-1	0.11	0.11	0	
11/10/2011 15:53:56	TASTEGGIO	0	3	8200	54603	60400	293	-4	0.07	0.07	0	
11/10/2011 15:54:07	TASTEGGIO	0	3	8200	54603	104755	293	-4	0.06	0.08	44500	
11/10/2011 15:54:31	TASTEGGIO	1	0	8200	54603	60284	222	0	0.08	0.08	0	
11/10/2011 15:54:51	TASTEGGIO	0	1	8200	54603	60286	230	0	0.08	0.08	0	
11/10/2011 15:55:13	TASTEGGIO	0	2	8200	54603	60284	246	0	0.08	0.08	0	
11/10/2011 15:55:33	TASTEGGIO	0	3	8200	54603	60282	270	-1	0.06	0.06	0	
11/10/2011 15:55:44	TASTEGGIO	0	3	8200	54603	104749	270	-1	0.07	0.08	44500	
11/10/2011 15:56:08	TASTEGGIO	1	0	8200	54603	60283	222	0	0.06	0.06	0	
11/10/2011 15:56:19	TASTEGGIO	1	0	8200	54603	104754	222	0	0.07	0.07	0	
11/10/2011 15:58:05	TASTEGGIO	1	0	8200	54603	104864	222	0	0.28	0.34	-44500	
11/10/2011 15:58:31	TASTEGGIO	1	0	8200	54603	149286	255	-5	0.26	0.26	0	
11/10/2011 15:58:52	TASTEGGIO	0	1	8200	54603	149299	274	-5	0.20	0.20	0	
11/10/2011 15:59:15	TASTEGGIO	0	2	8200	54603	149308	295	-6	0.14	0.14	0	
11/10/2011 15:59:25	TASTEGGIO	0	2	8200	54603	104865	295	-6	0.23	0.23	0	
11/10/2011 15:59:49	TASTEGGIO	1	0	8200	54603	104885	241	-5	0.18	0.18	0	
11/10/2011 16:00:10	TASTEGGIO	0	1	8200	54603	104884	255	-4	0.15	0.15	0	
11/10/2011 16:00:33	TASTEGGIO	0	2	8200	54603	104882	279	-8	0.06	0.06	0	
11/10/2011 16:00:41	TASTEGGIO	0	2	8200	54603	104862	279	-8	0.07	0.14	-44500	
11/10/2011 16:01:06	TASTEGGIO	1	0	8200	54603	149294	229	-4	0.10	0.10	0	
11/10/2011 16:01:27	TASTEGGIO	0	1	8200	54603	149305	236	0	0.10	0.10	0	
11/10/2011 16:01:48	TASTEGGIO	0	2	8200	54603	149312	256	0	0.10	0.10	0	
11/10/2011 16:02:10	TASTEGGIO	0	3	8200	54603	149322	286	-8	0.06	0.06	0	
11/10/2011 16:02:21	TASTEGGIO	0	3	8200	54603	104867	286	-8	0.16	0.17	44500	
11/10/2011 16:02:46	TASTEGGIO	1	0	8200	54603	60390	233	-1	0.14	0.14	0	
11/10/2011 16:02:57	TASTEGGIO	1	0	8200	54603	104755	233	-1	0.16	0.16	0	
11/10/2011 16:03:20	TASTEGGIO	1	0	8200	54603	104758	232	-1	0.12	0.12	0	
11/10/2011 16:03:28	TASTEGGIO	1	0	8200	54603	104767	232	-1	0.14	0.16	44500	
11/10/2011 16:03:53	TASTEGGIO	1	0	8200	54603	60286	232	0	0.16	0.16	0	
11/10/2011 16:04:13	TASTEGGIO	0	1	8200	54603	60287	248	-1	0.13	0.13	0	
11/10/2011 16:04:23	TASTEGGIO	0	1	8200	54603	104755	248	-1	0.14	0.14	44500	
11/10/2011 16:04:48	TASTEGGIO	1	0	8200	54603	60275	229	0	0.15	0.15	0	
11/10/2011 16:05:08	TASTEGGIO	0	1	8200	54603	60276	245	0	0.13	0.13	0	
11/10/2011 16:05:28	TASTEGGIO	0	2	8200	54603	60276	267	-2	0.11	0.11	0	
11/10/2011 16:05:50	TASTEGGIO	0	3	8200	54603	60275	294	-4	0.08	0.08	0	
11/10/2011 16:06:12	TASTEGGIO	0	4	8200	54603	60275	305	-5	0.04	0.04	0	
11/10/2011 16:06:23	TASTEGGIO	0	4	8200	54603	104760	305	-5	0.06	0.09	-44500	
11/10/2011 16:06:49	TASTEGGIO	1	0	8200	54603	149193	223	-1	0.08	0.08	0	
11/10/2011 16:07:10	TASTEGGIO	0	1	8200	54603	149213	230	0	0.08	0.08	0	
11/10/2011 16:07:31	TASTEGGIO	0	2	8200	54603	149223	246	0	0.08	0.08	0	
11/10/2011 16:07:53	TASTEGGIO	0	3	8200	54603	149230	270	0	0.07	0.07	0	
11/10/2011 16:08:04	TASTEGGIO	0	3	8200	54603	104867	270	0	0.06	0.08	-44500	
11/10/2011 16:08:29	TASTEGGIO	1	0	8200	54603	149311	222	0	0.07	0.07	0	
11/10/2011 16:08:40	TASTEGGIO	1	0	8200	54603	104866	222	0	0.06	0.07	-44500	
11/10/2011 16:10:26	TASTEGGIO	1	0	8200	54603	104869	222	0	0.17	0.17	0	
11/10/2011 16:10:49	TASTEGGIO	1	0	8200	54603	104888	233	-6	0.12	0.12	0	
11/10/2011 16:10:57	TASTEGGIO	1	0	8200	54603	104870	233	-6	0.11	0.12	44500	
11/10/2011 16:11:21	TASTEGGIO	1	0	8200	54603	60390	227	-1	0.10	0.10	0	
11/10/2011 16:11:40	TASTEGGIO	0	1	8200	54603	60391	235	0	0.09	0.09	0	
11/10/2011 16:12:00	TASTEGGIO	0	2	8200	54603	60390	251	-1	0.07	0.07	0	
11/10/2011 16:12:10	TASTEGGIO	0	2	8200	54603	104758	251	-1	0.09	0.09	0	
11/10/2011 16:12:33	TASTEGGIO	1	0	8200	54603	104765	223	-1	0.08	0.08	0	
11/10/2011 16:12:56	TASTEGGIO	0	1	8200	54603	104766	230	-1	0.07	0.07	0	
11/10/2011 16:13:04	TASTEGGIO	0	1	8200	54603	104772	230	-1	0.07	0.08	-44500	
11/10/2011 16:13:29	TASTEGGIO	1	0	8200	54603	149212	222	-6	0.02	0.02	0	
11/10/2011 16:13:40	TASTEGGIO	1	0	8200	54603	104869	222	-6	0.05	0.10	-24500	
11/10/2011 16:14:05	TASTEGGIO	1	0	8200	54603	129344	224	-9	0.03	0.03	0	
11/10/2011 16:14:15	TASTEGGIO	1	0	8200	54603	104870	224	-9	0.03	0.08	-44500	
11/10/2011 16:14:41	TASTEGGIO	1	0	8200	54603	149303	222	-4	0.03	0.03	0	
11/10/2011 16:14:52	TASTEGGIO	1	0	8200	54603	104873	222	-4	0.04	0.07	-24500	
11/10/2011 16:16:38	TASTEGGIO	1	0	8200	54603	104971	222	-4	0.16	0.19	-44500	
11/10/2011 16:17:03	TASTEGGIO	1	0	8200	54603	149396	236	-7	0.12	0.12	0	
11/10/2011 16:17:13	TASTEGGIO	1	0	8200	54603	104965	236	-7	0.14	0.15	24500	
11/10/2011 16:17:38	TASTEGGIO	1	0	8200	54603	80506	231	-3	0.12	0.12	0	
11/10/2011 16:17:48	TASTEGGIO	1	0	8200	54603	104854	231	-3	0.13	0.13	0	
11/10/2011 16:18:12	TASTEGGIO	1	0	8200	54603	104861	228	-4	0.10	0.10	0	
11/10/2011 16:18:33	TASTEGGIO	0	1	8200	54603	104864	235	-5	0.06	0.06	0	
11/10/2011 16:18:40	TASTEGGIO	0	1	8200	54603	104869	235	-5	0.05	0.09	-44500	
11/10/2011 16:19:05	TASTEGGIO	1	0	8200	54603	149309	223	-1	0.08	0.08	0	
11/10/2011 16:19:26	TASTEGGIO	0	1	8200	54603	149322	230	-2	0.06	0.06	0	
11/10/2011 16:19:37	TASTEGGIO	0	1	8200	54603	104975	230	-2	0.05	0.07	-44500	
11/10/2011 16:21:22	TASTEGGIO	0	1	8200	54603	104870	230	-2	0.25	0.25	0	
11/10/2011 16:21:46	TASTEGGIO	1	0	8200	54603	104889	243	-6	0.20	0.20	0	
11/10/2011 16:22:07	TASTEGGIO	0	1	8200	54603	104889	258	-5	0.14	0.14	0	
11/10/2011 16:22:15	TASTEGGIO	0	1	8200	54603	104871	258	-5	0.14	0.20	-24500	
11/10/2011 16:22:40	TASTEGGIO	1	0	8200	54603	129335	237	-8	0.12	0.12	0	
11/10/2011 16:22:49	TASTEGGIO	1	0	8200	54603	104872	237	-8	0.09	0.12	-24500	
11/10/2011 16:23:13	TASTEGGIO	1	0	8200	54603	129341	227	-1	0.12	0.12	0	
11/10/2011 16:23:36	TASTEGGIO	0	1	8200	54603	129356	239	-2	0.10	0.10	0	
11/10/2011 16:23:58	TASTEGGIO	0	2	8200	54603	129366	255	-4	0.06	0.06	0	
11/10/2011 16:24:08	TASTEGGIO	0	2	8200	54603	104874	255	-4	0.04	0.07	24500	
11/10/2011 16:25:54	TASTEGGIO	0	2	8200	54603	104868	255	-4	0.11	0.11	0	
11/10/2011 16:26:18	TASTEGGIO	1	0	8200	54603	104887	225	-5	0.07	0.07	0	
11/10/2011 16:26:26	TASTEGGIO	1	0	8200	54603	104870	225	-5	0.07	0.07	-24500	
11/10/2011 16:28:11	TASTEGGIO	1	0	8200	54603	104872	225	-5	0.12	0.18	-44500	
11/10/2011 16:28:37	TASTEGGIO	1	0	8200	54603	149299	234	-5	0.11	0.11	0	
11/10/2011 16:28:47	TASTEGGIO	1	0	8200	54603	104869	234	-5	0.11	0.17	44500	
11/10/2011 16:29:12	TASTEGGIO	1	0	8200	54603	60390	233	-2	0.15	0.15	0	
11/10/2011 16:29:34	TASTEGGIO	0	1	8200	54603	60390	246	0	0.13	0.13	0	
11/10/2011 16:29:44	TASTEGGIO	0	1	8200	54603	104752	246	0	0.10	0.14	44500	
11/10/2011 16:30:09	TASTEGGIO	1	0	8200	54603	60278	229	-1	0.12	0.12	0	
11/10/2011 16:30:29	TASTEGGIO	0	1	8200	54603	60275	239	0	0.13	0.13	0	
11/10/2011 16:30:51	TASTEGGIO	0	2	8200	54603	60274	267	-3	0.14	0.14	0	
11/10/2011 16:31:13	TASTEGGIO	0	3	8200	54603	60274	312	-8	0.04	0.04	0	
11/10/2011 16:31:24	TASTEGGIO	0	3	8200	54603	104746	312	-8	0.05	0.12	-44500	
11/10/2011 16:31:50	TASTEGGIO	1	0	8200	54603	149184	227	-2	0.11	0.11	0	
11/10/2011 16:32:11	TASTEGGIO	0	1	8200	54603	149197	237	-1	0.10	0.10	0	
11/10/2011 16:32:34	TASTEGGIO	0	2	8200	54603	149206	255	-3	0.06	0.06	0	
11/10/2011 16:32:44	TASTEGGIO	0	2	8200	54603	104861	255	-3	0.05	0.07	-44500	
11/10/2011 16:34:28	TASTEGGIO	0	2	8200	54603	104782	255	-3	0.12	0.20	-44500	
11/10/2011 16:34:54	TASTEGGIO	1	0	8200	54603	149208	237	-6	0.13	0.13	0	
11/10/2011 16:35:04	TASTEGGIO	1	0	8200	54603	104776	237	-6	0.08	0.14	-44500	
11/10/2011 16:35:30	TASTEGGIO	1	0	8200	54603	149207	229	0	0.12	0.12	0	
11/10/2011 16:35:52	TASTEGGIO	0	1	8200	54603	149221	239	-1	0.11	0.11	0	
11/10/2011 16:36:15	TASTEGGIO	0	2	8200	54603	149227	259	-3	0.09	0.09	0	
11/10/2011 16:36:36	TASTEGGIO	0	3	8200	54603	149230	281	-9	0.03	0.03	0	
11/10/2011 16:36:47	TASTEGGIO	0	3	8200	54603	104764	281	-9	0.02	0.04	44500	
11/10/2011 16:38:33	TASTEGGIO	0	3	8200	54603	104780	281	-9	0.16	0.21	24500	
11/10/2011 16:38:57	TASTEGGIO	1	0	8200	54603	80310	238	-5	0.17	0.17	0	
11/10/2011 16:39:18	TASTEGGIO	0	1	8200	54603	80317	251	-1	0.15	0.15	0	
11/10/2011 16:39:40	TASTEGGIO	0	2	8200	54603	80320	277	-4	0.11	0.11	0	
11/10/2011 16:39:50	TASTEGGIO	0	2	8200	54603	104662	277	-4	0.12	0.20	-24500	
11/10/2011 16:40:16	TASTEGGIO	1	0	8200	54603	129130	237	-8	0.11	0.11	0	
11/10/2011 16:40:26	TASTEGGIO	1	0	8200	54603	104775	237	-8	0.06	0.12	-24500	
11/10/2011 16:40:50	TASTEGGIO	1	0	8200	54603	129240	227	-3	0.09	0.09	0	
11/10/2011 16:41:11	TASTEGGIO	0	1	8200	54603	129256	233	-3	0.07	0.07	0	
11/10/2011 16:41:21	TASTEGGIO	0	1	8200	54603	104777	233	-3	0.04	0.11	24500	
11/10/2011 16:41:46	TASTEGGIO	1	0	8200	54603	80319	225	-1	0.10	0.10	0	
11/10/2011 16:42:07	TASTEGGIO	0	1	8200	54603	80314	234	0	0.10	0.10	0	
11/10/2011 16:42:27	TASTEGGIO	0	2	8200	54603	80316	254	-1	0.10	0.10	0	
11/10/2011 16:42:50	TASTEGGIO	0	3	8200	54603	80318	284	-3	0.08	0.08	0	
11/10/2011 16:43:11	TASTEGGIO	0	4	8200	54603	80318	296	-4	0.03	0.03	0	
11/10/2011 16:43:21	TASTEGGIO	0	4	8200	54603	104656	296	-4	0.06	0.13	-24500	
11/10/2011 16:43:46	TASTEGGIO	1	0	8200	54603	129129	228	-1	0.10	0.10	0	
11/10/2011 16:44:07	TASTEGGIO	0	1	8200	54603	129146	235	-2	0.10	0.10	0	
11/10/2011 16:44:29	TASTEGGIO	0	2	8200	54603	129156	255	-4	0.05	0.05	0	
11/10/2011 16:44:38	TASTEGGIO	0	2	8200	54603	104786	255	-4	0.01	0.08	24500	
11/10/2011 16:45:32	ALARM 17	proc 12 prog 10 step 47	LavoroTerminato
11/10/2011 16:46:11	ALARM 406		
12/10/2011 07:29:15	ALARM 401		
12/10/2011 07:29:16	INIT OK
12/10/2011 07:53:08	TASTEGGIO	0	0	8200	54603	104979	0	0	0.63	0.75	-44500	
12/10/2011 07:53:34	TASTEGGIO	1	0	8200	54603	149455	308	-13	0.58	0.58	0	
12/10/2011 07:53:56	TASTEGGIO	0	1	8200	54603	149459	352	-16	0.40	0.40	0	
12/10/2011 07:54:19	TASTEGGIO	0	2	8200	54603	149462	391	-23	0.20	0.20	0	
12/10/2011 07:54:40	TASTEGGIO	0	0	8200	54603	149465	237	0	0.22	0.22	0	
12/10/2011 07:55:02	TASTEGGIO	0	1	8200	54603	149466	261	0	0.20	0.20	0	
12/10/2011 07:55:22	TASTEGGIO	0	2	8200	54603	149470	297	-1	0.19	0.19	0	
12/10/2011 07:55:43	TASTEGGIO	0	3	8200	54603	149470	351	-8	0.13	0.13	0	
12/10/2011 07:55:54	TASTEGGIO	0	3	8200	54603	104997	351	-8	0.18	0.20	24500	
12/10/2011 07:56:18	TASTEGGIO	1	0	8200	54603	80539	237	-3	0.17	0.17	0	
12/10/2011 07:56:39	TASTEGGIO	0	1	8200	54603	80540	251	-3	0.13	0.13	0	
12/10/2011 07:56:49	TASTEGGIO	0	1	8200	54603	104854	251	-3	0.13	0.13	0	
12/10/2011 07:57:12	TASTEGGIO	1	0	8200	54603	104858	228	-6	0.08	0.08	0	
12/10/2011 07:57:33	TASTEGGIO	0	1	8200	54603	104862	232	-4	0.06	0.06	0	
12/10/2011 07:57:41	TASTEGGIO	0	1	8200	54603	104869	232	-4	0.06	0.07	24500	
12/10/2011 07:59:27	TASTEGGIO	0	1	8200	54603	104974	232	-4	0.08	0.08	0	
12/10/2011 07:59:51	TASTEGGIO	1	0	8200	54603	104993	222	-7	0.01	0.01	0	
12/10/2011 07:59:59	TASTEGGIO	1	0	8200	54603	104968	222	-7	0.02	0.06	-24500	
12/10/2011 08:01:45	TASTEGGIO	1	0	8200	54603	105172	222	-7	0.15	0.15	0	
12/10/2011 08:02:07	TASTEGGIO	1	0	8200	54603	105186	231	-7	0.07	0.07	0	
12/10/2011 08:02:15	TASTEGGIO	1	0	8200	54603	105170	231	-7	0.08	0.08	0	
12/10/2011 08:02:39	TASTEGGIO	1	0	8200	54603	105184	222	-1	0.06	0.06	0	
12/10/2011 08:02:47	TASTEGGIO	1	0	8200	54603	105168	222	-1	0.06	0.06	0	
12/10/2011 08:04:34	TASTEGGIO	1	0	8200	54603	104877	222	-1	0.37	0.47	-44500	
12/10/2011 08:04:59	TASTEGGIO	1	0	8200	54603	149300	272	-9	0.36	0.36	0	
12/10/2011 08:05:20	TASTEGGIO	0	1	8200	54603	149318	299	-9	0.27	0.27	0	
12/10/2011 08:05:42	TASTEGGIO	0	2	8200	54603	149328	327	-13	0.16	0.16	0	
12/10/2011 08:06:05	TASTEGGIO	0	3	8200	54603	149335	343	-18	0.11	0.11	0	
12/10/2011 08:06:15	TASTEGGIO	0	3	8200	54603	104878	343	-18	0.07	0.12	-44500	
12/10/2011 08:06:40	TASTEGGIO	1	0	8200	54603	149302	227	-6	0.05	0.05	0	
12/10/2011 08:06:51	TASTEGGIO	1	0	8200	54603	104867	227	-6	0.10	0.12	24500	
12/10/2011 08:07:15	TASTEGGIO	1	0	8200	54603	80406	227	-6	0.15	0.15	0	
12/10/2011 08:07:36	TASTEGGIO	0	1	8200	54603	80403	245	-7	0.09	0.09	0	
12/10/2011 08:07:58	TASTEGGIO	0	2	8200	54603	80402	252	-3	0.06	0.06	0	
12/10/2011 08:08:08	TASTEGGIO	0	2	8200	54603	104754	252	-3	0.07	0.07	24500	
12/10/2011 08:09:55	TASTEGGIO	0	2	8200	54603	104882	252	-3	0.28	0.32	-44500	
12/10/2011 08:10:21	TASTEGGIO	1	0	8200	54603	149299	252	-6	0.27	0.27	0	
12/10/2011 08:10:42	TASTEGGIO	0	1	8200	54603	149318	274	-5	0.18	0.18	0	
12/10/2011 08:11:05	TASTEGGIO	0	2	8200	54603	149330	290	-7	0.17	0.17	0	
12/10/2011 08:11:27	TASTEGGIO	0	3	8200	54603	149340	338	-26	0.10	0.10	0	
12/10/2011 08:11:37	TASTEGGIO	0	3	8200	54603	104881	338	-26	0.12	0.12	0	
12/10/2011 08:12:02	TASTEGGIO	1	0	8200	54603	104902	227	-7	0.06	0.06	0	
12/10/2011 08:12:10	TASTEGGIO	1	0	8200	54603	104881	227	-7	0.06	0.08	-44500	
12/10/2011 08:12:35	TASTEGGIO	1	0	8200	54603	149294	222	-10	0.05	0.05	0	
12/10/2011 08:12:45	TASTEGGIO	1	0	8200	54603	104876	222	-10	0.08	0.09	44500	
12/10/2011 08:13:11	TASTEGGIO	1	0	8200	54603	60399	223	-1	0.07	0.07	0	
12/10/2011 08:13:21	TASTEGGIO	1	0	8200	54603	104750	223	-1	0.08	0.08	-24500	
12/10/2011 08:13:46	TASTEGGIO	1	0	8200	54603	129230	222	-7	0.03	0.03	0	
12/10/2011 08:13:56	TASTEGGIO	1	0	8200	54603	104867	222	-7	0.06	0.08	44500	
12/10/2011 08:14:20	TASTEGGIO	1	0	8200	54603	60397	222	0	0.07	0.07	0	
12/10/2011 08:14:31	TASTEGGIO	1	0	8200	54603	104749	222	0	0.05	0.08	44500	
12/10/2011 08:14:55	TASTEGGIO	1	0	8200	54603	60292	222	0	0.07	0.07	0	
12/10/2011 08:15:06	TASTEGGIO	1	0	8200	54603	104739	222	0	0.06	0.08	44500	
12/10/2011 08:15:30	TASTEGGIO	1	0	8200	54603	60285	222	-1	0.08	0.08	0	
12/10/2011 08:15:50	TASTEGGIO	0	1	8200	54603	60281	230	-1	0.05	0.05	0	
12/10/2011 08:16:01	TASTEGGIO	0	1	8200	54603	104743	230	-1	0.08	0.08	0	
12/10/2011 08:16:25	TASTEGGIO	1	0	8200	54603	104744	222	-4	0.03	0.03	0	
12/10/2011 08:16:33	TASTEGGIO	1	0	8200	54603	104755	222	-4	0.04	0.08	44500	
12/10/2011 08:16:57	TASTEGGIO	1	0	8200	54603	60297	222	0	0.06	0.06	0	
12/10/2011 08:17:07	TASTEGGIO	1	0	8200	54603	104746	222	0	0.04	0.08	44500	
12/10/2011 08:18:53	TASTEGGIO	1	0	8200	54603	104879	222	0	0.41	0.41	0	
12/10/2011 08:19:17	TASTEGGIO	1	0	8200	54603	104897	264	-9	0.31	0.31	0	
12/10/2011 08:19:38	TASTEGGIO	0	1	8200	54603	104896	287	-10	0.22	0.22	0	
12/10/2011 08:20:01	TASTEGGIO	0	2	8200	54603	104896	309	-14	0.10	0.10	0	
12/10/2011 08:20:09	TASTEGGIO	0	2	8200	54603	104872	309	-14	0.11	0.30	-44500	
12/10/2011 08:20:35	TASTEGGIO	1	0	8200	54603	149289	250	-9	0.19	0.19	0	
12/10/2011 08:20:56	TASTEGGIO	0	1	8200	54603	149308	262	-7	0.14	0.14	0	
12/10/2011 08:21:07	TASTEGGIO	0	1	8200	54603	104874	262	-7	0.04	0.13	-44500	
12/10/2011 08:21:32	TASTEGGIO	1	0	8200	54603	149300	228	-1	0.11	0.11	0	
12/10/2011 08:21:53	TASTEGGIO	0	1	8200	54603	149314	237	0	0.11	0.11	0	
12/10/2011 08:22:15	TASTEGGIO	0	2	8200	54603	149324	259	-3	0.09	0.09	0	
12/10/2011 08:22:36	TASTEGGIO	0	3	8200	54603	149334	281	-6	0.03	0.03	0	
12/10/2011 08:22:47	TASTEGGIO	0	3	8200	54603	104875	281	-6	0.07	0.12	44500	
12/10/2011 08:23:12	TASTEGGIO	1	0	8200	54603	60403	227	-3	0.08	0.08	0	
12/10/2011 08:23:32	TASTEGGIO	0	1	8200	54603	60409	232	-1	0.07	0.07	0	
12/10/2011 08:23:42	TASTEGGIO	0	1	8200	54603	104751	232	-1	0.06	0.09	44500	
12/10/2011 08:24:06	TASTEGGIO	1	0	8200	54603	60295	223	0	0.08	0.08	0	
12/10/2011 08:24:17	TASTEGGIO	1	0	8200	54603	104758	223	0	0.05	0.08	44500	
12/10/2011 08:25:13	ALARM 17	proc 12 prog 10 step 47	LavoroTerminato
12/10/2011 08:46:32	ALARM 318	proc 12 prog 22 step 6	go_abs inv_ax 2
12/10/2011 08:49:35	TASTEGGIO	1	0	5000	42060	110675	223	0	0.11	0.16	-44500	
12/10/2011 08:49:59	TASTEGGIO	1	0	5000	42060	155107	56	-6	0.11	0.11	0	
12/10/2011 08:50:09	TASTEGGIO	1	0	5000	42060	110771	56	-6	0.07	0.12	44500	
12/10/2011 08:50:29	TASTEGGIO	1	0	5000	42060	66336	53	0	0.09	0.09	0	
12/10/2011 08:50:47	TASTEGGIO	0	1	5000	42060	66333	59	0	0.08	0.08	0	
12/10/2011 08:51:05	TASTEGGIO	0	2	5000	42060	66330	73	-1	0.08	0.08	0	
12/10/2011 08:51:24	TASTEGGIO	0	3	5000	42060	66328	97	-3	0.05	0.05	0	
12/10/2011 08:51:35	TASTEGGIO	0	3	5000	42060	110643	97	-3	0.03	0.08	-44500	
12/10/2011 08:51:59	TASTEGGIO	1	0	5000	42060	155076	50	-5	0.05	0.05	0	
12/10/2011 08:52:09	TASTEGGIO	1	0	5000	42060	110758	50	-5	0.03	0.06	-44500	
12/10/2011 08:54:02	TASTEGGIO	1	0	5000	42060	110783	50	-5	0.11	0.15	44500	
12/10/2011 08:54:23	TASTEGGIO	1	0	5000	42060	66345	55	-2	0.11	0.11	0	
12/10/2011 08:54:33	TASTEGGIO	1	0	5000	42060	110641	55	-2	0.10	0.13	44500	
12/10/2011 08:54:54	TASTEGGIO	1	0	5000	42060	66206	54	0	0.12	0.12	0	
12/10/2011 08:55:11	TASTEGGIO	0	1	5000	42060	66202	65	0	0.11	0.11	0	
12/10/2011 08:55:30	TASTEGGIO	0	2	5000	42060	66200	85	-1	0.10	0.10	0	
12/10/2011 08:55:50	TASTEGGIO	0	3	5000	42060	66195	112	-4	0.07	0.07	0	
12/10/2011 08:56:01	TASTEGGIO	0	3	5000	42060	110637	112	-4	0.07	0.08	-44500	
12/10/2011 08:56:25	TASTEGGIO	1	0	5000	42060	155069	50	-7	0.02	0.02	0	
12/10/2011 08:56:35	TASTEGGIO	1	0	5000	42060	110760	50	-7	0.04	0.06	44500	
12/10/2011 08:58:28	TASTEGGIO	1	0	5000	42060	110781	50	-7	0.36	0.37	24500	
12/10/2011 08:58:50	TASTEGGIO	1	0	5000	42060	86364	71	0	0.34	0.34	0	
12/10/2011 08:59:09	TASTEGGIO	0	1	5000	42060	86350	102	-2	0.30	0.30	0	
12/10/2011 08:59:31	TASTEGGIO	0	2	5000	42060	86342	154	-26	0.06	0.06	0	
12/10/2011 08:59:41	TASTEGGIO	0	2	5000	42060	110643	154	-26	0.08	0.12	-44500	
12/10/2011 09:00:05	TASTEGGIO	1	0	5000	42060	155085	53	-7	0.06	0.06	0	
12/10/2011 09:00:15	TASTEGGIO	1	0	5000	42060	110757	53	-7	0.05	0.11	44500	
12/10/2011 09:00:36	TASTEGGIO	1	0	5000	42060	66316	52	0	0.09	0.09	0	
12/10/2011 09:00:53	TASTEGGIO	0	1	5000	42060	66312	59	-1	0.08	0.08	0	
12/10/2011 09:01:10	TASTEGGIO	0	2	5000	42060	66310	73	-1	0.08	0.08	0	
12/10/2011 09:01:29	TASTEGGIO	0	3	5000	42060	66309	97	-5	0.04	0.04	0	
12/10/2011 09:01:39	TASTEGGIO	0	3	5000	42060	110636	97	-5	0.02	0.06	44500	
12/10/2011 09:03:32	TASTEGGIO	0	3	5000	42060	110876	97	-5	0.13	0.13	0	
12/10/2011 09:03:54	TASTEGGIO	1	0	5000	42060	110880	54	-5	0.09	0.09	0	
12/10/2011 09:04:13	TASTEGGIO	0	1	5000	42060	110880	60	-4	0.05	0.05	0	
12/10/2011 09:04:21	TASTEGGIO	0	1	5000	42060	110875	60	-4	0.06	0.07	-44500	
12/10/2011 09:06:14	TASTEGGIO	0	1	5000	42060	110781	60	-4	0.12	0.12	0	
12/10/2011 09:06:36	TASTEGGIO	1	0	5000	42060	110784	53	-7	0.09	0.09	0	
12/10/2011 09:06:55	TASTEGGIO	0	1	5000	42060	110784	59	-4	0.04	0.04	0	
12/10/2011 09:07:03	TASTEGGIO	0	1	5000	42060	110780	59	-4	0.06	0.06	24500	
12/10/2011 09:08:56	TASTEGGIO	0	1	5000	42060	110782	59	-4	0.40	0.41	24500	
12/10/2011 09:09:17	TASTEGGIO	1	0	5000	42060	86358	74	-1	0.37	0.37	0	
12/10/2011 09:09:36	TASTEGGIO	0	1	5000	42060	86345	107	-2	0.32	0.32	0	
12/10/2011 09:09:58	TASTEGGIO	0	2	5000	42060	86335	162	-31	0.14	0.14	0	
12/10/2011 09:10:07	TASTEGGIO	0	2	5000	42060	110643	162	-31	0.13	0.16	44500	
12/10/2011 09:10:28	TASTEGGIO	1	0	5000	42060	66213	56	0	0.14	0.14	0	
12/10/2011 09:10:38	TASTEGGIO	1	0	5000	42060	110633	56	0	0.12	0.14	-44500	
12/10/2011 09:11:02	TASTEGGIO	1	0	5000	42060	155069	55	-8	0.10	0.10	0	
12/10/2011 09:11:22	TASTEGGIO	0	1	5000	42060	155069	62	-8	0.05	0.05	0	
12/10/2011 09:11:32	TASTEGGIO	0	1	5000	42060	110766	62	-8	0.05	0.13	24500	
12/10/2011 09:11:54	TASTEGGIO	1	0	5000	42060	86343	54	-1	0.08	0.08	0	
12/10/2011 09:12:13	TASTEGGIO	0	1	5000	42060	86334	58	0	0.08	0.08	0	
12/10/2011 09:12:32	TASTEGGIO	0	2	5000	42060	86325	74	-4	0.04	0.04	0	
12/10/2011 09:12:41	TASTEGGIO	0	2	5000	42060	110642	74	-4	0.04	0.09	44500	
12/10/2011 09:13:03	TASTEGGIO	1	0	5000	42060	66209	51	0	0.07	0.07	0	
12/10/2011 09:13:13	TASTEGGIO	1	0	5000	42060	110628	51	0	0.03	0.07	44500	
12/10/2011 09:15:06	TASTEGGIO	1	0	5000	42060	110784	51	0	0.19	0.22	44500	
12/10/2011 09:15:26	TASTEGGIO	1	0	5000	42060	66337	60	-1	0.19	0.19	0	
12/10/2011 09:15:44	TASTEGGIO	0	1	5000	42060	66334	76	0	0.17	0.17	0	
12/10/2011 09:16:02	TASTEGGIO	0	2	5000	42060	66332	106	-3	0.15	0.15	0	
12/10/2011 09:16:24	TASTEGGIO	0	3	5000	42060	66325	145	-11	0.05	0.05	0	
12/10/2011 09:16:34	TASTEGGIO	0	3	5000	42060	110643	145	-11	0.06	0.07	-44500	
12/10/2011 09:18:27	TASTEGGIO	0	3	5000	42060	110781	145	-11	0.11	0.11	0	
12/10/2011 09:18:49	TASTEGGIO	1	0	5000	42060	110783	52	-6	0.08	0.08	0	
12/10/2011 09:19:08	TASTEGGIO	0	1	5000	42060	110784	57	-6	0.04	0.04	0	
12/10/2011 09:19:16	TASTEGGIO	0	1	5000	42060	110779	57	-6	0.04	0.05	44500	
12/10/2011 09:21:09	TASTEGGIO	0	1	5000	42060	110883	57	-6	0.21	0.23	44500	
12/10/2011 09:21:30	TASTEGGIO	1	0	5000	42060	66441	61	0	0.20	0.20	0	
12/10/2011 09:21:48	TASTEGGIO	0	1	5000	42060	66431	78	0	0.20	0.20	0	
12/10/2011 09:22:08	TASTEGGIO	0	2	5000	42060	66422	118	-3	0.15	0.15	0	
12/10/2011 09:22:29	TASTEGGIO	0	3	5000	42060	66413	137	-13	0.12	0.12	0	
12/10/2011 09:22:39	TASTEGGIO	0	3	5000	42060	110745	137	-13	0.17	0.17	0	
12/10/2011 09:23:00	TASTEGGIO	1	0	5000	42060	110742	57	-5	0.09	0.09	0	
12/10/2011 09:23:08	TASTEGGIO	1	0	5000	42060	110745	57	-5	0.09	0.10	24500	
12/10/2011 09:23:29	TASTEGGIO	1	0	5000	42060	86328	52	-2	0.07	0.07	0	
12/10/2011 09:23:39	TASTEGGIO	1	0	5000	42060	110740	52	-2	0.07	0.07	44500	
12/10/2011 09:25:32	TASTEGGIO	1	0	5000	42060	110695	52	-2	0.26	0.26	0	
12/10/2011 09:25:54	TASTEGGIO	1	0	5000	42060	110699	63	-1	0.23	0.23	0	
12/10/2011 09:26:13	TASTEGGIO	0	1	5000	42060	110699	83	-5	0.17	0.17	0	
12/10/2011 09:26:35	TASTEGGIO	0	2	5000	42060	110699	100	-10	0.12	0.12	0	
12/10/2011 09:26:43	TASTEGGIO	0	2	5000	42060	110694	100	-10	0.12	0.22	44500	
12/10/2011 09:27:04	TASTEGGIO	1	0	5000	42060	66242	60	0	0.20	0.20	0	
12/10/2011 09:27:23	TASTEGGIO	0	1	5000	42060	66230	78	0	0.18	0.18	0	
12/10/2011 09:27:42	TASTEGGIO	0	2	5000	42060	66224	110	-4	0.14	0.14	0	
12/10/2011 09:27:52	TASTEGGIO	0	2	5000	42060	110546	110	-4	0.06	0.15	44500	
12/10/2011 09:28:13	TASTEGGIO	1	0	5000	42060	66112	55	2	0.14	0.14	0	
12/10/2011 09:28:23	TASTEGGIO	1	0	5000	42060	110545	55	2	0.06	0.14	44500	
12/10/2011 09:28:44	TASTEGGIO	1	0	5000	42060	66104	55	2	0.14	0.14	0	
12/10/2011 09:29:01	TASTEGGIO	0	1	5000	42060	66102	69	0	0.14	0.14	0	
12/10/2011 09:29:20	TASTEGGIO	0	2	5000	42060	66102	97	0	0.13	0.13	0	
12/10/2011 09:29:40	TASTEGGIO	0	3	5000	42060	66098	133	-7	0.07	0.07	0	
12/10/2011 09:29:50	TASTEGGIO	0	3	5000	42060	110543	133	-7	0.03	0.16	-44500	
12/10/2011 09:30:15	TASTEGGIO	1	0	5000	42060	154980	56	-7	0.08	0.08	0	
12/10/2011 09:30:25	TASTEGGIO	1	0	5000	42060	110666	56	-7	0.05	0.09	44500	
12/10/2011 09:30:46	TASTEGGIO	1	0	5000	42060	66228	51	1	0.09	0.09	0	
12/10/2011 09:31:03	TASTEGGIO	0	1	5000	42060	66222	60	0	0.09	0.09	0	
12/10/2011 09:31:21	TASTEGGIO	0	2	5000	42060	66219	78	0	0.09	0.09	0	
12/10/2011 09:31:40	TASTEGGIO	0	3	5000	42060	66215	105	0	0.09	0.09	0	
12/10/2011 09:32:01	TASTEGGIO	0	4	5000	42060	66208	141	-9	0.01	0.01	0	
12/10/2011 09:32:11	TASTEGGIO	0	4	5000	42060	110542	141	-9	0.03	0.13	-44500	
12/10/2011 09:32:36	TASTEGGIO	1	0	5000	42060	154976	54	-2	0.11	0.11	0	
12/10/2011 09:32:57	TASTEGGIO	0	1	5000	42060	154976	63	-5	0.06	0.06	0	
12/10/2011 09:33:07	TASTEGGIO	0	1	5000	42060	110665	63	-5	0.05	0.05	-44500	
12/10/2011 09:34:59	TASTEGGIO	0	1	5000	42060	110782	63	-5	0.17	0.17	-44500	
12/10/2011 09:35:23	TASTEGGIO	1	0	5000	42060	155213	57	-6	0.10	0.10	0	
12/10/2011 09:35:33	TASTEGGIO	1	0	5000	42060	110779	57	-6	0.12	0.13	24500	
12/10/2011 09:35:55	TASTEGGIO	1	0	5000	42060	86354	54	-2	0.11	0.11	0	
12/10/2011 09:36:13	TASTEGGIO	0	1	5000	42060	86343	63	-1	0.09	0.09	0	
12/10/2011 09:36:34	TASTEGGIO	0	2	5000	42060	86333	77	0	0.07	0.07	0	
12/10/2011 09:36:43	TASTEGGIO	0	2	5000	42060	110642	77	0	0.07	0.08	44500	
12/10/2011 09:37:04	TASTEGGIO	1	0	5000	42060	66201	50	-3	0.06	0.06	0	
12/10/2011 09:37:14	TASTEGGIO	1	0	5000	42060	110636	50	-3	0.07	0.07	0	
12/10/2011 09:39:07	TASTEGGIO	1	0	5000	42060	110878	50	-3	0.20	0.21	24500	
12/10/2011 09:39:29	TASTEGGIO	1	0	5000	42060	86457	60	0	0.19	0.19	0	
12/10/2011 09:39:49	TASTEGGIO	0	1	5000	42060	86446	77	-2	0.17	0.17	0	
12/10/2011 09:40:09	TASTEGGIO	0	2	5000	42060	86440	107	-8	0.11	0.11	0	
12/10/2011 09:40:18	TASTEGGIO	0	2	5000	42060	110748	107	-8	0.13	0.13	-44500	
12/10/2011 09:40:42	TASTEGGIO	1	0	5000	42060	155178	54	-6	0.08	0.08	0	
12/10/2011 09:41:03	TASTEGGIO	0	1	5000	42060	155181	58	-7	0.07	0.07	0	
12/10/2011 09:41:13	TASTEGGIO	0	1	5000	42060	110865	58	-7	0.08	0.08	24500	
12/10/2011 09:41:36	TASTEGGIO	1	0	5000	42060	86450	50	-2	0.06	0.06	0	
12/10/2011 09:41:45	TASTEGGIO	1	0	5000	42060	110738	50	-2	0.08	0.08	0	
12/10/2011 09:42:07	TASTEGGIO	1	0	5000	42060	110736	50	-6	0.02	0.02	0	
12/10/2011 09:42:14	TASTEGGIO	1	0	5000	42060	110739	50	-6	0.02	0.06	44500	
12/10/2011 09:44:07	TASTEGGIO	1	0	5000	42060	110782	50	-6	0.09	0.10	-44500	
12/10/2011 09:44:32	TASTEGGIO	1	0	5000	42060	155207	52	-8	0.03	0.03	0	
12/10/2011 09:44:42	TASTEGGIO	1	0	5000	42060	110775	52	-8	0.04	0.08	44500	
12/10/2011 09:45:03	TASTEGGIO	1	0	5000	42060	66323	50	-1	0.05	0.05	0	
12/10/2011 09:45:12	TASTEGGIO	1	0	5000	42060	110640	50	-1	0.03	0.04	44500	
12/10/2011 09:47:05	TASTEGGIO	1	0	5000	42060	110783	50	-1	0.16	0.18	-44500	
12/10/2011 09:47:29	TASTEGGIO	1	0	5000	42060	155207	57	-10	0.10	0.10	0	
12/10/2011 09:47:40	TASTEGGIO	1	0	5000	42060	110780	57	-10	0.12	0.12	0	
12/10/2011 09:48:02	TASTEGGIO	1	0	5000	42060	110783	53	-3	0.04	0.04	0	
12/10/2011 09:48:09	TASTEGGIO	1	0	5000	42060	110779	53	-3	0.04	0.06	44500	
12/10/2011 09:50:02	TASTEGGIO	1	0	5000	42060	110780	53	-3	0.23	0.24	44500	
12/10/2011 09:50:23	TASTEGGIO	1	0	5000	42060	66336	62	0	0.21	0.21	0	
12/10/2011 09:50:40	TASTEGGIO	0	1	5000	42060	66326	80	0	0.20	0.20	0	
12/10/2011 09:51:01	TASTEGGIO	0	2	5000	42060	66322	118	-5	0.17	0.17	0	
12/10/2011 09:51:21	TASTEGGIO	0	3	5000	42060	66315	161	-24	0.07	0.07	0	
12/10/2011 09:51:32	TASTEGGIO	0	3	5000	42060	110644	161	-24	0.02	0.08	-44500	
12/10/2011 09:51:56	TASTEGGIO	1	0	5000	42060	155069	50	-11	0.06	0.06	0	
12/10/2011 09:52:06	TASTEGGIO	1	0	5000	42060	110760	50	-11	0.06	0.10	44500	
12/10/2011 09:52:28	TASTEGGIO	1	0	5000	42060	66312	52	-4	0.06	0.06	0	
12/10/2011 09:52:38	TASTEGGIO	1	0	5000	42060	110638	52	-4	0.03	0.06	24500	
12/10/2011 09:54:31	TASTEGGIO	1	0	5000	42060	110694	52	-4	0.17	0.18	44500	
12/10/2011 09:54:53	TASTEGGIO	1	0	5000	42060	66246	57	-1	0.15	0.15	0	
12/10/2011 09:55:10	TASTEGGIO	0	1	5000	42060	66238	69	0	0.15	0.15	0	
12/10/2011 09:55:30	TASTEGGIO	0	2	5000	42060	66233	99	-1	0.12	0.12	0	
12/10/2011 09:55:40	TASTEGGIO	0	2	5000	42060	110551	99	-1	0.14	0.14	-44500	
12/10/2011 09:56:03	TASTEGGIO	1	0	5000	42060	154988	55	-10	0.07	0.07	0	
12/10/2011 09:56:13	TASTEGGIO	1	0	5000	42060	110669	55	-10	0.06	0.10	44500	
12/10/2011 09:56:34	TASTEGGIO	1	0	5000	42060	66219	52	-2	0.10	0.10	0	
12/10/2011 09:56:52	TASTEGGIO	0	1	5000	42060	66214	62	0	0.09	0.09	0	
12/10/2011 09:57:10	TASTEGGIO	0	2	5000	42060	66213	78	0	0.08	0.08	0	
12/10/2011 09:57:31	TASTEGGIO	0	3	5000	42060	66212	99	-1	0.08	0.08	0	
12/10/2011 09:57:51	TASTEGGIO	0	4	5000	42060	66206	131	-11	0.06	0.06	0	
12/10/2011 09:58:01	TASTEGGIO	0	4	5000	42060	110549	131	-11	0.03	0.06	44500	
12/10/2011 09:59:54	TASTEGGIO	0	4	5000	42060	110783	131	-11	0.21	0.21	24500	
12/10/2011 10:00:17	TASTEGGIO	1	0	5000	42060	86359	60	-1	0.18	0.18	0	
12/10/2011 10:00:37	TASTEGGIO	0	1	5000	42060	86345	75	-1	0.16	0.16	0	
12/10/2011 10:00:57	TASTEGGIO	0	2	5000	42060	86336	103	-9	0.09	0.09	0	
12/10/2011 10:01:06	TASTEGGIO	0	2	5000	42060	110645	103	-9	0.11	0.14	-44500	
12/10/2011 10:01:30	TASTEGGIO	1	0	5000	42060	155068	55	-8	0.07	0.07	0	
12/10/2011 10:01:40	TASTEGGIO	1	0	5000	42060	110760	55	-8	0.06	0.08	44500	
12/10/2011 10:02:01	TASTEGGIO	1	0	5000	42060	66309	50	0	0.05	0.05	0	
12/10/2011 10:02:11	TASTEGGIO	1	0	5000	42060	110637	50	0	0.05	0.06	-44500	
12/10/2011 10:04:04	TASTEGGIO	1	0	5000	42060	110689	50	0	0.13	0.15	-44500	
12/10/2011 10:04:29	TASTEGGIO	1	0	5000	42060	155118	55	-9	0.08	0.08	0	
12/10/2011 10:04:39	TASTEGGIO	1	0	5000	42060	110682	55	-9	0.07	0.09	-24500	
12/10/2011 10:05:02	TASTEGGIO	1	0	5000	42060	135137	51	-10	0.09	0.09	0	
12/10/2011 10:05:22	TASTEGGIO	0	1	5000	42060	135143	42	-5	0.02	0.02	0	
12/10/2011 10:05:32	TASTEGGIO	0	1	5000	42060	110686	42	-5	0.03	0.05	44500	
12/10/2011 10:07:23	TASTEGGIO	0	1	5000	42060	110784	42	-5	0.24	0.26	24500	
12/10/2011 10:07:45	TASTEGGIO	1	0	5000	42060	86363	63	-2	0.23	0.23	0	
12/10/2011 10:08:06	TASTEGGIO	0	1	5000	42060	86351	83	-3	0.20	0.20	0	
12/10/2011 10:08:26	TASTEGGIO	0	2	5000	42060	86343	117	-13	0.09	0.09	0	
12/10/2011 10:08:36	TASTEGGIO	0	2	5000	42060	110653	117	-13	0.08	0.11	44500	
12/10/2011 10:08:57	TASTEGGIO	1	0	5000	42060	66219	52	0	0.10	0.10	0	
12/10/2011 10:09:15	TASTEGGIO	0	1	5000	42060	66209	61	-1	0.11	0.11	0	
12/10/2011 10:09:33	TASTEGGIO	0	2	5000	42060	66206	85	-4	0.08	0.08	0	
12/10/2011 10:09:53	TASTEGGIO	0	3	5000	42060	66201	95	-2	0.05	0.05	0	
12/10/2011 10:10:04	TASTEGGIO	0	3	5000	42060	110635	95	-2	0.04	0.05	-44500	
12/10/2011 10:11:57	TASTEGGIO	0	3	5000	42060	110881	95	-2	0.27	0.28	44500	
12/10/2011 10:12:17	TASTEGGIO	1	0	5000	42060	66442	65	-2	0.26	0.26	0	
12/10/2011 10:12:35	TASTEGGIO	0	1	5000	42060	66433	89	1	0.25	0.25	0	
12/10/2011 10:12:56	TASTEGGIO	0	2	5000	42060	66423	137	-6	0.17	0.17	0	
12/10/2011 10:13:17	TASTEGGIO	0	3	5000	42060	66414	157	-14	0.04	0.04	0	
12/10/2011 10:13:27	TASTEGGIO	0	3	5000	42060	110748	157	-14	0.11	0.14	-44500	
12/10/2011 10:13:51	TASTEGGIO	1	0	5000	42060	155184	55	-6	0.08	0.08	0	
12/10/2011 10:14:12	TASTEGGIO	0	1	5000	42060	155184	59	-3	0.05	0.05	0	
12/10/2011 10:14:22	TASTEGGIO	0	1	5000	42060	110866	59	-3	0.05	0.05	-44500	
12/10/2011 10:16:15	TASTEGGIO	0	1	5000	42060	110784	59	-3	0.16	0.16	0	
12/10/2011 10:16:37	TASTEGGIO	1	0	5000	42060	110788	56	-6	0.12	0.12	0	
12/10/2011 10:16:44	TASTEGGIO	1	0	5000	42060	110783	56	-6	0.12	0.15	-24500	
12/10/2011 10:17:08	TASTEGGIO	1	0	5000	42060	135238	55	-8	0.08	0.08	0	
12/10/2011 10:17:17	TASTEGGIO	1	0	5000	42060	110779	55	-8	0.07	0.11	44500	
12/10/2011 10:17:38	TASTEGGIO	1	0	5000	42060	66328	52	-1	0.07	0.07	0	
12/10/2011 10:17:48	TASTEGGIO	1	0	5000	42060	110653	52	-1	0.05	0.08	44500	
12/10/2011 10:18:08	TASTEGGIO	1	0	5000	42060	66217	50	0	0.09	0.09	0	
12/10/2011 10:18:27	TASTEGGIO	0	1	5000	42060	66206	60	-1	0.05	0.05	0	
12/10/2011 10:18:37	TASTEGGIO	0	1	5000	42060	110631	60	-1	0.04	0.07	-24500	
12/10/2011 10:20:31	TASTEGGIO	0	1	5000	42060	110967	60	-1	0.21	0.21	0	
12/10/2011 10:20:52	TASTEGGIO	1	0	5000	42060	110970	60	-6	0.15	0.15	0	
12/10/2011 10:21:13	TASTEGGIO	0	1	5000	42060	110970	70	-6	0.11	0.11	0	
12/10/2011 10:21:20	TASTEGGIO	0	1	5000	42060	110967	70	-6	0.13	0.15	44500	
12/10/2011 10:21:42	TASTEGGIO	1	0	5000	42060	66513	55	0	0.11	0.11	0	
12/10/2011 10:21:52	TASTEGGIO	1	0	5000	42060	110842	55	0	0.10	0.13	44500	
12/10/2011 10:22:13	TASTEGGIO	1	0	5000	42060	66409	54	1	0.11	0.11	0	
12/10/2011 10:22:30	TASTEGGIO	0	1	5000	42060	66400	63	-2	0.10	0.10	0	
12/10/2011 10:22:49	TASTEGGIO	0	2	5000	42060	66396	81	0	0.10	0.10	0	
12/10/2011 10:23:09	TASTEGGIO	0	3	5000	42060	66393	111	-5	0.06	0.06	0	
12/10/2011 10:23:19	TASTEGGIO	0	3	5000	42060	110835	111	-5	0.05	0.06	44500	
12/10/2011 10:25:12	TASTEGGIO	0	3	5000	42060	110974	111	-5	0.12	0.13	-44500	
12/10/2011 10:25:36	TASTEGGIO	1	0	5000	42060	155406	54	-9	0.07	0.07	0	
12/10/2011 10:25:47	TASTEGGIO	1	0	5000	42060	110969	54	-9	0.11	0.11	0	
12/10/2011 10:26:09	TASTEGGIO	1	0	5000	42060	110972	52	-6	0.03	0.03	0	
12/10/2011 10:26:16	TASTEGGIO	1	0	5000	42060	110967	52	-6	0.03	0.04	-44500	
12/10/2011 10:28:09	TASTEGGIO	1	0	5000	42060	110777	52	-6	0.26	0.27	44500	
12/10/2011 10:28:30	TASTEGGIO	1	0	5000	42060	66331	64	-1	0.24	0.24	0	
12/10/2011 10:28:48	TASTEGGIO	0	1	5000	42060	66327	85	2	0.24	0.24	0	
12/10/2011 10:29:08	TASTEGGIO	0	2	5000	42060	66319	133	-7	0.16	0.16	0	
12/10/2011 10:29:28	TASTEGGIO	0	3	5000	42060	66311	151	-12	0.05	0.05	0	
12/10/2011 10:29:39	TASTEGGIO	0	3	5000	42060	110638	151	-12	0.10	0.10	-44500	
12/10/2011 10:30:03	TASTEGGIO	1	0	5000	42060	155082	52	-8	0.06	0.06	0	
12/10/2011 10:30:13	TASTEGGIO	1	0	5000	42060	110765	52	-8	0.08	0.08	0	
12/10/2011 10:30:35	TASTEGGIO	1	0	5000	42060	110768	50	-5	0.03	0.03	0	
12/10/2011 10:30:42	TASTEGGIO	1	0	5000	42060	110765	50	-5	0.02	0.02	-44500	
12/10/2011 10:31:40	ALARM 17	proc 12 prog 10 step 47	LavoroTerminato
12/10/2011 10:35:42	TASTEGGIO	1	0	5000	42060	110784	50	-5	0.17	0.17	44500	
12/10/2011 10:36:03	TASTEGGIO	1	0	5000	42060	66351	57	-2	0.16	0.16	0	
12/10/2011 10:36:21	TASTEGGIO	0	1	5000	42060	66343	72	0	0.14	0.14	0	
12/10/2011 10:36:32	TASTEGGIO	0	1	5000	42060	110649	72	0	0.14	0.15	24500	
12/10/2011 10:36:54	TASTEGGIO	1	0	5000	42060	86233	55	-2	0.13	0.13	0	
12/10/2011 10:37:03	TASTEGGIO	1	0	5000	42060	110636	55	-2	0.13	0.13	44500	
12/10/2011 10:37:25	TASTEGGIO	1	0	5000	42060	66196	54	1	0.12	0.12	0	
12/10/2011 10:37:43	TASTEGGIO	0	1	5000	42060	66189	65	0	0.12	0.12	0	
12/10/2011 10:38:01	TASTEGGIO	0	2	5000	42060	66181	89	0	0.11	0.11	0	
12/10/2011 10:38:22	TASTEGGIO	0	3	5000	42060	66180	119	-6	0.06	0.06	0	
12/10/2011 10:38:32	TASTEGGIO	0	3	5000	42060	110639	119	-6	0.08	0.08	-24500	
12/10/2011 10:38:56	TASTEGGIO	1	0	5000	42060	135108	50	-7	0.03	0.03	0	
12/10/2011 10:39:05	TASTEGGIO	1	0	5000	42060	110758	50	-7	0.04	0.04	-44500	
12/10/2011 10:40:56	TASTEGGIO	1	0	5000	42060	110880	50	-7	0.21	0.22	44500	
12/10/2011 10:41:17	TASTEGGIO	1	0	5000	42060	66440	60	0	0.21	0.21	0	
12/10/2011 10:41:36	TASTEGGIO	0	1	5000	42060	66439	80	0	0.19	0.19	0	
12/10/2011 10:41:55	TASTEGGIO	0	2	5000	42060	66433	114	-3	0.16	0.16	0	
12/10/2011 10:42:17	TASTEGGIO	0	3	5000	42060	66419	154	-21	0.06	0.06	0	
12/10/2011 10:42:27	TASTEGGIO	0	3	5000	42060	110753	154	-21	0.10	0.12	-44500	
12/10/2011 10:42:51	TASTEGGIO	1	0	5000	42060	155187	53	-6	0.08	0.08	0	
12/10/2011 10:43:12	TASTEGGIO	0	1	5000	42060	155187	58	-2	0.07	0.07	0	
12/10/2011 10:43:22	TASTEGGIO	0	1	5000	42060	110852	58	-2	0.05	0.06	44500	
12/10/2011 10:45:15	TASTEGGIO	0	1	5000	42060	110786	58	-2	0.13	0.13	24500	
12/10/2011 10:45:38	TASTEGGIO	1	0	5000	42060	86362	54	-4	0.10	0.10	0	
12/10/2011 10:45:58	TASTEGGIO	0	1	5000	42060	86351	61	-1	0.09	0.09	0	
12/10/2011 10:46:19	TASTEGGIO	0	2	5000	42060	86346	77	-9	0.08	0.08	0	
12/10/2011 10:46:39	TASTEGGIO	0	3	5000	42060	86339	98	-15	0.05	0.05	0	
12/10/2011 10:46:49	TASTEGGIO	0	3	5000	42060	110650	98	-15	0.06	0.08	24500	
12/10/2011 10:47:12	TASTEGGIO	1	0	5000	42060	86228	50	-2	0.06	0.06	0	
12/10/2011 10:47:22	TASTEGGIO	1	0	5000	42060	110634	50	-2	0.05	0.06	-44500	
12/10/2011 10:49:15	TASTEGGIO	1	0	5000	42060	110782	50	-2	0.26	0.27	24500	
12/10/2011 10:49:37	TASTEGGIO	1	0	5000	42060	86357	64	-1	0.24	0.24	0	
12/10/2011 10:49:57	TASTEGGIO	0	1	5000	42060	86345	85	0	0.23	0.23	0	
12/10/2011 10:50:19	TASTEGGIO	0	2	5000	42060	86337	129	-17	0.15	0.15	0	
12/10/2011 10:50:40	TASTEGGIO	0	3	5000	42060	86334	145	-39	0.24	0.24	0	
12/10/2011 10:50:59	TASTEGGIO	0	1	5000	42060	86325	106	-19	0.09	0.09	0	
12/10/2011 10:51:09	TASTEGGIO	0	1	5000	42060	110650	106	-19	0.06	0.10	24500	
12/10/2011 10:51:32	TASTEGGIO	1	0	5000	42060	86232	52	-1	0.08	0.08	0	
12/10/2011 10:51:52	TASTEGGIO	0	1	5000	42060	86223	58	-1	0.07	0.07	0	
12/10/2011 10:52:01	TASTEGGIO	0	1	5000	42060	110638	58	-1	0.05	0.09	-44500	
12/10/2011 10:52:26	TASTEGGIO	1	0	5000	42060	155078	51	-8	0.06	0.06	0	
12/10/2011 10:52:36	TASTEGGIO	1	0	5000	42060	110764	51	-8	0.02	0.07	24500	
12/10/2011 10:54:29	TASTEGGIO	1	0	5000	42060	110792	51	-8	0.16	0.16	0	
12/10/2011 10:54:51	TASTEGGIO	1	0	5000	42060	110795	56	-9	0.08	0.08	0	
12/10/2011 10:54:59	TASTEGGIO	1	0	5000	42060	110791	56	-9	0.08	0.09	-44500	
12/10/2011 10:55:23	TASTEGGIO	1	0	5000	42060	155212	51	-9	0.05	0.05	0	
12/10/2011 10:55:33	TASTEGGIO	1	0	5000	42060	110779	51	-9	0.03	0.05	-44500	
12/10/2011 10:57:26	TASTEGGIO	1	0	5000	42060	110789	51	-9	0.16	0.18	24500	
12/10/2011 10:57:49	TASTEGGIO	1	0	5000	42060	86369	57	-6	0.14	0.14	0	
12/10/2011 10:57:59	TASTEGGIO	1	0	5000	42060	110649	57	-6	0.12	0.14	24500	
12/10/2011 10:58:22	TASTEGGIO	1	0	5000	42060	86225	55	-1	0.12	0.12	0	
12/10/2011 10:58:43	TASTEGGIO	0	1	5000	42060	86214	65	-1	0.10	0.10	0	
12/10/2011 10:59:03	TASTEGGIO	0	2	5000	42060	86206	81	-8	0.04	0.04	0	
12/10/2011 10:59:12	TASTEGGIO	0	2	5000	42060	110642	81	-8	0.04	0.06	-44500	
12/10/2011 11:01:05	TASTEGGIO	0	2	5000	42060	110779	81	-8	0.20	0.24	44500	
12/10/2011 11:01:26	TASTEGGIO	1	0	5000	42060	66347	62	0	0.21	0.21	0	
12/10/2011 11:01:43	TASTEGGIO	0	1	5000	42060	66340	80	0	0.20	0.20	0	
12/10/2011 11:02:03	TASTEGGIO	0	2	5000	42060	66332	118	-6	0.15	0.15	0	
12/10/2011 11:02:23	TASTEGGIO	0	3	5000	42060	66322	137	-9	0.07	0.07	0	
12/10/2011 11:02:33	TASTEGGIO	0	3	5000	42060	110645	137	-9	0.08	0.11	-44500	
12/10/2011 11:02:57	TASTEGGIO	1	0	5000	42060	155086	52	-7	0.06	0.06	0	
12/10/2011 11:03:07	TASTEGGIO	1	0	5000	42060	110763	52	-7	0.06	0.07	-44500	
12/10/2011 11:05:00	TASTEGGIO	1	0	5000	42060	110784	52	-7	0.14	0.17	-44500	
12/10/2011 11:05:24	TASTEGGIO	1	0	5000	42060	155218	57	-8	0.11	0.11	0	
12/10/2011 11:05:34	TASTEGGIO	1	0	5000	42060	110780	57	-8	0.10	0.12	24500	
12/10/2011 11:05:57	TASTEGGIO	1	0	5000	42060	86355	53	-2	0.09	0.09	0	
12/10/2011 11:06:18	TASTEGGIO	0	1	5000	42060	86344	59	-1	0.08	0.08	0	
12/10/2011 11:06:38	TASTEGGIO	0	2	5000	42060	86335	73	-2	0.06	0.06	0	
12/10/2011 11:06:47	TASTEGGIO	0	2	5000	42060	110646	73	-2	0.05	0.07	44500	
12/10/2011 11:08:40	TASTEGGIO	0	2	5000	42060	110783	73	-2	0.25	0.25	0	
12/10/2011 11:09:02	TASTEGGIO	1	0	5000	42060	110787	63	-5	0.19	0.19	0	
12/10/2011 11:09:22	TASTEGGIO	0	1	5000	42060	110787	77	-6	0.13	0.13	0	
12/10/2011 11:09:30	TASTEGGIO	0	1	5000	42060	110784	77	-6	0.13	0.13	24500	
12/10/2011 11:09:54	TASTEGGIO	1	0	5000	42060	86356	54	-4	0.08	0.08	0	
12/10/2011 11:10:13	TASTEGGIO	0	1	5000	42060	86345	58	-2	0.07	0.07	0	
12/10/2011 11:10:23	TASTEGGIO	0	1	5000	42060	110649	58	-2	0.08	0.08	0	
