02/01/2012 16:48:35	ALARM 3	proc 12 prog 31 step 36	Tondo non presente su rulliera
02/01/2012 16:50:00	TASTEGGIO	0	2	8000	53820	103587	262	-4	0.50	0.78	-44500	
02/01/2012 16:50:27	TASTEGGIO	1	0	8000	53820	148001	396	-73	0.16	0.16	0	
02/01/2012 16:50:48	TASTEGGIO	0	0	8000	53820	148020	240	-20	0.07	0.07	0	
02/01/2012 16:50:58	TASTEGGIO	0	0	8000	53820	103589	240	-20	0.14	0.14	0	
02/01/2012 16:51:23	TASTEGGIO	1	0	8000	53820	103611	235	-24	0.16	0.16	0	
02/01/2012 16:51:43	TASTEGGIO	0	1	8000	53820	103612	216	-14	0.05	0.05	0	
02/01/2012 16:51:52	TASTEGGIO	0	1	8000	53820	103586	216	-14	0.03	0.10	-44500	
02/01/2012 16:53:37	TASTEGGIO	0	1	8000	53820	103585	216	-14	0.95	1.01	-24500	
02/01/2012 16:54:03	TASTEGGIO	1	0	8000	53820	128043	400	-66	0.34	0.34	0	
02/01/2012 16:54:24	TASTEGGIO	0	0	8000	53820	128053	285	-5	0.29	0.29	0	
02/01/2012 16:54:47	TASTEGGIO	0	1	8000	53820	128060	309	-3	0.27	0.27	0	
02/01/2012 16:55:11	TASTEGGIO	0	2	8000	53820	128066	359	-19	0.08	0.08	0	
02/01/2012 16:55:21	TASTEGGIO	0	2	8000	53820	103596	359	-19	0.15	0.36	44500	
02/01/2012 16:55:46	TASTEGGIO	1	0	8000	53820	59132	290	-16	0.20	0.20	0	
02/01/2012 16:56:07	TASTEGGIO	0	1	8000	53820	59132	301	-18	0.11	0.11	0	
02/01/2012 16:56:18	TASTEGGIO	0	1	8000	53820	103420	301	-18	0.08	0.14	-44500	
02/01/2012 16:56:43	TASTEGGIO	1	0	8000	53820	147849	235	-12	0.07	0.07	0	
02/01/2012 16:56:54	TASTEGGIO	1	0	8000	53820	103588	235	-12	0.17	0.21	-24500	
02/01/2012 16:57:20	TASTEGGIO	1	0	8000	53820	128049	252	-43	0.21	0.21	0	
02/01/2012 16:57:41	TASTEGGIO	0	1	8000	53820	128056	231	-10	0.12	0.12	0	
02/01/2012 16:57:51	TASTEGGIO	0	1	8000	53820	103593	231	-10	0.15	0.26	-44500	
02/01/2012 16:58:17	TASTEGGIO	1	0	8000	53820	148007	265	-7	0.16	0.16	0	
02/01/2012 16:58:38	TASTEGGIO	0	1	8000	53820	148026	274	-10	0.10	0.10	0	
02/01/2012 16:58:49	TASTEGGIO	0	1	8000	53820	103594	274	-10	0.09	0.16	44500	
02/01/2012 16:59:13	TASTEGGIO	1	0	8000	53820	59132	240	-3	0.11	0.11	0	
02/01/2012 16:59:24	TASTEGGIO	1	0	8000	53820	103430	240	-3	0.06	0.14	44500	
02/01/2012 16:59:48	TASTEGGIO	1	0	8000	53820	58969	235	0	0.12	0.12	0	
02/01/2012 17:00:08	TASTEGGIO	0	1	8000	53820	58968	245	-1	0.14	0.14	0	
02/01/2012 17:00:29	TASTEGGIO	0	2	8000	53820	58968	277	-5	0.11	0.11	0	
02/01/2012 17:00:51	TASTEGGIO	0	3	8000	53820	58967	291	-6	0.10	0.10	0	
02/01/2012 17:01:02	TASTEGGIO	0	3	8000	53820	103425	291	-6	0.04	0.09	44500	
02/01/2012 17:02:50	TASTEGGIO	0	3	8000	53820	103722	291	-6	0.67	0.73	-24500	
02/01/2012 17:03:16	TASTEGGIO	1	0	8000	53820	128170	384	-76	0.16	0.16	0	
02/01/2012 17:03:39	TASTEGGIO	0	1	8000	53820	128186	380	-121	0.99	0.99	0	
02/01/2012 17:03:54	TASTEGGIO	0	1	8000	53820	128189	0	-8	0.91	0.91	0	
02/01/2012 17:04:09	TASTEGGIO	0	2	8000	53820	128189	167	0	0.89	0.89	0	
02/01/2012 17:04:32	TASTEGGIO	0	3	8000	53820	128198	400	-88	0.26	0.26	0	
02/01/2012 17:04:53	TASTEGGIO	0	0	8000	53820	128204	265	-5	0.22	0.22	0	
02/01/2012 17:05:15	TASTEGGIO	0	1	8000	53820	128204	283	-2	0.20	0.20	0	
02/01/2012 17:05:37	TASTEGGIO	0	2	8000	53820	128204	319	-11	0.09	0.09	0	
02/01/2012 17:05:48	TASTEGGIO	0	2	8000	53820	103736	319	-11	0.20	0.39	44500	
02/01/2012 17:06:13	TASTEGGIO	1	0	8000	53820	59266	298	-19	0.21	0.21	0	
02/01/2012 17:06:33	TASTEGGIO	0	1	8000	53820	59266	309	-12	0.08	0.08	0	
02/01/2012 17:06:44	TASTEGGIO	0	1	8000	53820	103519	309	-12	0.07	0.24	-44500	
02/01/2012 17:07:10	TASTEGGIO	1	0	8000	53820	147955	260	-19	0.07	0.07	0	
02/01/2012 17:07:21	TASTEGGIO	1	0	8000	53820	103689	260	-19	0.25	0.25	0	
02/01/2012 17:07:46	TASTEGGIO	1	0	8000	53820	103708	263	-32	0.16	0.16	0	
02/01/2012 17:08:07	TASTEGGIO	0	1	8000	53820	103712	252	-24	0.13	0.13	0	
02/01/2012 17:08:15	TASTEGGIO	0	1	8000	53820	103690	252	-24	0.10	0.19	-44500	
02/01/2012 17:08:41	TASTEGGIO	1	0	8000	53820	148111	247	-7	0.12	0.12	0	
02/01/2012 17:08:52	TASTEGGIO	1	0	8000	53820	103695	247	-7	0.08	0.10	-44500	
02/01/2012 17:09:49	ALARM 17	proc 12 prog 10 step 47	LavoroTerminato
02/01/2012 17:14:09	ALARM 406		
03/01/2012 06:51:40	ALARM 401		
03/01/2012 06:51:42	INIT OK
03/01/2012 06:54:27	ALARM 3	proc 12 prog 31 step 36	Tondo non presente su rulliera
03/01/2012 06:55:39	TASTEGGIO	0	0	8000	53820	103601	0	0	1.12	1.12	0	
03/01/2012 06:56:03	TASTEGGIO	1	0	8000	53820	103650	400	-63	0.52	0.52	0	
03/01/2012 06:56:25	TASTEGGIO	0	0	8000	53820	103639	331	-8	0.42	0.42	0	
03/01/2012 06:56:49	TASTEGGIO	0	1	8000	53820	103635	364	-16	0.27	0.27	0	
03/01/2012 06:57:13	TASTEGGIO	0	2	8000	53820	103635	388	-27	0.03	0.03	0	
03/01/2012 06:57:21	TASTEGGIO	0	2	8000	53820	103601	388	-27	0.03	0.30	-44500	
03/01/2012 06:57:47	TASTEGGIO	1	0	8000	53820	148007	275	-30	0.07	0.07	0	
03/01/2012 06:57:58	TASTEGGIO	1	0	8000	53820	103614	275	-30	0.21	0.21	0	
03/01/2012 06:58:22	TASTEGGIO	1	0	8000	53820	103635	252	-49	0.28	0.28	0	
03/01/2012 06:58:42	TASTEGGIO	0	1	8000	53820	103637	214	-7	0.23	0.23	0	
03/01/2012 06:59:04	TASTEGGIO	0	2	8000	53820	103640	251	-2	0.19	0.19	0	
03/01/2012 06:59:26	TASTEGGIO	0	3	8000	53820	103639	298	-5	0.14	0.14	0	
03/01/2012 06:59:34	TASTEGGIO	0	3	8000	53820	103610	298	-5	0.15	0.34	44500	
03/01/2012 06:59:59	TASTEGGIO	1	0	8000	53820	59153	285	-15	0.18	0.18	0	
03/01/2012 07:00:19	TASTEGGIO	0	1	8000	53820	59153	294	-13	0.08	0.08	0	
03/01/2012 07:00:30	TASTEGGIO	0	1	8000	53820	103410	294	-13	0.08	0.14	-44500	
03/01/2012 07:00:56	TASTEGGIO	1	0	8000	53820	147833	235	-3	0.10	0.10	0	
03/01/2012 07:01:07	TASTEGGIO	1	0	8000	53820	103607	235	-3	0.08	0.10	-44500	
03/01/2012 07:02:54	TASTEGGIO	1	0	8000	53820	103505	235	-3	0.39	0.71	-44500	
03/01/2012 07:03:21	TASTEGGIO	1	0	8000	53820	147909	379	-70	0.20	0.20	0	
03/01/2012 07:03:42	TASTEGGIO	0	0	8000	53820	147929	250	-35	0.20	0.20	0	
03/01/2012 07:04:03	TASTEGGIO	0	1	8000	53820	147946	230	-10	0.12	0.12	0	
03/01/2012 07:04:14	TASTEGGIO	0	1	8000	53820	103513	230	-10	0.27	0.35	24500	
03/01/2012 07:04:39	TASTEGGIO	1	0	8000	53820	79057	288	-28	0.12	0.12	0	
03/01/2012 07:04:50	TASTEGGIO	1	0	8000	53820	103326	288	-28	0.10	0.21	-44500	
03/01/2012 07:05:15	TASTEGGIO	1	0	8000	53820	147752	252	-1	0.21	0.21	0	
03/01/2012 07:05:36	TASTEGGIO	0	1	8000	53820	147770	273	-2	0.15	0.15	0	
03/01/2012 07:05:57	TASTEGGIO	0	2	8000	53820	147780	288	-3	0.12	0.12	0	
03/01/2012 07:06:08	TASTEGGIO	0	2	8000	53820	103496	288	-3	0.10	0.15	44500	
03/01/2012 07:06:32	TASTEGGIO	1	0	8000	53820	59037	237	-5	0.12	0.12	0	
03/01/2012 07:06:42	TASTEGGIO	1	0	8000	53820	103318	237	-5	0.07	0.12	-44500	
03/01/2012 07:07:07	TASTEGGIO	1	0	8000	53820	147736	230	-1	0.12	0.12	0	
03/01/2012 07:07:29	TASTEGGIO	0	1	8000	53820	147755	242	0	0.13	0.13	0	
03/01/2012 07:07:49	TASTEGGIO	0	2	8000	53820	147771	270	0	0.11	0.11	0	
03/01/2012 07:08:12	TASTEGGIO	0	3	8000	53820	147776	297	-2	0.10	0.10	0	
03/01/2012 07:08:23	TASTEGGIO	0	3	8000	53820	103507	297	-2	0.07	0.12	44500	
03/01/2012 07:08:46	TASTEGGIO	1	0	8000	53820	59046	230	0	0.13	0.13	0	
03/01/2012 07:09:06	TASTEGGIO	0	1	8000	53820	59046	244	-4	0.11	0.11	0	
03/01/2012 07:09:27	TASTEGGIO	0	2	8000	53820	59047	262	-7	0.11	0.11	0	
03/01/2012 07:09:48	TASTEGGIO	0	3	8000	53820	59046	295	-23	0.13	0.13	0	
03/01/2012 07:10:09	TASTEGGIO	0	1	8000	53820	59047	279	-23	0.12	0.12	0	
03/01/2012 07:10:30	TASTEGGIO	0	1	8000	53820	59047	267	-6	0.07	0.07	0	
03/01/2012 07:10:41	TASTEGGIO	0	1	8000	53820	103318	267	-6	0.05	0.09	-44500	
03/01/2012 07:12:29	TASTEGGIO	0	1	8000	53820	103595	267	-6	0.42	0.62	44500	
03/01/2012 07:12:55	TASTEGGIO	1	0	8000	53820	59140	356	-32	0.32	0.32	0	
03/01/2012 07:13:16	TASTEGGIO	0	1	8000	53820	59141	372	-27	0.06	0.06	0	
03/01/2012 07:13:27	TASTEGGIO	0	1	8000	53820	103414	372	-27	0.12	0.41	-44500	
03/01/2012 07:13:54	TASTEGGIO	1	0	8000	53820	147847	303	-41	0.10	0.10	0	
03/01/2012 07:14:05	TASTEGGIO	1	0	8000	53820	103592	303	-41	0.30	0.30	0	
03/01/2012 07:14:30	TASTEGGIO	1	0	8000	53820	103615	275	-33	0.08	0.08	0	
03/01/2012 07:14:38	TASTEGGIO	1	0	8000	53820	103593	275	-33	0.07	0.15	-44500	
03/01/2012 07:15:04	TASTEGGIO	1	0	8000	53820	148011	237	-6	0.11	0.11	0	
03/01/2012 07:15:15	TASTEGGIO	1	0	8000	53820	103602	237	-6	0.04	0.12	-44500	
03/01/2012 07:15:40	TASTEGGIO	1	0	8000	53820	148003	230	-1	0.10	0.10	0	
03/01/2012 07:15:51	TASTEGGIO	1	0	8000	53820	103610	230	-1	0.05	0.10	44500	
03/01/2012 07:17:38	TASTEGGIO	1	0	8000	53820	103595	230	-1	0.29	0.44	-44500	
03/01/2012 07:18:03	TASTEGGIO	1	0	8000	53820	148010	310	-44	0.11	0.11	0	
03/01/2012 07:18:14	TASTEGGIO	1	0	8000	53820	103610	310	-44	0.09	0.14	44500	
03/01/2012 07:18:39	TASTEGGIO	1	0	8000	53820	59152	235	-8	0.07	0.07	0	
03/01/2012 07:18:50	TASTEGGIO	1	0	8000	53820	103416	235	-8	0.04	0.09	24500	
03/01/2012 07:19:51	ALARM 3	proc 12 prog 31 step 36	Tondo non presente su rulliera
03/01/2012 07:22:08	TASTEGGIO	1	0	8000	53820	103595	235	-8	0.67	0.88	-24500	
03/01/2012 07:22:36	TASTEGGIO	1	0	8000	53820	128052	400	-83	0.26	0.26	0	
03/01/2012 07:22:57	TASTEGGIO	0	0	8000	53820	128055	265	-31	0.06	0.06	0	
03/01/2012 07:23:07	TASTEGGIO	0	0	8000	53820	103618	265	-31	0.06	0.20	-44500	
03/01/2012 07:23:33	TASTEGGIO	1	0	8000	53820	148019	250	-19	0.09	0.09	0	
03/01/2012 07:23:44	TASTEGGIO	1	0	8000	53820	103599	250	-19	0.16	0.18	24500	
03/01/2012 07:24:09	TASTEGGIO	1	0	8000	53820	79141	245	-18	0.11	0.11	0	
03/01/2012 07:24:19	TASTEGGIO	1	0	8000	53820	103407	245	-18	0.07	0.09	24500	
03/01/2012 07:26:06	TASTEGGIO	1	0	8000	53820	103593	245	-18	0.77	0.78	24500	
03/01/2012 07:26:32	TASTEGGIO	1	0	8000	53820	79133	396	-63	0.24	0.24	0	
03/01/2012 07:26:53	TASTEGGIO	0	0	8000	53820	79132	260	-8	0.18	0.18	0	
03/01/2012 07:27:16	TASTEGGIO	0	1	8000	53820	79133	273	-3	0.14	0.14	0	
03/01/2012 07:27:26	TASTEGGIO	0	1	8000	53820	103405	273	-3	0.22	0.22	0	
03/01/2012 07:27:50	TASTEGGIO	1	0	8000	53820	103408	255	-23	0.06	0.06	0	
03/01/2012 07:27:58	TASTEGGIO	1	0	8000	53820	103414	255	-23	0.06	0.09	24500	
03/01/2012 07:29:43	TASTEGGIO	1	0	8000	53820	103743	255	-23	0.16	0.23	-44500	
03/01/2012 07:30:09	TASTEGGIO	1	0	8000	53820	148149	257	-28	0.11	0.11	0	
03/01/2012 07:30:20	TASTEGGIO	1	0	8000	53820	103733	257	-28	0.22	0.22	0	
03/01/2012 07:30:45	TASTEGGIO	1	0	8000	53820	103758	255	-29	0.15	0.15	0	
03/01/2012 07:31:06	TASTEGGIO	0	1	8000	53820	103760	244	-28	0.17	0.17	0	
03/01/2012 07:31:28	TASTEGGIO	0	1	8000	53820	103764	224	-18	0.09	0.09	0	
03/01/2012 07:31:36	TASTEGGIO	0	1	8000	53820	103743	224	-18	0.07	0.07	0	
03/01/2012 07:32:38	ALARM 3	proc 12 prog 31 step 36	Tondo non presente su rulliera
03/01/2012 07:36:30	TASTEGGIO	0	1	8000	53820	103588	224	-18	0.61	0.67	24500	
03/01/2012 07:36:57	TASTEGGIO	1	0	8000	53820	79139	368	-56	0.26	0.26	0	
03/01/2012 07:37:18	TASTEGGIO	0	0	8000	53820	79136	265	-14	0.10	0.10	0	
03/01/2012 07:37:28	TASTEGGIO	0	0	8000	53820	103407	265	-14	0.18	0.19	-24500	
03/01/2012 07:37:53	TASTEGGIO	1	0	8000	53820	127865	247	-29	0.10	0.10	0	
03/01/2012 07:38:04	TASTEGGIO	1	0	8000	53820	103592	247	-29	0.06	0.12	-44500	
03/01/2012 07:38:29	TASTEGGIO	1	0	8000	53820	148010	230	-22	0.12	0.12	0	
03/01/2012 07:38:50	TASTEGGIO	0	1	8000	53820	148029	218	-18	0.08	0.08	0	
03/01/2012 07:39:01	TASTEGGIO	0	1	8000	53820	103592	218	-18	0.04	0.08	44500	
03/01/2012 07:40:46	TASTEGGIO	0	1	8000	53820	103589	218	-18	0.13	0.19	24500	
03/01/2012 07:41:12	TASTEGGIO	1	0	8000	53820	79131	247	-18	0.04	0.04	0	
03/01/2012 07:41:22	TASTEGGIO	1	0	8000	53820	103416	247	-18	0.06	0.12	44500	
03/01/2012 07:41:47	TASTEGGIO	1	0	8000	53820	58969	230	-7	0.07	0.07	0	
03/01/2012 07:41:58	TASTEGGIO	1	0	8000	53820	103403	230	-7	0.05	0.06	44500	
03/01/2012 07:43:44	TASTEGGIO	1	0	8000	53820	103589	230	-7	0.68	0.69	24500	
03/01/2012 07:44:11	TASTEGGIO	1	0	8000	53820	79134	373	-53	0.20	0.20	0	
03/01/2012 07:44:31	TASTEGGIO	0	0	8000	53820	79131	250	-11	0.16	0.16	0	
03/01/2012 07:44:53	TASTEGGIO	0	1	8000	53820	79130	262	0	0.17	0.17	0	
03/01/2012 07:45:16	TASTEGGIO	0	2	8000	53820	79129	298	-5	0.11	0.11	0	
03/01/2012 07:45:26	TASTEGGIO	0	2	8000	53820	103408	298	-5	0.16	0.16	0	
03/01/2012 07:45:50	TASTEGGIO	1	0	8000	53820	103411	240	-17	0.03	0.03	0	
03/01/2012 07:45:58	TASTEGGIO	1	0	8000	53820	103418	240	-17	0.02	0.05	44500	
03/01/2012 07:47:00	ALARM 3	proc 12 prog 31 step 36	Tondo non presente su rulliera
03/01/2012 07:48:16	TASTEGGIO	1	0	8000	53820	103491	240	-17	0.87	0.97	44500	
03/01/2012 07:48:42	TASTEGGIO	1	0	8000	53820	59031	400	-39	0.60	0.60	0	
03/01/2012 07:49:04	TASTEGGIO	0	1	8000	53820	59031	400	-22	0.39	0.39	0	
03/01/2012 07:49:27	TASTEGGIO	0	2	8000	53820	59031	400	-12	0.31	0.31	0	
03/01/2012 07:49:49	TASTEGGIO	0	3	8000	53820	59031	400	-20	0.16	0.16	0	
03/01/2012 07:50:12	TASTEGGIO	0	4	8000	53820	59031	400	-40	0.33	0.33	0	
03/01/2012 07:50:33	TASTEGGIO	0	1	8000	53820	59112	331	-32	0.12	0.12	0	
03/01/2012 07:50:44	TASTEGGIO	0	1	8000	53820	103323	331	-32	0.22	0.31	-24500	
03/01/2012 07:51:08	TASTEGGIO	1	0	8000	53820	127768	278	-39	0.10	0.10	0	
03/01/2012 07:51:19	TASTEGGIO	1	0	8000	53820	103490	278	-39	0.14	0.15	24500	
03/01/2012 07:51:44	TASTEGGIO	1	0	8000	53820	79041	237	-15	0.02	0.02	0	
03/01/2012 07:51:54	TASTEGGIO	1	0	8000	53820	103325	237	-15	0.01	0.09	-44500	
03/01/2012 07:53:41	TASTEGGIO	1	0	8000	53820	103489	237	-15	0.41	0.61	-44500	
03/01/2012 07:54:08	TASTEGGIO	1	0	8000	53820	147908	353	-55	0.08	0.08	0	
03/01/2012 07:54:19	TASTEGGIO	1	0	8000	53820	103514	353	-55	0.08	0.22	44500	
03/01/2012 07:54:43	TASTEGGIO	1	0	8000	53820	59050	255	-12	0.14	0.14	0	
03/01/2012 07:54:54	TASTEGGIO	1	0	8000	53820	103325	255	-12	0.05	0.13	44500	
03/01/2012 07:55:19	TASTEGGIO	1	0	8000	53820	58874	232	0	0.14	0.14	0	
03/01/2012 07:55:40	TASTEGGIO	0	1	8000	53820	58869	247	-2	0.09	0.09	0	
03/01/2012 07:55:51	TASTEGGIO	0	1	8000	53820	103310	247	-2	0.09	0.13	-44500	
03/01/2012 07:56:17	TASTEGGIO	1	0	8000	53820	147737	232	-1	0.11	0.11	0	
03/01/2012 07:56:37	TASTEGGIO	0	1	8000	53820	147754	241	-2	0.09	0.09	0	
03/01/2012 07:56:48	TASTEGGIO	0	1	8000	53820	103487	241	-2	0.06	0.12	44500	
03/01/2012 07:57:13	TASTEGGIO	1	0	8000	53820	59027	230	3	0.13	0.13	0	
03/01/2012 07:57:33	TASTEGGIO	0	1	8000	53820	59027	244	-3	0.12	0.12	0	
03/01/2012 07:57:44	TASTEGGIO	0	1	8000	53820	103304	244	-3	0.05	0.11	44500	
03/01/2012 07:59:31	TASTEGGIO	0	1	8000	53820	103588	244	-3	0.85	0.88	24500	
03/01/2012 07:59:58	TASTEGGIO	1	0	8000	53820	79142	400	-58	0.36	0.36	0	
03/01/2012 08:00:19	TASTEGGIO	0	0	8000	53820	79140	290	-11	0.26	0.26	0	
03/01/2012 08:00:42	TASTEGGIO	0	1	8000	53820	79137	308	-4	0.21	0.21	0	
03/01/2012 08:01:05	TASTEGGIO	0	2	8000	53820	79137	341	-12	0.11	0.11	0	
03/01/2012 08:01:16	TASTEGGIO	0	2	8000	53820	103407	341	-12	0.20	0.35	-44500	
03/01/2012 08:01:40	TASTEGGIO	1	0	8000	53820	147838	288	-35	0.11	0.11	0	
03/01/2012 08:01:51	TASTEGGIO	1	0	8000	53820	103595	288	-35	0.11	0.15	-24500	
03/01/2012 08:02:16	TASTEGGIO	1	0	8000	53820	128052	237	-25	0.12	0.12	0	
03/01/2012 08:02:26	TASTEGGIO	1	0	8000	53820	103605	237	-25	0.17	0.17	0	
03/01/2012 08:02:50	TASTEGGIO	1	0	8000	53820	103626	242	-28	0.13	0.13	0	
03/01/2012 08:02:58	TASTEGGIO	1	0	8000	53820	103598	242	-28	0.13	0.14	-24500	
03/01/2012 08:03:24	TASTEGGIO	1	0	8000	53820	128050	235	-17	0.09	0.09	0	
03/01/2012 08:03:34	TASTEGGIO	1	0	8000	53820	103609	235	-17	0.11	0.14	44500	
03/01/2012 08:03:59	TASTEGGIO	1	0	8000	53820	59149	235	-4	0.08	0.08	0	
03/01/2012 08:04:10	TASTEGGIO	1	0	8000	53820	103422	235	-4	0.08	0.10	44500	
03/01/2012 08:05:06	ALARM 17	proc 12 prog 10 step 47	LavoroTerminato
03/01/2012 08:18:26	ALARM 401		
03/01/2012 08:21:39	ALARM 406		
03/01/2012 08:22:54	ALARM 401		
03/01/2012 08:22:56	INIT OK
03/01/2012 08:25:33	ALARM 401		
03/01/2012 08:28:44	TASTEGGIO	0	0	8000	53820	103603	0	0	0.29	0.37	-24500	
03/01/2012 08:29:10	TASTEGGIO	1	0	8000	53820	128103	293	-43	0.14	0.14	0	
03/01/2012 08:29:20	TASTEGGIO	1	0	8000	53820	103600	293	-43	0.09	0.14	44500	
03/01/2012 08:29:45	TASTEGGIO	1	0	8000	53820	59137	235	-9	0.06	0.06	0	
03/01/2012 08:29:56	TASTEGGIO	1	0	8000	53820	103416	235	-9	0.13	0.14	-24500	
03/01/2012 08:30:21	TASTEGGIO	1	0	8000	53820	127867	235	-30	0.18	0.18	0	
03/01/2012 08:30:42	TASTEGGIO	0	1	8000	53820	127880	211	-16	0.07	0.07	0	
03/01/2012 08:30:52	TASTEGGIO	0	1	8000	53820	103593	211	-16	0.09	0.13	44500	
03/01/2012 08:31:17	TASTEGGIO	1	0	8000	53820	59131	232	-4	0.10	0.10	0	
03/01/2012 08:31:28	TASTEGGIO	1	0	8000	53820	103429	232	-4	0.04	0.11	44500	
03/01/2012 08:31:52	TASTEGGIO	1	0	8000	53820	58969	227	0	0.11	0.11	0	
03/01/2012 08:32:13	TASTEGGIO	0	1	8000	53820	58969	238	-2	0.07	0.07	0	
03/01/2012 08:32:24	TASTEGGIO	0	1	8000	53820	103405	238	-2	0.07	0.10	-44500	
03/01/2012 08:34:11	TASTEGGIO	0	1	8000	53820	103504	238	-2	0.28	0.30	-24500	
03/01/2012 08:34:37	TASTEGGIO	1	0	8000	53820	127953	275	-34	0.18	0.18	0	
03/01/2012 08:34:58	TASTEGGIO	0	1	8000	53820	127965	264	-39	0.19	0.19	0	
03/01/2012 08:35:20	TASTEGGIO	0	1	8000	53820	127969	243	-27	0.15	0.15	0	
03/01/2012 08:35:41	TASTEGGIO	0	1	8000	53820	127975	231	-11	0.04	0.04	0	
03/01/2012 08:35:51	TASTEGGIO	0	1	8000	53820	103497	231	-11	0.10	0.11	24500	
03/01/2012 08:36:16	TASTEGGIO	1	0	8000	53820	79040	227	-16	0.10	0.10	0	
03/01/2012 08:36:26	TASTEGGIO	1	0	8000	53820	103327	227	-16	0.18	0.18	0	
03/01/2012 08:36:51	TASTEGGIO	1	0	8000	53820	103328	245	-21	0.09	0.09	0	
03/01/2012 08:36:59	TASTEGGIO	1	0	8000	53820	103334	245	-21	0.08	0.12	-44500	
03/01/2012 08:37:24	TASTEGGIO	1	0	8000	53820	147756	230	-14	0.08	0.08	0	
03/01/2012 08:37:35	TASTEGGIO	1	0	8000	53820	103484	230	-14	0.07	0.15	24500	
03/01/2012 08:38:00	TASTEGGIO	1	0	8000	53820	79019	237	-6	0.08	0.08	0	
03/01/2012 08:38:10	TASTEGGIO	1	0	8000	53820	103326	237	-6	0.05	0.09	24500	
03/01/2012 08:39:56	TASTEGGIO	1	0	8000	53820	103599	237	-6	0.50	0.51	24500	
03/01/2012 08:40:21	TASTEGGIO	1	0	8000	53820	79139	328	-39	0.20	0.20	0	
03/01/2012 08:40:42	TASTEGGIO	0	0	8000	53820	79138	250	-4	0.14	0.14	0	
03/01/2012 08:40:52	TASTEGGIO	0	0	8000	53820	103425	250	-4	0.20	0.27	-24500	
03/01/2012 08:41:17	TASTEGGIO	1	0	8000	53820	127882	268	-33	0.11	0.11	0	
03/01/2012 08:41:28	TASTEGGIO	1	0	8000	53820	103595	268	-33	0.10	0.10	0	
03/01/2012 08:43:15	TASTEGGIO	1	0	8000	53820	103593	268	-33	0.36	0.56	-24500	
03/01/2012 08:43:40	TASTEGGIO	1	0	8000	53820	128047	341	-63	0.16	0.16	0	
03/01/2012 08:44:02	TASTEGGIO	0	1	8000	53820	128058	336	-59	0.54	0.54	0	
03/01/2012 08:44:20	TASTEGGIO	0	1	8000	53820	128059	153	-9	0.45	0.45	0	
03/01/2012 08:44:40	TASTEGGIO	0	2	8000	53820	128063	227	-16	0.29	0.29	0	
03/01/2012 08:45:02	TASTEGGIO	0	3	8000	53820	128068	259	-24	0.17	0.17	0	
03/01/2012 08:45:24	TASTEGGIO	0	4	8000	53820	128073	278	-30	0.16	0.16	0	
03/01/2012 08:45:45	TASTEGGIO	0	1	8000	53820	128073	262	-17	0.07	0.07	0	
03/01/2012 08:45:56	TASTEGGIO	0	1	8000	53820	103605	262	-17	0.19	0.34	44500	
03/01/2012 08:46:22	TASTEGGIO	1	0	8000	53820	59138	285	-15	0.15	0.15	0	
03/01/2012 08:46:41	TASTEGGIO	0	0	8000	53820	59138	237	-1	0.16	0.16	0	
03/01/2012 08:47:01	TASTEGGIO	0	1	8000	53820	59137	254	-1	0.16	0.16	0	
03/01/2012 08:47:23	TASTEGGIO	0	2	8000	53820	59137	286	-4	0.10	0.10	0	
03/01/2012 08:47:34	TASTEGGIO	0	2	8000	53820	103432	286	-4	0.13	0.25	-44500	
03/01/2012 08:48:00	TASTEGGIO	1	0	8000	53820	147850	263	-18	0.11	0.11	0	
03/01/2012 08:48:11	TASTEGGIO	1	0	8000	53820	103591	263	-18	0.20	0.20	0	
03/01/2012 08:48:35	TASTEGGIO	1	0	8000	53820	103615	250	-25	0.08	0.08	0	
03/01/2012 08:48:43	TASTEGGIO	1	0	8000	53820	103591	250	-25	0.08	0.16	44500	
03/01/2012 08:49:07	TASTEGGIO	1	0	8000	53820	59125	240	-1	0.15	0.15	0	
03/01/2012 08:49:26	TASTEGGIO	0	1	8000	53820	59125	254	-3	0.14	0.14	0	
03/01/2012 08:49:37	TASTEGGIO	0	1	8000	53820	103425	254	-3	0.07	0.14	-44500	
03/01/2012 08:50:03	TASTEGGIO	1	0	8000	53820	147864	235	-4	0.12	0.12	0	
03/01/2012 08:50:23	TASTEGGIO	0	1	8000	53820	147882	245	-1	0.11	0.11	0	
03/01/2012 08:50:45	TASTEGGIO	0	2	8000	53820	147885	265	-3	0.08	0.08	0	
03/01/2012 08:50:56	TASTEGGIO	0	2	8000	53820	103599	265	-3	0.02	0.16	44500	
03/01/2012 08:51:21	TASTEGGIO	1	0	8000	53820	59133	240	-1	0.14	0.14	0	
03/01/2012 08:51:32	TASTEGGIO	1	0	8000	53820	103432	240	-1	0.02	0.15	44500	
03/01/2012 08:51:56	TASTEGGIO	1	0	8000	53820	58972	237	-2	0.13	0.13	0	
03/01/2012 08:52:07	TASTEGGIO	1	0	8000	53820	103430	237	-2	0.02	0.16	44500	
03/01/2012 08:52:31	TASTEGGIO	1	0	8000	53820	58970	240	0	0.15	0.15	0	
03/01/2012 08:52:51	TASTEGGIO	0	1	8000	53820	58969	254	-1	0.15	0.15	0	
03/01/2012 08:53:12	TASTEGGIO	0	2	8000	53820	58968	284	-3	0.11	0.11	0	
03/01/2012 08:53:23	TASTEGGIO	0	2	8000	53820	103425	284	-3	0.04	0.11	44500	
03/01/2012 08:53:47	TASTEGGIO	1	0	8000	53820	58965	227	1	0.11	0.11	0	
03/01/2012 08:54:06	TASTEGGIO	0	1	8000	53820	58963	238	-1	0.11	0.11	0	
03/01/2012 08:54:26	TASTEGGIO	0	2	8000	53820	58962	260	0	0.11	0.11	0	
03/01/2012 08:54:47	TASTEGGIO	0	3	8000	53820	58961	293	-2	0.08	0.08	0	
03/01/2012 08:54:58	TASTEGGIO	0	3	8000	53820	103417	293	-2	0.06	0.12	-44500	
03/01/2012 08:55:24	TASTEGGIO	1	0	8000	53820	147855	230	2	0.14	0.14	0	
03/01/2012 08:55:44	TASTEGGIO	0	1	8000	53820	147874	246	-1	0.10	0.10	0	
03/01/2012 08:55:55	TASTEGGIO	0	1	8000	53820	103591	246	-1	0.05	0.10	-44500	
03/01/2012 08:57:42	TASTEGGIO	0	1	8000	53820	103594	246	-1	0.30	0.43	44500	
03/01/2012 08:58:08	TASTEGGIO	1	0	8000	53820	59131	308	-21	0.24	0.24	0	
03/01/2012 08:58:29	TASTEGGIO	0	1	8000	53820	59129	321	-13	0.10	0.10	0	
03/01/2012 08:58:40	TASTEGGIO	0	1	8000	53820	103429	321	-13	0.20	0.33	-24500	
03/01/2012 08:59:06	TASTEGGIO	1	0	8000	53820	127888	283	-41	0.19	0.19	0	
03/01/2012 08:59:28	TASTEGGIO	0	1	8000	53820	127898	272	-42	0.27	0.27	0	
03/01/2012 08:59:49	TASTEGGIO	0	1	8000	53820	127907	233	-19	0.15	0.15	0	
03/01/2012 09:00:09	TASTEGGIO	0	2	8000	53820	127912	244	-6	0.08	0.08	0	
03/01/2012 09:00:19	TASTEGGIO	0	2	8000	53820	103595	244	-6	0.06	0.17	44500	
03/01/2012 09:00:44	TASTEGGIO	1	0	8000	53820	59127	242	-6	0.14	0.14	0	
03/01/2012 09:00:55	TASTEGGIO	1	0	8000	53820	103433	242	-6	0.08	0.15	-44500	
03/01/2012 09:01:21	TASTEGGIO	1	0	8000	53820	147854	237	-16	0.07	0.07	0	
03/01/2012 09:01:32	TASTEGGIO	1	0	8000	53820	103590	237	-16	0.19	0.22	44500	
03/01/2012 09:01:57	TASTEGGIO	1	0	8000	53820	59124	255	-1	0.19	0.19	0	
03/01/2012 09:02:17	TASTEGGIO	0	1	8000	53820	59124	271	0	0.20	0.20	0	
03/01/2012 09:02:39	TASTEGGIO	0	2	8000	53820	59123	313	-13	0.15	0.15	0	
03/01/2012 09:03:01	TASTEGGIO	0	3	8000	53820	59123	332	-9	0.07	0.07	0	
03/01/2012 09:03:12	TASTEGGIO	0	3	8000	53820	103431	332	-9	0.08	0.09	44500	
03/01/2012 09:04:59	TASTEGGIO	0	3	8000	53820	103590	332	-9	0.26	0.64	-44500	
03/01/2012 09:05:26	TASTEGGIO	1	0	8000	53820	148018	361	-61	0.17	0.17	0	
03/01/2012 09:05:47	TASTEGGIO	0	0	8000	53820	148036	242	-18	0.04	0.04	0	
03/01/2012 09:05:58	TASTEGGIO	0	0	8000	53820	103596	242	-18	0.20	0.30	44500	
03/01/2012 09:06:23	TASTEGGIO	1	0	8000	53820	59129	275	-13	0.18	0.18	0	
03/01/2012 09:06:44	TASTEGGIO	0	1	8000	53820	59128	285	-9	0.10	0.10	0	
03/01/2012 09:06:55	TASTEGGIO	0	1	8000	53820	103434	285	-9	0.10	0.10	0	
03/01/2012 09:08:42	TASTEGGIO	0	1	8000	53820	103495	285	-9	0.27	0.47	-44500	
03/01/2012 09:09:07	TASTEGGIO	1	0	8000	53820	147909	318	-44	0.10	0.10	0	
03/01/2012 09:09:18	TASTEGGIO	1	0	8000	53820	103491	318	-44	0.18	0.23	24500	
03/01/2012 09:09:44	TASTEGGIO	1	0	8000	53820	79043	257	-21	0.05	0.05	0	
03/01/2012 09:09:54	TASTEGGIO	1	0	8000	53820	103336	257	-21	0.09	0.16	-44500	
03/01/2012 09:10:20	TASTEGGIO	1	0	8000	53820	147758	240	-4	0.15	0.15	0	
03/01/2012 09:10:41	TASTEGGIO	0	1	8000	53820	147775	254	0	0.12	0.12	0	
03/01/2012 09:10:52	TASTEGGIO	0	1	8000	53820	103485	254	0	0.07	0.13	44500	
03/01/2012 09:11:15	TASTEGGIO	1	0	8000	53820	59023	232	-10	0.10	0.10	0	
03/01/2012 09:11:26	TASTEGGIO	1	0	8000	53820	103329	232	-10	0.07	0.11	24500	
03/01/2012 09:11:51	TASTEGGIO	1	0	8000	53820	78876	227	-4	0.10	0.10	0	
03/01/2012 09:12:01	TASTEGGIO	1	0	8000	53820	103323	227	-4	0.06	0.09	-44500	
03/01/2012 09:13:48	TASTEGGIO	1	0	8000	53820	103490	227	-4	0.51	0.60	-24500	
03/01/2012 09:14:15	TASTEGGIO	1	0	8000	53820	127950	351	-62	0.20	0.20	0	
03/01/2012 09:14:37	TASTEGGIO	0	1	8000	53820	127960	344	-73	0.51	0.51	0	
03/01/2012 09:14:57	TASTEGGIO	0	1	8000	53820	127961	213	-17	0.35	0.35	0	
03/01/2012 09:15:18	TASTEGGIO	0	2	8000	53820	127965	246	-14	0.24	0.24	0	
03/01/2012 09:15:41	TASTEGGIO	0	3	8000	53820	127966	274	-24	0.07	0.07	0	
03/01/2012 09:15:51	TASTEGGIO	0	3	8000	53820	103501	274	-24	0.11	0.23	44500	
03/01/2012 09:16:16	TASTEGGIO	1	0	8000	53820	59038	257	-11	0.13	0.13	0	
03/01/2012 09:16:27	TASTEGGIO	1	0	8000	53820	103336	257	-11	0.07	0.12	44500	
03/01/2012 09:16:51	TASTEGGIO	1	0	8000	53820	58878	230	-2	0.12	0.12	0	
03/01/2012 09:17:12	TASTEGGIO	0	1	8000	53820	58875	242	-1	0.15	0.15	0	
03/01/2012 09:17:33	TASTEGGIO	0	2	8000	53820	58873	279	-10	0.05	0.05	0	
03/01/2012 09:17:44	TASTEGGIO	0	2	8000	53820	103329	279	-10	0.12	0.12	0	
03/01/2012 09:18:08	TASTEGGIO	1	0	8000	53820	103328	230	-22	0.14	0.14	0	
03/01/2012 09:18:29	TASTEGGIO	0	1	8000	53820	103335	213	-13	0.04	0.04	0	
03/01/2012 09:18:37	TASTEGGIO	0	1	8000	53820	103341	213	-13	0.06	0.11	44500	
03/01/2012 09:19:01	TASTEGGIO	1	0	8000	53820	58881	227	-5	0.07	0.07	0	
03/01/2012 09:19:12	TASTEGGIO	1	0	8000	53820	103318	227	-5	0.05	0.08	44500	
03/01/2012 09:20:09	ALARM 17	proc 12 prog 10 step 47	LavoroTerminato
03/01/2012 09:31:42	TASTEGGIO	1	0	8000	53820	117813	227	-5	0.75	0.79	-24500	
03/01/2012 09:32:10	TASTEGGIO	1	0	8000	53820	142318	399	-112	0.43	0.43	0	
03/01/2012 09:32:33	TASTEGGIO	0	1	8000	53820	142317	375	-135	0.98	0.98	0	
03/01/2012 09:32:50	TASTEGGIO	0	1	8000	53820	142317	151	-11	0.85	0.85	0	
03/01/2012 09:33:12	TASTEGGIO	0	2	8000	53820	142318	298	-53	0.34	0.34	0	
03/01/2012 09:33:34	TASTEGGIO	0	0	8000	53820	142317	285	-24	0.11	0.11	0	
03/01/2012 09:33:44	TASTEGGIO	0	0	8000	53820	117785	285	-24	0.14	0.25	44500	
03/01/2012 09:34:09	TASTEGGIO	1	0	8000	53820	73351	263	-22	0.10	0.10	0	
03/01/2012 09:34:20	TASTEGGIO	1	0	8000	53820	117663	263	-22	0.02	0.09	-24500	
03/01/2012 09:36:09	TASTEGGIO	1	0	8000	53820	117702	263	-22	0.79	0.89	-44500	
03/01/2012 09:36:36	TASTEGGIO	1	0	8000	53820	162087	400	-95	0.31	0.31	0	
03/01/2012 09:37:00	TASTEGGIO	0	1	8000	53820	162113	389	-181	1.64	1.64	0	
03/01/2012 09:37:14	TASTEGGIO	0	1	8000	53820	162120	0	-8	1.55	1.55	0	
03/01/2012 09:37:35	TASTEGGIO	0	2	8000	53820	162139	292	-17	1.38	1.38	0	
03/01/2012 09:37:59	TASTEGGIO	0	3	8000	53820	162156	400	-55	0.88	0.88	0	
03/01/2012 09:38:21	TASTEGGIO	0	4	8000	53820	162173	400	-35	0.52	0.52	0	
03/01/2012 09:38:25	ALARM 218	proc 12 prog 73 step 17	go_abs 5 cmd 11
03/01/2012 09:38:29	ALARM 205		err.6058
03/01/2012 09:38:58	TASTEGGIO	0	4	8000	53820	117693	400	-35	0.49	0.55	-44500	
03/01/2012 09:39:22	TASTEGGIO	1	0	8000	53820	162081	174	-1	0.55	0.55	0	
03/01/2012 09:39:42	TASTEGGIO	0	1	8000	53820	162104	229	-1	0.52	0.52	0	
03/01/2012 09:40:04	TASTEGGIO	0	2	8000	53820	162124	327	-3	0.50	0.50	0	
03/01/2012 09:40:27	TASTEGGIO	0	3	8000	53820	162143	400	-39	0.17	0.17	0	
03/01/2012 09:40:45	TASTEGGIO	0	0	8000	53820	162155	105	-1	0.17	0.17	0	
03/01/2012 09:41:04	TASTEGGIO	0	1	8000	53820	162168	122	0	0.17	0.17	0	
03/01/2012 09:41:25	TASTEGGIO	0	2	8000	53820	162168	156	0	0.17	0.17	0	
03/01/2012 09:41:46	TASTEGGIO	0	3	8000	53820	162168	207	-1	0.17	0.17	0	
03/01/2012 09:42:07	TASTEGGIO	0	4	8000	53820	162168	275	-4	0.17	0.17	0	
03/01/2012 09:42:30	TASTEGGIO	0	5	8000	53820	162168	360	-26	0.18	0.18	0	
03/01/2012 09:42:52	TASTEGGIO	0	1	8000	53820	162168	340	-89	0.73	0.73	0	
03/01/2012 09:43:07	TASTEGGIO	0	1	8000	53820	162168	43	-6	0.64	0.64	0	
03/01/2012 09:43:27	TASTEGGIO	0	2	8000	53820	162168	155	-2	0.62	0.62	0	
03/01/2012 09:43:48	TASTEGGIO	0	3	8000	53820	162168	335	-66	0.21	0.21	0	
03/01/2012 09:44:09	TASTEGGIO	0	1	8000	53820	162168	327	-38	0.47	0.47	0	
03/01/2012 09:44:29	TASTEGGIO	0	1	8000	53820	162168	221	-15	0.29	0.29	0	
03/01/2012 09:44:49	TASTEGGIO	0	2	8000	53820	162168	246	-9	0.20	0.20	0	
03/01/2012 09:45:12	TASTEGGIO	0	3	8000	53820	162168	269	-1	0.14	0.14	0	
03/01/2012 09:45:23	TASTEGGIO	0	3	8000	53820	117694	269	-1	0.20	0.20	0	
03/01/2012 09:45:41	TASTEGGIO	1	0	8000	53820	117706	111	0	0.24	0.24	0	
03/01/2012 09:45:59	TASTEGGIO	0	1	8000	53820	117710	139	-1	0.19	0.19	0	
03/01/2012 09:46:19	TASTEGGIO	0	2	8000	53820	117719	160	-2	0.21	0.21	0	
03/01/2012 09:46:41	TASTEGGIO	0	3	8000	53820	117720	229	-24	0.11	0.11	0	
03/01/2012 09:46:50	TASTEGGIO	0	3	8000	53820	117694	229	-24	0.10	0.13	24500	
03/01/2012 09:47:11	TASTEGGIO	1	0	8000	53820	93223	98	-4	0.08	0.08	0	
03/01/2012 09:47:21	TASTEGGIO	1	0	8000	53820	117567	98	-4	0.07	0.08	24500	
03/01/2012 09:49:10	TASTEGGIO	1	0	8000	53820	117703	98	-4	0.52	0.64	44500	
03/01/2012 09:49:33	TASTEGGIO	1	0	8000	53820	73260	190	-1	0.53	0.53	0	
03/01/2012 09:49:53	TASTEGGIO	0	1	8000	53820	73256	233	-6	0.52	0.52	0	
03/01/2012 09:50:16	TASTEGGIO	0	2	8000	53820	73257	335	-34	0.24	0.24	0	
03/01/2012 09:50:33	TASTEGGIO	0	0	8000	53820	73248	118	0	0.27	0.27	0	
03/01/2012 09:50:52	TASTEGGIO	0	1	8000	53820	73244	148	0	0.23	0.23	0	
03/01/2012 09:51:12	TASTEGGIO	0	2	8000	53820	73242	187	-1	0.21	0.21	0	
03/01/2012 09:51:32	TASTEGGIO	0	3	8000	53820	73242	244	-4	0.20	0.20	0	
03/01/2012 09:51:54	TASTEGGIO	0	4	8000	53820	73242	320	-25	0.08	0.08	0	
03/01/2012 09:52:05	TASTEGGIO	0	4	8000	53820	117560	320	-25	0.07	0.15	-44500	
03/01/2012 09:52:27	TASTEGGIO	1	0	8000	53820	161950	102	-1	0.12	0.12	0	
03/01/2012 09:52:38	TASTEGGIO	1	0	8000	53820	117655	102	-1	0.06	0.12	-44500	
03/01/2012 09:53:00	TASTEGGIO	1	0	8000	53820	162049	96	0	0.13	0.13	0	
03/01/2012 09:53:17	TASTEGGIO	0	1	8000	53820	162071	110	0	0.12	0.12	0	
03/01/2012 09:53:36	TASTEGGIO	0	2	8000	53820	162091	132	-1	0.11	0.11	0	
03/01/2012 09:53:56	TASTEGGIO	0	3	8000	53820	162104	162	-6	0.08	0.08	0	
03/01/2012 09:54:07	TASTEGGIO	0	3	8000	53820	117659	162	-6	0.06	0.09	-44500	
03/01/2012 09:55:54	TASTEGGIO	0	3	8000	53820	117698	162	-6	0.78	0.78	24500	
03/01/2012 09:56:17	TASTEGGIO	1	0	8000	53820	93231	215	-4	0.72	0.72	0	
03/01/2012 09:56:38	TASTEGGIO	0	1	8000	53820	93231	281	-16	0.54	0.54	0	
03/01/2012 09:57:02	TASTEGGIO	0	2	8000	53820	93231	338	-37	0.23	0.23	0	
03/01/2012 09:57:19	TASTEGGIO	0	0	8000	53820	93232	116	0	0.26	0.26	0	
03/01/2012 09:57:38	TASTEGGIO	0	1	8000	53820	93230	145	0	0.23	0.23	0	
03/01/2012 09:57:59	TASTEGGIO	0	2	8000	53820	93230	185	-1	0.21	0.21	0	
03/01/2012 09:58:20	TASTEGGIO	0	3	8000	53820	93230	242	-1	0.20	0.20	0	
03/01/2012 09:58:43	TASTEGGIO	0	4	8000	53820	93230	318	-20	0.06	0.06	0	
03/01/2012 09:58:53	TASTEGGIO	0	4	8000	53820	117564	318	-20	0.10	0.28	-44500	
03/01/2012 09:59:16	TASTEGGIO	1	0	8000	53820	161958	125	-2	0.23	0.23	0	
03/01/2012 09:59:34	TASTEGGIO	0	1	8000	53820	161986	143	-3	0.24	0.24	0	
03/01/2012 09:59:55	TASTEGGIO	0	2	8000	53820	162006	193	-11	0.14	0.14	0	
03/01/2012 10:00:06	TASTEGGIO	0	2	8000	53820	117658	193	-11	0.04	0.17	44500	
03/01/2012 10:00:27	TASTEGGIO	1	0	8000	53820	73211	105	-2	0.15	0.15	0	
03/01/2012 10:00:45	TASTEGGIO	0	1	8000	53820	73204	118	-1	0.15	0.15	0	
03/01/2012 10:01:04	TASTEGGIO	0	2	8000	53820	73200	148	-1	0.15	0.15	0	
03/01/2012 10:01:23	TASTEGGIO	0	3	8000	53820	73200	193	-3	0.14	0.14	0	
03/01/2012 10:01:34	TASTEGGIO	0	3	8000	53820	117552	193	-3	0.04	0.15	44500	
03/01/2012 10:01:56	TASTEGGIO	1	0	8000	53820	73113	102	0	0.14	0.14	0	
03/01/2012 10:02:06	TASTEGGIO	1	0	8000	53820	117552	102	0	0.03	0.15	44500	
03/01/2012 10:02:28	TASTEGGIO	1	0	8000	53820	73114	102	0	0.14	0.14	0	
03/01/2012 10:02:39	TASTEGGIO	1	0	8000	53820	117551	102	0	0.04	0.15	-44500	
03/01/2012 10:03:01	TASTEGGIO	1	0	8000	53820	161962	102	-2	0.13	0.13	0	
03/01/2012 10:03:12	TASTEGGIO	1	0	8000	53820	117642	102	-2	0.04	0.15	44500	
03/01/2012 10:03:32	TASTEGGIO	1	0	8000	53820	73196	102	0	0.15	0.15	0	
03/01/2012 10:03:49	TASTEGGIO	0	1	8000	53820	73187	117	-1	0.14	0.14	0	
03/01/2012 10:04:00	TASTEGGIO	0	1	8000	53820	117550	117	-1	0.03	0.16	-44500	
03/01/2012 10:04:22	TASTEGGIO	1	0	8000	53820	161956	103	-3	0.13	0.13	0	
03/01/2012 10:04:33	TASTEGGIO	1	0	8000	53820	117652	103	-3	0.03	0.15	44500	
03/01/2012 10:04:53	TASTEGGIO	1	0	8000	53820	73205	102	-1	0.16	0.16	0	
03/01/2012 10:05:10	TASTEGGIO	0	1	8000	53820	73197	119	0	0.14	0.14	0	
03/01/2012 10:05:21	TASTEGGIO	0	1	8000	53820	117552	119	0	0.05	0.16	-44500	
03/01/2012 10:05:42	TASTEGGIO	1	0	8000	53820	161961	103	-1	0.16	0.16	0	
03/01/2012 10:05:59	TASTEGGIO	0	1	8000	53820	161982	119	-1	0.15	0.15	0	
03/01/2012 10:06:17	TASTEGGIO	0	2	8000	53820	162002	147	-1	0.12	0.12	0	
03/01/2012 10:06:27	TASTEGGIO	0	2	8000	53820	117647	147	-1	0.05	0.15	44500	
03/01/2012 10:06:48	TASTEGGIO	1	0	8000	53820	73197	102	0	0.15	0.15	0	
03/01/2012 10:07:04	TASTEGGIO	0	1	8000	53820	73189	117	0	0.15	0.15	0	
03/01/2012 10:07:22	TASTEGGIO	0	2	8000	53820	73186	147	2	0.14	0.14	0	
03/01/2012 10:07:33	TASTEGGIO	0	2	8000	53820	117553	147	2	0.03	0.16	44500	
03/01/2012 10:07:54	TASTEGGIO	1	0	8000	53820	73117	103	0	0.15	0.15	0	
03/01/2012 10:08:12	TASTEGGIO	0	1	8000	53820	73111	117	0	0.14	0.14	0	
03/01/2012 10:08:22	TASTEGGIO	0	1	8000	53820	117551	117	0	0.04	0.15	44500	
03/01/2012 10:08:43	TASTEGGIO	1	0	8000	53820	73116	102	0	0.15	0.15	0	
03/01/2012 10:08:59	TASTEGGIO	0	1	8000	53820	73108	117	0	0.14	0.14	0	
03/01/2012 10:09:10	TASTEGGIO	0	1	8000	53820	117551	117	0	0.02	0.15	44500	
03/01/2012 10:09:31	TASTEGGIO	1	0	8000	53820	73112	102	0	0.15	0.15	0	
03/01/2012 10:09:48	TASTEGGIO	0	1	8000	53820	73106	117	0	0.14	0.14	0	
03/01/2012 10:09:59	TASTEGGIO	0	1	8000	53820	117553	117	0	0.03	0.15	44500	
03/01/2012 10:10:19	TASTEGGIO	1	0	8000	53820	73109	102	0	0.15	0.15	0	
03/01/2012 10:10:35	TASTEGGIO	0	1	8000	53820	73104	117	0	0.14	0.14	0	
03/01/2012 10:10:46	TASTEGGIO	0	1	8000	53820	117552	117	0	0.03	0.15	44500	
03/01/2012 10:11:06	TASTEGGIO	1	0	8000	53820	73112	102	0	0.17	0.17	0	
03/01/2012 10:11:22	TASTEGGIO	0	1	8000	53820	73105	121	0	0.14	0.14	0	
03/01/2012 10:11:33	TASTEGGIO	0	1	8000	53820	117552	121	0	0.06	0.15	-44500	
03/01/2012 10:11:55	TASTEGGIO	1	0	8000	53820	161961	102	-2	0.12	0.12	0	
03/01/2012 10:12:06	TASTEGGIO	1	0	8000	53820	117648	102	-2	0.02	0.15	44500	
03/01/2012 10:12:25	TASTEGGIO	1	0	8000	53820	73198	102	0	0.15	0.15	0	
03/01/2012 10:12:41	TASTEGGIO	0	1	8000	53820	73190	117	0	0.15	0.15	0	
03/01/2012 10:12:59	TASTEGGIO	0	2	8000	53820	73187	147	0	0.14	0.14	0	
03/01/2012 10:13:09	TASTEGGIO	0	2	8000	53820	117548	147	0	0.04	0.15	-44500	
03/01/2012 10:13:31	TASTEGGIO	1	0	8000	53820	161957	102	1	0.14	0.14	0	
03/01/2012 10:13:42	TASTEGGIO	1	0	8000	53820	117639	102	1	0.03	0.15	44500	
03/01/2012 10:14:01	TASTEGGIO	1	0	8000	53820	73181	102	-1	0.14	0.14	0	
03/01/2012 10:14:12	TASTEGGIO	1	0	8000	53820	117557	102	-1	0.04	0.15	-44500	
03/01/2012 10:14:34	TASTEGGIO	1	0	8000	53820	161968	102	0	0.15	0.15	0	
03/01/2012 10:14:51	TASTEGGIO	0	1	8000	53820	161990	117	1	0.14	0.14	0	
03/01/2012 10:15:01	TASTEGGIO	0	1	8000	53820	117650	117	1	0.03	0.15	44500	
03/01/2012 10:15:21	TASTEGGIO	1	0	8000	53820	73197	102	0	0.15	0.15	0	
03/01/2012 10:15:37	TASTEGGIO	0	1	8000	53820	73189	117	2	0.14	0.14	0	
03/01/2012 10:15:48	TASTEGGIO	0	1	8000	53820	117551	117	2	0.02	0.15	44500	
03/01/2012 10:17:36	TASTEGGIO	0	1	8000	53820	117807	117	2	0.77	0.97	44500	
03/01/2012 10:17:59	TASTEGGIO	1	0	8000	53820	73358	249	-4	0.90	0.90	0	
03/01/2012 10:18:21	TASTEGGIO	0	1	8000	53820	73354	332	-20	0.70	0.70	0	
03/01/2012 10:18:45	TASTEGGIO	0	2	8000	53820	73354	400	-44	0.26	0.26	0	
03/01/2012 10:19:01	TASTEGGIO	0	0	8000	53820	73344	121	0	0.26	0.26	0	
03/01/2012 10:19:18	TASTEGGIO	0	1	8000	53820	73341	147	-1	0.28	0.28	0	
03/01/2012 10:19:39	TASTEGGIO	0	2	8000	53820	73341	207	3	0.26	0.26	0	
03/01/2012 10:20:00	TASTEGGIO	0	3	8000	53820	73343	279	-8	0.21	0.21	0	
03/01/2012 10:20:23	TASTEGGIO	0	4	8000	53820	73343	346	-8	0.13	0.13	0	
03/01/2012 10:20:34	TASTEGGIO	0	4	8000	53820	117664	346	-8	0.19	0.21	-44500	
03/01/2012 10:20:57	TASTEGGIO	1	0	8000	53820	162062	112	-1	0.19	0.19	0	
03/01/2012 10:21:16	TASTEGGIO	0	1	8000	53820	162087	129	-1	0.19	0.19	0	
03/01/2012 10:21:36	TASTEGGIO	0	2	8000	53820	162107	167	-7	0.14	0.14	0	
03/01/2012 10:21:47	TASTEGGIO	0	2	8000	53820	117759	167	-7	0.16	0.16	0	
03/01/2012 10:22:05	TASTEGGIO	1	0	8000	53820	117766	103	-1	0.11	0.11	0	
03/01/2012 10:22:13	TASTEGGIO	1	0	8000	53820	117756	103	-1	0.13	0.15	24500	
03/01/2012 10:22:34	TASTEGGIO	1	0	8000	53820	93286	102	0	0.13	0.13	0	
03/01/2012 10:22:44	TASTEGGIO	1	0	8000	53820	117658	102	0	0.13	0.15	24500	
03/01/2012 10:23:05	TASTEGGIO	1	0	8000	53820	93194	102	1	0.12	0.12	0	
03/01/2012 10:23:15	TASTEGGIO	1	0	8000	53820	117656	102	1	0.12	0.14	44500	
03/01/2012 10:23:36	TASTEGGIO	1	0	8000	53820	73216	100	0	0.12	0.12	0	
03/01/2012 10:23:52	TASTEGGIO	0	1	8000	53820	73208	110	0	0.12	0.12	0	
03/01/2012 10:24:11	TASTEGGIO	0	2	8000	53820	73203	134	0	0.12	0.12	0	
03/01/2012 10:24:22	TASTEGGIO	0	2	8000	53820	117652	134	0	0.12	0.14	24500	
03/01/2012 10:26:10	TASTEGGIO	0	2	8000	53820	118089	134	0	0.44	0.48	-44500	
03/01/2012 10:26:34	TASTEGGIO	1	0	8000	53820	162510	161	-5	0.44	0.44	0	
03/01/2012 10:26:54	TASTEGGIO	0	1	8000	53820	162532	201	-8	0.36	0.36	0	
03/01/2012 10:27:15	TASTEGGIO	0	2	8000	53820	162546	259	-26	0.11	0.11	0	
03/01/2012 10:27:26	TASTEGGIO	0	2	8000	53820	118069	259	-26	0.20	0.20	24500	
03/01/2012 10:27:46	TASTEGGIO	1	0	8000	53820	93610	111	-2	0.17	0.17	0	
03/01/2012 10:28:04	TASTEGGIO	0	1	8000	53820	93605	125	-1	0.16	0.16	0	
03/01/2012 10:28:23	TASTEGGIO	0	2	8000	53820	93604	155	-1	0.12	0.12	0	
03/01/2012 10:28:33	TASTEGGIO	0	2	8000	53820	117961	155	-1	0.17	0.17	24500	
03/01/2012 10:28:54	TASTEGGIO	1	0	8000	53820	93499	105	0	0.17	0.17	0	
03/01/2012 10:29:11	TASTEGGIO	0	1	8000	53820	93496	122	-1	0.20	0.20	0	
03/01/2012 10:29:32	TASTEGGIO	0	2	8000	53820	93494	169	-1	0.15	0.15	0	
03/01/2012 10:29:53	TASTEGGIO	0	3	8000	53820	93494	188	-2	0.08	0.08	0	
03/01/2012 10:30:03	TASTEGGIO	0	3	8000	53820	117952	188	-2	0.12	0.13	24500	
03/01/2012 10:30:24	TASTEGGIO	1	0	8000	53820	93493	98	-1	0.13	0.13	0	
03/01/2012 10:30:41	TASTEGGIO	0	1	8000	53820	93488	111	0	0.12	0.12	0	
03/01/2012 10:31:00	TASTEGGIO	0	2	8000	53820	93485	133	0	0.13	0.13	0	
03/01/2012 10:31:19	TASTEGGIO	0	3	8000	53820	93484	175	-1	0.11	0.11	0	
03/01/2012 10:31:41	TASTEGGIO	0	4	8000	53820	93485	212	-6	0.04	0.04	0	
03/01/2012 10:31:52	TASTEGGIO	0	4	8000	53820	117959	212	-6	0.11	0.11	0	
03/01/2012 10:32:09	TASTEGGIO	1	0	8000	53820	117953	94	0	0.12	0.12	0	
03/01/2012 10:32:26	TASTEGGIO	0	1	8000	53820	117953	107	-1	0.06	0.06	0	
03/01/2012 10:32:34	TASTEGGIO	0	1	8000	53820	117959	107	-1	0.07	0.07	0	
03/01/2012 10:34:22	TASTEGGIO	0	1	8000	53820	117800	107	-1	0.63	0.74	24500	
03/01/2012 10:34:45	TASTEGGIO	1	0	8000	53820	93336	208	-4	0.66	0.66	0	
03/01/2012 10:35:06	TASTEGGIO	0	1	8000	53820	93336	266	-12	0.51	0.51	0	
03/01/2012 10:35:30	TASTEGGIO	0	2	8000	53820	93336	321	-30	0.26	0.26	0	
03/01/2012 10:35:53	TASTEGGIO	0	3	8000	53820	93332	343	-53	0.32	0.32	0	
03/01/2012 10:36:16	TASTEGGIO	0	1	8000	53820	93329	303	-66	0.37	0.37	0	
03/01/2012 10:36:38	TASTEGGIO	0	1	8000	53820	93335	260	-12	0.24	0.24	0	
03/01/2012 10:37:01	TASTEGGIO	0	2	8000	53820	93335	282	-3	0.21	0.21	0	
03/01/2012 10:37:25	TASTEGGIO	0	3	8000	53820	93336	337	-18	0.07	0.07	0	
03/01/2012 10:37:35	TASTEGGIO	0	3	8000	53820	117664	337	-18	0.05	0.15	44500	
03/01/2012 10:37:57	TASTEGGIO	1	0	8000	53820	73220	102	0	0.13	0.13	0	
03/01/2012 10:38:08	TASTEGGIO	1	0	8000	53820	117659	102	0	0.07	0.16	44500	
03/01/2012 10:38:29	TASTEGGIO	1	0	8000	53820	73217	103	-1	0.16	0.16	0	
03/01/2012 10:38:46	TASTEGGIO	0	1	8000	53820	73209	119	0	0.17	0.17	0	
03/01/2012 10:39:04	TASTEGGIO	0	2	8000	53820	73205	155	0	0.12	0.12	0	
03/01/2012 10:39:14	TASTEGGIO	0	2	8000	53820	117653	155	0	0.06	0.16	44500	
03/01/2012 10:39:35	TASTEGGIO	1	0	8000	53820	73214	103	1	0.15	0.15	0	
03/01/2012 10:39:53	TASTEGGIO	0	1	8000	53820	73206	117	0	0.15	0.15	0	
03/01/2012 10:40:11	TASTEGGIO	0	2	8000	53820	73201	147	0	0.16	0.16	0	
03/01/2012 10:40:30	TASTEGGIO	0	3	8000	53820	73200	198	-1	0.15	0.15	0	
03/01/2012 10:40:52	TASTEGGIO	0	4	8000	53820	73202	254	-9	0.04	0.04	0	
03/01/2012 10:41:03	TASTEGGIO	0	4	8000	53820	117654	254	-9	0.08	0.10	-44500	
03/01/2012 10:42:52	TASTEGGIO	0	4	8000	53820	117802	254	-9	0.69	0.78	24500	
03/01/2012 10:43:16	TASTEGGIO	1	0	8000	53820	93334	215	-3	0.73	0.73	0	
03/01/2012 10:43:37	TASTEGGIO	0	1	8000	53820	93334	283	-16	0.57	0.57	0	
03/01/2012 10:44:01	TASTEGGIO	0	2	8000	53820	93334	345	-40	0.18	0.18	0	
03/01/2012 10:44:18	TASTEGGIO	0	0	8000	53820	93335	107	1	0.15	0.15	0	
03/01/2012 10:44:37	TASTEGGIO	0	1	8000	53820	93334	119	5	0.17	0.17	0	
03/01/2012 10:44:55	TASTEGGIO	0	2	8000	53820	93333	157	-1	0.16	0.16	0	
03/01/2012 10:45:17	TASTEGGIO	0	3	8000	53820	93333	202	3	0.17	0.17	0	
03/01/2012 10:45:39	TASTEGGIO	0	4	8000	53820	93333	274	-1	0.14	0.14	0	
03/01/2012 10:45:49	TASTEGGIO	0	4	8000	53820	117671	274	-1	0.12	0.26	44500	
03/01/2012 10:46:11	TASTEGGIO	1	0	8000	53820	73226	121	1	0.25	0.25	0	
03/01/2012 10:46:28	TASTEGGIO	0	1	8000	53820	73220	145	0	0.25	0.25	0	
03/01/2012 10:46:49	TASTEGGIO	0	2	8000	53820	73219	195	5	0.22	0.22	0	
03/01/2012 10:47:09	TASTEGGIO	0	3	8000	53820	73219	253	-9	0.13	0.13	0	
03/01/2012 10:47:20	TASTEGGIO	0	3	8000	53820	117663	253	-9	0.07	0.15	44500	
03/01/2012 10:47:41	TASTEGGIO	1	0	8000	53820	73225	102	0	0.11	0.11	0	
03/01/2012 10:47:52	TASTEGGIO	1	0	8000	53820	117661	102	0	0.08	0.15	44500	
03/01/2012 10:48:13	TASTEGGIO	1	0	8000	53820	73217	102	2	0.13	0.13	0	
03/01/2012 10:48:24	TASTEGGIO	1	0	8000	53820	117659	102	2	0.08	0.16	44500	
03/01/2012 10:48:46	TASTEGGIO	1	0	8000	53820	73222	103	1	0.16	0.16	0	
03/01/2012 10:49:02	TASTEGGIO	0	1	8000	53820	73215	119	0	0.10	0.10	0	
03/01/2012 10:49:13	TASTEGGIO	0	1	8000	53820	117653	119	0	0.07	0.17	44500	
03/01/2012 10:49:34	TASTEGGIO	1	0	8000	53820	73230	105	1	0.14	0.14	0	
03/01/2012 10:49:45	TASTEGGIO	1	0	8000	53820	117647	105	1	0.07	0.17	44500	
03/01/2012 10:50:05	TASTEGGIO	1	0	8000	53820	73230	105	1	0.15	0.15	0	
03/01/2012 10:50:21	TASTEGGIO	0	1	8000	53820	73221	118	-1	0.14	0.14	0	
03/01/2012 10:50:32	TASTEGGIO	0	1	8000	53820	117641	118	-1	0.07	0.16	44500	
03/01/2012 10:50:53	TASTEGGIO	1	0	8000	53820	73219	103	0	0.15	0.15	0	
03/01/2012 10:51:10	TASTEGGIO	0	1	8000	53820	73211	117	0	0.17	0.17	0	
03/01/2012 10:51:29	TASTEGGIO	0	2	8000	53820	73205	155	0	0.15	0.15	0	
03/01/2012 10:51:48	TASTEGGIO	0	3	8000	53820	73202	194	-1	0.15	0.15	0	
03/01/2012 10:52:08	TASTEGGIO	0	4	8000	53820	73203	254	-5	0.11	0.11	0	
03/01/2012 10:52:19	TASTEGGIO	0	4	8000	53820	117654	254	-5	0.04	0.13	44500	
03/01/2012 10:52:40	TASTEGGIO	1	0	8000	53820	73215	98	1	0.11	0.11	0	
03/01/2012 10:52:57	TASTEGGIO	0	1	8000	53820	73206	107	0	0.11	0.11	0	
03/01/2012 10:53:14	TASTEGGIO	0	2	8000	53820	73201	129	0	0.11	0.11	0	
03/01/2012 10:53:32	TASTEGGIO	0	3	8000	53820	73199	162	0	0.10	0.10	0	
03/01/2012 10:53:43	TASTEGGIO	0	3	8000	53820	117650	162	0	0.04	0.12	44500	
03/01/2012 10:54:03	TASTEGGIO	1	0	8000	53820	73213	96	1	0.11	0.11	0	
03/01/2012 10:54:14	TASTEGGIO	1	0	8000	53820	117654	96	1	0.04	0.12	44500	
03/01/2012 10:56:03	TASTEGGIO	1	0	8000	53820	117709	96	1	0.17	0.24	-44500	
03/01/2012 10:56:25	TASTEGGIO	1	0	8000	53820	162088	118	-3	0.21	0.21	0	
03/01/2012 10:56:44	TASTEGGIO	0	1	8000	53820	162114	136	-2	0.19	0.19	0	
03/01/2012 10:57:05	TASTEGGIO	0	2	8000	53820	162136	170	-1	0.14	0.14	0	
03/01/2012 10:57:16	TASTEGGIO	0	2	8000	53820	117695	170	-1	0.11	0.22	44500	
03/01/2012 10:57:37	TASTEGGIO	1	0	8000	53820	73246	114	-2	0.20	0.20	0	
03/01/2012 10:57:54	TASTEGGIO	0	1	8000	53820	73237	132	-1	0.19	0.19	0	
03/01/2012 10:58:12	TASTEGGIO	0	2	8000	53820	73234	168	0	0.18	0.18	0	
03/01/2012 10:58:33	TASTEGGIO	0	3	8000	53820	73235	219	-6	0.16	0.16	0	
03/01/2012 10:58:54	TASTEGGIO	0	4	8000	53820	73237	275	-19	0.10	0.10	0	
03/01/2012 10:59:05	TASTEGGIO	0	4	8000	53820	117562	275	-19	0.17	0.24	-44500	
03/01/2012 10:59:28	TASTEGGIO	1	0	8000	53820	161965	118	-1	0.23	0.23	0	
03/01/2012 10:59:48	TASTEGGIO	0	1	8000	53820	161989	140	2	0.18	0.18	0	
03/01/2012 11:00:09	TASTEGGIO	0	2	8000	53820	162008	159	0	0.17	0.17	0	
03/01/2012 11:00:30	TASTEGGIO	0	3	8000	53820	162021	207	-11	0.06	0.06	0	
03/01/2012 11:00:41	TASTEGGIO	0	3	8000	53820	117664	207	-11	0.04	0.07	-44500	
03/01/2012 11:02:28	TASTEGGIO	0	3	8000	53820	117799	207	-11	0.25	0.33	44500	
03/01/2012 11:02:50	TASTEGGIO	1	0	8000	53820	73353	134	0	0.31	0.31	0	
03/01/2012 11:03:09	TASTEGGIO	0	1	8000	53820	73344	163	-1	0.29	0.29	0	
03/01/2012 11:03:29	TASTEGGIO	0	2	8000	53820	73343	217	-5	0.25	0.25	0	
03/01/2012 11:03:51	TASTEGGIO	0	3	8000	53820	73345	281	-20	0.07	0.07	0	
03/01/2012 11:04:02	TASTEGGIO	0	3	8000	53820	117668	281	-20	0.08	0.09	-44500	
03/01/2012 11:05:51	TASTEGGIO	0	3	8000	53820	117802	281	-20	0.30	0.59	44500	
03/01/2012 11:06:13	TASTEGGIO	1	0	8000	53820	73357	181	-2	0.52	0.52	0	
03/01/2012 11:06:33	TASTEGGIO	0	1	8000	53820	73351	226	-4	0.48	0.48	0	
03/01/2012 11:06:56	TASTEGGIO	0	2	8000	53820	73352	314	-29	0.27	0.27	0	
03/01/2012 11:07:18	TASTEGGIO	0	3	8000	53820	73351	340	-38	0.14	0.14	0	
03/01/2012 11:07:29	TASTEGGIO	0	3	8000	53820	117666	340	-38	0.25	0.51	-44500	
03/01/2012 11:07:53	TASTEGGIO	1	0	8000	53820	162054	166	-5	0.42	0.42	0	
03/01/2012 11:08:13	TASTEGGIO	0	1	8000	53820	162081	200	-8	0.35	0.35	0	
03/01/2012 11:08:36	TASTEGGIO	0	2	8000	53820	162104	258	-25	0.16	0.16	0	
03/01/2012 11:08:53	TASTEGGIO	0	0	8000	53820	162120	103	-2	0.20	0.20	0	
03/01/2012 11:09:12	TASTEGGIO	0	1	8000	53820	162127	128	-1	0.15	0.15	0	
03/01/2012 11:09:30	TASTEGGIO	0	2	8000	53820	162130	143	-4	0.15	0.15	0	
03/01/2012 11:09:52	TASTEGGIO	0	3	8000	53820	162130	188	-5	0.12	0.12	0	
03/01/2012 11:10:03	TASTEGGIO	0	3	8000	53820	117770	188	-5	0.10	0.17	24500	
03/01/2012 11:10:24	TASTEGGIO	1	0	8000	53820	93307	105	-1	0.12	0.12	0	
03/01/2012 11:10:34	TASTEGGIO	1	0	8000	53820	117658	105	-1	0.07	0.14	44500	
03/01/2012 11:10:55	TASTEGGIO	1	0	8000	53820	73220	100	1	0.15	0.15	0	
03/01/2012 11:11:12	TASTEGGIO	0	1	8000	53820	73211	116	-1	0.14	0.14	0	
03/01/2012 11:11:30	TASTEGGIO	0	2	8000	53820	73206	142	0	0.15	0.15	0	
03/01/2012 11:11:49	TASTEGGIO	0	3	8000	53820	73204	190	0	0.14	0.14	0	
03/01/2012 11:12:10	TASTEGGIO	0	4	8000	53820	73206	242	-2	0.12	0.12	0	
03/01/2012 11:12:31	TASTEGGIO	0	5	8000	53820	73205	293	-5	0.08	0.08	0	
03/01/2012 11:12:42	TASTEGGIO	0	5	8000	53820	117659	293	-5	0.05	0.12	-44500	
03/01/2012 11:13:04	TASTEGGIO	1	0	8000	53820	162052	96	-1	0.13	0.13	0	
03/01/2012 11:13:22	TASTEGGIO	0	1	8000	53820	162075	110	0	0.11	0.11	0	
03/01/2012 11:13:39	TASTEGGIO	0	2	8000	53820	162095	128	0	0.11	0.11	0	
03/01/2012 11:14:00	TASTEGGIO	0	3	8000	53820	162112	161	0	0.11	0.11	0	
03/01/2012 11:14:20	TASTEGGIO	0	4	8000	53820	162119	205	-4	0.09	0.09	0	
03/01/2012 11:14:31	TASTEGGIO	0	4	8000	53820	117774	205	-4	0.07	0.13	24500	
03/01/2012 11:14:52	TASTEGGIO	1	0	8000	53820	93313	98	0	0.12	0.12	0	
03/01/2012 11:15:08	TASTEGGIO	0	1	8000	53820	93311	109	0	0.12	0.12	0	
03/01/2012 11:15:27	TASTEGGIO	0	2	8000	53820	93310	133	0	0.09	0.09	0	
03/01/2012 11:15:38	TASTEGGIO	0	2	8000	53820	117663	133	0	0.06	0.12	24500	
03/01/2012 11:15:58	TASTEGGIO	1	0	8000	53820	93201	96	0	0.11	0.11	0	
03/01/2012 11:16:14	TASTEGGIO	0	1	8000	53820	93201	106	0	0.12	0.12	0	
03/01/2012 11:16:34	TASTEGGIO	0	2	8000	53820	93200	132	0	0.12	0.12	0	
03/01/2012 11:16:54	TASTEGGIO	0	3	8000	53820	93200	168	-2	0.11	0.11	0	
03/01/2012 11:17:14	TASTEGGIO	0	4	8000	53820	93201	208	-8	0.06	0.06	0	
03/01/2012 11:17:24	TASTEGGIO	0	4	8000	53820	117661	208	-8	0.06	0.16	-44500	
03/01/2012 11:17:46	TASTEGGIO	1	0	8000	53820	162049	103	-2	0.15	0.15	0	
03/01/2012 11:18:03	TASTEGGIO	0	1	8000	53820	162070	117	-2	0.14	0.14	0	
03/01/2012 11:18:14	TASTEGGIO	0	1	8000	53820	117739	117	-2	0.04	0.16	-44500	
03/01/2012 11:18:35	TASTEGGIO	1	0	8000	53820	162120	103	0	0.15	0.15	0	
03/01/2012 11:18:52	TASTEGGIO	0	1	8000	53820	162145	117	0	0.15	0.15	0	
03/01/2012 11:19:10	TASTEGGIO	0	2	8000	53820	162166	147	0	0.16	0.16	0	
03/01/2012 11:19:31	TASTEGGIO	0	3	8000	53820	162184	198	-2	0.14	0.14	0	
03/01/2012 11:19:42	TASTEGGIO	0	3	8000	53820	117758	198	-2	0.07	0.15	-44500	
03/01/2012 11:20:03	TASTEGGIO	1	0	8000	53820	162140	102	0	0.14	0.14	0	
03/01/2012 11:20:14	TASTEGGIO	1	0	8000	53820	117758	102	0	0.03	0.14	-44500	
03/01/2012 11:20:35	TASTEGGIO	1	0	8000	53820	162132	100	-1	0.14	0.14	0	
03/01/2012 11:20:51	TASTEGGIO	0	1	8000	53820	162157	114	-2	0.14	0.14	0	
03/01/2012 11:21:10	TASTEGGIO	0	2	8000	53820	162178	142	0	0.15	0.15	0	
03/01/2012 11:21:28	TASTEGGIO	0	3	8000	53820	162199	190	-2	0.14	0.14	0	
03/01/2012 11:21:49	TASTEGGIO	0	4	8000	53820	162215	242	-9	0.07	0.07	0	
03/01/2012 11:22:00	TASTEGGIO	0	4	8000	53820	117785	242	-9	0.08	0.10	44500	
03/01/2012 11:23:48	TASTEGGIO	0	4	8000	53820	117799	242	-9	0.17	0.36	44500	
03/01/2012 11:24:11	TASTEGGIO	1	0	8000	53820	73346	139	1	0.33	0.33	0	
03/01/2012 11:24:29	TASTEGGIO	0	1	8000	53820	73339	169	-2	0.31	0.31	0	
03/01/2012 11:24:49	TASTEGGIO	0	2	8000	53820	73343	227	-9	0.24	0.24	0	
03/01/2012 11:25:12	TASTEGGIO	0	3	8000	53820	73343	259	-10	0.12	0.12	0	
03/01/2012 11:25:23	TASTEGGIO	0	3	8000	53820	117668	259	-10	0.05	0.14	-44500	
03/01/2012 11:25:45	TASTEGGIO	1	0	8000	53820	162058	100	-4	0.11	0.11	0	
03/01/2012 11:26:03	TASTEGGIO	0	1	8000	53820	162084	108	-2	0.10	0.10	0	
03/01/2012 11:26:14	TASTEGGIO	0	1	8000	53820	117760	108	-2	0.05	0.15	44500	
03/01/2012 11:26:36	TASTEGGIO	1	0	8000	53820	73303	102	0	0.14	0.14	0	
03/01/2012 11:26:47	TASTEGGIO	1	0	8000	53820	117657	102	0	0.04	0.15	44500	
03/01/2012 11:27:08	TASTEGGIO	1	0	8000	53820	73214	102	0	0.12	0.12	0	
03/01/2012 11:27:19	TASTEGGIO	1	0	8000	53820	117653	102	0	0.03	0.14	44500	
03/01/2012 11:27:41	TASTEGGIO	1	0	8000	53820	73223	100	0	0.13	0.13	0	
03/01/2012 11:27:57	TASTEGGIO	0	1	8000	53820	73212	112	0	0.14	0.14	0	
03/01/2012 11:28:16	TASTEGGIO	0	2	8000	53820	73205	142	2	0.15	0.15	0	
03/01/2012 11:28:37	TASTEGGIO	0	3	8000	53820	73204	190	0	0.12	0.12	0	
03/01/2012 11:28:58	TASTEGGIO	0	4	8000	53820	73203	209	1	0.13	0.13	0	
03/01/2012 11:29:20	TASTEGGIO	0	5	8000	53820	73204	279	-12	0.04	0.04	0	
03/01/2012 11:29:31	TASTEGGIO	0	5	8000	53820	117658	279	-12	0.10	0.17	-44500	
03/01/2012 11:29:54	TASTEGGIO	1	0	8000	53820	162052	105	2	0.15	0.15	0	
03/01/2012 11:30:12	TASTEGGIO	0	1	8000	53820	162078	118	-2	0.16	0.16	0	
03/01/2012 11:30:32	TASTEGGIO	0	2	8000	53820	162098	152	-1	0.10	0.10	0	
03/01/2012 11:30:43	TASTEGGIO	0	2	8000	53820	117754	152	-1	0.07	0.14	-44500	
03/01/2012 11:31:05	TASTEGGIO	1	0	8000	53820	162145	100	0	0.12	0.12	0	
03/01/2012 11:31:23	TASTEGGIO	0	1	8000	53820	162170	110	3	0.12	0.12	0	
03/01/2012 11:31:43	TASTEGGIO	0	2	8000	53820	162192	134	-1	0.10	0.10	0	
03/01/2012 11:31:54	TASTEGGIO	0	2	8000	53820	117762	134	-1	0.05	0.12	-44500	
03/01/2012 11:33:42	TASTEGGIO	0	2	8000	53820	117807	134	-1	0.58	0.74	44500	
03/01/2012 11:34:04	TASTEGGIO	1	0	8000	53820	73351	208	-2	0.66	0.66	0	
03/01/2012 11:34:24	TASTEGGIO	0	1	8000	53820	73347	266	-7	0.61	0.61	0	
03/01/2012 11:34:48	TASTEGGIO	0	2	8000	53820	73348	378	-48	0.16	0.16	0	
03/01/2012 11:35:04	TASTEGGIO	0	0	8000	53820	73340	103	1	0.18	0.18	0	
03/01/2012 11:35:23	TASTEGGIO	0	1	8000	53820	73338	123	4	0.17	0.17	0	
03/01/2012 11:35:41	TASTEGGIO	0	2	8000	53820	73338	155	1	0.18	0.18	0	
03/01/2012 11:36:02	TASTEGGIO	0	3	8000	53820	73337	212	-1	0.14	0.14	0	
03/01/2012 11:36:13	TASTEGGIO	0	3	8000	53820	117664	212	-1	0.21	0.21	0	
03/01/2012 11:36:32	TASTEGGIO	1	0	8000	53820	117660	112	0	0.18	0.18	0	
03/01/2012 11:36:51	TASTEGGIO	0	1	8000	53820	117660	127	0	0.15	0.15	0	
03/01/2012 11:37:10	TASTEGGIO	0	2	8000	53820	117661	151	-2	0.16	0.16	0	
03/01/2012 11:37:32	TASTEGGIO	0	3	8000	53820	117670	202	-13	0.05	0.05	0	
03/01/2012 11:37:41	TASTEGGIO	0	3	8000	53820	117675	202	-13	0.08	0.08	0	
03/01/2012 11:39:29	TASTEGGIO	0	3	8000	53820	117885	202	-13	0.34	0.58	44500	
03/01/2012 11:39:52	TASTEGGIO	1	0	8000	53820	73443	179	0	0.57	0.57	0	
03/01/2012 11:40:12	TASTEGGIO	0	1	8000	53820	73438	235	-6	0.50	0.50	0	
03/01/2012 11:40:34	TASTEGGIO	0	2	8000	53820	73438	322	-33	0.12	0.12	0	
03/01/2012 11:40:45	TASTEGGIO	0	2	8000	53820	117760	322	-33	0.11	0.19	-24500	
03/01/2012 11:41:07	TASTEGGIO	1	0	8000	53820	142217	109	-1	0.18	0.18	0	
03/01/2012 11:41:27	TASTEGGIO	0	1	8000	53820	142228	126	0	0.18	0.18	0	
03/01/2012 11:41:47	TASTEGGIO	0	2	8000	53820	142233	162	-3	0.11	0.11	0	
03/01/2012 11:41:57	TASTEGGIO	0	2	8000	53820	117856	162	-3	0.05	0.12	44500	
03/01/2012 11:42:17	TASTEGGIO	1	0	8000	53820	73409	96	0	0.13	0.13	0	
03/01/2012 11:42:36	TASTEGGIO	0	1	8000	53820	73400	110	2	0.12	0.12	0	
03/01/2012 11:42:54	TASTEGGIO	0	2	8000	53820	73396	132	1	0.13	0.13	0	
03/01/2012 11:43:13	TASTEGGIO	0	3	8000	53820	73395	174	1	0.13	0.13	0	
03/01/2012 11:43:34	TASTEGGIO	0	4	8000	53820	73395	226	0	0.15	0.15	0	
03/01/2012 11:43:57	TASTEGGIO	0	5	8000	53820	73396	312	-9	0.08	0.08	0	
03/01/2012 11:44:08	TASTEGGIO	0	5	8000	53820	117757	312	-9	0.14	0.18	-24500	
03/01/2012 11:44:29	TASTEGGIO	1	0	8000	53820	142215	107	0	0.15	0.15	0	
03/01/2012 11:44:48	TASTEGGIO	0	1	8000	53820	142225	119	0	0.15	0.15	0	
03/01/2012 11:45:07	TASTEGGIO	0	2	8000	53820	142229	149	-1	0.15	0.15	0	
03/01/2012 11:45:29	TASTEGGIO	0	3	8000	53820	142231	194	-8	0.04	0.04	0	
03/01/2012 11:45:39	TASTEGGIO	0	3	8000	53820	117854	194	-8	0.02	0.05	-44500	
03/01/2012 11:46:35	ALARM 17	proc 12 prog 10 step 47	LavoroTerminato
03/01/2012 16:04:47	TASTEGGIO	0	3	5000	42061	111175	194	-8	0.12	0.12	0	
03/01/2012 16:05:12	TASTEGGIO	1	0	5000	42061	111173	227	-63	0.53	0.53	0	
03/01/2012 16:05:27	TASTEGGIO	0	1	5000	42061	111173	0	-1	0.51	0.51	0	
03/01/2012 16:05:48	TASTEGGIO	0	2	5000	42061	111173	98	-4	0.47	0.47	0	
03/01/2012 16:06:10	TASTEGGIO	0	3	5000	42061	111173	227	-49	0.06	0.06	0	
03/01/2012 16:06:18	TASTEGGIO	0	3	5000	42061	111175	227	-49	0.06	0.06	0	
03/01/2012 16:08:09	TASTEGGIO	0	3	5000	42061	111271	227	-49	0.03	0.07	44500	
03/01/2012 16:10:01	TASTEGGIO	0	3	5000	42061	111278	227	-49	0.14	0.24	44500	
03/01/2012 16:10:28	TASTEGGIO	1	0	5000	42061	66838	242	-32	0.11	0.11	0	
03/01/2012 16:10:39	TASTEGGIO	1	0	5000	42061	111127	242	-32	0.16	0.16	0	
03/01/2012 16:11:04	TASTEGGIO	1	0	5000	42061	111124	232	-69	0.54	0.54	0	
03/01/2012 16:11:22	TASTEGGIO	0	1	5000	42061	111124	49	-2	0.49	0.49	0	
03/01/2012 16:11:43	TASTEGGIO	0	2	5000	42061	111124	137	-7	0.41	0.41	0	
03/01/2012 16:12:06	TASTEGGIO	0	3	5000	42061	111124	239	-58	0.18	0.18	0	
03/01/2012 16:12:29	TASTEGGIO	0	1	5000	42061	111124	231	-42	0.58	0.58	0	
03/01/2012 16:12:46	TASTEGGIO	0	1	5000	42061	111124	44	-4	0.53	0.53	0	
03/01/2012 16:13:08	TASTEGGIO	0	2	5000	42061	111124	140	-10	0.39	0.39	0	
03/01/2012 16:13:29	TASTEGGIO	0	3	5000	42061	111124	189	-13	0.26	0.26	0	
03/01/2012 16:13:51	TASTEGGIO	0	4	5000	42061	111124	223	-17	0.09	0.09	0	
03/01/2012 16:13:59	TASTEGGIO	0	4	5000	42061	111130	223	-17	0.09	0.09	0	
03/01/2012 16:14:24	TASTEGGIO	1	0	5000	42061	111127	223	-10	0.02	0.02	0	
03/01/2012 16:14:32	TASTEGGIO	1	0	5000	42061	111132	223	-10	0.03	0.06	44500	
03/01/2012 16:16:25	TASTEGGIO	1	0	5000	42061	111280	223	-10	0.05	0.11	44500	
03/01/2012 16:16:52	TASTEGGIO	1	0	5000	42061	66837	225	-28	0.19	0.19	0	
03/01/2012 16:17:14	TASTEGGIO	0	1	5000	42061	66814	192	-18	0.06	0.06	0	
03/01/2012 16:17:24	TASTEGGIO	0	1	5000	42061	111130	192	-18	0.04	0.06	44500	
03/01/2012 16:19:15	TASTEGGIO	0	1	5000	42061	111289	192	-18	0.12	0.13	24500	
03/01/2012 16:19:42	TASTEGGIO	1	0	5000	42061	86892	228	-44	0.33	0.33	0	
03/01/2012 16:20:03	TASTEGGIO	0	1	5000	42061	86886	144	-11	0.19	0.19	0	
03/01/2012 16:20:24	TASTEGGIO	0	2	5000	42061	86880	159	-9	0.11	0.11	0	
03/01/2012 16:20:47	TASTEGGIO	0	3	5000	42061	86874	170	-13	0.14	0.14	0	
03/01/2012 16:21:08	TASTEGGIO	0	1	5000	42061	86872	152	-6	0.10	0.10	0	
03/01/2012 16:21:31	TASTEGGIO	0	2	5000	42061	86872	162	-3	0.04	0.04	0	
03/01/2012 16:21:41	TASTEGGIO	0	2	5000	42061	111147	162	-3	0.05	0.06	44500	
03/01/2012 16:23:33	TASTEGGIO	0	2	5000	42061	111292	162	-3	0.08	0.08	0	
03/01/2012 16:23:59	TASTEGGIO	1	0	5000	42061	111297	222	-61	0.53	0.53	0	
03/01/2012 16:24:19	TASTEGGIO	0	1	5000	42061	111297	0	-1	0.50	0.50	0	
03/01/2012 16:24:39	TASTEGGIO	0	2	5000	42061	111297	94	-5	0.43	0.43	0	
03/01/2012 16:25:02	TASTEGGIO	0	3	5000	42061	111297	204	-34	0.13	0.13	0	
03/01/2012 16:25:25	TASTEGGIO	0	0	5000	42061	111298	228	-55	0.41	0.41	0	
03/01/2012 16:25:45	TASTEGGIO	0	1	5000	42061	111298	98	-7	0.29	0.29	0	
03/01/2012 16:26:06	TASTEGGIO	0	2	5000	42061	111298	127	-4	0.25	0.25	0	
03/01/2012 16:26:29	TASTEGGIO	0	3	5000	42061	111298	191	-13	0.14	0.14	0	
03/01/2012 16:26:52	TASTEGGIO	0	4	5000	42061	111298	206	-28	0.14	0.14	0	
03/01/2012 16:27:14	TASTEGGIO	0	1	5000	42061	111298	192	-37	0.26	0.26	0	
03/01/2012 16:27:36	TASTEGGIO	0	1	5000	42061	111298	143	-11	0.11	0.11	0	
03/01/2012 16:28:00	TASTEGGIO	0	0	5000	42061	111298	225	-24	0.13	0.13	0	
03/01/2012 16:28:24	TASTEGGIO	0	1	5000	42061	111298	209	-9	0.21	0.21	0	
03/01/2012 16:28:47	TASTEGGIO	0	2	5000	42061	111298	276	-72	0.51	0.51	0	
03/01/2012 16:29:09	TASTEGGIO	0	1	5000	42061	111298	152	-17	0.28	0.28	0	
03/01/2012 16:29:31	TASTEGGIO	0	2	5000	42061	111298	173	-6	0.23	0.23	0	
03/01/2012 16:29:53	TASTEGGIO	0	3	5000	42061	111298	229	-23	0.04	0.04	0	
03/01/2012 16:30:01	TASTEGGIO	0	3	5000	42061	111293	229	-23	0.04	0.05	24500	
03/01/2012 16:31:53	TASTEGGIO	0	3	5000	42061	111391	229	-23	0.13	0.33	44500	
03/01/2012 16:32:20	TASTEGGIO	1	0	5000	42061	66956	254	-36	0.13	0.13	0	
03/01/2012 16:32:30	TASTEGGIO	1	0	5000	42061	111227	254	-36	0.16	0.17	-24500	
03/01/2012 16:32:57	TASTEGGIO	1	0	5000	42061	135680	233	-69	0.52	0.52	0	
03/01/2012 16:33:17	TASTEGGIO	0	1	5000	42061	135682	73	-4	0.44	0.44	0	
03/01/2012 16:33:38	TASTEGGIO	0	2	5000	42061	135683	147	-16	0.30	0.30	0	
03/01/2012 16:34:01	TASTEGGIO	0	3	5000	42061	135683	182	-19	0.09	0.09	0	
03/01/2012 16:34:11	TASTEGGIO	0	3	5000	42061	111366	182	-19	0.11	0.14	24500	
03/01/2012 16:34:37	TASTEGGIO	1	0	5000	42061	86967	229	-48	0.35	0.35	0	
03/01/2012 16:34:58	TASTEGGIO	0	1	5000	42061	86959	141	-10	0.21	0.21	0	
03/01/2012 16:35:19	TASTEGGIO	0	2	5000	42061	86955	158	-8	0.13	0.13	0	
03/01/2012 16:35:41	TASTEGGIO	0	3	5000	42061	86949	171	-10	0.08	0.08	0	
03/01/2012 16:36:03	TASTEGGIO	0	4	5000	42061	86945	180	-18	0.14	0.14	0	
03/01/2012 16:36:25	TASTEGGIO	0	1	5000	42061	86945	155	-15	0.07	0.07	0	
03/01/2012 16:36:35	TASTEGGIO	0	1	5000	42061	111234	155	-15	0.07	0.09	44500	
03/01/2012 16:37:02	TASTEGGIO	1	0	5000	42061	66806	223	-27	0.25	0.25	0	
03/01/2012 16:37:23	TASTEGGIO	0	1	5000	42061	66781	153	-8	0.17	0.17	0	
03/01/2012 16:37:44	TASTEGGIO	0	2	5000	42061	66778	169	-5	0.11	0.11	0	
03/01/2012 16:38:06	TASTEGGIO	0	3	5000	42061	66775	181	-5	0.14	0.14	0	
03/01/2012 16:38:29	TASTEGGIO	0	4	5000	42061	66775	252	-28	0.16	0.16	0	
03/01/2012 16:38:51	TASTEGGIO	0	1	5000	42061	66775	233	-22	0.23	0.23	0	
03/01/2012 16:39:13	TASTEGGIO	0	1	5000	42061	66775	199	-19	0.04	0.04	0	
03/01/2012 16:39:24	TASTEGGIO	0	1	5000	42061	111224	199	-19	0.07	0.07	0	
03/01/2012 16:41:15	TASTEGGIO	0	1	5000	42061	111294	199	-19	0.06	0.06	-44500	
03/01/2012 16:43:08	TASTEGGIO	0	1	5000	42061	111295	199	-19	0.08	0.08	0	
03/01/2012 16:43:33	TASTEGGIO	1	0	5000	42061	111300	222	-64	0.57	0.57	0	
03/01/2012 16:43:47	TASTEGGIO	0	1	5000	42061	111300	0	0	0.54	0.54	0	
03/01/2012 16:44:08	TASTEGGIO	0	2	5000	42061	111300	102	-4	0.47	0.47	0	
03/01/2012 16:44:31	TASTEGGIO	0	3	5000	42061	111301	224	-48	0.22	0.22	0	
03/01/2012 16:44:54	TASTEGGIO	0	1	5000	42061	111301	213	-48	0.27	0.27	0	
03/01/2012 16:45:16	TASTEGGIO	0	1	5000	42061	111301	179	-22	0.09	0.09	0	
03/01/2012 16:45:39	TASTEGGIO	0	0	5000	42061	111301	223	-36	0.28	0.28	0	
03/01/2012 16:46:01	TASTEGGIO	0	1	5000	42061	111301	135	-14	0.14	0.14	0	
03/01/2012 16:46:23	TASTEGGIO	0	0	5000	42061	111301	229	-42	0.31	0.31	0	
03/01/2012 16:46:45	TASTEGGIO	0	1	5000	42061	111301	160	-2	0.30	0.30	0	
03/01/2012 16:47:08	TASTEGGIO	0	2	5000	42061	111301	218	-18	0.46	0.46	0	
03/01/2012 16:47:33	TASTEGGIO	0	3	5000	42061	111301	400	-282	3.17	3.17	0	
03/01/2012 16:47:47	TASTEGGIO	0	1	5000	42061	111301	0	-8	3.01	3.01	0	
03/01/2012 16:48:09	TASTEGGIO	0	2	5000	42061	111301	400	-63	2.41	2.41	0	
03/01/2012 16:48:34	TASTEGGIO	0	3	5000	42061	111301	400	-36	2.03	2.03	0	
03/01/2012 16:48:57	TASTEGGIO	0	4	5000	42061	111301	400	-26	1.74	1.74	0	
03/01/2012 16:49:22	TASTEGGIO	0	5	5000	42061	111301	400	-24	1.51	1.51	0	
03/01/2012 16:49:46	TASTEGGIO	0	6	5000	42061	111301	400	-35	1.15	1.15	0	
03/01/2012 16:50:11	TASTEGGIO	0	7	5000	42061	111301	400	-33	0.80	0.80	0	
03/01/2012 16:50:35	TASTEGGIO	0	8	5000	42061	111301	400	-56	0.30	0.30	0	
03/01/2012 16:50:59	TASTEGGIO	0	0	5000	42061	111301	250	3	0.26	0.26	0	
03/01/2012 16:51:23	TASTEGGIO	0	1	5000	42061	111301	272	0	0.25	0.25	0	
03/01/2012 16:51:45	TASTEGGIO	0	2	5000	42061	111301	320	-5	0.19	0.19	0	
03/01/2012 16:52:09	TASTEGGIO	0	3	5000	42061	111301	345	-22	0.15	0.15	0	
03/01/2012 16:52:33	TASTEGGIO	0	1	5000	42061	111301	333	-124	1.06	1.06	0	
03/01/2012 16:52:47	TASTEGGIO	0	1	5000	42061	111301	0	-3	1.02	1.02	0	
03/01/2012 16:53:08	TASTEGGIO	0	2	5000	42061	111301	196	-34	0.66	0.66	0	
03/01/2012 16:53:30	TASTEGGIO	0	3	5000	42061	111301	269	-59	0.23	0.23	0	
03/01/2012 16:53:53	TASTEGGIO	0	0	5000	42061	111301	241	-13	0.12	0.12	0	
03/01/2012 16:54:15	TASTEGGIO	0	1	5000	42061	111301	247	-5	0.08	0.08	0	
03/01/2012 16:54:39	TASTEGGIO	0	2	5000	42061	111301	254	-32	0.33	0.33	0	
03/01/2012 16:55:02	TASTEGGIO	0	1	5000	42061	111301	117	-13	0.41	0.41	0	
03/01/2012 16:55:24	TASTEGGIO	0	2	5000	42061	111301	218	-31	0.07	0.07	0	
03/01/2012 16:55:32	TASTEGGIO	0	2	5000	42061	111296	218	-31	0.08	0.08	0	
03/01/2012 16:55:57	TASTEGGIO	1	0	5000	42061	111300	222	-7	0.07	0.07	0	
03/01/2012 16:56:04	TASTEGGIO	1	0	5000	42061	111296	222	-7	0.10	0.10	0	
03/01/2012 16:56:29	TASTEGGIO	1	0	5000	42061	111300	224	-2	0.07	0.07	0	
03/01/2012 16:56:37	TASTEGGIO	1	0	5000	42061	111296	224	-2	0.04	0.05	24500	
03/01/2012 16:58:30	TASTEGGIO	1	0	5000	42061	111295	224	-2	0.03	0.06	24500	
03/01/2012 16:59:27	ALARM 17	proc 12 prog 10 step 47	LavoroTerminato
03/01/2012 17:07:19	ALARM 406		
04/01/2012 06:50:59	ALARM 401		
04/01/2012 06:51:01	INIT OK
04/01/2012 06:54:30	TASTEGGIO	0	0	5000	42061	111390	0	0	0.13	0.13	0	
04/01/2012 06:54:56	TASTEGGIO	1	0	5000	42061	111394	228	-62	0.53	0.53	0	
04/01/2012 06:55:11	TASTEGGIO	0	1	5000	42061	111394	11	-1	0.49	0.49	0	
04/01/2012 06:55:30	TASTEGGIO	0	2	5000	42061	111395	101	-5	0.44	0.44	0	
04/01/2012 06:55:53	TASTEGGIO	0	3	5000	42061	111394	219	-45	0.24	0.24	0	
04/01/2012 06:56:15	TASTEGGIO	0	1	5000	42061	111395	205	-47	0.25	0.25	0	
04/01/2012 06:56:37	TASTEGGIO	0	1	5000	42061	111395	178	-26	0.33	0.33	0	
04/01/2012 06:56:39	ALARM 401		
04/01/2012 06:56:42	ALARM 205		err.6058
04/01/2012 06:57:18	TASTEGGIO	0	1	5000	42061	111391	178	-26	0.30	0.30	0	
04/01/2012 06:57:40	TASTEGGIO	1	0	5000	42061	111395	66	-2	0.27	0.27	0	
04/01/2012 06:58:01	TASTEGGIO	0	1	5000	42061	111395	90	-1	0.22	0.22	0	
04/01/2012 06:58:21	TASTEGGIO	0	2	5000	42061	111395	125	-5	0.19	0.19	0	
04/01/2012 06:58:43	TASTEGGIO	0	3	5000	42061	111395	174	-13	0.11	0.11	0	
04/01/2012 06:58:50	TASTEGGIO	0	3	5000	42061	111391	174	-13	0.09	0.10	24500	
04/01/2012 06:59:12	TASTEGGIO	1	0	5000	42061	87010	52	-1	0.10	0.10	0	
04/01/2012 06:59:32	TASTEGGIO	0	1	5000	42061	87002	62	0	0.08	0.08	0	
04/01/2012 06:59:42	TASTEGGIO	0	1	5000	42061	111234	62	0	0.09	0.09	24500	
04/01/2012 07:00:04	TASTEGGIO	1	0	5000	42061	86872	51	0	0.10	0.10	0	
04/01/2012 07:00:24	TASTEGGIO	0	1	5000	42061	86871	62	-1	0.09	0.09	0	
04/01/2012 07:00:43	TASTEGGIO	0	2	5000	42061	86870	78	-1	0.11	0.11	0	
04/01/2012 07:01:03	TASTEGGIO	0	3	5000	42061	86870	118	-4	0.04	0.04	0	
04/01/2012 07:01:13	TASTEGGIO	0	3	5000	42061	111235	118	-4	0.07	0.07	0	
04/01/2012 07:03:07	TASTEGGIO	0	3	5000	42061	111583	118	-4	0.08	0.12	44500	
04/01/2012 07:03:27	TASTEGGIO	1	0	5000	42061	67165	53	-1	0.10	0.10	0	
04/01/2012 07:03:44	TASTEGGIO	0	1	5000	42061	67160	61	0	0.12	0.12	0	
04/01/2012 07:04:04	TASTEGGIO	0	2	5000	42061	67155	89	-1	0.10	0.10	0	
04/01/2012 07:04:23	TASTEGGIO	0	3	5000	42061	67146	113	-1	0.10	0.10	0	
04/01/2012 07:04:45	TASTEGGIO	0	4	5000	42061	67133	153	-5	0.09	0.09	0	
04/01/2012 07:05:07	TASTEGGIO	0	5	5000	42061	67118	193	-16	0.12	0.12	0	
04/01/2012 07:05:29	TASTEGGIO	0	1	5000	42061	67118	177	-18	0.26	0.26	0	
04/01/2012 07:05:48	TASTEGGIO	0	1	5000	42061	67118	120	-4	0.23	0.23	0	
04/01/2012 07:06:09	TASTEGGIO	0	2	5000	42061	67118	160	-4	0.19	0.19	0	
04/01/2012 07:06:31	TASTEGGIO	0	3	5000	42061	67118	207	-11	0.07	0.07	0	
04/01/2012 07:06:41	TASTEGGIO	0	3	5000	42061	111426	207	-11	0.05	0.06	44500	
04/01/2012 07:08:34	TASTEGGIO	0	3	5000	42061	111394	207	-11	0.11	0.11	-24500	
04/01/2012 07:08:57	TASTEGGIO	1	0	5000	42061	135820	52	0	0.10	0.10	0	
04/01/2012 07:09:18	TASTEGGIO	0	1	5000	42061	135826	61	-1	0.10	0.10	0	
04/01/2012 07:09:39	TASTEGGIO	0	2	5000	42061	135828	81	-1	0.07	0.07	0	
04/01/2012 07:09:49	TASTEGGIO	0	2	5000	42061	111386	81	-1	0.06	0.08	44500	
04/01/2012 07:11:42	TASTEGGIO	0	2	5000	42061	111584	81	-1	0.11	0.11	-24500	
04/01/2012 07:12:06	TASTEGGIO	1	0	5000	42061	136012	52	-1	0.08	0.08	0	
04/01/2012 07:12:16	TASTEGGIO	1	0	5000	42061	111589	52	-1	0.10	0.10	0	
04/01/2012 07:12:37	TASTEGGIO	1	0	5000	42061	111594	52	-2	0.08	0.08	0	
04/01/2012 07:12:45	TASTEGGIO	1	0	5000	42061	111589	52	-2	0.07	0.08	-24500	
04/01/2012 07:14:38	TASTEGGIO	1	0	5000	42061	111293	52	-2	0.12	0.12	24500	
04/01/2012 07:14:59	TASTEGGIO	1	0	5000	42061	86903	53	-1	0.13	0.13	0	
04/01/2012 07:15:18	TASTEGGIO	0	1	5000	42061	86898	67	-2	0.11	0.11	0	
04/01/2012 07:15:39	TASTEGGIO	0	2	5000	42061	86893	85	-3	0.10	0.10	0	
04/01/2012 07:16:00	TASTEGGIO	0	3	5000	42061	86891	112	-2	0.10	0.10	0	
04/01/2012 07:16:21	TASTEGGIO	0	4	5000	42061	86891	152	-13	0.08	0.08	0	
04/01/2012 07:16:31	TASTEGGIO	0	4	5000	42061	111141	152	-13	0.04	0.06	24500	
04/01/2012 07:18:23	TASTEGGIO	0	4	5000	42061	111293	152	-13	0.05	0.05	44500	
04/01/2012 07:20:15	TASTEGGIO	0	4	5000	42061	111392	152	-13	0.09	0.13	-44500	
04/01/2012 07:20:39	TASTEGGIO	1	0	5000	42061	155782	54	-2	0.10	0.10	0	
04/01/2012 07:21:00	TASTEGGIO	0	1	5000	42061	155783	61	0	0.10	0.10	0	
04/01/2012 07:21:20	TASTEGGIO	0	2	5000	42061	155783	81	-2	0.09	0.09	0	
04/01/2012 07:21:42	TASTEGGIO	0	3	5000	42061	155784	105	-4	0.06	0.06	0	
04/01/2012 07:21:52	TASTEGGIO	0	3	5000	42061	111372	105	-4	0.10	0.10	0	
04/01/2012 07:22:14	TASTEGGIO	1	0	5000	42061	111376	52	-2	0.03	0.03	0	
04/01/2012 07:22:21	TASTEGGIO	1	0	5000	42061	111374	52	-2	0.06	0.06	0	
04/01/2012 07:23:19	ALARM 17	proc 12 prog 10 step 47	LavoroTerminato
04/01/2012 07:44:23	ALARM 3	proc 12 prog 31 step 36	Tondo non presente su rulliera
04/01/2012 07:46:26	ALARM 34	proc 12 prog 36 step 51	Sensore Carrello 2 Allineamento Tondo SpenTondo fermo in pos di scarico
04/01/2012 07:48:40	TASTEGGIO	1	0	8000	53824	112205	52	-2	0.36	0.36	0	
04/01/2012 07:49:04	TASTEGGIO	1	0	8000	53824	112239	258	-7	0.34	0.34	0	
04/01/2012 07:49:26	TASTEGGIO	0	1	8000	53824	112232	290	-6	0.27	0.27	0	
04/01/2012 07:49:48	TASTEGGIO	0	2	8000	53824	112227	320	-10	0.16	0.16	0	
04/01/2012 07:50:11	TASTEGGIO	0	3	8000	53824	112220	336	-20	0.10	0.10	0	
04/01/2012 07:50:19	TASTEGGIO	0	3	8000	53824	112186	336	-20	0.08	0.10	24500	
04/01/2012 07:50:43	TASTEGGIO	1	0	8000	53824	87776	224	-2	0.09	0.09	0	
04/01/2012 07:51:04	TASTEGGIO	0	1	8000	53824	87765	232	-4	0.09	0.09	0	
04/01/2012 07:51:25	TASTEGGIO	0	2	8000	53824	87755	250	-4	0.05	0.05	0	
04/01/2012 07:51:36	TASTEGGIO	0	2	8000	53824	112062	250	-4	0.06	0.06	0	
04/01/2012 07:53:24	TASTEGGIO	0	2	8000	53820	112105	250	-4	0.38	0.38	0	
04/01/2012 07:53:48	TASTEGGIO	1	0	8000	53820	112125	260	-8	0.29	0.29	0	
04/01/2012 07:54:10	TASTEGGIO	0	1	8000	53820	112119	282	-6	0.26	0.26	0	
04/01/2012 07:54:33	TASTEGGIO	0	2	8000	53820	112113	328	-16	0.15	0.15	0	
04/01/2012 07:54:57	TASTEGGIO	0	3	8000	53820	112111	342	-18	0.07	0.07	0	
04/01/2012 07:55:06	TASTEGGIO	0	3	8000	53820	112078	342	-18	0.07	0.09	24500	
04/01/2012 07:55:31	TASTEGGIO	1	0	8000	53820	87650	223	-2	0.09	0.09	0	
04/01/2012 07:55:53	TASTEGGIO	0	1	8000	53820	87640	232	0	0.04	0.04	0	
04/01/2012 07:56:03	TASTEGGIO	0	1	8000	53820	111945	232	0	0.08	0.08	0	
04/01/2012 07:57:52	TASTEGGIO	0	1	8000	53820	112209	232	0	0.30	0.42	24500	
04/01/2012 07:58:17	TASTEGGIO	1	0	8000	53820	87798	265	-5	0.37	0.37	0	
04/01/2012 07:58:40	TASTEGGIO	0	1	8000	53820	87781	297	-5	0.29	0.29	0	
04/01/2012 07:59:03	TASTEGGIO	0	2	8000	53820	87761	329	-11	0.20	0.20	0	
04/01/2012 07:59:26	TASTEGGIO	0	3	8000	53820	87747	352	-12	0.15	0.15	0	
04/01/2012 07:59:50	TASTEGGIO	0	4	8000	53820	87737	374	-36	0.21	0.21	0	
04/01/2012 08:00:13	TASTEGGIO	0	1	8000	53820	87736	344	-28	0.09	0.09	0	
04/01/2012 08:00:23	TASTEGGIO	0	1	8000	53820	112057	344	-28	0.12	0.26	-44500	
04/01/2012 08:00:49	TASTEGGIO	1	0	8000	53820	156505	245	-1	0.21	0.21	0	
04/01/2012 08:01:09	TASTEGGIO	0	1	8000	53820	156515	261	-2	0.15	0.15	0	
04/01/2012 08:01:30	TASTEGGIO	0	2	8000	53820	156519	276	-4	0.12	0.12	0	
04/01/2012 08:01:41	TASTEGGIO	0	2	8000	53820	112164	276	-4	0.07	0.12	44500	
04/01/2012 08:02:06	TASTEGGIO	1	0	8000	53820	67731	227	1	0.10	0.10	0	
04/01/2012 08:02:28	TASTEGGIO	0	1	8000	53820	67722	235	-1	0.10	0.10	0	
04/01/2012 08:02:48	TASTEGGIO	0	2	8000	53820	67721	255	-1	0.10	0.10	0	
04/01/2012 08:03:10	TASTEGGIO	0	3	8000	53820	67719	285	-2	0.05	0.05	0	
04/01/2012 08:03:21	TASTEGGIO	0	3	8000	53820	112047	285	-2	0.07	0.15	-44500	
04/01/2012 08:03:47	TASTEGGIO	1	0	8000	53820	156503	231	-1	0.11	0.11	0	
04/01/2012 08:03:57	TASTEGGIO	1	0	8000	53820	112161	231	-1	0.07	0.15	-44500	
04/01/2012 08:04:23	TASTEGGIO	1	0	8000	53820	156613	231	0	0.16	0.16	0	
04/01/2012 08:04:44	TASTEGGIO	0	1	8000	53820	156620	248	-2	0.10	0.10	0	
04/01/2012 08:04:54	TASTEGGIO	0	1	8000	53820	112164	248	-2	0.06	0.13	-24500	
04/01/2012 08:05:21	TASTEGGIO	1	0	8000	53820	136635	228	-4	0.08	0.08	0	
04/01/2012 08:05:31	TASTEGGIO	1	0	8000	53820	112164	228	-4	0.05	0.11	-44500	
04/01/2012 08:05:58	TASTEGGIO	1	0	8000	53820	156611	225	-1	0.09	0.09	0	
04/01/2012 08:06:19	TASTEGGIO	0	1	8000	53820	156622	232	-1	0.11	0.11	0	
04/01/2012 08:06:41	TASTEGGIO	0	2	8000	53820	156625	258	-1	0.07	0.07	0	
04/01/2012 08:06:52	TASTEGGIO	0	2	8000	53820	112159	258	-1	0.12	0.12	0	
04/01/2012 08:07:17	TASTEGGIO	1	0	8000	53820	112173	227	0	0.05	0.05	0	
04/01/2012 08:07:26	TASTEGGIO	1	0	8000	53820	112154	227	0	0.04	0.09	-44500	
04/01/2012 08:09:15	TASTEGGIO	1	0	8000	53820	112208	227	0	0.17	0.22	24500	
04/01/2012 08:09:40	TASTEGGIO	1	0	8000	53820	87796	240	-4	0.20	0.20	0	
04/01/2012 08:10:02	TASTEGGIO	0	1	8000	53820	87787	258	1	0.16	0.16	0	
04/01/2012 08:10:25	TASTEGGIO	0	2	8000	53820	87773	276	0	0.15	0.15	0	
04/01/2012 08:10:47	TASTEGGIO	0	3	8000	53820	87760	318	-14	0.02	0.02	0	
04/01/2012 08:10:57	TASTEGGIO	0	3	8000	53820	112065	318	-14	0.07	0.15	-44500	
04/01/2012 08:11:23	TASTEGGIO	1	0	8000	53820	156507	231	-4	0.13	0.13	0	
04/01/2012 08:11:34	TASTEGGIO	1	0	8000	53820	112167	231	-4	0.04	0.11	-44500	
04/01/2012 08:11:59	TASTEGGIO	1	0	8000	53820	156618	225	-1	0.11	0.11	0	
04/01/2012 08:12:19	TASTEGGIO	0	1	8000	53820	156627	236	-3	0.09	0.09	0	
04/01/2012 08:12:40	TASTEGGIO	0	2	8000	53820	156630	250	-3	0.07	0.07	0	
04/01/2012 08:12:51	TASTEGGIO	0	2	8000	53820	112161	250	-3	0.03	0.10	44500	
04/01/2012 08:13:16	TASTEGGIO	1	0	8000	53820	67720	224	-1	0.09	0.09	0	
04/01/2012 08:13:36	TASTEGGIO	0	1	8000	53820	67713	232	-2	0.11	0.11	0	
04/01/2012 08:13:56	TASTEGGIO	0	2	8000	53820	67708	258	-2	0.06	0.06	0	
04/01/2012 08:14:07	TASTEGGIO	0	2	8000	53820	112053	258	-2	0.03	0.07	-24500	
04/01/2012 08:15:55	TASTEGGIO	0	2	8000	53820	112106	258	-2	0.74	0.80	24500	
04/01/2012 08:16:21	TASTEGGIO	1	0	8000	53820	87672	314	-7	0.71	0.71	0	
04/01/2012 08:16:45	TASTEGGIO	0	1	8000	53820	87644	377	-18	0.53	0.53	0	
04/01/2012 08:17:08	TASTEGGIO	0	2	8000	53820	87634	400	-18	0.40	0.40	0	
04/01/2012 08:17:31	TASTEGGIO	0	3	8000	53820	87624	400	-9	0.32	0.32	0	
04/01/2012 08:17:56	TASTEGGIO	0	4	8000	53820	87623	400	-1	0.28	0.28	0	
04/01/2012 08:18:20	TASTEGGIO	0	5	8000	53820	87622	400	-11	0.21	0.21	0	
04/01/2012 08:18:43	TASTEGGIO	0	6	8000	53820	87622	400	-9	0.13	0.13	0	
04/01/2012 08:18:54	TASTEGGIO	0	6	8000	53820	111957	400	-9	0.19	0.31	-44500	
04/01/2012 08:19:19	TASTEGGIO	1	0	8000	53820	156414	251	-9	0.26	0.26	0	
04/01/2012 08:19:40	TASTEGGIO	0	1	8000	53820	156424	272	-7	0.17	0.17	0	
04/01/2012 08:20:01	TASTEGGIO	0	2	8000	53820	156429	287	-10	0.12	0.12	0	
04/01/2012 08:20:12	TASTEGGIO	0	2	8000	53820	112057	287	-10	0.07	0.25	44500	
04/01/2012 08:20:37	TASTEGGIO	1	0	8000	53820	67614	243	0	0.25	0.25	0	
04/01/2012 08:20:59	TASTEGGIO	0	1	8000	53820	67609	268	-1	0.21	0.21	0	
04/01/2012 08:21:19	TASTEGGIO	0	2	8000	53820	67613	303	-5	0.18	0.18	0	
04/01/2012 08:21:42	TASTEGGIO	0	3	8000	53820	67617	349	-10	0.09	0.09	0	
04/01/2012 08:21:53	TASTEGGIO	0	3	8000	53820	111958	349	-10	0.08	0.19	-44500	
04/01/2012 08:22:19	TASTEGGIO	1	0	8000	53820	156414	236	2	0.16	0.16	0	
04/01/2012 08:22:39	TASTEGGIO	0	1	8000	53820	156424	249	-1	0.18	0.18	0	
04/01/2012 08:23:01	TASTEGGIO	0	2	8000	53820	156427	289	-7	0.14	0.14	0	
04/01/2012 08:23:12	TASTEGGIO	0	2	8000	53820	112053	289	-7	0.07	0.13	24500	
04/01/2012 08:23:37	TASTEGGIO	1	0	8000	53820	87628	228	-1	0.11	0.11	0	
04/01/2012 08:23:58	TASTEGGIO	0	1	8000	53820	87618	237	-2	0.10	0.10	0	
04/01/2012 08:24:20	TASTEGGIO	0	2	8000	53820	87610	255	4	0.08	0.08	0	
04/01/2012 08:24:30	TASTEGGIO	0	2	8000	53820	111959	255	4	0.12	0.14	-44500	
04/01/2012 08:24:56	TASTEGGIO	1	0	8000	53820	156405	229	0	0.13	0.13	0	
04/01/2012 08:25:17	TASTEGGIO	0	1	8000	53820	156419	241	-1	0.14	0.14	0	
04/01/2012 08:25:39	TASTEGGIO	0	2	8000	53820	156426	271	-1	0.12	0.12	0	
04/01/2012 08:26:01	TASTEGGIO	0	3	8000	53820	156428	301	1	0.12	0.12	0	
04/01/2012 08:26:23	TASTEGGIO	0	4	8000	53820	156433	349	-19	0.09	0.09	0	
04/01/2012 08:26:45	TASTEGGIO	0	1	8000	53820	156444	342	-40	0.34	0.34	0	
04/01/2012 08:27:05	TASTEGGIO	0	1	8000	53820	156444	213	-5	0.30	0.30	0	
04/01/2012 08:27:27	TASTEGGIO	0	2	8000	53820	156444	265	-4	0.27	0.27	0	
04/01/2012 08:27:50	TASTEGGIO	0	3	8000	53820	156444	337	-15	0.21	0.21	0	
04/01/2012 08:28:11	TASTEGGIO	0	4	8000	53820	156444	369	-15	0.05	0.05	0	
04/01/2012 08:28:22	TASTEGGIO	0	4	8000	53820	112061	369	-15	0.13	0.16	24500	
04/01/2012 08:28:47	TASTEGGIO	1	0	8000	53820	87625	232	1	0.12	0.12	0	
04/01/2012 08:28:58	TASTEGGIO	1	0	8000	53820	111945	232	1	0.11	0.16	24500	
04/01/2012 08:29:22	TASTEGGIO	1	0	8000	53820	87536	232	0	0.16	0.16	0	
04/01/2012 08:29:44	TASTEGGIO	0	1	8000	53820	87525	248	0	0.17	0.17	0	
04/01/2012 08:30:05	TASTEGGIO	0	2	8000	53820	87514	284	-6	0.13	0.13	0	
04/01/2012 08:30:15	TASTEGGIO	0	2	8000	53820	111952	284	-6	0.09	0.14	44500	
04/01/2012 08:30:39	TASTEGGIO	1	0	8000	53820	67528	229	0	0.16	0.16	0	
04/01/2012 08:30:59	TASTEGGIO	0	1	8000	53820	67522	247	1	0.16	0.16	0	
04/01/2012 08:31:20	TASTEGGIO	0	2	8000	53820	67511	279	4	0.15	0.15	0	
04/01/2012 08:31:40	TASTEGGIO	0	3	8000	53820	67513	321	0	0.11	0.11	0	
04/01/2012 08:32:01	TASTEGGIO	0	4	8000	53820	67516	337	-3	0.11	0.11	0	
04/01/2012 08:32:22	TASTEGGIO	0	5	8000	53820	67514	392	-16	0.06	0.06	0	
04/01/2012 08:32:33	TASTEGGIO	0	5	8000	53820	111953	392	-16	0.11	0.14	-24500	
04/01/2012 08:32:58	TASTEGGIO	1	0	8000	53820	136427	229	0	0.10	0.10	0	
04/01/2012 08:33:18	TASTEGGIO	0	1	8000	53820	136434	236	-2	0.09	0.09	0	
04/01/2012 08:33:39	TASTEGGIO	0	2	8000	53820	136435	252	-2	0.03	0.03	0	
04/01/2012 08:33:49	TASTEGGIO	0	2	8000	53820	112061	252	-2	0.10	0.10	0	
04/01/2012 08:34:12	TASTEGGIO	1	0	8000	53820	112076	224	0	0.05	0.05	0	
04/01/2012 08:34:20	TASTEGGIO	1	0	8000	53820	112052	224	0	0.05	0.10	24500	
04/01/2012 08:34:44	TASTEGGIO	1	0	8000	53820	87621	224	-1	0.07	0.07	0	
04/01/2012 08:34:54	TASTEGGIO	1	0	8000	53820	111948	224	-1	0.04	0.08	24500	
04/01/2012 08:36:44	TASTEGGIO	1	0	8000	53820	112201	224	-1	0.28	0.34	24500	
04/01/2012 08:37:09	TASTEGGIO	1	0	8000	53820	87766	255	-2	0.28	0.28	0	
04/01/2012 08:37:31	TASTEGGIO	0	1	8000	53820	87761	278	-1	0.25	0.25	0	
04/01/2012 08:37:54	TASTEGGIO	0	2	8000	53820	87746	322	-5	0.16	0.16	0	
04/01/2012 08:38:17	TASTEGGIO	0	3	8000	53820	87736	339	-8	0.10	0.10	0	
04/01/2012 08:38:27	TASTEGGIO	0	3	8000	53820	112068	339	-8	0.12	0.14	44500	
04/01/2012 08:38:52	TASTEGGIO	1	0	8000	53820	67629	229	0	0.13	0.13	0	
04/01/2012 08:39:12	TASTEGGIO	0	1	8000	53820	67627	241	-1	0.15	0.15	0	
04/01/2012 08:39:33	TASTEGGIO	0	2	8000	53820	67624	275	-3	0.11	0.11	0	
04/01/2012 08:39:55	TASTEGGIO	0	3	8000	53820	67622	288	0	0.09	0.09	0	
04/01/2012 08:40:18	TASTEGGIO	0	4	8000	53820	67616	317	-3	0.04	0.04	0	
04/01/2012 08:40:29	TASTEGGIO	0	4	8000	53820	112055	317	-3	0.08	0.08	0	
04/01/2012 08:42:17	TASTEGGIO	0	4	8000	53820	111996	317	-3	0.12	0.24	44500	
04/01/2012 08:42:42	TASTEGGIO	1	0	8000	53820	67553	242	0	0.21	0.21	0	
04/01/2012 08:43:03	TASTEGGIO	0	1	8000	53820	67549	260	0	0.23	0.23	0	
04/01/2012 08:43:25	TASTEGGIO	0	2	8000	53820	67543	310	-5	0.15	0.15	0	
04/01/2012 08:43:46	TASTEGGIO	0	3	8000	53820	67539	326	-5	0.11	0.11	0	
04/01/2012 08:43:57	TASTEGGIO	0	3	8000	53820	111861	326	-5	0.03	0.11	-44500	
04/01/2012 08:44:24	TASTEGGIO	1	0	8000	53820	156311	225	-8	0.06	0.06	0	
04/01/2012 08:44:34	TASTEGGIO	1	0	8000	53820	111960	225	-8	0.06	0.13	44500	
04/01/2012 08:44:59	TASTEGGIO	1	0	8000	53820	67533	228	0	0.15	0.15	0	
04/01/2012 08:45:18	TASTEGGIO	0	1	8000	53820	67523	245	0	0.13	0.13	0	
04/01/2012 08:45:40	TASTEGGIO	0	2	8000	53820	67516	267	0	0.12	0.12	0	
04/01/2012 08:46:02	TASTEGGIO	0	3	8000	53820	67519	300	1	0.09	0.09	0	
04/01/2012 08:46:24	TASTEGGIO	0	4	8000	53820	67518	313	-3	0.09	0.09	0	
04/01/2012 08:46:46	TASTEGGIO	0	5	8000	53820	67609	358	-14	0.14	0.14	0	
04/01/2012 08:47:08	TASTEGGIO	0	1	8000	53820	67609	336	-12	0.04	0.04	0	
04/01/2012 08:47:19	TASTEGGIO	0	1	8000	53820	111867	336	-12	0.05	0.10	-44500	
04/01/2012 08:47:45	TASTEGGIO	1	0	8000	53820	156309	224	-2	0.09	0.09	0	
04/01/2012 08:48:05	TASTEGGIO	0	1	8000	53820	156326	232	0	0.09	0.09	0	
04/01/2012 08:48:28	TASTEGGIO	0	2	8000	53820	156337	250	0	0.05	0.05	0	
04/01/2012 08:48:39	TASTEGGIO	0	2	8000	53820	111977	250	0	0.04	0.06	44500	
04/01/2012 08:50:27	TASTEGGIO	0	2	8000	53820	112099	250	0	1.04	1.19	44500	
04/01/2012 08:50:54	TASTEGGIO	1	0	8000	53820	67653	365	-6	1.13	1.13	0	
04/01/2012 08:51:16	TASTEGGIO	0	1	8000	53820	67649	400	-6	1.09	1.09	0	
04/01/2012 08:51:39	TASTEGGIO	0	2	8000	53820	67646	400	-1	1.04	1.04	0	
04/01/2012 08:52:02	ALARM 401		
04/01/2012 08:52:07	ALARM 205		err.6058
04/01/2012 08:52:26	TASTEGGIO	0	3	8000	53820	67645	400	-1	1.04	1.04	0	
04/01/2012 08:52:49	TASTEGGIO	1	0	8000	53820	67645	345	0	1.03	1.03	0	
04/01/2012 08:53:12	TASTEGGIO	0	1	8000	53820	67645	447	-7	0.94	0.94	0	
04/01/2012 08:53:35	TASTEGGIO	0	2	8000	53820	67645	450	-5	0.84	0.84	0	
04/01/2012 08:53:58	TASTEGGIO	0	3	8000	53820	67645	450	-6	0.87	0.87	0	
04/01/2012 08:54:21	TASTEGGIO	0	4	8000	53820	67645	450	-1	0.82	0.82	0	
04/01/2012 08:54:45	TASTEGGIO	0	5	8000	53820	67645	500	-18	0.63	0.63	0	
04/01/2012 08:55:08	TASTEGGIO	0	6	8000	53820	67645	500	-11	0.56	0.56	0	
04/01/2012 08:55:32	TASTEGGIO	0	7	8000	53820	67645	500	-5	0.48	0.48	0	
04/01/2012 08:55:54	TASTEGGIO	0	8	8000	53820	67645	500	-10	0.38	0.38	0	
04/01/2012 08:56:18	TASTEGGIO	0	9	8000	53820	67645	500	-7	0.34	0.34	0	
04/01/2012 08:56:21	ALARM 401		
04/01/2012 08:56:25	ALARM 205		err.6059
04/01/2012 08:56:44	TASTEGGIO	0	9	8000	53820	111946	500	-7	0.49	0.49	0	
04/01/2012 08:57:07	TASTEGGIO	1	0	8000	53820	111945	274	-5	0.40	0.40	0	
04/01/2012 08:57:30	TASTEGGIO	0	1	8000	53820	111947	306	-9	0.37	0.37	0	
04/01/2012 08:57:54	TASTEGGIO	0	2	8000	53820	111956	374	-23	0.11	0.11	0	
04/01/2012 08:58:03	TASTEGGIO	0	2	8000	53820	111962	374	-23	0.11	0.18	-24500	
04/01/2012 08:58:28	TASTEGGIO	1	0	8000	53820	136440	234	-6	0.09	0.09	0	
04/01/2012 08:58:39	TASTEGGIO	1	0	8000	53820	112052	234	-6	0.07	0.12	-24500	
04/01/2012 08:59:04	TASTEGGIO	1	0	8000	53820	136533	227	2	0.10	0.10	0	
04/01/2012 08:59:27	TASTEGGIO	0	1	8000	53820	136536	235	-1	0.11	0.11	0	
04/01/2012 08:59:49	TASTEGGIO	0	2	8000	53820	136537	259	-7	0.09	0.09	0	
04/01/2012 09:00:12	TASTEGGIO	0	3	8000	53820	136541	281	-10	0.06	0.06	0	
04/01/2012 09:00:22	TASTEGGIO	0	3	8000	53820	112072	281	-10	0.05	0.10	44500	
04/01/2012 09:00:46	TASTEGGIO	1	0	8000	53820	67623	224	1	0.08	0.08	0	
04/01/2012 09:00:57	TASTEGGIO	1	0	8000	53820	111940	224	1	0.04	0.09	44500	
04/01/2012 09:01:22	TASTEGGIO	1	0	8000	53820	67505	223	0	0.11	0.11	0	
04/01/2012 09:01:41	TASTEGGIO	0	1	8000	53820	67499	236	0	0.07	0.07	0	
04/01/2012 09:01:52	TASTEGGIO	0	1	8000	53820	111937	236	0	0.03	0.09	44500	
04/01/2012 09:02:17	TASTEGGIO	1	0	8000	53820	67506	223	4	0.08	0.08	0	
04/01/2012 09:02:28	TASTEGGIO	1	0	8000	53820	111938	223	4	0.08	0.09	44500	
04/01/2012 09:02:52	TASTEGGIO	1	0	8000	53820	67515	223	1	0.09	0.09	0	
04/01/2012 09:03:12	TASTEGGIO	0	1	8000	53820	67512	232	1	0.09	0.09	0	
04/01/2012 09:03:33	TASTEGGIO	0	2	8000	53820	67507	250	1	0.10	0.10	0	
04/01/2012 09:03:53	TASTEGGIO	0	3	8000	53820	67503	283	1	0.10	0.10	0	
04/01/2012 09:04:16	TASTEGGIO	0	4	8000	53820	67503	323	0	0.08	0.08	0	
04/01/2012 09:04:27	TASTEGGIO	0	4	8000	53820	111941	323	0	0.04	0.08	44500	
04/01/2012 09:06:15	TASTEGGIO	0	4	8000	53820	112203	323	0	0.32	0.33	24500	
04/01/2012 09:06:40	TASTEGGIO	1	0	8000	53820	87784	254	0	0.27	0.27	0	
04/01/2012 09:07:01	TASTEGGIO	0	1	8000	53820	87778	276	-7	0.25	0.25	0	
04/01/2012 09:07:24	TASTEGGIO	0	2	8000	53820	87756	322	-10	0.10	0.10	0	
04/01/2012 09:07:34	TASTEGGIO	0	2	8000	53820	112067	322	-10	0.14	0.15	-24500	
04/01/2012 09:08:00	TASTEGGIO	1	0	8000	53820	136533	231	-7	0.10	0.10	0	
04/01/2012 09:08:10	TASTEGGIO	1	0	8000	53820	112164	231	-7	0.12	0.14	44500	
04/01/2012 09:08:35	TASTEGGIO	1	0	8000	53820	67717	229	6	0.12	0.12	0	
04/01/2012 09:08:56	TASTEGGIO	0	1	8000	53820	67710	239	2	0.12	0.12	0	
04/01/2012 09:09:18	TASTEGGIO	0	2	8000	53820	67705	263	-2	0.08	0.08	0	
