13/12/2011 14:54:03	TASTEGGIO	1	0	6000	45980	143403	81	-2	0.10	0.10	0	
13/12/2011 14:54:24	TASTEGGIO	0	1	6000	45980	143418	88	-1	0.10	0.10	0	
13/12/2011 14:54:43	TASTEGGIO	0	2	6000	45980	143421	108	-2	0.08	0.08	0	
13/12/2011 14:54:54	TASTEGGIO	0	2	6000	45980	98984	108	-2	0.10	0.10	0	
13/12/2011 14:55:12	TASTEGGIO	1	0	6000	45980	98995	76	0	0.10	0.10	0	
13/12/2011 14:55:28	TASTEGGIO	0	1	6000	45980	98997	86	0	0.09	0.09	0	
13/12/2011 14:55:48	TASTEGGIO	0	2	6000	45980	98999	102	0	0.08	0.08	0	
13/12/2011 14:55:55	TASTEGGIO	0	2	6000	45980	98981	102	0	0.09	0.09	0	
13/12/2011 14:56:13	TASTEGGIO	1	0	6000	45980	98990	75	0	0.09	0.09	0	
13/12/2011 14:56:30	TASTEGGIO	0	1	6000	45980	98993	84	0	0.09	0.09	0	
13/12/2011 14:56:48	TASTEGGIO	0	2	6000	45980	98994	102	0	0.09	0.09	0	
13/12/2011 14:57:08	TASTEGGIO	0	3	6000	45980	98994	129	-3	0.06	0.06	0	
13/12/2011 14:57:16	TASTEGGIO	0	3	6000	45980	98975	129	-3	0.06	0.12	44500	
13/12/2011 14:57:37	TASTEGGIO	1	0	6000	45980	54527	80	-2	0.07	0.07	0	
13/12/2011 14:57:48	TASTEGGIO	1	0	6000	45980	98816	80	-2	0.08	0.11	-44500	
13/12/2011 14:58:11	TASTEGGIO	1	0	6000	45980	143251	78	-1	0.10	0.10	0	
13/12/2011 14:58:30	TASTEGGIO	0	1	6000	45980	143265	87	0	0.10	0.10	0	
13/12/2011 14:58:49	TASTEGGIO	0	2	6000	45980	143275	107	-1	0.10	0.10	0	
13/12/2011 14:59:09	TASTEGGIO	0	3	6000	45980	143284	137	-3	0.07	0.07	0	
13/12/2011 14:59:20	TASTEGGIO	0	3	6000	45980	98984	137	-3	0.10	0.10	0	
13/12/2011 14:59:38	TASTEGGIO	1	0	6000	45980	98993	76	0	0.12	0.12	0	
13/12/2011 14:59:56	TASTEGGIO	0	1	6000	45980	98996	90	0	0.09	0.09	0	
13/12/2011 15:00:13	TASTEGGIO	0	2	6000	45980	98996	99	0	0.09	0.09	0	
13/12/2011 15:00:34	TASTEGGIO	0	3	6000	45980	98997	126	-1	0.08	0.08	0	
13/12/2011 15:00:42	TASTEGGIO	0	3	6000	45980	98978	126	-1	0.08	0.12	44500	
13/12/2011 15:01:03	TASTEGGIO	1	0	6000	45980	54530	80	0	0.09	0.09	0	
13/12/2011 15:01:14	TASTEGGIO	1	0	6000	45980	98817	80	0	0.09	0.10	44500	
13/12/2011 15:03:05	TASTEGGIO	1	0	6000	45980	99063	80	0	0.12	0.15	-44500	
13/12/2011 15:03:28	TASTEGGIO	1	0	6000	45980	143504	85	-3	0.13	0.13	0	
13/12/2011 15:03:39	TASTEGGIO	1	0	6000	45980	99080	85	-3	0.11	0.13	-44500	
13/12/2011 15:04:01	TASTEGGIO	1	0	6000	45980	143517	81	-1	0.12	0.12	0	
13/12/2011 15:04:20	TASTEGGIO	0	1	6000	45980	143535	92	0	0.11	0.11	0	
13/12/2011 15:04:39	TASTEGGIO	0	2	6000	45980	143545	112	-1	0.11	0.11	0	
13/12/2011 15:04:59	TASTEGGIO	0	3	6000	45980	143548	145	-4	0.08	0.08	0	
13/12/2011 15:05:10	TASTEGGIO	0	3	6000	45980	99080	145	-4	0.07	0.09	-44500	
13/12/2011 15:05:32	TASTEGGIO	1	0	6000	45980	143514	75	-1	0.10	0.10	0	
13/12/2011 15:05:50	TASTEGGIO	0	1	6000	45980	143529	86	0	0.09	0.09	0	
13/12/2011 15:06:01	TASTEGGIO	0	1	6000	45980	99081	86	0	0.08	0.09	-44500	
13/12/2011 15:07:51	TASTEGGIO	0	1	6000	45980	99059	86	0	0.10	0.23	-44500	
13/12/2011 15:08:15	TASTEGGIO	1	0	6000	45980	143507	98	-5	0.18	0.18	0	
13/12/2011 15:08:34	TASTEGGIO	0	1	6000	45980	143522	112	-2	0.16	0.16	0	
13/12/2011 15:08:54	TASTEGGIO	0	2	6000	45980	143526	140	-4	0.12	0.12	0	
13/12/2011 15:09:05	TASTEGGIO	0	2	6000	45980	99080	140	-4	0.04	0.13	-44500	
13/12/2011 15:09:28	TASTEGGIO	1	0	6000	45980	143512	81	0	0.12	0.12	0	
13/12/2011 15:09:46	TASTEGGIO	0	1	6000	45980	143529	92	0	0.12	0.12	0	
13/12/2011 15:10:06	TASTEGGIO	0	2	6000	45980	143541	116	-1	0.12	0.12	0	
13/12/2011 15:10:26	TASTEGGIO	0	3	6000	45980	143547	152	-4	0.09	0.09	0	
13/12/2011 15:10:37	TASTEGGIO	0	3	6000	45980	99083	152	-4	0.04	0.09	-44500	
13/12/2011 15:12:27	TASTEGGIO	0	3	6000	45980	99057	152	-4	0.09	0.32	-44500	
13/12/2011 15:12:51	TASTEGGIO	1	0	6000	45980	143498	113	-5	0.26	0.26	0	
13/12/2011 15:13:10	TASTEGGIO	0	1	6000	45980	143514	134	-3	0.22	0.22	0	
13/12/2011 15:13:31	TASTEGGIO	0	2	6000	45980	143522	171	-8	0.09	0.09	0	
13/12/2011 15:13:42	TASTEGGIO	0	2	6000	45980	99079	171	-8	0.05	0.13	-44500	
13/12/2011 15:14:05	TASTEGGIO	1	0	6000	45980	143512	81	0	0.11	0.11	0	
13/12/2011 15:14:23	TASTEGGIO	0	1	6000	45980	143527	90	0	0.11	0.11	0	
13/12/2011 15:14:43	TASTEGGIO	0	2	6000	45980	143536	112	0	0.11	0.11	0	
13/12/2011 15:15:02	TASTEGGIO	0	3	6000	45980	143542	145	0	0.11	0.11	0	
13/12/2011 15:15:22	TASTEGGIO	0	4	6000	45980	143545	189	-15	0.04	0.04	0	
13/12/2011 15:15:32	TASTEGGIO	0	4	6000	45980	99080	189	-15	0.15	0.15	0	
13/12/2011 15:15:51	TASTEGGIO	1	0	6000	45980	99090	85	-1	0.13	0.13	0	
13/12/2011 15:15:59	TASTEGGIO	1	0	6000	45980	99077	85	-1	0.13	0.13	0	
13/12/2011 15:16:17	TASTEGGIO	1	0	6000	45980	99087	81	0	0.13	0.13	0	
13/12/2011 15:16:36	TASTEGGIO	0	1	6000	45980	99089	94	0	0.12	0.12	0	
13/12/2011 15:16:54	TASTEGGIO	0	2	6000	45980	99090	116	-1	0.10	0.10	0	
13/12/2011 15:17:15	TASTEGGIO	0	3	6000	45980	99090	140	-7	0.08	0.08	0	
13/12/2011 15:17:23	TASTEGGIO	0	3	6000	45980	99071	140	-7	0.08	0.16	44500	
13/12/2011 15:17:45	TASTEGGIO	1	0	6000	45980	54629	86	-2	0.11	0.11	0	
13/12/2011 15:17:56	TASTEGGIO	1	0	6000	45980	98916	86	-2	0.05	0.12	44500	
13/12/2011 15:19:46	TASTEGGIO	1	0	6000	45980	99059	86	-2	0.13	0.17	44500	
13/12/2011 15:20:07	TASTEGGIO	1	0	6000	45980	54626	88	-3	0.12	0.12	0	
13/12/2011 15:20:18	TASTEGGIO	1	0	6000	45980	98918	88	-3	0.12	0.16	-44500	
13/12/2011 15:20:40	TASTEGGIO	1	0	6000	45980	143375	86	-5	0.12	0.12	0	
13/12/2011 15:20:51	TASTEGGIO	1	0	6000	45980	99079	86	-5	0.10	0.14	44500	
13/12/2011 15:21:12	TASTEGGIO	1	0	6000	45980	54644	83	-1	0.12	0.12	0	
13/12/2011 15:21:30	TASTEGGIO	0	1	6000	45980	54633	93	0	0.12	0.12	0	
13/12/2011 15:21:48	TASTEGGIO	0	2	6000	45980	54625	117	0	0.11	0.11	0	
13/12/2011 15:22:07	TASTEGGIO	0	3	6000	45980	54621	147	0	0.11	0.11	0	
13/12/2011 15:22:27	TASTEGGIO	0	4	6000	45980	54619	191	-5	0.06	0.06	0	
13/12/2011 15:22:38	TASTEGGIO	0	4	6000	45980	98911	191	-5	0.08	0.13	-44500	
13/12/2011 15:23:00	TASTEGGIO	1	0	6000	45980	143362	81	2	0.12	0.12	0	
13/12/2011 15:23:18	TASTEGGIO	0	1	6000	45980	143373	92	-1	0.12	0.12	0	
13/12/2011 15:23:37	TASTEGGIO	0	2	6000	45980	143378	116	0	0.10	0.10	0	
13/12/2011 15:23:56	TASTEGGIO	0	3	6000	45980	143379	140	-3	0.07	0.07	0	
13/12/2011 15:24:07	TASTEGGIO	0	3	6000	45980	99076	140	-3	0.04	0.08	44500	
13/12/2011 15:25:57	TASTEGGIO	0	3	6000	45980	99056	140	-3	0.07	0.13	44500	
13/12/2011 15:26:18	TASTEGGIO	1	0	6000	45980	54623	81	-2	0.10	0.10	0	
13/12/2011 15:26:35	TASTEGGIO	0	1	6000	45980	54612	88	1	0.09	0.09	0	
13/12/2011 15:26:45	TASTEGGIO	0	1	6000	45980	98912	88	1	0.06	0.11	44500	
13/12/2011 15:27:07	TASTEGGIO	1	0	6000	45980	54483	78	0	0.09	0.09	0	
13/12/2011 15:27:17	TASTEGGIO	1	0	6000	45980	98917	78	0	0.06	0.10	44500	
13/12/2011 15:27:39	TASTEGGIO	1	0	6000	45980	54484	76	0	0.10	0.10	0	
13/12/2011 15:27:57	TASTEGGIO	0	1	6000	45980	54472	86	0	0.09	0.09	0	
13/12/2011 15:28:07	TASTEGGIO	0	1	6000	45980	98917	86	0	0.05	0.10	44500	
13/12/2011 15:29:57	TASTEGGIO	0	1	6000	45980	99057	86	0	0.09	0.09	0	
13/12/2011 15:31:48	TASTEGGIO	0	1	6000	45980	98968	86	0	0.06	0.12	-44500	
13/12/2011 15:32:10	TASTEGGIO	1	0	6000	45980	143419	80	-2	0.09	0.09	0	
13/12/2011 15:32:21	TASTEGGIO	1	0	6000	45980	98974	80	-2	0.06	0.12	24500	
13/12/2011 15:32:40	TASTEGGIO	1	0	6000	45980	74531	80	0	0.11	0.11	0	
13/12/2011 15:32:56	TASTEGGIO	0	1	6000	45980	74520	90	0	0.11	0.11	0	
13/12/2011 15:33:15	TASTEGGIO	0	2	6000	45980	74512	112	0	0.09	0.09	0	
13/12/2011 15:33:25	TASTEGGIO	0	2	6000	45980	98809	112	0	0.04	0.09	24500	
13/12/2011 15:35:15	TASTEGGIO	0	2	6000	45980	99054	112	0	0.10	0.12	44500	
13/12/2011 15:35:37	TASTEGGIO	1	0	6000	45980	54628	80	-3	0.07	0.07	0	
13/12/2011 15:35:47	TASTEGGIO	1	0	6000	45980	98915	80	-3	0.10	0.12	-24500	
13/12/2011 15:36:09	TASTEGGIO	1	0	6000	45980	123381	80	-2	0.16	0.16	0	
13/12/2011 15:36:28	TASTEGGIO	0	1	6000	45980	123390	101	-3	0.13	0.13	0	
13/12/2011 15:36:48	TASTEGGIO	0	2	6000	45980	123397	122	-3	0.11	0.11	0	
13/12/2011 15:37:07	TASTEGGIO	0	3	6000	45980	123398	149	-8	0.04	0.04	0	
13/12/2011 15:37:17	TASTEGGIO	0	3	6000	45980	99074	149	-8	0.07	0.13	24500	
13/12/2011 15:37:36	TASTEGGIO	1	0	6000	45980	74641	81	0	0.13	0.13	0	
13/12/2011 15:37:53	TASTEGGIO	0	1	6000	45980	74629	94	1	0.13	0.13	0	
13/12/2011 15:38:10	TASTEGGIO	0	2	6000	45980	74621	120	0	0.12	0.12	0	
13/12/2011 15:38:31	TASTEGGIO	0	3	6000	45980	74618	153	-3	0.07	0.07	0	
13/12/2011 15:38:41	TASTEGGIO	0	3	6000	45980	98919	153	-3	0.02	0.08	44500	
13/12/2011 15:40:31	TASTEGGIO	0	3	6000	45980	98958	153	-3	0.07	0.15	-44500	
13/12/2011 15:40:54	TASTEGGIO	1	0	6000	45980	143402	85	-2	0.15	0.15	0	
13/12/2011 15:41:13	TASTEGGIO	0	1	6000	45980	143415	100	0	0.14	0.14	0	
13/12/2011 15:41:24	TASTEGGIO	0	1	6000	45980	98972	100	0	0.05	0.14	-44500	
13/12/2011 15:41:47	TASTEGGIO	1	0	6000	45980	143410	83	0	0.14	0.14	0	
13/12/2011 15:42:07	TASTEGGIO	0	1	6000	45980	143423	97	-1	0.12	0.12	0	
13/12/2011 15:42:25	TASTEGGIO	0	2	6000	45980	143430	117	0	0.13	0.13	0	
13/12/2011 15:42:47	TASTEGGIO	0	3	6000	45980	143432	159	-3	0.11	0.11	0	
13/12/2011 15:43:07	TASTEGGIO	0	4	6000	45980	143433	196	-8	0.05	0.05	0	
13/12/2011 15:43:18	TASTEGGIO	0	4	6000	45980	98974	196	-8	0.04	0.07	44500	
13/12/2011 15:45:08	TASTEGGIO	0	4	6000	45980	98957	196	-8	0.06	0.06	-44500	
13/12/2011 15:46:58	TASTEGGIO	0	4	6000	45980	99055	196	-8	0.67	0.67	0	
13/12/2011 15:47:20	TASTEGGIO	1	0	6000	45980	99079	172	-4	0.60	0.60	0	
13/12/2011 15:47:42	TASTEGGIO	0	1	6000	45980	99078	225	-21	0.39	0.39	0	
13/12/2011 15:48:03	TASTEGGIO	0	2	6000	45980	99078	260	-54	0.17	0.17	0	
13/12/2011 15:48:25	TASTEGGIO	0	1	6000	45980	99078	252	-130	1.12	1.12	0	
13/12/2011 15:48:39	TASTEGGIO	0	1	6000	45980	99078	0	-9	1.01	1.01	0	
13/12/2011 15:48:57	TASTEGGIO	0	2	6000	45980	99078	182	-11	0.88	0.88	0	
13/12/2011 15:49:22	TASTEGGIO	0	3	6000	45980	99078	400	-230	1.45	1.45	0	
13/12/2011 15:49:36	TASTEGGIO	0	1	6000	45980	99078	161	-29	1.15	1.15	0	
13/12/2011 15:49:59	TASTEGGIO	0	2	6000	45980	99078	289	-92	0.23	0.23	0	
13/12/2011 15:50:15	TASTEGGIO	0	0	6000	45980	99078	98	0	0.23	0.23	0	
13/12/2011 15:50:33	TASTEGGIO	0	1	6000	45980	99077	121	-1	0.22	0.22	0	
13/12/2011 15:50:54	TASTEGGIO	0	2	6000	45980	99078	163	-1	0.20	0.20	0	
13/12/2011 15:51:15	TASTEGGIO	0	3	6000	45980	99078	217	-33	0.14	0.14	0	
13/12/2011 15:51:23	TASTEGGIO	0	3	6000	45980	99051	217	-33	0.14	0.36	-44500	
13/12/2011 15:51:46	TASTEGGIO	1	0	6000	45980	143491	120	-4	0.31	0.31	0	
13/12/2011 15:52:05	TASTEGGIO	0	1	6000	45980	143507	146	-4	0.27	0.27	0	
13/12/2011 15:52:26	TASTEGGIO	0	2	6000	45980	143518	193	-17	0.12	0.12	0	
13/12/2011 15:52:36	TASTEGGIO	0	2	6000	45980	99077	193	-17	0.17	0.22	24500	
13/12/2011 15:52:56	TASTEGGIO	1	0	6000	45980	74640	96	-3	0.18	0.18	0	
13/12/2011 15:53:14	TASTEGGIO	0	1	6000	45980	74628	110	0	0.17	0.17	0	
13/12/2011 15:53:32	TASTEGGIO	0	2	6000	45980	74619	142	-1	0.14	0.14	0	
13/12/2011 15:53:42	TASTEGGIO	0	2	6000	45980	98913	142	-1	0.09	0.16	-44500	
13/12/2011 15:54:05	TASTEGGIO	1	0	6000	45980	143356	86	-1	0.15	0.15	0	
13/12/2011 15:54:25	TASTEGGIO	0	1	6000	45980	143367	100	0	0.14	0.14	0	
13/12/2011 15:54:35	TASTEGGIO	0	1	6000	45980	99076	100	0	0.10	0.15	-44500	
13/12/2011 15:54:58	TASTEGGIO	1	0	6000	45980	143509	85	0	0.13	0.13	0	
13/12/2011 15:55:08	TASTEGGIO	1	0	6000	45980	99078	85	0	0.10	0.14	24500	
13/12/2011 15:55:28	TASTEGGIO	1	0	6000	45980	74638	83	0	0.13	0.13	0	
13/12/2011 15:55:45	TASTEGGIO	0	1	6000	45980	74628	95	0	0.13	0.13	0	
13/12/2011 15:56:03	TASTEGGIO	0	2	6000	45980	74618	121	1	0.13	0.13	0	
13/12/2011 15:56:22	TASTEGGIO	0	3	6000	45980	74614	160	-4	0.08	0.08	0	
13/12/2011 15:56:32	TASTEGGIO	0	3	6000	45980	98921	160	-4	0.08	0.15	-44500	
13/12/2011 15:56:55	TASTEGGIO	1	0	6000	45980	143365	85	-1	0.14	0.14	0	
13/12/2011 15:57:05	TASTEGGIO	1	0	6000	45980	99077	85	-1	0.07	0.16	-44500	
13/12/2011 15:57:28	TASTEGGIO	1	0	6000	45980	143512	86	-1	0.15	0.15	0	
13/12/2011 15:57:47	TASTEGGIO	0	1	6000	45980	143526	100	0	0.15	0.15	0	
13/12/2011 15:58:06	TASTEGGIO	0	2	6000	45980	143536	130	0	0.14	0.14	0	
13/12/2011 15:58:17	TASTEGGIO	0	2	6000	45980	99078	130	0	0.08	0.14	-44500	
13/12/2011 16:00:06	TASTEGGIO	0	2	6000	45980	98959	130	0	0.03	0.07	44500	
13/12/2011 16:01:56	TASTEGGIO	0	2	6000	45980	99058	130	0	0.28	0.31	-44500	
13/12/2011 16:02:20	TASTEGGIO	1	0	6000	45980	143511	112	-4	0.29	0.29	0	
13/12/2011 16:02:39	TASTEGGIO	0	1	6000	45980	143526	139	-3	0.26	0.26	0	
13/12/2011 16:02:59	TASTEGGIO	0	2	6000	45980	143530	185	-13	0.13	0.13	0	
13/12/2011 16:03:10	TASTEGGIO	0	2	6000	45980	99080	185	-13	0.16	0.26	44500	
13/12/2011 16:03:31	TASTEGGIO	1	0	6000	45980	54646	103	-3	0.20	0.20	0	
13/12/2011 16:03:50	TASTEGGIO	0	1	6000	45980	54634	118	0	0.20	0.20	0	
13/12/2011 16:04:09	TASTEGGIO	0	2	6000	45980	54626	158	0	0.19	0.19	0	
13/12/2011 16:04:30	TASTEGGIO	0	3	6000	45980	54626	212	-8	0.13	0.13	0	
13/12/2011 16:04:41	TASTEGGIO	0	3	6000	45980	98916	212	-8	0.08	0.14	44500	
13/12/2011 16:05:02	TASTEGGIO	1	0	6000	45980	54485	83	0	0.12	0.12	0	
13/12/2011 16:05:20	TASTEGGIO	0	1	6000	45980	54474	93	0	0.12	0.12	0	
13/12/2011 16:05:37	TASTEGGIO	0	2	6000	45980	54467	117	0	0.11	0.11	0	
13/12/2011 16:05:56	TASTEGGIO	0	3	6000	45980	54461	147	0	0.12	0.12	0	
13/12/2011 16:06:17	TASTEGGIO	0	4	6000	45980	54461	199	0	0.11	0.11	0	
13/12/2011 16:06:38	TASTEGGIO	0	5	6000	45980	54463	249	-23	0.12	0.12	0	
13/12/2011 16:06:59	TASTEGGIO	0	1	6000	45980	54475	235	-35	0.23	0.23	0	
13/12/2011 16:07:18	TASTEGGIO	0	1	6000	45980	54475	190	-9	0.14	0.14	0	
13/12/2011 16:07:37	TASTEGGIO	0	2	6000	45980	54475	202	-3	0.10	0.10	0	
13/12/2011 16:07:57	TASTEGGIO	0	3	6000	45980	54475	214	-3	0.07	0.07	0	
13/12/2011 16:08:08	TASTEGGIO	0	3	6000	45980	98916	214	-3	0.04	0.09	44500	
13/12/2011 16:09:58	TASTEGGIO	0	3	6000	45980	99058	214	-3	0.09	0.14	-44500	
13/12/2011 16:10:20	TASTEGGIO	1	0	6000	45980	143508	83	-3	0.11	0.11	0	
13/12/2011 16:10:39	TASTEGGIO	0	1	6000	45980	143521	91	-2	0.10	0.10	0	
13/12/2011 16:10:58	TASTEGGIO	0	2	6000	45980	143527	109	-1	0.08	0.08	0	
13/12/2011 16:11:09	TASTEGGIO	0	2	6000	45980	99078	109	-1	0.06	0.09	-44500	
13/12/2011 16:12:59	TASTEGGIO	0	2	6000	45980	98963	109	-1	0.36	0.73	-44500	
13/12/2011 16:13:23	TASTEGGIO	1	0	6000	45980	143419	182	-5	0.66	0.66	0	
13/12/2011 16:13:43	TASTEGGIO	0	1	6000	45980	143427	241	-17	0.51	0.51	0	
13/12/2011 16:14:05	TASTEGGIO	0	2	6000	45980	143430	296	-48	0.05	0.05	0	
13/12/2011 16:14:16	TASTEGGIO	0	2	6000	45980	98981	296	-48	0.13	0.17	24500	
13/12/2011 16:14:36	TASTEGGIO	1	0	6000	45980	74534	88	0	0.13	0.13	0	
13/12/2011 16:14:46	TASTEGGIO	1	0	6000	45980	98815	88	0	0.11	0.13	24500	
13/12/2011 16:15:05	TASTEGGIO	1	0	6000	45980	74374	81	0	0.14	0.14	0	
13/12/2011 16:15:21	TASTEGGIO	0	1	6000	45980	74362	96	0	0.13	0.13	0	
13/12/2011 16:15:38	TASTEGGIO	0	2	6000	45980	74354	120	0	0.12	0.12	0	
13/12/2011 16:15:58	TASTEGGIO	0	3	6000	45980	74351	153	-3	0.09	0.09	0	
13/12/2011 16:16:08	TASTEGGIO	0	3	6000	45980	98818	153	-3	0.07	0.10	-44500	
13/12/2011 16:16:31	TASTEGGIO	1	0	6000	45980	143260	76	-1	0.09	0.09	0	
13/12/2011 16:16:42	TASTEGGIO	1	0	6000	45980	98978	76	-1	0.07	0.09	-44500	
13/12/2011 16:18:32	TASTEGGIO	1	0	6000	45980	99058	76	-1	0.18	0.22	-44500	
13/12/2011 16:18:56	TASTEGGIO	1	0	6000	45980	143508	96	-6	0.26	0.26	0	
13/12/2011 16:19:15	TASTEGGIO	0	1	6000	45980	143522	126	-6	0.21	0.21	0	
13/12/2011 16:19:35	TASTEGGIO	0	2	6000	45980	143528	159	-7	0.15	0.15	0	
13/12/2011 16:19:56	TASTEGGIO	0	3	6000	45980	143530	177	-8	0.08	0.08	0	
13/12/2011 16:20:07	TASTEGGIO	0	3	6000	45980	99075	177	-8	0.19	0.20	24500	
13/12/2011 16:20:27	TASTEGGIO	1	0	6000	45980	74638	93	-1	0.18	0.18	0	
13/12/2011 16:20:44	TASTEGGIO	0	1	6000	45980	74627	109	-1	0.18	0.18	0	
13/12/2011 16:21:01	TASTEGGIO	0	2	6000	45980	74621	145	-2	0.16	0.16	0	
13/12/2011 16:21:20	TASTEGGIO	0	3	6000	45980	74621	187	-9	0.07	0.07	0	
13/12/2011 16:21:30	TASTEGGIO	0	3	6000	45980	98914	187	-9	0.08	0.11	-44500	
13/12/2011 16:21:53	TASTEGGIO	1	0	6000	45980	143356	78	-5	0.16	0.16	0	
13/12/2011 16:22:12	TASTEGGIO	0	1	6000	45980	143372	101	-2	0.14	0.14	0	
13/12/2011 16:22:31	TASTEGGIO	0	2	6000	45980	143381	125	-1	0.12	0.12	0	
13/12/2011 16:22:51	TASTEGGIO	0	3	6000	45980	143383	155	-3	0.09	0.09	0	
13/12/2011 16:23:02	TASTEGGIO	0	3	6000	45980	99077	155	-3	0.12	0.12	0	
13/12/2011 16:23:20	TASTEGGIO	1	0	6000	45980	99086	80	-1	0.11	0.11	0	
13/12/2011 16:23:37	TASTEGGIO	0	1	6000	45980	99087	90	0	0.11	0.11	0	
13/12/2011 16:23:55	TASTEGGIO	0	2	6000	45980	99088	112	-1	0.09	0.09	0	
13/12/2011 16:24:03	TASTEGGIO	0	2	6000	45980	99074	112	-1	0.09	0.11	-44500	
13/12/2011 16:24:26	TASTEGGIO	1	0	6000	45980	143506	78	0	0.10	0.10	0	
13/12/2011 16:24:44	TASTEGGIO	0	1	6000	45980	143524	87	0	0.10	0.10	0	
13/12/2011 16:25:04	TASTEGGIO	0	2	6000	45980	143536	107	0	0.10	0.10	0	
13/12/2011 16:25:24	TASTEGGIO	0	3	6000	45980	143543	137	-1	0.09	0.09	0	
13/12/2011 16:25:34	TASTEGGIO	0	3	6000	45980	99081	137	-1	0.10	0.10	-44500	
13/12/2011 16:25:57	TASTEGGIO	1	0	6000	45980	143518	76	1	0.10	0.10	0	
13/12/2011 16:26:15	TASTEGGIO	0	1	6000	45980	143535	86	0	0.10	0.10	0	
13/12/2011 16:26:34	TASTEGGIO	0	2	6000	45980	143543	106	0	0.09	0.09	0	
13/12/2011 16:26:44	TASTEGGIO	0	2	6000	45980	99080	106	0	0.09	0.09	-44500	
13/12/2011 16:28:35	TASTEGGIO	0	2	6000	45980	99059	106	0	1.07	1.79	-44500	
13/12/2011 16:29:01	TASTEGGIO	1	0	6000	45980	143509	360	-37	1.43	1.43	0	
13/12/2011 16:29:24	TASTEGGIO	0	1	6000	45980	143524	400	-55	0.90	0.90	0	
13/12/2011 16:29:47	TASTEGGIO	0	2	6000	45980	143528	400	-59	0.31	0.31	0	
13/12/2011 16:30:06	TASTEGGIO	0	0	6000	45980	143528	112	0	0.31	0.31	0	
13/12/2011 16:30:26	TASTEGGIO	0	1	6000	45980	143529	143	0	0.32	0.32	0	
13/12/2011 16:30:48	TASTEGGIO	0	2	6000	45980	143529	209	0	0.32	0.32	0	
13/12/2011 16:31:10	TASTEGGIO	0	3	6000	45980	143529	305	-3	0.29	0.29	0	
13/12/2011 16:31:33	TASTEGGIO	0	4	6000	45980	143529	400	-73	0.48	0.48	0	
13/12/2011 16:31:55	TASTEGGIO	0	1	6000	45980	143529	320	-157	1.14	1.14	0	
13/12/2011 16:32:11	TASTEGGIO	0	1	6000	45980	143529	49	-14	1.00	1.00	0	
13/12/2011 16:32:30	TASTEGGIO	0	2	6000	45980	143529	224	-27	0.72	0.72	0	
13/12/2011 16:32:52	TASTEGGIO	0	3	6000	45980	143529	313	-51	0.24	0.24	0	
13/12/2011 16:33:10	TASTEGGIO	0	0	6000	45980	143529	100	0	0.24	0.24	0	
13/12/2011 16:33:29	TASTEGGIO	0	1	6000	45980	143529	124	0	0.24	0.24	0	
13/12/2011 16:33:50	TASTEGGIO	0	2	6000	45980	143529	172	0	0.24	0.24	0	
13/12/2011 16:34:12	TASTEGGIO	0	3	6000	45980	143529	244	-5	0.19	0.19	0	
13/12/2011 16:34:35	TASTEGGIO	0	4	6000	45980	143529	274	-8	0.11	0.11	0	
13/12/2011 16:34:46	TASTEGGIO	0	4	6000	45980	99081	274	-8	0.11	0.26	44500	
13/12/2011 16:35:07	TASTEGGIO	1	0	6000	45980	54650	103	-1	0.23	0.23	0	
13/12/2011 16:35:26	TASTEGGIO	0	1	6000	45980	54634	123	0	0.23	0.23	0	
13/12/2011 16:35:44	TASTEGGIO	0	2	6000	45980	54625	169	0	0.22	0.22	0	
13/12/2011 16:36:04	TASTEGGIO	0	3	6000	45980	54621	232	-5	0.18	0.18	0	
13/12/2011 16:36:26	TASTEGGIO	0	4	6000	45980	54622	290	-17	0.08	0.08	0	
13/12/2011 16:36:37	TASTEGGIO	0	4	6000	45980	98920	290	-17	0.25	0.25	0	
13/12/2011 16:36:57	TASTEGGIO	1	0	6000	45980	98916	102	-3	0.21	0.21	0	
13/12/2011 16:37:16	TASTEGGIO	0	1	6000	45980	98916	119	-1	0.20	0.20	0	
13/12/2011 16:37:36	TASTEGGIO	0	2	6000	45980	98916	157	-2	0.18	0.18	0	
13/12/2011 16:37:59	TASTEGGIO	0	3	6000	45980	98916	205	-8	0.09	0.09	0	
13/12/2011 16:38:07	TASTEGGIO	0	3	6000	45980	98927	205	-8	0.10	0.13	-44500	
13/12/2011 16:39:57	TASTEGGIO	0	3	6000	45980	98959	205	-8	0.20	0.24	24500	
13/12/2011 16:40:18	TASTEGGIO	1	0	6000	45980	74526	100	0	0.24	0.24	0	
13/12/2011 16:40:36	TASTEGGIO	0	1	6000	45980	74511	124	0	0.24	0.24	0	
13/12/2011 16:40:56	TASTEGGIO	0	2	6000	45980	74502	172	-2	0.23	0.23	0	
13/12/2011 16:41:19	TASTEGGIO	0	3	6000	45980	74492	238	-14	0.10	0.10	0	
13/12/2011 16:41:29	TASTEGGIO	0	3	6000	45980	98818	238	-14	0.11	0.12	44500	
13/12/2011 16:41:50	TASTEGGIO	1	0	6000	45980	54387	80	0	0.12	0.12	0	
13/12/2011 16:42:07	TASTEGGIO	0	1	6000	45980	54376	92	0	0.12	0.12	0	
13/12/2011 16:42:25	TASTEGGIO	0	2	6000	45980	54367	116	0	0.09	0.09	0	
13/12/2011 16:42:35	TASTEGGIO	0	2	6000	45980	98809	116	0	0.08	0.10	44500	
13/12/2011 16:42:56	TASTEGGIO	1	0	6000	45980	54381	76	0	0.10	0.10	0	
13/12/2011 16:43:12	TASTEGGIO	0	1	6000	45980	54370	86	0	0.09	0.09	0	
13/12/2011 16:43:22	TASTEGGIO	0	1	6000	45980	98810	86	0	0.07	0.09	44500	
13/12/2011 16:45:12	TASTEGGIO	0	1	6000	45980	98962	86	0	0.17	0.17	0	
13/12/2011 16:45:31	TASTEGGIO	1	0	6000	45980	98978	88	0	0.15	0.15	0	
13/12/2011 16:45:48	TASTEGGIO	0	1	6000	45980	98983	101	0	0.14	0.14	0	
13/12/2011 16:45:56	TASTEGGIO	0	1	6000	45980	98967	101	0	0.15	0.15	24500	
13/12/2011 16:46:16	TASTEGGIO	1	0	6000	45980	74531	85	0	0.14	0.14	0	
13/12/2011 16:46:25	TASTEGGIO	1	0	6000	45980	98815	85	0	0.15	0.17	24500	
13/12/2011 16:46:45	TASTEGGIO	1	0	6000	45980	74384	88	0	0.16	0.16	0	
13/12/2011 16:47:01	TASTEGGIO	0	1	6000	45980	74371	103	0	0.16	0.16	0	
13/12/2011 16:47:20	TASTEGGIO	0	2	6000	45980	74362	135	1	0.16	0.16	0	
13/12/2011 16:47:40	TASTEGGIO	0	3	6000	45980	74361	183	-2	0.13	0.13	0	
13/12/2011 16:47:50	TASTEGGIO	0	3	6000	45980	98820	183	-2	0.14	0.14	0	
13/12/2011 16:48:08	TASTEGGIO	1	0	6000	45980	98816	83	0	0.15	0.15	0	
13/12/2011 16:48:26	TASTEGGIO	0	1	6000	45980	98816	99	0	0.14	0.14	0	
13/12/2011 16:48:46	TASTEGGIO	0	2	6000	45980	98816	125	0	0.14	0.14	0	
13/12/2011 16:49:07	TASTEGGIO	0	3	6000	45980	98816	167	-3	0.12	0.12	0	
13/12/2011 16:49:28	TASTEGGIO	0	4	6000	45980	98816	208	-8	0.01	0.01	0	
13/12/2011 16:49:36	TASTEGGIO	0	4	6000	45980	98827	208	-8	0.01	0.06	44500	
13/12/2011 16:51:27	TASTEGGIO	0	4	6000	45980	99271	208	-8	0.40	0.51	-44500	
13/12/2011 16:51:51	TASTEGGIO	1	0	6000	45980	143713	145	-6	0.44	0.44	0	
13/12/2011 16:52:11	TASTEGGIO	0	1	6000	45980	143727	182	-7	0.37	0.37	0	
13/12/2011 16:52:33	TASTEGGIO	0	2	6000	45980	143737	244	-37	0.10	0.10	0	
13/12/2011 16:52:44	TASTEGGIO	0	2	6000	45980	99270	244	-37	0.13	0.27	44500	
13/12/2011 16:53:06	TASTEGGIO	1	0	6000	45980	54836	105	-3	0.21	0.21	0	
13/12/2011 16:53:23	TASTEGGIO	0	1	6000	45980	54822	121	-1	0.21	0.21	0	
13/12/2011 16:53:42	TASTEGGIO	0	2	6000	45980	54815	163	-1	0.20	0.20	0	
13/12/2011 16:54:01	TASTEGGIO	0	3	6000	45980	54814	220	-11	0.09	0.09	0	
13/12/2011 16:54:11	TASTEGGIO	0	3	6000	45980	99126	220	-11	0.14	0.14	0	
13/12/2011 16:54:30	TASTEGGIO	1	0	6000	45980	99123	83	-1	0.12	0.12	0	
13/12/2011 16:54:48	TASTEGGIO	0	1	6000	45980	99123	93	-1	0.10	0.10	0	
13/12/2011 16:55:08	TASTEGGIO	0	2	6000	45980	99123	109	-1	0.09	0.09	0	
13/12/2011 16:55:15	TASTEGGIO	0	2	6000	45980	99134	109	-1	0.11	0.12	44500	
13/12/2011 16:55:38	TASTEGGIO	1	0	6000	45980	54702	80	0	0.10	0.10	0	
13/12/2011 16:55:55	TASTEGGIO	0	1	6000	45980	54688	88	-2	0.09	0.09	0	
13/12/2011 16:56:05	TASTEGGIO	0	1	6000	45980	99119	88	-2	0.10	0.12	44500	
13/12/2011 16:56:27	TASTEGGIO	1	0	6000	45980	54695	80	0	0.11	0.11	0	
13/12/2011 16:56:44	TASTEGGIO	0	1	6000	45980	54682	90	0	0.10	0.10	0	
13/12/2011 16:57:02	TASTEGGIO	0	2	6000	45980	54672	108	0	0.10	0.10	0	
13/12/2011 16:57:20	TASTEGGIO	0	3	6000	45980	54664	138	0	0.09	0.09	0	
13/12/2011 16:57:30	TASTEGGIO	0	3	6000	45980	99120	138	0	0.10	0.11	44500	
13/12/2011 16:57:52	TASTEGGIO	1	0	6000	45980	54699	78	0	0.09	0.09	0	
13/12/2011 16:58:02	TASTEGGIO	1	0	6000	45980	99119	78	0	0.10	0.10	44500	
13/12/2011 16:58:24	TASTEGGIO	1	0	6000	45980	54696	76	0	0.09	0.09	0	
13/12/2011 16:58:34	TASTEGGIO	1	0	6000	45980	99115	76	0	0.09	0.11	44500	
13/12/2011 16:58:56	TASTEGGIO	1	0	6000	45980	54691	78	0	0.09	0.09	0	
13/12/2011 16:59:06	TASTEGGIO	1	0	6000	45980	99110	78	0	0.10	0.11	44500	
13/12/2011 16:59:28	TASTEGGIO	1	0	6000	45980	54682	78	-1	0.10	0.10	0	
13/12/2011 16:59:46	TASTEGGIO	0	1	6000	45980	54669	87	0	0.10	0.10	0	
13/12/2011 17:00:03	TASTEGGIO	0	2	6000	45980	54660	107	0	0.09	0.09	0	
13/12/2011 17:00:13	TASTEGGIO	0	2	6000	45980	99113	107	0	0.09	0.10	44500	
13/12/2011 17:00:35	TASTEGGIO	1	0	6000	45980	54693	76	0	0.09	0.09	0	
13/12/2011 17:00:45	TASTEGGIO	1	0	6000	45980	99117	76	0	0.09	0.11	44500	
13/12/2011 17:01:07	TASTEGGIO	1	0	6000	45980	54690	78	0	0.09	0.09	0	
13/12/2011 17:01:17	TASTEGGIO	1	0	6000	45980	99119	78	0	0.09	0.11	44500	
13/12/2011 17:01:39	TASTEGGIO	1	0	6000	45980	54691	78	0	0.09	0.09	0	
13/12/2011 17:01:49	TASTEGGIO	1	0	6000	45980	99117	78	0	0.09	0.13	-24500	
13/12/2011 17:02:11	TASTEGGIO	1	0	6000	45980	123587	81	-4	0.12	0.12	0	
13/12/2011 17:02:30	TASTEGGIO	0	1	6000	45980	123592	92	-2	0.11	0.11	0	
13/12/2011 17:02:49	TASTEGGIO	0	2	6000	45980	123598	112	-2	0.07	0.07	0	
13/12/2011 17:02:59	TASTEGGIO	0	2	6000	45980	99264	112	-2	0.03	0.15	44500	
13/12/2011 17:03:21	TASTEGGIO	1	0	6000	45980	54825	85	0	0.12	0.12	0	
13/12/2011 17:03:31	TASTEGGIO	1	0	6000	45980	99119	85	0	0.03	0.14	44500	
13/12/2011 17:03:53	TASTEGGIO	1	0	6000	45980	54689	83	0	0.12	0.12	0	
13/12/2011 17:04:10	TASTEGGIO	0	1	6000	45980	54678	93	0	0.12	0.12	0	
13/12/2011 17:04:28	TASTEGGIO	0	2	6000	45980	54667	117	0	0.12	0.12	0	
13/12/2011 17:04:45	TASTEGGIO	0	3	6000	45980	54663	153	0	0.12	0.12	0	
13/12/2011 17:05:05	TASTEGGIO	0	4	6000	45980	54657	201	-1	0.11	0.11	0	
13/12/2011 17:05:25	TASTEGGIO	0	5	6000	45980	54657	251	-19	0.08	0.08	0	
13/12/2011 17:05:36	TASTEGGIO	0	5	6000	45980	99121	251	-19	0.14	0.14	0	
13/12/2011 17:05:55	TASTEGGIO	1	0	6000	45980	99118	83	-1	0.13	0.13	0	
13/12/2011 17:06:12	TASTEGGIO	0	1	6000	45980	99118	95	0	0.12	0.12	0	
13/12/2011 17:06:32	TASTEGGIO	0	2	6000	45980	99118	117	0	0.11	0.11	0	
13/12/2011 17:06:51	TASTEGGIO	0	3	6000	45980	99119	147	-6	0.05	0.05	0	
13/12/2011 17:06:59	TASTEGGIO	0	3	6000	45980	99131	147	-6	0.04	0.07	24500	
13/12/2011 17:08:50	TASTEGGIO	0	3	6000	45980	98865	147	-6	0.16	0.20	-44500	
13/12/2011 17:09:13	TASTEGGIO	1	0	6000	45980	143304	93	-2	0.20	0.20	0	
13/12/2011 17:09:32	TASTEGGIO	0	1	6000	45980	143320	113	0	0.20	0.20	0	
13/12/2011 17:09:52	TASTEGGIO	0	2	6000	45980	143331	153	-2	0.17	0.17	0	
13/12/2011 17:10:13	TASTEGGIO	0	3	6000	45980	143333	196	-6	0.11	0.11	0	
13/12/2011 17:10:24	TASTEGGIO	0	3	6000	45980	98887	196	-6	0.12	0.15	24500	
13/12/2011 17:10:43	TASTEGGIO	1	0	6000	45980	74430	85	0	0.16	0.16	0	
13/12/2011 17:11:00	TASTEGGIO	0	1	6000	45980	74420	102	0	0.17	0.17	0	
13/12/2011 17:11:18	TASTEGGIO	0	2	6000	45980	74420	138	0	0.15	0.15	0	
13/12/2011 17:11:39	TASTEGGIO	0	3	6000	45980	74419	177	-2	0.13	0.13	0	
13/12/2011 17:11:49	TASTEGGIO	0	3	6000	45980	98704	177	-2	0.10	0.15	44500	
13/12/2011 17:12:10	TASTEGGIO	1	0	6000	45980	54275	85	0	0.13	0.13	0	
13/12/2011 17:12:21	TASTEGGIO	1	0	6000	45980	98713	85	0	0.09	0.13	-44500	
13/12/2011 17:12:44	TASTEGGIO	1	0	6000	45980	143159	81	0	0.12	0.12	0	
13/12/2011 17:12:54	TASTEGGIO	1	0	6000	45980	98881	81	0	0.09	0.15	44500	
13/12/2011 17:13:16	TASTEGGIO	1	0	6000	45980	54430	85	0	0.12	0.12	0	
13/12/2011 17:13:26	TASTEGGIO	1	0	6000	45980	98718	85	0	0.08	0.11	24500	
13/12/2011 17:14:24	ALARM 17	proc 12 prog 10 step 47	LavoroTerminato
13/12/2011 17:15:23	ALARM 406		
14/12/2011 06:53:18	ALARM 401		
14/12/2011 06:53:20	INIT OK
14/12/2011 07:00:17	TASTEGGIO	0	0	6000	45980	99065	0	0	1.34	1.87	44500	
14/12/2011 07:00:43	TASTEGGIO	1	0	6000	45980	54657	374	-19	1.65	1.65	0	
14/12/2011 07:01:06	TASTEGGIO	0	1	6000	45980	54650	400	-28	1.39	1.39	0	
14/12/2011 07:01:29	TASTEGGIO	0	2	6000	45980	54645	400	-21	1.17	1.17	0	
14/12/2011 07:01:52	TASTEGGIO	0	3	6000	45980	54639	400	-21	0.99	0.99	0	
14/12/2011 07:02:14	TASTEGGIO	0	4	6000	45980	54633	400	-19	0.81	0.81	0	
14/12/2011 07:02:37	TASTEGGIO	0	5	6000	45980	54648	400	-17	0.65	0.65	0	
14/12/2011 07:03:00	TASTEGGIO	0	6	6000	45980	54648	400	-20	0.47	0.47	0	
14/12/2011 07:03:23	TASTEGGIO	0	7	6000	45980	54648	400	-26	0.22	0.22	0	
14/12/2011 07:03:41	TASTEGGIO	0	0	6000	45980	54648	96	0	0.24	0.24	0	
14/12/2011 07:03:58	TASTEGGIO	0	1	6000	45980	54648	122	0	0.24	0.24	0	
14/12/2011 07:04:17	TASTEGGIO	0	2	6000	45980	54648	170	0	0.25	0.25	0	
14/12/2011 07:04:37	TASTEGGIO	0	3	6000	45980	54648	248	0	0.25	0.25	0	
14/12/2011 07:04:38	ALARM 401		
14/12/2011 07:04:58	TASTEGGIO	0	3	6000	45980	98911	248	0	0.18	0.35	-44500	
14/12/2011 07:05:21	TASTEGGIO	1	0	6000	45980	143348	118	-6	0.31	0.31	0	
14/12/2011 07:05:42	TASTEGGIO	0	1	6000	45980	143362	145	-5	0.27	0.27	0	
14/12/2011 07:06:02	TASTEGGIO	0	2	6000	45980	143368	192	-19	0.09	0.09	0	
14/12/2011 07:06:12	TASTEGGIO	0	2	6000	45980	99084	192	-19	0.10	0.26	44500	
14/12/2011 07:06:35	TASTEGGIO	1	0	6000	45980	54656	103	-18	0.40	0.40	0	
14/12/2011 07:06:53	TASTEGGIO	0	1	6000	45980	54643	164	-2	0.35	0.35	0	
14/12/2011 07:07:13	TASTEGGIO	0	2	6000	45980	54640	225	-1	0.34	0.34	0	
14/12/2011 07:07:34	TASTEGGIO	0	3	6000	45980	54639	324	-7	0.27	0.27	0	
14/12/2011 07:07:56	TASTEGGIO	0	4	6000	45980	54641	366	-11	0.17	0.17	0	
14/12/2011 07:08:20	TASTEGGIO	0	5	6000	45980	54644	389	-22	0.10	0.10	0	
14/12/2011 07:08:30	TASTEGGIO	0	5	6000	45980	98912	389	-22	0.07	0.11	-24500	
14/12/2011 07:10:20	TASTEGGIO	0	5	6000	45980	99063	389	-22	0.79	1.55	-44500	
14/12/2011 07:10:46	TASTEGGIO	1	0	6000	45980	143503	320	-21	1.33	1.33	0	
14/12/2011 07:11:10	TASTEGGIO	0	1	6000	45980	143521	400	-73	0.62	0.62	0	
14/12/2011 07:11:29	TASTEGGIO	0	0	6000	45980	143526	164	0	0.62	0.62	0	
14/12/2011 07:11:51	TASTEGGIO	0	1	6000	45980	143528	226	0	0.62	0.62	0	
14/12/2011 07:12:13	TASTEGGIO	0	2	6000	45980	143529	350	-41	0.25	0.25	0	
14/12/2011 07:12:33	TASTEGGIO	0	0	6000	45980	143530	102	0	0.25	0.25	0	
14/12/2011 07:12:52	TASTEGGIO	0	1	6000	45980	143530	127	0	0.24	0.24	0	
14/12/2011 07:13:13	TASTEGGIO	0	2	6000	45980	143530	173	0	0.25	0.25	0	
14/12/2011 07:13:35	TASTEGGIO	0	3	6000	45980	143530	251	-2	0.24	0.24	0	
14/12/2011 07:13:58	TASTEGGIO	0	4	6000	45980	143530	343	-45	0.36	0.36	0	
14/12/2011 07:14:21	TASTEGGIO	0	1	6000	45980	143530	289	-108	0.85	0.85	0	
14/12/2011 07:14:38	TASTEGGIO	0	1	6000	45980	143530	88	-15	0.67	0.67	0	
14/12/2011 07:14:57	TASTEGGIO	0	2	6000	45980	143530	162	-5	0.60	0.60	0	
14/12/2011 07:15:19	TASTEGGIO	0	3	6000	45980	143530	323	-65	0.22	0.22	0	
14/12/2011 07:15:42	TASTEGGIO	0	1	6000	45980	143530	314	-83	0.67	0.67	0	
14/12/2011 07:16:00	TASTEGGIO	0	1	6000	45980	143530	109	-25	0.45	0.45	0	
14/12/2011 07:16:19	TASTEGGIO	0	2	6000	45980	143530	151	-9	0.37	0.37	0	
14/12/2011 07:16:40	TASTEGGIO	0	3	6000	45980	143530	242	-25	0.13	0.13	0	
14/12/2011 07:16:51	TASTEGGIO	0	3	6000	45980	99087	242	-25	0.24	0.48	24500	
14/12/2011 07:17:13	TASTEGGIO	1	0	6000	45980	74648	140	-1	0.44	0.44	0	
14/12/2011 07:17:33	TASTEGGIO	0	1	6000	45980	74635	180	-4	0.41	0.41	0	
14/12/2011 07:17:55	TASTEGGIO	0	2	6000	45980	74630	256	-34	0.11	0.11	0	
14/12/2011 07:18:05	TASTEGGIO	0	2	6000	45980	98909	256	-34	0.09	0.32	-44500	
14/12/2011 07:18:28	TASTEGGIO	1	0	6000	45980	143346	113	-2	0.31	0.31	0	
14/12/2011 07:18:48	TASTEGGIO	0	1	6000	45980	143358	143	-1	0.31	0.31	0	
14/12/2011 07:19:08	TASTEGGIO	0	2	6000	45980	143367	205	-1	0.30	0.30	0	
14/12/2011 07:19:30	TASTEGGIO	0	3	6000	45980	143372	292	-14	0.18	0.18	0	
14/12/2011 07:19:52	TASTEGGIO	0	4	6000	45980	143374	313	-16	0.08	0.08	0	
14/12/2011 07:20:03	TASTEGGIO	0	4	6000	45980	99083	313	-16	0.13	0.26	44500	
14/12/2011 07:20:25	TASTEGGIO	1	0	6000	45980	54653	103	-1	0.23	0.23	0	
14/12/2011 07:20:42	TASTEGGIO	0	1	6000	45980	54639	123	-1	0.22	0.22	0	
14/12/2011 07:20:59	TASTEGGIO	0	2	6000	45980	54629	165	0	0.23	0.23	0	
14/12/2011 07:21:19	TASTEGGIO	0	3	6000	45980	54631	237	-12	0.10	0.10	0	
14/12/2011 07:21:30	TASTEGGIO	0	3	6000	45980	98910	237	-12	0.08	0.22	-24500	
14/12/2011 07:21:53	TASTEGGIO	1	0	6000	45980	123357	96	-2	0.22	0.22	0	
14/12/2011 07:22:12	TASTEGGIO	0	1	6000	45980	123373	118	-2	0.21	0.21	0	
14/12/2011 07:22:33	TASTEGGIO	0	2	6000	45980	123375	158	-5	0.17	0.17	0	
14/12/2011 07:22:54	TASTEGGIO	0	3	6000	45980	123381	199	-22	0.06	0.06	0	
14/12/2011 07:23:04	TASTEGGIO	0	3	6000	45980	99091	199	-22	0.20	0.25	24500	
14/12/2011 07:23:24	TASTEGGIO	1	0	6000	45980	74655	102	-1	0.24	0.24	0	
14/12/2011 07:23:41	TASTEGGIO	0	1	6000	45980	74642	125	0	0.23	0.23	0	
14/12/2011 07:24:00	TASTEGGIO	0	2	6000	45980	74633	169	0	0.23	0.23	0	
14/12/2011 07:24:22	TASTEGGIO	0	3	6000	45980	74626	238	-12	0.11	0.11	0	
14/12/2011 07:24:31	TASTEGGIO	0	3	6000	45980	98910	238	-12	0.09	0.13	44500	
14/12/2011 07:26:22	TASTEGGIO	0	3	6000	45980	99068	238	-12	0.15	0.15	0	
14/12/2011 07:26:41	TASTEGGIO	1	0	6000	45980	99079	85	-1	0.14	0.14	0	
14/12/2011 07:26:49	TASTEGGIO	1	0	6000	45980	99067	85	-1	0.13	0.14	44500	
14/12/2011 07:27:10	TASTEGGIO	1	0	6000	45980	54640	83	0	0.11	0.11	0	
14/12/2011 07:27:27	TASTEGGIO	0	1	6000	45980	54626	91	0	0.11	0.11	0	
14/12/2011 07:27:45	TASTEGGIO	0	2	6000	45980	54617	113	0	0.11	0.11	0	
14/12/2011 07:28:03	TASTEGGIO	0	3	6000	45980	54611	146	0	0.11	0.11	0	
14/12/2011 07:28:23	TASTEGGIO	0	4	6000	45980	54609	190	0	0.09	0.09	0	
14/12/2011 07:28:34	TASTEGGIO	0	4	6000	45980	98910	190	0	0.09	0.11	24500	
14/12/2011 07:28:53	TASTEGGIO	1	0	6000	45980	74478	78	0	0.11	0.11	0	
14/12/2011 07:29:09	TASTEGGIO	0	1	6000	45980	74466	89	0	0.12	0.12	0	
14/12/2011 07:29:28	TASTEGGIO	0	2	6000	45980	74458	115	0	0.11	0.11	0	
14/12/2011 07:29:47	TASTEGGIO	0	3	6000	45980	74452	145	-1	0.11	0.11	0	
14/12/2011 07:30:08	TASTEGGIO	0	4	6000	45980	74449	189	-4	0.08	0.08	0	
14/12/2011 07:30:18	TASTEGGIO	0	4	6000	45980	98918	189	-4	0.09	0.09	0	
14/12/2011 07:32:07	TASTEGGIO	0	4	6000	45980	99059	189	-4	0.13	0.15	-44500	
14/12/2011 07:32:31	TASTEGGIO	1	0	6000	45980	143493	85	-2	0.13	0.13	0	
14/12/2011 07:32:41	TASTEGGIO	1	0	6000	45980	99082	85	-2	0.13	0.14	-44500	
14/12/2011 07:33:04	TASTEGGIO	1	0	6000	45980	143508	83	-2	0.13	0.13	0	
14/12/2011 07:33:23	TASTEGGIO	0	1	6000	45980	143526	95	-1	0.13	0.13	0	
14/12/2011 07:33:44	TASTEGGIO	0	2	6000	45980	143538	121	-1	0.13	0.13	0	
14/12/2011 07:34:03	TASTEGGIO	0	3	6000	45980	143544	160	-2	0.11	0.11	0	
14/12/2011 07:34:25	TASTEGGIO	0	4	6000	45980	143545	197	-8	0.08	0.08	0	
14/12/2011 07:34:36	TASTEGGIO	0	4	6000	45980	99086	197	-8	0.09	0.11	44500	
14/12/2011 07:34:57	TASTEGGIO	1	0	6000	45980	54656	78	-1	0.11	0.11	0	
14/12/2011 07:35:15	TASTEGGIO	0	1	6000	45980	54642	89	0	0.12	0.12	0	
14/12/2011 07:35:33	TASTEGGIO	0	2	6000	45980	54633	115	0	0.11	0.11	0	
14/12/2011 07:35:52	TASTEGGIO	0	3	6000	45980	54629	145	0	0.11	0.11	0	
14/12/2011 07:36:11	TASTEGGIO	0	4	6000	45980	54626	189	-2	0.10	0.10	0	
14/12/2011 07:36:33	TASTEGGIO	0	5	6000	45980	54625	234	-7	0.05	0.05	0	
14/12/2011 07:36:43	TASTEGGIO	0	5	6000	45980	98913	234	-7	0.07	0.14	-44500	
14/12/2011 07:37:07	TASTEGGIO	1	0	6000	45980	143355	83	-2	0.14	0.14	0	
14/12/2011 07:37:25	TASTEGGIO	0	1	6000	45980	143367	97	-1	0.13	0.13	0	
14/12/2011 07:37:45	TASTEGGIO	0	2	6000	45980	143375	121	-1	0.14	0.14	0	
14/12/2011 07:38:05	TASTEGGIO	0	3	6000	45980	143377	166	-2	0.10	0.10	0	
14/12/2011 07:38:25	TASTEGGIO	0	4	6000	45980	143379	180	-2	0.09	0.09	0	
14/12/2011 07:38:36	TASTEGGIO	0	4	6000	45980	99081	180	-2	0.04	0.09	-44500	
14/12/2011 07:40:27	TASTEGGIO	0	4	6000	45980	99164	180	-2	1.34	1.70	44500	
14/12/2011 07:40:52	TASTEGGIO	1	0	6000	45980	54739	345	-13	1.55	1.55	0	
14/12/2011 07:41:14	TASTEGGIO	0	1	6000	45980	54735	400	-35	1.22	1.22	0	
14/12/2011 07:41:37	TASTEGGIO	0	2	6000	45980	54730	400	-29	0.97	0.97	0	
14/12/2011 07:41:59	TASTEGGIO	0	3	6000	45980	54727	400	-32	0.64	0.64	0	
14/12/2011 07:42:24	TASTEGGIO	0	4	6000	45980	54727	400	-27	0.39	0.39	0	
14/12/2011 07:42:47	TASTEGGIO	0	5	6000	45980	54728	400	-35	0.08	0.08	0	
14/12/2011 07:42:57	TASTEGGIO	0	5	6000	45980	99027	400	-35	0.32	0.41	-44500	
14/12/2011 07:43:20	TASTEGGIO	1	0	6000	45980	143464	128	-6	0.34	0.34	0	
14/12/2011 07:43:41	TASTEGGIO	0	1	6000	45980	143478	156	-5	0.31	0.31	0	
14/12/2011 07:44:02	TASTEGGIO	0	2	6000	45980	143488	212	-26	0.09	0.09	0	
14/12/2011 07:44:12	TASTEGGIO	0	2	6000	45980	99184	212	-26	0.07	0.13	-24500	
14/12/2011 07:44:34	TASTEGGIO	1	0	6000	45980	123632	81	0	0.11	0.11	0	
14/12/2011 07:44:53	TASTEGGIO	0	1	6000	45980	123647	90	-1	0.11	0.11	0	
14/12/2011 07:45:12	TASTEGGIO	0	2	6000	45980	123650	112	-1	0.09	0.09	0	
14/12/2011 07:45:22	TASTEGGIO	0	2	6000	45980	99186	112	-1	0.07	0.08	-24500	
14/12/2011 07:47:13	TASTEGGIO	0	2	6000	45980	99366	112	-1	0.08	0.08	0	
14/12/2011 07:49:03	TASTEGGIO	0	2	6000	45980	98967	112	-1	2.80	2.80	0	
14/12/2011 07:49:27	TASTEGGIO	1	0	6000	45980	98996	400	-7	2.72	2.72	0	
14/12/2011 07:49:48	TASTEGGIO	0	1	6000	45980	98995	400	-2	2.69	2.69	0	
14/12/2011 07:50:11	TASTEGGIO	0	2	6000	45980	98995	400	-1	2.68	2.68	0	
14/12/2011 07:50:32	TASTEGGIO	0	3	6000	45980	98995	400	-1	2.67	2.67	0	
14/12/2011 07:50:54	TASTEGGIO	0	4	6000	45980	98994	400	0	2.66	2.66	0	
14/12/2011 07:51:17	TASTEGGIO	0	5	6000	45980	98995	400	-2	2.64	2.64	0	
14/12/2011 07:51:40	TASTEGGIO	0	6	6000	45980	98995	400	-1	2.63	2.63	0	
14/12/2011 07:52:01	TASTEGGIO	0	7	6000	45980	98995	400	0	2.63	2.63	0	
14/12/2011 07:52:23	TASTEGGIO	0	8	6000	45980	98995	400	-2	2.61	2.61	0	
14/12/2011 07:52:45	TASTEGGIO	0	9	6000	45980	98995	400	0	2.61	2.61	0	
14/12/2011 07:53:06	TASTEGGIO	0	10	6000	45980	98995	400	-1	2.60	2.60	0	
14/12/2011 07:53:29	TASTEGGIO	0	11	6000	45980	98995	400	-1	2.59	2.59	0	
14/12/2011 07:53:51	TASTEGGIO	0	12	6000	45980	98995	400	0	2.59	2.59	0	
14/12/2011 07:54:13	TASTEGGIO	0	13	6000	45980	98995	400	-1	2.59	2.59	0	
14/12/2011 07:54:36	TASTEGGIO	0	14	6000	45980	98995	400	0	2.57	2.57	0	
14/12/2011 07:54:58	TASTEGGIO	0	15	6000	45980	98995	400	0	2.57	2.57	0	
14/12/2011 07:55:20	TASTEGGIO	0	16	6000	45980	98995	400	0	2.55	2.55	0	
14/12/2011 07:55:43	TASTEGGIO	0	17	6000	45980	98995	400	0	2.55	2.55	0	
14/12/2011 07:56:04	TASTEGGIO	0	18	6000	45980	98995	400	0	2.53	2.53	0	
14/12/2011 07:56:27	TASTEGGIO	0	19	6000	45980	98995	400	0	2.53	2.53	0	
14/12/2011 07:56:28	ALARM 401		
14/12/2011 07:56:47	TASTEGGIO	0	19	6000	45980	98995	400	0	2.54	2.54	0	
14/12/2011 07:57:12	TASTEGGIO	1	0	6000	45980	98995	450	-19	2.34	2.34	0	
14/12/2011 07:57:36	TASTEGGIO	0	1	6000	45980	98995	450	-15	2.18	2.18	0	
14/12/2011 07:57:59	TASTEGGIO	0	2	6000	45980	98995	450	-13	2.04	2.04	0	
14/12/2011 07:58:24	TASTEGGIO	0	3	6000	45980	98995	480	-43	1.63	1.63	0	
14/12/2011 07:58:48	TASTEGGIO	0	4	6000	45980	98995	480	-62	1.01	1.01	0	
14/12/2011 07:59:13	TASTEGGIO	0	5	6000	45980	98995	480	-94	0.34	0.34	0	
14/12/2011 07:59:30	TASTEGGIO	0	0	6000	45980	98995	117	-2	0.32	0.32	0	
14/12/2011 07:59:31	ALARM 401		
14/12/2011 07:59:45	TASTEGGIO	0	0	6000	45980	98963	117	-2	0.33	0.46	-44500	
14/12/2011 08:00:08	TASTEGGIO	1	0	6000	45980	143402	137	-2	0.44	0.44	0	
14/12/2011 08:00:29	TASTEGGIO	0	1	6000	45980	143417	179	-2	0.42	0.42	0	
14/12/2011 08:00:52	TASTEGGIO	0	2	6000	45980	143419	259	-20	0.23	0.23	0	
14/12/2011 08:01:14	TASTEGGIO	0	3	6000	45980	143421	280	-23	0.04	0.04	0	
14/12/2011 08:01:24	TASTEGGIO	0	3	6000	45980	98986	280	-23	0.22	0.25	44500	
14/12/2011 08:01:45	TASTEGGIO	1	0	6000	45980	54551	102	-1	0.24	0.24	0	
14/12/2011 08:02:04	TASTEGGIO	0	1	6000	45980	54540	125	-1	0.23	0.23	0	
14/12/2011 08:02:23	TASTEGGIO	0	2	6000	45980	54535	169	0	0.23	0.23	0	
14/12/2011 08:02:43	TASTEGGIO	0	3	6000	45980	54530	238	-8	0.16	0.16	0	
14/12/2011 08:03:04	TASTEGGIO	0	4	6000	45980	54526	260	-9	0.08	0.08	0	
14/12/2011 08:03:14	TASTEGGIO	0	4	6000	45980	98818	260	-9	0.33	0.33	0	
14/12/2011 08:03:35	TASTEGGIO	1	0	6000	45980	98814	115	-30	0.12	0.12	0	
14/12/2011 08:03:43	TASTEGGIO	1	0	6000	45980	98827	115	-30	0.12	0.36	24500	
14/12/2011 08:04:05	TASTEGGIO	1	0	6000	45980	74386	120	-1	0.36	0.36	0	
14/12/2011 08:04:24	TASTEGGIO	0	1	6000	45980	74377	156	-2	0.34	0.34	0	
14/12/2011 08:04:45	TASTEGGIO	0	2	6000	45980	74372	220	-10	0.24	0.24	0	
14/12/2011 08:05:07	TASTEGGIO	0	3	6000	45980	74355	249	-20	0.07	0.07	0	
14/12/2011 08:05:17	TASTEGGIO	0	3	6000	45980	98819	249	-20	0.18	0.18	0	
14/12/2011 08:05:38	TASTEGGIO	1	0	6000	45980	98815	90	-9	0.08	0.08	0	
14/12/2011 08:05:46	TASTEGGIO	1	0	6000	45980	98822	90	-9	0.08	0.15	24500	
14/12/2011 08:07:37	TASTEGGIO	1	0	6000	45980	99061	90	-9	1.21	1.24	44500	
14/12/2011 08:08:01	TASTEGGIO	1	0	6000	45980	54633	268	-6	1.17	1.17	0	
14/12/2011 08:08:25	TASTEGGIO	0	1	6000	45980	54627	378	-60	0.64	0.64	0	
14/12/2011 08:08:48	TASTEGGIO	0	2	6000	45980	54626	400	-79	0.14	0.14	0	
14/12/2011 08:08:58	TASTEGGIO	0	2	6000	45980	98914	400	-79	0.19	0.60	-44500	
14/12/2011 08:09:22	TASTEGGIO	1	0	6000	45980	143364	160	-3	0.56	0.56	0	
14/12/2011 08:09:42	TASTEGGIO	0	1	6000	45980	143378	212	-6	0.52	0.52	0	
14/12/2011 08:10:05	TASTEGGIO	0	2	6000	45980	143381	308	-45	0.16	0.16	0	
14/12/2011 08:10:23	TASTEGGIO	0	0	6000	45980	143382	86	-1	0.15	0.15	0	
14/12/2011 08:10:43	TASTEGGIO	0	1	6000	45980	143382	100	0	0.14	0.14	0	
14/12/2011 08:10:54	TASTEGGIO	0	1	6000	45980	99082	100	0	0.29	0.43	24500	
14/12/2011 08:11:15	TASTEGGIO	1	0	6000	45980	74647	132	-16	0.23	0.23	0	
14/12/2011 08:11:35	TASTEGGIO	0	1	6000	45980	74633	144	-3	0.20	0.20	0	
14/12/2011 08:11:55	TASTEGGIO	0	2	6000	45980	74629	178	-11	0.09	0.09	0	
14/12/2011 08:12:05	TASTEGGIO	0	2	6000	45980	98914	178	-11	0.13	0.27	-44500	
14/12/2011 08:12:29	TASTEGGIO	1	0	6000	45980	143359	105	-1	0.26	0.26	0	
14/12/2011 08:12:49	TASTEGGIO	0	1	6000	45980	143373	130	-1	0.26	0.26	0	
14/12/2011 08:13:10	TASTEGGIO	0	2	6000	45980	143378	182	-1	0.26	0.26	0	
14/12/2011 08:13:32	TASTEGGIO	0	3	6000	45980	143380	260	-9	0.18	0.18	0	
14/12/2011 08:13:55	TASTEGGIO	0	4	6000	45980	143382	284	-14	0.05	0.05	0	
14/12/2011 08:14:05	TASTEGGIO	0	4	6000	45980	99079	284	-14	0.13	0.23	24500	
14/12/2011 08:14:25	TASTEGGIO	1	0	6000	45980	74647	98	-3	0.17	0.17	0	
14/12/2011 08:14:42	TASTEGGIO	0	1	6000	45980	74637	110	0	0.15	0.15	0	
14/12/2011 08:15:02	TASTEGGIO	0	2	6000	45980	74625	136	0	0.16	0.16	0	
14/12/2011 08:15:22	TASTEGGIO	0	3	6000	45980	74627	187	-12	0.04	0.04	0	
14/12/2011 08:15:32	TASTEGGIO	0	3	6000	45980	98921	187	-12	0.11	0.14	-24500	
14/12/2011 08:15:55	TASTEGGIO	1	0	6000	45980	123370	83	-2	0.31	0.31	0	
14/12/2011 08:16:14	TASTEGGIO	0	1	6000	45980	123387	151	-7	0.24	0.24	0	
14/12/2011 08:16:36	TASTEGGIO	0	2	6000	45980	123392	177	-12	0.13	0.13	0	
14/12/2011 08:16:46	TASTEGGIO	0	2	6000	45980	99079	177	-12	0.18	0.20	24500	
14/12/2011 08:17:06	TASTEGGIO	1	0	6000	45980	74644	93	-1	0.18	0.18	0	
14/12/2011 08:17:22	TASTEGGIO	0	1	6000	45980	74635	109	0	0.18	0.18	0	
14/12/2011 08:17:41	TASTEGGIO	0	2	6000	45980	74631	145	0	0.18	0.18	0	
14/12/2011 08:18:03	TASTEGGIO	0	3	6000	45980	74625	199	-7	0.12	0.12	0	
14/12/2011 08:18:12	TASTEGGIO	0	3	6000	45980	98917	199	-7	0.12	0.13	24500	
14/12/2011 08:20:03	TASTEGGIO	0	3	6000	45980	99058	199	-7	0.15	0.27	-44500	
14/12/2011 08:20:27	TASTEGGIO	1	0	6000	45980	143508	105	-3	0.24	0.24	0	
14/12/2011 08:20:47	TASTEGGIO	0	1	6000	45980	143523	126	-1	0.23	0.23	0	
14/12/2011 08:21:07	TASTEGGIO	0	2	6000	45980	143525	170	-5	0.19	0.19	0	
14/12/2011 08:21:29	TASTEGGIO	0	3	6000	45980	143527	217	-12	0.07	0.07	0	
14/12/2011 08:21:39	TASTEGGIO	0	3	6000	45980	99084	217	-12	0.03	0.10	44500	
14/12/2011 08:22:01	TASTEGGIO	1	0	6000	45980	54652	76	-1	0.09	0.09	0	
14/12/2011 08:22:11	TASTEGGIO	1	0	6000	45980	98918	76	-1	0.05	0.11	44500	
14/12/2011 08:22:33	TASTEGGIO	1	0	6000	45980	54491	78	0	0.11	0.11	0	
14/12/2011 08:22:49	TASTEGGIO	0	1	6000	45980	54479	89	0	0.11	0.11	0	
14/12/2011 08:23:07	TASTEGGIO	0	2	6000	45980	54468	111	-1	0.10	0.10	0	
14/12/2011 08:23:26	TASTEGGIO	0	3	6000	45980	54461	138	0	0.11	0.11	0	
14/12/2011 08:23:46	TASTEGGIO	0	4	6000	45980	54460	186	-1	0.09	0.09	0	
14/12/2011 08:23:57	TASTEGGIO	0	4	6000	45980	98911	186	-1	0.02	0.11	44500	
14/12/2011 08:24:18	TASTEGGIO	1	0	6000	45980	54487	78	0	0.09	0.09	0	
14/12/2011 08:24:28	TASTEGGIO	1	0	6000	45980	98917	78	0	0.01	0.09	44500	
14/12/2011 08:26:17	TASTEGGIO	1	0	6000	45980	99165	78	0	1.85	2.21	-44500	
14/12/2011 08:26:45	TASTEGGIO	1	0	6000	45980	143612	400	-51	1.68	1.68	0	
14/12/2011 08:27:07	TASTEGGIO	0	1	6000	45980	143626	400	-36	1.34	1.34	0	
14/12/2011 08:27:31	TASTEGGIO	0	2	6000	45980	143629	400	-38	0.99	0.99	0	
14/12/2011 08:27:54	TASTEGGIO	0	3	6000	45980	143630	400	-43	0.59	0.59	0	
14/12/2011 08:28:18	TASTEGGIO	0	4	6000	45980	143630	400	-47	0.19	0.19	0	
14/12/2011 08:28:37	TASTEGGIO	0	0	6000	45980	143631	91	-1	0.20	0.20	0	
14/12/2011 08:28:56	TASTEGGIO	0	1	6000	45980	143631	112	0	0.20	0.20	0	
14/12/2011 08:29:17	TASTEGGIO	0	2	6000	45980	143631	152	-1	0.20	0.20	0	
14/12/2011 08:29:38	TASTEGGIO	0	3	6000	45980	143631	212	-1	0.20	0.20	0	
14/12/2011 08:30:00	TASTEGGIO	0	4	6000	45980	143631	292	-19	0.07	0.07	0	
14/12/2011 08:30:11	TASTEGGIO	0	4	6000	45980	99182	292	-19	0.37	0.37	0	
14/12/2011 08:30:32	TASTEGGIO	1	0	6000	45980	99191	122	-1	0.34	0.34	0	
14/12/2011 08:30:53	TASTEGGIO	0	1	6000	45980	99191	153	-1	0.33	0.33	0	
14/12/2011 08:31:15	TASTEGGIO	0	2	6000	45980	99191	217	-12	0.22	0.22	0	
14/12/2011 08:31:37	TASTEGGIO	0	3	6000	45980	99191	242	-17	0.08	0.08	0	
14/12/2011 08:31:45	TASTEGGIO	0	3	6000	45980	99169	242	-17	0.08	0.21	-24500	
14/12/2011 08:32:08	TASTEGGIO	1	0	6000	45980	123625	95	-2	0.20	0.20	0	
14/12/2011 08:32:29	TASTEGGIO	0	1	6000	45980	123638	114	-2	0.20	0.20	0	
14/12/2011 08:32:49	TASTEGGIO	0	2	6000	45980	123642	154	-6	0.15	0.15	0	
14/12/2011 08:33:09	TASTEGGIO	0	3	6000	45980	123644	173	-6	0.10	0.10	0	
14/12/2011 08:33:19	TASTEGGIO	0	3	6000	45980	99180	173	-6	0.08	0.20	-44500	
14/12/2011 08:33:43	TASTEGGIO	1	0	6000	45980	143613	93	-51	0.33	0.33	0	
14/12/2011 08:33:59	TASTEGGIO	0	1	6000	45980	143620	38	-5	0.29	0.29	0	
14/12/2011 08:34:17	TASTEGGIO	0	2	6000	45980	143630	88	-2	0.28	0.28	0	
14/12/2011 08:34:36	TASTEGGIO	0	3	6000	45980	143638	169	-4	0.24	0.24	0	
14/12/2011 08:34:59	TASTEGGIO	0	4	6000	45980	143639	251	-15	0.13	0.13	0	
14/12/2011 08:35:09	TASTEGGIO	0	4	6000	45980	99185	251	-15	0.15	0.16	-24500	
14/12/2011 08:35:31	TASTEGGIO	1	0	6000	45980	123644	86	0	0.33	0.33	0	
14/12/2011 08:35:52	TASTEGGIO	0	1	6000	45980	123650	154	-1	0.33	0.33	0	
14/12/2011 08:36:14	TASTEGGIO	0	2	6000	45980	123653	220	-18	0.21	0.21	0	
14/12/2011 08:36:35	TASTEGGIO	0	3	6000	45980	123658	243	-41	0.20	0.20	0	
14/12/2011 08:36:57	TASTEGGIO	0	1	6000	45980	123661	223	-78	0.57	0.57	0	
14/12/2011 08:37:12	TASTEGGIO	0	1	6000	45980	123664	60	-6	0.50	0.50	0	
14/12/2011 08:37:32	TASTEGGIO	0	2	6000	45980	123664	147	-8	0.42	0.42	0	
14/12/2011 08:37:54	TASTEGGIO	0	3	6000	45980	123664	252	-39	0.06	0.06	0	
14/12/2011 08:38:04	TASTEGGIO	0	3	6000	45980	99182	252	-39	0.09	0.10	-44500	
14/12/2011 08:39:55	TASTEGGIO	0	3	6000	45980	99064	252	-39	1.07	1.08	24500	
14/12/2011 08:40:18	TASTEGGIO	1	0	6000	45980	74634	241	-7	1.00	1.00	0	
14/12/2011 08:40:41	TASTEGGIO	0	1	6000	45980	74619	333	-55	0.47	0.47	0	
14/12/2011 08:40:57	TASTEGGIO	0	0	6000	45980	74607	139	0	0.46	0.46	0	
14/12/2011 08:41:15	TASTEGGIO	0	1	6000	45980	74599	184	0	0.46	0.46	0	
14/12/2011 08:41:38	TASTEGGIO	0	2	6000	45980	74596	276	-8	0.38	0.38	0	
14/12/2011 08:42:02	TASTEGGIO	0	3	6000	45980	74594	370	-119	0.80	0.80	0	
14/12/2011 08:42:22	TASTEGGIO	0	1	6000	45980	74594	201	-63	0.20	0.20	0	
14/12/2011 08:42:38	TASTEGGIO	0	0	6000	45980	74595	93	-1	0.19	0.19	0	
14/12/2011 08:42:55	TASTEGGIO	0	1	6000	45980	74594	111	-1	0.18	0.18	0	
14/12/2011 08:43:16	TASTEGGIO	0	2	6000	45980	74595	145	-6	0.13	0.13	0	
14/12/2011 08:43:26	TASTEGGIO	0	2	6000	45980	98909	145	-6	0.13	0.44	-44500	
14/12/2011 08:43:50	TASTEGGIO	1	0	6000	45980	143356	133	-3	0.42	0.42	0	
14/12/2011 08:44:10	TASTEGGIO	0	1	6000	45980	143371	173	-3	0.39	0.39	0	
14/12/2011 08:44:33	TASTEGGIO	0	2	6000	45980	143373	245	-22	0.21	0.21	0	
14/12/2011 08:44:55	TASTEGGIO	0	3	6000	45980	143376	264	-31	0.08	0.08	0	
14/12/2011 08:45:06	TASTEGGIO	0	3	6000	45980	99076	264	-31	0.27	0.37	24500	
14/12/2011 08:45:27	TASTEGGIO	1	0	6000	45980	74645	122	-1	0.33	0.33	0	
14/12/2011 08:45:47	TASTEGGIO	0	1	6000	45980	74637	151	-1	0.32	0.32	0	
14/12/2011 08:46:08	TASTEGGIO	0	2	6000	45980	74629	213	-43	0.10	0.10	0	
14/12/2011 08:46:18	TASTEGGIO	0	2	6000	45980	98915	213	-43	0.11	0.32	44500	
14/12/2011 08:46:40	TASTEGGIO	1	0	6000	45980	54484	113	-4	0.26	0.26	0	
14/12/2011 08:46:59	TASTEGGIO	0	1	6000	45980	54470	134	-1	0.25	0.25	0	
14/12/2011 08:47:17	TASTEGGIO	0	2	6000	45980	54463	182	-2	0.23	0.23	0	
14/12/2011 08:47:37	TASTEGGIO	0	3	6000	45980	54459	245	-19	0.06	0.06	0	
14/12/2011 08:47:47	TASTEGGIO	0	3	6000	45980	98906	245	-19	0.14	0.19	24500	
14/12/2011 08:48:08	TASTEGGIO	1	0	6000	45980	74471	91	-4	0.13	0.13	0	
14/12/2011 08:48:17	TASTEGGIO	1	0	6000	45980	98909	91	-4	0.11	0.13	24500	
14/12/2011 08:49:15	ALARM 17	proc 12 prog 10 step 47	LavoroTerminato
14/12/2011 13:38:18	TASTEGGIO	1	0	5000	36003	157740	91	-4	0.92	0.95	-82000	
14/12/2011 13:39:33	TASTEGGIO	1	0	5000	42060	157737	60	-6	0.88	0.93	-82000	
14/12/2011 13:39:55	TASTEGGIO	1	0	5000	42060	239700	68	-1	0.96	0.96	0	
14/12/2011 13:40:15	TASTEGGIO	0	1	5000	42060	239700	167	-37	0.53	0.53	0	
14/12/2011 13:40:18	ALARM 401		
14/12/2011 13:40:20	ALARM 401		
14/12/2011 13:40:37	TASTEGGIO	0	2	5000	42060	157741	208	0	0.60	0.70	-119500	
14/12/2011 13:41:02	TASTEGGIO	1	0	5000	42060	277200	62	-7	0.62	0.62	0	
14/12/2011 13:41:21	TASTEGGIO	0	1	5000	42060	277201	116	-11	0.50	0.50	0	
14/12/2011 13:41:42	TASTEGGIO	0	2	5000	42060	277201	196	-35	0.19	0.19	0	
14/12/2011 13:41:45	ALARM 401		
14/12/2011 13:42:04	TASTEGGIO	0	0	5000	42060	157736	49	-35	0.25	0.25	0	
14/12/2011 13:42:26	TASTEGGIO	1	0	5000	42060	157740	51	-36	0.16	0.16	0	
14/12/2011 13:42:46	TASTEGGIO	0	1	5000	42060	157740	40	-42	0.26	0.26	0	
14/12/2011 13:43:04	TASTEGGIO	0	1	5000	42060	157740	0	-5	0.18	0.18	0	
14/12/2011 13:43:22	TASTEGGIO	0	2	5000	42060	157740	17	-8	0.10	0.10	0	
14/12/2011 13:43:30	TASTEGGIO	0	2	5000	42060	157736	17	-8	0.11	0.15	82800	
14/12/2011 13:45:27	TASTEGGIO	0	2	5000	42060	158850	17	-8	0.30	0.30	0	
14/12/2011 13:45:48	TASTEGGIO	1	0	5000	42060	158854	52	-36	0.06	0.06	0	
14/12/2011 13:45:56	TASTEGGIO	1	0	5000	42060	158850	52	-36	0.06	0.19	-119500	
14/12/2011 13:46:21	TASTEGGIO	1	0	5000	42060	278317	49	-16	0.04	0.04	0	
14/12/2011 13:46:33	TASTEGGIO	1	0	5000	42060	158840	49	-16	0.10	0.22	-82000	
14/12/2011 13:46:58	TASTEGGIO	1	0	5000	42060	240802	50	-17	0.08	0.08	0	
14/12/2011 13:47:09	TASTEGGIO	1	0	5000	42060	158842	50	-17	0.05	0.11	-119500	
14/12/2011 13:49:08	TASTEGGIO	1	0	5000	42060	161266	50	-17	1.12	1.12	0	
14/12/2011 13:49:27	TASTEGGIO	1	0	5000	42060	161269	73	-4	1.09	1.09	0	
14/12/2011 13:49:48	TASTEGGIO	0	1	5000	42060	161270	179	-136	0.29	0.29	0	
14/12/2011 13:49:50	ALARM 401		
14/12/2011 13:49:53	ALARM 205		err.6058
14/12/2011 13:50:04	TASTEGGIO	0	1	5000	42060	161265	179	-136	0.27	0.50	-119500	
14/12/2011 13:50:28	TASTEGGIO	1	0	5000	42060	280700	57	-15	0.38	0.38	0	
14/12/2011 13:50:48	TASTEGGIO	0	1	5000	42060	280700	85	-12	0.28	0.28	0	
14/12/2011 13:51:07	TASTEGGIO	0	2	5000	42060	280700	114	-11	0.16	0.16	0	
14/12/2011 13:51:09	ALARM 401		
14/12/2011 13:51:12	ALARM 205		err.6058
14/12/2011 13:51:28	TASTEGGIO	0	2	5000	42060	161268	114	-11	0.40	0.40	0	
14/12/2011 13:51:50	TASTEGGIO	1	0	5000	42060	161271	55	-67	0.26	0.26	0	
14/12/2011 13:51:52	ALARM 401		
14/12/2011 13:51:54	ALARM 401		
14/12/2011 13:52:09	TASTEGGIO	1	0	5000	42060	161266	55	-67	0.24	0.34	44500	
14/12/2011 13:52:32	TASTEGGIO	1	0	5000	42060	116805	53	-16	0.21	0.21	0	
14/12/2011 13:52:51	TASTEGGIO	0	1	5000	42060	116805	65	-29	0.07	0.07	0	
14/12/2011 13:53:01	TASTEGGIO	0	1	5000	42060	160925	65	-29	0.13	0.24	-119500	
14/12/2011 13:53:25	TASTEGGIO	1	0	5000	42060	280393	51	-9	0.18	0.18	0	
14/12/2011 13:53:44	TASTEGGIO	0	1	5000	42060	280393	64	-2	0.16	0.16	0	
14/12/2011 13:54:04	TASTEGGIO	0	2	5000	42060	280393	92	-1	0.15	0.15	0	
14/12/2011 13:54:08	ALARM 401		
14/12/2011 13:54:11	ALARM 401		
14/12/2011 13:54:11	ALARM 401		
14/12/2011 13:54:31	TASTEGGIO	0	3	5000	42060	161253	134	0	0.15	0.17	-119500	
14/12/2011 13:54:54	TASTEGGIO	1	0	5000	42060	280705	49	-2	0.14	0.14	0	
14/12/2011 13:55:06	TASTEGGIO	1	0	5000	42060	161274	49	-2	0.17	0.17	0	
14/12/2011 13:55:29	TASTEGGIO	1	0	5000	42060	161277	49	-48	0.33	0.33	0	
14/12/2011 13:55:47	TASTEGGIO	0	1	5000	42060	161277	0	-9	0.20	0.20	0	
14/12/2011 13:56:06	TASTEGGIO	0	2	5000	42060	161277	17	-12	0.08	0.08	0	
14/12/2011 13:56:13	TASTEGGIO	0	2	5000	42060	161272	17	-12	0.07	0.19	-119500	
14/12/2011 13:56:38	TASTEGGIO	1	0	5000	42060	280724	49	-1	0.20	0.20	0	
14/12/2011 13:56:56	TASTEGGIO	0	1	5000	42060	280724	70	0	0.20	0.20	0	
14/12/2011 13:57:17	TASTEGGIO	0	2	5000	42060	280724	110	-4	0.15	0.15	0	
14/12/2011 13:57:19	ALARM 401		
14/12/2011 13:57:37	TASTEGGIO	0	2	5000	42060	161281	110	-4	0.06	0.14	-82000	
14/12/2011 13:58:38	ALARM 17	proc 12 prog 10 step 47	LavoroTerminato
14/12/2011 14:18:40	TASTEGGIO	0	2	5000	42060	160976	110	-4	0.34	0.34	0	
14/12/2011 14:19:02	TASTEGGIO	1	0	5000	42060	160979	53	-75	0.49	0.49	0	
14/12/2011 14:19:20	TASTEGGIO	0	1	5000	42060	160980	0	-10	0.40	0.40	0	
14/12/2011 14:19:41	TASTEGGIO	0	2	5000	42060	160980	65	-74	0.32	0.32	0	
14/12/2011 14:20:02	TASTEGGIO	0	1	5000	42060	160980	39	-106	1.37	1.37	0	
14/12/2011 14:20:17	TASTEGGIO	0	1	5000	42060	160980	0	-3	1.32	1.32	0	
14/12/2011 14:20:20	ALARM 401		
14/12/2011 14:20:23	ALARM 201		err.6059
14/12/2011 14:21:44	TASTEGGIO	0	2	5000	42060	160977	254	0	1.29	1.29	0	
14/12/2011 14:22:05	TASTEGGIO	1	0	5000	42060	160980	77	-14	1.17	1.17	0	
14/12/2011 14:22:25	TASTEGGIO	0	1	5000	42060	160980	183	-190	0.85	0.85	0	
14/12/2011 14:22:45	TASTEGGIO	0	1	5000	42060	160979	121	-101	0.29	0.29	0	
14/12/2011 14:22:47	ALARM 401		
14/12/2011 14:22:49	ALARM 401		
14/12/2011 14:22:53	ALARM 205		err.6058
14/12/2011 14:23:06	TASTEGGIO	0	1	5000	42060	160977	121	-101	0.26	0.26	0	
14/12/2011 14:23:29	TASTEGGIO	1	0	5000	42060	160980	51	-60	0.31	0.31	0	
14/12/2011 14:23:47	TASTEGGIO	0	1	5000	42060	160980	14	-18	0.14	0.14	0	
14/12/2011 14:23:55	TASTEGGIO	0	1	5000	42060	160976	14	-18	0.14	0.21	-82000	
14/12/2011 14:24:19	TASTEGGIO	1	0	5000	42060	242942	50	-21	0.06	0.06	0	
14/12/2011 14:24:30	TASTEGGIO	1	0	5000	42060	160980	50	-21	0.03	0.12	-119500	
14/12/2011 14:26:27	TASTEGGIO	1	0	5000	42060	161281	50	-21	0.68	0.68	0	
14/12/2011 14:26:49	TASTEGGIO	1	0	5000	42060	161285	62	-21	0.47	0.47	0	
14/12/2011 14:27:08	TASTEGGIO	0	1	5000	42060	161285	94	-75	0.28	0.28	0	
14/12/2011 14:27:28	TASTEGGIO	0	1	5000	42060	161285	77	-130	1.00	1.00	0	
14/12/2011 14:27:43	TASTEGGIO	0	1	5000	42060	161285	0	-3	0.95	0.95	0	
14/12/2011 14:27:47	ALARM 401		
14/12/2011 14:27:50	ALARM 203		err.6058
14/12/2011 14:28:01	TASTEGGIO	0	2	5000	42060	161280	180	0	0.92	0.92	0	
14/12/2011 14:28:22	TASTEGGIO	1	0	5000	42060	161284	68	-7	0.86	0.86	0	
14/12/2011 14:28:43	TASTEGGIO	0	1	5000	42060	161284	148	-60	0.30	0.30	0	
14/12/2011 14:28:44	ALARM 401		
14/12/2011 14:28:47	ALARM 205		err.6058
14/12/2011 14:28:58	TASTEGGIO	0	1	5000	42060	161280	148	-60	0.27	0.44	-82000	
14/12/2011 14:29:21	TASTEGGIO	1	0	5000	42060	243245	56	-10	0.36	0.36	0	
14/12/2011 14:29:40	TASTEGGIO	0	1	5000	42060	243246	85	-18	0.16	0.16	0	
14/12/2011 14:29:42	ALARM 401		
14/12/2011 14:29:45	ALARM 401		
14/12/2011 14:29:46	ALARM 401		
14/12/2011 14:29:47	ALARM 401		
14/12/2011 14:29:49	ALARM 401		
14/12/2011 14:30:09	TASTEGGIO	0	1	5000	42060	161277	85	-18	0.11	0.28	-119500	
14/12/2011 14:30:33	TASTEGGIO	1	0	5000	42060	280720	52	-13	0.16	0.16	0	
14/12/2011 14:30:35	ALARM 401		
14/12/2011 14:30:38	ALARM 201		err.6059
14/12/2011 14:30:53	TASTEGGIO	1	0	5000	42060	161266	52	-13	0.08	0.19	82800	
14/12/2011 14:31:16	TASTEGGIO	1	0	5000	42060	78518	49	-8	0.10	0.10	0	
14/12/2011 14:31:27	TASTEGGIO	1	0	5000	42060	160939	49	-8	0.10	0.16	-119500	
14/12/2011 14:31:29	ALARM 401		
14/12/2011 14:31:45	TASTEGGIO	1	0	5000	42060	160939	49	-8	0.12	0.15	-119500	
14/12/2011 14:33:43	TASTEGGIO	1	0	5000	42060	159125	49	-8	0.86	0.86	0	
14/12/2011 14:34:03	TASTEGGIO	1	0	5000	42060	159128	66	-9	0.77	0.77	0	
14/12/2011 14:34:23	TASTEGGIO	0	1	5000	42060	159128	134	-86	0.14	0.14	0	
14/12/2011 14:34:31	TASTEGGIO	0	1	5000	42060	159126	134	-86	0.12	0.41	-82000	
14/12/2011 14:34:54	TASTEGGIO	1	0	5000	42060	241091	55	-9	0.29	0.29	0	
14/12/2011 14:35:13	TASTEGGIO	0	1	5000	42060	241091	75	-13	0.14	0.14	0	
14/12/2011 14:35:25	TASTEGGIO	0	1	5000	42060	159121	75	-13	0.25	0.28	-119500	
14/12/2011 14:35:49	TASTEGGIO	1	0	5000	42060	278567	52	-14	0.14	0.14	0	
14/12/2011 14:36:01	TASTEGGIO	1	0	5000	42060	159123	52	-14	0.30	0.30	0	
14/12/2011 14:36:24	TASTEGGIO	1	0	5000	42060	159126	52	-69	0.44	0.44	0	
14/12/2011 14:36:41	TASTEGGIO	0	1	5000	42060	159126	0	-7	0.36	0.36	0	
14/12/2011 14:37:01	TASTEGGIO	0	2	5000	42060	159126	58	-34	0.09	0.09	0	
14/12/2011 14:37:09	TASTEGGIO	0	2	5000	42060	159123	58	-34	0.08	0.25	-82000	
14/12/2011 14:37:33	TASTEGGIO	1	0	5000	42060	241088	51	-3	0.23	0.23	0	
14/12/2011 14:37:53	TASTEGGIO	0	1	5000	42060	241089	72	-13	0.14	0.14	0	
14/12/2011 14:38:04	TASTEGGIO	0	1	5000	42060	159132	72	-13	0.09	0.19	82800	
14/12/2011 14:38:26	TASTEGGIO	1	0	5000	42060	76375	49	-6	0.12	0.12	0	
14/12/2011 14:38:37	TASTEGGIO	1	0	5000	42060	158880	49	-6	0.08	0.19	-119500	
14/12/2011 14:39:01	TASTEGGIO	1	0	5000	42060	278349	49	-3	0.17	0.17	0	
14/12/2011 14:39:20	TASTEGGIO	0	1	5000	42060	278349	64	-9	0.10	0.10	0	
14/12/2011 14:39:32	TASTEGGIO	0	1	5000	42060	159128	64	-9	0.05	0.12	82800	
14/12/2011 14:41:32	TASTEGGIO	0	1	5000	42060	153892	64	-9	0.74	0.74	0	
14/12/2011 14:41:53	TASTEGGIO	1	0	5000	42060	153896	63	-13	0.60	0.60	0	
14/12/2011 14:42:12	TASTEGGIO	0	1	5000	42060	153896	111	-71	0.16	0.16	0	
14/12/2011 14:42:15	ALARM 401		
14/12/2011 14:42:17	ALARM 401		
14/12/2011 14:42:19	ALARM 401		
14/12/2011 14:42:20	ALARM 401		
14/12/2011 14:42:33	TASTEGGIO	0	1	5000	42060	153892	111	-71	0.14	0.14	-82000	
14/12/2011 14:44:33	TASTEGGIO	0	1	5000	42060	158731	111	-71	0.94	0.94	0	
14/12/2011 14:44:54	TASTEGGIO	1	0	5000	42060	158733	68	-10	0.84	0.84	0	
14/12/2011 14:45:14	TASTEGGIO	0	1	5000	42060	158733	143	-94	0.24	0.24	0	
14/12/2011 14:45:16	ALARM 401		
14/12/2011 14:45:18	ALARM 401		
14/12/2011 14:45:32	TASTEGGIO	0	1	5000	42060	158730	143	-94	0.22	0.47	-119500	
14/12/2011 14:45:56	TASTEGGIO	1	0	5000	42060	278196	56	-12	0.33	0.33	0	
14/12/2011 14:46:16	TASTEGGIO	0	1	5000	42060	278196	79	-7	0.28	0.28	0	
14/12/2011 14:46:36	TASTEGGIO	0	2	5000	42060	278197	126	-17	0.11	0.11	0	
14/12/2011 14:46:48	TASTEGGIO	0	2	5000	42060	158724	126	-17	0.38	0.38	0	
14/12/2011 14:47:10	TASTEGGIO	1	0	5000	42060	158726	54	-38	0.16	0.16	0	
14/12/2011 14:47:11	ALARM 401		
14/12/2011 14:47:15	ALARM 401		
14/12/2011 14:47:15	ALARM 401		
14/12/2011 14:47:16	ALARM 401		
14/12/2011 14:47:18	ALARM 201		err.6059
14/12/2011 14:47:31	TASTEGGIO	1	0	5000	42060	158722	54	-38	0.15	0.19	-119500	
14/12/2011 14:47:56	TASTEGGIO	1	0	5000	42060	278188	49	-2	0.16	0.16	0	
14/12/2011 14:48:15	TASTEGGIO	0	1	5000	42060	278188	62	-1	0.16	0.16	0	
14/12/2011 14:48:35	TASTEGGIO	0	2	5000	42060	278188	94	-5	0.12	0.12	0	
14/12/2011 14:48:47	TASTEGGIO	0	2	5000	42060	158730	94	-5	0.16	0.16	0	
14/12/2011 14:48:48	ALARM 401		
14/12/2011 14:48:51	ALARM 401		
14/12/2011 14:48:51	ALARM 401		
14/12/2011 14:49:06	TASTEGGIO	0	2	5000	42060	158729	94	-5	0.16	0.16	0	
14/12/2011 14:50:05	ALARM 17	proc 12 prog 10 step 47	LavoroTerminato
14/12/2011 15:03:44	ALARM 17	proc 12 prog 1 step 8	LavoroTerminato
14/12/2011 15:05:09	TASTEGGIO	0	2	5000	42060	159129	94	-5	0.99	1.11	-82000	
14/12/2011 15:05:30	TASTEGGIO	1	0	5000	42060	241073	72	0	1.13	1.13	0	
14/12/2011 15:05:51	TASTEGGIO	0	1	5000	42060	241073	187	-58	0.57	0.57	0	
14/12/2011 15:05:58	ALARM 401		
14/12/2011 15:05:59	ALARM 401		
14/12/2011 15:06:00	ALARM 401		
14/12/2011 15:06:22	TASTEGGIO	0	2	5000	42060	159132	227	0	0.61	0.73	-119500	
14/12/2011 15:06:47	TASTEGGIO	1	0	5000	42060	278598	63	-11	0.64	0.64	0	
14/12/2011 15:07:06	TASTEGGIO	0	1	5000	42060	278598	119	-8	0.56	0.56	0	
14/12/2011 15:07:12	ALARM 218	proc 12 prog 85 step 19	go_abs 3 cmd 11
14/12/2011 15:07:14	ALARM 401		
14/12/2011 15:07:15	ALARM 401		
14/12/2011 15:07:35	TASTEGGIO	0	2	5000	42060	159125	217	0	0.47	0.53	-119500	
14/12/2011 15:07:59	TASTEGGIO	1	0	5000	42060	278590	58	-1	0.56	0.56	0	
14/12/2011 15:08:18	TASTEGGIO	0	1	5000	42060	278590	117	-3	0.52	0.52	0	
14/12/2011 15:08:40	TASTEGGIO	0	2	5000	42060	278590	213	-58	0.21	0.21	0	
14/12/2011 15:08:43	ALARM 401		
14/12/2011 15:09:01	TASTEGGIO	0	2	5000	42060	159134	213	-58	0.16	0.31	-82000	
14/12/2011 15:09:25	TASTEGGIO	1	0	5000	42060	241101	52	-23	0.09	0.09	0	
14/12/2011 15:09:37	TASTEGGIO	1	0	5000	42060	159129	52	-23	0.23	0.23	0	
14/12/2011 15:09:59	TASTEGGIO	1	0	5000	42060	159132	50	-90	0.68	0.68	0	
14/12/2011 15:10:20	TASTEGGIO	0	1	5000	42060	159132	0	-61	0.97	0.97	0	
14/12/2011 15:10:24	ALARM 401		
14/12/2011 15:10:27	ALARM 203		err.6058
14/12/2011 15:10:38	TASTEGGIO	0	2	5000	42060	159128	276	0	0.96	0.96	0	
14/12/2011 15:10:59	TASTEGGIO	1	0	5000	42060	159131	69	-11	0.85	0.85	0	
14/12/2011 15:11:18	TASTEGGIO	0	1	5000	42060	159131	144	-107	0.31	0.31	0	
14/12/2011 15:11:19	ALARM 401		
14/12/2011 15:11:22	ALARM 205		err.5005
14/12/2011 15:11:32	TASTEGGIO	0	1	5000	42060	159128	144	-107	0.27	0.28	-82000	
14/12/2011 15:11:57	TASTEGGIO	1	0	5000	42060	241093	52	-10	0.17	0.17	0	
14/12/2011 15:11:58	ALARM 401		
14/12/2011 15:12:01	ALARM 205		err.6058
14/12/2011 15:12:15	TASTEGGIO	1	0	5000	42060	159131	52	-10	0.25	0.25	0	
14/12/2011 15:12:37	TASTEGGIO	1	0	5000	42060	159134	51	-34	0.07	0.07	0	
14/12/2011 15:12:45	TASTEGGIO	1	0	5000	42060	159131	51	-34	0.07	0.16	-82000	
14/12/2011 15:12:46	ALARM 401		
14/12/2011 15:12:49	ALARM 401		
14/12/2011 15:12:49	ALARM 401		
14/12/2011 15:12:50	ALARM 401		
14/12/2011 15:13:03	TASTEGGIO	1	0	5000	42060	159130	51	-34	0.08	0.15	-82000	
14/12/2011 15:15:01	TASTEGGIO	1	0	5000	42060	161154	51	-34	0.82	0.82	0	
14/12/2011 15:15:22	TASTEGGIO	1	0	5000	42060	161158	65	-17	0.65	0.65	0	
14/12/2011 15:15:43	TASTEGGIO	0	1	5000	42060	161158	116	-108	0.52	0.52	0	
14/12/2011 15:16:03	TASTEGGIO	0	1	5000	42060	161158	74	-93	0.51	0.51	0	
14/12/2011 15:16:22	TASTEGGIO	0	1	5000	42060	161158	23	-54	0.29	0.29	0	
14/12/2011 15:16:23	ALARM 401		
14/12/2011 15:16:26	ALARM 201		err.6059
14/12/2011 15:16:37	TASTEGGIO	0	1	5000	42060	161154	23	-54	0.29	0.50	-82000	
14/12/2011 15:17:01	TASTEGGIO	1	0	5000	42060	243122	57	-17	0.38	0.38	0	
14/12/2011 15:17:21	TASTEGGIO	0	1	5000	42060	243122	85	-33	0.09	0.09	0	
14/12/2011 15:17:33	TASTEGGIO	0	1	5000	42060	161171	85	-33	0.03	0.23	-119500	
14/12/2011 15:17:57	TASTEGGIO	1	0	5000	42060	280610	50	-17	0.08	0.08	0	
14/12/2011 15:18:09	TASTEGGIO	1	0	5000	42060	161169	50	-17	0.12	0.16	120300	
14/12/2011 15:18:11	ALARM 401		
14/12/2011 15:18:27	TASTEGGIO	1	0	5000	42060	161169	50	-17	0.11	0.14	120300	
14/12/2011 15:20:26	TASTEGGIO	1	0	5000	42060	157742	50	-17	0.29	0.29	-119500	
14/12/2011 15:20:51	TASTEGGIO	1	0	5000	42060	277202	52	-14	0.16	0.16	0	
14/12/2011 15:21:09	TASTEGGIO	0	1	5000	42060	277203	60	-7	0.10	0.10	0	
14/12/2011 15:21:22	TASTEGGIO	0	1	5000	42060	157738	60	-7	0.30	0.30	0	
14/12/2011 15:21:43	TASTEGGIO	1	0	5000	42060	157742	52	-44	0.16	0.16	0	
14/12/2011 15:22:02	TASTEGGIO	0	1	5000	42060	157742	43	-55	0.45	0.45	0	
14/12/2011 15:22:20	TASTEGGIO	0	1	5000	42060	157742	0	-12	0.37	0.37	0	
14/12/2011 15:22:39	TASTEGGIO	0	2	5000	42060	157742	60	-52	0.18	0.18	0	
14/12/2011 15:22:40	ALARM 401		
14/12/2011 15:22:42	ALARM 401		
14/12/2011 15:22:57	TASTEGGIO	0	2	5000	42060	157738	60	-52	0.16	0.17	-82000	
14/12/2011 15:23:21	TASTEGGIO	1	0	5000	42060	239701	49	-17	0.05	0.05	0	
14/12/2011 15:23:33	TASTEGGIO	1	0	5000	42060	157739	49	-17	0.05	0.18	-119500	
14/12/2011 15:23:58	TASTEGGIO	1	0	5000	42060	277199	49	-4	0.17	0.17	0	
14/12/2011 15:24:18	TASTEGGIO	0	1	5000	42060	277199	65	-12	0.13	0.13	0	
14/12/2011 15:24:30	TASTEGGIO	0	1	5000	42060	157737	65	-12	0.10	0.14	-119500	
14/12/2011 15:26:26	TASTEGGIO	0	1	5000	42060	157839	65	-12	0.36	0.38	82800	
14/12/2011 15:26:49	TASTEGGIO	1	0	5000	42060	75077	54	-1	0.38	0.38	0	
14/12/2011 15:27:06	TASTEGGIO	0	1	5000	42060	75073	92	-8	0.29	0.29	0	
14/12/2011 15:27:11	ALARM 401		
14/12/2011 15:27:14	ALARM 203		err.6058
14/12/2011 15:27:28	TASTEGGIO	0	2	5000	42060	157599	123	0	0.27	0.29	120300	
14/12/2011 15:27:51	TASTEGGIO	1	0	5000	42060	37401	52	-9	0.20	0.20	0	
14/12/2011 15:28:09	TASTEGGIO	0	1	5000	42060	37386	65	-5	0.17	0.17	0	
14/12/2011 15:28:10	ALARM 218	proc 12 prog 73 step 17	go_abs 5 cmd 11
14/12/2011 15:28:13	ALARM 401		
14/12/2011 15:28:13	ALARM 401		
14/12/2011 15:28:31	TASTEGGIO	0	1	5000	42060	157598	65	-5	0.21	0.31	-82000	
14/12/2011 15:28:55	TASTEGGIO	1	0	5000	42060	239565	52	-11	0.19	0.19	0	
14/12/2011 15:29:14	TASTEGGIO	0	1	5000	42060	239566	63	-14	0.07	0.07	0	
14/12/2011 15:29:26	TASTEGGIO	0	1	5000	42060	157830	63	-14	0.26	0.26	0	
14/12/2011 15:29:48	TASTEGGIO	1	0	5000	42060	157833	51	-60	0.37	0.37	0	
14/12/2011 15:30:06	TASTEGGIO	0	1	5000	42060	157833	0	-8	0.27	0.27	0	
14/12/2011 15:30:26	TASTEGGIO	0	2	5000	42060	157833	27	-27	0.16	0.16	0	
14/12/2011 15:30:28	ALARM 401		
14/12/2011 15:30:42	TASTEGGIO	0	2	5000	42060	157830	27	-27	0.14	0.24	-82000	
14/12/2011 15:31:07	TASTEGGIO	1	0	5000	42060	239799	51	-9	0.19	0.19	0	
14/12/2011 15:31:27	TASTEGGIO	0	1	5000	42060	239799	66	-3	0.16	0.16	0	
14/12/2011 15:31:29	ALARM 401		
14/12/2011 15:31:32	ALARM 401		
14/12/2011 15:31:50	TASTEGGIO	0	1	5000	42060	157840	66	-3	0.09	0.16	120300	
14/12/2011 15:33:28	ALARM 401		
14/12/2011 15:33:31	ALARM 201		err.6059
14/12/2011 15:39:23	TASTEGGIO	0	1	5000	42060	158926	66	-3	0.93	0.93	0	
14/12/2011 15:39:44	TASTEGGIO	1	0	5000	42060	158929	68	-4	0.88	0.88	0	
14/12/2011 15:40:04	TASTEGGIO	0	1	5000	42060	158929	151	-82	0.19	0.19	0	
14/12/2011 15:40:05	ALARM 401		
14/12/2011 15:40:08	ALARM 401		
14/12/2011 15:40:26	TASTEGGIO	0	1	5000	42060	158926	151	-82	0.17	0.44	-82000	
14/12/2011 15:40:50	TASTEGGIO	1	0	5000	42060	240891	56	-6	0.37	0.37	0	
14/12/2011 15:41:11	TASTEGGIO	0	1	5000	42060	240892	87	-21	0.20	0.20	0	
14/12/2011 15:41:14	ALARM 401		
14/12/2011 15:41:17	ALARM 401		
14/12/2011 15:41:18	ALARM 401		
14/12/2011 15:41:18	ALARM 203		err.6058
14/12/2011 15:41:36	TASTEGGIO	0	2	5000	42060	158936	102	0	0.25	0.25	0	
14/12/2011 15:41:58	TASTEGGIO	1	0	5000	42060	158938	51	-61	0.39	0.39	0	
14/12/2011 15:42:18	TASTEGGIO	0	1	5000	42060	158938	0	-47	0.71	0.71	0	
14/12/2011 15:42:35	TASTEGGIO	0	1	5000	42060	158938	0	-4	0.65	0.65	0	
14/12/2011 15:42:40	ALARM 401		
14/12/2011 15:42:44	ALARM 203		err.5005
14/12/2011 15:42:57	TASTEGGIO	0	2	5000	42060	158935	119	0	0.64	0.64	0	
14/12/2011 15:43:18	TASTEGGIO	1	0	5000	42060	158938	61	-14	0.50	0.50	0	
14/12/2011 15:43:38	TASTEGGIO	0	1	5000	42060	158938	100	-29	0.21	0.21	0	
14/12/2011 15:43:39	ALARM 401		
14/12/2011 15:43:42	ALARM 401		
14/12/2011 15:43:43	ALARM 401		
14/12/2011 15:43:57	TASTEGGIO	0	1	5000	42060	158935	100	-29	0.21	0.26	-82000	
14/12/2011 15:44:20	TASTEGGIO	1	0	5000	42060	240900	51	0	0.29	0.29	0	
14/12/2011 15:44:40	TASTEGGIO	0	1	5000	42060	240901	83	-1	0.27	0.27	0	
14/12/2011 15:44:44	ALARM 401		
14/12/2011 15:45:05	TASTEGGIO	0	2	5000	42060	158934	133	0	0.21	0.25	-82000	
14/12/2011 15:45:30	TASTEGGIO	1	0	5000	42060	240899	51	0	0.26	0.26	0	
14/12/2011 15:45:51	TASTEGGIO	0	1	5000	42060	240899	78	-1	0.24	0.24	0	
14/12/2011 15:46:11	TASTEGGIO	0	2	5000	42060	240899	122	-41	0.15	0.15	0	
14/12/2011 15:46:13	ALARM 401		
14/12/2011 15:46:17	ALARM 205		err.6058
14/12/2011 15:46:32	TASTEGGIO	0	2	5000	42060	158934	122	-41	0.15	0.15	0	
14/12/2011 15:48:30	TASTEGGIO	0	2	5000	42060	161161	122	-41	1.50	1.50	0	
14/12/2011 15:48:49	TASTEGGIO	1	0	5000	42060	161165	82	1	1.49	1.49	0	
14/12/2011 15:49:10	TASTEGGIO	0	1	5000	42060	161165	230	-194	0.68	0.68	0	
14/12/2011 15:49:14	ALARM 401		
14/12/2011 15:49:17	ALARM 202		err.6059
14/12/2011 15:49:27	TASTEGGIO	0	1	5000	42060	161161	198	0	0.65	0.65	0	
14/12/2011 15:49:48	TASTEGGIO	1	0	5000	42060	161165	61	-42	0.24	0.24	0	
14/12/2011 15:50:08	TASTEGGIO	0	0	5000	42060	161165	51	-62	0.34	0.34	0	
14/12/2011 15:50:26	TASTEGGIO	0	1	5000	42060	161165	2	-14	0.19	0.19	0	
14/12/2011 15:50:27	ALARM 401		
14/12/2011 15:50:30	ALARM 205		err.6058
14/12/2011 15:50:41	TASTEGGIO	0	1	5000	42060	161161	2	-14	0.18	0.64	-82000	
14/12/2011 15:51:04	TASTEGGIO	1	0	5000	42060	243107	61	-11	0.56	0.56	0	
14/12/2011 15:51:25	TASTEGGIO	0	1	5000	42060	243107	110	-41	0.30	0.30	0	
14/12/2011 15:51:28	ALARM 401		
14/12/2011 15:51:32	ALARM 201		err.6059
14/12/2011 15:51:47	TASTEGGIO	0	2	5000	42060	161156	132	-41	0.14	0.38	-119500	
14/12/2011 15:52:12	TASTEGGIO	1	0	5000	42060	280621	54	-13	0.24	0.24	0	
14/12/2011 15:52:30	TASTEGGIO	0	1	5000	42060	280621	69	-6	0.17	0.17	0	
14/12/2011 15:52:32	ALARM 401		
14/12/2011 15:52:34	ALARM 201		err.6059
14/12/2011 15:52:49	TASTEGGIO	0	1	5000	42060	161155	69	-6	0.24	0.24	0	
14/12/2011 15:53:12	TASTEGGIO	1	0	5000	42060	161159	51	-28	0.06	0.06	0	
14/12/2011 15:53:19	TASTEGGIO	1	0	5000	42060	161155	51	-28	0.07	0.27	82800	
14/12/2011 15:53:42	TASTEGGIO	1	0	5000	42060	78407	51	-3	0.22	0.22	0	
14/12/2011 15:53:59	TASTEGGIO	0	1	5000	42060	78403	68	-5	0.17	0.17	0	
14/12/2011 15:54:01	ALARM 401		
14/12/2011 15:54:03	ALARM 401		
14/12/2011 15:54:05	ALARM 401		
14/12/2011 15:54:23	TASTEGGIO	0	1	5000	42060	160825	68	-5	0.06	0.22	-119500	
14/12/2011 15:54:47	TASTEGGIO	1	0	5000	42060	280290	50	-2	0.19	0.19	0	
14/12/2011 15:55:06	TASTEGGIO	0	1	5000	42060	280291	66	-3	0.15	0.15	0	
14/12/2011 15:55:09	ALARM 401		
14/12/2011 15:55:11	ALARM 401		
14/12/2011 15:55:11	ALARM 401		
14/12/2011 15:55:14	ALARM 201		err.6059
14/12/2011 15:55:29	TASTEGGIO	0	1	5000	42060	161155	66	-3	0.08	0.19	-82000	
14/12/2011 15:55:54	TASTEGGIO	1	0	5000	42060	243122	49	-33	0.16	0.16	0	
14/12/2011 15:56:13	TASTEGGIO	0	1	5000	42060	243122	35	-17	0.05	0.05	0	
14/12/2011 15:56:24	TASTEGGIO	0	1	5000	42060	161155	35	-17	0.15	0.18	-119500	
14/12/2011 15:56:49	TASTEGGIO	1	0	5000	42060	280601	49	1	0.16	0.16	0	
14/12/2011 15:56:50	ALARM 401		
14/12/2011 15:56:54	ALARM 205		err.6058
14/12/2011 15:57:08	TASTEGGIO	1	0	5000	42060	161167	49	1	0.15	0.18	82800	
14/12/2011 15:57:31	TASTEGGIO	1	0	5000	42060	78413	49	0	0.17	0.17	0	
14/12/2011 15:57:48	TASTEGGIO	0	1	5000	42060	78410	65	-2	0.16	0.16	0	
14/12/2011 15:58:08	TASTEGGIO	0	2	5000	42060	78405	95	-10	0.07	0.07	0	
14/12/2011 15:58:19	TASTEGGIO	0	2	5000	42060	160828	95	-10	0.18	0.18	0	
14/12/2011 15:59:19	ALARM 17	proc 12 prog 10 step 47	LavoroTerminato
14/12/2011 16:06:10	TASTEGGIO	0	2	5000	42060	158120	95	-10	0.40	0.47	-119500	
14/12/2011 16:06:35	TASTEGGIO	1	0	5000	42060	277587	56	-14	0.34	0.34	0	
14/12/2011 16:06:53	TASTEGGIO	0	1	5000	42060	277587	80	-11	0.23	0.23	0	
14/12/2011 16:06:55	ALARM 401		
14/12/2011 16:06:58	ALARM 205		err.6058
14/12/2011 16:07:17	TASTEGGIO	0	1	5000	42060	158123	80	-11	0.24	0.24	0	
14/12/2011 16:07:38	TASTEGGIO	1	0	5000	42060	158126	51	-85	0.56	0.56	0	
14/12/2011 16:07:55	TASTEGGIO	0	1	5000	42060	158126	0	-5	0.50	0.50	0	
14/12/2011 16:08:15	TASTEGGIO	0	2	5000	42060	158126	89	-88	0.41	0.41	0	
14/12/2011 16:08:36	TASTEGGIO	0	1	5000	42060	158126	55	-117	1.50	1.50	0	
14/12/2011 16:08:50	TASTEGGIO	0	1	5000	42060	158126	0	0	1.44	1.44	0	
14/12/2011 16:08:53	ALARM 401		
14/12/2011 16:08:56	ALARM 203		err.6058
14/12/2011 16:09:07	TASTEGGIO	0	2	5000	42060	158122	276	0	1.42	1.42	0	
14/12/2011 16:09:28	TASTEGGIO	1	0	5000	42060	158126	80	-6	1.34	1.34	0	
14/12/2011 16:09:48	TASTEGGIO	0	1	5000	42060	158126	206	-177	0.63	0.63	0	
14/12/2011 16:09:55	ALARM 401		
14/12/2011 16:09:57	ALARM 401		
14/12/2011 16:09:58	ALARM 401		
14/12/2011 16:10:14	TASTEGGIO	0	1	5000	42060	158122	176	0	0.59	0.59	0	
14/12/2011 16:10:36	TASTEGGIO	1	0	5000	42060	158125	59	-55	0.23	0.23	0	
14/12/2011 16:10:56	TASTEGGIO	0	0	5000	42060	158125	50	-33	0.11	0.11	0	
14/12/2011 16:11:04	TASTEGGIO	0	0	5000	42060	158122	50	-33	0.11	0.20	-119500	
14/12/2011 16:11:29	TASTEGGIO	1	0	5000	42060	277569	50	-3	0.19	0.19	0	
14/12/2011 16:11:48	TASTEGGIO	0	1	5000	42060	277569	68	-7	0.17	0.17	0	
14/12/2011 16:12:08	TASTEGGIO	0	2	5000	42060	277569	98	-7	0.09	0.09	0	
14/12/2011 16:12:20	TASTEGGIO	0	2	5000	42060	158128	98	-7	0.05	0.09	-119500	
14/12/2011 16:14:17	TASTEGGIO	0	2	5000	42060	157624	98	-7	0.29	0.45	82800	
14/12/2011 16:14:37	TASTEGGIO	1	0	5000	42060	74886	56	-2	0.45	0.45	0	
14/12/2011 16:14:55	TASTEGGIO	0	1	5000	42060	74881	101	-29	0.17	0.17	0	
14/12/2011 16:14:57	ALARM 401		
14/12/2011 16:14:59	ALARM 401		
14/12/2011 16:15:01	ALARM 401		
14/12/2011 16:15:18	TASTEGGIO	0	1	5000	42060	157398	101	-29	0.13	0.23	-119500	
14/12/2011 16:15:43	TASTEGGIO	1	0	5000	42060	276866	50	-17	0.08	0.08	0	
14/12/2011 16:15:55	TASTEGGIO	1	0	5000	42060	157621	50	-17	0.23	0.30	-82000	
14/12/2011 16:16:20	TASTEGGIO	1	0	5000	42060	239587	52	-18	0.16	0.16	0	
14/12/2011 16:16:38	TASTEGGIO	0	1	5000	42060	239587	60	-17	0.05	0.05	0	
14/12/2011 16:16:49	TASTEGGIO	0	1	5000	42060	157623	60	-17	0.04	0.19	82800	
14/12/2011 16:17:10	TASTEGGIO	1	0	5000	42060	74875	49	0	0.17	0.17	0	
14/12/2011 16:17:28	TASTEGGIO	0	1	5000	42060	74871	64	0	0.15	0.15	0	
14/12/2011 16:17:30	ALARM 401		
14/12/2011 16:17:32	ALARM 401		
14/12/2011 16:17:33	ALARM 401		
14/12/2011 16:17:53	TASTEGGIO	0	1	5000	42060	157403	64	0	0.03	0.20	-119500	
14/12/2011 16:18:19	TASTEGGIO	1	0	5000	42060	276870	50	-3	0.17	0.17	0	
14/12/2011 16:18:38	TASTEGGIO	0	1	5000	42060	276870	64	-2	0.16	0.16	0	
14/12/2011 16:18:57	TASTEGGIO	0	2	5000	42060	276870	94	-7	0.10	0.10	0	
14/12/2011 16:19:09	TASTEGGIO	0	2	5000	42060	157621	94	-7	0.08	0.15	82800	
14/12/2011 16:21:09	TASTEGGIO	0	2	5000	42060	160973	94	-7	0.99	0.99	0	
14/12/2011 16:21:29	TASTEGGIO	1	0	5000	42060	160977	69	-11	0.88	0.88	0	
14/12/2011 16:21:49	TASTEGGIO	0	1	5000	42060	160977	147	-129	0.38	0.38	0	
14/12/2011 16:21:51	ALARM 401		
14/12/2011 16:21:57	ALARM 205		err.6058
14/12/2011 16:22:10	TASTEGGIO	0	1	5000	42060	160973	147	-129	0.36	0.36	0	
14/12/2011 16:22:33	TASTEGGIO	1	0	5000	42060	160977	54	-102	0.72	0.72	0	
14/12/2011 16:22:50	TASTEGGIO	0	1	5000	42060	160976	0	-9	0.66	0.66	0	
14/12/2011 16:23:11	TASTEGGIO	0	2	5000	42060	160976	120	-129	0.78	0.78	0	
14/12/2011 16:23:29	TASTEGGIO	0	1	5000	42060	160976	27	-12	0.60	0.60	0	
14/12/2011 16:23:49	TASTEGGIO	0	2	5000	42060	160977	92	-87	0.27	0.27	0	
14/12/2011 16:23:51	ALARM 401		
14/12/2011 16:24:05	TASTEGGIO	0	2	5000	42060	160973	92	-87	0.26	0.41	82800	
14/12/2011 16:24:27	TASTEGGIO	1	0	5000	42060	78220	55	-2	0.38	0.38	0	
14/12/2011 16:24:46	TASTEGGIO	0	1	5000	42060	78219	90	-9	0.29	0.29	0	
14/12/2011 16:25:05	TASTEGGIO	0	2	5000	42060	78218	121	-33	0.08	0.08	0	
14/12/2011 16:25:17	TASTEGGIO	0	2	5000	42060	160650	121	-33	0.40	0.40	0	
14/12/2011 16:25:39	TASTEGGIO	1	0	5000	42060	160645	55	-37	0.04	0.04	0	
14/12/2011 16:25:47	TASTEGGIO	1	0	5000	42060	160649	55	-37	0.03	0.24	120300	
14/12/2011 16:26:11	TASTEGGIO	1	0	5000	42060	40418	51	-5	0.18	0.18	0	
14/12/2011 16:26:27	TASTEGGIO	0	1	5000	42060	40408	64	-4	0.14	0.14	0	
14/12/2011 16:26:39	TASTEGGIO	0	1	5000	42060	160640	64	-4	0.08	0.14	-82000	
14/12/2011 16:28:36	TASTEGGIO	0	1	5000	42060	157728	64	-4	1.23	1.23	0	
14/12/2011 16:28:55	TASTEGGIO	1	0	5000	42060	157732	76	0	1.24	1.24	0	
14/12/2011 16:29:15	TASTEGGIO	0	1	5000	42060	157732	201	-121	0.33	0.33	0	
14/12/2011 16:29:16	ALARM 401		
14/12/2011 16:29:31	TASTEGGIO	0	1	5000	42060	157729	201	-121	0.31	0.60	-82000	
14/12/2011 16:29:55	TASTEGGIO	1	0	5000	42060	239694	60	-11	0.45	0.45	0	
14/12/2011 16:30:15	TASTEGGIO	0	1	5000	42060	239694	93	-23	0.25	0.25	0	
14/12/2011 16:30:17	ALARM 401		
14/12/2011 16:30:19	ALARM 401		
14/12/2011 16:30:20	ALARM 401		
14/12/2011 16:30:37	TASTEGGIO	0	1	5000	42060	157739	93	-23	0.47	0.47	0	
14/12/2011 16:30:58	TASTEGGIO	1	0	5000	42060	157743	56	-27	0.20	0.20	0	
14/12/2011 16:31:19	TASTEGGIO	0	0	5000	42060	157743	50	-20	0.10	0.10	0	
14/12/2011 16:31:27	TASTEGGIO	0	0	5000	42060	157739	50	-20	0.11	0.33	-82000	
14/12/2011 16:31:51	TASTEGGIO	1	0	5000	42060	239702	53	-5	0.28	0.28	0	
14/12/2011 16:32:11	TASTEGGIO	0	1	5000	42060	239702	76	-1	0.28	0.28	0	
14/12/2011 16:32:32	TASTEGGIO	0	2	5000	42060	239702	132	-59	0.36	0.36	0	
14/12/2011 16:32:54	TASTEGGIO	0	1	5000	42060	239702	85	-28	0.65	0.65	0	
14/12/2011 16:32:59	ALARM 401		
14/12/2011 16:33:01	ALARM 203		err.6058
14/12/2011 16:33:18	TASTEGGIO	0	2	5000	42060	157734	319	0	0.64	0.64	0	
14/12/2011 16:33:39	TASTEGGIO	1	0	5000	42060	157738	61	-1	0.63	0.63	0	
14/12/2011 16:33:59	TASTEGGIO	0	1	5000	42060	157738	123	-64	0.03	0.03	0	
14/12/2011 16:34:06	TASTEGGIO	0	1	5000	42060	157735	123	-64	0.02	0.35	-82000	
14/12/2011 16:34:30	TASTEGGIO	1	0	5000	42060	239698	53	-15	0.18	0.18	0	
14/12/2011 16:34:32	ALARM 218	proc 12 prog 73 step 17	go_abs 5 cmd 11
14/12/2011 16:34:34	ALARM 205		err.6058
14/12/2011 16:34:49	TASTEGGIO	1	0	5000	42060	157743	53	-15	0.12	0.29	82800	
14/12/2011 16:35:12	TASTEGGIO	1	0	5000	42060	74991	52	-3	0.23	0.23	0	
14/12/2011 16:35:30	TASTEGGIO	0	1	5000	42060	74986	70	-2	0.21	0.21	0	
14/12/2011 16:35:48	TASTEGGIO	0	2	5000	42060	74982	108	-19	0.04	0.04	0	
14/12/2011 16:36:00	TASTEGGIO	0	2	5000	42060	157501	108	-19	0.20	0.22	-82000	
14/12/2011 16:36:24	TASTEGGIO	1	0	5000	42060	239466	50	-4	0.16	0.16	0	
14/12/2011 16:36:25	ALARM 401		
14/12/2011 16:36:29	ALARM 205		err.6059
14/12/2011 16:36:45	TASTEGGIO	1	0	5000	42060	157747	50	-4	0.20	0.20	0	
14/12/2011 16:37:08	TASTEGGIO	1	0	5000	42060	157751	50	-66	0.42	0.42	0	
14/12/2011 16:37:25	TASTEGGIO	0	1	5000	42060	157751	0	-5	0.36	0.36	0	
14/12/2011 16:37:44	TASTEGGIO	0	2	5000	42060	157751	61	-13	0.22	0.22	0	
14/12/2011 16:38:05	TASTEGGIO	0	3	5000	42060	157751	84	-30	0.08	0.08	0	
14/12/2011 16:38:13	TASTEGGIO	0	3	5000	42060	157748	84	-30	0.07	0.19	-82000	
14/12/2011 16:38:37	TASTEGGIO	1	0	5000	42060	239708	49	0	0.17	0.17	0	
14/12/2011 16:38:56	TASTEGGIO	0	1	5000	42060	239709	64	-6	0.11	0.11	0	
14/12/2011 16:39:07	TASTEGGIO	0	1	5000	42060	157741	64	-6	0.11	0.14	-82000	
14/12/2011 16:41:06	TASTEGGIO	0	1	5000	42060	160966	64	-6	0.72	0.98	-82000	
14/12/2011 16:41:27	TASTEGGIO	1	0	5000	42060	242931	69	0	1.01	1.01	0	
14/12/2011 16:41:47	TASTEGGIO	0	1	5000	42060	242931	173	-57	0.42	0.42	0	
14/12/2011 16:42:05	TASTEGGIO	0	0	5000	42060	242931	55	0	0.42	0.42	0	
14/12/2011 16:42:25	TASTEGGIO	0	1	5000	42060	242931	97	0	0.40	0.40	0	
14/12/2011 16:42:29	ALARM 401		
14/12/2011 16:42:33	ALARM 201		err.6059
14/12/2011 16:42:50	TASTEGGIO	0	2	5000	42060	160968	173	0	0.29	0.58	-119500	
14/12/2011 16:43:15	TASTEGGIO	1	0	5000	42060	280425	59	-12	0.50	0.50	0	
14/12/2011 16:43:34	TASTEGGIO	0	1	5000	42060	280425	102	-9	0.38	0.38	0	
14/12/2011 16:43:36	ALARM 401		
14/12/2011 16:43:39	ALARM 205		err.6058
14/12/2011 16:43:54	TASTEGGIO	0	1	5000	42060	160978	102	-9	0.17	0.37	-119500	
14/12/2011 16:44:18	TASTEGGIO	1	0	5000	42060	280428	54	1	0.40	0.40	0	
14/12/2011 16:44:37	TASTEGGIO	0	1	5000	42060	280428	97	-1	0.37	0.37	0	
14/12/2011 16:44:58	TASTEGGIO	0	2	5000	42060	280428	165	-25	0.14	0.14	0	
14/12/2011 16:45:10	TASTEGGIO	0	2	5000	42060	160966	165	-25	0.04	0.14	-119500	
14/12/2011 16:47:08	TASTEGGIO	0	2	5000	42060	157921	165	-25	0.39	0.43	82800	
14/12/2011 16:47:28	TASTEGGIO	1	0	5000	42060	75169	55	-1	0.43	0.43	0	
14/12/2011 16:47:45	TASTEGGIO	0	1	5000	42060	75168	98	-3	0.39	0.39	0	
14/12/2011 16:48:06	TASTEGGIO	0	2	5000	42060	75166	168	-60	0.23	0.23	0	
14/12/2011 16:48:10	ALARM 401		
14/12/2011 16:48:28	TASTEGGIO	0	2	5000	42060	157696	168	-60	0.13	0.25	-82000	
14/12/2011 16:48:52	TASTEGGIO	1	0	5000	42060	239661	51	-27	0.07	0.07	0	
14/12/2011 16:49:03	TASTEGGIO	1	0	5000	42060	157929	51	-27	0.07	0.21	82800	
14/12/2011 16:49:25	TASTEGGIO	1	0	5000	42060	75181	50	-6	0.17	0.17	0	
14/12/2011 16:49:42	TASTEGGIO	0	1	5000	42060	75179	63	-12	0.08	0.08	0	
14/12/2011 16:49:53	TASTEGGIO	0	1	5000	42060	157694	63	-12	0.05	0.10	82800	
14/12/2011 16:51:51	TASTEGGIO	0	1	5000	42060	160980	63	-12	0.42	0.46	-119500	
14/12/2011 16:52:16	TASTEGGIO	1	0	5000	42060	280434	56	-14	0.35	0.35	0	
14/12/2011 16:52:35	TASTEGGIO	0	1	5000	42060	280434	82	-13	0.25	0.25	0	
14/12/2011 16:52:37	ALARM 401		
14/12/2011 16:52:40	ALARM 201		err.6059
14/12/2011 16:52:56	TASTEGGIO	0	1	5000	42060	160961	82	-13	0.29	0.29	0	
14/12/2011 16:53:18	TASTEGGIO	1	0	5000	42060	160965	52	-90	0.57	0.57	0	
14/12/2011 16:53:35	TASTEGGIO	0	1	5000	42060	160965	0	-6	0.47	0.47	0	
14/12/2011 16:53:55	TASTEGGIO	0	2	5000	42060	160965	77	-88	0.37	0.37	0	
14/12/2011 16:54:16	TASTEGGIO	0	1	5000	42060	160965	47	-136	1.66	1.66	0	
14/12/2011 16:54:30	TASTEGGIO	0	1	5000	42060	160965	0	-3	1.60	1.60	0	
14/12/2011 16:54:52	TASTEGGIO	0	2	5000	42060	160965	308	-401	0.03	0.03	0	
14/12/2011 16:55:00	TASTEGGIO	0	2	5000	42060	160962	308	-401	0.01	0.01	120300	
14/12/2011 16:55:02	ALARM 401		
14/12/2011 16:55:21	ALARM 401		
14/12/2011 16:56:23	TASTEGGIO	0	2	5000	42060	160962	55	-1	2.11	2.11	0	
14/12/2011 16:57:46	ALARM 401		
14/12/2011 16:58:34	TASTEGGIO	0	2	5000	42060	160962	91	-4	2.19	2.19	0	
14/12/2011 16:58:49	TASTEGGIO	0	2	5000	42060	160961	91	-4	0.00	0.00	82800	
14/12/2011 16:58:55	ALARM 218	proc 12 prog 71 step 58	go_abs 5 cmd 11
14/12/2011 16:59:55	TASTEGGIO	0	2	5000	42060	78207	122	-6	1.46	1.46	0	
14/12/2011 17:00:10	TASTEGGIO	0	2	5000	42060	160644	122	-6	1.77	1.77	0	
14/12/2011 17:00:17	ALARM 401		
14/12/2011 17:01:14	TASTEGGIO	0	2	5000	42060	160640	150	-5	2.17	2.17	0	
14/12/2011 17:01:23	ALARM 401		
14/12/2011 17:02:10	TASTEGGIO	0	2	5000	42060	160640	193	-32	2.45	2.45	0	
14/12/2011 17:02:35	TASTEGGIO	0	2	5000	42060	160640	216	-25	2.28	2.28	0	
14/12/2011 17:03:00	TASTEGGIO	0	2	5000	42060	160640	240	-86	1.58	1.58	0	
14/12/2011 17:03:15	TASTEGGIO	0	2	5000	42060	160644	240	-86	1.56	1.56	0	
14/12/2011 17:03:36	TASTEGGIO	1	0	5000	42060	160640	84	2	1.57	1.57	0	
14/12/2011 17:03:40	ALARM 401		
14/12/2011 17:03:42	ALARM 401		
14/12/2011 17:04:04	TASTEGGIO	0	1	5000	42060	160644	242	0	1.55	1.55	0	
14/12/2011 17:04:24	TASTEGGIO	1	0	5000	42060	160640	84	3	1.57	1.57	0	
14/12/2011 17:04:45	TASTEGGIO	0	1	5000	42060	160640	243	-161	0.14	0.14	0	
14/12/2011 17:04:47	ALARM 401		
14/12/2011 17:04:59	TASTEGGIO	0	1	5000	42060	160644	243	-161	0.13	0.20	-119500	
14/12/2011 17:05:24	TASTEGGIO	1	0	5000	42060	280102	50	-10	0.12	0.12	0	
14/12/2011 17:05:36	TASTEGGIO	1	0	5000	42060	160954	50	-10	0.18	0.20	82800	
14/12/2011 17:05:59	TASTEGGIO	1	0	5000	42060	78204	50	-3	0.17	0.17	0	
