01/02/2012 16:14:29	ALARM 401		
01/02/2012 16:14:31	INIT OK
01/02/2012 16:23:04	ALARM 406		
03/02/2012 07:51:56	ALARM 401		
03/02/2012 07:51:58	INIT OK
03/02/2012 07:54:42	TASTEGGIO	0	0	5500	44021	105726	0	0	0.12	0.18	44500	
03/02/2012 07:55:02	TASTEGGIO	1	0	5500	44021	61306	75	-3	0.16	0.16	0	
03/02/2012 07:55:19	TASTEGGIO	0	1	5500	44021	61294	89	-1	0.15	0.15	0	
03/02/2012 07:55:37	TASTEGGIO	0	2	5500	44021	61287	117	-1	0.15	0.15	0	
03/02/2012 07:55:55	TASTEGGIO	0	3	5500	44021	61285	162	-1	0.14	0.14	0	
03/02/2012 07:56:05	TASTEGGIO	0	3	5500	44021	105689	162	-1	0.09	0.13	44500	
03/02/2012 07:56:25	TASTEGGIO	1	0	5500	44021	61253	66	0	0.14	0.14	0	
03/02/2012 07:56:41	TASTEGGIO	0	1	5500	44021	61242	81	0	0.14	0.14	0	
03/02/2012 07:56:58	TASTEGGIO	0	2	5500	44021	61237	109	0	0.14	0.14	0	
03/02/2012 07:57:16	TASTEGGIO	0	3	5500	44021	61237	151	2	0.14	0.14	0	
03/02/2012 07:57:37	TASTEGGIO	0	4	5500	44021	61242	207	-2	0.11	0.11	0	
03/02/2012 07:57:59	TASTEGGIO	0	5	5500	44021	61243	226	-2	0.10	0.10	0	
03/02/2012 07:58:21	TASTEGGIO	0	6	5500	44021	61256	280	-13	0.05	0.05	0	
03/02/2012 07:58:31	TASTEGGIO	0	6	5500	44021	105688	280	-13	0.04	0.10	-44500	
03/02/2012 07:58:34	ALARM 401		
03/02/2012 07:59:00	TASTEGGIO	0	6	5500	44021	105688	280	-13	0.05	0.10	-44500	
03/02/2012 07:59:22	TASTEGGIO	1	0	5500	44021	150097	63	-2	0.09	0.09	0	
03/02/2012 07:59:39	TASTEGGIO	0	1	5500	44021	150102	71	-1	0.09	0.09	0	
03/02/2012 07:59:58	TASTEGGIO	0	2	5500	44021	150108	89	-1	0.09	0.09	0	
03/02/2012 08:00:17	TASTEGGIO	0	3	5500	44021	150110	116	-1	0.07	0.07	0	
03/02/2012 08:00:28	TASTEGGIO	0	3	5500	44021	105917	116	-1	0.03	0.08	-44500	
03/02/2012 08:02:19	TASTEGGIO	0	3	5500	44021	105898	116	-1	0.17	0.28	44500	
03/02/2012 08:02:40	TASTEGGIO	1	0	5500	44021	61452	97	-1	0.26	0.26	0	
03/02/2012 08:02:58	TASTEGGIO	0	1	5500	44021	61446	121	0	0.25	0.25	0	
03/02/2012 08:03:17	TASTEGGIO	0	2	5500	44021	61443	169	-2	0.23	0.23	0	
03/02/2012 08:03:39	TASTEGGIO	0	3	5500	44021	61444	232	-5	0.21	0.21	0	
03/02/2012 08:04:02	TASTEGGIO	0	4	5500	44021	61436	308	-19	0.03	0.03	0	
03/02/2012 08:04:13	TASTEGGIO	0	4	5500	44021	105692	308	-19	0.03	0.09	-44500	
03/02/2012 08:04:35	TASTEGGIO	1	0	5500	44021	150098	61	-2	0.08	0.08	0	
03/02/2012 08:04:45	TASTEGGIO	1	0	5500	44021	105907	61	-2	0.02	0.08	-44500	
03/02/2012 08:06:36	TASTEGGIO	1	0	5500	44021	105898	61	-2	0.04	0.05	-24500	
03/02/2012 08:08:25	TASTEGGIO	1	0	5500	44021	105894	61	-2	0.06	0.15	-44500	
03/02/2012 08:08:47	TASTEGGIO	1	0	5500	44021	150298	73	-1	0.13	0.13	0	
03/02/2012 08:08:57	TASTEGGIO	1	0	5500	44021	105922	73	-1	0.06	0.13	44500	
03/02/2012 08:09:17	TASTEGGIO	1	0	5500	44021	61460	69	-1	0.11	0.11	0	
03/02/2012 08:09:34	TASTEGGIO	0	1	5500	44021	61459	78	-1	0.11	0.11	0	
03/02/2012 08:09:51	TASTEGGIO	0	2	5500	44021	61459	100	0	0.10	0.10	0	
03/02/2012 08:10:09	TASTEGGIO	0	3	5500	44021	61458	127	0	0.10	0.10	0	
03/02/2012 08:10:29	TASTEGGIO	0	4	5500	44021	61460	167	-2	0.08	0.08	0	
03/02/2012 08:10:40	TASTEGGIO	0	4	5500	44021	105711	167	-2	0.05	0.12	-44500	
03/02/2012 08:11:02	TASTEGGIO	1	0	5500	44021	150116	67	0	0.12	0.12	0	
03/02/2012 08:11:20	TASTEGGIO	0	1	5500	44021	150124	79	-1	0.12	0.12	0	
03/02/2012 08:11:39	TASTEGGIO	0	2	5500	44021	150130	103	-1	0.10	0.10	0	
03/02/2012 08:12:00	TASTEGGIO	0	3	5500	44021	150131	127	-1	0.10	0.10	0	
03/02/2012 08:12:20	TASTEGGIO	0	4	5500	44021	150132	167	-4	0.06	0.06	0	
03/02/2012 08:12:31	TASTEGGIO	0	4	5500	44021	105910	167	-4	0.04	0.08	44500	
03/02/2012 08:14:22	TASTEGGIO	0	4	5500	44021	105896	167	-4	0.04	0.10	-44500	
03/02/2012 08:14:43	TASTEGGIO	1	0	5500	44021	150293	63	-3	0.09	0.09	0	
03/02/2012 08:15:02	TASTEGGIO	0	1	5500	44021	150301	71	0	0.09	0.09	0	
03/02/2012 08:15:20	TASTEGGIO	0	2	5500	44021	150303	89	-1	0.08	0.08	0	
03/02/2012 08:15:31	TASTEGGIO	0	2	5500	44021	105922	89	-1	0.03	0.08	44500	
03/02/2012 08:17:22	TASTEGGIO	0	2	5500	44021	105897	89	-1	0.03	0.13	-44500	
03/02/2012 08:17:44	TASTEGGIO	1	0	5500	44021	150290	69	-2	0.11	0.11	0	
03/02/2012 08:18:03	TASTEGGIO	0	1	5500	44021	150298	78	-1	0.11	0.11	0	
03/02/2012 08:18:21	TASTEGGIO	0	2	5500	44021	150299	100	-2	0.10	0.10	0	
03/02/2012 08:18:42	TASTEGGIO	0	3	5500	44021	150306	127	-1	0.08	0.08	0	
03/02/2012 08:18:52	TASTEGGIO	0	3	5500	44021	105907	127	-1	0.05	0.08	-44500	
03/02/2012 08:20:43	TASTEGGIO	0	3	5500	44021	105897	127	-1	0.01	0.15	44500	
03/02/2012 08:21:03	TASTEGGIO	1	0	5500	44021	61440	73	-2	0.14	0.14	0	
03/02/2012 08:21:14	TASTEGGIO	1	0	5500	44021	105707	73	-2	0.01	0.14	44500	
03/02/2012 08:21:34	TASTEGGIO	1	0	5500	44021	61278	71	0	0.14	0.14	0	
03/02/2012 08:21:50	TASTEGGIO	0	1	5500	44021	61266	85	0	0.13	0.13	0	
03/02/2012 08:22:09	TASTEGGIO	0	2	5500	44021	61256	109	-1	0.14	0.14	0	
03/02/2012 08:22:29	TASTEGGIO	0	3	5500	44021	61255	154	-1	0.12	0.12	0	
03/02/2012 08:22:49	TASTEGGIO	0	4	5500	44021	61252	195	-2	0.11	0.11	0	
03/02/2012 08:23:12	TASTEGGIO	0	5	5500	44021	61248	245	-6	0.04	0.04	0	
03/02/2012 08:23:22	TASTEGGIO	0	5	5500	44021	105687	245	-6	0.08	0.08	0	
03/02/2012 08:25:13	TASTEGGIO	0	5	5500	44021	105895	245	-6	0.08	0.08	44500	
03/02/2012 08:27:04	TASTEGGIO	0	5	5500	44021	105897	245	-6	0.10	0.35	44500	
03/02/2012 08:27:26	TASTEGGIO	1	0	5500	44021	61437	110	0	0.32	0.32	0	
03/02/2012 08:27:44	TASTEGGIO	0	1	5500	44021	61436	139	-1	0.31	0.31	0	
03/02/2012 08:28:05	TASTEGGIO	0	2	5500	44021	61437	199	-4	0.30	0.30	0	
03/02/2012 08:28:28	TASTEGGIO	0	3	5500	44021	61435	286	-14	0.17	0.17	0	
03/02/2012 08:28:49	TASTEGGIO	0	4	5500	44021	61434	305	-15	0.04	0.04	0	
03/02/2012 08:29:00	TASTEGGIO	0	4	5500	44021	105702	305	-15	0.15	0.15	0	
03/02/2012 08:29:20	TASTEGGIO	1	0	5500	44021	105698	73	-2	0.13	0.13	0	
03/02/2012 08:29:28	TASTEGGIO	1	0	5500	44021	105705	73	-2	0.13	0.13	-24500	
03/02/2012 08:29:50	TASTEGGIO	1	0	5500	44021	130165	69	-2	0.13	0.13	0	
03/02/2012 08:30:09	TASTEGGIO	0	1	5500	44021	130166	82	0	0.12	0.12	0	
03/02/2012 08:30:30	TASTEGGIO	0	2	5500	44021	130167	104	0	0.12	0.12	0	
03/02/2012 08:30:50	TASTEGGIO	0	3	5500	44021	130167	140	-3	0.08	0.08	0	
03/02/2012 08:31:00	TASTEGGIO	0	3	5500	44021	105905	140	-3	0.10	0.10	0	
03/02/2012 08:31:20	TASTEGGIO	1	0	5500	44021	105910	63	0	0.09	0.09	0	
03/02/2012 08:31:39	TASTEGGIO	0	1	5500	44021	105910	71	0	0.08	0.08	0	
03/02/2012 08:31:47	TASTEGGIO	0	1	5500	44021	105906	71	0	0.09	0.09	0	
03/02/2012 08:32:07	TASTEGGIO	1	0	5500	44021	105909	61	0	0.09	0.09	0	
03/02/2012 08:32:27	TASTEGGIO	0	1	5500	44021	105909	70	0	0.09	0.09	0	
03/02/2012 08:32:47	TASTEGGIO	0	2	5500	44021	105909	88	-1	0.08	0.08	0	
03/02/2012 08:32:54	TASTEGGIO	0	2	5500	44021	105905	88	-1	0.09	0.09	0	
03/02/2012 08:33:15	TASTEGGIO	1	0	5500	44021	105909	61	0	0.09	0.09	0	
03/02/2012 08:33:34	TASTEGGIO	0	1	5500	44021	105909	70	0	0.08	0.08	0	
03/02/2012 08:33:42	TASTEGGIO	0	1	5500	44021	105905	70	0	0.08	0.09	44500	
03/02/2012 08:34:02	TASTEGGIO	1	0	5500	44021	61442	61	0	0.09	0.09	0	
03/02/2012 08:34:19	TASTEGGIO	0	1	5500	44021	61442	70	0	0.08	0.08	0	
03/02/2012 08:34:29	TASTEGGIO	0	1	5500	44021	105708	70	0	0.11	0.11	0	
03/02/2012 08:34:50	TASTEGGIO	1	0	5500	44021	105704	65	0	0.10	0.10	0	
03/02/2012 08:35:10	TASTEGGIO	0	1	5500	44021	105705	74	0	0.09	0.09	0	
03/02/2012 08:35:29	TASTEGGIO	0	2	5500	44021	105704	90	0	0.08	0.08	0	
03/02/2012 08:35:37	TASTEGGIO	0	2	5500	44021	105708	90	0	0.09	0.09	0	
03/02/2012 08:35:57	TASTEGGIO	1	0	5500	44021	105705	61	0	0.09	0.09	0	
03/02/2012 08:36:16	TASTEGGIO	0	1	5500	44021	105705	70	0	0.10	0.10	0	
03/02/2012 08:36:35	TASTEGGIO	0	2	5500	44021	105705	92	0	0.09	0.09	0	
03/02/2012 08:36:56	TASTEGGIO	0	3	5500	44021	105705	116	-1	0.07	0.07	0	
03/02/2012 08:37:04	TASTEGGIO	0	3	5500	44021	105710	116	-1	0.08	0.08	-44500	
03/02/2012 08:38:55	TASTEGGIO	0	3	5500	44021	105895	116	-1	0.07	0.14	-44500	
03/02/2012 08:39:18	TASTEGGIO	1	0	5500	44021	150282	71	-2	0.13	0.13	0	
03/02/2012 08:39:37	TASTEGGIO	0	1	5500	44021	150290	83	-1	0.13	0.13	0	
03/02/2012 08:39:55	TASTEGGIO	0	2	5500	44021	150291	109	-1	0.12	0.12	0	
03/02/2012 08:40:15	TASTEGGIO	0	3	5500	44021	150294	142	-1	0.10	0.10	0	
03/02/2012 08:40:36	TASTEGGIO	0	4	5500	44021	150295	175	-4	0.07	0.07	0	
03/02/2012 08:40:47	TASTEGGIO	0	4	5500	44021	105908	175	-4	0.05	0.10	44500	
03/02/2012 08:41:06	TASTEGGIO	1	0	5500	44021	61445	63	-1	0.08	0.08	0	
03/02/2012 08:41:17	TASTEGGIO	1	0	5500	44021	105704	63	-1	0.04	0.08	44500	
03/02/2012 08:43:07	TASTEGGIO	1	0	5500	44021	105892	63	-1	0.05	0.06	-24500	
03/02/2012 08:44:58	TASTEGGIO	1	0	5500	44021	105890	63	-1	0.21	0.23	44500	
03/02/2012 08:45:19	TASTEGGIO	1	0	5500	44021	61429	87	-2	0.22	0.22	0	
03/02/2012 08:45:37	TASTEGGIO	0	1	5500	44021	61429	108	0	0.21	0.21	0	
03/02/2012 08:45:56	TASTEGGIO	0	2	5500	44021	61428	148	-1	0.21	0.21	0	
03/02/2012 08:46:16	TASTEGGIO	0	3	5500	44021	61427	211	-4	0.18	0.18	0	
03/02/2012 08:46:39	TASTEGGIO	0	4	5500	44021	61427	272	-11	0.09	0.09	0	
03/02/2012 08:46:49	TASTEGGIO	0	4	5500	44021	105705	272	-11	0.10	0.10	0	
03/02/2012 08:47:10	TASTEGGIO	1	0	5500	44021	105701	63	-1	0.09	0.09	0	
03/02/2012 08:47:28	TASTEGGIO	0	1	5500	44021	105701	71	0	0.10	0.10	0	
03/02/2012 08:47:48	TASTEGGIO	0	2	5500	44021	105702	93	0	0.09	0.09	0	
03/02/2012 08:48:08	TASTEGGIO	0	3	5500	44021	105702	117	-1	0.07	0.07	0	
03/02/2012 08:48:15	TASTEGGIO	0	3	5500	44021	105705	117	-1	0.08	0.09	44500	
03/02/2012 08:48:36	TASTEGGIO	1	0	5500	44021	61267	61	0	0.08	0.08	0	
03/02/2012 08:48:46	TASTEGGIO	1	0	5500	44021	105695	61	0	0.09	0.09	0	
03/02/2012 08:49:06	TASTEGGIO	1	0	5500	44021	105692	61	0	0.08	0.08	0	
03/02/2012 08:49:14	TASTEGGIO	1	0	5500	44021	105696	61	0	0.08	0.09	44500	
03/02/2012 08:49:34	TASTEGGIO	1	0	5500	44021	61257	61	0	0.09	0.09	0	
03/02/2012 08:49:51	TASTEGGIO	0	1	5500	44021	61243	70	0	0.08	0.08	0	
03/02/2012 08:50:02	TASTEGGIO	0	1	5500	44021	105691	70	0	0.08	0.08	44500	
03/02/2012 08:51:51	TASTEGGIO	0	1	5500	44021	105797	70	0	0.08	0.08	-44500	
03/02/2012 08:53:42	TASTEGGIO	0	1	5500	44021	105893	70	0	0.04	0.08	-44500	
03/02/2012 08:55:32	TASTEGGIO	0	1	5500	44021	105890	70	0	0.05	0.15	44500	
03/02/2012 08:55:54	TASTEGGIO	1	0	5500	44021	61428	73	-2	0.14	0.14	0	
03/02/2012 08:56:04	TASTEGGIO	1	0	5500	44021	105711	73	-2	0.04	0.13	44500	
03/02/2012 08:56:25	TASTEGGIO	1	0	5500	44021	61269	69	-1	0.14	0.14	0	
03/02/2012 08:56:41	TASTEGGIO	0	1	5500	44021	61255	84	0	0.14	0.14	0	
03/02/2012 08:57:00	TASTEGGIO	0	2	5500	44021	61246	112	-1	0.13	0.13	0	
03/02/2012 08:57:18	TASTEGGIO	0	3	5500	44021	61244	148	-1	0.12	0.12	0	
03/02/2012 08:57:39	TASTEGGIO	0	4	5500	44021	61244	192	-2	0.10	0.10	0	
03/02/2012 08:57:59	TASTEGGIO	0	5	5500	44021	61244	233	-6	0.06	0.06	0	
03/02/2012 08:58:10	TASTEGGIO	0	5	5500	44021	105698	233	-6	0.03	0.05	-44500	
03/02/2012 09:00:01	TASTEGGIO	0	5	5500	44021	105892	233	-6	0.01	0.05	24500	
03/02/2012 09:01:50	TASTEGGIO	0	5	5500	44021	105895	233	-6	0.03	0.05	-44500	
03/02/2012 09:02:48	ALARM 17	proc 12 prog 10 step 47	LavoroTerminato
03/02/2012 09:04:44	TASTEGGIO	0	5	5500	44021	117297	233	-6	0.07	0.07	0	
03/02/2012 09:06:36	TASTEGGIO	0	5	5500	44021	117292	233	-6	0.07	0.09	24500	
03/02/2012 09:06:58	TASTEGGIO	1	0	5500	44021	92841	61	-2	0.09	0.09	0	
03/02/2012 09:07:17	TASTEGGIO	0	1	5500	44021	92836	70	0	0.08	0.08	0	
03/02/2012 09:07:26	TASTEGGIO	0	1	5500	44021	117155	70	0	0.06	0.08	24500	
03/02/2012 09:08:24	ALARM 17	proc 12 prog 10 step 47	LavoroTerminato
03/02/2012 09:26:27	TASTEGGIO	0	1	7600	52252	121505	70	0	0.08	0.11	24500	
03/02/2012 09:26:53	TASTEGGIO	1	0	7600	52252	97066	225	-6	0.06	0.06	0	
03/02/2012 09:27:03	TASTEGGIO	1	0	7600	52252	121367	225	-6	0.10	0.11	-24500	
03/02/2012 09:27:29	TASTEGGIO	1	0	7600	52252	145813	225	-11	0.24	0.24	0	
03/02/2012 09:27:51	TASTEGGIO	0	1	7600	52252	145823	277	-25	0.02	0.02	0	
03/02/2012 09:28:02	TASTEGGIO	0	1	7600	52252	121471	277	-25	0.09	0.13	24500	
03/02/2012 09:28:28	TASTEGGIO	1	0	7600	52252	97015	228	-1	0.13	0.13	0	
03/02/2012 09:28:49	TASTEGGIO	0	1	7600	52252	97010	241	-3	0.08	0.08	0	
03/02/2012 09:29:00	TASTEGGIO	0	1	7600	52252	121359	241	-3	0.06	0.08	24500	
03/02/2012 09:30:49	TASTEGGIO	0	1	7600	52252	121395	241	-3	0.27	0.33	-24500	
03/02/2012 09:31:15	TASTEGGIO	1	0	7600	52252	145821	254	-12	0.23	0.23	0	
03/02/2012 09:31:38	TASTEGGIO	0	1	7600	52252	145844	270	-9	0.13	0.13	0	
03/02/2012 09:31:48	TASTEGGIO	0	1	7600	52252	121390	270	-9	0.08	0.13	-44500	
03/02/2012 09:32:13	TASTEGGIO	1	0	7600	52252	165813	228	-9	0.07	0.07	0	
03/02/2012 09:32:24	TASTEGGIO	1	0	7600	52252	121399	228	-9	0.03	0.08	-24500	
03/02/2012 09:34:13	TASTEGGIO	1	0	7600	52252	121394	228	-9	0.18	0.18	0	
03/02/2012 09:34:37	TASTEGGIO	1	0	7600	52252	121424	234	-11	0.07	0.07	0	
03/02/2012 09:34:45	TASTEGGIO	1	0	7600	52252	121388	234	-11	0.07	0.16	44500	
03/02/2012 09:35:11	TASTEGGIO	1	0	7600	52252	76933	232	-4	0.13	0.13	0	
03/02/2012 09:35:22	TASTEGGIO	1	0	7600	52252	121265	232	-4	0.10	0.13	44500	
03/02/2012 09:35:47	TASTEGGIO	1	0	7600	52252	76824	228	-1	0.13	0.13	0	
03/02/2012 09:36:10	TASTEGGIO	0	1	7600	52252	76822	241	-1	0.12	0.12	0	
03/02/2012 09:36:31	TASTEGGIO	0	2	7600	52252	76820	263	-3	0.08	0.08	0	
03/02/2012 09:36:42	TASTEGGIO	0	2	7600	52252	121261	263	-3	0.13	0.13	0	
03/02/2012 09:37:07	TASTEGGIO	1	0	7600	52252	121265	228	-3	0.11	0.11	0	
03/02/2012 09:37:31	TASTEGGIO	0	1	7600	52252	121263	237	-2	0.09	0.09	0	
03/02/2012 09:37:54	TASTEGGIO	0	2	7600	52252	121263	251	-5	0.05	0.05	0	
03/02/2012 09:38:02	TASTEGGIO	0	2	7600	52252	121268	251	-5	0.04	0.14	44500	
03/02/2012 09:38:28	TASTEGGIO	1	0	7600	52252	76825	229	-1	0.13	0.13	0	
03/02/2012 09:38:49	TASTEGGIO	0	1	7600	52252	76821	241	0	0.13	0.13	0	
03/02/2012 09:39:12	TASTEGGIO	0	2	7600	52252	76818	267	-1	0.12	0.12	0	
03/02/2012 09:39:33	TASTEGGIO	0	3	7600	52252	76817	300	-7	0.05	0.05	0	
03/02/2012 09:39:44	TASTEGGIO	0	3	7600	52252	121260	300	-7	0.12	0.12	0	
03/02/2012 09:40:09	TASTEGGIO	1	0	7600	52252	121263	227	-1	0.11	0.11	0	
03/02/2012 09:40:32	TASTEGGIO	0	1	7600	52252	121262	237	-1	0.11	0.11	0	
03/02/2012 09:40:54	TASTEGGIO	0	2	7600	52252	121262	259	-2	0.09	0.09	0	
03/02/2012 09:41:17	TASTEGGIO	0	3	7600	52252	121262	281	-10	0.04	0.04	0	
03/02/2012 09:41:25	TASTEGGIO	0	3	7600	52252	121266	281	-10	0.06	0.15	44500	
03/02/2012 09:41:51	TASTEGGIO	1	0	7600	52252	76819	231	-1	0.13	0.13	0	
03/02/2012 09:42:01	TASTEGGIO	1	0	7600	52252	121245	231	-1	0.06	0.14	44500	
03/02/2012 09:42:26	TASTEGGIO	1	0	7600	52252	76807	229	0	0.14	0.14	0	
03/02/2012 09:42:47	TASTEGGIO	0	1	7600	52252	76801	243	0	0.12	0.12	0	
03/02/2012 09:43:09	TASTEGGIO	0	2	7600	52252	76794	263	0	0.13	0.13	0	
03/02/2012 09:43:30	TASTEGGIO	0	3	7600	52252	76794	305	-3	0.09	0.09	0	
03/02/2012 09:43:52	TASTEGGIO	0	4	7600	52252	76790	317	-4	0.06	0.06	0	
03/02/2012 09:44:03	TASTEGGIO	0	4	7600	52252	121245	317	-4	0.06	0.07	44500	
03/02/2012 09:45:52	TASTEGGIO	0	4	7600	52252	121495	317	-4	0.24	0.33	24500	
03/02/2012 09:46:17	TASTEGGIO	1	0	7600	52252	97026	254	-8	0.25	0.25	0	
03/02/2012 09:46:39	TASTEGGIO	0	1	7600	52252	97023	272	-6	0.19	0.19	0	
03/02/2012 09:47:02	TASTEGGIO	0	2	7600	52252	97017	292	-9	0.11	0.11	0	
03/02/2012 09:47:13	TASTEGGIO	0	2	7600	52252	121366	292	-9	0.09	0.16	-44500	
03/02/2012 09:47:38	TASTEGGIO	1	0	7600	52252	165794	232	-12	0.07	0.07	0	
03/02/2012 09:47:49	TASTEGGIO	1	0	7600	52252	121484	232	-12	0.08	0.08	0	
03/02/2012 09:49:38	TASTEGGIO	1	0	7600	52252	121495	232	-12	0.04	0.24	-44500	
03/02/2012 09:50:05	TASTEGGIO	1	0	7600	52252	165925	242	-11	0.13	0.13	0	
03/02/2012 09:50:16	TASTEGGIO	1	0	7600	52252	121500	242	-11	0.09	0.12	-44500	
03/02/2012 09:50:42	TASTEGGIO	1	0	7600	52252	165929	227	-4	0.08	0.08	0	
03/02/2012 09:50:53	TASTEGGIO	1	0	7600	52252	121494	227	-4	0.10	0.10	0	
03/02/2012 09:51:17	TASTEGGIO	1	0	7600	52252	121515	224	-12	0.06	0.06	0	
03/02/2012 09:51:26	TASTEGGIO	1	0	7600	52252	121487	224	-12	0.06	0.12	-44500	
03/02/2012 09:51:52	TASTEGGIO	1	0	7600	52252	165910	227	-2	0.10	0.10	0	
03/02/2012 09:52:13	TASTEGGIO	0	1	7600	52252	165933	235	-2	0.10	0.10	0	
03/02/2012 09:52:36	TASTEGGIO	0	2	7600	52252	165945	255	-5	0.06	0.06	0	
03/02/2012 09:52:47	TASTEGGIO	0	2	7600	52252	121492	255	-5	0.08	0.08	0	
03/02/2012 09:54:36	TASTEGGIO	0	2	7600	52252	121398	255	-5	0.20	0.27	-44500	
03/02/2012 09:55:02	TASTEGGIO	1	0	7600	52252	165830	246	-11	0.18	0.18	0	
03/02/2012 09:55:23	TASTEGGIO	0	1	7600	52252	165852	257	-6	0.12	0.12	0	
03/02/2012 09:55:34	TASTEGGIO	0	1	7600	52252	121398	257	-6	0.07	0.13	-44500	
03/02/2012 09:55:59	TASTEGGIO	1	0	7600	52252	165822	228	-1	0.13	0.13	0	
03/02/2012 09:56:20	TASTEGGIO	0	1	7600	52252	165849	241	-1	0.12	0.12	0	
03/02/2012 09:56:40	TASTEGGIO	0	2	7600	52252	165859	263	-3	0.09	0.09	0	
03/02/2012 09:57:02	TASTEGGIO	0	3	7600	52252	165863	274	-4	0.06	0.06	0	
03/02/2012 09:57:13	TASTEGGIO	0	3	7600	52252	121393	274	-4	0.05	0.07	44500	
03/02/2012 09:59:02	TASTEGGIO	0	3	7600	52252	121392	274	-4	0.23	0.38	-44500	
03/02/2012 09:59:29	TASTEGGIO	1	0	7600	52252	165824	260	-13	0.28	0.28	0	
03/02/2012 09:59:50	TASTEGGIO	0	1	7600	52252	165848	280	-10	0.21	0.21	0	
03/02/2012 10:00:12	TASTEGGIO	0	2	7600	52252	165855	302	-14	0.09	0.09	0	
03/02/2012 10:00:23	TASTEGGIO	0	2	7600	52252	121389	302	-14	0.02	0.09	-44500	
03/02/2012 10:00:48	TASTEGGIO	1	0	7600	52252	165820	223	-1	0.08	0.08	0	
03/02/2012 10:00:59	TASTEGGIO	1	0	7600	52252	121396	223	-1	0.02	0.09	24500	
03/02/2012 10:01:25	TASTEGGIO	1	0	7600	52252	96934	223	-8	0.05	0.05	0	
03/02/2012 10:01:35	TASTEGGIO	1	0	7600	52252	121265	223	-8	0.05	0.11	-44500	
03/02/2012 10:02:02	TASTEGGIO	1	0	7600	52252	165687	225	-2	0.10	0.10	0	
03/02/2012 10:02:23	TASTEGGIO	0	1	7600	52252	165714	234	-1	0.10	0.10	0	
03/02/2012 10:02:44	TASTEGGIO	0	2	7600	52252	165723	254	-1	0.10	0.10	0	
03/02/2012 10:03:05	TASTEGGIO	0	3	7600	52252	165726	284	-4	0.05	0.05	0	
03/02/2012 10:03:16	TASTEGGIO	0	3	7600	52252	121370	284	-4	0.04	0.07	24500	
03/02/2012 10:05:05	TASTEGGIO	0	3	7600	52252	121597	284	-4	0.26	0.26	0	
03/02/2012 10:05:30	TASTEGGIO	1	0	7600	52252	121624	245	-13	0.14	0.14	0	
03/02/2012 10:05:38	TASTEGGIO	1	0	7600	52252	121587	245	-13	0.14	0.15	24500	
03/02/2012 10:06:03	TASTEGGIO	1	0	7600	52252	97123	231	-7	0.10	0.10	0	
03/02/2012 10:06:14	TASTEGGIO	1	0	7600	52252	121466	231	-7	0.09	0.10	24500	
03/02/2012 10:06:39	TASTEGGIO	1	0	7600	52252	97007	224	-2	0.08	0.08	0	
03/02/2012 10:06:49	TASTEGGIO	1	0	7600	52252	121452	224	-2	0.09	0.09	0	
03/02/2012 10:07:14	TASTEGGIO	1	0	7600	52252	121455	223	-3	0.08	0.08	0	
03/02/2012 10:07:22	TASTEGGIO	1	0	7600	52252	121458	223	-3	0.08	0.09	-44500	
03/02/2012 10:07:46	TASTEGGIO	1	0	7600	52252	165891	223	-11	0.04	0.04	0	
03/02/2012 10:07:57	TASTEGGIO	1	0	7600	52252	121578	223	-11	0.10	0.10	0	
03/02/2012 10:08:22	TASTEGGIO	1	0	7600	52252	121599	224	-5	0.05	0.05	0	
03/02/2012 10:08:30	TASTEGGIO	1	0	7600	52252	121572	224	-5	0.05	0.06	44500	
03/02/2012 10:09:26	ALARM 17	proc 12 prog 10 step 47	LavoroTerminato
03/02/2012 10:49:16	TASTEGGIO	1	0	7600	52252	97172	224	-5	0.10	0.10	0	
03/02/2012 10:49:39	TASTEGGIO	1	0	7600	52252	97229	224	-5	0.06	0.06	0	
03/02/2012 10:49:47	TASTEGGIO	1	0	7600	52252	97230	224	-5	0.05	0.11	44500	
03/02/2012 10:50:12	TASTEGGIO	1	0	7600	52252	52783	225	-2	0.08	0.08	0	
03/02/2012 10:50:22	TASTEGGIO	1	0	7600	52252	97148	225	-2	0.07	0.09	44500	
03/02/2012 10:50:47	TASTEGGIO	1	0	7600	52252	52705	223	0	0.09	0.09	0	
03/02/2012 10:51:08	TASTEGGIO	0	1	7600	52252	52701	232	-1	0.09	0.09	0	
03/02/2012 10:51:27	TASTEGGIO	0	2	7600	52252	52697	250	-1	0.08	0.08	0	
03/02/2012 10:51:37	TASTEGGIO	0	2	7600	52252	97140	250	-1	0.08	0.09	44500	
03/02/2012 10:52:01	TASTEGGIO	1	0	7600	52252	52696	223	-1	0.08	0.08	0	
03/02/2012 10:52:12	TASTEGGIO	1	0	7600	52252	97124	223	-1	0.09	0.09	0	
03/02/2012 10:52:35	TASTEGGIO	1	0	7600	52252	97126	223	-2	0.07	0.07	0	
03/02/2012 10:52:43	TASTEGGIO	1	0	7600	52252	97135	223	-2	0.07	0.09	44500	
03/02/2012 10:53:08	TASTEGGIO	1	0	7600	52252	52704	223	0	0.08	0.08	0	
03/02/2012 10:53:19	TASTEGGIO	1	0	7600	52252	97116	223	0	0.08	0.10	44500	
03/02/2012 10:53:43	TASTEGGIO	1	0	7600	52252	52688	224	0	0.09	0.09	0	
03/02/2012 10:54:02	TASTEGGIO	0	1	7600	52252	52682	232	0	0.09	0.09	0	
03/02/2012 10:54:23	TASTEGGIO	0	2	7600	52252	52676	250	-1	0.09	0.09	0	
03/02/2012 10:54:44	TASTEGGIO	0	3	7600	52252	52672	277	-2	0.08	0.08	0	
03/02/2012 10:54:55	TASTEGGIO	0	3	7600	52252	97125	277	-2	0.09	0.09	0	
03/02/2012 10:55:19	TASTEGGIO	1	0	7600	52252	97128	223	-1	0.07	0.07	0	
03/02/2012 10:55:27	TASTEGGIO	1	0	7600	52252	97138	223	-1	0.08	0.08	44500	
03/02/2012 10:57:15	TASTEGGIO	1	0	7600	52252	97393	223	-1	0.07	0.15	-44500	
03/02/2012 10:57:41	TASTEGGIO	1	0	7600	52252	141829	231	-1	0.12	0.12	0	
03/02/2012 10:57:52	TASTEGGIO	1	0	7600	52252	97401	231	-1	0.05	0.17	24500	
03/02/2012 10:58:16	TASTEGGIO	1	0	7600	52252	73002	233	-4	0.19	0.19	0	
03/02/2012 10:58:37	TASTEGGIO	0	1	7600	52252	73003	254	-5	0.14	0.14	0	
03/02/2012 10:58:47	TASTEGGIO	0	1	7600	52252	97244	254	-5	0.07	0.14	24500	
03/02/2012 10:59:11	TASTEGGIO	1	0	7600	52252	72844	229	-1	0.14	0.14	0	
03/02/2012 10:59:32	TASTEGGIO	0	1	7600	52252	72835	243	-1	0.13	0.13	0	
03/02/2012 10:59:54	TASTEGGIO	0	2	7600	52252	72829	267	-2	0.12	0.12	0	
03/02/2012 11:00:15	TASTEGGIO	0	3	7600	52252	72824	300	-6	0.06	0.06	0	
03/02/2012 11:00:25	TASTEGGIO	0	3	7600	52252	97257	300	-6	0.11	0.18	-24500	
03/02/2012 11:00:50	TASTEGGIO	1	0	7600	52252	121715	234	-4	0.14	0.14	0	
03/02/2012 11:01:00	TASTEGGIO	1	0	7600	52252	97380	234	-4	0.07	0.15	-44500	
03/02/2012 11:01:25	TASTEGGIO	1	0	7600	52252	141814	231	-1	0.13	0.13	0	
03/02/2012 11:01:36	TASTEGGIO	1	0	7600	52252	97380	231	-1	0.07	0.13	-44500	
03/02/2012 11:02:01	TASTEGGIO	1	0	7600	52252	141817	228	-2	0.13	0.13	0	
03/02/2012 11:02:21	TASTEGGIO	0	1	7600	52252	141834	241	-1	0.12	0.12	0	
03/02/2012 11:02:42	TASTEGGIO	0	2	7600	52252	141844	263	-3	0.10	0.10	0	
03/02/2012 11:03:03	TASTEGGIO	0	3	7600	52252	141851	287	-5	0.05	0.05	0	
03/02/2012 11:03:14	TASTEGGIO	0	3	7600	52252	97383	287	-5	0.04	0.13	24500	
03/02/2012 11:03:39	TASTEGGIO	1	0	7600	52252	73001	228	0	0.13	0.13	0	
03/02/2012 11:03:58	TASTEGGIO	0	1	7600	52252	72997	241	-1	0.12	0.12	0	
03/02/2012 11:04:20	TASTEGGIO	0	2	7600	52252	72996	263	-1	0.12	0.12	0	
03/02/2012 11:04:41	TASTEGGIO	0	3	7600	52252	72994	299	-1	0.11	0.11	0	
03/02/2012 11:04:42	ALARM 401		
03/02/2012 11:04:45	ALARM 201		err.6059
03/02/2012 11:05:02	TASTEGGIO	0	3	7600	52252	97257	299	-1	0.04	0.12	24500	
03/02/2012 11:05:27	TASTEGGIO	1	0	7600	52252	72851	230	-1	0.11	0.11	0	
03/02/2012 11:05:48	TASTEGGIO	0	1	7600	52252	72843	240	0	0.11	0.11	0	
03/02/2012 11:06:09	TASTEGGIO	0	2	7600	52252	72837	262	0	0.10	0.10	0	
03/02/2012 11:06:31	TASTEGGIO	0	3	7600	52252	72833	289	-2	0.09	0.09	0	
03/02/2012 11:06:52	TASTEGGIO	0	4	7600	52252	72828	321	-4	0.05	0.05	0	
03/02/2012 11:07:03	TASTEGGIO	0	4	7600	52252	97258	321	-4	0.10	0.10	44500	
03/02/2012 11:07:27	TASTEGGIO	1	0	7600	52252	52817	225	-1	0.07	0.07	0	
03/02/2012 11:07:38	TASTEGGIO	1	0	7600	52252	97235	225	-1	0.08	0.09	-24500	
03/02/2012 11:08:35	ALARM 17	proc 12 prog 10 step 47	LavoroTerminato
03/02/2012 11:10:03	TASTEGGIO	1	0	7600	52252	97292	225	-1	0.06	0.12	44500	
03/02/2012 11:10:27	TASTEGGIO	1	0	7600	52252	52835	230	-2	0.12	0.12	0	
03/02/2012 11:10:48	TASTEGGIO	0	1	7600	52252	52835	242	-2	0.12	0.12	0	
03/02/2012 11:11:08	TASTEGGIO	0	2	7600	52252	52836	266	-2	0.10	0.10	0	
03/02/2012 11:11:29	TASTEGGIO	0	3	7600	52252	52837	290	-3	0.09	0.09	0	
03/02/2012 11:11:52	TASTEGGIO	0	4	7600	52252	52839	322	-5	0.07	0.07	0	
03/02/2012 11:12:03	TASTEGGIO	0	4	7600	52252	97156	322	-5	0.06	0.10	-24500	
03/02/2012 11:12:28	TASTEGGIO	1	0	7600	52252	121614	225	-5	0.07	0.07	0	
03/02/2012 11:12:38	TASTEGGIO	1	0	7600	52252	97281	225	-5	0.03	0.09	44500	
03/02/2012 11:13:03	TASTEGGIO	1	0	7600	52252	52835	222	-2	0.09	0.09	0	
03/02/2012 11:13:21	TASTEGGIO	0	1	7600	52252	52829	231	-1	0.08	0.08	0	
03/02/2012 11:13:32	TASTEGGIO	0	1	7600	52252	97133	231	-1	0.05	0.08	-24500	
03/02/2012 11:15:19	TASTEGGIO	0	1	7600	52252	97289	231	-1	0.09	0.13	-44500	
03/02/2012 11:15:44	TASTEGGIO	1	0	7600	52252	141720	232	-4	0.10	0.10	0	
03/02/2012 11:16:05	TASTEGGIO	0	1	7600	52252	141738	239	-4	0.08	0.08	0	
03/02/2012 11:16:16	TASTEGGIO	0	1	7600	52252	97299	239	-4	0.05	0.08	-44500	
03/02/2012 11:18:04	TASTEGGIO	0	1	7600	52252	97498	239	-4	0.15	0.23	24500	
03/02/2012 11:18:29	TASTEGGIO	1	0	7600	52252	73063	257	-5	0.18	0.18	0	
03/02/2012 11:18:49	TASTEGGIO	0	1	7600	52252	73061	271	-2	0.17	0.17	0	
03/02/2012 11:19:12	TASTEGGIO	0	2	7600	52252	73061	303	-5	0.13	0.13	0	
03/02/2012 11:19:22	TASTEGGIO	0	2	7600	52252	97365	303	-5	0.09	0.14	44500	
03/02/2012 11:19:46	TASTEGGIO	1	0	7600	52252	52914	235	-3	0.14	0.14	0	
03/02/2012 11:20:06	TASTEGGIO	0	1	7600	52252	52910	249	-1	0.13	0.13	0	
03/02/2012 11:20:27	TASTEGGIO	0	2	7600	52252	52907	273	-1	0.13	0.13	0	
03/02/2012 11:20:47	TASTEGGIO	0	3	7600	52252	52906	312	-4	0.09	0.09	0	
03/02/2012 11:21:08	TASTEGGIO	0	4	7600	52252	52906	324	-4	0.06	0.06	0	
03/02/2012 11:21:19	TASTEGGIO	0	4	7600	52252	97345	324	-4	0.03	0.06	-44500	
03/02/2012 11:23:07	TASTEGGIO	0	4	7600	52252	97497	324	-4	0.09	0.25	-44500	
03/02/2012 11:23:32	TASTEGGIO	1	0	7600	52252	141931	263	-7	0.19	0.19	0	
03/02/2012 11:23:53	TASTEGGIO	0	1	7600	52252	141949	277	-4	0.16	0.16	0	
03/02/2012 11:24:14	TASTEGGIO	0	2	7600	52252	141962	303	-6	0.10	0.10	0	
03/02/2012 11:24:25	TASTEGGIO	0	2	7600	52252	97497	303	-6	0.07	0.17	44500	
03/02/2012 11:24:49	TASTEGGIO	1	0	7600	52252	53041	242	-3	0.16	0.16	0	
03/02/2012 11:25:09	TASTEGGIO	0	1	7600	52252	53038	257	-2	0.15	0.15	0	
03/02/2012 11:25:29	TASTEGGIO	0	2	7600	52252	53037	285	-3	0.14	0.14	0	
03/02/2012 11:25:40	TASTEGGIO	0	2	7600	52252	97343	285	-3	0.05	0.15	44500	
03/02/2012 11:26:04	TASTEGGIO	1	0	7600	52252	52898	237	0	0.15	0.15	0	
03/02/2012 11:26:25	TASTEGGIO	0	1	7600	52252	52894	252	0	0.15	0.15	0	
03/02/2012 11:26:45	TASTEGGIO	0	2	7600	52252	52891	282	-1	0.15	0.15	0	
03/02/2012 11:27:07	TASTEGGIO	0	3	7600	52252	52889	327	-5	0.11	0.11	0	
03/02/2012 11:27:18	TASTEGGIO	0	3	7600	52252	97334	327	-5	0.04	0.11	44500	
03/02/2012 11:27:42	TASTEGGIO	1	0	7600	52252	52888	227	0	0.11	0.11	0	
03/02/2012 11:28:02	TASTEGGIO	0	1	7600	52252	52884	238	-1	0.12	0.12	0	
03/02/2012 11:28:23	TASTEGGIO	0	2	7600	52252	52881	264	0	0.11	0.11	0	
03/02/2012 11:28:43	TASTEGGIO	0	3	7600	52252	52878	294	0	0.11	0.11	0	
03/02/2012 11:29:04	TASTEGGIO	0	4	7600	52252	52876	338	-3	0.08	0.08	0	
03/02/2012 11:29:15	TASTEGGIO	0	4	7600	52252	97332	338	-3	0.02	0.10	-44500	
03/02/2012 11:29:40	TASTEGGIO	1	0	7600	52252	141765	225	-1	0.09	0.09	0	
03/02/2012 11:30:02	TASTEGGIO	0	1	7600	52252	141784	233	0	0.09	0.09	0	
03/02/2012 11:30:22	TASTEGGIO	0	2	7600	52252	141799	251	0	0.09	0.09	0	
03/02/2012 11:30:45	TASTEGGIO	0	3	7600	52252	141806	278	0	0.09	0.09	0	
03/02/2012 11:31:06	TASTEGGIO	0	4	7600	52252	141811	314	-11	0.06	0.06	0	
03/02/2012 11:31:17	TASTEGGIO	0	4	7600	52252	97465	314	-11	0.10	0.13	44500	
03/02/2012 11:31:41	TASTEGGIO	1	0	7600	52252	53018	232	-3	0.13	0.13	0	
03/02/2012 11:32:01	TASTEGGIO	0	1	7600	52252	53012	245	-1	0.12	0.12	0	
03/02/2012 11:32:21	TASTEGGIO	0	2	7600	52252	53009	267	-1	0.13	0.13	0	
03/02/2012 11:32:42	TASTEGGIO	0	3	7600	52252	53007	309	-1	0.12	0.12	0	
03/02/2012 11:33:03	TASTEGGIO	0	4	7600	52252	53006	353	-2	0.10	0.10	0	
03/02/2012 11:33:24	TASTEGGIO	0	5	7600	52252	53006	394	-13	0.04	0.04	0	
03/02/2012 11:33:35	TASTEGGIO	0	5	7600	52252	97340	394	-13	0.07	0.07	0	
03/02/2012 11:35:22	TASTEGGIO	0	5	7600	52252	97395	394	-13	0.20	0.29	-24500	
03/02/2012 11:35:46	TASTEGGIO	1	0	7600	52252	121844	273	-10	0.22	0.22	0	
03/02/2012 11:36:07	TASTEGGIO	0	1	7600	52252	121861	289	-5	0.17	0.17	0	
03/02/2012 11:36:29	TASTEGGIO	0	2	7600	52252	121874	307	-7	0.11	0.11	0	
03/02/2012 11:36:39	TASTEGGIO	0	2	7600	52252	97392	307	-7	0.07	0.11	-44500	
03/02/2012 11:37:04	TASTEGGIO	1	0	7600	52252	141824	227	-1	0.08	0.08	0	
03/02/2012 11:37:15	TASTEGGIO	1	0	7600	52252	97391	227	-1	0.04	0.08	-24500	
03/02/2012 11:39:03	TASTEGGIO	1	0	7600	52252	97577	227	-1	0.26	0.26	-24500	
03/02/2012 11:39:29	TASTEGGIO	1	0	7600	52252	122041	265	-8	0.20	0.20	0	
03/02/2012 11:39:50	TASTEGGIO	0	1	7600	52252	122057	280	-3	0.17	0.17	0	
03/02/2012 11:40:13	TASTEGGIO	0	2	7600	52252	122067	308	-8	0.10	0.10	0	
03/02/2012 11:40:23	TASTEGGIO	0	2	7600	52252	97585	308	-8	0.14	0.14	0	
03/02/2012 11:40:46	TASTEGGIO	1	0	7600	52252	97618	235	-4	0.11	0.11	0	
03/02/2012 11:41:08	TASTEGGIO	0	1	7600	52252	97619	243	-2	0.09	0.09	0	
03/02/2012 11:41:31	TASTEGGIO	0	2	7600	52252	97617	257	-4	0.07	0.07	0	
03/02/2012 11:41:39	TASTEGGIO	0	2	7600	52252	97580	257	-4	0.07	0.11	-44500	
03/02/2012 11:42:05	TASTEGGIO	1	0	7600	52252	142020	227	-2	0.09	0.09	0	
03/02/2012 11:42:25	TASTEGGIO	0	1	7600	52252	142033	234	-2	0.06	0.06	0	
03/02/2012 11:42:36	TASTEGGIO	0	1	7600	52252	97586	234	-2	0.09	0.09	0	
03/02/2012 11:43:00	TASTEGGIO	1	0	7600	52252	97621	222	-1	0.08	0.08	0	
03/02/2012 11:43:08	TASTEGGIO	1	0	7600	52252	97586	222	-1	0.09	0.09	0	
03/02/2012 11:43:31	TASTEGGIO	1	0	7600	52252	97618	222	-2	0.10	0.10	0	
03/02/2012 11:43:52	TASTEGGIO	0	1	7600	52252	97619	233	0	0.09	0.09	0	
03/02/2012 11:44:14	TASTEGGIO	0	2	7600	52252	97619	249	-1	0.09	0.09	0	
03/02/2012 11:44:35	TASTEGGIO	0	3	7600	52252	97616	276	-3	0.04	0.04	0	
03/02/2012 11:44:43	TASTEGGIO	0	3	7600	52252	97579	276	-3	0.05	0.07	-44500	
03/02/2012 11:45:41	ALARM 17	proc 12 prog 10 step 47	LavoroTerminato
03/02/2012 12:55:54	TASTEGGIO	0	3	7600	52252	97391	276	-3	0.38	0.38	24500	
03/02/2012 12:56:19	TASTEGGIO	1	0	7600	52252	73033	295	-7	0.32	0.32	0	
03/02/2012 12:56:41	TASTEGGIO	0	1	7600	52252	73030	321	-6	0.28	0.28	0	
03/02/2012 12:57:03	TASTEGGIO	0	2	7600	52252	73027	370	-16	0.12	0.12	0	
03/02/2012 12:57:13	TASTEGGIO	0	2	7600	52252	97264	370	-16	0.18	0.18	0	
03/02/2012 12:57:36	TASTEGGIO	1	0	7600	52252	97284	245	-4	0.13	0.13	0	
03/02/2012 12:57:45	TASTEGGIO	1	0	7600	52252	97289	245	-4	0.13	0.13	0	
03/02/2012 12:58:08	TASTEGGIO	1	0	7600	52252	97299	232	0	0.12	0.12	0	
03/02/2012 12:58:28	TASTEGGIO	0	1	7600	52252	97307	243	-1	0.11	0.11	0	
03/02/2012 12:58:50	TASTEGGIO	0	2	7600	52252	97311	263	-2	0.10	0.10	0	
03/02/2012 12:59:11	TASTEGGIO	0	3	7600	52252	97312	290	-10	0.04	0.04	0	
03/02/2012 12:59:20	TASTEGGIO	0	3	7600	52252	97312	290	-10	0.04	0.08	44500	
03/02/2012 13:01:07	TASTEGGIO	0	3	7600	52252	97287	290	-10	0.13	0.22	44500	
03/02/2012 13:01:32	TASTEGGIO	1	0	7600	52252	52834	255	-2	0.21	0.21	0	
03/02/2012 13:01:52	TASTEGGIO	0	1	7600	52252	52830	275	-2	0.20	0.20	0	
03/02/2012 13:02:14	TASTEGGIO	0	2	7600	52252	52827	313	-5	0.17	0.17	0	
03/02/2012 13:02:35	TASTEGGIO	0	3	7600	52252	52826	356	-12	0.08	0.08	0	
03/02/2012 13:02:46	TASTEGGIO	0	3	7600	52252	97153	356	-12	0.07	0.09	24500	
03/02/2012 13:03:09	TASTEGGIO	1	0	7600	52252	72727	222	-2	0.08	0.08	0	
03/02/2012 13:03:19	TASTEGGIO	1	0	7600	52252	97140	222	-2	0.06	0.09	24500	
03/02/2012 13:03:42	TASTEGGIO	1	0	7600	52252	72712	222	-1	0.07	0.07	0	
03/02/2012 13:03:52	TASTEGGIO	1	0	7600	52252	97135	222	-1	0.05	0.08	24500	
03/02/2012 13:05:40	TASTEGGIO	1	0	7600	52252	97389	222	-1	0.20	0.21	-44500	
03/02/2012 13:06:06	TASTEGGIO	1	0	7600	52252	141827	252	-7	0.13	0.13	0	
03/02/2012 13:06:17	TASTEGGIO	1	0	7600	52252	97393	252	-7	0.26	0.26	0	
03/02/2012 13:06:42	TASTEGGIO	1	0	7600	52252	97424	265	-10	0.19	0.19	0	
03/02/2012 13:07:03	TASTEGGIO	0	1	7600	52252	97419	278	-6	0.14	0.14	0	
03/02/2012 13:07:11	TASTEGGIO	0	1	7600	52252	97380	278	-6	0.14	0.20	-44500	
03/02/2012 13:07:37	TASTEGGIO	1	0	7600	52252	141813	250	-2	0.19	0.19	0	
03/02/2012 13:07:58	TASTEGGIO	0	1	7600	52252	141829	268	-3	0.18	0.18	0	
03/02/2012 13:08:21	TASTEGGIO	0	2	7600	52252	141843	302	-8	0.11	0.11	0	
03/02/2012 13:08:32	TASTEGGIO	0	2	7600	52252	97381	302	-8	0.21	0.21	0	
03/02/2012 13:08:56	TASTEGGIO	1	0	7600	52252	97412	252	0	0.20	0.20	0	
03/02/2012 13:09:17	TASTEGGIO	0	1	7600	52252	97410	271	0	0.20	0.20	0	
03/02/2012 13:09:40	TASTEGGIO	0	2	7600	52252	97405	311	-7	0.13	0.13	0	
03/02/2012 13:09:49	TASTEGGIO	0	2	7600	52252	97369	311	-7	0.15	0.16	24500	
03/02/2012 13:10:13	TASTEGGIO	1	0	7600	52252	72989	240	-2	0.14	0.14	0	
03/02/2012 13:10:23	TASTEGGIO	1	0	7600	52252	97235	240	-2	0.14	0.15	-44500	
03/02/2012 13:10:49	TASTEGGIO	1	0	7600	52252	141680	237	-1	0.15	0.15	0	
03/02/2012 13:11:11	TASTEGGIO	0	1	7600	52252	141695	252	-1	0.15	0.15	0	
03/02/2012 13:11:32	TASTEGGIO	0	2	7600	52252	141707	282	-2	0.13	0.13	0	
03/02/2012 13:11:43	TASTEGGIO	0	2	7600	52252	97371	282	-2	0.14	0.14	24500	
03/02/2012 13:12:07	TASTEGGIO	1	0	7600	52252	72996	235	-1	0.15	0.15	0	
03/02/2012 13:12:28	TASTEGGIO	0	1	7600	52252	72991	251	-2	0.14	0.14	0	
03/02/2012 13:12:48	TASTEGGIO	0	2	7600	52252	72988	277	-3	0.11	0.11	0	
03/02/2012 13:13:10	TASTEGGIO	0	3	7600	52252	72985	291	-2	0.09	0.09	0	
03/02/2012 13:13:32	TASTEGGIO	0	4	7600	52252	72984	320	-6	0.04	0.04	0	
03/02/2012 13:13:43	TASTEGGIO	0	4	7600	52252	97260	320	-6	0.11	0.17	-44500	
03/02/2012 13:14:08	TASTEGGIO	1	0	7600	52252	141717	242	-1	0.18	0.18	0	
03/02/2012 13:14:29	TASTEGGIO	0	1	7600	52252	141731	261	-1	0.17	0.17	0	
03/02/2012 13:14:51	TASTEGGIO	0	2	7600	52252	141738	293	-2	0.15	0.15	0	
03/02/2012 13:15:14	TASTEGGIO	0	3	7600	52252	141742	332	-6	0.05	0.05	0	
03/02/2012 13:15:24	TASTEGGIO	0	3	7600	52252	97389	332	-6	0.17	0.17	0	
03/02/2012 13:15:48	TASTEGGIO	1	0	7600	52252	97419	242	0	0.17	0.17	0	
03/02/2012 13:16:09	TASTEGGIO	0	1	7600	52252	97419	259	-1	0.16	0.16	0	
03/02/2012 13:16:30	TASTEGGIO	0	2	7600	52252	97418	289	-1	0.15	0.15	0	
03/02/2012 13:16:53	TASTEGGIO	0	3	7600	52252	97415	331	-7	0.09	0.09	0	
03/02/2012 13:17:01	TASTEGGIO	0	3	7600	52252	97378	331	-7	0.09	0.10	-44500	
03/02/2012 13:17:27	TASTEGGIO	1	0	7600	52252	141835	225	-1	0.09	0.09	0	
03/02/2012 13:17:47	TASTEGGIO	0	1	7600	52252	141846	233	0	0.09	0.09	0	
03/02/2012 13:18:07	TASTEGGIO	0	2	7600	52252	141853	251	0	0.09	0.09	0	
03/02/2012 13:18:29	TASTEGGIO	0	3	7600	52252	141858	278	-1	0.08	0.08	0	
03/02/2012 13:18:40	TASTEGGIO	0	3	7600	52252	97392	278	-1	0.10	0.10	0	
03/02/2012 13:19:03	TASTEGGIO	1	0	7600	52252	97423	225	0	0.09	0.09	0	
03/02/2012 13:19:11	TASTEGGIO	1	0	7600	52252	97392	225	0	0.10	0.10	0	
03/02/2012 13:19:34	TASTEGGIO	1	0	7600	52252	97421	225	-1	0.09	0.09	0	
03/02/2012 13:19:42	TASTEGGIO	1	0	7600	52252	97391	225	-1	0.10	0.10	0	
03/02/2012 13:20:05	TASTEGGIO	1	0	7600	52252	97420	225	0	0.09	0.09	0	
03/02/2012 13:20:13	TASTEGGIO	1	0	7600	52252	97390	225	0	0.10	0.10	0	
03/02/2012 13:20:36	TASTEGGIO	1	0	7600	52252	97419	225	-4	0.14	0.14	0	
03/02/2012 13:20:57	TASTEGGIO	0	1	7600	52252	97419	244	-1	0.12	0.12	0	
03/02/2012 13:21:19	TASTEGGIO	0	2	7600	52252	97419	264	-1	0.12	0.12	0	
03/02/2012 13:21:41	TASTEGGIO	0	3	7600	52252	97416	300	-1	0.11	0.11	0	
03/02/2012 13:22:04	TASTEGGIO	0	4	7600	52252	97412	340	-6	0.08	0.08	0	
03/02/2012 13:22:12	TASTEGGIO	0	4	7600	52252	97376	340	-6	0.08	0.11	24500	
03/02/2012 13:22:36	TASTEGGIO	1	0	7600	52252	72989	227	-1	0.13	0.13	0	
03/02/2012 13:22:55	TASTEGGIO	0	1	7600	52252	72985	242	0	0.12	0.12	0	
03/02/2012 13:23:16	TASTEGGIO	0	2	7600	52252	72983	264	0	0.12	0.12	0	
03/02/2012 13:23:37	TASTEGGIO	0	3	7600	52252	72981	300	-1	0.11	0.11	0	
03/02/2012 13:23:58	TASTEGGIO	0	4	7600	52252	72981	340	-9	0.02	0.02	0	
03/02/2012 13:24:08	TASTEGGIO	0	4	7600	52252	97262	340	-9	0.11	0.11	0	
03/02/2012 13:24:31	TASTEGGIO	1	0	7600	52252	97285	227	-1	0.09	0.09	0	
03/02/2012 13:24:39	TASTEGGIO	1	0	7600	52252	97290	227	-1	0.09	0.10	-44500	
03/02/2012 13:25:04	TASTEGGIO	1	0	7600	52252	141725	225	0	0.10	0.10	0	
03/02/2012 13:25:22	TASTEGGIO	0	1	7600	52252	141743	235	0	0.10	0.10	0	
03/02/2012 13:25:43	TASTEGGIO	0	2	7600	52252	141757	255	0	0.10	0.10	0	
03/02/2012 13:26:03	TASTEGGIO	0	3	7600	52252	141765	285	0	0.10	0.10	0	
03/02/2012 13:26:14	TASTEGGIO	0	3	7600	52252	97395	285	0	0.09	0.10	-44500	
03/02/2012 13:28:03	TASTEGGIO	0	3	7600	52252	97382	285	0	0.06	0.09	24500	
03/02/2012 13:29:50	TASTEGGIO	0	3	7600	52252	97183	285	0	0.18	0.19	24500	
03/02/2012 13:30:14	TASTEGGIO	1	0	7600	52252	72762	247	-4	0.17	0.17	0	
03/02/2012 13:30:34	TASTEGGIO	0	1	7600	52252	72753	262	-2	0.14	0.14	0	
03/02/2012 13:30:45	TASTEGGIO	0	1	7600	52252	97057	262	-2	0.14	0.17	24500	
03/02/2012 13:31:09	TASTEGGIO	1	0	7600	52252	72621	242	-1	0.15	0.15	0	
03/02/2012 13:31:29	TASTEGGIO	0	1	7600	52252	72617	255	0	0.15	0.15	0	
03/02/2012 13:31:50	TASTEGGIO	0	2	7600	52252	72614	285	-3	0.12	0.12	0	
03/02/2012 13:32:00	TASTEGGIO	0	2	7600	52252	97055	285	-3	0.13	0.13	24500	
03/02/2012 13:32:24	TASTEGGIO	1	0	7600	52252	72611	232	-2	0.13	0.13	0	
03/02/2012 13:32:45	TASTEGGIO	0	1	7600	52252	72608	245	-2	0.12	0.12	0	
03/02/2012 13:33:06	TASTEGGIO	0	2	7600	52252	72606	267	0	0.13	0.13	0	
03/02/2012 13:33:28	TASTEGGIO	0	3	7600	52252	72606	309	-4	0.08	0.08	0	
03/02/2012 13:33:38	TASTEGGIO	0	3	7600	52252	97059	309	-4	0.09	0.10	24500	
03/02/2012 13:34:02	TASTEGGIO	1	0	7600	52252	72612	225	-1	0.09	0.09	0	
03/02/2012 13:34:22	TASTEGGIO	0	1	7600	52252	72608	233	-2	0.09	0.09	0	
03/02/2012 13:34:43	TASTEGGIO	0	2	7600	52252	72605	251	0	0.10	0.10	0	
03/02/2012 13:35:04	TASTEGGIO	0	3	7600	52252	72604	284	0	0.10	0.10	0	
03/02/2012 13:35:26	TASTEGGIO	0	4	7600	52252	72602	324	-4	0.07	0.07	0	
03/02/2012 13:35:36	TASTEGGIO	0	4	7600	52252	97062	324	-4	0.08	0.09	24500	
03/02/2012 13:36:00	TASTEGGIO	1	0	7600	52252	72620	222	0	0.07	0.07	0	
03/02/2012 13:36:09	TASTEGGIO	1	0	7600	52252	97043	222	0	0.08	0.08	24500	
03/02/2012 13:37:56	TASTEGGIO	1	0	7600	52252	97376	222	0	0.01	0.18	-44500	
03/02/2012 13:38:22	TASTEGGIO	1	0	7600	52252	141817	245	-6	0.15	0.15	0	
03/02/2012 13:38:43	TASTEGGIO	0	1	7600	52252	141832	257	-5	0.11	0.11	0	
03/02/2012 13:38:54	TASTEGGIO	0	1	7600	52252	97388	257	-5	0.08	0.10	-44500	
03/02/2012 13:39:19	TASTEGGIO	1	0	7600	52252	141825	225	0	0.10	0.10	0	
03/02/2012 13:39:40	TASTEGGIO	0	1	7600	52252	141841	235	0	0.10	0.10	0	
03/02/2012 13:40:02	TASTEGGIO	0	2	7600	52252	141851	255	-2	0.10	0.10	0	
03/02/2012 13:40:23	TASTEGGIO	0	3	7600	52252	141859	285	-4	0.05	0.05	0	
03/02/2012 13:40:34	TASTEGGIO	0	3	7600	52252	97382	285	-4	0.12	0.12	0	
03/02/2012 13:40:58	TASTEGGIO	1	0	7600	52252	97412	230	-4	0.08	0.08	0	
03/02/2012 13:41:06	TASTEGGIO	1	0	7600	52252	97379	230	-4	0.09	0.09	0	
03/02/2012 13:41:29	TASTEGGIO	1	0	7600	52252	97408	222	-2	0.09	0.09	0	
03/02/2012 13:41:51	TASTEGGIO	0	1	7600	52252	97408	231	-1	0.08	0.08	0	
03/02/2012 13:41:59	TASTEGGIO	0	1	7600	52252	97377	231	-1	0.08	0.08	0	
03/02/2012 13:43:47	TASTEGGIO	0	1	7600	52252	97385	231	-1	0.26	0.26	0	
03/02/2012 13:44:11	TASTEGGIO	1	0	7600	52252	97412	265	-7	0.20	0.20	0	
03/02/2012 13:44:32	TASTEGGIO	0	1	7600	52252	97412	280	-4	0.17	0.17	0	
03/02/2012 13:44:55	TASTEGGIO	0	2	7600	52252	97412	308	-7	0.11	0.11	0	
03/02/2012 13:45:03	TASTEGGIO	0	2	7600	52252	97375	308	-7	0.11	0.11	0	
03/02/2012 13:45:27	TASTEGGIO	1	0	7600	52252	97403	227	-2	0.10	0.10	0	
03/02/2012 13:45:49	TASTEGGIO	0	1	7600	52252	97403	236	-1	0.10	0.10	0	
03/02/2012 13:46:11	TASTEGGIO	0	2	7600	52252	97403	256	0	0.10	0.10	0	
03/02/2012 13:46:32	TASTEGGIO	0	3	7600	52252	97403	286	-4	0.07	0.07	0	
03/02/2012 13:46:40	TASTEGGIO	0	3	7600	52252	97373	286	-4	0.07	0.07	0	
03/02/2012 13:48:26	TASTEGGIO	0	3	7600	52252	97282	286	-4	0.11	0.13	-24500	
03/02/2012 13:48:52	TASTEGGIO	1	0	7600	52252	121738	232	-5	0.10	0.10	0	
03/02/2012 13:49:12	TASTEGGIO	0	1	7600	52252	121755	239	-2	0.09	0.09	0	
03/02/2012 13:49:34	TASTEGGIO	0	2	7600	52252	121766	255	-3	0.07	0.07	0	
03/02/2012 13:49:45	TASTEGGIO	0	2	7600	52252	97288	255	-3	0.05	0.07	-44500	
03/02/2012 13:51:32	TASTEGGIO	0	2	7600	52252	97376	255	-3	0.08	0.13	44500	
03/02/2012 13:51:57	TASTEGGIO	1	0	7600	52252	52934	232	-3	0.12	0.12	0	
03/02/2012 13:52:16	TASTEGGIO	0	1	7600	52252	52927	243	-1	0.12	0.12	0	
03/02/2012 13:52:36	TASTEGGIO	0	2	7600	52252	52924	267	-2	0.11	0.11	0	
03/02/2012 13:52:58	TASTEGGIO	0	3	7600	52252	52922	297	-3	0.09	0.09	0	
03/02/2012 13:53:21	TASTEGGIO	0	4	7600	52252	52922	326	-4	0.06	0.06	0	
03/02/2012 13:53:32	TASTEGGIO	0	4	7600	52252	97246	326	-4	0.03	0.08	-44500	
03/02/2012 13:55:19	TASTEGGIO	0	4	7600	52252	97388	326	-4	0.09	0.11	24500	
03/02/2012 13:55:43	TASTEGGIO	1	0	7600	52252	72997	227	-4	0.09	0.09	0	
03/02/2012 13:56:03	TASTEGGIO	0	1	7600	52252	72994	234	-1	0.08	0.08	0	
03/02/2012 13:56:13	TASTEGGIO	0	1	7600	52252	97250	234	-1	0.09	0.09	0	
03/02/2012 13:56:37	TASTEGGIO	1	0	7600	52252	97250	222	-4	0.05	0.05	0	
03/02/2012 13:56:45	TASTEGGIO	1	0	7600	52252	97255	222	-4	0.05	0.11	44500	
03/02/2012 13:57:10	TASTEGGIO	1	0	7600	52252	52807	227	-1	0.09	0.09	0	
03/02/2012 13:57:31	TASTEGGIO	0	1	7600	52252	52804	234	-1	0.09	0.09	0	
03/02/2012 13:57:50	TASTEGGIO	0	2	7600	52252	52801	252	-1	0.09	0.09	0	
03/02/2012 13:58:11	TASTEGGIO	0	3	7600	52252	52799	279	-2	0.08	0.08	0	
03/02/2012 13:58:22	TASTEGGIO	0	3	7600	52252	97233	279	-2	0.07	0.07	44500	
03/02/2012 14:00:09	TASTEGGIO	0	3	7600	52252	97385	279	-2	0.08	0.20	24500	
03/02/2012 14:00:34	TASTEGGIO	1	0	7600	52252	72996	250	-2	0.18	0.18	0	
03/02/2012 14:00:54	TASTEGGIO	0	1	7600	52252	72994	266	-3	0.13	0.13	0	
03/02/2012 14:01:04	TASTEGGIO	0	1	7600	52252	97256	266	-3	0.02	0.16	24500	
03/02/2012 14:01:28	TASTEGGIO	1	0	7600	52252	72842	240	-1	0.15	0.15	0	
03/02/2012 14:01:49	TASTEGGIO	0	1	7600	52252	72833	254	-1	0.15	0.15	0	
03/02/2012 14:02:11	TASTEGGIO	0	2	7600	52252	72828	284	-3	0.13	0.13	0	
03/02/2012 14:02:21	TASTEGGIO	0	2	7600	52252	97258	284	-3	0.02	0.14	44500	
03/02/2012 14:02:45	TASTEGGIO	1	0	7600	52252	52809	235	-1	0.12	0.12	0	
03/02/2012 14:03:06	TASTEGGIO	0	1	7600	52252	52806	245	0	0.12	0.12	0	
03/02/2012 14:03:26	TASTEGGIO	0	2	7600	52252	52803	269	-1	0.11	0.11	0	
03/02/2012 14:03:48	TASTEGGIO	0	3	7600	52252	52802	299	-2	0.10	0.10	0	
03/02/2012 14:04:09	TASTEGGIO	0	4	7600	52252	52800	335	-5	0.04	0.04	0	
03/02/2012 14:04:20	TASTEGGIO	0	4	7600	52252	97240	335	-5	0.07	0.07	0	
03/02/2012 14:06:07	TASTEGGIO	0	4	7600	52252	97481	335	-5	0.12	0.24	44500	
03/02/2012 14:06:33	TASTEGGIO	1	0	7600	52252	53027	260	-2	0.25	0.25	0	
03/02/2012 14:06:53	TASTEGGIO	0	1	7600	52252	53024	286	-3	0.19	0.19	0	
03/02/2012 14:07:15	TASTEGGIO	0	2	7600	52252	53023	306	-2	0.17	0.17	0	
03/02/2012 14:07:36	TASTEGGIO	0	3	7600	52252	53022	351	-8	0.11	0.11	0	
03/02/2012 14:07:47	TASTEGGIO	0	3	7600	52252	97351	351	-8	0.05	0.11	24500	
03/02/2012 14:08:11	TASTEGGIO	1	0	7600	52252	72970	227	-1	0.09	0.09	0	
03/02/2012 14:08:31	TASTEGGIO	0	1	7600	52252	72966	234	-1	0.09	0.09	0	
03/02/2012 14:08:52	TASTEGGIO	0	2	7600	52252	72963	252	0	0.08	0.08	0	
03/02/2012 14:09:02	TASTEGGIO	0	2	7600	52252	97361	252	0	0.02	0.09	44500	
03/02/2012 14:09:25	TASTEGGIO	1	0	7600	52252	52904	222	0	0.09	0.09	0	
03/02/2012 14:09:44	TASTEGGIO	0	1	7600	52252	52901	231	-1	0.08	0.08	0	
03/02/2012 14:09:55	TASTEGGIO	0	1	7600	52252	97334	231	-1	0.04	0.08	44500	
03/02/2012 14:10:52	ALARM 17	proc 12 prog 10 step 47	LavoroTerminato
03/02/2012 14:33:42	TASTEGGIO	0	1	6000	45980	92064	231	-1	0.72	0.76	24500	
03/02/2012 14:34:07	TASTEGGIO	1	0	6000	45980	67651	257	-14	0.61	0.61	0	
03/02/2012 14:34:29	TASTEGGIO	0	1	6000	45980	67642	305	-19	0.42	0.42	0	
03/02/2012 14:34:51	TASTEGGIO	0	2	6000	45980	67623	345	-31	0.13	0.13	0	
03/02/2012 14:35:01	TASTEGGIO	0	2	6000	45980	92023	345	-31	0.22	0.22	-24500	
03/02/2012 14:35:24	TASTEGGIO	1	0	6000	45980	116487	166	-10	0.13	0.13	0	
03/02/2012 14:35:34	TASTEGGIO	1	0	6000	45980	92195	166	-10	0.14	0.17	44500	
03/02/2012 14:35:57	TASTEGGIO	1	0	6000	45980	47742	158	-1	0.16	0.16	0	
03/02/2012 14:36:16	TASTEGGIO	0	1	6000	45980	47733	173	0	0.16	0.16	0	
03/02/2012 14:36:35	TASTEGGIO	0	2	6000	45980	47733	205	-4	0.13	0.13	0	
03/02/2012 14:36:46	TASTEGGIO	0	2	6000	45980	92014	205	-4	0.12	0.14	44500	
03/02/2012 14:37:09	TASTEGGIO	1	0	6000	45980	47566	153	0	0.13	0.13	0	
03/02/2012 14:37:28	TASTEGGIO	0	1	6000	45980	47559	165	0	0.14	0.14	0	
03/02/2012 14:37:48	TASTEGGIO	0	2	6000	45980	47552	195	0	0.14	0.14	0	
03/02/2012 14:38:08	TASTEGGIO	0	3	6000	45980	47551	237	-5	0.09	0.09	0	
03/02/2012 14:38:19	TASTEGGIO	0	3	6000	45980	92009	237	-5	0.09	0.11	-44500	
03/02/2012 14:38:43	TASTEGGIO	1	0	6000	45980	136475	148	-7	0.03	0.03	0	
03/02/2012 14:38:53	TASTEGGIO	1	0	6000	45980	92187	148	-7	0.05	0.09	44500	
03/02/2012 14:40:44	TASTEGGIO	1	0	6000	45980	92287	148	-7	1.75	1.99	-24500	
03/02/2012 14:41:10	TASTEGGIO	1	0	6000	45980	116754	400	-43	1.55	1.55	0	
03/02/2012 14:41:32	TASTEGGIO	0	1	6000	45980	116757	400	-23	1.32	1.32	0	
03/02/2012 14:41:56	TASTEGGIO	0	2	6000	45980	116762	400	-14	1.19	1.19	0	
03/02/2012 14:42:18	TASTEGGIO	0	3	6000	45980	116765	400	-9	1.09	1.09	0	
03/02/2012 14:42:42	TASTEGGIO	0	4	6000	45980	116768	400	-6	1.04	1.04	0	
03/02/2012 14:43:05	TASTEGGIO	0	5	6000	45980	116768	400	-8	0.95	0.95	0	
03/02/2012 14:43:29	TASTEGGIO	0	6	6000	45980	116768	400	-6	0.90	0.90	0	
03/02/2012 14:43:52	TASTEGGIO	0	7	6000	45980	116768	400	-8	0.83	0.83	0	
03/02/2012 14:43:55	ALARM 401		
03/02/2012 14:43:57	ALARM 205		err.6058
03/02/2012 14:44:10	TASTEGGIO	0	7	6000	45980	92302	400	-8	0.77	0.84	-24500	
03/02/2012 14:44:35	TASTEGGIO	1	0	6000	45980	116755	271	1	0.84	0.84	0	
03/02/2012 14:44:36	ALARM 401		
03/02/2012 14:44:39	ALARM 201		err.6059
03/02/2012 14:44:47	TASTEGGIO	1	0	6000	45980	116755	271	1	0.85	0.85	0	
03/02/2012 14:45:13	TASTEGGIO	1	0	6000	45980	116755	434	-22	0.62	0.62	0	
03/02/2012 14:45:47	TASTEGGIO	1	0	6000	45980	92302	452	-35	0.33	0.55	44500	
03/02/2012 14:46:17	TASTEGGIO	1	0	6000	45980	47848	481	-108	0.55	0.55	0	
03/02/2012 14:46:52	TASTEGGIO	1	0	6000	45980	92115	522	-180	0.76	1.25	44500	
03/02/2012 14:47:22	TASTEGGIO	1	0	6000	45980	47688	522	-138	0.30	0.30	0	
03/02/2012 14:47:37	TASTEGGIO	1	0	6000	45980	92109	522	-138	0.32	0.32	0	
03/02/2012 14:47:54	TASTEGGIO	1	0	6000	45980	92110	522	-138	0.33	0.33	0	
03/02/2012 14:48:16	TASTEGGIO	1	0	6000	45980	92106	185	-11	0.21	0.21	0	
03/02/2012 14:48:38	TASTEGGIO	0	1	6000	45980	92107	198	-6	0.16	0.16	0	
03/02/2012 14:48:59	TASTEGGIO	0	2	6000	45980	92106	215	-7	0.08	0.08	0	
03/02/2012 14:49:07	TASTEGGIO	0	2	6000	45980	92114	215	-7	0.08	0.17	44500	
03/02/2012 14:49:29	TASTEGGIO	1	0	6000	45980	47677	158	-2	0.15	0.15	0	
03/02/2012 14:49:49	TASTEGGIO	0	1	6000	45980	47665	171	-1	0.15	0.15	0	
03/02/2012 14:50:08	TASTEGGIO	0	2	6000	45980	47655	201	-2	0.13	0.13	0	
03/02/2012 14:50:19	TASTEGGIO	0	2	6000	45980	92108	201	-2	0.05	0.13	44500	
03/02/2012 14:50:41	TASTEGGIO	1	0	6000	45980	47669	151	-1	0.14	0.14	0	
03/02/2012 14:50:59	TASTEGGIO	0	1	6000	45980	47657	166	-1	0.13	0.13	0	
03/02/2012 14:51:18	TASTEGGIO	0	2	6000	45980	47648	190	-1	0.13	0.13	0	
03/02/2012 14:51:39	TASTEGGIO	0	3	6000	45980	47644	229	-2	0.11	0.11	0	
03/02/2012 14:52:01	TASTEGGIO	0	4	6000	45980	47641	266	-4	0.08	0.08	0	
03/02/2012 14:52:12	TASTEGGIO	0	4	6000	45980	92115	266	-4	0.03	0.11	-44500	
03/02/2012 14:52:35	TASTEGGIO	1	0	6000	45980	136576	148	-3	0.07	0.07	0	
03/02/2012 14:52:46	TASTEGGIO	1	0	6000	45980	92296	148	-3	0.05	0.08	-44500	
03/02/2012 14:54:35	TASTEGGIO	1	0	6000	45980	92183	148	-3	0.54	0.65	-24500	
03/02/2012 14:55:00	TASTEGGIO	1	0	6000	45980	116646	239	-20	0.45	0.45	0	
03/02/2012 14:55:22	TASTEGGIO	0	1	6000	45980	116651	270	-17	0.28	0.28	0	
03/02/2012 14:55:45	TASTEGGIO	0	2	6000	45980	116658	294	-22	0.17	0.17	0	
03/02/2012 14:56:08	TASTEGGIO	0	3	6000	45980	116659	311	-45	0.30	0.30	0	
03/02/2012 14:56:30	TASTEGGIO	0	1	6000	45980	116666	258	-48	0.20	0.20	0	
03/02/2012 14:56:52	TASTEGGIO	0	1	6000	45980	116666	244	-15	0.07	0.07	0	
03/02/2012 14:57:02	TASTEGGIO	0	1	6000	45980	92202	244	-15	0.15	0.30	44500	
03/02/2012 14:57:26	TASTEGGIO	1	0	6000	45980	47749	180	-6	0.24	0.24	0	
03/02/2012 14:57:45	TASTEGGIO	0	1	6000	45980	47742	199	-4	0.19	0.19	0	
03/02/2012 14:58:06	TASTEGGIO	0	2	6000	45980	47742	220	-4	0.16	0.16	0	
03/02/2012 14:58:26	TASTEGGIO	0	3	6000	45980	47744	260	-7	0.09	0.09	0	
03/02/2012 14:58:37	TASTEGGIO	0	3	6000	45980	92013	260	-7	0.10	0.26	-44500	
03/02/2012 14:59:02	TASTEGGIO	1	0	6000	45980	136477	173	-8	0.18	0.18	0	
03/02/2012 14:59:22	TASTEGGIO	0	1	6000	45980	136480	185	-3	0.15	0.15	0	
03/02/2012 14:59:42	TASTEGGIO	0	2	6000	45980	136481	209	-5	0.10	0.10	0	
03/02/2012 14:59:53	TASTEGGIO	0	2	6000	45980	92192	209	-5	0.14	0.17	24500	
03/02/2012 15:00:16	TASTEGGIO	1	0	6000	45980	67757	158	-5	0.12	0.12	0	
03/02/2012 15:00:26	TASTEGGIO	1	0	6000	45980	92013	158	-5	0.11	0.13	-44500	
03/02/2012 15:00:50	TASTEGGIO	1	0	6000	45980	136475	151	-1	0.13	0.13	0	
03/02/2012 15:01:11	TASTEGGIO	0	1	6000	45980	136478	164	-2	0.12	0.12	0	
03/02/2012 15:01:31	TASTEGGIO	0	2	6000	45980	136479	186	0	0.11	0.11	0	
03/02/2012 15:01:52	TASTEGGIO	0	3	6000	45980	136480	216	-3	0.09	0.09	0	
03/02/2012 15:02:02	TASTEGGIO	0	3	6000	45980	92192	216	-3	0.10	0.13	24500	
03/02/2012 15:02:25	TASTEGGIO	1	0	6000	45980	67753	151	-1	0.11	0.11	0	
03/02/2012 15:02:35	TASTEGGIO	1	0	6000	45980	92016	151	-1	0.10	0.13	24500	
03/02/2012 15:02:58	TASTEGGIO	1	0	6000	45980	67589	151	0	0.10	0.10	0	
03/02/2012 15:03:08	TASTEGGIO	1	0	6000	45980	92011	151	0	0.10	0.12	24500	
03/02/2012 15:03:30	TASTEGGIO	1	0	6000	45980	67587	150	0	0.11	0.11	0	
03/02/2012 15:03:40	TASTEGGIO	1	0	6000	45980	92009	150	0	0.10	0.12	24500	
03/02/2012 15:05:29	TASTEGGIO	1	0	6000	45980	92186	150	0	0.15	0.18	-24500	
03/02/2012 15:05:53	TASTEGGIO	1	0	6000	45980	116646	160	-14	0.05	0.05	0	
03/02/2012 15:06:03	TASTEGGIO	1	0	6000	45980	92201	160	-14	0.08	0.16	44500	
03/02/2012 15:06:27	TASTEGGIO	1	0	6000	45980	47740	156	-5	0.11	0.11	0	
03/02/2012 15:06:37	TASTEGGIO	1	0	6000	45980	92016	156	-5	0.07	0.12	44500	
03/02/2012 15:06:59	TASTEGGIO	1	0	6000	45980	47578	150	-2	0.10	0.10	0	
03/02/2012 15:07:10	TASTEGGIO	1	0	6000	45980	92008	150	-2	0.07	0.11	44500	
03/02/2012 15:07:32	TASTEGGIO	1	0	6000	45980	47571	148	-2	0.11	0.11	0	
03/02/2012 15:07:51	TASTEGGIO	0	1	6000	45980	47562	159	-1	0.11	0.11	0	
03/02/2012 15:08:10	TASTEGGIO	0	2	6000	45980	47554	181	-2	0.10	0.10	0	
03/02/2012 15:08:21	TASTEGGIO	0	2	6000	45980	92008	181	-2	0.07	0.11	44500	
03/02/2012 15:08:43	TASTEGGIO	1	0	6000	45980	47574	148	-1	0.10	0.10	0	
03/02/2012 15:08:53	TASTEGGIO	1	0	6000	45980	92006	148	-1	0.08	0.11	44500	
03/02/2012 15:09:16	TASTEGGIO	1	0	6000	45980	47578	148	-1	0.10	0.10	0	
03/02/2012 15:09:26	TASTEGGIO	1	0	6000	45980	92007	148	-1	0.08	0.11	44500	
03/02/2012 15:09:49	TASTEGGIO	1	0	6000	45980	47578	148	0	0.10	0.10	0	
03/02/2012 15:10:00	TASTEGGIO	1	0	6000	45980	92001	148	0	0.08	0.11	44500	
03/02/2012 15:10:22	TASTEGGIO	1	0	6000	45980	47567	148	-1	0.11	0.11	0	
03/02/2012 15:10:42	TASTEGGIO	0	1	6000	45980	47562	159	-2	0.10	0.10	0	
03/02/2012 15:10:52	TASTEGGIO	0	1	6000	45980	92007	159	-2	0.07	0.11	44500	
03/02/2012 15:11:15	TASTEGGIO	1	0	6000	45980	47575	148	-1	0.10	0.10	0	
03/02/2012 15:11:25	TASTEGGIO	1	0	6000	45980	92010	148	-1	0.07	0.11	44500	
03/02/2012 15:11:48	TASTEGGIO	1	0	6000	45980	47573	148	0	0.10	0.10	0	
03/02/2012 15:11:59	TASTEGGIO	1	0	6000	45980	92011	148	0	0.07	0.10	44500	
03/02/2012 15:13:49	TASTEGGIO	1	0	6000	45980	92190	148	0	0.66	0.78	-24500	
03/02/2012 15:14:14	TASTEGGIO	1	0	6000	45980	116650	261	-24	0.52	0.52	0	
03/02/2012 15:14:37	TASTEGGIO	0	1	6000	45980	116657	295	-21	0.33	0.33	0	
03/02/2012 15:14:59	TASTEGGIO	0	2	6000	45980	116663	324	-30	0.10	0.10	0	
03/02/2012 15:15:09	TASTEGGIO	0	2	6000	45980	92204	324	-30	0.07	0.17	-44500	
03/02/2012 15:15:33	TASTEGGIO	1	0	6000	45980	136659	158	-6	0.10	0.10	0	
03/02/2012 15:15:43	TASTEGGIO	1	0	6000	45980	92202	158	-6	0.04	0.11	-44500	
03/02/2012 15:16:07	TASTEGGIO	1	0	6000	45980	136656	148	-2	0.09	0.09	0	
03/02/2012 15:16:18	TASTEGGIO	1	0	6000	45980	92201	148	-2	0.05	0.10	-44500	
03/02/2012 15:18:08	TASTEGGIO	1	0	6000	45980	92289	148	-2	0.38	0.43	-44500	
03/02/2012 15:18:33	TASTEGGIO	1	0	6000	45980	136748	202	-17	0.27	0.27	0	
03/02/2012 15:18:55	TASTEGGIO	0	1	6000	45980	136751	218	-11	0.16	0.16	0	
03/02/2012 15:19:16	TASTEGGIO	0	2	6000	45980	136753	231	-12	0.07	0.07	0	
03/02/2012 15:19:27	TASTEGGIO	0	2	6000	45980	92299	231	-12	0.15	0.16	24500	
03/02/2012 15:19:50	TASTEGGIO	1	0	6000	45980	67859	156	-8	0.08	0.08	0	
03/02/2012 15:19:59	TASTEGGIO	1	0	6000	45980	92122	156	-8	0.10	0.10	0	
03/02/2012 15:21:50	TASTEGGIO	1	0	6000	45980	92185	156	-8	0.80	0.88	24500	
03/02/2012 15:22:15	TASTEGGIO	1	0	6000	45980	67735	277	-24	0.63	0.63	0	
03/02/2012 15:22:37	TASTEGGIO	0	1	6000	45980	67722	322	-24	0.40	0.40	0	
03/02/2012 15:23:00	TASTEGGIO	0	2	6000	45980	67718	357	-33	0.10	0.10	0	
03/02/2012 15:23:10	TASTEGGIO	0	2	6000	45980	92023	357	-33	0.15	0.21	-44500	
03/02/2012 15:23:34	TASTEGGIO	1	0	6000	45980	136486	165	-10	0.11	0.11	0	
03/02/2012 15:23:45	TASTEGGIO	1	0	6000	45980	92195	165	-10	0.10	0.11	-44500	
03/02/2012 15:24:09	TASTEGGIO	1	0	6000	45980	136653	148	0	0.10	0.10	0	
03/02/2012 15:24:19	TASTEGGIO	1	0	6000	45980	92200	148	0	0.10	0.10	-44500	
03/02/2012 15:26:09	TASTEGGIO	1	0	6000	45980	92290	148	0	1.03	1.03	0	
03/02/2012 15:26:33	TASTEGGIO	1	0	6000	45980	92311	303	-28	0.76	0.76	0	
03/02/2012 15:26:56	TASTEGGIO	0	1	6000	45980	92310	359	-38	0.37	0.37	0	
03/02/2012 15:27:16	TASTEGGIO	0	0	6000	45980	92311	192	0	0.37	0.37	0	
03/02/2012 15:27:38	TASTEGGIO	0	1	6000	45980	92311	229	0	0.37	0.37	0	
03/02/2012 15:28:00	TASTEGGIO	0	2	6000	45980	92310	303	-3	0.34	0.34	0	
03/02/2012 15:28:25	TASTEGGIO	0	3	6000	45980	92311	396	-46	0.24	0.24	0	
03/02/2012 15:28:48	TASTEGGIO	0	1	6000	45980	92311	379	-110	0.86	0.86	0	
03/02/2012 15:29:03	TASTEGGIO	0	1	6000	45980	92311	70	-8	0.79	0.79	0	
03/02/2012 15:29:22	TASTEGGIO	0	2	6000	45980	92311	215	-16	0.62	0.62	0	
03/02/2012 15:29:44	TASTEGGIO	0	3	6000	45980	92311	299	-37	0.29	0.29	0	
03/02/2012 15:30:04	TASTEGGIO	0	0	6000	45980	92311	178	-1	0.29	0.29	0	
03/02/2012 15:30:25	TASTEGGIO	0	1	6000	45980	92311	207	0	0.28	0.28	0	
03/02/2012 15:30:48	TASTEGGIO	0	2	6000	45980	92311	261	-4	0.26	0.26	0	
03/02/2012 15:31:10	TASTEGGIO	0	3	6000	45980	92311	333	-31	0.11	0.11	0	
03/02/2012 15:31:18	TASTEGGIO	0	3	6000	45980	92284	333	-31	0.11	0.30	24500	
03/02/2012 15:31:42	TASTEGGIO	1	0	6000	45980	67836	180	-10	0.19	0.19	0	
03/02/2012 15:32:01	TASTEGGIO	0	1	6000	45980	67825	192	-6	0.15	0.15	0	
03/02/2012 15:32:23	TASTEGGIO	0	2	6000	45980	67822	208	-4	0.11	0.11	0	
03/02/2012 15:32:33	TASTEGGIO	0	2	6000	45980	92135	208	-4	0.06	0.15	44500	
03/02/2012 15:32:56	TASTEGGIO	1	0	6000	45980	47685	155	-4	0.12	0.12	0	
03/02/2012 15:33:06	TASTEGGIO	1	0	6000	45980	92110	155	-4	0.06	0.12	44500	
03/02/2012 15:33:29	TASTEGGIO	1	0	6000	45980	47674	150	-1	0.11	0.11	0	
03/02/2012 15:33:47	TASTEGGIO	0	1	6000	45980	47664	160	-2	0.11	0.11	0	
03/02/2012 15:34:06	TASTEGGIO	0	2	6000	45980	47655	182	-3	0.07	0.07	0	
03/02/2012 15:34:16	TASTEGGIO	0	2	6000	45980	92106	182	-3	0.08	0.11	-44500	
03/02/2012 15:34:41	TASTEGGIO	1	0	6000	45980	136569	148	-13	0.21	0.21	0	
03/02/2012 15:35:00	TASTEGGIO	0	1	6000	45980	136571	107	-4	0.18	0.18	0	
03/02/2012 15:35:20	TASTEGGIO	0	2	6000	45980	136572	137	-4	0.13	0.13	0	
03/02/2012 15:35:40	TASTEGGIO	0	3	6000	45980	136572	153	-4	0.10	0.10	0	
03/02/2012 15:35:50	TASTEGGIO	0	3	6000	45980	92286	153	-4	0.09	0.10	-44500	
03/02/2012 15:37:39	TASTEGGIO	0	3	6000	45980	92289	153	-4	1.44	1.46	-24500	
03/02/2012 15:38:06	TASTEGGIO	1	0	6000	45980	116755	375	-41	1.03	1.03	0	
03/02/2012 15:38:29	TASTEGGIO	0	1	6000	45980	116763	400	-30	0.71	0.71	0	
03/02/2012 15:38:53	TASTEGGIO	0	2	6000	45980	116770	400	-20	0.54	0.54	0	
03/02/2012 15:39:17	TASTEGGIO	0	3	6000	45980	116775	400	-18	0.36	0.36	0	
03/02/2012 15:39:41	TASTEGGIO	0	4	6000	45980	116779	400	-15	0.26	0.26	0	
03/02/2012 15:40:05	TASTEGGIO	0	5	6000	45980	116779	400	-22	0.13	0.13	0	
03/02/2012 15:40:15	TASTEGGIO	0	5	6000	45980	92307	400	-22	0.36	0.46	24500	
03/02/2012 15:40:38	TASTEGGIO	1	0	6000	45980	67872	207	-12	0.33	0.33	0	
03/02/2012 15:40:58	TASTEGGIO	0	1	6000	45980	67862	230	-7	0.27	0.27	0	
03/02/2012 15:41:21	TASTEGGIO	0	2	6000	45980	67856	274	-16	0.13	0.13	0	
03/02/2012 15:41:31	TASTEGGIO	0	2	6000	45980	92128	274	-16	0.10	0.21	-44500	
03/02/2012 15:41:55	TASTEGGIO	1	0	6000	45980	136583	165	-6	0.14	0.14	0	
03/02/2012 15:42:06	TASTEGGIO	1	0	6000	45980	92302	165	-6	0.09	0.16	44500	
03/02/2012 15:42:28	TASTEGGIO	1	0	6000	45980	47847	156	-2	0.15	0.15	0	
03/02/2012 15:42:47	TASTEGGIO	0	1	6000	45980	47842	170	-1	0.15	0.15	0	
03/02/2012 15:43:07	TASTEGGIO	0	2	6000	45980	47841	200	-3	0.13	0.13	0	
03/02/2012 15:43:17	TASTEGGIO	0	2	6000	45980	92113	200	-3	0.07	0.15	-44500	
03/02/2012 15:43:42	TASTEGGIO	1	0	6000	45980	136574	155	-1	0.14	0.14	0	
03/02/2012 15:43:52	TASTEGGIO	1	0	6000	45980	92295	155	-1	0.06	0.14	44500	
03/02/2012 15:44:14	TASTEGGIO	1	0	6000	45980	47849	153	-1	0.13	0.13	0	
03/02/2012 15:44:32	TASTEGGIO	0	1	6000	45980	47843	165	-1	0.13	0.13	0	
03/02/2012 15:44:52	TASTEGGIO	0	2	6000	45980	47841	191	-1	0.13	0.13	0	
03/02/2012 15:45:13	TASTEGGIO	0	3	6000	45980	47843	230	-4	0.10	0.10	0	
03/02/2012 15:45:23	TASTEGGIO	0	3	6000	45980	92113	230	-4	0.05	0.14	-24500	
03/02/2012 15:45:47	TASTEGGIO	1	0	6000	45980	116583	153	-26	0.12	0.12	0	
03/02/2012 15:46:07	TASTEGGIO	0	1	6000	45980	116587	142	-5	0.07	0.07	0	
03/02/2012 15:46:17	TASTEGGIO	0	1	6000	45980	92291	142	-5	0.21	0.27	-44500	
03/02/2012 15:46:41	TASTEGGIO	1	0	6000	45980	136744	175	-3	0.23	0.23	0	
03/02/2012 15:47:02	TASTEGGIO	0	1	6000	45980	136755	194	-2	0.22	0.22	0	
03/02/2012 15:47:24	TASTEGGIO	0	2	6000	45980	136757	236	-8	0.13	0.13	0	
03/02/2012 15:47:34	TASTEGGIO	0	2	6000	45980	92303	236	-8	0.12	0.15	44500	
03/02/2012 15:47:55	TASTEGGIO	1	0	6000	45980	47842	155	0	0.15	0.15	0	
03/02/2012 15:48:12	TASTEGGIO	0	1	6000	45980	47838	170	-1	0.14	0.14	0	
03/02/2012 15:48:22	TASTEGGIO	0	1	6000	45980	92117	170	-1	0.13	0.15	44500	
03/02/2012 15:48:44	TASTEGGIO	1	0	6000	45980	47674	155	-1	0.14	0.14	0	
03/02/2012 15:48:55	TASTEGGIO	1	0	6000	45980	92108	155	-1	0.13	0.15	44500	
03/02/2012 15:49:17	TASTEGGIO	1	0	6000	45980	47675	155	-1	0.14	0.14	0	
03/02/2012 15:49:27	TASTEGGIO	1	0	6000	45980	92108	155	-1	0.12	0.15	44500	
03/02/2012 15:49:49	TASTEGGIO	1	0	6000	45980	47673	155	0	0.14	0.14	0	
03/02/2012 15:49:52	ALARM 401		
03/02/2012 15:49:55	ALARM 201		err.6058
03/02/2012 15:50:08	TASTEGGIO	1	0	6000	45980	92109	155	0	0.13	0.16	-44500	
03/02/2012 15:50:37	TASTEGGIO	1	0	6000	45980	136566	289	-16	0.06	0.06	0	
03/02/2012 15:50:51	TASTEGGIO	1	0	6000	45980	92297	289	-16	0.03	0.17	-24500	
03/02/2012 15:51:22	TASTEGGIO	1	0	6000	45980	116757	265	-67	0.49	0.49	0	
03/02/2012 15:51:47	TASTEGGIO	1	0	6000	45980	116763	265	-22	0.28	0.28	0	
03/02/2012 15:52:11	TASTEGGIO	1	0	6000	45980	116771	241	-2	0.26	0.26	0	
03/02/2012 15:52:36	TASTEGGIO	1	0	6000	45980	116777	256	-3	0.24	0.24	0	
03/02/2012 15:52:50	TASTEGGIO	1	0	6000	45980	92309	256	-3	0.35	0.35	0	
03/02/2012 15:53:18	TASTEGGIO	1	0	6000	45980	92322	271	-33	0.13	0.13	0	
03/02/2012 15:53:29	TASTEGGIO	1	0	6000	45980	92300	271	-33	0.12	0.19	-44500	
03/02/2012 15:53:57	TASTEGGIO	1	0	6000	45980	136750	212	-3	0.17	0.17	0	
03/02/2012 15:54:20	TASTEGGIO	1	0	6000	45980	136761	227	-3	0.12	0.12	0	
03/02/2012 15:54:37	TASTEGGIO	1	0	6000	45980	92306	227	-3	0.07	0.12	-44500	
03/02/2012 15:54:55	TASTEGGIO	1	0	6000	45980	92301	227	-3	0.07	0.13	-44500	
03/02/2012 15:56:46	TASTEGGIO	1	0	6000	45980	92193	227	-3	0.33	0.41	44500	
03/02/2012 15:57:09	TASTEGGIO	1	0	6000	45980	47741	198	-7	0.33	0.33	0	
03/02/2012 15:57:30	TASTEGGIO	0	1	6000	45980	47738	224	-5	0.28	0.28	0	
03/02/2012 15:57:51	TASTEGGIO	0	2	6000	45980	47736	271	-10	0.20	0.20	0	
03/02/2012 15:58:12	TASTEGGIO	0	3	6000	45980	47735	295	-10	0.10	0.10	0	
03/02/2012 15:58:23	TASTEGGIO	0	3	6000	45980	92016	295	-10	0.12	0.21	-44500	
03/02/2012 15:58:46	TASTEGGIO	1	0	6000	45980	136479	165	-11	0.09	0.09	0	
03/02/2012 15:58:57	TASTEGGIO	1	0	6000	45980	92194	165	-11	0.06	0.10	-44500	
03/02/2012 16:00:47	TASTEGGIO	1	0	6000	45980	92292	165	-11	0.89	0.89	0	
03/02/2012 16:01:11	TASTEGGIO	1	0	6000	45980	92308	279	-20	0.69	0.69	0	
03/02/2012 16:01:33	TASTEGGIO	0	1	6000	45980	92308	332	-29	0.39	0.39	0	
03/02/2012 16:01:56	TASTEGGIO	0	2	6000	45980	92308	363	-33	0.07	0.07	0	
03/02/2012 16:02:04	TASTEGGIO	0	2	6000	45980	92286	363	-33	0.08	0.36	44500	
03/02/2012 16:02:28	TASTEGGIO	1	0	6000	45980	47829	190	-7	0.30	0.30	0	
03/02/2012 16:02:47	TASTEGGIO	0	1	6000	45980	47824	214	-5	0.27	0.27	0	
03/02/2012 16:03:08	TASTEGGIO	0	2	6000	45980	47823	262	-10	0.19	0.19	0	
03/02/2012 16:03:29	TASTEGGIO	0	3	6000	45980	47822	285	-9	0.09	0.09	0	
03/02/2012 16:03:40	TASTEGGIO	0	3	6000	45980	92111	285	-9	0.13	0.17	-44500	
03/02/2012 16:04:05	TASTEGGIO	1	0	6000	45980	136573	158	-11	0.08	0.08	0	
03/02/2012 16:04:15	TASTEGGIO	1	0	6000	45980	92297	158	-11	0.04	0.15	44500	
03/02/2012 16:04:39	TASTEGGIO	1	0	6000	45980	47841	155	0	0.13	0.13	0	
03/02/2012 16:04:49	TASTEGGIO	1	0	6000	45980	92108	155	0	0.05	0.15	44500	
03/02/2012 16:05:12	TASTEGGIO	1	0	6000	45980	47673	155	0	0.14	0.14	0	
03/02/2012 16:05:23	TASTEGGIO	1	0	6000	45980	92111	155	0	0.05	0.14	44500	
03/02/2012 16:05:45	TASTEGGIO	1	0	6000	45980	47670	153	-1	0.13	0.13	0	
03/02/2012 16:06:05	TASTEGGIO	0	1	6000	45980	47665	165	0	0.14	0.14	0	
03/02/2012 16:06:24	TASTEGGIO	0	2	6000	45980	47658	195	1	0.14	0.14	0	
03/02/2012 16:06:44	TASTEGGIO	0	3	6000	45980	47649	237	-1	0.14	0.14	0	
03/02/2012 16:07:06	TASTEGGIO	0	4	6000	45980	47647	293	-4	0.09	0.09	0	
03/02/2012 16:07:17	TASTEGGIO	0	4	6000	45980	92108	293	-4	0.07	0.13	-24500	
03/02/2012 16:07:41	TASTEGGIO	1	0	6000	45980	116580	151	-9	0.05	0.05	0	
03/02/2012 16:07:51	TASTEGGIO	1	0	6000	45980	92292	151	-9	0.10	0.13	44500	
03/02/2012 16:09:41	TASTEGGIO	1	0	6000	45980	92186	151	-9	0.62	0.62	0	
03/02/2012 16:10:04	TASTEGGIO	1	0	6000	45980	92199	234	-15	0.45	0.45	0	
03/02/2012 16:10:26	TASTEGGIO	0	1	6000	45980	92199	266	-17	0.28	0.28	0	
03/02/2012 16:10:49	TASTEGGIO	0	2	6000	45980	92199	290	-19	0.13	0.13	0	
03/02/2012 16:10:57	TASTEGGIO	0	2	6000	45980	92178	290	-19	0.13	0.25	44500	
03/02/2012 16:11:20	TASTEGGIO	1	0	6000	45980	47725	172	-3	0.20	0.20	0	
03/02/2012 16:11:39	TASTEGGIO	0	1	6000	45980	47721	187	-2	0.19	0.19	0	
03/02/2012 16:11:59	TASTEGGIO	0	2	6000	45980	47725	223	-6	0.15	0.15	0	
03/02/2012 16:12:19	TASTEGGIO	0	3	6000	45980	47723	243	-6	0.10	0.10	0	
03/02/2012 16:12:30	TASTEGGIO	0	3	6000	45980	92015	243	-6	0.04	0.12	-44500	
03/02/2012 16:12:55	TASTEGGIO	1	0	6000	45980	136475	150	-12	0.00	0.00	0	
03/02/2012 16:13:05	TASTEGGIO	1	0	6000	45980	92198	150	-12	0.13	0.17	44500	
03/02/2012 16:13:28	TASTEGGIO	1	0	6000	45980	47743	158	0	0.15	0.15	0	
03/02/2012 16:13:47	TASTEGGIO	0	1	6000	45980	47739	171	-2	0.15	0.15	0	
03/02/2012 16:14:06	TASTEGGIO	0	2	6000	45980	47739	201	0	0.14	0.14	0	
03/02/2012 16:14:16	TASTEGGIO	0	2	6000	45980	92010	201	0	0.12	0.17	44500	
03/02/2012 16:14:39	TASTEGGIO	1	0	6000	45980	47568	158	0	0.15	0.15	0	
03/02/2012 16:14:56	TASTEGGIO	0	1	6000	45980	47561	171	-1	0.15	0.15	0	
03/02/2012 16:15:17	TASTEGGIO	0	2	6000	45980	47558	201	0	0.15	0.15	0	
03/02/2012 16:15:38	TASTEGGIO	0	3	6000	45980	47558	246	-4	0.12	0.12	0	
03/02/2012 16:15:49	TASTEGGIO	0	3	6000	45980	92007	246	-4	0.09	0.13	44500	
03/02/2012 16:16:11	TASTEGGIO	1	0	6000	45980	47561	151	0	0.13	0.13	0	
03/02/2012 16:16:29	TASTEGGIO	0	1	6000	45980	47554	164	0	0.12	0.12	0	
03/02/2012 16:16:48	TASTEGGIO	0	2	6000	45980	47550	186	-1	0.13	0.13	0	
03/02/2012 16:17:07	TASTEGGIO	0	3	6000	45980	47549	228	-1	0.12	0.12	0	
03/02/2012 16:17:18	TASTEGGIO	0	3	6000	45980	92007	228	-1	0.09	0.14	44500	
03/02/2012 16:17:40	TASTEGGIO	1	0	6000	45980	47570	153	-1	0.12	0.12	0	
03/02/2012 16:17:51	TASTEGGIO	1	0	6000	45980	92009	153	-1	0.09	0.13	44500	
03/02/2012 16:18:49	ALARM 17	proc 12 prog 10 step 47	LavoroTerminato
03/02/2012 16:28:57	ALARM 406		
04/02/2012 06:53:08	ALARM 401		
04/02/2012 06:53:10	INIT OK
04/02/2012 06:56:47	TASTEGGIO	0	0	5300	43236	73243	0	0	0.39	0.41	24500	
04/02/2012 06:57:08	TASTEGGIO	1	0	5300	43236	48818	131	-8	0.35	0.35	0	
04/02/2012 06:57:25	TASTEGGIO	0	1	5300	43236	48811	160	-2	0.33	0.33	0	
04/02/2012 06:57:44	TASTEGGIO	0	2	5300	43236	48809	222	-9	0.25	0.25	0	
04/02/2012 06:58:06	TASTEGGIO	0	3	5300	43236	48808	254	-11	0.14	0.14	0	
04/02/2012 06:58:16	TASTEGGIO	0	3	5300	43236	73208	254	-11	0.17	0.17	0	
04/02/2012 06:58:33	TASTEGGIO	1	0	5300	43236	73205	89	-1	0.16	0.16	0	
04/02/2012 06:58:48	TASTEGGIO	0	1	5300	43236	73205	104	-1	0.15	0.15	0	
04/02/2012 06:59:06	TASTEGGIO	0	2	5300	43236	73205	132	-3	0.12	0.12	0	
04/02/2012 06:59:14	TASTEGGIO	0	2	5300	43236	73214	132	-3	0.12	0.12	0	
04/02/2012 06:59:30	TASTEGGIO	1	0	5300	43236	73210	80	0	0.11	0.11	0	
04/02/2012 06:59:46	TASTEGGIO	0	1	5300	43236	73211	90	0	0.12	0.12	0	
04/02/2012 07:00:03	TASTEGGIO	0	2	5300	43236	73211	116	0	0.11	0.11	0	
04/02/2012 07:00:23	TASTEGGIO	0	3	5300	43236	73211	146	-4	0.08	0.08	0	
04/02/2012 07:00:31	TASTEGGIO	0	3	5300	43236	73217	146	-4	0.08	0.08	0	
04/02/2012 07:02:38	TASTEGGIO	0	3	5300	43236	73481	146	-4	0.15	0.15	0	
04/02/2012 07:02:55	TASTEGGIO	1	0	5300	43236	73491	86	-16	0.04	0.04	0	
04/02/2012 07:03:03	TASTEGGIO	1	0	5300	43236	73482	86	-16	0.05	0.06	24500	
04/02/2012 07:05:12	TASTEGGIO	1	0	5300	43236	73485	86	-16	0.09	0.32	24500	
04/02/2012 07:05:33	TASTEGGIO	1	0	5300	43236	49051	115	-7	0.26	0.26	0	
04/02/2012 07:05:52	TASTEGGIO	0	1	5300	43236	49043	136	-3	0.24	0.24	0	
04/02/2012 07:06:11	TASTEGGIO	0	2	5300	43236	49038	180	-7	0.20	0.20	0	
04/02/2012 07:06:31	TASTEGGIO	0	3	5300	43236	49033	229	-11	0.09	0.09	0	
04/02/2012 07:06:41	TASTEGGIO	0	3	5300	43236	73306	229	-11	0.13	0.25	-24500	
04/02/2012 07:07:03	TASTEGGIO	1	0	5300	43236	97756	103	-8	0.18	0.18	0	
04/02/2012 07:07:23	TASTEGGIO	0	1	5300	43236	97759	115	-3	0.15	0.15	0	
04/02/2012 07:07:43	TASTEGGIO	0	2	5300	43236	97764	139	-5	0.11	0.11	0	
04/02/2012 07:07:53	TASTEGGIO	0	2	5300	43236	73499	139	-5	0.08	0.16	24500	
04/02/2012 07:08:14	TASTEGGIO	1	0	5300	43236	49058	87	-1	0.15	0.15	0	
04/02/2012 07:08:31	TASTEGGIO	0	1	5300	43236	49049	101	3	0.15	0.15	0	
04/02/2012 07:08:48	TASTEGGIO	0	2	5300	43236	49041	131	0	0.15	0.15	0	
04/02/2012 07:09:08	TASTEGGIO	0	3	5300	43236	49039	176	0	0.15	0.15	0	
04/02/2012 07:09:28	TASTEGGIO	0	4	5300	43236	49039	236	-4	0.12	0.12	0	
04/02/2012 07:09:38	TASTEGGIO	0	4	5300	43236	73310	236	-4	0.08	0.14	-24500	
04/02/2012 07:10:00	TASTEGGIO	1	0	5300	43236	97760	84	-1	0.13	0.13	0	
04/02/2012 07:10:20	TASTEGGIO	0	1	5300	43236	97764	96	-1	0.12	0.12	0	
04/02/2012 07:10:40	TASTEGGIO	0	2	5300	43236	97767	118	-1	0.11	0.11	0	
04/02/2012 07:10:59	TASTEGGIO	0	3	5300	43236	97768	148	-3	0.09	0.09	0	
04/02/2012 07:11:09	TASTEGGIO	0	3	5300	43236	73493	148	-3	0.07	0.16	24500	
04/02/2012 07:11:31	TASTEGGIO	1	0	5300	43236	49053	87	0	0.15	0.15	0	
04/02/2012 07:11:48	TASTEGGIO	0	1	5300	43236	49044	101	-1	0.15	0.15	0	
04/02/2012 07:12:06	TASTEGGIO	0	2	5300	43236	49038	131	0	0.15	0.15	0	
04/02/2012 07:12:24	TASTEGGIO	0	3	5300	43236	49031	176	-1	0.16	0.16	0	
04/02/2012 07:12:45	TASTEGGIO	0	4	5300	43236	49031	244	-3	0.13	0.13	0	
04/02/2012 07:12:55	TASTEGGIO	0	4	5300	43236	73309	244	-3	0.09	0.14	24500	
04/02/2012 07:13:15	TASTEGGIO	1	0	5300	43236	48881	84	0	0.14	0.14	0	
04/02/2012 07:13:33	TASTEGGIO	0	1	5300	43236	48873	98	-1	0.14	0.14	0	
04/02/2012 07:13:51	TASTEGGIO	0	2	5300	43236	48866	126	0	0.14	0.14	0	
04/02/2012 07:14:10	TASTEGGIO	0	3	5300	43236	48862	168	0	0.13	0.13	0	
04/02/2012 07:14:30	TASTEGGIO	0	4	5300	43236	48865	216	-3	0.12	0.12	0	
04/02/2012 07:14:52	TASTEGGIO	0	5	5300	43236	48863	271	-8	0.05	0.05	0	
04/02/2012 07:15:02	TASTEGGIO	0	5	5300	43236	73308	271	-8	0.10	0.16	-24500	
04/02/2012 07:15:24	TASTEGGIO	1	0	5300	43236	97764	87	-2	0.14	0.14	0	
04/02/2012 07:15:34	TASTEGGIO	1	0	5300	43236	73494	87	-2	0.09	0.14	-24500	
04/02/2012 07:15:55	TASTEGGIO	1	0	5300	43236	97948	84	0	0.14	0.14	0	
04/02/2012 07:16:15	TASTEGGIO	0	1	5300	43236	97951	98	0	0.14	0.14	0	
04/02/2012 07:16:34	TASTEGGIO	0	2	5300	43236	97952	126	-1	0.13	0.13	0	
04/02/2012 07:16:53	TASTEGGIO	0	3	5300	43236	97953	162	-3	0.11	0.11	0	
04/02/2012 07:17:15	TASTEGGIO	0	4	5300	43236	97953	199	-13	0.08	0.08	0	
04/02/2012 07:17:25	TASTEGGIO	0	4	5300	43236	73505	199	-13	0.04	0.12	24500	
04/02/2012 07:17:46	TASTEGGIO	1	0	5300	43236	49066	80	0	0.11	0.11	0	
04/02/2012 07:18:04	TASTEGGIO	0	1	5300	43236	49055	90	0	0.11	0.11	0	
04/02/2012 07:18:23	TASTEGGIO	0	2	5300	43236	49050	112	0	0.11	0.11	0	
04/02/2012 07:18:40	TASTEGGIO	0	3	5300	43236	49046	145	-1	0.10	0.10	0	
04/02/2012 07:18:59	TASTEGGIO	0	4	5300	43236	49045	181	0	0.10	0.10	0	
04/02/2012 07:19:19	TASTEGGIO	0	5	5300	43236	49046	231	-3	0.09	0.09	0	
04/02/2012 07:19:29	TASTEGGIO	0	5	5300	43236	73312	231	-3	0.03	0.08	24500	
04/02/2012 07:21:19	TASTEGGIO	0	5	5300	43236	73489	231	-3	0.31	0.38	24500	
04/02/2012 07:21:41	TASTEGGIO	1	0	5300	43236	49044	126	-8	0.31	0.31	0	
04/02/2012 07:22:00	TASTEGGIO	0	1	5300	43236	49036	151	-3	0.30	0.30	0	
04/02/2012 07:22:20	TASTEGGIO	0	2	5300	43236	49035	209	-12	0.19	0.19	0	
04/02/2012 07:22:41	TASTEGGIO	0	3	5300	43236	49032	229	-12	0.06	0.06	0	
04/02/2012 07:22:50	TASTEGGIO	0	3	5300	43236	73314	229	-12	0.11	0.21	-24500	
04/02/2012 07:23:13	TASTEGGIO	1	0	5300	43236	97767	96	-8	0.12	0.12	0	
04/02/2012 07:23:22	TASTEGGIO	1	0	5300	43236	73497	96	-8	0.07	0.14	-24500	
04/02/2012 07:23:44	TASTEGGIO	1	0	5300	43236	97950	84	-1	0.11	0.11	0	
04/02/2012 07:24:03	TASTEGGIO	0	1	5300	43236	97952	92	0	0.11	0.11	0	
04/02/2012 07:24:22	TASTEGGIO	0	2	5300	43236	97954	114	-2	0.09	0.09	0	
04/02/2012 07:24:32	TASTEGGIO	0	2	5300	43236	73502	114	-2	0.06	0.09	24500	
04/02/2012 07:26:22	TASTEGGIO	0	2	5300	43236	73386	114	-2	0.37	0.44	-24500	
04/02/2012 07:26:44	TASTEGGIO	1	0	5300	43236	97842	136	-9	0.34	0.34	0	
04/02/2012 07:27:04	TASTEGGIO	0	1	5300	43236	97845	162	-6	0.27	0.27	0	
04/02/2012 07:27:25	TASTEGGIO	0	2	5300	43236	97846	192	-9	0.19	0.19	0	
04/02/2012 07:27:46	TASTEGGIO	0	3	5300	43236	97848	215	-12	0.10	0.10	0	
04/02/2012 07:27:56	TASTEGGIO	0	3	5300	43236	73408	215	-12	0.11	0.11	0	
04/02/2012 07:28:14	TASTEGGIO	1	0	5300	43236	73418	79	-3	0.08	0.08	0	
04/02/2012 07:28:22	TASTEGGIO	1	0	5300	43236	73405	79	-3	0.08	0.08	-24500	
04/02/2012 07:30:11	TASTEGGIO	1	0	5300	43236	73491	79	-3	0.43	0.43	0	
04/02/2012 07:30:31	TASTEGGIO	1	0	5300	43236	73502	134	-5	0.38	0.38	0	
04/02/2012 07:30:51	TASTEGGIO	0	1	5300	43236	73502	167	-4	0.35	0.35	0	
04/02/2012 07:31:12	TASTEGGIO	0	2	5300	43236	73502	231	-11	0.24	0.24	0	
04/02/2012 07:31:35	TASTEGGIO	0	3	5300	43236	73502	259	-14	0.11	0.11	0	
04/02/2012 07:31:43	TASTEGGIO	0	3	5300	43236	73476	259	-14	0.11	0.18	24500	
04/02/2012 07:32:04	TASTEGGIO	1	0	5300	43236	49036	91	-4	0.15	0.15	0	
04/02/2012 07:32:22	TASTEGGIO	0	1	5300	43236	49027	103	-1	0.15	0.15	0	
04/02/2012 07:32:41	TASTEGGIO	0	2	5300	43236	49021	133	-2	0.12	0.12	0	
04/02/2012 07:32:51	TASTEGGIO	0	2	5300	43236	73316	133	-2	0.07	0.12	24500	
04/02/2012 07:33:12	TASTEGGIO	1	0	5300	43236	48886	80	0	0.13	0.13	0	
04/02/2012 07:33:30	TASTEGGIO	0	1	5300	43236	48879	94	0	0.13	0.13	0	
04/02/2012 07:33:48	TASTEGGIO	0	2	5300	43236	48873	120	0	0.12	0.12	0	
04/02/2012 07:34:06	TASTEGGIO	0	3	5300	43236	48870	153	-2	0.10	0.10	0	
04/02/2012 07:34:27	TASTEGGIO	0	4	5300	43236	48869	186	-4	0.06	0.06	0	
04/02/2012 07:34:37	TASTEGGIO	0	4	5300	43236	73312	186	-4	0.04	0.12	-24500	
04/02/2012 07:34:59	TASTEGGIO	1	0	5300	43236	97767	80	-5	0.08	0.08	0	
04/02/2012 07:35:09	TASTEGGIO	1	0	5300	43236	73497	80	-5	0.03	0.08	-24500	
04/02/2012 07:36:59	TASTEGGIO	1	0	5300	43236	73487	80	-5	0.34	0.38	-24500	
04/02/2012 07:37:22	TASTEGGIO	1	0	5300	43236	97944	126	-9	0.29	0.29	0	
04/02/2012 07:37:42	TASTEGGIO	0	1	5300	43236	97950	148	-4	0.26	0.26	0	
04/02/2012 07:38:03	TASTEGGIO	0	2	5300	43236	97951	194	-7	0.17	0.17	0	
04/02/2012 07:38:25	TASTEGGIO	0	3	5300	43236	97951	213	-9	0.09	0.09	0	
04/02/2012 07:38:35	TASTEGGIO	0	3	5300	43236	73497	213	-9	0.13	0.17	24500	
04/02/2012 07:38:56	TASTEGGIO	1	0	5300	43236	49055	89	-7	0.10	0.10	0	
04/02/2012 07:39:05	TASTEGGIO	1	0	5300	43236	73315	89	-7	0.08	0.11	24500	
04/02/2012 07:39:26	TASTEGGIO	1	0	5300	43236	48878	79	-1	0.10	0.10	0	
04/02/2012 07:39:44	TASTEGGIO	0	1	5300	43236	48870	88	-2	0.09	0.09	0	
04/02/2012 07:39:54	TASTEGGIO	0	1	5300	43236	73309	88	-2	0.08	0.09	24500	
04/02/2012 07:41:42	TASTEGGIO	0	1	5300	43236	73486	88	-2	0.40	0.40	0	
04/02/2012 07:42:03	TASTEGGIO	1	0	5300	43236	73494	129	-5	0.35	0.35	0	
04/02/2012 07:42:23	TASTEGGIO	0	1	5300	43236	73494	159	-4	0.30	0.30	0	
04/02/2012 07:42:45	TASTEGGIO	0	2	5300	43236	73493	210	-7	0.25	0.25	0	
04/02/2012 07:43:07	TASTEGGIO	0	3	5300	43236	73493	272	-25	0.03	0.03	0	
04/02/2012 07:43:15	TASTEGGIO	0	3	5300	43236	73468	272	-25	0.04	0.13	24500	
04/02/2012 07:43:36	TASTEGGIO	1	0	5300	43236	49027	82	-5	0.09	0.09	0	
04/02/2012 07:43:46	TASTEGGIO	1	0	5300	43236	73313	82	-5	0.05	0.10	24500	
04/02/2012 07:44:07	TASTEGGIO	1	0	5300	43236	48882	77	-1	0.10	0.10	0	
04/02/2012 07:44:25	TASTEGGIO	0	1	5300	43236	48873	87	0	0.08	0.08	0	
04/02/2012 07:44:35	TASTEGGIO	0	1	5300	43236	73309	87	0	0.05	0.09	24500	
04/02/2012 07:46:39	TASTEGGIO	0	1	5300	43236	73485	87	0	0.39	0.43	24500	
04/02/2012 07:47:01	TASTEGGIO	1	0	5300	43236	49036	134	-9	0.35	0.35	0	
04/02/2012 07:47:20	TASTEGGIO	0	1	5300	43236	49030	162	-4	0.35	0.35	0	
04/02/2012 07:47:40	TASTEGGIO	0	2	5300	43236	49027	232	-16	0.18	0.18	0	
04/02/2012 07:48:02	TASTEGGIO	0	3	5300	43236	49024	248	-12	0.13	0.13	0	
04/02/2012 07:48:12	TASTEGGIO	0	3	5300	43236	73316	248	-12	0.15	0.16	-24500	
04/02/2012 07:48:34	TASTEGGIO	1	0	5300	43236	97772	87	-7	0.08	0.08	0	
04/02/2012 07:48:43	TASTEGGIO	1	0	5300	43236	73493	87	-7	0.10	0.11	24500	
04/02/2012 07:49:05	TASTEGGIO	1	0	5300	43236	49053	79	-4	0.07	0.07	0	
04/02/2012 07:49:14	TASTEGGIO	1	0	5300	43236	73312	79	-4	0.08	0.08	-24500	
04/02/2012 07:51:08	TASTEGGIO	1	0	5300	43236	73488	79	-4	0.25	0.27	24500	
04/02/2012 07:51:29	TASTEGGIO	1	0	5300	43236	49038	106	-9	0.21	0.21	0	
04/02/2012 07:51:46	TASTEGGIO	0	1	5300	43236	49030	122	-3	0.19	0.19	0	
04/02/2012 07:52:05	TASTEGGIO	0	2	5300	43236	49027	156	-2	0.18	0.18	0	
04/02/2012 07:52:24	TASTEGGIO	0	3	5300	43236	49025	207	-10	0.09	0.09	0	
04/02/2012 07:52:34	TASTEGGIO	0	3	5300	43236	73317	207	-10	0.12	0.12	0	
04/02/2012 07:52:52	TASTEGGIO	1	0	5300	43236	73312	80	-3	0.09	0.09	0	
04/02/2012 07:53:00	TASTEGGIO	1	0	5300	43236	73316	80	-3	0.10	0.10	0	
04/02/2012 07:53:17	TASTEGGIO	1	0	5300	43236	73312	77	-2	0.07	0.07	0	
04/02/2012 07:53:25	TASTEGGIO	1	0	5300	43236	73317	77	-2	0.09	0.09	24500	
04/02/2012 07:55:39	TASTEGGIO	1	0	5300	43236	73485	77	-2	0.41	0.45	-24500	
04/02/2012 07:56:03	TASTEGGIO	1	0	5300	43236	97944	138	-8	0.38	0.38	0	
04/02/2012 07:56:24	TASTEGGIO	0	1	5300	43236	97950	170	-7	0.32	0.32	0	
04/02/2012 07:56:46	TASTEGGIO	0	2	5300	43236	97951	223	-15	0.18	0.18	0	
04/02/2012 07:57:07	TASTEGGIO	0	3	5300	43236	97951	240	-15	0.09	0.09	0	
04/02/2012 07:57:17	TASTEGGIO	0	3	5300	43236	73499	240	-15	0.11	0.18	24500	
04/02/2012 07:57:38	TASTEGGIO	1	0	5300	43236	49058	91	-5	0.13	0.13	0	
04/02/2012 07:57:48	TASTEGGIO	1	0	5300	43236	73313	91	-5	0.07	0.13	24500	
04/02/2012 07:58:09	TASTEGGIO	1	0	5300	43236	48877	82	-1	0.12	0.12	0	
04/02/2012 07:58:27	TASTEGGIO	0	1	5300	43236	48868	93	-2	0.12	0.12	0	
04/02/2012 07:58:46	TASTEGGIO	0	2	5300	43236	48862	117	-2	0.10	0.10	0	
04/02/2012 07:59:05	TASTEGGIO	0	3	5300	43236	48857	141	-2	0.09	0.09	0	
04/02/2012 07:59:15	TASTEGGIO	0	3	5300	43236	73310	141	-2	0.05	0.10	24500	
04/02/2012 07:59:36	TASTEGGIO	1	0	5300	43236	48876	77	-2	0.08	0.08	0	
04/02/2012 07:59:46	TASTEGGIO	1	0	5300	43236	73307	77	-2	0.04	0.08	24500	
04/02/2012 08:02:03	TASTEGGIO	1	0	5300	43236	73484	77	-2	0.23	0.29	24500	
04/02/2012 08:02:26	TASTEGGIO	1	0	5300	43236	49034	110	-6	0.24	0.24	0	
04/02/2012 08:02:45	TASTEGGIO	0	1	5300	43236	49028	129	-2	0.23	0.23	0	
04/02/2012 08:03:04	TASTEGGIO	0	2	5300	43236	49024	173	0	0.22	0.22	0	
04/02/2012 08:03:23	TASTEGGIO	0	3	5300	43236	49021	236	-12	0.10	0.10	0	
04/02/2012 08:03:33	TASTEGGIO	0	3	5300	43236	73314	236	-12	0.08	0.14	-24500	
04/02/2012 08:03:55	TASTEGGIO	1	0	5300	43236	97770	84	-6	0.09	0.09	0	
04/02/2012 08:04:05	TASTEGGIO	1	0	5300	43236	73493	84	-6	0.06	0.09	24500	
04/02/2012 08:06:06	TASTEGGIO	1	0	5300	43236	73479	84	-6	0.40	0.52	24500	
04/02/2012 08:06:28	TASTEGGIO	1	0	5300	43236	49042	150	-8	0.44	0.44	0	
04/02/2012 08:06:48	TASTEGGIO	0	1	5300	43236	49035	187	-4	0.41	0.41	0	
04/02/2012 08:07:08	TASTEGGIO	0	2	5300	43236	49029	263	-18	0.23	0.23	0	
04/02/2012 08:07:29	TASTEGGIO	0	3	5300	43236	49025	285	-14	0.11	0.11	0	
04/02/2012 08:07:39	TASTEGGIO	0	3	5300	43236	73312	285	-14	0.07	0.11	24500	
04/02/2012 08:08:00	TASTEGGIO	1	0	5300	43236	48881	79	0	0.11	0.11	0	
04/02/2012 08:08:18	TASTEGGIO	0	1	5300	43236	48873	90	0	0.10	0.10	0	
04/02/2012 08:08:36	TASTEGGIO	0	2	5300	43236	48866	108	-1	0.11	0.11	0	
04/02/2012 08:08:54	TASTEGGIO	0	3	5300	43236	48862	144	-1	0.11	0.11	0	
04/02/2012 08:09:14	TASTEGGIO	0	4	5300	43236	48859	188	-1	0.11	0.11	0	
04/02/2012 08:09:35	TASTEGGIO	0	5	5300	43236	48855	243	0	0.10	0.10	0	
04/02/2012 08:09:57	TASTEGGIO	0	6	5300	43236	48876	297	-12	0.11	0.11	0	
04/02/2012 08:10:19	TASTEGGIO	0	1	5300	43236	48876	284	-45	0.33	0.33	0	
04/02/2012 08:10:39	TASTEGGIO	0	1	5300	43236	48876	185	-16	0.20	0.20	0	
04/02/2012 08:10:59	TASTEGGIO	0	2	5300	43236	48876	202	-4	0.16	0.16	0	
04/02/2012 08:11:20	TASTEGGIO	0	3	5300	43236	48876	224	-5	0.12	0.12	0	
04/02/2012 08:11:41	TASTEGGIO	0	4	5300	43236	48876	242	-5	0.09	0.09	0	
04/02/2012 08:11:51	TASTEGGIO	0	4	5300	43236	73310	242	-5	0.07	0.11	-24500	
04/02/2012 08:12:13	TASTEGGIO	1	0	5300	43236	97769	79	-8	0.05	0.05	0	
04/02/2012 08:12:23	TASTEGGIO	1	0	5300	43236	73491	79	-8	0.12	0.13	24500	
04/02/2012 08:12:45	TASTEGGIO	1	0	5300	43236	49050	82	-1	0.14	0.14	0	
04/02/2012 08:13:03	TASTEGGIO	0	1	5300	43236	49039	97	0	0.13	0.13	0	
04/02/2012 08:13:20	TASTEGGIO	0	2	5300	43236	49030	121	0	0.11	0.11	0	
04/02/2012 08:13:40	TASTEGGIO	0	3	5300	43236	49027	148	-1	0.10	0.10	0	
04/02/2012 08:13:59	TASTEGGIO	0	4	5300	43236	49024	184	0	0.11	0.11	0	
04/02/2012 08:14:19	TASTEGGIO	0	5	5300	43236	49024	244	-1	0.10	0.10	0	
04/02/2012 08:14:42	TASTEGGIO	0	6	5300	43236	49024	298	-5	0.07	0.07	0	
04/02/2012 08:14:52	TASTEGGIO	0	6	5300	43236	73313	298	-5	0.06	0.06	24500	
04/02/2012 08:17:10	TASTEGGIO	0	6	5300	43236	73485	298	-5	0.45	0.45	0	
04/02/2012 08:17:31	TASTEGGIO	1	0	5300	43236	73490	138	-7	0.39	0.39	0	
04/02/2012 08:17:49	TASTEGGIO	0	1	5300	43236	73496	171	-3	0.36	0.36	0	
04/02/2012 08:18:11	TASTEGGIO	0	2	5300	43236	73496	237	-19	0.19	0.19	0	
04/02/2012 08:18:33	TASTEGGIO	0	3	5300	43236	73496	254	-20	0.07	0.07	0	
04/02/2012 08:18:41	TASTEGGIO	0	3	5300	43236	73471	254	-20	0.07	0.15	24500	
04/02/2012 08:19:03	TASTEGGIO	1	0	5300	43236	49028	86	-6	0.09	0.09	0	
04/02/2012 08:19:13	TASTEGGIO	1	0	5300	43236	73313	86	-6	0.01	0.15	-24500	
04/02/2012 08:19:35	TASTEGGIO	1	0	5300	43236	97766	86	-6	0.09	0.09	0	
04/02/2012 08:19:45	TASTEGGIO	1	0	5300	43236	73490	86	-6	0.04	0.10	-24500	
04/02/2012 08:20:07	TASTEGGIO	1	0	5300	43236	97946	77	-2	0.09	0.09	0	
04/02/2012 08:20:17	TASTEGGIO	1	0	5300	43236	73495	77	-2	0.07	0.09	-24500	
04/02/2012 08:22:32	TASTEGGIO	1	0	5300	43236	73488	77	-2	0.21	0.23	-24500	
04/02/2012 08:22:54	TASTEGGIO	1	0	5300	43236	97947	99	-8	0.16	0.16	0	
04/02/2012 08:23:12	TASTEGGIO	0	1	5300	43236	97953	110	-3	0.14	0.14	0	
04/02/2012 08:23:22	TASTEGGIO	0	1	5300	43236	73499	110	-3	0.13	0.16	24500	
04/02/2012 08:23:43	TASTEGGIO	1	0	5300	43236	49051	87	-7	0.09	0.09	0	
04/02/2012 08:23:53	TASTEGGIO	1	0	5300	43236	73315	87	-7	0.10	0.13	-24500	
04/02/2012 08:24:15	TASTEGGIO	1	0	5300	43236	97772	82	-4	0.10	0.10	0	
04/02/2012 08:24:34	TASTEGGIO	0	1	5300	43236	97775	89	-1	0.09	0.09	0	
04/02/2012 08:24:44	TASTEGGIO	0	1	5300	43236	73493	89	-1	0.07	0.10	24500	
04/02/2012 08:25:04	TASTEGGIO	1	0	5300	43236	49047	77	-1	0.11	0.11	0	
04/02/2012 08:25:21	TASTEGGIO	0	1	5300	43236	49037	89	0	0.10	0.10	0	
04/02/2012 08:25:39	TASTEGGIO	0	2	5300	43236	49029	107	-1	0.09	0.09	0	
04/02/2012 08:25:49	TASTEGGIO	0	2	5300	43236	73309	107	-1	0.08	0.09	24500	
04/02/2012 08:28:02	TASTEGGIO	0	2	5300	43236	73486	107	-1	0.33	0.43	24500	
04/02/2012 08:28:24	TASTEGGIO	1	0	5300	43236	49038	134	-7	0.35	0.35	0	
04/02/2012 08:28:43	TASTEGGIO	0	1	5300	43236	49032	162	-3	0.33	0.33	0	
04/02/2012 08:29:03	TASTEGGIO	0	2	5300	43236	49028	224	-12	0.22	0.22	0	
04/02/2012 08:29:24	TASTEGGIO	0	3	5300	43236	49023	249	-10	0.11	0.11	0	
04/02/2012 08:29:34	TASTEGGIO	0	3	5300	43236	73311	249	-10	0.13	0.18	-24500	
04/02/2012 08:29:56	TASTEGGIO	1	0	5300	43236	97769	91	-6	0.11	0.11	0	
04/02/2012 08:30:06	TASTEGGIO	1	0	5300	43236	73492	91	-6	0.08	0.11	-24500	
04/02/2012 08:30:28	TASTEGGIO	1	0	5300	43236	97948	79	-1	0.11	0.11	0	
04/02/2012 08:30:47	TASTEGGIO	0	1	5300	43236	97951	90	-1	0.10	0.10	0	
04/02/2012 08:31:06	TASTEGGIO	0	2	5300	43236	97952	108	-3	0.09	0.09	0	
04/02/2012 08:31:16	TASTEGGIO	0	2	5300	43236	73499	108	-3	0.07	0.11	24500	
04/02/2012 08:31:38	TASTEGGIO	1	0	5300	43236	49049	79	-1	0.10	0.10	0	
04/02/2012 08:31:55	TASTEGGIO	0	1	5300	43236	49038	88	0	0.10	0.10	0	
04/02/2012 08:32:12	TASTEGGIO	0	2	5300	43236	49032	108	0	0.10	0.10	0	
04/02/2012 08:32:31	TASTEGGIO	0	3	5300	43236	49032	138	-1	0.10	0.10	0	
04/02/2012 08:32:50	TASTEGGIO	0	4	5300	43236	49032	178	0	0.10	0.10	0	
04/02/2012 08:33:11	TASTEGGIO	0	5	5300	43236	49032	228	-3	0.09	0.09	0	
04/02/2012 08:33:21	TASTEGGIO	0	5	5300	43236	73309	228	-3	0.07	0.10	24500	
04/02/2012 08:33:42	TASTEGGIO	1	0	5300	43236	48874	77	0	0.10	0.10	0	
04/02/2012 08:34:01	TASTEGGIO	0	1	5300	43236	48867	87	0	0.10	0.10	0	
04/02/2012 08:34:18	TASTEGGIO	0	2	5300	43236	48859	107	-1	0.10	0.10	0	
04/02/2012 08:34:37	TASTEGGIO	0	3	5300	43236	48856	137	0	0.10	0.10	0	
04/02/2012 08:34:57	TASTEGGIO	0	4	5300	43236	48854	177	0	0.11	0.11	0	
04/02/2012 08:35:18	TASTEGGIO	0	5	5300	43236	48849	237	-1	0.12	0.12	0	
04/02/2012 08:35:41	TASTEGGIO	0	6	5300	43236	48857	315	-17	0.10	0.10	0	
04/02/2012 08:36:02	TASTEGGIO	0	1	5300	43236	48857	306	-55	0.45	0.45	0	
04/02/2012 08:36:19	TASTEGGIO	0	1	5300	43236	48857	103	-8	0.37	0.37	0	
