06/06/2011 09:30:31	TASTEGGIO	0	1	8000	53816	154354	279	-33	0.21	0.21	0	
06/06/2011 09:30:47	TASTEGGIO	0	0	8000	53816	154355	112	0	0.21	0.21	0	
06/06/2011 09:31:05	TASTEGGIO	0	1	8000	53816	154355	154	0	0.21	0.21	0	
06/06/2011 09:31:23	TASTEGGIO	0	1	8000	53816	154355	217	0	0.21	0.21	0	
06/06/2011 09:31:43	TASTEGGIO	0	1	8000	53816	154355	280	-18	0.09	0.09	0	
06/06/2011 09:31:53	TASTEGGIO	0	1	8000	53816	109978	280	-18	0.10	0.40	44500	
06/06/2011 09:32:13	TASTEGGIO	1	0	8000	53816	65525	147	-1	0.37	0.37	0	
06/06/2011 09:32:30	TASTEGGIO	0	1	8000	53816	65534	215	0	0.37	0.37	0	
06/06/2011 09:32:51	TASTEGGIO	0	1	8000	53816	65538	326	-18	0.17	0.17	0	
06/06/2011 09:33:06	TASTEGGIO	0	0	8000	53816	65533	105	0	0.17	0.17	0	
06/06/2011 09:33:22	TASTEGGIO	0	1	8000	53816	65532	139	0	0.17	0.17	0	
06/06/2011 09:33:39	TASTEGGIO	0	1	8000	53816	65535	190	0	0.17	0.17	0	
06/06/2011 09:33:58	TASTEGGIO	0	1	8000	53816	65537	241	0	0.17	0.17	0	
06/06/2011 09:34:16	TASTEGGIO	0	1	8000	53816	65572	292	-1	0.16	0.16	0	
06/06/2011 09:34:37	TASTEGGIO	0	1	8000	53816	65588	337	-14	0.05	0.05	0	
06/06/2011 09:34:48	TASTEGGIO	0	1	8000	53816	109878	337	-14	0.19	0.22	-24500	
06/06/2011 09:35:07	TASTEGGIO	1	0	8000	53816	134354	114	-2	0.21	0.21	0	
06/06/2011 09:35:24	TASTEGGIO	0	1	8000	53816	134356	154	-1	0.19	0.19	0	
06/06/2011 09:35:43	TASTEGGIO	0	1	8000	53816	134361	205	-12	0.07	0.07	0	
06/06/2011 09:35:53	TASTEGGIO	0	1	8000	53816	109989	205	-12	0.10	0.13	44500	
06/06/2011 09:37:54	TASTEGGIO	0	1	8000	53816	110070	205	-12	0.34	0.44	-44500	
06/06/2011 09:38:15	TASTEGGIO	1	0	8000	53816	154536	154	-2	0.41	0.41	0	
06/06/2011 09:38:32	TASTEGGIO	0	1	8000	53816	154538	230	-19	0.26	0.26	0	
06/06/2011 09:38:51	TASTEGGIO	0	2	8000	53816	154540	253	-25	0.12	0.12	0	
06/06/2011 09:39:02	TASTEGGIO	0	2	8000	53816	110078	253	-25	0.12	0.29	44500	
06/06/2011 09:39:20	TASTEGGIO	1	0	8000	53816	65620	127	-2	0.26	0.26	0	
06/06/2011 09:39:36	TASTEGGIO	0	1	8000	53816	65622	150	0	0.26	0.26	0	
06/06/2011 09:39:53	TASTEGGIO	0	1	8000	53816	65632	228	-8	0.19	0.19	0	
06/06/2011 09:40:11	TASTEGGIO	0	2	8000	53816	65633	247	-12	0.11	0.11	0	
06/06/2011 09:40:22	TASTEGGIO	0	2	8000	53816	109966	247	-12	0.04	0.12	44500	
06/06/2011 09:42:20	TASTEGGIO	0	2	8000	53816	110102	247	-12	0.18	0.20	24500	
06/06/2011 09:42:38	TASTEGGIO	1	0	8000	53816	85659	111	-3	0.17	0.17	0	
06/06/2011 09:42:53	TASTEGGIO	0	1	8000	53816	85657	125	-2	0.16	0.16	0	
06/06/2011 09:43:10	TASTEGGIO	0	1	8000	53816	85663	170	-2	0.15	0.15	0	
06/06/2011 09:43:29	TASTEGGIO	0	1	8000	53816	85668	212	-11	0.08	0.08	0	
06/06/2011 09:43:39	TASTEGGIO	0	1	8000	53816	109979	212	-11	0.07	0.08	44500	
06/06/2011 09:45:42	TASTEGGIO	0	1	8000	53816	109992	212	-11	0.33	0.36	44500	
06/06/2011 09:46:01	TASTEGGIO	1	0	8000	53816	65534	139	-2	0.33	0.33	0	
06/06/2011 09:46:18	TASTEGGIO	0	1	8000	53816	65540	199	-3	0.30	0.30	0	
06/06/2011 09:46:36	TASTEGGIO	0	1	8000	53816	65546	280	-25	0.06	0.06	0	
06/06/2011 09:46:47	TASTEGGIO	0	1	8000	53816	109874	280	-25	0.17	0.22	-44500	
06/06/2011 09:47:06	TASTEGGIO	1	0	8000	53816	154334	114	-2	0.20	0.20	0	
06/06/2011 09:47:22	TASTEGGIO	0	1	8000	53816	154338	150	-2	0.17	0.17	0	
06/06/2011 09:47:40	TASTEGGIO	0	2	8000	53816	154341	178	-7	0.11	0.11	0	
06/06/2011 09:47:50	TASTEGGIO	0	2	8000	53816	109974	178	-7	0.09	0.11	-44500	
06/06/2011 09:49:43	TASTEGGIO	0	2	8000	53816	110069	178	-7	0.47	0.51	-24500	
06/06/2011 09:50:03	TASTEGGIO	1	0	8000	53816	134542	166	-5	0.48	0.48	0	
06/06/2011 09:50:21	TASTEGGIO	0	1	8000	53816	134546	256	-27	0.21	0.21	0	
06/06/2011 09:50:37	TASTEGGIO	0	0	8000	53816	134548	112	0	0.21	0.21	0	
06/06/2011 09:50:55	TASTEGGIO	0	1	8000	53816	134552	154	0	0.21	0.21	0	
06/06/2011 09:51:13	TASTEGGIO	0	1	8000	53816	134554	217	-1	0.20	0.20	0	
06/06/2011 09:51:33	TASTEGGIO	0	1	8000	53816	134557	274	-24	0.14	0.14	0	
06/06/2011 09:51:43	TASTEGGIO	0	1	8000	53816	110086	274	-24	0.07	0.14	-44500	
06/06/2011 09:52:03	TASTEGGIO	1	0	8000	53816	154549	100	-1	0.13	0.13	0	
06/06/2011 09:52:14	TASTEGGIO	1	0	8000	53816	110078	100	-1	0.06	0.13	-44500	
06/06/2011 09:54:10	TASTEGGIO	1	0	8000	53816	110105	100	-1	0.32	0.35	24500	
06/06/2011 09:54:29	TASTEGGIO	1	0	8000	53816	85675	138	-3	0.30	0.30	0	
06/06/2011 09:54:46	TASTEGGIO	0	1	8000	53816	85674	163	0	0.29	0.29	0	
06/06/2011 09:55:04	TASTEGGIO	0	1	8000	53816	85682	247	-19	0.10	0.10	0	
06/06/2011 09:55:14	TASTEGGIO	0	1	8000	53816	109980	247	-19	0.12	0.17	44500	
06/06/2011 09:55:32	TASTEGGIO	1	0	8000	53816	65521	105	-1	0.15	0.15	0	
06/06/2011 09:55:46	TASTEGGIO	0	1	8000	53816	65519	118	0	0.15	0.15	0	
06/06/2011 09:56:03	TASTEGGIO	0	1	8000	53816	65525	163	0	0.15	0.15	0	
06/06/2011 09:56:20	TASTEGGIO	0	1	8000	53816	65530	208	-5	0.11	0.11	0	
06/06/2011 09:56:31	TASTEGGIO	0	1	8000	53816	109967	208	-5	0.11	0.16	-24500	
06/06/2011 09:56:50	TASTEGGIO	1	0	8000	53816	134435	103	-3	0.14	0.14	0	
06/06/2011 09:56:59	TASTEGGIO	1	0	8000	53816	110072	103	-3	0.09	0.14	-24500	
06/06/2011 09:57:18	TASTEGGIO	1	0	8000	53816	134541	100	0	0.14	0.14	0	
06/06/2011 09:57:33	TASTEGGIO	0	1	8000	53816	134542	128	0	0.13	0.13	0	
06/06/2011 09:57:43	TASTEGGIO	0	1	8000	53816	110070	128	0	0.08	0.13	-24500	
06/06/2011 09:59:42	TASTEGGIO	0	1	8000	53816	110100	128	0	0.55	0.55	-24500	
06/06/2011 10:00:01	TASTEGGIO	1	0	8000	53816	134551	174	-5	0.52	0.52	0	
06/06/2011 10:00:20	TASTEGGIO	0	1	8000	53816	134566	272	-31	0.21	0.21	0	
06/06/2011 10:00:35	TASTEGGIO	0	0	8000	53816	134573	112	0	0.21	0.21	0	
06/06/2011 10:00:51	TASTEGGIO	0	1	8000	53816	134574	154	0	0.21	0.21	0	
06/06/2011 10:01:11	TASTEGGIO	0	1	8000	53816	134574	217	-1	0.20	0.20	0	
06/06/2011 10:01:30	TASTEGGIO	0	1	8000	53816	134575	274	-19	0.05	0.05	0	
06/06/2011 10:01:40	TASTEGGIO	0	1	8000	53816	110085	274	-19	0.11	0.13	24500	
06/06/2011 10:03:39	TASTEGGIO	0	1	8000	53816	109988	274	-19	0.26	0.26	0	
06/06/2011 10:03:54	TASTEGGIO	1	0	8000	53816	110006	121	-2	0.24	0.24	0	
06/06/2011 10:04:11	TASTEGGIO	0	1	8000	53816	110007	165	-3	0.20	0.20	0	
06/06/2011 10:04:30	TASTEGGIO	0	2	8000	53816	110015	198	-10	0.10	0.10	0	
06/06/2011 10:04:38	TASTEGGIO	0	2	8000	53816	109981	198	-10	0.10	0.16	-44500	
06/06/2011 10:04:59	TASTEGGIO	1	0	8000	53816	154423	103	-2	0.14	0.14	0	
06/06/2011 10:05:09	TASTEGGIO	1	0	8000	53816	109966	103	-2	0.12	0.13	-44500	
06/06/2011 10:07:03	TASTEGGIO	1	0	8000	53816	110165	103	-2	0.24	0.36	-44500	
06/06/2011 10:07:23	TASTEGGIO	1	0	8000	53816	154614	139	-2	0.33	0.33	0	
06/06/2011 10:07:40	TASTEGGIO	0	1	8000	53816	154622	199	-10	0.24	0.24	0	
06/06/2011 10:07:59	TASTEGGIO	0	2	8000	53816	154629	223	-11	0.13	0.13	0	
06/06/2011 10:08:10	TASTEGGIO	0	2	8000	53816	110176	223	-11	0.11	0.13	-24500	
06/06/2011 10:10:12	TASTEGGIO	0	2	8000	53816	109992	223	-11	0.63	0.77	-24500	
06/06/2011 10:10:33	TASTEGGIO	1	0	8000	53816	134465	213	-8	0.69	0.69	0	
06/06/2011 10:10:52	TASTEGGIO	0	1	8000	53816	134468	274	-25	0.43	0.43	0	
06/06/2011 10:11:12	TASTEGGIO	0	2	8000	53816	134470	311	-38	0.28	0.28	0	
06/06/2011 10:11:32	TASTEGGIO	0	3	8000	53816	134473	342	-84	0.56	0.56	0	
06/06/2011 10:11:51	TASTEGGIO	0	1	8000	53816	134476	230	-30	0.28	0.28	0	
06/06/2011 10:12:06	TASTEGGIO	0	0	8000	53816	134479	125	0	0.28	0.28	0	
06/06/2011 10:12:24	TASTEGGIO	0	1	8000	53816	134484	181	-1	0.27	0.27	0	
06/06/2011 10:12:43	TASTEGGIO	0	1	8000	53816	134484	259	-29	0.04	0.04	0	
06/06/2011 10:12:53	TASTEGGIO	0	1	8000	53816	109988	259	-29	0.06	0.11	-44500	
06/06/2011 10:14:46	TASTEGGIO	0	1	8000	53816	110063	259	-29	0.36	0.40	44500	
06/06/2011 10:15:05	TASTEGGIO	1	0	8000	53816	65600	147	-3	0.37	0.37	0	
06/06/2011 10:15:22	TASTEGGIO	0	1	8000	53816	65611	215	-4	0.33	0.33	0	
06/06/2011 10:15:42	TASTEGGIO	0	2	8000	53816	65617	273	-18	0.16	0.16	0	
06/06/2011 10:15:55	TASTEGGIO	0	0	8000	53816	65607	103	0	0.16	0.16	0	
06/06/2011 10:16:11	TASTEGGIO	0	1	8000	53816	65606	135	0	0.15	0.15	0	
06/06/2011 10:16:28	TASTEGGIO	0	1	8000	53816	65610	177	0	0.15	0.15	0	
06/06/2011 10:16:45	TASTEGGIO	0	1	8000	53816	65611	222	-1	0.15	0.15	0	
06/06/2011 10:17:05	TASTEGGIO	0	1	8000	53816	65623	267	-7	0.09	0.09	0	
06/06/2011 10:17:16	TASTEGGIO	0	1	8000	53816	109955	267	-7	0.15	0.31	-44500	
06/06/2011 10:17:36	TASTEGGIO	1	0	8000	53816	154416	130	-2	0.28	0.28	0	
06/06/2011 10:17:53	TASTEGGIO	0	1	8000	53816	154417	180	-7	0.21	0.21	0	
06/06/2011 10:18:12	TASTEGGIO	0	2	8000	53816	154419	202	-10	0.11	0.11	0	
06/06/2011 10:18:22	TASTEGGIO	0	2	8000	53816	110068	202	-10	0.08	0.14	24500	
06/06/2011 10:18:42	TASTEGGIO	1	0	8000	53816	85636	100	-3	0.10	0.10	0	
06/06/2011 10:18:52	TASTEGGIO	1	0	8000	53816	109953	100	-3	0.07	0.13	-44500	
06/06/2011 10:20:44	TASTEGGIO	1	0	8000	53816	110094	100	-3	0.06	0.14	44500	
06/06/2011 10:21:03	TASTEGGIO	1	0	8000	53816	65621	100	-2	0.12	0.12	0	
06/06/2011 10:21:13	TASTEGGIO	1	0	8000	53816	109967	100	-2	0.05	0.14	44500	
06/06/2011 10:21:32	TASTEGGIO	1	0	8000	53816	65505	100	0	0.12	0.12	0	
06/06/2011 10:21:42	TASTEGGIO	1	0	8000	53816	109956	100	0	0.05	0.14	-44500	
06/06/2011 10:22:03	TASTEGGIO	1	0	8000	53816	154424	100	-3	0.11	0.11	0	
06/06/2011 10:22:13	TASTEGGIO	1	0	8000	53816	110065	100	-3	0.05	0.14	44500	
06/06/2011 10:22:32	TASTEGGIO	1	0	8000	53816	65591	100	0	0.13	0.13	0	
06/06/2011 10:22:43	TASTEGGIO	1	0	8000	53816	109954	100	0	0.05	0.13	44500	
06/06/2011 10:24:37	TASTEGGIO	1	0	8000	53816	110101	100	0	0.19	0.26	-44500	
06/06/2011 10:24:58	TASTEGGIO	1	0	8000	53816	154540	121	-3	0.24	0.24	0	
06/06/2011 10:25:14	TASTEGGIO	0	1	8000	53816	154548	165	-4	0.20	0.20	0	
06/06/2011 10:25:33	TASTEGGIO	0	2	8000	53816	154558	198	-10	0.10	0.10	0	
06/06/2011 10:25:44	TASTEGGIO	0	2	8000	53816	110077	198	-10	0.08	0.15	44500	
06/06/2011 10:26:02	TASTEGGIO	1	0	8000	53816	65622	102	-1	0.13	0.13	0	
06/06/2011 10:26:13	TASTEGGIO	1	0	8000	53816	109962	102	-1	0.07	0.13	44500	
06/06/2011 10:28:09	TASTEGGIO	1	0	8000	53816	110097	102	-1	0.77	0.92	24500	
06/06/2011 10:28:31	TASTEGGIO	1	0	8000	53816	85674	240	-6	0.84	0.84	0	
06/06/2011 10:28:51	TASTEGGIO	0	1	8000	53816	85681	392	-69	0.17	0.17	0	
06/06/2011 10:29:05	TASTEGGIO	0	0	8000	53816	85672	105	0	0.17	0.17	0	
06/06/2011 10:29:20	TASTEGGIO	0	1	8000	53816	85669	139	0	0.17	0.17	0	
06/06/2011 10:29:39	TASTEGGIO	0	1	8000	53816	85675	190	0	0.17	0.17	0	
06/06/2011 10:29:57	TASTEGGIO	0	1	8000	53816	85674	241	0	0.17	0.17	0	
06/06/2011 10:30:16	TASTEGGIO	0	1	8000	53816	85673	292	-3	0.15	0.15	0	
06/06/2011 10:30:37	TASTEGGIO	0	2	8000	53816	85678	318	-4	0.12	0.12	0	
06/06/2011 10:30:47	TASTEGGIO	0	2	8000	53816	109977	318	-4	0.09	0.20	44500	
06/06/2011 10:31:06	TASTEGGIO	1	0	8000	53816	65503	111	0	0.20	0.20	0	
06/06/2011 10:31:20	TASTEGGIO	0	1	8000	53816	65505	151	0	0.20	0.20	0	
06/06/2011 10:31:38	TASTEGGIO	0	1	8000	53816	65512	211	-3	0.18	0.18	0	
06/06/2011 10:31:57	TASTEGGIO	0	2	8000	53816	65516	243	-6	0.12	0.12	0	
06/06/2011 10:32:08	TASTEGGIO	0	2	8000	53816	109972	243	-6	0.05	0.13	44500	
06/06/2011 10:34:03	TASTEGGIO	0	2	8000	53816	110096	243	-6	0.03	0.06	24500	
06/06/2011 10:35:16	ALARM 17	proc 12 prog 10 step 47	LavoroTerminato
07/06/2011 15:12:39	ALARM 406		
09/06/2011 07:25:33	ALARM 401		
09/06/2011 07:25:35	INIT OK
09/06/2011 07:34:26	TASTEGGIO	0	0	8200	54602	132486	0	0	0.10	0.22	-24500	
09/06/2011 07:34:50	TASTEGGIO	1	0	8200	54602	156956	240	-26	0.05	0.05	0	
09/06/2011 07:35:00	TASTEGGIO	1	0	8200	54602	132562	240	-26	0.12	0.12	0	
09/06/2011 07:35:22	TASTEGGIO	1	0	8200	54602	132581	227	-24	0.12	0.12	0	
09/06/2011 07:35:42	TASTEGGIO	0	1	8200	54602	132585	215	-22	0.09	0.09	0	
09/06/2011 07:36:02	TASTEGGIO	0	1	8200	54602	132585	208	-15	0.06	0.06	0	
09/06/2011 07:36:10	TASTEGGIO	0	1	8200	54602	132573	208	-15	0.05	0.07	-24500	
09/06/2011 07:38:03	TASTEGGIO	0	1	8200	54602	132564	208	-15	0.58	0.83	44500	
09/06/2011 07:38:28	TASTEGGIO	1	0	8200	54602	88147	318	-14	0.68	0.68	0	
09/06/2011 07:38:48	TASTEGGIO	0	1	8200	54602	88148	373	-23	0.45	0.45	0	
09/06/2011 07:39:08	TASTEGGIO	0	2	8200	54602	88141	400	-26	0.19	0.19	0	
09/06/2011 07:39:29	TASTEGGIO	0	0	8200	54602	88138	236	0	0.19	0.19	0	
09/06/2011 07:39:48	TASTEGGIO	0	1	8200	54602	88136	274	0	0.19	0.19	0	
09/06/2011 07:40:09	TASTEGGIO	0	1	8200	54602	88134	331	-2	0.16	0.16	0	
09/06/2011 07:40:29	TASTEGGIO	0	2	8200	54602	88134	357	-2	0.14	0.14	0	
09/06/2011 07:40:40	TASTEGGIO	0	2	8200	54602	132466	357	-2	0.07	0.15	24500	
09/06/2011 07:41:03	TASTEGGIO	1	0	8200	54602	108002	231	-8	0.07	0.07	0	
09/06/2011 07:41:12	TASTEGGIO	1	0	8200	54602	132452	231	-8	0.00	0.11	44500	
09/06/2011 07:42:30	ALARM 17	proc 12 prog 10 step 47	LavoroTerminato
09/06/2011 07:43:21	ALARM 318	proc 12 prog 22 step 6	go_abs inv_ax 2
09/06/2011 07:43:28	ALARM 318	proc 12 prog 22 step 6	go_abs inv_ax 2
09/06/2011 07:43:36	ALARM 318	proc 12 prog 22 step 6	go_abs inv_ax 2
09/06/2011 07:44:50	TASTEGGIO	1	0	8500	55778	113489	231	-8	0.14	0.14	0	
09/06/2011 07:45:11	TASTEGGIO	1	0	8500	55778	113510	229	-6	0.08	0.08	0	
09/06/2011 07:45:19	TASTEGGIO	1	0	8500	55778	113484	229	-6	0.08	0.08	0	
09/06/2011 07:47:21	TASTEGGIO	1	0	8500	55777	113293	229	-6	0.09	0.10	44500	
09/06/2011 07:47:43	TASTEGGIO	1	0	8500	55777	68854	224	-3	0.09	0.09	0	
09/06/2011 07:48:01	TASTEGGIO	0	1	8500	55777	68855	232	-2	0.08	0.08	0	
09/06/2011 07:48:12	TASTEGGIO	0	1	8500	55777	113163	232	-2	0.07	0.08	44500	
09/06/2011 07:50:09	TASTEGGIO	0	1	8500	55777	113389	232	-2	0.25	0.29	-44500	
09/06/2011 07:50:32	TASTEGGIO	1	0	8500	55777	157836	249	-7	0.21	0.21	0	
09/06/2011 07:50:50	TASTEGGIO	0	1	8500	55777	157850	264	-4	0.16	0.16	0	
09/06/2011 07:51:10	TASTEGGIO	0	2	8500	55777	157858	281	-5	0.11	0.11	0	
09/06/2011 07:51:21	TASTEGGIO	0	2	8500	55777	113368	281	-5	0.11	0.12	-24500	
09/06/2011 07:51:43	TASTEGGIO	1	0	8500	55777	137847	227	-5	0.06	0.06	0	
09/06/2011 07:51:52	TASTEGGIO	1	0	8500	55777	113368	227	-5	0.07	0.08	-44500	
09/06/2011 07:53:51	TASTEGGIO	1	0	8500	55778	113394	227	-5	0.05	0.08	-44500	
09/06/2011 07:55:51	TASTEGGIO	1	0	8500	55777	113300	227	-5	0.16	0.27	44500	
09/06/2011 07:56:14	TASTEGGIO	1	0	8500	55777	68870	246	-3	0.26	0.26	0	
09/06/2011 07:56:32	TASTEGGIO	0	1	8500	55777	68871	296	-7	0.19	0.19	0	
09/06/2011 07:56:51	TASTEGGIO	0	2	8500	55777	68867	315	-7	0.12	0.12	0	
09/06/2011 07:57:02	TASTEGGIO	0	2	8500	55777	113170	315	-7	0.07	0.12	44500	
09/06/2011 07:57:24	TASTEGGIO	1	0	8500	55777	68727	227	0	0.12	0.12	0	
09/06/2011 07:57:42	TASTEGGIO	0	1	8500	55777	68725	251	0	0.12	0.12	0	
09/06/2011 07:58:02	TASTEGGIO	0	1	8500	55777	68723	287	0	0.12	0.12	0	
09/06/2011 07:58:22	TASTEGGIO	0	1	8500	55777	68722	323	-4	0.07	0.07	0	
09/06/2011 07:58:33	TASTEGGIO	0	1	8500	55777	113157	323	-4	0.08	0.08	44500	
09/06/2011 08:00:40	TASTEGGIO	0	1	8500	55777	113387	323	-4	0.11	0.20	-44500	
09/06/2011 08:01:03	TASTEGGIO	1	0	8500	55777	157831	237	-5	0.14	0.14	0	
09/06/2011 08:01:14	TASTEGGIO	1	0	8500	55777	113375	237	-5	0.09	0.14	-44500	
09/06/2011 08:01:37	TASTEGGIO	1	0	8500	55777	157829	229	-1	0.12	0.12	0	
09/06/2011 08:01:55	TASTEGGIO	0	1	8500	55777	157840	239	-1	0.11	0.11	0	
09/06/2011 08:02:14	TASTEGGIO	0	1	8500	55777	157848	269	-5	0.07	0.07	0	
09/06/2011 08:02:25	TASTEGGIO	0	1	8500	55777	113368	269	-5	0.09	0.12	24500	
09/06/2011 08:02:47	TASTEGGIO	1	0	8500	55777	88932	227	-4	0.07	0.07	0	
09/06/2011 08:02:56	TASTEGGIO	1	0	8500	55777	113263	227	-4	0.06	0.08	24500	
09/06/2011 08:04:43	TASTEGGIO	1	0	8500	55777	113394	227	-4	0.15	0.18	-24500	
09/06/2011 08:05:06	TASTEGGIO	1	0	8500	55777	137860	234	-10	0.09	0.09	0	
09/06/2011 08:05:16	TASTEGGIO	1	0	8500	55777	113367	234	-10	0.10	0.12	44500	
09/06/2011 08:05:39	TASTEGGIO	1	0	8500	55777	68937	227	-2	0.10	0.10	0	
09/06/2011 08:05:56	TASTEGGIO	0	1	8500	55777	68937	235	-1	0.08	0.08	0	
09/06/2011 08:06:07	TASTEGGIO	0	1	8500	55777	113256	235	-1	0.07	0.09	24500	
09/06/2011 08:06:29	TASTEGGIO	1	0	8500	55777	88803	223	-3	0.05	0.05	0	
09/06/2011 08:06:39	TASTEGGIO	1	0	8500	55777	113259	223	-3	0.04	0.07	-44500	
09/06/2011 08:08:37	TASTEGGIO	1	0	8500	55777	113493	223	-3	0.12	0.16	-24500	
09/06/2011 08:08:59	TASTEGGIO	1	0	8500	55777	137966	232	-8	0.08	0.08	0	
09/06/2011 08:09:09	TASTEGGIO	1	0	8500	55777	113468	232	-8	0.06	0.09	-24500	
09/06/2011 08:09:32	TASTEGGIO	1	0	8500	55777	137948	223	-3	0.05	0.05	0	
09/06/2011 08:09:42	TASTEGGIO	1	0	8500	55777	113462	223	-3	0.04	0.06	-24500	
09/06/2011 08:11:35	TASTEGGIO	1	0	8500	55777	113494	223	-3	0.09	0.13	-44500	
09/06/2011 08:11:57	TASTEGGIO	1	0	8500	55777	157927	228	-8	0.06	0.06	0	
09/06/2011 08:12:08	TASTEGGIO	1	0	8500	55777	113458	228	-8	0.06	0.08	44500	
09/06/2011 08:13:54	TASTEGGIO	1	0	8500	55777	113398	228	-8	0.22	0.27	24500	
09/06/2011 08:14:15	TASTEGGIO	1	0	8500	55777	88957	246	-5	0.22	0.22	0	
09/06/2011 08:14:34	TASTEGGIO	0	1	8500	55777	88963	263	-4	0.18	0.18	0	
09/06/2011 08:14:54	TASTEGGIO	0	2	8500	55777	88963	292	-7	0.12	0.12	0	
09/06/2011 08:15:04	TASTEGGIO	0	2	8500	55777	113273	292	-7	0.12	0.13	24500	
09/06/2011 08:15:27	TASTEGGIO	1	0	8500	55777	88820	228	-1	0.12	0.12	0	
09/06/2011 08:15:47	TASTEGGIO	0	1	8500	55777	88820	250	0	0.11	0.11	0	
09/06/2011 08:16:05	TASTEGGIO	0	1	8500	55777	88821	280	-6	0.06	0.06	0	
09/06/2011 08:16:15	TASTEGGIO	0	1	8500	55777	113267	280	-6	0.06	0.10	44500	
09/06/2011 08:16:37	TASTEGGIO	1	0	8500	55777	68811	224	-2	0.08	0.08	0	
09/06/2011 08:16:48	TASTEGGIO	1	0	8500	55777	113256	224	-2	0.06	0.08	44500	
09/06/2011 08:18:35	TASTEGGIO	1	0	8500	55777	113391	224	-2	0.13	0.15	24500	
09/06/2011 08:18:57	TASTEGGIO	1	0	8500	55777	88954	231	-4	0.11	0.11	0	
09/06/2011 08:19:07	TASTEGGIO	1	0	8500	55777	113270	231	-4	0.13	0.14	-24500	
09/06/2011 08:19:30	TASTEGGIO	1	0	8500	55777	137747	229	-7	0.07	0.07	0	
09/06/2011 08:19:40	TASTEGGIO	1	0	8500	55777	113361	229	-7	0.07	0.10	24500	
09/06/2011 08:20:02	TASTEGGIO	1	0	8500	55777	88920	224	0	0.08	0.08	0	
09/06/2011 08:20:12	TASTEGGIO	1	0	8500	55777	113253	224	0	0.08	0.09	24500	
09/06/2011 08:22:09	TASTEGGIO	1	0	8500	55777	113394	224	0	0.17	0.17	24500	
09/06/2011 08:22:32	TASTEGGIO	1	0	8500	55777	88953	233	-4	0.13	0.13	0	
09/06/2011 08:22:42	TASTEGGIO	1	0	8500	55777	113268	233	-4	0.13	0.13	0	
09/06/2011 08:23:03	TASTEGGIO	1	0	8500	55777	113269	228	-6	0.08	0.08	0	
09/06/2011 08:23:11	TASTEGGIO	1	0	8500	55777	113273	228	-6	0.09	0.10	24500	
09/06/2011 08:23:34	TASTEGGIO	1	0	8500	55777	88821	224	-3	0.07	0.07	0	
09/06/2011 08:23:44	TASTEGGIO	1	0	8500	55777	113265	224	-3	0.07	0.08	44500	
09/06/2011 08:25:34	TASTEGGIO	1	0	8500	55777	113493	224	-3	0.23	0.26	-44500	
09/06/2011 08:25:57	TASTEGGIO	1	0	8500	55777	157929	245	-9	0.17	0.17	0	
09/06/2011 08:26:15	TASTEGGIO	0	1	8500	55777	157943	256	-5	0.12	0.12	0	
09/06/2011 08:26:25	TASTEGGIO	0	1	8500	55777	113468	256	-5	0.13	0.17	24500	
09/06/2011 08:26:48	TASTEGGIO	1	0	8500	55777	89033	233	-5	0.11	0.11	0	
09/06/2011 08:26:58	TASTEGGIO	1	0	8500	55777	113364	233	-5	0.10	0.12	24500	
09/06/2011 08:27:20	TASTEGGIO	1	0	8500	55777	88909	227	-1	0.11	0.11	0	
09/06/2011 08:27:38	TASTEGGIO	0	1	8500	55777	88911	247	-3	0.08	0.08	0	
09/06/2011 08:27:48	TASTEGGIO	0	1	8500	55777	113364	247	-3	0.06	0.09	24500	
09/06/2011 08:29:51	TASTEGGIO	0	1	8500	55777	113499	247	-3	0.26	0.27	-44500	
09/06/2011 08:30:14	TASTEGGIO	1	0	8500	55777	157936	246	-9	0.17	0.17	0	
09/06/2011 08:30:33	TASTEGGIO	0	1	8500	55777	157949	256	-5	0.13	0.13	0	
09/06/2011 08:30:43	TASTEGGIO	0	1	8500	55777	113468	256	-5	0.17	0.17	24500	
09/06/2011 08:31:05	TASTEGGIO	1	0	8500	55777	89033	233	-5	0.12	0.12	0	
09/06/2011 08:31:16	TASTEGGIO	1	0	8500	55777	113364	233	-5	0.13	0.13	0	
09/06/2011 08:31:37	TASTEGGIO	1	0	8500	55777	113364	228	-6	0.07	0.07	0	
09/06/2011 08:31:45	TASTEGGIO	1	0	8500	55777	113369	228	-6	0.08	0.08	24500	
09/06/2011 08:33:44	TASTEGGIO	1	0	8500	55777	113684	228	-6	0.18	0.28	-44500	
09/06/2011 08:34:07	TASTEGGIO	1	0	8500	55777	158129	247	-23	0.49	0.49	0	
09/06/2011 08:34:27	TASTEGGIO	0	1	8500	55777	158142	400	-68	0.20	0.20	0	
09/06/2011 08:34:47	TASTEGGIO	0	1	8500	55777	158152	391	-73	0.52	0.52	0	
09/06/2011 08:35:05	TASTEGGIO	0	1	8500	55777	158155	255	-11	0.42	0.42	0	
09/06/2011 08:35:24	TASTEGGIO	0	2	8500	55777	158156	322	-19	0.23	0.23	0	
09/06/2011 08:35:42	TASTEGGIO	0	3	8500	55777	158157	343	-13	0.10	0.10	0	
09/06/2011 08:35:53	TASTEGGIO	0	3	8500	55777	113662	343	-13	0.07	0.11	-44500	
09/06/2011 08:36:15	TASTEGGIO	1	0	8500	55777	158117	225	0	0.10	0.10	0	
09/06/2011 08:36:33	TASTEGGIO	0	1	8500	55777	158130	243	0	0.10	0.10	0	
09/06/2011 08:36:53	TASTEGGIO	0	1	8500	55777	158134	273	0	0.10	0.10	0	
09/06/2011 08:37:13	TASTEGGIO	0	1	8500	55777	158137	303	0	0.09	0.09	0	
09/06/2011 08:37:24	TASTEGGIO	0	1	8500	55777	113664	303	0	0.06	0.10	-44500	
09/06/2011 08:37:46	TASTEGGIO	1	0	8500	55777	158120	224	-1	0.10	0.10	0	
09/06/2011 08:38:05	TASTEGGIO	0	1	8500	55777	158133	244	0	0.09	0.09	0	
09/06/2011 08:38:15	TASTEGGIO	0	1	8500	55777	113660	244	0	0.06	0.10	-44500	
09/06/2011 08:38:38	TASTEGGIO	1	0	8500	55777	158116	224	0	0.09	0.09	0	
09/06/2011 08:38:49	TASTEGGIO	1	0	8500	55777	113660	224	0	0.06	0.10	-44500	
09/06/2011 08:39:11	TASTEGGIO	1	0	8500	55777	158121	224	-1	0.09	0.09	0	
09/06/2011 08:39:22	TASTEGGIO	1	0	8500	55777	113656	224	-1	0.06	0.10	-44500	
09/06/2011 08:39:45	TASTEGGIO	1	0	8500	55777	158114	224	-1	0.09	0.09	0	
09/06/2011 08:39:55	TASTEGGIO	1	0	8500	55777	113662	224	-1	0.05	0.10	-44500	
09/06/2011 08:41:42	TASTEGGIO	1	0	8500	55777	113491	224	-1	0.20	0.21	-24500	
09/06/2011 08:42:05	TASTEGGIO	1	0	8500	55777	137963	238	-11	0.11	0.11	0	
09/06/2011 08:42:15	TASTEGGIO	1	0	8500	55777	113460	238	-11	0.12	0.13	24500	
09/06/2011 08:42:37	TASTEGGIO	1	0	8500	55777	89022	228	-5	0.07	0.07	0	
09/06/2011 08:42:47	TASTEGGIO	1	0	8500	55777	113360	228	-5	0.08	0.08	-24500	
09/06/2011 08:44:47	TASTEGGIO	1	0	8500	55777	113488	228	-5	0.20	0.21	24500	
09/06/2011 08:45:09	TASTEGGIO	1	0	8500	55777	89034	238	-6	0.16	0.16	0	
09/06/2011 08:45:28	TASTEGGIO	0	1	8500	55777	89039	250	-4	0.13	0.13	0	
09/06/2011 08:45:38	TASTEGGIO	0	1	8500	55777	113362	250	-4	0.13	0.13	0	
09/06/2011 08:45:59	TASTEGGIO	1	0	8500	55777	113358	228	-8	0.05	0.05	0	
09/06/2011 08:46:07	TASTEGGIO	1	0	8500	55777	113363	228	-8	0.05	0.09	44500	
09/06/2011 08:47:00	ALARM 17	proc 12 prog 10 step 47	LavoroTerminato
09/06/2011 08:53:31	ALARM 318	proc 12 prog 22 step 6	go_abs inv_ax 2
09/06/2011 08:53:57	ALARM 401		
09/06/2011 08:53:57	ALARM 401		
09/06/2011 08:54:42	ALARM 401		
09/06/2011 08:54:43	ALARM 401		
09/06/2011 08:55:17	ALARM 318	proc 12 prog 22 step 6	go_abs inv_ax 2
09/06/2011 08:55:24	ALARM 318	proc 12 prog 22 step 6	go_abs inv_ax 2
09/06/2011 08:59:29	TASTEGGIO	1	0	5000	42056	88332	228	-8	0.02	0.08	-44500	
09/06/2011 09:01:34	TASTEGGIO	1	0	5000	42056	88484	228	-8	0.04	0.08	44500	
09/06/2011 09:03:34	TASTEGGIO	1	0	5000	42056	88484	228	-8	0.07	0.07	24500	
09/06/2011 09:05:36	TASTEGGIO	1	0	5000	42056	88484	228	-8	0.05	0.09	44500	
09/06/2011 09:07:35	TASTEGGIO	1	0	5000	42056	88583	228	-8	0.04	0.08	44500	
09/06/2011 09:09:38	TASTEGGIO	1	0	5000	42056	88484	228	-8	0.03	0.03	24500	
09/06/2011 09:11:39	TASTEGGIO	1	0	5000	42056	88486	228	-8	0.03	0.07	44500	
09/06/2011 09:14:01	TASTEGGIO	1	0	5000	42056	88485	228	-8	0.07	0.10	44500	
09/06/2011 09:14:22	TASTEGGIO	1	0	5000	42056	44054	224	-2	0.10	0.10	0	
09/06/2011 09:14:41	TASTEGGIO	0	1	5000	42056	44057	244	-1	0.09	0.09	0	
09/06/2011 09:14:51	TASTEGGIO	0	1	5000	42056	88313	244	-1	0.05	0.09	44500	
09/06/2011 09:16:54	TASTEGGIO	0	1	5000	42055	88481	244	-1	0.04	0.05	-44500	
09/06/2011 09:18:51	TASTEGGIO	0	1	5000	42055	88485	244	-1	0.04	0.68	24500	
09/06/2011 09:19:15	TASTEGGIO	1	0	5000	42055	64029	299	-18	0.24	0.24	0	
09/06/2011 09:19:35	TASTEGGIO	0	0	5000	42055	64031	242	-1	0.21	0.21	0	
09/06/2011 09:19:54	TASTEGGIO	0	1	5000	42055	64030	260	0	0.23	0.23	0	
09/06/2011 09:20:15	TASTEGGIO	0	1	5000	42055	64031	335	-19	0.31	0.31	0	
09/06/2011 09:20:37	TASTEGGIO	0	1	5000	42055	64032	400	-65	0.50	0.50	0	
09/06/2011 09:20:58	TASTEGGIO	0	1	5000	42055	64027	319	-36	0.20	0.20	0	
09/06/2011 09:21:17	TASTEGGIO	0	0	5000	42055	64028	237	-1	0.18	0.18	0	
09/06/2011 09:21:37	TASTEGGIO	0	1	5000	42055	64028	253	-1	0.17	0.17	0	
09/06/2011 09:21:58	TASTEGGIO	0	1	5000	42055	64027	301	-4	0.16	0.16	0	
09/06/2011 09:22:19	TASTEGGIO	0	1	5000	42055	64027	346	-17	0.27	0.27	0	
09/06/2011 09:22:39	TASTEGGIO	0	1	5000	42055	64028	300	-24	0.25	0.25	0	
09/06/2011 09:23:01	TASTEGGIO	0	1	5000	42055	64027	369	-37	0.25	0.25	0	
09/06/2011 09:23:22	TASTEGGIO	0	1	5000	42055	64028	344	-40	0.29	0.29	0	
09/06/2011 09:23:43	TASTEGGIO	0	1	5000	42055	64027	310	-32	0.14	0.14	0	
09/06/2011 09:23:52	TASTEGGIO	0	1	5000	42055	88321	310	-32	0.11	0.52	24500	
09/06/2011 09:24:16	TASTEGGIO	1	0	5000	42055	63875	278	-5	0.19	0.19	0	
09/06/2011 09:24:36	TASTEGGIO	0	0	5000	42055	63872	236	-12	0.11	0.11	0	
09/06/2011 09:24:46	TASTEGGIO	0	0	5000	42055	88317	236	-12	0.05	0.23	24500	
09/06/2011 09:25:10	TASTEGGIO	1	0	5000	42055	63872	241	-11	0.14	0.14	0	
09/06/2011 09:25:19	TASTEGGIO	1	0	5000	42055	88318	241	-11	0.10	0.15	44500	
09/06/2011 09:25:42	TASTEGGIO	1	0	5000	42055	43874	231	-2	0.13	0.13	0	
09/06/2011 09:25:52	TASTEGGIO	1	0	5000	42055	88315	231	-2	0.09	0.14	44500	
09/06/2011 09:26:14	TASTEGGIO	1	0	5000	42055	43868	229	-1	0.12	0.12	0	
09/06/2011 09:26:31	TASTEGGIO	0	1	5000	42055	43865	239	0	0.13	0.13	0	
09/06/2011 09:26:50	TASTEGGIO	0	1	5000	42055	43865	281	-4	0.09	0.09	0	
09/06/2011 09:27:01	TASTEGGIO	0	1	5000	42055	88320	281	-4	0.07	0.13	24500	
09/06/2011 09:27:24	TASTEGGIO	1	0	5000	42055	63877	228	-2	0.11	0.11	0	
09/06/2011 09:27:44	TASTEGGIO	0	1	5000	42055	63873	237	-9	0.09	0.09	0	
09/06/2011 09:27:54	TASTEGGIO	0	1	5000	42055	88321	237	-9	0.02	0.14	24500	
09/06/2011 09:28:18	TASTEGGIO	1	0	5000	42055	63878	229	-8	0.09	0.09	0	
09/06/2011 09:28:27	TASTEGGIO	1	0	5000	42055	88319	229	-8	0.07	0.12	24500	
09/06/2011 09:28:50	TASTEGGIO	1	0	5000	42055	63881	227	-2	0.09	0.09	0	
09/06/2011 09:29:00	TASTEGGIO	1	0	5000	42055	88318	227	-2	0.07	0.13	24500	
09/06/2011 09:29:23	TASTEGGIO	1	0	5000	42055	63874	228	-1	0.10	0.10	0	
09/06/2011 09:29:43	TASTEGGIO	0	1	5000	42055	63873	235	-8	0.10	0.10	0	
09/06/2011 09:30:03	TASTEGGIO	0	1	5000	42055	63867	265	-12	0.11	0.11	0	
09/06/2011 09:30:23	TASTEGGIO	0	1	5000	42055	63863	252	-10	0.10	0.10	0	
09/06/2011 09:30:43	TASTEGGIO	0	1	5000	42055	63860	279	-16	0.12	0.12	0	
09/06/2011 09:31:02	TASTEGGIO	0	1	5000	42055	63859	264	-14	0.10	0.10	0	
09/06/2011 09:31:23	TASTEGGIO	0	1	5000	42055	63859	255	-14	0.09	0.09	0	
09/06/2011 09:31:32	TASTEGGIO	0	1	5000	42055	88319	255	-14	0.07	0.11	24500	
09/06/2011 09:31:55	TASTEGGIO	1	0	5000	42055	63872	225	-1	0.09	0.09	0	
09/06/2011 09:32:05	TASTEGGIO	1	0	5000	42055	88316	225	-1	0.07	0.10	44500	
09/06/2011 09:32:27	TASTEGGIO	1	0	5000	42055	43869	224	-1	0.08	0.08	0	
09/06/2011 09:32:38	TASTEGGIO	1	0	5000	42055	88318	224	-1	0.06	0.12	24500	
09/06/2011 09:33:01	TASTEGGIO	1	0	5000	42055	63869	227	-2	0.13	0.13	0	
09/06/2011 09:35:23	TASTEGGIO	0	1	5000	42056	88483	255	-1	0.05	0.07	44500	
09/06/2011 09:37:29	TASTEGGIO	0	1	5000	42056	88483	255	-1	0.14	0.17	24500	
09/06/2011 09:37:53	TASTEGGIO	1	0	5000	42056	64032	233	-6	0.12	0.12	0	
09/06/2011 09:38:03	TASTEGGIO	1	0	5000	42056	88324	233	-6	0.10	0.13	44500	
09/06/2011 09:38:24	TASTEGGIO	1	0	5000	42056	43881	228	-2	0.11	0.11	0	
09/06/2011 09:38:43	TASTEGGIO	0	1	5000	42056	43879	237	-2	0.10	0.10	0	
09/06/2011 09:39:01	TASTEGGIO	0	1	5000	42056	43877	264	-4	0.06	0.06	0	
09/06/2011 09:39:11	TASTEGGIO	0	1	5000	42056	88323	264	-4	0.06	0.07	44500	
09/06/2011 09:41:14	TASTEGGIO	0	1	5000	42055	88482	264	-4	0.04	0.10	-44500	
09/06/2011 09:41:36	TASTEGGIO	1	0	5000	42055	132950	224	-8	0.04	0.04	0	
09/06/2011 09:41:45	TASTEGGIO	1	0	5000	42055	88504	224	-8	0.04	0.06	-24500	
09/06/2011 09:43:49	TASTEGGIO	1	0	5000	42055	88783	224	-8	0.16	0.19	-44500	
09/06/2011 09:44:12	TASTEGGIO	1	0	5000	42055	133239	236	-6	0.12	0.12	0	
09/06/2011 09:44:22	TASTEGGIO	1	0	5000	42055	88804	236	-6	0.12	0.13	-44500	
09/06/2011 09:44:44	TASTEGGIO	1	0	5000	42055	133264	228	-1	0.11	0.11	0	
09/06/2011 09:45:02	TASTEGGIO	0	1	5000	42055	133265	237	-5	0.09	0.09	0	
09/06/2011 09:45:12	TASTEGGIO	0	1	5000	42055	88803	237	-5	0.11	0.11	0	
09/06/2011 09:45:34	TASTEGGIO	1	0	5000	42055	88810	225	-6	0.11	0.11	0	
09/06/2011 09:45:54	TASTEGGIO	0	1	5000	42055	88815	247	-9	0.03	0.03	0	
09/06/2011 09:46:01	TASTEGGIO	0	1	5000	42055	88805	247	-9	0.03	0.06	44500	
09/06/2011 09:48:05	TASTEGGIO	0	1	5000	42055	88499	247	-9	0.01	0.02	-44500	
09/06/2011 09:50:05	TASTEGGIO	0	1	5000	42055	88490	247	-9	0.07	0.07	0	
09/06/2011 09:52:05	TASTEGGIO	0	1	5000	42055	88489	247	-9	0.12	0.17	-24500	
09/06/2011 09:52:28	TASTEGGIO	1	0	5000	42055	112947	233	-11	0.07	0.07	0	
09/06/2011 09:52:38	TASTEGGIO	1	0	5000	42055	88500	233	-11	0.03	0.09	-44500	
09/06/2011 09:54:38	TASTEGGIO	1	0	5000	42055	88483	233	-11	0.03	0.04	-24500	
09/06/2011 09:56:36	TASTEGGIO	1	0	5000	42055	88394	233	-11	0.05	0.06	44500	
09/06/2011 09:58:40	TASTEGGIO	1	0	5000	42055	88482	233	-11	0.10	0.17	24500	
09/06/2011 09:59:03	TASTEGGIO	1	0	5000	42055	64045	233	-4	0.12	0.12	0	
09/06/2011 09:59:13	TASTEGGIO	1	0	5000	42055	88321	233	-4	0.08	0.13	24500	
09/06/2011 09:59:36	TASTEGGIO	1	0	5000	42055	63876	228	-1	0.12	0.12	0	
09/06/2011 09:59:56	TASTEGGIO	0	1	5000	42055	63871	250	-3	0.10	0.10	0	
09/06/2011 10:00:16	TASTEGGIO	0	2	5000	42055	63868	266	-8	0.04	0.04	0	
09/06/2011 10:00:25	TASTEGGIO	0	2	5000	42055	88317	266	-8	0.04	0.09	-44500	
09/06/2011 10:02:23	TASTEGGIO	0	2	5000	42055	88481	266	-8	0.01	0.04	44500	
09/06/2011 10:04:23	TASTEGGIO	0	2	5000	42055	88482	266	-8	0.22	0.28	-24500	
09/06/2011 10:04:47	TASTEGGIO	1	0	5000	42055	112934	247	-8	0.19	0.19	0	
09/06/2011 10:05:08	TASTEGGIO	0	1	5000	42055	112938	259	-8	0.15	0.15	0	
09/06/2011 10:05:28	TASTEGGIO	0	2	5000	42055	112941	275	-13	0.03	0.03	0	
09/06/2011 10:05:37	TASTEGGIO	0	2	5000	42055	88505	275	-13	0.03	0.07	-44500	
09/06/2011 10:07:39	TASTEGGIO	0	2	5000	42055	88479	275	-13	0.09	0.10	24500	
09/06/2011 10:08:02	TASTEGGIO	1	0	5000	42055	64035	224	-3	0.08	0.08	0	
09/06/2011 10:08:12	TASTEGGIO	1	0	5000	42055	88320	224	-3	0.08	0.08	24500	
09/06/2011 10:09:12	ALARM 307	proc 2 prog 51 step 61	inverter error 8
09/06/2011 10:12:48	TASTEGGIO	1	0	5000	42068	88482	224	-3	0.05	0.06	24500	
09/06/2011 10:14:51	TASTEGGIO	1	0	5000	42055	88481	224	-3	0.07	0.10	44500	
09/06/2011 10:15:13	TASTEGGIO	1	0	5000	42055	44047	224	-3	0.08	0.08	0	
09/06/2011 10:15:23	TASTEGGIO	1	0	5000	42055	88321	224	-3	0.06	0.08	44500	
09/06/2011 10:16:34	ALARM 17	proc 12 prog 10 step 47	LavoroTerminato
09/06/2011 10:20:16	TASTEGGIO	1	0	5000	42055	114478	224	-3	0.08	0.17	44500	
09/06/2011 10:20:39	TASTEGGIO	1	0	5000	42055	70054	233	-11	0.06	0.06	0	
09/06/2011 10:20:50	TASTEGGIO	1	0	5000	42055	114346	233	-11	0.03	0.07	44500	
09/06/2011 10:22:56	TASTEGGIO	1	0	5000	42055	114482	233	-11	0.11	0.11	0	
09/06/2011 10:23:17	TASTEGGIO	1	0	5000	42055	114487	225	-24	0.13	0.13	0	
09/06/2011 10:23:35	TASTEGGIO	0	1	5000	42055	114487	209	-25	0.11	0.11	0	
09/06/2011 10:23:54	TASTEGGIO	0	1	5000	42055	114487	199	-17	0.05	0.05	0	
09/06/2011 10:24:01	TASTEGGIO	0	1	5000	42055	114483	199	-17	0.05	0.05	0	
09/06/2011 10:26:09	TASTEGGIO	0	1	5000	42055	114584	199	-17	0.10	0.13	-44500	
09/06/2011 10:26:32	TASTEGGIO	1	0	5000	42055	158981	228	-33	0.17	0.17	0	
09/06/2011 10:26:51	TASTEGGIO	0	1	5000	42055	158981	205	-35	0.18	0.18	0	
09/06/2011 10:27:10	TASTEGGIO	0	1	5000	42055	158981	185	-19	0.02	0.02	0	
09/06/2011 10:27:20	TASTEGGIO	0	1	5000	42055	114579	185	-19	0.05	0.07	44500	
09/06/2011 10:29:25	TASTEGGIO	0	1	5000	42055	114586	185	-19	0.13	0.15	24500	
09/06/2011 10:29:49	TASTEGGIO	1	0	5000	42055	90173	231	-24	0.07	0.07	0	
09/06/2011 10:29:58	TASTEGGIO	1	0	5000	42055	114443	231	-24	0.09	0.10	-44500	
09/06/2011 10:30:22	TASTEGGIO	1	0	5000	42055	158844	224	-32	0.21	0.21	0	
09/06/2011 10:30:40	TASTEGGIO	0	1	5000	42055	158845	179	-21	0.01	0.01	0	
09/06/2011 10:30:50	TASTEGGIO	0	1	5000	42055	114572	179	-21	0.04	0.05	24500	
09/06/2011 10:32:57	TASTEGGIO	0	1	5000	42055	114580	179	-21	0.05	0.07	44500	
09/06/2011 10:35:00	TASTEGGIO	0	1	5000	42055	114490	179	-21	0.06	0.07	-44500	
09/06/2011 10:37:04	TASTEGGIO	0	1	5000	42055	114382	179	-21	0.12	0.19	44500	
09/06/2011 10:37:28	TASTEGGIO	1	0	5000	42055	69953	236	-10	0.11	0.11	0	
09/06/2011 10:37:38	TASTEGGIO	1	0	5000	42055	114248	236	-10	0.08	0.16	-44500	
09/06/2011 10:38:01	TASTEGGIO	1	0	5000	42055	158654	232	-24	0.07	0.07	0	
09/06/2011 10:38:12	TASTEGGIO	1	0	5000	42055	114373	232	-24	0.11	0.13	24500	
09/06/2011 10:38:35	TASTEGGIO	1	0	5000	42055	89947	228	-14	0.04	0.04	0	
09/06/2011 10:38:45	TASTEGGIO	1	0	5000	42055	114245	228	-14	0.02	0.08	44500	
09/06/2011 10:41:15	TASTEGGIO	1	0	5000	42055	114486	228	-14	0.07	0.14	44500	
09/06/2011 10:41:39	TASTEGGIO	1	0	5000	42055	70057	229	-8	0.06	0.06	0	
09/06/2011 10:41:49	TASTEGGIO	1	0	5000	42055	114354	229	-8	0.06	0.07	44500	
09/06/2011 10:43:40	TASTEGGIO	1	0	5000	42055	114492	229	-8	0.10	0.11	24500	
09/06/2011 10:44:04	TASTEGGIO	1	0	5000	42055	90064	225	-26	0.14	0.14	0	
09/06/2011 10:44:24	TASTEGGIO	0	1	5000	42055	90064	207	-26	0.13	0.13	0	
09/06/2011 10:44:43	TASTEGGIO	0	1	5000	42055	90064	194	-16	0.04	0.04	0	
09/06/2011 10:44:53	TASTEGGIO	0	1	5000	42055	114358	194	-16	0.02	0.03	-44500	
09/06/2011 10:46:57	TASTEGGIO	0	1	5000	42055	114494	194	-16	0.13	0.15	24500	
09/06/2011 10:47:20	TASTEGGIO	1	0	5000	42055	90074	231	-27	0.11	0.11	0	
09/06/2011 10:47:29	TASTEGGIO	1	0	5000	42055	114362	231	-27	0.08	0.10	24500	
09/06/2011 10:47:52	TASTEGGIO	1	0	5000	42055	89935	224	-34	0.22	0.22	0	
09/06/2011 10:48:11	TASTEGGIO	0	1	5000	42055	89934	175	-14	0.08	0.08	0	
09/06/2011 10:48:21	TASTEGGIO	0	1	5000	42055	114350	175	-14	0.09	0.09	24500	
09/06/2011 10:50:13	TASTEGGIO	0	1	5000	42055	114491	175	-14	0.12	0.13	24500	
09/06/2011 10:50:36	TASTEGGIO	1	0	5000	42055	90062	228	-16	0.07	0.07	0	
09/06/2011 10:50:46	TASTEGGIO	1	0	5000	42055	114357	228	-16	0.06	0.06	0	
09/06/2011 10:52:49	TASTEGGIO	1	0	5000	42055	114488	228	-16	0.12	0.12	0	
09/06/2011 10:53:10	TASTEGGIO	1	0	5000	42055	114492	227	-37	0.24	0.24	0	
09/06/2011 10:53:28	TASTEGGIO	0	1	5000	42055	114493	179	-22	0.07	0.07	0	
09/06/2011 10:53:36	TASTEGGIO	0	1	5000	42055	114488	179	-22	0.07	0.07	0	
09/06/2011 10:55:40	TASTEGGIO	0	1	5000	42055	114491	179	-22	0.08	0.08	24500	
09/06/2011 10:57:43	TASTEGGIO	0	1	5000	42055	114592	179	-22	0.09	0.14	-44500	
09/06/2011 10:58:06	TASTEGGIO	1	0	5000	42055	158999	229	-31	0.14	0.14	0	
09/06/2011 10:58:24	TASTEGGIO	0	1	5000	42055	158999	215	-36	0.22	0.22	0	
09/06/2011 10:58:41	TASTEGGIO	0	1	5000	42055	158999	180	-16	0.05	0.05	0	
09/06/2011 10:58:52	TASTEGGIO	0	1	5000	42055	114580	180	-16	0.03	0.05	-44500	
09/06/2011 11:00:56	TASTEGGIO	0	1	5000	42056	114487	180	-16	0.10	0.10	0	
09/06/2011 11:01:18	TASTEGGIO	1	0	5000	42056	114491	224	-33	0.21	0.21	0	
09/06/2011 11:01:36	TASTEGGIO	0	1	5000	42056	114491	179	-19	0.06	0.06	0	
09/06/2011 11:01:43	TASTEGGIO	0	1	5000	42056	114487	179	-19	0.06	0.06	0	
09/06/2011 11:03:46	TASTEGGIO	0	1	5000	42055	114489	179	-19	0.02	0.05	-44500	
09/06/2011 11:05:53	TASTEGGIO	0	1	5000	42056	114384	179	-19	0.15	0.16	44500	
09/06/2011 11:06:16	TASTEGGIO	1	0	5000	42056	69960	232	-12	0.05	0.05	0	
09/06/2011 11:06:26	TASTEGGIO	1	0	5000	42056	114248	232	-12	0.08	0.08	0	
09/06/2011 11:08:31	TASTEGGIO	1	0	5000	42056	114493	232	-12	0.12	0.12	0	
09/06/2011 11:08:53	TASTEGGIO	1	0	5000	42056	114498	227	-30	0.17	0.17	0	
09/06/2011 11:09:11	TASTEGGIO	0	1	5000	42056	114499	202	-25	0.10	0.10	0	
09/06/2011 11:09:28	TASTEGGIO	0	1	5000	42056	114498	196	-19	0.12	0.12	0	
09/06/2011 11:09:46	TASTEGGIO	0	1	5000	42056	114498	181	-12	0.09	0.09	0	
09/06/2011 11:09:53	TASTEGGIO	0	1	5000	42056	114493	181	-12	0.08	0.08	0	
09/06/2011 11:11:45	TASTEGGIO	0	1	5000	42056	114490	181	-12	0.07	0.07	0	
09/06/2011 11:13:53	TASTEGGIO	0	1	5000	42056	114494	181	-12	0.03	0.04	44500	
09/06/2011 11:15:59	TASTEGGIO	0	1	5000	42055	114595	181	-12	0.10	0.11	-24500	
09/06/2011 11:16:22	TASTEGGIO	1	0	5000	42055	139057	225	-38	0.26	0.26	0	
09/06/2011 11:16:40	TASTEGGIO	0	1	5000	42055	139057	163	-18	0.08	0.08	0	
09/06/2011 11:16:50	TASTEGGIO	0	1	5000	42055	114590	163	-18	0.07	0.07	-24500	
09/06/2011 11:18:54	TASTEGGIO	0	1	5000	42055	114491	163	-18	0.06	0.15	-44500	
09/06/2011 11:19:18	TASTEGGIO	1	0	5000	42055	158894	231	-31	0.15	0.15	0	
09/06/2011 11:19:36	TASTEGGIO	0	1	5000	42055	158895	216	-36	0.20	0.20	0	
09/06/2011 11:19:55	TASTEGGIO	0	1	5000	42055	158895	189	-16	0.03	0.03	0	
09/06/2011 11:20:05	TASTEGGIO	0	1	5000	42055	114483	189	-16	0.06	0.06	0	
09/06/2011 11:22:05	TASTEGGIO	0	1	5000	42055	114491	189	-16	0.03	0.08	44500	
09/06/2011 11:24:09	TASTEGGIO	0	1	5000	42055	114493	189	-16	0.10	0.10	0	
09/06/2011 11:24:29	TASTEGGIO	1	0	5000	42055	114499	224	-35	0.25	0.25	0	
09/06/2011 11:24:47	TASTEGGIO	0	1	5000	42055	114499	161	-15	0.09	0.09	0	
09/06/2011 11:24:55	TASTEGGIO	0	1	5000	42055	114493	161	-15	0.09	0.09	0	
09/06/2011 11:27:00	TASTEGGIO	0	1	5000	42055	114493	161	-15	0.12	0.12	0	
09/06/2011 11:27:21	TASTEGGIO	1	0	5000	42055	114499	227	-34	0.21	0.21	0	
09/06/2011 11:27:39	TASTEGGIO	0	1	5000	42055	114499	190	-25	0.10	0.10	0	
09/06/2011 11:27:57	TASTEGGIO	0	1	5000	42055	114499	185	-18	0.08	0.08	0	
09/06/2011 11:28:05	TASTEGGIO	0	1	5000	42055	114493	185	-18	0.08	0.08	-44500	
09/06/2011 11:30:11	TASTEGGIO	0	1	5000	42055	114590	185	-18	0.09	0.09	0	
09/06/2011 11:32:12	TASTEGGIO	0	1	5000	42055	114486	185	-18	0.08	0.09	24500	
09/06/2011 11:34:16	TASTEGGIO	0	1	5000	42055	114696	185	-18	0.14	0.14	0	
09/06/2011 11:34:37	TASTEGGIO	1	0	5000	42055	114701	229	-37	0.21	0.21	0	
09/06/2011 11:34:56	TASTEGGIO	0	1	5000	42055	114701	197	-34	0.12	0.12	0	
09/06/2011 11:35:14	TASTEGGIO	0	1	5000	42055	114701	190	-20	0.08	0.08	0	
09/06/2011 11:35:22	TASTEGGIO	0	1	5000	42055	114697	190	-20	0.07	0.07	0	
09/06/2011 11:37:26	TASTEGGIO	0	1	5000	42055	114491	190	-20	0.07	0.08	-24500	
09/06/2011 11:39:30	TASTEGGIO	0	1	5000	42055	114491	190	-20	0.11	0.13	44500	
09/06/2011 11:39:54	TASTEGGIO	1	0	5000	42055	70066	228	-13	0.02	0.02	0	
09/06/2011 11:40:04	TASTEGGIO	1	0	5000	42055	114354	228	-13	0.04	0.06	-44500	
09/06/2011 11:42:03	TASTEGGIO	1	0	5000	42055	114597	228	-13	0.05	0.09	-44500	
09/06/2011 11:43:53	TASTEGGIO	1	0	5000	42055	114489	228	-13	0.07	0.11	44500	
09/06/2011 11:44:16	TASTEGGIO	1	0	5000	42055	70066	225	-16	0.05	0.05	0	
09/06/2011 11:44:27	TASTEGGIO	1	0	5000	42055	114353	225	-16	0.03	0.06	-44500	
09/06/2011 11:46:31	TASTEGGIO	1	0	5000	42055	114495	225	-16	0.09	0.09	0	
09/06/2011 11:48:37	TASTEGGIO	1	0	5000	42055	114493	225	-16	0.12	0.12	0	
09/06/2011 11:48:58	TASTEGGIO	1	0	5000	42055	114498	227	-34	0.21	0.21	0	
09/06/2011 11:49:16	TASTEGGIO	0	1	5000	42055	114498	190	-26	0.07	0.07	0	
09/06/2011 11:49:24	TASTEGGIO	0	1	5000	42055	114492	190	-26	0.07	0.08	24500	
09/06/2011 11:51:15	TASTEGGIO	0	1	5000	42055	114500	190	-26	0.11	0.11	0	
09/06/2011 11:51:36	TASTEGGIO	1	0	5000	42055	114505	225	-31	0.20	0.20	0	
09/06/2011 11:51:55	TASTEGGIO	0	1	5000	42055	114505	188	-20	0.01	0.01	0	
09/06/2011 11:52:02	TASTEGGIO	0	1	5000	42055	114499	188	-20	0.01	0.03	44500	
09/06/2011 11:53:52	TASTEGGIO	0	1	5000	42055	114597	188	-20	0.05	0.06	24500	
09/06/2011 11:55:06	ALARM 17	proc 12 prog 10 step 47	LavoroTerminato
09/06/2011 12:07:36	TASTEGGIO	0	1	8000	53817	102372	188	-20	0.68	0.68	-24500	
09/06/2011 12:07:58	TASTEGGIO	1	0	8000	53817	126845	371	-100	0.41	0.41	0	
09/06/2011 12:08:18	TASTEGGIO	0	1	8000	53817	126852	346	-140	0.99	0.99	0	
09/06/2011 12:08:31	TASTEGGIO	0	1	8000	53817	126856	106	-14	0.85	0.85	0	
09/06/2011 12:08:50	TASTEGGIO	0	2	8000	53817	126862	251	-24	0.62	0.62	0	
09/06/2011 12:09:08	TASTEGGIO	0	3	8000	53817	126866	329	-75	0.20	0.20	0	
09/06/2011 12:09:26	TASTEGGIO	0	1	8000	53817	126868	322	-82	0.93	0.93	0	
09/06/2011 12:09:40	TASTEGGIO	0	1	8000	53817	126868	0	-17	0.76	0.76	0	
09/06/2011 12:09:53	TASTEGGIO	0	2	8000	53817	126868	124	-3	0.74	0.74	0	
09/06/2011 12:10:13	TASTEGGIO	0	1	8000	53817	126868	400	-173	0.98	0.98	0	
09/06/2011 12:10:31	TASTEGGIO	0	1	8000	53817	126868	270	-55	0.42	0.42	0	
09/06/2011 12:10:49	TASTEGGIO	0	0	8000	53817	126868	305	-70	0.26	0.26	0	
09/06/2011 12:11:08	TASTEGGIO	0	1	8000	53817	126868	288	-68	0.41	0.41	0	
09/06/2011 12:11:25	TASTEGGIO	0	1	8000	53817	126868	223	-29	0.12	0.12	0	
09/06/2011 12:11:36	TASTEGGIO	0	1	8000	53817	102492	223	-29	0.19	0.19	0	
09/06/2011 12:11:56	TASTEGGIO	1	0	8000	53817	102509	247	-19	0.05	0.05	0	
09/06/2011 12:12:04	TASTEGGIO	1	0	8000	53817	102498	247	-19	0.05	0.07	24500	
09/06/2011 12:13:55	TASTEGGIO	1	0	8000	53817	102482	247	-19	0.28	0.42	44500	
09/06/2011 12:14:18	TASTEGGIO	1	0	8000	53817	58012	305	-16	0.25	0.25	0	
09/06/2011 12:14:37	TASTEGGIO	0	1	8000	53817	58017	319	-14	0.12	0.12	0	
09/06/2011 12:14:47	TASTEGGIO	0	1	8000	53817	102360	319	-14	0.09	0.13	44500	
09/06/2011 12:15:08	TASTEGGIO	1	0	8000	53817	57886	232	-1	0.13	0.13	0	
09/06/2011 12:15:25	TASTEGGIO	0	1	8000	53817	57887	258	-1	0.13	0.13	0	
09/06/2011 12:15:45	TASTEGGIO	0	1	8000	53817	57887	297	-1	0.12	0.12	0	
09/06/2011 12:16:05	TASTEGGIO	0	1	8000	53817	57891	330	-15	0.05	0.05	0	
09/06/2011 12:16:16	TASTEGGIO	0	1	8000	53817	102354	330	-15	0.07	0.07	0	
09/06/2011 12:18:13	TASTEGGIO	0	1	8000	53817	102480	330	-15	0.58	0.64	-24500	
09/06/2011 12:18:36	TASTEGGIO	1	0	8000	53817	126933	361	-90	0.30	0.30	0	
09/06/2011 12:18:55	TASTEGGIO	0	1	8000	53817	126950	346	-141	1.09	1.09	0	
09/06/2011 12:19:09	TASTEGGIO	0	1	8000	53817	126954	0	-12	0.97	0.97	0	
09/06/2011 12:19:22	TASTEGGIO	0	2	8000	53817	126961	172	-3	0.95	0.95	0	
09/06/2011 12:19:43	TASTEGGIO	0	1	8000	53817	126965	400	-147	0.55	0.55	0	
09/06/2011 12:20:03	TASTEGGIO	0	1	8000	53817	126970	368	-143	0.87	0.87	0	
09/06/2011 12:20:20	TASTEGGIO	0	1	8000	53817	126975	230	-27	0.61	0.61	0	
09/06/2011 12:20:38	TASTEGGIO	0	2	8000	53817	126976	290	-50	0.13	0.13	0	
09/06/2011 12:20:49	TASTEGGIO	0	2	8000	53817	102493	290	-50	0.18	0.23	44500	
09/06/2011 12:21:11	TASTEGGIO	1	0	8000	53817	58019	257	-8	0.16	0.16	0	
09/06/2011 12:21:29	TASTEGGIO	0	1	8000	53817	58023	268	-7	0.09	0.09	0	
09/06/2011 12:21:39	TASTEGGIO	0	1	8000	53817	102361	268	-7	0.16	0.16	0	
09/06/2011 12:22:01	TASTEGGIO	1	0	8000	53817	102368	240	-17	0.02	0.02	0	
09/06/2011 12:22:09	TASTEGGIO	1	0	8000	53817	102374	240	-17	0.02	0.14	44500	
09/06/2011 12:22:32	TASTEGGIO	1	0	8000	53817	57901	235	-3	0.11	0.11	0	
09/06/2011 12:22:49	TASTEGGIO	0	1	8000	53817	57903	243	-2	0.10	0.10	0	
09/06/2011 12:23:00	TASTEGGIO	0	1	8000	53817	102362	243	-2	0.02	0.12	44500	
09/06/2011 12:23:22	TASTEGGIO	1	0	8000	53817	57893	230	-1	0.10	0.10	0	
09/06/2011 12:23:32	TASTEGGIO	1	0	8000	53817	102352	230	-1	0.02	0.12	44500	
09/06/2011 12:23:54	TASTEGGIO	1	0	8000	53817	57891	230	-1	0.10	0.10	0	
09/06/2011 12:24:05	TASTEGGIO	1	0	8000	53817	102352	230	-1	0.02	0.12	44500	
09/06/2011 12:24:27	TASTEGGIO	1	0	8000	53817	57888	230	0	0.10	0.10	0	
09/06/2011 12:24:38	TASTEGGIO	1	0	8000	53817	102356	230	0	0.02	0.12	44500	
09/06/2011 12:25:00	TASTEGGIO	1	0	8000	53817	57891	230	0	0.10	0.10	0	
09/06/2011 12:25:11	TASTEGGIO	1	0	8000	53817	102342	230	0	0.02	0.11	44500	
09/06/2011 12:25:33	TASTEGGIO	1	0	8000	53817	57877	227	-1	0.10	0.10	0	
09/06/2011 12:25:43	TASTEGGIO	1	0	8000	53817	102351	227	-1	0.02	0.12	44500	
09/06/2011 12:26:04	TASTEGGIO	1	0	8000	53817	57882	230	0	0.10	0.10	0	
09/06/2011 12:26:15	TASTEGGIO	1	0	8000	53817	102334	230	0	0.02	0.12	44500	
09/06/2011 12:26:36	TASTEGGIO	1	0	8000	53817	57878	230	-1	0.10	0.10	0	
09/06/2011 12:26:47	TASTEGGIO	1	0	8000	53817	102344	230	-1	0.02	0.12	44500	
09/06/2011 12:27:09	TASTEGGIO	1	0	8000	53817	57878	230	0	0.10	0.10	0	
09/06/2011 12:27:20	TASTEGGIO	1	0	8000	53817	102348	230	0	0.02	0.12	44500	
09/06/2011 12:27:42	TASTEGGIO	1	0	8000	53817	57883	230	0	0.10	0.10	0	
09/06/2011 12:27:52	TASTEGGIO	1	0	8000	53817	102346	230	0	0.02	0.12	44500	
09/06/2011 12:28:14	TASTEGGIO	1	0	8000	53817	57881	230	0	0.10	0.10	0	
09/06/2011 12:28:25	TASTEGGIO	1	0	8000	53817	102349	230	0	0.02	0.12	44500	
09/06/2011 12:28:47	TASTEGGIO	1	0	8000	53817	57885	230	0	0.10	0.10	0	
09/06/2011 12:28:58	TASTEGGIO	1	0	8000	53817	102351	230	0	0.02	0.12	44500	
09/06/2011 12:29:20	TASTEGGIO	1	0	8000	53817	57885	230	0	0.10	0.10	0	
09/06/2011 12:29:30	TASTEGGIO	1	0	8000	53817	102352	230	0	0.02	0.12	44500	
09/06/2011 12:29:53	TASTEGGIO	1	0	8000	53817	57885	230	0	0.10	0.10	0	
09/06/2011 12:30:03	TASTEGGIO	1	0	8000	53817	102351	230	0	0.02	0.11	44500	
09/06/2011 12:30:25	TASTEGGIO	1	0	8000	53817	57884	227	0	0.10	0.10	0	
09/06/2011 12:30:36	TASTEGGIO	1	0	8000	53817	102348	227	0	0.02	0.11	44500	
09/06/2011 12:30:58	TASTEGGIO	1	0	8000	53817	57878	227	-1	0.10	0.10	0	
09/06/2011 12:31:09	TASTEGGIO	1	0	8000	53817	102351	227	-1	0.02	0.12	44500	
09/06/2011 12:31:31	TASTEGGIO	1	0	8000	53817	57885	230	0	0.10	0.10	0	
09/06/2011 12:31:41	TASTEGGIO	1	0	8000	53817	102352	230	0	0.02	0.12	44500	
09/06/2011 12:32:04	TASTEGGIO	1	0	8000	53817	57888	230	0	0.10	0.10	0	
09/06/2011 12:32:14	TASTEGGIO	1	0	8000	53817	102347	230	0	0.02	0.11	44500	
09/06/2011 12:32:36	TASTEGGIO	1	0	8000	53817	57886	227	0	0.09	0.09	0	
09/06/2011 12:32:47	TASTEGGIO	1	0	8000	53817	102347	227	0	0.03	0.12	44500	
09/06/2011 12:33:09	TASTEGGIO	1	0	8000	53817	57880	230	0	0.10	0.10	0	
09/06/2011 12:33:20	TASTEGGIO	1	0	8000	53817	102352	230	0	0.02	0.12	44500	
09/06/2011 12:33:42	TASTEGGIO	1	0	8000	53817	57884	230	-1	0.10	0.10	0	
09/06/2011 12:33:52	TASTEGGIO	1	0	8000	53817	102345	230	-1	0.02	0.13	44500	
09/06/2011 12:34:15	TASTEGGIO	1	0	8000	53817	57880	232	0	0.10	0.10	0	
09/06/2011 12:34:25	TASTEGGIO	1	0	8000	53817	102351	232	0	0.02	0.12	44500	
09/06/2011 12:34:47	TASTEGGIO	1	0	8000	53817	57884	230	-1	0.10	0.10	0	
09/06/2011 12:34:58	TASTEGGIO	1	0	8000	53817	102351	230	-1	0.02	0.12	44500	
09/06/2011 12:36:24	ALARM 17	proc 12 prog 10 step 47	LavoroTerminato
09/06/2011 12:54:05	TASTEGGIO	1	0	8000	53817	102398	230	-1	0.27	0.29	-44500	
09/06/2011 12:54:27	TASTEGGIO	1	0	8000	53817	146839	273	-26	0.09	0.09	0	
09/06/2011 12:54:38	TASTEGGIO	1	0	8000	53817	102403	273	-26	0.09	0.09	0	
09/06/2011 12:56:42	TASTEGGIO	1	0	8000	53817	102484	273	-26	0.74	0.74	0	
09/06/2011 12:57:04	TASTEGGIO	1	0	8000	53817	102501	386	-80	0.13	0.13	0	
09/06/2011 12:57:13	TASTEGGIO	1	0	8000	53817	102489	386	-80	0.12	0.12	0	
09/06/2011 12:57:34	TASTEGGIO	1	0	8000	53817	102504	230	-15	0.05	0.05	0	
09/06/2011 12:57:42	TASTEGGIO	1	0	8000	53817	102491	230	-15	0.05	0.16	-44500	
09/06/2011 12:58:04	TASTEGGIO	1	0	8000	53817	146927	240	-14	0.04	0.04	0	
09/06/2011 12:58:14	TASTEGGIO	1	0	8000	53817	102490	240	-14	0.05	0.08	44500	
09/06/2011 13:00:08	TASTEGGIO	1	0	8000	53817	102482	240	-14	0.34	0.38	24500	
09/06/2011 13:00:30	TASTEGGIO	1	0	8000	53817	78037	295	-20	0.20	0.20	0	
09/06/2011 13:00:49	TASTEGGIO	0	1	8000	53817	78041	305	-23	0.04	0.04	0	
09/06/2011 13:00:59	TASTEGGIO	0	1	8000	53817	102358	305	-23	0.05	0.14	-44500	
09/06/2011 13:01:21	TASTEGGIO	1	0	8000	53817	146788	235	-12	0.04	0.04	0	
09/06/2011 13:01:31	TASTEGGIO	1	0	8000	53817	102492	235	-12	0.06	0.06	0	
09/06/2011 13:03:34	TASTEGGIO	1	0	8000	53817	102402	235	-12	0.71	0.74	-24500	
09/06/2011 13:03:58	TASTEGGIO	1	0	8000	53817	126849	386	-99	0.33	0.33	0	
09/06/2011 13:04:18	TASTEGGIO	0	1	8000	53817	126871	371	-158	1.25	1.25	0	
09/06/2011 13:04:31	TASTEGGIO	0	1	8000	53817	126876	0	-15	1.10	1.10	0	
09/06/2011 13:04:45	TASTEGGIO	0	2	8000	53817	126885	193	-3	1.06	1.06	0	
09/06/2011 13:05:06	TASTEGGIO	0	1	8000	53817	126890	400	-141	0.39	0.39	0	
09/06/2011 13:05:26	TASTEGGIO	0	1	8000	53817	126893	385	-150	1.14	1.14	0	
09/06/2011 13:05:39	TASTEGGIO	0	1	8000	53817	126893	51	-18	0.96	0.96	0	
09/06/2011 13:05:55	TASTEGGIO	0	2	8000	53817	126893	212	-9	0.88	0.88	0	
09/06/2011 13:06:14	TASTEGGIO	0	1	8000	53817	126893	400	-170	0.84	0.84	0	
09/06/2011 13:06:33	TASTEGGIO	0	1	8000	53817	126893	319	-80	0.11	0.11	0	
09/06/2011 13:06:43	TASTEGGIO	0	1	8000	53817	102421	319	-80	0.18	0.18	0	
09/06/2011 13:07:04	TASTEGGIO	1	0	8000	53817	102442	245	-17	0.03	0.03	0	
09/06/2011 13:07:12	TASTEGGIO	1	0	8000	53817	102425	245	-17	0.02	0.12	44500	
09/06/2011 13:07:35	TASTEGGIO	1	0	8000	53817	57948	230	-5	0.08	0.08	0	
09/06/2011 13:07:46	TASTEGGIO	1	0	8000	53817	102261	230	-5	0.06	0.10	-44500	
09/06/2011 13:09:50	TASTEGGIO	1	0	8000	53817	102482	230	-5	0.21	0.29	-44500	
09/06/2011 13:10:12	TASTEGGIO	1	0	8000	53817	146918	273	-40	0.14	0.14	0	
09/06/2011 13:10:23	TASTEGGIO	1	0	8000	53817	102487	273	-40	0.10	0.15	-44500	
09/06/2011 13:10:46	TASTEGGIO	1	0	8000	53817	146924	237	-32	0.18	0.18	0	
09/06/2011 13:11:04	TASTEGGIO	0	1	8000	53817	146938	215	-15	0.06	0.06	0	
09/06/2011 13:11:15	TASTEGGIO	0	1	8000	53817	102491	215	-15	0.04	0.11	44500	
09/06/2011 13:11:37	TASTEGGIO	1	0	8000	53817	58021	227	-3	0.09	0.09	0	
09/06/2011 13:11:48	TASTEGGIO	1	0	8000	53817	102355	227	-3	0.04	0.09	44500	
09/06/2011 13:13:48	TASTEGGIO	1	0	8000	53817	102401	227	-3	0.11	0.30	44500	
09/06/2011 13:14:11	TASTEGGIO	1	0	8000	53817	57924	275	-8	0.24	0.24	0	
09/06/2011 13:14:29	TASTEGGIO	0	1	8000	53817	57928	294	-8	0.16	0.16	0	
09/06/2011 13:14:48	TASTEGGIO	0	2	8000	53817	57930	309	-11	0.06	0.06	0	
09/06/2011 13:14:59	TASTEGGIO	0	2	8000	53817	102258	309	-11	0.06	0.08	44500	
09/06/2011 13:17:02	TASTEGGIO	0	2	8000	53817	102479	309	-11	0.26	0.27	24500	
09/06/2011 13:17:24	TASTEGGIO	1	0	8000	53817	78017	268	-15	0.11	0.11	0	
09/06/2011 13:17:34	TASTEGGIO	1	0	8000	53817	102359	268	-15	0.14	0.14	0	
09/06/2011 13:17:55	TASTEGGIO	1	0	8000	53817	102365	235	-17	0.03	0.03	0	
09/06/2011 13:18:03	TASTEGGIO	1	0	8000	53817	102371	235	-17	0.03	0.05	-44500	
09/06/2011 13:20:13	TASTEGGIO	1	0	8000	53816	102400	235	-17	1.28	1.28	0	
09/06/2011 13:20:35	TASTEGGIO	1	0	8000	53816	102421	400	-62	0.68	0.68	0	
09/06/2011 13:20:54	TASTEGGIO	0	1	8000	53816	102423	400	-80	0.10	0.10	0	
09/06/2011 13:21:02	TASTEGGIO	0	1	8000	53816	102406	400	-80	0.10	0.33	-44500	
09/06/2011 13:21:24	TASTEGGIO	1	0	8000	53816	146834	283	-40	0.10	0.10	0	
09/06/2011 13:21:35	TASTEGGIO	1	0	8000	53816	102407	283	-40	0.38	0.38	0	
09/06/2011 13:21:57	TASTEGGIO	1	0	8000	53816	102428	295	-146	1.05	1.05	0	
09/06/2011 13:22:10	TASTEGGIO	0	1	8000	53816	102429	4	-11	0.94	0.94	0	
09/06/2011 13:22:23	TASTEGGIO	0	2	8000	53816	102429	172	-3	0.90	0.90	0	
09/06/2011 13:22:44	TASTEGGIO	0	1	8000	53816	102440	400	-116	0.28	0.28	0	
09/06/2011 13:23:04	TASTEGGIO	0	1	8000	53816	102450	391	-264	2.36	2.36	0	
09/06/2011 13:23:17	TASTEGGIO	0	1	8000	53816	102447	0	-30	2.06	2.06	0	
09/06/2011 13:23:34	TASTEGGIO	0	2	8000	53816	102452	359	-43	1.66	1.66	0	
09/06/2011 13:23:55	TASTEGGIO	0	3	8000	53816	102452	400	-94	0.77	0.77	0	
09/06/2011 13:24:14	TASTEGGIO	0	0	8000	53816	102452	394	-105	0.27	0.27	0	
09/06/2011 13:24:35	TASTEGGIO	0	1	8000	53816	102452	384	-244	2.19	2.19	0	
09/06/2011 13:24:48	TASTEGGIO	0	1	8000	53816	102452	0	-29	1.91	1.91	0	
09/06/2011 13:25:04	TASTEGGIO	0	2	8000	53816	102452	333	-34	1.58	1.58	0	
09/06/2011 13:25:23	TASTEGGIO	0	3	8000	53816	102452	400	-105	0.59	0.59	0	
09/06/2011 13:25:43	TASTEGGIO	0	0	8000	53816	102452	348	-52	0.10	0.10	0	
09/06/2011 13:25:51	TASTEGGIO	0	0	8000	53816	102423	348	-52	0.10	0.25	44500	
09/06/2011 13:26:13	TASTEGGIO	1	0	8000	53816	57946	263	-8	0.18	0.18	0	
09/06/2011 13:26:33	TASTEGGIO	0	1	8000	53816	57947	275	-8	0.10	0.10	0	
09/06/2011 13:26:43	TASTEGGIO	0	1	8000	53816	102262	275	-8	0.05	0.14	-44500	
09/06/2011 13:27:06	TASTEGGIO	1	0	8000	53816	146700	235	-6	0.09	0.09	0	
09/06/2011 13:27:17	TASTEGGIO	1	0	8000	53816	102403	235	-6	0.09	0.10	44500	
09/06/2011 13:29:02	TASTEGGIO	1	0	8000	53816	102479	235	-6	0.55	0.58	24500	
09/06/2011 13:29:26	TASTEGGIO	1	0	8000	53816	78018	346	-45	0.13	0.13	0	
09/06/2011 13:29:35	TASTEGGIO	1	0	8000	53816	102354	346	-45	0.19	0.28	-44500	
09/06/2011 13:29:58	TASTEGGIO	1	0	8000	53816	146785	270	-30	0.04	0.04	0	
09/06/2011 13:30:09	TASTEGGIO	1	0	8000	53816	102484	270	-30	0.04	0.09	44500	
09/06/2011 13:31:52	TASTEGGIO	1	0	8000	53816	102482	270	-30	0.33	0.41	24500	
09/06/2011 13:32:15	TASTEGGIO	1	0	8000	53816	78012	303	-45	0.14	0.14	0	
09/06/2011 13:32:25	TASTEGGIO	1	0	8000	53816	102359	303	-45	0.13	0.13	24500	
09/06/2011 13:32:47	TASTEGGIO	1	0	8000	53816	77908	232	-14	0.01	0.01	0	
09/06/2011 13:32:57	TASTEGGIO	1	0	8000	53816	102353	232	-14	0.01	0.09	44500	
09/06/2011 13:34:51	TASTEGGIO	1	0	8000	53816	102482	232	-14	0.38	0.48	44500	
09/06/2011 13:35:14	TASTEGGIO	1	0	8000	53816	58011	321	-22	0.28	0.28	0	
09/06/2011 13:35:33	TASTEGGIO	0	1	8000	53816	58018	337	-26	0.07	0.07	0	
09/06/2011 13:35:44	TASTEGGIO	0	1	8000	53816	102356	337	-26	0.08	0.17	-44500	
09/06/2011 13:36:07	TASTEGGIO	1	0	8000	53816	146787	242	-16	0.07	0.07	0	
09/06/2011 13:36:17	TASTEGGIO	1	0	8000	53816	102488	242	-16	0.05	0.09	-24500	
09/06/2011 13:38:36	TASTEGGIO	1	0	8000	53816	102478	242	-16	0.07	0.14	-44500	
09/06/2011 13:38:59	TASTEGGIO	1	0	8000	53816	146908	235	-24	0.13	0.13	0	
09/06/2011 13:39:17	TASTEGGIO	0	1	8000	53816	146922	222	-28	0.15	0.15	0	
09/06/2011 13:39:35	TASTEGGIO	0	1	8000	53816	146934	204	-15	0.02	0.02	0	
09/06/2011 13:39:45	TASTEGGIO	0	1	8000	53816	102483	204	-15	0.07	0.13	44500	
09/06/2011 13:40:08	TASTEGGIO	1	0	8000	53816	58016	232	-7	0.07	0.07	0	
09/06/2011 13:40:19	TASTEGGIO	1	0	8000	53816	102353	232	-7	0.03	0.08	44500	
09/06/2011 13:42:11	TASTEGGIO	1	0	8000	53816	102481	232	-7	0.36	0.47	-44500	
09/06/2011 13:42:34	TASTEGGIO	1	0	8000	53816	146915	318	-63	0.18	0.18	0	
09/06/2011 13:42:53	TASTEGGIO	0	1	8000	53816	146929	311	-99	0.78	0.78	0	
09/06/2011 13:43:06	TASTEGGIO	0	1	8000	53816	146939	0	-8	0.70	0.70	0	
09/06/2011 13:43:20	TASTEGGIO	0	2	8000	53816	146948	125	-1	0.70	0.70	0	
09/06/2011 13:43:39	TASTEGGIO	0	1	8000	53816	146955	400	-152	0.80	0.80	0	
09/06/2011 13:43:57	TASTEGGIO	0	1	8000	53816	146960	308	-86	0.09	0.09	0	
09/06/2011 13:44:08	TASTEGGIO	0	1	8000	53816	102495	308	-86	0.09	0.17	44500	
09/06/2011 13:44:30	TASTEGGIO	1	0	8000	53816	58027	242	-7	0.10	0.10	0	
09/06/2011 13:44:41	TASTEGGIO	1	0	8000	53816	102357	242	-7	0.03	0.11	44500	
09/06/2011 13:45:03	TASTEGGIO	1	0	8000	53816	57891	227	-1	0.10	0.10	0	
09/06/2011 13:45:13	TASTEGGIO	1	0	8000	53816	102354	227	-1	0.03	0.11	44500	
09/06/2011 13:45:35	TASTEGGIO	1	0	8000	53816	57888	227	-1	0.10	0.10	0	
09/06/2011 13:45:46	TASTEGGIO	1	0	8000	53816	102355	227	-1	0.03	0.11	44500	
09/06/2011 13:46:08	TASTEGGIO	1	0	8000	53816	57886	227	0	0.09	0.09	0	
09/06/2011 13:46:19	TASTEGGIO	1	0	8000	53816	102360	227	0	0.03	0.10	44500	
09/06/2011 13:48:12	TASTEGGIO	1	0	8000	53817	102478	227	0	0.44	0.44	0	
09/06/2011 13:48:33	TASTEGGIO	1	0	8000	53817	102493	310	-45	0.08	0.08	0	
09/06/2011 13:48:41	TASTEGGIO	1	0	8000	53817	102481	310	-45	0.08	0.23	-44500	
09/06/2011 13:49:04	TASTEGGIO	1	0	8000	53817	146909	257	-41	0.23	0.23	0	
09/06/2011 13:49:22	TASTEGGIO	0	1	8000	53817	146925	234	-34	0.10	0.10	0	
09/06/2011 13:49:33	TASTEGGIO	0	1	8000	53817	102492	234	-34	0.05	0.16	44500	
09/06/2011 13:49:55	TASTEGGIO	1	0	8000	53817	58030	240	-3	0.13	0.13	0	
09/06/2011 13:50:06	TASTEGGIO	1	0	8000	53817	102356	240	-3	0.03	0.13	44500	
09/06/2011 13:50:28	TASTEGGIO	1	0	8000	53817	57889	232	0	0.13	0.13	0	
09/06/2011 13:50:46	TASTEGGIO	0	1	8000	53817	57891	258	-5	0.08	0.08	0	
09/06/2011 13:50:56	TASTEGGIO	0	1	8000	53817	102357	258	-5	0.04	0.11	-44500	
09/06/2011 13:51:19	TASTEGGIO	1	0	8000	53817	146797	227	-20	0.11	0.11	0	
09/06/2011 13:51:37	TASTEGGIO	0	1	8000	53817	146812	216	-17	0.06	0.06	0	
09/06/2011 13:51:48	TASTEGGIO	0	1	8000	53817	102492	216	-17	0.06	0.10	44500	
09/06/2011 13:53:42	TASTEGGIO	0	1	8000	53816	102588	216	-17	0.42	0.61	44500	
09/06/2011 13:54:05	TASTEGGIO	1	0	8000	53816	58117	353	-34	0.27	0.27	0	
09/06/2011 13:54:22	TASTEGGIO	0	0	8000	53816	58120	268	0	0.27	0.27	0	
09/06/2011 13:54:42	TASTEGGIO	0	1	8000	53816	58121	322	-5	0.21	0.21	0	
09/06/2011 13:55:01	TASTEGGIO	0	2	8000	53816	58124	345	-15	0.06	0.06	0	
09/06/2011 13:55:12	TASTEGGIO	0	2	8000	53816	102447	345	-15	0.04	0.10	24500	
09/06/2011 13:57:18	TASTEGGIO	0	2	8000	53816	102481	345	-15	0.18	0.22	44500	
09/06/2011 13:57:41	TASTEGGIO	1	0	8000	53816	58005	255	-5	0.16	0.16	0	
09/06/2011 13:57:58	TASTEGGIO	0	1	8000	53816	58009	266	-4	0.13	0.13	0	
09/06/2011 13:58:09	TASTEGGIO	0	1	8000	53816	102358	266	-4	0.14	0.15	44500	
09/06/2011 13:58:31	TASTEGGIO	1	0	8000	53816	57893	237	-1	0.13	0.13	0	
09/06/2011 13:58:42	TASTEGGIO	1	0	8000	53816	102355	237	-1	0.13	0.14	44500	
09/06/2011 13:59:04	TASTEGGIO	1	0	8000	53816	57885	235	0	0.13	0.13	0	
09/06/2011 13:59:22	TASTEGGIO	0	1	8000	53816	57887	259	-2	0.13	0.13	0	
09/06/2011 13:59:41	TASTEGGIO	0	1	8000	53816	57889	298	-12	0.02	0.02	0	
09/06/2011 13:59:52	TASTEGGIO	0	1	8000	53816	102353	298	-12	0.07	0.07	0	
09/06/2011 14:01:50	TASTEGGIO	0	1	8000	53816	102484	298	-12	0.64	0.72	-24500	
09/06/2011 14:02:13	TASTEGGIO	1	0	8000	53816	126945	381	-90	0.27	0.27	0	
09/06/2011 14:02:33	TASTEGGIO	0	1	8000	53816	126955	370	-163	1.35	1.35	0	
09/06/2011 14:02:46	TASTEGGIO	0	1	8000	53816	126958	0	-15	1.20	1.20	0	
09/06/2011 14:03:00	TASTEGGIO	0	2	8000	53816	126968	213	-5	1.16	1.16	0	
09/06/2011 14:03:21	TASTEGGIO	0	1	8000	53816	126970	400	-131	0.30	0.30	0	
09/06/2011 14:03:41	TASTEGGIO	0	1	8000	53816	126974	392	-143	1.13	1.13	0	
09/06/2011 14:03:54	TASTEGGIO	0	1	8000	53816	126974	0	-19	0.95	0.95	0	
09/06/2011 14:04:08	TASTEGGIO	0	2	8000	53816	126974	159	-4	0.92	0.92	0	
09/06/2011 14:04:29	TASTEGGIO	0	1	8000	53816	126974	400	-185	0.97	0.97	0	
09/06/2011 14:04:47	TASTEGGIO	0	1	8000	53816	126974	297	-55	0.41	0.41	0	
09/06/2011 14:05:06	TASTEGGIO	0	0	8000	53816	126974	303	-35	0.06	0.06	0	
09/06/2011 14:05:16	TASTEGGIO	0	0	8000	53816	102499	303	-35	0.08	0.14	-44500	
09/06/2011 14:05:39	TASTEGGIO	1	0	8000	53816	146936	235	-12	0.05	0.05	0	
09/06/2011 14:05:49	TASTEGGIO	1	0	8000	53816	102495	235	-12	0.01	0.14	44500	
09/06/2011 14:06:12	TASTEGGIO	1	0	8000	53816	58025	235	-5	0.10	0.10	0	
09/06/2011 14:06:23	TASTEGGIO	1	0	8000	53816	102360	235	-5	0.05	0.11	44500	
09/06/2011 14:06:44	TASTEGGIO	1	0	8000	53816	57900	227	-2	0.09	0.09	0	
09/06/2011 14:06:55	TASTEGGIO	1	0	8000	53816	102358	227	-2	0.06	0.09	44500	
09/06/2011 14:09:02	TASTEGGIO	1	0	8000	53816	102480	227	-2	0.31	0.32	-24500	
09/06/2011 14:09:25	TASTEGGIO	1	0	8000	53816	126944	280	-40	0.12	0.12	0	
09/06/2011 14:09:35	TASTEGGIO	1	0	8000	53816	102489	280	-40	0.20	0.20	0	
09/06/2011 14:09:56	TASTEGGIO	1	0	8000	53816	102505	250	-25	0.06	0.06	0	
09/06/2011 14:10:04	TASTEGGIO	1	0	8000	53816	102494	250	-25	0.05	0.16	44500	
09/06/2011 14:10:27	TASTEGGIO	1	0	8000	53816	58021	240	-4	0.11	0.11	0	
09/06/2011 14:10:38	TASTEGGIO	1	0	8000	53816	102358	240	-4	0.05	0.12	44500	
09/06/2011 14:11:00	TASTEGGIO	1	0	8000	53816	57890	230	-1	0.11	0.11	0	
09/06/2011 14:11:17	TASTEGGIO	0	1	8000	53816	57890	250	-4	0.07	0.07	0	
09/06/2011 14:11:28	TASTEGGIO	0	1	8000	53816	102355	250	-4	0.05	0.09	44500	
09/06/2011 14:13:23	TASTEGGIO	0	1	8000	53816	102586	250	-4	0.93	1.14	44500	
09/06/2011 14:13:47	TASTEGGIO	1	0	8000	53816	58109	400	-32	0.81	0.81	0	
09/06/2011 14:14:06	TASTEGGIO	0	1	8000	53816	58114	400	-22	0.61	0.61	0	
09/06/2011 14:14:25	TASTEGGIO	0	2	8000	53816	58118	400	-27	0.38	0.38	0	
09/06/2011 14:14:46	TASTEGGIO	0	3	8000	53816	58121	400	-31	0.15	0.15	0	
09/06/2011 14:15:03	TASTEGGIO	0	0	8000	53816	58121	237	0	0.16	0.16	0	
09/06/2011 14:15:21	TASTEGGIO	0	1	8000	53816	58120	271	-1	0.15	0.15	0	
09/06/2011 14:15:40	TASTEGGIO	0	1	8000	53816	58140	313	-3	0.13	0.13	0	
09/06/2011 14:15:51	TASTEGGIO	0	1	8000	53816	102460	313	-3	0.24	0.24	0	
09/06/2011 14:16:11	TASTEGGIO	1	0	8000	53816	102468	260	-16	0.09	0.09	0	
09/06/2011 14:16:19	TASTEGGIO	1	0	8000	53816	102473	260	-16	0.09	0.10	-44500	
09/06/2011 14:18:14	TASTEGGIO	1	0	8000	53816	102486	260	-16	0.29	0.39	44500	
09/06/2011 14:18:36	TASTEGGIO	1	0	8000	53816	58016	298	-14	0.26	0.26	0	
09/06/2011 14:18:56	TASTEGGIO	0	1	8000	53816	58021	315	-16	0.13	0.13	0	
09/06/2011 14:19:07	TASTEGGIO	0	1	8000	53816	102360	315	-16	0.11	0.14	24500	
09/06/2011 14:19:29	TASTEGGIO	1	0	8000	53816	77900	235	-9	0.05	0.05	0	
09/06/2011 14:19:39	TASTEGGIO	1	0	8000	53816	102355	235	-9	0.04	0.08	44500	
09/06/2011 14:21:32	TASTEGGIO	1	0	8000	53816	102486	235	-9	1.05	1.21	-24500	
09/06/2011 14:21:56	TASTEGGIO	1	0	8000	53816	126939	400	-76	0.51	0.51	0	
09/06/2011 14:22:15	TASTEGGIO	0	0	8000	53816	126953	328	-29	0.24	0.24	0	
09/06/2011 14:22:35	TASTEGGIO	0	0	8000	53816	126962	260	-1	0.24	0.24	0	
09/06/2011 14:22:54	TASTEGGIO	0	1	8000	53816	126967	308	-5	0.19	0.19	0	
09/06/2011 14:23:14	TASTEGGIO	0	2	8000	53816	126969	329	-15	0.05	0.05	0	
09/06/2011 14:23:24	TASTEGGIO	0	2	8000	53816	102495	329	-15	0.06	0.19	-44500	
09/06/2011 14:23:47	TASTEGGIO	1	0	8000	53816	146943	247	-15	0.04	0.04	0	
09/06/2011 14:23:57	TASTEGGIO	1	0	8000	53816	102491	247	-15	0.05	0.11	44500	
09/06/2011 14:24:20	TASTEGGIO	1	0	8000	53816	58023	227	-5	0.06	0.06	0	
09/06/2011 14:24:31	TASTEGGIO	1	0	8000	53816	102354	227	-5	0.03	0.07	44500	
09/06/2011 14:26:37	TASTEGGIO	1	0	8000	53816	102485	227	-5	2.25	2.25	0	
09/06/2011 14:26:57	TASTEGGIO	1	0	8000	53816	102500	400	-4	2.22	2.22	0	
09/06/2011 14:27:17	TASTEGGIO	0	1	8000	53816	102502	400	-2	2.21	2.21	0	
09/06/2011 14:27:35	TASTEGGIO	0	1	8000	53816	102507	400	-1	2.21	2.21	0	
09/06/2011 14:27:54	TASTEGGIO	0	1	8000	53816	102511	400	0	2.21	2.21	0	
09/06/2011 14:28:14	TASTEGGIO	0	1	8000	53816	102513	400	-1	2.20	2.20	0	
09/06/2011 14:28:32	TASTEGGIO	0	1	8000	53816	102515	400	-1	2.20	2.20	0	
09/06/2011 14:28:52	TASTEGGIO	0	1	8000	53816	102518	400	-1	2.20	2.20	0	
09/06/2011 14:29:10	TASTEGGIO	0	1	8000	53816	102518	400	0	2.20	2.20	0	
09/06/2011 14:29:30	TASTEGGIO	0	1	8000	53816	102518	400	-1	2.19	2.19	0	
09/06/2011 14:29:50	TASTEGGIO	0	1	8000	53816	102518	400	0	2.19	2.19	0	
09/06/2011 14:30:08	TASTEGGIO	0	1	8000	53816	102518	400	-1	2.19	2.19	0	
09/06/2011 14:30:28	TASTEGGIO	0	1	8000	53816	102518	400	0	2.19	2.19	0	
09/06/2011 14:30:47	TASTEGGIO	0	1	8000	53816	102518	400	0	2.19	2.19	0	
09/06/2011 14:31:04	ALARM 218	proc 12 prog 11 step 72	go_abs 5 cmd 11
09/06/2011 14:31:08	ALARM 205		err.6058
09/06/2011 14:33:12	TASTEGGIO	0	1	8000	53816	102494	400	-1	2.20	2.20	0	
09/06/2011 14:33:44	TASTEGGIO	0	1	8000	53816	102509	449	-22	1.99	1.99	0	
09/06/2011 14:34:11	TASTEGGIO	0	1	8000	53816	102495	477	-43	1.57	1.57	0	
09/06/2011 14:34:41	TASTEGGIO	0	1	8000	53816	102492	477	-52	1.07	1.09	-24500	
09/06/2011 14:35:09	TASTEGGIO	0	1	8000	53816	126946	450	-143	0.46	0.46	0	
09/06/2011 14:35:26	TASTEGGIO	0	1	8000	53816	102492	450	-143	0.29	0.46	-24500	
09/06/2011 14:35:50	TASTEGGIO	1	0	8000	53816	126952	315	-111	0.68	0.68	0	
09/06/2011 14:36:07	TASTEGGIO	0	1	8000	53816	126968	214	-17	0.52	0.52	0	
09/06/2011 14:36:25	TASTEGGIO	0	2	8000	53816	126975	270	-30	0.24	0.24	0	
09/06/2011 14:36:43	TASTEGGIO	0	0	8000	53816	126978	260	-11	0.14	0.14	0	
09/06/2011 14:36:53	TASTEGGIO	0	0	8000	53816	102492	260	-11	0.31	0.46	24500	
09/06/2011 14:37:16	TASTEGGIO	1	0	8000	53816	78041	315	-29	0.21	0.21	0	
09/06/2011 14:37:34	TASTEGGIO	0	0	8000	53816	78041	252	-5	0.17	0.17	0	
09/06/2011 14:37:52	TASTEGGIO	0	1	8000	53816	78040	265	-5	0.12	0.12	0	
09/06/2011 14:38:01	TASTEGGIO	0	1	8000	53816	102362	265	-5	0.03	0.12	24500	
09/06/2011 14:39:50	TASTEGGIO	0	1	8000	53816	102478	265	-5	0.32	0.32	0	
09/06/2011 14:40:11	TASTEGGIO	1	0	8000	53816	102493	280	-22	0.14	0.14	0	
09/06/2011 14:40:19	TASTEGGIO	1	0	8000	53816	102483	280	-22	0.15	0.16	-24500	
09/06/2011 14:40:42	TASTEGGIO	1	0	8000	53816	126939	240	-13	0.04	0.04	0	
09/06/2011 14:40:52	TASTEGGIO	1	0	8000	53816	102487	240	-13	0.05	0.10	44500	
09/06/2011 14:43:02	TASTEGGIO	1	0	8000	53816	102483	240	-13	0.60	0.60	0	
09/06/2011 14:43:25	TASTEGGIO	1	0	8000	53816	102498	351	-59	0.11	0.11	0	
09/06/2011 14:43:33	TASTEGGIO	1	0	8000	53816	102487	351	-59	0.11	0.16	-44500	
09/06/2011 14:43:56	TASTEGGIO	1	0	8000	53816	146928	240	-13	0.06	0.06	0	
09/06/2011 14:44:06	TASTEGGIO	1	0	8000	53816	102490	240	-13	0.05	0.07	-24500	
09/06/2011 14:46:01	TASTEGGIO	1	0	8000	53816	102483	240	-13	0.36	0.36	24500	
09/06/2011 14:46:24	TASTEGGIO	1	0	8000	53816	78021	290	-14	0.22	0.22	0	
09/06/2011 14:46:43	TASTEGGIO	0	1	8000	53816	78025	303	-16	0.07	0.07	0	
09/06/2011 14:46:53	TASTEGGIO	0	1	8000	53816	102360	303	-16	0.12	0.19	-44500	
09/06/2011 14:47:15	TASTEGGIO	1	0	8000	53816	146800	247	-12	0.08	0.08	0	
09/06/2011 14:47:26	TASTEGGIO	1	0	8000	53816	102486	247	-12	0.06	0.09	-44500	
09/06/2011 14:49:27	TASTEGGIO	1	0	8000	53816	102584	247	-12	0.42	0.42	0	
09/06/2011 14:49:49	TASTEGGIO	1	0	8000	53816	102606	305	-27	0.15	0.15	0	
09/06/2011 14:50:07	TASTEGGIO	0	0	8000	53816	102607	237	-1	0.15	0.15	0	
09/06/2011 14:50:27	TASTEGGIO	0	1	8000	53816	102612	267	-1	0.14	0.14	0	
09/06/2011 14:50:35	TASTEGGIO	0	1	8000	53816	102596	267	-1	0.14	0.18	-44500	
09/06/2011 14:50:58	TASTEGGIO	1	0	8000	53816	147031	245	-12	0.09	0.09	0	
09/06/2011 14:51:08	TASTEGGIO	1	0	8000	53816	102587	245	-12	0.07	0.13	44500	
09/06/2011 14:51:30	TASTEGGIO	1	0	8000	53816	58114	232	-2	0.11	0.11	0	
09/06/2011 14:51:48	TASTEGGIO	0	1	8000	53816	58117	241	-1	0.10	0.10	0	
09/06/2011 14:51:58	TASTEGGIO	0	1	8000	53816	102450	241	-1	0.07	0.11	44500	
09/06/2011 14:52:20	TASTEGGIO	1	0	8000	53816	57985	227	-1	0.10	0.10	0	
09/06/2011 14:52:31	TASTEGGIO	1	0	8000	53816	102452	227	-1	0.07	0.11	44500	
09/06/2011 14:52:53	TASTEGGIO	1	0	8000	53816	57990	227	-1	0.10	0.10	0	
09/06/2011 14:53:04	TASTEGGIO	1	0	8000	53816	102450	227	-1	0.08	0.10	44500	
09/06/2011 14:55:03	TASTEGGIO	1	0	8000	53817	102398	227	-1	0.37	0.38	-24500	
09/06/2011 14:55:26	TASTEGGIO	1	0	8000	53817	126855	295	-33	0.11	0.11	0	
09/06/2011 14:55:36	TASTEGGIO	1	0	8000	53817	102400	295	-33	0.15	0.18	24500	
09/06/2011 14:55:59	TASTEGGIO	1	0	8000	53817	77932	245	-5	0.12	0.12	0	
09/06/2011 14:56:09	TASTEGGIO	1	0	8000	53817	102257	245	-5	0.12	0.13	44500	
09/06/2011 14:56:31	TASTEGGIO	1	0	8000	53817	57799	232	-1	0.12	0.12	0	
09/06/2011 14:56:50	TASTEGGIO	0	1	8000	53817	57800	254	-3	0.10	0.10	0	
09/06/2011 14:57:00	TASTEGGIO	0	1	8000	53817	102251	254	-3	0.09	0.10	44500	
09/06/2011 14:58:10	ALARM 17	proc 12 prog 10 step 47	LavoroTerminato
10/06/2011 07:22:54	INIT OK
10/06/2011 07:23:12	ALARM 401		
10/06/2011 07:23:15	ALARM 401		
10/06/2011 07:23:16	ALARM 401		
10/06/2011 07:23:16	ALARM 401		
10/06/2011 07:23:17	ALARM 401		
10/06/2011 07:23:24	ALARM 401		
10/06/2011 07:23:34	ALARM 401		
10/06/2011 07:23:35	ALARM 401		
10/06/2011 07:23:35	ALARM 401		
10/06/2011 07:23:36	ALARM 401		
10/06/2011 07:33:49	ALARM 318	proc 12 prog 22 step 6	go_abs inv_ax 2
10/06/2011 07:33:56	ALARM 318	proc 12 prog 22 step 6	go_abs inv_ax 2
10/06/2011 07:34:03	ALARM 318	proc 12 prog 22 step 6	go_abs inv_ax 2
10/06/2011 07:35:15	TASTEGGIO	0	0	7500	51856	148680	0	0	0.16	0.18	24500	
10/06/2011 07:35:40	TASTEGGIO	1	0	7500	51856	124235	234	-33	0.16	0.16	0	
10/06/2011 07:36:00	TASTEGGIO	0	1	7500	51856	124230	219	-31	0.16	0.16	0	
10/06/2011 07:36:20	TASTEGGIO	0	1	7500	51856	124226	203	-16	0.03	0.03	0	
10/06/2011 07:36:30	TASTEGGIO	0	1	7500	51856	148631	203	-16	0.04	0.05	-44500	
10/06/2011 07:38:25	TASTEGGIO	0	1	7500	51855	148768	203	-16	0.11	0.11	-24500	
10/06/2011 07:38:48	TASTEGGIO	1	0	7500	51855	173223	225	-47	0.33	0.33	0	
10/06/2011 07:39:07	TASTEGGIO	0	1	7500	51855	173230	126	-8	0.25	0.25	0	
10/06/2011 07:39:26	TASTEGGIO	0	2	7500	51855	173235	152	-8	0.18	0.18	0	
10/06/2011 07:39:47	TASTEGGIO	0	3	7500	51855	173236	174	-10	0.09	0.09	0	
10/06/2011 07:39:57	TASTEGGIO	0	3	7500	51855	148787	174	-10	0.07	0.11	-44500	
10/06/2011 07:40:21	TASTEGGIO	1	0	7500	51855	193243	225	-33	0.22	0.22	0	
10/06/2011 07:40:40	TASTEGGIO	0	1	7500	51855	193248	181	-17	0.05	0.05	0	
10/06/2011 07:40:51	TASTEGGIO	0	1	7500	51855	148782	181	-17	0.06	0.08	97500	
10/06/2011 07:42:46	TASTEGGIO	0	1	7500	51855	148762	181	-17	0.18	0.18	24500	
10/06/2011 07:43:10	TASTEGGIO	1	0	7500	51855	124314	234	-32	0.13	0.13	0	
10/06/2011 07:43:20	TASTEGGIO	1	0	7500	51855	148622	234	-32	0.09	0.13	24500	
10/06/2011 07:43:44	TASTEGGIO	1	0	7500	51855	124159	228	-40	0.27	0.27	0	
10/06/2011 07:44:04	TASTEGGIO	0	1	7500	51855	124153	171	-9	0.19	0.19	0	
10/06/2011 07:44:23	TASTEGGIO	0	2	7500	51855	124149	189	-5	0.14	0.14	0	
10/06/2011 07:44:42	TASTEGGIO	0	3	7500	51855	124148	206	-5	0.09	0.09	0	
10/06/2011 07:44:52	TASTEGGIO	0	3	7500	51855	148616	206	-5	0.10	0.11	97500	
10/06/2011 07:45:15	TASTEGGIO	1	0	7500	51855	51158	225	-3	0.09	0.09	0	
10/06/2011 07:45:27	TASTEGGIO	1	0	7500	51855	148628	225	-3	0.09	0.10	-44500	
10/06/2011 07:45:51	TASTEGGIO	1	0	7500	51855	193103	224	-34	0.23	0.23	0	
10/06/2011 07:46:10	TASTEGGIO	0	1	7500	51855	193103	171	-14	0.09	0.09	0	
10/06/2011 07:46:21	TASTEGGIO	0	1	7500	51855	148766	171	-14	0.10	0.11	-24500	
10/06/2011 07:46:44	TASTEGGIO	1	0	7500	51855	173234	225	-43	0.32	0.32	0	
10/06/2011 07:47:03	TASTEGGIO	0	1	7500	51855	173236	131	-8	0.24	0.24	0	
10/06/2011 07:47:23	TASTEGGIO	0	2	7500	51855	173236	156	-7	0.16	0.16	0	
10/06/2011 07:47:42	TASTEGGIO	0	3	7500	51855	173237	174	-8	0.08	0.08	0	
10/06/2011 07:47:52	TASTEGGIO	0	3	7500	51855	148775	174	-8	0.07	0.09	24500	
10/06/2011 07:49:44	TASTEGGIO	0	3	7500	51855	148762	174	-8	0.16	0.16	44500	
10/06/2011 07:50:07	TASTEGGIO	1	0	7500	51855	104307	232	-24	0.06	0.06	0	
10/06/2011 07:50:18	TASTEGGIO	1	0	7500	51855	148630	232	-24	0.02	0.06	44500	
10/06/2011 07:52:22	TASTEGGIO	1	0	7500	51855	148768	232	-24	0.22	0.23	-24500	
10/06/2011 07:52:45	TASTEGGIO	1	0	7500	51855	173218	241	-49	0.24	0.24	0	
10/06/2011 07:53:05	TASTEGGIO	0	1	7500	51855	173224	215	-44	0.18	0.18	0	
10/06/2011 07:53:25	TASTEGGIO	0	1	7500	51855	173229	201	-24	0.09	0.09	0	
10/06/2011 07:53:35	TASTEGGIO	0	1	7500	51855	148772	201	-24	0.09	0.10	-24500	
10/06/2011 07:55:37	TASTEGGIO	0	1	7500	51855	148760	201	-24	0.09	0.10	97500	
10/06/2011 07:57:32	TASTEGGIO	0	1	7500	51855	148763	201	-24	0.04	0.05	97500	
10/06/2011 07:59:29	TASTEGGIO	0	1	7500	51855	148763	201	-24	0.10	0.10	0	
10/06/2011 08:01:22	TASTEGGIO	0	1	7500	51855	148866	201	-24	0.13	0.13	-44500	
10/06/2011 08:01:46	TASTEGGIO	1	0	7500	51855	193338	228	-33	0.19	0.19	0	
10/06/2011 08:02:05	TASTEGGIO	0	1	7500	51855	193338	200	-25	0.06	0.06	0	
10/06/2011 08:02:16	TASTEGGIO	0	1	7500	51855	148883	200	-25	0.06	0.08	-24500	
10/06/2011 08:04:18	TASTEGGIO	0	1	7500	51855	148762	200	-25	0.17	0.19	44500	
10/06/2011 08:04:43	TASTEGGIO	1	0	7500	51855	104316	236	-22	0.04	0.04	0	
10/06/2011 08:04:53	TASTEGGIO	1	0	7500	51855	148628	236	-22	0.07	0.07	0	
10/06/2011 08:06:46	TASTEGGIO	1	0	7500	51854	148760	236	-22	0.21	0.25	44500	
10/06/2011 08:07:11	TASTEGGIO	1	0	7500	51854	104305	243	-25	0.07	0.07	0	
10/06/2011 08:07:21	TASTEGGIO	1	0	7500	51854	148630	243	-25	0.07	0.09	-24500	
10/06/2011 08:09:10	TASTEGGIO	1	0	7500	51854	148865	243	-25	0.14	0.14	0	
10/06/2011 08:09:32	TASTEGGIO	1	0	7500	51854	148876	229	-43	0.27	0.27	0	
10/06/2011 08:09:52	TASTEGGIO	0	1	7500	51854	148877	176	-20	0.08	0.08	0	
10/06/2011 08:10:00	TASTEGGIO	0	1	7500	51854	148863	176	-20	0.08	0.08	0	
10/06/2011 08:11:52	TASTEGGIO	0	1	7500	51854	148763	176	-20	0.04	0.05	97500	
10/06/2011 08:13:47	TASTEGGIO	0	1	7500	51854	148867	176	-20	0.10	0.10	0	
10/06/2011 08:15:35	TASTEGGIO	0	1	7500	51854	148764	176	-20	0.13	0.13	24500	
10/06/2011 08:15:59	TASTEGGIO	1	0	7500	51854	124321	228	-31	0.18	0.18	0	
10/06/2011 08:16:19	TASTEGGIO	0	1	7500	51854	124314	203	-24	0.08	0.08	0	
10/06/2011 08:16:29	TASTEGGIO	0	1	7500	51854	148622	203	-24	0.08	0.10	-44500	
10/06/2011 08:18:25	TASTEGGIO	0	1	7500	51854	148768	203	-24	0.20	0.21	24500	
10/06/2011 08:18:49	TASTEGGIO	1	0	7500	51854	124316	238	-30	0.08	0.08	0	
10/06/2011 08:18:59	TASTEGGIO	1	0	7500	51854	148636	238	-30	0.05	0.10	44500	
10/06/2011 08:20:56	TASTEGGIO	1	0	7500	51854	148764	238	-30	0.26	0.26	24500	
10/06/2011 08:21:20	TASTEGGIO	1	0	7500	51854	124319	245	-31	0.07	0.07	0	
10/06/2011 08:21:29	TASTEGGIO	1	0	7500	51854	148628	245	-31	0.03	0.08	24500	
10/06/2011 08:22:25	ALARM 17	proc 12 prog 10 step 47	LavoroTerminato
10/06/2011 08:24:11	TASTEGGIO	1	0	8200	54601	92873	245	-31	0.06	0.07	-44500	
10/06/2011 08:26:04	TASTEGGIO	1	0	8200	54601	92885	245	-31	0.13	0.28	-44500	
10/06/2011 08:26:26	TASTEGGIO	1	0	8200	54601	137371	247	-7	0.19	0.19	0	
10/06/2011 08:26:43	TASTEGGIO	0	1	8200	54601	137376	259	-3	0.15	0.15	0	
10/06/2011 08:27:01	TASTEGGIO	0	2	8200	54601	137379	275	-4	0.11	0.11	0	
10/06/2011 08:27:12	TASTEGGIO	0	2	8200	54601	92917	275	-4	0.07	0.13	24500	
10/06/2011 08:27:33	TASTEGGIO	1	0	8200	54601	68491	228	-2	0.10	0.10	0	
10/06/2011 08:27:43	TASTEGGIO	1	0	8200	54601	92705	228	-2	0.05	0.12	-44500	
10/06/2011 08:28:06	TASTEGGIO	1	0	8200	54601	137178	227	0	0.11	0.11	0	
10/06/2011 08:28:24	TASTEGGIO	0	1	8200	54601	137186	247	0	0.11	0.11	0	
10/06/2011 08:28:43	TASTEGGIO	0	1	8200	54601	137188	280	-4	0.08	0.08	0	
10/06/2011 08:28:54	TASTEGGIO	0	1	8200	54601	92920	280	-4	0.07	0.14	24500	
10/06/2011 08:29:16	TASTEGGIO	1	0	8200	54601	68495	229	-1	0.13	0.13	0	
10/06/2011 08:29:33	TASTEGGIO	0	1	8200	54601	68493	253	-3	0.09	0.09	0	
10/06/2011 08:29:43	TASTEGGIO	0	1	8200	54601	92721	253	-3	0.04	0.11	-24500	
10/06/2011 08:31:29	TASTEGGIO	0	1	8200	54601	93071	253	-3	0.12	0.12	0	
10/06/2011 08:31:50	TASTEGGIO	1	0	8200	54601	93085	227	-3	0.09	0.09	0	
10/06/2011 08:31:58	TASTEGGIO	1	0	8200	54601	93073	227	-3	0.09	0.09	0	
10/06/2011 08:33:41	TASTEGGIO	1	0	8200	54601	92983	227	-3	0.02	0.05	44500	
10/06/2011 08:35:27	TASTEGGIO	1	0	8200	54601	93087	227	-3	0.11	0.14	24500	
10/06/2011 08:35:48	TASTEGGIO	1	0	8200	54601	68653	229	-2	0.11	0.11	0	
10/06/2011 08:36:06	TASTEGGIO	0	1	8200	54601	68654	237	-1	0.11	0.11	0	
10/06/2011 08:36:25	TASTEGGIO	0	1	8200	54601	68654	270	-4	0.06	0.06	0	
10/06/2011 08:36:35	TASTEGGIO	0	1	8200	54601	92913	270	-4	0.05	0.09	44500	
10/06/2011 08:38:27	TASTEGGIO	0	1	8200	54601	92983	270	-4	0.22	0.22	0	
10/06/2011 08:38:47	TASTEGGIO	1	0	8200	54601	93004	240	-5	0.18	0.18	0	
10/06/2011 08:39:05	TASTEGGIO	0	1	8200	54601	93004	254	-3	0.14	0.14	0	
10/06/2011 08:39:13	TASTEGGIO	0	1	8200	54601	92986	254	-3	0.14	0.17	24500	
10/06/2011 08:39:34	TASTEGGIO	1	0	8200	54601	68547	233	-2	0.15	0.15	0	
10/06/2011 08:39:51	TASTEGGIO	0	1	8200	54601	68547	246	-2	0.12	0.12	0	
10/06/2011 08:40:01	TASTEGGIO	0	1	8200	54601	92811	246	-2	0.12	0.12	-24500	
10/06/2011 08:40:22	TASTEGGIO	1	0	8200	54601	117290	227	-5	0.07	0.07	0	
10/06/2011 08:40:32	TASTEGGIO	1	0	8200	54601	92998	227	-5	0.09	0.11	24500	
10/06/2011 08:40:54	TASTEGGIO	1	0	8200	54601	68564	225	0	0.11	0.11	0	
10/06/2011 08:41:11	TASTEGGIO	0	1	8200	54601	68561	247	-1	0.10	0.10	0	
10/06/2011 08:41:21	TASTEGGIO	0	1	8200	54601	92821	247	-1	0.08	0.10	24500	
10/06/2011 08:43:13	TASTEGGIO	0	1	8200	54601	93087	247	-1	0.02	0.06	44500	
10/06/2011 08:45:03	TASTEGGIO	0	1	8200	54601	92982	247	-1	0.38	0.46	-24500	
10/06/2011 08:45:25	TASTEGGIO	1	0	8200	54601	117442	271	-8	0.37	0.37	0	
10/06/2011 08:45:43	TASTEGGIO	0	1	8200	54601	117457	300	-9	0.28	0.28	0	
10/06/2011 08:46:02	TASTEGGIO	0	2	8200	54601	117461	329	-13	0.15	0.15	0	
10/06/2011 08:46:22	TASTEGGIO	0	3	8200	54601	117465	342	-12	0.08	0.08	0	
10/06/2011 08:46:32	TASTEGGIO	0	3	8200	54601	92998	342	-12	0.04	0.09	-44500	
10/06/2011 08:48:23	TASTEGGIO	0	3	8200	54601	93089	342	-12	0.15	0.28	-24500	
10/06/2011 08:48:45	TASTEGGIO	1	0	8200	54601	117572	247	-10	0.18	0.18	0	
10/06/2011 08:49:03	TASTEGGIO	0	1	8200	54601	117577	258	-5	0.12	0.12	0	
10/06/2011 08:49:13	TASTEGGIO	0	1	8200	54601	93106	258	-5	0.11	0.14	44500	
10/06/2011 08:49:35	TASTEGGIO	1	0	8200	54601	48663	229	-1	0.13	0.13	0	
10/06/2011 08:49:52	TASTEGGIO	0	1	8200	54601	48663	253	-1	0.11	0.11	0	
10/06/2011 08:50:10	TASTEGGIO	0	2	8200	54601	48663	271	-2	0.10	0.10	0	
10/06/2011 08:50:20	TASTEGGIO	0	2	8200	54601	92909	271	-2	0.08	0.15	-24500	
10/06/2011 08:50:43	TASTEGGIO	1	0	8200	54601	117390	231	-1	0.14	0.14	0	
10/06/2011 08:50:52	TASTEGGIO	1	0	8200	54601	93105	231	-1	0.09	0.14	-24500	
10/06/2011 08:51:14	TASTEGGIO	1	0	8200	54601	117583	229	0	0.14	0.14	0	
10/06/2011 08:51:33	TASTEGGIO	0	1	8200	54601	117588	257	-2	0.11	0.11	0	
10/06/2011 08:51:52	TASTEGGIO	0	2	8200	54601	117593	269	-3	0.08	0.08	0	
10/06/2011 08:52:02	TASTEGGIO	0	2	8200	54601	93105	269	-3	0.10	0.11	44500	
10/06/2011 08:52:25	TASTEGGIO	1	0	8200	54601	48659	225	0	0.10	0.10	0	
10/06/2011 08:52:35	TASTEGGIO	1	0	8200	54601	92911	225	0	0.10	0.11	44500	
10/06/2011 08:52:57	TASTEGGIO	1	0	8200	54601	48439	225	0	0.10	0.10	0	
10/06/2011 08:53:08	TASTEGGIO	1	0	8200	54601	92918	225	0	0.10	0.10	44500	
10/06/2011 08:54:59	TASTEGGIO	1	0	8200	54601	93083	225	0	0.09	0.15	-24500	
10/06/2011 08:55:20	TASTEGGIO	1	0	8200	54601	117568	231	-6	0.08	0.08	0	
10/06/2011 08:55:30	TASTEGGIO	1	0	8200	54601	93101	231	-6	0.06	0.11	24500	
10/06/2011 08:55:51	TASTEGGIO	1	0	8200	54601	68675	225	-3	0.08	0.08	0	
10/06/2011 08:56:01	TASTEGGIO	1	0	8200	54601	92909	225	-3	0.06	0.08	24500	
10/06/2011 08:57:53	TASTEGGIO	1	0	8200	54601	92984	225	-3	0.05	0.09	44500	
10/06/2011 08:59:44	TASTEGGIO	1	0	8200	54601	92984	225	-3	0.20	0.31	44500	
10/06/2011 09:00:05	TASTEGGIO	1	0	8200	54601	48543	251	-2	0.29	0.29	0	
10/06/2011 09:00:23	TASTEGGIO	0	1	8200	54601	48545	305	-7	0.23	0.23	0	
10/06/2011 09:00:41	TASTEGGIO	0	2	8200	54601	48545	330	-6	0.16	0.16	0	
10/06/2011 09:00:59	TASTEGGIO	0	3	8200	54601	48545	349	-7	0.10	0.10	0	
10/06/2011 09:01:10	TASTEGGIO	0	3	8200	54601	92818	349	-7	0.15	0.15	0	
10/06/2011 09:01:31	TASTEGGIO	1	0	8200	54601	92819	231	-4	0.11	0.11	0	
10/06/2011 09:01:39	TASTEGGIO	1	0	8200	54601	92826	231	-4	0.11	0.11	0	
10/06/2011 09:01:58	TASTEGGIO	1	0	8200	54601	92829	225	-1	0.10	0.10	0	
10/06/2011 09:02:06	TASTEGGIO	1	0	8200	54601	92839	225	-1	0.10	0.10	44500	
10/06/2011 09:04:00	TASTEGGIO	1	0	8200	54601	92980	225	-1	0.29	0.30	24500	
10/06/2011 09:04:21	TASTEGGIO	1	0	8200	54601	68550	250	-3	0.27	0.27	0	
10/06/2011 09:04:39	TASTEGGIO	0	1	8200	54601	68550	274	-3	0.24	0.24	0	
10/06/2011 09:04:58	TASTEGGIO	0	2	8200	54601	68549	316	-8	0.16	0.16	0	
10/06/2011 09:05:17	TASTEGGIO	0	3	8200	54601	68548	334	-7	0.08	0.08	0	
10/06/2011 09:05:27	TASTEGGIO	0	3	8200	54601	92816	334	-7	0.11	0.14	-24500	
10/06/2011 09:05:48	TASTEGGIO	1	0	8200	54601	117299	229	-5	0.10	0.10	0	
10/06/2011 09:05:57	TASTEGGIO	1	0	8200	54601	93000	229	-5	0.08	0.12	44500	
10/06/2011 09:06:18	TASTEGGIO	1	0	8200	54601	48547	227	0	0.11	0.11	0	
10/06/2011 09:06:29	TASTEGGIO	1	0	8200	54601	92814	227	0	0.08	0.11	44500	
10/06/2011 09:08:21	TASTEGGIO	1	0	8200	54601	93083	227	0	0.23	0.25	-24500	
10/06/2011 09:08:42	TASTEGGIO	1	0	8200	54601	117564	243	-5	0.19	0.19	0	
10/06/2011 09:09:00	TASTEGGIO	0	1	8200	54601	117570	257	-3	0.16	0.16	0	
10/06/2011 09:09:19	TASTEGGIO	0	2	8200	54601	117574	283	-6	0.10	0.10	0	
10/06/2011 09:09:29	TASTEGGIO	0	2	8200	54601	93099	283	-6	0.12	0.13	-44500	
10/06/2011 09:09:51	TASTEGGIO	1	0	8200	54601	137582	228	-2	0.10	0.10	0	
10/06/2011 09:10:02	TASTEGGIO	1	0	8200	54601	93096	228	-2	0.10	0.11	-44500	
10/06/2011 09:10:24	TASTEGGIO	1	0	8200	54601	137571	225	0	0.10	0.10	0	
10/06/2011 09:10:34	TASTEGGIO	1	0	8200	54601	93093	225	0	0.10	0.10	0	
10/06/2011 09:11:41	ALARM 17	proc 12 prog 10 step 47	LavoroTerminato
10/06/2011 09:18:10	TASTEGGIO	1	0	8200	54601	75677	225	0	0.08	0.14	24500	
10/06/2011 09:18:30	TASTEGGIO	1	0	8200	54601	51209	229	-1	0.14	0.14	0	
10/06/2011 09:18:48	TASTEGGIO	0	1	8200	54601	51204	257	-2	0.12	0.12	0	
10/06/2011 09:19:06	TASTEGGIO	0	2	8200	54601	51203	277	-2	0.11	0.11	0	
10/06/2011 09:19:23	TASTEGGIO	0	1	8200	54601	51202	317	-4	0.07	0.07	0	
10/06/2011 09:19:33	TASTEGGIO	0	1	8200	54601	75652	317	-4	0.12	0.12	0	
10/06/2011 09:19:53	TASTEGGIO	1	0	8200	54601	75656	227	-2	0.10	0.10	0	
10/06/2011 09:20:01	TASTEGGIO	1	0	8200	54601	75662	227	-2	0.10	0.11	-24500	
10/06/2011 09:20:21	TASTEGGIO	1	0	8200	54601	100138	225	-2	0.09	0.09	0	
10/06/2011 09:20:31	TASTEGGIO	1	0	8200	54601	75778	225	-2	0.09	0.10	-24500	
10/06/2011 09:22:27	TASTEGGIO	1	0	8200	54601	75785	225	-2	0.07	0.08	-24500	
10/06/2011 09:24:16	TASTEGGIO	1	0	8200	54601	75783	225	-2	0.06	0.11	-24500	
10/06/2011 09:26:08	TASTEGGIO	1	0	8200	54601	75878	225	-2	0.05	0.05	0	
10/06/2011 09:27:03	ALARM 17	proc 12 prog 10 step 47	LavoroTerminato
10/06/2011 09:35:05	TASTEGGIO	1	0	5000	42055	111275	225	-2	0.03	0.05	44500	
10/06/2011 09:35:24	TASTEGGIO	1	0	5000	42055	66861	48	-2	0.03	0.03	0	
10/06/2011 09:35:34	TASTEGGIO	1	0	5000	42055	111242	48	-2	0.02	0.03	24500	
10/06/2011 09:37:38	TASTEGGIO	1	0	5000	42054	111380	48	-2	0.07	0.07	44500	
10/06/2011 09:37:56	TASTEGGIO	1	0	5000	42054	66955	50	-2	0.05	0.05	0	
10/06/2011 09:38:11	TASTEGGIO	0	1	5000	42054	66951	53	0	0.05	0.05	0	
10/06/2011 09:38:26	TASTEGGIO	0	1	5000	42054	66950	68	0	0.04	0.04	0	
10/06/2011 09:38:36	TASTEGGIO	0	1	5000	42054	111246	68	0	0.06	0.06	0	
10/06/2011 09:38:53	TASTEGGIO	1	0	5000	42054	111243	49	-6	0.01	0.01	0	
10/06/2011 09:39:00	TASTEGGIO	1	0	5000	42054	111246	49	-6	0.01	0.01	24500	
10/06/2011 09:41:02	TASTEGGIO	1	0	5000	42054	111382	49	-6	0.06	0.07	24500	
10/06/2011 09:41:22	TASTEGGIO	1	0	5000	42054	86959	50	-4	0.04	0.04	0	
10/06/2011 09:41:32	TASTEGGIO	1	0	5000	42054	111250	50	-4	0.04	0.05	-24500	
10/06/2011 09:41:51	TASTEGGIO	1	0	5000	42054	135725	48	-11	0.05	0.05	0	
10/06/2011 09:42:06	TASTEGGIO	0	1	5000	42054	135725	43	-9	0.04	0.04	0	
10/06/2011 09:42:16	TASTEGGIO	0	1	5000	42054	111371	43	-9	0.03	0.04	-24500	
10/06/2011 09:44:18	TASTEGGIO	0	1	5000	42055	111382	43	-9	0.06	0.07	24500	
10/06/2011 09:44:38	TASTEGGIO	1	0	5000	42055	86968	50	-4	0.03	0.03	0	
10/06/2011 09:44:47	TASTEGGIO	1	0	5000	42055	111249	50	-4	0.04	0.04	24500	
10/06/2011 09:46:52	TASTEGGIO	1	0	5000	42055	111383	50	-4	0.01	0.02	44500	
10/06/2011 09:48:56	TASTEGGIO	1	0	5000	42055	111394	50	-4	0.06	0.07	-24500	
10/06/2011 09:49:15	TASTEGGIO	1	0	5000	42055	135861	50	-13	0.05	0.05	0	
10/06/2011 09:49:30	TASTEGGIO	0	1	5000	42055	135862	46	-14	0.14	0.14	0	
10/06/2011 09:49:43	TASTEGGIO	0	1	5000	42055	135862	6	-1	0.12	0.12	0	
10/06/2011 09:49:56	TASTEGGIO	0	2	5000	42055	135863	26	-2	0.10	0.10	0	
10/06/2011 09:50:11	TASTEGGIO	0	3	5000	42055	135863	50	-10	0.00	0.00	0	
