06/07/2011 11:43:37	TASTEGGIO	1	0	7500	51868	151360	263	-11	0.14	0.14	0	
06/07/2011 11:43:49	TASTEGGIO	1	0	7500	51868	107094	263	-11	0.15	0.15	0	
06/07/2011 11:45:53	TASTEGGIO	1	0	7500	51855	107199	263	-11	0.68	0.90	-44500	
06/07/2011 11:46:18	TASTEGGIO	1	0	7500	51855	151613	400	-77	0.18	0.18	0	
06/07/2011 11:46:37	TASTEGGIO	0	0	7500	51855	151622	245	-3	0.16	0.16	0	
06/07/2011 11:46:58	TASTEGGIO	0	1	7500	51855	151632	259	-2	0.15	0.15	0	
06/07/2011 11:47:19	TASTEGGIO	0	1	7500	51855	151640	301	-4	0.13	0.13	0	
06/07/2011 11:47:30	TASTEGGIO	0	1	7500	51855	107219	301	-4	0.09	0.13	-44500	
06/07/2011 11:49:25	TASTEGGIO	0	1	7500	51855	107099	301	-4	0.70	0.85	24500	
06/07/2011 11:49:51	TASTEGGIO	1	0	7500	51855	82621	400	-77	0.23	0.23	0	
06/07/2011 11:50:12	TASTEGGIO	0	0	7500	51855	82621	257	-21	0.04	0.04	0	
06/07/2011 11:50:22	TASTEGGIO	0	0	7500	51855	106947	257	-21	0.14	0.30	-44500	
06/07/2011 11:50:46	TASTEGGIO	1	0	7500	51855	151368	275	-44	0.13	0.13	0	
06/07/2011 11:50:56	TASTEGGIO	1	0	7500	51855	107091	275	-44	0.24	0.24	0	
06/07/2011 11:51:21	TASTEGGIO	1	0	7500	51855	107102	260	-42	0.20	0.20	0	
06/07/2011 11:51:42	TASTEGGIO	0	1	7500	51855	107102	243	-43	0.25	0.25	0	
06/07/2011 11:52:02	TASTEGGIO	0	1	7500	51855	107102	211	-13	0.12	0.12	0	
06/07/2011 11:52:10	TASTEGGIO	0	1	7500	51855	107093	211	-13	0.12	0.21	44500	
06/07/2011 11:52:35	TASTEGGIO	1	0	7500	51855	62616	252	-14	0.08	0.08	0	
06/07/2011 11:52:45	TASTEGGIO	1	0	7500	51855	106948	252	-14	0.10	0.13	-24500	
06/07/2011 11:54:41	TASTEGGIO	1	0	7500	51855	107108	252	-14	0.21	0.25	44500	
06/07/2011 11:55:05	TASTEGGIO	1	0	7500	51855	62627	263	-31	0.07	0.07	0	
06/07/2011 11:55:15	TASTEGGIO	1	0	7500	51855	106963	263	-31	0.20	0.20	0	
06/07/2011 11:55:39	TASTEGGIO	1	0	7500	51855	106963	250	-47	0.27	0.27	0	
06/07/2011 11:56:00	TASTEGGIO	0	1	7500	51855	106965	213	-27	0.06	0.06	0	
06/07/2011 11:56:08	TASTEGGIO	0	1	7500	51855	106967	213	-27	0.05	0.06	44500	
06/07/2011 11:58:02	TASTEGGIO	0	1	7500	51855	107095	213	-27	0.99	0.99	0	
06/07/2011 11:58:28	TASTEGGIO	1	0	7500	51855	107106	400	-75	0.37	0.37	0	
06/07/2011 11:58:49	TASTEGGIO	0	0	7500	51855	107106	293	-26	0.17	0.17	0	
06/07/2011 11:59:11	TASTEGGIO	0	0	7500	51855	107106	242	-5	0.18	0.18	0	
06/07/2011 11:59:32	TASTEGGIO	0	1	7500	51855	107106	280	-6	0.14	0.14	0	
06/07/2011 11:59:40	TASTEGGIO	0	1	7500	51855	107090	280	-6	0.14	0.45	-44500	
06/07/2011 12:00:05	TASTEGGIO	1	0	7500	51855	151492	313	-34	0.13	0.13	0	
06/07/2011 12:00:16	TASTEGGIO	1	0	7500	51855	107100	313	-34	0.10	0.25	44500	
06/07/2011 12:00:40	TASTEGGIO	1	0	7500	51855	62624	263	-21	0.05	0.05	0	
06/07/2011 12:00:50	TASTEGGIO	1	0	7500	51855	106947	263	-21	0.17	0.18	-24500	
06/07/2011 12:01:56	ALARM 17	proc 12 prog 10 step 47	LavoroTerminato
06/07/2011 12:10:53	ALARM 401		
06/07/2011 12:53:44	ALARM 401		
06/07/2011 12:53:45	ALARM 401		
06/07/2011 12:54:41	ALARM 401		
06/07/2011 13:15:53	TASTEGGIO	1	0	10000	61656	108788	263	-21	0.28	0.32	24500	
06/07/2011 13:16:18	TASTEGGIO	1	0	10000	61656	84343	252	-1	0.31	0.31	0	
06/07/2011 13:16:38	TASTEGGIO	0	1	10000	61656	84339	312	0	0.31	0.31	0	
06/07/2011 13:16:58	TASTEGGIO	0	1	10000	61656	84335	400	0	0.31	0.31	0	
06/07/2011 13:17:02	ALARM 401		
06/07/2011 13:17:09	ALARM 401		
06/07/2011 13:17:09	ALARM 401		
06/07/2011 13:17:10	ALARM 401		
06/07/2011 13:17:11	ALARM 401		
06/07/2011 13:17:11	ALARM 401		
06/07/2011 13:17:29	TASTEGGIO	0	1	10000	61656	108774	400	0	0.28	0.31	24500	
06/07/2011 13:18:03	TASTEGGIO	0	1	10000	61656	108766	440	0	0.28	0.31	24500	
06/07/2011 13:18:29	TASTEGGIO	0	1	10000	61656	84302	549	0	0.31	0.31	0	
06/07/2011 13:18:55	TASTEGGIO	0	1	10000	61656	84301	639	0	0.31	0.31	0	
06/07/2011 13:19:23	TASTEGGIO	0	1	10000	61656	84301	713	0	0.31	0.31	0	
06/07/2011 13:21:12	TASTEGGIO	0	1	10000	61656	84301	809	0	0.31	0.31	0	
06/07/2011 13:29:39	ALARM 401		
06/07/2011 13:36:09	TASTEGGIO	0	1	10000	61656	108747	1504	0	0.28	0.30	24500	
06/07/2011 13:36:34	TASTEGGIO	1	0	10000	61656	84292	250	0	0.31	0.31	0	
06/07/2011 13:36:54	TASTEGGIO	0	1	10000	61656	84287	314	0	0.31	0.31	0	
06/07/2011 13:37:15	TASTEGGIO	0	1	10000	61656	84285	400	0	0.31	0.31	0	
06/07/2011 13:37:22	ALARM 401		
06/07/2011 13:37:39	ALARM 401		
06/07/2011 13:37:39	ALARM 401		
06/07/2011 13:37:41	ALARM 401		
06/07/2011 13:37:42	ALARM 401		
06/07/2011 13:37:53	ALARM 28	proc 5 prog 72 step 15	Pressa appoggiata sul tondo
06/07/2011 13:39:24	ALARM 401		
06/07/2011 13:46:23	TASTEGGIO	0	1	9900	61265	108682	400	0	0.07	0.15	44500	
06/07/2011 13:46:46	TASTEGGIO	1	0	9900	61265	64250	231	-2	0.12	0.12	0	
06/07/2011 13:46:57	TASTEGGIO	1	0	9900	61265	108565	231	-2	0.05	0.12	44500	
06/07/2011 13:47:20	TASTEGGIO	1	0	9900	61265	64093	227	0	0.12	0.12	0	
06/07/2011 13:47:39	TASTEGGIO	0	1	9900	61265	64094	251	-2	0.10	0.10	0	
06/07/2011 13:48:00	TASTEGGIO	0	2	9900	61265	64096	267	-2	0.08	0.08	0	
06/07/2011 13:48:11	TASTEGGIO	0	2	9900	61265	108561	267	-2	0.01	0.07	44500	
06/07/2011 13:49:19	ALARM 17	proc 12 prog 10 step 47	LavoroTerminato
06/07/2011 13:50:40	TASTEGGIO	0	2	9900	61265	108764	267	-2	0.25	0.25	0	
06/07/2011 13:51:02	TASTEGGIO	1	0	9900	61265	108778	243	-10	0.17	0.17	0	
06/07/2011 13:51:21	TASTEGGIO	0	1	9900	61265	108778	254	-6	0.12	0.12	0	
06/07/2011 13:51:30	TASTEGGIO	0	1	9900	61265	108757	254	-6	0.11	0.16	-44500	
06/07/2011 13:51:54	TASTEGGIO	1	0	9900	61265	153211	232	-9	0.07	0.07	0	
06/07/2011 13:52:05	TASTEGGIO	1	0	9900	61265	108779	232	-9	0.05	0.07	-44500	
06/07/2011 13:53:59	TASTEGGIO	1	0	9900	61265	108875	232	-9	0.09	0.13	-44500	
06/07/2011 13:54:23	TASTEGGIO	1	0	9900	61265	153331	228	-7	0.05	0.05	0	
06/07/2011 13:54:34	TASTEGGIO	1	0	9900	61265	108873	228	-7	0.04	0.06	44500	
06/07/2011 13:56:37	TASTEGGIO	1	0	9900	61264	108873	228	-7	0.35	0.38	24500	
06/07/2011 13:57:01	TASTEGGIO	1	0	9900	61264	84413	260	-5	0.33	0.33	0	
06/07/2011 13:57:20	TASTEGGIO	0	1	9900	61264	84411	288	-6	0.27	0.27	0	
06/07/2011 13:57:41	TASTEGGIO	0	2	9900	61264	84411	332	-14	0.14	0.14	0	
06/07/2011 13:57:51	TASTEGGIO	0	2	9900	61264	108774	332	-14	0.14	0.16	44500	
06/07/2011 13:58:14	TASTEGGIO	1	0	9900	61264	64303	232	-1	0.16	0.16	0	
06/07/2011 13:58:33	TASTEGGIO	0	1	9900	61264	64302	264	-2	0.14	0.14	0	
06/07/2011 13:58:44	TASTEGGIO	0	1	9900	61264	108774	264	-2	0.12	0.13	44500	
06/07/2011 13:59:08	TASTEGGIO	1	0	9900	61264	64299	228	0	0.14	0.14	0	
06/07/2011 13:59:27	TASTEGGIO	0	1	9900	61264	64300	258	0	0.13	0.13	0	
06/07/2011 13:59:49	TASTEGGIO	0	1	9900	61264	64300	294	-5	0.10	0.10	0	
06/07/2011 14:00:08	TASTEGGIO	0	2	9900	61264	64301	304	-7	0.05	0.05	0	
06/07/2011 14:00:20	TASTEGGIO	0	2	9900	61264	108776	304	-7	0.04	0.04	0	
06/07/2011 14:02:14	TASTEGGIO	0	2	9900	61264	108672	304	-7	0.14	0.14	0	
06/07/2011 14:02:36	TASTEGGIO	1	0	9900	61264	108691	229	-8	0.07	0.07	0	
06/07/2011 14:02:44	TASTEGGIO	1	0	9900	61264	108666	229	-8	0.07	0.09	24500	
06/07/2011 14:04:34	TASTEGGIO	1	0	9900	61264	108668	229	-8	0.21	0.21	0	
06/07/2011 14:04:56	TASTEGGIO	1	0	9900	61264	108687	238	-9	0.14	0.14	0	
06/07/2011 14:05:04	TASTEGGIO	1	0	9900	61264	108664	238	-9	0.14	0.17	44500	
06/07/2011 14:05:28	TASTEGGIO	1	0	9900	61264	64184	233	-2	0.16	0.16	0	
06/07/2011 14:05:47	TASTEGGIO	0	1	9900	61264	64184	263	-3	0.12	0.12	0	
06/07/2011 14:05:58	TASTEGGIO	0	1	9900	61264	108575	263	-3	0.10	0.12	44500	
06/07/2011 14:06:22	TASTEGGIO	1	0	9900	61264	64096	227	0	0.12	0.12	0	
06/07/2011 14:06:41	TASTEGGIO	0	1	9900	61264	64096	251	0	0.12	0.12	0	
06/07/2011 14:07:02	TASTEGGIO	0	1	9900	61264	64095	287	-4	0.07	0.07	0	
06/07/2011 14:07:13	TASTEGGIO	0	1	9900	61264	108567	287	-4	0.07	0.07	44500	
06/07/2011 14:09:04	TASTEGGIO	0	1	9900	61265	108877	287	-4	0.27	0.31	24500	
06/07/2011 14:09:27	TASTEGGIO	1	0	9900	61265	84423	251	-6	0.25	0.25	0	
06/07/2011 14:09:46	TASTEGGIO	0	1	9900	61265	84421	271	-4	0.21	0.21	0	
06/07/2011 14:10:06	TASTEGGIO	0	2	9900	61265	84419	306	-10	0.11	0.11	0	
06/07/2011 14:10:16	TASTEGGIO	0	2	9900	61265	108774	306	-10	0.11	0.11	24500	
06/07/2011 14:10:39	TASTEGGIO	1	0	9900	61265	84311	225	0	0.11	0.11	0	
06/07/2011 14:11:00	TASTEGGIO	0	1	9900	61265	84310	247	0	0.11	0.11	0	
06/07/2011 14:11:20	TASTEGGIO	0	1	9900	61265	84310	280	-1	0.11	0.11	0	
06/07/2011 14:11:41	TASTEGGIO	0	1	9900	61265	84309	313	-7	0.06	0.06	0	
06/07/2011 14:11:51	TASTEGGIO	0	1	9900	61265	108767	313	-7	0.07	0.07	0	
06/07/2011 14:13:42	TASTEGGIO	0	1	9900	61265	108481	313	-7	0.19	0.22	24500	
06/07/2011 14:14:06	TASTEGGIO	1	0	9900	61265	84001	240	-4	0.20	0.20	0	
06/07/2011 14:14:25	TASTEGGIO	0	1	9900	61265	84002	276	-5	0.15	0.15	0	
06/07/2011 14:14:46	TASTEGGIO	0	2	9900	61265	84001	291	-3	0.12	0.12	0	
06/07/2011 14:14:57	TASTEGGIO	0	2	9900	61265	108372	291	-3	0.10	0.12	44500	
06/07/2011 14:15:21	TASTEGGIO	1	0	9900	61265	63892	227	0	0.12	0.12	0	
06/07/2011 14:15:40	TASTEGGIO	0	1	9900	61265	63892	251	-1	0.11	0.11	0	
06/07/2011 14:16:01	TASTEGGIO	0	1	9900	61265	63892	281	-3	0.08	0.08	0	
06/07/2011 14:16:12	TASTEGGIO	0	1	9900	61265	108359	281	-3	0.08	0.09	44500	
06/07/2011 14:18:02	TASTEGGIO	0	1	9900	61264	108672	281	-3	0.02	0.03	-44500	
06/07/2011 14:19:53	TASTEGGIO	0	1	9900	61264	108975	281	-3	0.07	0.07	-44500	
06/07/2011 14:21:49	TASTEGGIO	0	1	9900	61264	108878	281	-3	0.28	0.30	24500	
06/07/2011 14:22:12	TASTEGGIO	1	0	9900	61264	84447	250	-6	0.26	0.26	0	
06/07/2011 14:22:32	TASTEGGIO	0	1	9900	61264	84442	272	-6	0.20	0.20	0	
06/07/2011 14:22:53	TASTEGGIO	0	2	9900	61264	84439	293	-6	0.14	0.14	0	
06/07/2011 14:23:03	TASTEGGIO	0	2	9900	61264	108777	293	-6	0.13	0.14	24500	
06/07/2011 14:23:27	TASTEGGIO	1	0	9900	61264	84311	229	-1	0.14	0.14	0	
06/07/2011 14:23:46	TASTEGGIO	0	1	9900	61264	84311	257	-2	0.12	0.12	0	
06/07/2011 14:24:07	TASTEGGIO	0	2	9900	61264	84311	277	0	0.12	0.12	0	
06/07/2011 14:24:29	TASTEGGIO	0	1	9900	61264	84311	325	-11	0.05	0.05	0	
06/07/2011 14:24:39	TASTEGGIO	0	1	9900	61264	108775	325	-11	0.05	0.07	-44500	
06/07/2011 14:25:45	ALARM 17	proc 12 prog 10 step 47	LavoroTerminato
06/07/2011 14:39:10	TASTEGGIO	0	1	9900	61265	108766	325	-11	0.10	0.10	0	
06/07/2011 14:39:31	TASTEGGIO	1	0	9900	61265	108792	224	-8	0.03	0.03	0	
06/07/2011 14:39:39	TASTEGGIO	1	0	9900	61265	108764	224	-8	0.03	0.04	44500	
06/07/2011 14:41:30	TASTEGGIO	1	0	9900	61264	108761	224	-8	0.04	0.05	24500	
06/07/2011 14:43:22	TASTEGGIO	1	0	9900	61265	108576	224	-8	0.31	0.31	-24500	
06/07/2011 14:43:46	TASTEGGIO	1	0	9900	61265	133062	251	-10	0.22	0.22	0	
06/07/2011 14:44:05	TASTEGGIO	0	1	9900	61265	133066	266	-7	0.14	0.14	0	
06/07/2011 14:44:16	TASTEGGIO	0	1	9900	61265	108574	266	-7	0.16	0.16	0	
06/07/2011 14:44:37	TASTEGGIO	1	0	9900	61265	108588	232	-8	0.10	0.10	0	
06/07/2011 14:44:45	TASTEGGIO	1	0	9900	61265	108570	232	-8	0.10	0.12	-44500	
06/07/2011 14:45:10	TASTEGGIO	1	0	9900	61265	153016	227	-7	0.06	0.06	0	
06/07/2011 14:45:21	TASTEGGIO	1	0	9900	61265	108570	227	-7	0.06	0.06	-44500	
06/07/2011 14:47:21	TASTEGGIO	1	0	9900	61264	108763	227	-7	0.32	0.33	-24500	
06/07/2011 14:47:44	TASTEGGIO	1	0	9900	61264	133249	254	-10	0.25	0.25	0	
06/07/2011 14:48:04	TASTEGGIO	0	1	9900	61264	133250	272	-9	0.16	0.16	0	
06/07/2011 14:48:25	TASTEGGIO	0	2	9900	61264	133252	286	-7	0.12	0.12	0	
06/07/2011 14:48:35	TASTEGGIO	0	2	9900	61264	108776	286	-7	0.12	0.15	-44500	
06/07/2011 14:49:00	TASTEGGIO	1	0	9900	61264	153254	231	-6	0.09	0.09	0	
06/07/2011 14:49:10	TASTEGGIO	1	0	9900	61264	108779	231	-6	0.09	0.10	-44500	
06/07/2011 14:49:35	TASTEGGIO	1	0	9900	61264	153246	224	-1	0.08	0.08	0	
06/07/2011 14:49:45	TASTEGGIO	1	0	9900	61264	108773	224	-1	0.08	0.08	-44500	
06/07/2011 14:51:36	TASTEGGIO	1	0	9900	61265	108762	224	-1	0.10	0.10	0	
06/07/2011 14:51:57	TASTEGGIO	1	0	9900	61265	108775	224	-7	0.05	0.05	0	
06/07/2011 14:52:05	TASTEGGIO	1	0	9900	61265	108756	224	-7	0.05	0.05	-24500	
06/07/2011 14:53:57	TASTEGGIO	1	0	9900	61264	108670	224	-7	0.34	0.34	0	
06/07/2011 14:54:18	TASTEGGIO	1	0	9900	61264	108688	255	-9	0.26	0.26	0	
06/07/2011 14:54:40	TASTEGGIO	0	1	9900	61264	108688	274	-6	0.19	0.19	0	
06/07/2011 14:54:59	TASTEGGIO	0	2	9900	61264	108688	293	-9	0.10	0.10	0	
06/07/2011 14:55:08	TASTEGGIO	0	2	9900	61264	108663	293	-9	0.10	0.16	44500	
06/07/2011 14:55:31	TASTEGGIO	1	0	9900	61264	64179	232	-2	0.15	0.15	0	
06/07/2011 14:55:51	TASTEGGIO	0	1	9900	61264	64179	260	-3	0.12	0.12	0	
06/07/2011 14:56:01	TASTEGGIO	0	1	9900	61264	108575	260	-3	0.09	0.13	44500	
06/07/2011 14:56:25	TASTEGGIO	1	0	9900	61264	64101	228	0	0.13	0.13	0	
06/07/2011 14:56:44	TASTEGGIO	0	1	9900	61264	64102	254	0	0.12	0.12	0	
06/07/2011 14:57:04	TASTEGGIO	0	1	9900	61264	64104	287	-5	0.07	0.07	0	
06/07/2011 14:57:15	TASTEGGIO	0	1	9900	61264	108575	287	-5	0.05	0.08	44500	
06/07/2011 14:58:23	ALARM 17	proc 12 prog 10 step 47	LavoroTerminato
06/07/2011 15:22:37	ALARM 401		
06/07/2011 15:51:23	TASTEGGIO	0	1	14500	36005	113686	287	-5	0.05	0.09	-44500	
06/07/2011 15:52:01	TASTEGGIO	0	1	14500	69495	113677	287	-5	0.05	0.08	44500	
06/07/2011 15:53:50	TASTEGGIO	0	1	14500	69495	113489	287	-5	0.09	0.15	24500	
06/07/2011 15:53:52	ALARM 401		
06/07/2011 15:54:20	TASTEGGIO	0	1	14500	69495	113476	287	-5	0.09	0.15	24500	
06/07/2011 15:55:17	ALARM 17	proc 12 prog 10 step 47	LavoroTerminato
06/07/2011 15:57:35	TASTEGGIO	0	1	14500	36005	113687	287	-5	0.19	0.19	0	
06/07/2011 15:58:55	ALARM 401		
06/07/2011 15:59:29	TASTEGGIO	0	1	14500	36005	113671	68	0	0.17	0.17	0	
06/07/2011 16:40:38	ALARM 401		
07/07/2011 07:31:02	ALARM 401		
07/07/2011 07:31:03	INIT OK
07/07/2011 07:34:12	ALARM 401		
07/07/2011 07:34:13	ALARM 401		
07/07/2011 07:39:53	TASTEGGIO	0	0	14500	36005	113685	0	0	0.03	0.04	24500	
07/07/2011 07:42:52	TASTEGGIO	0	0	14500	36005	113597	0	0	0.09	0.10	-24500	
07/07/2011 07:47:12	TASTEGGIO	0	0	14500	36005	113586	0	0	0.03	0.06	24500	
07/07/2011 08:00:56	TASTEGGIO	0	0	14500	36005	113680	0	0	0.06	0.08	-44500	
07/07/2011 08:03:03	TASTEGGIO	0	0	14500	36005	113785	0	0	0.05	0.05	0	
07/07/2011 08:07:46	TASTEGGIO	0	0	14500	36005	113682	0	0	0.08	0.10	-44500	
07/07/2011 08:13:03	TASTEGGIO	0	0	14500	36005	113791	0	0	0.03	0.09	-44500	
07/07/2011 08:15:32	TASTEGGIO	0	0	14500	36005	113680	0	0	0.23	0.27	24500	
07/07/2011 08:16:18	ALARM 401		
07/07/2011 08:16:55	TASTEGGIO	0	0	14500	36005	113597	111	0	0.22	0.25	24500	
07/07/2011 08:17:40	ALARM 401		
07/07/2011 08:17:43	ALARM 202		err.6059
07/07/2011 08:18:25	TASTEGGIO	0	0	14500	36005	113594	159	0	0.21	0.25	24500	
07/07/2011 08:21:14	TASTEGGIO	0	0	14500	36005	113790	159	0	0.01	0.04	24500	
07/07/2011 08:25:53	ALARM 401		
07/07/2011 08:25:58	ALARM 401		
07/07/2011 08:25:59	ALARM 401		
07/07/2011 08:25:59	ALARM 401		
07/07/2011 08:31:48	ALARM 401		
07/07/2011 08:57:03	ALARM 401		
07/07/2011 09:22:44	TASTEGGIO	0	0	8000	53817	123315	159	0	0.29	0.35	24500	
07/07/2011 09:23:06	TASTEGGIO	1	0	8000	53817	98869	138	-5	0.29	0.29	0	
07/07/2011 09:23:24	TASTEGGIO	0	1	8000	53817	98865	162	-3	0.26	0.26	0	
07/07/2011 09:23:46	TASTEGGIO	0	2	8000	53817	98865	208	-13	0.14	0.14	0	
07/07/2011 09:23:55	TASTEGGIO	0	2	8000	53817	123177	208	-13	0.13	0.18	-44500	
07/07/2011 09:24:17	TASTEGGIO	1	0	8000	53817	167605	107	-3	0.15	0.15	0	
07/07/2011 09:24:34	TASTEGGIO	0	1	8000	53817	167616	119	-1	0.14	0.14	0	
07/07/2011 09:24:45	TASTEGGIO	0	1	8000	53817	123281	119	-1	0.11	0.14	-24500	
07/07/2011 09:25:04	TASTEGGIO	1	0	8000	53817	147702	100	-2	0.14	0.14	0	
07/07/2011 09:25:22	TASTEGGIO	0	1	8000	53817	147713	128	-4	0.10	0.10	0	
07/07/2011 09:25:32	TASTEGGIO	0	1	8000	53817	123275	128	-4	0.08	0.13	44500	
07/07/2011 09:25:53	TASTEGGIO	1	0	8000	53817	78813	98	-1	0.13	0.13	0	
07/07/2011 09:26:10	TASTEGGIO	0	1	8000	53817	78808	124	-1	0.11	0.11	0	
07/07/2011 09:26:21	TASTEGGIO	0	1	8000	53817	123163	124	-1	0.07	0.11	44500	
07/07/2011 09:28:16	TASTEGGIO	0	1	8000	53817	123062	124	-1	0.51	0.54	24500	
07/07/2011 09:28:39	TASTEGGIO	1	0	8000	53817	98592	172	-5	0.49	0.49	0	
07/07/2011 09:29:00	TASTEGGIO	0	1	8000	53817	98601	260	-29	0.20	0.20	0	
07/07/2011 09:29:18	TASTEGGIO	0	0	8000	53817	98591	111	0	0.20	0.20	0	
07/07/2011 09:29:36	TASTEGGIO	0	1	8000	53817	98593	151	0	0.20	0.20	0	
07/07/2011 09:29:58	TASTEGGIO	0	1	8000	53817	98599	211	-1	0.19	0.19	0	
07/07/2011 09:30:21	TASTEGGIO	0	1	8000	53817	98603	265	-19	0.06	0.06	0	
07/07/2011 09:30:31	TASTEGGIO	0	1	8000	53817	122980	265	-19	0.06	0.08	-24500	
07/07/2011 09:32:30	TASTEGGIO	0	1	8000	53816	123088	265	-19	0.75	0.79	-24500	
07/07/2011 09:32:54	TASTEGGIO	1	0	8000	53816	147495	217	-13	0.66	0.66	0	
07/07/2011 09:33:17	TASTEGGIO	0	1	8000	53816	147512	272	-31	0.34	0.34	0	
07/07/2011 09:33:39	TASTEGGIO	0	2	8000	53816	147526	296	-39	0.09	0.09	0	
07/07/2011 09:33:49	TASTEGGIO	0	2	8000	53816	123065	296	-39	0.08	0.13	44500	
07/07/2011 09:34:10	TASTEGGIO	1	0	8000	53816	78602	98	-3	0.10	0.10	0	
07/07/2011 09:34:20	TASTEGGIO	1	0	8000	53816	122968	98	-3	0.06	0.10	44500	
07/07/2011 09:36:16	TASTEGGIO	1	0	8000	53816	123298	98	-3	0.17	0.26	-44500	
07/07/2011 09:36:38	TASTEGGIO	1	0	8000	53816	167713	121	-4	0.23	0.23	0	
07/07/2011 09:36:58	TASTEGGIO	0	1	8000	53816	167727	141	-3	0.20	0.20	0	
07/07/2011 09:37:17	TASTEGGIO	0	2	8000	53816	167741	175	-12	0.09	0.09	0	
07/07/2011 09:37:28	TASTEGGIO	0	2	8000	53816	123301	175	-12	0.03	0.10	44500	
07/07/2011 09:39:23	TASTEGGIO	0	2	8000	53816	123066	175	-12	0.30	0.38	24500	
07/07/2011 09:39:45	TASTEGGIO	1	0	8000	53816	98589	143	-5	0.32	0.32	0	
07/07/2011 09:40:04	TASTEGGIO	0	1	8000	53816	98595	169	-3	0.29	0.29	0	
07/07/2011 09:40:25	TASTEGGIO	0	1	8000	53816	98601	247	-31	0.02	0.02	0	
07/07/2011 09:40:35	TASTEGGIO	0	1	8000	53816	122976	247	-31	0.10	0.21	-44500	
07/07/2011 09:40:57	TASTEGGIO	1	0	8000	53816	167394	112	-3	0.18	0.18	0	
07/07/2011 09:41:15	TASTEGGIO	0	1	8000	53816	167403	127	-2	0.16	0.16	0	
07/07/2011 09:41:36	TASTEGGIO	0	2	8000	53816	167415	155	-6	0.10	0.10	0	
07/07/2011 09:41:47	TASTEGGIO	0	2	8000	53816	123070	155	-6	0.06	0.10	-44500	
07/07/2011 09:43:45	TASTEGGIO	0	2	8000	53816	123188	155	-6	0.64	0.64	24500	
07/07/2011 09:44:08	TASTEGGIO	1	0	8000	53816	98710	190	-6	0.57	0.57	0	
07/07/2011 09:44:28	TASTEGGIO	0	1	8000	53816	98718	240	-13	0.44	0.44	0	
07/07/2011 09:44:51	TASTEGGIO	0	2	8000	53816	98723	288	-31	0.15	0.15	0	
07/07/2011 09:45:07	TASTEGGIO	0	0	8000	53816	98714	102	0	0.15	0.15	0	
07/07/2011 09:45:26	TASTEGGIO	0	1	8000	53816	98714	132	0	0.15	0.15	0	
07/07/2011 09:45:45	TASTEGGIO	0	1	8000	53816	98722	177	0	0.15	0.15	0	
07/07/2011 09:46:07	TASTEGGIO	0	1	8000	53816	98722	222	-3	0.11	0.11	0	
07/07/2011 09:46:17	TASTEGGIO	0	1	8000	53816	123080	222	-3	0.18	0.32	-44500	
07/07/2011 09:46:40	TASTEGGIO	1	0	8000	53816	167489	132	-4	0.28	0.28	0	
07/07/2011 09:46:58	TASTEGGIO	0	1	8000	53816	167504	156	-5	0.23	0.23	0	
07/07/2011 09:47:17	TASTEGGIO	0	2	8000	53816	167518	193	-15	0.08	0.08	0	
07/07/2011 09:47:28	TASTEGGIO	0	2	8000	53816	123185	193	-15	0.08	0.18	44500	
07/07/2011 09:47:49	TASTEGGIO	1	0	8000	53816	78724	107	-2	0.14	0.14	0	
07/07/2011 09:48:00	TASTEGGIO	1	0	8000	53816	123078	107	-2	0.06	0.15	44500	
07/07/2011 09:48:21	TASTEGGIO	1	0	8000	53816	78614	102	0	0.13	0.13	0	
07/07/2011 09:48:32	TASTEGGIO	1	0	8000	53816	123075	102	0	0.06	0.14	44500	
07/07/2011 09:48:53	TASTEGGIO	1	0	8000	53816	78620	100	0	0.14	0.14	0	
07/07/2011 09:49:11	TASTEGGIO	0	1	8000	53816	78622	128	0	0.13	0.13	0	
07/07/2011 09:49:31	TASTEGGIO	0	1	8000	53816	78629	164	-2	0.12	0.12	0	
07/07/2011 09:49:41	TASTEGGIO	0	1	8000	53816	123061	164	-2	0.05	0.14	44500	
07/07/2011 09:50:03	TASTEGGIO	1	0	8000	53816	78588	100	0	0.12	0.12	0	
07/07/2011 09:50:14	TASTEGGIO	1	0	8000	53816	123060	100	0	0.05	0.13	44500	
07/07/2011 09:52:14	TASTEGGIO	1	0	8000	53816	123068	100	0	0.40	0.56	-44500	
07/07/2011 09:52:39	TASTEGGIO	1	0	8000	53816	167487	175	-7	0.48	0.48	0	
07/07/2011 09:53:00	TASTEGGIO	0	1	8000	53816	167499	216	-17	0.33	0.33	0	
07/07/2011 09:53:21	TASTEGGIO	0	2	8000	53816	167512	248	-24	0.09	0.09	0	
07/07/2011 09:53:32	TASTEGGIO	0	2	8000	53816	123078	248	-24	0.04	0.16	44500	
07/07/2011 09:53:54	TASTEGGIO	1	0	8000	53816	78625	103	-4	0.12	0.12	0	
07/07/2011 09:54:05	TASTEGGIO	1	0	8000	53816	122970	103	-4	0.06	0.13	44500	
07/07/2011 09:54:26	TASTEGGIO	1	0	8000	53816	78514	98	0	0.13	0.13	0	
07/07/2011 09:54:45	TASTEGGIO	0	1	8000	53816	78515	124	0	0.12	0.12	0	
07/07/2011 09:54:56	TASTEGGIO	0	1	8000	53816	122970	124	0	0.07	0.13	44500	
07/07/2011 09:55:17	TASTEGGIO	1	0	8000	53816	78509	98	0	0.12	0.12	0	
07/07/2011 09:55:28	TASTEGGIO	1	0	8000	53816	122962	98	0	0.07	0.13	44500	
07/07/2011 09:55:50	TASTEGGIO	1	0	8000	53816	78495	98	0	0.12	0.12	0	
07/07/2011 09:56:00	TASTEGGIO	1	0	8000	53816	122959	98	0	0.07	0.12	44500	
07/07/2011 09:57:58	TASTEGGIO	1	0	8000	53816	122989	98	0	0.35	0.38	-24500	
07/07/2011 09:58:19	TASTEGGIO	1	0	8000	53816	147406	143	-5	0.35	0.35	0	
07/07/2011 09:58:40	TASTEGGIO	0	1	8000	53816	147421	207	-21	0.12	0.12	0	
07/07/2011 09:58:50	TASTEGGIO	0	1	8000	53816	122974	207	-21	0.12	0.14	-44500	
07/07/2011 09:59:12	TASTEGGIO	1	0	8000	53816	167392	100	-2	0.13	0.13	0	
07/07/2011 09:59:31	TASTEGGIO	0	1	8000	53816	167404	124	-2	0.11	0.11	0	
07/07/2011 09:59:42	TASTEGGIO	0	1	8000	53816	122977	124	-2	0.09	0.11	-44500	
07/07/2011 10:01:58	TASTEGGIO	0	1	8000	53816	123406	124	-2	0.35	0.41	-44500	
07/07/2011 10:02:21	TASTEGGIO	1	0	8000	53816	167818	148	-4	0.36	0.36	0	
07/07/2011 10:02:40	TASTEGGIO	0	1	8000	53816	167836	179	-9	0.28	0.28	0	
07/07/2011 10:03:02	TASTEGGIO	0	2	8000	53816	167850	209	-14	0.14	0.14	0	
07/07/2011 10:03:12	TASTEGGIO	0	2	8000	53816	123402	209	-14	0.15	0.15	0	
07/07/2011 10:03:30	TASTEGGIO	1	0	8000	53816	123414	102	-1	0.14	0.14	0	
07/07/2011 10:03:38	TASTEGGIO	1	0	8000	53816	123393	102	-1	0.14	0.14	0	
07/07/2011 10:03:55	TASTEGGIO	1	0	8000	53816	123402	100	0	0.13	0.13	0	
07/07/2011 10:04:14	TASTEGGIO	0	1	8000	53816	123406	124	-1	0.13	0.13	0	
07/07/2011 10:04:35	TASTEGGIO	0	1	8000	53816	123409	163	-10	0.04	0.04	0	
07/07/2011 10:04:43	TASTEGGIO	0	1	8000	53816	123381	163	-10	0.05	0.08	-44500	
07/07/2011 10:05:53	ALARM 17	proc 12 prog 10 step 47	LavoroTerminato
07/07/2011 10:47:26	TASTEGGIO	0	1	8000	53816	122095	163	-10	0.94	0.99	24500	
07/07/2011 10:47:50	TASTEGGIO	1	0	8000	53816	97631	253	-11	0.88	0.88	0	
07/07/2011 10:48:11	TASTEGGIO	0	1	8000	53816	97638	331	-38	0.50	0.50	0	
07/07/2011 10:48:33	TASTEGGIO	0	2	8000	53816	97639	371	-57	0.07	0.07	0	
07/07/2011 10:48:43	TASTEGGIO	0	2	8000	53816	121973	371	-57	0.10	0.24	-44500	
07/07/2011 10:49:05	TASTEGGIO	1	0	8000	53816	166375	118	-4	0.20	0.20	0	
07/07/2011 10:49:23	TASTEGGIO	0	1	8000	53816	166389	134	-4	0.16	0.16	0	
07/07/2011 10:49:42	TASTEGGIO	0	2	8000	53816	166403	152	-7	0.10	0.10	0	
07/07/2011 10:49:53	TASTEGGIO	0	2	8000	53816	122086	152	-7	0.03	0.17	44500	
07/07/2011 10:50:15	TASTEGGIO	1	0	8000	53816	77640	105	-3	0.14	0.14	0	
07/07/2011 10:50:26	TASTEGGIO	1	0	8000	53816	121961	105	-3	0.04	0.15	44500	
07/07/2011 10:50:47	TASTEGGIO	1	0	8000	53816	77508	102	-1	0.13	0.13	0	
07/07/2011 10:50:58	TASTEGGIO	1	0	8000	53816	121961	102	-1	0.04	0.15	44500	
07/07/2011 10:51:19	TASTEGGIO	1	0	8000	53816	77513	102	0	0.14	0.14	0	
07/07/2011 10:51:30	TASTEGGIO	1	0	8000	53816	121953	102	0	0.04	0.16	44500	
07/07/2011 10:51:51	TASTEGGIO	1	0	8000	53816	77502	103	0	0.14	0.14	0	
07/07/2011 10:52:02	TASTEGGIO	1	0	8000	53816	121958	103	0	0.04	0.15	44500	
07/07/2011 10:52:23	TASTEGGIO	1	0	8000	53816	77494	102	0	0.13	0.13	0	
07/07/2011 10:52:33	TASTEGGIO	1	0	8000	53816	121959	102	0	0.04	0.16	44500	
07/07/2011 10:52:54	TASTEGGIO	1	0	8000	53816	77502	103	0	0.14	0.14	0	
07/07/2011 10:53:04	TASTEGGIO	1	0	8000	53816	121963	103	0	0.04	0.15	44500	
07/07/2011 10:53:25	TASTEGGIO	1	0	8000	53816	77516	102	0	0.14	0.14	0	
07/07/2011 10:53:36	TASTEGGIO	1	0	8000	53816	121958	102	0	0.04	0.15	44500	
07/07/2011 10:53:57	TASTEGGIO	1	0	8000	53816	77509	102	0	0.14	0.14	0	
07/07/2011 10:54:08	TASTEGGIO	1	0	8000	53816	121962	102	0	0.04	0.15	44500	
07/07/2011 10:56:06	TASTEGGIO	1	0	8000	53816	122294	102	0	0.61	0.77	-44500	
07/07/2011 10:56:30	TASTEGGIO	1	0	8000	53816	166697	213	-16	0.60	0.60	0	
07/07/2011 10:56:50	TASTEGGIO	0	1	8000	53816	166713	259	-24	0.34	0.34	0	
07/07/2011 10:57:13	TASTEGGIO	0	2	8000	53816	166727	286	-31	0.14	0.14	0	
07/07/2011 10:57:24	TASTEGGIO	0	2	8000	53816	122295	286	-31	0.26	0.29	44500	
07/07/2011 10:57:46	TASTEGGIO	1	0	8000	53816	77845	127	-4	0.26	0.26	0	
07/07/2011 10:58:03	TASTEGGIO	0	1	8000	53816	77846	150	-1	0.25	0.25	0	
07/07/2011 10:58:23	TASTEGGIO	0	1	8000	53816	77855	222	-11	0.16	0.16	0	
07/07/2011 10:58:45	TASTEGGIO	0	2	8000	53816	77859	236	-18	0.16	0.16	0	
07/07/2011 10:59:05	TASTEGGIO	0	1	8000	53816	77858	220	-8	0.07	0.07	0	
07/07/2011 10:59:16	TASTEGGIO	0	1	8000	53816	122171	220	-8	0.06	0.17	-24500	
07/07/2011 10:59:37	TASTEGGIO	1	0	8000	53816	146592	105	-4	0.14	0.14	0	
07/07/2011 10:59:47	TASTEGGIO	1	0	8000	53816	122277	105	-4	0.05	0.14	-24500	
07/07/2011 11:00:09	TASTEGGIO	1	0	8000	53816	146675	100	-2	0.11	0.11	0	
07/07/2011 11:00:19	TASTEGGIO	1	0	8000	53816	122262	100	-2	0.08	0.12	-24500	
07/07/2011 11:02:20	TASTEGGIO	1	0	8000	53816	122299	100	-2	0.53	0.54	-24500	
07/07/2011 11:02:43	TASTEGGIO	1	0	8000	53816	146700	172	-8	0.46	0.46	0	
07/07/2011 11:03:03	TASTEGGIO	0	1	8000	53816	146718	211	-16	0.31	0.31	0	
07/07/2011 11:03:24	TASTEGGIO	0	2	8000	53816	146732	240	-26	0.05	0.05	0	
07/07/2011 11:03:34	TASTEGGIO	0	2	8000	53816	122275	240	-26	0.14	0.23	44500	
07/07/2011 11:03:54	TASTEGGIO	1	0	8000	53816	77824	116	-3	0.20	0.20	0	
07/07/2011 11:04:11	TASTEGGIO	0	1	8000	53816	77823	133	-1	0.21	0.21	0	
07/07/2011 11:04:31	TASTEGGIO	0	1	8000	53816	77833	199	-9	0.11	0.11	0	
07/07/2011 11:04:41	TASTEGGIO	0	1	8000	53816	122163	199	-9	0.06	0.13	-44500	
07/07/2011 11:05:03	TASTEGGIO	1	0	8000	53816	166567	98	-3	0.12	0.12	0	
07/07/2011 11:05:14	TASTEGGIO	1	0	8000	53816	122273	98	-3	0.06	0.12	44500	
07/07/2011 11:07:14	TASTEGGIO	1	0	8000	53816	122404	98	-3	0.58	0.59	24500	
07/07/2011 11:07:36	TASTEGGIO	1	0	8000	53816	97935	181	-7	0.52	0.52	0	
07/07/2011 11:07:56	TASTEGGIO	0	1	8000	53816	97943	226	-13	0.40	0.40	0	
07/07/2011 11:08:17	TASTEGGIO	0	2	8000	53816	97948	269	-30	0.10	0.10	0	
07/07/2011 11:08:27	TASTEGGIO	0	2	8000	53816	122277	269	-30	0.17	0.30	-44500	
07/07/2011 11:08:50	TASTEGGIO	1	0	8000	53816	166682	129	-4	0.26	0.26	0	
07/07/2011 11:09:09	TASTEGGIO	0	1	8000	53816	166694	151	-5	0.22	0.22	0	
07/07/2011 11:09:30	TASTEGGIO	0	2	8000	53816	166707	188	-15	0.10	0.10	0	
07/07/2011 11:09:40	TASTEGGIO	0	2	8000	53816	122379	188	-15	0.03	0.20	44500	
07/07/2011 11:10:03	TASTEGGIO	1	0	8000	53816	77929	111	-4	0.17	0.17	0	
07/07/2011 11:10:20	TASTEGGIO	0	1	8000	53816	77928	125	-1	0.16	0.16	0	
07/07/2011 11:10:41	TASTEGGIO	0	1	8000	53816	77933	170	-2	0.14	0.14	0	
07/07/2011 11:10:51	TASTEGGIO	0	1	8000	53816	122266	170	-2	0.06	0.15	44500	
07/07/2011 11:11:13	TASTEGGIO	1	0	8000	53816	77807	102	-1	0.15	0.15	0	
07/07/2011 11:11:30	TASTEGGIO	0	1	8000	53816	77808	132	-1	0.14	0.14	0	
07/07/2011 11:11:41	TASTEGGIO	0	1	8000	53816	122263	132	-1	0.06	0.15	44500	
07/07/2011 11:12:02	TASTEGGIO	1	0	8000	53816	77804	102	0	0.14	0.14	0	
07/07/2011 11:12:13	TASTEGGIO	1	0	8000	53816	122263	102	0	0.06	0.15	44500	
07/07/2011 11:12:35	TASTEGGIO	1	0	8000	53816	77809	102	0	0.15	0.15	0	
07/07/2011 11:12:52	TASTEGGIO	0	1	8000	53816	77810	132	0	0.14	0.14	0	
07/07/2011 11:13:03	TASTEGGIO	0	1	8000	53816	122264	132	0	0.05	0.14	44500	
07/07/2011 11:13:24	TASTEGGIO	1	0	8000	53816	77806	100	0	0.14	0.14	0	
07/07/2011 11:13:42	TASTEGGIO	0	1	8000	53816	77808	128	0	0.15	0.15	0	
07/07/2011 11:14:02	TASTEGGIO	0	1	8000	53816	77817	176	-1	0.13	0.13	0	
07/07/2011 11:14:22	TASTEGGIO	0	2	8000	53816	77820	198	-6	0.08	0.08	0	
07/07/2011 11:14:32	TASTEGGIO	0	2	8000	53816	122262	198	-6	0.09	0.17	-44500	
07/07/2011 11:14:53	TASTEGGIO	1	0	8000	53816	166693	105	-1	0.17	0.17	0	
07/07/2011 11:15:12	TASTEGGIO	0	1	8000	53816	166702	139	-1	0.16	0.16	0	
07/07/2011 11:15:32	TASTEGGIO	0	1	8000	53816	166713	184	-12	0.04	0.04	0	
07/07/2011 11:15:43	TASTEGGIO	0	1	8000	53816	122379	184	-12	0.04	0.16	44500	
07/07/2011 11:16:05	TASTEGGIO	1	0	8000	53816	77926	103	-1	0.14	0.14	0	
07/07/2011 11:16:15	TASTEGGIO	1	0	8000	53816	122264	103	-1	0.04	0.14	44500	
07/07/2011 11:16:37	TASTEGGIO	1	0	8000	53816	77794	100	0	0.13	0.13	0	
07/07/2011 11:16:54	TASTEGGIO	0	1	8000	53816	77797	124	0	0.14	0.14	0	
07/07/2011 11:17:12	TASTEGGIO	0	1	8000	53816	77807	169	0	0.13	0.13	0	
07/07/2011 11:17:23	TASTEGGIO	0	1	8000	53816	122270	169	0	0.04	0.14	44500	
07/07/2011 11:17:44	TASTEGGIO	1	0	8000	53816	77801	100	0	0.14	0.14	0	
07/07/2011 11:18:03	TASTEGGIO	0	1	8000	53816	77803	128	0	0.14	0.14	0	
07/07/2011 11:18:21	TASTEGGIO	0	1	8000	53816	77811	170	-1	0.13	0.13	0	
07/07/2011 11:18:32	TASTEGGIO	0	1	8000	53816	122272	170	-1	0.03	0.14	44500	
07/07/2011 11:18:53	TASTEGGIO	1	0	8000	53816	77814	100	0	0.13	0.13	0	
07/07/2011 11:19:04	TASTEGGIO	1	0	8000	53816	122262	100	0	0.04	0.14	44500	
07/07/2011 11:19:25	TASTEGGIO	1	0	8000	53816	77812	100	0	0.13	0.13	0	
07/07/2011 11:19:36	TASTEGGIO	1	0	8000	53816	122257	100	0	0.04	0.14	44500	
07/07/2011 11:19:57	TASTEGGIO	1	0	8000	53816	77803	100	0	0.13	0.13	0	
07/07/2011 11:20:07	TASTEGGIO	1	0	8000	53816	122258	100	0	0.04	0.14	44500	
07/07/2011 11:20:29	TASTEGGIO	1	0	8000	53816	77804	100	0	0.13	0.13	0	
07/07/2011 11:20:39	TASTEGGIO	1	0	8000	53816	122258	100	0	0.03	0.13	44500	
07/07/2011 11:22:38	TASTEGGIO	1	0	8000	53816	122509	100	0	0.06	0.23	44500	
07/07/2011 11:23:00	TASTEGGIO	1	0	8000	53816	78053	116	-3	0.19	0.19	0	
07/07/2011 11:23:17	TASTEGGIO	0	1	8000	53816	78052	131	-1	0.19	0.19	0	
07/07/2011 11:23:38	TASTEGGIO	0	1	8000	53816	78058	188	-7	0.12	0.12	0	
07/07/2011 11:23:49	TASTEGGIO	0	1	8000	53816	122379	188	-7	0.11	0.18	-44500	
07/07/2011 11:24:11	TASTEGGIO	1	0	8000	53816	166799	107	-3	0.16	0.16	0	
07/07/2011 11:24:29	TASTEGGIO	0	1	8000	53816	166806	121	-1	0.15	0.15	0	
07/07/2011 11:24:50	TASTEGGIO	0	1	8000	53816	166818	163	-9	0.06	0.06	0	
07/07/2011 11:25:00	TASTEGGIO	0	1	8000	53816	122473	163	-9	0.10	0.22	24500	
07/07/2011 11:25:22	TASTEGGIO	1	0	8000	53816	98007	114	-2	0.18	0.18	0	
07/07/2011 11:25:39	TASTEGGIO	0	1	8000	53816	98007	128	-2	0.18	0.18	0	
07/07/2011 11:26:00	TASTEGGIO	0	1	8000	53816	98016	182	-10	0.07	0.07	0	
07/07/2011 11:26:09	TASTEGGIO	0	1	8000	53816	122365	182	-10	0.06	0.14	-44500	
07/07/2011 11:28:22	TASTEGGIO	0	1	8000	53816	122404	182	-10	0.18	0.48	44500	
07/07/2011 11:28:44	TASTEGGIO	1	0	8000	53816	77948	161	-4	0.44	0.44	0	
07/07/2011 11:29:05	TASTEGGIO	0	1	8000	53816	77954	241	-15	0.30	0.30	0	
07/07/2011 11:29:25	TASTEGGIO	0	2	8000	53816	77957	269	-20	0.11	0.11	0	
07/07/2011 11:29:36	TASTEGGIO	0	2	8000	53816	122277	269	-20	0.10	0.28	-44500	
07/07/2011 11:29:59	TASTEGGIO	1	0	8000	53816	166700	125	-4	0.24	0.24	0	
07/07/2011 11:30:17	TASTEGGIO	0	1	8000	53816	166711	145	-4	0.21	0.21	0	
07/07/2011 11:30:39	TASTEGGIO	0	2	8000	53816	166725	181	-11	0.10	0.10	0	
07/07/2011 11:30:49	TASTEGGIO	0	2	8000	53816	122381	181	-11	0.05	0.21	44500	
07/07/2011 11:31:12	TASTEGGIO	1	0	8000	53816	77929	112	-1	0.20	0.20	0	
07/07/2011 11:31:30	TASTEGGIO	0	1	8000	53816	77930	150	-1	0.19	0.19	0	
07/07/2011 11:31:49	TASTEGGIO	0	1	8000	53816	77937	204	-1	0.20	0.20	0	
07/07/2011 11:32:11	TASTEGGIO	0	1	8000	53816	77939	267	-8	0.14	0.14	0	
07/07/2011 11:32:22	TASTEGGIO	0	1	8000	53816	122273	267	-8	0.05	0.14	44500	
07/07/2011 11:34:19	TASTEGGIO	0	1	8000	53816	122394	267	-8	0.40	0.46	-44500	
07/07/2011 11:34:42	TASTEGGIO	1	0	8000	53816	166796	157	-6	0.40	0.40	0	
07/07/2011 11:35:02	TASTEGGIO	0	1	8000	53816	166813	191	-10	0.31	0.31	0	
07/07/2011 11:35:24	TASTEGGIO	0	2	8000	53816	166829	224	-18	0.15	0.15	0	
07/07/2011 11:35:41	TASTEGGIO	0	0	8000	53816	166839	102	-1	0.15	0.15	0	
07/07/2011 11:36:00	TASTEGGIO	0	1	8000	53816	166848	132	0	0.14	0.14	0	
07/07/2011 11:36:11	TASTEGGIO	0	1	8000	53816	122397	132	0	0.18	0.28	44500	
07/07/2011 11:36:32	TASTEGGIO	1	0	8000	53816	77940	125	-3	0.25	0.25	0	
07/07/2011 11:36:49	TASTEGGIO	0	1	8000	53816	77940	147	-1	0.25	0.25	0	
07/07/2011 11:37:08	TASTEGGIO	0	1	8000	53816	77948	222	-12	0.13	0.13	0	
07/07/2011 11:37:19	TASTEGGIO	0	1	8000	53816	122273	222	-12	0.12	0.19	-44500	
07/07/2011 11:37:41	TASTEGGIO	1	0	8000	53816	166685	109	-1	0.18	0.18	0	
07/07/2011 11:37:59	TASTEGGIO	0	1	8000	53816	166698	143	-1	0.17	0.17	0	
07/07/2011 11:38:19	TASTEGGIO	0	1	8000	53816	166714	191	-7	0.09	0.09	0	
07/07/2011 11:38:30	TASTEGGIO	0	1	8000	53816	122376	191	-7	0.13	0.18	44500	
07/07/2011 11:38:52	TASTEGGIO	1	0	8000	53816	77930	107	-1	0.16	0.16	0	
07/07/2011 11:39:10	TASTEGGIO	0	1	8000	53816	77926	121	0	0.16	0.16	0	
07/07/2011 11:39:29	TASTEGGIO	0	1	8000	53816	77929	169	0	0.15	0.15	0	
07/07/2011 11:39:51	TASTEGGIO	0	1	8000	53816	77932	211	-1	0.15	0.15	0	
07/07/2011 11:40:13	TASTEGGIO	0	1	8000	53816	77934	256	-17	0.08	0.08	0	
07/07/2011 11:40:23	TASTEGGIO	0	1	8000	53816	122270	256	-17	0.15	0.19	-44500	
07/07/2011 11:40:46	TASTEGGIO	1	0	8000	53816	166675	109	-1	0.17	0.17	0	
07/07/2011 11:41:03	TASTEGGIO	0	1	8000	53816	166691	124	0	0.17	0.17	0	
07/07/2011 11:41:24	TASTEGGIO	0	1	8000	53816	166706	175	0	0.17	0.17	0	
07/07/2011 11:41:44	TASTEGGIO	0	1	8000	53816	166720	226	-12	0.04	0.04	0	
07/07/2011 11:41:55	TASTEGGIO	0	1	8000	53816	122388	226	-12	0.08	0.08	0	
07/07/2011 11:43:51	TASTEGGIO	0	1	8000	53816	122295	226	-12	0.41	0.61	-44500	
07/07/2011 11:44:15	TASTEGGIO	1	0	8000	53816	166710	184	-9	0.52	0.52	0	
07/07/2011 11:44:35	TASTEGGIO	0	1	8000	53816	166728	228	-19	0.33	0.33	0	
07/07/2011 11:44:57	TASTEGGIO	0	2	8000	53816	166743	257	-26	0.10	0.10	0	
07/07/2011 11:45:08	TASTEGGIO	0	2	8000	53816	122298	257	-26	0.04	0.13	44500	
07/07/2011 11:47:04	TASTEGGIO	0	2	8000	53816	122405	257	-26	0.28	0.41	-44500	
07/07/2011 11:47:27	TASTEGGIO	1	0	8000	53816	166813	148	-5	0.36	0.36	0	
07/07/2011 11:47:45	TASTEGGIO	0	1	8000	53816	166830	179	-8	0.28	0.28	0	
07/07/2011 11:48:06	TASTEGGIO	0	2	8000	53816	166845	209	-15	0.16	0.16	0	
07/07/2011 11:48:27	TASTEGGIO	0	3	8000	53816	166858	224	-23	0.12	0.12	0	
07/07/2011 11:48:38	TASTEGGIO	0	3	8000	53816	122400	224	-23	0.07	0.13	-44500	
07/07/2011 11:48:59	TASTEGGIO	1	0	8000	53816	166794	98	-4	0.08	0.08	0	
07/07/2011 11:49:09	TASTEGGIO	1	0	8000	53816	122397	98	-4	0.04	0.11	44500	
07/07/2011 11:51:06	TASTEGGIO	1	0	8000	53816	122790	98	-4	0.25	0.33	-44500	
07/07/2011 11:51:28	TASTEGGIO	1	0	8000	53816	167198	134	-4	0.30	0.30	0	
07/07/2011 11:51:50	TASTEGGIO	0	1	8000	53816	167212	188	-14	0.18	0.18	0	
07/07/2011 11:52:10	TASTEGGIO	0	2	8000	53816	167226	203	-22	0.10	0.10	0	
07/07/2011 11:52:21	TASTEGGIO	0	2	8000	53816	122790	203	-22	0.12	0.17	44500	
07/07/2011 11:52:43	TASTEGGIO	1	0	8000	53816	78339	105	-4	0.13	0.13	0	
07/07/2011 11:52:54	TASTEGGIO	1	0	8000	53816	122680	105	-4	0.11	0.13	44500	
07/07/2011 11:54:52	TASTEGGIO	1	0	8000	53816	122794	105	-4	0.73	0.82	24500	
07/07/2011 11:55:15	TASTEGGIO	1	0	8000	53816	98335	222	-8	0.73	0.73	0	
07/07/2011 11:55:36	TASTEGGIO	0	1	8000	53816	98340	286	-27	0.46	0.46	0	
07/07/2011 11:55:58	TASTEGGIO	0	2	8000	53816	98341	326	-41	0.05	0.05	0	
07/07/2011 11:56:08	TASTEGGIO	0	2	8000	53816	122681	326	-41	0.08	0.17	44500	
07/07/2011 11:56:30	TASTEGGIO	1	0	8000	53816	78222	105	-1	0.16	0.16	0	
07/07/2011 11:56:47	TASTEGGIO	0	1	8000	53816	78223	135	-1	0.15	0.15	0	
07/07/2011 11:57:06	TASTEGGIO	0	1	8000	53816	78226	177	-2	0.15	0.15	0	
07/07/2011 11:57:28	TASTEGGIO	0	1	8000	53816	78229	222	-10	0.05	0.05	0	
07/07/2011 11:57:38	TASTEGGIO	0	1	8000	53816	122677	222	-10	0.07	0.11	-44500	
07/07/2011 11:59:34	TASTEGGIO	0	1	8000	53816	122504	222	-10	0.05	0.16	44500	
07/07/2011 11:59:56	TASTEGGIO	1	0	8000	53816	78045	103	-3	0.15	0.15	0	
07/07/2011 12:00:14	TASTEGGIO	0	1	8000	53816	78045	131	-1	0.13	0.13	0	
07/07/2011 12:00:24	TASTEGGIO	0	1	8000	53816	122377	131	-1	0.06	0.15	-44500	
07/07/2011 12:00:47	TASTEGGIO	1	0	8000	53816	166788	102	-3	0.13	0.13	0	
07/07/2011 12:00:58	TASTEGGIO	1	0	8000	53816	122483	102	-3	0.06	0.14	44500	
07/07/2011 12:01:20	TASTEGGIO	1	0	8000	53816	78026	100	-1	0.14	0.14	0	
07/07/2011 12:01:39	TASTEGGIO	0	1	8000	53816	78026	128	0	0.14	0.14	0	
07/07/2011 12:01:58	TASTEGGIO	0	1	8000	53816	78033	170	-2	0.12	0.12	0	
07/07/2011 12:02:08	TASTEGGIO	0	1	8000	53816	122369	170	-2	0.07	0.13	-44500	
07/07/2011 12:04:03	TASTEGGIO	0	1	8000	53816	122402	170	-2	0.78	0.80	-44500	
07/07/2011 12:04:28	TASTEGGIO	1	0	8000	53816	166815	219	-16	0.65	0.65	0	
07/07/2011 12:04:49	TASTEGGIO	0	1	8000	53816	166831	271	-31	0.32	0.32	0	
07/07/2011 12:05:09	TASTEGGIO	0	0	8000	53816	166842	132	0	0.32	0.32	0	
07/07/2011 12:05:29	TASTEGGIO	0	1	8000	53816	166853	196	-1	0.32	0.32	0	
07/07/2011 12:05:52	TASTEGGIO	0	1	8000	53816	166863	292	-29	0.04	0.04	0	
07/07/2011 12:06:02	TASTEGGIO	0	1	8000	53816	122409	292	-29	0.21	0.44	44500	
07/07/2011 12:06:24	TASTEGGIO	1	0	8000	53816	77945	154	-4	0.39	0.39	0	
07/07/2011 12:06:43	TASTEGGIO	0	1	8000	53816	77954	188	-3	0.36	0.36	0	
07/07/2011 12:07:05	TASTEGGIO	0	1	8000	53816	77964	287	-39	0.19	0.19	0	
07/07/2011 12:07:27	TASTEGGIO	0	1	8000	53816	77966	276	-37	0.19	0.19	0	
07/07/2011 12:07:48	TASTEGGIO	0	1	8000	53816	77966	257	-41	0.26	0.26	0	
07/07/2011 12:08:09	TASTEGGIO	0	1	8000	53816	77964	221	-6	0.21	0.21	0	
07/07/2011 12:08:31	TASTEGGIO	0	2	8000	53816	77965	254	-5	0.16	0.16	0	
07/07/2011 12:08:52	TASTEGGIO	0	3	8000	53816	77965	275	-8	0.13	0.13	0	
07/07/2011 12:09:02	TASTEGGIO	0	3	8000	53816	122275	275	-8	0.10	0.24	-24500	
07/07/2011 12:09:24	TASTEGGIO	1	0	8000	53816	146696	118	-5	0.19	0.19	0	
07/07/2011 12:09:42	TASTEGGIO	0	1	8000	53816	146706	133	-4	0.14	0.14	0	
07/07/2011 12:09:52	TASTEGGIO	0	1	8000	53816	122369	133	-4	0.11	0.16	44500	
07/07/2011 12:10:14	TASTEGGIO	1	0	8000	53816	77923	103	-1	0.16	0.16	0	
07/07/2011 12:10:31	TASTEGGIO	0	1	8000	53816	77921	135	0	0.15	0.15	0	
07/07/2011 12:10:52	TASTEGGIO	0	1	8000	53816	77925	177	0	0.15	0.15	0	
07/07/2011 12:11:12	TASTEGGIO	0	1	8000	53816	77926	222	-1	0.15	0.15	0	
07/07/2011 12:11:34	TASTEGGIO	0	1	8000	53816	77925	267	-2	0.14	0.14	0	
07/07/2011 12:11:45	TASTEGGIO	0	1	8000	53816	122262	267	-2	0.11	0.16	-24500	
07/07/2011 12:12:06	TASTEGGIO	1	0	8000	53816	146688	103	-1	0.16	0.16	0	
07/07/2011 12:12:25	TASTEGGIO	0	1	8000	53816	146700	135	-2	0.14	0.14	0	
07/07/2011 12:12:35	TASTEGGIO	0	1	8000	53816	122372	135	-2	0.13	0.16	44500	
07/07/2011 12:12:58	TASTEGGIO	1	0	8000	53816	77916	103	-1	0.15	0.15	0	
07/07/2011 12:13:15	TASTEGGIO	0	1	8000	53816	77914	131	0	0.15	0.15	0	
07/07/2011 12:13:35	TASTEGGIO	0	1	8000	53816	77922	176	-1	0.15	0.15	0	
07/07/2011 12:13:55	TASTEGGIO	0	1	8000	53816	77923	221	-3	0.13	0.13	0	
07/07/2011 12:14:06	TASTEGGIO	0	1	8000	53816	122265	221	-3	0.08	0.16	-24500	
07/07/2011 12:14:27	TASTEGGIO	1	0	8000	53816	146685	103	-1	0.15	0.15	0	
07/07/2011 12:14:47	TASTEGGIO	0	1	8000	53816	146696	131	-1	0.15	0.15	0	
07/07/2011 12:15:08	TASTEGGIO	0	1	8000	53816	146706	176	-17	0.09	0.09	0	
07/07/2011 12:15:18	TASTEGGIO	0	1	8000	53816	122369	176	-17	0.22	0.24	44500	
07/07/2011 12:15:40	TASTEGGIO	1	0	8000	53816	77921	118	-1	0.22	0.22	0	
07/07/2011 12:15:57	TASTEGGIO	0	1	8000	53816	77923	158	-1	0.22	0.22	0	
07/07/2011 12:16:19	TASTEGGIO	0	1	8000	53816	77929	224	0	0.21	0.21	0	
07/07/2011 12:16:39	TASTEGGIO	0	1	8000	53816	77929	284	-4	0.18	0.18	0	
07/07/2011 12:17:02	TASTEGGIO	0	2	8000	53816	77927	314	-16	0.14	0.14	0	
07/07/2011 12:17:13	TASTEGGIO	0	2	8000	53816	122267	314	-16	0.20	0.20	0	
07/07/2011 12:17:31	TASTEGGIO	1	0	8000	53816	122264	111	-2	0.18	0.18	0	
07/07/2011 12:18:55	ALARM 17	proc 12 prog 10 step 47	LavoroTerminato
07/07/2011 12:53:29	TASTEGGIO	0	1	8000	53816	122291	127	-2	0.56	0.56	0	
07/07/2011 12:53:50	TASTEGGIO	1	0	8000	53816	122318	175	-6	0.51	0.51	0	
07/07/2011 12:54:12	TASTEGGIO	0	1	8000	53816	122316	267	-45	0.12	0.12	0	
07/07/2011 12:54:20	TASTEGGIO	0	1	8000	53816	122286	267	-45	0.12	0.17	-44500	
07/07/2011 12:54:42	TASTEGGIO	1	0	8000	53816	166693	105	-3	0.13	0.13	0	
07/07/2011 12:54:52	TASTEGGIO	1	0	8000	53816	122302	105	-3	0.09	0.13	-24500	
07/07/2011 12:56:53	TASTEGGIO	1	0	8000	53816	122308	105	-3	0.40	0.40	0	
07/07/2011 12:57:14	TASTEGGIO	1	0	8000	53816	122318	147	-4	0.37	0.37	0	
07/07/2011 12:57:35	TASTEGGIO	0	1	8000	53816	122322	215	-23	0.14	0.14	0	
07/07/2011 12:57:43	TASTEGGIO	0	1	8000	53816	122301	215	-23	0.14	0.23	44500	
07/07/2011 12:58:05	TASTEGGIO	1	0	8000	53816	77824	116	-2	0.20	0.20	0	
07/07/2011 12:58:23	TASTEGGIO	0	1	8000	53816	77825	133	-2	0.19	0.19	0	
07/07/2011 12:58:43	TASTEGGIO	0	1	8000	53816	77833	187	-5	0.16	0.16	0	
07/07/2011 12:59:04	TASTEGGIO	0	2	8000	53816	77841	213	-10	0.09	0.09	0	
07/07/2011 12:59:15	TASTEGGIO	0	2	8000	53816	122172	213	-10	0.05	0.10	-24500	
07/07/2011 13:01:13	TASTEGGIO	0	2	8000	53816	122505	213	-10	0.47	0.56	44500	
07/07/2011 13:01:36	TASTEGGIO	1	0	8000	53816	78047	175	-4	0.51	0.51	0	
07/07/2011 13:01:57	TASTEGGIO	0	1	8000	53816	78058	267	-22	0.30	0.30	0	
07/07/2011 13:02:18	TASTEGGIO	0	2	8000	53816	78061	291	-21	0.09	0.09	0	
07/07/2011 13:02:29	TASTEGGIO	0	2	8000	53816	122365	291	-21	0.17	0.33	-44500	
07/07/2011 13:02:51	TASTEGGIO	1	0	8000	53816	166776	134	-4	0.29	0.29	0	
07/07/2011 13:03:10	TASTEGGIO	0	1	8000	53816	166788	159	-5	0.24	0.24	0	
07/07/2011 13:03:32	TASTEGGIO	0	2	8000	53816	166800	198	-15	0.08	0.08	0	
07/07/2011 13:03:42	TASTEGGIO	0	2	8000	53816	122483	198	-15	0.02	0.10	44500	
07/07/2011 13:05:38	TASTEGGIO	0	2	8000	53816	122496	198	-15	0.35	0.48	44500	
07/07/2011 13:06:00	TASTEGGIO	1	0	8000	53816	78038	161	-4	0.44	0.44	0	
07/07/2011 13:06:21	TASTEGGIO	0	1	8000	53816	78045	241	-14	0.30	0.30	0	
07/07/2011 13:06:43	TASTEGGIO	0	2	8000	53816	78050	269	-18	0.12	0.12	0	
07/07/2011 13:06:53	TASTEGGIO	0	2	8000	53816	122371	269	-18	0.12	0.13	44500	
07/07/2011 13:08:51	TASTEGGIO	0	2	8000	53816	122496	269	-18	0.41	0.43	24500	
07/07/2011 13:09:13	TASTEGGIO	1	0	8000	53816	98025	152	-5	0.38	0.38	0	
07/07/2011 13:09:33	TASTEGGIO	0	1	8000	53816	98032	185	-5	0.34	0.34	0	
07/07/2011 13:09:53	TASTEGGIO	0	2	8000	53816	98036	245	-25	0.09	0.09	0	
07/07/2011 13:10:03	TASTEGGIO	0	2	8000	53816	122366	245	-25	0.12	0.19	-44500	
07/07/2011 13:10:25	TASTEGGIO	1	0	8000	53816	166792	109	-3	0.17	0.17	0	
07/07/2011 13:10:43	TASTEGGIO	0	1	8000	53816	166801	124	-2	0.16	0.16	0	
07/07/2011 13:11:04	TASTEGGIO	0	1	8000	53816	166813	169	-11	0.08	0.08	0	
07/07/2011 13:11:14	TASTEGGIO	0	1	8000	53816	122482	169	-11	0.02	0.07	-44500	
07/07/2011 13:13:11	TASTEGGIO	0	1	8000	53816	122497	169	-11	0.10	0.13	-24500	
07/07/2011 13:15:08	TASTEGGIO	0	1	8000	53816	122685	169	-11	0.39	0.45	44500	
07/07/2011 13:15:30	TASTEGGIO	1	0	8000	53816	78244	156	-4	0.40	0.40	0	
07/07/2011 13:15:48	TASTEGGIO	0	1	8000	53816	78245	191	-2	0.39	0.39	0	
07/07/2011 13:16:10	TASTEGGIO	0	1	8000	53816	78249	305	-47	0.14	0.14	0	
07/07/2011 13:16:21	TASTEGGIO	0	1	8000	53816	122576	305	-47	0.19	0.28	-24500	
07/07/2011 13:16:43	TASTEGGIO	1	0	8000	53816	146999	125	-4	0.24	0.24	0	
07/07/2011 13:17:02	TASTEGGIO	0	1	8000	53816	147010	145	-3	0.21	0.21	0	
07/07/2011 13:17:22	TASTEGGIO	0	2	8000	53816	147021	181	-11	0.10	0.10	0	
07/07/2011 13:17:32	TASTEGGIO	0	2	8000	53816	122668	181	-11	0.04	0.12	-44500	
07/07/2011 13:19:31	TASTEGGIO	0	2	8000	53816	122495	181	-11	0.22	0.24	24500	
07/07/2011 13:19:52	TASTEGGIO	1	0	8000	53816	98019	118	-3	0.22	0.22	0	
07/07/2011 13:20:11	TASTEGGIO	0	1	8000	53816	98027	158	-4	0.18	0.18	0	
07/07/2011 13:20:32	TASTEGGIO	0	2	8000	53816	98032	187	-8	0.10	0.10	0	
07/07/2011 13:20:42	TASTEGGIO	0	2	8000	53816	122372	187	-8	0.09	0.14	-44500	
07/07/2011 13:21:04	TASTEGGIO	1	0	8000	53816	166778	100	-3	0.12	0.12	0	
07/07/2011 13:21:15	TASTEGGIO	1	0	8000	53816	122485	100	-3	0.09	0.12	44500	
07/07/2011 13:22:22	ALARM 17	proc 12 prog 10 step 47	LavoroTerminato
07/07/2011 13:30:15	TASTEGGIO	1	0	5000	42055	91877	100	-3	0.12	0.12	0	
07/07/2011 13:30:40	TASTEGGIO	1	0	5000	42055	91875	227	-51	0.39	0.39	0	
07/07/2011 13:30:58	TASTEGGIO	0	1	5000	42055	91875	100	-5	0.33	0.33	0	
07/07/2011 13:31:18	TASTEGGIO	0	2	5000	42055	91875	155	-12	0.22	0.22	0	
07/07/2011 13:31:38	TASTEGGIO	0	3	5000	42055	91875	180	-13	0.09	0.09	0	
07/07/2011 13:31:46	TASTEGGIO	0	3	5000	42055	91879	180	-13	0.12	0.12	0	
07/07/2011 13:32:10	TASTEGGIO	1	0	5000	42055	91877	227	-32	0.20	0.20	0	
07/07/2011 13:32:31	TASTEGGIO	0	1	5000	42055	91877	193	-20	0.05	0.05	0	
07/07/2011 13:32:39	TASTEGGIO	0	1	5000	42055	91879	193	-20	0.06	0.07	24500	
07/07/2011 13:34:41	TASTEGGIO	0	1	5000	42055	92083	193	-20	0.26	0.35	-24500	
07/07/2011 13:35:07	TASTEGGIO	1	0	5000	42055	116545	256	-59	0.22	0.22	0	
07/07/2011 13:35:29	TASTEGGIO	0	1	5000	42055	116550	242	-71	0.47	0.47	0	
07/07/2011 13:35:49	TASTEGGIO	0	1	5000	42055	116555	141	-8	0.39	0.39	0	
07/07/2011 13:36:10	TASTEGGIO	0	2	5000	42055	116558	205	-14	0.26	0.26	0	
07/07/2011 13:36:31	TASTEGGIO	0	3	5000	42055	116559	235	-13	0.13	0.13	0	
07/07/2011 13:36:40	TASTEGGIO	0	3	5000	42055	92110	235	-13	0.09	0.16	-44500	
07/07/2011 13:37:04	TASTEGGIO	1	0	5000	42055	136554	232	-34	0.15	0.15	0	
07/07/2011 13:37:24	TASTEGGIO	0	1	5000	42055	136555	217	-41	0.25	0.25	0	
07/07/2011 13:37:42	TASTEGGIO	0	1	5000	42055	136557	175	-13	0.12	0.12	0	
07/07/2011 13:37:52	TASTEGGIO	0	1	5000	42055	92108	175	-13	0.07	0.13	-44500	
07/07/2011 13:38:17	TASTEGGIO	1	0	5000	42055	136549	228	-15	0.02	0.02	0	
07/07/2011 13:38:27	TASTEGGIO	1	0	5000	42055	92108	228	-15	0.03	0.07	44500	
07/07/2011 13:40:28	TASTEGGIO	1	0	5000	42055	91980	228	-15	0.20	0.23	24500	
07/07/2011 13:40:54	TASTEGGIO	1	0	5000	42055	67549	241	-17	0.10	0.10	0	
07/07/2011 13:41:03	TASTEGGIO	1	0	5000	42055	91817	241	-17	0.07	0.13	44500	
07/07/2011 13:41:27	TASTEGGIO	1	0	5000	42055	47383	228	-8	0.05	0.05	0	
07/07/2011 13:41:37	TASTEGGIO	1	0	5000	42055	91812	228	-8	0.07	0.13	-44500	
07/07/2011 13:42:01	TASTEGGIO	1	0	5000	42055	136270	228	-18	0.05	0.05	0	
07/07/2011 13:42:11	TASTEGGIO	1	0	5000	42055	91996	228	-18	0.06	0.07	-24500	
07/07/2011 13:44:11	TASTEGGIO	1	0	5000	42055	91986	228	-18	0.16	0.21	24500	
07/07/2011 13:44:37	TASTEGGIO	1	0	5000	42055	67555	238	-19	0.04	0.04	0	
07/07/2011 13:44:46	TASTEGGIO	1	0	5000	42055	91817	238	-19	0.09	0.19	-44500	
07/07/2011 13:45:11	TASTEGGIO	1	0	5000	42055	136277	236	-20	0.03	0.03	0	
07/07/2011 13:45:21	TASTEGGIO	1	0	5000	42055	92004	236	-20	0.08	0.13	44500	
07/07/2011 13:45:45	TASTEGGIO	1	0	5000	42055	47566	228	-8	0.05	0.05	0	
07/07/2011 13:45:56	TASTEGGIO	1	0	5000	42055	91816	228	-8	0.04	0.05	44500	
07/07/2011 13:47:59	TASTEGGIO	1	0	5000	42055	91983	228	-8	0.20	0.29	-44500	
07/07/2011 13:48:23	TASTEGGIO	1	0	5000	42055	136436	249	-45	0.14	0.14	0	
07/07/2011 13:48:32	TASTEGGIO	1	0	5000	42055	92008	249	-45	0.09	0.13	-44500	
07/07/2011 13:48:57	TASTEGGIO	1	0	5000	42055	136464	228	-51	0.37	0.37	0	
07/07/2011 13:49:14	TASTEGGIO	0	1	5000	42055	136468	122	-6	0.29	0.29	0	
07/07/2011 13:49:32	TASTEGGIO	0	2	5000	42055	136471	154	-4	0.26	0.26	0	
07/07/2011 13:49:52	TASTEGGIO	0	3	5000	42055	136473	223	-18	0.12	0.12	0	
07/07/2011 13:50:12	TASTEGGIO	0	0	5000	42055	136474	227	-12	0.04	0.04	0	
07/07/2011 13:50:23	TASTEGGIO	0	0	5000	42055	92019	227	-12	0.03	0.08	44500	
07/07/2011 13:52:14	TASTEGGIO	0	0	5000	42055	91995	227	-12	0.06	0.09	24500	
07/07/2011 13:54:17	TASTEGGIO	0	0	5000	42055	92093	227	-12	0.11	0.17	-44500	
07/07/2011 13:54:41	TASTEGGIO	1	0	5000	42055	136562	233	-47	0.27	0.27	0	
07/07/2011 13:55:00	TASTEGGIO	0	1	5000	42055	136562	190	-30	0.05	0.05	0	
07/07/2011 13:55:11	TASTEGGIO	0	1	5000	42055	92111	190	-30	0.05	0.05	0	
07/07/2011 13:57:15	TASTEGGIO	0	1	5000	42055	92092	190	-30	0.10	0.23	-44500	
07/07/2011 13:57:39	TASTEGGIO	1	0	5000	42055	136543	241	-22	0.05	0.05	0	
07/07/2011 13:57:49	TASTEGGIO	1	0	5000	42055	92111	241	-22	0.09	0.09	0	
07/07/2011 13:59:49	TASTEGGIO	1	0	5000	42055	92087	241	-22	0.13	0.16	-44500	
07/07/2011 14:00:14	TASTEGGIO	1	0	5000	42055	136533	232	-46	0.27	0.27	0	
07/07/2011 14:00:33	TASTEGGIO	0	1	5000	42055	136534	186	-28	0.03	0.03	0	
07/07/2011 14:00:44	TASTEGGIO	0	1	5000	42055	92107	186	-28	0.02	0.07	44500	
07/07/2011 14:02:46	TASTEGGIO	0	1	5000	42055	91983	186	-28	0.08	0.08	0	
07/07/2011 14:04:49	TASTEGGIO	0	1	5000	42055	92088	186	-28	0.16	0.18	-44500	
07/07/2011 14:05:13	TASTEGGIO	1	0	5000	42055	136556	234	-44	0.23	0.23	0	
07/07/2011 14:05:33	TASTEGGIO	0	1	5000	42055	136556	204	-34	0.11	0.11	0	
07/07/2011 14:05:43	TASTEGGIO	0	1	5000	42055	92103	204	-34	0.08	0.11	-44500	
07/07/2011 14:06:08	TASTEGGIO	1	0	5000	42055	136567	225	-28	0.17	0.17	0	
07/07/2011 14:06:29	TASTEGGIO	0	1	5000	42055	136568	198	-32	0.39	0.39	0	
07/07/2011 14:06:46	TASTEGGIO	0	1	5000	42055	136568	108	-6	0.32	0.32	0	
07/07/2011 14:07:04	TASTEGGIO	0	2	5000	42055	136568	160	-7	0.24	0.24	0	
07/07/2011 14:07:23	TASTEGGIO	0	3	5000	42055	136569	191	-11	0.14	0.14	0	
07/07/2011 14:07:44	TASTEGGIO	0	4	5000	42055	136569	207	-11	0.03	0.03	0	
07/07/2011 14:07:54	TASTEGGIO	0	4	5000	42055	92104	207	-11	0.04	0.06	-24500	
07/07/2011 14:09:58	TASTEGGIO	0	4	5000	42055	92073	207	-11	0.18	0.26	-44500	
07/07/2011 14:10:22	TASTEGGIO	1	0	5000	42055	136533	245	-45	0.17	0.17	0	
07/07/2011 14:10:42	TASTEGGIO	0	1	5000	42055	136533	233	-54	0.36	0.36	0	
07/07/2011 14:11:00	TASTEGGIO	0	1	5000	42055	136533	156	-11	0.26	0.26	0	
07/07/2011 14:11:18	TASTEGGIO	0	2	5000	42055	136534	182	-5	0.20	0.20	0	
07/07/2011 14:11:39	TASTEGGIO	0	3	5000	42055	136535	208	-8	0.12	0.12	0	
07/07/2011 14:11:49	TASTEGGIO	0	3	5000	42055	92107	208	-8	0.09	0.12	-44500	
07/07/2011 14:12:13	TASTEGGIO	1	0	5000	42055	136569	227	-9	0.03	0.03	0	
07/07/2011 14:12:24	TASTEGGIO	1	0	5000	42055	92108	227	-9	0.05	0.06	24500	
07/07/2011 14:14:27	TASTEGGIO	1	0	5000	42055	92087	227	-9	0.07	0.14	-44500	
07/07/2011 14:14:52	TASTEGGIO	1	0	5000	42055	136542	229	-41	0.26	0.26	0	
07/07/2011 14:15:11	TASTEGGIO	0	1	5000	42055	136543	180	-23	0.06	0.06	0	
07/07/2011 14:15:21	TASTEGGIO	0	1	5000	42055	92097	180	-23	0.08	0.08	24500	
07/07/2011 14:17:23	TASTEGGIO	0	1	5000	42055	92088	180	-23	0.02	0.07	44500	
07/07/2011 14:19:28	TASTEGGIO	0	1	5000	42055	91977	180	-23	0.18	0.18	-24500	
07/07/2011 14:19:53	TASTEGGIO	1	0	5000	42055	116450	234	-56	0.35	0.35	0	
07/07/2011 14:20:14	TASTEGGIO	0	1	5000	42055	116450	165	-24	0.11	0.11	0	
07/07/2011 14:20:23	TASTEGGIO	0	1	5000	42055	92001	165	-24	0.06	0.11	-24500	
07/07/2011 14:20:48	TASTEGGIO	1	0	5000	42055	116460	225	-45	0.32	0.32	0	
07/07/2011 14:21:08	TASTEGGIO	0	1	5000	42055	116463	131	-9	0.25	0.25	0	
07/07/2011 14:21:27	TASTEGGIO	0	2	5000	42055	116466	158	-6	0.19	0.19	0	
07/07/2011 14:21:48	TASTEGGIO	0	3	5000	42055	116469	183	-5	0.13	0.13	0	
07/07/2011 14:22:09	TASTEGGIO	0	4	5000	42055	116471	200	-10	0.04	0.04	0	
07/07/2011 14:22:19	TASTEGGIO	0	4	5000	42055	92005	200	-10	0.06	0.06	0	
07/07/2011 14:24:21	TASTEGGIO	0	4	5000	42055	92077	200	-10	0.07	0.07	24500	
07/07/2011 14:26:27	TASTEGGIO	0	4	5000	42055	92073	200	-10	0.25	0.34	-24500	
07/07/2011 14:26:53	TASTEGGIO	1	0	5000	42055	116549	255	-59	0.24	0.24	0	
07/07/2011 14:27:15	TASTEGGIO	0	1	5000	42055	116550	238	-67	0.41	0.41	0	
07/07/2011 14:27:36	TASTEGGIO	0	1	5000	42055	116551	167	-14	0.27	0.27	0	
07/07/2011 14:27:57	TASTEGGIO	0	2	5000	42055	116551	192	-8	0.19	0.19	0	
07/07/2011 14:28:19	TASTEGGIO	0	3	5000	42055	116551	215	-12	0.09	0.09	0	
07/07/2011 14:28:28	TASTEGGIO	0	3	5000	42055	92102	215	-12	0.06	0.17	-44500	
07/07/2011 14:28:53	TASTEGGIO	1	0	5000	42055	136567	233	-40	0.21	0.21	0	
07/07/2011 14:29:13	TASTEGGIO	0	1	5000	42055	136568	207	-33	0.12	0.12	0	
07/07/2011 14:29:23	TASTEGGIO	0	1	5000	42055	92098	207	-33	0.05	0.13	-44500	
07/07/2011 14:29:48	TASTEGGIO	1	0	5000	42055	136551	228	-26	0.14	0.14	0	
07/07/2011 14:30:08	TASTEGGIO	0	1	5000	42055	136552	212	-25	0.11	0.11	0	
07/07/2011 14:30:28	TASTEGGIO	0	1	5000	42055	136553	203	-15	0.05	0.05	0	
07/07/2011 14:30:38	TASTEGGIO	0	1	5000	42055	92102	203	-15	0.06	0.06	0	
07/07/2011 14:32:40	TASTEGGIO	0	1	5000	42055	91972	203	-15	0.21	0.23	-44500	
07/07/2011 14:33:05	TASTEGGIO	1	0	5000	42055	136434	241	-51	0.26	0.26	0	
07/07/2011 14:33:25	TASTEGGIO	0	1	5000	42055	136438	211	-42	0.15	0.15	0	
07/07/2011 14:33:44	TASTEGGIO	0	1	5000	42055	136439	202	-23	0.11	0.11	0	
07/07/2011 14:33:55	TASTEGGIO	0	1	5000	42055	91999	202	-23	0.11	0.11	0	
07/07/2011 14:34:19	TASTEGGIO	1	0	5000	42055	92004	225	-62	0.51	0.51	0	
07/07/2011 14:34:32	TASTEGGIO	0	1	5000	42055	92003	0	-3	0.48	0.48	0	
07/07/2011 14:34:51	TASTEGGIO	0	1	5000	42055	92004	135	-10	0.38	0.38	0	
07/07/2011 14:35:11	TASTEGGIO	0	2	5000	42055	92005	177	-17	0.21	0.21	0	
07/07/2011 14:35:32	TASTEGGIO	0	3	5000	42055	92005	197	-19	0.05	0.05	0	
07/07/2011 14:35:39	TASTEGGIO	0	3	5000	42055	92001	197	-19	0.04	0.08	-44500	
07/07/2011 14:37:40	TASTEGGIO	0	3	5000	42055	91984	197	-19	0.07	0.12	-44500	
07/07/2011 14:38:04	TASTEGGIO	1	0	5000	42055	136439	227	-44	0.29	0.29	0	
07/07/2011 14:38:23	TASTEGGIO	0	1	5000	42055	136442	156	-17	0.13	0.13	0	
07/07/2011 14:38:42	TASTEGGIO	0	0	5000	42055	136444	228	-35	0.21	0.21	0	
07/07/2011 14:39:02	TASTEGGIO	0	1	5000	42055	136445	194	-15	0.06	0.06	0	
07/07/2011 14:39:12	TASTEGGIO	0	1	5000	42055	92008	194	-15	0.04	0.07	44500	
07/07/2011 14:41:16	TASTEGGIO	0	1	5000	42055	91969	194	-15	0.14	0.16	-24500	
07/07/2011 14:41:42	TASTEGGIO	1	0	5000	42055	116440	232	-55	0.36	0.36	0	
07/07/2011 14:42:03	TASTEGGIO	0	1	5000	42055	116441	151	-19	0.17	0.17	0	
07/07/2011 14:42:24	TASTEGGIO	0	0	5000	42055	116441	233	-50	0.33	0.33	0	
07/07/2011 14:42:45	TASTEGGIO	0	1	5000	42055	116441	168	-15	0.18	0.18	0	
07/07/2011 14:43:05	TASTEGGIO	0	2	5000	42055	116441	181	-6	0.12	0.12	0	
07/07/2011 14:43:14	TASTEGGIO	0	2	5000	42055	91998	181	-6	0.12	0.13	-44500	
07/07/2011 14:43:37	TASTEGGIO	1	0	5000	42055	136450	228	-38	0.23	0.23	0	
07/07/2011 14:43:57	TASTEGGIO	0	1	5000	42055	136451	187	-27	0.04	0.04	0	
07/07/2011 14:44:07	TASTEGGIO	0	1	5000	42055	92002	187	-27	0.05	0.05	-44500	
07/07/2011 14:45:22	ALARM 17	proc 12 prog 10 step 47	LavoroTerminato
07/07/2011 14:53:50	TASTEGGIO	0	1	5500	44017	139872	187	-27	0.10	0.28	97500	
07/07/2011 14:54:15	TASTEGGIO	1	0	5500	44017	42417	265	-12	0.19	0.19	0	
07/07/2011 14:54:35	TASTEGGIO	0	1	5500	44017	42425	277	-10	0.09	0.09	0	
07/07/2011 14:54:46	TASTEGGIO	0	1	5500	44017	139852	277	-10	0.03	0.11	-97500	
07/07/2011 14:55:12	TASTEGGIO	1	0	5500	44017	237331	210	-20	0.10	0.10	0	
07/07/2011 14:55:33	TASTEGGIO	0	1	5500	44017	237331	200	-19	0.10	0.10	0	
07/07/2011 14:55:53	TASTEGGIO	0	1	5500	44017	237331	190	-13	0.05	0.05	0	
07/07/2011 14:56:05	TASTEGGIO	0	1	5500	44017	139982	190	-13	0.09	0.09	97500	
07/07/2011 14:58:08	TASTEGGIO	0	1	5500	44017	139864	190	-13	0.07	0.19	-97500	
07/07/2011 14:58:34	TASTEGGIO	1	0	5500	44017	237343	236	-26	0.07	0.07	0	
07/07/2011 14:58:46	TASTEGGIO	1	0	5500	44017	139882	236	-26	0.09	0.16	-24500	
07/07/2011 14:59:12	TASTEGGIO	1	0	5500	44017	164264	226	-123	1.02	1.02	0	
07/07/2011 14:59:25	TASTEGGIO	0	1	5500	44017	164265	0	-3	0.99	0.99	0	
07/07/2011 14:59:48	TASTEGGIO	0	1	5500	44017	164266	288	-136	0.38	0.38	0	
07/07/2011 15:00:10	TASTEGGIO	0	1	5500	44017	164266	273	-182	2.10	2.10	0	
07/07/2011 15:00:23	TASTEGGIO	0	1	5500	44017	164267	0	-5	2.04	2.04	0	
07/07/2011 15:00:46	TASTEGGIO	0	1	5500	44017	164267	400	-169	0.42	0.42	0	
07/07/2011 15:01:08	TASTEGGIO	0	0	5500	44017	164268	310	-104	0.59	0.59	0	
07/07/2011 15:01:30	TASTEGGIO	0	1	5500	44017	164268	227	-120	0.60	0.60	0	
07/07/2011 15:01:50	TASTEGGIO	0	1	5500	44017	164268	165	-41	0.17	0.17	0	
07/07/2011 15:02:11	TASTEGGIO	0	0	5500	44017	164268	229	-53	0.31	0.31	0	
07/07/2011 15:02:32	TASTEGGIO	0	1	5500	44017	164268	172	-70	0.37	0.37	0	
07/07/2011 15:02:52	TASTEGGIO	0	1	5500	44017	164268	127	-27	0.10	0.10	0	
07/07/2011 15:03:02	TASTEGGIO	0	1	5500	44017	139866	127	-27	0.07	0.20	44500	
07/07/2011 15:03:27	TASTEGGIO	1	0	5500	44017	95397	239	-73	0.52	0.52	0	
07/07/2011 15:03:47	TASTEGGIO	0	1	5500	44017	95399	103	-10	0.43	0.43	0	
07/07/2011 15:04:07	TASTEGGIO	0	2	5500	44017	95400	174	-21	0.23	0.23	0	
07/07/2011 15:04:28	TASTEGGIO	0	3	5500	44017	95400	195	-22	0.06	0.06	0	
07/07/2011 15:04:39	TASTEGGIO	0	3	5500	44017	139744	195	-22	0.13	0.13	0	
07/07/2011 15:05:02	TASTEGGIO	1	0	5500	44017	139741	217	-111	0.94	0.94	0	
07/07/2011 15:05:15	TASTEGGIO	0	1	5500	44017	139741	0	-1	0.90	0.90	0	
07/07/2011 15:05:16	ALARM 401		
07/07/2011 15:05:19	ALARM 205		err.6058
07/07/2011 15:05:34	TASTEGGIO	0	1	5500	44017	139744	0	-1	0.89	0.89	0	
07/07/2011 15:05:58	TASTEGGIO	1	0	5500	44017	139742	326	-187	0.97	0.97	0	
07/07/2011 15:06:20	TASTEGGIO	0	1	5500	44017	139742	220	-60	0.36	0.36	0	
07/07/2011 15:06:42	TASTEGGIO	0	0	5500	44017	139742	258	-87	0.45	0.45	0	
07/07/2011 15:07:03	TASTEGGIO	0	1	5500	44017	139742	201	-72	0.24	0.24	0	
07/07/2011 15:07:24	TASTEGGIO	0	1	5500	44017	139742	188	-48	0.21	0.21	0	
07/07/2011 15:07:45	TASTEGGIO	0	1	5500	44017	139742	169	-44	0.18	0.18	0	
07/07/2011 15:08:06	TASTEGGIO	0	1	5500	44017	139742	153	-32	0.13	0.13	0	
07/07/2011 15:08:14	TASTEGGIO	0	1	5500	44017	139745	153	-32	0.12	0.14	24500	
07/07/2011 15:08:39	TASTEGGIO	1	0	5500	44017	115279	229	-95	0.76	0.76	0	
07/07/2011 15:08:53	TASTEGGIO	0	1	5500	44017	115278	0	0	0.72	0.72	0	
07/07/2011 15:09:15	TASTEGGIO	0	1	5500	44017	115278	204	-44	0.31	0.31	0	
07/07/2011 15:09:36	TASTEGGIO	0	0	5500	44017	115278	251	-82	0.47	0.47	0	
07/07/2011 15:09:56	TASTEGGIO	0	1	5500	44017	115278	179	-39	0.09	0.09	0	
07/07/2011 15:10:06	TASTEGGIO	0	1	5500	44017	139738	179	-39	0.09	0.12	-44500	
07/07/2011 15:12:22	TASTEGGIO	0	1	5500	44017	139861	179	-39	0.03	0.07	97500	
07/07/2011 15:14:23	TASTEGGIO	0	1	5500	44017	139873	179	-39	0.12	0.27	97500	
07/07/2011 15:14:49	TASTEGGIO	1	0	5500	44017	42427	246	-10	0.19	0.19	0	
07/07/2011 15:15:09	TASTEGGIO	0	1	5500	44017	42430	259	-6	0.12	0.12	0	
07/07/2011 15:15:21	TASTEGGIO	0	1	5500	44017	139749	259	-6	0.05	0.12	97500	
07/07/2011 15:15:46	TASTEGGIO	1	0	5500	44017	42279	227	-1	0.11	0.11	0	
07/07/2011 15:16:05	TASTEGGIO	0	1	5500	44017	42282	247	-2	0.09	0.09	0	
07/07/2011 15:16:16	TASTEGGIO	0	1	5500	44017	139744	247	-2	0.04	0.10	97500	
07/07/2011 15:18:19	TASTEGGIO	0	1	5500	44017	139866	247	-2	0.15	0.18	-44500	
07/07/2011 15:18:45	TASTEGGIO	1	0	5500	44017	184269	234	-123	0.99	0.99	0	
07/07/2011 15:18:59	TASTEGGIO	0	1	5500	44017	184271	0	-3	0.97	0.97	0	
07/07/2011 15:19:22	TASTEGGIO	0	1	5500	44017	184272	285	-138	0.43	0.43	0	
07/07/2011 15:19:44	TASTEGGIO	0	1	5500	44017	184272	265	-130	0.83	0.83	0	
07/07/2011 15:20:03	TASTEGGIO	0	1	5500	44017	184273	104	-23	0.58	0.58	0	
07/07/2011 15:20:23	TASTEGGIO	0	2	5500	44017	184274	161	-27	0.31	0.31	0	
07/07/2011 15:20:43	TASTEGGIO	0	3	5500	44017	184274	189	-35	0.06	0.06	0	
07/07/2011 15:20:54	TASTEGGIO	0	3	5500	44017	139863	189	-35	0.14	0.14	0	
07/07/2011 15:21:18	TASTEGGIO	1	0	5500	44017	139866	229	-147	1.29	1.29	0	
07/07/2011 15:21:31	TASTEGGIO	0	1	5500	44017	139866	0	-3	1.25	1.25	0	
07/07/2011 15:21:54	TASTEGGIO	0	1	5500	44017	139866	363	-238	1.09	1.09	0	
07/07/2011 15:22:17	TASTEGGIO	0	1	5500	44017	139866	267	-109	0.08	0.08	0	
07/07/2011 15:22:25	TASTEGGIO	0	1	5500	44017	139864	267	-109	0.08	0.12	-97500	
07/07/2011 15:22:51	TASTEGGIO	1	0	5500	44017	237334	227	-28	0.16	0.16	0	
07/07/2011 15:23:12	TASTEGGIO	0	1	5500	44017	237334	205	-24	0.08	0.08	0	
07/07/2011 15:23:23	TASTEGGIO	0	1	5500	44017	139867	205	-24	0.05	0.08	-97500	
07/07/2011 15:25:22	TASTEGGIO	0	1	5500	44017	139870	205	-24	0.10	0.13	24500	
07/07/2011 15:25:47	TASTEGGIO	1	0	5500	44017	115395	228	-103	0.82	0.82	0	
07/07/2011 15:26:00	TASTEGGIO	0	1	5500	44017	115393	0	-2	0.80	0.80	0	
07/07/2011 15:26:22	TASTEGGIO	0	1	5500	44017	115394	234	-68	0.16	0.16	0	
07/07/2011 15:26:43	TASTEGGIO	0	0	5500	44017	115394	232	-84	0.69	0.69	0	
07/07/2011 15:26:57	TASTEGGIO	0	1	5500	44017	115393	0	0	0.63	0.63	0	
07/07/2011 15:27:16	TASTEGGIO	0	1	5500	44017	115394	172	-34	0.33	0.33	0	
07/07/2011 15:27:36	TASTEGGIO	0	2	5500	44017	115394	196	-32	0.02	0.02	0	
07/07/2011 15:27:46	TASTEGGIO	0	2	5500	44017	139746	196	-32	0.02	0.09	-97500	
07/07/2011 15:29:46	TASTEGGIO	0	2	5500	44017	139861	196	-32	0.13	0.32	97500	
07/07/2011 15:30:12	TASTEGGIO	1	0	5500	44017	42396	252	-10	0.21	0.21	0	
07/07/2011 15:30:32	TASTEGGIO	0	1	5500	44017	42398	265	-6	0.15	0.15	0	
07/07/2011 15:30:52	TASTEGGIO	0	2	5500	44017	42401	280	-6	0.09	0.09	0	
07/07/2011 15:31:03	TASTEGGIO	0	2	5500	44017	139751	280	-6	0.11	0.12	24500	
07/07/2011 15:31:29	TASTEGGIO	1	0	5500	44017	115293	227	-112	0.94	0.94	0	
07/07/2011 15:31:42	TASTEGGIO	0	1	5500	44017	115291	0	0	0.91	0.91	0	
07/07/2011 15:32:06	TASTEGGIO	0	1	5500	44017	115291	264	-96	0.16	0.16	0	
07/07/2011 15:32:27	TASTEGGIO	0	1	5500	44017	115291	261	-145	1.22	1.22	0	
07/07/2011 15:32:41	TASTEGGIO	0	1	5500	44017	115290	0	-3	1.20	1.20	0	
07/07/2011 15:33:04	TASTEGGIO	0	1	5500	44017	115290	354	-180	0.57	0.57	0	
07/07/2011 15:33:26	TASTEGGIO	0	1	5500	44017	115290	326	-174	1.11	1.11	0	
07/07/2011 15:33:45	TASTEGGIO	0	1	5500	44017	115290	109	-20	0.90	0.90	0	
07/07/2011 15:34:07	TASTEGGIO	0	2	5500	44017	115290	254	-69	0.26	0.26	0	
07/07/2011 15:34:28	TASTEGGIO	0	0	5500	44017	115290	245	-41	0.14	0.14	0	
07/07/2011 15:34:38	TASTEGGIO	0	0	5500	44017	139742	245	-41	0.12	0.17	97500	
07/07/2011 15:34:42	ALARM 214	proc 12 prog 71 step 55	ABS_MOVE 7 stopped
07/07/2011 15:34:46	ALARM 201		err.6058
07/07/2011 15:35:03	TASTEGGIO	0	0	5500	44017	139763	245	-41	0.11	0.16	97500	
07/07/2011 15:37:02	TASTEGGIO	0	0	5500	44017	139867	245	-41	0.09	0.16	44500	
07/07/2011 15:37:28	TASTEGGIO	1	0	5500	44017	95395	232	-83	0.64	0.64	0	
07/07/2011 15:37:41	TASTEGGIO	0	1	5500	44017	95394	0	0	0.61	0.61	0	
07/07/2011 15:38:01	TASTEGGIO	0	1	5500	44017	95396	174	-28	0.33	0.33	0	
07/07/2011 15:38:22	TASTEGGIO	0	2	5500	44017	95396	199	-32	0.12	0.12	0	
07/07/2011 15:38:32	TASTEGGIO	0	2	5500	44017	139741	199	-32	0.18	0.18	0	
07/07/2011 15:38:56	TASTEGGIO	1	0	5500	44017	139738	234	-166	1.60	1.60	0	
07/07/2011 15:39:09	TASTEGGIO	0	1	5500	44017	139738	0	-3	1.56	1.56	0	
07/07/2011 15:39:32	TASTEGGIO	0	1	5500	44017	139738	400	-262	1.06	1.06	0	
07/07/2011 15:39:56	TASTEGGIO	0	1	5500	44017	139738	327	-196	0.90	0.90	0	
07/07/2011 15:40:18	TASTEGGIO	0	1	5500	44017	139738	250	-109	0.23	0.23	0	
07/07/2011 15:40:39	TASTEGGIO	0	1	5500	44017	139738	244	-139	1.12	1.12	0	
07/07/2011 15:40:53	TASTEGGIO	0	1	5500	44017	139738	0	0	1.08	1.08	0	
07/07/2011 15:41:15	TASTEGGIO	0	1	5500	44017	139738	312	-157	0.48	0.48	0	
07/07/2011 15:41:37	TASTEGGIO	0	1	5500	44017	139738	290	-183	1.32	1.32	0	
07/07/2011 15:41:50	TASTEGGIO	0	1	5500	44017	139738	0	-3	1.27	1.27	0	
07/07/2011 15:42:13	TASTEGGIO	0	1	5500	44017	139738	366	-208	0.77	0.77	0	
07/07/2011 15:42:35	TASTEGGIO	0	1	5500	44017	139738	319	-185	1.05	1.05	0	
07/07/2011 15:42:57	TASTEGGIO	0	1	5500	44017	139738	175	-61	0.44	0.44	0	
07/07/2011 15:42:58	ALARM 218	proc 12 prog 73 step 17	go_abs 5 cmd 11
07/07/2011 15:43:01	ALARM 401		
07/07/2011 15:43:03	ALARM 401		
07/07/2011 15:43:03	ALARM 401		
07/07/2011 15:43:05	ALARM 401		
07/07/2011 15:43:06	ALARM 401		
07/07/2011 15:43:06	ALARM 401		
07/07/2011 15:43:09	ALARM 401		
07/07/2011 15:43:10	ALARM 401		
07/07/2011 15:43:11	ALARM 401		
07/07/2011 15:43:42	TASTEGGIO	0	1	5500	44017	139741	175	-61	0.44	0.44	0	
07/07/2011 15:44:06	TASTEGGIO	1	0	5500	44017	139739	317	-165	1.17	1.17	0	
07/07/2011 15:44:20	TASTEGGIO	0	1	5500	44017	139739	5	-6	1.09	1.09	0	
07/07/2011 15:44:44	TASTEGGIO	0	1	5500	44017	139739	309	-150	0.37	0.37	0	
07/07/2011 15:45:06	TASTEGGIO	0	1	5500	44017	139739	296	-167	1.23	1.23	0	
07/07/2011 15:45:19	TASTEGGIO	0	1	5500	44017	139738	0	-4	1.17	1.17	0	
07/07/2011 15:45:43	TASTEGGIO	0	1	5500	44017	139738	333	-156	0.39	0.39	0	
07/07/2011 15:46:06	TASTEGGIO	0	1	5500	44017	139738	319	-237	2.67	2.67	0	
07/07/2011 15:46:10	ALARM 817	proc 12 prog 11 step 56	eccentricity = 2.67 mm
07/07/2011 15:46:26	TASTEGGIO	0	1	5500	44017	139741	319	-237	2.63	2.63	0	
07/07/2011 15:46:54	TASTEGGIO	0	1	5500	44017	139742	159	-12	2.49	2.49	0	
07/07/2011 15:47:24	TASTEGGIO	0	1	5500	44017	139743	245	-49	1.98	1.98	0	
07/07/2011 15:47:56	TASTEGGIO	0	1	5500	44017	139744	309	-79	1.19	1.19	0	
07/07/2011 15:48:29	TASTEGGIO	0	1	5500	44017	139744	337	-105	0.22	0.22	0	
07/07/2011 15:48:55	TASTEGGIO	0	1	5500	44017	139742	63	-1	0.21	0.21	0	
07/07/2011 15:49:17	TASTEGGIO	0	1	5500	44017	139741	99	-3	0.20	0.20	0	
07/07/2011 15:49:40	TASTEGGIO	0	1	5500	44017	139741	139	-5	0.16	0.16	0	
07/07/2011 15:49:52	TASTEGGIO	0	1	5500	44017	139744	139	-5	0.16	0.16	0	
07/07/2011 15:50:12	TASTEGGIO	0	1	5500	44017	139744	139	-5	0.17	0.17	0	
07/07/2011 15:52:14	TASTEGGIO	0	1	5500	44017	139867	139	-5	0.12	0.14	44500	
07/07/2011 15:52:40	TASTEGGIO	1	0	5500	44017	95395	220	-64	0.47	0.47	0	
07/07/2011 15:52:58	TASTEGGIO	0	1	5500	44017	95397	62	-2	0.43	0.43	0	
07/07/2011 15:53:18	TASTEGGIO	0	1	5500	44017	95397	179	-30	0.14	0.14	0	
07/07/2011 15:53:39	TASTEGGIO	0	0	5500	44017	95397	220	-49	0.32	0.32	0	
07/07/2011 15:53:59	TASTEGGIO	0	1	5500	44017	95396	146	-18	0.15	0.15	0	
07/07/2011 15:54:19	TASTEGGIO	0	0	5500	44017	95397	223	-35	0.20	0.20	0	
07/07/2011 15:54:40	TASTEGGIO	0	1	5500	44017	95397	196	-35	0.14	0.14	0	
07/07/2011 15:55:01	TASTEGGIO	0	1	5500	44017	95397	186	-19	0.08	0.08	0	
07/07/2011 15:55:11	TASTEGGIO	0	1	5500	44017	139753	186	-19	0.06	0.09	97500	
07/07/2011 15:57:04	TASTEGGIO	0	1	5500	44017	139870	186	-19	0.14	0.24	97500	
07/07/2011 15:57:30	TASTEGGIO	1	0	5500	44017	42409	252	-9	0.15	0.15	0	
07/07/2011 15:57:50	TASTEGGIO	0	1	5500	44017	42407	261	-5	0.10	0.10	0	
07/07/2011 15:58:01	TASTEGGIO	0	1	5500	44017	139755	261	-5	0.14	0.15	-24500	
07/07/2011 15:58:27	TASTEGGIO	1	0	5500	44017	164129	223	-124	1.04	1.04	0	
07/07/2011 15:58:41	TASTEGGIO	0	1	5500	44017	164131	0	0	0.99	0.99	0	
07/07/2011 15:59:03	TASTEGGIO	0	1	5500	44017	164131	282	-124	0.26	0.26	0	
07/07/2011 15:59:25	TASTEGGIO	0	1	5500	44017	164131	275	-168	1.85	1.85	0	
07/07/2011 15:59:38	TASTEGGIO	0	1	5500	44017	164132	0	-4	1.79	1.79	0	
07/07/2011 16:00:01	TASTEGGIO	0	1	5500	44017	164132	400	-186	0.25	0.25	0	
07/07/2011 16:00:17	ALARM 18	proc 1 prog 2 step 3	Tondo Non Presente Su Carrello 1
07/07/2011 16:00:25	ALARM 203		err.6058
07/07/2011 16:00:47	TASTEGGIO	0	1	5500	44017	139886	396	0	2.68	2.84	-24500	
07/07/2011 16:00:54	ALARM 817	proc 12 prog 11 step 54	eccentricity = 2.84 mm
07/07/2011 16:01:21	TASTEGGIO	0	1	5500	44017	139861	396	0	2.66	2.66	0	
07/07/2011 16:01:58	TASTEGGIO	0	1	5500	44017	139862	365	-32	2.50	2.50	0	
07/07/2011 16:02:29	TASTEGGIO	0	1	5500	44017	139862	394	-27	2.34	2.38	-44500	
07/07/2011 16:03:05	TASTEGGIO	0	1	5500	44017	139874	431	-87	1.73	2.03	-24500	
07/07/2011 16:03:40	TASTEGGIO	0	1	5500	44017	139873	431	-242	0.50	0.50	0	
07/07/2011 16:04:13	TASTEGGIO	0	1	5500	44017	139874	217	-85	0.33	0.33	24500	
07/07/2011 16:04:46	TASTEGGIO	0	1	5500	44017	139746	184	-44	0.11	0.15	-44500	
07/07/2011 16:05:06	TASTEGGIO	0	1	5500	44017	139865	184	-44	0.11	0.15	24500	
07/07/2011 16:07:06	TASTEGGIO	0	1	5500	44017	139967	184	-44	0.09	0.11	97500	
07/07/2011 16:09:07	TASTEGGIO	0	1	5500	44017	139866	184	-44	0.23	0.33	97500	
07/07/2011 16:09:34	TASTEGGIO	1	0	5500	44017	42420	281	-16	0.18	0.18	0	
07/07/2011 16:09:54	TASTEGGIO	0	1	5500	44017	42420	290	-12	0.08	0.08	0	
07/07/2011 16:10:05	TASTEGGIO	0	1	5500	44017	139747	290	-12	0.07	0.09	-44500	
07/07/2011 16:12:06	TASTEGGIO	0	1	5500	44017	139970	290	-12	0.14	0.23	44500	
07/07/2011 16:12:31	TASTEGGIO	1	0	5500	44017	95496	249	-89	0.62	0.62	0	
07/07/2011 16:12:50	TASTEGGIO	0	1	5500	44017	95498	81	-6	0.54	0.54	0	
07/07/2011 16:13:10	TASTEGGIO	0	2	5500	44017	95498	175	-25	0.29	0.29	0	
07/07/2011 16:13:32	TASTEGGIO	0	3	5500	44017	95498	201	-33	0.06	0.06	0	
07/07/2011 16:13:42	TASTEGGIO	0	3	5500	44017	139858	201	-33	0.05	0.13	97500	
07/07/2011 16:15:42	TASTEGGIO	0	3	5500	44017	139869	201	-33	0.08	0.20	97500	
07/07/2011 16:16:07	TASTEGGIO	1	0	5500	44017	42405	239	-11	0.10	0.10	0	
07/07/2011 16:16:19	TASTEGGIO	1	0	5500	44017	139748	239	-11	0.08	0.14	44500	
07/07/2011 16:18:11	TASTEGGIO	1	0	5500	44017	139874	239	-11	0.14	0.26	97500	
07/07/2011 16:18:37	TASTEGGIO	1	0	5500	44017	42418	259	-12	0.16	0.16	0	
07/07/2011 16:18:57	TASTEGGIO	0	1	5500	44017	42417	268	-8	0.08	0.08	0	
07/07/2011 16:19:09	TASTEGGIO	0	1	5500	44017	139745	268	-8	0.04	0.14	-97500	
07/07/2011 16:21:12	TASTEGGIO	0	1	5500	44017	139869	268	-8	0.13	0.16	24500	
07/07/2011 16:21:37	TASTEGGIO	1	0	5500	44017	115404	226	-106	0.85	0.85	0	
07/07/2011 16:21:50	TASTEGGIO	0	1	5500	44017	115403	0	3	0.82	0.82	0	
07/07/2011 16:22:12	TASTEGGIO	0	1	5500	44017	115403	237	-77	0.16	0.16	0	
07/07/2011 16:22:33	TASTEGGIO	0	0	5500	44017	115403	226	-101	0.82	0.82	0	
07/07/2011 16:22:46	TASTEGGIO	0	1	5500	44017	115402	0	-2	0.78	0.78	0	
07/07/2011 16:23:08	TASTEGGIO	0	1	5500	44017	115402	222	-59	0.20	0.20	0	
07/07/2011 16:23:29	TASTEGGIO	0	0	5500	44017	115402	239	-78	0.52	0.52	0	
07/07/2011 16:23:48	TASTEGGIO	0	1	5500	44017	115402	103	-22	0.30	0.30	0	
07/07/2011 16:24:07	TASTEGGIO	0	2	5500	44017	115402	127	-11	0.19	0.19	0	
07/07/2011 16:24:27	TASTEGGIO	0	3	5500	44017	115402	147	-10	0.08	0.08	0	
07/07/2011 16:24:37	TASTEGGIO	0	3	5500	44017	139744	147	-10	0.12	0.12	0	
07/07/2011 16:26:50	TASTEGGIO	0	3	5500	44017	139869	147	-10	0.24	0.30	97500	
07/07/2011 16:27:16	TASTEGGIO	1	0	5500	44017	42415	271	-12	0.18	0.18	0	
07/07/2011 16:27:36	TASTEGGIO	0	1	5500	44017	42416	281	-6	0.11	0.11	0	
07/07/2011 16:27:47	TASTEGGIO	0	1	5500	44017	139748	281	-6	0.14	0.15	44500	
07/07/2011 16:29:48	TASTEGGIO	0	1	5500	44017	139869	281	-6	0.10	0.11	-97500	
07/07/2011 16:31:49	TASTEGGIO	0	1	5500	44017	139875	281	-6	0.10	0.22	97500	
07/07/2011 16:32:15	TASTEGGIO	1	0	5500	44017	42420	246	-9	0.12	0.12	0	
07/07/2011 16:32:26	TASTEGGIO	1	0	5500	44017	139752	246	-9	0.09	0.13	97500	
07/07/2011 16:33:33	ALARM 17	proc 12 prog 10 step 47	LavoroTerminato
07/07/2011 16:35:09	TASTEGGIO	1	0	7000	49896	127582	246	-9	0.02	0.06	44500	
07/07/2011 16:36:06	ALARM 17	proc 12 prog 10 step 47	LavoroTerminato
07/07/2011 16:36:20	ALARM 17	proc 12 prog 1 step 8	LavoroTerminato
07/07/2011 16:37:46	TASTEGGIO	1	0	9000	57738	122677	246	-9	0.76	0.76	0	
07/07/2011 16:38:11	TASTEGGIO	1	0	9000	57738	122696	309	-18	0.58	0.58	0	
07/07/2011 16:38:33	TASTEGGIO	0	1	9000	57738	122695	353	-26	0.32	0.32	0	
07/07/2011 16:38:55	TASTEGGIO	0	2	9000	57738	122695	377	-29	0.05	0.05	0	
07/07/2011 16:39:03	TASTEGGIO	0	2	9000	57738	122674	377	-29	0.05	0.15	-44500	
07/07/2011 16:39:28	TASTEGGIO	1	0	9000	57738	167097	231	-13	0.03	0.03	0	
07/07/2011 16:39:39	TASTEGGIO	1	0	9000	57738	122669	231	-13	0.04	0.05	44500	
07/07/2011 16:40:46	ALARM 17	proc 12 prog 10 step 47	LavoroTerminato
07/07/2011 16:42:09	ALARM 406		
08/07/2011 08:20:39	ALARM 401		
08/07/2011 08:20:41	INIT OK
08/07/2011 08:29:35	TASTEGGIO	0	0	7000	49896	122283	0	0	0.13	0.13	24500	
08/07/2011 08:30:01	TASTEGGIO	1	0	7000	49896	97828	228	-7	0.07	0.07	0	
08/07/2011 08:30:10	TASTEGGIO	1	0	7000	49896	122157	228	-7	0.09	0.09	0	
08/07/2011 08:32:09	TASTEGGIO	1	0	7000	49896	122189	228	-7	0.03	0.10	-44500	
08/07/2011 08:32:34	TASTEGGIO	1	0	7000	49896	166606	224	-10	0.02	0.02	0	
08/07/2011 08:32:45	TASTEGGIO	1	0	7000	49896	122189	224	-10	0.09	0.09	0	
08/07/2011 08:34:46	TASTEGGIO	1	0	7000	49896	122282	224	-10	0.24	0.38	-44500	
08/07/2011 08:35:13	TASTEGGIO	1	0	7000	49896	166686	260	-12	0.26	0.26	0	
08/07/2011 08:35:34	TASTEGGIO	0	1	7000	49896	166699	277	-7	0.18	0.18	0	
08/07/2011 08:35:56	TASTEGGIO	0	2	7000	49896	166709	294	-8	0.12	0.12	0	
08/07/2011 08:36:06	TASTEGGIO	0	2	7000	49896	122280	294	-8	0.12	0.13	-44500	
08/07/2011 08:36:31	TASTEGGIO	1	0	7000	49896	166685	228	0	0.12	0.12	0	
08/07/2011 08:36:52	TASTEGGIO	0	1	7000	49896	166696	250	0	0.12	0.12	0	
08/07/2011 08:37:15	TASTEGGIO	0	1	7000	49896	166708	286	-3	0.10	0.10	0	
08/07/2011 08:37:36	TASTEGGIO	0	2	7000	49896	166718	302	-6	0.04	0.04	0	
08/07/2011 08:37:47	TASTEGGIO	0	2	7000	49896	122279	302	-6	0.10	0.13	44500	
08/07/2011 08:38:12	TASTEGGIO	1	0	7000	49896	77845	228	-5	0.08	0.08	0	
08/07/2011 08:38:23	TASTEGGIO	1	0	7000	49896	122156	228	-5	0.07	0.09	44500	
08/07/2011 08:40:21	TASTEGGIO	1	0	7000	49896	122287	228	-5	0.08	0.09	-44500	
08/07/2011 08:42:21	TASTEGGIO	1	0	7000	49896	122197	228	-5	0.28	0.33	44500	
08/07/2011 08:42:47	TASTEGGIO	1	0	7000	49896	77766	254	-6	0.26	0.26	0	
08/07/2011 08:43:10	TASTEGGIO	0	1	7000	49896	77764	274	-3	0.23	0.23	0	
08/07/2011 08:43:33	TASTEGGIO	0	2	7000	49896	77761	314	-9	0.15	0.15	0	
08/07/2011 08:43:55	TASTEGGIO	0	3	7000	49896	77741	330	-9	0.06	0.06	0	
08/07/2011 08:44:05	TASTEGGIO	0	3	7000	49896	122067	330	-9	0.10	0.10	0	
08/07/2011 08:44:29	TASTEGGIO	1	0	7000	49896	122064	224	-10	0.02	0.02	0	
08/07/2011 08:44:37	TASTEGGIO	1	0	7000	49896	122066	224	-10	0.02	0.04	-44500	
08/07/2011 08:46:36	TASTEGGIO	1	0	7000	49896	122286	224	-10	0.10	0.21	-44500	
08/07/2011 08:47:01	TASTEGGIO	1	0	7000	49896	166694	238	-10	0.11	0.11	0	
08/07/2011 08:47:11	TASTEGGIO	1	0	7000	49896	122291	238	-10	0.05	0.12	-44500	
08/07/2011 08:47:36	TASTEGGIO	1	0	7000	49896	166696	227	-1	0.10	0.10	0	
08/07/2011 08:47:58	TASTEGGIO	0	1	7000	49896	166708	235	-3	0.08	0.08	0	
08/07/2011 08:48:09	TASTEGGIO	0	1	7000	49896	122282	235	-3	0.05	0.09	-44500	
08/07/2011 08:50:07	TASTEGGIO	0	1	7000	49896	122291	235	-3	0.10	0.15	44500	
08/07/2011 08:50:33	TASTEGGIO	1	0	7000	49896	77844	231	-6	0.10	0.10	0	
08/07/2011 08:50:43	TASTEGGIO	1	0	7000	49896	122164	231	-6	0.08	0.11	44500	
08/07/2011 08:51:09	TASTEGGIO	1	0	7000	49896	77723	225	-1	0.10	0.10	0	
08/07/2011 08:51:31	TASTEGGIO	0	1	7000	49896	77723	243	-2	0.09	0.09	0	
08/07/2011 08:51:41	TASTEGGIO	0	1	7000	49896	122157	243	-2	0.07	0.09	44500	
08/07/2011 08:53:42	TASTEGGIO	0	1	7000	49896	122285	243	-2	0.14	0.40	44500	
08/07/2011 08:54:08	TASTEGGIO	1	0	7000	49896	77850	263	-7	0.34	0.34	0	
08/07/2011 08:54:29	TASTEGGIO	0	1	7000	49896	77850	291	-5	0.29	0.29	0	
08/07/2011 08:54:53	TASTEGGIO	0	2	7000	49896	77849	340	-14	0.16	0.16	0	
08/07/2011 08:55:16	TASTEGGIO	0	3	7000	49896	77840	355	-12	0.06	0.06	0	
08/07/2011 08:55:27	TASTEGGIO	0	3	7000	49896	122168	355	-12	0.12	0.12	0	
08/07/2011 08:55:51	TASTEGGIO	1	0	7000	49896	122162	227	-12	0.02	0.02	0	
08/07/2011 08:55:59	TASTEGGIO	1	0	7000	49896	122167	227	-12	0.02	0.13	44500	
08/07/2011 08:56:25	TASTEGGIO	1	0	7000	49896	77722	228	-1	0.11	0.11	0	
08/07/2011 08:56:47	TASTEGGIO	0	1	7000	49896	77720	237	-1	0.10	0.10	0	
08/07/2011 08:57:08	TASTEGGIO	0	1	7000	49896	77717	264	0	0.10	0.10	0	
08/07/2011 08:57:30	TASTEGGIO	0	1	7000	49896	77716	294	-1	0.10	0.10	0	
08/07/2011 08:57:53	TASTEGGIO	0	1	7000	49896	77716	324	0	0.09	0.09	0	
08/07/2011 08:58:03	TASTEGGIO	0	1	7000	49896	122158	324	0	0.03	0.12	44500	
08/07/2011 08:58:28	TASTEGGIO	1	0	7000	49896	77713	227	-1	0.10	0.10	0	
08/07/2011 08:58:49	TASTEGGIO	0	1	7000	49896	77708	235	-1	0.10	0.10	0	
08/07/2011 08:59:11	TASTEGGIO	0	1	7000	49896	77707	265	0	0.10	0.10	0	
08/07/2011 08:59:34	TASTEGGIO	0	1	7000	49896	77706	295	0	0.10	0.10	0	
08/07/2011 08:59:55	TASTEGGIO	0	1	7000	49896	77702	325	0	0.09	0.09	0	
08/07/2011 09:00:06	TASTEGGIO	0	1	7000	49896	122155	325	0	0.04	0.10	44500	
08/07/2011 09:00:31	TASTEGGIO	1	0	7000	49896	77707	224	0	0.10	0.10	0	
08/07/2011 09:00:52	TASTEGGIO	0	1	7000	49896	77703	244	0	0.10	0.10	0	
08/07/2011 09:01:14	TASTEGGIO	0	1	7000	49896	77702	274	0	0.10	0.10	0	
08/07/2011 09:01:37	TASTEGGIO	0	1	7000	49896	77702	304	-1	0.09	0.09	0	
08/07/2011 09:01:47	TASTEGGIO	0	1	7000	49896	122158	304	-1	0.04	0.11	44500	
08/07/2011 09:02:12	TASTEGGIO	1	0	7000	49896	77716	225	0	0.10	0.10	0	
08/07/2011 09:02:33	TASTEGGIO	0	1	7000	49896	77713	243	0	0.10	0.10	0	
08/07/2011 09:02:55	TASTEGGIO	0	1	7000	49896	77709	273	0	0.10	0.10	0	
08/07/2011 09:03:18	TASTEGGIO	0	1	7000	49896	77704	303	0	0.10	0.10	0	
08/07/2011 09:03:41	TASTEGGIO	0	1	7000	49896	77704	333	-3	0.08	0.08	0	
08/07/2011 09:03:52	TASTEGGIO	0	1	7000	49896	122153	333	-3	0.05	0.10	44500	
08/07/2011 09:04:17	TASTEGGIO	1	0	7000	49896	77697	224	0	0.08	0.08	0	
08/07/2011 09:04:27	TASTEGGIO	1	0	7000	49896	122156	224	0	0.05	0.09	44500	
08/07/2011 09:06:34	TASTEGGIO	1	0	7000	49896	122198	224	0	0.12	0.16	-24500	
08/07/2011 09:06:59	TASTEGGIO	1	0	7000	49896	146607	232	-13	0.05	0.05	0	
08/07/2011 09:07:09	TASTEGGIO	1	0	7000	49896	122173	232	-13	0.08	0.11	44500	
08/07/2011 09:07:35	TASTEGGIO	1	0	7000	49896	77728	225	-4	0.07	0.07	0	
08/07/2011 09:07:45	TASTEGGIO	1	0	7000	49896	122061	225	-4	0.05	0.07	24500	
08/07/2011 09:09:43	TASTEGGIO	1	0	7000	49896	122599	225	-4	0.02	0.06	-44500	
08/07/2011 09:10:54	ALARM 17	proc 12 prog 10 step 47	LavoroTerminato
08/07/2011 09:18:21	TASTEGGIO	1	0	7000	49896	134382	225	-4	0.21	0.23	-44500	
08/07/2011 09:18:46	TASTEGGIO	1	0	7000	49896	178813	241	-21	0.05	0.05	0	
08/07/2011 09:18:56	TASTEGGIO	1	0	7000	49896	134468	241	-21	0.07	0.07	0	
08/07/2011 09:20:51	TASTEGGIO	1	0	7000	49896	134358	241	-21	0.17	0.31	-44500	
08/07/2011 09:21:17	TASTEGGIO	1	0	7000	49896	178776	251	-22	0.11	0.11	0	
08/07/2011 09:21:27	TASTEGGIO	1	0	7000	49896	134359	251	-22	0.02	0.12	-44500	
08/07/2011 09:21:53	TASTEGGIO	1	0	7000	49896	178782	227	-9	0.03	0.03	0	
08/07/2011 09:22:03	TASTEGGIO	1	0	7000	49896	134358	227	-9	0.05	0.07	24500	
08/07/2011 09:24:04	TASTEGGIO	1	0	7000	49896	134354	227	-9	0.06	0.15	-44500	
08/07/2011 09:24:29	TASTEGGIO	1	0	7000	49896	178798	231	-20	0.05	0.05	0	
08/07/2011 09:24:40	TASTEGGIO	1	0	7000	49896	134365	231	-20	0.09	0.10	-24500	
08/07/2011 09:25:06	TASTEGGIO	1	0	7000	49896	158793	224	-21	0.12	0.12	0	
08/07/2011 09:25:28	TASTEGGIO	0	1	7000	49896	158801	209	-17	0.05	0.05	0	
08/07/2011 09:25:37	TASTEGGIO	0	1	7000	49896	134351	209	-17	0.04	0.06	44500	
08/07/2011 09:27:49	TASTEGGIO	0	1	7000	49896	134553	209	-17	0.07	0.13	-44500	
08/07/2011 09:28:14	TASTEGGIO	1	0	7000	49896	178961	228	-21	0.08	0.08	0	
08/07/2011 09:28:25	TASTEGGIO	1	0	7000	49896	134565	228	-21	0.21	0.22	24500	
08/07/2011 09:28:51	TASTEGGIO	1	0	7000	49896	110101	240	-16	0.07	0.07	0	
08/07/2011 09:29:01	TASTEGGIO	1	0	7000	49896	134462	240	-16	0.09	0.09	0	
08/07/2011 09:31:02	TASTEGGIO	1	0	7000	49896	134554	240	-16	0.07	0.08	44500	
08/07/2011 09:33:00	TASTEGGIO	1	0	7000	49896	134458	240	-16	0.04	0.13	-44500	
08/07/2011 09:33:26	TASTEGGIO	1	0	7000	49896	178892	228	-18	0.06	0.06	0	
08/07/2011 09:33:36	TASTEGGIO	1	0	7000	49896	134461	228	-18	0.09	0.09	0	
08/07/2011 09:35:36	TASTEGGIO	1	0	7000	49896	134456	228	-18	0.27	0.53	-44500	
08/07/2011 09:36:03	TASTEGGIO	1	0	7000	49896	178881	280	-21	0.31	0.31	0	
08/07/2011 09:36:24	TASTEGGIO	0	1	7000	49896	178888	298	-16	0.15	0.15	0	
08/07/2011 09:36:44	TASTEGGIO	0	0	7000	49896	178893	231	0	0.14	0.14	0	
08/07/2011 09:36:55	TASTEGGIO	0	0	7000	49896	134464	231	0	0.05	0.16	-44500	
08/07/2011 09:37:20	TASTEGGIO	1	0	7000	49896	178885	232	-1	0.15	0.15	0	
08/07/2011 09:37:41	TASTEGGIO	0	1	7000	49896	178888	260	-1	0.13	0.13	0	
08/07/2011 09:37:51	TASTEGGIO	0	1	7000	49896	134460	260	-1	0.05	0.15	-44500	
08/07/2011 09:38:16	TASTEGGIO	1	0	7000	49896	178888	231	0	0.13	0.13	0	
08/07/2011 09:38:26	TASTEGGIO	1	0	7000	49896	134452	231	0	0.05	0.15	-44500	
08/07/2011 09:38:51	TASTEGGIO	1	0	7000	49896	178880	231	0	0.13	0.13	0	
08/07/2011 09:39:02	TASTEGGIO	1	0	7000	49896	134456	231	0	0.05	0.14	-44500	
08/07/2011 09:39:27	TASTEGGIO	1	0	7000	49896	178898	229	-1	0.13	0.13	0	
08/07/2011 09:39:47	TASTEGGIO	0	1	7000	49896	178906	253	0	0.12	0.12	0	
08/07/2011 09:40:09	TASTEGGIO	0	1	7000	49896	178908	286	-3	0.09	0.09	0	
08/07/2011 09:40:20	TASTEGGIO	0	1	7000	49896	134456	286	-3	0.08	0.12	44500	
08/07/2011 09:40:46	TASTEGGIO	1	0	7000	49896	90024	227	-8	0.03	0.03	0	
08/07/2011 09:40:56	TASTEGGIO	1	0	7000	49896	134349	227	-8	0.05	0.10	-44500	
08/07/2011 09:41:22	TASTEGGIO	1	0	7000	49896	178783	224	-5	0.07	0.07	0	
08/07/2011 09:41:32	TASTEGGIO	1	0	7000	49896	134459	224	-5	0.07	0.09	-44500	
08/07/2011 09:43:31	TASTEGGIO	1	0	7000	49896	134553	224	-5	0.11	0.12	44500	
08/07/2011 09:43:56	TASTEGGIO	1	0	7000	49896	90120	227	-10	0.03	0.03	0	
08/07/2011 09:44:07	TASTEGGIO	1	0	7000	49896	134469	227	-10	0.06	0.06	0	
08/07/2011 09:46:03	TASTEGGIO	1	0	7000	49896	134454	227	-10	0.05	0.07	-44500	
08/07/2011 09:47:59	TASTEGGIO	1	0	7000	49896	134262	227	-10	0.13	0.18	44500	
08/07/2011 09:48:26	TASTEGGIO	1	0	7000	49896	89833	234	-9	0.11	0.11	0	
08/07/2011 09:48:36	TASTEGGIO	1	0	7000	49896	134170	234	-9	0.08	0.11	44500	
08/07/2011 09:49:02	TASTEGGIO	1	0	7000	49896	89732	225	-2	0.09	0.09	0	
08/07/2011 09:49:12	TASTEGGIO	1	0	7000	49896	134166	225	-2	0.06	0.09	44500	
08/07/2011 09:51:10	TASTEGGIO	1	0	7000	49896	134460	225	-2	0.12	0.12	0	
08/07/2011 09:51:33	TASTEGGIO	1	0	7000	49896	134470	227	-17	0.03	0.03	0	
08/07/2011 09:51:41	TASTEGGIO	1	0	7000	49896	134461	227	-17	0.03	0.06	-24500	
08/07/2011 09:53:38	TASTEGGIO	1	0	7000	49896	134455	227	-17	0.13	0.16	44500	
08/07/2011 09:54:03	TASTEGGIO	1	0	7000	49896	90024	232	-9	0.09	0.09	0	
08/07/2011 09:54:13	TASTEGGIO	1	0	7000	49896	134368	232	-9	0.10	0.10	0	
08/07/2011 09:54:38	TASTEGGIO	1	0	7000	49896	134365	224	-15	0.06	0.06	0	
08/07/2011 09:54:45	TASTEGGIO	1	0	7000	49896	134367	224	-15	0.06	0.10	-44500	
08/07/2011 09:55:11	TASTEGGIO	1	0	7000	49896	178781	224	-15	0.07	0.07	0	
08/07/2011 09:55:22	TASTEGGIO	1	0	7000	49896	134466	224	-15	0.07	0.09	-24500	
08/07/2011 09:57:20	TASTEGGIO	1	0	7000	49896	134556	224	-15	0.12	0.12	44500	
08/07/2011 09:57:46	TASTEGGIO	1	0	7000	49896	90115	227	-12	0.04	0.04	0	
08/07/2011 09:57:57	TASTEGGIO	1	0	7000	49896	134456	227	-12	0.05	0.06	-24500	
08/07/2011 09:59:55	TASTEGGIO	1	0	7000	49896	134454	227	-12	0.05	0.07	24500	
08/07/2011 10:01:51	TASTEGGIO	1	0	7000	49896	134555	227	-12	0.05	0.12	44500	
08/07/2011 10:02:17	TASTEGGIO	1	0	7000	49896	90128	227	-9	0.03	0.03	0	
08/07/2011 10:02:28	TASTEGGIO	1	0	7000	49896	134467	227	-9	0.03	0.09	-44500	
08/07/2011 10:03:31	ALARM 17	proc 12 prog 10 step 47	LavoroTerminato
08/07/2011 10:46:04	TASTEGGIO	1	0	8000	53816	117193	227	-9	0.62	0.62	0	
08/07/2011 10:46:28	TASTEGGIO	1	0	8000	53816	117225	291	-12	0.50	0.50	0	
08/07/2011 10:46:51	TASTEGGIO	0	1	8000	53816	117226	331	-30	0.22	0.22	0	
08/07/2011 10:47:12	TASTEGGIO	0	0	8000	53816	117222	240	-1	0.21	0.21	0	
