22/07/2010 14:24:58	TASTEGGIO	1	13000	69500	105932	251	0	0.13	0.16	-24500	
22/07/2010 14:25:33	TASTEGGIO	0	13000	69500	130402	232	-3	0.16	0.16	0	
22/07/2010 14:25:42	ALARM 202		err.0
22/07/2010 14:25:54	TASTEGGIO	1	13000	69500	130402	248	-2	0.15	0.15	0	
22/07/2010 14:26:17	TASTEGGIO	2	13000	69500	130402	267	-3	0.13	0.13	0	
22/07/2010 14:28:47	ALARM 202		err.6048
22/07/2010 14:29:04	TASTEGGIO	2	13000	69500	105931	267	-3	0.10	0.15	24500	
22/07/2010 14:29:27	TASTEGGIO	0	13000	69500	81533	229	-2	0.13	0.13	0	
22/07/2010 14:29:38	TASTEGGIO	0	13000	69500	105796	229	-2	0.11	0.13	-24500	
22/07/2010 14:30:01	TASTEGGIO	0	13000	69500	130324	224	-2	0.14	0.14	0	
22/07/2010 14:30:23	TASTEGGIO	1	13000	69500	130324	239	-2	0.13	0.13	0	
22/07/2010 14:30:44	TASTEGGIO	2	13000	69500	130324	256	-2	0.13	0.13	0	
22/07/2010 14:31:07	TASTEGGIO	3	13000	69500	130324	278	-1	0.12	0.12	0	
22/07/2010 14:31:32	TASTEGGIO	4	13000	69500	130324	300	-9	0.08	0.08	0	
22/07/2010 14:31:55	TASTEGGIO	5	13000	69500	130324	311	-6	0.04	0.04	0	
22/07/2010 14:32:06	TASTEGGIO	5	13000	69500	105937	311	-6	0.03	0.21	-44500	
22/07/2010 14:32:32	TASTEGGIO	0	13000	69500	150395	244	-7	0.17	0.17	0	
22/07/2010 14:32:54	TASTEGGIO	1	13000	69500	150395	257	-10	0.08	0.08	0	
22/07/2010 14:33:06	TASTEGGIO	1	13000	69500	105952	257	-10	0.12	0.16	-24500	
22/07/2010 14:33:29	TASTEGGIO	0	13000	69500	130468	232	-3	0.15	0.15	0	
22/07/2010 14:33:50	TASTEGGIO	1	13000	69500	130468	246	-2	0.14	0.14	0	
22/07/2010 14:34:01	TASTEGGIO	1	13000	69500	105944	246	-2	0.09	0.13	-24500	
22/07/2010 14:34:25	TASTEGGIO	0	13000	69500	130471	224	-1	0.15	0.15	0	
22/07/2010 14:34:45	TASTEGGIO	1	13000	69500	130471	241	-1	0.14	0.14	0	
22/07/2010 14:35:07	TASTEGGIO	2	13000	69500	130471	259	-2	0.14	0.14	0	
22/07/2010 14:35:31	TASTEGGIO	3	13000	69500	130471	283	-2	0.13	0.13	0	
22/07/2010 14:35:55	TASTEGGIO	4	13000	69500	130471	307	-3	0.09	0.09	0	
22/07/2010 14:36:18	TASTEGGIO	5	13000	69500	130471	320	-4	0.06	0.06	0	
22/07/2010 14:36:30	TASTEGGIO	5	13000	69500	105945	320	-4	0.03	0.19	24500	
22/07/2010 14:36:54	TASTEGGIO	0	13000	69500	81524	239	-2	0.19	0.19	0	
22/07/2010 14:37:15	TASTEGGIO	1	13000	69500	81525	258	-2	0.18	0.18	0	
22/07/2010 14:37:36	TASTEGGIO	2	13000	69500	81525	282	-3	0.17	0.17	0	
22/07/2010 14:38:00	TASTEGGIO	3	13000	69500	81525	309	-7	0.10	0.10	0	
22/07/2010 14:38:12	TASTEGGIO	3	13000	69500	105798	309	-7	0.10	0.14	44500	
22/07/2010 14:38:34	TASTEGGIO	0	13000	69500	61412	227	-5	0.08	0.08	0	
22/07/2010 14:38:46	TASTEGGIO	0	13000	69500	105799	227	-5	0.06	0.14	-44500	
22/07/2010 14:39:09	TASTEGGIO	0	13000	69500	150283	227	-3	0.11	0.11	0	
22/07/2010 14:39:21	TASTEGGIO	0	13000	69500	105954	227	-3	0.09	0.13	-24500	
22/07/2010 14:39:44	TASTEGGIO	0	13000	69500	130475	224	-3	0.11	0.11	0	
22/07/2010 14:39:50	ALARM 206		err.0
22/07/2010 14:40:06	ALARM 206		err.6061
22/07/2010 14:40:18	TASTEGGIO	0	13000	69500	105952	224	-3	0.07	0.12	-44500	
22/07/2010 14:43:35	ALARM 204		err.0
22/07/2010 14:45:08	ALARM 204		err.6054
22/07/2010 14:45:41	TASTEGGIO	0	13000	69499	105952	224	-3	0.16	0.21	44500	
22/07/2010 14:46:15	TASTEGGIO	0	13000	69499	61509	244	-5	0.16	0.16	0	
22/07/2010 14:46:35	TASTEGGIO	1	13000	69499	61509	256	-2	0.14	0.14	0	
22/07/2010 14:46:47	TASTEGGIO	1	13000	69500	105802	256	-2	0.13	0.14	44500	
22/07/2010 14:47:11	TASTEGGIO	0	13000	69500	61392	227	0	0.15	0.15	0	
22/07/2010 14:47:30	TASTEGGIO	1	13000	69500	61392	243	0	0.15	0.15	0	
22/07/2010 14:47:53	TASTEGGIO	2	13000	69500	61392	264	-1	0.14	0.14	0	
22/07/2010 14:48:14	TASTEGGIO	3	13000	69500	61392	286	-7	0.11	0.11	0	
22/07/2010 14:48:37	TASTEGGIO	4	13000	69500	61392	303	-12	0.09	0.09	0	
22/07/2010 14:48:58	TASTEGGIO	5	13000	69500	61392	286	-2	0.07	0.07	0	
22/07/2010 14:49:10	TASTEGGIO	5	13000	69500	105815	286	-2	0.11	0.11	0	
22/07/2010 14:49:33	TASTEGGIO	0	13000	69500	105881	219	-8	0.05	0.05	0	
22/07/2010 14:49:43	TASTEGGIO	0	13000	69500	105860	219	-8	0.04	0.04	0	
22/07/2010 14:52:14	ALARM 10	proc 12 prog 37 step 26	Tondo non presente su rulliera
22/07/2010 14:54:13	TASTEGGIO	0	13000	69500	105872	219	-8	0.32	0.32	0	
22/07/2010 14:54:49	TASTEGGIO	0	13000	69500	105876	272	-15	0.21	0.21	0	
22/07/2010 14:55:10	TASTEGGIO	1	13000	69500	105876	285	-14	0.11	0.11	0	
22/07/2010 14:55:20	TASTEGGIO	1	13000	69500	105836	285	-14	0.11	0.20	-44500	
22/07/2010 14:55:44	TASTEGGIO	0	13000	69500	150312	242	-15	0.10	0.10	0	
22/07/2010 14:55:56	TASTEGGIO	0	13000	69500	105876	242	-15	0.04	0.09	-44500	
22/07/2010 14:56:20	TASTEGGIO	0	13000	69500	150345	214	-12	0.06	0.06	0	
22/07/2010 14:56:32	TASTEGGIO	0	13000	69500	105896	214	-12	0.10	0.10	0	
22/07/2010 14:56:56	TASTEGGIO	0	13000	69500	105944	217	-9	0.07	0.07	0	
22/07/2010 14:57:06	TASTEGGIO	0	13000	69500	105889	217	-9	0.07	0.08	-44500	
22/07/2010 14:57:30	TASTEGGIO	0	13000	69500	150358	211	-5	0.09	0.09	0	
22/07/2010 14:57:50	TASTEGGIO	1	13000	69500	150358	221	-6	0.05	0.05	0	
22/07/2010 14:58:03	TASTEGGIO	1	13000	69500	105896	221	-6	0.04	0.07	44500	
22/07/2010 14:58:42	ALARM 5	proc 3 prog 26 step 23	Tondo non in posizione di carico
22/07/2010 15:22:37	ALARM 401		
22/07/2010 16:31:58	ALARM 713	proc 12 prog 130 step 3	inv_axis 6 pos 520
22/07/2010 16:38:34	ALARM 713	proc 12 prog 136 step 12	axis 3 pos 0.00
22/07/2010 16:39:16	ALARM 713	proc 12 prog 136 step 12	axis 3 pos 8710.00
22/07/2010 16:42:47	ALARM 401		
22/07/2010 19:33:42	ALARM 401		
22/07/2010 19:33:47	INIT OK
22/07/2010 19:34:11	ALARM 401		
22/07/2010 19:34:12	ALARM 401		
22/07/2010 19:34:16	ALARM 401		
22/07/2010 19:34:53	ALARM 216	proc 12 prog 0 step 7	free_sp 1
22/07/2010 19:41:50	ALARM 401		
23/07/2010 08:39:51	ALARM 401		
23/07/2010 08:39:53	INIT OK
23/07/2010 09:23:31	ALARM 401		
23/07/2010 09:42:35	ALARM 401		
23/07/2010 11:21:19	ALARM 401		
23/07/2010 11:21:24	INIT OK
23/07/2010 12:11:16	ALARM 401		
23/07/2010 12:11:22	INIT OK
23/07/2010 12:13:01	SAVE PRG	104
23/07/2010 12:14:05	ALARM 401		
23/07/2010 12:14:10	INIT OK
23/07/2010 12:16:03	ALARM 401		
23/07/2010 12:16:08	INIT OK
23/07/2010 12:16:20	ALARM 401		
23/07/2010 12:16:21	ALARM 401		
23/07/2010 12:18:11	INIT OK
23/07/2010 12:20:39	ALARM 401		
23/07/2010 12:20:43	ALARM 213		PS not ready
23/07/2010 12:21:59	INIT OK
23/07/2010 12:36:30	INIT OK
23/07/2010 12:47:31	INIT OK
23/07/2010 12:47:43	ALARM 401		
23/07/2010 12:48:12	ALARM 12	proc 2 prog 61 step 5	Tastatori Non FuoriIngombro
23/07/2010 13:08:00	INIT OK
23/07/2010 13:43:18	INIT OK
23/07/2010 14:13:13	INIT OK
23/07/2010 14:29:29	ALARM 401		
23/07/2010 14:35:57	ALARM 401		
23/07/2010 14:36:02	INIT OK
23/07/2010 14:42:53	ALARM 401		
23/07/2010 14:58:41	ALARM 401		
23/07/2010 14:58:46	INIT OK
23/07/2010 15:08:45	ALARM 401		
23/07/2010 15:10:55	ALARM 602	proc 12 prog 142 step 1	ASPETTA 51
23/07/2010 15:27:30	ALARM 401		
23/07/2010 15:27:38	ALARM 401		
23/07/2010 15:27:46	ALARM 401		
23/07/2010 15:35:46	INIT OK
23/07/2010 15:53:31	INIT OK
23/07/2010 15:57:53	ALARM 201		err.0
23/07/2010 15:57:58	ALARM 201		err.4005
23/07/2010 15:57:59	ALARM 201		err.6059
23/07/2010 15:58:00	ALARM 201		err.6059
23/07/2010 15:58:02	ALARM 201		err.6059
23/07/2010 15:58:03	ALARM 201		err.6059
23/07/2010 15:58:03	ALARM 201		err.6059
23/07/2010 15:58:04	ALARM 201		err.6059
23/07/2010 15:58:08	ALARM 201		err.6059
23/07/2010 15:58:08	ALARM 201		err.6059
23/07/2010 15:58:09	ALARM 201		err.6059
23/07/2010 15:58:14	ALARM 201		err.6059
23/07/2010 15:58:15	ALARM 202		err.6059
23/07/2010 15:58:16	ALARM 202		err.6059
23/07/2010 15:58:16	ALARM 202		err.6059
23/07/2010 15:58:17	ALARM 202		err.6059
23/07/2010 15:58:17	ALARM 202		err.6059
23/07/2010 15:58:18	ALARM 202		err.6059
23/07/2010 15:58:18	ALARM 202		err.6059
23/07/2010 15:58:38	ALARM 202		err.6059
23/07/2010 15:58:40	ALARM 204		err.6059
23/07/2010 15:58:41	ALARM 204		err.6059
23/07/2010 15:59:45	ALARM 204		err.6059
23/07/2010 15:59:45	ALARM 204		err.6059
23/07/2010 15:59:47	ALARM 204		err.6059
23/07/2010 15:59:48	ALARM 204		err.6059
23/07/2010 15:59:49	ALARM 204		err.6059
23/07/2010 15:59:50	ALARM 204		err.6059
23/07/2010 16:01:40	ALARM 401		
23/07/2010 16:01:42	INIT OK
23/07/2010 16:05:59	ALARM 12	proc 2 prog 61 step 9	Tastatori Non FuoriIngombro
23/07/2010 16:09:03	ALARM 24	proc 6 prog 26 step 6	errore numero 24
23/07/2010 16:11:37	ALARM 24	proc 6 prog 26 step 6	errore numero 24
23/07/2010 16:11:59	ALARM 24	proc 6 prog 26 step 6	errore numero 24
23/07/2010 16:13:51	ALARM 24	proc 6 prog 26 step 6	errore numero 24
23/07/2010 16:14:30	ALARM 24	proc 6 prog 26 step 6	errore numero 24
23/07/2010 16:16:18	ALARM 24	proc 6 prog 26 step 6	errore numero 24
23/07/2010 16:22:06	ALARM 14	proc 12 prog 31 step 22	Braccetti centrali non in posizione di ripBraccetti centrali non in posizione di ripIl carrello 1 non è in posizione per poterLavoroTerminato
23/07/2010 16:28:43	TASTEGGIO	0	0	13000	69499	105604	0	0	0.10	0.10	0	
23/07/2010 16:29:32	ALARM 203		err.0
23/07/2010 16:29:45	ALARM 203		err.4007
23/07/2010 16:31:05	TASTEGGIO	0	0	13000	69499	105601	150	-2	0.10	0.10	0	
23/07/2010 16:31:56	TASTEGGIO	0	0	13000	69499	105601	309	-22	0.18	0.18	0	
23/07/2010 16:45:04	TASTEGGIO	0	0	13000	69499	105601	309	-22	0.17	0.17	0	
23/07/2010 16:45:36	TASTEGGIO	1	0	13000	69499	105601	234	-8	0.09	0.09	0	
23/07/2010 16:45:45	TASTEGGIO	1	0	13000	69499	105601	234	-8	0.09	0.09	0	
23/07/2010 16:59:55	TASTEGGIO	1	0	13000	69499	105601	234	-8	0.09	0.09	0	
23/07/2010 17:00:26	TASTEGGIO	1	0	13000	69499	105601	214	-1	0.09	0.09	0	
23/07/2010 17:00:55	TASTEGGIO	0	1	13000	69499	105601	223	-1	0.08	0.08	0	
23/07/2010 17:01:24	TASTEGGIO	0	2	13000	69499	105601	233	-1	0.07	0.07	0	
23/07/2010 17:01:55	TASTEGGIO	0	3	13000	69499	105601	243	-2	0.07	0.07	0	
23/07/2010 17:02:24	TASTEGGIO	0	4	13000	69499	105601	257	-5	0.03	0.03	0	
23/07/2010 17:02:42	TASTEGGIO	0	4	13000	69499	105606	257	-5	0.03	0.16	24500	
23/07/2010 17:03:17	TASTEGGIO	0	4	13000	69499	81162	257	-5	0.16	0.16	0	
23/07/2010 17:03:47	TASTEGGIO	1	0	13000	69499	81162	232	-1	0.15	0.15	0	
23/07/2010 17:04:18	TASTEGGIO	0	1	13000	69499	81162	246	0	0.15	0.15	0	
23/07/2010 17:04:48	TASTEGGIO	0	2	13000	69499	81162	267	0	0.14	0.14	0	
23/07/2010 17:04:57	TASTEGGIO	0	2	13000	69499	81162	267	0	0.14	0.14	0	
23/07/2010 17:05:29	TASTEGGIO	1	0	13000	69499	81162	227	0	0.14	0.14	0	
23/07/2010 17:06:00	TASTEGGIO	0	1	13000	69499	81162	241	0	0.14	0.14	0	
23/07/2010 17:06:29	TASTEGGIO	0	2	13000	69499	81162	260	0	0.14	0.14	0	
23/07/2010 17:07:02	TASTEGGIO	0	3	13000	69499	81162	284	-2	0.14	0.14	0	
23/07/2010 17:07:34	TASTEGGIO	0	4	13000	69499	81162	312	-5	0.08	0.08	0	
23/07/2010 17:07:56	TASTEGGIO	0	4	13000	69499	105602	312	-5	0.08	0.10	-24500	
23/07/2010 17:11:58	ALARM 401		
23/07/2010 17:14:42	ALARM 401		
23/07/2010 17:14:45	ALARM 401		
23/07/2010 17:14:48	INIT OK
23/07/2010 17:20:58	ALARM 408		
23/07/2010 17:21:01	ALARM 203		err.6058
23/07/2010 17:22:53	ALARM 401		
23/07/2010 17:39:10	INIT OK
23/07/2010 17:39:10	ALARM 201		err.0
23/07/2010 17:39:24	ALARM 201		err.4005
23/07/2010 17:39:25	ALARM 201		err.6059
23/07/2010 17:39:29	ALARM 201		err.6059
23/07/2010 17:39:35	ALARM 201		err.6059
23/07/2010 17:39:35	ALARM 202		err.6059
23/07/2010 17:39:36	ALARM 202		err.6059
23/07/2010 17:39:36	ALARM 202		err.6059
23/07/2010 17:41:30	ALARM 401		
23/07/2010 17:41:35	INIT OK
23/07/2010 17:42:05	ALARM 702		Fld_write_mem 57
23/07/2010 17:44:39	TASTEGGIO	0	0	13000	69501	106032	0	0	0.03	0.04	-24500	
23/07/2010 17:50:57	TASTEGGIO	0	0	13000	69501	106011	0	0	0.06	0.06	0	
23/07/2010 17:52:25	ALARM 204		err.0
23/07/2010 17:53:15	ALARM 204		err.6054
23/07/2010 17:55:13	ALARM 19	proc 1 prog 2 step 8	Tondo Non Presente Su Carrello 2
23/07/2010 17:55:45	ALARM 203		err.6058
23/07/2010 17:57:23	ALARM 401		
23/07/2010 17:57:25	ALARM 401		
23/07/2010 17:57:25	ALARM 401		
23/07/2010 17:57:26	ALARM 401		
23/07/2010 17:57:27	ALARM 401		
23/07/2010 17:57:27	ALARM 401		
23/07/2010 17:59:57	TASTEGGIO	0	0	13000	69501	106015	0	0	0.08	0.13	-44500	
23/07/2010 18:00:16	ALARM 206		err.0
23/07/2010 18:01:07	ALARM 206		err.6061
23/07/2010 18:01:28	TASTEGGIO	1	0	13000	69500	106004	224	-3	0.10	0.13	-24500	
23/07/2010 18:02:00	TASTEGGIO	1	0	13000	69500	130482	224	-2	0.12	0.12	0	
23/07/2010 18:02:29	TASTEGGIO	0	1	13000	69500	130482	235	-1	0.12	0.12	0	
23/07/2010 18:03:01	TASTEGGIO	0	2	13000	69500	130482	259	-1	0.12	0.12	0	
23/07/2010 18:03:32	TASTEGGIO	0	3	13000	69500	130482	295	-3	0.10	0.10	0	
23/07/2010 18:04:05	TASTEGGIO	0	4	13000	69500	130482	328	-5	0.06	0.06	0	
23/07/2010 18:04:20	TASTEGGIO	0	4	13000	69500	106006	328	-5	0.03	0.17	-44500	
23/07/2010 18:04:52	TASTEGGIO	1	0	13000	69500	150426	234	-4	0.14	0.14	0	
23/07/2010 18:05:08	TASTEGGIO	1	0	13000	69500	106003	234	-4	0.05	0.15	-44500	
23/07/2010 18:05:41	TASTEGGIO	1	0	13000	69500	150419	229	-2	0.15	0.15	0	
23/07/2010 18:06:11	TASTEGGIO	0	1	13000	69500	150419	244	-3	0.12	0.12	0	
23/07/2010 18:06:24	TASTEGGIO	0	1	13000	69500	106007	244	-3	0.08	0.12	-24500	
23/07/2010 18:06:49	TASTEGGIO	1	0	13000	69500	130528	222	-4	0.10	0.10	0	
23/07/2010 18:07:16	TASTEGGIO	0	1	13000	69500	130528	230	-2	0.10	0.10	0	
23/07/2010 18:07:45	TASTEGGIO	0	2	13000	69500	130528	250	-2	0.10	0.10	0	
23/07/2010 18:08:15	TASTEGGIO	0	3	13000	69500	130528	280	-2	0.09	0.09	0	
23/07/2010 18:08:45	TASTEGGIO	0	4	13000	69500	130528	312	-2	0.07	0.07	0	
23/07/2010 18:08:58	TASTEGGIO	0	4	13000	69500	106058	312	-2	0.04	0.16	-44500	
23/07/2010 18:09:21	TASTEGGIO	1	0	13000	69500	150514	232	-4	0.14	0.14	0	
23/07/2010 18:09:24	ALARM 401		
23/07/2010 18:09:29	ALARM 401		
23/07/2010 18:09:30	ALARM 201		err.6058
23/07/2010 18:09:56	TASTEGGIO	1	0	13000	69500	106054	232	-4	0.06	0.14	24500	
23/07/2010 18:10:24	TASTEGGIO	1	0	13000	69500	81601	232	-4	0.15	0.15	0	
23/07/2010 18:11:16	TASTEGGIO	1	0	13000	39997	81602	150	0	0.14	0.14	0	
23/07/2010 18:11:56	TASTEGGIO	1	0	13000	39997	81602	180	-2	0.12	0.12	0	
23/07/2010 18:12:49	TASTEGGIO	1	0	13000	45001	81602	180	-1	0.11	0.11	0	
23/07/2010 18:13:00	ALARM 206		err.0
23/07/2010 18:13:04	ALARM 206		err.6061
23/07/2010 18:13:37	TASTEGGIO	1	0	13000	45001	81602	194	-2	0.10	0.10	0	
23/07/2010 18:13:54	TASTEGGIO	1	0	13000	45001	105895	194	-2	0.09	0.13	-24500	
23/07/2010 18:14:44	ALARM 218	proc 12 prog 114 step 18	go_abs 3 cmd 11
23/07/2010 18:14:56	ALARM 401		
23/07/2010 18:15:22	TASTEGGIO	1	0	13000	45001	130375	200	0	0.09	0.09	0	
23/07/2010 18:15:39	TASTEGGIO	1	0	13000	45001	106029	200	0	0.07	0.16	-44500	
23/07/2010 18:15:58	TASTEGGIO	1	0	13000	45001	150448	200	0	0.15	0.15	0	
23/07/2010 18:16:04	ALARM 401		
23/07/2010 18:16:13	ALARM 203		err.6058
23/07/2010 18:16:44	TASTEGGIO	1	0	13000	69502	150448	200	0	0.16	0.16	0	
23/07/2010 18:16:56	TASTEGGIO	1	0	13000	69502	150448	200	0	0.16	0.16	0	
23/07/2010 18:17:31	TASTEGGIO	1	0	13000	69502	150448	232	-3	0.13	0.13	0	
23/07/2010 18:17:36	TASTEGGIO	1	0	13000	69502	150448	232	-3	0.13	0.13	0	
23/07/2010 18:17:59	TASTEGGIO	1	0	13000	69502	150448	224	-2	0.13	0.13	0	
23/07/2010 18:18:20	TASTEGGIO	0	1	13000	69502	150448	237	-2	0.13	0.13	0	
23/07/2010 18:18:44	TASTEGGIO	0	2	13000	69502	150448	263	-3	0.11	0.11	0	
23/07/2010 18:19:07	TASTEGGIO	0	3	13000	69502	150448	290	-7	0.05	0.05	0	
23/07/2010 18:19:21	TASTEGGIO	0	3	13000	69502	106020	290	-7	0.15	0.20	-24500	
23/07/2010 18:19:38	TASTEGGIO	0	3	13000	69502	130498	290	-7	0.20	0.20	0	
23/07/2010 18:19:49	ALARM 202		err.0
23/07/2010 18:20:00	TASTEGGIO	1	0	13000	69502	130498	242	-5	0.17	0.17	0	
23/07/2010 18:20:24	TASTEGGIO	0	1	13000	69502	130498	256	-2	0.16	0.16	0	
23/07/2010 18:20:47	TASTEGGIO	0	2	13000	69502	130498	286	-2	0.15	0.15	0	
23/07/2010 18:21:13	TASTEGGIO	0	3	13000	69502	130498	328	-4	0.13	0.13	0	
23/07/2010 18:21:18	TASTEGGIO	0	3	13000	69502	130499	328	-4	0.12	0.12	0	
23/07/2010 18:21:40	TASTEGGIO	1	0	13000	69502	130498	222	-1	0.13	0.13	0	
23/07/2010 18:22:03	TASTEGGIO	0	1	13000	69502	130498	236	-1	0.13	0.13	0	
23/07/2010 18:22:25	TASTEGGIO	0	2	13000	69502	130498	262	-1	0.12	0.12	0	
23/07/2010 18:22:35	ALARM 202		err.6048
23/07/2010 18:22:49	TASTEGGIO	0	3	13000	69502	130498	295	-1	0.12	0.12	0	
23/07/2010 18:23:16	TASTEGGIO	0	4	13000	69502	130498	343	-3	0.10	0.10	0	
23/07/2010 18:23:30	TASTEGGIO	0	4	13000	69502	106033	343	-3	0.06	0.14	-44500	
23/07/2010 18:23:48	TASTEGGIO	0	4	13000	69502	150442	343	-3	0.14	0.14	0	
23/07/2010 18:24:10	TASTEGGIO	1	0	13000	69502	150442	227	-5	0.10	0.10	0	
23/07/2010 18:24:26	TASTEGGIO	1	0	13000	69502	106018	227	-5	0.09	0.14	-24500	
23/07/2010 18:24:40	TASTEGGIO	1	0	13000	69502	130497	227	-5	0.14	0.14	0	
23/07/2010 18:24:51	ALARM 202		err.0
23/07/2010 18:25:02	TASTEGGIO	1	0	13000	69502	130497	227	-3	0.12	0.12	0	
23/07/2010 18:25:09	ALARM 401		
23/07/2010 18:25:10	ALARM 401		
23/07/2010 18:25:11	ALARM 401		
23/07/2010 18:25:30	TASTEGGIO	1	0	13000	69502	106032	227	-3	0.08	0.12	-24500	
23/07/2010 18:28:22	ALARM 401		
26/07/2010 10:55:34	ALARM 401		
26/07/2010 10:55:36	INIT OK
26/07/2010 11:27:04	ALARM 401		
26/07/2010 12:36:23	ALARM 8	proc 12 prog 111 step 10	Braccetti carico non in fuori ingombro
26/07/2010 12:37:33	ALARM 8	proc 12 prog 111 step 10	Braccetti carico non in fuori ingombro
26/07/2010 12:40:54	ALARM 401		
26/07/2010 12:40:57	ALARM 401		
26/07/2010 12:40:57	ALARM 401		
26/07/2010 12:41:36	ALARM 318	proc 12 prog 130 step 3	go_abs inv_ax 6
26/07/2010 12:41:43	ALARM 318	proc 12 prog 130 step 3	go_abs inv_ax 6
26/07/2010 12:41:53	ALARM 318	proc 12 prog 130 step 3	go_abs inv_ax 6
26/07/2010 12:42:00	ALARM 318	proc 12 prog 130 step 3	go_abs inv_ax 6
26/07/2010 12:42:08	ALARM 318	proc 12 prog 130 step 3	go_abs inv_ax 6
26/07/2010 12:44:13	ALARM 401		
26/07/2010 12:46:28	ALARM 401		
26/07/2010 12:46:30	ALARM 401		
26/07/2010 12:47:11	ALARM 401		
26/07/2010 12:48:34	ALARM 401		
26/07/2010 12:48:36	INIT OK
26/07/2010 13:03:08	ALARM 26	proc 12 prog 37 step 3	errore numero 26
26/07/2010 13:04:43	ALARM 26	proc 12 prog 36 step 3	errore numero 26
26/07/2010 13:07:38	ALARM 401		
26/07/2010 15:37:54	ALARM 401		
26/07/2010 15:37:55	ALARM 401		
26/07/2010 16:10:13	INIT OK
26/07/2010 16:12:05	ALARM 201		err.0
26/07/2010 16:12:15	ALARM 201		err.4005
26/07/2010 16:12:22	ALARM 201		err.6059
26/07/2010 16:12:22	ALARM 201		err.6059
26/07/2010 16:12:24	ALARM 201		err.6059
26/07/2010 16:12:25	ALARM 201		err.6059
26/07/2010 16:12:25	ALARM 201		err.6059
26/07/2010 16:12:30	ALARM 201		err.6059
26/07/2010 16:12:30	ALARM 202		err.6059
26/07/2010 16:13:09	ALARM 202		err.6059
26/07/2010 16:13:09	ALARM 202		err.6059
26/07/2010 16:13:10	ALARM 202		err.6059
26/07/2010 16:13:10	ALARM 202		err.6059
26/07/2010 16:13:19	ALARM 202		err.6059
26/07/2010 16:13:20	ALARM 204		err.6059
26/07/2010 16:13:28	ALARM 204		err.6059
26/07/2010 16:13:29	ALARM 204		err.6059
26/07/2010 16:13:29	ALARM 204		err.6059
26/07/2010 16:13:30	ALARM 204		err.6059
26/07/2010 16:13:30	ALARM 204		err.6059
26/07/2010 16:13:31	ALARM 204		err.6059
26/07/2010 16:13:32	ALARM 204		err.6059
26/07/2010 16:13:34	ALARM 204		err.6059
26/07/2010 16:13:35	ALARM 204		err.6059
26/07/2010 16:13:35	ALARM 204		err.6059
26/07/2010 16:13:40	ALARM 204		err.6059
26/07/2010 16:16:36	ALARM 401		
26/07/2010 16:16:39	ALARM 401		
26/07/2010 16:16:39	ALARM 401		
26/07/2010 16:57:16	ALARM 713	proc 12 prog 114 step 18	axis 3 pos 50.10
26/07/2010 17:04:24	ALARM 203		err.0
26/07/2010 17:04:26	ALARM 203		err.4007
26/07/2010 17:05:48	ALARM 401		
26/07/2010 17:08:35	ALARM 401		
26/07/2010 17:08:40	INIT OK
26/07/2010 17:08:41	ALARM 401		
26/07/2010 17:08:51	ALARM 26	proc 12 prog 117 step 4	errore numero 26
26/07/2010 17:09:10	ALARM 26	proc 12 prog 117 step 4	errore numero 26
26/07/2010 17:09:51	ALARM 26	proc 12 prog 84 step 3	errore numero 26
26/07/2010 17:09:58	ALARM 26	proc 12 prog 84 step 3	errore numero 26
26/07/2010 17:10:15	ALARM 26	proc 12 prog 84 step 3	errore numero 26
26/07/2010 17:23:55	ALARM 401		
26/07/2010 17:40:53	ALARM 401		
26/07/2010 17:40:56	ALARM 401		
26/07/2010 17:40:58	ALARM 401		
26/07/2010 18:05:10	ALARM 401		
26/07/2010 19:02:22	ALARM 401		
26/07/2010 19:02:25	INIT OK
26/07/2010 19:07:36	ALARM 401		
26/07/2010 19:07:43	INIT OK
26/07/2010 19:09:45	ALARM 401		
26/07/2010 19:09:51	INIT OK
27/07/2010 08:33:19	ALARM 401		
27/07/2010 08:33:21	INIT OK
27/07/2010 09:48:20	ALARM 401		
27/07/2010 09:48:25	INIT OK
27/07/2010 10:07:03	INIT OK
27/07/2010 10:07:22	ALARM 203		err.0
27/07/2010 10:07:26	ALARM 203		err.4005
27/07/2010 10:07:27	ALARM 203		err.6059
27/07/2010 10:07:28	ALARM 203		err.6059
27/07/2010 10:07:37	ALARM 203		err.6059
27/07/2010 10:09:54	ALARM 702		Fld_write_mem 57
27/07/2010 10:10:36	ALARM 702		Fld_write_mem 57
27/07/2010 10:11:13	ALARM 702		Fld_write_mem 57
27/07/2010 10:12:02	ALARM 702		Fld_write_mem 57
27/07/2010 10:16:25	ALARM 27	proc 12 prog 36 step 54	errore numero 27
27/07/2010 10:18:29	ALARM 1	proc 12 prog 31 step 42	Sensore allin.C1 impegnato
27/07/2010 10:19:49	TASTEGGIO	0	0	8000	37003	117713	0	0	0.01	0.02	-44500	
27/07/2010 10:19:59	ALARM 702		Fld_write_mem 34
27/07/2010 10:23:05	ALARM 713	proc 12 prog 114 step 18	axis 3 pos 50.10
27/07/2010 10:24:30	ALARM 713	proc 12 prog 114 step 18	axis 3 pos 50.10
27/07/2010 10:28:21	ALARM 713	proc 12 prog 114 step 18	axis 3 pos 50.10
27/07/2010 10:28:51	ALARM 713	proc 12 prog 114 step 18	axis 3 pos 50.10
27/07/2010 10:29:37	ALARM 713	proc 12 prog 114 step 18	axis 3 pos 50.10
27/07/2010 10:30:22	ALARM 713	proc 12 prog 114 step 18	axis 3 pos 50.10
27/07/2010 10:31:09	ALARM 713	proc 12 prog 114 step 18	axis 3 pos 50.10
27/07/2010 10:32:51	ALARM 713	proc 12 prog 114 step 18	axis 3 pos 50.10
27/07/2010 10:35:13	ALARM 713	proc 12 prog 114 step 18	axis 3 pos 50.10
27/07/2010 10:38:10	ALARM 401		
27/07/2010 10:40:26	ALARM 401		
27/07/2010 10:40:30	ALARM 401		
27/07/2010 10:40:32	INIT OK
27/07/2010 10:47:48	INIT OK
27/07/2010 10:48:34	ALARM 401		
27/07/2010 10:51:39	TASTEGGIO	0	0	8000	37003	117718	0	0	0.01	0.04	24500	
27/07/2010 10:52:39	ALARM 203		err.0
27/07/2010 10:52:46	ALARM 203		err.4007
27/07/2010 10:53:43	TASTEGGIO	0	0	8000	53802	93288	332	-27	0.25	0.25	0	
27/07/2010 10:55:30	TASTEGGIO	0	0	8000	53802	52697	355	-23	0.12	0.12	0	
27/07/2010 10:55:38	ALARM 702		Fld_write_mem 34
27/07/2010 10:56:09	TASTEGGIO	0	0	8000	53802	52697	380	-54	0.46	0.46	0	
27/07/2010 10:59:28	TASTEGGIO	0	0	8000	53824	117708	380	-54	0.26	0.42	44500	
27/07/2010 11:00:02	TASTEGGIO	1	0	8000	53824	73292	305	-8	0.35	0.35	0	
27/07/2010 11:00:23	TASTEGGIO	0	1	8000	53824	73292	334	-15	0.37	0.37	0	
27/07/2010 11:00:43	TASTEGGIO	0	2	8000	53824	73293	412	-40	0.15	0.15	0	
27/07/2010 11:01:04	TASTEGGIO	0	3	8000	53824	73294	401	-55	0.50	0.50	0	
27/07/2010 11:01:18	TASTEGGIO	0	4	8000	53824	73294	67	-4	0.46	0.46	0	
27/07/2010 11:01:36	TASTEGGIO	0	5	8000	53824	73294	278	-5	0.40	0.40	0	
27/07/2010 11:01:58	TASTEGGIO	0	6	8000	53824	73295	450	-48	0.08	0.08	0	
27/07/2010 11:02:08	TASTEGGIO	0	6	8000	53824	117553	450	-48	0.08	0.09	24500	
27/07/2010 11:02:30	TASTEGGIO	1	0	8000	53824	93152	222	-11	0.03	0.03	0	
27/07/2010 11:02:39	TASTEGGIO	1	0	8000	53824	117558	222	-11	0.02	0.10	44500	
27/07/2010 11:03:00	TASTEGGIO	1	0	8000	53824	73223	225	-4	0.06	0.06	0	
27/07/2010 11:03:17	TASTEGGIO	0	1	8000	53824	73223	228	-1	0.05	0.05	0	
27/07/2010 11:03:36	TASTEGGIO	0	2	8000	53824	73223	236	-1	0.05	0.05	0	
27/07/2010 11:03:54	TASTEGGIO	0	3	8000	53824	73223	251	-1	0.04	0.04	0	
27/07/2010 11:04:14	TASTEGGIO	0	4	8000	53824	73223	257	-1	0.04	0.04	0	
27/07/2010 11:04:33	TASTEGGIO	0	5	8000	53824	73223	277	-1	0.03	0.03	0	
27/07/2010 11:04:43	TASTEGGIO	0	5	8000	53824	117550	277	-1	0.06	0.06	0	
27/07/2010 11:05:05	TASTEGGIO	1	0	8000	53824	117545	215	-5	0.01	0.01	0	
27/07/2010 11:05:13	TASTEGGIO	1	0	8000	53824	117550	215	-5	0.01	0.07	44500	
27/07/2010 11:05:34	TASTEGGIO	1	0	8000	53824	73213	217	-2	0.06	0.06	0	
27/07/2010 11:05:51	TASTEGGIO	0	1	8000	53824	73213	222	0	0.06	0.06	0	
27/07/2010 11:06:09	TASTEGGIO	0	2	8000	53824	73213	234	0	0.06	0.06	0	
27/07/2010 11:06:29	TASTEGGIO	0	3	8000	53824	73213	252	-1	0.05	0.05	0	
27/07/2010 11:06:39	TASTEGGIO	0	3	8000	53824	117556	252	-1	0.02	0.06	44500	
27/07/2010 11:07:00	TASTEGGIO	1	0	8000	53824	73212	215	-1	0.06	0.06	0	
27/07/2010 11:08:03	ALARM 17	proc 12 prog 10 step 37	LavoroTerminato
27/07/2010 11:16:00	TASTEGGIO	0	1	8000	49998	117702	221	0	0.06	0.06	0	
27/07/2010 11:16:30	ALARM 713	proc 12 prog 112 step 14	axis 1 pos 475.97
27/07/2010 11:17:47	TASTEGGIO	0	1	8000	53801	72730	428	-107	1.01	1.01	0	
27/07/2010 11:18:08	TASTEGGIO	0	1	8000	53801	117537	428	-107	0.72	1.02	44500	
27/07/2010 11:19:27	TASTEGGIO	0	1	8000	53822	117544	428	-107	0.71	1.02	44500	
27/07/2010 11:19:50	TASTEGGIO	1	0	8000	53822	73221	450	-87	0.26	0.26	0	
27/07/2010 11:20:08	TASTEGGIO	0	1	8000	53822	73221	265	-3	0.23	0.23	0	
27/07/2010 11:20:27	TASTEGGIO	0	2	8000	53822	73221	305	-7	0.16	0.16	0	
27/07/2010 11:20:46	TASTEGGIO	0	3	8000	53822	73221	324	-6	0.10	0.10	0	
27/07/2010 11:20:57	TASTEGGIO	0	3	8000	53822	117546	324	-6	0.04	0.11	44500	
27/07/2010 11:21:16	TASTEGGIO	1	0	8000	53822	73167	227	-1	0.10	0.10	0	
27/07/2010 11:21:33	TASTEGGIO	0	1	8000	53822	73168	236	0	0.10	0.10	0	
27/07/2010 11:21:50	TASTEGGIO	0	2	8000	53822	73169	256	-1	0.10	0.10	0	
27/07/2010 11:22:09	TASTEGGIO	0	3	8000	53822	73170	286	-1	0.09	0.09	0	
27/07/2010 11:22:27	TASTEGGIO	0	4	8000	53822	73170	318	-3	0.08	0.08	0	
27/07/2010 11:22:47	TASTEGGIO	0	5	8000	53822	73170	353	-14	0.05	0.05	0	
27/07/2010 11:22:57	TASTEGGIO	0	5	8000	53822	117541	353	-14	0.08	0.08	0	
27/07/2010 11:23:18	TASTEGGIO	1	0	8000	53822	117537	220	-4	0.04	0.04	0	
27/07/2010 11:23:26	TASTEGGIO	1	0	8000	53822	117540	220	-4	0.04	0.04	0	
27/07/2010 11:24:18	ALARM 17	proc 12 prog 10 step 37	LavoroTerminato
27/07/2010 11:31:41	ALARM 27	proc 12 prog 8 step 15	errore numero 27
27/07/2010 11:34:57	ALARM 27	proc 12 prog 8 step 15	errore numero 27
27/07/2010 11:36:28	ALARM 2	proc 3 prog 67 step 25	Sensore allin.C2 impegnato
27/07/2010 11:38:27	TASTEGGIO	1	0	5900	45589	126961	220	-4	0.13	0.13	-24500	
27/07/2010 11:39:03	TASTEGGIO	1	0	5900	45589	151350	232	-11	0.04	0.04	0	
27/07/2010 11:39:12	TASTEGGIO	1	0	5900	45589	126961	232	-11	0.06	0.07	24500	
27/07/2010 11:39:33	TASTEGGIO	1	0	5900	45589	102532	217	-4	0.03	0.03	0	
27/07/2010 11:39:43	TASTEGGIO	1	0	5900	45589	126842	217	-4	0.04	0.04	24500	
27/07/2010 11:41:26	TASTEGGIO	1	0	5900	45590	126901	217	-4	0.05	0.06	-44500	
27/07/2010 11:42:01	TASTEGGIO	1	0	5900	45590	171348	215	-7	0.02	0.02	0	
27/07/2010 11:42:11	TASTEGGIO	1	0	5900	45590	126901	215	-7	0.01	0.03	-44500	
27/07/2010 11:43:53	TASTEGGIO	1	0	5900	45590	126964	215	-7	0.02	0.03	-44500	
27/07/2010 11:44:40	ALARM 17	proc 12 prog 10 step 37	LavoroTerminato
27/07/2010 11:46:14	TASTEGGIO	1	0	5900	45590	126988	215	-7	0.02	0.03	24500	
27/07/2010 11:47:48	TASTEGGIO	1	0	5900	45590	126989	215	-7	0.03	0.03	-44500	
27/07/2010 11:48:35	ALARM 17	proc 12 prog 10 step 37	LavoroTerminato
27/07/2010 11:56:16	ALARM 5	proc 2 prog 26 step 30	Tondo non in posizione di carico
27/07/2010 12:00:28	TASTEGGIO	1	0	5900	45590	127028	215	-7	0.02	0.02	-24500	
27/07/2010 12:05:12	TASTEGGIO	1	0	5900	45590	72037	356	-34	0.32	0.32	0	
27/07/2010 12:05:39	ALARM 702		Fld_write_mem 34
27/07/2010 12:06:08	TASTEGGIO	1	0	5900	45590	161869	390	-87	0.69	0.69	0	
27/07/2010 12:06:26	TASTEGGIO	1	0	5900	45590	127024	390	-87	0.45	0.65	-44500	
27/07/2010 12:07:46	TASTEGGIO	1	0	5900	45590	127032	390	-87	0.45	0.65	-44500	
27/07/2010 12:08:09	TASTEGGIO	1	0	5900	45590	171482	363	-47	0.19	0.19	0	
27/07/2010 12:08:28	TASTEGGIO	0	1	5900	45590	171482	247	-3	0.15	0.15	0	
27/07/2010 12:08:47	TASTEGGIO	0	2	5900	45590	171482	263	-1	0.15	0.15	0	
27/07/2010 12:09:05	TASTEGGIO	0	3	5900	45590	171482	308	-13	0.04	0.04	0	
27/07/2010 12:09:15	TASTEGGIO	0	3	5900	45590	127043	308	-13	0.02	0.19	44500	
27/07/2010 12:09:37	TASTEGGIO	1	0	5900	45590	82626	247	-6	0.13	0.13	0	
27/07/2010 12:09:42	ALARM 206		err.0
27/07/2010 12:12:54	ALARM 206		err.6061
27/07/2010 12:13:31	ALARM 29	proc 12 prog 72 step 6	errore numero 29
27/07/2010 12:14:02	TASTEGGIO	1	0	5900	45590	126907	247	-6	0.02	0.16	44500	
27/07/2010 12:14:23	TASTEGGIO	1	0	5900	45590	82496	240	-1	0.13	0.13	0	
27/07/2010 12:14:34	TASTEGGIO	1	0	5900	45590	126903	240	-1	0.03	0.14	44500	
27/07/2010 12:14:54	TASTEGGIO	1	0	5900	45590	82492	235	-1	0.13	0.13	0	
27/07/2010 12:15:03	ALARM 206		err.0
27/07/2010 12:15:32	ALARM 206		err.6061
27/07/2010 12:15:47	TASTEGGIO	0	1	5900	45590	126892	247	-1	0.03	0.13	44500	
27/07/2010 12:16:08	TASTEGGIO	1	0	5900	45590	82482	232	0	0.12	0.12	0	
27/07/2010 12:16:26	TASTEGGIO	0	1	5900	45590	82482	243	0	0.12	0.12	0	
27/07/2010 12:16:46	TASTEGGIO	0	2	5900	45590	82482	267	-2	0.10	0.10	0	
27/07/2010 12:17:04	TASTEGGIO	0	3	5900	45590	82482	291	-6	0.04	0.04	0	
27/07/2010 12:17:17	TASTEGGIO	0	3	5900	45590	126887	291	-6	0.09	0.16	-24500	
27/07/2010 12:17:38	TASTEGGIO	1	0	5900	45590	151253	240	-10	0.06	0.06	0	
27/07/2010 12:17:50	TASTEGGIO	1	0	5900	45590	127016	240	-10	0.02	0.11	44500	
27/07/2010 12:18:11	TASTEGGIO	1	0	5900	45590	82600	227	-1	0.09	0.09	0	
27/07/2010 12:18:30	TASTEGGIO	0	1	5900	45590	82600	234	-1	0.09	0.09	0	
27/07/2010 12:18:49	TASTEGGIO	0	2	5900	45590	82600	252	0	0.09	0.09	0	
27/07/2010 12:19:08	TASTEGGIO	0	3	5900	45590	82600	279	-1	0.08	0.08	0	
27/07/2010 12:19:27	TASTEGGIO	0	4	5900	45590	82600	307	-4	0.04	0.04	0	
27/07/2010 12:19:39	TASTEGGIO	0	4	5900	45590	126879	307	-4	0.05	0.11	-24500	
27/07/2010 12:19:59	TASTEGGIO	1	0	5900	45590	151244	227	-2	0.08	0.08	0	
27/07/2010 12:20:18	TASTEGGIO	0	1	5900	45590	151244	232	-1	0.08	0.08	0	
27/07/2010 12:20:36	TASTEGGIO	0	2	5900	45590	151244	248	-4	0.03	0.03	0	
27/07/2010 12:20:48	TASTEGGIO	0	2	5900	45590	127003	248	-4	0.00	0.10	44500	
27/07/2010 12:21:09	TASTEGGIO	1	0	5900	45590	82592	225	-1	0.08	0.08	0	
27/07/2010 12:21:27	TASTEGGIO	0	1	5900	45590	82592	231	0	0.08	0.08	0	
27/07/2010 12:21:46	TASTEGGIO	0	2	5900	45590	82592	247	0	0.07	0.07	0	
27/07/2010 12:22:06	TASTEGGIO	0	3	5900	45590	82592	265	0	0.07	0.07	0	
27/07/2010 12:22:24	TASTEGGIO	0	4	5900	45590	82592	293	-1	0.07	0.07	0	
27/07/2010 12:22:45	TASTEGGIO	0	5	5900	45590	82592	328	-7	0.01	0.01	0	
27/07/2010 12:22:57	TASTEGGIO	0	5	5900	45590	126869	328	-7	0.06	0.09	-24500	
27/07/2010 12:23:18	TASTEGGIO	1	0	5900	45590	151243	222	0	0.08	0.08	0	
27/07/2010 12:23:36	TASTEGGIO	0	1	5900	45590	151243	229	-1	0.07	0.07	0	
27/07/2010 12:23:56	TASTEGGIO	0	2	5900	45590	151243	241	-1	0.07	0.07	0	
27/07/2010 12:24:16	TASTEGGIO	0	3	5900	45590	151243	262	-4	0.03	0.03	0	
27/07/2010 12:24:27	TASTEGGIO	0	3	5900	45590	127006	262	-4	0.02	0.05	-24500	
27/07/2010 12:25:20	ALARM 17	proc 12 prog 10 step 37	LavoroTerminato
27/07/2010 12:43:34	ALARM 401		
27/07/2010 12:47:56	ALARM 401		
27/07/2010 12:48:01	INIT OK
27/07/2010 12:48:13	ALARM 401		
27/07/2010 12:48:13	ALARM 401		
27/07/2010 12:48:14	ALARM 401		
27/07/2010 12:52:06	TASTEGGIO	0	0	5900	37003	126928	0	0	0.01	0.03	44500	
27/07/2010 12:53:03	TASTEGGIO	0	0	5900	37003	82507	377	-121	1.14	1.14	0	
27/07/2010 12:53:26	TASTEGGIO	0	0	5900	37003	126795	377	-121	0.87	1.16	44500	
27/07/2010 12:54:13	TASTEGGIO	0	0	5900	45592	126773	377	-121	0.86	1.15	44500	
27/07/2010 12:54:36	TASTEGGIO	1	0	5900	45592	82368	450	-62	0.52	0.52	0	
27/07/2010 12:54:55	TASTEGGIO	0	1	5900	45592	82368	335	-2	0.51	0.51	0	
27/07/2010 12:55:17	TASTEGGIO	0	2	5900	45592	82368	450	-37	0.17	0.17	0	
27/07/2010 12:55:35	TASTEGGIO	0	3	5900	45592	82368	245	0	0.17	0.17	0	
27/07/2010 12:55:56	TASTEGGIO	0	4	5900	45592	82368	381	-12	0.05	0.05	0	
27/07/2010 12:56:08	TASTEGGIO	0	4	5900	45592	126784	381	-12	0.04	0.04	44500	
27/07/2010 12:57:01	ALARM 17	proc 12 prog 10 step 37	LavoroTerminato
27/07/2010 12:58:33	TASTEGGIO	0	4	5900	45590	126944	381	-12	0.02	0.03	44500	
27/07/2010 12:59:25	ALARM 17	proc 12 prog 10 step 37	LavoroTerminato
27/07/2010 13:00:44	TASTEGGIO	0	4	5900	45590	126818	381	-12	0.03	0.05	-24500	
27/07/2010 13:01:05	TASTEGGIO	1	0	5900	45590	151197	214	-7	0.01	0.01	0	
27/07/2010 13:01:14	TASTEGGIO	1	0	5900	45590	126805	214	-7	0.01	0.02	24500	
27/07/2010 13:02:59	TASTEGGIO	1	0	5900	45590	126884	214	-7	0.02	0.04	-44500	
27/07/2010 13:03:50	ALARM 17	proc 12 prog 10 step 37	LavoroTerminato
27/07/2010 13:04:48	ALARM 401		
27/07/2010 14:06:45	ALARM 401		
27/07/2010 14:06:46	ALARM 401		
27/07/2010 14:06:47	ALARM 401		
27/07/2010 14:06:51	ALARM 401		
27/07/2010 14:06:51	ALARM 401		
27/07/2010 14:06:52	ALARM 401		
27/07/2010 14:06:53	ALARM 401		
27/07/2010 14:08:11	ALARM 401		
27/07/2010 14:08:11	ALARM 401		
27/07/2010 14:08:13	ALARM 401		
27/07/2010 14:08:14	ALARM 401		
27/07/2010 14:15:20	TASTEGGIO	1	0	6400	47551	92373	214	-7	0.44	0.45	24500	
27/07/2010 14:15:40	TASTEGGIO	1	0	6400	47551	68006	317	-42	0.03	0.03	0	
27/07/2010 14:15:49	TASTEGGIO	1	0	6400	47551	92236	317	-42	0.10	0.11	-44500	
27/07/2010 14:15:52	ALARM 713	proc 12 prog 71 step 26	axis 2 pos -478.98
27/07/2010 14:18:17	TASTEGGIO	1	0	6400	47551	92236	317	-42	0.11	0.11	-44500	
27/07/2010 14:18:20	ALARM 713	proc 12 prog 71 step 26	axis 2 pos -478.98
27/07/2010 14:19:31	TASTEGGIO	1	0	6400	47551	92236	317	-42	0.11	0.11	-44500	
27/07/2010 14:19:34	ALARM 713	proc 12 prog 71 step 26	axis 2 pos -478.97
27/07/2010 14:24:38	TASTEGGIO	1	0	6400	47551	92510	317	-42	0.11	0.12	-44500	
27/07/2010 14:24:58	TASTEGGIO	1	0	6400	47551	136978	232	-38	0.24	0.24	0	
27/07/2010 14:25:15	TASTEGGIO	0	1	6400	47551	136978	184	-10	0.13	0.13	0	
27/07/2010 14:25:31	TASTEGGIO	0	2	6400	47551	136978	193	-9	0.04	0.04	0	
27/07/2010 14:25:41	TASTEGGIO	0	2	6400	47551	92522	193	-9	0.04	0.06	24500	
27/07/2010 14:26:00	TASTEGGIO	1	0	6400	47551	68113	217	-11	0.06	0.06	0	
27/07/2010 14:26:16	TASTEGGIO	0	1	6400	47551	68113	211	-3	0.03	0.03	0	
27/07/2010 14:26:26	TASTEGGIO	0	1	6400	47551	92359	211	-3	0.05	0.10	44500	
27/07/2010 14:26:45	TASTEGGIO	1	0	6400	47551	47945	227	-5	0.05	0.05	0	
27/07/2010 14:26:55	TASTEGGIO	1	0	6400	47551	92352	227	-5	0.03	0.05	44500	
27/07/2010 14:28:39	TASTEGGIO	1	0	6400	47550	91952	227	-5	0.47	0.47	0	
27/07/2010 14:29:00	TASTEGGIO	1	0	6400	47550	91976	322	-82	0.36	0.36	0	
27/07/2010 14:29:19	TASTEGGIO	0	1	6400	47550	91976	294	-108	0.71	0.71	0	
27/07/2010 14:29:30	TASTEGGIO	0	2	6400	47550	91976	95	-10	0.61	0.61	0	
27/07/2010 14:29:47	TASTEGGIO	0	3	6400	47550	91976	252	-14	0.47	0.47	0	
27/07/2010 14:30:06	TASTEGGIO	0	4	6400	47550	91976	324	-88	0.41	0.41	0	
27/07/2010 14:30:24	TASTEGGIO	0	5	6400	47550	91976	244	-34	0.07	0.07	0	
27/07/2010 14:30:32	TASTEGGIO	0	5	6400	47550	91959	244	-34	0.07	0.18	44500	
27/07/2010 14:30:50	TASTEGGIO	1	0	6400	47550	47583	248	-15	0.04	0.04	0	
27/07/2010 14:31:00	TASTEGGIO	1	0	6400	47550	91818	248	-15	0.15	0.15	0	
27/07/2010 14:31:20	TASTEGGIO	1	0	6400	47550	91816	240	-21	0.05	0.05	0	
27/07/2010 14:31:27	TASTEGGIO	1	0	6400	47550	91818	240	-21	0.06	0.14	-44500	
27/07/2010 14:31:47	TASTEGGIO	1	0	6400	47550	136259	237	-51	0.36	0.36	0	
27/07/2010 14:32:02	TASTEGGIO	0	1	6400	47550	136259	144	-8	0.28	0.28	0	
27/07/2010 14:32:17	TASTEGGIO	0	2	6400	47550	136259	174	-2	0.26	0.26	0	
27/07/2010 14:32:35	TASTEGGIO	0	3	6400	47550	136259	323	-124	0.98	0.98	0	
27/07/2010 14:32:43	ALARM 206		err.0
27/07/2010 14:32:53	ALARM 206		err.6061
27/07/2010 14:33:17	TASTEGGIO	0	4	6400	47550	91967	0	-18	0.47	0.83	-44500	
27/07/2010 14:33:39	TASTEGGIO	1	0	6400	47550	136414	409	-236	1.56	1.56	0	
27/07/2010 14:33:51	TASTEGGIO	0	1	6400	47550	136414	115	-30	1.25	1.25	0	
27/07/2010 14:34:08	TASTEGGIO	0	2	6400	47550	136414	315	-83	0.43	0.43	0	
27/07/2010 14:34:15	ALARM 206		err.0
27/07/2010 14:34:25	ALARM 206		err.6061
27/07/2010 14:34:38	TASTEGGIO	0	3	6400	47550	91977	308	-85	0.23	0.42	-44500	
27/07/2010 14:34:58	TASTEGGIO	1	0	6400	47550	136427	305	-120	0.79	0.79	0	
27/07/2010 14:35:13	TASTEGGIO	0	1	6400	47550	136427	156	-20	0.59	0.59	0	
27/07/2010 14:35:29	TASTEGGIO	0	2	6400	47550	136427	218	-17	0.42	0.42	0	
27/07/2010 14:35:46	TASTEGGIO	0	3	6400	47550	136427	269	-52	0.13	0.13	0	
27/07/2010 14:35:52	ALARM 206		err.0
27/07/2010 14:36:03	ALARM 206		err.6061
27/07/2010 14:36:25	TASTEGGIO	0	3	6400	47550	91982	269	-52	0.17	0.17	0	
27/07/2010 14:36:45	TASTEGGIO	1	0	6400	47550	92009	242	-25	0.07	0.07	0	
27/07/2010 14:36:52	TASTEGGIO	1	0	6400	47550	91987	242	-25	0.07	0.14	44500	
27/07/2010 14:37:11	TASTEGGIO	1	0	6400	47550	47573	235	-3	0.11	0.11	0	
27/07/2010 14:37:28	TASTEGGIO	0	1	6400	47550	47574	243	-2	0.09	0.09	0	
27/07/2010 14:37:46	TASTEGGIO	0	2	6400	47550	47574	257	-11	0.04	0.04	0	
27/07/2010 14:37:56	TASTEGGIO	0	2	6400	47550	91811	257	-11	0.08	0.08	0	
27/07/2010 14:38:16	TASTEGGIO	1	0	6400	47550	91809	220	-6	0.02	0.02	0	
27/07/2010 14:38:23	TASTEGGIO	1	0	6400	47550	91813	220	-6	0.02	0.06	-44500	
27/07/2010 14:38:43	TASTEGGIO	1	0	6400	47550	136259	215	-41	0.35	0.35	0	
27/07/2010 14:38:55	TASTEGGIO	0	1	6400	47550	136259	10	-6	0.28	0.28	0	
27/07/2010 14:39:07	TASTEGGIO	0	2	6400	47550	136259	41	-1	0.28	0.28	0	
27/07/2010 14:39:24	TASTEGGIO	0	3	6400	47550	136259	215	-18	0.12	0.12	0	
27/07/2010 14:39:41	TASTEGGIO	0	4	6400	47550	136259	230	-15	0.03	0.03	0	
27/07/2010 14:39:51	TASTEGGIO	0	4	6400	47550	91974	230	-15	0.05	0.05	0	
27/07/2010 14:41:35	TASTEGGIO	0	4	6400	47550	92310	230	-15	0.49	0.49	0	
27/07/2010 14:41:54	TASTEGGIO	1	0	6400	47550	92328	323	-94	0.44	0.44	0	
27/07/2010 14:42:12	TASTEGGIO	0	1	6400	47550	92328	283	-69	0.24	0.24	0	
27/07/2010 14:42:30	TASTEGGIO	0	2	6400	47550	92328	264	-41	0.17	0.17	0	
27/07/2010 14:42:49	TASTEGGIO	0	3	6400	47550	92328	243	-25	0.08	0.08	0	
27/07/2010 14:42:56	TASTEGGIO	0	3	6400	47550	92314	243	-25	0.08	0.16	44500	
27/07/2010 14:43:15	TASTEGGIO	1	0	6400	47550	47898	240	-10	0.06	0.06	0	
27/07/2010 14:43:21	ALARM 206		err.0
27/07/2010 14:44:05	ALARM 206		err.6061
27/07/2010 14:44:30	TASTEGGIO	1	0	6400	47550	92158	240	-10	0.10	0.12	-44500	
27/07/2010 14:44:50	TASTEGGIO	1	0	6400	47550	136594	230	-38	0.25	0.25	0	
27/07/2010 14:45:06	TASTEGGIO	0	1	6400	47550	136594	177	-8	0.17	0.17	0	
27/07/2010 14:45:23	TASTEGGIO	0	2	6400	47550	136594	193	-8	0.09	0.09	0	
27/07/2010 14:45:40	TASTEGGIO	0	3	6400	47550	136594	201	-9	0.00	0.00	0	
27/07/2010 14:45:50	TASTEGGIO	0	3	6400	47550	92334	201	-9	0.13	0.13	0	
27/07/2010 14:46:10	TASTEGGIO	1	0	6400	47550	92359	232	-23	0.10	0.10	0	
27/07/2010 14:46:28	TASTEGGIO	0	1	6400	47550	92359	224	-13	0.04	0.04	0	
27/07/2010 14:46:35	TASTEGGIO	0	1	6400	47550	92346	224	-13	0.03	0.12	44500	
27/07/2010 14:46:54	TASTEGGIO	1	0	6400	47550	47938	230	-3	0.08	0.08	0	
27/07/2010 14:47:12	TASTEGGIO	0	1	6400	47550	47944	235	-2	0.06	0.06	0	
27/07/2010 14:47:28	TASTEGGIO	0	2	6400	47550	47946	241	-4	0.02	0.02	0	
27/07/2010 14:47:39	TASTEGGIO	0	2	6400	47550	92160	241	-4	0.06	0.06	0	
27/07/2010 14:47:58	TASTEGGIO	1	0	6400	47550	92158	215	-9	0.03	0.03	0	
27/07/2010 14:48:06	TASTEGGIO	1	0	6400	47550	92162	215	-9	0.03	0.08	44500	
27/07/2010 14:48:25	TASTEGGIO	1	0	6400	47550	47736	220	-2	0.07	0.07	0	
27/07/2010 14:48:41	TASTEGGIO	0	1	6400	47550	47737	226	0	0.06	0.06	0	
27/07/2010 14:48:57	TASTEGGIO	0	2	6400	47550	47737	236	-1	0.05	0.05	0	
27/07/2010 14:49:07	TASTEGGIO	0	2	6400	47550	92160	236	-1	0.01	0.06	-44500	
27/07/2010 14:49:27	TASTEGGIO	1	0	6400	47550	136584	215	-19	0.13	0.13	0	
27/07/2010 14:49:43	TASTEGGIO	0	1	6400	47550	136584	186	-8	0.05	0.05	0	
27/07/2010 14:49:54	TASTEGGIO	0	1	6400	47550	92330	186	-8	0.07	0.07	0	
27/07/2010 14:50:13	TASTEGGIO	1	0	6400	47550	92355	217	-4	0.04	0.04	0	
27/07/2010 14:50:21	TASTEGGIO	1	0	6400	47550	92339	217	-4	0.04	0.05	44500	
27/07/2010 14:51:12	ALARM 17	proc 12 prog 10 step 37	LavoroTerminato
27/07/2010 14:58:03	TASTEGGIO	1	0	6400	47550	90003	217	-4	0.41	0.44	24500	
27/07/2010 14:58:17	TASTEGGIO	1	0	6400	47550	65584	77	-4	0.40	0.40	0	
27/07/2010 14:58:32	TASTEGGIO	0	1	6400	47550	65584	167	-1	0.38	0.38	0	
27/07/2010 14:58:50	TASTEGGIO	0	2	6400	47550	65584	326	-65	0.27	0.27	0	
27/07/2010 14:59:08	TASTEGGIO	0	3	6400	47550	65584	292	-63	0.36	0.36	0	
27/07/2010 14:59:24	TASTEGGIO	0	4	6400	47550	65584	196	-11	0.25	0.25	0	
27/07/2010 14:59:31	ALARM 206		err.0
27/07/2010 14:59:44	ALARM 206		err.6061
27/07/2010 15:00:00	TASTEGGIO	0	5	6400	47550	89849	234	-4	0.23	0.23	0	
27/07/2010 15:00:13	TASTEGGIO	1	0	6400	47550	89842	50	0	0.23	0.23	0	
27/07/2010 15:00:25	TASTEGGIO	0	1	6400	47550	89842	107	0	0.23	0.23	0	
27/07/2010 15:00:41	TASTEGGIO	0	2	6400	47550	89842	208	-1	0.21	0.21	0	
27/07/2010 15:01:01	TASTEGGIO	0	3	6400	47550	89842	327	-108	0.86	0.86	0	
27/07/2010 15:01:12	TASTEGGIO	0	4	6400	47550	89842	0	-14	0.71	0.71	0	
27/07/2010 15:01:31	TASTEGGIO	0	5	6400	47550	89842	293	-59	0.12	0.12	0	
27/07/2010 15:01:39	TASTEGGIO	0	5	6400	47550	89856	293	-59	0.12	0.12	0	
27/07/2010 15:01:52	TASTEGGIO	1	0	6400	47550	89851	36	0	0.12	0.12	0	
27/07/2010 15:02:04	TASTEGGIO	0	1	6400	47550	89851	66	0	0.12	0.12	0	
27/07/2010 15:02:16	TASTEGGIO	0	2	6400	47550	89851	118	0	0.12	0.12	0	
27/07/2010 15:02:32	TASTEGGIO	0	3	6400	47550	89851	192	-1	0.11	0.11	0	
27/07/2010 15:02:51	TASTEGGIO	0	4	6400	47550	89851	272	-60	0.47	0.47	0	
27/07/2010 15:02:59	ALARM 206		err.0
27/07/2010 15:03:31	ALARM 206		err.6061
27/07/2010 15:03:43	TASTEGGIO	0	5	6400	47550	89866	0	-11	0.37	0.37	0	
27/07/2010 15:03:55	TASTEGGIO	1	0	6400	47550	89863	68	-1	0.35	0.35	0	
27/07/2010 15:04:06	TASTEGGIO	0	1	6400	47550	89863	150	-1	0.34	0.34	0	
27/07/2010 15:04:23	ALARM 218	proc 12 prog 11 step 62	homing 5 cmd 10
27/07/2010 15:05:07	ALARM 28	proc 12 prog 72 step 14	Pressa appoggiata sul tondo
27/07/2010 15:05:40	TASTEGGIO	0	2	6400	47550	89877	295	-64	0.31	0.31	0	
27/07/2010 15:06:00	TASTEGGIO	1	0	6400	47550	89878	251	-38	0.07	0.07	0	
27/07/2010 15:06:08	TASTEGGIO	1	0	6400	47550	89882	251	-38	0.07	0.11	-44500	
27/07/2010 15:06:27	TASTEGGIO	1	0	6400	47550	134336	225	-35	0.23	0.23	0	
27/07/2010 15:06:42	TASTEGGIO	0	1	6400	47550	134336	176	-8	0.16	0.16	0	
27/07/2010 15:06:58	TASTEGGIO	0	2	6400	47550	134336	191	-6	0.10	0.10	0	
27/07/2010 15:07:14	TASTEGGIO	0	3	6400	47550	134336	201	-7	0.03	0.03	0	
27/07/2010 15:07:24	TASTEGGIO	0	3	6400	47550	90018	201	-7	0.06	0.08	24500	
27/07/2010 15:07:43	TASTEGGIO	1	0	6400	47550	65618	221	-6	0.02	0.02	0	
27/07/2010 15:07:52	TASTEGGIO	1	0	6400	47550	89853	221	-6	0.05	0.06	-24500	
27/07/2010 15:08:12	TASTEGGIO	1	0	6400	47550	114304	219	-13	0.07	0.07	0	
27/07/2010 15:08:29	TASTEGGIO	0	1	6400	47550	114304	210	-16	0.08	0.08	0	
27/07/2010 15:08:46	TASTEGGIO	0	2	6400	47550	114304	197	-7	0.01	0.01	0	
27/07/2010 15:08:55	TASTEGGIO	0	2	6400	47550	90005	197	-7	0.02	0.06	44500	
27/07/2010 15:09:06	ALARM 206		err.0
27/07/2010 15:09:32	ALARM 206		err.6061
27/07/2010 15:09:50	TASTEGGIO	1	0	6400	47550	89844	219	-4	0.05	0.05	0	
27/07/2010 15:11:33	TASTEGGIO	1	0	6400	47550	92434	219	-4	0.44	0.46	-24500	
27/07/2010 15:11:53	TASTEGGIO	1	0	6400	47550	116896	270	-38	0.09	0.09	0	
27/07/2010 15:12:03	TASTEGGIO	1	0	6400	47550	92515	270	-38	0.14	0.19	24500	
27/07/2010 15:12:21	TASTEGGIO	1	0	6400	47550	68124	236	-8	0.11	0.11	0	
27/07/2010 15:12:31	TASTEGGIO	1	0	6400	47550	92359	236	-8	0.10	0.14	44500	
27/07/2010 15:12:50	TASTEGGIO	1	0	6400	47550	47941	229	-4	0.10	0.10	0	
27/07/2010 15:13:07	TASTEGGIO	0	1	6400	47550	47950	236	-3	0.07	0.07	0	
27/07/2010 15:13:24	TASTEGGIO	0	2	6400	47550	47951	242	-3	0.04	0.04	0	
27/07/2010 15:13:34	TASTEGGIO	0	2	6400	47550	92358	242	-3	0.04	0.04	24500	
27/07/2010 15:15:16	TASTEGGIO	0	2	6400	47550	92536	242	-3	0.48	0.48	24500	
27/07/2010 15:15:36	TASTEGGIO	1	0	6400	47550	68137	273	-13	0.35	0.35	0	
27/07/2010 15:15:55	TASTEGGIO	0	1	6400	47550	68137	298	-30	0.09	0.09	0	
27/07/2010 15:16:04	TASTEGGIO	0	1	6400	47550	92400	298	-30	0.16	0.21	-44500	
27/07/2010 15:16:24	TASTEGGIO	1	0	6400	47550	136839	238	-36	0.14	0.14	0	
27/07/2010 15:16:34	TASTEGGIO	1	0	6400	47550	92556	238	-36	0.11	0.15	-24500	
27/07/2010 15:16:54	TASTEGGIO	1	0	6400	47550	117003	230	-28	0.14	0.14	0	
27/07/2010 15:17:04	TASTEGGIO	1	0	6400	47550	92552	230	-28	0.10	0.14	-24500	
27/07/2010 15:17:24	TASTEGGIO	1	0	6400	47550	117001	229	-31	0.15	0.15	0	
27/07/2010 15:17:41	TASTEGGIO	0	1	6400	47550	117001	212	-10	0.05	0.05	0	
27/07/2010 15:17:50	TASTEGGIO	0	1	6400	47550	92550	212	-10	0.05	0.09	24500	
27/07/2010 15:18:09	TASTEGGIO	1	0	6400	47550	68143	223	-8	0.02	0.02	0	
27/07/2010 15:18:19	TASTEGGIO	1	0	6400	47550	92394	223	-8	0.03	0.11	44500	
27/07/2010 15:18:38	TASTEGGIO	1	0	6400	47550	47970	225	-4	0.06	0.06	0	
27/07/2010 15:18:54	TASTEGGIO	0	1	6400	47550	47975	228	-2	0.04	0.04	0	
27/07/2010 15:19:04	TASTEGGIO	0	1	6400	47550	92396	228	-2	0.02	0.07	-44500	
27/07/2010 15:19:24	TASTEGGIO	1	0	6400	47550	136836	220	-32	0.24	0.24	0	
27/07/2010 15:19:39	TASTEGGIO	0	1	6400	47550	136836	137	-6	0.18	0.18	0	
27/07/2010 15:19:54	TASTEGGIO	0	2	6400	47550	136836	156	-1	0.17	0.17	0	
27/07/2010 15:20:12	TASTEGGIO	0	3	6400	47550	136836	255	-44	0.28	0.28	0	
27/07/2010 15:20:28	TASTEGGIO	0	4	6400	47550	136836	162	-9	0.18	0.18	0	
27/07/2010 15:20:45	TASTEGGIO	0	5	6400	47550	136836	187	-7	0.11	0.11	0	
27/07/2010 15:21:02	TASTEGGIO	0	6	6400	47550	136836	203	-13	0.01	0.01	0	
27/07/2010 15:21:12	TASTEGGIO	0	6	6400	47550	92562	203	-13	0.03	0.07	44500	
27/07/2010 15:21:31	TASTEGGIO	1	0	6400	47550	48146	220	-1	0.05	0.05	0	
27/07/2010 15:21:41	TASTEGGIO	1	0	6400	47550	92402	220	-1	0.02	0.05	44500	
27/07/2010 15:23:25	TASTEGGIO	1	0	6400	47550	92319	220	-1	0.52	0.53	24500	
27/07/2010 15:23:44	TASTEGGIO	1	0	6400	47550	67942	279	-15	0.39	0.39	0	
27/07/2010 15:24:02	TASTEGGIO	0	1	6400	47550	67942	307	-40	0.05	0.05	0	
27/07/2010 15:24:12	TASTEGGIO	0	1	6400	47550	92169	307	-40	0.10	0.16	-44500	
27/07/2010 15:24:31	TASTEGGIO	1	0	6400	47550	136595	232	-37	0.21	0.21	0	
27/07/2010 15:24:48	TASTEGGIO	0	1	6400	47550	136595	204	-18	0.03	0.03	0	
27/07/2010 15:24:59	TASTEGGIO	0	1	6400	47550	92337	204	-18	0.03	0.08	24500	
27/07/2010 15:25:17	TASTEGGIO	1	0	6400	47550	67945	221	-14	0.07	0.07	0	
27/07/2010 15:25:34	TASTEGGIO	0	1	6400	47550	67945	214	-4	0.03	0.03	0	
27/07/2010 15:25:43	TASTEGGIO	0	1	6400	47550	92167	214	-4	0.05	0.10	44500	
27/07/2010 15:26:01	TASTEGGIO	1	0	6400	47550	47739	224	-5	0.06	0.06	0	
27/07/2010 15:26:17	TASTEGGIO	0	1	6400	47550	47740	227	-2	0.03	0.03	0	
27/07/2010 15:26:27	TASTEGGIO	0	1	6400	47550	92168	227	-2	0.01	0.04	44500	
27/07/2010 15:28:11	TASTEGGIO	0	1	6400	47550	91530	227	-2	0.37	0.39	24500	
27/07/2010 15:28:30	TASTEGGIO	1	0	6400	47550	67155	261	-7	0.32	0.32	0	
27/07/2010 15:28:49	TASTEGGIO	0	1	6400	47550	67155	287	-19	0.15	0.15	0	
27/07/2010 15:29:05	TASTEGGIO	0	2	6400	47550	67155	230	-1	0.14	0.14	0	
27/07/2010 15:29:15	TASTEGGIO	0	2	6400	47550	91379	230	-1	0.18	0.18	0	
27/07/2010 15:29:34	TASTEGGIO	1	0	6400	47550	91374	234	-13	0.05	0.05	0	
27/07/2010 15:29:42	TASTEGGIO	1	0	6400	47550	91381	234	-13	0.05	0.10	44500	
27/07/2010 15:30:00	TASTEGGIO	1	0	6400	47550	47001	224	-3	0.07	0.07	0	
27/07/2010 15:30:08	ALARM 206		err.0
27/07/2010 15:30:24	ALARM 206		err.6061
27/07/2010 15:30:39	TASTEGGIO	0	1	6400	47550	91387	228	-1	0.03	0.07	-44500	
27/07/2010 15:30:59	TASTEGGIO	1	0	6400	47550	135842	220	-23	0.15	0.15	0	
27/07/2010 15:31:16	TASTEGGIO	0	1	6400	47550	135842	187	-9	0.05	0.05	0	
27/07/2010 15:31:26	TASTEGGIO	0	1	6400	47550	91547	187	-9	0.05	0.06	-24500	
27/07/2010 15:31:45	TASTEGGIO	1	0	6400	47550	115974	219	-20	0.13	0.13	0	
27/07/2010 15:32:02	TASTEGGIO	0	1	6400	47550	115974	190	-6	0.07	0.07	0	
27/07/2010 15:32:18	TASTEGGIO	0	2	6400	47550	115973	195	-3	0.04	0.04	0	
27/07/2010 15:32:27	TASTEGGIO	0	2	6400	47550	91550	195	-3	0.04	0.08	44500	
27/07/2010 15:32:46	TASTEGGIO	1	0	6400	47550	47156	221	-2	0.05	0.05	0	
27/07/2010 15:32:56	TASTEGGIO	1	0	6400	47550	91387	221	-2	0.02	0.06	44500	
27/07/2010 15:33:15	TASTEGGIO	1	0	6400	47550	46994	219	0	0.06	0.06	0	
27/07/2010 15:33:31	TASTEGGIO	0	1	6400	47550	47007	234	-1	0.04	0.04	0	
27/07/2010 15:33:42	TASTEGGIO	0	1	6400	47550	91389	234	-1	0.01	0.04	44500	
27/07/2010 15:35:25	TASTEGGIO	0	1	6400	47550	92407	234	-1	0.34	0.34	0	
27/07/2010 15:35:46	TASTEGGIO	1	0	6400	47550	92426	255	-29	0.06	0.06	0	
27/07/2010 15:35:53	TASTEGGIO	1	0	6400	47550	92410	255	-29	0.06	0.07	-24500	
27/07/2010 15:36:13	TASTEGGIO	1	0	6400	47550	116844	220	-21	0.13	0.13	0	
27/07/2010 15:36:29	TASTEGGIO	0	1	6400	47550	116844	195	-9	0.05	0.05	0	
27/07/2010 15:36:39	TASTEGGIO	0	1	6400	47550	92426	195	-9	0.03	0.06	-24500	
27/07/2010 15:36:57	TASTEGGIO	1	0	6400	47550	116867	219	-19	0.12	0.12	0	
27/07/2010 15:37:14	TASTEGGIO	0	1	6400	47550	116867	195	-9	0.04	0.04	0	
27/07/2010 15:37:23	TASTEGGIO	0	1	6400	47550	92421	195	-9	0.06	0.06	0	
27/07/2010 15:37:43	TASTEGGIO	1	0	6400	47550	92445	219	-11	0.05	0.05	0	
27/07/2010 15:37:50	TASTEGGIO	1	0	6400	47550	92427	219	-11	0.06	0.06	24500	
27/07/2010 15:38:09	TASTEGGIO	1	0	6400	47550	68025	219	-6	0.02	0.02	0	
27/07/2010 15:38:19	TASTEGGIO	1	0	6400	47550	92266	219	-6	0.01	0.03	24500	
27/07/2010 15:40:03	TASTEGGIO	1	0	6400	47550	91816	219	-6	0.34	0.34	0	
27/07/2010 15:40:23	TASTEGGIO	1	0	6400	47550	91835	255	-28	0.07	0.07	0	
27/07/2010 15:40:30	TASTEGGIO	1	0	6400	47550	91817	255	-28	0.07	0.07	0	
27/07/2010 15:40:50	TASTEGGIO	1	0	6400	47550	91839	220	-5	0.03	0.03	0	
27/07/2010 15:40:57	TASTEGGIO	1	0	6400	47550	91820	220	-5	0.03	0.04	-24500	
27/07/2010 15:41:49	ALARM 17	proc 12 prog 10 step 37	LavoroTerminato
27/07/2010 15:43:48	TASTEGGIO	1	0	6400	47550	90803	220	-5	0.37	0.37	0	
27/07/2010 15:44:08	TASTEGGIO	1	0	6400	47550	90832	259	-19	0.21	0.21	0	
27/07/2010 15:44:27	TASTEGGIO	0	1	6400	47550	90832	270	-36	0.15	0.15	0	
27/07/2010 15:44:45	TASTEGGIO	0	2	6400	47550	90832	254	-43	0.28	0.28	0	
27/07/2010 15:44:57	TASTEGGIO	0	3	6400	47550	90832	163	-4	0.23	0.23	0	
27/07/2010 15:45:15	TASTEGGIO	0	4	6400	47550	90832	238	-12	0.11	0.11	0	
27/07/2010 15:45:22	TASTEGGIO	0	4	6400	47550	90816	238	-12	0.11	0.11	0	
27/07/2010 15:45:42	TASTEGGIO	1	0	6400	47550	90841	225	-1	0.10	0.10	0	
27/07/2010 15:45:59	TASTEGGIO	0	1	6400	47550	90841	247	-10	0.02	0.02	0	
27/07/2010 15:46:07	TASTEGGIO	0	1	6400	47550	90812	247	-10	0.01	0.03	44500	
27/07/2010 15:47:36	ALARM 204		err.0
27/07/2010 15:47:48	ALARM 204		err.6054
27/07/2010 15:47:49	TASTEGGIO	0	1	6400	47549	91550	247	-10	0.35	0.38	24500	
27/07/2010 15:48:08	TASTEGGIO	1	0	6400	47549	67182	260	-10	0.28	0.28	0	
27/07/2010 15:48:25	TASTEGGIO	0	1	6400	47549	67182	280	-18	0.10	0.10	0	
27/07/2010 15:48:35	TASTEGGIO	0	1	6400	47549	91397	280	-18	0.14	0.17	44500	
27/07/2010 15:48:53	TASTEGGIO	1	0	6400	47549	47000	233	-5	0.11	0.11	0	
27/07/2010 15:49:04	TASTEGGIO	1	0	6400	47549	91399	233	-5	0.11	0.13	-44500	
27/07/2010 15:49:23	TASTEGGIO	1	0	6400	47549	135845	228	-35	0.21	0.21	0	
27/07/2010 15:49:40	TASTEGGIO	0	1	6400	47549	135846	194	-11	0.10	0.10	0	
27/07/2010 15:49:58	TASTEGGIO	0	2	6400	47549	135846	224	-21	0.11	0.11	0	
27/07/2010 15:50:15	TASTEGGIO	0	3	6400	47549	135846	203	-19	0.07	0.07	0	
27/07/2010 15:50:32	TASTEGGIO	0	4	6400	47549	135845	194	-13	0.05	0.05	0	
27/07/2010 15:50:43	TASTEGGIO	0	4	6400	47549	91566	194	-13	0.04	0.09	44500	
27/07/2010 15:51:01	TASTEGGIO	1	0	6400	47549	47184	223	-2	0.07	0.07	0	
27/07/2010 15:51:18	TASTEGGIO	0	1	6400	47549	47187	228	-1	0.05	0.05	0	
27/07/2010 15:51:28	TASTEGGIO	0	1	6400	47549	91400	228	-1	0.01	0.06	44500	
27/07/2010 15:51:47	TASTEGGIO	1	0	6400	47549	47006	219	0	0.04	0.04	0	
27/07/2010 15:51:57	TASTEGGIO	1	0	6400	47549	91397	219	0	0.01	0.06	44500	
27/07/2010 15:52:16	TASTEGGIO	1	0	6400	47549	47001	219	0	0.04	0.04	0	
27/07/2010 15:52:26	TASTEGGIO	1	0	6400	47549	91395	219	0	0.01	0.05	44500	
27/07/2010 15:53:57	ALARM 204		err.0
27/07/2010 15:54:10	TASTEGGIO	1	0	6400	47546	92487	219	0	0.43	0.43	24500	
27/07/2010 15:54:22	ALARM 204		err.6054
27/07/2010 15:54:29	TASTEGGIO	1	0	6400	47546	68111	266	-14	0.30	0.30	0	
27/07/2010 15:54:47	TASTEGGIO	0	1	6400	47546	68111	286	-24	0.08	0.08	0	
27/07/2010 15:54:56	TASTEGGIO	0	1	6400	47546	92343	286	-24	0.14	0.24	-44500	
27/07/2010 15:55:16	TASTEGGIO	1	0	6400	47546	136788	242	-46	0.23	0.23	0	
27/07/2010 15:55:33	TASTEGGIO	0	1	6400	47546	136787	219	-31	0.07	0.07	0	
27/07/2010 15:55:44	TASTEGGIO	0	1	6400	47546	92503	219	-31	0.04	0.08	44500	
27/07/2010 15:56:03	TASTEGGIO	1	0	6400	47546	48083	221	-5	0.09	0.09	0	
27/07/2010 15:56:20	TASTEGGIO	0	1	6400	47546	48084	246	-12	0.03	0.03	0	
27/07/2010 15:56:31	TASTEGGIO	0	1	6400	47546	92336	246	-12	0.03	0.09	24500	
27/07/2010 15:56:50	TASTEGGIO	1	0	6400	47546	67944	223	-14	0.04	0.04	0	
27/07/2010 15:56:59	TASTEGGIO	1	0	6400	47546	92341	223	-14	0.08	0.09	-24500	
27/07/2010 15:57:19	TASTEGGIO	1	0	6400	47546	116788	223	-28	0.18	0.18	0	
27/07/2010 15:57:35	TASTEGGIO	0	1	6400	47546	116788	187	-7	0.12	0.12	0	
27/07/2010 15:57:52	TASTEGGIO	0	2	6400	47546	116788	198	-5	0.07	0.07	0	
27/07/2010 15:58:31	ALARM 28	proc 12 prog 72 step 14	Pressa appoggiata sul tondo
27/07/2010 15:59:20	TASTEGGIO	0	3	6400	47550	92510	205	0	0.06	0.07	-24500	
27/07/2010 15:59:39	TASTEGGIO	1	0	6400	47550	116948	220	-22	0.14	0.14	0	
27/07/2010 15:59:56	TASTEGGIO	0	1	6400	47550	116948	192	-9	0.06	0.06	0	
27/07/2010 16:00:13	TASTEGGIO	0	2	6400	47550	116948	219	-16	0.10	0.10	0	
27/07/2010 16:00:30	TASTEGGIO	0	3	6400	47550	116948	190	-9	0.02	0.02	0	
27/07/2010 16:00:35	ALARM 206		err.0
27/07/2010 16:01:08	ALARM 206		err.6061
27/07/2010 16:01:15	ALARM 29	proc 12 prog 72 step 6	Tastatori appoggiati sul tondo
27/07/2010 16:01:38	ALARM 29	proc 12 prog 72 step 6	Tastatori appoggiati sul tondo
27/07/2010 16:02:28	TASTEGGIO	0	3	6400	47550	92506	190	-9	0.01	0.04	44500	
27/07/2010 16:04:12	TASTEGGIO	0	3	6400	47550	92396	190	-9	0.20	0.20	0	
27/07/2010 16:04:32	TASTEGGIO	1	0	6400	47550	92431	237	-20	0.03	0.03	0	
27/07/2010 16:04:40	TASTEGGIO	1	0	6400	47550	92414	237	-20	0.03	0.03	0	
27/07/2010 16:06:23	TASTEGGIO	1	0	6400	47550	91497	237	-20	0.37	0.37	0	
27/07/2010 16:06:44	TASTEGGIO	1	0	6400	47550	91515	259	-26	0.13	0.13	0	
27/07/2010 16:06:51	TASTEGGIO	1	0	6400	47550	91499	259	-26	0.14	0.14	0	
27/07/2010 16:07:11	TASTEGGIO	1	0	6400	47550	91521	229	-2	0.12	0.12	0	
27/07/2010 16:07:29	TASTEGGIO	0	1	6400	47550	91521	239	-5	0.08	0.08	0	
27/07/2010 16:07:47	TASTEGGIO	0	2	6400	47550	91521	246	-22	0.13	0.13	0	
27/07/2010 16:07:55	ALARM 206		err.0
27/07/2010 16:08:11	ALARM 206		err.6061
27/07/2010 16:08:25	TASTEGGIO	0	3	6400	47550	91502	209	-10	0.06	0.06	24500	
27/07/2010 16:08:43	TASTEGGIO	1	0	6400	47550	67100	219	-4	0.02	0.02	0	
27/07/2010 16:08:53	TASTEGGIO	1	0	6400	47550	91345	219	-4	0.03	0.03	0	
27/07/2010 16:10:35	TASTEGGIO	1	0	6400	47550	91237	219	-4	0.25	0.25	0	
27/07/2010 16:10:54	TASTEGGIO	1	0	6400	47550	91255	243	-14	0.13	0.13	0	
27/07/2010 16:11:02	TASTEGGIO	1	0	6400	47550	91239	243	-14	0.12	0.12	0	
27/07/2010 16:11:21	TASTEGGIO	1	0	6400	47550	91263	227	-1	0.11	0.11	0	
27/07/2010 16:11:39	TASTEGGIO	0	1	6400	47550	91263	252	-24	0.12	0.12	0	
27/07/2010 16:11:57	TASTEGGIO	0	2	6400	47550	91263	233	-23	0.10	0.10	0	
27/07/2010 16:12:14	TASTEGGIO	0	3	6400	47550	91263	218	-6	0.03	0.03	0	
27/07/2010 16:12:22	TASTEGGIO	0	3	6400	47550	91251	218	-6	0.03	0.04	-24500	
27/07/2010 16:13:14	ALARM 17	proc 12 prog 10 step 37	LavoroTerminato
27/07/2010 17:08:49	ALARM 2	proc 3 prog 67 step 25	Sensore allin.C2 impegnato
27/07/2010 17:22:58	ALARM 17	proc 12 prog 1 step 8	LavoroTerminato
27/07/2010 17:24:16	TASTEGGIO	0	3	6000	45982	126886	218	-6	0.03	0.04	-44500	
27/07/2010 17:24:42	ALARM 401		
27/07/2010 17:24:59	ALARM 401		
27/07/2010 17:25:03	ALARM 201		err.5005
27/07/2010 17:30:35	TASTEGGIO	0	3	6000	50002	129499	200	-1	0.02	0.02	0	
27/07/2010 17:31:01	TASTEGGIO	0	3	6000	50002	126918	200	-1	0.02	0.03	-44500	
27/07/2010 17:32:38	ALARM 401		
27/07/2010 17:33:19	ALARM 401		
27/07/2010 17:33:20	ALARM 401		
27/07/2010 17:33:45	ALARM 401		
27/07/2010 17:43:44	ALARM 401		
28/07/2010 08:40:20	ALARM 401		
28/07/2010 08:40:22	INIT OK
28/07/2010 08:41:37	SAVE PRG	3
28/07/2010 08:43:40	ALARM 401		
28/07/2010 10:01:39	ALARM 401		
28/07/2010 10:36:13	INIT OK
28/07/2010 14:09:21	ALARM 203		err.0
28/07/2010 14:09:47	ALARM 203		err.4005
28/07/2010 14:09:48	ALARM 203		err.6059
28/07/2010 14:09:49	ALARM 203		err.6059
28/07/2010 14:09:50	ALARM 203		err.6059
28/07/2010 14:09:51	ALARM 203		err.6059
28/07/2010 14:09:53	ALARM 203		err.6059
28/07/2010 14:09:53	ALARM 203		err.6059
28/07/2010 14:09:54	ALARM 203		err.6059
28/07/2010 14:09:57	ALARM 401		
28/07/2010 14:09:58	ALARM 401		
28/07/2010 14:09:58	ALARM 203		err.6059
28/07/2010 14:10:09	ALARM 26	proc 12 prog 1 step 4	Macchina non azzerata
28/07/2010 14:12:58	ALARM 401		
28/07/2010 14:13:35	ALARM 401		
28/07/2010 14:13:36	ALARM 401		
28/07/2010 14:13:36	ALARM 401		
28/07/2010 14:15:42	ALARM 401		
28/07/2010 14:16:16	ALARM 401		
28/07/2010 14:17:14	ALARM 14	proc 12 prog 31 step 22	Braccetti centrali non in posizione di ripBraccetti centrali non in posizione di ripIl carrello 1 non è in posizione per poterLavoroTerminato
28/07/2010 14:18:00	ALARM 401		
28/07/2010 14:53:44	ALARM 401		
28/07/2010 15:18:02	ALARM 14	proc 12 prog 111 step 10	Braccetti centrali non in posizione di ripBraccetti centrali non in posizione di ripIl carrello 1 non è in posizione per poterLavoroTerminato
28/07/2010 15:20:35	ALARM 219		encoder 4
28/07/2010 15:21:03	ALARM 216	proc 12 prog 111 step 25	free_sp 4
28/07/2010 15:22:24	ALARM 401		
28/07/2010 15:26:57	ALARM 401		
28/07/2010 15:29:43	ALARM 406		
