19/07/2011 11:39:19	TASTEGGIO	1	0	7500	51855	62617	260	-26	0.10	0.10	0	
19/07/2011 11:39:32	TASTEGGIO	1	0	7500	51855	106954	260	-26	0.07	0.11	44500	
19/07/2011 11:41:30	TASTEGGIO	1	0	7500	51855	107193	260	-26	0.21	0.21	0	
19/07/2011 11:41:54	TASTEGGIO	1	0	7500	51855	107206	252	-45	0.28	0.28	0	
19/07/2011 11:42:15	TASTEGGIO	0	1	7500	51855	107208	214	-27	0.03	0.03	0	
19/07/2011 11:42:22	TASTEGGIO	0	1	7500	51855	107191	214	-27	0.03	0.09	-44500	
19/07/2011 11:44:23	TASTEGGIO	0	1	7500	51855	107093	214	-27	0.40	0.51	24500	
19/07/2011 11:44:48	TASTEGGIO	1	0	7500	51855	82624	328	-58	0.12	0.12	0	
19/07/2011 11:44:58	TASTEGGIO	1	0	7500	51855	106956	328	-58	0.13	0.16	-44500	
19/07/2011 11:45:22	TASTEGGIO	1	0	7500	51855	151383	240	-39	0.24	0.24	0	
19/07/2011 11:45:42	TASTEGGIO	0	1	7500	51855	151393	204	-25	0.10	0.10	0	
19/07/2011 11:45:52	TASTEGGIO	0	1	7500	51855	107083	204	-25	0.18	0.18	0	
19/07/2011 11:46:16	TASTEGGIO	1	0	7500	51855	107093	245	-44	0.29	0.29	0	
19/07/2011 11:46:36	TASTEGGIO	0	1	7500	51855	107095	198	-17	0.14	0.14	0	
19/07/2011 11:46:44	TASTEGGIO	0	1	7500	51855	107086	198	-17	0.15	0.19	44500	
19/07/2011 11:47:08	TASTEGGIO	1	0	7500	51855	62618	247	-15	0.04	0.04	0	
19/07/2011 11:47:19	TASTEGGIO	1	0	7500	51855	106953	247	-15	0.04	0.11	-44500	
19/07/2011 11:49:18	TASTEGGIO	1	0	7500	51855	107098	247	-15	0.32	0.41	-24500	
19/07/2011 11:49:44	TASTEGGIO	1	0	7500	51855	131556	303	-71	0.29	0.29	0	
19/07/2011 11:50:05	TASTEGGIO	0	1	7500	51855	131565	282	-70	0.43	0.43	0	
19/07/2011 11:50:25	TASTEGGIO	0	1	7500	51855	131572	218	-25	0.20	0.20	0	
19/07/2011 11:50:46	TASTEGGIO	0	0	7500	51855	131575	250	-26	0.10	0.10	0	
19/07/2011 11:50:56	TASTEGGIO	0	0	7500	51855	107109	250	-26	0.01	0.18	24500	
19/07/2011 11:51:21	TASTEGGIO	1	0	7500	51855	82648	245	-37	0.22	0.22	0	
19/07/2011 11:51:41	TASTEGGIO	0	1	7500	51855	82645	218	-28	0.07	0.07	0	
19/07/2011 11:51:51	TASTEGGIO	0	1	7500	51855	106976	218	-28	0.14	0.14	0	
19/07/2011 11:52:14	TASTEGGIO	1	0	7500	51855	106976	235	-43	0.29	0.29	0	
19/07/2011 11:52:34	TASTEGGIO	0	1	7500	51855	106979	174	-11	0.18	0.18	0	
19/07/2011 11:52:55	TASTEGGIO	0	2	7500	51855	106981	189	-7	0.11	0.11	0	
19/07/2011 11:53:03	TASTEGGIO	0	2	7500	51855	106985	189	-7	0.12	0.21	-44500	
19/07/2011 11:53:28	TASTEGGIO	1	0	7500	51855	151405	252	-35	0.14	0.14	0	
19/07/2011 11:53:38	TASTEGGIO	1	0	7500	51855	107091	252	-35	0.15	0.18	24500	
19/07/2011 11:54:03	TASTEGGIO	1	0	7500	51855	82627	245	-19	0.10	0.10	0	
19/07/2011 11:54:13	TASTEGGIO	1	0	7500	51855	106961	245	-19	0.02	0.11	44500	
19/07/2011 11:56:11	TASTEGGIO	1	0	7500	51855	107096	245	-19	0.25	0.29	-24500	
19/07/2011 11:56:36	TASTEGGIO	1	0	7500	51855	131556	273	-60	0.30	0.30	0	
19/07/2011 11:56:57	TASTEGGIO	0	1	7500	51855	131565	241	-45	0.19	0.19	0	
19/07/2011 11:57:18	TASTEGGIO	0	1	7500	51855	131574	228	-34	0.19	0.19	0	
19/07/2011 11:57:39	TASTEGGIO	0	1	7500	51855	131575	209	-23	0.04	0.04	0	
19/07/2011 11:57:49	TASTEGGIO	0	1	7500	51855	107116	209	-23	0.11	0.13	-44500	
19/07/2011 11:58:13	TASTEGGIO	1	0	7500	51855	151524	232	-37	0.24	0.24	0	
19/07/2011 11:58:33	TASTEGGIO	0	1	7500	51855	151538	187	-15	0.10	0.10	0	
19/07/2011 11:58:43	TASTEGGIO	0	1	7500	51855	107102	187	-15	0.14	0.20	-24500	
19/07/2011 11:59:08	TASTEGGIO	1	0	7500	51855	131561	250	-13	0.08	0.08	0	
19/07/2011 11:59:18	TASTEGGIO	1	0	7500	51855	107092	250	-13	0.05	0.08	44500	
19/07/2011 12:01:13	TASTEGGIO	1	0	7500	51855	107094	250	-13	0.20	0.25	-44500	
19/07/2011 12:01:38	TASTEGGIO	1	0	7500	51855	151511	263	-48	0.20	0.20	0	
19/07/2011 12:01:58	TASTEGGIO	0	1	7500	51855	151522	247	-48	0.26	0.26	0	
19/07/2011 12:02:18	TASTEGGIO	0	1	7500	51855	151533	213	-20	0.10	0.10	0	
19/07/2011 12:02:29	TASTEGGIO	0	1	7500	51855	107109	213	-20	0.12	0.12	0	
19/07/2011 12:04:30	TASTEGGIO	0	1	7500	51855	107090	213	-20	0.32	0.32	0	
19/07/2011 12:04:54	TASTEGGIO	1	0	7500	51855	107100	280	-58	0.32	0.32	0	
19/07/2011 12:05:15	TASTEGGIO	0	1	7500	51855	107100	248	-45	0.14	0.14	0	
19/07/2011 12:05:22	TASTEGGIO	0	1	7500	51855	107086	248	-45	0.13	0.15	24500	
19/07/2011 12:05:46	TASTEGGIO	1	0	7500	51855	82615	237	-27	0.13	0.13	0	
19/07/2011 12:05:56	TASTEGGIO	1	0	7500	51855	106969	237	-27	0.10	0.12	24500	
19/07/2011 12:07:52	TASTEGGIO	1	0	7500	51855	107098	237	-27	0.44	0.45	-24500	
19/07/2011 12:08:18	TASTEGGIO	1	0	7500	51855	131547	313	-72	0.29	0.29	0	
19/07/2011 12:08:39	TASTEGGIO	0	1	7500	51855	131559	294	-85	0.55	0.55	0	
19/07/2011 12:08:59	TASTEGGIO	0	1	7500	51855	131569	189	-13	0.43	0.43	0	
19/07/2011 12:09:20	TASTEGGIO	0	2	7500	51855	131573	236	-17	0.29	0.29	0	
19/07/2011 12:09:41	TASTEGGIO	0	3	7500	51855	131576	269	-18	0.12	0.12	0	
19/07/2011 12:09:51	TASTEGGIO	0	3	7500	51855	107108	269	-18	0.15	0.19	44500	
19/07/2011 12:10:15	TASTEGGIO	1	0	7500	51855	62629	247	-20	0.05	0.05	0	
19/07/2011 12:10:26	TASTEGGIO	1	0	7500	51855	106953	247	-20	0.07	0.07	0	
19/07/2011 12:12:23	TASTEGGIO	1	0	7500	51855	107097	247	-20	0.20	0.28	24500	
19/07/2011 12:12:47	TASTEGGIO	1	0	7500	51855	82631	270	-36	0.12	0.12	0	
19/07/2011 12:12:57	TASTEGGIO	1	0	7500	51855	106970	270	-36	0.12	0.12	0	
19/07/2011 12:14:52	TASTEGGIO	1	0	7500	51855	107095	270	-36	0.25	0.25	-44500	
19/07/2011 12:15:16	TASTEGGIO	1	0	7500	51855	151504	263	-74	0.49	0.49	0	
19/07/2011 12:15:35	TASTEGGIO	0	1	7500	51855	151515	166	-22	0.29	0.29	0	
19/07/2011 12:15:55	TASTEGGIO	0	2	7500	51855	151527	190	-24	0.07	0.07	0	
19/07/2011 12:16:06	TASTEGGIO	0	2	7500	51855	107111	190	-24	0.10	0.12	-24500	
19/07/2011 12:17:11	ALARM 17	proc 12 prog 10 step 47	LavoroTerminato
19/07/2011 12:54:32	TASTEGGIO	0	2	7500	51855	107100	190	-24	0.76	0.95	-44500	
19/07/2011 12:54:58	TASTEGGIO	1	0	7500	51855	151537	400	-76	0.29	0.29	0	
19/07/2011 12:55:18	TASTEGGIO	0	0	7500	51855	151549	273	-14	0.16	0.16	0	
19/07/2011 12:55:38	TASTEGGIO	0	1	7500	51855	151558	281	-4	0.13	0.13	0	
19/07/2011 12:55:49	TASTEGGIO	0	1	7500	51855	107117	281	-4	0.15	0.23	24500	
19/07/2011 12:56:13	TASTEGGIO	1	0	7500	51855	82666	257	-32	0.10	0.10	0	
19/07/2011 12:56:23	TASTEGGIO	1	0	7500	51855	106962	257	-32	0.13	0.16	44500	
19/07/2011 12:56:47	TASTEGGIO	1	0	7500	51855	62490	240	-17	0.04	0.04	0	
19/07/2011 12:56:57	TASTEGGIO	1	0	7500	51855	106952	240	-17	0.04	0.09	24500	
19/07/2011 12:58:45	TASTEGGIO	1	0	7500	51855	107102	240	-17	0.22	0.27	-44500	
19/07/2011 12:59:09	TASTEGGIO	1	0	7500	51855	151506	268	-80	0.55	0.55	0	
19/07/2011 12:59:27	TASTEGGIO	0	1	7500	51855	151519	155	-15	0.41	0.41	0	
19/07/2011 12:59:47	TASTEGGIO	0	2	7500	51855	151532	198	-26	0.19	0.19	0	
19/07/2011 13:00:07	TASTEGGIO	0	0	7500	51855	151541	247	-65	0.46	0.46	0	
19/07/2011 13:00:24	TASTEGGIO	0	1	7500	51855	151548	135	-11	0.38	0.38	0	
19/07/2011 13:00:44	TASTEGGIO	0	2	7500	51855	151556	197	-16	0.25	0.25	0	
19/07/2011 13:01:03	TASTEGGIO	0	3	7500	51855	151556	225	-33	0.13	0.13	0	
19/07/2011 13:01:14	TASTEGGIO	0	3	7500	51855	107128	225	-33	0.03	0.13	-44500	
19/07/2011 13:01:39	TASTEGGIO	1	0	7500	51855	151538	232	-56	0.47	0.47	0	
19/07/2011 13:01:54	TASTEGGIO	0	1	7500	51855	151550	62	-7	0.40	0.40	0	
19/07/2011 13:02:12	TASTEGGIO	0	2	7500	51855	151555	130	0	0.39	0.39	0	
19/07/2011 13:02:33	TASTEGGIO	0	1	7500	51855	151564	282	-59	0.20	0.20	0	
19/07/2011 13:02:54	TASTEGGIO	0	1	7500	51855	151573	271	-71	0.52	0.52	0	
19/07/2011 13:03:11	TASTEGGIO	0	1	7500	51855	151579	135	-9	0.41	0.41	0	
19/07/2011 13:03:29	TASTEGGIO	0	2	7500	51855	151587	180	-9	0.32	0.32	0	
19/07/2011 13:03:50	TASTEGGIO	0	3	7500	51855	151587	223	-18	0.17	0.17	0	
19/07/2011 13:04:09	TASTEGGIO	0	4	7500	51855	151587	241	-16	0.04	0.04	0	
19/07/2011 13:04:20	TASTEGGIO	0	4	7500	51855	107151	241	-16	0.09	0.09	0	
19/07/2011 13:06:33	TASTEGGIO	0	4	7500	51855	107104	241	-16	0.21	0.21	0	
19/07/2011 13:06:57	TASTEGGIO	1	0	7500	51855	107115	252	-47	0.25	0.25	0	
19/07/2011 13:07:17	TASTEGGIO	0	1	7500	51855	107115	222	-35	0.09	0.09	0	
19/07/2011 13:07:25	TASTEGGIO	0	1	7500	51855	107101	222	-35	0.08	0.11	24500	
19/07/2011 13:09:21	TASTEGGIO	0	1	7500	51855	107103	222	-35	0.31	0.31	0	
19/07/2011 13:09:45	TASTEGGIO	1	0	7500	51855	107113	278	-56	0.25	0.25	0	
19/07/2011 13:10:06	TASTEGGIO	0	1	7500	51855	107114	257	-58	0.30	0.30	0	
19/07/2011 13:10:27	TASTEGGIO	0	1	7500	51855	107113	220	-15	0.16	0.16	0	
19/07/2011 13:10:47	TASTEGGIO	0	2	7500	51855	107114	232	-7	0.10	0.10	0	
19/07/2011 13:10:55	TASTEGGIO	0	2	7500	51855	107099	232	-7	0.11	0.13	24500	
19/07/2011 13:11:19	TASTEGGIO	1	0	7500	51855	82628	232	-26	0.15	0.15	0	
19/07/2011 13:11:38	TASTEGGIO	0	1	7500	51855	82625	214	-28	0.17	0.17	0	
19/07/2011 13:11:58	TASTEGGIO	0	1	7500	51855	82624	194	-22	0.14	0.14	0	
19/07/2011 13:12:18	TASTEGGIO	0	1	7500	51855	82623	182	-4	0.09	0.09	0	
19/07/2011 13:12:28	TASTEGGIO	0	1	7500	51855	106966	182	-4	0.09	0.10	24500	
19/07/2011 13:14:25	TASTEGGIO	0	1	7500	51855	107379	182	-4	1.03	1.06	-24500	
19/07/2011 13:14:50	TASTEGGIO	1	0	7500	51855	131818	400	-155	0.63	0.63	0	
19/07/2011 13:15:13	TASTEGGIO	0	1	7500	51855	131834	362	-168	1.48	1.48	0	
19/07/2011 13:15:26	TASTEGGIO	0	1	7500	51855	131845	14	-19	1.30	1.30	0	
19/07/2011 13:15:45	TASTEGGIO	0	2	7500	51855	131851	242	-34	0.98	0.98	0	
19/07/2011 13:16:08	TASTEGGIO	0	3	7500	51855	131857	369	-171	0.76	0.76	0	
19/07/2011 13:16:29	TASTEGGIO	0	1	7500	51855	131860	310	-60	0.18	0.18	0	
19/07/2011 13:16:50	TASTEGGIO	0	0	7500	51855	131860	245	-29	0.16	0.16	0	
19/07/2011 13:17:11	TASTEGGIO	0	1	7500	51855	131860	230	-40	0.29	0.29	0	
19/07/2011 13:17:30	TASTEGGIO	0	1	7500	51855	131860	177	-13	0.16	0.16	0	
19/07/2011 13:17:50	TASTEGGIO	0	2	7500	51855	131860	189	-6	0.10	0.10	0	
19/07/2011 13:18:00	TASTEGGIO	0	2	7500	51855	107405	189	-6	0.20	0.30	24500	
19/07/2011 13:18:24	TASTEGGIO	1	0	7500	51855	82937	275	-74	0.48	0.48	0	
19/07/2011 13:18:44	TASTEGGIO	0	1	7500	51855	82930	198	-32	0.18	0.18	0	
19/07/2011 13:19:04	TASTEGGIO	0	0	7500	51855	82929	245	-49	0.30	0.30	0	
19/07/2011 13:19:24	TASTEGGIO	0	1	7500	51855	82929	194	-16	0.18	0.18	0	
19/07/2011 13:19:44	TASTEGGIO	0	2	7500	51855	82928	209	-29	0.13	0.13	0	
19/07/2011 13:19:54	TASTEGGIO	0	2	7500	51855	107267	209	-29	0.10	0.17	44500	
19/07/2011 13:21:55	TASTEGGIO	0	2	7500	51855	107102	209	-29	0.43	0.44	-44500	
19/07/2011 13:22:19	TASTEGGIO	1	0	7500	51855	151509	310	-59	0.16	0.16	0	
19/07/2011 13:22:39	TASTEGGIO	0	1	7500	51855	151521	304	-91	0.73	0.73	0	
19/07/2011 13:22:53	TASTEGGIO	0	1	7500	51855	151537	0	-5	0.67	0.67	0	
19/07/2011 13:23:13	TASTEGGIO	0	1	7500	51855	151544	183	-7	0.61	0.61	0	
19/07/2011 13:23:33	TASTEGGIO	0	1	7500	51855	151553	349	-65	0.17	0.17	0	
19/07/2011 13:23:55	TASTEGGIO	0	1	7500	51855	151560	344	-78	0.59	0.59	0	
19/07/2011 13:24:12	TASTEGGIO	0	1	7500	51855	151560	139	-11	0.49	0.49	0	
19/07/2011 13:24:31	TASTEGGIO	0	2	7500	51855	151560	220	-26	0.24	0.24	0	
19/07/2011 13:24:53	TASTEGGIO	0	0	7500	51855	151560	260	-32	0.13	0.13	0	
19/07/2011 13:25:03	TASTEGGIO	0	0	7500	51855	107133	260	-32	0.19	0.19	0	
19/07/2011 13:25:27	TASTEGGIO	1	0	7500	51855	107147	247	-45	0.25	0.25	0	
19/07/2011 13:25:48	TASTEGGIO	0	1	7500	51855	107148	214	-30	0.05	0.05	0	
19/07/2011 13:25:56	TASTEGGIO	0	1	7500	51855	107112	214	-30	0.05	0.08	44500	
19/07/2011 13:27:51	TASTEGGIO	0	1	7500	51855	107104	214	-30	0.15	0.19	-24500	
19/07/2011 13:28:16	TASTEGGIO	1	0	7500	51855	131550	247	-48	0.41	0.41	0	
19/07/2011 13:28:35	TASTEGGIO	0	1	7500	51855	131562	158	-12	0.29	0.29	0	
19/07/2011 13:28:56	TASTEGGIO	0	2	7500	51855	131573	187	-12	0.18	0.18	0	
19/07/2011 13:29:16	TASTEGGIO	0	3	7500	51855	131578	206	-12	0.07	0.07	0	
19/07/2011 13:29:26	TASTEGGIO	0	3	7500	51855	107115	206	-12	0.08	0.12	44500	
19/07/2011 13:31:21	TASTEGGIO	0	3	7500	51855	107105	206	-12	0.64	0.64	0	
19/07/2011 13:31:45	TASTEGGIO	1	0	7500	51855	107115	361	-100	0.41	0.41	0	
19/07/2011 13:32:07	TASTEGGIO	0	1	7500	51855	107115	334	-117	0.76	0.76	0	
19/07/2011 13:32:26	TASTEGGIO	0	1	7500	51855	107115	193	-14	0.63	0.63	0	
19/07/2011 13:32:49	TASTEGGIO	0	2	7500	51855	107115	297	-46	0.29	0.29	0	
19/07/2011 13:33:10	TASTEGGIO	0	0	7500	51855	107115	273	-14	0.15	0.15	0	
19/07/2011 13:33:31	TASTEGGIO	0	1	7500	51855	107120	280	-7	0.09	0.09	0	
19/07/2011 13:33:39	TASTEGGIO	0	1	7500	51855	107100	280	-7	0.10	0.30	44500	
19/07/2011 13:34:03	TASTEGGIO	1	0	7500	51855	62621	275	-27	0.11	0.11	0	
19/07/2011 13:34:14	TASTEGGIO	1	0	7500	51855	106958	275	-27	0.12	0.13	24500	
19/07/2011 13:34:39	TASTEGGIO	1	0	7500	51855	82499	232	-35	0.22	0.22	0	
19/07/2011 13:34:59	TASTEGGIO	0	1	7500	51855	82496	194	-17	0.06	0.06	0	
19/07/2011 13:35:08	TASTEGGIO	0	1	7500	51855	106947	194	-17	0.08	0.15	44500	
19/07/2011 13:35:33	TASTEGGIO	1	0	7500	51855	62474	237	-2	0.12	0.12	0	
19/07/2011 13:35:43	TASTEGGIO	1	0	7500	51855	106934	237	-2	0.08	0.13	44500	
19/07/2011 13:36:07	TASTEGGIO	1	0	7500	51855	62465	232	-2	0.11	0.11	0	
19/07/2011 13:36:18	TASTEGGIO	1	0	7500	51855	106929	232	-2	0.08	0.12	44500	
19/07/2011 13:38:15	TASTEGGIO	1	0	7500	51855	107105	232	-2	0.11	0.13	-44500	
19/07/2011 13:38:39	TASTEGGIO	1	0	7500	51855	151509	232	-34	0.18	0.18	0	
19/07/2011 13:38:58	TASTEGGIO	0	1	7500	51855	151522	207	-28	0.09	0.09	0	
19/07/2011 13:39:09	TASTEGGIO	0	1	7500	51855	107111	207	-28	0.07	0.15	44500	
19/07/2011 13:39:33	TASTEGGIO	1	0	7500	51855	62632	237	-19	0.08	0.08	0	
19/07/2011 13:39:44	TASTEGGIO	1	0	7500	51855	106957	237	-19	0.15	0.15	0	
19/07/2011 13:40:07	TASTEGGIO	1	0	7500	51855	106957	237	-41	0.26	0.26	0	
19/07/2011 13:40:28	TASTEGGIO	0	1	7500	51855	106959	191	-17	0.09	0.09	0	
19/07/2011 13:40:36	TASTEGGIO	0	1	7500	51855	106964	191	-17	0.10	0.10	0	
19/07/2011 13:42:34	TASTEGGIO	0	1	7500	51855	107200	191	-17	0.49	0.51	-44500	
19/07/2011 13:43:00	TASTEGGIO	1	0	7500	51855	151619	328	-61	0.16	0.16	0	
19/07/2011 13:43:21	TASTEGGIO	0	1	7500	51855	151630	322	-67	0.50	0.50	0	
19/07/2011 13:43:40	TASTEGGIO	0	1	7500	51855	151640	165	-10	0.39	0.39	0	
19/07/2011 13:44:00	TASTEGGIO	0	2	7500	51855	151649	208	-13	0.26	0.26	0	
19/07/2011 13:44:19	TASTEGGIO	0	3	7500	51855	151656	238	-15	0.13	0.13	0	
19/07/2011 13:44:29	TASTEGGIO	0	3	7500	51855	107225	238	-15	0.11	0.13	-44500	
19/07/2011 13:44:53	TASTEGGIO	1	0	7500	51855	151632	232	-4	0.08	0.08	0	
19/07/2011 13:45:03	TASTEGGIO	1	0	7500	51855	107195	232	-4	0.14	0.14	0	
19/07/2011 13:45:27	TASTEGGIO	1	0	7500	51855	107207	235	-35	0.22	0.22	0	
19/07/2011 13:45:47	TASTEGGIO	0	1	7500	51855	107208	200	-19	0.10	0.10	0	
19/07/2011 13:45:55	TASTEGGIO	0	1	7500	51855	107198	200	-19	0.11	0.20	-44500	
19/07/2011 13:46:20	TASTEGGIO	1	0	7500	51855	151615	250	-8	0.14	0.14	0	
19/07/2011 13:46:31	TASTEGGIO	1	0	7500	51855	107195	250	-8	0.10	0.14	-44500	
19/07/2011 13:46:55	TASTEGGIO	1	0	7500	51855	151618	235	-2	0.12	0.12	0	
19/07/2011 13:47:05	TASTEGGIO	1	0	7500	51855	107191	235	-2	0.08	0.11	-44500	
19/07/2011 13:49:06	TASTEGGIO	1	0	7500	51855	107202	235	-2	0.27	0.30	24500	
19/07/2011 13:49:32	TASTEGGIO	1	0	7500	51855	82728	275	-41	0.17	0.17	0	
19/07/2011 13:49:54	TASTEGGIO	0	1	7500	51855	82728	265	-24	0.41	0.41	0	
19/07/2011 13:50:12	TASTEGGIO	0	1	7500	51855	82722	166	-11	0.32	0.32	0	
19/07/2011 13:50:32	TASTEGGIO	0	2	7500	51855	82722	201	-11	0.21	0.21	0	
19/07/2011 13:50:53	TASTEGGIO	0	3	7500	51855	82723	224	-12	0.12	0.12	0	
19/07/2011 13:51:03	TASTEGGIO	0	3	7500	51855	107066	224	-12	0.17	0.17	-24500	
19/07/2011 13:51:28	TASTEGGIO	1	0	7500	51855	131529	242	-39	0.22	0.22	0	
19/07/2011 13:51:48	TASTEGGIO	0	1	7500	51855	131539	213	-30	0.07	0.07	0	
19/07/2011 13:51:58	TASTEGGIO	0	1	7500	51855	107193	213	-30	0.05	0.11	44500	
19/07/2011 13:54:02	TASTEGGIO	0	1	7500	51855	107109	213	-30	0.13	0.19	24500	
19/07/2011 13:54:27	TASTEGGIO	1	0	7500	51855	82638	247	-30	0.12	0.12	0	
19/07/2011 13:54:37	TASTEGGIO	1	0	7500	51855	106970	247	-30	0.16	0.16	0	
19/07/2011 13:55:00	TASTEGGIO	1	0	7500	51855	106970	240	-40	0.24	0.24	0	
19/07/2011 13:55:20	TASTEGGIO	0	1	7500	51855	106972	204	-23	0.04	0.04	0	
19/07/2011 13:55:28	TASTEGGIO	0	1	7500	51855	106977	204	-23	0.04	0.08	44500	
19/07/2011 13:57:37	TASTEGGIO	0	1	7500	51855	107103	204	-23	0.09	0.09	0	
19/07/2011 13:59:35	TASTEGGIO	0	1	7500	51855	107201	204	-23	0.06	0.14	44500	
19/07/2011 14:00:00	TASTEGGIO	1	0	7500	51855	62730	235	-17	0.03	0.03	0	
19/07/2011 14:00:10	TASTEGGIO	1	0	7500	51855	107058	235	-17	0.06	0.12	-44500	
19/07/2011 14:02:05	TASTEGGIO	1	0	7500	51855	107105	235	-17	0.40	0.46	24500	
19/07/2011 14:02:31	TASTEGGIO	1	0	7500	51855	82621	315	-55	0.18	0.18	0	
19/07/2011 14:02:52	TASTEGGIO	0	1	7500	51855	82623	307	-69	0.49	0.49	0	
19/07/2011 14:03:11	TASTEGGIO	0	1	7500	51855	82621	173	-11	0.38	0.38	0	
19/07/2011 14:03:30	TASTEGGIO	0	2	7500	51855	82618	214	-10	0.29	0.29	0	
19/07/2011 14:03:51	TASTEGGIO	0	3	7500	51855	82617	252	-14	0.15	0.15	0	
19/07/2011 14:04:11	TASTEGGIO	0	4	7500	51855	82617	267	-11	0.05	0.05	0	
19/07/2011 14:04:21	TASTEGGIO	0	4	7500	51855	106952	267	-11	0.02	0.11	44500	
19/07/2011 14:06:19	TASTEGGIO	0	4	7500	51855	107201	267	-11	0.22	0.23	24500	
19/07/2011 14:06:43	TASTEGGIO	1	0	7500	51855	82723	257	-36	0.13	0.13	0	
19/07/2011 14:06:53	TASTEGGIO	1	0	7500	51855	107057	257	-36	0.10	0.11	24500	
19/07/2011 14:08:50	TASTEGGIO	1	0	7500	51855	107106	257	-36	0.08	0.08	0	
19/07/2011 14:10:44	TASTEGGIO	1	0	7500	51855	107103	257	-36	0.20	0.29	-44500	
19/07/2011 14:11:09	TASTEGGIO	1	0	7500	51855	151532	273	-47	0.16	0.16	0	
19/07/2011 14:11:30	TASTEGGIO	0	1	7500	51855	151540	264	-55	0.37	0.37	0	
19/07/2011 14:11:49	TASTEGGIO	0	1	7500	51855	151548	178	-7	0.30	0.30	0	
19/07/2011 14:12:09	TASTEGGIO	0	2	7500	51855	151554	226	-8	0.23	0.23	0	
19/07/2011 14:12:29	TASTEGGIO	0	3	7500	51855	151558	256	-10	0.13	0.13	0	
19/07/2011 14:12:40	TASTEGGIO	0	3	7500	51855	107137	256	-10	0.09	0.14	-44500	
19/07/2011 14:13:05	TASTEGGIO	1	0	7500	51855	151537	235	-2	0.12	0.12	0	
19/07/2011 14:13:15	TASTEGGIO	1	0	7500	51855	107108	235	-2	0.08	0.12	-24500	
19/07/2011 14:15:11	TASTEGGIO	1	0	7500	51855	107103	235	-2	0.34	0.36	-24500	
19/07/2011 14:15:36	TASTEGGIO	1	0	7500	51855	131568	290	-66	0.31	0.31	0	
19/07/2011 14:15:57	TASTEGGIO	0	1	7500	51855	131574	263	-55	0.25	0.25	0	
19/07/2011 14:16:18	TASTEGGIO	0	1	7500	51855	131578	242	-41	0.28	0.28	0	
19/07/2011 14:16:38	TASTEGGIO	0	1	7500	51855	131580	210	-16	0.12	0.12	0	
19/07/2011 14:16:48	TASTEGGIO	0	1	7500	51855	107117	210	-16	0.10	0.22	44500	
19/07/2011 14:17:12	TASTEGGIO	1	0	7500	51855	62636	255	-25	0.06	0.06	0	
19/07/2011 14:17:22	TASTEGGIO	1	0	7500	51855	106956	255	-25	0.11	0.22	-44500	
19/07/2011 14:17:46	TASTEGGIO	1	0	7500	51855	151376	255	-41	0.22	0.22	0	
19/07/2011 14:18:06	TASTEGGIO	0	1	7500	51855	151386	233	-30	0.10	0.10	0	
19/07/2011 14:18:17	TASTEGGIO	0	1	7500	51855	107083	233	-30	0.05	0.10	-44500	
19/07/2011 14:19:26	ALARM 17	proc 12 prog 10 step 47	LavoroTerminato
19/07/2011 14:29:26	TASTEGGIO	0	1	7500	51855	107107	233	-30	0.18	0.20	-24500	
19/07/2011 14:29:51	TASTEGGIO	1	0	7500	51855	131579	250	-45	0.24	0.24	0	
19/07/2011 14:30:11	TASTEGGIO	0	1	7500	51855	131582	221	-36	0.13	0.13	0	
19/07/2011 14:30:21	TASTEGGIO	0	1	7500	51855	107104	221	-36	0.13	0.14	24500	
19/07/2011 14:30:45	TASTEGGIO	1	0	7500	51855	82635	235	-29	0.14	0.14	0	
19/07/2011 14:31:05	TASTEGGIO	0	1	7500	51855	82629	221	-26	0.11	0.11	0	
19/07/2011 14:31:15	TASTEGGIO	0	1	7500	51855	106961	221	-26	0.09	0.10	24500	
19/07/2011 14:33:13	TASTEGGIO	0	1	7500	51855	107104	221	-26	0.37	0.37	0	
19/07/2011 14:33:38	TASTEGGIO	1	0	7500	51855	107113	293	-63	0.27	0.27	0	
19/07/2011 14:33:59	TASTEGGIO	0	1	7500	51855	107113	273	-65	0.40	0.40	0	
19/07/2011 14:34:20	TASTEGGIO	0	1	7500	51855	107113	213	-19	0.23	0.23	0	
19/07/2011 14:34:40	TASTEGGIO	0	2	7500	51855	107113	231	-15	0.11	0.11	0	
19/07/2011 14:34:48	TASTEGGIO	0	2	7500	51855	107099	231	-15	0.12	0.15	44500	
19/07/2011 14:35:13	TASTEGGIO	1	0	7500	51855	62619	237	-16	0.05	0.05	0	
19/07/2011 14:35:23	TASTEGGIO	1	0	7500	51855	106967	237	-16	0.03	0.06	-24500	
19/07/2011 14:37:18	TASTEGGIO	1	0	7500	51855	107106	237	-16	1.13	1.13	0	
19/07/2011 14:37:43	TASTEGGIO	1	0	7500	51855	107116	400	-72	0.49	0.49	0	
19/07/2011 14:38:04	TASTEGGIO	0	0	7500	51855	107116	323	-29	0.26	0.26	0	
19/07/2011 14:38:27	TASTEGGIO	0	1	7500	51855	107116	336	-20	0.18	0.18	0	
19/07/2011 14:38:49	TASTEGGIO	0	2	7500	51855	107115	353	-56	0.40	0.40	0	
19/07/2011 14:39:10	TASTEGGIO	0	1	7500	51855	107115	264	-56	0.22	0.22	0	
19/07/2011 14:39:31	TASTEGGIO	0	1	7500	51855	107123	251	-21	0.22	0.22	0	
19/07/2011 14:39:53	TASTEGGIO	0	1	7500	51855	107123	317	-19	0.08	0.08	0	
19/07/2011 14:40:01	TASTEGGIO	0	1	7500	51855	107103	317	-19	0.08	0.42	-44500	
19/07/2011 14:40:26	TASTEGGIO	1	0	7500	51855	151508	305	-51	0.20	0.20	0	
19/07/2011 14:40:47	TASTEGGIO	0	1	7500	51855	151519	295	-69	0.64	0.64	0	
19/07/2011 14:41:03	TASTEGGIO	0	1	7500	51855	151527	90	-4	0.59	0.59	0	
19/07/2011 14:41:24	TASTEGGIO	0	1	7500	51855	151535	252	-13	0.46	0.46	0	
19/07/2011 14:41:44	TASTEGGIO	0	2	7500	51855	151543	302	-25	0.22	0.22	0	
19/07/2011 14:42:05	TASTEGGIO	0	0	7500	51855	151551	255	-3	0.20	0.20	0	
19/07/2011 14:42:25	TASTEGGIO	0	1	7500	51855	151551	291	-8	0.14	0.14	0	
19/07/2011 14:42:35	TASTEGGIO	0	1	7500	51855	107135	291	-8	0.18	0.18	0	
19/07/2011 14:42:59	TASTEGGIO	1	0	7500	51855	107147	245	-41	0.22	0.22	0	
19/07/2011 14:43:20	TASTEGGIO	0	1	7500	51855	107150	218	-11	0.12	0.12	0	
19/07/2011 14:43:27	TASTEGGIO	0	1	7500	51855	107132	218	-11	0.12	0.29	44500	
19/07/2011 14:43:52	TASTEGGIO	1	0	7500	51855	62651	273	-20	0.10	0.10	0	
19/07/2011 14:44:03	TASTEGGIO	1	0	7500	51855	106953	273	-20	0.06	0.20	-44500	
19/07/2011 14:44:27	TASTEGGIO	1	0	7500	51855	151381	250	-2	0.19	0.19	0	
19/07/2011 14:44:46	TASTEGGIO	0	1	7500	51855	151390	286	-3	0.15	0.15	0	
19/07/2011 14:45:08	TASTEGGIO	0	2	7500	51855	151399	302	-8	0.11	0.11	0	
19/07/2011 14:45:18	TASTEGGIO	0	2	7500	51855	107103	302	-8	0.13	0.13	0	
19/07/2011 14:45:42	TASTEGGIO	1	0	7500	51855	107110	232	-14	0.07	0.07	0	
19/07/2011 14:45:50	TASTEGGIO	1	0	7500	51855	107100	232	-14	0.07	0.17	-44500	
19/07/2011 14:46:14	TASTEGGIO	1	0	7500	51855	151517	242	-3	0.13	0.13	0	
19/07/2011 14:46:25	TASTEGGIO	1	0	7500	51855	107100	242	-3	0.07	0.14	-44500	
19/07/2011 14:46:49	TASTEGGIO	1	0	7500	51855	151521	235	1	0.14	0.14	0	
19/07/2011 14:47:08	TASTEGGIO	0	1	7500	51855	151534	263	-1	0.13	0.13	0	
19/07/2011 14:47:29	TASTEGGIO	0	1	7500	51855	151545	299	-3	0.11	0.11	0	
19/07/2011 14:47:40	TASTEGGIO	0	1	7500	51855	107114	299	-3	0.09	0.11	-44500	
19/07/2011 14:49:39	TASTEGGIO	0	1	7500	51855	107109	299	-3	0.69	0.84	-44500	
19/07/2011 14:50:05	TASTEGGIO	1	0	7500	51855	151515	400	-80	0.25	0.25	0	
19/07/2011 14:50:24	TASTEGGIO	0	0	7500	51855	151527	263	-25	0.05	0.05	0	
19/07/2011 14:50:35	TASTEGGIO	0	0	7500	51855	107111	263	-25	0.24	0.24	0	
19/07/2011 14:50:58	TASTEGGIO	1	0	7500	51855	107120	260	-41	0.21	0.21	0	
19/07/2011 14:51:19	TASTEGGIO	0	1	7500	51855	107122	241	-41	0.19	0.19	0	
19/07/2011 14:51:40	TASTEGGIO	0	1	7500	51855	107122	223	-25	0.17	0.17	0	
19/07/2011 14:52:01	TASTEGGIO	0	1	7500	51855	107122	207	-14	0.07	0.07	0	
19/07/2011 14:52:09	TASTEGGIO	0	1	7500	51855	107107	207	-14	0.06	0.12	-44500	
19/07/2011 14:54:07	TASTEGGIO	0	1	7500	51855	107105	207	-14	0.75	0.84	-44500	
19/07/2011 14:54:33	TASTEGGIO	1	0	7500	51855	151511	400	-81	0.13	0.13	0	
19/07/2011 14:54:43	TASTEGGIO	1	0	7500	51855	107104	400	-81	0.34	0.47	44500	
19/07/2011 14:55:09	TASTEGGIO	1	0	7500	51855	62625	318	-29	0.17	0.17	0	
19/07/2011 14:55:28	TASTEGGIO	0	0	7500	51855	62625	242	-7	0.13	0.13	0	
19/07/2011 14:55:39	TASTEGGIO	0	0	7500	51855	106950	242	-7	0.11	0.14	44500	
19/07/2011 14:56:03	TASTEGGIO	1	0	7500	51855	62475	235	-1	0.14	0.14	0	
19/07/2011 14:56:23	TASTEGGIO	0	1	7500	51855	62473	263	-1	0.13	0.13	0	
19/07/2011 14:56:43	TASTEGGIO	0	1	7500	51855	62472	299	-7	0.06	0.06	0	
19/07/2011 14:56:53	TASTEGGIO	0	1	7500	51855	106941	299	-7	0.09	0.09	0	
19/07/2011 14:58:47	TASTEGGIO	0	1	7500	51855	107109	299	-7	0.33	0.33	0	
19/07/2011 14:59:11	TASTEGGIO	1	0	7500	51855	107118	283	-62	0.28	0.28	0	
19/07/2011 14:59:32	TASTEGGIO	0	1	7500	51855	107118	259	-63	0.37	0.37	0	
19/07/2011 14:59:53	TASTEGGIO	0	1	7500	51855	107118	210	-19	0.20	0.20	0	
19/07/2011 15:00:13	TASTEGGIO	0	2	7500	51855	107118	225	-9	0.13	0.13	0	
19/07/2011 15:00:21	TASTEGGIO	0	2	7500	51855	107101	225	-9	0.13	0.18	44500	
19/07/2011 15:00:45	TASTEGGIO	1	0	7500	51855	62622	245	-19	0.12	0.12	0	
19/07/2011 15:00:56	TASTEGGIO	1	0	7500	51855	106957	245	-19	0.10	0.14	-24500	
19/07/2011 15:01:20	TASTEGGIO	1	0	7500	51855	131423	235	-42	0.27	0.27	0	
19/07/2011 15:01:39	TASTEGGIO	0	1	7500	51855	131431	182	-16	0.13	0.13	0	
19/07/2011 15:01:59	TASTEGGIO	0	0	7500	51855	131435	232	-34	0.21	0.21	0	
19/07/2011 15:02:20	TASTEGGIO	0	1	7500	51855	131438	198	-16	0.07	0.07	0	
19/07/2011 15:02:29	TASTEGGIO	0	1	7500	51855	107103	198	-16	0.05	0.11	-44500	
19/07/2011 15:02:54	TASTEGGIO	1	0	7500	51855	151508	227	-32	0.22	0.22	0	
19/07/2011 15:03:13	TASTEGGIO	0	1	7500	51855	151521	183	-13	0.09	0.09	0	
19/07/2011 15:03:23	TASTEGGIO	0	1	7500	51855	107100	183	-13	0.11	0.11	0	
19/07/2011 15:03:47	TASTEGGIO	1	0	7500	51855	107109	227	-17	0.14	0.14	0	
19/07/2011 15:04:07	TASTEGGIO	0	1	7500	51855	107109	209	-13	0.03	0.03	0	
19/07/2011 15:04:15	TASTEGGIO	0	1	7500	51855	107099	209	-13	0.03	0.07	44500	
19/07/2011 15:06:02	TASTEGGIO	0	1	7500	51855	107102	209	-13	0.35	0.48	-44500	
19/07/2011 15:06:29	TASTEGGIO	1	0	7500	51855	151511	321	-53	0.14	0.14	0	
19/07/2011 15:06:39	TASTEGGIO	1	0	7500	51855	107101	321	-53	0.26	0.38	44500	
19/07/2011 15:07:04	TASTEGGIO	1	0	7500	51855	62631	295	-24	0.14	0.14	0	
19/07/2011 15:07:15	TASTEGGIO	1	0	7500	51855	106956	295	-24	0.09	0.15	44500	
19/07/2011 15:07:39	TASTEGGIO	1	0	7500	51855	62481	237	-2	0.15	0.15	0	
19/07/2011 15:08:00	TASTEGGIO	0	1	7500	51855	62480	267	-2	0.12	0.12	0	
19/07/2011 15:08:11	TASTEGGIO	0	1	7500	51855	106941	267	-2	0.07	0.13	44500	
19/07/2011 15:08:35	TASTEGGIO	1	0	7500	51855	62464	232	-1	0.13	0.13	0	
19/07/2011 15:08:55	TASTEGGIO	0	1	7500	51855	62463	258	-1	0.12	0.12	0	
19/07/2011 15:09:15	TASTEGGIO	0	1	7500	51855	62464	291	-10	0.03	0.03	0	
19/07/2011 15:09:26	TASTEGGIO	0	1	7500	51855	106937	291	-10	0.09	0.09	0	
19/07/2011 15:11:22	TASTEGGIO	0	1	7500	51855	107105	291	-10	0.82	0.82	0	
19/07/2011 15:11:47	TASTEGGIO	1	0	7500	51855	107115	400	-98	0.26	0.26	0	
19/07/2011 15:12:09	TASTEGGIO	0	1	7500	51855	107115	391	-146	1.17	1.17	0	
19/07/2011 15:12:22	TASTEGGIO	0	1	7500	51855	107115	0	-8	1.08	1.08	0	
19/07/2011 15:12:42	TASTEGGIO	0	1	7500	51855	107115	298	-30	0.79	0.79	0	
19/07/2011 15:13:04	TASTEGGIO	0	2	7500	51855	107115	379	-69	0.17	0.17	0	
19/07/2011 15:13:25	TASTEGGIO	0	0	7500	51855	107115	242	-3	0.15	0.15	0	
19/07/2011 15:13:47	TASTEGGIO	0	1	7500	51855	107115	255	-2	0.15	0.15	0	
19/07/2011 15:14:08	TASTEGGIO	0	1	7500	51855	107115	300	-5	0.10	0.10	0	
19/07/2011 15:14:16	TASTEGGIO	0	1	7500	51855	107100	300	-5	0.11	0.28	44500	
19/07/2011 15:14:41	TASTEGGIO	1	0	7500	51855	62620	270	-20	0.08	0.08	0	
19/07/2011 15:14:51	TASTEGGIO	1	0	7500	51855	106962	270	-20	0.06	0.15	-44500	
19/07/2011 15:15:16	TASTEGGIO	1	0	7500	51855	151380	237	-29	0.14	0.14	0	
19/07/2011 15:15:26	TASTEGGIO	1	0	7500	51855	107082	237	-29	0.25	0.25	0	
19/07/2011 15:15:50	TASTEGGIO	1	0	7500	51855	107092	263	-47	0.24	0.24	0	
19/07/2011 15:16:11	TASTEGGIO	0	1	7500	51855	107092	239	-12	0.10	0.10	0	
19/07/2011 15:16:19	TASTEGGIO	0	1	7500	51855	107082	239	-12	0.11	0.17	44500	
19/07/2011 15:16:43	TASTEGGIO	1	0	7500	51855	62615	242	-2	0.15	0.15	0	
19/07/2011 15:17:04	TASTEGGIO	0	1	7500	51855	62613	255	-1	0.14	0.14	0	
19/07/2011 15:17:15	TASTEGGIO	0	1	7500	51855	106949	255	-1	0.09	0.14	44500	
19/07/2011 15:17:39	TASTEGGIO	1	0	7500	51855	62474	235	0	0.14	0.14	0	
19/07/2011 15:17:59	TASTEGGIO	0	1	7500	51855	62473	263	-2	0.12	0.12	0	
19/07/2011 15:18:20	TASTEGGIO	0	2	7500	51855	62474	283	-7	0.05	0.05	0	
19/07/2011 15:18:31	TASTEGGIO	0	2	7500	51855	106939	283	-7	0.06	0.09	-24500	
19/07/2011 15:20:32	TASTEGGIO	0	2	7500	51855	107199	283	-7	1.00	1.00	0	
19/07/2011 15:20:57	TASTEGGIO	1	0	7500	51855	107216	400	-78	0.24	0.24	0	
19/07/2011 15:21:18	TASTEGGIO	0	0	7500	51855	107215	260	-1	0.24	0.24	0	
19/07/2011 15:21:40	TASTEGGIO	0	1	7500	51855	107215	308	-2	0.21	0.21	0	
19/07/2011 15:22:03	TASTEGGIO	0	2	7500	51855	107215	344	-18	0.09	0.09	0	
19/07/2011 15:22:11	TASTEGGIO	0	2	7500	51855	107198	344	-18	0.09	0.29	-44500	
19/07/2011 15:22:37	TASTEGGIO	1	0	7500	51855	151605	273	-42	0.14	0.14	0	
19/07/2011 15:22:47	TASTEGGIO	1	0	7500	51855	107195	273	-42	0.22	0.26	44500	
19/07/2011 15:23:11	TASTEGGIO	1	0	7500	51855	62725	265	-16	0.12	0.12	0	
19/07/2011 15:23:21	TASTEGGIO	1	0	7500	51855	107050	265	-16	0.16	0.16	0	
19/07/2011 15:23:44	TASTEGGIO	1	0	7500	51855	107048	240	-50	0.34	0.34	0	
19/07/2011 15:24:02	TASTEGGIO	0	1	7500	51855	107050	167	-5	0.29	0.29	0	
19/07/2011 15:24:22	TASTEGGIO	0	2	7500	51855	107050	216	-4	0.25	0.25	0	
19/07/2011 15:24:45	TASTEGGIO	0	3	7500	51855	107052	280	-8	0.18	0.18	0	
19/07/2011 15:25:06	TASTEGGIO	0	4	7500	51855	107053	305	-7	0.12	0.12	0	
19/07/2011 15:25:14	TASTEGGIO	0	4	7500	51855	107059	305	-7	0.12	0.25	44500	
19/07/2011 15:25:38	TASTEGGIO	1	0	7500	51855	62594	263	-12	0.13	0.13	0	
19/07/2011 15:25:49	TASTEGGIO	1	0	7500	51855	107040	263	-12	0.05	0.14	44500	
19/07/2011 15:26:13	TASTEGGIO	1	0	7500	51855	62574	235	0	0.13	0.13	0	
19/07/2011 15:26:34	TASTEGGIO	0	1	7500	51855	62571	259	-3	0.10	0.10	0	
19/07/2011 15:26:45	TASTEGGIO	0	1	7500	51855	107040	259	-3	0.04	0.10	44500	
19/07/2011 15:28:43	TASTEGGIO	0	1	7500	51855	107107	259	-3	0.54	0.57	-24500	
19/07/2011 15:29:09	TASTEGGIO	1	0	7500	51855	131553	343	-141	1.59	1.59	0	
19/07/2011 15:29:22	TASTEGGIO	0	1	7500	51855	131564	0	-10	1.49	1.49	0	
19/07/2011 15:29:45	TASTEGGIO	0	1	7500	51855	131574	400	-103	0.61	0.61	0	
19/07/2011 15:30:07	TASTEGGIO	0	0	7500	51855	131579	353	-62	0.09	0.09	0	
19/07/2011 15:30:17	TASTEGGIO	0	0	7500	51855	107112	353	-62	0.05	0.09	-24500	
19/07/2011 15:32:14	TASTEGGIO	0	0	7500	51855	107104	353	-62	1.19	1.23	-24500	
19/07/2011 15:32:40	TASTEGGIO	1	0	7500	51855	131552	400	-68	0.59	0.59	0	
19/07/2011 15:33:02	TASTEGGIO	0	0	7500	51855	131563	348	-25	0.35	0.35	0	
19/07/2011 15:33:25	TASTEGGIO	0	1	7500	51855	131571	368	-25	0.17	0.17	0	
19/07/2011 15:33:45	TASTEGGIO	0	0	7500	51855	131577	242	-3	0.14	0.14	0	
19/07/2011 15:33:55	TASTEGGIO	0	0	7500	51855	107113	242	-3	0.30	0.45	44500	
19/07/2011 15:34:19	TASTEGGIO	1	0	7500	51855	62633	313	-30	0.16	0.16	0	
19/07/2011 15:34:38	TASTEGGIO	0	0	7500	51855	62633	240	-4	0.13	0.13	0	
19/07/2011 15:34:49	TASTEGGIO	0	0	7500	51855	106949	240	-4	0.07	0.13	44500	
19/07/2011 15:35:12	TASTEGGIO	1	0	7500	51855	62477	232	0	0.14	0.14	0	
19/07/2011 15:35:32	TASTEGGIO	0	1	7500	51855	62474	262	-1	0.12	0.12	0	
19/07/2011 15:35:54	TASTEGGIO	0	2	7500	51855	62473	282	-4	0.09	0.09	0	
19/07/2011 15:36:04	TASTEGGIO	0	2	7500	51855	106943	282	-4	0.04	0.11	-44500	
19/07/2011 15:36:28	TASTEGGIO	1	0	7500	51855	151362	227	-15	0.05	0.05	0	
19/07/2011 15:36:38	TASTEGGIO	1	0	7500	51855	107086	227	-15	0.13	0.21	-24500	
19/07/2011 15:37:04	TASTEGGIO	1	0	7500	51855	131547	252	-32	0.30	0.30	0	
19/07/2011 15:37:24	TASTEGGIO	0	1	7500	51855	131556	209	-30	0.08	0.08	0	
19/07/2011 15:37:34	TASTEGGIO	0	1	7500	51855	107089	209	-30	0.15	0.20	-44500	
19/07/2011 15:37:59	TASTEGGIO	1	0	7500	51855	151508	250	-9	0.12	0.12	0	
19/07/2011 15:38:09	TASTEGGIO	1	0	7500	51855	107091	250	-9	0.08	0.13	44500	
19/07/2011 15:38:33	TASTEGGIO	1	0	7500	51855	62613	232	-2	0.11	0.11	0	
19/07/2011 15:38:53	TASTEGGIO	0	1	7500	51855	62613	241	0	0.12	0.12	0	
19/07/2011 15:39:14	TASTEGGIO	0	1	7500	51855	62613	280	-3	0.10	0.10	0	
19/07/2011 15:39:25	TASTEGGIO	0	1	7500	51855	106949	280	-3	0.05	0.10	44500	
19/07/2011 15:41:33	TASTEGGIO	0	1	7500	51855	107104	280	-3	0.32	0.35	-44500	
19/07/2011 15:41:59	TASTEGGIO	1	0	7500	51855	151519	288	-45	0.12	0.12	0	
19/07/2011 15:42:09	TASTEGGIO	1	0	7500	51855	107102	288	-45	0.10	0.13	-24500	
19/07/2011 15:42:35	TASTEGGIO	1	0	7500	51855	131557	232	-32	0.18	0.18	0	
19/07/2011 15:42:55	TASTEGGIO	0	1	7500	51855	131567	207	-21	0.08	0.08	0	
19/07/2011 15:43:05	TASTEGGIO	0	1	7500	51855	107095	207	-21	0.12	0.15	24500	
19/07/2011 15:43:29	TASTEGGIO	1	0	7500	51855	82626	237	-22	0.10	0.10	0	
19/07/2011 15:43:39	TASTEGGIO	1	0	7500	51855	106955	237	-22	0.10	0.10	0	
19/07/2011 15:45:34	TASTEGGIO	1	0	7500	51855	107104	237	-22	0.29	0.29	0	
19/07/2011 15:45:58	TASTEGGIO	1	0	7500	51855	107114	273	-46	0.19	0.19	0	
19/07/2011 15:46:19	TASTEGGIO	0	1	7500	51855	107114	260	-56	0.37	0.37	0	
19/07/2011 15:46:39	TASTEGGIO	0	1	7500	51855	107115	187	-11	0.27	0.27	0	
19/07/2011 15:46:59	TASTEGGIO	0	2	7500	51855	107114	214	-9	0.19	0.19	0	
19/07/2011 15:47:21	TASTEGGIO	0	3	7500	51855	107115	237	-14	0.08	0.08	0	
19/07/2011 15:47:29	TASTEGGIO	0	3	7500	51855	107099	237	-14	0.08	0.13	24500	
19/07/2011 15:47:53	TASTEGGIO	1	0	7500	51855	82614	232	-23	0.13	0.13	0	
19/07/2011 15:48:13	TASTEGGIO	0	1	7500	51855	82612	219	-22	0.08	0.08	0	
19/07/2011 15:48:23	TASTEGGIO	0	1	7500	51855	106948	219	-22	0.05	0.07	24500	
19/07/2011 15:50:22	TASTEGGIO	0	1	7500	51855	107214	219	-22	0.86	0.86	0	
19/07/2011 15:50:46	TASTEGGIO	1	0	7500	51855	107228	400	-88	0.17	0.17	0	
19/07/2011 15:51:09	TASTEGGIO	0	1	7500	51855	107228	396	-145	1.26	1.26	0	
19/07/2011 15:51:23	TASTEGGIO	0	1	7500	51855	107230	0	-8	1.17	1.17	0	
19/07/2011 15:51:45	TASTEGGIO	0	1	7500	51855	107230	325	-46	0.74	0.74	0	
19/07/2011 15:52:07	TASTEGGIO	0	2	7500	51855	107230	391	-73	0.15	0.15	0	
19/07/2011 15:52:28	TASTEGGIO	0	0	7500	51855	107230	237	-5	0.11	0.11	0	
19/07/2011 15:52:36	TASTEGGIO	0	0	7500	51855	107215	237	-5	0.11	0.33	44500	
19/07/2011 15:53:01	TASTEGGIO	1	0	7500	51855	62728	283	-22	0.12	0.12	0	
19/07/2011 15:53:11	TASTEGGIO	1	0	7500	51855	107049	283	-22	0.06	0.13	-44500	
19/07/2011 15:53:35	TASTEGGIO	1	0	7500	51855	151493	232	-27	0.14	0.14	0	
19/07/2011 15:53:55	TASTEGGIO	0	1	7500	51855	151501	216	-24	0.13	0.13	0	
19/07/2011 15:54:15	TASTEGGIO	0	1	7500	51855	151509	203	-15	0.05	0.05	0	
19/07/2011 15:54:25	TASTEGGIO	0	1	7500	51855	107191	203	-15	0.09	0.14	44500	
19/07/2011 15:54:50	TASTEGGIO	1	0	7500	51855	62714	235	-4	0.10	0.10	0	
19/07/2011 15:55:00	TASTEGGIO	1	0	7500	51855	107047	235	-4	0.10	0.10	44500	
19/07/2011 15:56:56	TASTEGGIO	1	0	7500	51855	107209	235	-4	0.09	0.14	44500	
19/07/2011 15:57:19	TASTEGGIO	1	0	7500	51855	62725	235	-18	0.04	0.04	0	
19/07/2011 15:57:30	TASTEGGIO	1	0	7500	51855	107056	235	-18	0.19	0.19	0	
19/07/2011 15:57:54	TASTEGGIO	1	0	7500	51855	107054	247	-44	0.25	0.25	0	
19/07/2011 15:58:14	TASTEGGIO	0	1	7500	51855	107055	214	-27	0.07	0.07	0	
19/07/2011 15:58:22	TASTEGGIO	0	1	7500	51855	107058	214	-27	0.07	0.10	44500	
19/07/2011 16:00:17	TASTEGGIO	0	1	7500	51855	107203	214	-27	0.27	0.39	24500	
19/07/2011 16:00:42	TASTEGGIO	1	0	7500	51855	82731	298	-44	0.13	0.13	0	
19/07/2011 16:00:52	TASTEGGIO	1	0	7500	51855	107061	298	-44	0.13	0.19	-24500	
19/07/2011 16:01:17	TASTEGGIO	1	0	7500	51855	131523	247	-37	0.17	0.17	0	
19/07/2011 16:01:38	TASTEGGIO	0	1	7500	51855	131533	231	-33	0.16	0.16	0	
19/07/2011 16:01:59	TASTEGGIO	0	1	7500	51855	131539	215	-18	0.08	0.08	0	
19/07/2011 16:02:09	TASTEGGIO	0	1	7500	51855	107195	215	-18	0.13	0.13	0	
19/07/2011 16:02:33	TASTEGGIO	1	0	7500	51855	107207	232	-34	0.21	0.21	0	
19/07/2011 16:02:53	TASTEGGIO	0	1	7500	51855	107207	198	-12	0.11	0.11	0	
19/07/2011 16:03:13	TASTEGGIO	0	2	7500	51855	107207	206	-13	0.05	0.05	0	
19/07/2011 16:03:21	TASTEGGIO	0	2	7500	51855	107193	206	-13	0.06	0.12	24500	
19/07/2011 16:03:45	TASTEGGIO	1	0	7500	51855	82728	230	-2	0.08	0.08	0	
19/07/2011 16:03:55	TASTEGGIO	1	0	7500	51855	107056	230	-2	0.05	0.10	24500	
19/07/2011 16:05:50	TASTEGGIO	1	0	7500	51855	107105	230	-2	0.26	0.29	-24500	
19/07/2011 16:06:16	TASTEGGIO	1	0	7500	51855	131561	273	-56	0.28	0.28	0	
19/07/2011 16:06:36	TASTEGGIO	0	1	7500	51855	131570	245	-50	0.23	0.23	0	
19/07/2011 16:06:57	TASTEGGIO	0	1	7500	51855	131578	226	-32	0.15	0.15	0	
19/07/2011 16:07:16	TASTEGGIO	0	1	7500	51855	131580	216	-24	0.13	0.13	0	
19/07/2011 16:07:26	TASTEGGIO	0	1	7500	51855	107133	216	-24	0.18	0.25	24500	
19/07/2011 16:07:52	TASTEGGIO	1	0	7500	51855	82651	263	-39	0.18	0.18	0	
19/07/2011 16:08:12	TASTEGGIO	0	1	7500	51855	82651	250	-40	0.20	0.20	0	
19/07/2011 16:08:33	TASTEGGIO	0	1	7500	51855	82651	227	-22	0.08	0.08	0	
19/07/2011 16:08:43	TASTEGGIO	0	1	7500	51855	106967	227	-22	0.04	0.10	44500	
19/07/2011 16:09:51	ALARM 17	proc 12 prog 10 step 47	LavoroTerminato
19/07/2011 16:11:52	TASTEGGIO	0	1	7500	51855	107105	227	-22	0.22	0.29	-24500	
19/07/2011 16:12:17	TASTEGGIO	1	0	7500	51855	131569	273	-52	0.25	0.25	0	
19/07/2011 16:12:38	TASTEGGIO	0	1	7500	51855	131577	251	-50	0.24	0.24	0	
19/07/2011 16:12:59	TASTEGGIO	0	1	7500	51855	131579	227	-25	0.09	0.09	0	
19/07/2011 16:13:09	TASTEGGIO	0	1	7500	51855	107113	227	-25	0.08	0.11	24500	
19/07/2011 16:13:33	TASTEGGIO	1	0	7500	51855	82642	227	-27	0.13	0.13	0	
19/07/2011 16:13:53	TASTEGGIO	0	1	7500	51855	82635	211	-19	0.06	0.06	0	
19/07/2011 16:14:03	TASTEGGIO	0	1	7500	51855	106967	211	-19	0.03	0.05	44500	
19/07/2011 16:15:59	TASTEGGIO	0	1	7500	51855	107109	211	-19	0.20	0.23	-24500	
19/07/2011 16:16:24	TASTEGGIO	1	0	7500	51855	131573	257	-79	0.55	0.55	0	
19/07/2011 16:16:41	TASTEGGIO	0	1	7500	51855	131579	125	-14	0.42	0.42	0	
19/07/2011 16:17:00	TASTEGGIO	0	2	7500	51855	131581	170	-13	0.28	0.28	0	
19/07/2011 16:17:22	TASTEGGIO	0	3	7500	51855	131583	202	-26	0.05	0.05	0	
19/07/2011 16:17:32	TASTEGGIO	0	3	7500	51855	107119	202	-26	0.06	0.06	0	
19/07/2011 16:18:38	ALARM 17	proc 12 prog 10 step 47	LavoroTerminato
19/07/2011 16:23:43	TASTEGGIO	0	3	7500	51855	107212	202	-26	0.58	0.58	0	
19/07/2011 16:24:08	TASTEGGIO	1	0	7500	51855	107231	346	-71	0.21	0.21	0	
19/07/2011 16:24:31	TASTEGGIO	0	1	7500	51855	107229	338	-72	0.95	0.95	0	
19/07/2011 16:24:45	TASTEGGIO	0	1	7500	51855	107227	0	-7	0.88	0.88	0	
19/07/2011 16:25:06	TASTEGGIO	0	1	7500	51855	107227	244	-15	0.72	0.72	0	
19/07/2011 16:25:29	TASTEGGIO	0	2	7500	51855	107227	361	-78	0.16	0.16	0	
19/07/2011 16:25:51	TASTEGGIO	0	1	7500	51855	107230	357	-117	0.99	0.99	0	
19/07/2011 16:26:05	TASTEGGIO	0	1	7500	51855	107230	0	-6	0.92	0.92	0	
19/07/2011 16:26:25	TASTEGGIO	0	1	7500	51855	107230	255	-14	0.79	0.79	0	
19/07/2011 16:26:48	TASTEGGIO	0	2	7500	51855	107230	390	-70	0.17	0.17	0	
19/07/2011 16:27:09	TASTEGGIO	0	0	7500	51855	107230	242	-5	0.12	0.12	0	
19/07/2011 16:27:17	TASTEGGIO	0	0	7500	51855	107212	242	-5	0.13	0.23	-44500	
19/07/2011 16:27:41	TASTEGGIO	1	0	7500	51855	151614	257	-32	0.09	0.09	0	
19/07/2011 16:27:52	TASTEGGIO	1	0	7500	51855	107199	257	-32	0.13	0.19	44500	
19/07/2011 16:28:17	TASTEGGIO	1	0	7500	51855	62723	247	-21	0.05	0.05	0	
19/07/2011 16:28:27	TASTEGGIO	1	0	7500	51855	107038	247	-21	0.08	0.12	24500	
19/07/2011 16:28:51	TASTEGGIO	1	0	7500	51855	82578	230	-22	0.10	0.10	0	
19/07/2011 16:29:00	TASTEGGIO	1	0	7500	51855	107042	230	-22	0.15	0.16	44500	
19/07/2011 16:29:25	TASTEGGIO	1	0	7500	51855	62575	240	-6	0.11	0.11	0	
19/07/2011 16:29:35	TASTEGGIO	1	0	7500	51855	107031	240	-6	0.10	0.11	-24500	
19/07/2011 16:29:59	TASTEGGIO	1	0	7500	51855	131505	227	-30	0.17	0.17	0	
19/07/2011 16:30:20	TASTEGGIO	0	1	7500	51855	131512	200	-14	0.07	0.07	0	
19/07/2011 16:30:29	TASTEGGIO	0	1	7500	51855	107178	200	-14	0.06	0.10	44500	
19/07/2011 16:31:40	ALARM 17	proc 12 prog 10 step 47	LavoroTerminato
19/07/2011 16:42:34	ALARM 406		
20/07/2011 07:29:31	ALARM 401		
20/07/2011 07:29:33	INIT OK
20/07/2011 07:33:23	TASTEGGIO	0	0	7500	51856	107202	0	0	0.38	0.44	-24500	
20/07/2011 07:33:48	TASTEGGIO	1	0	7500	51856	131665	310	-57	0.24	0.24	0	
20/07/2011 07:34:10	TASTEGGIO	0	1	7500	51856	131675	296	-69	0.44	0.44	0	
20/07/2011 07:34:30	TASTEGGIO	0	1	7500	51856	131680	215	-20	0.25	0.25	0	
20/07/2011 07:34:51	TASTEGGIO	0	2	7500	51856	131682	235	-7	0.19	0.19	0	
20/07/2011 07:35:13	TASTEGGIO	0	3	7500	51856	131683	260	-9	0.11	0.11	0	
20/07/2011 07:35:23	TASTEGGIO	0	3	7500	51856	107198	260	-9	0.10	0.21	44500	
20/07/2011 07:35:47	TASTEGGIO	1	0	7500	51856	62726	252	-18	0.05	0.05	0	
20/07/2011 07:35:58	TASTEGGIO	1	0	7500	51856	107046	252	-18	0.16	0.18	-24500	
20/07/2011 07:36:23	TASTEGGIO	1	0	7500	51856	131507	245	-28	0.19	0.19	0	
20/07/2011 07:36:44	TASTEGGIO	0	1	7500	51856	131518	224	-4	0.14	0.14	0	
20/07/2011 07:36:54	TASTEGGIO	0	1	7500	51856	107185	224	-4	0.10	0.16	44500	
20/07/2011 07:37:18	TASTEGGIO	1	0	7500	51856	62708	240	-2	0.13	0.13	0	
20/07/2011 07:37:29	TASTEGGIO	1	0	7500	51856	107047	240	-2	0.10	0.15	-44500	
20/07/2011 07:37:53	TASTEGGIO	1	0	7500	51856	151477	237	-19	0.08	0.08	0	
20/07/2011 07:38:03	TASTEGGIO	1	0	7500	51856	107182	237	-19	0.10	0.16	44500	
20/07/2011 07:38:28	TASTEGGIO	1	0	7500	51856	62702	240	-11	0.08	0.08	0	
20/07/2011 07:38:38	TASTEGGIO	1	0	7500	51856	107040	240	-11	0.03	0.08	44500	
20/07/2011 07:40:56	TASTEGGIO	1	0	7500	51855	107093	240	-11	0.52	0.57	-24500	
20/07/2011 07:41:23	TASTEGGIO	1	0	7500	51855	131547	343	-71	0.21	0.21	0	
20/07/2011 07:41:45	TASTEGGIO	0	1	7500	51855	131557	335	-102	0.83	0.83	0	
20/07/2011 07:41:59	TASTEGGIO	0	1	7500	51855	131565	6	-6	0.77	0.77	0	
20/07/2011 07:42:18	TASTEGGIO	0	1	7500	51855	131570	219	-14	0.63	0.63	0	
20/07/2011 07:42:39	TASTEGGIO	0	2	7500	51855	131571	322	-47	0.24	0.24	0	
20/07/2011 07:43:00	TASTEGGIO	0	0	7500	51855	131571	260	-4	0.20	0.20	0	
20/07/2011 07:43:22	TASTEGGIO	0	1	7500	51855	131571	276	-6	0.14	0.14	0	
20/07/2011 07:43:32	TASTEGGIO	0	1	7500	51855	107103	276	-6	0.13	0.22	44500	
20/07/2011 07:43:56	TASTEGGIO	1	0	7500	51855	62632	255	-18	0.07	0.07	0	
20/07/2011 07:44:07	TASTEGGIO	1	0	7500	51855	106951	255	-18	0.17	0.19	-44500	
20/07/2011 07:44:31	TASTEGGIO	1	0	7500	51855	151362	247	-22	0.07	0.07	0	
20/07/2011 07:44:41	TASTEGGIO	1	0	7500	51855	107090	247	-22	0.20	0.20	0	
20/07/2011 07:45:04	TASTEGGIO	1	0	7500	51855	107100	250	-37	0.17	0.17	0	
20/07/2011 07:45:25	TASTEGGIO	0	1	7500	51855	107100	235	-32	0.18	0.18	0	
20/07/2011 07:45:46	TASTEGGIO	0	1	7500	51855	107100	215	-20	0.09	0.09	0	
20/07/2011 07:45:54	TASTEGGIO	0	1	7500	51855	107091	215	-20	0.08	0.10	44500	
20/07/2011 07:47:48	TASTEGGIO	0	1	7500	51855	107096	215	-20	0.30	0.30	0	
20/07/2011 07:48:13	TASTEGGIO	1	0	7500	51855	107107	275	-91	0.60	0.60	0	
20/07/2011 07:48:30	TASTEGGIO	0	1	7500	51855	107107	155	-15	0.44	0.44	0	
20/07/2011 07:48:51	TASTEGGIO	0	2	7500	51855	107107	200	-27	0.20	0.20	0	
20/07/2011 07:49:12	TASTEGGIO	0	0	7500	51855	107107	250	-72	0.50	0.50	0	
20/07/2011 07:49:27	TASTEGGIO	0	1	7500	51855	107107	125	-8	0.42	0.42	0	
20/07/2011 07:49:48	TASTEGGIO	0	2	7500	51855	107107	195	-12	0.31	0.31	0	
20/07/2011 07:50:08	TASTEGGIO	0	3	7500	51855	107106	234	-24	0.08	0.08	0	
20/07/2011 07:50:16	TASTEGGIO	0	3	7500	51855	107089	234	-24	0.09	0.16	-44500	
20/07/2011 07:50:40	TASTEGGIO	1	0	7500	51855	151489	240	-64	0.49	0.49	0	
20/07/2011 07:50:56	TASTEGGIO	0	1	7500	51855	151499	89	-10	0.41	0.41	0	
20/07/2011 07:51:15	TASTEGGIO	0	2	7500	51855	151507	157	-10	0.32	0.32	0	
20/07/2011 07:51:34	TASTEGGIO	0	3	7500	51855	151517	200	-28	0.10	0.10	0	
20/07/2011 07:51:45	TASTEGGIO	0	3	7500	51855	107113	200	-28	0.21	0.21	-24500	
20/07/2011 07:52:10	TASTEGGIO	1	0	7500	51855	131569	252	-71	0.48	0.48	0	
20/07/2011 07:52:27	TASTEGGIO	0	1	7500	51855	131579	142	-15	0.35	0.35	0	
20/07/2011 07:52:47	TASTEGGIO	0	2	7500	51855	131583	178	-16	0.20	0.20	0	
20/07/2011 07:53:06	TASTEGGIO	0	3	7500	51855	131586	197	-22	0.09	0.09	0	
20/07/2011 07:53:16	TASTEGGIO	0	3	7500	51855	107110	197	-22	0.06	0.10	-44500	
20/07/2011 07:55:13	TASTEGGIO	0	3	7500	51855	107099	197	-22	0.18	0.22	24500	
20/07/2011 07:55:37	TASTEGGIO	1	0	7500	51855	82638	255	-75	0.51	0.51	0	
20/07/2011 07:55:54	TASTEGGIO	0	1	7500	51855	82633	136	-15	0.37	0.37	0	
20/07/2011 07:56:14	TASTEGGIO	0	2	7500	51855	82629	173	-10	0.26	0.26	0	
20/07/2011 07:56:35	TASTEGGIO	0	3	7500	51855	82627	204	-23	0.13	0.13	0	
20/07/2011 07:56:45	TASTEGGIO	0	3	7500	51855	106959	204	-23	0.12	0.16	24500	
20/07/2011 07:57:09	TASTEGGIO	1	0	7500	51855	82502	240	-63	0.48	0.48	0	
20/07/2011 07:57:25	TASTEGGIO	0	1	7500	51855	82497	96	-8	0.40	0.40	0	
20/07/2011 07:57:45	TASTEGGIO	0	2	7500	51855	82494	162	-5	0.35	0.35	0	
20/07/2011 07:58:05	TASTEGGIO	0	3	7500	51855	82493	253	-55	0.20	0.20	0	
20/07/2011 07:58:27	TASTEGGIO	0	1	7500	51855	82497	241	-52	0.32	0.32	0	
20/07/2011 07:58:46	TASTEGGIO	0	1	7500	51855	82491	189	-16	0.16	0.16	0	
20/07/2011 07:59:08	TASTEGGIO	0	0	7500	51855	82490	240	-25	0.11	0.11	0	
20/07/2011 07:59:18	TASTEGGIO	0	0	7500	51855	106950	240	-25	0.10	0.14	24500	
20/07/2011 07:59:43	TASTEGGIO	1	0	7500	51855	82495	235	-38	0.27	0.27	0	
20/07/2011 08:00:03	TASTEGGIO	0	1	7500	51855	82490	182	-15	0.15	0.15	0	
20/07/2011 08:00:23	TASTEGGIO	0	2	7500	51855	82485	193	-10	0.06	0.06	0	
20/07/2011 08:00:32	TASTEGGIO	0	2	7500	51855	106941	193	-10	0.08	0.08	0	
20/07/2011 08:02:28	TASTEGGIO	0	2	7500	51855	107096	193	-10	0.18	0.24	-44500	
20/07/2011 08:02:52	TASTEGGIO	1	0	7500	51855	151504	260	-43	0.19	0.19	0	
20/07/2011 08:03:12	TASTEGGIO	0	1	7500	51855	151515	244	-43	0.22	0.22	0	
20/07/2011 08:03:32	TASTEGGIO	0	1	7500	51855	151527	218	-23	0.06	0.06	0	
20/07/2011 08:03:43	TASTEGGIO	0	1	7500	51855	107115	218	-23	0.06	0.09	24500	
20/07/2011 08:05:53	TASTEGGIO	0	1	7500	51855	107192	218	-23	0.24	0.24	0	
20/07/2011 08:06:16	TASTEGGIO	1	0	7500	51855	107205	260	-45	0.21	0.21	0	
20/07/2011 08:06:37	TASTEGGIO	0	1	7500	51855	107205	241	-45	0.25	0.25	0	
20/07/2011 08:06:57	TASTEGGIO	0	1	7500	51855	107206	211	-23	0.08	0.08	0	
20/07/2011 08:07:05	TASTEGGIO	0	1	7500	51855	107189	211	-23	0.08	0.14	44500	
20/07/2011 08:07:29	TASTEGGIO	1	0	7500	51855	62706	235	-15	0.06	0.06	0	
20/07/2011 08:07:39	TASTEGGIO	1	0	7500	51855	107046	235	-15	0.07	0.08	-44500	
20/07/2011 08:09:54	TASTEGGIO	1	0	7500	51855	107097	235	-15	0.95	0.95	0	
20/07/2011 08:10:19	TASTEGGIO	1	0	7500	51855	107106	400	-92	0.23	0.23	0	
20/07/2011 08:10:40	TASTEGGIO	0	0	7500	51855	107106	257	-29	0.06	0.06	0	
20/07/2011 08:10:48	TASTEGGIO	0	0	7500	51855	107095	257	-29	0.06	0.25	44500	
20/07/2011 08:11:12	TASTEGGIO	1	0	7500	51855	62616	263	-20	0.08	0.08	0	
20/07/2011 08:11:22	TASTEGGIO	1	0	7500	51855	106945	263	-20	0.14	0.14	0	
20/07/2011 08:11:46	TASTEGGIO	1	0	7500	51855	106944	235	-56	0.41	0.41	0	
20/07/2011 08:12:01	TASTEGGIO	0	1	7500	51855	106947	114	-4	0.37	0.37	0	
20/07/2011 08:12:20	TASTEGGIO	0	1	7500	51855	106949	213	-6	0.32	0.32	0	
20/07/2011 08:12:42	TASTEGGIO	0	2	7500	51855	106951	268	-11	0.21	0.21	0	
20/07/2011 08:13:04	TASTEGGIO	0	3	7500	51855	106951	291	-9	0.14	0.14	0	
20/07/2011 08:13:26	TASTEGGIO	0	4	7500	51855	106953	309	-11	0.08	0.08	0	
20/07/2011 08:13:34	TASTEGGIO	0	4	7500	51855	106960	309	-11	0.08	0.23	-44500	
20/07/2011 08:13:59	TASTEGGIO	1	0	7500	51855	151382	257	-39	0.18	0.18	0	
20/07/2011 08:14:19	TASTEGGIO	0	1	7500	51855	151393	242	-40	0.20	0.20	0	
20/07/2011 08:14:39	TASTEGGIO	0	1	7500	51855	151400	219	-16	0.08	0.08	0	
20/07/2011 08:14:50	TASTEGGIO	0	1	7500	51855	107108	219	-16	0.05	0.13	44500	
20/07/2011 08:15:14	TASTEGGIO	1	0	7500	51855	62629	232	-2	0.10	0.10	0	
20/07/2011 08:15:24	TASTEGGIO	1	0	7500	51855	106947	232	-2	0.07	0.11	44500	
20/07/2011 08:15:48	TASTEGGIO	1	0	7500	51855	62473	227	-3	0.09	0.09	0	
20/07/2011 08:15:58	TASTEGGIO	1	0	7500	51855	106938	227	-3	0.08	0.09	44500	
20/07/2011 08:17:54	TASTEGGIO	1	0	7500	51855	107104	227	-3	0.13	0.24	44500	
20/07/2011 08:18:19	TASTEGGIO	1	0	7500	51855	62624	260	-25	0.08	0.08	0	
20/07/2011 08:18:29	TASTEGGIO	1	0	7500	51855	106953	260	-25	0.06	0.20	-44500	
20/07/2011 08:18:55	TASTEGGIO	1	0	7500	51855	151381	250	-40	0.19	0.19	0	
20/07/2011 08:19:15	TASTEGGIO	0	1	7500	51855	151389	231	-35	0.16	0.16	0	
20/07/2011 08:19:35	TASTEGGIO	0	1	7500	51855	151397	217	-21	0.06	0.06	0	
20/07/2011 08:19:45	TASTEGGIO	0	1	7500	51855	107100	217	-21	0.11	0.14	24500	
20/07/2011 08:20:10	TASTEGGIO	1	0	7500	51855	82632	235	-21	0.07	0.07	0	
20/07/2011 08:20:20	TASTEGGIO	1	0	7500	51855	106955	235	-21	0.06	0.12	-44500	
20/07/2011 08:20:45	TASTEGGIO	1	0	7500	51855	151377	230	-11	0.06	0.06	0	
20/07/2011 08:20:55	TASTEGGIO	1	0	7500	51855	107083	230	-11	0.01	0.06	44500	
20/07/2011 08:22:51	TASTEGGIO	1	0	7500	51855	107096	230	-11	0.63	0.80	24500	
20/07/2011 08:23:17	TASTEGGIO	1	0	7500	51855	82612	400	-85	0.28	0.28	0	
20/07/2011 08:23:40	TASTEGGIO	0	1	7500	51855	82618	390	-109	0.80	0.80	0	
20/07/2011 08:23:57	TASTEGGIO	0	1	7500	51855	82614	161	-12	0.69	0.69	0	
20/07/2011 08:24:17	TASTEGGIO	0	2	7500	51855	82614	280	-29	0.41	0.41	0	
20/07/2011 08:24:40	TASTEGGIO	0	3	7500	51855	82615	322	-36	0.22	0.22	0	
20/07/2011 08:25:02	TASTEGGIO	0	4	7500	51855	82643	345	-25	0.14	0.14	0	
20/07/2011 08:25:12	TASTEGGIO	0	4	7500	51855	106953	345	-25	0.09	0.28	-44500	
20/07/2011 08:25:36	TASTEGGIO	1	0	7500	51855	151376	270	-39	0.13	0.13	0	
20/07/2011 08:25:47	TASTEGGIO	1	0	7500	51855	107093	270	-39	0.35	0.35	0	
20/07/2011 08:26:11	TASTEGGIO	1	0	7500	51855	107102	288	-52	0.21	0.21	0	
20/07/2011 08:26:33	TASTEGGIO	0	1	7500	51855	107102	275	-47	0.28	0.28	0	
20/07/2011 08:26:54	TASTEGGIO	0	1	7500	51855	107102	237	-23	0.11	0.11	0	
20/07/2011 08:27:02	TASTEGGIO	0	1	7500	51855	107091	237	-23	0.11	0.22	44500	
20/07/2011 08:27:26	TASTEGGIO	1	0	7500	51855	62613	255	-13	0.12	0.12	0	
20/07/2011 08:27:36	TASTEGGIO	1	0	7500	51855	106939	255	-13	0.11	0.12	44500	
20/07/2011 08:28:00	TASTEGGIO	1	0	7500	51855	62472	230	-3	0.09	0.09	0	
20/07/2011 08:28:11	TASTEGGIO	1	0	7500	51855	106927	230	-3	0.10	0.12	-24500	
20/07/2011 08:28:35	TASTEGGIO	1	0	7500	51855	131395	230	-32	0.18	0.18	0	
20/07/2011 08:28:54	TASTEGGIO	0	1	7500	51855	131399	203	-18	0.06	0.06	0	
20/07/2011 08:29:04	TASTEGGIO	0	1	7500	51855	107084	203	-18	0.14	0.15	44500	
20/07/2011 08:29:28	TASTEGGIO	1	0	7500	51855	62608	237	-1	0.14	0.14	0	
20/07/2011 08:29:39	TASTEGGIO	1	0	7500	51855	106936	237	-1	0.13	0.14	44500	
20/07/2011 08:30:02	TASTEGGIO	1	0	7500	51855	62469	235	-1	0.14	0.14	0	
20/07/2011 08:30:22	TASTEGGIO	0	1	7500	51855	62466	263	-5	0.09	0.09	0	
20/07/2011 08:30:33	TASTEGGIO	0	1	7500	51855	106925	263	-5	0.12	0.12	0	
20/07/2011 08:30:56	TASTEGGIO	1	0	7500	51855	106924	230	-17	0.26	0.26	0	
20/07/2011 08:31:16	TASTEGGIO	0	1	7500	51855	106925	173	-6	0.19	0.19	0	
20/07/2011 08:31:35	TASTEGGIO	0	2	7500	51855	106927	192	-2	0.17	0.17	0	
20/07/2011 08:31:57	TASTEGGIO	0	3	7500	51855	106928	237	-6	0.11	0.11	0	
20/07/2011 08:32:18	TASTEGGIO	0	4	7500	51855	106930	251	-4	0.06	0.06	0	
20/07/2011 08:32:25	TASTEGGIO	0	4	7500	51855	106942	251	-4	0.06	0.10	-44500	
20/07/2011 08:34:20	TASTEGGIO	0	4	7500	51855	107190	251	-4	0.46	0.55	44500	
20/07/2011 08:34:45	TASTEGGIO	1	0	7500	51855	62711	338	-35	0.23	0.23	0	
20/07/2011 08:35:05	TASTEGGIO	0	0	7500	51855	62709	257	-4	0.19	0.19	0	
20/07/2011 08:35:26	TASTEGGIO	0	1	7500	51855	62708	272	-3	0.17	0.17	0	
20/07/2011 08:35:48	TASTEGGIO	0	2	7500	51855	62707	302	-8	0.10	0.10	0	
20/07/2011 08:35:59	TASTEGGIO	0	2	7500	51855	107044	302	-8	0.16	0.19	-24500	
20/07/2011 08:36:24	TASTEGGIO	1	0	7500	51855	131505	247	-35	0.17	0.17	0	
20/07/2011 08:36:44	TASTEGGIO	0	1	7500	51855	131516	231	-36	0.20	0.20	0	
20/07/2011 08:37:05	TASTEGGIO	0	1	7500	51855	131521	207	-13	0.09	0.09	0	
20/07/2011 08:37:15	TASTEGGIO	0	1	7500	51855	107195	207	-13	0.12	0.13	-44500	
20/07/2011 08:37:39	TASTEGGIO	1	0	7500	51855	151607	232	-21	0.13	0.13	0	
20/07/2011 08:37:59	TASTEGGIO	0	1	7500	51855	151616	219	-23	0.11	0.11	0	
20/07/2011 08:38:18	TASTEGGIO	0	1	7500	51855	151623	209	-17	0.09	0.09	0	
20/07/2011 08:38:29	TASTEGGIO	0	1	7500	51855	107191	209	-17	0.08	0.13	-24500	
20/07/2011 08:38:54	TASTEGGIO	1	0	7500	51855	131654	232	-15	0.03	0.03	0	
20/07/2011 08:39:04	TASTEGGIO	1	0	7500	51855	107183	232	-15	0.08	0.15	44500	
20/07/2011 08:39:28	TASTEGGIO	1	0	7500	51855	62709	237	-6	0.09	0.09	0	
20/07/2011 08:39:38	TASTEGGIO	1	0	7500	51855	107030	237	-6	0.07	0.10	44500	
20/07/2011 08:41:51	TASTEGGIO	1	0	7500	51855	107196	237	-6	0.90	1.07	-44500	
20/07/2011 08:42:17	TASTEGGIO	1	0	7500	51855	151608	400	-68	0.42	0.42	0	
20/07/2011 08:42:37	TASTEGGIO	0	0	7500	51855	151618	305	-11	0.31	0.31	0	
20/07/2011 08:42:59	TASTEGGIO	0	1	7500	51855	151625	327	-5	0.27	0.27	0	
20/07/2011 08:43:20	TASTEGGIO	0	2	7500	51855	151631	374	-40	0.18	0.18	0	
20/07/2011 08:43:42	TASTEGGIO	0	1	7500	51855	151640	362	-131	1.14	1.14	0	
20/07/2011 08:43:56	TASTEGGIO	0	1	7500	51855	151646	0	-7	1.08	1.08	0	
20/07/2011 08:44:17	TASTEGGIO	0	1	7500	51855	151646	306	-21	0.88	0.88	0	
20/07/2011 08:44:40	TASTEGGIO	0	2	7500	51855	151646	400	-36	0.52	0.52	0	
20/07/2011 08:45:01	TASTEGGIO	0	3	7500	51855	151646	400	-28	0.27	0.27	0	
20/07/2011 08:45:24	TASTEGGIO	0	4	7500	51855	151646	400	-30	0.17	0.17	0	
20/07/2011 08:45:46	TASTEGGIO	0	1	7500	51855	151646	389	-120	1.06	1.06	0	
20/07/2011 08:46:00	TASTEGGIO	0	1	7500	51855	151646	0	-8	0.99	0.99	0	
20/07/2011 08:46:21	TASTEGGIO	0	1	7500	51855	151646	276	-26	0.75	0.75	0	
20/07/2011 08:46:42	TASTEGGIO	0	2	7500	51855	151646	356	-37	0.42	0.42	0	
20/07/2011 08:47:03	TASTEGGIO	0	3	7500	51855	151646	396	-33	0.11	0.11	0	
20/07/2011 08:47:14	TASTEGGIO	0	3	7500	51855	107234	396	-33	0.19	0.35	24500	
20/07/2011 08:47:39	TASTEGGIO	1	0	7500	51855	82763	288	-40	0.13	0.13	0	
20/07/2011 08:47:48	TASTEGGIO	1	0	7500	51855	107052	288	-40	0.21	0.21	0	
20/07/2011 08:48:12	TASTEGGIO	1	0	7500	51855	107050	252	-40	0.21	0.21	0	
20/07/2011 08:48:33	TASTEGGIO	0	1	7500	51855	107051	231	-31	0.10	0.10	0	
20/07/2011 08:48:41	TASTEGGIO	0	1	7500	51855	107055	231	-31	0.10	0.12	-24500	
20/07/2011 08:49:06	TASTEGGIO	1	0	7500	51855	131521	230	-25	0.15	0.15	0	
20/07/2011 08:49:26	TASTEGGIO	0	1	7500	51855	131532	211	-26	0.13	0.13	0	
20/07/2011 08:49:46	TASTEGGIO	0	1	7500	51855	131535	199	-12	0.06	0.06	0	
20/07/2011 08:49:56	TASTEGGIO	0	1	7500	51855	107194	199	-12	0.04	0.09	44500	
20/07/2011 08:51:53	TASTEGGIO	0	1	7500	51855	107099	199	-12	0.35	0.40	44500	
20/07/2011 08:52:18	TASTEGGIO	1	0	7500	51855	62620	300	-29	0.13	0.13	0	
20/07/2011 08:52:29	TASTEGGIO	1	0	7500	51855	106953	300	-29	0.23	0.24	-24500	
20/07/2011 08:52:54	TASTEGGIO	1	0	7500	51855	131420	260	-40	0.17	0.17	0	
20/07/2011 08:53:15	TASTEGGIO	0	1	7500	51855	131429	247	-40	0.21	0.21	0	
20/07/2011 08:53:36	TASTEGGIO	0	1	7500	51855	131434	221	-20	0.11	0.11	0	
20/07/2011 08:53:46	TASTEGGIO	0	1	7500	51855	107096	221	-20	0.10	0.11	-44500	
20/07/2011 08:54:10	TASTEGGIO	1	0	7500	51855	151505	227	-21	0.11	0.11	0	
20/07/2011 08:54:30	TASTEGGIO	0	1	7500	51855	151514	216	-21	0.12	0.12	0	
20/07/2011 08:54:50	TASTEGGIO	0	1	7500	51855	151522	202	-15	0.04	0.04	0	
20/07/2011 08:55:00	TASTEGGIO	0	1	7500	51855	107095	202	-15	0.03	0.08	44500	
20/07/2011 08:56:54	TASTEGGIO	0	1	7500	51855	107201	202	-15	1.00	1.28	-24500	
20/07/2011 08:57:19	TASTEGGIO	1	0	7500	51855	131662	400	-66	0.62	0.62	0	
20/07/2011 08:57:41	TASTEGGIO	0	0	7500	51855	131674	356	-20	0.42	0.42	0	
20/07/2011 08:58:04	TASTEGGIO	0	1	7500	51855	131679	384	-33	0.16	0.16	0	
20/07/2011 08:58:25	TASTEGGIO	0	0	7500	51855	131682	240	-18	0.12	0.12	0	
20/07/2011 08:58:35	TASTEGGIO	0	0	7500	51855	107203	240	-18	0.22	0.49	44500	
20/07/2011 08:59:01	TASTEGGIO	1	0	7500	51855	62732	323	-33	0.18	0.18	0	
20/07/2011 08:59:20	TASTEGGIO	0	0	7500	51855	62728	245	-4	0.14	0.14	0	
20/07/2011 08:59:31	TASTEGGIO	0	0	7500	51855	107043	245	-4	0.08	0.35	-44500	
20/07/2011 08:59:56	TASTEGGIO	1	0	7500	51855	151478	288	-33	0.12	0.12	0	
20/07/2011 09:00:06	TASTEGGIO	1	0	7500	51855	107183	288	-33	0.17	0.22	44500	
20/07/2011 09:00:32	TASTEGGIO	1	0	7500	51855	62701	255	-8	0.16	0.16	0	
20/07/2011 09:00:52	TASTEGGIO	0	1	7500	51855	62701	266	-2	0.16	0.16	0	
20/07/2011 09:01:13	TASTEGGIO	0	1	7500	51855	62701	314	-10	0.08	0.08	0	
20/07/2011 09:01:23	TASTEGGIO	0	1	7500	51855	107035	314	-10	0.11	0.17	-44500	
20/07/2011 09:01:47	TASTEGGIO	1	0	7500	51855	151475	242	-13	0.05	0.05	0	
20/07/2011 09:01:57	TASTEGGIO	1	0	7500	51855	107184	242	-13	0.11	0.14	44500	
20/07/2011 09:02:22	TASTEGGIO	1	0	7500	51855	62703	235	-1	0.12	0.12	0	
20/07/2011 09:02:43	TASTEGGIO	0	1	7500	51855	62702	245	-1	0.12	0.12	0	
20/07/2011 09:03:04	TASTEGGIO	0	1	7500	51855	62702	281	-7	0.12	0.12	0	
20/07/2011 09:03:25	TASTEGGIO	0	1	7500	51855	62702	317	-17	0.08	0.08	0	
20/07/2011 09:03:35	TASTEGGIO	0	1	7500	51855	107041	317	-17	0.16	0.16	-24500	
20/07/2011 09:04:00	TASTEGGIO	1	0	7500	51855	131510	240	-38	0.20	0.20	0	
20/07/2011 09:04:21	TASTEGGIO	0	1	7500	51855	131518	215	-13	0.12	0.12	0	
20/07/2011 09:04:31	TASTEGGIO	0	1	7500	51855	107179	215	-13	0.08	0.22	-44500	
20/07/2011 09:04:55	TASTEGGIO	1	0	7500	51855	151607	255	-6	0.18	0.18	0	
20/07/2011 09:05:15	TASTEGGIO	0	1	7500	51855	151616	269	-2	0.15	0.15	0	
20/07/2011 09:05:36	TASTEGGIO	0	2	7500	51855	151623	293	-11	0.13	0.13	0	
20/07/2011 09:05:47	TASTEGGIO	0	2	7500	51855	107196	293	-11	0.09	0.13	-44500	
20/07/2011 09:07:58	TASTEGGIO	0	2	7500	51855	107105	293	-11	0.39	0.39	0	
20/07/2011 09:08:22	TASTEGGIO	1	0	7500	51855	107114	298	-59	0.30	0.30	0	
20/07/2011 09:08:44	TASTEGGIO	0	1	7500	51855	107114	274	-64	0.65	0.65	0	
20/07/2011 09:08:59	TASTEGGIO	0	1	7500	51855	107114	133	-4	0.61	0.61	0	
20/07/2011 09:09:21	TASTEGGIO	0	1	7500	51855	107114	304	-43	0.18	0.18	0	
20/07/2011 09:09:42	TASTEGGIO	0	0	7500	51855	107114	245	-3	0.14	0.14	0	
20/07/2011 09:09:50	TASTEGGIO	0	0	7500	51855	107100	245	-3	0.15	0.17	44500	
20/07/2011 09:10:14	TASTEGGIO	1	0	7500	51855	62621	242	-17	0.03	0.03	0	
20/07/2011 09:10:25	TASTEGGIO	1	0	7500	51855	106956	242	-17	0.06	0.08	-24500	
20/07/2011 09:12:32	TASTEGGIO	1	0	7500	51855	107101	242	-17	0.45	0.48	24500	
20/07/2011 09:12:56	TASTEGGIO	1	0	7500	51855	82638	321	-56	0.17	0.17	0	
20/07/2011 09:13:18	TASTEGGIO	0	1	7500	51855	82632	314	-92	0.74	0.74	0	
20/07/2011 09:13:32	TASTEGGIO	0	1	7500	51855	82629	0	-6	0.68	0.68	0	
20/07/2011 09:13:51	TASTEGGIO	0	1	7500	51855	82629	186	-8	0.58	0.58	0	
20/07/2011 09:14:13	TASTEGGIO	0	2	7500	51855	82629	284	-46	0.27	0.27	0	
20/07/2011 09:14:34	TASTEGGIO	0	0	7500	51855	82627	268	-14	0.14	0.14	0	
20/07/2011 09:14:44	TASTEGGIO	0	0	7500	51855	106960	268	-14	0.16	0.25	-24500	
20/07/2011 09:15:09	TASTEGGIO	1	0	7500	51855	131424	263	-52	0.26	0.26	0	
20/07/2011 09:15:30	TASTEGGIO	0	1	7500	51855	131436	235	-43	0.15	0.15	0	
20/07/2011 09:15:51	TASTEGGIO	0	1	7500	51855	131441	226	-25	0.11	0.11	0	
20/07/2011 09:16:00	TASTEGGIO	0	1	7500	51855	107101	226	-25	0.09	0.15	-44500	
20/07/2011 09:16:25	TASTEGGIO	1	0	7500	51855	151518	237	-38	0.23	0.23	0	
20/07/2011 09:16:45	TASTEGGIO	0	1	7500	51855	151530	201	-20	0.05	0.05	0	
20/07/2011 09:16:55	TASTEGGIO	0	1	7500	51855	107100	201	-20	0.16	0.16	0	
20/07/2011 09:17:18	TASTEGGIO	1	0	7500	51855	107108	240	-41	0.24	0.24	0	
20/07/2011 09:17:38	TASTEGGIO	0	1	7500	51855	107110	204	-19	0.05	0.05	0	
20/07/2011 09:17:46	TASTEGGIO	0	1	7500	51855	107100	204	-19	0.06	0.15	44500	
20/07/2011 09:18:10	TASTEGGIO	1	0	7500	51855	62624	237	-13	0.03	0.03	0	
20/07/2011 09:18:21	TASTEGGIO	1	0	7500	51855	106961	237	-13	0.07	0.07	-44500	
20/07/2011 09:20:16	TASTEGGIO	1	0	7500	51855	107105	237	-13	0.45	0.69	24500	
20/07/2011 09:20:42	TASTEGGIO	1	0	7500	51855	82630	373	-75	0.30	0.30	0	
20/07/2011 09:21:05	TASTEGGIO	0	1	7500	51855	82632	359	-112	1.22	1.22	0	
20/07/2011 09:21:19	TASTEGGIO	0	1	7500	51855	82630	0	-6	1.16	1.16	0	
20/07/2011 09:21:39	TASTEGGIO	0	1	7500	51855	82630	330	-32	0.85	0.85	0	
20/07/2011 09:22:02	TASTEGGIO	0	2	7500	51855	82632	400	-60	0.24	0.24	0	
20/07/2011 09:22:23	TASTEGGIO	0	0	7500	51855	82629	260	-1	0.24	0.24	0	
20/07/2011 09:22:45	TASTEGGIO	0	1	7500	51855	82629	308	-2	0.22	0.22	0	
20/07/2011 09:23:08	TASTEGGIO	0	1	7500	51855	82629	368	-25	0.06	0.06	0	
20/07/2011 09:23:17	TASTEGGIO	0	1	7500	51855	106952	368	-25	0.14	0.56	-44500	
20/07/2011 09:23:42	TASTEGGIO	1	0	7500	51855	151375	341	-67	0.28	0.28	0	
20/07/2011 09:24:03	TASTEGGIO	0	1	7500	51855	151382	327	-69	0.43	0.43	0	
20/07/2011 09:24:24	TASTEGGIO	0	1	7500	51855	151396	260	-43	0.21	0.21	0	
20/07/2011 09:24:43	TASTEGGIO	0	0	7500	51855	151402	252	-8	0.11	0.11	0	
20/07/2011 09:24:54	TASTEGGIO	0	0	7500	51855	107096	252	-8	0.25	0.33	44500	
20/07/2011 09:25:19	TASTEGGIO	1	0	7500	51855	62619	283	-18	0.17	0.17	0	
20/07/2011 09:25:39	TASTEGGIO	0	1	7500	51855	62619	291	-10	0.07	0.07	0	
20/07/2011 09:25:50	TASTEGGIO	0	1	7500	51855	106947	291	-10	0.09	0.22	-44500	
20/07/2011 09:26:14	TASTEGGIO	1	0	7500	51855	151369	255	-3	0.20	0.20	0	
20/07/2011 09:26:34	TASTEGGIO	0	1	7500	51855	151378	291	-6	0.15	0.15	0	
20/07/2011 09:26:55	TASTEGGIO	0	2	7500	51855	151386	306	-9	0.10	0.10	0	
20/07/2011 09:27:05	TASTEGGIO	0	2	7500	51855	107098	306	-9	0.18	0.18	24500	
20/07/2011 09:27:30	TASTEGGIO	1	0	7500	51855	82633	245	-4	0.15	0.15	0	
20/07/2011 09:27:51	TASTEGGIO	0	1	7500	51855	82630	257	-1	0.14	0.14	0	
20/07/2011 09:28:01	TASTEGGIO	0	1	7500	51855	106948	257	-1	0.14	0.14	24500	
20/07/2011 09:28:25	TASTEGGIO	1	0	7500	51855	82491	235	-1	0.14	0.14	0	
20/07/2011 09:28:45	TASTEGGIO	0	1	7500	51855	82489	263	-1	0.14	0.14	0	
20/07/2011 09:29:07	TASTEGGIO	0	1	7500	51855	82487	305	-5	0.08	0.08	0	
20/07/2011 09:29:17	TASTEGGIO	0	1	7500	51855	106939	305	-5	0.09	0.14	-44500	
20/07/2011 09:29:41	TASTEGGIO	1	0	7500	51855	151358	235	-3	0.13	0.13	0	
20/07/2011 09:30:01	TASTEGGIO	0	1	7500	51855	151365	259	-10	0.07	0.07	0	
20/07/2011 09:30:11	TASTEGGIO	0	1	7500	51855	107086	259	-10	0.17	0.18	-24500	
20/07/2011 09:30:36	TASTEGGIO	1	0	7500	51855	131553	245	-44	0.29	0.29	0	
20/07/2011 09:30:56	TASTEGGIO	0	1	7500	51855	131561	198	-15	0.15	0.15	0	
20/07/2011 09:31:16	TASTEGGIO	0	2	7500	51855	131564	208	-7	0.09	0.09	0	
20/07/2011 09:31:26	TASTEGGIO	0	2	7500	51855	107098	208	-7	0.07	0.24	-44500	
20/07/2011 09:31:50	TASTEGGIO	1	0	7500	51855	151509	260	-1	0.22	0.22	0	
20/07/2011 09:32:09	TASTEGGIO	0	1	7500	51855	151520	300	-2	0.19	0.19	0	
20/07/2011 09:32:29	TASTEGGIO	0	2	7500	51855	151529	332	-10	0.10	0.10	0	
20/07/2011 09:32:40	TASTEGGIO	0	2	7500	51855	107096	332	-10	0.10	0.10	0	
20/07/2011 09:34:43	TASTEGGIO	0	2	7500	51855	107201	332	-10	0.11	0.14	-24500	
20/07/2011 09:35:08	TASTEGGIO	1	0	7500	51855	131659	235	-45	0.29	0.29	0	
20/07/2011 09:35:28	TASTEGGIO	0	1	7500	51855	131671	174	-20	0.09	0.09	0	
20/07/2011 09:35:38	TASTEGGIO	0	1	7500	51855	107203	174	-20	0.10	0.11	24500	
20/07/2011 09:36:02	TASTEGGIO	1	0	7500	51855	82747	227	-29	0.18	0.18	0	
20/07/2011 09:36:22	TASTEGGIO	0	1	7500	51855	82744	197	-19	0.05	0.05	0	
20/07/2011 09:36:32	TASTEGGIO	0	1	7500	51855	107057	197	-19	0.06	0.07	-24500	
20/07/2011 09:38:41	TASTEGGIO	0	1	7500	51855	107107	197	-19	0.39	0.43	-24500	
20/07/2011 09:39:07	TASTEGGIO	1	0	7500	51855	131547	308	-59	0.18	0.18	0	
20/07/2011 09:39:29	TASTEGGIO	0	1	7500	51855	131560	300	-44	0.64	0.64	0	
20/07/2011 09:39:44	TASTEGGIO	0	1	7500	51855	131568	72	-5	0.59	0.59	0	
20/07/2011 09:40:05	TASTEGGIO	0	1	7500	51855	131577	234	-25	0.35	0.35	0	
20/07/2011 09:40:26	TASTEGGIO	0	2	7500	51855	131580	263	-30	0.06	0.06	0	
20/07/2011 09:40:36	TASTEGGIO	0	2	7500	51855	107108	263	-30	0.04	0.11	44500	
20/07/2011 09:40:59	TASTEGGIO	1	0	7500	51855	62629	227	-17	0.09	0.09	0	
20/07/2011 09:41:10	TASTEGGIO	1	0	7500	51855	106958	227	-17	0.16	0.16	0	
20/07/2011 09:41:33	TASTEGGIO	1	0	7500	51855	106957	240	-34	0.22	0.22	0	
20/07/2011 09:41:54	TASTEGGIO	0	1	7500	51855	106958	209	-23	0.07	0.07	0	
20/07/2011 09:42:02	TASTEGGIO	0	1	7500	51855	106960	209	-23	0.07	0.13	24500	
20/07/2011 09:42:27	TASTEGGIO	1	0	7500	51855	82503	232	-24	0.12	0.12	0	
20/07/2011 09:42:47	TASTEGGIO	0	1	7500	51855	82501	220	-21	0.12	0.12	0	
20/07/2011 09:43:07	TASTEGGIO	0	1	7500	51855	82499	208	-12	0.02	0.02	0	
20/07/2011 09:43:17	TASTEGGIO	0	1	7500	51855	106954	208	-12	0.04	0.04	-44500	
20/07/2011 09:45:16	TASTEGGIO	0	1	7500	51855	107197	208	-12	0.25	0.25	0	
20/07/2011 09:45:39	TASTEGGIO	1	0	7500	51855	107210	263	-53	0.28	0.28	0	
20/07/2011 09:46:00	TASTEGGIO	0	1	7500	51855	107210	231	-41	0.15	0.15	0	
20/07/2011 09:46:21	TASTEGGIO	0	1	7500	51855	107210	222	-25	0.13	0.13	0	
20/07/2011 09:46:29	TASTEGGIO	0	1	7500	51855	107193	222	-25	0.12	0.12	0	
20/07/2011 09:46:53	TASTEGGIO	1	0	7500	51855	107206	230	-34	0.22	0.22	0	
20/07/2011 09:47:13	TASTEGGIO	0	1	7500	51855	107206	189	-15	0.08	0.08	0	
20/07/2011 09:47:21	TASTEGGIO	0	1	7500	51855	107189	189	-15	0.08	0.10	24500	
20/07/2011 09:49:17	TASTEGGIO	0	1	7500	51855	107098	189	-15	0.13	0.18	-24500	
20/07/2011 09:49:43	TASTEGGIO	1	0	7500	51855	131552	245	-40	0.21	0.21	0	
20/07/2011 09:50:03	TASTEGGIO	0	1	7500	51855	131563	220	-38	0.15	0.15	0	
20/07/2011 09:50:24	TASTEGGIO	0	1	7500	51855	131571	209	-22	0.13	0.13	0	
20/07/2011 09:50:34	TASTEGGIO	0	1	7500	51855	107119	209	-22	0.09	0.12	-44500	
20/07/2011 09:50:59	TASTEGGIO	1	0	7500	51855	151517	230	-35	0.19	0.19	0	
20/07/2011 09:51:18	TASTEGGIO	0	1	7500	51855	151531	199	-23	0.06	0.06	0	
20/07/2011 09:51:29	TASTEGGIO	0	1	7500	51855	107101	199	-23	0.04	0.07	44500	
20/07/2011 09:53:24	TASTEGGIO	0	1	7500	51855	107305	199	-23	0.19	0.28	-44500	
20/07/2011 09:53:49	TASTEGGIO	1	0	7500	51855	151717	270	-49	0.17	0.17	0	
20/07/2011 09:54:10	TASTEGGIO	0	1	7500	51855	151725	259	-56	0.36	0.36	0	
20/07/2011 09:54:29	TASTEGGIO	0	1	7500	51855	151734	182	-10	0.27	0.27	0	
20/07/2011 09:54:48	TASTEGGIO	0	2	7500	51855	151740	210	-6	0.23	0.23	0	
20/07/2011 09:55:10	TASTEGGIO	0	3	7500	51855	151746	268	-23	0.08	0.08	0	
20/07/2011 09:55:20	TASTEGGIO	0	3	7500	51855	107314	268	-23	0.03	0.08	-44500	
20/07/2011 09:57:14	TASTEGGIO	0	3	7500	51855	107206	268	-23	0.20	0.21	44500	
20/07/2011 09:57:38	TASTEGGIO	1	0	7500	51855	62720	252	-20	0.11	0.11	0	
20/07/2011 09:57:49	TASTEGGIO	1	0	7500	51855	107060	252	-20	0.15	0.15	0	
20/07/2011 09:58:12	TASTEGGIO	1	0	7500	51855	107059	237	-39	0.27	0.27	0	
20/07/2011 09:58:33	TASTEGGIO	0	1	7500	51855	107059	188	-20	0.07	0.07	0	
20/07/2011 09:58:41	TASTEGGIO	0	1	7500	51855	107062	188	-20	0.07	0.07	0	
20/07/2011 10:00:34	TASTEGGIO	0	1	7500	51855	107206	188	-20	0.94	0.94	0	
20/07/2011 10:00:59	TASTEGGIO	1	0	7500	51855	107221	400	-102	0.24	0.24	0	
20/07/2011 10:01:22	TASTEGGIO	0	1	7500	51855	107221	393	-164	1.38	1.38	0	
20/07/2011 10:01:36	TASTEGGIO	0	1	7500	51855	107222	0	-11	1.26	1.26	0	
20/07/2011 10:01:58	TASTEGGIO	0	1	7500	51855	107222	345	-75	0.61	0.61	0	
20/07/2011 10:02:20	TASTEGGIO	0	0	7500	51855	107222	353	-58	0.15	0.15	0	
20/07/2011 10:02:40	TASTEGGIO	0	0	7500	51855	107223	237	-8	0.07	0.07	0	
20/07/2011 10:02:48	TASTEGGIO	0	0	7500	51855	107196	237	-8	0.07	0.30	-44500	
20/07/2011 10:03:13	TASTEGGIO	1	0	7500	51855	151605	275	-57	0.28	0.28	0	
20/07/2011 10:03:33	TASTEGGIO	0	1	7500	51855	151615	248	-42	0.14	0.14	0	
20/07/2011 10:03:44	TASTEGGIO	0	1	7500	51855	107209	248	-42	0.12	0.15	44500	
20/07/2011 10:04:07	TASTEGGIO	1	0	7500	51855	62735	237	-20	0.07	0.07	0	
20/07/2011 10:04:18	TASTEGGIO	1	0	7500	51855	107058	237	-20	0.25	0.25	0	
20/07/2011 10:04:42	TASTEGGIO	1	0	7500	51855	107056	263	-63	0.37	0.37	0	
20/07/2011 10:05:02	TASTEGGIO	0	1	7500	51855	107057	208	-14	0.23	0.23	0	
20/07/2011 10:05:24	TASTEGGIO	0	2	7500	51855	107058	228	-8	0.18	0.18	0	
20/07/2011 10:05:46	TASTEGGIO	0	3	7500	51855	107059	252	-4	0.12	0.12	0	
20/07/2011 10:05:54	TASTEGGIO	0	3	7500	51855	107065	252	-4	0.12	0.19	-44500	
20/07/2011 10:06:18	TASTEGGIO	1	0	7500	51855	151511	247	-17	0.11	0.11	0	
20/07/2011 10:06:28	TASTEGGIO	1	0	7500	51855	107189	247	-17	0.09	0.18	44500	
20/07/2011 10:06:53	TASTEGGIO	1	0	7500	51855	62716	245	-5	0.12	0.12	0	
20/07/2011 10:07:03	TASTEGGIO	1	0	7500	51855	107055	245	-5	0.05	0.13	44500	
20/07/2011 10:09:04	TASTEGGIO	1	0	7500	51855	107200	245	-5	0.33	0.37	-44500	
20/07/2011 10:09:29	TASTEGGIO	1	0	7500	51855	151617	293	-61	0.28	0.28	0	
20/07/2011 10:09:50	TASTEGGIO	0	1	7500	51855	151625	271	-50	0.79	0.79	0	
20/07/2011 10:10:04	TASTEGGIO	0	1	7500	51855	151639	48	-8	0.71	0.71	0	
20/07/2011 10:10:24	TASTEGGIO	0	2	7500	51855	151642	175	-7	0.64	0.64	0	
20/07/2011 10:10:46	TASTEGGIO	0	1	7500	51855	151648	400	-135	0.69	0.69	0	
20/07/2011 10:11:08	TASTEGGIO	0	1	7500	51855	151655	325	-76	0.15	0.15	0	
20/07/2011 10:11:28	TASTEGGIO	0	1	7500	51855	151655	321	-55	0.38	0.38	0	
20/07/2011 10:11:48	TASTEGGIO	0	1	7500	51855	151655	224	-33	0.14	0.14	0	
20/07/2011 10:11:59	TASTEGGIO	0	1	7500	51855	107225	224	-33	0.08	0.14	44500	
20/07/2011 10:12:24	TASTEGGIO	1	0	7500	51855	62747	235	-15	0.05	0.05	0	
20/07/2011 10:12:34	TASTEGGIO	1	0	7500	51855	107054	235	-15	0.15	0.18	-44500	
20/07/2011 10:12:59	TASTEGGIO	1	0	7500	51855	151488	245	-20	0.02	0.02	0	
20/07/2011 10:13:10	TASTEGGIO	1	0	7500	51855	107182	245	-20	0.02	0.10	44500	
20/07/2011 10:15:05	TASTEGGIO	1	0	7500	51855	107201	245	-20	0.45	0.52	24500	
20/07/2011 10:15:29	TASTEGGIO	1	0	7500	51855	82720	331	-62	0.18	0.18	0	
20/07/2011 10:15:51	TASTEGGIO	0	1	7500	51855	82720	324	-94	0.74	0.74	0	
20/07/2011 10:16:05	TASTEGGIO	0	1	7500	51855	82720	19	-5	0.68	0.68	0	
20/07/2011 10:16:25	TASTEGGIO	0	1	7500	51855	82720	205	-12	0.56	0.56	0	
20/07/2011 10:16:46	TASTEGGIO	0	2	7500	51855	82720	297	-34	0.24	0.24	0	
20/07/2011 10:17:07	TASTEGGIO	0	0	7500	51855	82720	260	-6	0.19	0.19	0	
20/07/2011 10:17:29	TASTEGGIO	0	1	7500	51855	82720	275	-6	0.13	0.13	0	
20/07/2011 10:17:39	TASTEGGIO	0	1	7500	51855	107059	275	-6	0.11	0.19	44500	
20/07/2011 10:18:03	TASTEGGIO	1	0	7500	51855	62595	247	-19	0.02	0.02	0	
20/07/2011 10:18:13	TASTEGGIO	1	0	7500	51855	107046	247	-19	0.03	0.09	-44500	
20/07/2011 10:20:22	TASTEGGIO	1	0	7500	51855	107015	247	-19	0.48	0.48	0	
20/07/2011 10:20:46	TASTEGGIO	1	0	7500	51855	107026	321	-121	0.74	0.74	0	
20/07/2011 10:21:06	TASTEGGIO	0	1	7500	51855	107029	206	-32	0.42	0.42	0	
20/07/2011 10:21:28	TASTEGGIO	0	2	7500	51855	107030	239	-50	0.21	0.21	0	
20/07/2011 10:21:50	TASTEGGIO	0	1	7500	51855	107030	228	-41	0.55	0.55	0	
20/07/2011 10:22:04	TASTEGGIO	0	1	7500	51855	107030	83	-7	0.47	0.47	0	
20/07/2011 10:22:22	TASTEGGIO	0	2	7500	51855	107030	163	-6	0.41	0.41	0	
20/07/2011 10:22:44	TASTEGGIO	0	3	7500	51855	107029	270	-68	0.36	0.36	0	
20/07/2011 10:23:06	TASTEGGIO	0	1	7500	51855	107030	238	-39	0.74	0.74	0	
20/07/2011 10:23:20	TASTEGGIO	0	1	7500	51855	107030	85	-9	0.64	0.64	0	
20/07/2011 10:23:40	TASTEGGIO	0	2	7500	51855	107030	195	-10	0.54	0.54	0	
20/07/2011 10:24:01	TASTEGGIO	0	3	7500	51855	107030	331	-118	0.63	0.63	0	
20/07/2011 10:24:22	TASTEGGIO	0	1	7500	51855	107030	257	-66	0.17	0.17	0	
20/07/2011 10:24:43	TASTEGGIO	0	1	7500	51855	107029	252	-33	0.15	0.15	0	
20/07/2011 10:25:04	TASTEGGIO	0	1	7500	51855	107030	238	-55	0.40	0.40	0	
20/07/2011 10:25:20	TASTEGGIO	0	1	7500	51855	107029	131	-7	0.32	0.32	0	
20/07/2011 10:25:40	TASTEGGIO	0	2	7500	51855	107030	167	-4	0.27	0.27	0	
20/07/2011 10:26:00	TASTEGGIO	0	3	7500	51855	107030	235	-19	0.08	0.08	0	
20/07/2011 10:26:08	TASTEGGIO	0	3	7500	51855	107004	235	-19	0.09	0.20	-44500	
20/07/2011 10:26:32	TASTEGGIO	1	0	7500	51855	151404	250	-61	0.41	0.41	0	
20/07/2011 10:26:51	TASTEGGIO	0	1	7500	51855	151416	165	-22	0.21	0.21	0	
20/07/2011 10:27:09	TASTEGGIO	0	2	7500	51855	151429	180	-20	0.03	0.03	0	
20/07/2011 10:27:20	TASTEGGIO	0	2	7500	51855	107016	180	-20	0.09	0.09	0	
20/07/2011 10:29:18	TASTEGGIO	0	2	7500	51855	107008	180	-20	0.17	0.27	-44500	
20/07/2011 10:29:41	TASTEGGIO	1	0	7500	51855	151419	268	-78	0.48	0.48	0	
20/07/2011 10:30:01	TASTEGGIO	0	1	7500	51855	151433	182	-30	0.21	0.21	0	
20/07/2011 10:30:20	TASTEGGIO	0	0	7500	51855	151443	252	-62	0.39	0.39	0	
20/07/2011 10:30:39	TASTEGGIO	0	1	7500	51855	151455	179	-17	0.24	0.24	0	
20/07/2011 10:30:58	TASTEGGIO	0	2	7500	51855	151464	199	-11	0.14	0.14	0	
20/07/2011 10:31:09	TASTEGGIO	0	2	7500	51855	107036	199	-11	0.07	0.15	-44500	
20/07/2011 10:31:33	TASTEGGIO	1	0	7500	51855	151439	237	-25	0.12	0.12	0	
20/07/2011 10:31:44	TASTEGGIO	1	0	7500	51855	107009	237	-25	0.12	0.15	-24500	
20/07/2011 10:32:09	TASTEGGIO	1	0	7500	51855	131469	237	-69	0.55	0.55	0	
20/07/2011 10:32:23	TASTEGGIO	0	1	7500	51855	131478	35	-6	0.48	0.48	0	
20/07/2011 10:32:40	TASTEGGIO	0	2	7500	51855	131485	118	-2	0.45	0.45	0	
20/07/2011 10:33:02	TASTEGGIO	0	1	7500	51855	131488	286	-88	0.44	0.44	0	
20/07/2011 10:33:23	TASTEGGIO	0	1	7500	51855	131490	242	-61	0.20	0.20	0	
20/07/2011 10:33:44	TASTEGGIO	0	1	7500	51855	131491	232	-48	0.27	0.27	0	
20/07/2011 10:34:04	TASTEGGIO	0	1	7500	51855	131491	195	-32	0.14	0.14	0	
20/07/2011 10:34:14	TASTEGGIO	0	1	7500	51855	107011	195	-32	0.14	0.14	0	
20/07/2011 10:34:38	TASTEGGIO	1	0	7500	51855	107025	235	-64	0.49	0.49	0	
20/07/2011 10:34:51	TASTEGGIO	0	1	7500	51855	107027	63	-7	0.43	0.43	0	
20/07/2011 10:35:09	TASTEGGIO	0	2	7500	51855	107028	138	-4	0.40	0.40	0	
20/07/2011 10:35:31	TASTEGGIO	0	1	7500	51855	107028	286	-96	0.57	0.57	0	
20/07/2011 10:35:51	TASTEGGIO	0	1	7500	51855	107028	204	-22	0.34	0.34	0	
20/07/2011 10:36:11	TASTEGGIO	0	2	7500	51855	107028	232	-25	0.12	0.12	0	
20/07/2011 10:36:31	TASTEGGIO	0	0	7500	51855	107029	230	-16	0.04	0.04	0	
20/07/2011 10:36:39	TASTEGGIO	0	0	7500	51855	107010	230	-16	0.04	0.05	24500	
20/07/2011 10:38:36	TASTEGGIO	0	0	7500	51855	107203	230	-16	0.59	0.59	0	
20/07/2011 10:39:00	TASTEGGIO	1	0	7500	51855	107217	348	-84	0.32	0.32	0	
20/07/2011 10:39:22	TASTEGGIO	0	1	7500	51855	107217	330	-102	0.75	0.75	0	
20/07/2011 10:39:40	TASTEGGIO	0	1	7500	51855	107217	154	-10	0.64	0.64	0	
20/07/2011 10:40:00	TASTEGGIO	0	2	7500	51855	107218	263	-41	0.25	0.25	0	
20/07/2011 10:40:20	TASTEGGIO	0	0	7500	51855	107218	263	-24	0.05	0.05	0	
20/07/2011 10:40:28	TASTEGGIO	0	0	7500	51855	107192	263	-24	0.05	0.16	44500	
20/07/2011 10:40:52	TASTEGGIO	1	0	7500	51855	62707	240	-23	0.08	0.08	0	
20/07/2011 10:41:02	TASTEGGIO	1	0	7500	51855	107052	240	-23	0.13	0.13	0	
20/07/2011 10:41:26	TASTEGGIO	1	0	7500	51855	107050	232	-35	0.22	0.22	0	
20/07/2011 10:41:47	TASTEGGIO	0	1	7500	51855	107050	194	-11	0.11	0.11	0	
20/07/2011 10:42:08	TASTEGGIO	0	0	7500	51855	107051	227	-7	0.05	0.05	0	
20/07/2011 10:42:16	TASTEGGIO	0	0	7500	51855	107057	227	-7	0.05	0.14	-44500	
20/07/2011 10:42:41	TASTEGGIO	1	0	7500	51855	151494	235	-33	0.20	0.20	0	
20/07/2011 10:43:00	TASTEGGIO	0	1	7500	51855	151500	206	-27	0.09	0.09	0	
20/07/2011 10:43:11	TASTEGGIO	0	1	7500	51855	107181	206	-27	0.11	0.11	0	
20/07/2011 10:43:34	TASTEGGIO	1	0	7500	51855	107194	227	-9	0.04	0.04	0	
20/07/2011 10:43:42	TASTEGGIO	1	0	7500	51855	107184	227	-9	0.05	0.07	-44500	
20/07/2011 10:45:09	ALARM 17	proc 12 prog 10 step 47	LavoroTerminato
20/07/2011 14:47:08	TASTEGGIO	1	0	6400	47543	102473	227	-9	0.09	0.11	44500	
20/07/2011 14:47:31	TASTEGGIO	1	0	6400	47543	58037	225	-3	0.08	0.08	0	
20/07/2011 14:47:42	TASTEGGIO	1	0	6400	47543	102428	225	-3	0.06	0.08	-44500	
20/07/2011 14:49:56	TASTEGGIO	1	0	6400	47543	102576	225	-3	0.07	0.15	44500	
20/07/2011 14:50:20	TASTEGGIO	1	0	6400	47543	58105	231	-4	0.12	0.12	0	
20/07/2011 14:50:31	TASTEGGIO	1	0	6400	47543	102446	231	-4	0.06	0.12	44500	
20/07/2011 14:50:55	TASTEGGIO	1	0	6400	47543	57999	227	0	0.11	0.11	0	
20/07/2011 14:51:15	TASTEGGIO	0	1	6400	47543	57993	247	-2	0.09	0.09	0	
20/07/2011 14:51:37	TASTEGGIO	0	2	6400	47543	57987	261	-2	0.08	0.08	0	
20/07/2011 14:51:47	TASTEGGIO	0	2	6400	47543	102438	261	-2	0.05	0.09	44500	
20/07/2011 14:52:11	TASTEGGIO	1	0	6400	47543	57993	223	-1	0.08	0.08	0	
20/07/2011 14:52:21	TASTEGGIO	1	0	6400	47543	102422	223	-1	0.04	0.08	44500	
20/07/2011 14:54:19	TASTEGGIO	1	0	6400	47543	102479	223	-1	0.01	0.06	-44500	
20/07/2011 14:56:21	TASTEGGIO	1	0	6400	47543	102573	223	-1	0.06	0.08	-44500	
20/07/2011 14:58:37	TASTEGGIO	1	0	6400	47543	102482	223	-1	0.13	0.14	-24500	
20/07/2011 14:59:02	TASTEGGIO	1	0	6400	47543	126948	229	-9	0.05	0.05	0	
20/07/2011 14:59:12	TASTEGGIO	1	0	6400	47543	102491	229	-9	0.06	0.06	0	
20/07/2011 15:01:15	TASTEGGIO	1	0	6400	47543	102581	229	-9	0.21	0.34	44500	
20/07/2011 15:01:40	TASTEGGIO	1	0	6400	47543	58117	255	-4	0.28	0.28	0	
20/07/2011 15:02:00	TASTEGGIO	0	1	6400	47543	58110	278	-3	0.25	0.25	0	
20/07/2011 15:02:21	TASTEGGIO	0	2	6400	47543	58106	322	-10	0.15	0.15	0	
20/07/2011 15:02:43	TASTEGGIO	0	3	6400	47543	58103	337	-9	0.06	0.06	0	
20/07/2011 15:02:53	TASTEGGIO	0	3	6400	47543	102432	337	-9	0.03	0.16	-44500	
20/07/2011 15:03:18	TASTEGGIO	1	0	6400	47543	146858	232	-9	0.08	0.08	0	
20/07/2011 15:03:28	TASTEGGIO	1	0	6400	47543	102578	232	-9	0.09	0.14	24500	
20/07/2011 15:03:52	TASTEGGIO	1	0	6400	47543	78132	229	-5	0.08	0.08	0	
20/07/2011 15:04:02	TASTEGGIO	1	0	6400	47543	102439	229	-5	0.05	0.10	-44500	
20/07/2011 15:04:27	TASTEGGIO	1	0	6400	47543	146856	224	-3	0.07	0.07	0	
20/07/2011 15:04:37	TASTEGGIO	1	0	6400	47543	102581	224	-3	0.07	0.11	24500	
20/07/2011 15:05:02	TASTEGGIO	1	0	6400	47543	78123	225	0	0.08	0.08	0	
20/07/2011 15:05:12	TASTEGGIO	1	0	6400	47543	102444	225	0	0.06	0.09	24500	
20/07/2011 15:05:37	TASTEGGIO	1	0	6400	47543	77995	223	0	0.08	0.08	0	
20/07/2011 15:05:46	TASTEGGIO	1	0	6400	47543	102434	223	0	0.05	0.09	-44500	
20/07/2011 15:06:11	TASTEGGIO	1	0	6400	47543	146858	223	-2	0.08	0.08	0	
20/07/2011 15:06:21	TASTEGGIO	1	0	6400	47543	102572	223	-2	0.06	0.08	24500	
20/07/2011 15:08:20	TASTEGGIO	1	0	6400	47543	102579	223	-2	0.12	0.19	24500	
20/07/2011 15:08:45	TASTEGGIO	1	0	6400	47543	78114	236	-5	0.13	0.13	0	
20/07/2011 15:08:54	TASTEGGIO	1	0	6400	47543	102452	236	-5	0.09	0.14	24500	
20/07/2011 15:09:19	TASTEGGIO	1	0	6400	47543	78001	229	-1	0.12	0.12	0	
20/07/2011 15:09:40	TASTEGGIO	0	1	6400	47543	77993	239	-1	0.11	0.11	0	
20/07/2011 15:10:02	TASTEGGIO	0	1	6400	47543	77988	269	-4	0.07	0.07	0	
20/07/2011 15:10:12	TASTEGGIO	0	1	6400	47543	102440	269	-4	0.05	0.10	44500	
20/07/2011 15:10:36	TASTEGGIO	1	0	6400	47543	57986	224	-1	0.07	0.07	0	
20/07/2011 15:10:47	TASTEGGIO	1	0	6400	47543	102424	224	-1	0.03	0.07	24500	
20/07/2011 15:12:47	TASTEGGIO	1	0	6400	47543	102479	224	-1	0.12	0.13	-24500	
20/07/2011 15:13:12	TASTEGGIO	1	0	6400	47543	126929	228	-10	0.07	0.07	0	
20/07/2011 15:13:21	TASTEGGIO	1	0	6400	47543	102484	228	-10	0.06	0.07	44500	
20/07/2011 15:15:20	TASTEGGIO	1	0	6400	47543	102581	228	-10	0.11	0.11	0	
20/07/2011 15:15:44	TASTEGGIO	1	0	6400	47543	102592	225	-8	0.05	0.05	0	
20/07/2011 15:15:51	TASTEGGIO	1	0	6400	47543	102581	225	-8	0.05	0.05	0	
20/07/2011 15:17:50	TASTEGGIO	1	0	6400	47543	102486	225	-8	0.10	0.16	-44500	
20/07/2011 15:18:15	TASTEGGIO	1	0	6400	47543	146906	232	-9	0.09	0.09	0	
20/07/2011 15:18:26	TASTEGGIO	1	0	6400	47543	102489	232	-9	0.05	0.09	-44500	
20/07/2011 15:18:50	TASTEGGIO	1	0	6400	47543	146909	223	-2	0.08	0.08	0	
20/07/2011 15:19:00	TASTEGGIO	1	0	6400	47543	102487	223	-2	0.05	0.07	-44500	
20/07/2011 15:20:59	TASTEGGIO	1	0	6400	47543	102585	223	-2	0.06	0.07	24500	
20/07/2011 15:22:55	TASTEGGIO	1	0	6400	47543	102395	223	-2	0.24	0.53	44500	
20/07/2011 15:23:21	TASTEGGIO	1	0	6400	47543	57944	280	-5	0.46	0.46	0	
20/07/2011 15:23:43	TASTEGGIO	0	1	6400	47543	57938	319	-7	0.40	0.40	0	
20/07/2011 15:24:05	TASTEGGIO	0	2	6400	47543	57935	388	-27	0.17	0.17	0	
20/07/2011 15:24:25	TASTEGGIO	0	0	6400	47543	57931	233	0	0.17	0.17	0	
20/07/2011 15:24:45	TASTEGGIO	0	1	6400	47543	57926	267	0	0.16	0.16	0	
20/07/2011 15:25:05	TASTEGGIO	0	1	6400	47543	57993	312	-2	0.15	0.15	0	
20/07/2011 15:25:26	TASTEGGIO	0	1	6400	47543	57994	354	-11	0.05	0.05	0	
20/07/2011 15:25:36	TASTEGGIO	0	1	6400	47543	102249	354	-11	0.11	0.26	-44500	
20/07/2011 15:26:01	TASTEGGIO	1	0	6400	47543	146671	245	-9	0.17	0.17	0	
20/07/2011 15:26:21	TASTEGGIO	0	1	6400	47543	146676	256	-4	0.14	0.14	0	
20/07/2011 15:26:31	TASTEGGIO	0	1	6400	47543	102396	256	-4	0.02	0.13	-44500	
20/07/2011 15:26:56	TASTEGGIO	1	0	6400	47543	146822	228	0	0.13	0.13	0	
20/07/2011 15:27:15	TASTEGGIO	0	1	6400	47543	146827	254	-1	0.12	0.12	0	
20/07/2011 15:27:36	TASTEGGIO	0	1	6400	47543	146831	287	-9	0.03	0.03	0	
20/07/2011 15:27:46	TASTEGGIO	0	1	6400	47543	102406	287	-9	0.07	0.17	44500	
20/07/2011 15:28:11	TASTEGGIO	1	0	6400	47543	57936	233	0	0.15	0.15	0	
20/07/2011 15:28:31	TASTEGGIO	0	1	6400	47543	57935	246	0	0.14	0.14	0	
20/07/2011 15:28:41	TASTEGGIO	0	1	6400	47543	102255	246	0	0.06	0.16	44500	
20/07/2011 15:29:06	TASTEGGIO	1	0	6400	47543	57794	232	0	0.15	0.15	0	
20/07/2011 15:29:26	TASTEGGIO	0	1	6400	47543	57791	260	0	0.14	0.14	0	
20/07/2011 15:29:36	TASTEGGIO	0	1	6400	47543	102246	260	0	0.06	0.15	44500	
20/07/2011 15:30:00	TASTEGGIO	1	0	6400	47543	57790	231	0	0.15	0.15	0	
20/07/2011 15:30:21	TASTEGGIO	0	1	6400	47543	57785	261	0	0.14	0.14	0	
20/07/2011 15:30:31	TASTEGGIO	0	1	6400	47543	102233	261	0	0.06	0.16	44500	
20/07/2011 15:30:55	TASTEGGIO	1	0	6400	47543	57786	232	0	0.14	0.14	0	
20/07/2011 15:31:06	TASTEGGIO	1	0	6400	47543	102234	232	0	0.06	0.16	24500	
20/07/2011 15:31:31	TASTEGGIO	1	0	6400	47543	77791	232	-4	0.10	0.10	0	
20/07/2011 15:31:40	TASTEGGIO	1	0	6400	47543	102233	232	-4	0.03	0.12	44500	
20/07/2011 15:32:04	TASTEGGIO	1	0	6400	47543	57790	227	0	0.11	0.11	0	
20/07/2011 15:32:15	TASTEGGIO	1	0	6400	47543	102227	227	0	0.02	0.13	44500	
20/07/2011 15:32:39	TASTEGGIO	1	0	6400	47543	57785	228	0	0.11	0.11	0	
20/07/2011 15:32:49	TASTEGGIO	1	0	6400	47543	102230	228	0	0.03	0.13	44500	
20/07/2011 15:34:47	TASTEGGIO	1	0	6400	47543	102487	228	0	0.08	0.08	0	
20/07/2011 15:36:47	TASTEGGIO	1	0	6400	47543	102579	228	0	0.11	0.14	-44500	
20/07/2011 15:37:12	TASTEGGIO	1	0	6400	47543	147015	229	-9	0.07	0.07	0	
20/07/2011 15:37:22	TASTEGGIO	1	0	6400	47543	102583	229	-9	0.06	0.08	-24500	
20/07/2011 15:39:38	TASTEGGIO	1	0	6400	47543	102582	229	-9	0.56	0.64	24500	
20/07/2011 15:40:03	TASTEGGIO	1	0	6400	47543	78118	294	-7	0.54	0.54	0	
20/07/2011 15:40:25	TASTEGGIO	0	1	6400	47543	78112	339	-12	0.41	0.41	0	
20/07/2011 15:40:48	TASTEGGIO	0	2	6400	47543	78111	383	-24	0.17	0.17	0	
20/07/2011 15:41:09	TASTEGGIO	0	0	6400	47543	78105	233	0	0.17	0.17	0	
20/07/2011 15:41:31	TASTEGGIO	0	1	6400	47543	78103	267	0	0.17	0.17	0	
20/07/2011 15:41:52	TASTEGGIO	0	1	6400	47543	78120	318	-1	0.16	0.16	0	
20/07/2011 15:42:15	TASTEGGIO	0	1	6400	47543	78120	363	-5	0.11	0.11	0	
20/07/2011 15:42:25	TASTEGGIO	0	1	6400	47543	102448	363	-5	0.16	0.22	44500	
20/07/2011 15:42:49	TASTEGGIO	1	0	6400	47543	57986	240	-2	0.21	0.21	0	
20/07/2011 15:43:10	TASTEGGIO	0	1	6400	47543	57982	280	-4	0.15	0.15	0	
