08/07/2011 10:47:14	ALARM 401		
08/07/2011 10:47:20	ALARM 205		err.6059
08/07/2011 10:47:33	TASTEGGIO	0	0	8000	53816	117189	240	-1	0.22	0.26	-24500	
08/07/2011 10:47:59	TASTEGGIO	1	0	8000	53816	141634	265	-18	0.09	0.09	0	
08/07/2011 10:48:09	TASTEGGIO	1	0	8000	53816	117177	265	-18	0.09	0.11	44500	
08/07/2011 10:48:34	TASTEGGIO	1	0	8000	53816	72748	227	-1	0.10	0.10	0	
08/07/2011 10:48:54	TASTEGGIO	0	1	8000	53816	72745	245	-3	0.09	0.09	0	
08/07/2011 10:49:05	TASTEGGIO	0	1	8000	53816	117068	245	-3	0.09	0.10	44500	
08/07/2011 10:49:29	TASTEGGIO	1	0	8000	53816	72628	225	0	0.09	0.09	0	
08/07/2011 10:49:40	TASTEGGIO	1	0	8000	53816	117068	225	0	0.09	0.10	44500	
08/07/2011 10:50:05	TASTEGGIO	1	0	8000	53816	72633	225	0	0.09	0.09	0	
08/07/2011 10:50:15	TASTEGGIO	1	0	8000	53816	117072	225	0	0.09	0.10	44500	
08/07/2011 10:50:40	TASTEGGIO	1	0	8000	53816	72628	225	-1	0.09	0.09	0	
08/07/2011 10:50:50	TASTEGGIO	1	0	8000	53816	117072	225	-1	0.09	0.10	44500	
08/07/2011 10:51:15	TASTEGGIO	1	0	8000	53816	72633	225	0	0.09	0.09	0	
08/07/2011 10:51:26	TASTEGGIO	1	0	8000	53816	117073	225	0	0.09	0.11	44500	
08/07/2011 10:51:50	TASTEGGIO	1	0	8000	53816	72635	227	0	0.10	0.10	0	
08/07/2011 10:52:12	TASTEGGIO	0	1	8000	53816	72636	245	-1	0.09	0.09	0	
08/07/2011 10:52:23	TASTEGGIO	0	1	8000	53816	117077	245	-1	0.09	0.09	44500	
08/07/2011 10:54:40	TASTEGGIO	0	1	8000	53816	117190	245	-1	0.25	0.27	24500	
08/07/2011 10:55:05	TASTEGGIO	1	0	8000	53816	92734	268	-15	0.12	0.12	0	
08/07/2011 10:55:15	TASTEGGIO	1	0	8000	53816	117075	268	-15	0.14	0.14	-24500	
08/07/2011 10:55:41	TASTEGGIO	1	0	8000	53816	141499	235	-13	0.05	0.05	0	
08/07/2011 10:55:50	TASTEGGIO	1	0	8000	53816	117182	235	-13	0.04	0.07	44500	
08/07/2011 10:57:50	TASTEGGIO	1	0	8000	53816	117481	235	-13	0.34	0.38	24500	
08/07/2011 10:58:15	TASTEGGIO	1	0	8000	53816	93032	295	-22	0.19	0.19	0	
08/07/2011 10:58:36	TASTEGGIO	0	0	8000	53816	93037	247	-2	0.17	0.17	0	
08/07/2011 10:58:58	TASTEGGIO	0	1	8000	53816	93039	262	-4	0.13	0.13	0	
08/07/2011 10:59:08	TASTEGGIO	0	1	8000	53816	117374	262	-4	0.12	0.15	44500	
08/07/2011 10:59:33	TASTEGGIO	1	0	8000	53816	72933	237	-1	0.15	0.15	0	
08/07/2011 10:59:54	TASTEGGIO	0	1	8000	53816	72934	267	-7	0.10	0.10	0	
08/07/2011 11:00:05	TASTEGGIO	0	1	8000	53816	117369	267	-7	0.10	0.12	-44500	
08/07/2011 11:00:31	TASTEGGIO	1	0	8000	53816	161763	230	-9	0.07	0.07	0	
08/07/2011 11:00:41	TASTEGGIO	1	0	8000	53816	117475	230	-9	0.03	0.07	44500	
08/07/2011 11:02:39	TASTEGGIO	1	0	8000	53816	117293	230	-9	0.23	0.35	44500	
08/07/2011 11:03:05	TASTEGGIO	1	0	8000	53816	72857	288	-8	0.25	0.25	0	
08/07/2011 11:03:27	TASTEGGIO	0	1	8000	53816	72859	305	-11	0.15	0.15	0	
08/07/2011 11:03:50	TASTEGGIO	0	2	8000	53816	72861	317	-13	0.06	0.06	0	
08/07/2011 11:04:01	TASTEGGIO	0	2	8000	53816	117171	317	-13	0.03	0.06	-44500	
08/07/2011 11:05:10	ALARM 17	proc 12 prog 10 step 47	LavoroTerminato
08/07/2011 11:25:05	TASTEGGIO	0	2	5500	44017	110577	317	-13	0.12	0.13	-44500	
08/07/2011 11:25:31	TASTEGGIO	1	0	5500	44017	155019	228	-8	0.07	0.07	0	
08/07/2011 11:25:41	TASTEGGIO	1	0	5500	44017	110671	228	-8	0.08	0.09	44500	
08/07/2011 11:27:46	TASTEGGIO	1	0	5500	44017	110803	228	-8	0.12	0.18	-44500	
08/07/2011 11:28:12	TASTEGGIO	1	0	5500	44017	155235	234	-6	0.13	0.13	0	
08/07/2011 11:28:22	TASTEGGIO	1	0	5500	44017	110787	234	-6	0.09	0.12	-44500	
08/07/2011 11:28:47	TASTEGGIO	1	0	5500	44017	155219	227	-1	0.12	0.12	0	
08/07/2011 11:29:09	TASTEGGIO	0	1	5500	44017	155222	251	-5	0.08	0.08	0	
08/07/2011 11:29:19	TASTEGGIO	0	1	5500	44017	110776	251	-5	0.05	0.08	44500	
08/07/2011 11:31:23	TASTEGGIO	0	1	5500	44017	110804	251	-5	0.09	0.10	44500	
08/07/2011 11:31:48	TASTEGGIO	1	0	5500	44017	66375	224	-4	0.08	0.08	0	
08/07/2011 11:31:59	TASTEGGIO	1	0	5500	44017	110648	224	-4	0.08	0.09	44500	
08/07/2011 11:34:02	TASTEGGIO	1	0	5500	44017	110798	224	-4	0.11	0.16	-24500	
08/07/2011 11:34:28	TASTEGGIO	1	0	5500	44017	135265	232	-12	0.05	0.05	0	
08/07/2011 11:34:38	TASTEGGIO	1	0	5500	44017	110784	232	-12	0.05	0.10	44500	
08/07/2011 11:35:03	TASTEGGIO	1	0	5500	44017	66346	224	-2	0.08	0.08	0	
08/07/2011 11:35:14	TASTEGGIO	1	0	5500	44017	110648	224	-2	0.05	0.09	-44500	
08/07/2011 11:37:19	TASTEGGIO	1	0	5500	44017	110796	224	-2	0.01	0.13	44500	
08/07/2011 11:37:45	TASTEGGIO	1	0	5500	44017	66354	228	-3	0.11	0.11	0	
08/07/2011 11:38:07	TASTEGGIO	0	1	5500	44017	66358	237	-1	0.10	0.10	0	
08/07/2011 11:38:28	TASTEGGIO	0	1	5500	44017	66350	264	-3	0.08	0.08	0	
08/07/2011 11:38:38	TASTEGGIO	0	1	5500	44017	110653	264	-3	0.04	0.08	44500	
08/07/2011 11:40:39	TASTEGGIO	0	1	5500	44017	110686	264	-3	0.05	0.15	-44500	
08/07/2011 11:41:05	TASTEGGIO	1	0	5500	44017	155108	231	-10	0.08	0.08	0	
08/07/2011 11:41:15	TASTEGGIO	1	0	5500	44017	110671	231	-10	0.04	0.12	44500	
08/07/2011 11:41:41	TASTEGGIO	1	0	5500	44017	66234	227	-3	0.10	0.10	0	
08/07/2011 11:42:03	TASTEGGIO	0	1	5500	44017	66234	235	-1	0.09	0.09	0	
08/07/2011 11:42:12	TASTEGGIO	0	1	5500	44017	110547	235	-1	0.02	0.09	44500	
08/07/2011 11:44:14	TASTEGGIO	0	1	5500	44017	110689	235	-1	0.07	0.19	-44500	
08/07/2011 11:44:39	TASTEGGIO	1	0	5500	44017	155115	236	-7	0.13	0.13	0	
08/07/2011 11:44:50	TASTEGGIO	1	0	5500	44017	110677	236	-7	0.03	0.13	-44500	
08/07/2011 11:45:15	TASTEGGIO	1	0	5500	44017	155110	228	-2	0.12	0.12	0	
08/07/2011 11:45:35	TASTEGGIO	0	1	5500	44017	155113	250	-5	0.08	0.08	0	
08/07/2011 11:45:46	TASTEGGIO	0	1	5500	44017	110666	250	-5	0.03	0.13	44500	
08/07/2011 11:46:12	TASTEGGIO	1	0	5500	44017	66236	228	-1	0.10	0.10	0	
08/07/2011 11:46:33	TASTEGGIO	0	1	5500	44017	66233	235	-1	0.10	0.10	0	
08/07/2011 11:46:55	TASTEGGIO	0	1	5500	44017	66224	265	-3	0.08	0.08	0	
08/07/2011 11:47:05	TASTEGGIO	0	1	5500	44017	110553	265	-3	0.00	0.09	-44500	
08/07/2011 11:49:07	TASTEGGIO	0	1	5500	44017	110796	265	-3	0.18	0.18	0	
08/07/2011 11:49:32	TASTEGGIO	1	0	5500	44017	110800	234	-8	0.12	0.12	0	
08/07/2011 11:49:39	TASTEGGIO	1	0	5500	44017	110797	234	-8	0.11	0.11	24500	
08/07/2011 11:50:05	TASTEGGIO	1	0	5500	44017	86366	225	-4	0.08	0.08	0	
08/07/2011 11:50:14	TASTEGGIO	1	0	5500	44017	110651	225	-4	0.09	0.09	0	
08/07/2011 11:52:19	TASTEGGIO	1	0	5500	44017	110796	225	-4	0.07	0.17	-44500	
08/07/2011 11:52:45	TASTEGGIO	1	0	5500	44017	155227	233	-10	0.10	0.10	0	
08/07/2011 11:52:55	TASTEGGIO	1	0	5500	44017	110775	233	-10	0.03	0.10	-44500	
08/07/2011 11:53:19	TASTEGGIO	1	0	5500	44017	155209	224	-2	0.09	0.09	0	
08/07/2011 11:53:29	TASTEGGIO	1	0	5500	44017	110774	224	-2	0.02	0.10	-44500	
08/07/2011 11:53:54	TASTEGGIO	1	0	5500	44017	155216	224	-3	0.07	0.07	0	
08/07/2011 11:54:04	TASTEGGIO	1	0	5500	44017	110767	224	-3	0.01	0.07	-44500	
08/07/2011 11:56:07	TASTEGGIO	1	0	5500	44017	110800	224	-3	0.06	0.12	-44500	
08/07/2011 11:56:32	TASTEGGIO	1	0	5500	44017	155232	227	-15	0.01	0.01	0	
08/07/2011 11:56:42	TASTEGGIO	1	0	5500	44017	110772	227	-15	0.03	0.08	44500	
08/07/2011 11:58:48	TASTEGGIO	1	0	5500	44017	110795	227	-15	0.19	0.30	-44500	
08/07/2011 11:59:13	TASTEGGIO	1	0	5500	44017	155223	250	-11	0.21	0.21	0	
08/07/2011 11:59:34	TASTEGGIO	0	1	5500	44017	155226	264	-9	0.12	0.12	0	
08/07/2011 11:59:45	TASTEGGIO	0	1	5500	44017	110777	264	-9	0.12	0.13	-44500	
08/07/2011 12:00:10	TASTEGGIO	1	0	5500	44017	155222	228	0	0.13	0.13	0	
08/07/2011 12:00:32	TASTEGGIO	0	1	5500	44017	155224	254	-3	0.10	0.10	0	
08/07/2011 12:00:53	TASTEGGIO	0	2	5500	44017	155226	264	-5	0.06	0.06	0	
08/07/2011 12:01:03	TASTEGGIO	0	2	5500	44017	110779	264	-5	0.12	0.12	0	
08/07/2011 12:01:28	TASTEGGIO	1	0	5500	44017	110783	227	-9	0.04	0.04	0	
08/07/2011 12:01:35	TASTEGGIO	1	0	5500	44017	110781	227	-9	0.04	0.08	44500	
08/07/2011 12:03:36	TASTEGGIO	1	0	5500	44017	110792	227	-9	0.16	0.17	-24500	
08/07/2011 12:04:02	TASTEGGIO	1	0	5500	44017	135259	233	-17	0.03	0.03	0	
08/07/2011 12:04:11	TASTEGGIO	1	0	5500	44017	110776	233	-17	0.04	0.09	44500	
08/07/2011 12:06:14	TASTEGGIO	1	0	5500	44017	110699	233	-17	0.08	0.09	-44500	
08/07/2011 12:08:18	TASTEGGIO	1	0	5500	44017	110698	233	-17	0.11	0.12	-24500	
08/07/2011 12:08:44	TASTEGGIO	1	0	5500	44017	135159	227	-16	0.02	0.02	0	
08/07/2011 12:08:54	TASTEGGIO	1	0	5500	44017	110689	227	-16	0.07	0.09	24500	
08/07/2011 12:10:57	TASTEGGIO	1	0	5500	44017	110800	227	-16	0.14	0.14	44500	
08/07/2011 12:11:23	TASTEGGIO	1	0	5500	44017	66361	229	-3	0.12	0.12	0	
08/07/2011 12:11:44	TASTEGGIO	0	1	5500	44017	66360	239	-2	0.11	0.11	0	
08/07/2011 12:12:07	TASTEGGIO	0	1	5500	44017	66354	269	-4	0.06	0.06	0	
08/07/2011 12:12:17	TASTEGGIO	0	1	5500	44017	110653	269	-4	0.08	0.08	0	
08/07/2011 12:14:20	TASTEGGIO	0	1	5500	44017	110796	269	-4	0.04	0.06	24500	
08/07/2011 12:15:33	ALARM 17	proc 12 prog 10 step 47	LavoroTerminato
08/07/2011 13:03:28	ALARM 401		
08/07/2011 13:16:53	TASTEGGIO	0	1	12000	69495	142102	269	-4	1.44	1.44	0	
08/07/2011 13:17:21	TASTEGGIO	1	0	12000	69495	142114	390	-33	1.14	1.14	0	
08/07/2011 13:17:47	TASTEGGIO	0	1	12000	69495	142119	400	-19	0.96	0.96	0	
08/07/2011 13:18:17	TASTEGGIO	0	2	12000	69495	142121	400	-12	0.85	0.85	0	
08/07/2011 13:18:44	TASTEGGIO	0	3	12000	69495	142122	400	-10	0.75	0.75	0	
08/07/2011 13:19:14	TASTEGGIO	0	4	12000	69495	142157	400	-7	0.70	0.70	0	
08/07/2011 13:19:15	ALARM 401		
08/07/2011 13:19:30	TASTEGGIO	0	4	12000	69495	142135	400	-7	0.70	0.85	44500	
08/07/2011 13:20:12	TASTEGGIO	0	4	12000	69495	142088	434	-67	0.40	0.41	24500	
08/07/2011 13:20:52	TASTEGGIO	0	4	12000	69495	142080	390	-60	0.19	0.22	24500	
08/07/2011 13:21:11	TASTEGGIO	0	4	12000	69496	142080	390	-60	0.19	0.21	24500	
08/07/2011 13:21:40	TASTEGGIO	1	0	12000	69496	117608	232	-24	0.07	0.07	0	
08/07/2011 13:21:50	TASTEGGIO	1	0	12000	69496	142080	232	-24	0.04	0.16	-44500	
08/07/2011 13:22:18	TASTEGGIO	1	0	12000	69496	186556	225	-15	0.07	0.07	0	
08/07/2011 13:22:30	TASTEGGIO	1	0	12000	69496	142135	225	-15	0.08	0.09	-24500	
08/07/2011 13:23:28	ALARM 17	proc 12 prog 10 step 47	LavoroTerminato
13/07/2011 09:38:21	ALARM 401		
13/07/2011 09:38:22	INIT OK
13/07/2011 09:40:27	ALARM 401		
13/07/2011 09:49:52	TASTEGGIO	0	0	6000	45977	91848	0	0	0.07	0.32	-44500	
13/07/2011 09:50:14	TASTEGGIO	1	0	6000	45977	136309	183	-23	0.10	0.10	0	
13/07/2011 09:50:24	TASTEGGIO	1	0	6000	45977	91993	183	-23	0.20	0.20	0	
13/07/2011 09:50:47	TASTEGGIO	1	0	6000	45977	92002	163	-2	0.19	0.19	0	
13/07/2011 09:51:07	TASTEGGIO	0	1	6000	45977	92004	199	-1	0.18	0.18	0	
13/07/2011 09:51:29	TASTEGGIO	0	1	6000	45977	92005	250	-5	0.18	0.18	0	
13/07/2011 09:51:51	TASTEGGIO	0	1	6000	45977	92006	304	-6	0.13	0.13	0	
13/07/2011 09:51:59	TASTEGGIO	0	1	6000	45977	91993	304	-6	0.13	0.15	-44500	
13/07/2011 09:52:21	TASTEGGIO	1	0	6000	45977	136439	155	-2	0.12	0.12	0	
13/07/2011 09:52:32	TASTEGGIO	1	0	6000	45977	91998	155	-2	0.16	0.16	0	
13/07/2011 09:52:54	TASTEGGIO	1	0	6000	45977	92007	156	-1	0.15	0.15	0	
13/07/2011 09:53:15	TASTEGGIO	0	1	6000	45977	92008	184	0	0.15	0.15	0	
13/07/2011 09:53:35	TASTEGGIO	0	1	6000	45977	92009	229	-1	0.14	0.14	0	
13/07/2011 09:53:36	ALARM 401		
13/07/2011 09:53:57	TASTEGGIO	0	1	6000	45977	92000	229	-1	0.14	0.14	0	
13/07/2011 09:54:19	ALARM 31	proc 12 prog 112 step 23	Collisione tra Prismi e Carrelli
13/07/2011 09:55:45	TASTEGGIO	0	1	6000	45977	44337	229	-1	0.00	0.00	0	
13/07/2011 09:56:13	TASTEGGIO	0	1	6000	45977	43962	229	-1	0.08	0.08	0	
13/07/2011 09:56:39	TASTEGGIO	0	1	6000	45977	143821	229	-1	0.08	0.08	0	
13/07/2011 09:57:27	TASTEGGIO	0	1	6000	45977	91991	229	-1	0.17	0.17	0	
13/07/2011 09:57:58	TASTEGGIO	0	1	6000	45977	91991	229	-1	0.16	0.16	0	
13/07/2011 09:58:22	TASTEGGIO	1	0	6000	45977	91999	240	-1	0.16	0.16	0	
13/07/2011 09:58:45	TASTEGGIO	0	1	6000	45977	92002	272	0	0.15	0.15	0	
13/07/2011 09:59:07	TASTEGGIO	0	1	6000	45977	92003	314	-2	0.13	0.13	0	
13/07/2011 09:59:15	TASTEGGIO	0	1	6000	45977	91994	314	-2	0.14	0.14	0	
13/07/2011 09:59:38	TASTEGGIO	1	0	6000	45977	92001	235	-1	0.13	0.13	0	
13/07/2011 09:59:42	ALARM 401		
13/07/2011 09:59:48	ALARM 401		
13/07/2011 09:59:49	ALARM 401		
13/07/2011 09:59:52	ALARM 401		
13/07/2011 09:59:53	ALARM 401		
13/07/2011 09:59:53	ALARM 401		
13/07/2011 10:00:11	TASTEGGIO	0	1	6000	45977	91995	259	0	0.14	0.14	0	
13/07/2011 10:00:35	TASTEGGIO	1	0	6000	45977	92003	229	0	0.13	0.13	0	
13/07/2011 10:00:57	TASTEGGIO	0	1	6000	45977	92004	253	0	0.13	0.13	0	
13/07/2011 10:01:18	TASTEGGIO	0	1	6000	45977	92005	292	-1	0.12	0.12	0	
13/07/2011 10:01:40	TASTEGGIO	0	1	6000	45977	92007	325	-2	0.11	0.11	0	
13/07/2011 10:02:04	TASTEGGIO	0	1	6000	45977	92008	355	-5	0.07	0.07	0	
13/07/2011 10:02:12	TASTEGGIO	0	1	6000	45977	91997	355	-5	0.07	0.15	-44500	
13/07/2011 10:02:36	TASTEGGIO	1	0	6000	45977	136436	231	-24	0.12	0.12	0	
13/07/2011 10:02:46	TASTEGGIO	1	0	6000	45977	91992	231	-24	0.24	0.24	0	
13/07/2011 10:03:10	TASTEGGIO	1	0	6000	45977	92001	242	-3	0.22	0.22	0	
13/07/2011 10:03:32	TASTEGGIO	0	1	6000	45977	92003	282	-1	0.22	0.22	0	
13/07/2011 10:03:54	TASTEGGIO	0	1	6000	45977	92004	348	-7	0.15	0.15	0	
13/07/2011 10:03:55	ALARM 218	proc 12 prog 73 step 17	go_abs 5 cmd 11
13/07/2011 10:03:59	ALARM 205		err.6058
13/07/2011 10:04:26	TASTEGGIO	0	1	6000	45977	91993	348	-7	0.16	0.16	0	
13/07/2011 10:04:47	TASTEGGIO	1	0	6000	45977	92000	161	-1	0.16	0.16	0	
13/07/2011 10:05:07	TASTEGGIO	0	1	6000	45977	92002	193	0	0.15	0.15	0	
13/07/2011 10:05:29	TASTEGGIO	0	1	6000	45977	92004	235	-1	0.15	0.15	0	
13/07/2011 10:05:51	TASTEGGIO	0	1	6000	45977	92005	280	-1	0.15	0.15	0	
13/07/2011 10:06:13	TASTEGGIO	0	1	6000	45977	92005	325	-1	0.15	0.15	0	
13/07/2011 10:06:15	ALARM 401		
13/07/2011 10:06:17	ALARM 205		err.6058
13/07/2011 10:06:36	TASTEGGIO	0	1	6000	45977	91995	325	-1	0.15	0.15	0	
13/07/2011 10:07:10	TASTEGGIO	0	1	6000	45977	92003	373	-15	0.11	0.11	0	
13/07/2011 10:07:23	TASTEGGIO	0	1	6000	45977	91992	373	-15	0.11	0.15	-24500	
13/07/2011 10:08:12	TASTEGGIO	0	1	6000	45977	91988	390	-133	0.96	1.17	-24500	
13/07/2011 10:08:55	TASTEGGIO	0	1	6000	45977	91989	390	-105	0.23	0.23	0	
13/07/2011 10:12:27	TASTEGGIO	0	1	6000	45977	91989	346	-14	0.16	0.16	0	
13/07/2011 10:12:59	TASTEGGIO	0	1	6000	45977	91989	299	-6	0.12	0.18	-44500	
13/07/2011 10:13:59	TASTEGGIO	0	1	6000	45977	91988	320	-64	0.44	0.53	-24500	
13/07/2011 10:14:35	TASTEGGIO	0	1	6000	45977	91988	320	-41	0.14	0.15	-44500	
13/07/2011 10:15:02	TASTEGGIO	0	1	6000	45977	136433	320	-41	0.15	0.15	0	
13/07/2011 10:15:17	ALARM 401		
13/07/2011 10:15:23	ALARM 201		err.6059
13/07/2011 10:28:37	ALARM 401		
15/07/2011 07:28:52	ALARM 401		
15/07/2011 07:28:54	INIT OK
15/07/2011 07:31:50	ALARM 401		
15/07/2011 07:31:51	ALARM 401		
15/07/2011 07:31:52	ALARM 401		
15/07/2011 08:15:14	TASTEGGIO	0	0	7600	52250	121391	0	0	0.13	0.15	-44500	
15/07/2011 08:15:38	TASTEGGIO	1	0	7600	52250	165830	231	-48	0.30	0.30	0	
15/07/2011 08:15:58	TASTEGGIO	0	1	7600	52250	165840	171	-16	0.16	0.16	0	
15/07/2011 08:16:17	TASTEGGIO	0	2	7600	52250	165851	183	-19	0.12	0.12	0	
15/07/2011 08:16:28	TASTEGGIO	0	2	7600	52250	121391	183	-19	0.08	0.12	-44500	
15/07/2011 08:16:52	TASTEGGIO	1	0	7600	52250	165811	227	-45	0.38	0.38	0	
15/07/2011 08:17:09	TASTEGGIO	0	1	7600	52250	165823	106	-3	0.35	0.35	0	
15/07/2011 08:17:29	TASTEGGIO	0	1	7600	52250	165834	202	-14	0.21	0.21	0	
15/07/2011 08:17:49	TASTEGGIO	0	2	7600	52250	165843	219	-20	0.10	0.10	0	
15/07/2011 08:18:08	TASTEGGIO	0	0	7600	52250	165852	224	-35	0.26	0.26	0	
15/07/2011 08:18:27	TASTEGGIO	0	1	7600	52250	165859	156	-9	0.19	0.19	0	
15/07/2011 08:18:45	TASTEGGIO	0	2	7600	52250	165859	175	-6	0.14	0.14	0	
15/07/2011 08:19:04	TASTEGGIO	0	3	7600	52250	165859	192	-18	0.05	0.05	0	
15/07/2011 08:19:15	TASTEGGIO	0	3	7600	52250	121396	192	-18	0.05	0.06	-44500	
15/07/2011 08:21:15	TASTEGGIO	0	3	7600	52249	121483	192	-18	0.17	0.17	0	
15/07/2011 08:21:39	TASTEGGIO	1	0	7600	52249	121492	233	-52	0.40	0.40	0	
15/07/2011 08:21:58	TASTEGGIO	0	1	7600	52249	121495	138	-3	0.36	0.36	0	
15/07/2011 08:22:20	TASTEGGIO	0	2	7600	52249	121497	202	-22	0.21	0.21	0	
15/07/2011 08:22:41	TASTEGGIO	0	3	7600	52249	121498	223	-42	0.25	0.25	0	
15/07/2011 08:23:02	TASTEGGIO	0	1	7600	52249	121499	193	-19	0.12	0.12	0	
15/07/2011 08:23:10	TASTEGGIO	0	1	7600	52249	121476	193	-19	0.11	0.11	0	
15/07/2011 08:23:34	TASTEGGIO	1	0	7600	52249	121487	225	-18	0.14	0.14	0	
15/07/2011 08:23:55	TASTEGGIO	0	1	7600	52249	121488	207	-26	0.15	0.15	0	
15/07/2011 08:24:16	TASTEGGIO	0	1	7600	52249	121489	190	-21	0.13	0.13	0	
15/07/2011 08:24:37	TASTEGGIO	0	1	7600	52249	121490	178	-6	0.08	0.08	0	
15/07/2011 08:24:45	TASTEGGIO	0	1	7600	52249	121474	178	-6	0.08	0.09	-24500	
15/07/2011 08:26:44	TASTEGGIO	0	1	7600	52249	121388	178	-6	0.15	0.27	44500	
15/07/2011 08:27:09	TASTEGGIO	1	0	7600	52249	76929	246	-25	0.05	0.05	0	
15/07/2011 08:27:19	TASTEGGIO	1	0	7600	52249	121265	246	-25	0.19	0.32	-44500	
15/07/2011 08:27:45	TASTEGGIO	1	0	7600	52249	165679	252	-50	0.20	0.20	0	
15/07/2011 08:28:05	TASTEGGIO	0	1	7600	52249	165689	239	-59	0.42	0.42	0	
15/07/2011 08:28:24	TASTEGGIO	0	1	7600	52249	165702	150	-6	0.35	0.35	0	
15/07/2011 08:28:44	TASTEGGIO	0	2	7600	52249	165710	208	-15	0.22	0.22	0	
15/07/2011 08:29:06	TASTEGGIO	0	3	7600	52249	165717	231	-23	0.17	0.17	0	
15/07/2011 08:29:26	TASTEGGIO	0	1	7600	52249	165723	217	-15	0.04	0.04	0	
15/07/2011 08:29:37	TASTEGGIO	0	1	7600	52249	121385	217	-15	0.08	0.13	44500	
15/07/2011 08:30:02	TASTEGGIO	1	0	7600	52249	76927	228	-18	0.11	0.11	0	
15/07/2011 08:30:23	TASTEGGIO	0	1	7600	52249	76923	218	-26	0.33	0.33	0	
15/07/2011 08:30:42	TASTEGGIO	0	1	7600	52249	76915	119	-2	0.31	0.31	0	
15/07/2011 08:31:01	TASTEGGIO	0	1	7600	52249	76910	206	-3	0.28	0.28	0	
15/07/2011 08:31:22	TASTEGGIO	0	1	7600	52249	76908	281	-27	0.05	0.05	0	
15/07/2011 08:31:32	TASTEGGIO	0	1	7600	52249	121264	281	-27	0.10	0.10	-44500	
15/07/2011 08:33:34	TASTEGGIO	0	1	7600	52249	121288	281	-27	0.16	0.19	-24500	
15/07/2011 08:33:59	TASTEGGIO	1	0	7600	52249	145714	236	-56	0.42	0.42	0	
15/07/2011 08:34:19	TASTEGGIO	0	1	7600	52249	145727	143	-7	0.35	0.35	0	
15/07/2011 08:34:40	TASTEGGIO	0	2	7600	52249	145738	201	-26	0.18	0.18	0	
15/07/2011 08:35:01	TASTEGGIO	0	3	7600	52249	145747	217	-43	0.30	0.30	0	
15/07/2011 08:35:21	TASTEGGIO	0	1	7600	52249	145753	166	-10	0.23	0.23	0	
15/07/2011 08:35:42	TASTEGGIO	0	2	7600	52249	145759	190	-18	0.11	0.11	0	
15/07/2011 08:35:52	TASTEGGIO	0	2	7600	52249	121279	190	-18	0.09	0.12	-44500	
15/07/2011 08:36:16	TASTEGGIO	1	0	7600	52249	165683	227	-41	0.33	0.33	0	
15/07/2011 08:36:36	TASTEGGIO	0	1	7600	52249	165693	136	-8	0.26	0.26	0	
15/07/2011 08:36:55	TASTEGGIO	0	2	7600	52249	165701	164	-10	0.19	0.19	0	
15/07/2011 08:37:15	TASTEGGIO	0	3	7600	52249	165709	188	-19	0.10	0.10	0	
15/07/2011 08:37:25	TASTEGGIO	0	3	7600	52249	121273	188	-19	0.09	0.11	-24500	
15/07/2011 08:37:28	ALARM 401		
15/07/2011 08:37:45	TASTEGGIO	0	3	7600	52250	121273	188	-19	0.09	0.11	-24500	
15/07/2011 08:39:44	TASTEGGIO	0	3	7600	52249	121283	188	-19	0.22	0.22	-44500	
15/07/2011 08:40:08	TASTEGGIO	1	0	7600	52249	165691	240	-49	0.33	0.33	0	
15/07/2011 08:40:28	TASTEGGIO	0	1	7600	52249	165701	190	-21	0.13	0.13	0	
15/07/2011 08:40:39	TASTEGGIO	0	1	7600	52249	121288	190	-21	0.10	0.14	-44500	
15/07/2011 08:41:04	TASTEGGIO	1	0	7600	52249	165694	229	-35	0.25	0.25	0	
15/07/2011 08:41:24	TASTEGGIO	0	1	7600	52249	165704	184	-19	0.12	0.12	0	
15/07/2011 08:41:45	TASTEGGIO	0	0	7600	52249	165713	227	-16	0.08	0.08	0	
15/07/2011 08:41:55	TASTEGGIO	0	0	7600	52249	121280	227	-16	0.07	0.08	-24500	
15/07/2011 08:43:52	TASTEGGIO	0	0	7600	52249	121289	227	-16	0.13	0.19	-44500	
15/07/2011 08:44:17	TASTEGGIO	1	0	7600	52249	165697	236	-49	0.35	0.35	0	
15/07/2011 08:44:37	TASTEGGIO	0	1	7600	52249	165709	171	-16	0.19	0.19	0	
15/07/2011 08:44:58	TASTEGGIO	0	2	7600	52249	165721	185	-11	0.13	0.13	0	
15/07/2011 08:45:08	TASTEGGIO	0	2	7600	52249	121277	185	-11	0.11	0.12	-24500	
15/07/2011 08:45:11	ALARM 401		
15/07/2011 08:45:27	TASTEGGIO	0	2	7600	52249	121275	185	-11	0.11	0.13	-44500	
15/07/2011 08:45:53	TASTEGGIO	1	0	7600	52249	165687	228	-46	0.32	0.32	0	
15/07/2011 08:46:12	TASTEGGIO	0	1	7600	52249	165697	149	-8	0.26	0.26	0	
15/07/2011 08:46:32	TASTEGGIO	0	2	7600	52249	165706	191	-13	0.16	0.16	0	
15/07/2011 08:46:53	TASTEGGIO	0	3	7600	52249	165714	208	-10	0.12	0.12	0	
15/07/2011 08:47:04	TASTEGGIO	0	3	7600	52249	121271	208	-10	0.10	0.12	-44500	
15/07/2011 08:49:01	TASTEGGIO	0	3	7600	52249	121282	208	-10	0.12	0.14	-44500	
15/07/2011 08:49:26	TASTEGGIO	1	0	7600	52249	165689	229	-45	0.35	0.35	0	
15/07/2011 08:49:44	TASTEGGIO	0	1	7600	52249	165700	141	-8	0.26	0.26	0	
15/07/2011 08:50:03	TASTEGGIO	0	2	7600	52249	165708	168	-11	0.16	0.16	0	
15/07/2011 08:50:24	TASTEGGIO	0	3	7600	52249	165716	185	-13	0.13	0.13	0	
15/07/2011 08:50:44	TASTEGGIO	0	4	7600	52249	165724	227	-41	0.29	0.29	0	
15/07/2011 08:51:04	TASTEGGIO	0	1	7600	52249	165731	162	-7	0.22	0.22	0	
15/07/2011 08:51:25	TASTEGGIO	0	2	7600	52249	165731	185	-6	0.19	0.19	0	
15/07/2011 08:51:46	TASTEGGIO	0	3	7600	52249	165731	234	-38	0.19	0.19	0	
15/07/2011 08:52:07	TASTEGGIO	0	1	7600	52249	165731	215	-26	0.08	0.08	0	
15/07/2011 08:52:17	TASTEGGIO	0	1	7600	52249	121285	215	-26	0.05	0.08	-44500	
15/07/2011 08:54:18	TASTEGGIO	0	1	7600	52249	121388	215	-26	0.08	0.11	44500	
15/07/2011 08:55:27	ALARM 17	proc 12 prog 10 step 47	LavoroTerminato
15/07/2011 09:06:13	TASTEGGIO	0	1	7000	49897	93276	215	-26	0.08	0.12	-44500	
15/07/2011 09:06:35	TASTEGGIO	1	0	7000	49897	137746	227	-4	0.10	0.10	0	
15/07/2011 09:06:54	TASTEGGIO	0	1	7000	49897	137752	235	-3	0.07	0.07	0	
15/07/2011 09:07:04	TASTEGGIO	0	1	7000	49897	93396	235	-3	0.05	0.07	-44500	
15/07/2011 09:09:05	TASTEGGIO	0	1	7000	49897	93270	235	-3	0.28	0.39	-44500	
15/07/2011 09:09:29	TASTEGGIO	1	0	7000	49897	137745	261	-7	0.31	0.31	0	
15/07/2011 09:09:48	TASTEGGIO	0	1	7000	49897	137749	285	-6	0.26	0.26	0	
15/07/2011 09:10:10	TASTEGGIO	0	2	7000	49897	137751	328	-13	0.13	0.13	0	
15/07/2011 09:10:20	TASTEGGIO	0	2	7000	49897	93294	328	-13	0.10	0.13	-24500	
15/07/2011 09:10:44	TASTEGGIO	1	0	7000	49897	117769	228	-4	0.09	0.09	0	
15/07/2011 09:10:54	TASTEGGIO	1	0	7000	49897	93294	228	-4	0.07	0.10	-24500	
15/07/2011 09:11:18	TASTEGGIO	1	0	7000	49897	117770	224	-1	0.09	0.09	0	
15/07/2011 09:11:27	TASTEGGIO	1	0	7000	49897	93286	224	-1	0.07	0.09	-44500	
15/07/2011 09:12:40	ALARM 3	proc 12 prog 31 step 36	Tondo non presente su rulliera
15/07/2011 09:20:07	TASTEGGIO	1	0	7000	49897	93277	224	-1	0.12	0.12	0	
15/07/2011 09:20:29	TASTEGGIO	1	0	7000	49897	93295	227	-5	0.08	0.08	0	
15/07/2011 09:20:36	TASTEGGIO	1	0	7000	49897	93275	227	-5	0.08	0.08	0	
15/07/2011 09:22:35	TASTEGGIO	1	0	7000	49897	93275	227	-5	0.10	0.15	-44500	
15/07/2011 09:22:58	TASTEGGIO	1	0	7000	49897	137746	231	-6	0.14	0.14	0	
15/07/2011 09:23:09	TASTEGGIO	1	0	7000	49897	93291	231	-6	0.08	0.11	-44500	
15/07/2011 09:23:32	TASTEGGIO	1	0	7000	49897	137772	225	-3	0.08	0.08	0	
15/07/2011 09:23:43	TASTEGGIO	1	0	7000	49897	93290	225	-3	0.06	0.09	-44500	
15/07/2011 09:24:56	ALARM 3	proc 12 prog 31 step 36	Tondo non presente su rulliera
15/07/2011 09:28:53	TASTEGGIO	1	0	7000	49897	93274	225	-3	0.17	0.17	-24500	
15/07/2011 09:29:17	TASTEGGIO	1	0	7000	49897	117763	233	-5	0.13	0.13	0	
15/07/2011 09:29:27	TASTEGGIO	1	0	7000	49897	93283	233	-5	0.09	0.14	-44500	
15/07/2011 09:29:50	TASTEGGIO	1	0	7000	49897	137765	229	-3	0.10	0.10	0	
15/07/2011 09:30:09	TASTEGGIO	0	1	7000	49897	137765	236	-2	0.08	0.08	0	
15/07/2011 09:30:20	TASTEGGIO	0	1	7000	49897	93289	236	-2	0.05	0.09	-24500	
15/07/2011 09:32:20	TASTEGGIO	0	1	7000	49897	93273	236	-2	0.15	0.15	0	
15/07/2011 09:32:43	TASTEGGIO	1	0	7000	49897	93282	231	-5	0.08	0.08	0	
15/07/2011 09:32:51	TASTEGGIO	1	0	7000	49897	93263	231	-5	0.11	0.12	44500	
15/07/2011 09:33:14	TASTEGGIO	1	0	7000	49897	48806	227	-1	0.12	0.12	0	
15/07/2011 09:33:32	TASTEGGIO	0	1	7000	49897	48803	251	-3	0.09	0.09	0	
15/07/2011 09:33:42	TASTEGGIO	0	1	7000	49897	93115	251	-3	0.06	0.10	44500	
15/07/2011 09:34:05	TASTEGGIO	1	0	7000	49897	48645	224	-2	0.10	0.10	0	
15/07/2011 09:34:23	TASTEGGIO	0	1	7000	49897	48644	244	-2	0.10	0.10	0	
15/07/2011 09:34:43	TASTEGGIO	0	1	7000	49897	48643	274	-4	0.08	0.08	0	
15/07/2011 09:34:53	TASTEGGIO	0	1	7000	49897	93130	274	-4	0.04	0.09	44500	
15/07/2011 09:36:04	ALARM 3	proc 12 prog 31 step 36	Tondo non presente su rulliera
15/07/2011 09:38:06	TASTEGGIO	0	1	7000	49897	93268	274	-4	0.11	0.11	0	
15/07/2011 09:38:28	TASTEGGIO	1	0	7000	49897	93277	225	-5	0.06	0.06	0	
15/07/2011 09:38:36	TASTEGGIO	1	0	7000	49897	93260	225	-5	0.06	0.07	24500	
15/07/2011 09:40:37	TASTEGGIO	1	0	7000	49897	93264	225	-5	0.10	0.10	0	
15/07/2011 09:41:00	TASTEGGIO	1	0	7000	49897	93274	224	-5	0.06	0.06	0	
15/07/2011 09:41:07	TASTEGGIO	1	0	7000	49897	93256	224	-5	0.04	0.05	44500	
15/07/2011 09:42:21	ALARM 3	proc 12 prog 31 step 36	Tondo non presente su rulliera
15/07/2011 09:43:50	TASTEGGIO	1	0	7000	49897	93370	224	-5	0.04	0.06	-24500	
15/07/2011 09:45:48	TASTEGGIO	1	0	7000	49897	93266	224	-5	0.23	0.33	24500	
15/07/2011 09:46:12	TASTEGGIO	1	0	7000	49897	68811	254	-6	0.28	0.28	0	
15/07/2011 09:46:32	TASTEGGIO	0	1	7000	49897	68805	277	-4	0.26	0.26	0	
15/07/2011 09:46:54	TASTEGGIO	0	1	7000	49897	68799	349	-22	0.10	0.10	0	
15/07/2011 09:47:04	TASTEGGIO	0	1	7000	49897	93149	349	-22	0.06	0.13	44500	
15/07/2011 09:47:27	TASTEGGIO	1	0	7000	49897	48669	228	-2	0.14	0.14	0	
15/07/2011 09:47:46	TASTEGGIO	0	1	7000	49897	48668	258	-2	0.13	0.13	0	
15/07/2011 09:48:07	TASTEGGIO	0	1	7000	49897	48668	294	-6	0.10	0.10	0	
15/07/2011 09:48:27	TASTEGGIO	0	2	7000	49897	48668	304	-5	0.05	0.05	0	
15/07/2011 09:48:37	TASTEGGIO	0	2	7000	49897	93130	304	-5	0.03	0.08	-44500	
15/07/2011 09:50:36	TASTEGGIO	0	2	7000	49897	93276	304	-5	0.17	0.29	44500	
15/07/2011 09:50:59	TASTEGGIO	1	0	7000	49897	48807	249	-3	0.29	0.29	0	
15/07/2011 09:51:20	TASTEGGIO	0	1	7000	49897	48804	307	-6	0.22	0.22	0	
15/07/2011 09:51:40	TASTEGGIO	0	2	7000	49897	48802	330	-7	0.17	0.17	0	
15/07/2011 09:52:02	TASTEGGIO	0	3	7000	49897	48803	352	-7	0.10	0.10	0	
15/07/2011 09:52:12	TASTEGGIO	0	3	7000	49897	93121	352	-7	0.04	0.10	44500	
15/07/2011 09:52:35	TASTEGGIO	1	0	7000	49897	48642	224	-2	0.10	0.10	0	
15/07/2011 09:52:55	TASTEGGIO	0	1	7000	49897	48642	244	-2	0.12	0.12	0	
15/07/2011 09:53:15	TASTEGGIO	0	1	7000	49897	48642	286	-1	0.10	0.10	0	
15/07/2011 09:53:35	TASTEGGIO	0	2	7000	49897	48642	302	-5	0.09	0.09	0	
15/07/2011 09:53:46	TASTEGGIO	0	2	7000	49897	93115	302	-5	0.06	0.09	44500	
15/07/2011 09:55:41	TASTEGGIO	0	2	7000	49897	93185	302	-5	0.17	0.26	-44500	
15/07/2011 09:56:04	TASTEGGIO	1	0	7000	49897	137649	245	-9	0.29	0.29	0	
15/07/2011 09:56:25	TASTEGGIO	0	1	7000	49897	137655	309	-17	0.13	0.13	0	
15/07/2011 09:56:35	TASTEGGIO	0	1	7000	49897	93190	309	-17	0.12	0.16	-24500	
15/07/2011 09:56:59	TASTEGGIO	1	0	7000	49897	117675	232	-5	0.12	0.12	0	
15/07/2011 09:57:09	TASTEGGIO	1	0	7000	49897	93187	232	-5	0.09	0.12	-24500	
15/07/2011 09:57:33	TASTEGGIO	1	0	7000	49897	117672	227	-1	0.11	0.11	0	
15/07/2011 09:57:53	TASTEGGIO	0	1	7000	49897	117672	247	-4	0.07	0.07	0	
15/07/2011 09:58:02	TASTEGGIO	0	1	7000	49897	93190	247	-4	0.05	0.08	-24500	
15/07/2011 09:59:17	ALARM 3	proc 12 prog 31 step 36	Tondo non presente su rulliera
15/07/2011 10:04:32	TASTEGGIO	0	1	7000	49897	93265	247	-4	0.07	0.09	-44500	
15/07/2011 10:06:30	TASTEGGIO	0	1	7000	49897	93181	247	-4	0.04	0.10	-44500	
15/07/2011 10:06:52	TASTEGGIO	1	0	7000	49897	137657	224	-4	0.05	0.05	0	
15/07/2011 10:07:02	TASTEGGIO	1	0	7000	49897	93191	224	-4	0.02	0.06	44500	
15/07/2011 10:08:58	TASTEGGIO	1	0	7000	49897	93335	224	-4	0.05	0.06	24500	
15/07/2011 10:10:55	TASTEGGIO	1	0	7000	49897	93273	224	-4	0.09	0.14	-24500	
15/07/2011 10:11:20	TASTEGGIO	1	0	7000	49897	117762	229	-7	0.11	0.11	0	
15/07/2011 10:11:40	TASTEGGIO	0	1	7000	49897	117763	237	-5	0.05	0.05	0	
15/07/2011 10:11:49	TASTEGGIO	0	1	7000	49897	93287	237	-5	0.03	0.04	44500	
15/07/2011 10:13:46	TASTEGGIO	0	1	7000	49897	93378	237	-5	0.09	0.13	-44500	
15/07/2011 10:14:10	TASTEGGIO	1	0	7000	49897	137847	228	-4	0.09	0.09	0	
15/07/2011 10:14:21	TASTEGGIO	1	0	7000	49897	93388	228	-4	0.07	0.09	-44500	
15/07/2011 10:16:17	TASTEGGIO	1	0	7000	49896	93275	228	-4	0.06	0.06	0	
15/07/2011 10:18:12	TASTEGGIO	1	0	7000	49897	93376	228	-4	0.06	0.13	44500	
15/07/2011 10:18:36	TASTEGGIO	1	0	7000	49897	48939	228	-3	0.13	0.13	0	
15/07/2011 10:18:56	TASTEGGIO	0	1	7000	49897	48931	254	-2	0.11	0.11	0	
15/07/2011 10:19:15	TASTEGGIO	0	2	7000	49897	48925	272	-3	0.09	0.09	0	
15/07/2011 10:19:26	TASTEGGIO	0	2	7000	49897	93214	272	-3	0.06	0.10	24500	
15/07/2011 10:19:49	TASTEGGIO	1	0	7000	49897	68750	224	-3	0.07	0.07	0	
15/07/2011 10:19:59	TASTEGGIO	1	0	7000	49897	93215	224	-3	0.05	0.07	24500	
15/07/2011 10:21:53	TASTEGGIO	1	0	7000	49897	93276	224	-3	0.08	0.09	-24500	
15/07/2011 10:23:06	ALARM 17	proc 12 prog 10 step 47	LavoroTerminato
15/07/2011 14:11:19	TASTEGGIO	1	0	6300	47153	120478	224	-3	0.21	0.21	0	
15/07/2011 14:11:43	TASTEGGIO	1	0	6300	47153	120495	238	-26	0.09	0.09	0	
15/07/2011 14:11:50	TASTEGGIO	1	0	6300	47153	120477	238	-26	0.08	0.08	0	
15/07/2011 14:13:50	TASTEGGIO	1	0	6300	47153	120480	238	-26	0.13	0.18	44500	
15/07/2011 14:14:16	TASTEGGIO	1	0	6300	47153	76044	234	-12	0.06	0.06	0	
15/07/2011 14:14:26	TASTEGGIO	1	0	6300	47153	120362	234	-12	0.09	0.19	-44500	
15/07/2011 14:14:52	TASTEGGIO	1	0	6300	47153	164738	236	-31	0.10	0.10	0	
15/07/2011 14:15:03	TASTEGGIO	1	0	6300	47153	120473	236	-31	0.13	0.19	44500	
15/07/2011 14:15:29	TASTEGGIO	1	0	6300	47153	76033	236	-7	0.11	0.11	0	
15/07/2011 14:15:39	TASTEGGIO	1	0	6300	47153	120360	236	-7	0.09	0.14	44500	
15/07/2011 14:16:04	TASTEGGIO	1	0	6300	47153	75920	229	-1	0.10	0.10	0	
15/07/2011 14:16:26	TASTEGGIO	0	1	6300	47153	75909	236	-2	0.09	0.09	0	
15/07/2011 14:16:37	TASTEGGIO	0	1	6300	47153	120346	236	-2	0.06	0.10	44500	
15/07/2011 14:17:02	TASTEGGIO	1	0	6300	47153	75896	224	-1	0.09	0.09	0	
15/07/2011 14:17:12	TASTEGGIO	1	0	6300	47153	120349	224	-1	0.08	0.10	44500	
15/07/2011 14:17:37	TASTEGGIO	1	0	6300	47153	75902	224	0	0.10	0.10	0	
15/07/2011 14:18:00	TASTEGGIO	0	1	6300	47153	75890	244	-3	0.07	0.07	0	
15/07/2011 14:18:10	TASTEGGIO	0	1	6300	47153	120347	244	-3	0.04	0.08	44500	
15/07/2011 14:20:14	TASTEGGIO	0	1	6300	47153	120587	244	-3	0.05	0.05	0	
15/07/2011 14:22:14	TASTEGGIO	0	1	6300	47153	120483	244	-3	0.03	0.08	24500	
15/07/2011 14:24:16	TASTEGGIO	0	1	6300	47153	120586	244	-3	0.11	0.11	-24500	
15/07/2011 14:24:42	TASTEGGIO	1	0	6300	47153	145020	225	-30	0.15	0.15	0	
15/07/2011 14:25:03	TASTEGGIO	0	1	6300	47153	145028	204	-24	0.10	0.10	0	
15/07/2011 14:25:24	TASTEGGIO	0	1	6300	47153	145034	197	-17	0.09	0.09	0	
15/07/2011 14:25:34	TASTEGGIO	0	1	6300	47153	120573	197	-17	0.10	0.10	0	
15/07/2011 14:25:58	TASTEGGIO	1	0	6300	47153	120579	224	-27	0.15	0.15	0	
15/07/2011 14:26:20	TASTEGGIO	0	1	6300	47153	120581	201	-19	0.05	0.05	0	
15/07/2011 14:26:28	TASTEGGIO	0	1	6300	47153	120576	201	-19	0.05	0.05	0	
15/07/2011 14:28:31	TASTEGGIO	0	1	6300	47153	120478	201	-19	0.04	0.07	44500	
15/07/2011 14:30:33	TASTEGGIO	0	1	6300	47153	120485	201	-19	0.23	0.24	-24500	
15/07/2011 14:30:58	TASTEGGIO	1	0	6300	47153	144920	242	-31	0.09	0.09	0	
15/07/2011 14:31:08	TASTEGGIO	1	0	6300	47153	120474	242	-31	0.08	0.09	44500	
15/07/2011 14:33:09	TASTEGGIO	1	0	6300	47153	120591	242	-31	0.06	0.10	44500	
15/07/2011 14:33:35	TASTEGGIO	1	0	6300	47153	76147	224	-11	0.01	0.01	0	
15/07/2011 14:33:45	TASTEGGIO	1	0	6300	47153	120469	224	-11	0.03	0.03	-24500	
15/07/2011 14:35:44	TASTEGGIO	1	0	6300	47153	120593	224	-11	0.04	0.08	44500	
15/07/2011 14:37:46	TASTEGGIO	1	0	6300	47153	120487	224	-11	0.03	0.05	-44500	
15/07/2011 14:39:47	TASTEGGIO	1	0	6300	47153	120588	224	-11	0.10	0.12	-44500	
15/07/2011 14:40:13	TASTEGGIO	1	0	6300	47153	164919	227	-28	0.16	0.16	0	
15/07/2011 14:40:33	TASTEGGIO	0	1	6300	47153	164920	205	-21	0.05	0.05	0	
15/07/2011 14:40:43	TASTEGGIO	0	1	6300	47153	120580	205	-21	0.08	0.08	0	
15/07/2011 14:42:44	TASTEGGIO	0	1	6300	47153	120482	205	-21	0.12	0.15	24500	
15/07/2011 14:43:09	TASTEGGIO	1	0	6300	47153	96002	231	-25	0.10	0.10	0	
15/07/2011 14:43:19	TASTEGGIO	1	0	6300	47153	120358	231	-25	0.08	0.11	24500	
15/07/2011 14:43:44	TASTEGGIO	1	0	6300	47153	95894	225	-27	0.17	0.17	0	
15/07/2011 14:44:05	TASTEGGIO	0	1	6300	47153	95890	198	-12	0.06	0.06	0	
15/07/2011 14:44:15	TASTEGGIO	0	1	6300	47153	120357	198	-12	0.07	0.08	-44500	
15/07/2011 14:46:34	TASTEGGIO	0	1	6300	47153	120587	198	-12	0.07	0.07	0	
15/07/2011 14:48:35	TASTEGGIO	0	1	6300	47153	120592	198	-12	0.04	0.07	-44500	
15/07/2011 14:50:36	TASTEGGIO	0	1	6300	47153	120588	198	-12	0.05	0.05	-44500	
15/07/2011 14:52:36	TASTEGGIO	0	1	6300	47153	120582	198	-12	0.10	0.12	-44500	
15/07/2011 14:53:01	TASTEGGIO	1	0	6300	47153	164906	227	-26	0.12	0.12	0	
15/07/2011 14:53:22	TASTEGGIO	0	1	6300	47153	164907	215	-24	0.12	0.12	0	
15/07/2011 14:53:43	TASTEGGIO	0	1	6300	47153	164907	203	-11	0.02	0.02	0	
15/07/2011 14:53:53	TASTEGGIO	0	1	6300	47153	120547	203	-11	0.02	0.03	44500	
15/07/2011 14:55:55	TASTEGGIO	0	1	6300	47153	120589	203	-11	0.04	0.11	44500	
15/07/2011 14:56:20	TASTEGGIO	1	0	6300	47153	76146	225	-11	0.07	0.07	0	
15/07/2011 14:56:31	TASTEGGIO	1	0	6300	47153	120469	225	-11	0.03	0.07	44500	
15/07/2011 14:57:43	ALARM 17	proc 12 prog 10 step 47	LavoroTerminato
15/07/2011 15:30:19	TASTEGGIO	1	0	8000	53817	77481	225	-11	0.06	0.06	24500	
15/07/2011 15:32:17	TASTEGGIO	1	0	8000	53817	77675	225	-11	0.09	0.10	-24500	
15/07/2011 15:32:40	TASTEGGIO	1	0	8000	53817	102171	224	-1	0.08	0.08	0	
15/07/2011 15:32:50	TASTEGGIO	1	0	8000	53817	77692	224	-1	0.09	0.09	0	
15/07/2011 15:34:45	TASTEGGIO	1	0	8000	53817	77675	224	-1	0.55	0.55	0	
15/07/2011 15:35:06	TASTEGGIO	1	0	8000	53817	77692	282	-1	0.53	0.53	0	
15/07/2011 15:35:26	TASTEGGIO	0	1	8000	53817	77691	384	-12	0.42	0.42	0	
15/07/2011 15:35:46	TASTEGGIO	0	2	8000	53817	77689	400	-6	0.37	0.37	0	
15/07/2011 15:36:06	TASTEGGIO	0	3	8000	53817	77688	400	-2	0.34	0.34	0	
15/07/2011 15:36:26	TASTEGGIO	0	1	8000	53817	77686	400	-2	0.33	0.33	0	
15/07/2011 15:36:48	TASTEGGIO	0	1	8000	53817	77684	400	-1	0.32	0.32	0	
15/07/2011 15:37:09	TASTEGGIO	0	1	8000	53817	77685	400	-1	0.31	0.31	0	
15/07/2011 15:37:30	TASTEGGIO	0	1	8000	53817	77685	400	-1	0.31	0.31	0	
15/07/2011 15:37:51	TASTEGGIO	0	1	8000	53817	77685	400	-1	0.30	0.30	0	
15/07/2011 15:38:11	TASTEGGIO	0	1	8000	53817	77685	400	-1	0.30	0.30	0	
15/07/2011 15:38:33	TASTEGGIO	0	1	8000	53817	77685	400	-1	0.29	0.29	0	
15/07/2011 15:38:55	TASTEGGIO	0	1	8000	53817	77685	400	-1	0.28	0.28	0	
15/07/2011 15:39:16	TASTEGGIO	0	1	8000	53817	77685	400	0	0.28	0.28	0	
15/07/2011 15:39:38	TASTEGGIO	0	1	8000	53817	77685	400	-1	0.28	0.28	0	
15/07/2011 15:39:58	TASTEGGIO	0	1	8000	53817	77685	400	0	0.28	0.28	0	
15/07/2011 15:40:18	TASTEGGIO	0	1	8000	53817	77685	400	-1	0.27	0.27	0	
15/07/2011 15:40:40	TASTEGGIO	0	1	8000	53817	77685	400	0	0.27	0.27	0	
15/07/2011 15:41:00	TASTEGGIO	0	1	8000	53817	77685	400	-1	0.28	0.28	0	
15/07/2011 15:41:22	TASTEGGIO	0	1	8000	53817	77685	400	-1	0.27	0.27	0	
15/07/2011 15:41:42	TASTEGGIO	0	1	8000	53817	77685	400	0	0.27	0.27	0	
15/07/2011 15:42:02	TASTEGGIO	0	1	8000	53817	77685	400	0	0.26	0.26	0	
15/07/2011 15:42:24	TASTEGGIO	0	1	8000	53817	77685	400	0	0.26	0.26	0	
15/07/2011 15:42:25	ALARM 401		
15/07/2011 15:42:40	TASTEGGIO	0	1	8000	53817	77649	400	0	0.26	0.30	24500	
15/07/2011 15:43:10	TASTEGGIO	0	1	8000	53817	53177	426	-18	0.13	0.13	0	
15/07/2011 15:43:24	TASTEGGIO	0	1	8000	53817	77546	426	-18	0.13	0.16	-24500	
15/07/2011 15:43:43	TASTEGGIO	0	1	8000	53817	77692	426	-18	0.13	0.15	-24500	
15/07/2011 15:44:05	TASTEGGIO	1	0	8000	53817	102176	231	0	0.15	0.15	0	
15/07/2011 15:44:25	TASTEGGIO	0	1	8000	53817	102180	261	-1	0.14	0.14	0	
15/07/2011 15:44:35	TASTEGGIO	0	1	8000	53817	77687	261	-1	0.12	0.15	-24500	
15/07/2011 15:44:58	TASTEGGIO	1	0	8000	53817	102170	231	0	0.14	0.14	0	
15/07/2011 15:45:02	ALARM 401		
15/07/2011 15:45:05	ALARM 201		err.6059
15/07/2011 15:45:17	TASTEGGIO	1	0	8000	53817	77691	231	0	0.12	0.15	-24500	
15/07/2011 15:45:45	TASTEGGIO	1	0	8000	53817	102164	310	-4	0.10	0.10	0	
15/07/2011 15:46:03	TASTEGGIO	1	0	8000	53817	77686	310	-4	0.09	0.11	24500	
15/07/2011 15:46:21	TASTEGGIO	1	0	8000	53817	77539	310	-4	0.09	0.11	24500	
15/07/2011 15:48:14	TASTEGGIO	1	0	8000	53817	77476	310	-4	0.13	0.16	24500	
15/07/2011 15:48:36	TASTEGGIO	1	0	8000	53817	52996	232	0	0.17	0.17	0	
15/07/2011 15:48:54	TASTEGGIO	0	1	8000	53817	52996	268	-1	0.16	0.16	0	
15/07/2011 15:49:14	TASTEGGIO	0	1	8000	53817	52993	313	-2	0.14	0.14	0	
15/07/2011 15:49:24	TASTEGGIO	0	1	8000	53817	77349	313	-2	0.11	0.14	24500	
15/07/2011 15:49:45	TASTEGGIO	1	0	8000	53817	52864	229	-1	0.13	0.13	0	
15/07/2011 15:50:04	TASTEGGIO	0	1	8000	53817	52863	253	0	0.14	0.14	0	
15/07/2011 15:50:23	TASTEGGIO	0	1	8000	53817	52863	298	0	0.14	0.14	0	
15/07/2011 15:50:44	TASTEGGIO	0	1	8000	53817	52861	340	-3	0.11	0.11	0	
15/07/2011 15:51:04	TASTEGGIO	0	2	8000	53817	52857	352	-4	0.06	0.06	0	
15/07/2011 15:51:14	TASTEGGIO	0	2	8000	53817	77354	352	-4	0.06	0.08	24500	
15/07/2011 15:53:12	TASTEGGIO	0	2	8000	53817	77771	352	-4	0.16	0.16	0	
15/07/2011 15:53:32	TASTEGGIO	1	0	8000	53817	77782	232	-2	0.15	0.15	0	
15/07/2011 15:53:51	TASTEGGIO	0	1	8000	53817	77781	260	-2	0.14	0.14	0	
15/07/2011 15:53:59	TASTEGGIO	0	1	8000	53817	77753	260	-2	0.14	0.14	0	
15/07/2011 15:54:19	TASTEGGIO	1	0	8000	53817	77766	229	0	0.14	0.14	0	
15/07/2011 15:54:39	TASTEGGIO	0	1	8000	53817	77764	257	0	0.14	0.14	0	
15/07/2011 15:54:58	TASTEGGIO	0	1	8000	53817	77763	299	-3	0.10	0.10	0	
15/07/2011 15:55:17	TASTEGGIO	0	2	8000	53817	77761	309	-2	0.10	0.10	0	
15/07/2011 15:55:38	TASTEGGIO	0	1	8000	53817	77759	349	-9	0.02	0.02	0	
15/07/2011 15:55:46	TASTEGGIO	0	1	8000	53817	77734	349	-9	0.02	0.03	-24500	
15/07/2011 15:57:41	TASTEGGIO	0	1	8000	53817	77578	349	-9	0.18	0.18	0	
15/07/2011 15:58:01	TASTEGGIO	1	0	8000	53817	77588	234	-1	0.17	0.17	0	
15/07/2011 15:58:20	TASTEGGIO	0	1	8000	53817	77586	266	-2	0.16	0.16	0	
15/07/2011 15:58:40	TASTEGGIO	0	1	8000	53817	77585	311	-5	0.10	0.10	0	
15/07/2011 15:58:48	TASTEGGIO	0	1	8000	53817	77557	311	-5	0.10	0.11	24500	
15/07/2011 15:59:09	TASTEGGIO	1	0	8000	53817	53072	225	-1	0.10	0.10	0	
15/07/2011 15:59:28	TASTEGGIO	0	1	8000	53817	53072	243	0	0.09	0.09	0	
15/07/2011 15:59:37	TASTEGGIO	0	1	8000	53817	77442	243	0	0.10	0.10	24500	
15/07/2011 15:59:59	TASTEGGIO	1	0	8000	53817	52963	224	0	0.11	0.11	0	
15/07/2011 16:00:19	TASTEGGIO	0	1	8000	53817	52962	248	0	0.10	0.10	0	
15/07/2011 16:00:38	TASTEGGIO	0	1	8000	53817	52958	275	-2	0.09	0.09	0	
15/07/2011 16:00:48	TASTEGGIO	0	1	8000	53817	77444	275	-2	0.08	0.09	24500	
15/07/2011 16:02:35	TASTEGGIO	0	1	8000	53817	77366	275	-2	0.07	0.11	-24500	
15/07/2011 16:02:57	TASTEGGIO	1	0	8000	53817	101845	225	-1	0.09	0.09	0	
15/07/2011 16:03:07	TASTEGGIO	1	0	8000	53817	77371	225	-1	0.05	0.10	-24500	
15/07/2011 16:03:30	TASTEGGIO	1	0	8000	53817	101846	224	0	0.09	0.09	0	
15/07/2011 16:03:40	TASTEGGIO	1	0	8000	53817	77374	224	0	0.05	0.10	-24500	
15/07/2011 16:04:03	TASTEGGIO	1	0	8000	53817	101849	224	-1	0.10	0.10	0	
15/07/2011 16:04:21	TASTEGGIO	0	1	8000	53817	101852	244	-1	0.09	0.09	0	
15/07/2011 16:04:31	TASTEGGIO	0	1	8000	53817	77377	244	-1	0.04	0.09	-24500	
15/07/2011 16:06:29	TASTEGGIO	0	1	8000	53817	77474	244	-1	0.07	0.09	-24500	
15/07/2011 16:08:24	TASTEGGIO	0	1	8000	53817	77576	244	-1	0.24	0.27	-24500	
15/07/2011 16:08:46	TASTEGGIO	1	0	8000	53817	102067	246	-1	0.26	0.26	0	
15/07/2011 16:09:05	TASTEGGIO	0	1	8000	53817	102067	296	-2	0.24	0.24	0	
15/07/2011 16:09:25	TASTEGGIO	0	1	8000	53817	102068	362	-9	0.15	0.15	0	
15/07/2011 16:09:47	TASTEGGIO	0	2	8000	53817	102068	375	-5	0.11	0.11	0	
15/07/2011 16:09:57	TASTEGGIO	0	2	8000	53817	77597	375	-5	0.13	0.15	24500	
15/07/2011 16:10:19	TASTEGGIO	1	0	8000	53817	53115	231	0	0.14	0.14	0	
15/07/2011 16:10:28	TASTEGGIO	1	0	8000	53817	77440	231	0	0.13	0.15	24500	
15/07/2011 16:10:50	TASTEGGIO	1	0	8000	53817	52961	231	0	0.14	0.14	0	
15/07/2011 16:11:00	TASTEGGIO	1	0	8000	53817	77441	231	0	0.13	0.16	24500	
15/07/2011 16:11:22	TASTEGGIO	1	0	8000	53817	52962	232	0	0.16	0.16	0	
15/07/2011 16:11:41	TASTEGGIO	0	1	8000	53817	52961	264	-1	0.14	0.14	0	
15/07/2011 16:11:51	TASTEGGIO	0	1	8000	53817	77441	264	-1	0.13	0.14	24500	
15/07/2011 16:12:13	TASTEGGIO	1	0	8000	53817	52962	229	0	0.14	0.14	0	
15/07/2011 16:12:31	TASTEGGIO	0	1	8000	53817	52961	257	0	0.14	0.14	0	
15/07/2011 16:12:52	TASTEGGIO	0	1	8000	53817	52958	299	-1	0.13	0.13	0	
15/07/2011 16:13:13	TASTEGGIO	0	1	8000	53817	52954	335	-2	0.11	0.11	0	
15/07/2011 16:13:34	TASTEGGIO	0	2	8000	53817	52950	353	-2	0.08	0.08	0	
15/07/2011 16:13:44	TASTEGGIO	0	2	8000	53817	77454	353	-2	0.11	0.11	0	
15/07/2011 16:14:04	TASTEGGIO	1	0	8000	53817	77450	225	-1	0.10	0.10	0	
15/07/2011 16:14:24	TASTEGGIO	0	1	8000	53817	77452	243	0	0.10	0.10	0	
15/07/2011 16:14:44	TASTEGGIO	0	1	8000	53817	77453	273	-1	0.09	0.09	0	
15/07/2011 16:14:52	TASTEGGIO	0	1	8000	53817	77467	273	-1	0.09	0.09	0	
15/07/2011 16:16:50	TASTEGGIO	0	1	8000	53817	77673	273	-1	0.19	0.19	0	
15/07/2011 16:17:10	TASTEGGIO	1	0	8000	53817	77689	236	-2	0.18	0.18	0	
15/07/2011 16:17:28	TASTEGGIO	0	1	8000	53817	77687	270	-1	0.17	0.17	0	
15/07/2011 16:17:49	TASTEGGIO	0	1	8000	53817	77684	318	-4	0.13	0.13	0	
15/07/2011 16:17:57	TASTEGGIO	0	1	8000	53817	77650	318	-4	0.13	0.14	24500	
15/07/2011 16:18:19	TASTEGGIO	1	0	8000	53817	53171	229	-1	0.13	0.13	0	
15/07/2011 16:18:37	TASTEGGIO	0	1	8000	53817	53171	253	0	0.13	0.13	0	
15/07/2011 16:18:58	TASTEGGIO	0	1	8000	53817	53169	292	-2	0.11	0.11	0	
15/07/2011 16:19:18	TASTEGGIO	0	2	8000	53817	53163	310	-1	0.11	0.11	0	
15/07/2011 16:19:39	TASTEGGIO	0	1	8000	53817	53158	354	-4	0.07	0.07	0	
15/07/2011 16:19:48	TASTEGGIO	0	1	8000	53817	77546	354	-4	0.08	0.11	-24500	
15/07/2011 16:20:11	TASTEGGIO	1	0	8000	53817	102026	225	0	0.10	0.10	0	
15/07/2011 16:20:31	TASTEGGIO	0	1	8000	53817	102028	243	0	0.09	0.09	0	
15/07/2011 16:20:41	TASTEGGIO	0	1	8000	53817	77696	243	0	0.07	0.09	-24500	
15/07/2011 16:22:38	TASTEGGIO	0	1	8000	53817	77573	243	0	0.09	0.12	24500	
15/07/2011 16:23:00	TASTEGGIO	1	0	8000	53817	53087	227	-1	0.11	0.11	0	
15/07/2011 16:23:19	TASTEGGIO	0	1	8000	53817	53085	247	0	0.10	0.10	0	
15/07/2011 16:23:39	TASTEGGIO	0	1	8000	53817	53084	274	-1	0.09	0.09	0	
15/07/2011 16:23:49	TASTEGGIO	0	1	8000	53817	77441	274	-1	0.07	0.10	24500	
15/07/2011 16:24:11	TASTEGGIO	1	0	8000	53817	52962	224	0	0.09	0.09	0	
15/07/2011 16:24:20	TASTEGGIO	1	0	8000	53817	77440	224	0	0.08	0.11	24500	
15/07/2011 16:24:42	TASTEGGIO	1	0	8000	53817	52962	225	0	0.10	0.10	0	
15/07/2011 16:25:00	TASTEGGIO	0	1	8000	53817	52959	243	0	0.09	0.09	0	
15/07/2011 16:25:10	TASTEGGIO	0	1	8000	53817	77440	243	0	0.08	0.11	24500	
15/07/2011 16:25:32	TASTEGGIO	1	0	8000	53817	52961	225	0	0.10	0.10	0	
15/07/2011 16:25:52	TASTEGGIO	0	1	8000	53817	52960	243	0	0.10	0.10	0	
15/07/2011 16:26:12	TASTEGGIO	0	1	8000	53817	52956	273	0	0.10	0.10	0	
15/07/2011 16:26:31	TASTEGGIO	0	1	8000	53817	52951	303	-1	0.10	0.10	0	
15/07/2011 16:26:53	TASTEGGIO	0	1	8000	53817	52948	333	-3	0.07	0.07	0	
15/07/2011 16:27:02	TASTEGGIO	0	1	8000	53817	77453	333	-3	0.05	0.08	24500	
15/07/2011 16:29:00	TASTEGGIO	0	1	8000	53817	77673	333	-3	0.14	0.14	0	
15/07/2011 16:29:20	TASTEGGIO	1	0	8000	53817	77688	229	-2	0.13	0.13	0	
15/07/2011 16:29:40	TASTEGGIO	0	1	8000	53817	77686	253	-1	0.11	0.11	0	
15/07/2011 16:29:58	TASTEGGIO	0	2	8000	53817	77683	271	-2	0.10	0.10	0	
15/07/2011 16:30:18	TASTEGGIO	0	1	8000	53817	77679	307	-4	0.07	0.07	0	
15/07/2011 16:30:26	TASTEGGIO	0	1	8000	53817	77646	307	-4	0.07	0.07	0	
15/07/2011 16:32:26	TASTEGGIO	0	1	8000	53817	77572	307	-4	0.39	0.40	24500	
15/07/2011 16:32:48	TASTEGGIO	1	0	8000	53817	53084	263	-1	0.39	0.39	0	
15/07/2011 16:33:08	TASTEGGIO	0	1	8000	53817	53083	339	-4	0.35	0.35	0	
15/07/2011 16:33:30	TASTEGGIO	0	2	8000	53817	53080	400	-8	0.26	0.26	0	
15/07/2011 16:33:50	TASTEGGIO	0	3	8000	53817	53076	400	-3	0.23	0.23	0	
15/07/2011 16:34:11	TASTEGGIO	0	4	8000	53817	53072	400	-2	0.21	0.21	0	
15/07/2011 16:34:32	TASTEGGIO	0	1	8000	53817	53069	400	0	0.21	0.21	0	
15/07/2011 16:34:54	TASTEGGIO	0	1	8000	53817	53069	400	-1	0.21	0.21	0	
15/07/2011 16:35:15	TASTEGGIO	0	1	8000	53817	53069	400	0	0.20	0.20	0	
15/07/2011 16:35:33	ALARM 401		
15/07/2011 16:35:35	ALARM 401		
15/07/2011 16:35:36	ALARM 401		
15/07/2011 16:35:52	TASTEGGIO	0	1	8000	53817	77441	400	0	0.23	0.23	0	
15/07/2011 16:36:21	TASTEGGIO	0	1	8000	53817	77439	421	-32	0.11	0.11	0	
15/07/2011 16:36:36	TASTEGGIO	0	1	8000	53817	77448	421	-32	0.10	0.16	24500	
15/07/2011 16:36:58	TASTEGGIO	1	0	8000	53817	52970	232	0	0.14	0.14	0	
15/07/2011 16:37:08	TASTEGGIO	1	0	8000	53817	77447	232	0	0.10	0.16	24500	
15/07/2011 16:37:30	TASTEGGIO	1	0	8000	53817	52968	232	0	0.15	0.15	0	
15/07/2011 16:37:49	TASTEGGIO	0	1	8000	53817	52968	260	0	0.15	0.15	0	
15/07/2011 16:38:10	TASTEGGIO	0	1	8000	53817	52966	305	-1	0.14	0.14	0	
15/07/2011 16:38:19	TASTEGGIO	0	1	8000	53817	77451	305	-1	0.09	0.15	24500	
15/07/2011 16:38:21	ALARM 401		
15/07/2011 16:38:24	ALARM 202		err.6059
15/07/2011 16:38:33	ALARM 29	proc 12 prog 72 step 6	Tastatori appoggiati sul tondo
15/07/2011 16:38:55	ALARM 29	proc 12 prog 72 step 6	Tastatori appoggiati sul tondo
15/07/2011 16:39:02	ALARM 29	proc 12 prog 72 step 6	Tastatori appoggiati sul tondo
15/07/2011 16:39:30	ALARM 29	proc 12 prog 72 step 6	Tastatori appoggiati sul tondo
15/07/2011 16:39:51	ALARM 203		err.0
15/07/2011 16:39:53	ALARM 203		err.4007
15/07/2011 16:40:27	TASTEGGIO	0	1	8000	53817	77453	9	0	0.11	0.14	24500	
15/07/2011 16:41:09	TASTEGGIO	0	1	8000	53817	77447	351	-3	0.08	0.12	24500	
15/07/2011 16:41:34	TASTEGGIO	0	1	8000	53817	77444	351	-3	0.08	0.12	24500	
15/07/2011 16:42:42	ALARM 17	proc 12 prog 10 step 47	LavoroTerminato
16/07/2011 06:54:37	ALARM 401		
16/07/2011 06:54:38	INIT OK
16/07/2011 06:58:18	TASTEGGIO	0	0	8000	53817	77674	0	0	0.32	0.32	0	
16/07/2011 06:58:38	TASTEGGIO	1	0	8000	53817	77697	252	-2	0.30	0.30	0	
16/07/2011 06:58:58	TASTEGGIO	0	1	8000	53817	77691	308	-5	0.24	0.24	0	
16/07/2011 06:59:19	TASTEGGIO	0	2	8000	53817	77689	335	-5	0.20	0.20	0	
16/07/2011 06:59:40	TASTEGGIO	0	3	8000	53817	77689	384	-17	0.04	0.04	0	
16/07/2011 06:59:48	TASTEGGIO	0	3	8000	53817	77671	384	-17	0.04	0.11	24500	
16/07/2011 07:00:10	TASTEGGIO	1	0	8000	53817	53202	225	-1	0.11	0.11	0	
16/07/2011 07:00:29	TASTEGGIO	0	1	8000	53817	53194	247	-1	0.09	0.09	0	
16/07/2011 07:00:39	TASTEGGIO	0	1	8000	53817	77542	247	-1	0.05	0.10	24500	
16/07/2011 07:01:01	TASTEGGIO	1	0	8000	53817	53071	224	0	0.09	0.09	0	
16/07/2011 07:01:10	TASTEGGIO	1	0	8000	53817	77539	224	0	0.05	0.09	24500	
16/07/2011 07:03:05	TASTEGGIO	1	0	8000	53817	77579	224	0	0.23	0.24	24500	
16/07/2011 07:03:27	TASTEGGIO	1	0	8000	53817	53102	242	-1	0.22	0.22	0	
16/07/2011 07:03:46	TASTEGGIO	0	1	8000	53817	53101	282	-2	0.21	0.21	0	
16/07/2011 07:04:07	TASTEGGIO	0	1	8000	53817	53100	342	-6	0.16	0.16	0	
16/07/2011 07:04:27	TASTEGGIO	0	2	8000	53817	53100	359	-4	0.12	0.12	0	
16/07/2011 07:04:38	TASTEGGIO	0	2	8000	53817	77444	359	-4	0.15	0.15	0	
16/07/2011 07:04:58	TASTEGGIO	1	0	8000	53817	77443	231	-1	0.14	0.14	0	
16/07/2011 07:05:06	TASTEGGIO	1	0	8000	53817	77449	231	-1	0.15	0.15	0	
16/07/2011 07:05:26	TASTEGGIO	1	0	8000	53817	77448	231	0	0.14	0.14	0	
16/07/2011 07:05:34	TASTEGGIO	1	0	8000	53817	77454	231	0	0.14	0.14	0	
16/07/2011 07:05:54	TASTEGGIO	1	0	8000	53817	77452	229	0	0.14	0.14	0	
16/07/2011 07:06:13	TASTEGGIO	0	1	8000	53817	77453	257	0	0.13	0.13	0	
16/07/2011 07:06:33	TASTEGGIO	0	1	8000	53817	77454	293	-3	0.10	0.10	0	
16/07/2011 07:06:52	TASTEGGIO	0	2	8000	53817	77456	303	-2	0.09	0.09	0	
16/07/2011 07:07:00	TASTEGGIO	0	2	8000	53817	77468	303	-2	0.09	0.11	24500	
16/07/2011 07:07:22	TASTEGGIO	1	0	8000	53817	52998	225	0	0.10	0.10	0	
16/07/2011 07:07:41	TASTEGGIO	0	1	8000	53817	52992	243	0	0.11	0.11	0	
16/07/2011 07:08:01	TASTEGGIO	0	1	8000	53817	52987	279	-1	0.10	0.10	0	
16/07/2011 07:08:22	TASTEGGIO	0	1	8000	53817	52985	306	-1	0.09	0.09	0	
16/07/2011 07:08:32	TASTEGGIO	0	1	8000	53817	77448	306	-1	0.09	0.11	24500	
16/07/2011 07:10:24	TASTEGGIO	0	1	8000	53817	77379	306	-1	0.25	0.25	24500	
16/07/2011 07:10:47	TASTEGGIO	1	0	8000	53817	52899	243	-1	0.24	0.24	0	
16/07/2011 07:11:06	TASTEGGIO	0	1	8000	53817	52899	289	-2	0.23	0.23	0	
16/07/2011 07:11:26	TASTEGGIO	0	1	8000	53817	52899	355	-6	0.17	0.17	0	
16/07/2011 07:11:47	TASTEGGIO	0	2	8000	53817	52899	372	-4	0.13	0.13	0	
16/07/2011 07:11:57	TASTEGGIO	0	2	8000	53817	77258	372	-4	0.15	0.16	-24500	
16/07/2011 07:12:20	TASTEGGIO	1	0	8000	53817	101733	232	-2	0.15	0.15	0	
16/07/2011 07:12:39	TASTEGGIO	0	1	8000	53817	101739	260	-2	0.14	0.14	0	
16/07/2011 07:12:48	TASTEGGIO	0	1	8000	53817	77381	260	-2	0.12	0.14	24500	
16/07/2011 07:13:11	TASTEGGIO	1	0	8000	53817	52901	229	0	0.13	0.13	0	
16/07/2011 07:13:29	TASTEGGIO	0	1	8000	53817	52901	253	0	0.12	0.12	0	
16/07/2011 07:13:48	TASTEGGIO	0	1	8000	53817	52900	286	0	0.12	0.12	0	
16/07/2011 07:14:09	TASTEGGIO	0	1	8000	53817	52899	322	0	0.12	0.12	0	
16/07/2011 07:14:29	TASTEGGIO	0	1	8000	53817	52898	358	-2	0.11	0.11	0	
16/07/2011 07:14:39	TASTEGGIO	0	1	8000	53817	77254	358	-2	0.11	0.14	-24500	
16/07/2011 07:15:01	TASTEGGIO	1	0	8000	53817	101729	229	-1	0.14	0.14	0	
16/07/2011 07:15:20	TASTEGGIO	0	1	8000	53817	101735	257	0	0.13	0.13	0	
16/07/2011 07:15:40	TASTEGGIO	0	1	8000	53817	101742	293	-4	0.10	0.10	0	
16/07/2011 07:15:49	TASTEGGIO	0	1	8000	53817	77387	293	-4	0.08	0.10	-24500	
16/07/2011 07:17:45	TASTEGGIO	0	1	8000	53817	77475	293	-4	0.30	0.54	24500	
16/07/2011 07:18:08	TASTEGGIO	1	0	8000	53817	52990	281	-1	0.51	0.51	0	
16/07/2011 07:18:28	TASTEGGIO	0	1	8000	53817	52989	377	-5	0.46	0.46	0	
16/07/2011 07:18:50	TASTEGGIO	0	1	8000	53817	52989	400	-4	0.44	0.44	0	
16/07/2011 07:18:53	ALARM 401		
16/07/2011 07:19:12	TASTEGGIO	0	1	8000	53817	77344	400	-4	0.24	0.46	24500	
16/07/2011 07:19:57	TASTEGGIO	0	1	8000	53817	77341	428	-5	0.21	0.41	24500	
16/07/2011 07:20:31	TASTEGGIO	0	1	8000	53817	77337	455	-7	0.16	0.35	24500	
16/07/2011 07:21:21	TASTEGGIO	0	1	8000	53817	77333	470	-7	0.13	0.30	24500	
16/07/2011 07:21:57	TASTEGGIO	0	1	8000	53817	77328	501	-12	0.07	0.18	24500	
16/07/2011 07:22:17	TASTEGGIO	0	1	8000	53817	77326	501	-12	0.07	0.18	24500	
16/07/2011 07:22:40	TASTEGGIO	1	0	8000	53817	52847	234	0	0.16	0.16	0	
16/07/2011 07:22:58	TASTEGGIO	0	1	8000	53817	52847	248	-1	0.17	0.17	0	
16/07/2011 07:23:19	TASTEGGIO	0	1	8000	53817	52847	302	0	0.17	0.17	0	
16/07/2011 07:23:39	TASTEGGIO	0	1	8000	53817	52847	353	0	0.17	0.17	0	
16/07/2011 07:24:01	TASTEGGIO	0	1	8000	53817	52847	400	0	0.16	0.16	0	
16/07/2011 07:24:21	TASTEGGIO	0	1	8000	53817	52847	400	0	0.17	0.17	0	
16/07/2011 07:24:43	TASTEGGIO	0	1	8000	53817	52846	400	0	0.17	0.17	0	
16/07/2011 07:25:04	TASTEGGIO	0	1	8000	53817	52846	400	0	0.17	0.17	0	
16/07/2011 07:25:04	ALARM 401		
16/07/2011 07:25:21	TASTEGGIO	0	1	8000	53817	77337	400	0	0.07	0.18	24500	
16/07/2011 07:25:57	TASTEGGIO	0	1	8000	53817	77336	437	-1	0.07	0.18	24500	
16/07/2011 07:26:33	TASTEGGIO	0	1	8000	53817	77329	461	-1	0.07	0.18	24500	
16/07/2011 07:27:10	TASTEGGIO	0	1	8000	53817	77327	502	-5	0.08	0.14	24500	
16/07/2011 07:27:44	TASTEGGIO	0	1	8000	53817	77330	514	-16	0.13	0.14	-24500	
16/07/2011 07:28:19	TASTEGGIO	0	1	8000	53817	77469	527	-69	0.46	0.54	-24500	
16/07/2011 07:28:53	TASTEGGIO	0	1	8000	53817	77470	527	-70	0.10	0.18	-24500	
16/07/2011 07:29:28	TASTEGGIO	0	1	8000	53817	77472	507	-58	0.37	0.41	-24500	
16/07/2011 07:30:03	TASTEGGIO	0	1	8000	53817	77471	507	-56	0.11	0.17	-24500	
16/07/2011 07:30:22	TASTEGGIO	0	1	8000	53817	77478	507	-56	0.11	0.17	-24500	
16/07/2011 07:30:45	TASTEGGIO	1	0	8000	53817	101955	233	-3	0.14	0.14	0	
16/07/2011 07:30:55	TASTEGGIO	1	0	8000	53817	77478	233	-3	0.08	0.15	24500	
16/07/2011 07:31:17	TASTEGGIO	1	0	8000	53817	53010	231	-1	0.14	0.14	0	
16/07/2011 07:31:27	TASTEGGIO	1	0	8000	53817	77337	231	-1	0.09	0.16	24500	
16/07/2011 07:31:48	TASTEGGIO	1	0	8000	53817	52864	232	0	0.14	0.14	0	
16/07/2011 07:31:57	TASTEGGIO	1	0	8000	53817	77338	232	0	0.09	0.15	24500	
16/07/2011 07:32:19	TASTEGGIO	1	0	8000	53817	52863	231	0	0.14	0.14	0	
16/07/2011 07:32:29	TASTEGGIO	1	0	8000	53817	77337	231	0	0.09	0.15	24500	
16/07/2011 07:32:51	TASTEGGIO	1	0	8000	53817	52860	231	0	0.14	0.14	0	
16/07/2011 07:32:53	ALARM 401		
16/07/2011 07:32:56	ALARM 201		err.6058
16/07/2011 07:33:10	TASTEGGIO	1	0	8000	53817	77335	231	0	0.09	0.16	24500	
16/07/2011 07:33:43	TASTEGGIO	1	0	8000	53817	77338	376	-1	0.09	0.14	24500	
16/07/2011 07:34:20	TASTEGGIO	1	0	8000	53817	77337	390	0	0.08	0.15	-24500	
16/07/2011 07:34:39	TASTEGGIO	1	0	8000	53817	77474	390	0	0.08	0.14	24500	
16/07/2011 07:35:51	ALARM 17	proc 12 prog 10 step 47	LavoroTerminato
16/07/2011 07:46:55	TASTEGGIO	1	0	8000	53817	126898	390	0	0.05	0.06	-44500	
16/07/2011 07:47:16	TASTEGGIO	1	0	8000	53817	171359	109	-3	0.04	0.04	0	
16/07/2011 07:47:27	TASTEGGIO	1	0	8000	53817	126967	109	-3	0.04	0.05	24500	
16/07/2011 07:47:48	TASTEGGIO	1	0	8000	53817	102504	108	-1	0.04	0.04	0	
16/07/2011 07:47:58	TASTEGGIO	1	0	8000	53817	126871	108	-1	0.03	0.04	24500	
16/07/2011 07:49:07	ALARM 17	proc 12 prog 10 step 47	LavoroTerminato
16/07/2011 07:51:19	TASTEGGIO	1	0	6000	45977	125877	108	-1	0.09	0.10	-24500	
16/07/2011 07:51:44	TASTEGGIO	1	0	6000	45977	150325	108	-39	0.28	0.28	0	
16/07/2011 07:51:58	TASTEGGIO	0	1	6000	45977	150328	29	-1	0.27	0.27	0	
16/07/2011 07:52:18	TASTEGGIO	0	1	6000	45977	150332	107	-29	0.05	0.05	0	
16/07/2011 07:52:38	TASTEGGIO	0	1	6000	45977	150332	106	-43	0.39	0.39	0	
16/07/2011 07:52:52	TASTEGGIO	0	1	6000	45977	150333	0	-1	0.38	0.38	0	
16/07/2011 07:53:11	TASTEGGIO	0	1	6000	45977	150334	111	-18	0.19	0.19	0	
16/07/2011 07:53:30	TASTEGGIO	0	0	6000	45977	150334	115	-19	0.02	0.02	0	
16/07/2011 07:53:40	TASTEGGIO	0	0	6000	45977	125964	115	-19	0.02	0.03	-44500	
16/07/2011 07:55:40	TASTEGGIO	0	0	6000	45977	125971	115	-19	0.17	0.17	0	
16/07/2011 07:56:02	TASTEGGIO	1	0	6000	45977	125978	114	-33	0.14	0.14	0	
16/07/2011 07:56:10	TASTEGGIO	1	0	6000	45977	125970	114	-33	0.14	0.14	0	
16/07/2011 07:56:33	TASTEGGIO	1	0	6000	45977	125976	111	-37	0.23	0.23	0	
16/07/2011 07:56:52	TASTEGGIO	0	1	6000	45977	125978	73	-3	0.20	0.20	0	
16/07/2011 07:57:11	TASTEGGIO	0	2	6000	45977	125978	107	-12	0.10	0.10	0	
16/07/2011 07:57:31	TASTEGGIO	0	0	6000	45977	125977	108	-6	0.05	0.05	0	
16/07/2011 07:57:39	TASTEGGIO	0	0	6000	45977	125970	108	-6	0.05	0.08	44500	
16/07/2011 07:58:02	TASTEGGIO	1	0	6000	45977	81525	106	-6	0.03	0.03	0	
16/07/2011 07:58:12	TASTEGGIO	1	0	6000	45977	125864	106	-6	0.02	0.04	44500	
16/07/2011 07:59:24	ALARM 17	proc 12 prog 10 step 47	LavoroTerminato
16/07/2011 08:22:45	ALARM 401		
16/07/2011 08:29:57	ALARM 401		
16/07/2011 08:29:58	ALARM 401		
16/07/2011 08:33:31	TASTEGGIO	1	0	10000	61656	75089	106	-6	0.04	0.04	0	
16/07/2011 08:35:34	TASTEGGIO	1	0	10000	61656	75181	106	-6	0.01	0.02	24500	
16/07/2011 08:37:34	TASTEGGIO	1	0	10000	61656	75181	106	-6	0.05	0.05	0	
16/07/2011 08:37:53	TASTEGGIO	1	0	10000	61656	75195	94	-2	0.05	0.05	0	
16/07/2011 08:38:11	TASTEGGIO	0	1	10000	61656	75196	104	-1	0.05	0.05	0	
16/07/2011 08:38:32	TASTEGGIO	0	1	10000	61656	75198	119	-1	0.05	0.05	0	
16/07/2011 08:38:53	TASTEGGIO	0	1	10000	61656	75198	134	-1	0.05	0.05	0	
16/07/2011 08:39:12	TASTEGGIO	0	1	10000	61656	75200	149	-1	0.05	0.05	0	
16/07/2011 08:39:32	TASTEGGIO	0	1	10000	61656	75199	164	-1	0.05	0.05	0	
16/07/2011 08:39:52	TASTEGGIO	0	1	10000	61656	75229	179	-1	0.05	0.05	0	
16/07/2011 08:40:13	TASTEGGIO	0	1	10000	61656	75246	194	-1	0.05	0.05	0	
16/07/2011 08:40:33	TASTEGGIO	0	1	10000	61656	75257	209	-1	0.05	0.05	0	
16/07/2011 08:40:55	TASTEGGIO	0	1	10000	61656	75274	224	0	0.05	0.05	0	
16/07/2011 08:41:16	TASTEGGIO	0	1	10000	61656	75288	239	-1	0.05	0.05	0	
16/07/2011 08:41:37	TASTEGGIO	0	1	10000	61656	75304	254	-1	0.05	0.05	0	
16/07/2011 08:41:57	TASTEGGIO	0	1	10000	61656	75309	269	-1	0.05	0.05	0	
16/07/2011 08:42:17	TASTEGGIO	0	1	10000	61656	75325	284	-1	0.05	0.05	0	
16/07/2011 08:42:38	TASTEGGIO	0	1	10000	61656	75344	299	-1	0.05	0.05	0	
16/07/2011 08:42:59	TASTEGGIO	0	1	10000	61656	75347	314	-1	0.05	0.05	0	
16/07/2011 08:43:08	TASTEGGIO	0	1	10000	61656	75182	314	-1	0.05	0.05	0	
16/07/2011 08:45:09	TASTEGGIO	0	1	10000	61656	75174	314	-1	0.07	0.07	0	
16/07/2011 08:45:31	TASTEGGIO	1	0	10000	61656	75192	95	-1	0.07	0.07	0	
16/07/2011 08:45:49	TASTEGGIO	0	1	10000	61656	75192	109	0	0.07	0.07	0	
16/07/2011 08:46:10	TASTEGGIO	0	1	10000	61656	75192	130	0	0.07	0.07	0	
16/07/2011 08:46:32	TASTEGGIO	0	1	10000	61656	75192	151	0	0.06	0.06	0	
16/07/2011 08:46:53	TASTEGGIO	0	2	10000	61656	75192	161	0	0.06	0.06	0	
16/07/2011 08:47:13	TASTEGGIO	0	1	10000	61656	75192	185	0	0.06	0.06	0	
16/07/2011 08:47:33	TASTEGGIO	0	1	10000	61656	75227	203	0	0.07	0.07	0	
16/07/2011 08:47:52	TASTEGGIO	0	1	10000	61656	75238	227	0	0.07	0.07	0	
16/07/2011 08:48:13	TASTEGGIO	0	1	10000	61656	75247	248	0	0.07	0.07	0	
16/07/2011 08:48:34	TASTEGGIO	0	1	10000	61656	75262	269	0	0.07	0.07	0	
16/07/2011 08:48:53	TASTEGGIO	0	1	10000	61656	75273	290	0	0.07	0.07	0	
16/07/2011 08:49:13	TASTEGGIO	0	1	10000	61656	75285	311	0	0.07	0.07	0	
16/07/2011 08:49:34	TASTEGGIO	0	1	10000	61656	75300	332	0	0.07	0.07	0	
16/07/2011 08:49:54	TASTEGGIO	0	1	10000	61656	75314	353	0	0.07	0.07	0	
16/07/2011 08:50:15	TASTEGGIO	0	1	10000	61656	75334	374	-1	0.07	0.07	0	
16/07/2011 08:50:20	ALARM 401		
16/07/2011 08:50:23	ALARM 205		err.6058
16/07/2011 08:50:35	TASTEGGIO	0	1	10000	61656	75174	374	-1	0.07	0.07	0	
16/07/2011 08:51:02	TASTEGGIO	0	1	10000	61656	75192	411	0	0.06	0.06	0	
16/07/2011 08:51:28	TASTEGGIO	0	1	10000	61656	75168	427	0	0.06	0.06	0	
16/07/2011 08:52:02	TASTEGGIO	0	1	10000	61656	75161	450	0	0.06	0.06	0	
16/07/2011 08:52:23	TASTEGGIO	0	1	10000	61656	75160	450	0	0.07	0.07	0	
16/07/2011 08:54:24	TASTEGGIO	0	1	10000	61656	75276	450	0	0.09	0.09	0	
16/07/2011 08:54:44	TASTEGGIO	1	0	10000	61656	75286	97	-1	0.09	0.09	0	
16/07/2011 08:55:03	TASTEGGIO	0	1	10000	61656	75287	115	0	0.09	0.09	0	
16/07/2011 08:55:24	TASTEGGIO	0	1	10000	61656	75287	142	-1	0.09	0.09	0	
16/07/2011 08:55:44	TASTEGGIO	0	1	10000	61656	75287	169	-1	0.09	0.09	0	
16/07/2011 08:55:52	TASTEGGIO	0	1	10000	61656	75267	169	-1	0.08	0.08	0	
16/07/2011 08:57:44	TASTEGGIO	0	1	10000	61656	75191	169	-1	0.05	0.05	-24500	
16/07/2011 08:59:43	TASTEGGIO	0	1	10000	61656	75267	169	-1	0.01	0.01	24500	
16/07/2011 09:01:42	TASTEGGIO	0	1	10000	61656	75273	169	-1	0.10	0.10	0	
16/07/2011 09:02:03	TASTEGGIO	1	0	10000	61656	75285	98	-2	0.10	0.10	0	
16/07/2011 09:02:21	TASTEGGIO	0	1	10000	61656	75285	118	-1	0.10	0.10	0	
16/07/2011 09:02:43	TASTEGGIO	0	1	10000	61656	75285	148	-1	0.10	0.10	0	
16/07/2011 09:03:03	TASTEGGIO	0	1	10000	61656	75286	178	-1	0.10	0.10	0	
16/07/2011 09:03:22	TASTEGGIO	0	1	10000	61656	75288	208	-1	0.10	0.10	0	
16/07/2011 09:03:31	TASTEGGIO	0	1	10000	61656	75268	208	-1	0.10	0.10	0	
16/07/2011 09:04:40	ALARM 17	proc 12 prog 10 step 47	LavoroTerminato
16/07/2011 09:44:45	TASTEGGIO	0	1	12000	69495	152991	208	-1	0.19	0.19	0	
16/07/2011 09:45:12	TASTEGGIO	1	0	12000	69495	153024	229	-95	0.72	0.72	0	
16/07/2011 09:45:29	TASTEGGIO	0	1	12000	69495	153024	0	-2	0.70	0.70	0	
16/07/2011 09:45:54	TASTEGGIO	0	1	12000	69495	153032	204	-57	0.17	0.17	0	
16/07/2011 09:46:18	TASTEGGIO	0	0	12000	69495	153037	227	-68	0.50	0.50	0	
16/07/2011 09:46:39	TASTEGGIO	0	1	12000	69495	153033	79	-7	0.44	0.44	0	
16/07/2011 09:47:02	TASTEGGIO	0	2	12000	69495	153041	156	-20	0.25	0.25	0	
16/07/2011 09:47:24	TASTEGGIO	0	3	12000	69495	153041	180	-21	0.08	0.08	0	
16/07/2011 09:47:33	TASTEGGIO	0	3	12000	69495	152981	180	-21	0.09	0.14	44500	
16/07/2011 09:48:01	TASTEGGIO	1	0	12000	69495	108501	223	-68	0.56	0.56	0	
16/07/2011 09:48:18	TASTEGGIO	0	1	12000	69495	108502	0	-1	0.54	0.54	0	
16/07/2011 09:48:40	TASTEGGIO	0	1	12000	69495	108510	156	-18	0.36	0.36	0	
16/07/2011 09:49:04	TASTEGGIO	0	2	12000	69495	108513	189	-25	0.14	0.14	0	
16/07/2011 09:49:28	TASTEGGIO	0	0	12000	69495	108516	223	-44	0.30	0.30	0	
16/07/2011 09:49:51	TASTEGGIO	0	1	12000	69495	108580	158	-14	0.16	0.16	0	
16/07/2011 09:50:13	TASTEGGIO	0	2	12000	69495	108580	170	-11	0.05	0.05	0	
16/07/2011 09:50:25	TASTEGGIO	0	2	12000	69495	152903	170	-11	0.06	0.10	97500	
16/07/2011 09:50:53	TASTEGGIO	1	0	12000	69495	55417	218	-21	0.11	0.11	0	
16/07/2011 09:51:16	TASTEGGIO	0	1	12000	69495	55417	205	-15	0.06	0.06	0	
16/07/2011 09:51:28	TASTEGGIO	0	1	12000	69495	152889	205	-15	0.11	0.11	0	
16/07/2011 09:51:56	TASTEGGIO	1	0	12000	69495	152900	219	-46	0.34	0.34	0	
16/07/2011 09:52:19	TASTEGGIO	0	1	12000	69495	152907	113	-15	0.20	0.20	0	
16/07/2011 09:52:41	TASTEGGIO	0	2	12000	69495	152913	129	-12	0.08	0.08	0	
16/07/2011 09:52:50	TASTEGGIO	0	2	12000	69495	152915	129	-12	0.07	0.10	-24500	
16/07/2011 09:53:18	TASTEGGIO	1	0	12000	69495	177397	218	-85	0.72	0.72	0	
16/07/2011 09:53:35	TASTEGGIO	0	1	12000	69495	177400	0	-3	0.70	0.70	0	
16/07/2011 09:54:00	TASTEGGIO	0	1	12000	69495	177405	204	-48	0.24	0.24	0	
16/07/2011 09:54:23	TASTEGGIO	0	0	12000	69495	177406	236	-58	0.34	0.34	0	
16/07/2011 09:54:46	TASTEGGIO	0	1	12000	69495	177418	187	-35	0.06	0.06	0	
16/07/2011 09:54:57	TASTEGGIO	0	1	12000	69495	153008	187	-35	0.07	0.09	-44500	
16/07/2011 09:56:52	TASTEGGIO	0	1	12000	69495	153101	187	-35	0.13	0.17	97500	
16/07/2011 09:57:22	TASTEGGIO	1	0	12000	69495	55610	227	-23	0.10	0.10	0	
16/07/2011 09:57:34	TASTEGGIO	1	0	12000	69495	152984	227	-23	0.04	0.12	44500	
16/07/2011 09:58:04	TASTEGGIO	1	0	12000	69495	108506	220	-71	0.61	0.61	0	
16/07/2011 09:58:20	TASTEGGIO	0	1	12000	69495	108503	0	-2	0.60	0.60	0	
16/07/2011 09:58:44	TASTEGGIO	0	1	12000	69495	108510	177	-30	0.31	0.31	0	
16/07/2011 09:59:07	TASTEGGIO	0	2	12000	69495	108514	199	-27	0.06	0.06	0	
16/07/2011 09:59:18	TASTEGGIO	0	2	12000	69495	152982	199	-27	0.10	0.12	-97500	
16/07/2011 09:59:48	TASTEGGIO	1	0	12000	69495	250462	220	-41	0.28	0.28	0	
16/07/2011 10:00:11	TASTEGGIO	0	1	12000	69495	250462	154	-18	0.10	0.10	0	
16/07/2011 10:00:24	TASTEGGIO	0	1	12000	69495	153072	154	-18	0.08	0.11	-44500	
16/07/2011 10:00:53	TASTEGGIO	1	0	12000	69495	197559	219	-83	0.71	0.71	0	
16/07/2011 10:01:09	TASTEGGIO	0	1	12000	69495	197583	0	-2	0.70	0.70	0	
16/07/2011 10:01:32	TASTEGGIO	0	1	12000	69495	197593	207	-53	0.19	0.19	0	
16/07/2011 10:01:56	TASTEGGIO	0	0	12000	69495	197595	229	-55	0.36	0.36	0	
16/07/2011 10:02:19	TASTEGGIO	0	1	12000	69495	197593	160	-23	0.14	0.14	0	
16/07/2011 10:02:43	TASTEGGIO	0	0	12000	69495	197608	223	-41	0.27	0.27	0	
16/07/2011 10:03:06	TASTEGGIO	0	1	12000	69495	197608	170	-26	0.04	0.04	0	
16/07/2011 10:03:18	TASTEGGIO	0	1	12000	69495	153131	170	-26	0.04	0.05	-97500	
16/07/2011 10:05:12	TASTEGGIO	0	1	12000	69495	153100	170	-26	0.11	0.23	-44500	
16/07/2011 10:05:40	TASTEGGIO	1	0	12000	69495	197578	234	-94	0.71	0.71	0	
16/07/2011 10:05:57	TASTEGGIO	0	1	12000	69495	197579	14	-1	0.70	0.70	0	
16/07/2011 10:06:20	TASTEGGIO	0	1	12000	69495	197580	221	-66	0.06	0.06	0	
16/07/2011 10:06:32	TASTEGGIO	0	1	12000	69495	153055	221	-66	0.13	0.17	44500	
16/07/2011 10:07:01	TASTEGGIO	1	0	12000	69495	108569	227	-74	0.58	0.58	0	
16/07/2011 10:07:18	TASTEGGIO	0	1	12000	69495	108568	29	-1	0.56	0.56	0	
16/07/2011 10:07:42	TASTEGGIO	0	1	12000	69495	108574	191	-39	0.19	0.19	0	
16/07/2011 10:08:06	TASTEGGIO	0	0	12000	69495	108581	229	-48	0.32	0.32	0	
16/07/2011 10:08:30	TASTEGGIO	0	1	12000	69495	108586	175	-20	0.12	0.12	0	
16/07/2011 10:08:41	TASTEGGIO	0	1	12000	69495	152984	175	-20	0.13	0.14	24500	
16/07/2011 10:09:10	TASTEGGIO	1	0	12000	69495	128503	223	-70	0.56	0.56	0	
16/07/2011 10:09:27	TASTEGGIO	0	1	12000	69495	128506	0	-2	0.53	0.53	0	
16/07/2011 10:09:49	TASTEGGIO	0	1	12000	69495	128513	150	-21	0.33	0.33	0	
16/07/2011 10:10:11	TASTEGGIO	0	2	12000	69495	128512	179	-23	0.10	0.10	0	
16/07/2011 10:10:22	TASTEGGIO	0	2	12000	69495	152997	179	-23	0.12	0.15	-97500	
16/07/2011 10:10:52	TASTEGGIO	1	0	12000	69495	250476	224	-45	0.33	0.33	0	
16/07/2011 10:11:15	TASTEGGIO	0	1	12000	69495	250498	151	-18	0.15	0.15	0	
16/07/2011 10:11:39	TASTEGGIO	0	0	12000	69495	250509	224	-30	0.18	0.18	0	
16/07/2011 10:12:03	TASTEGGIO	0	1	12000	69495	250509	202	-18	0.05	0.05	0	
16/07/2011 10:12:16	TASTEGGIO	0	1	12000	69495	153120	202	-18	0.07	0.07	0	
16/07/2011 10:14:11	TASTEGGIO	0	1	12000	69495	153201	202	-18	0.11	0.14	97500	
16/07/2011 10:14:39	TASTEGGIO	1	0	12000	69495	55718	223	-14	0.06	0.06	0	
16/07/2011 10:14:52	TASTEGGIO	1	0	12000	69495	153087	223	-14	0.07	0.07	0	
16/07/2011 10:16:45	TASTEGGIO	1	0	12000	69495	153214	223	-14	0.16	0.16	0	
16/07/2011 10:17:12	TASTEGGIO	1	0	12000	69495	153241	225	-99	0.82	0.82	0	
16/07/2011 10:17:29	TASTEGGIO	0	1	12000	69495	153244	0	-2	0.80	0.80	0	
16/07/2011 10:17:54	TASTEGGIO	0	1	12000	69495	153256	234	-70	0.17	0.17	0	
16/07/2011 10:18:18	TASTEGGIO	0	0	12000	69495	153259	227	-73	0.58	0.58	0	
16/07/2011 10:18:36	TASTEGGIO	0	1	12000	69495	153259	29	-2	0.55	0.55	0	
16/07/2011 10:18:59	TASTEGGIO	0	1	12000	69495	153289	185	-40	0.17	0.17	0	
16/07/2011 10:19:25	TASTEGGIO	0	0	12000	69495	153289	227	-40	0.25	0.25	0	
16/07/2011 10:19:49	TASTEGGIO	0	1	12000	69495	153289	190	-39	0.15	0.15	0	
16/07/2011 10:20:13	TASTEGGIO	0	1	12000	69495	153289	180	-39	0.25	0.25	0	
16/07/2011 10:20:36	TASTEGGIO	0	1	12000	69495	153289	138	-15	0.10	0.10	0	
16/07/2011 10:20:45	TASTEGGIO	0	1	12000	69495	153205	138	-15	0.11	0.16	97500	
16/07/2011 10:21:14	TASTEGGIO	1	0	12000	69495	55720	225	-21	0.08	0.08	0	
16/07/2011 10:21:27	TASTEGGIO	1	0	12000	69495	153084	225	-21	0.05	0.15	44500	
16/07/2011 10:21:56	TASTEGGIO	1	0	12000	69495	108601	224	-68	0.55	0.55	0	
16/07/2011 10:22:13	TASTEGGIO	0	1	12000	69495	108602	22	-1	0.54	0.54	0	
16/07/2011 10:22:37	TASTEGGIO	0	1	12000	69495	108609	181	-32	0.23	0.23	0	
16/07/2011 10:23:01	TASTEGGIO	0	0	12000	69495	108614	234	-48	0.25	0.25	0	
16/07/2011 10:23:25	TASTEGGIO	0	1	12000	69495	108620	206	-23	0.07	0.07	0	
16/07/2011 10:23:36	TASTEGGIO	0	1	12000	69495	153093	206	-23	0.06	0.06	44500	
16/07/2011 10:25:31	TASTEGGIO	0	1	12000	69495	153115	206	-23	0.09	0.12	-97500	
16/07/2011 10:27:24	TASTEGGIO	0	1	12000	69495	153200	206	-23	0.12	0.17	44500	
16/07/2011 10:27:53	TASTEGGIO	1	0	12000	69495	108719	227	-43	0.29	0.29	0	
16/07/2011 10:28:16	TASTEGGIO	0	1	12000	69495	108722	177	-24	0.07	0.07	0	
16/07/2011 10:28:27	TASTEGGIO	0	1	12000	69495	153084	177	-24	0.07	0.12	-44500	
16/07/2011 10:30:22	TASTEGGIO	0	1	12000	69495	153213	177	-24	0.24	0.27	24500	
16/07/2011 10:30:51	TASTEGGIO	1	0	12000	69495	128731	240	-57	0.34	0.34	0	
16/07/2011 10:31:14	TASTEGGIO	0	1	12000	69495	128731	197	-35	0.03	0.03	0	
16/07/2011 10:31:25	TASTEGGIO	0	1	12000	69495	153085	197	-35	0.03	0.07	97500	
16/07/2011 10:33:19	TASTEGGIO	0	1	12000	69495	153125	197	-35	0.05	0.09	97500	
16/07/2011 10:35:14	TASTEGGIO	0	1	12000	69495	153127	197	-35	0.15	0.19	24500	
16/07/2011 10:35:43	TASTEGGIO	1	0	12000	69495	128642	229	-57	0.41	0.41	0	
16/07/2011 10:36:05	TASTEGGIO	0	1	12000	69495	128642	140	-15	0.26	0.26	0	
16/07/2011 10:36:30	TASTEGGIO	0	2	12000	69495	128642	163	-13	0.13	0.13	0	
16/07/2011 10:36:41	TASTEGGIO	0	2	12000	69495	152983	163	-13	0.14	0.15	-97500	
16/07/2011 10:37:10	TASTEGGIO	1	0	12000	69495	250462	224	-28	0.14	0.14	0	
16/07/2011 10:37:23	TASTEGGIO	1	0	12000	69495	153064	224	-28	0.24	0.24	0	
16/07/2011 10:37:51	TASTEGGIO	1	0	12000	69495	153080	236	-64	0.38	0.38	0	
16/07/2011 10:38:14	TASTEGGIO	0	1	12000	69495	153088	175	-31	0.11	0.11	0	
16/07/2011 10:38:23	TASTEGGIO	0	1	12000	69495	153084	175	-31	0.12	0.12	0	
16/07/2011 10:40:16	TASTEGGIO	0	1	12000	69495	153202	175	-31	0.56	0.57	24500	
16/07/2011 10:40:44	TASTEGGIO	1	0	12000	69495	128718	278	-80	0.29	0.29	0	
16/07/2011 10:41:10	TASTEGGIO	0	1	12000	69495	128719	263	-99	0.69	0.69	0	
16/07/2011 10:41:32	TASTEGGIO	0	1	12000	69495	128720	98	-4	0.65	0.65	0	
16/07/2011 10:41:58	TASTEGGIO	0	1	12000	69495	128720	281	-61	0.28	0.28	0	
16/07/2011 10:42:22	TASTEGGIO	0	0	12000	69495	128720	241	-25	0.03	0.03	0	
16/07/2011 10:42:33	TASTEGGIO	0	0	12000	69495	153084	241	-25	0.07	0.20	-44500	
16/07/2011 10:43:02	TASTEGGIO	1	0	12000	69495	197561	230	-70	0.52	0.52	0	
16/07/2011 10:43:24	TASTEGGIO	0	1	12000	69495	197562	94	-5	0.46	0.46	0	
16/07/2011 10:43:49	TASTEGGIO	0	2	12000	69495	197562	175	-29	0.22	0.22	0	
16/07/2011 10:44:13	TASTEGGIO	0	0	12000	69495	197562	233	-53	0.30	0.30	0	
16/07/2011 10:44:37	TASTEGGIO	0	1	12000	69495	197563	192	-18	0.12	0.12	0	
16/07/2011 10:44:49	TASTEGGIO	0	1	12000	69495	153182	192	-18	0.02	0.14	-97500	
16/07/2011 10:45:19	TASTEGGIO	1	0	12000	69495	250663	223	-33	0.18	0.18	0	
16/07/2011 10:45:42	TASTEGGIO	0	1	12000	69495	250665	199	-27	0.10	0.10	0	
16/07/2011 10:45:55	TASTEGGIO	0	1	12000	69495	153189	199	-27	0.04	0.11	-44500	
16/07/2011 10:46:53	ALARM 17	proc 12 prog 10 step 47	LavoroTerminato
16/07/2011 10:53:55	ALARM 318	proc 12 prog 22 step 6	go_abs inv_ax 2
16/07/2011 11:26:32	ALARM 401		
16/07/2011 11:27:28	ALARM 401		
16/07/2011 11:31:46	ALARM 401		
16/07/2011 11:36:44	ALARM 27	proc 12 prog 8 step 16	Pestone Errato
16/07/2011 11:38:06	TASTEGGIO	0	1	9900	61265	84992	199	-27	0.43	0.43	0	
16/07/2011 11:38:27	TASTEGGIO	1	0	9900	61265	85063	267	-6	0.36	0.36	0	
16/07/2011 11:38:48	TASTEGGIO	0	1	9900	61265	85051	297	-8	0.29	0.29	0	
16/07/2011 11:39:08	TASTEGGIO	0	2	9900	61265	85043	343	-15	0.13	0.13	0	
16/07/2011 11:39:16	TASTEGGIO	0	2	9900	61265	85043	343	-15	0.14	0.15	24500	
16/07/2011 11:39:39	TASTEGGIO	1	0	9900	61265	60562	231	-3	0.12	0.12	0	
16/07/2011 11:39:49	TASTEGGIO	1	0	9900	61265	84984	231	-3	0.14	0.14	-24500	
16/07/2011 11:40:12	TASTEGGIO	1	0	9900	61265	109450	229	-4	0.09	0.09	0	
16/07/2011 11:40:23	TASTEGGIO	1	0	9900	61265	85080	229	-4	0.10	0.11	24500	
16/07/2011 11:40:46	TASTEGGIO	1	0	9900	61265	60599	225	-1	0.08	0.08	0	
16/07/2011 11:40:56	TASTEGGIO	1	0	9900	61265	84984	225	-1	0.09	0.09	24500	
16/07/2011 11:42:52	TASTEGGIO	1	0	9900	61265	83179	225	-1	0.27	0.27	0	
16/07/2011 11:43:14	TASTEGGIO	1	0	9900	61265	83193	246	-7	0.20	0.20	0	
16/07/2011 11:43:34	TASTEGGIO	0	1	9900	61265	83192	260	-4	0.17	0.17	0	
16/07/2011 11:43:53	TASTEGGIO	0	2	9900	61265	83192	288	-8	0.08	0.08	0	
16/07/2011 11:44:01	TASTEGGIO	0	2	9900	61265	83166	288	-8	0.10	0.11	24500	
16/07/2011 11:44:23	TASTEGGIO	1	0	9900	61265	58680	225	-3	0.06	0.06	0	
16/07/2011 11:44:33	TASTEGGIO	1	0	9900	61265	83083	225	-3	0.07	0.08	24500	
16/07/2011 11:46:25	TASTEGGIO	1	0	9900	61265	84790	225	-3	0.28	0.28	0	
16/07/2011 11:46:44	ALARM 401		
16/07/2011 11:46:48	ALARM 401		
16/07/2011 11:47:29	TASTEGGIO	1	0	9900	61265	84808	247	-6	0.22	0.22	0	
16/07/2011 11:47:49	TASTEGGIO	1	0	9900	61265	84816	240	-2	0.21	0.21	0	
16/07/2011 11:48:10	TASTEGGIO	0	1	9900	61265	84818	280	-7	0.14	0.14	0	
16/07/2011 11:48:18	TASTEGGIO	0	1	9900	61265	84817	280	-7	0.15	0.16	24500	
16/07/2011 11:48:41	TASTEGGIO	1	0	9900	61265	60332	232	-3	0.13	0.13	0	
16/07/2011 11:48:51	TASTEGGIO	1	0	9900	61265	84781	232	-3	0.14	0.14	24500	
16/07/2011 11:49:14	TASTEGGIO	1	0	9900	61265	60309	229	0	0.13	0.13	0	
16/07/2011 11:49:33	TASTEGGIO	0	1	9900	61265	60307	253	-4	0.10	0.10	0	
16/07/2011 11:49:54	TASTEGGIO	0	2	9900	61265	60306	263	-1	0.07	0.07	0	
16/07/2011 11:50:04	TASTEGGIO	0	2	9900	61265	84772	263	-1	0.10	0.10	0	
16/07/2011 11:50:25	TASTEGGIO	1	0	9900	61265	84782	224	-2	0.08	0.08	0	
16/07/2011 11:50:33	TASTEGGIO	1	0	9900	61265	84788	224	-2	0.08	0.08	0	
16/07/2011 11:52:24	TASTEGGIO	1	0	9900	61265	84302	224	-2	0.21	0.21	0	
16/07/2011 11:52:45	TASTEGGIO	1	0	9900	61265	84318	238	-7	0.14	0.14	0	
16/07/2011 11:52:53	TASTEGGIO	1	0	9900	61265	84283	238	-7	0.16	0.16	0	
16/07/2011 11:53:14	TASTEGGIO	1	0	9900	61265	84300	232	-1	0.14	0.14	0	
16/07/2011 11:53:23	TASTEGGIO	1	0	9900	61265	84270	232	-1	0.15	0.15	0	
16/07/2011 11:53:44	TASTEGGIO	1	0	9900	61265	84289	231	-1	0.14	0.14	0	
16/07/2011 11:53:52	TASTEGGIO	1	0	9900	61265	84265	231	-1	0.15	0.15	0	
16/07/2011 11:54:13	TASTEGGIO	1	0	9900	61265	84283	231	-1	0.13	0.13	0	
16/07/2011 11:54:22	TASTEGGIO	1	0	9900	61265	84264	231	-1	0.14	0.14	0	
16/07/2011 11:54:43	TASTEGGIO	1	0	9900	61265	84284	229	0	0.13	0.13	0	
16/07/2011 11:55:01	TASTEGGIO	0	1	9900	61265	84285	253	-5	0.09	0.09	0	
16/07/2011 11:55:09	TASTEGGIO	0	1	9900	61265	84272	253	-5	0.10	0.10	-24500	
16/07/2011 11:55:31	TASTEGGIO	1	0	9900	61265	108736	224	-6	0.05	0.05	0	
16/07/2011 11:55:41	TASTEGGIO	1	0	9900	61265	84314	224	-6	0.06	0.06	0	
16/07/2011 11:57:32	TASTEGGIO	1	0	9900	61265	83981	224	-6	0.44	0.44	0	
16/07/2011 11:57:53	TASTEGGIO	1	0	9900	61265	83994	268	-8	0.37	0.37	0	
16/07/2011 11:58:14	TASTEGGIO	0	1	9900	61265	83995	299	-9	0.29	0.29	0	
16/07/2011 11:58:33	TASTEGGIO	0	2	9900	61265	83994	331	-13	0.17	0.17	0	
16/07/2011 11:58:55	TASTEGGIO	0	3	9900	61265	83994	348	-10	0.08	0.08	0	
16/07/2011 11:59:03	TASTEGGIO	0	3	9900	61265	83967	348	-10	0.08	0.11	24500	
16/07/2011 11:59:26	TASTEGGIO	1	0	9900	61265	59484	225	-2	0.09	0.09	0	
16/07/2011 11:59:36	TASTEGGIO	1	0	9900	61265	83885	225	-2	0.07	0.10	24500	
16/07/2011 11:59:59	TASTEGGIO	1	0	9900	61265	59411	224	-1	0.09	0.09	0	
16/07/2011 12:00:09	TASTEGGIO	1	0	9900	61265	83880	224	-1	0.07	0.09	24500	
16/07/2011 12:02:00	TASTEGGIO	1	0	9900	61264	84347	224	-1	0.24	0.24	0	
16/07/2011 12:02:22	TASTEGGIO	1	0	9900	61264	84357	242	-7	0.18	0.18	0	
16/07/2011 12:02:43	TASTEGGIO	0	1	9900	61264	84359	255	-4	0.14	0.14	0	
16/07/2011 12:02:51	TASTEGGIO	0	1	9900	61264	84339	255	-4	0.15	0.15	0	
16/07/2011 12:03:12	TASTEGGIO	1	0	9900	61264	84356	231	-2	0.13	0.13	0	
16/07/2011 12:03:21	TASTEGGIO	1	0	9900	61264	84339	231	-2	0.13	0.13	0	
16/07/2011 12:03:42	TASTEGGIO	1	0	9900	61264	84356	228	0	0.12	0.12	0	
16/07/2011 12:04:01	TASTEGGIO	0	1	9900	61264	84357	250	-2	0.10	0.10	0	
16/07/2011 12:04:19	TASTEGGIO	0	2	9900	61264	84358	266	-4	0.07	0.07	0	
16/07/2011 12:04:28	TASTEGGIO	0	2	9900	61264	84342	266	-4	0.07	0.07	0	
16/07/2011 12:06:18	TASTEGGIO	0	2	9900	61264	83885	266	-4	0.23	0.23	0	
16/07/2011 12:06:39	TASTEGGIO	1	0	9900	61264	83902	241	-7	0.16	0.16	0	
16/07/2011 12:06:58	TASTEGGIO	0	1	9900	61264	83902	252	-5	0.11	0.11	0	
16/07/2011 12:07:06	TASTEGGIO	0	1	9900	61264	83872	252	-5	0.12	0.12	0	
16/07/2011 12:07:27	TASTEGGIO	1	0	9900	61264	83890	227	-1	0.11	0.11	0	
16/07/2011 12:07:48	TASTEGGIO	0	1	9900	61264	83890	247	-3	0.09	0.09	0	
16/07/2011 12:07:56	TASTEGGIO	0	1	9900	61264	83863	247	-3	0.10	0.10	0	
16/07/2011 12:08:17	TASTEGGIO	1	0	9900	61264	83882	224	0	0.09	0.09	0	
16/07/2011 12:08:25	TASTEGGIO	1	0	9900	61264	83859	224	0	0.10	0.10	0	
16/07/2011 12:08:47	TASTEGGIO	1	0	9900	61264	83877	224	0	0.08	0.08	0	
16/07/2011 12:08:55	TASTEGGIO	1	0	9900	61264	83855	224	0	0.09	0.09	0	
16/07/2011 12:10:46	TASTEGGIO	1	0	9900	61264	83877	224	0	0.35	0.35	0	
16/07/2011 12:11:08	TASTEGGIO	1	0	9900	61264	83894	256	-8	0.27	0.27	0	
16/07/2011 12:11:27	TASTEGGIO	0	1	9900	61264	83894	276	-5	0.22	0.22	0	
16/07/2011 12:11:46	TASTEGGIO	0	2	9900	61264	83895	311	-11	0.10	0.10	0	
16/07/2011 12:11:54	TASTEGGIO	0	2	9900	61264	83864	311	-11	0.11	0.12	24500	
16/07/2011 12:12:17	TASTEGGIO	1	0	9900	61264	59387	227	-3	0.08	0.08	0	
16/07/2011 12:12:28	TASTEGGIO	1	0	9900	61264	83780	227	-3	0.08	0.08	0	
16/07/2011 12:14:28	TASTEGGIO	1	0	9900	61265	85997	227	-3	0.19	0.19	0	
16/07/2011 12:14:49	TASTEGGIO	1	0	9900	61265	86011	236	-6	0.13	0.13	0	
16/07/2011 12:14:57	TASTEGGIO	1	0	9900	61265	86012	236	-6	0.13	0.14	24500	
16/07/2011 12:15:20	TASTEGGIO	1	0	9900	61265	61534	229	-4	0.09	0.09	0	
16/07/2011 12:15:30	TASTEGGIO	1	0	9900	61265	85983	229	-4	0.11	0.11	24500	
16/07/2011 12:15:53	TASTEGGIO	1	0	9900	61265	61505	225	-2	0.08	0.08	0	
16/07/2011 12:16:04	TASTEGGIO	1	0	9900	61265	85975	225	-2	0.10	0.10	24500	
16/07/2011 12:16:27	TASTEGGIO	1	0	9900	61265	61496	224	-1	0.08	0.08	0	
16/07/2011 12:16:37	TASTEGGIO	1	0	9900	61265	85975	224	-1	0.09	0.10	24500	
16/07/2011 12:16:59	TASTEGGIO	1	0	9900	61265	61498	224	0	0.08	0.08	0	
16/07/2011 12:17:09	TASTEGGIO	1	0	9900	61265	85984	224	0	0.09	0.09	0	
16/07/2011 12:19:00	TASTEGGIO	1	0	9900	61264	84597	224	0	0.20	0.21	24500	
16/07/2011 12:19:22	TASTEGGIO	1	0	9900	61264	60114	238	-6	0.15	0.15	0	
16/07/2011 12:19:41	TASTEGGIO	0	1	9900	61264	60114	248	-4	0.11	0.11	0	
16/07/2011 12:19:52	TASTEGGIO	0	1	9900	61264	84483	248	-4	0.12	0.12	0	
16/07/2011 12:20:13	TASTEGGIO	1	0	9900	61264	84488	227	-8	0.06	0.06	0	
16/07/2011 12:20:21	TASTEGGIO	1	0	9900	61264	84492	227	-8	0.07	0.09	24500	
16/07/2011 12:22:12	TASTEGGIO	1	0	9900	61265	84706	227	-8	0.18	0.19	24500	
16/07/2011 12:22:34	TASTEGGIO	1	0	9900	61265	60226	236	-4	0.18	0.18	0	
16/07/2011 12:22:53	TASTEGGIO	0	1	9900	61265	60226	270	-6	0.12	0.12	0	
16/07/2011 12:23:04	TASTEGGIO	0	1	9900	61265	84584	270	-6	0.12	0.13	-24500	
16/07/2011 12:23:27	TASTEGGIO	1	0	9900	61265	109047	228	-6	0.08	0.08	0	
16/07/2011 12:23:37	TASTEGGIO	1	0	9900	61265	84697	228	-6	0.06	0.08	24500	
16/07/2011 12:25:39	TASTEGGIO	1	0	9900	61264	83186	228	-6	0.16	0.18	24500	
16/07/2011 12:26:02	TASTEGGIO	1	0	9900	61264	58699	234	-6	0.11	0.11	0	
16/07/2011 12:26:12	TASTEGGIO	1	0	9900	61264	83083	234	-6	0.13	0.13	0	
16/07/2011 12:26:34	TASTEGGIO	1	0	9900	61264	83095	228	-7	0.04	0.04	0	
16/07/2011 12:26:42	TASTEGGIO	1	0	9900	61264	83098	228	-7	0.05	0.06	24500	
16/07/2011 12:28:33	TASTEGGIO	1	0	9900	61265	85277	228	-7	0.10	0.11	24500	
16/07/2011 12:28:56	TASTEGGIO	1	0	9900	61265	60800	225	-4	0.08	0.08	0	
16/07/2011 12:29:06	TASTEGGIO	1	0	9900	61265	85274	225	-4	0.08	0.09	-24500	
16/07/2011 12:30:11	ALARM 17	proc 12 prog 10 step 47	LavoroTerminato
18/07/2011 07:35:56	ALARM 401		
18/07/2011 07:35:58	INIT OK
18/07/2011 07:39:39	TASTEGGIO	0	0	9900	61265	94394	0	0	0.15	0.15	0	
18/07/2011 07:40:00	TASTEGGIO	1	0	9900	61265	94422	231	-5	0.10	0.10	0	
18/07/2011 07:40:08	TASTEGGIO	1	0	9900	61265	94423	231	-5	0.10	0.10	0	
18/07/2011 07:40:29	TASTEGGIO	1	0	9900	61265	94438	224	-1	0.10	0.10	0	
18/07/2011 07:40:49	TASTEGGIO	0	1	9900	61265	94438	244	-2	0.07	0.07	0	
18/07/2011 07:40:57	TASTEGGIO	0	1	9900	61265	94428	244	-2	0.07	0.08	24500	
18/07/2011 07:42:52	TASTEGGIO	0	1	9900	61265	87975	244	-2	0.46	0.46	0	
18/07/2011 07:43:14	TASTEGGIO	1	0	9900	61265	87989	271	-6	0.40	0.40	0	
18/07/2011 07:43:33	TASTEGGIO	0	1	9900	61265	87990	305	-7	0.34	0.34	0	
18/07/2011 07:43:53	TASTEGGIO	0	2	9900	61265	87990	362	-18	0.16	0.16	0	
18/07/2011 07:44:12	TASTEGGIO	0	0	9900	61265	87990	232	0	0.16	0.16	0	
18/07/2011 07:44:33	TASTEGGIO	0	1	9900	61265	87990	264	-1	0.16	0.16	0	
18/07/2011 07:44:52	TASTEGGIO	0	1	9900	61265	87990	312	-1	0.14	0.14	0	
18/07/2011 07:45:00	TASTEGGIO	0	1	9900	61265	87995	312	-1	0.14	0.22	-24500	
18/07/2011 07:45:23	TASTEGGIO	1	0	9900	61265	112454	240	-4	0.18	0.18	0	
18/07/2011 07:45:42	TASTEGGIO	0	1	9900	61265	112466	254	-3	0.15	0.15	0	
18/07/2011 07:46:03	TASTEGGIO	0	2	9900	61265	112478	278	-4	0.10	0.10	0	
18/07/2011 07:46:13	TASTEGGIO	0	2	9900	61265	88120	278	-4	0.06	0.10	-24500	
18/07/2011 07:46:36	TASTEGGIO	1	0	9900	61265	112590	224	-1	0.10	0.10	0	
18/07/2011 07:46:55	TASTEGGIO	0	1	9900	61265	112616	244	0	0.10	0.10	0	
18/07/2011 07:47:16	TASTEGGIO	0	1	9900	61265	112634	274	-1	0.09	0.09	0	
18/07/2011 07:47:26	TASTEGGIO	0	1	9900	61265	88132	274	-1	0.05	0.09	-24500	
18/07/2011 07:48:30	ALARM 17	proc 12 prog 10 step 47	LavoroTerminato
18/07/2011 07:49:40	TASTEGGIO	0	1	9900	61265	96498	274	-1	0.35	0.35	0	
18/07/2011 07:50:02	TASTEGGIO	1	0	9900	61265	96514	256	-6	0.30	0.30	0	
18/07/2011 07:50:21	TASTEGGIO	0	1	9900	61265	96514	281	-6	0.25	0.25	0	
18/07/2011 07:50:40	TASTEGGIO	0	2	9900	61265	96514	322	-11	0.13	0.13	0	
18/07/2011 07:50:48	TASTEGGIO	0	2	9900	61265	96515	322	-11	0.13	0.15	-24500	
18/07/2011 07:51:11	TASTEGGIO	1	0	9900	61265	120989	231	-4	0.12	0.12	0	
18/07/2011 07:51:21	TASTEGGIO	1	0	9900	61265	96576	231	-4	0.10	0.11	24500	
18/07/2011 07:51:43	TASTEGGIO	1	0	9900	61265	72126	225	-2	0.09	0.09	0	
18/07/2011 07:51:53	TASTEGGIO	1	0	9900	61265	96464	225	-2	0.10	0.11	-44500	
18/07/2011 07:52:17	TASTEGGIO	1	0	9900	61265	140928	225	-4	0.08	0.08	0	
18/07/2011 07:52:28	TASTEGGIO	1	0	9900	61265	96575	225	-4	0.08	0.10	-24500	
18/07/2011 07:52:51	TASTEGGIO	1	0	9900	61265	121074	224	-3	0.07	0.07	0	
18/07/2011 07:53:02	TASTEGGIO	1	0	9900	61265	96577	224	-3	0.06	0.07	-24500	
18/07/2011 07:54:13	ALARM 17	proc 12 prog 10 step 47	LavoroTerminato
18/07/2011 07:59:22	TASTEGGIO	1	0	9900	61265	106792	224	-3	0.42	0.45	24500	
18/07/2011 07:59:46	TASTEGGIO	1	0	9900	61265	82359	269	-6	0.38	0.38	0	
18/07/2011 08:00:05	TASTEGGIO	0	1	9900	61265	82350	301	-9	0.30	0.30	0	
18/07/2011 08:00:26	TASTEGGIO	0	2	9900	61265	82344	334	-12	0.20	0.20	0	
18/07/2011 08:00:47	TASTEGGIO	0	3	9900	61265	82341	357	-22	0.09	0.09	0	
18/07/2011 08:00:57	TASTEGGIO	0	3	9900	61265	106778	357	-22	0.08	0.13	44500	
18/07/2011 08:01:20	TASTEGGIO	1	0	9900	61265	62302	228	-2	0.10	0.10	0	
18/07/2011 08:01:39	TASTEGGIO	0	1	9900	61265	62302	235	-2	0.09	0.09	0	
18/07/2011 08:01:50	TASTEGGIO	0	1	9900	61265	106765	235	-2	0.07	0.10	44500	
18/07/2011 08:02:13	TASTEGGIO	1	0	9900	61265	62290	224	-1	0.09	0.09	0	
18/07/2011 08:02:23	TASTEGGIO	1	0	9900	61265	106767	224	-1	0.06	0.10	44500	
18/07/2011 08:02:47	TASTEGGIO	1	0	9900	61265	62294	224	0	0.08	0.08	0	
18/07/2011 08:02:58	TASTEGGIO	1	0	9900	61265	106780	224	0	0.06	0.10	-24500	
18/07/2011 08:03:21	TASTEGGIO	1	0	9900	61265	131260	224	-10	0.03	0.03	0	
18/07/2011 08:03:31	TASTEGGIO	1	0	9900	61265	106900	224	-10	0.02	0.05	44500	
18/07/2011 08:04:37	ALARM 17	proc 12 prog 10 step 47	LavoroTerminato
18/07/2011 08:09:08	TASTEGGIO	1	0	9900	61265	91698	224	-10	0.51	0.52	-24500	
18/07/2011 08:09:32	TASTEGGIO	1	0	9900	61265	116198	278	-8	0.44	0.44	0	
18/07/2011 08:09:51	TASTEGGIO	0	1	9900	61265	116202	315	-9	0.34	0.34	0	
18/07/2011 08:10:12	TASTEGGIO	0	2	9900	61265	116205	352	-12	0.23	0.23	0	
18/07/2011 08:10:32	TASTEGGIO	0	3	9900	61265	116207	378	-20	0.08	0.08	0	
18/07/2011 08:10:43	TASTEGGIO	0	3	9900	61265	91801	378	-20	0.11	0.16	44500	
18/07/2011 08:11:06	TASTEGGIO	1	0	9900	61265	47321	232	-1	0.14	0.14	0	
18/07/2011 08:11:17	TASTEGGIO	1	0	9900	61265	91661	232	-1	0.10	0.16	24500	
18/07/2011 08:11:40	TASTEGGIO	1	0	9900	61265	67197	232	-2	0.13	0.13	0	
