07/12/2011 11:45:26	TASTEGGIO	0	1	5000	42060	78155	185	-113	0.55	0.55	0	
07/12/2011 11:45:47	TASTEGGIO	0	1	5000	42060	78154	139	-32	0.28	0.28	0	
07/12/2011 11:46:08	TASTEGGIO	0	2	5000	42060	78151	159	-25	0.11	0.11	0	
07/12/2011 11:46:19	TASTEGGIO	0	2	5000	42060	160538	159	-25	0.25	0.26	120300	
07/12/2011 11:46:41	TASTEGGIO	1	0	5000	42060	40303	52	-8	0.22	0.22	0	
07/12/2011 11:46:58	TASTEGGIO	0	1	5000	42060	40290	70	-3	0.17	0.17	0	
07/12/2011 11:47:16	TASTEGGIO	0	2	5000	42060	40282	88	-2	0.14	0.14	0	
07/12/2011 11:47:28	TASTEGGIO	0	2	5000	42060	160535	88	-2	0.23	0.23	0	
07/12/2011 11:47:51	TASTEGGIO	1	0	5000	42060	160531	51	-54	0.33	0.33	0	
07/12/2011 11:48:10	TASTEGGIO	0	1	5000	42060	160531	3	-33	0.34	0.34	0	
07/12/2011 11:48:30	TASTEGGIO	0	2	5000	42060	160531	73	-76	0.39	0.39	0	
07/12/2011 11:48:49	TASTEGGIO	0	1	5000	42060	160531	28	-13	0.35	0.35	0	
07/12/2011 11:49:10	TASTEGGIO	0	2	5000	42060	160531	90	-81	0.45	0.45	0	
07/12/2011 11:49:30	TASTEGGIO	0	1	5000	42060	160531	32	-86	1.07	1.07	0	
07/12/2011 11:49:49	TASTEGGIO	0	1	5000	42060	160531	0	-25	1.04	1.04	0	
07/12/2011 11:50:11	TASTEGGIO	0	2	5000	42060	160531	202	-224	1.29	1.29	0	
07/12/2011 11:50:31	TASTEGGIO	0	1	5000	42060	160531	41	-51	1.32	1.32	0	
07/12/2011 11:50:53	TASTEGGIO	0	2	5000	42060	160531	311	-374	0.00	0.00	0	
07/12/2011 11:51:01	TASTEGGIO	0	2	5000	42060	160536	311	-374	0.00	0.00	-119500	
07/12/2011 11:52:58	TASTEGGIO	0	2	5000	42060	157933	311	-374	0.63	0.73	82800	
07/12/2011 11:53:18	TASTEGGIO	1	0	5000	42060	75196	65	0	0.73	0.73	0	
07/12/2011 11:53:38	TASTEGGIO	0	1	5000	42060	75193	138	-16	0.55	0.55	0	
07/12/2011 11:53:58	TASTEGGIO	0	2	5000	42060	75188	196	-70	0.19	0.19	0	
07/12/2011 11:54:19	TASTEGGIO	0	1	5000	42060	75187	189	-112	0.97	0.97	0	
07/12/2011 11:54:33	TASTEGGIO	0	1	5000	42060	75187	0	-2	0.91	0.91	0	
07/12/2011 11:54:52	TASTEGGIO	0	2	5000	42060	75180	170	-28	0.63	0.63	0	
07/12/2011 11:55:14	TASTEGGIO	0	3	5000	42060	75190	245	-142	0.84	0.84	0	
07/12/2011 11:55:35	TASTEGGIO	0	1	5000	42060	75190	133	-72	1.50	1.50	0	
07/12/2011 11:55:59	TASTEGGIO	0	2	5000	42060	75190	400	-347	2.47	2.47	0	
07/12/2011 11:56:12	TASTEGGIO	0	1	5000	42060	75190	0	-6	2.36	2.36	0	
07/12/2011 11:56:36	TASTEGGIO	0	2	5000	42060	75190	400	-277	1.40	1.40	0	
07/12/2011 11:56:37	ALARM 401		
07/12/2011 11:56:39	ALARM 401		
07/12/2011 11:56:39	ALARM 401		
07/12/2011 11:57:03	TASTEGGIO	0	2	5000	42060	157688	400	-277	0.83	1.36	82800	
07/12/2011 11:57:31	TASTEGGIO	1	0	5000	42060	74957	387	-311	1.79	1.79	0	
07/12/2011 11:57:47	TASTEGGIO	0	1	5000	42060	74955	151	-28	1.49	1.49	0	
07/12/2011 11:58:09	TASTEGGIO	0	2	5000	42060	74955	399	-306	1.57	1.57	0	
07/12/2011 11:58:30	TASTEGGIO	0	1	5000	42060	74948	233	-88	0.70	0.70	0	
07/12/2011 11:58:52	TASTEGGIO	0	0	5000	42060	74946	301	-168	0.95	0.95	0	
07/12/2011 11:59:12	TASTEGGIO	0	1	5000	42060	74945	172	-78	0.23	0.23	0	
07/12/2011 11:59:34	TASTEGGIO	0	0	5000	42060	74945	241	-169	1.47	1.47	0	
07/12/2011 11:59:48	TASTEGGIO	0	1	5000	42060	74945	0	-16	1.31	1.31	0	
07/12/2011 12:00:08	TASTEGGIO	0	2	5000	42060	74945	233	-67	0.65	0.65	0	
07/12/2011 12:00:30	TASTEGGIO	0	0	5000	42060	74945	295	-191	1.24	1.24	0	
07/12/2011 12:00:44	TASTEGGIO	0	1	5000	42060	74945	58	-16	1.05	1.05	0	
07/12/2011 12:01:04	TASTEGGIO	0	2	5000	42060	74945	235	-93	0.25	0.25	0	
07/12/2011 12:01:26	TASTEGGIO	0	0	5000	42060	74945	243	-149	1.21	1.21	0	
07/12/2011 12:01:40	TASTEGGIO	0	1	5000	42060	74945	0	-16	1.05	1.05	0	
07/12/2011 12:01:59	TASTEGGIO	0	2	5000	42060	74945	182	-44	0.59	0.59	0	
07/12/2011 12:02:21	TASTEGGIO	0	3	5000	42060	74945	239	-107	0.73	0.73	0	
07/12/2011 12:02:43	TASTEGGIO	0	1	5000	42060	74945	148	-55	1.28	1.28	0	
07/12/2011 12:03:07	TASTEGGIO	0	2	5000	42060	74945	400	-339	2.15	2.15	0	
07/12/2011 12:03:20	TASTEGGIO	0	1	5000	42060	74945	38	-20	1.91	1.91	0	
07/12/2011 12:03:42	TASTEGGIO	0	2	5000	42060	74945	377	-196	0.23	0.23	0	
07/12/2011 12:03:47	ALARM 401		
07/12/2011 12:04:10	TASTEGGIO	0	1	5000	42060	157687	374	0	0.38	0.38	-82000	
07/12/2011 12:04:33	TASTEGGIO	1	0	5000	42060	239653	55	-16	0.28	0.28	0	
07/12/2011 12:04:53	TASTEGGIO	0	1	5000	42060	239653	75	-20	0.07	0.07	0	
07/12/2011 12:05:04	TASTEGGIO	0	1	5000	42060	157943	75	-20	0.17	0.35	120300	
07/12/2011 12:05:28	TASTEGGIO	1	0	5000	42060	37805	54	-5	0.29	0.29	0	
07/12/2011 12:05:46	TASTEGGIO	0	1	5000	42060	37792	78	-2	0.28	0.28	0	
07/12/2011 12:06:04	TASTEGGIO	0	2	5000	42060	37786	132	-3	0.24	0.24	0	
07/12/2011 12:06:25	TASTEGGIO	0	3	5000	42060	37785	193	-8	0.17	0.17	0	
07/12/2011 12:06:28	ALARM 401		
07/12/2011 12:06:31	ALARM 401		
07/12/2011 12:06:31	ALARM 401		
07/12/2011 12:06:53	TASTEGGIO	0	4	5000	42060	157700	217	0	0.10	0.19	120300	
07/12/2011 12:07:16	TASTEGGIO	1	0	5000	42060	37565	50	0	0.17	0.17	0	
07/12/2011 12:07:34	TASTEGGIO	0	1	5000	42060	37553	65	0	0.16	0.16	0	
07/12/2011 12:07:52	TASTEGGIO	0	2	5000	42060	37544	95	0	0.15	0.15	0	
07/12/2011 12:08:12	TASTEGGIO	0	3	5000	42060	37538	137	0	0.17	0.17	0	
07/12/2011 12:08:31	TASTEGGIO	0	4	5000	42060	37539	214	-14	0.07	0.07	0	
07/12/2011 12:08:42	TASTEGGIO	0	4	5000	42060	157685	214	-14	0.10	0.17	82800	
07/12/2011 12:09:04	TASTEGGIO	1	0	5000	42060	74961	49	-13	0.06	0.06	0	
07/12/2011 12:09:15	TASTEGGIO	1	0	5000	42060	157689	49	-13	0.09	0.13	120300	
07/12/2011 12:11:14	TASTEGGIO	1	0	5000	42060	160885	49	-13	0.50	0.71	120300	
07/12/2011 12:11:37	TASTEGGIO	1	0	5000	42060	40631	64	-5	0.69	0.69	0	
07/12/2011 12:11:55	TASTEGGIO	0	1	5000	42060	40637	131	-8	0.61	0.61	0	
07/12/2011 12:12:15	TASTEGGIO	0	2	5000	42060	40641	238	-18	0.45	0.45	0	
07/12/2011 12:12:36	TASTEGGIO	0	3	5000	42060	40647	295	-66	0.22	0.22	0	
07/12/2011 12:12:40	ALARM 401		
07/12/2011 12:12:43	ALARM 201		err.6059
07/12/2011 12:13:00	TASTEGGIO	0	1	5000	42060	160532	284	0	0.43	0.43	0	
07/12/2011 12:13:22	TASTEGGIO	1	0	5000	42060	160527	57	-48	0.08	0.08	0	
07/12/2011 12:13:30	TASTEGGIO	1	0	5000	42060	160533	57	-48	0.08	0.18	82800	
07/12/2011 12:13:53	TASTEGGIO	1	0	5000	42060	77803	50	-6	0.09	0.09	0	
07/12/2011 12:14:05	TASTEGGIO	1	0	5000	42060	160535	50	-6	0.11	0.17	-119500	
07/12/2011 12:14:29	TASTEGGIO	1	0	5000	42060	279992	49	-42	0.32	0.32	0	
07/12/2011 12:14:47	TASTEGGIO	0	1	5000	42060	279992	0	-29	0.32	0.32	0	
07/12/2011 12:15:06	TASTEGGIO	0	2	5000	42060	279992	64	-49	0.21	0.21	0	
07/12/2011 12:15:25	TASTEGGIO	0	1	5000	42060	279993	50	-31	0.17	0.17	0	
07/12/2011 12:15:44	TASTEGGIO	0	1	5000	42060	279993	36	-9	0.08	0.08	0	
07/12/2011 12:15:56	TASTEGGIO	0	1	5000	42060	160884	36	-9	0.10	0.13	120300	
07/12/2011 12:16:56	ALARM 17	proc 12 prog 10 step 47	LavoroTerminato
07/12/2011 12:49:47	TASTEGGIO	0	1	5000	42060	158402	36	-9	0.88	0.90	82800	
07/12/2011 12:50:08	TASTEGGIO	1	0	5000	42060	75647	70	0	0.93	0.93	0	
07/12/2011 12:50:28	TASTEGGIO	0	1	5000	42060	75646	166	-27	0.65	0.65	0	
07/12/2011 12:50:49	TASTEGGIO	0	2	5000	42060	75641	230	-126	0.62	0.62	0	
07/12/2011 12:51:10	TASTEGGIO	0	1	5000	42060	75641	170	-153	2.04	2.04	0	
07/12/2011 12:51:24	TASTEGGIO	0	1	5000	42060	75641	0	-4	1.97	1.97	0	
07/12/2011 12:51:46	TASTEGGIO	0	2	5000	42060	75641	380	-290	1.17	1.17	0	
07/12/2011 12:52:08	TASTEGGIO	0	1	5000	42060	75641	310	-241	1.44	1.44	0	
07/12/2011 12:52:25	TASTEGGIO	0	1	5000	42060	75641	132	-16	1.24	1.24	0	
07/12/2011 12:52:46	TASTEGGIO	0	2	5000	42060	75641	345	-300	1.79	1.79	0	
07/12/2011 12:53:01	TASTEGGIO	0	1	5000	42060	75641	86	-12	1.64	1.64	0	
07/12/2011 12:53:23	TASTEGGIO	0	2	5000	42060	75641	386	-335	1.83	1.83	0	
07/12/2011 12:53:43	ALARM 401		
07/12/2011 12:54:08	ALARM 401		
07/12/2011 12:54:08	ALARM 401		
07/12/2011 12:54:26	TASTEGGIO	0	1	5000	42060	158076	181	-138	0.00	0.01	120300	
07/12/2011 12:56:24	TASTEGGIO	0	1	5000	42060	161363	181	-138	1.16	1.16	0	
07/12/2011 12:56:45	TASTEGGIO	1	0	5000	42060	161368	77	-9	1.08	1.08	0	
07/12/2011 12:57:05	TASTEGGIO	0	1	5000	42060	161368	177	-137	0.40	0.40	0	
07/12/2011 12:57:27	TASTEGGIO	0	1	5000	42060	161368	162	-259	2.42	2.42	0	
07/12/2011 12:57:50	TASTEGGIO	0	1	5000	42060	161368	0	-85	0.00	0.00	-119500	
07/12/2011 12:57:58	TASTEGGIO	0	1	5000	42060	161363	0	-85	0.00	0.00	120300	
07/12/2011 12:59:53	TASTEGGIO	0	1	5000	42060	160769	0	-85	0.20	0.45	-82000	
07/12/2011 13:00:17	TASTEGGIO	1	0	5000	42060	242727	57	-27	0.15	0.15	0	
07/12/2011 13:00:36	TASTEGGIO	0	0	5000	42060	242728	49	-20	0.07	0.07	0	
07/12/2011 13:00:47	TASTEGGIO	0	0	5000	42060	160781	49	-20	0.49	0.49	0	
07/12/2011 13:01:10	TASTEGGIO	1	0	5000	42060	160785	58	-53	0.20	0.20	0	
07/12/2011 13:01:30	TASTEGGIO	0	1	5000	42060	160785	49	-80	0.62	0.62	0	
07/12/2011 13:01:49	TASTEGGIO	0	1	5000	42060	160785	0	-32	0.63	0.63	0	
07/12/2011 13:02:10	TASTEGGIO	0	2	5000	42060	160785	128	-139	0.80	0.80	0	
07/12/2011 13:02:28	TASTEGGIO	0	1	5000	42060	160785	26	-10	0.66	0.66	0	
07/12/2011 13:02:48	TASTEGGIO	0	2	5000	42060	160785	134	-104	0.48	0.48	0	
07/12/2011 13:03:09	TASTEGGIO	0	1	5000	42060	160785	99	-86	0.38	0.38	0	
07/12/2011 13:03:29	TASTEGGIO	0	1	5000	42060	160785	68	-74	0.49	0.49	0	
07/12/2011 13:03:46	TASTEGGIO	0	1	5000	42060	160785	4	-8	0.35	0.35	0	
07/12/2011 13:04:05	TASTEGGIO	0	2	5000	42060	160785	39	-21	0.12	0.12	0	
07/12/2011 13:04:13	TASTEGGIO	0	2	5000	42060	160779	39	-21	0.14	0.31	-82000	
07/12/2011 13:04:37	TASTEGGIO	1	0	5000	42060	242724	53	-17	0.16	0.16	0	
07/12/2011 13:04:57	TASTEGGIO	0	1	5000	42060	242724	61	-13	0.07	0.07	0	
07/12/2011 13:05:08	TASTEGGIO	0	1	5000	42060	160775	61	-13	0.02	0.20	-119500	
07/12/2011 13:05:33	TASTEGGIO	1	0	5000	42060	280234	50	-29	0.14	0.14	0	
07/12/2011 13:05:45	TASTEGGIO	1	0	5000	42060	160766	50	-29	0.18	0.22	82800	
07/12/2011 13:06:08	TASTEGGIO	1	0	5000	42060	78013	51	-6	0.15	0.15	0	
07/12/2011 13:06:27	TASTEGGIO	0	1	5000	42060	78004	61	-10	0.11	0.11	0	
07/12/2011 13:06:39	TASTEGGIO	0	1	5000	42060	160445	61	-10	0.15	0.21	-82000	
07/12/2011 13:07:03	TASTEGGIO	1	0	5000	42060	242411	50	-28	0.12	0.12	0	
07/12/2011 13:07:15	TASTEGGIO	1	0	5000	42060	160767	50	-28	0.08	0.14	-82000	
07/12/2011 13:08:25	ALARM 17	proc 12 prog 10 step 47	LavoroTerminato
07/12/2011 13:09:38	TASTEGGIO	1	0	5000	42060	159699	50	-28	0.66	0.75	-82000	
07/12/2011 13:10:01	TASTEGGIO	1	0	5000	42060	241660	66	-2	0.74	0.74	0	
07/12/2011 13:10:22	TASTEGGIO	0	1	5000	42060	241660	139	-47	0.31	0.31	0	
07/12/2011 13:10:41	TASTEGGIO	0	0	5000	42060	241660	53	-6	0.22	0.22	0	
07/12/2011 13:11:01	TASTEGGIO	0	1	5000	42060	241660	68	-9	0.14	0.14	0	
07/12/2011 13:11:12	TASTEGGIO	0	1	5000	42060	159698	68	-9	0.28	0.32	-119500	
07/12/2011 13:11:37	TASTEGGIO	1	0	5000	42060	279138	53	-13	0.22	0.22	0	
07/12/2011 13:11:56	TASTEGGIO	0	1	5000	42060	279138	68	-15	0.15	0.15	0	
07/12/2011 13:11:59	ALARM 401		
07/12/2011 13:12:02	ALARM 401		
07/12/2011 13:12:02	ALARM 401		
07/12/2011 13:12:28	TASTEGGIO	0	1	5000	42060	159673	68	-15	0.21	0.21	0	
07/12/2011 13:12:51	TASTEGGIO	1	0	5000	42060	159678	50	-59	0.41	0.41	0	
07/12/2011 13:13:12	TASTEGGIO	0	1	5000	42060	159678	0	-46	0.81	0.81	0	
07/12/2011 13:13:28	TASTEGGIO	0	1	5000	42060	159678	0	0	0.78	0.78	0	
07/12/2011 13:13:48	TASTEGGIO	0	2	5000	42060	159678	150	-163	0.87	0.87	0	
07/12/2011 13:14:06	TASTEGGIO	0	1	5000	42060	159678	52	-11	0.71	0.71	0	
07/12/2011 13:14:27	TASTEGGIO	0	2	5000	42060	159678	167	-203	1.37	1.37	0	
07/12/2011 13:14:47	TASTEGGIO	0	1	5000	42060	159678	0	-80	2.21	2.21	0	
07/12/2011 13:14:52	ALARM 401		
07/12/2011 13:15:11	TASTEGGIO	0	2	5000	42060	159674	400	0	2.15	2.15	0	
07/12/2011 13:15:31	TASTEGGIO	1	0	5000	42060	159677	105	-12	2.06	2.06	0	
07/12/2011 13:15:53	TASTEGGIO	0	1	5000	42060	159677	302	-289	1.23	1.23	0	
07/12/2011 13:16:15	TASTEGGIO	0	1	5000	42060	159677	228	-303	1.82	1.82	0	
07/12/2011 13:16:29	TASTEGGIO	0	1	5000	42060	159677	0	-2	1.73	1.73	0	
07/12/2011 13:16:32	ALARM 401		
07/12/2011 13:16:49	TASTEGGIO	0	2	5000	42060	159674	328	0	1.70	1.70	0	
07/12/2011 13:17:10	TASTEGGIO	1	0	5000	42060	159677	92	-6	1.61	1.61	0	
07/12/2011 13:17:32	TASTEGGIO	0	1	5000	42060	159677	244	-225	0.83	0.83	0	
07/12/2011 13:17:33	ALARM 401		
07/12/2011 13:17:37	ALARM 205		err.6059
07/12/2011 13:17:51	TASTEGGIO	0	1	5000	42060	159674	244	-225	0.83	0.83	0	
07/12/2011 13:18:18	TASTEGGIO	1	0	5000	42060	159677	400	-431	0.00	0.00	0	
07/12/2011 13:18:26	TASTEGGIO	1	0	5000	42060	159674	400	-431	0.00	0.00	-119500	
07/12/2011 13:19:42	ALARM 17	proc 12 prog 10 step 47	LavoroTerminato
07/12/2011 13:23:26	ALARM 18	proc 12 prog 106 step 4	Tondo Non Presente Su Carrello 1
07/12/2011 13:23:32	ALARM 17	proc 12 prog 1 step 8	LavoroTerminato
07/12/2011 13:24:50	TASTEGGIO	1	0	5000	42060	161541	400	-431	0.71	0.81	120300	
07/12/2011 13:25:12	TASTEGGIO	1	0	5000	42060	41275	65	-6	0.79	0.79	0	
07/12/2011 13:25:30	TASTEGGIO	0	1	5000	42060	41274	142	-8	0.70	0.70	0	
07/12/2011 13:25:50	TASTEGGIO	0	2	5000	42060	41275	266	-33	0.40	0.40	0	
07/12/2011 13:25:53	ALARM 401		
07/12/2011 13:25:57	ALARM 203		err.6058
07/12/2011 13:26:18	TASTEGGIO	0	3	5000	42060	161107	305	0	0.52	0.52	0	
07/12/2011 13:26:40	TASTEGGIO	1	0	5000	42060	161100	58	-49	0.24	0.24	0	
07/12/2011 13:27:00	TASTEGGIO	0	0	5000	42060	161100	51	-50	0.26	0.26	0	
07/12/2011 13:27:20	TASTEGGIO	0	1	5000	42060	161100	22	-54	0.60	0.60	0	
07/12/2011 13:27:38	TASTEGGIO	0	1	5000	42060	161100	0	-4	0.52	0.52	0	
07/12/2011 13:27:58	TASTEGGIO	0	2	5000	42060	161100	90	-75	0.32	0.32	0	
07/12/2011 13:28:19	TASTEGGIO	0	1	5000	42060	161100	70	-40	0.13	0.13	0	
07/12/2011 13:28:27	TASTEGGIO	0	1	5000	42060	161107	70	-40	0.10	0.30	120300	
07/12/2011 13:28:51	TASTEGGIO	1	0	5000	42060	40878	52	-12	0.42	0.42	0	
07/12/2011 13:29:10	TASTEGGIO	0	1	5000	42060	40869	110	-3	0.38	0.38	0	
07/12/2011 13:29:28	TASTEGGIO	0	2	5000	42060	40865	178	-2	0.38	0.38	0	
07/12/2011 13:29:32	ALARM 218	proc 12 prog 85 step 19	go_abs 3 cmd 11
07/12/2011 13:29:34	ALARM 203		err.6058
07/12/2011 13:29:55	TASTEGGIO	0	3	5000	42060	161102	292	0	0.15	0.37	120300	
07/12/2011 13:30:17	TASTEGGIO	1	0	5000	42060	40860	54	-1	0.37	0.37	0	
07/12/2011 13:30:34	TASTEGGIO	0	1	5000	42060	40848	91	-4	0.35	0.35	0	
07/12/2011 13:30:54	TASTEGGIO	0	2	5000	42060	40852	157	1	0.35	0.35	0	
07/12/2011 13:31:16	TASTEGGIO	0	3	5000	42060	40858	262	-24	0.25	0.25	0	
07/12/2011 13:31:37	TASTEGGIO	0	4	5000	42060	40857	297	-92	0.67	0.67	0	
07/12/2011 13:31:55	TASTEGGIO	0	1	5000	42060	40853	117	-18	0.50	0.50	0	
07/12/2011 13:32:14	TASTEGGIO	0	2	5000	42060	40854	169	-8	0.41	0.41	0	
07/12/2011 13:32:36	TASTEGGIO	0	3	5000	42060	40856	269	-61	0.24	0.24	0	
07/12/2011 13:32:57	TASTEGGIO	0	1	5000	42060	40858	254	-33	0.12	0.12	0	
07/12/2011 13:33:09	TASTEGGIO	0	1	5000	42060	161113	254	-33	0.13	0.25	-82000	
07/12/2011 13:33:34	TASTEGGIO	1	0	5000	42060	243079	51	-21	0.10	0.10	0	
07/12/2011 13:33:45	TASTEGGIO	1	0	5000	42060	161496	51	-21	0.23	0.23	0	
07/12/2011 13:34:09	TASTEGGIO	1	0	5000	42060	161499	50	-61	0.33	0.33	0	
07/12/2011 13:34:27	TASTEGGIO	0	1	5000	42060	161499	2	-6	0.23	0.23	0	
07/12/2011 13:34:46	TASTEGGIO	0	2	5000	42060	161499	24	-13	0.12	0.12	0	
07/12/2011 13:34:54	TASTEGGIO	0	2	5000	42060	161495	24	-13	0.12	0.16	-82000	
07/12/2011 13:34:57	ALARM 401		
07/12/2011 13:34:59	ALARM 401		
07/12/2011 13:35:00	ALARM 401		
07/12/2011 13:35:17	TASTEGGIO	0	2	5000	42060	161494	24	-13	0.12	0.17	-82000	
07/12/2011 13:35:42	TASTEGGIO	1	0	5000	42060	243432	49	-3	0.15	0.15	0	
07/12/2011 13:36:01	TASTEGGIO	0	1	5000	42060	243433	62	-15	0.04	0.04	0	
07/12/2011 13:36:12	TASTEGGIO	0	1	5000	42060	161492	62	-15	0.02	0.09	120300	
07/12/2011 13:37:12	ALARM 17	proc 12 prog 10 step 47	LavoroTerminato
07/12/2011 13:38:30	TASTEGGIO	0	1	5000	42060	161670	62	-15	1.04	1.04	0	
07/12/2011 13:38:54	TASTEGGIO	1	0	5000	42060	161674	71	-163	0.00	0.00	0	
07/12/2011 13:39:02	TASTEGGIO	1	0	5000	42060	161670	71	-163	0.01	0.02	-119500	
07/12/2011 13:40:57	TASTEGGIO	1	0	5000	42060	161083	71	-163	1.14	1.44	82800	
07/12/2011 13:41:17	TASTEGGIO	1	0	5000	42060	78330	81	0	1.46	1.46	0	
07/12/2011 13:41:39	TASTEGGIO	0	1	5000	42060	78328	229	-53	0.99	0.99	0	
07/12/2011 13:42:01	TASTEGGIO	0	2	5000	42060	78326	323	-273	1.74	1.74	0	
07/12/2011 13:42:14	TASTEGGIO	0	1	5000	42060	78326	17	-8	1.65	1.65	0	
07/12/2011 13:42:38	TASTEGGIO	0	2	5000	42060	78325	329	-237	1.15	1.15	0	
07/12/2011 13:42:59	TASTEGGIO	0	1	5000	42060	78322	248	-138	0.52	0.52	0	
07/12/2011 13:43:21	TASTEGGIO	0	1	5000	42060	78322	224	-120	0.67	0.67	0	
07/12/2011 13:43:41	TASTEGGIO	0	1	5000	42060	78322	137	-41	0.30	0.30	0	
07/12/2011 13:43:58	TASTEGGIO	0	0	5000	42060	78322	52	0	0.28	0.28	0	
07/12/2011 13:44:18	TASTEGGIO	0	1	5000	42060	78322	78	-1	0.26	0.26	0	
07/12/2011 13:44:39	TASTEGGIO	0	2	5000	42060	78322	126	-19	0.12	0.12	0	
07/12/2011 13:44:50	TASTEGGIO	0	2	5000	42060	160720	126	-19	0.25	0.40	120300	
07/12/2011 13:45:13	TASTEGGIO	1	0	5000	42060	40478	55	-7	0.34	0.34	0	
07/12/2011 13:45:32	TASTEGGIO	0	1	5000	42060	40467	83	-5	0.29	0.29	0	
07/12/2011 13:45:50	TASTEGGIO	0	2	5000	42060	40459	132	-5	0.21	0.21	0	
07/12/2011 13:46:10	TASTEGGIO	0	3	5000	42060	40455	158	-8	0.16	0.16	0	
07/12/2011 13:46:29	TASTEGGIO	0	4	5000	42060	40455	182	-21	0.07	0.07	0	
07/12/2011 13:46:41	TASTEGGIO	0	4	5000	42060	160712	182	-21	0.29	0.31	82800	
07/12/2011 13:47:04	TASTEGGIO	1	0	5000	42060	77974	52	-3	0.29	0.29	0	
07/12/2011 13:47:23	TASTEGGIO	0	1	5000	42060	77966	79	-4	0.23	0.23	0	
07/12/2011 13:47:42	TASTEGGIO	0	2	5000	42060	77963	104	-3	0.22	0.22	0	
07/12/2011 13:48:03	TASTEGGIO	0	3	5000	42060	77961	167	-43	0.47	0.47	0	
07/12/2011 13:48:21	TASTEGGIO	0	1	5000	42060	77957	66	-12	0.37	0.37	0	
07/12/2011 13:48:41	TASTEGGIO	0	2	5000	42060	77952	107	-3	0.34	0.34	0	
07/12/2011 13:49:02	TASTEGGIO	0	3	5000	42060	77952	200	-92	0.63	0.63	0	
07/12/2011 13:49:20	TASTEGGIO	0	1	5000	42060	77952	83	-24	0.40	0.40	0	
07/12/2011 13:49:39	TASTEGGIO	0	2	5000	42060	77952	118	-18	0.21	0.21	0	
07/12/2011 13:50:00	TASTEGGIO	0	3	5000	42060	77952	137	-15	0.06	0.06	0	
07/12/2011 13:50:12	TASTEGGIO	0	3	5000	42060	160718	137	-15	0.34	0.34	0	
07/12/2011 13:50:34	TASTEGGIO	1	0	5000	42060	160713	53	-47	0.17	0.17	0	
07/12/2011 13:50:54	TASTEGGIO	0	1	5000	42060	160713	44	-89	0.84	0.84	0	
07/12/2011 13:51:14	TASTEGGIO	0	1	5000	42060	160713	0	-84	1.27	1.27	0	
07/12/2011 13:51:37	TASTEGGIO	0	2	5000	42060	160713	384	-426	0.00	0.00	0	
07/12/2011 13:51:45	TASTEGGIO	0	2	5000	42060	160718	384	-426	0.00	0.01	-119500	
07/12/2011 13:53:42	TASTEGGIO	0	2	5000	42060	158945	384	-426	0.49	0.49	0	
07/12/2011 13:54:05	TASTEGGIO	1	0	5000	42060	158949	57	-10	0.38	0.38	0	
07/12/2011 13:54:26	TASTEGGIO	0	1	5000	42060	158950	86	-8	0.27	0.27	0	
07/12/2011 13:54:47	TASTEGGIO	0	2	5000	42060	158950	113	-85	0.65	0.65	0	
07/12/2011 13:55:02	TASTEGGIO	0	1	5000	42060	158950	0	-18	0.44	0.44	0	
07/12/2011 13:55:21	TASTEGGIO	0	2	5000	42060	158949	42	-19	0.27	0.27	0	
07/12/2011 13:55:41	TASTEGGIO	0	3	5000	42060	158950	70	-36	0.19	0.19	0	
07/12/2011 13:56:02	TASTEGGIO	0	1	5000	42060	158950	56	-28	0.36	0.36	0	
07/12/2011 13:56:22	TASTEGGIO	0	1	5000	42060	158950	0	-3	0.33	0.33	0	
07/12/2011 13:56:42	TASTEGGIO	0	2	5000	42060	158950	60	-57	0.23	0.23	0	
07/12/2011 13:57:02	TASTEGGIO	0	1	5000	42060	158950	43	-35	0.23	0.23	0	
07/12/2011 13:57:22	TASTEGGIO	0	1	5000	42060	158950	20	-29	0.20	0.20	0	
07/12/2011 13:57:41	TASTEGGIO	0	1	5000	42060	158950	2	-19	0.19	0.19	0	
07/12/2011 13:58:01	TASTEGGIO	0	2	5000	42060	158950	38	-40	0.40	0.40	0	
07/12/2011 13:58:19	TASTEGGIO	0	1	5000	42060	158950	0	-19	0.28	0.28	0	
07/12/2011 13:58:38	TASTEGGIO	0	2	5000	42060	158950	27	-15	0.18	0.18	0	
07/12/2011 13:58:42	ALARM 401		
07/12/2011 13:58:44	ALARM 203		err.6058
07/12/2011 13:58:57	TASTEGGIO	0	3	5000	42060	158945	47	0	0.21	0.33	82800	
07/12/2011 13:59:18	TASTEGGIO	1	0	5000	42060	76203	53	-1	0.35	0.35	0	
07/12/2011 13:59:37	TASTEGGIO	0	1	5000	42060	76202	90	-4	0.28	0.28	0	
07/12/2011 13:59:57	TASTEGGIO	0	2	5000	42060	76196	121	-18	0.10	0.10	0	
07/12/2011 14:00:08	TASTEGGIO	0	2	5000	42060	158652	121	-18	0.32	0.32	0	
07/12/2011 14:00:31	TASTEGGIO	1	0	5000	42060	158648	53	-11	0.22	0.22	0	
07/12/2011 14:00:52	TASTEGGIO	0	1	5000	42060	158648	68	-17	0.15	0.15	0	
07/12/2011 14:01:13	TASTEGGIO	0	2	5000	42060	158648	82	-73	0.61	0.61	0	
07/12/2011 14:01:30	TASTEGGIO	0	1	5000	42060	158648	0	-19	0.43	0.43	0	
07/12/2011 14:01:48	TASTEGGIO	0	2	5000	42060	158648	42	-21	0.23	0.23	0	
07/12/2011 14:01:52	ALARM 401		
07/12/2011 14:01:55	ALARM 203		err.6058
07/12/2011 14:02:08	TASTEGGIO	0	3	5000	42060	158652	63	0	0.23	0.35	-82000	
07/12/2011 14:02:33	TASTEGGIO	1	0	5000	42060	240617	53	-19	0.15	0.15	0	
07/12/2011 14:02:35	ALARM 401		
07/12/2011 14:02:53	TASTEGGIO	1	0	5000	42060	158944	53	-19	0.32	0.32	0	
07/12/2011 14:03:15	TASTEGGIO	1	0	5000	42060	158948	53	-10	0.25	0.25	0	
07/12/2011 14:03:37	TASTEGGIO	0	1	5000	42060	158948	72	-21	0.23	0.23	0	
07/12/2011 14:03:58	TASTEGGIO	0	2	5000	42060	158948	114	-112	0.96	0.96	0	
07/12/2011 14:04:13	TASTEGGIO	0	1	5000	42060	158948	0	-14	0.81	0.81	0	
07/12/2011 14:04:33	TASTEGGIO	0	2	5000	42060	158948	136	-80	0.33	0.33	0	
07/12/2011 14:04:53	TASTEGGIO	0	0	5000	42060	158948	53	-7	0.24	0.24	0	
07/12/2011 14:05:15	TASTEGGIO	0	1	5000	42060	158948	70	-11	0.19	0.19	0	
07/12/2011 14:05:36	TASTEGGIO	0	2	5000	42060	158948	91	-89	0.78	0.78	0	
07/12/2011 14:05:51	TASTEGGIO	0	1	5000	42060	158948	0	-17	0.61	0.61	0	
07/12/2011 14:06:08	ALARM 401		
07/12/2011 14:06:10	ALARM 401		
07/12/2011 14:06:11	ALARM 401		
07/12/2011 14:06:15	ALARM 401		
07/12/2011 14:09:51	TASTEGGIO	0	2	5000	42060	161588	67	-31	0.22	0.25	120300	
07/12/2011 14:10:15	TASTEGGIO	1	0	5000	42060	41325	51	0	0.25	0.25	0	
07/12/2011 14:10:33	TASTEGGIO	0	1	5000	42060	41327	76	0	0.25	0.25	0	
07/12/2011 14:10:51	TASTEGGIO	0	2	5000	42060	41328	126	0	0.27	0.27	0	
07/12/2011 14:11:12	TASTEGGIO	0	3	5000	42060	41326	213	-5	0.19	0.19	0	
07/12/2011 14:11:32	TASTEGGIO	0	4	5000	42060	41331	239	-12	0.06	0.06	0	
07/12/2011 14:11:44	TASTEGGIO	0	4	5000	42060	161203	239	-12	0.16	0.16	0	
07/12/2011 14:12:08	TASTEGGIO	1	0	5000	42060	161199	49	-25	0.11	0.11	0	
07/12/2011 14:12:16	TASTEGGIO	1	0	5000	42060	161203	49	-25	0.12	0.24	82800	
07/12/2011 14:12:38	TASTEGGIO	1	0	5000	42060	78477	51	0	0.21	0.21	0	
07/12/2011 14:12:57	TASTEGGIO	0	1	5000	42060	78476	69	4	0.24	0.24	0	
07/12/2011 14:13:17	TASTEGGIO	0	2	5000	42060	78473	123	-3	0.16	0.16	0	
07/12/2011 14:13:39	TASTEGGIO	0	3	5000	42060	78469	141	-4	0.12	0.12	0	
07/12/2011 14:13:50	TASTEGGIO	0	3	5000	42060	161203	141	-4	0.04	0.15	82800	
07/12/2011 14:14:50	ALARM 17	proc 12 prog 10 step 47	LavoroTerminato
07/12/2011 14:25:46	TASTEGGIO	0	3	5000	42060	160477	141	-4	1.36	1.36	0	
07/12/2011 14:26:06	TASTEGGIO	1	0	5000	42060	160480	79	1	1.33	1.33	0	
07/12/2011 14:26:28	TASTEGGIO	0	1	5000	42060	160481	209	-137	0.45	0.45	0	
07/12/2011 14:26:32	ALARM 401		
07/12/2011 14:26:35	ALARM 203		err.6058
07/12/2011 14:26:52	TASTEGGIO	0	1	5000	42060	160477	193	0	0.44	0.82	82800	
07/12/2011 14:27:13	TASTEGGIO	1	0	5000	42060	77717	65	0	0.76	0.76	0	
07/12/2011 14:27:33	TASTEGGIO	0	1	5000	42060	77709	135	-15	0.60	0.60	0	
07/12/2011 14:27:54	TASTEGGIO	0	2	5000	42060	77709	201	-78	0.23	0.23	0	
07/12/2011 14:27:58	ALARM 401		
07/12/2011 14:28:00	ALARM 401		
07/12/2011 14:28:02	ALARM 401		
07/12/2011 14:28:21	TASTEGGIO	0	1	5000	42060	160068	192	0	0.65	0.65	0	
07/12/2011 14:28:44	TASTEGGIO	1	0	5000	42060	160062	61	-38	0.31	0.31	0	
07/12/2011 14:29:04	TASTEGGIO	0	0	5000	42060	160062	52	-40	0.09	0.09	0	
07/12/2011 14:29:12	TASTEGGIO	0	0	5000	42060	160067	52	-40	0.11	0.44	120300	
07/12/2011 14:29:35	TASTEGGIO	1	0	5000	42060	39848	56	-6	0.38	0.38	0	
07/12/2011 14:29:53	TASTEGGIO	0	1	5000	42060	39841	88	-5	0.34	0.34	0	
07/12/2011 14:30:13	TASTEGGIO	0	2	5000	42060	39836	148	-4	0.28	0.28	0	
07/12/2011 14:30:34	TASTEGGIO	0	3	5000	42060	39834	217	-21	0.19	0.19	0	
07/12/2011 14:30:55	TASTEGGIO	0	4	5000	42060	39839	242	-54	0.40	0.40	0	
07/12/2011 14:31:13	TASTEGGIO	0	1	5000	42060	39830	157	-18	0.22	0.22	0	
07/12/2011 14:31:31	TASTEGGIO	0	2	5000	42060	39831	174	-10	0.15	0.15	0	
07/12/2011 14:31:34	ALARM 401		
07/12/2011 14:31:37	ALARM 401		
07/12/2011 14:31:59	TASTEGGIO	0	3	5000	42060	160075	191	-10	0.20	0.39	82800	
07/12/2011 14:32:22	TASTEGGIO	1	0	5000	42060	77345	54	-5	0.35	0.35	0	
07/12/2011 14:32:41	TASTEGGIO	0	1	5000	42060	77341	85	-7	0.29	0.29	0	
07/12/2011 14:33:01	TASTEGGIO	0	2	5000	42060	77335	133	-39	0.13	0.13	0	
07/12/2011 14:33:12	TASTEGGIO	0	2	5000	42060	160077	133	-39	0.12	0.39	-119500	
07/12/2011 14:33:37	TASTEGGIO	1	0	5000	42060	279541	54	-34	0.10	0.10	0	
07/12/2011 14:33:50	TASTEGGIO	1	0	5000	42060	160454	54	-34	0.11	0.17	120300	
07/12/2011 14:34:14	TASTEGGIO	1	0	5000	42060	40205	49	-3	0.18	0.18	0	
07/12/2011 14:34:31	TASTEGGIO	0	1	5000	42060	40203	68	0	0.14	0.14	0	
07/12/2011 14:34:43	TASTEGGIO	0	1	5000	42060	160091	68	0	0.07	0.18	-82000	
07/12/2011 14:35:09	TASTEGGIO	1	0	5000	42060	242057	49	-37	0.28	0.28	0	
07/12/2011 14:35:28	TASTEGGIO	0	1	5000	42060	242057	5	-7	0.32	0.32	0	
07/12/2011 14:35:49	TASTEGGIO	0	2	5000	42060	242057	78	-83	1.02	1.02	0	
07/12/2011 14:35:54	ALARM 218	proc 12 prog 85 step 19	go_abs 3 cmd 11
07/12/2011 14:36:02	ALARM 401		
07/12/2011 14:36:05	ALARM 203		err.6058
07/12/2011 14:36:30	TASTEGGIO	0	1	5000	42060	160459	0	0	0.75	0.97	-82000	
07/12/2011 14:36:53	TASTEGGIO	1	0	5000	42060	242418	69	-8	0.91	0.91	0	
07/12/2011 14:37:14	TASTEGGIO	0	1	5000	42060	242418	154	-46	0.43	0.43	0	
07/12/2011 14:37:32	TASTEGGIO	0	0	5000	42060	242418	55	0	0.41	0.41	0	
07/12/2011 14:37:53	TASTEGGIO	0	1	5000	42060	242418	94	-7	0.35	0.35	0	
07/12/2011 14:38:16	TASTEGGIO	0	2	5000	42060	242418	153	-76	0.41	0.41	0	
07/12/2011 14:38:37	TASTEGGIO	0	1	5000	42060	242418	104	-35	0.05	0.05	0	
07/12/2011 14:38:48	TASTEGGIO	0	1	5000	42060	160470	104	-35	0.10	0.12	120300	
07/12/2011 14:39:26	ALARM 304	proc 12 prog 32 step 49	inverter error 8
07/12/2011 14:41:29	TASTEGGIO	0	1	5000	42060	160557	104	-35	0.24	0.35	120300	
07/12/2011 14:41:52	TASTEGGIO	1	0	5000	42060	40305	53	-6	0.30	0.30	0	
07/12/2011 14:42:10	TASTEGGIO	0	1	5000	42060	40303	78	-4	0.26	0.26	0	
07/12/2011 14:42:28	TASTEGGIO	0	2	5000	42060	40303	123	-3	0.23	0.23	0	
07/12/2011 14:42:48	TASTEGGIO	0	3	5000	42060	40298	184	-6	0.18	0.18	0	
07/12/2011 14:42:51	ALARM 401		
07/12/2011 14:42:55	ALARM 203		err.6058
07/12/2011 14:43:11	TASTEGGIO	0	4	5000	42060	160135	212	0	0.18	0.21	-82000	
07/12/2011 14:43:36	TASTEGGIO	1	0	5000	42060	242097	50	-21	0.06	0.06	0	
07/12/2011 14:43:47	TASTEGGIO	1	0	5000	42060	160552	50	-21	0.28	0.28	0	
07/12/2011 14:44:10	TASTEGGIO	1	0	5000	42060	160556	52	-28	0.15	0.15	0	
07/12/2011 14:44:14	ALARM 401		
07/12/2011 14:44:31	TASTEGGIO	0	1	5000	42060	160552	60	-28	0.13	0.23	120300	
07/12/2011 14:44:54	TASTEGGIO	1	0	5000	42060	40298	50	0	0.22	0.22	0	
07/12/2011 14:45:11	TASTEGGIO	0	1	5000	42060	40294	71	-3	0.19	0.19	0	
07/12/2011 14:45:30	TASTEGGIO	0	2	5000	42060	40292	103	0	0.18	0.18	0	
07/12/2011 14:45:49	TASTEGGIO	0	3	5000	42060	40293	154	-2	0.16	0.16	0	
07/12/2011 14:45:52	ALARM 401		
07/12/2011 14:45:56	ALARM 201		err.6059
07/12/2011 14:46:14	TASTEGGIO	0	4	5000	42060	160146	210	0	0.15	0.16	120300	
07/12/2011 14:46:38	TASTEGGIO	1	0	5000	42060	39921	49	0	0.15	0.15	0	
07/12/2011 14:46:56	TASTEGGIO	0	1	5000	42060	39914	63	0	0.18	0.18	0	
07/12/2011 14:47:14	TASTEGGIO	0	2	5000	42060	39910	106	0	0.14	0.14	0	
07/12/2011 14:47:26	TASTEGGIO	0	2	5000	42060	160152	106	0	0.17	0.17	0	
07/12/2011 14:47:49	TASTEGGIO	1	0	5000	42060	160146	49	-61	0.47	0.47	0	
07/12/2011 14:48:07	TASTEGGIO	0	1	5000	42060	160146	0	-11	0.35	0.35	0	
07/12/2011 14:48:26	TASTEGGIO	0	2	5000	42060	160146	36	-10	0.23	0.23	0	
07/12/2011 14:48:48	TASTEGGIO	0	3	5000	42060	160146	62	-16	0.08	0.08	0	
07/12/2011 14:48:55	TASTEGGIO	0	3	5000	42060	160151	62	-16	0.09	0.18	82800	
07/12/2011 14:49:19	TASTEGGIO	1	0	5000	42060	77424	49	0	0.19	0.19	0	
07/12/2011 14:49:37	TASTEGGIO	0	1	5000	42060	77423	69	0	0.18	0.18	0	
07/12/2011 14:49:57	TASTEGGIO	0	2	5000	42060	77419	103	-2	0.17	0.17	0	
07/12/2011 14:50:18	TASTEGGIO	0	3	5000	42060	77415	151	-9	0.10	0.10	0	
07/12/2011 14:50:30	TASTEGGIO	0	3	5000	42060	160155	151	-9	0.07	0.16	120300	
07/12/2011 14:50:32	ALARM 401		
07/12/2011 14:50:36	ALARM 401		
07/12/2011 14:50:53	TASTEGGIO	0	3	5000	42060	160154	151	-9	0.07	0.16	120300	
07/12/2011 14:52:48	TASTEGGIO	0	3	5000	42060	159137	151	-9	0.30	0.30	0	
07/12/2011 14:52:53	ALARM 401		
07/12/2011 14:52:55	ALARM 401		
07/12/2011 14:52:55	ALARM 401		
07/12/2011 14:54:33	TASTEGGIO	1	0	5000	42060	159137	52	-9	0.31	0.31	0	
07/12/2011 14:54:55	TASTEGGIO	1	0	5000	42060	159140	52	-8	0.22	0.22	0	
07/12/2011 14:55:17	TASTEGGIO	0	1	5000	42060	159140	67	-13	0.17	0.17	0	
07/12/2011 14:55:20	ALARM 401		
07/12/2011 14:55:22	ALARM 401		
07/12/2011 14:55:24	ALARM 401		
07/12/2011 14:55:26	ALARM 401		
07/12/2011 14:55:40	TASTEGGIO	0	2	5000	42060	159137	85	0	0.20	0.23	-82000	
07/12/2011 14:56:04	TASTEGGIO	1	0	5000	42060	241100	50	-7	0.11	0.11	0	
07/12/2011 14:56:16	TASTEGGIO	1	0	5000	42060	159147	50	-7	0.23	0.27	44500	
07/12/2011 14:56:39	TASTEGGIO	1	0	5000	42060	114686	51	-24	0.08	0.08	0	
07/12/2011 14:56:49	TASTEGGIO	1	0	5000	42060	158859	51	-24	0.43	0.43	0	
07/12/2011 14:57:12	TASTEGGIO	1	0	5000	42060	158855	55	-3	0.39	0.39	0	
07/12/2011 14:57:33	TASTEGGIO	0	1	5000	42060	158855	90	-8	0.30	0.30	0	
07/12/2011 14:57:55	TASTEGGIO	0	2	5000	42060	158855	122	-55	0.36	0.36	0	
07/12/2011 14:58:16	TASTEGGIO	0	1	5000	42060	158855	78	-84	0.47	0.47	0	
07/12/2011 14:58:34	TASTEGGIO	0	1	5000	42060	158855	16	-25	0.29	0.29	0	
07/12/2011 14:58:54	TASTEGGIO	0	2	5000	42060	158855	41	-19	0.16	0.16	0	
07/12/2011 14:59:15	TASTEGGIO	0	3	5000	42060	158855	56	-19	0.24	0.24	0	
07/12/2011 14:59:35	TASTEGGIO	0	1	5000	42060	158855	20	-31	0.15	0.15	0	
07/12/2011 14:59:37	ALARM 218	proc 12 prog 73 step 17	go_abs 5 cmd 11
07/12/2011 14:59:40	ALARM 401		
07/12/2011 14:59:55	TASTEGGIO	0	1	5000	42060	158859	20	-31	0.15	0.22	120300	
07/12/2011 15:00:19	TASTEGGIO	1	0	5000	42060	38650	50	0	0.22	0.22	0	
07/12/2011 15:00:37	TASTEGGIO	0	1	5000	42060	38640	72	0	0.20	0.20	0	
07/12/2011 15:00:56	TASTEGGIO	0	2	5000	42060	38633	108	0	0.20	0.20	0	
07/12/2011 15:01:14	TASTEGGIO	0	3	5000	42060	38630	168	-2	0.18	0.18	0	
07/12/2011 15:01:19	ALARM 401		
07/12/2011 15:01:22	ALARM 401		
07/12/2011 15:01:25	ALARM 203		err.6058
07/12/2011 15:01:43	TASTEGGIO	0	4	5000	42060	158861	232	0	0.15	0.21	-82000	
07/12/2011 15:02:08	TASTEGGIO	1	0	5000	42060	240826	50	-1	0.14	0.14	0	
07/12/2011 15:02:20	TASTEGGIO	1	0	5000	42060	159131	50	-1	0.15	0.18	-82000	
07/12/2011 15:02:44	TASTEGGIO	1	0	5000	42060	241093	49	0	0.12	0.12	0	
07/12/2011 15:02:55	TASTEGGIO	1	0	5000	42060	159139	49	0	0.17	0.23	44500	
07/12/2011 15:03:19	TASTEGGIO	1	0	5000	42060	114676	50	-4	0.13	0.13	0	
07/12/2011 15:03:29	TASTEGGIO	1	0	5000	42060	158853	50	-4	0.20	0.20	0	
07/12/2011 15:03:52	TASTEGGIO	1	0	5000	42060	158850	50	-25	0.29	0.29	0	
07/12/2011 15:04:10	TASTEGGIO	0	1	5000	42060	158850	7	-20	0.14	0.14	0	
07/12/2011 15:04:18	TASTEGGIO	0	1	5000	42060	158853	7	-20	0.15	0.15	0	
07/12/2011 15:06:14	TASTEGGIO	0	1	5000	42060	161378	7	-20	0.17	0.24	120300	
07/12/2011 15:06:37	TASTEGGIO	1	0	5000	42060	41117	51	-3	0.21	0.21	0	
07/12/2011 15:06:55	TASTEGGIO	0	1	5000	42060	41117	69	-2	0.19	0.19	0	
07/12/2011 15:07:14	TASTEGGIO	0	2	5000	42060	41118	103	-2	0.17	0.17	0	
07/12/2011 15:07:19	ALARM 401		
07/12/2011 15:07:22	ALARM 203		err.6059
07/12/2011 15:07:40	TASTEGGIO	0	3	5000	42060	161018	148	0	0.11	0.21	44500	
07/12/2011 15:08:05	TASTEGGIO	1	0	5000	42060	116580	50	-9	0.09	0.09	0	
07/12/2011 15:08:15	TASTEGGIO	1	0	5000	42060	161006	50	-9	0.16	0.16	0	
07/12/2011 15:08:19	ALARM 401		
07/12/2011 15:08:21	ALARM 401		
07/12/2011 15:08:22	ALARM 401		
07/12/2011 15:08:39	TASTEGGIO	1	0	5000	42060	161008	50	-9	0.16	0.16	120300	
07/12/2011 15:10:35	TASTEGGIO	1	0	5000	42060	161172	50	-9	0.64	0.95	82800	
07/12/2011 15:10:55	TASTEGGIO	1	0	5000	42060	78425	68	0	0.99	0.99	0	
07/12/2011 15:11:15	TASTEGGIO	0	1	5000	42060	78426	171	-16	0.81	0.81	0	
07/12/2011 15:11:38	TASTEGGIO	0	2	5000	42060	78423	303	-225	1.48	1.48	0	
07/12/2011 15:11:52	TASTEGGIO	0	1	5000	42060	78424	32	-5	1.39	1.39	0	
07/12/2011 15:12:15	TASTEGGIO	0	2	5000	42060	78420	293	-137	0.32	0.32	0	
07/12/2011 15:12:32	TASTEGGIO	0	0	5000	42060	78419	53	0	0.28	0.28	0	
07/12/2011 15:12:37	ALARM 401		
07/12/2011 15:12:39	ALARM 401		
07/12/2011 15:12:40	ALARM 401		
07/12/2011 15:12:41	ALARM 401		
07/12/2011 15:12:43	ALARM 401		
07/12/2011 15:12:43	ALARM 401		
07/12/2011 15:13:01	TASTEGGIO	0	1	5000	42060	160821	77	0	0.21	0.28	-82000	
07/12/2011 15:13:26	TASTEGGIO	1	0	5000	42060	242784	52	-11	0.18	0.18	0	
07/12/2011 15:13:45	TASTEGGIO	0	1	5000	42060	242785	63	-9	0.09	0.09	0	
07/12/2011 15:13:57	TASTEGGIO	0	1	5000	42060	161169	63	-9	0.08	0.18	82800	
07/12/2011 15:14:19	TASTEGGIO	1	0	5000	42060	78423	49	0	0.18	0.18	0	
07/12/2011 15:14:38	TASTEGGIO	0	1	5000	42060	78421	67	-1	0.17	0.17	0	
07/12/2011 15:14:43	ALARM 401		
07/12/2011 15:14:45	ALARM 401		
07/12/2011 15:15:04	TASTEGGIO	0	2	5000	42060	160815	99	0	0.07	0.15	82800	
07/12/2011 15:16:20	ALARM 17	proc 12 prog 10 step 47	LavoroTerminato
07/12/2011 15:17:40	TASTEGGIO	0	2	5000	42060	161267	99	0	0.46	0.59	82800	
07/12/2011 15:18:00	TASTEGGIO	1	0	5000	42060	78524	59	-1	0.60	0.60	0	
07/12/2011 15:18:19	TASTEGGIO	0	1	5000	42060	78524	120	-13	0.46	0.46	0	
07/12/2011 15:18:40	TASTEGGIO	0	2	5000	42060	78518	169	-66	0.29	0.29	0	
07/12/2011 15:19:01	TASTEGGIO	0	1	5000	42060	78517	150	-70	0.50	0.50	0	
07/12/2011 15:19:18	TASTEGGIO	0	1	5000	42060	78514	63	-5	0.43	0.43	0	
07/12/2011 15:19:38	TASTEGGIO	0	2	5000	42060	78512	136	-42	0.08	0.08	0	
07/12/2011 15:19:49	TASTEGGIO	0	2	5000	42060	160903	136	-42	0.11	0.26	120300	
07/12/2011 15:20:12	TASTEGGIO	1	0	5000	42060	40664	51	-6	0.23	0.23	0	
07/12/2011 15:20:31	TASTEGGIO	0	1	5000	42060	40659	71	-5	0.17	0.17	0	
07/12/2011 15:20:35	ALARM 401		
07/12/2011 15:20:38	ALARM 201		err.6059
07/12/2011 15:20:59	TASTEGGIO	0	2	5000	42060	160901	88	0	0.09	0.21	-82000	
07/12/2011 15:21:24	TASTEGGIO	1	0	5000	42060	242866	50	-26	0.13	0.13	0	
07/12/2011 15:21:35	TASTEGGIO	1	0	5000	42060	161257	50	-26	0.19	0.19	0	
07/12/2011 15:21:58	TASTEGGIO	1	0	5000	42060	161261	49	-49	0.31	0.31	0	
07/12/2011 15:22:17	TASTEGGIO	0	1	5000	42060	161261	0	-15	0.20	0.20	0	
07/12/2011 15:22:37	TASTEGGIO	0	2	5000	42060	161261	18	-38	0.17	0.17	0	
07/12/2011 15:22:56	TASTEGGIO	0	1	5000	42060	161261	3	-17	0.11	0.11	0	
07/12/2011 15:23:04	TASTEGGIO	0	1	5000	42060	161257	3	-17	0.10	0.17	120300	
07/12/2011 15:23:27	TASTEGGIO	1	0	5000	42060	41004	49	-2	0.15	0.15	0	
07/12/2011 15:23:46	TASTEGGIO	0	1	5000	42060	41004	62	0	0.14	0.14	0	
07/12/2011 15:23:58	TASTEGGIO	0	1	5000	42060	160904	62	0	0.13	0.13	0	
07/12/2011 15:25:53	TASTEGGIO	0	1	5000	42060	160559	62	0	0.56	0.59	82800	
07/12/2011 15:26:12	TASTEGGIO	1	0	5000	42060	77810	59	0	0.61	0.61	0	
07/12/2011 15:26:30	TASTEGGIO	0	1	5000	42060	77809	122	-4	0.57	0.57	0	
07/12/2011 15:26:52	TASTEGGIO	0	2	5000	42060	77807	228	-53	0.19	0.19	0	
07/12/2011 15:26:57	ALARM 401		
07/12/2011 15:27:00	ALARM 401		
07/12/2011 15:27:19	TASTEGGIO	0	0	5000	42060	160164	49	0	0.25	0.32	44500	
07/12/2011 15:27:43	TASTEGGIO	1	0	5000	42060	115730	53	-25	0.27	0.27	0	
07/12/2011 15:28:02	TASTEGGIO	0	1	5000	42060	115730	75	-32	0.09	0.09	0	
07/12/2011 15:28:13	TASTEGGIO	0	1	5000	42060	160161	75	-32	0.17	0.30	82800	
07/12/2011 15:28:36	TASTEGGIO	1	0	5000	42060	77440	52	-24	0.08	0.08	0	
07/12/2011 15:28:47	TASTEGGIO	1	0	5000	42060	160168	52	-24	0.04	0.12	120300	
07/12/2011 15:30:44	TASTEGGIO	1	0	5000	42060	160661	52	-24	0.10	0.18	120300	
07/12/2011 15:31:07	TASTEGGIO	1	0	5000	42060	40406	49	-5	0.16	0.16	0	
07/12/2011 15:31:25	TASTEGGIO	0	1	5000	42060	40400	63	-5	0.12	0.12	0	
07/12/2011 15:31:37	TASTEGGIO	0	1	5000	42060	160260	63	-5	0.05	0.12	120300	
07/12/2011 15:33:32	TASTEGGIO	0	1	5000	42060	160297	63	-5	0.49	0.93	120300	
07/12/2011 15:33:56	TASTEGGIO	1	0	5000	42060	40037	68	-4	0.89	0.89	0	
07/12/2011 15:34:13	TASTEGGIO	0	1	5000	42060	40037	153	-6	0.83	0.83	0	
07/12/2011 15:34:35	TASTEGGIO	0	2	5000	42060	40041	307	-39	0.49	0.49	0	
07/12/2011 15:34:38	ALARM 401		
07/12/2011 15:34:41	ALARM 401		
07/12/2011 15:34:42	ALARM 401		
07/12/2011 15:34:42	ALARM 401		
07/12/2011 15:35:07	TASTEGGIO	0	3	5000	42060	159911	357	0	0.35	0.59	82800	
07/12/2011 15:35:28	TASTEGGIO	1	0	5000	42060	77185	59	-1	0.61	0.61	0	
07/12/2011 15:35:47	TASTEGGIO	0	1	5000	42060	77175	122	-12	0.51	0.51	0	
07/12/2011 15:36:08	TASTEGGIO	0	2	5000	42060	77170	207	-105	0.61	0.61	0	
07/12/2011 15:36:30	TASTEGGIO	0	1	5000	42060	77168	134	-73	1.25	1.25	0	
07/12/2011 15:36:43	TASTEGGIO	0	1	5000	42060	77166	0	-4	1.18	1.18	0	
07/12/2011 15:37:03	TASTEGGIO	0	2	5000	42060	77162	222	-61	0.54	0.54	0	
07/12/2011 15:37:21	TASTEGGIO	0	0	5000	42060	77162	58	2	0.52	0.52	0	
07/12/2011 15:37:39	TASTEGGIO	0	1	5000	42060	77162	108	1	0.56	0.56	0	
07/12/2011 15:38:02	TASTEGGIO	0	2	5000	42060	77162	228	-107	0.74	0.74	0	
07/12/2011 15:38:21	TASTEGGIO	0	1	5000	42060	77162	130	-19	0.55	0.55	0	
07/12/2011 15:38:43	TASTEGGIO	0	2	5000	42060	77162	187	-67	0.48	0.48	0	
07/12/2011 15:39:03	TASTEGGIO	0	1	5000	42060	77162	145	-31	0.16	0.16	0	
07/12/2011 15:39:05	ALARM 401		
07/12/2011 15:39:24	TASTEGGIO	0	1	5000	42060	159910	145	-31	0.21	0.25	120300	
07/12/2011 15:39:48	TASTEGGIO	1	0	5000	42060	39692	51	0	0.23	0.23	0	
07/12/2011 15:40:05	TASTEGGIO	0	1	5000	42060	39684	72	0	0.21	0.21	0	
07/12/2011 15:40:24	TASTEGGIO	0	2	5000	42060	39680	110	1	0.22	0.22	0	
07/12/2011 15:40:43	TASTEGGIO	0	3	5000	42060	39677	179	0	0.22	0.22	0	
07/12/2011 15:40:49	ALARM 401		
07/12/2011 15:40:51	ALARM 203		err.6058
07/12/2011 15:41:17	TASTEGGIO	0	4	5000	42060	159911	267	0	0.22	0.26	120300	
07/12/2011 15:41:41	TASTEGGIO	1	0	5000	42060	39708	51	1	0.21	0.21	0	
07/12/2011 15:41:59	TASTEGGIO	0	1	5000	42060	39704	67	0	0.21	0.21	0	
07/12/2011 15:42:17	TASTEGGIO	0	2	5000	42060	39702	109	0	0.20	0.20	0	
07/12/2011 15:42:37	TASTEGGIO	0	3	5000	42060	39700	166	1	0.21	0.21	0	
07/12/2011 15:42:57	TASTEGGIO	0	4	5000	42060	39704	254	-18	0.16	0.16	0	
07/12/2011 15:43:00	ALARM 401		
07/12/2011 15:43:03	ALARM 205		err.6058
07/12/2011 15:43:18	TASTEGGIO	0	4	5000	42060	159910	254	-18	0.31	0.31	0	
07/12/2011 15:43:42	TASTEGGIO	1	0	5000	42060	159906	52	-59	0.33	0.33	0	
07/12/2011 15:44:03	TASTEGGIO	0	1	5000	42060	159906	16	-39	0.65	0.65	0	
07/12/2011 15:44:25	TASTEGGIO	0	1	5000	42060	159906	0	-43	1.02	1.02	0	
07/12/2011 15:44:51	TASTEGGIO	0	2	5000	42060	159906	320	-320	0.00	0.00	0	
07/12/2011 15:44:59	TASTEGGIO	0	2	5000	42060	159911	320	-320	0.00	0.00	120300	
07/12/2011 15:46:56	TASTEGGIO	0	2	5000	42060	161852	320	-320	0.08	0.32	82800	
07/12/2011 15:47:20	TASTEGGIO	1	0	5000	42060	79112	53	0	0.28	0.28	0	
07/12/2011 15:47:40	TASTEGGIO	0	1	5000	42060	79109	77	-8	0.37	0.37	0	
07/12/2011 15:47:43	ALARM 401		
07/12/2011 15:47:45	ALARM 401		
07/12/2011 15:47:46	ALARM 401		
07/12/2011 15:48:02	TASTEGGIO	0	2	5000	42060	161503	174	0	0.04	0.37	82800	
07/12/2011 15:48:25	TASTEGGIO	1	0	5000	42060	78778	54	0	0.33	0.33	0	
07/12/2011 15:48:45	TASTEGGIO	0	1	5000	42060	78775	83	0	0.32	0.32	0	
07/12/2011 15:49:06	TASTEGGIO	0	2	5000	42060	78772	145	-6	0.26	0.26	0	
07/12/2011 15:49:10	ALARM 401		
07/12/2011 15:49:14	ALARM 201		err.6059
07/12/2011 15:49:28	TASTEGGIO	0	3	5000	42060	161490	208	0	0.05	0.30	82800	
07/12/2011 15:49:51	TASTEGGIO	1	0	5000	42060	78763	52	0	0.25	0.25	0	
07/12/2011 15:50:11	TASTEGGIO	0	1	5000	42060	78760	72	1	0.25	0.25	0	
07/12/2011 15:50:32	TASTEGGIO	0	2	5000	42060	78758	122	0	0.26	0.26	0	
07/12/2011 15:50:55	TASTEGGIO	0	3	5000	42060	78756	203	-64	0.46	0.46	0	
07/12/2011 15:51:14	TASTEGGIO	0	1	5000	42060	78754	121	-35	0.17	0.17	0	
07/12/2011 15:51:16	ALARM 401		
07/12/2011 15:51:19	ALARM 205		err.6058
07/12/2011 15:51:34	TASTEGGIO	0	1	5000	42060	161499	121	-35	0.27	0.27	0	
07/12/2011 15:51:57	TASTEGGIO	1	0	5000	42060	161495	51	-13	0.13	0.13	0	
07/12/2011 15:52:05	TASTEGGIO	1	0	5000	42060	161499	51	-13	0.13	0.22	82800	
07/12/2011 15:52:28	TASTEGGIO	1	0	5000	42060	78769	50	2	0.20	0.20	0	
07/12/2011 15:52:48	TASTEGGIO	0	1	5000	42060	78767	68	1	0.19	0.19	0	
07/12/2011 15:53:08	TASTEGGIO	0	2	5000	42060	78765	104	-13	0.13	0.13	0	
07/12/2011 15:53:19	TASTEGGIO	0	2	5000	42060	161499	104	-13	0.07	0.21	44500	
07/12/2011 15:53:44	TASTEGGIO	1	0	5000	42060	117065	50	-13	0.08	0.08	0	
07/12/2011 15:53:54	TASTEGGIO	1	0	5000	42060	161503	50	-13	0.10	0.23	82800	
07/12/2011 15:54:18	TASTEGGIO	1	0	5000	42060	78778	50	1	0.22	0.22	0	
07/12/2011 15:54:38	TASTEGGIO	0	1	5000	42060	78775	71	2	0.22	0.22	0	
07/12/2011 15:54:58	TASTEGGIO	0	2	5000	42060	78774	115	-6	0.17	0.17	0	
07/12/2011 15:55:00	ALARM 401		
07/12/2011 15:55:17	TASTEGGIO	0	2	5000	42060	161493	115	-6	0.05	0.21	82800	
07/12/2011 15:55:41	TASTEGGIO	1	0	5000	42060	78766	50	-5	0.14	0.14	0	
07/12/2011 15:55:52	TASTEGGIO	1	0	5000	42060	161504	50	-5	0.07	0.16	44500	
07/12/2011 15:56:52	ALARM 17	proc 12 prog 10 step 47	LavoroTerminato
07/12/2011 16:00:48	TASTEGGIO	1	0	5000	42060	160570	50	-5	0.91	0.94	82800	
07/12/2011 16:01:07	TASTEGGIO	1	0	5000	42060	77831	68	-1	0.98	0.98	0	
07/12/2011 16:01:26	TASTEGGIO	0	1	5000	42060	77828	170	-9	0.87	0.87	0	
07/12/2011 16:01:33	ALARM 401		
07/12/2011 16:01:35	ALARM 401		
07/12/2011 16:01:36	ALARM 401		
07/12/2011 16:01:56	TASTEGGIO	0	2	5000	42060	160168	324	0	0.84	0.84	0	
07/12/2011 16:02:16	TASTEGGIO	1	0	5000	42060	160163	66	-2	0.80	0.80	0	
07/12/2011 16:02:37	TASTEGGIO	0	1	5000	42060	160164	142	-77	0.06	0.06	0	
07/12/2011 16:02:45	TASTEGGIO	0	1	5000	42060	160168	142	-77	0.04	0.59	120300	
07/12/2011 16:03:07	TASTEGGIO	1	0	5000	42060	39944	59	-3	0.57	0.57	0	
07/12/2011 16:03:24	TASTEGGIO	0	1	5000	42060	39937	114	-3	0.52	0.52	0	
07/12/2011 16:03:44	TASTEGGIO	0	2	5000	42060	39932	208	-6	0.46	0.46	0	
07/12/2011 16:03:47	ALARM 401		
07/12/2011 16:03:50	ALARM 203		err.6059
07/12/2011 16:04:06	TASTEGGIO	0	3	5000	42060	160171	330	0	0.04	0.46	120300	
07/12/2011 16:04:31	TASTEGGIO	0	3	5000	42060	39946	40	0	0.49	0.49	0	
07/12/2011 16:05:00	TASTEGGIO	0	3	5000	42060	160173	51	3	0.05	0.45	120300	
07/12/2011 16:05:40	TASTEGGIO	0	3	5000	42060	160176	63	0	0.05	0.46	120300	
07/12/2011 16:06:14	TASTEGGIO	0	3	5000	42060	160176	77	0	0.05	0.45	120300	
07/12/2011 16:06:50	TASTEGGIO	0	3	5000	42060	160177	89	0	0.05	0.44	120300	
07/12/2011 16:08:27	TASTEGGIO	0	3	5000	42060	160173	98	0	0.05	0.43	120300	
07/12/2011 16:09:03	TASTEGGIO	0	3	5000	42060	160171	110	0	0.04	0.43	120300	
07/12/2011 16:16:06	TASTEGGIO	0	3	5000	42060	161598	110	0	0.18	0.21	-119500	
07/12/2011 16:16:31	TASTEGGIO	1	0	5000	42060	281054	50	-10	0.09	0.09	0	
07/12/2011 16:16:43	TASTEGGIO	1	0	5000	42060	161585	50	-10	0.16	0.16	0	
07/12/2011 16:18:40	TASTEGGIO	1	0	5000	42060	158412	50	-10	0.20	0.67	-82000	
07/12/2011 16:19:05	TASTEGGIO	1	0	5000	42060	240375	61	-13	0.49	0.49	0	
07/12/2011 16:19:26	TASTEGGIO	0	1	5000	42060	240376	96	-46	0.07	0.07	0	
07/12/2011 16:19:37	TASTEGGIO	0	1	5000	42060	158414	96	-46	0.42	0.42	0	
07/12/2011 16:19:59	TASTEGGIO	1	0	5000	42060	158418	55	-27	0.21	0.21	0	
07/12/2011 16:20:19	TASTEGGIO	0	0	5000	42060	158418	50	-39	0.17	0.17	0	
07/12/2011 16:20:21	ALARM 401		
07/12/2011 16:20:24	ALARM 201		err.6059
07/12/2011 16:21:05	TASTEGGIO	0	0	5000	42060	158413	50	-39	0.17	0.30	-82000	
07/12/2011 16:21:29	TASTEGGIO	1	0	5000	42060	240346	52	-2	0.29	0.29	0	
07/12/2011 16:21:51	TASTEGGIO	0	1	5000	42060	240347	80	-4	0.24	0.24	0	
07/12/2011 16:22:11	TASTEGGIO	0	2	5000	42060	240347	119	-55	0.33	0.33	0	
07/12/2011 16:22:30	TASTEGGIO	0	1	5000	42060	240347	73	-29	0.07	0.07	0	
07/12/2011 16:22:41	TASTEGGIO	0	1	5000	42060	158421	73	-29	0.07	0.30	-119500	
07/12/2011 16:23:06	TASTEGGIO	1	0	5000	42060	277880	52	-16	0.17	0.17	0	
07/12/2011 16:23:07	ALARM 401		
07/12/2011 16:23:10	ALARM 401		
07/12/2011 16:23:31	TASTEGGIO	1	0	5000	42060	158383	52	-16	0.05	0.22	-82000	
07/12/2011 16:23:56	TASTEGGIO	1	0	5000	42060	240317	50	-13	0.12	0.12	0	
07/12/2011 16:24:07	TASTEGGIO	1	0	5000	42060	158400	50	-13	0.10	0.20	-119500	
07/12/2011 16:24:32	TASTEGGIO	1	0	5000	42060	277850	50	0	0.19	0.19	0	
07/12/2011 16:24:51	TASTEGGIO	0	1	5000	42060	277850	68	-5	0.15	0.15	0	
07/12/2011 16:24:54	ALARM 401		
07/12/2011 16:24:58	ALARM 205		err.6059
07/12/2011 16:25:17	TASTEGGIO	0	1	5000	42060	158377	68	-5	0.12	0.22	-82000	
07/12/2011 16:25:42	TASTEGGIO	1	0	5000	42060	240317	50	-6	0.13	0.13	0	
07/12/2011 16:25:53	TASTEGGIO	1	0	5000	42060	158413	50	-6	0.10	0.18	-119500	
07/12/2011 16:27:49	TASTEGGIO	1	0	5000	42060	157723	50	-6	1.10	1.18	82800	
07/12/2011 16:28:08	TASTEGGIO	1	0	5000	42060	74990	74	2	1.21	1.21	0	
07/12/2011 16:28:28	TASTEGGIO	0	1	5000	42060	74981	198	-23	0.94	0.94	0	
07/12/2011 16:28:33	ALARM 401		
07/12/2011 16:28:37	ALARM 202		err.6059
07/12/2011 16:28:55	TASTEGGIO	0	2	5000	42060	157493	301	0	0.95	0.95	0	
07/12/2011 16:29:14	TASTEGGIO	1	0	5000	42060	157488	68	-4	0.92	0.92	0	
07/12/2011 16:29:36	TASTEGGIO	0	1	5000	42060	157488	157	-84	0.41	0.41	0	
07/12/2011 16:29:55	TASTEGGIO	0	0	5000	42060	157488	55	-29	0.06	0.06	0	
07/12/2011 16:30:03	TASTEGGIO	0	0	5000	42060	157492	55	-29	0.06	0.52	82800	
07/12/2011 16:30:26	TASTEGGIO	1	0	5000	42060	74754	58	3	0.49	0.49	0	
07/12/2011 16:30:45	TASTEGGIO	0	1	5000	42060	74747	104	-2	0.47	0.47	0	
07/12/2011 16:31:06	TASTEGGIO	0	2	5000	42060	74742	194	-60	0.15	0.15	0	
07/12/2011 16:31:09	ALARM 401		
07/12/2011 16:31:28	TASTEGGIO	0	1	5000	42060	157489	189	-60	0.45	0.45	0	
07/12/2011 16:31:49	TASTEGGIO	1	0	5000	42060	157484	56	-33	0.12	0.12	0	
07/12/2011 16:31:56	TASTEGGIO	1	0	5000	42060	157489	56	-33	0.11	0.16	120300	
07/12/2011 16:33:54	TASTEGGIO	1	0	5000	42060	161272	56	-33	1.41	1.72	82800	
07/12/2011 16:34:14	TASTEGGIO	1	0	5000	42060	78532	88	2	1.77	1.77	0	
07/12/2011 16:34:35	TASTEGGIO	0	1	5000	42060	78524	270	-43	1.31	1.31	0	
07/12/2011 16:34:38	ALARM 401		
07/12/2011 16:34:42	ALARM 201		err.6059
07/12/2011 16:34:56	TASTEGGIO	0	2	5000	42060	160895	400	0	1.08	1.26	82800	
07/12/2011 16:35:17	TASTEGGIO	1	0	5000	42060	78167	76	3	1.33	1.33	0	
07/12/2011 16:35:37	TASTEGGIO	0	1	5000	42060	78155	216	0	1.30	1.30	0	
07/12/2011 16:36:01	TASTEGGIO	0	2	5000	42060	78152	400	-347	2.43	2.43	0	
07/12/2011 16:36:15	TASTEGGIO	0	1	5000	42060	78152	0	-6	2.33	2.33	0	
07/12/2011 16:36:18	ALARM 401		
07/12/2011 16:36:21	ALARM 203		err.6058
07/12/2011 16:36:36	TASTEGGIO	0	2	5000	42060	160907	400	0	1.23	2.25	82800	
07/12/2011 16:37:01	TASTEGGIO	0	2	5000	42060	78178	164	-6	2.17	2.17	0	
07/12/2011 16:37:22	TASTEGGIO	0	2	5000	42060	78170	192	-6	2.08	2.08	0	
07/12/2011 16:37:45	TASTEGGIO	0	2	5000	42060	78159	222	-18	1.85	1.85	0	
07/12/2011 16:38:17	TASTEGGIO	0	2	5000	42060	160898	241	-17	0.79	1.59	82800	
07/12/2011 16:38:45	TASTEGGIO	0	2	5000	42060	78166	178	3	1.63	1.63	0	
07/12/2011 16:39:07	TASTEGGIO	0	2	5000	42060	78159	197	1	1.61	1.61	0	
07/12/2011 16:39:38	TASTEGGIO	0	2	5000	42060	160906	220	5	0.77	1.56	82800	
07/12/2011 16:40:15	TASTEGGIO	0	2	5000	42060	160903	251	-12	0.64	1.38	82800	
07/12/2011 16:41:03	TASTEGGIO	0	2	5000	42060	160911	251	-13	0.51	1.20	82800	
07/12/2011 16:43:48	TASTEGGIO	0	2	5000	42060	160558	251	-13	0.82	1.03	82800	
07/12/2011 16:44:09	TASTEGGIO	1	0	5000	42060	77810	70	-2	1.07	1.07	0	
07/12/2011 16:44:29	TASTEGGIO	0	1	5000	42060	77803	181	-35	0.72	0.72	0	
07/12/2011 16:44:33	ALARM 218	proc 12 prog 85 step 19	go_abs 3 cmd 11
07/12/2011 16:44:35	ALARM 401		
07/12/2011 16:44:53	TASTEGGIO	0	2	5000	42060	160170	249	0	0.54	0.75	120300	
07/12/2011 16:45:16	TASTEGGIO	1	0	5000	42060	39938	63	-1	0.74	0.74	0	
07/12/2011 16:45:34	TASTEGGIO	0	1	5000	42060	39932	136	-5	0.67	0.67	0	
07/12/2011 16:45:39	ALARM 218	proc 12 prog 85 step 19	go_abs 3 cmd 11
07/12/2011 16:45:42	ALARM 203		err.6058
07/12/2011 16:45:59	TASTEGGIO	0	2	5000	42060	160171	257	0	0.49	0.65	120300	
07/12/2011 16:46:21	TASTEGGIO	1	0	5000	42060	39942	61	0	0.67	0.67	0	
07/12/2011 16:46:40	TASTEGGIO	0	1	5000	42060	39938	130	1	0.66	0.66	0	
07/12/2011 16:47:00	TASTEGGIO	0	2	5000	42060	39938	260	-18	0.47	0.47	0	
07/12/2011 16:47:03	ALARM 401		
07/12/2011 16:47:06	ALARM 201		err.6059
07/12/2011 16:47:21	TASTEGGIO	0	3	5000	42060	160170	317	0	0.41	0.47	120300	
07/12/2011 16:47:45	TASTEGGIO	1	0	5000	42060	39940	56	1	0.50	0.50	0	
07/12/2011 16:48:02	TASTEGGIO	0	1	5000	42060	39935	109	-1	0.46	0.46	0	
07/12/2011 16:48:22	TASTEGGIO	0	2	5000	42060	39933	193	1	0.46	0.46	0	
07/12/2011 16:48:26	ALARM 401		
07/12/2011 16:48:29	ALARM 203		err.6058
07/12/2011 16:48:35	ALARM 28	proc 12 prog 72 step 15	Pressa appoggiata sul tondo
07/12/2011 16:51:11	TASTEGGIO	0	3	5000	42060	160169	241	0	0.36	0.44	120300	
07/12/2011 16:51:50	TASTEGGIO	0	3	5000	42060	160167	261	-10	0.28	0.34	120300	
07/12/2011 16:52:33	TASTEGGIO	0	3	5000	42060	160166	261	-10	0.33	0.34	120300	
07/12/2011 16:52:57	TASTEGGIO	1	0	5000	42060	39941	53	1	0.35	0.35	0	
07/12/2011 16:53:14	TASTEGGIO	0	1	5000	42060	39937	89	0	0.35	0.35	0	
07/12/2011 16:53:34	TASTEGGIO	0	2	5000	42060	39932	159	0	0.34	0.34	0	
07/12/2011 16:53:53	TASTEGGIO	0	3	5000	42060	39938	258	-19	0.16	0.16	0	
07/12/2011 16:53:56	ALARM 401		
07/12/2011 16:53:59	ALARM 205		err.6058
07/12/2011 16:54:14	TASTEGGIO	0	3	5000	42060	160161	258	-19	0.18	0.18	0	
07/12/2011 16:54:36	TASTEGGIO	1	0	5000	42060	160156	49	-61	0.44	0.44	0	
07/12/2011 16:54:55	TASTEGGIO	0	1	5000	42060	160156	0	-6	0.36	0.36	0	
07/12/2011 16:55:15	TASTEGGIO	0	2	5000	42060	160156	58	-48	0.10	0.10	0	
07/12/2011 16:55:23	TASTEGGIO	0	2	5000	42060	160160	58	-48	0.10	0.15	-82000	
07/12/2011 16:56:23	ALARM 17	proc 12 prog 10 step 47	LavoroTerminato
07/12/2011 17:00:28	TASTEGGIO	0	2	5000	42060	160665	58	-48	0.07	0.33	120300	
07/12/2011 17:00:51	TASTEGGIO	1	0	5000	42060	40435	53	0	0.34	0.34	0	
07/12/2011 17:01:10	TASTEGGIO	0	1	5000	42060	40430	88	2	0.34	0.34	0	
07/12/2011 17:01:30	TASTEGGIO	0	2	5000	42060	40427	156	1	0.34	0.34	0	
07/12/2011 17:01:33	ALARM 218	proc 12 prog 85 step 19	go_abs 3 cmd 11
07/12/2011 17:01:36	ALARM 203		err.6058
07/12/2011 17:01:42	ALARM 28	proc 12 prog 72 step 15	Pressa appoggiata sul tondo
07/12/2011 17:02:18	TASTEGGIO	0	3	5000	42060	160220	258	0	0.06	0.33	120300	
07/12/2011 17:03:11	TASTEGGIO	0	3	5000	42060	160244	245	-14	0.04	0.20	120300	
07/12/2011 17:03:33	TASTEGGIO	0	3	5000	42060	160257	245	-14	0.04	0.21	120300	
07/12/2011 17:03:57	TASTEGGIO	1	0	5000	42060	40033	50	1	0.21	0.21	0	
07/12/2011 17:04:14	TASTEGGIO	0	1	5000	42060	40031	71	-1	0.18	0.18	0	
07/12/2011 17:04:17	ALARM 401		
07/12/2011 17:04:20	ALARM 205		err.6059
07/12/2011 17:04:36	TASTEGGIO	0	1	5000	42060	160258	71	-1	0.04	0.17	120300	
07/12/2011 17:06:31	TASTEGGIO	0	1	5000	42060	161533	71	-1	0.17	0.28	-82000	
07/12/2011 17:06:57	TASTEGGIO	1	0	5000	42060	243486	52	-8	0.16	0.16	0	
07/12/2011 17:07:01	ALARM 401		
07/12/2011 17:07:03	ALARM 401		
07/12/2011 17:07:04	ALARM 401		
07/12/2011 17:07:04	ALARM 401		
07/12/2011 17:08:02	TASTEGGIO	0	1	5000	42060	161516	61	0	0.19	0.24	-82000	
07/12/2011 17:08:27	TASTEGGIO	1	0	5000	42060	243475	51	2	0.18	0.18	0	
07/12/2011 17:08:29	ALARM 401		
07/12/2011 17:08:32	ALARM 401		
07/12/2011 17:08:33	ALARM 401		
07/12/2011 17:08:50	TASTEGGIO	1	0	5000	42060	161534	51	2	0.20	0.23	-82000	
07/12/2011 17:09:15	TASTEGGIO	1	0	5000	42060	243472	50	1	0.15	0.15	0	
07/12/2011 17:09:17	ALARM 401		
07/12/2011 17:09:19	ALARM 205		err.6058
07/12/2011 17:09:35	TASTEGGIO	1	0	5000	42060	161523	50	1	0.22	0.22	0	
07/12/2011 17:09:58	TASTEGGIO	1	0	5000	42060	161527	50	-32	0.10	0.10	0	
07/12/2011 17:10:06	TASTEGGIO	1	0	5000	42060	161523	50	-32	0.10	0.34	-82000	
07/12/2011 17:10:31	TASTEGGIO	1	0	5000	42060	243482	53	1	0.31	0.31	0	
07/12/2011 17:10:51	TASTEGGIO	0	1	5000	42060	243483	81	-7	0.24	0.24	0	
07/12/2011 17:10:54	ALARM 401		
07/12/2011 17:10:57	ALARM 401		
07/12/2011 17:10:57	ALARM 401		
07/12/2011 17:11:15	TASTEGGIO	0	2	5000	42060	161516	107	0	0.05	0.25	-82000	
07/12/2011 17:11:40	TASTEGGIO	1	0	5000	42060	243454	51	1	0.24	0.24	0	
07/12/2011 17:12:01	TASTEGGIO	0	1	5000	42060	243454	74	0	0.22	0.22	0	
07/12/2011 17:12:22	TASTEGGIO	0	2	5000	42060	243455	114	-26	0.11	0.11	0	
07/12/2011 17:12:33	TASTEGGIO	0	2	5000	42060	161519	114	-26	0.12	0.28	-119500	
07/12/2011 17:12:58	TASTEGGIO	1	0	5000	42060	280943	52	-7	0.21	0.21	0	
07/12/2011 17:13:17	TASTEGGIO	0	1	5000	42060	280943	67	-4	0.15	0.15	0	
07/12/2011 17:13:20	ALARM 401		
07/12/2011 17:13:23	ALARM 205		err.6059
07/12/2011 17:13:40	TASTEGGIO	0	1	5000	42060	161516	67	-4	0.07	0.15	-82000	
07/12/2011 17:14:39	ALARM 17	proc 12 prog 10 step 47	LavoroTerminato
12/12/2011 07:21:19	ALARM 401		
12/12/2011 07:21:21	INIT OK
12/12/2011 07:24:31	TASTEGGIO	0	0	5000	42061	160880	0	0	0.50	0.50	0	
12/12/2011 07:24:46	ALARM 203		err.0
12/12/2011 07:24:51	ALARM 203		err.4007
12/12/2011 07:25:08	TASTEGGIO	1	0	5000	42061	160880	57	0	0.48	0.48	0	
12/12/2011 07:25:23	ALARM 203		err.0
12/12/2011 07:25:26	ALARM 203		err.4007
12/12/2011 07:25:43	TASTEGGIO	1	0	5000	42061	160879	57	0	0.48	0.48	0	
12/12/2011 07:25:58	ALARM 203		err.0
12/12/2011 07:26:00	ALARM 203		err.4007
12/12/2011 07:26:17	TASTEGGIO	1	0	5000	42061	160879	57	0	0.48	0.48	0	
12/12/2011 07:26:31	ALARM 203		err.0
12/12/2011 07:26:34	ALARM 203		err.4007
12/12/2011 07:26:49	TASTEGGIO	1	0	5000	42061	160879	57	0	0.47	0.47	0	
12/12/2011 07:27:04	ALARM 203		err.0
12/12/2011 07:27:10	ALARM 203		err.4007
12/12/2011 07:27:29	TASTEGGIO	1	0	5000	42061	160879	56	0	0.48	0.48	0	
12/12/2011 07:27:44	ALARM 203		err.0
12/12/2011 07:27:48	ALARM 203		err.4007
12/12/2011 07:28:09	TASTEGGIO	1	0	5000	42061	160879	57	0	0.46	0.46	0	
12/12/2011 07:28:24	ALARM 203		err.0
12/12/2011 07:28:27	ALARM 203		err.4007
12/12/2011 07:28:44	TASTEGGIO	1	0	5000	42061	160879	56	0	0.48	0.48	0	
12/12/2011 07:28:58	ALARM 203		err.0
12/12/2011 07:29:01	ALARM 203		err.4007
12/12/2011 07:29:37	TASTEGGIO	1	0	5000	42061	160879	57	0	0.47	0.47	0	
12/12/2011 07:29:53	ALARM 203		err.0
12/12/2011 07:29:56	ALARM 203		err.4007
12/12/2011 07:30:16	TASTEGGIO	1	0	5000	42061	160879	56	0	0.45	0.45	0	
12/12/2011 07:30:38	TASTEGGIO	1	0	5000	42061	160882	56	0	0.42	0.42	0	
12/12/2011 07:30:58	TASTEGGIO	0	1	5000	42061	160882	95	-5	0.35	0.35	0	
12/12/2011 07:31:21	TASTEGGIO	0	2	5000	42061	160882	153	-121	0.95	0.95	0	
12/12/2011 07:31:43	TASTEGGIO	0	1	5000	42061	160882	0	-5	0.97	0.97	0	
12/12/2011 07:31:48	ALARM 401		
12/12/2011 07:31:51	ALARM 203		err.6059
12/12/2011 07:32:05	TASTEGGIO	0	2	5000	42061	160879	198	0	0.92	0.92	0	
12/12/2011 07:32:25	TASTEGGIO	1	0	5000	42061	160882	68	-24	0.62	0.62	0	
12/12/2011 07:32:46	TASTEGGIO	0	1	5000	42061	160882	109	-39	0.21	0.21	0	
12/12/2011 07:32:47	ALARM 401		
12/12/2011 07:32:50	ALARM 205		err.6058
12/12/2011 07:33:03	TASTEGGIO	0	1	5000	42061	160879	109	-39	0.19	0.34	82800	
12/12/2011 07:33:23	TASTEGGIO	1	0	5000	42061	78145	53	1	0.39	0.39	0	
12/12/2011 07:33:42	TASTEGGIO	0	1	5000	42061	78142	97	0	0.37	0.37	0	
12/12/2011 07:33:47	ALARM 401		
12/12/2011 07:33:49	ALARM 203		err.6058
12/12/2011 07:34:06	TASTEGGIO	0	2	5000	42061	160521	167	0	0.19	0.34	82800	
12/12/2011 07:34:26	TASTEGGIO	1	0	5000	42061	77803	53	1	0.38	0.38	0	
12/12/2011 07:34:45	TASTEGGIO	0	1	5000	42061	77797	95	1	0.37	0.37	0	
12/12/2011 07:34:48	ALARM 401		
12/12/2011 07:34:51	ALARM 203		err.6058
12/12/2011 07:35:07	TASTEGGIO	0	2	5000	42061	160518	167	0	0.21	0.34	82800	
12/12/2011 07:36:09	TASTEGGIO	0	2	5000	42061	160531	119	-2	0.14	0.29	120300	
12/12/2011 07:36:44	TASTEGGIO	0	2	5000	42061	160532	119	-4	0.11	0.26	82800	
12/12/2011 07:37:20	TASTEGGIO	0	2	5000	42061	160521	130	-9	0.09	0.20	120300	
12/12/2011 07:37:45	TASTEGGIO	0	2	5000	42061	160526	130	-9	0.05	0.19	120300	
12/12/2011 07:38:08	TASTEGGIO	1	0	5000	42061	40298	49	0	0.19	0.19	0	
12/12/2011 07:38:25	TASTEGGIO	0	1	5000	42061	40289	68	-1	0.17	0.17	0	
12/12/2011 07:38:43	TASTEGGIO	0	2	5000	42061	40283	98	-1	0.17	0.17	0	
12/12/2011 07:38:47	ALARM 401		
12/12/2011 07:39:09	TASTEGGIO	0	2	5000	42061	160529	98	-1	0.04	0.16	120300	
12/12/2011 07:41:06	TASTEGGIO	0	2	5000	42061	158761	98	-1	0.25	0.31	82800	
12/12/2011 07:41:27	TASTEGGIO	1	0	5000	42061	76026	52	-2	0.24	0.24	0	
12/12/2011 07:41:44	TASTEGGIO	0	1	5000	42061	76027	70	-1	0.21	0.21	0	
12/12/2011 07:41:49	ALARM 401		
12/12/2011 07:41:53	ALARM 203		err.6059
12/12/2011 07:42:10	TASTEGGIO	0	2	5000	42061	158455	106	0	0.25	0.26	82800	
12/12/2011 07:42:32	TASTEGGIO	1	0	5000	42061	75734	51	0	0.20	0.20	0	
12/12/2011 07:42:48	TASTEGGIO	0	1	5000	42061	75730	66	1	0.20	0.20	0	
12/12/2011 07:43:07	TASTEGGIO	0	2	5000	42061	75728	106	-5	0.13	0.13	0	
12/12/2011 07:43:18	TASTEGGIO	0	2	5000	42061	158452	106	-5	0.29	0.29	0	
12/12/2011 07:43:40	TASTEGGIO	1	0	5000	42061	158447	52	-3	0.25	0.25	0	
12/12/2011 07:44:01	TASTEGGIO	0	1	5000	42061	158447	73	-8	0.17	0.17	0	
12/12/2011 07:44:04	ALARM 401		
12/12/2011 07:44:19	TASTEGGIO	0	2	5000	42061	158453	89	-8	0.16	0.23	82800	
12/12/2011 07:44:41	TASTEGGIO	1	0	5000	42061	75733	50	0	0.16	0.16	0	
12/12/2011 07:44:44	ALARM 401		
12/12/2011 07:45:01	TASTEGGIO	0	1	5000	42061	158448	61	0	0.19	0.21	82800	
12/12/2011 07:45:24	TASTEGGIO	1	0	5000	42061	75725	50	0	0.18	0.18	0	
12/12/2011 07:45:41	TASTEGGIO	0	1	5000	42061	75722	65	0	0.14	0.14	0	
12/12/2011 07:45:52	TASTEGGIO	0	1	5000	42061	158454	65	0	0.16	0.22	82800	
12/12/2011 07:46:13	TASTEGGIO	1	0	5000	42061	75736	50	2	0.16	0.16	0	
12/12/2011 07:46:16	ALARM 401		
12/12/2011 07:46:18	ALARM 401		
12/12/2011 07:46:21	ALARM 401		
12/12/2011 07:46:41	TASTEGGIO	1	0	5000	42061	158456	50	2	0.16	0.22	82800	
12/12/2011 07:47:03	TASTEGGIO	1	0	5000	42061	75735	50	1	0.16	0.16	0	
12/12/2011 07:47:20	TASTEGGIO	0	1	5000	42061	75732	61	1	0.15	0.15	0	
12/12/2011 07:47:37	TASTEGGIO	0	2	5000	42061	75728	89	0	0.15	0.15	0	
12/12/2011 07:47:42	ALARM 401		
12/12/2011 07:47:45	ALARM 401		
12/12/2011 07:47:45	ALARM 401		
12/12/2011 07:48:06	TASTEGGIO	0	3	5000	42061	158438	134	0	0.19	0.22	44500	
12/12/2011 07:48:29	TASTEGGIO	1	0	5000	42061	114007	50	-5	0.14	0.14	0	
12/12/2011 07:48:39	TASTEGGIO	1	0	5000	42061	158436	50	-5	0.21	0.21	0	
12/12/2011 07:49:02	TASTEGGIO	1	0	5000	42061	158431	50	-12	0.08	0.08	0	
12/12/2011 07:49:09	TASTEGGIO	1	0	5000	42061	158436	50	-12	0.10	0.21	82800	
12/12/2011 07:49:31	TASTEGGIO	1	0	5000	42061	75716	50	0	0.17	0.17	0	
12/12/2011 07:49:33	ALARM 218	proc 12 prog 73 step 17	go_abs 5 cmd 11
12/12/2011 07:49:36	ALARM 401		
12/12/2011 07:49:56	TASTEGGIO	1	0	5000	42061	158441	50	0	0.07	0.22	82800	
12/12/2011 07:50:18	TASTEGGIO	1	0	5000	42061	75721	50	0	0.17	0.17	0	
12/12/2011 07:50:35	TASTEGGIO	0	1	5000	42061	75716	63	1	0.17	0.17	0	
12/12/2011 07:50:54	TASTEGGIO	0	2	5000	42061	75711	97	-1	0.15	0.15	0	
12/12/2011 07:50:55	ALARM 218	proc 12 prog 73 step 17	go_abs 5 cmd 11
12/12/2011 07:51:15	TASTEGGIO	0	2	5000	42061	158438	97	-1	0.08	0.20	82800	
12/12/2011 07:51:54	TASTEGGIO	0	2	5000	42061	158441	119	-7	0.14	0.20	120300	
12/12/2011 07:52:29	TASTEGGIO	0	2	5000	42061	158441	136	-4	0.12	0.15	120300	
12/12/2011 07:52:53	TASTEGGIO	0	2	5000	42061	158444	136	-4	0.12	0.16	120300	
12/12/2011 07:54:49	TASTEGGIO	0	2	5000	42061	158393	136	-4	0.26	0.39	-82000	
12/12/2011 07:55:14	TASTEGGIO	1	0	5000	42061	240355	54	-2	0.33	0.33	0	
12/12/2011 07:55:34	TASTEGGIO	0	1	5000	42061	240355	81	-14	0.26	0.26	0	
12/12/2011 07:55:55	TASTEGGIO	0	2	5000	42061	240355	109	-58	0.49	0.49	0	
12/12/2011 07:56:11	TASTEGGIO	0	1	5000	42061	240355	16	-9	0.38	0.38	0	
12/12/2011 07:56:30	TASTEGGIO	0	2	5000	42061	240355	57	-6	0.30	0.30	0	
12/12/2011 07:56:50	TASTEGGIO	0	3	5000	42061	240355	98	-21	0.12	0.12	0	
12/12/2011 07:57:02	TASTEGGIO	0	3	5000	42061	158390	98	-21	0.47	0.47	0	
12/12/2011 07:57:25	TASTEGGIO	1	0	5000	42061	158391	56	-131	1.84	1.84	0	
12/12/2011 07:57:38	TASTEGGIO	0	1	5000	42061	158391	0	-1	1.80	1.80	0	
12/12/2011 07:57:42	ALARM 401		
12/12/2011 07:57:44	ALARM 203		err.6058
12/12/2011 07:57:57	TASTEGGIO	0	2	5000	42061	158386	352	0	1.77	1.77	0	
12/12/2011 07:58:14	TASTEGGIO	1	0	5000	42061	158390	89	1	1.81	1.81	0	
12/12/2011 07:58:35	TASTEGGIO	0	1	5000	42061	158390	274	-195	0.53	0.53	0	
12/12/2011 07:58:39	ALARM 401		
12/12/2011 07:58:41	ALARM 401		
12/12/2011 07:58:43	ALARM 401		
12/12/2011 07:58:55	TASTEGGIO	0	1	5000	42061	158385	258	0	0.50	0.50	0	
12/12/2011 07:59:17	TASTEGGIO	1	0	5000	42061	158389	57	-31	0.21	0.21	0	
12/12/2011 07:59:19	ALARM 218	proc 12 prog 73 step 17	go_abs 5 cmd 11
12/12/2011 07:59:21	ALARM 401		
12/12/2011 07:59:24	ALARM 205		err.6058
12/12/2011 07:59:36	TASTEGGIO	1	0	5000	42061	158385	57	-31	0.19	0.28	-82000	
12/12/2011 08:00:01	TASTEGGIO	1	0	5000	42061	240313	52	-9	0.28	0.28	0	
12/12/2011 08:00:21	TASTEGGIO	0	1	5000	42061	240314	80	-7	0.23	0.23	0	
12/12/2011 08:00:42	TASTEGGIO	0	2	5000	42061	240314	117	-26	0.15	0.15	0	
12/12/2011 08:00:45	ALARM 401		
12/12/2011 08:00:47	ALARM 401		
12/12/2011 08:00:50	ALARM 401		
12/12/2011 08:01:08	TASTEGGIO	0	2	5000	42061	158368	117	-26	0.23	0.23	0	
12/12/2011 08:01:30	TASTEGGIO	1	0	5000	42061	158370	50	-19	0.06	0.06	0	
12/12/2011 08:01:37	TASTEGGIO	1	0	5000	42061	158365	50	-19	0.06	0.18	-119500	
12/12/2011 08:01:40	ALARM 401		
12/12/2011 08:01:56	TASTEGGIO	1	0	5000	42061	158364	50	-19	0.07	0.18	-119500	
12/12/2011 08:03:54	TASTEGGIO	1	0	5000	42061	161378	50	-19	0.96	0.96	0	
12/12/2011 08:04:15	TASTEGGIO	1	0	5000	42061	161383	69	-14	0.79	0.79	0	
12/12/2011 08:04:36	TASTEGGIO	0	1	5000	42061	161383	134	-103	0.31	0.31	0	
12/12/2011 08:04:57	TASTEGGIO	0	1	5000	42061	161383	121	-125	0.98	0.98	0	
12/12/2011 08:05:11	TASTEGGIO	0	1	5000	42061	161383	0	-5	0.90	0.90	0	
12/12/2011 08:05:15	ALARM 401		
12/12/2011 08:05:18	ALARM 201		err.6059
12/12/2011 08:05:29	TASTEGGIO	0	2	5000	42061	161378	165	0	0.88	0.88	0	
12/12/2011 08:05:51	TASTEGGIO	1	0	5000	42061	161382	67	-19	0.67	0.67	0	
12/12/2011 08:06:11	TASTEGGIO	0	1	5000	42061	161382	118	-91	0.24	0.24	0	
12/12/2011 08:06:14	ALARM 401		
12/12/2011 08:06:16	ALARM 401		
12/12/2011 08:06:16	ALARM 401		
12/12/2011 08:06:31	TASTEGGIO	0	1	5000	42061	161377	109	-91	0.23	0.55	120300	
12/12/2011 08:06:54	TASTEGGIO	1	0	5000	42061	41120	58	-2	0.53	0.53	0	
12/12/2011 08:07:12	TASTEGGIO	0	1	5000	42061	41119	109	-5	0.48	0.48	0	
12/12/2011 08:07:16	ALARM 401		
12/12/2011 08:07:18	ALARM 201		err.6059
12/12/2011 08:07:35	TASTEGGIO	0	2	5000	42061	161018	195	0	0.19	0.47	120300	
12/12/2011 08:08:12	TASTEGGIO	0	2	5000	42061	161026	136	-1	0.17	0.45	120300	
12/12/2011 08:08:48	TASTEGGIO	0	2	5000	42061	161015	146	0	0.16	0.43	120300	
12/12/2011 08:09:24	TASTEGGIO	0	2	5000	42061	161016	165	-1	0.14	0.40	120300	
12/12/2011 08:09:59	TASTEGGIO	0	2	5000	42061	161024	175	-1	0.13	0.37	120300	
12/12/2011 08:10:40	TASTEGGIO	0	2	5000	42061	161017	97	0	0.14	0.38	120300	
12/12/2011 08:11:16	TASTEGGIO	0	2	5000	42061	161024	125	0	0.14	0.37	120300	
12/12/2011 08:11:53	TASTEGGIO	0	2	5000	42061	161023	142	0	0.14	0.36	120300	
12/12/2011 08:12:21	TASTEGGIO	0	2	5000	42061	40796	162	0	0.34	0.34	0	
12/12/2011 08:12:44	TASTEGGIO	0	2	5000	42061	40791	177	-5	0.29	0.29	0	
12/12/2011 08:13:02	TASTEGGIO	0	2	5000	42061	161022	177	-5	0.11	0.29	120300	
12/12/2011 08:13:28	TASTEGGIO	0	2	5000	42061	40795	91	2	0.27	0.27	0	
12/12/2011 08:13:49	TASTEGGIO	0	2	5000	42061	40790	106	0	0.28	0.28	0	
12/12/2011 08:14:22	TASTEGGIO	0	2	5000	42061	161017	130	0	0.10	0.28	120300	
12/12/2011 08:14:58	TASTEGGIO	0	2	5000	42061	161010	147	0	0.10	0.26	-82000	
12/12/2011 08:15:37	TASTEGGIO	0	2	5000	42061	161378	159	-116	0.65	0.81	-82000	
12/12/2011 08:16:13	TASTEGGIO	0	2	5000	42061	161373	149	-70	0.29	0.30	120300	
12/12/2011 08:16:35	TASTEGGIO	0	2	5000	42061	161015	149	-70	0.29	0.29	120300	
12/12/2011 08:16:58	TASTEGGIO	1	0	5000	42061	40782	52	0	0.29	0.29	0	
12/12/2011 08:17:15	TASTEGGIO	0	1	5000	42061	40773	81	0	0.33	0.33	0	
12/12/2011 08:17:20	ALARM 401		
12/12/2011 08:17:22	ALARM 203		err.6058
12/12/2011 08:17:37	TASTEGGIO	0	2	5000	42061	161006	156	0	0.30	0.30	0	
12/12/2011 08:18:00	TASTEGGIO	1	0	5000	42061	161001	52	-32	0.09	0.09	0	
12/12/2011 08:18:08	TASTEGGIO	1	0	5000	42061	161007	52	-32	0.09	0.24	120300	
12/12/2011 08:18:31	TASTEGGIO	1	0	5000	42061	40780	51	1	0.24	0.24	0	
12/12/2011 08:18:48	TASTEGGIO	0	1	5000	42061	40773	75	0	0.22	0.22	0	
12/12/2011 08:19:07	TASTEGGIO	0	2	5000	42061	40768	115	0	0.22	0.22	0	
12/12/2011 08:19:10	ALARM 401		
12/12/2011 08:19:13	ALARM 201		err.6059
12/12/2011 08:19:37	TASTEGGIO	0	3	5000	42061	161014	181	0	0.09	0.24	120300	
12/12/2011 08:20:01	TASTEGGIO	1	0	5000	42061	40786	51	0	0.22	0.22	0	
12/12/2011 08:20:17	TASTEGGIO	0	1	5000	42061	40780	71	0	0.23	0.23	0	
12/12/2011 08:20:36	TASTEGGIO	0	2	5000	42061	40774	119	0	0.22	0.22	0	
12/12/2011 08:20:54	TASTEGGIO	0	3	5000	42061	40771	182	-2	0.20	0.20	0	
12/12/2011 08:20:56	ALARM 401		
12/12/2011 08:20:58	ALARM 205		err.6058
12/12/2011 08:21:15	TASTEGGIO	0	3	5000	42061	161003	182	-2	0.09	0.20	120300	
12/12/2011 08:23:52	TASTEGGIO	0	3	5000	42061	160666	182	-2	0.69	0.93	120300	
12/12/2011 08:24:15	TASTEGGIO	1	0	5000	42061	40407	68	-5	0.89	0.89	0	
12/12/2011 08:24:33	TASTEGGIO	0	1	5000	42061	40408	153	-10	0.78	0.78	0	
12/12/2011 08:24:37	ALARM 401		
12/12/2011 08:24:39	ALARM 203		err.6058
12/12/2011 08:24:59	TASTEGGIO	0	2	5000	42061	160263	289	0	0.64	0.80	82800	
12/12/2011 08:25:26	TASTEGGIO	0	2	5000	42061	77547	166	-17	0.66	0.66	0	
12/12/2011 08:25:41	TASTEGGIO	0	2	5000	42061	160276	166	-17	0.54	0.70	120300	
12/12/2011 08:26:18	TASTEGGIO	0	2	5000	42061	160278	166	-20	0.49	0.75	120300	
12/12/2011 08:26:42	TASTEGGIO	0	2	5000	42061	160271	166	-20	0.50	0.76	120300	
12/12/2011 08:27:05	TASTEGGIO	1	0	5000	42061	40042	64	-3	0.70	0.70	0	
12/12/2011 08:27:22	TASTEGGIO	0	1	5000	42061	40034	128	-1	0.68	0.68	0	
12/12/2011 08:27:27	ALARM 401		
12/12/2011 08:27:31	ALARM 201		err.6059
12/12/2011 08:27:35	ALARM 28	proc 12 prog 72 step 15	Pressa appoggiata sul tondo
12/12/2011 08:27:57	TASTEGGIO	0	2	5000	42061	160271	260	0	0.49	0.69	120300	
12/12/2011 08:28:21	TASTEGGIO	1	0	5000	42061	40038	62	0	0.67	0.67	0	
12/12/2011 08:28:38	TASTEGGIO	0	1	5000	42061	40030	127	0	0.67	0.67	0	
12/12/2011 08:28:43	ALARM 401		
12/12/2011 08:28:47	ALARM 203		err.6059
12/12/2011 08:29:17	TASTEGGIO	0	2	5000	42061	40031	186	-1	0.67	0.67	0	
12/12/2011 08:29:40	TASTEGGIO	0	2	5000	42061	40030	202	0	0.57	0.57	0	
12/12/2011 08:30:04	TASTEGGIO	0	2	5000	42061	160272	202	0	0.46	0.61	120300	
12/12/2011 08:30:35	TASTEGGIO	0	2	5000	42061	40049	207	-8	0.52	0.52	0	
12/12/2011 08:30:51	TASTEGGIO	0	2	5000	42061	160274	207	-8	0.48	0.52	120300	
12/12/2011 08:35:25	TASTEGGIO	0	2	5000	42061	160267	207	-8	0.49	0.52	120300	
12/12/2011 08:35:47	TASTEGGIO	1	0	5000	42061	40041	58	0	0.51	0.51	0	
12/12/2011 08:36:04	TASTEGGIO	0	1	5000	42061	40035	108	0	0.50	0.50	0	
12/12/2011 08:36:24	TASTEGGIO	0	2	5000	42061	40033	206	-1	0.48	0.48	0	
12/12/2011 08:36:28	ALARM 401		
12/12/2011 08:36:30	ALARM 203		err.6058
12/12/2011 08:36:39	TASTEGGIO	0	3	5000	42061	40033	344	0	0.49	0.49	0	
12/12/2011 08:37:04	TASTEGGIO	0	3	5000	42061	40034	234	-9	0.39	0.39	0	
12/12/2011 08:37:20	TASTEGGIO	0	3	5000	42061	160273	234	-9	0.45	0.45	0	
12/12/2011 08:37:57	TASTEGGIO	0	3	5000	42061	160273	234	-9	0.45	0.45	0	
12/12/2011 08:38:19	TASTEGGIO	1	0	5000	42061	160268	56	-27	0.24	0.24	0	
12/12/2011 08:38:20	ALARM 401		
12/12/2011 08:38:23	ALARM 401		
12/12/2011 08:38:23	ALARM 401		
12/12/2011 08:38:24	ALARM 401		
12/12/2011 08:38:42	TASTEGGIO	1	0	5000	42061	160273	56	-27	0.23	0.35	120300	
12/12/2011 08:39:05	TASTEGGIO	1	0	5000	42061	40040	53	0	0.34	0.34	0	
12/12/2011 08:39:23	TASTEGGIO	0	1	5000	42061	40032	86	0	0.34	0.34	0	
12/12/2011 08:39:42	TASTEGGIO	0	2	5000	42061	40027	154	0	0.33	0.33	0	
12/12/2011 08:39:46	ALARM 401		
12/12/2011 08:40:06	ALARM 28	proc 12 prog 72 step 15	Pressa appoggiata sul tondo
12/12/2011 08:41:30	TASTEGGIO	0	3	5000	42061	160270	250	0	0.22	0.35	120300	
12/12/2011 08:42:49	TASTEGGIO	0	3	5000	42061	40052	234	-12	0.23	0.23	0	
12/12/2011 08:43:09	TASTEGGIO	0	3	5000	42061	160260	234	-12	0.34	0.35	82800	
12/12/2011 08:43:30	TASTEGGIO	1	0	5000	42061	77546	53	0	0.34	0.34	0	
12/12/2011 08:43:47	TASTEGGIO	0	1	5000	42061	77545	86	-5	0.29	0.29	0	
12/12/2011 08:44:08	TASTEGGIO	0	2	5000	42061	77540	135	-28	0.03	0.03	0	
12/12/2011 08:44:20	TASTEGGIO	0	2	5000	42061	160269	135	-28	0.17	0.18	120300	
12/12/2011 08:44:21	ALARM 401		
12/12/2011 08:44:37	TASTEGGIO	0	2	5000	42061	160269	135	-28	0.17	0.19	120300	
12/12/2011 08:44:42	ALARM 401		
12/12/2011 08:44:45	ALARM 401		
12/12/2011 08:44:46	ALARM 401		
12/12/2011 08:44:46	ALARM 401		
12/12/2011 08:45:05	TASTEGGIO	0	2	5000	42061	160285	135	-28	0.16	0.25	120300	
12/12/2011 08:45:28	TASTEGGIO	1	0	5000	42061	40060	51	0	0.23	0.23	0	
12/12/2011 08:45:46	TASTEGGIO	0	1	5000	42061	40052	72	0	0.23	0.23	0	
12/12/2011 08:46:04	TASTEGGIO	0	2	5000	42061	40048	118	-1	0.22	0.22	0	
12/12/2011 08:46:25	TASTEGGIO	0	3	5000	42061	40048	181	-3	0.21	0.21	0	
12/12/2011 08:46:28	ALARM 401		
12/12/2011 08:46:31	ALARM 203		err.6058
12/12/2011 08:46:35	ALARM 28	proc 12 prog 72 step 15	Pressa appoggiata sul tondo
12/12/2011 08:47:30	TASTEGGIO	0	4	5000	42061	160289	261	0	0.16	0.23	120300	
12/12/2011 08:47:54	TASTEGGIO	1	0	5000	42061	40059	50	0	0.22	0.22	0	
12/12/2011 08:48:11	TASTEGGIO	0	1	5000	42061	40052	71	1	0.22	0.22	0	
12/12/2011 08:48:31	TASTEGGIO	0	2	5000	42061	40047	115	1	0.21	0.21	0	
12/12/2011 08:48:49	TASTEGGIO	0	3	5000	42061	40047	175	0	0.20	0.20	0	
12/12/2011 08:48:54	ALARM 218	proc 12 prog 85 step 19	go_abs 3 cmd 11
12/12/2011 08:48:56	ALARM 203		err.6058
12/12/2011 08:49:19	TASTEGGIO	0	4	5000	42061	160289	251	0	0.17	0.21	120300	
12/12/2011 08:49:21	ALARM 28	proc 12 prog 71 step 17	Pressa appoggiata sul tondo
12/12/2011 08:51:53	TASTEGGIO	0	4	5000	42061	161100	251	0	0.26	0.26	0	
12/12/2011 08:52:15	TASTEGGIO	1	0	5000	42061	161104	51	-48	0.42	0.42	0	
12/12/2011 08:52:33	TASTEGGIO	0	1	5000	42061	161104	0	-4	0.35	0.35	0	
12/12/2011 08:52:54	TASTEGGIO	0	2	5000	42061	161104	58	-11	0.21	0.21	0	
12/12/2011 08:52:58	ALARM 401		
12/12/2011 08:53:01	ALARM 203		err.6058
12/12/2011 08:53:11	TASTEGGIO	0	3	5000	42061	161101	79	0	0.22	0.22	0	
12/12/2011 08:53:33	TASTEGGIO	1	0	5000	42061	161104	50	-6	0.17	0.17	0	
12/12/2011 08:53:36	ALARM 401		
12/12/2011 08:53:38	ALARM 401		
12/12/2011 08:53:39	ALARM 401		
12/12/2011 08:53:40	ALARM 401		
12/12/2011 08:53:56	TASTEGGIO	1	0	5000	42061	161101	50	-6	0.17	0.18	82800	
12/12/2011 08:55:52	TASTEGGIO	1	0	5000	42061	160399	50	-6	0.65	0.65	0	
12/12/2011 08:56:14	TASTEGGIO	1	0	5000	42061	160404	61	-3	0.59	0.59	0	
12/12/2011 08:56:35	TASTEGGIO	0	1	5000	42061	160404	114	-25	0.39	0.39	0	
12/12/2011 08:56:57	TASTEGGIO	0	2	5000	42061	160404	150	-165	1.46	1.46	0	
12/12/2011 08:57:11	TASTEGGIO	0	1	5000	42061	160404	0	-12	1.33	1.33	0	
12/12/2011 08:57:14	ALARM 218	proc 12 prog 85 step 19	go_abs 3 cmd 11
12/12/2011 08:57:16	ALARM 401		
12/12/2011 08:57:17	ALARM 401		
12/12/2011 08:57:31	TASTEGGIO	0	2	5000	42061	160399	242	0	1.31	1.31	0	
12/12/2011 08:57:50	TASTEGGIO	1	0	5000	42061	160404	78	-10	1.21	1.21	0	
12/12/2011 08:58:11	TASTEGGIO	0	1	5000	42061	160404	189	-106	0.43	0.43	0	
12/12/2011 08:58:31	TASTEGGIO	0	0	5000	42061	160404	55	-2	0.40	0.40	0	
12/12/2011 08:58:52	TASTEGGIO	0	1	5000	42061	160404	92	-24	0.33	0.33	0	
12/12/2011 08:58:56	ALARM 401		
12/12/2011 08:58:59	ALARM 203		err.6058
12/12/2011 08:59:12	TASTEGGIO	0	2	5000	42061	160399	146	0	0.35	0.44	-119500	
12/12/2011 08:59:36	TASTEGGIO	1	0	5000	42061	279849	56	-4	0.38	0.38	0	
12/12/2011 08:59:56	TASTEGGIO	0	1	5000	42061	279849	88	-2	0.36	0.36	0	
12/12/2011 09:00:16	TASTEGGIO	0	2	5000	42061	279849	156	-3	0.29	0.29	0	
12/12/2011 09:00:20	ALARM 401		
12/12/2011 09:00:22	ALARM 203		err.6058
12/12/2011 09:00:37	TASTEGGIO	0	3	5000	42061	160366	226	0	0.36	0.36	0	
12/12/2011 09:01:00	TASTEGGIO	1	0	5000	42061	160371	54	-60	0.34	0.34	0	
12/12/2011 09:01:18	TASTEGGIO	0	1	5000	42061	160371	21	-20	0.26	0.26	0	
12/12/2011 09:01:38	TASTEGGIO	0	2	5000	42061	160371	49	-14	0.22	0.22	0	
12/12/2011 09:01:39	ALARM 401		
12/12/2011 09:01:42	ALARM 205		err.6058
12/12/2011 09:01:53	TASTEGGIO	0	2	5000	42061	160366	49	-14	0.22	0.35	-119500	
12/12/2011 09:02:17	TASTEGGIO	1	0	5000	42061	279826	53	0	0.33	0.33	0	
12/12/2011 09:02:36	TASTEGGIO	0	1	5000	42061	279826	84	0	0.33	0.33	0	
12/12/2011 09:02:57	TASTEGGIO	0	2	5000	42061	279826	150	-4	0.28	0.28	0	
12/12/2011 09:03:01	ALARM 401		
12/12/2011 09:03:04	ALARM 203		err.6058
12/12/2011 09:03:21	TASTEGGIO	0	3	5000	42061	160369	221	0	0.23	0.30	-119500	
12/12/2011 09:03:45	TASTEGGIO	1	0	5000	42061	279834	52	0	0.28	0.28	0	
12/12/2011 09:04:05	TASTEGGIO	0	1	5000	42061	279834	78	0	0.28	0.28	0	
12/12/2011 09:04:23	TASTEGGIO	0	2	5000	42061	279834	134	-2	0.26	0.26	0	
12/12/2011 09:04:28	ALARM 401		
12/12/2011 09:04:31	ALARM 201		err.6059
12/12/2011 09:05:12	TASTEGGIO	0	3	5000	42061	160373	206	0	0.23	0.27	-119500	
12/12/2011 09:05:56	TASTEGGIO	0	3	5000	42061	279827	156	-2	0.24	0.24	0	
12/12/2011 09:06:29	TASTEGGIO	0	3	5000	42061	160368	156	-11	0.32	0.32	0	
12/12/2011 09:06:57	TASTEGGIO	0	3	5000	42061	160372	156	-137	1.14	1.14	0	
12/12/2011 09:07:24	TASTEGGIO	0	3	5000	42061	160368	156	-104	0.44	0.44	0	
12/12/2011 09:07:38	TASTEGGIO	0	3	5000	42061	160368	156	-104	0.43	0.43	0	
12/12/2011 09:08:01	TASTEGGIO	1	0	5000	42061	160371	55	-10	0.36	0.36	0	
12/12/2011 09:08:21	TASTEGGIO	0	1	5000	42061	160371	85	-14	0.24	0.24	0	
12/12/2011 09:08:26	ALARM 401		
12/12/2011 09:08:27	ALARM 203		err.6058
12/12/2011 09:08:39	TASTEGGIO	0	2	5000	42061	160368	107	0	0.24	0.24	0	
12/12/2011 09:09:02	TASTEGGIO	1	0	5000	42061	160371	51	-3	0.19	0.19	0	
12/12/2011 09:09:23	TASTEGGIO	0	1	5000	42061	160371	66	-15	0.27	0.27	0	
12/12/2011 09:09:28	ALARM 401		
12/12/2011 09:09:29	ALARM 401		
12/12/2011 09:09:30	ALARM 401		
12/12/2011 09:09:45	TASTEGGIO	0	2	5000	42061	160367	142	0	0.26	0.26	0	
12/12/2011 09:10:08	TASTEGGIO	1	0	5000	42061	160371	51	-62	0.49	0.49	0	
12/12/2011 09:10:25	TASTEGGIO	0	1	5000	42061	160371	0	-14	0.34	0.34	0	
12/12/2011 09:10:43	TASTEGGIO	0	2	5000	42061	160371	33	-15	0.24	0.24	0	
12/12/2011 09:10:47	ALARM 401		
12/12/2011 09:10:50	ALARM 401		
12/12/2011 09:10:51	ALARM 401		
12/12/2011 09:10:51	ALARM 401		
12/12/2011 09:11:06	TASTEGGIO	0	3	5000	42061	160367	62	0	0.24	0.31	44500	
12/12/2011 09:11:30	TASTEGGIO	1	0	5000	42061	115908	52	-7	0.35	0.35	0	
12/12/2011 09:11:49	TASTEGGIO	0	1	5000	42061	115908	91	-36	0.11	0.11	0	
12/12/2011 09:12:00	TASTEGGIO	0	1	5000	42061	160029	91	-36	0.50	0.50	0	
12/12/2011 09:12:22	TASTEGGIO	1	0	5000	42061	160025	57	-3	0.49	0.49	0	
12/12/2011 09:12:43	TASTEGGIO	0	1	5000	42061	160025	105	-21	0.25	0.25	0	
12/12/2011 09:12:45	ALARM 218	proc 12 prog 73 step 17	go_abs 5 cmd 11
12/12/2011 09:12:46	ALARM 401		
12/12/2011 09:12:47	ALARM 401		
12/12/2011 09:13:03	TASTEGGIO	0	1	5000	42061	160030	105	-21	0.25	0.25	0	
12/12/2011 09:13:26	TASTEGGIO	1	0	5000	42061	160026	51	0	0.25	0.25	0	
12/12/2011 09:13:48	TASTEGGIO	0	1	5000	42061	160026	76	-3	0.23	0.23	0	
12/12/2011 09:13:52	ALARM 218	proc 12 prog 85 step 19	go_abs 3 cmd 11
12/12/2011 09:14:09	TASTEGGIO	0	2	5000	42061	160030	118	0	0.23	0.23	0	
12/12/2011 09:14:32	TASTEGGIO	1	0	5000	42061	160026	50	0	0.21	0.21	0	
12/12/2011 09:14:54	TASTEGGIO	0	1	5000	42061	160026	69	-1	0.20	0.20	0	
12/12/2011 09:14:55	ALARM 401		
12/12/2011 09:14:58	ALARM 205		err.6058
12/12/2011 09:15:08	TASTEGGIO	0	1	5000	42061	160031	69	-1	0.21	0.21	0	
12/12/2011 09:15:30	TASTEGGIO	1	0	5000	42061	160027	50	-1	0.17	0.17	0	
12/12/2011 09:15:33	ALARM 401		
12/12/2011 09:15:46	TASTEGGIO	0	1	5000	42061	160031	63	-1	0.19	0.19	0	
12/12/2011 09:15:49	ALARM 401		
12/12/2011 09:16:08	TASTEGGIO	0	1	5000	42061	160031	63	-1	0.22	0.22	0	
12/12/2011 09:16:32	TASTEGGIO	1	0	5000	42061	160027	50	1	0.17	0.17	0	
12/12/2011 09:16:34	ALARM 401		
12/12/2011 09:16:36	ALARM 401		
12/12/2011 09:16:51	TASTEGGIO	1	0	5000	42061	160031	50	1	0.19	0.19	0	
12/12/2011 09:17:51	ALARM 17	proc 12 prog 10 step 47	LavoroTerminato
12/12/2011 16:37:51	ALARM 406		
13/12/2011 14:05:07	ALARM 401		
13/12/2011 14:05:09	INIT OK
13/12/2011 14:20:52	TASTEGGIO	0	0	6000	45980	98970	0	0	0.10	0.11	-44500	
13/12/2011 14:21:14	TASTEGGIO	1	0	6000	45980	143449	78	-4	0.08	0.08	0	
13/12/2011 14:21:24	TASTEGGIO	1	0	6000	45980	99081	78	-4	0.09	0.09	0	
13/12/2011 14:21:42	TASTEGGIO	1	0	6000	45980	99094	75	0	0.07	0.07	0	
13/12/2011 14:21:49	TASTEGGIO	1	0	6000	45980	99078	75	0	0.07	0.08	44500	
13/12/2011 14:23:40	TASTEGGIO	1	0	6000	45980	99062	75	0	0.21	0.22	-44500	
13/12/2011 14:24:03	TASTEGGIO	1	0	6000	45980	143515	96	-2	0.18	0.18	0	
13/12/2011 14:24:23	TASTEGGIO	0	1	6000	45980	143528	110	-1	0.17	0.17	0	
13/12/2011 14:24:43	TASTEGGIO	0	2	6000	45980	143531	142	-3	0.14	0.14	0	
13/12/2011 14:24:54	TASTEGGIO	0	2	6000	45980	99080	142	-3	0.14	0.18	-24500	
13/12/2011 14:25:15	TASTEGGIO	1	0	6000	45980	123527	90	-1	0.17	0.17	0	
13/12/2011 14:25:35	TASTEGGIO	0	1	6000	45980	123540	106	0	0.16	0.16	0	
13/12/2011 14:25:56	TASTEGGIO	0	2	6000	45980	123544	136	-4	0.13	0.13	0	
13/12/2011 14:26:06	TASTEGGIO	0	2	6000	45980	99078	136	-4	0.10	0.10	-44500	
13/12/2011 14:26:28	TASTEGGIO	1	0	6000	45980	143513	76	-1	0.10	0.10	0	
13/12/2011 14:26:48	TASTEGGIO	0	1	6000	45980	143532	86	0	0.10	0.10	0	
13/12/2011 14:27:06	TASTEGGIO	0	2	6000	45980	143543	106	0	0.10	0.10	0	
13/12/2011 14:27:27	TASTEGGIO	0	3	6000	45980	143546	136	-1	0.09	0.09	0	
13/12/2011 14:27:47	TASTEGGIO	0	4	6000	45980	143547	168	-9	0.01	0.01	0	
13/12/2011 14:27:57	TASTEGGIO	0	4	6000	45980	99080	168	-9	0.03	0.08	44500	
13/12/2011 14:29:48	TASTEGGIO	0	4	6000	45980	99066	168	-9	0.10	0.20	-44500	
13/12/2011 14:30:11	TASTEGGIO	1	0	6000	45980	143506	93	-4	0.17	0.17	0	
13/12/2011 14:30:29	TASTEGGIO	0	1	6000	45980	143522	107	-2	0.15	0.15	0	
13/12/2011 14:30:48	TASTEGGIO	0	2	6000	45980	143530	133	0	0.13	0.13	0	
13/12/2011 14:30:59	TASTEGGIO	0	2	6000	45980	99080	133	0	0.06	0.12	-44500	
13/12/2011 14:31:20	TASTEGGIO	1	0	6000	45980	143505	80	0	0.12	0.12	0	
13/12/2011 14:31:38	TASTEGGIO	0	1	6000	45980	143521	92	0	0.12	0.12	0	
13/12/2011 14:31:57	TASTEGGIO	0	2	6000	45980	143532	116	0	0.12	0.12	0	
13/12/2011 14:32:17	TASTEGGIO	0	3	6000	45980	143539	152	-3	0.08	0.08	0	
13/12/2011 14:32:27	TASTEGGIO	0	3	6000	45980	99081	152	-3	0.05	0.11	44500	
13/12/2011 14:32:48	TASTEGGIO	1	0	6000	45980	54656	78	-1	0.10	0.10	0	
13/12/2011 14:33:05	TASTEGGIO	0	1	6000	45980	54644	87	-1	0.07	0.07	0	
13/12/2011 14:33:16	TASTEGGIO	0	1	6000	45980	98909	87	-1	0.07	0.08	-24500	
13/12/2011 14:35:06	TASTEGGIO	0	1	6000	45980	99061	87	-1	0.05	0.28	-44500	
13/12/2011 14:35:29	TASTEGGIO	1	0	6000	45980	143501	107	-2	0.27	0.27	0	
13/12/2011 14:35:49	TASTEGGIO	0	1	6000	45980	143516	133	-2	0.25	0.25	0	
13/12/2011 14:36:09	TASTEGGIO	0	2	6000	45980	143524	179	-11	0.15	0.15	0	
13/12/2011 14:36:30	TASTEGGIO	0	3	6000	45980	143526	194	-14	0.03	0.03	0	
13/12/2011 14:36:41	TASTEGGIO	0	3	6000	45980	99081	194	-14	0.25	0.28	24500	
13/12/2011 14:37:01	TASTEGGIO	1	0	6000	45980	74645	107	0	0.25	0.25	0	
13/12/2011 14:37:20	TASTEGGIO	0	1	6000	45980	74635	129	0	0.24	0.24	0	
13/12/2011 14:37:39	TASTEGGIO	0	2	6000	45980	74632	175	-3	0.20	0.20	0	
13/12/2011 14:38:00	TASTEGGIO	0	3	6000	45980	74629	224	-19	0.02	0.02	0	
13/12/2011 14:38:10	TASTEGGIO	0	3	6000	45980	98917	224	-19	0.03	0.13	-44500	
13/12/2011 14:38:33	TASTEGGIO	1	0	6000	45980	143358	81	0	0.12	0.12	0	
13/12/2011 14:38:53	TASTEGGIO	0	1	6000	45980	143369	92	0	0.12	0.12	0	
13/12/2011 14:39:13	TASTEGGIO	0	2	6000	45980	143376	116	0	0.12	0.12	0	
13/12/2011 14:39:33	TASTEGGIO	0	3	6000	45980	143382	152	0	0.12	0.12	0	
13/12/2011 14:39:53	TASTEGGIO	0	4	6000	45980	143383	200	-11	0.09	0.09	0	
13/12/2011 14:40:04	TASTEGGIO	0	4	6000	45980	99086	200	-11	0.10	0.14	44500	
13/12/2011 14:40:26	TASTEGGIO	1	0	6000	45980	54653	83	0	0.12	0.12	0	
13/12/2011 14:40:44	TASTEGGIO	0	1	6000	45980	54640	93	0	0.12	0.12	0	
13/12/2011 14:41:01	TASTEGGIO	0	2	6000	45980	54632	117	0	0.11	0.11	0	
13/12/2011 14:41:12	TASTEGGIO	0	2	6000	45980	98914	117	0	0.09	0.13	44500	
13/12/2011 14:41:33	TASTEGGIO	1	0	6000	45980	54490	81	0	0.11	0.11	0	
13/12/2011 14:41:43	TASTEGGIO	1	0	6000	45980	98909	81	0	0.09	0.12	44500	
13/12/2011 14:43:32	TASTEGGIO	1	0	6000	45980	98966	81	0	0.19	0.24	24500	
13/12/2011 14:43:52	TASTEGGIO	1	0	6000	45980	74524	100	-1	0.22	0.22	0	
13/12/2011 14:44:09	TASTEGGIO	0	1	6000	45980	74517	120	0	0.21	0.21	0	
13/12/2011 14:44:29	TASTEGGIO	0	2	6000	45980	74514	160	-2	0.18	0.18	0	
13/12/2011 14:44:50	TASTEGGIO	0	3	6000	45980	74514	206	-16	0.04	0.04	0	
13/12/2011 14:45:00	TASTEGGIO	0	3	6000	45980	98814	206	-16	0.02	0.05	-44500	
13/12/2011 14:46:50	TASTEGGIO	0	3	6000	45980	99068	206	-16	0.15	0.23	-44500	
13/12/2011 14:47:14	TASTEGGIO	1	0	6000	45980	143505	98	-5	0.15	0.15	0	
13/12/2011 14:47:32	TASTEGGIO	0	1	6000	45980	143519	107	-2	0.17	0.17	0	
13/12/2011 14:47:53	TASTEGGIO	0	2	6000	45980	143530	145	-3	0.12	0.12	0	
13/12/2011 14:48:03	TASTEGGIO	0	2	6000	45980	99082	145	-3	0.10	0.20	44500	
13/12/2011 14:48:25	TASTEGGIO	1	0	6000	45980	54650	93	-3	0.16	0.16	0	
13/12/2011 14:48:42	TASTEGGIO	0	1	6000	45980	54637	105	0	0.15	0.15	0	
13/12/2011 14:49:01	TASTEGGIO	0	2	6000	45980	54629	133	0	0.15	0.15	0	
13/12/2011 14:49:20	TASTEGGIO	0	3	6000	45980	54627	178	-2	0.13	0.13	0	
13/12/2011 14:49:30	TASTEGGIO	0	3	6000	45980	98911	178	-2	0.10	0.14	44500	
13/12/2011 14:49:51	TASTEGGIO	1	0	6000	45980	54485	83	0	0.13	0.13	0	
13/12/2011 14:50:08	TASTEGGIO	0	1	6000	45980	54473	95	0	0.13	0.13	0	
13/12/2011 14:50:27	TASTEGGIO	0	2	6000	45980	54464	121	0	0.15	0.15	0	
13/12/2011 14:50:45	TASTEGGIO	0	3	6000	45980	54459	172	0	0.13	0.13	0	
13/12/2011 14:51:07	TASTEGGIO	0	4	6000	45980	54460	217	-10	0.04	0.04	0	
13/12/2011 14:51:17	TASTEGGIO	0	4	6000	45980	98908	217	-10	0.04	0.09	-44500	
13/12/2011 14:51:41	TASTEGGIO	1	0	6000	45980	143351	75	-3	0.06	0.06	0	
13/12/2011 14:51:51	TASTEGGIO	1	0	6000	45980	99076	75	-3	0.06	0.07	-44500	
13/12/2011 14:53:40	TASTEGGIO	1	0	6000	45980	98964	75	-3	0.10	0.13	-44500	
