26/05/2011 13:39:59	TASTEGGIO	1	0	5300	43226	47671	72	0	0.06	0.06	0	
26/05/2011 13:40:11	TASTEGGIO	1	0	5300	43226	92129	72	0	0.07	0.08	44500	
26/05/2011 13:40:30	TASTEGGIO	1	0	5300	43226	47672	73	0	0.06	0.06	0	
26/05/2011 13:40:40	TASTEGGIO	1	0	5300	43226	92127	73	0	0.07	0.08	-44500	
26/05/2011 13:40:59	TASTEGGIO	1	0	5300	43226	136589	73	-2	0.06	0.06	0	
26/05/2011 13:41:09	TASTEGGIO	1	0	5300	43226	92284	73	-2	0.07	0.07	0	
26/05/2011 13:41:27	TASTEGGIO	1	0	5300	43226	92289	72	-2	0.05	0.05	0	
26/05/2011 13:41:34	TASTEGGIO	1	0	5300	43226	92283	72	-2	0.05	0.09	44500	
26/05/2011 13:41:53	TASTEGGIO	1	0	5300	43226	47831	75	0	0.07	0.07	0	
26/05/2011 13:42:08	TASTEGGIO	0	1	5300	43226	47828	80	0	0.07	0.07	0	
26/05/2011 13:42:22	TASTEGGIO	0	1	5300	43226	47827	101	0	0.08	0.08	0	
26/05/2011 13:42:38	TASTEGGIO	0	1	5300	43226	47824	128	0	0.08	0.08	0	
26/05/2011 13:42:55	TASTEGGIO	0	1	5300	43226	47820	152	-1	0.07	0.07	0	
26/05/2011 13:43:11	TASTEGGIO	0	2	5300	43226	47819	164	-1	0.06	0.06	0	
26/05/2011 13:43:21	TASTEGGIO	0	2	5300	43226	92123	164	-1	0.06	0.07	44500	
26/05/2011 13:43:40	TASTEGGIO	1	0	5300	43226	47660	72	0	0.06	0.06	0	
26/05/2011 13:43:50	TASTEGGIO	1	0	5300	43226	92125	72	0	0.06	0.07	44500	
26/05/2011 13:44:09	TASTEGGIO	1	0	5300	43226	47671	72	0	0.06	0.06	0	
26/05/2011 13:44:19	TASTEGGIO	1	0	5300	43226	92127	72	0	0.06	0.07	44500	
26/05/2011 13:44:37	TASTEGGIO	1	0	5300	43226	47664	72	0	0.06	0.06	0	
26/05/2011 13:44:48	TASTEGGIO	1	0	5300	43226	92127	72	0	0.06	0.07	44500	
26/05/2011 13:45:06	TASTEGGIO	1	0	5300	43226	47665	72	0	0.06	0.06	0	
26/05/2011 13:45:16	TASTEGGIO	1	0	5300	43226	92127	72	0	0.06	0.07	44500	
26/05/2011 13:45:35	TASTEGGIO	1	0	5300	43226	47672	72	0	0.06	0.06	0	
26/05/2011 13:45:45	TASTEGGIO	1	0	5300	43226	92130	72	0	0.06	0.07	44500	
26/05/2011 13:46:03	TASTEGGIO	1	0	5300	43226	47671	72	-1	0.06	0.06	0	
26/05/2011 13:46:13	TASTEGGIO	1	0	5300	43226	92127	72	-1	0.06	0.07	-44500	
26/05/2011 13:46:31	TASTEGGIO	1	0	5300	43226	136583	72	-1	0.06	0.06	0	
26/05/2011 13:46:42	TASTEGGIO	1	0	5300	43226	92286	72	-1	0.06	0.07	44500	
26/05/2011 13:47:01	TASTEGGIO	1	0	5300	43226	47842	72	0	0.06	0.06	0	
26/05/2011 13:47:11	TASTEGGIO	1	0	5300	43226	92123	72	0	0.06	0.07	44500	
26/05/2011 13:47:30	TASTEGGIO	1	0	5300	43226	47661	72	0	0.06	0.06	0	
26/05/2011 13:47:40	TASTEGGIO	1	0	5300	43226	92124	72	0	0.06	0.07	-44500	
26/05/2011 13:47:59	TASTEGGIO	1	0	5300	43226	136586	72	-1	0.06	0.06	0	
26/05/2011 13:48:09	TASTEGGIO	1	0	5300	43226	92286	72	-1	0.06	0.07	44500	
26/05/2011 13:48:29	TASTEGGIO	1	0	5300	43226	47836	72	0	0.06	0.06	0	
26/05/2011 13:48:39	TASTEGGIO	1	0	5300	43226	92126	72	0	0.06	0.07	44500	
26/05/2011 13:50:51	TASTEGGIO	1	0	5300	43226	92562	72	0	0.05	0.06	24500	
26/05/2011 13:52:45	TASTEGGIO	1	0	5300	43226	92355	72	0	0.05	0.07	-44500	
26/05/2011 13:53:03	TASTEGGIO	1	0	5300	43226	136830	72	-2	0.05	0.05	0	
26/05/2011 13:53:13	TASTEGGIO	1	0	5300	43226	92378	72	-2	0.04	0.06	-44500	
26/05/2011 13:55:02	TASTEGGIO	1	0	5300	43226	92361	72	-2	0.07	0.13	24500	
26/05/2011 13:55:20	TASTEGGIO	1	0	5300	43226	67945	82	-3	0.10	0.10	0	
26/05/2011 13:55:36	TASTEGGIO	0	1	5300	43226	67933	89	-1	0.09	0.09	0	
26/05/2011 13:55:51	TASTEGGIO	0	2	5300	43226	67922	105	-1	0.08	0.08	0	
26/05/2011 13:56:08	TASTEGGIO	0	3	5300	43226	67914	126	-4	0.05	0.05	0	
26/05/2011 13:56:18	TASTEGGIO	0	3	5300	43226	92229	126	-4	0.02	0.05	44500	
26/05/2011 13:58:10	TASTEGGIO	0	3	5300	43226	92160	126	-4	0.03	0.03	-24500	
26/05/2011 13:59:58	TASTEGGIO	0	3	5300	43226	92361	126	-4	0.06	0.06	0	
26/05/2011 14:01:55	TASTEGGIO	0	3	5300	43226	92357	126	-4	0.14	0.14	0	
26/05/2011 14:02:11	TASTEGGIO	1	0	5300	43226	92368	84	-7	0.08	0.08	0	
26/05/2011 14:02:28	TASTEGGIO	0	1	5300	43226	92368	88	-3	0.06	0.06	0	
26/05/2011 14:02:36	TASTEGGIO	0	1	5300	43226	92362	88	-3	0.06	0.06	0	
26/05/2011 14:04:26	TASTEGGIO	0	1	5300	43226	92671	88	-3	0.03	0.06	-44500	
26/05/2011 14:06:20	TASTEGGIO	0	1	5300	43226	92259	88	-3	0.04	0.05	-24500	
26/05/2011 14:08:12	TASTEGGIO	0	1	5300	43225	92357	88	-3	0.07	0.08	-24500	
26/05/2011 14:08:30	TASTEGGIO	1	0	5300	43225	116833	73	-3	0.05	0.05	0	
26/05/2011 14:08:40	TASTEGGIO	1	0	5300	43225	92378	73	-3	0.05	0.06	-44500	
26/05/2011 14:09:42	ALARM 17	proc 12 prog 10 step 47	LavoroTerminato
26/05/2011 14:48:51	TASTEGGIO	1	0	7700	52638	90568	73	-3	0.04	0.05	44500	
26/05/2011 14:49:12	TASTEGGIO	1	0	7700	52638	46100	218	-1	0.05	0.05	0	
26/05/2011 14:49:28	TASTEGGIO	0	1	7700	52638	46094	228	0	0.05	0.05	0	
26/05/2011 14:49:46	TASTEGGIO	0	1	7700	52638	46090	243	0	0.05	0.05	0	
26/05/2011 14:50:03	TASTEGGIO	0	1	7700	52638	46089	258	0	0.05	0.05	0	
26/05/2011 14:50:22	TASTEGGIO	0	1	7700	52638	46088	273	0	0.05	0.05	0	
26/05/2011 14:50:39	TASTEGGIO	0	1	7700	52638	46088	288	0	0.05	0.05	0	
26/05/2011 14:50:57	TASTEGGIO	0	1	7700	52638	46088	303	0	0.05	0.05	0	
26/05/2011 14:51:14	TASTEGGIO	0	1	7700	52638	46090	318	0	0.05	0.05	0	
26/05/2011 14:51:33	TASTEGGIO	0	1	7700	52638	46092	333	0	0.05	0.05	0	
26/05/2011 14:51:52	TASTEGGIO	0	1	7700	52638	46095	348	0	0.05	0.05	0	
26/05/2011 14:52:09	TASTEGGIO	0	1	7700	52638	46095	363	0	0.05	0.05	0	
26/05/2011 14:52:29	TASTEGGIO	0	1	7700	52638	46095	378	-1	0.04	0.04	0	
26/05/2011 14:52:40	TASTEGGIO	0	1	7700	52638	90533	378	-1	0.04	0.04	-44500	
26/05/2011 14:54:25	TASTEGGIO	0	1	7700	52637	90804	378	-1	0.11	0.11	0	
26/05/2011 14:54:43	ALARM 401		
26/05/2011 14:54:47	ALARM 205		err.6058
26/05/2011 14:55:05	TASTEGGIO	1	0	7700	52637	90794	225	-2	0.10	0.10	44500	
26/05/2011 14:55:32	TASTEGGIO	1	0	7700	52637	46310	423	-11	0.02	0.02	0	
26/05/2011 14:55:47	TASTEGGIO	1	0	7700	52637	90636	423	-11	0.02	0.05	-44500	
26/05/2011 14:56:15	TASTEGGIO	1	0	7700	52637	135092	377	-9	0.04	0.04	0	
26/05/2011 14:56:34	TASTEGGIO	1	0	7700	52637	90791	377	-9	0.04	0.06	44500	
26/05/2011 14:56:56	TASTEGGIO	1	0	7700	52637	46308	219	-1	0.05	0.05	0	
26/05/2011 14:57:13	TASTEGGIO	0	1	7700	52637	46308	223	0	0.05	0.05	0	
26/05/2011 14:57:31	TASTEGGIO	0	1	7700	52637	46308	238	0	0.05	0.05	0	
26/05/2011 14:57:48	TASTEGGIO	0	1	7700	52637	46308	253	0	0.04	0.04	0	
26/05/2011 14:57:59	TASTEGGIO	0	1	7700	52637	90632	253	0	0.03	0.05	44500	
26/05/2011 14:58:20	TASTEGGIO	1	0	7700	52637	46156	218	0	0.04	0.04	0	
26/05/2011 14:58:31	TASTEGGIO	1	0	7700	52637	90634	218	0	0.03	0.05	44500	
26/05/2011 14:58:52	TASTEGGIO	1	0	7700	52637	46158	218	-1	0.04	0.04	0	
26/05/2011 14:59:03	TASTEGGIO	1	0	7700	52637	90630	218	-1	0.04	0.05	44500	
26/05/2011 15:00:55	TASTEGGIO	1	0	7700	52637	90707	218	-1	0.08	0.12	24500	
26/05/2011 15:01:16	TASTEGGIO	1	0	7700	52637	66227	227	-2	0.10	0.10	0	
26/05/2011 15:01:34	TASTEGGIO	0	1	7700	52637	66227	235	0	0.10	0.10	0	
26/05/2011 15:01:37	ALARM 401		
26/05/2011 15:01:42	ALARM 205		err.6059
26/05/2011 15:02:28	TASTEGGIO	0	1	7700	52637	90532	414	-13	0.03	0.06	-24500	
26/05/2011 15:02:55	TASTEGGIO	0	1	7700	52637	115005	400	-20	0.13	0.13	0	
26/05/2011 15:03:17	TASTEGGIO	0	1	7700	52637	115008	400	-29	0.16	0.16	0	
26/05/2011 15:03:40	TASTEGGIO	0	1	7700	52637	115009	400	-17	0.02	0.02	0	
26/05/2011 15:03:54	TASTEGGIO	0	1	7700	52637	90688	400	-17	0.02	0.04	-44500	
26/05/2011 15:04:17	TASTEGGIO	0	1	7700	52637	90684	400	-17	0.02	0.04	-44500	
26/05/2011 15:06:09	TASTEGGIO	0	1	7700	52637	90808	400	-17	0.14	0.16	-24500	
26/05/2011 15:06:31	TASTEGGIO	1	0	7700	52637	115259	232	-1	0.16	0.16	0	
26/05/2011 15:06:49	TASTEGGIO	0	1	7700	52637	115273	264	-1	0.16	0.16	0	
26/05/2011 15:07:07	TASTEGGIO	0	1	7700	52637	115283	312	-1	0.15	0.15	0	
26/05/2011 15:07:27	TASTEGGIO	0	1	7700	52637	115287	354	-1	0.15	0.15	0	
26/05/2011 15:07:47	TASTEGGIO	0	1	7700	52637	115288	399	-4	0.11	0.11	0	
26/05/2011 15:07:57	TASTEGGIO	0	1	7700	52637	90810	399	-4	0.10	0.12	-44500	
26/05/2011 15:08:17	ALARM 401		
26/05/2011 15:08:23	ALARM 205		err.6058
26/05/2011 15:08:54	TASTEGGIO	1	0	7700	52637	90799	400	-25	0.27	0.35	-44500	
26/05/2011 15:09:20	TASTEGGIO	1	0	7700	52637	135249	400	-19	0.18	0.18	0	
26/05/2011 15:09:48	TASTEGGIO	1	0	7700	52637	90793	384	-6	0.10	0.12	-44500	
26/05/2011 15:10:19	TASTEGGIO	1	0	7700	52637	135249	367	-1	0.12	0.12	0	
26/05/2011 15:10:45	TASTEGGIO	1	0	7700	52637	135256	359	0	0.11	0.11	0	
26/05/2011 15:11:08	TASTEGGIO	1	0	7700	52637	135263	370	0	0.11	0.11	0	
26/05/2011 15:11:31	TASTEGGIO	1	0	7700	52637	135267	392	-2	0.09	0.09	0	
26/05/2011 15:11:55	TASTEGGIO	1	0	7700	52637	135268	399	-2	0.08	0.08	0	
26/05/2011 15:12:30	TASTEGGIO	1	0	7700	52637	135268	399	-1	0.07	0.07	0	
26/05/2011 15:12:54	TASTEGGIO	1	0	7700	52637	135268	406	-1	0.06	0.06	0	
26/05/2011 15:13:23	TASTEGGIO	1	0	7700	52637	135268	406	-6	0.04	0.04	0	
26/05/2011 15:13:48	TASTEGGIO	1	0	7700	52637	90820	406	-6	0.03	0.06	24500	
26/05/2011 15:14:09	TASTEGGIO	1	0	7700	52637	66341	219	-1	0.05	0.05	0	
26/05/2011 15:14:19	TASTEGGIO	1	0	7700	52637	90632	219	-1	0.04	0.07	44500	
26/05/2011 15:14:40	TASTEGGIO	1	0	7700	52637	46156	220	0	0.06	0.06	0	
26/05/2011 15:14:57	TASTEGGIO	0	1	7700	52637	46156	225	0	0.06	0.06	0	
26/05/2011 15:15:16	TASTEGGIO	0	1	7700	52637	46156	243	0	0.06	0.06	0	
26/05/2011 15:15:26	TASTEGGIO	0	1	7700	52637	90628	243	0	0.03	0.07	44500	
26/05/2011 15:15:48	TASTEGGIO	1	0	7700	52637	46152	220	0	0.05	0.05	0	
26/05/2011 15:15:58	TASTEGGIO	1	0	7700	52637	90630	220	0	0.03	0.06	44500	
26/05/2011 15:17:44	TASTEGGIO	1	0	7700	52637	90798	220	0	0.08	0.08	0	
26/05/2011 15:18:04	TASTEGGIO	1	0	7700	52637	90814	222	-7	0.03	0.03	0	
26/05/2011 15:18:12	TASTEGGIO	1	0	7700	52637	90793	222	-7	0.03	0.03	0	
26/05/2011 15:20:03	TASTEGGIO	1	0	7700	52636	90804	222	-7	0.03	0.08	-44500	
26/05/2011 15:20:26	TASTEGGIO	1	0	7700	52636	135259	222	-2	0.08	0.08	0	
26/05/2011 15:20:43	TASTEGGIO	0	1	7700	52636	135266	238	-1	0.08	0.08	0	
26/05/2011 15:21:02	TASTEGGIO	0	1	7700	52636	135271	262	-1	0.08	0.08	0	
26/05/2011 15:21:04	ALARM 401		
26/05/2011 15:21:09	ALARM 205		err.6058
26/05/2011 15:21:28	TASTEGGIO	0	1	7700	52636	90810	262	-1	0.02	0.08	-44500	
26/05/2011 15:21:55	TASTEGGIO	0	1	7700	52636	135254	383	-2	0.07	0.07	0	
26/05/2011 15:22:16	TASTEGGIO	0	1	7700	52636	135263	395	-1	0.06	0.06	0	
26/05/2011 15:22:48	TASTEGGIO	0	1	7700	52636	90806	403	-1	0.02	0.06	-44500	
26/05/2011 15:23:16	TASTEGGIO	0	1	7700	52636	135260	411	-2	0.05	0.05	0	
26/05/2011 15:23:33	TASTEGGIO	0	1	7700	52636	90799	411	-2	0.02	0.06	-44500	
26/05/2011 15:25:17	TASTEGGIO	0	1	7700	52636	90803	411	-2	0.06	0.09	44500	
26/05/2011 15:25:38	TASTEGGIO	1	0	7700	52636	46319	223	-1	0.09	0.09	0	
26/05/2011 15:25:40	ALARM 401		
26/05/2011 15:25:44	ALARM 205		err.6058
26/05/2011 15:26:08	TASTEGGIO	1	0	7700	52636	46321	392	-5	0.12	0.12	0	
26/05/2011 15:26:30	TASTEGGIO	1	0	7700	52636	46327	392	-1	0.10	0.10	0	
26/05/2011 15:26:51	TASTEGGIO	1	0	7700	52636	46328	385	0	0.10	0.10	0	
26/05/2011 15:27:14	TASTEGGIO	1	0	7700	52636	46333	391	0	0.10	0.10	0	
26/05/2011 15:27:36	TASTEGGIO	1	0	7700	52636	46333	397	0	0.10	0.10	0	
26/05/2011 15:27:52	TASTEGGIO	1	0	7700	52636	90631	397	0	0.05	0.10	44500	
26/05/2011 15:28:20	TASTEGGIO	1	0	7700	52636	46154	406	-1	0.09	0.09	0	
26/05/2011 15:28:41	TASTEGGIO	1	0	7700	52636	46154	412	0	0.09	0.09	0	
26/05/2011 15:29:05	TASTEGGIO	1	0	7700	52636	46154	420	-1	0.09	0.09	0	
26/05/2011 15:29:29	TASTEGGIO	1	0	7700	52636	46154	434	-1	0.08	0.08	0	
26/05/2011 15:29:52	TASTEGGIO	1	0	7700	52636	46154	443	-1	0.08	0.08	0	
26/05/2011 15:30:07	TASTEGGIO	1	0	7700	52636	90631	443	-1	0.03	0.08	44500	
26/05/2011 15:30:35	TASTEGGIO	1	0	7700	52636	46154	453	-1	0.07	0.07	0	
26/05/2011 15:30:57	TASTEGGIO	1	0	7700	52636	46154	467	-2	0.06	0.06	0	
26/05/2011 15:31:21	TASTEGGIO	1	0	7700	52636	46154	467	-1	0.05	0.05	0	
26/05/2011 15:31:39	TASTEGGIO	1	0	7700	52636	90631	467	-1	0.02	0.06	44500	
26/05/2011 15:33:29	TASTEGGIO	1	0	7700	52636	90712	467	-1	0.05	0.08	-44500	
26/05/2011 15:35:15	TASTEGGIO	1	0	7700	52636	90710	467	-1	0.10	0.10	0	
26/05/2011 15:35:34	TASTEGGIO	1	0	7700	52636	90729	224	-5	0.07	0.07	0	
26/05/2011 15:35:42	TASTEGGIO	1	0	7700	52636	90709	224	-5	0.07	0.08	-24500	
26/05/2011 15:36:47	ALARM 17	proc 12 prog 10 step 47	LavoroTerminato
26/05/2011 16:18:46	ALARM 406		
27/05/2011 09:08:09	ALARM 401		
27/05/2011 09:08:11	INIT OK
27/05/2011 09:56:33	TASTEGGIO	0	0	7700	52638	90804	0	0	0.07	0.10	24500	
27/05/2011 09:56:54	TASTEGGIO	1	0	7700	52638	66364	224	-2	0.09	0.09	0	
27/05/2011 09:57:11	TASTEGGIO	0	1	7700	52638	66353	232	0	0.09	0.09	0	
27/05/2011 09:57:29	TASTEGGIO	0	1	7700	52638	66347	259	0	0.09	0.09	0	
27/05/2011 09:57:48	TASTEGGIO	0	1	7700	52638	66342	286	0	0.08	0.08	0	
27/05/2011 09:58:05	TASTEGGIO	0	2	7700	52638	66339	300	0	0.08	0.08	0	
27/05/2011 09:58:23	TASTEGGIO	0	1	7700	52638	66336	332	-1	0.08	0.08	0	
27/05/2011 09:58:42	TASTEGGIO	0	1	7700	52638	66333	356	0	0.08	0.08	0	
27/05/2011 09:59:00	TASTEGGIO	0	1	7700	52638	66334	380	-1	0.07	0.07	0	
27/05/2011 09:59:18	TASTEGGIO	0	2	7700	52638	66334	392	-1	0.07	0.07	0	
27/05/2011 09:59:37	TASTEGGIO	0	1	7700	52638	66334	400	-1	0.06	0.06	0	
27/05/2011 09:59:57	TASTEGGIO	0	2	7700	52638	66334	400	0	0.06	0.06	0	
27/05/2011 10:00:16	TASTEGGIO	0	1	7700	52638	66334	400	-1	0.05	0.05	0	
27/05/2011 10:00:17	ALARM 401		
27/05/2011 10:00:38	TASTEGGIO	0	1	7700	52638	90629	400	-1	0.04	0.07	44500	
27/05/2011 10:01:06	TASTEGGIO	0	1	7700	52638	46154	421	-1	0.06	0.06	0	
27/05/2011 10:01:28	TASTEGGIO	0	1	7700	52638	46154	440	-4	0.02	0.02	0	
27/05/2011 10:01:48	TASTEGGIO	0	1	7700	52638	90633	440	-4	0.01	0.03	44500	
27/05/2011 10:02:10	TASTEGGIO	0	1	7700	52638	90629	440	-4	0.01	0.03	44500	
27/05/2011 10:04:06	TASTEGGIO	0	1	7700	52637	90792	440	-4	0.09	0.09	0	
27/05/2011 10:04:26	TASTEGGIO	1	0	7700	52637	90809	223	-4	0.06	0.06	0	
27/05/2011 10:04:45	TASTEGGIO	0	1	7700	52637	90808	226	-1	0.05	0.05	0	
27/05/2011 10:05:04	TASTEGGIO	0	2	7700	52637	90809	234	0	0.05	0.05	0	
27/05/2011 10:05:22	TASTEGGIO	0	1	7700	52637	90810	254	-1	0.04	0.04	0	
27/05/2011 10:05:30	TASTEGGIO	0	1	7700	52637	90789	254	-1	0.05	0.06	-44500	
27/05/2011 10:05:52	TASTEGGIO	1	0	7700	52637	135231	219	-1	0.07	0.07	0	
27/05/2011 10:06:10	TASTEGGIO	0	1	7700	52637	135243	235	-1	0.06	0.06	0	
27/05/2011 10:06:12	ALARM 401		
27/05/2011 10:06:17	ALARM 401		
27/05/2011 10:06:19	ALARM 401		
27/05/2011 10:06:19	ALARM 401		
27/05/2011 10:06:20	ALARM 401		
27/05/2011 10:06:38	TASTEGGIO	0	1	7700	52637	90807	235	-1	0.05	0.07	-44500	
27/05/2011 10:06:40	ALARM 28	proc 12 prog 71 step 17	Pressa appoggiata sul tondo
27/05/2011 10:07:17	TASTEGGIO	0	1	7700	52637	90807	235	-1	0.05	0.06	-44500	
27/05/2011 10:07:55	TASTEGGIO	0	1	7700	52637	135254	370	-1	0.05	0.05	0	
27/05/2011 10:08:18	TASTEGGIO	0	1	7700	52637	135262	394	-2	0.04	0.04	0	
27/05/2011 10:08:43	TASTEGGIO	0	1	7700	52637	135268	405	-1	0.03	0.03	0	
27/05/2011 10:09:00	TASTEGGIO	0	1	7700	52637	90801	405	-1	0.05	0.06	44500	
27/05/2011 10:09:21	TASTEGGIO	1	0	7700	52637	46318	219	-1	0.04	0.04	0	
27/05/2011 10:09:22	ALARM 218	proc 12 prog 11 step 72	go_abs 5 cmd 11
27/05/2011 10:09:25	ALARM 401		
27/05/2011 10:09:26	ALARM 401		
27/05/2011 10:09:27	ALARM 401		
27/05/2011 10:09:45	TASTEGGIO	1	0	7700	52637	90632	219	-1	0.05	0.05	0	
27/05/2011 10:09:48	ALARM 28	proc 12 prog 71 step 17	Pressa appoggiata sul tondo
27/05/2011 10:10:15	TASTEGGIO	1	0	7700	52637	90632	219	-1	0.04	0.04	44500	
27/05/2011 10:11:01	TASTEGGIO	1	0	7700	52637	46156	420	-14	0.10	0.10	0	
27/05/2011 10:11:22	TASTEGGIO	1	0	7700	52637	46156	420	-12	0.03	0.03	0	
27/05/2011 10:11:37	TASTEGGIO	1	0	7700	52637	90627	420	-12	0.02	0.05	-44500	
27/05/2011 10:12:05	TASTEGGIO	1	0	7700	52637	135084	406	-2	0.04	0.04	0	
27/05/2011 10:12:34	TASTEGGIO	1	0	7700	52637	90776	404	-1	0.02	0.04	-44500	
27/05/2011 10:12:53	TASTEGGIO	1	0	7700	52637	90781	404	-1	0.02	0.04	-44500	
27/05/2011 10:14:39	TASTEGGIO	1	0	7700	52637	90609	404	-1	0.10	0.14	-24500	
27/05/2011 10:14:42	ALARM 401		
27/05/2011 10:14:44	ALARM 401		
27/05/2011 10:14:47	ALARM 401		
27/05/2011 10:14:48	ALARM 401		
27/05/2011 10:15:19	TASTEGGIO	1	0	7700	52637	90609	404	-4	0.09	0.09	0	
27/05/2011 10:15:49	TASTEGGIO	1	0	7700	52637	90609	420	-1	0.08	0.08	0	
27/05/2011 10:16:12	TASTEGGIO	1	0	7700	52637	90609	443	-1	0.07	0.07	0	
27/05/2011 10:16:35	TASTEGGIO	1	0	7700	52637	90609	465	-1	0.06	0.06	0	
27/05/2011 10:16:47	TASTEGGIO	1	0	7700	52637	90586	465	-1	0.06	0.11	-24500	
27/05/2011 10:17:16	TASTEGGIO	1	0	7700	52637	115032	450	-3	0.07	0.07	0	
27/05/2011 10:17:46	TASTEGGIO	1	0	7700	52637	90612	442	-1	0.04	0.07	-24500	
27/05/2011 10:18:12	TASTEGGIO	1	0	7700	52637	115067	452	-2	0.05	0.05	0	
27/05/2011 10:18:41	TASTEGGIO	1	0	7700	52637	90607	440	-1	0.03	0.06	-44500	
27/05/2011 10:19:08	TASTEGGIO	1	0	7700	52637	135053	440	-1	0.04	0.04	0	
27/05/2011 10:19:23	TASTEGGIO	1	0	7700	52637	90602	440	-1	0.02	0.05	-44500	
27/05/2011 10:19:43	TASTEGGIO	1	0	7700	52637	90597	440	-1	0.02	0.04	-44500	
27/05/2011 10:21:29	TASTEGGIO	1	0	7700	52637	90605	440	-1	0.01	0.04	-44500	
27/05/2011 10:23:14	TASTEGGIO	1	0	7700	52637	90805	440	-1	0.08	0.09	-24500	
27/05/2011 10:23:20	ALARM 401		
27/05/2011 10:23:24	ALARM 205		err.6058
27/05/2011 10:23:51	TASTEGGIO	1	0	7700	52637	115234	404	-16	0.22	0.22	0	
27/05/2011 10:24:13	TASTEGGIO	1	0	7700	52637	115234	404	-12	0.10	0.10	0	
27/05/2011 10:24:38	TASTEGGIO	1	0	7700	52637	115234	391	-1	0.08	0.08	0	
27/05/2011 10:25:02	TASTEGGIO	1	0	7700	52637	115234	398	-24	0.21	0.21	0	
27/05/2011 10:25:26	TASTEGGIO	1	0	7700	52637	115234	398	-11	0.12	0.12	0	
27/05/2011 10:26:10	TASTEGGIO	1	0	7700	52637	115234	387	-1	0.11	0.11	0	
27/05/2011 10:26:40	TASTEGGIO	1	0	7700	52637	90798	393	0	0.05	0.11	-24500	
27/05/2011 10:27:35	TASTEGGIO	1	0	7700	52637	115245	411	-1	0.11	0.11	0	
27/05/2011 10:28:01	TASTEGGIO	1	0	7700	52637	115258	423	-1	0.10	0.10	0	
27/05/2011 10:28:24	TASTEGGIO	1	0	7700	52637	115268	434	-1	0.09	0.09	0	
27/05/2011 10:28:48	TASTEGGIO	1	0	7700	52637	115275	447	-1	0.09	0.09	0	
27/05/2011 10:29:15	TASTEGGIO	1	0	7700	52637	115275	462	-2	0.08	0.08	0	
27/05/2011 10:29:37	TASTEGGIO	1	0	7700	52637	115275	472	-1	0.07	0.07	0	
27/05/2011 10:30:00	TASTEGGIO	1	0	7700	52637	115275	480	-1	0.07	0.07	0	
27/05/2011 10:30:16	TASTEGGIO	1	0	7700	52637	90800	480	-1	0.03	0.07	-44500	
27/05/2011 10:30:43	TASTEGGIO	1	0	7700	52637	135251	489	-3	0.04	0.04	0	
27/05/2011 10:30:59	TASTEGGIO	1	0	7700	52637	90801	489	-3	0.03	0.05	44500	
27/05/2011 10:31:22	TASTEGGIO	1	0	7700	52637	90631	489	-3	0.03	0.05	44500	
27/05/2011 10:33:07	TASTEGGIO	1	0	7700	52637	90804	489	-3	0.10	0.10	0	
27/05/2011 10:33:08	ALARM 401		
27/05/2011 10:33:12	ALARM 201		err.6059
27/05/2011 10:33:45	TASTEGGIO	1	0	7700	52637	90784	397	-20	0.22	0.22	0	
27/05/2011 10:34:10	TASTEGGIO	1	0	7700	52637	90801	397	-19	0.03	0.03	0	
27/05/2011 10:34:30	TASTEGGIO	1	0	7700	52637	90783	397	-19	0.03	0.03	0	
27/05/2011 10:34:46	TASTEGGIO	1	0	7700	52637	90783	397	-19	0.04	0.04	24500	
27/05/2011 10:36:33	TASTEGGIO	1	0	7700	52637	90498	397	-19	0.06	0.08	-24500	
27/05/2011 10:36:54	TASTEGGIO	1	0	7700	52637	114949	222	-6	0.04	0.04	0	
27/05/2011 10:37:04	TASTEGGIO	1	0	7700	52637	90512	222	-6	0.02	0.03	44500	
27/05/2011 10:38:53	TASTEGGIO	1	0	7700	52636	90705	222	-6	0.09	0.09	0	
27/05/2011 10:39:13	ALARM 401		
27/05/2011 10:46:40	ALARM 205		err.6058
27/05/2011 10:46:54	TASTEGGIO	1	0	7700	52637	90696	223	-2	0.08	0.08	-24500	
27/05/2011 10:47:14	TASTEGGIO	1	0	7700	52637	115145	222	-2	0.07	0.07	0	
27/05/2011 10:47:30	TASTEGGIO	0	1	7700	52637	115156	228	-1	0.07	0.07	0	
27/05/2011 10:47:48	TASTEGGIO	0	1	7700	52637	115166	249	-1	0.06	0.06	0	
27/05/2011 10:48:05	TASTEGGIO	0	2	7700	52637	115171	259	-1	0.05	0.05	0	
27/05/2011 10:48:24	TASTEGGIO	0	3	7700	52637	115172	271	-1	0.04	0.04	0	
27/05/2011 10:48:34	TASTEGGIO	0	3	7700	52637	90716	271	-1	0.06	0.07	44500	
27/05/2011 10:48:55	TASTEGGIO	1	0	7700	52637	46237	220	0	0.06	0.06	0	
27/05/2011 10:49:11	TASTEGGIO	0	1	7700	52637	46237	225	0	0.06	0.06	0	
27/05/2011 10:49:28	TASTEGGIO	0	1	7700	52637	46237	243	0	0.06	0.06	0	
27/05/2011 10:49:45	TASTEGGIO	0	1	7700	52637	46237	261	0	0.06	0.06	0	
27/05/2011 10:50:03	TASTEGGIO	0	1	7700	52636	46237	279	0	0.06	0.06	0	
27/05/2011 10:50:20	TASTEGGIO	0	1	7700	52637	46237	297	0	0.06	0.06	0	
27/05/2011 10:50:22	ALARM 401		
27/05/2011 10:50:25	ALARM 401		
27/05/2011 10:50:26	ALARM 401		
27/05/2011 10:50:44	ALARM 28	proc 12 prog 72 step 15	Pressa appoggiata sul tondo
27/05/2011 10:51:35	TASTEGGIO	0	1	7700	52637	46238	397	-12	0.17	0.17	0	
27/05/2011 10:52:14	TASTEGGIO	0	1	7700	52637	46240	397	-5	0.11	0.11	0	
27/05/2011 10:52:35	TASTEGGIO	0	1	7700	52637	46247	397	-1	0.10	0.10	0	
27/05/2011 10:52:44	TASTEGGIO	0	1	7700	52637	46247	397	-1	0.10	0.10	0	
27/05/2011 10:53:50	TASTEGGIO	0	1	7700	52637	46247	397	-1	0.10	0.10	0	
27/05/2011 10:54:19	TASTEGGIO	0	1	7700	52637	46247	413	-1	0.09	0.09	0	
27/05/2011 10:54:44	TASTEGGIO	0	1	7700	52637	46251	428	-1	0.08	0.08	0	
27/05/2011 10:55:13	TASTEGGIO	0	1	7700	52637	46251	437	-2	0.06	0.06	0	
27/05/2011 10:55:29	TASTEGGIO	0	1	7700	52637	90529	437	-2	0.04	0.06	44500	
27/05/2011 10:55:49	TASTEGGIO	0	1	7700	52637	90529	437	-2	0.04	0.06	44500	
27/05/2011 10:57:40	TASTEGGIO	0	1	7700	52637	90705	437	-2	0.04	0.05	44500	
27/05/2011 10:59:26	TASTEGGIO	0	1	7700	52636	90701	437	-2	0.00	0.07	-44500	
27/05/2011 10:59:49	TASTEGGIO	1	0	7700	52636	135163	220	-1	0.07	0.07	0	
27/05/2011 11:00:06	TASTEGGIO	0	1	7700	52636	135170	234	-1	0.07	0.07	0	
27/05/2011 11:00:25	TASTEGGIO	0	1	7700	52636	135175	255	-1	0.07	0.07	0	
27/05/2011 11:00:44	TASTEGGIO	0	1	7700	52636	135179	276	-1	0.06	0.06	0	
27/05/2011 11:00:55	TASTEGGIO	0	1	7700	52636	90715	276	-1	0.00	0.06	-44500	
27/05/2011 11:02:39	TASTEGGIO	0	1	7700	52636	90699	276	-1	0.06	0.09	-24500	
27/05/2011 11:03:00	TASTEGGIO	1	0	7700	52636	115148	223	-3	0.07	0.07	0	
27/05/2011 11:03:19	TASTEGGIO	0	1	7700	52636	115161	228	-1	0.07	0.07	0	
27/05/2011 11:03:29	TASTEGGIO	0	1	7700	52636	90711	228	-1	0.05	0.07	-24500	
27/05/2011 11:04:36	ALARM 17	proc 12 prog 10 step 47	LavoroTerminato
27/05/2011 15:20:42	ALARM 406		
30/05/2011 07:27:10	ALARM 401		
30/05/2011 07:27:12	INIT OK
30/05/2011 07:27:16	ALARM 401		
30/05/2011 07:27:17	ALARM 401		
30/05/2011 07:27:18	ALARM 401		
30/05/2011 07:27:18	ALARM 401		
30/05/2011 07:49:30	TASTEGGIO	0	0	5000	42054	95278	0	0	0.05	0.06	-24500	
30/05/2011 07:49:49	TASTEGGIO	1	0	5000	42054	119741	49	-3	0.03	0.03	0	
30/05/2011 07:49:59	TASTEGGIO	1	0	5000	42054	95389	49	-3	0.03	0.03	-24500	
30/05/2011 07:52:01	TASTEGGIO	1	0	5000	42054	95468	49	-3	0.07	0.07	0	
30/05/2011 07:52:18	TASTEGGIO	1	0	5000	42054	95477	50	-2	0.06	0.06	0	
30/05/2011 07:52:34	TASTEGGIO	0	1	5000	42054	95479	55	-1	0.05	0.05	0	
30/05/2011 07:52:50	TASTEGGIO	0	2	5000	42054	95479	63	-1	0.04	0.04	0	
30/05/2011 07:53:06	TASTEGGIO	0	3	5000	42054	95479	68	-2	0.02	0.02	0	
30/05/2011 07:53:13	TASTEGGIO	0	3	5000	42054	95471	68	-2	0.02	0.03	-24500	
30/05/2011 07:55:15	TASTEGGIO	0	3	5000	42053	95471	68	-2	0.03	0.04	24500	
30/05/2011 07:55:32	TASTEGGIO	1	0	5000	42053	71054	47	-2	0.02	0.02	0	
30/05/2011 07:55:42	TASTEGGIO	1	0	5000	42053	95341	47	-2	0.03	0.03	-44500	
30/05/2011 07:57:38	TASTEGGIO	1	0	5000	42053	95481	47	-2	0.05	0.06	24500	
30/05/2011 07:57:55	TASTEGGIO	1	0	5000	42053	71061	49	-1	0.05	0.05	0	
30/05/2011 07:58:09	TASTEGGIO	0	1	5000	42053	71056	53	0	0.05	0.05	0	
30/05/2011 07:58:24	TASTEGGIO	0	1	5000	42053	71052	68	0	0.04	0.04	0	
30/05/2011 07:58:38	TASTEGGIO	0	2	5000	42053	71048	72	0	0.04	0.04	0	
30/05/2011 07:58:53	TASTEGGIO	0	1	5000	42053	71046	88	-2	0.01	0.01	0	
30/05/2011 07:59:03	TASTEGGIO	0	1	5000	42053	95357	88	-2	0.02	0.02	44500	
30/05/2011 08:01:05	TASTEGGIO	0	1	5000	42053	95487	88	-2	0.14	0.14	0	
30/05/2011 08:01:22	TASTEGGIO	1	0	5000	42053	95490	55	-2	0.13	0.13	0	
30/05/2011 08:01:38	TASTEGGIO	0	1	5000	42053	95490	79	-4	0.09	0.09	0	
30/05/2011 08:01:56	TASTEGGIO	0	2	5000	42053	95494	87	-5	0.05	0.05	0	
30/05/2011 08:02:13	TASTEGGIO	0	3	5000	42053	95494	91	-8	0.03	0.03	0	
30/05/2011 08:02:20	TASTEGGIO	0	3	5000	42053	95483	91	-8	0.02	0.03	-44500	
30/05/2011 08:04:21	TASTEGGIO	0	3	5000	42053	95472	91	-8	0.06	0.06	-24500	
30/05/2011 08:04:39	TASTEGGIO	1	0	5000	42053	119944	49	-2	0.04	0.04	0	
30/05/2011 08:04:55	TASTEGGIO	0	1	5000	42053	119950	51	-1	0.03	0.03	0	
30/05/2011 08:05:04	TASTEGGIO	0	1	5000	42053	95462	51	-1	0.04	0.04	24500	
30/05/2011 08:05:21	TASTEGGIO	1	0	5000	42053	71051	47	-1	0.04	0.04	0	
30/05/2011 08:05:34	TASTEGGIO	0	1	5000	42053	71047	55	0	0.03	0.03	0	
30/05/2011 08:05:44	TASTEGGIO	0	1	5000	42053	95328	55	0	0.03	0.04	24500	
30/05/2011 08:06:01	TASTEGGIO	1	0	5000	42053	70899	47	0	0.03	0.03	0	
30/05/2011 08:06:10	TASTEGGIO	1	0	5000	42053	95336	47	0	0.03	0.03	-44500	
30/05/2011 08:08:12	TASTEGGIO	1	0	5000	42052	95464	47	0	0.11	0.11	0	
30/05/2011 08:08:29	TASTEGGIO	1	0	5000	42052	95469	52	-2	0.10	0.10	0	
30/05/2011 08:08:45	TASTEGGIO	0	1	5000	42052	95474	70	-2	0.08	0.08	0	
30/05/2011 08:09:02	TASTEGGIO	0	2	5000	42052	95474	79	-2	0.06	0.06	0	
30/05/2011 08:09:18	TASTEGGIO	0	3	5000	42052	95474	86	-4	0.02	0.02	0	
30/05/2011 08:09:26	TASTEGGIO	0	3	5000	42052	95466	86	-4	0.02	0.04	44500	
30/05/2011 08:09:44	TASTEGGIO	1	0	5000	42052	51017	47	-3	0.02	0.02	0	
30/05/2011 08:09:54	TASTEGGIO	1	0	5000	42052	95341	47	-3	0.01	0.03	-24500	
30/05/2011 08:11:50	TASTEGGIO	1	0	5000	42052	95478	47	-3	0.08	0.08	24500	
30/05/2011 08:12:08	TASTEGGIO	1	0	5000	42052	71053	50	-1	0.08	0.08	0	
30/05/2011 08:12:22	TASTEGGIO	0	1	5000	42052	71047	66	0	0.07	0.07	0	
30/05/2011 08:12:37	TASTEGGIO	0	2	5000	42052	71044	78	0	0.07	0.07	0	
30/05/2011 08:12:53	TASTEGGIO	0	1	5000	42052	71043	106	-4	0.02	0.02	0	
30/05/2011 08:13:02	TASTEGGIO	0	1	5000	42052	95347	106	-4	0.04	0.04	0	
30/05/2011 08:13:19	TASTEGGIO	1	0	5000	42052	95344	47	0	0.03	0.03	0	
30/05/2011 08:13:27	TASTEGGIO	1	0	5000	42052	95346	47	0	0.03	0.03	-24500	
30/05/2011 08:15:29	TASTEGGIO	1	0	5000	42052	95474	47	0	0.16	0.16	0	
30/05/2011 08:15:45	TASTEGGIO	1	0	5000	42052	95482	56	-2	0.16	0.16	0	
30/05/2011 08:16:03	TASTEGGIO	0	1	5000	42052	95485	88	-4	0.12	0.12	0	
30/05/2011 08:16:10	TASTEGGIO	0	1	5000	42052	95472	88	-4	0.11	0.12	-24500	
30/05/2011 08:16:29	TASTEGGIO	1	0	5000	42052	119941	53	-2	0.11	0.11	0	
30/05/2011 08:16:46	TASTEGGIO	0	1	5000	42052	119947	73	-3	0.08	0.08	0	
30/05/2011 08:17:02	TASTEGGIO	0	2	5000	42052	119947	81	-4	0.04	0.04	0	
30/05/2011 08:17:18	TASTEGGIO	0	0	5000	42052	119950	47	0	0.04	0.04	0	
30/05/2011 08:17:33	TASTEGGIO	0	1	5000	42052	119950	55	0	0.04	0.04	0	
30/05/2011 08:17:49	TASTEGGIO	0	1	5000	42052	119950	67	0	0.04	0.04	0	
30/05/2011 08:18:06	TASTEGGIO	0	1	5000	42052	119951	79	-4	0.02	0.02	0	
30/05/2011 08:18:16	TASTEGGIO	0	1	5000	42052	95467	79	-4	0.03	0.05	44500	
30/05/2011 08:18:34	TASTEGGIO	1	0	5000	42052	51033	48	-2	0.02	0.02	0	
30/05/2011 08:18:44	TASTEGGIO	1	0	5000	42052	95338	48	-2	0.02	0.02	24500	
30/05/2011 08:20:33	TASTEGGIO	1	0	5000	42052	95478	48	-2	0.04	0.05	-24500	
30/05/2011 08:20:52	TASTEGGIO	1	0	5000	42052	119945	48	-2	0.03	0.03	0	
30/05/2011 08:21:02	TASTEGGIO	1	0	5000	42052	95474	48	-2	0.03	0.03	-44500	
30/05/2011 08:23:06	TASTEGGIO	1	0	5000	42052	95482	48	-2	0.11	0.11	0	
30/05/2011 08:23:23	TASTEGGIO	1	0	5000	42052	95487	52	-2	0.10	0.10	0	
30/05/2011 08:23:38	TASTEGGIO	0	1	5000	42052	95487	70	-3	0.07	0.07	0	
30/05/2011 08:23:56	TASTEGGIO	0	2	5000	42052	95490	76	-4	0.04	0.04	0	
30/05/2011 08:24:12	TASTEGGIO	0	3	5000	42052	95490	79	-3	0.01	0.01	0	
30/05/2011 08:24:20	TASTEGGIO	0	3	5000	42052	95478	79	-3	0.01	0.03	-44500	
30/05/2011 08:26:22	TASTEGGIO	0	3	5000	42052	95471	79	-3	0.05	0.05	0	
30/05/2011 08:26:38	TASTEGGIO	1	0	5000	42052	95476	48	-2	0.05	0.05	0	
30/05/2011 08:26:53	TASTEGGIO	0	1	5000	42052	95476	58	-1	0.03	0.03	0	
30/05/2011 08:27:00	TASTEGGIO	0	1	5000	42052	95468	58	-1	0.03	0.05	44500	
30/05/2011 08:27:18	TASTEGGIO	1	0	5000	42052	51014	48	-3	0.01	0.01	0	
30/05/2011 08:27:29	TASTEGGIO	1	0	5000	42052	95344	48	-3	0.01	0.02	24500	
30/05/2011 08:29:33	TASTEGGIO	1	0	5000	42052	95479	48	-3	0.09	0.09	0	
30/05/2011 08:29:49	TASTEGGIO	1	0	5000	42052	95482	51	-2	0.08	0.08	0	
30/05/2011 08:30:04	TASTEGGIO	0	1	5000	42052	95483	58	-1	0.07	0.07	0	
30/05/2011 08:30:20	TASTEGGIO	0	2	5000	42052	95483	70	-2	0.05	0.05	0	
30/05/2011 08:30:37	TASTEGGIO	0	3	5000	42052	95483	76	-3	0.02	0.02	0	
30/05/2011 08:30:44	TASTEGGIO	0	3	5000	42052	95475	76	-3	0.02	0.03	24500	
30/05/2011 08:32:48	TASTEGGIO	0	3	5000	42052	95476	76	-3	0.12	0.12	0	
30/05/2011 08:33:05	TASTEGGIO	1	0	5000	42052	95483	53	-2	0.11	0.11	0	
30/05/2011 08:33:21	TASTEGGIO	0	1	5000	42052	95483	73	-3	0.08	0.08	0	
30/05/2011 08:33:37	TASTEGGIO	0	2	5000	42052	95484	81	-3	0.05	0.05	0	
30/05/2011 08:33:54	TASTEGGIO	0	3	5000	42052	95484	86	-3	0.01	0.01	0	
30/05/2011 08:34:02	TASTEGGIO	0	3	5000	42052	95475	86	-3	0.02	0.04	24500	
30/05/2011 08:34:19	TASTEGGIO	1	0	5000	42052	71052	47	0	0.03	0.03	0	
30/05/2011 08:34:28	TASTEGGIO	1	0	5000	42052	95349	47	0	0.02	0.04	44500	
30/05/2011 08:34:46	TASTEGGIO	1	0	5000	42052	50893	47	-3	0.00	0.00	0	
30/05/2011 08:34:56	TASTEGGIO	1	0	5000	42052	95346	47	-3	0.00	0.02	-44500	
30/05/2011 08:37:01	TASTEGGIO	1	0	5000	42052	95568	47	-3	0.04	0.04	0	
30/05/2011 08:37:17	TASTEGGIO	1	0	5000	42052	95570	47	-1	0.03	0.03	0	
30/05/2011 08:37:24	TASTEGGIO	1	0	5000	42052	95565	47	-1	0.03	0.03	0	
30/05/2011 08:39:12	TASTEGGIO	1	0	5000	42052	95568	47	-1	0.05	0.05	-24500	
30/05/2011 08:39:31	TASTEGGIO	1	0	5000	42052	120034	48	-3	0.03	0.03	0	
30/05/2011 08:39:40	TASTEGGIO	1	0	5000	42052	95561	48	-3	0.03	0.03	0	
30/05/2011 08:41:29	TASTEGGIO	1	0	5000	42051	95572	48	-3	0.14	0.14	0	
30/05/2011 08:41:46	TASTEGGIO	1	0	5000	42051	95575	55	-2	0.13	0.13	0	
30/05/2011 08:42:03	TASTEGGIO	0	1	5000	42051	95579	79	-4	0.09	0.09	0	
30/05/2011 08:42:19	TASTEGGIO	0	2	5000	42051	95578	87	-5	0.04	0.04	0	
30/05/2011 08:42:35	TASTEGGIO	0	0	5000	42051	95579	47	0	0.04	0.04	0	
30/05/2011 08:42:50	TASTEGGIO	0	1	5000	42051	95579	55	0	0.05	0.05	0	
30/05/2011 08:43:06	TASTEGGIO	0	1	5000	42051	95579	73	0	0.04	0.04	0	
30/05/2011 08:43:22	TASTEGGIO	0	2	5000	42051	95579	77	0	0.04	0.04	0	
30/05/2011 08:43:40	TASTEGGIO	0	1	5000	42051	95584	93	-6	0.03	0.03	0	
30/05/2011 08:43:48	TASTEGGIO	0	1	5000	42051	95572	93	-6	0.03	0.03	0	
30/05/2011 08:45:53	TASTEGGIO	0	1	5000	42052	95459	93	-6	0.01	0.02	24500	
30/05/2011 08:47:57	TASTEGGIO	0	1	5000	42052	95558	93	-6	0.03	0.03	-24500	
30/05/2011 08:49:59	TASTEGGIO	0	1	5000	42051	95555	93	-6	0.04	0.05	24500	
30/05/2011 08:50:16	TASTEGGIO	1	0	5000	42051	71120	48	-2	0.03	0.03	0	
30/05/2011 08:50:26	TASTEGGIO	1	0	5000	42051	95452	48	-2	0.03	0.04	24500	
30/05/2011 08:50:42	TASTEGGIO	1	0	5000	42051	71039	47	0	0.03	0.03	0	
30/05/2011 08:50:52	TASTEGGIO	1	0	5000	42051	95455	47	0	0.02	0.03	24500	
30/05/2011 08:52:56	TASTEGGIO	1	0	5000	42051	95473	47	0	0.07	0.08	-24500	
30/05/2011 08:53:15	TASTEGGIO	1	0	5000	42051	119954	50	-2	0.06	0.06	0	
30/05/2011 08:53:30	TASTEGGIO	0	1	5000	42051	119954	54	-1	0.05	0.05	0	
30/05/2011 08:53:45	TASTEGGIO	0	2	5000	42051	119954	62	-2	0.03	0.03	0	
30/05/2011 08:53:55	TASTEGGIO	0	2	5000	42051	95455	62	-2	0.03	0.04	24500	
30/05/2011 08:54:12	TASTEGGIO	1	0	5000	42051	71049	47	-1	0.03	0.03	0	
30/05/2011 08:54:21	TASTEGGIO	1	0	5000	42051	95334	47	-1	0.03	0.03	-24500	
30/05/2011 08:55:38	ALARM 17	proc 12 prog 10 step 47	LavoroTerminato
30/05/2011 09:06:39	ALARM 502	proc 12 prog 4 step 52	deformation before contact pos
30/05/2011 09:26:50	TASTEGGIO	1	0	7000	49909	99155	150	-11	0.19	0.19	0	
30/05/2011 09:27:06	TASTEGGIO	1	0	7000	49909	99154	118	0	0.18	0.18	0	
30/05/2011 09:27:23	TASTEGGIO	0	1	7000	49909	99154	152	-3	0.15	0.15	0	
30/05/2011 09:27:40	TASTEGGIO	0	2	7000	49909	99154	176	-10	0.05	0.05	0	
30/05/2011 09:27:48	TASTEGGIO	0	2	7000	49909	99160	176	-10	0.05	0.05	24500	
30/05/2011 09:28:07	TASTEGGIO	1	0	7000	49909	74695	108	-3	0.04	0.04	0	
30/05/2011 09:28:23	TASTEGGIO	0	1	7000	49909	74690	111	-2	0.02	0.02	0	
30/05/2011 09:28:32	TASTEGGIO	0	1	7000	49909	99155	111	-2	0.02	0.03	24500	
30/05/2011 09:30:29	TASTEGGIO	0	1	7000	49894	99265	111	-2	0.01	0.02	44500	
30/05/2011 09:32:23	TASTEGGIO	0	1	7000	49894	99273	111	-2	0.07	0.08	24500	
30/05/2011 09:32:41	TASTEGGIO	1	0	7000	49894	74815	110	-3	0.05	0.05	0	
30/05/2011 09:32:56	TASTEGGIO	0	1	7000	49894	74811	113	-1	0.04	0.04	0	
30/05/2011 09:33:11	TASTEGGIO	0	2	7000	49894	74807	117	-1	0.04	0.04	0	
30/05/2011 09:33:28	TASTEGGIO	0	1	7000	49894	74804	133	-1	0.03	0.03	0	
30/05/2011 09:33:38	TASTEGGIO	0	1	7000	49894	99166	133	-1	0.03	0.03	0	
30/05/2011 09:35:33	TASTEGGIO	0	1	7000	49893	99264	133	-1	0.11	0.11	0	
30/05/2011 09:35:49	TASTEGGIO	1	0	7000	49893	99280	112	-2	0.11	0.11	0	
30/05/2011 09:36:05	TASTEGGIO	0	1	7000	49893	99280	134	-1	0.09	0.09	0	
30/05/2011 09:36:23	TASTEGGIO	0	2	7000	49893	99280	148	-2	0.07	0.07	0	
30/05/2011 09:36:40	TASTEGGIO	0	3	7000	49893	99280	157	-4	0.04	0.04	0	
30/05/2011 09:36:58	TASTEGGIO	0	4	7000	49893	99280	161	-3	0.01	0.01	0	
30/05/2011 09:37:06	TASTEGGIO	0	4	7000	49893	99255	161	-3	0.01	0.04	-44500	
30/05/2011 09:37:26	TASTEGGIO	1	0	7000	49893	143704	107	-2	0.03	0.03	0	
30/05/2011 09:37:36	TASTEGGIO	1	0	7000	49893	99245	107	-2	0.00	0.04	44500	
30/05/2011 09:37:56	TASTEGGIO	1	0	7000	49893	54790	107	-1	0.02	0.02	0	
30/05/2011 09:38:07	TASTEGGIO	1	0	7000	49893	99139	107	-1	0.01	0.03	-24500	
30/05/2011 09:40:01	TASTEGGIO	1	0	7000	49893	99267	107	-1	0.12	0.12	24500	
30/05/2011 09:40:20	TASTEGGIO	1	0	7000	49893	74800	113	-4	0.09	0.09	0	
30/05/2011 09:40:35	TASTEGGIO	0	1	7000	49893	74796	119	-1	0.08	0.08	0	
30/05/2011 09:40:52	TASTEGGIO	0	2	7000	49893	74793	133	-1	0.07	0.07	0	
30/05/2011 09:41:08	TASTEGGIO	0	3	7000	49893	74790	151	-2	0.06	0.06	0	
30/05/2011 09:41:25	TASTEGGIO	0	4	7000	49893	74789	171	-4	0.02	0.02	0	
30/05/2011 09:41:35	TASTEGGIO	0	4	7000	49893	99174	171	-4	0.04	0.05	-24500	
30/05/2011 09:41:54	TASTEGGIO	1	0	7000	49893	123624	108	-3	0.02	0.02	0	
30/05/2011 09:42:04	TASTEGGIO	1	0	7000	49893	99251	108	-3	0.02	0.02	-44500	
30/05/2011 09:43:57	TASTEGGIO	1	0	7000	49893	99258	108	-3	0.08	0.08	0	
30/05/2011 09:44:13	TASTEGGIO	1	0	7000	49893	99275	110	-2	0.07	0.07	0	
30/05/2011 09:44:28	TASTEGGIO	0	1	7000	49893	99276	116	0	0.07	0.07	0	
30/05/2011 09:44:44	TASTEGGIO	0	1	7000	49893	99276	137	-2	0.05	0.05	0	
30/05/2011 09:45:01	TASTEGGIO	0	2	7000	49893	99276	142	-1	0.04	0.04	0	
30/05/2011 09:45:19	TASTEGGIO	0	3	7000	49893	99276	147	-2	0.02	0.02	0	
30/05/2011 09:45:27	TASTEGGIO	0	3	7000	49893	99253	147	-2	0.02	0.03	-24500	
30/05/2011 09:47:23	TASTEGGIO	0	3	7000	49893	99242	147	-2	0.05	0.05	0	
30/05/2011 09:47:39	TASTEGGIO	1	0	7000	49893	99256	108	-1	0.05	0.05	0	
30/05/2011 09:47:55	TASTEGGIO	0	1	7000	49893	99257	118	0	0.04	0.04	0	
30/05/2011 09:48:10	TASTEGGIO	0	2	7000	49893	99257	122	0	0.04	0.04	0	
30/05/2011 09:48:28	TASTEGGIO	0	1	7000	49893	99257	138	-2	0.02	0.02	0	
30/05/2011 09:48:35	TASTEGGIO	0	1	7000	49893	99239	138	-2	0.02	0.03	44500	
30/05/2011 09:49:38	ALARM 17	proc 12 prog 10 step 47	LavoroTerminato
30/05/2011 09:50:58	TASTEGGIO	0	1	7000	49893	99252	138	-2	0.06	0.09	-44500	
30/05/2011 09:51:17	TASTEGGIO	1	0	7000	49893	143721	111	-3	0.07	0.07	0	
30/05/2011 09:51:32	TASTEGGIO	0	1	7000	49893	143720	116	-1	0.07	0.07	0	
30/05/2011 09:51:48	TASTEGGIO	0	1	7000	49893	143720	137	-3	0.04	0.04	0	
30/05/2011 09:52:05	TASTEGGIO	0	2	7000	49893	143721	140	-2	0.02	0.02	0	
30/05/2011 09:52:15	TASTEGGIO	0	2	7000	49893	99250	140	-2	0.02	0.03	-44500	
30/05/2011 09:54:02	TASTEGGIO	0	2	7000	49893	99262	140	-2	0.03	0.04	-24500	
30/05/2011 09:54:20	TASTEGGIO	1	0	7000	49893	123723	107	-4	0.01	0.01	0	
30/05/2011 09:54:29	TASTEGGIO	1	0	7000	49893	99247	107	-4	0.02	0.02	-24500	
30/05/2011 09:56:25	TASTEGGIO	1	0	7000	49893	99253	107	-4	0.10	0.10	24500	
30/05/2011 09:56:44	TASTEGGIO	1	0	7000	49893	74793	112	-5	0.12	0.12	0	
30/05/2011 09:57:01	TASTEGGIO	0	1	7000	49893	74791	140	-4	0.08	0.08	0	
30/05/2011 09:57:17	TASTEGGIO	0	2	7000	49893	74787	147	-2	0.06	0.06	0	
30/05/2011 09:57:34	TASTEGGIO	0	3	7000	49893	74783	154	-1	0.05	0.05	0	
30/05/2011 09:57:51	TASTEGGIO	0	4	7000	49893	74779	170	-3	0.03	0.03	0	
30/05/2011 09:58:01	TASTEGGIO	0	4	7000	49893	99163	170	-3	0.04	0.05	-44500	
30/05/2011 09:58:20	TASTEGGIO	1	0	7000	49893	143616	108	-2	0.03	0.03	0	
30/05/2011 09:58:31	TASTEGGIO	1	0	7000	49893	99247	108	-2	0.03	0.05	-24500	
30/05/2011 09:58:50	TASTEGGIO	1	0	7000	49893	123718	108	-2	0.02	0.02	0	
30/05/2011 09:59:00	TASTEGGIO	1	0	7000	49893	99255	108	-2	0.02	0.05	44500	
30/05/2011 09:59:19	TASTEGGIO	1	0	7000	49893	54819	108	-1	0.03	0.03	0	
30/05/2011 09:59:29	TASTEGGIO	1	0	7000	49893	99150	108	-1	0.02	0.03	44500	
30/05/2011 10:01:24	TASTEGGIO	1	0	7000	49893	99260	108	-1	0.08	0.10	-44500	
30/05/2011 10:01:44	TASTEGGIO	1	0	7000	49893	143721	112	-3	0.07	0.07	0	
30/05/2011 10:01:59	TASTEGGIO	0	1	7000	49893	143721	116	-1	0.06	0.06	0	
30/05/2011 10:02:14	TASTEGGIO	0	2	7000	49893	143721	126	-1	0.05	0.05	0	
30/05/2011 10:02:31	TASTEGGIO	0	3	7000	49893	143722	138	-2	0.03	0.03	0	
30/05/2011 10:02:41	TASTEGGIO	0	3	7000	49893	99257	138	-2	0.04	0.05	-24500	
30/05/2011 10:03:01	TASTEGGIO	1	0	7000	49893	123728	108	-2	0.02	0.02	0	
30/05/2011 10:03:10	TASTEGGIO	1	0	7000	49893	99255	108	-2	0.03	0.03	44500	
30/05/2011 10:05:05	TASTEGGIO	1	0	7000	49893	99263	108	-2	0.05	0.05	24500	
30/05/2011 10:05:23	TASTEGGIO	1	0	7000	49893	74806	108	-4	0.02	0.02	0	
30/05/2011 10:05:33	TASTEGGIO	1	0	7000	49893	99164	108	-4	0.03	0.04	-44500	
30/05/2011 10:05:53	TASTEGGIO	1	0	7000	49893	143613	107	-2	0.03	0.03	0	
30/05/2011 10:06:03	TASTEGGIO	1	0	7000	49893	99249	107	-2	0.03	0.03	-24500	
30/05/2011 10:07:54	TASTEGGIO	1	0	7000	49893	99265	107	-2	0.01	0.01	-44500	
30/05/2011 10:09:02	ALARM 17	proc 12 prog 10 step 47	LavoroTerminato
30/05/2011 12:54:40	TASTEGGIO	1	0	8000	53814	68482	107	-2	0.11	0.11	0	
30/05/2011 12:54:58	TASTEGGIO	1	0	8000	53814	68501	225	-1	0.10	0.10	0	
30/05/2011 12:55:16	TASTEGGIO	0	1	8000	53814	68499	243	-1	0.09	0.09	0	
30/05/2011 12:55:33	TASTEGGIO	0	2	8000	53814	68498	259	-1	0.08	0.08	0	
30/05/2011 12:55:50	TASTEGGIO	0	3	8000	53814	68498	280	-3	0.05	0.05	0	
30/05/2011 12:55:58	TASTEGGIO	0	3	8000	53814	68502	280	-3	0.05	0.07	-24500	
30/05/2011 12:57:51	TASTEGGIO	0	3	8000	53813	68476	280	-3	0.96	0.96	0	
30/05/2011 12:58:11	TASTEGGIO	1	0	8000	53813	68494	335	-6	0.91	0.91	0	
30/05/2011 12:58:30	TASTEGGIO	0	1	8000	53813	68494	400	-16	0.76	0.76	0	
30/05/2011 12:58:47	TASTEGGIO	0	2	8000	53813	68493	400	-5	0.71	0.71	0	
30/05/2011 12:59:07	TASTEGGIO	0	1	8000	53813	68493	400	-2	0.69	0.69	0	
30/05/2011 12:59:25	TASTEGGIO	0	1	8000	53813	68492	400	-1	0.68	0.68	0	
30/05/2011 12:59:44	TASTEGGIO	0	1	8000	53813	68492	400	-1	0.68	0.68	0	
30/05/2011 13:00:02	TASTEGGIO	0	1	8000	53813	68550	400	-1	0.67	0.67	0	
30/05/2011 13:00:20	TASTEGGIO	0	1	8000	53813	68550	400	-1	0.67	0.67	0	
30/05/2011 13:00:39	TASTEGGIO	0	1	8000	53813	68550	400	-1	0.67	0.67	0	
30/05/2011 13:00:56	TASTEGGIO	0	1	8000	53813	68550	400	-1	0.67	0.67	0	
30/05/2011 13:01:15	TASTEGGIO	0	1	8000	53813	68550	400	-1	0.67	0.67	0	
30/05/2011 13:01:35	TASTEGGIO	0	1	8000	53813	68550	400	-1	0.66	0.66	0	
30/05/2011 13:01:52	TASTEGGIO	0	1	8000	53813	68550	400	-1	0.66	0.66	0	
30/05/2011 13:02:12	TASTEGGIO	0	1	8000	53813	68550	400	-1	0.66	0.66	0	
30/05/2011 13:02:31	TASTEGGIO	0	1	8000	53813	68550	400	-1	0.66	0.66	0	
30/05/2011 13:02:49	TASTEGGIO	0	1	8000	53813	68550	400	-1	0.66	0.66	0	
30/05/2011 13:03:05	ALARM 401		
30/05/2011 13:03:07	ALARM 401		
30/05/2011 13:03:23	TASTEGGIO	0	1	8000	53813	68477	400	0	0.66	0.68	24500	
30/05/2011 13:04:06	TASTEGGIO	0	1	8000	53813	44004	453	-29	0.40	0.40	0	
30/05/2011 13:04:24	TASTEGGIO	0	1	8000	53813	68351	453	-29	0.46	0.46	0	
30/05/2011 13:05:15	TASTEGGIO	0	1	8000	53813	68351	418	-10	0.35	0.35	0	
30/05/2011 13:05:28	TASTEGGIO	0	1	8000	53813	68357	418	-10	0.35	0.35	0	
30/05/2011 13:06:02	TASTEGGIO	0	1	8000	53813	68356	431	-11	0.26	0.26	0	
30/05/2011 13:06:28	TASTEGGIO	0	1	8000	53813	68364	431	-10	0.18	0.22	24500	
30/05/2011 13:06:59	TASTEGGIO	0	1	8000	53813	68350	418	-10	0.10	0.15	-24500	
30/05/2011 13:07:29	TASTEGGIO	0	1	8000	53813	68477	418	-44	0.27	0.31	-24500	
30/05/2011 13:07:55	TASTEGGIO	0	1	8000	53813	92930	418	-49	0.20	0.20	0	
30/05/2011 13:08:14	TASTEGGIO	0	1	8000	53813	68477	418	-49	0.23	0.23	0	
30/05/2011 13:08:33	TASTEGGIO	1	0	8000	53813	68495	241	-2	0.23	0.23	0	
30/05/2011 13:08:51	TASTEGGIO	0	1	8000	53813	68493	287	0	0.22	0.22	0	
30/05/2011 13:09:09	TASTEGGIO	0	1	8000	53813	68492	350	-1	0.21	0.21	0	
30/05/2011 13:09:29	TASTEGGIO	0	1	8000	53813	68491	400	-1	0.20	0.20	0	
30/05/2011 13:09:32	ALARM 401		
30/05/2011 13:09:37	ALARM 205		err.6058
30/05/2011 13:09:49	TASTEGGIO	0	1	8000	53813	68461	400	-1	0.21	0.21	0	
30/05/2011 13:10:12	TASTEGGIO	0	1	8000	53813	68479	417	-2	0.19	0.19	0	
30/05/2011 13:10:34	TASTEGGIO	0	1	8000	53813	68478	424	-3	0.17	0.17	0	
30/05/2011 13:11:00	TASTEGGIO	0	1	8000	53813	68451	434	-4	0.13	0.15	24500	
30/05/2011 13:11:33	TASTEGGIO	0	1	8000	53813	68353	397	-1	0.13	0.15	-24500	
30/05/2011 13:11:58	TASTEGGIO	0	1	8000	53813	92817	411	-30	0.16	0.16	0	
30/05/2011 13:12:37	TASTEGGIO	0	1	8000	53813	92827	411	-38	0.21	0.21	0	
30/05/2011 13:13:03	TASTEGGIO	0	1	8000	53813	92836	411	-35	0.13	0.13	0	
30/05/2011 13:13:20	TASTEGGIO	0	1	8000	53813	68490	411	-35	0.03	0.12	-24500	
30/05/2011 13:13:40	TASTEGGIO	1	0	8000	53813	92932	227	-4	0.09	0.09	0	
30/05/2011 13:13:50	TASTEGGIO	1	0	8000	53813	68484	227	-4	0.00	0.09	-24500	
30/05/2011 13:15:36	TASTEGGIO	1	0	8000	53812	68370	227	-4	0.11	0.13	-24500	
30/05/2011 13:15:57	TASTEGGIO	1	0	8000	53812	92823	228	-3	0.11	0.11	0	
30/05/2011 13:16:14	TASTEGGIO	0	1	8000	53812	92833	237	-1	0.10	0.10	0	
30/05/2011 13:16:32	TASTEGGIO	0	1	8000	53812	92841	264	-3	0.07	0.07	0	
30/05/2011 13:16:42	TASTEGGIO	0	1	8000	53812	68384	264	-3	0.10	0.11	24500	
30/05/2011 13:17:03	TASTEGGIO	1	0	8000	53812	43935	225	-1	0.10	0.10	0	
30/05/2011 13:17:20	TASTEGGIO	0	1	8000	53812	43920	243	0	0.09	0.09	0	
30/05/2011 13:17:29	TASTEGGIO	0	1	8000	53812	68257	243	0	0.09	0.10	24500	
30/05/2011 13:17:50	TASTEGGIO	1	0	8000	53812	43804	224	-1	0.09	0.09	0	
30/05/2011 13:18:00	TASTEGGIO	1	0	8000	53812	68257	224	-1	0.09	0.09	24500	
30/05/2011 13:19:52	TASTEGGIO	1	0	8000	53812	68956	224	-1	0.12	0.12	0	
30/05/2011 13:20:11	TASTEGGIO	1	0	8000	53812	68953	227	-2	0.11	0.11	0	
30/05/2011 13:20:27	TASTEGGIO	0	1	8000	53812	68952	247	-1	0.09	0.09	0	
30/05/2011 13:20:35	TASTEGGIO	0	1	8000	53812	68957	247	-1	0.09	0.09	0	
30/05/2011 13:22:21	TASTEGGIO	0	1	8000	53812	68874	247	-1	0.19	0.19	0	
30/05/2011 13:22:39	TASTEGGIO	1	0	8000	53812	68888	236	-1	0.18	0.18	0	
30/05/2011 13:22:55	TASTEGGIO	0	1	8000	53812	68888	270	-3	0.16	0.16	0	
30/05/2011 13:23:14	TASTEGGIO	0	2	8000	53812	68887	298	-4	0.12	0.12	0	
30/05/2011 13:23:22	TASTEGGIO	0	2	8000	53812	68864	298	-4	0.12	0.12	24500	
30/05/2011 13:23:42	TASTEGGIO	1	0	8000	53812	44405	227	-1	0.11	0.11	0	
30/05/2011 13:23:58	TASTEGGIO	0	1	8000	53812	44396	247	-1	0.11	0.11	0	
30/05/2011 13:24:17	TASTEGGIO	0	1	8000	53812	44390	280	-2	0.09	0.09	0	
30/05/2011 13:24:27	TASTEGGIO	0	1	8000	53812	68754	280	-2	0.10	0.10	0	
30/05/2011 13:24:45	TASTEGGIO	1	0	8000	53812	68758	224	-1	0.10	0.10	0	
30/05/2011 13:24:53	TASTEGGIO	1	0	8000	53812	68763	224	-1	0.10	0.10	-24500	
30/05/2011 13:25:49	ALARM 17	proc 12 prog 10 step 47	LavoroTerminato
30/05/2011 13:36:39	ALARM 401		
30/05/2011 13:44:39	ALARM 401		
30/05/2011 13:47:56	TASTEGGIO	1	0	15000	69495	145409	224	-1	0.20	0.25	-44500	
30/05/2011 13:48:27	ALARM 401		
30/05/2011 13:48:30	ALARM 401		
30/05/2011 13:48:30	ALARM 401		
30/05/2011 13:48:31	ALARM 401		
30/05/2011 13:49:06	TASTEGGIO	1	0	15000	69495	145424	197	0	0.13	0.23	-24500	
30/05/2011 13:53:06	TASTEGGIO	1	0	15000	59994	145397	197	0	0.18	0.21	-24500	
30/05/2011 14:56:01	TASTEGGIO	1	0	12000	69495	153104	197	0	0.56	0.62	-44500	
30/05/2011 14:56:28	TASTEGGIO	1	0	12000	69495	197579	285	-76	0.28	0.28	0	
30/05/2011 14:56:51	TASTEGGIO	0	1	12000	69495	197579	272	-84	0.55	0.55	0	
30/05/2011 14:57:12	TASTEGGIO	0	1	12000	69495	197579	163	-27	0.29	0.29	0	
30/05/2011 14:57:32	TASTEGGIO	0	2	12000	69495	197579	184	-13	0.17	0.17	0	
30/05/2011 14:57:51	TASTEGGIO	0	3	12000	69495	197580	201	-13	0.05	0.05	0	
30/05/2011 14:58:03	TASTEGGIO	0	3	12000	69495	153084	201	-13	0.09	0.11	24500	
30/05/2011 14:58:28	TASTEGGIO	1	0	12000	69495	128600	219	-61	0.50	0.50	0	
30/05/2011 14:58:44	TASTEGGIO	0	1	12000	69495	128608	0	-1	0.49	0.49	0	
30/05/2011 14:59:03	TASTEGGIO	0	1	12000	69495	128614	144	-17	0.33	0.33	0	
30/05/2011 14:59:23	TASTEGGIO	0	2	12000	69495	128614	175	-19	0.14	0.14	0	
30/05/2011 14:59:46	TASTEGGIO	0	0	12000	69495	128609	223	-32	0.18	0.18	0	
30/05/2011 15:00:06	TASTEGGIO	0	1	12000	69495	128611	199	-29	0.15	0.15	0	
30/05/2011 15:00:27	TASTEGGIO	0	1	12000	69495	128611	186	-32	0.17	0.17	0	
30/05/2011 15:00:47	TASTEGGIO	0	1	12000	69495	128611	166	-25	0.08	0.08	0	
30/05/2011 15:00:58	TASTEGGIO	0	1	12000	69495	152991	166	-25	0.08	0.11	-97500	
30/05/2011 15:02:48	TASTEGGIO	0	1	12000	69494	153101	166	-25	0.21	0.25	-24500	
30/05/2011 15:03:14	TASTEGGIO	1	0	12000	69494	177567	237	-85	0.58	0.58	0	
30/05/2011 15:03:34	TASTEGGIO	0	1	12000	69494	177570	102	-13	0.45	0.45	0	
30/05/2011 15:03:53	TASTEGGIO	0	2	12000	69494	177571	151	-23	0.23	0.23	0	
30/05/2011 15:04:12	TASTEGGIO	0	3	12000	69494	177571	171	-22	0.01	0.01	0	
30/05/2011 15:04:23	TASTEGGIO	0	3	12000	69494	153059	171	-22	0.05	0.06	24500	
30/05/2011 15:06:15	TASTEGGIO	0	3	12000	69494	153100	171	-22	0.26	0.29	24500	
30/05/2011 15:06:41	TASTEGGIO	1	0	12000	69494	128615	242	-74	0.48	0.48	0	
30/05/2011 15:07:01	TASTEGGIO	0	1	12000	69494	128618	162	-31	0.19	0.19	0	
30/05/2011 15:07:22	TASTEGGIO	0	0	12000	69494	128621	229	-54	0.33	0.33	0	
30/05/2011 15:07:43	TASTEGGIO	0	1	12000	69494	128622	171	-15	0.20	0.20	0	
30/05/2011 15:08:03	TASTEGGIO	0	2	12000	69494	128622	188	-5	0.15	0.15	0	
30/05/2011 15:08:23	TASTEGGIO	0	3	12000	69494	128623	207	-5	0.10	0.10	0	
30/05/2011 15:08:34	TASTEGGIO	0	3	12000	69494	152992	207	-5	0.09	0.14	97500	
30/05/2011 15:09:01	TASTEGGIO	1	0	12000	69494	55507	223	-16	0.08	0.08	0	
30/05/2011 15:09:13	TASTEGGIO	1	0	12000	69494	152984	223	-16	0.03	0.09	44500	
30/05/2011 15:11:05	TASTEGGIO	1	0	12000	69494	153199	223	-16	0.23	0.25	44500	
30/05/2011 15:11:31	TASTEGGIO	1	0	12000	69494	108719	237	-57	0.32	0.32	0	
30/05/2011 15:11:52	TASTEGGIO	0	1	12000	69494	108725	196	-39	0.05	0.05	0	
30/05/2011 15:12:03	TASTEGGIO	0	1	12000	69494	153082	196	-39	0.04	0.07	-24500	
30/05/2011 15:13:54	TASTEGGIO	0	1	12000	69494	153293	196	-39	0.21	0.24	-24500	
30/05/2011 15:14:19	TASTEGGIO	1	0	12000	69494	177766	236	-80	0.56	0.56	0	
30/05/2011 15:14:39	TASTEGGIO	0	1	12000	69494	177766	105	-10	0.46	0.46	0	
30/05/2011 15:15:01	TASTEGGIO	0	2	12000	69494	177766	180	-31	0.17	0.17	0	
30/05/2011 15:15:22	TASTEGGIO	0	0	12000	69494	177767	227	-47	0.29	0.29	0	
30/05/2011 15:15:42	TASTEGGIO	0	1	12000	69494	177769	177	-19	0.14	0.14	0	
30/05/2011 15:15:53	TASTEGGIO	0	1	12000	69494	153266	177	-19	0.13	0.14	-24500	
30/05/2011 15:16:19	TASTEGGIO	1	0	12000	69494	177751	223	-24	0.09	0.09	0	
30/05/2011 15:16:29	TASTEGGIO	1	0	12000	69494	153233	223	-24	0.08	0.11	-44500	
30/05/2011 15:18:21	TASTEGGIO	1	0	12000	69494	153289	223	-24	1.01	1.04	-24500	
30/05/2011 15:18:51	TASTEGGIO	1	0	12000	69494	177762	339	-175	1.66	1.66	0	
30/05/2011 15:19:07	TASTEGGIO	0	1	12000	69494	177775	74	-1	1.64	1.64	0	
30/05/2011 15:19:32	TASTEGGIO	0	1	12000	69494	177779	400	-139	0.36	0.36	0	
30/05/2011 15:19:54	TASTEGGIO	0	0	12000	69494	177779	251	-27	0.11	0.11	0	
30/05/2011 15:20:04	TASTEGGIO	0	0	12000	69494	153269	251	-27	0.18	0.21	-97500	
30/05/2011 15:20:32	TASTEGGIO	1	0	12000	69494	250754	232	-35	0.17	0.17	0	
30/05/2011 15:20:53	TASTEGGIO	0	1	12000	69494	250755	218	-31	0.14	0.14	0	
30/05/2011 15:21:06	TASTEGGIO	0	1	12000	69494	153265	218	-31	0.20	0.21	-24500	
30/05/2011 15:21:32	TASTEGGIO	1	0	12000	69494	177751	232	-67	0.51	0.51	0	
30/05/2011 15:21:52	TASTEGGIO	0	1	12000	69494	177757	108	-7	0.44	0.44	0	
30/05/2011 15:22:14	TASTEGGIO	0	2	12000	69494	177772	183	-10	0.34	0.34	0	
30/05/2011 15:22:37	TASTEGGIO	0	3	12000	69494	177778	228	-18	0.17	0.17	0	
30/05/2011 15:22:58	TASTEGGIO	0	0	12000	69494	177781	227	-10	0.07	0.07	0	
30/05/2011 15:23:08	TASTEGGIO	0	0	12000	69494	153307	227	-10	0.13	0.18	24500	
30/05/2011 15:23:32	TASTEGGIO	1	0	12000	69494	128830	228	-66	0.47	0.47	0	
30/05/2011 15:23:52	TASTEGGIO	0	1	12000	69494	128840	105	-8	0.39	0.39	0	
30/05/2011 15:24:12	TASTEGGIO	0	2	12000	69494	128846	169	-24	0.16	0.16	0	
30/05/2011 15:24:33	TASTEGGIO	0	0	12000	69494	128840	225	-40	0.23	0.23	0	
30/05/2011 15:24:54	TASTEGGIO	0	1	12000	69494	128839	191	-20	0.09	0.09	0	
30/05/2011 15:25:04	TASTEGGIO	0	1	12000	69494	153199	191	-20	0.05	0.08	-97500	
30/05/2011 15:26:56	TASTEGGIO	0	1	12000	69494	153101	191	-20	0.43	0.46	24500	
30/05/2011 15:27:21	TASTEGGIO	1	0	12000	69494	128618	264	-73	0.36	0.36	0	
30/05/2011 15:27:43	TASTEGGIO	0	1	12000	69494	128623	235	-63	0.27	0.27	0	
30/05/2011 15:28:04	TASTEGGIO	0	1	12000	69494	128625	214	-48	0.22	0.22	0	
30/05/2011 15:28:25	TASTEGGIO	0	1	12000	69494	128626	196	-23	0.04	0.04	0	
30/05/2011 15:28:36	TASTEGGIO	0	1	12000	69494	152987	196	-23	0.02	0.19	97500	
30/05/2011 15:29:03	TASTEGGIO	1	0	12000	69494	55503	229	-17	0.12	0.12	0	
30/05/2011 15:29:16	TASTEGGIO	1	0	12000	69494	152983	229	-17	0.13	0.17	24500	
30/05/2011 15:29:42	TASTEGGIO	1	0	12000	69494	128503	227	-47	0.30	0.30	0	
30/05/2011 15:30:03	TASTEGGIO	0	1	12000	69494	128504	174	-11	0.20	0.20	0	
30/05/2011 15:30:23	TASTEGGIO	0	2	12000	69494	128508	192	-4	0.15	0.15	0	
30/05/2011 15:30:43	TASTEGGIO	0	3	12000	69494	128512	211	-6	0.10	0.10	0	
30/05/2011 15:30:54	TASTEGGIO	0	3	12000	69494	152995	211	-6	0.10	0.14	-24500	
30/05/2011 15:31:19	TASTEGGIO	1	0	12000	69494	177476	223	-74	0.59	0.59	0	
30/05/2011 15:31:35	TASTEGGIO	0	1	12000	69494	177487	0	-1	0.58	0.58	0	
30/05/2011 15:31:55	TASTEGGIO	0	1	12000	69494	177501	171	-35	0.24	0.24	0	
30/05/2011 15:32:16	TASTEGGIO	0	0	12000	69494	177515	236	-56	0.31	0.31	0	
30/05/2011 15:32:37	TASTEGGIO	0	1	12000	69494	177516	195	-20	0.11	0.11	0	
30/05/2011 15:32:48	TASTEGGIO	0	1	12000	69494	153136	195	-20	0.09	0.13	97500	
30/05/2011 15:33:15	TASTEGGIO	1	0	12000	69494	55652	221	-6	0.08	0.08	0	
30/05/2011 15:33:28	TASTEGGIO	1	0	12000	69494	152991	221	-6	0.07	0.11	-24500	
30/05/2011 15:35:18	TASTEGGIO	1	0	12000	69494	153196	221	-6	0.36	0.43	-44500	
30/05/2011 15:35:43	TASTEGGIO	1	0	12000	69494	197664	260	-82	0.46	0.46	0	
30/05/2011 15:36:05	TASTEGGIO	0	1	12000	69494	197664	210	-47	0.07	0.07	0	
30/05/2011 15:36:16	TASTEGGIO	0	1	12000	69494	153156	210	-47	0.05	0.07	-44500	
30/05/2011 15:38:08	TASTEGGIO	0	1	12000	69494	153009	210	-47	0.18	0.29	-44500	
30/05/2011 15:38:35	TASTEGGIO	1	0	12000	69494	197475	242	-78	0.49	0.49	0	
30/05/2011 15:38:55	TASTEGGIO	0	1	12000	69494	197478	159	-28	0.22	0.22	0	
30/05/2011 15:39:16	TASTEGGIO	0	0	12000	69494	197479	233	-55	0.32	0.32	0	
30/05/2011 15:39:37	TASTEGGIO	0	1	12000	69494	197480	186	-19	0.13	0.13	0	
30/05/2011 15:39:48	TASTEGGIO	0	1	12000	69494	152954	186	-19	0.04	0.17	-97500	
30/05/2011 15:40:16	TASTEGGIO	1	0	12000	69494	250429	227	-35	0.21	0.21	0	
30/05/2011 15:40:37	TASTEGGIO	0	1	12000	69494	250431	201	-27	0.06	0.06	0	
30/05/2011 15:40:49	TASTEGGIO	0	1	12000	69494	152950	201	-27	0.08	0.08	44500	
30/05/2011 15:42:41	TASTEGGIO	0	1	12000	69494	153119	201	-27	0.20	0.24	44500	
30/05/2011 15:43:07	TASTEGGIO	1	0	12000	69494	108637	236	-58	0.36	0.36	0	
30/05/2011 15:43:28	TASTEGGIO	0	1	12000	69494	108637	182	-31	0.06	0.06	0	
30/05/2011 15:43:39	TASTEGGIO	0	1	12000	69494	152987	182	-31	0.08	0.13	-44500	
30/05/2011 15:44:05	TASTEGGIO	1	0	12000	69494	197459	221	-63	0.49	0.49	0	
30/05/2011 15:44:23	TASTEGGIO	0	1	12000	69494	197460	36	-2	0.48	0.48	0	
30/05/2011 15:44:45	TASTEGGIO	0	1	12000	69494	197460	177	-31	0.19	0.19	0	
30/05/2011 15:45:05	TASTEGGIO	0	0	12000	69494	197460	229	-44	0.25	0.25	0	
30/05/2011 15:45:25	TASTEGGIO	0	1	12000	69494	197460	196	-19	0.06	0.06	0	
30/05/2011 15:45:37	TASTEGGIO	0	1	12000	69494	153080	196	-19	0.02	0.07	24500	
30/05/2011 15:47:29	TASTEGGIO	0	1	12000	69494	153295	196	-19	0.28	0.28	-44500	
30/05/2011 15:47:55	TASTEGGIO	1	0	12000	69494	197773	241	-65	0.37	0.37	0	
30/05/2011 15:48:15	TASTEGGIO	0	1	12000	69494	197773	192	-42	0.06	0.06	0	
30/05/2011 15:48:27	TASTEGGIO	0	1	12000	69494	153260	192	-42	0.16	0.18	24500	
30/05/2011 15:48:53	TASTEGGIO	1	0	12000	69494	128778	228	-67	0.49	0.49	0	
30/05/2011 15:49:13	TASTEGGIO	0	1	12000	69494	128779	94	-5	0.44	0.44	0	
30/05/2011 15:49:33	TASTEGGIO	0	2	12000	69494	128779	173	-27	0.19	0.19	0	
30/05/2011 15:49:56	TASTEGGIO	0	0	12000	69494	128779	229	-40	0.24	0.24	0	
30/05/2011 15:50:17	TASTEGGIO	0	1	12000	69494	128781	198	-35	0.14	0.14	0	
30/05/2011 15:50:28	TASTEGGIO	0	1	12000	69494	153173	198	-35	0.12	0.19	97500	
30/05/2011 15:50:55	TASTEGGIO	1	0	12000	69494	55692	229	-16	0.09	0.09	0	
30/05/2011 15:51:08	TASTEGGIO	1	0	12000	69494	153179	229	-16	0.03	0.10	97500	
30/05/2011 15:52:06	ALARM 17	proc 12 prog 10 step 47	LavoroTerminato
31/05/2011 07:17:00	ALARM 401		
31/05/2011 07:17:02	INIT OK
31/05/2011 07:19:38	ALARM 401		
31/05/2011 08:08:59	ALARM 401		
31/05/2011 08:09:02	ALARM 401		
31/05/2011 08:09:04	ALARM 401		
31/05/2011 10:18:30	ALARM 401		
31/05/2011 10:31:16	ALARM 401		
31/05/2011 10:31:17	ALARM 401		
31/05/2011 10:32:47	ALARM 3	proc 12 prog 31 step 36	Tondo non presente su rulliera
31/05/2011 10:33:59	TASTEGGIO	0	0	10000	61654	151122	0	0	0.69	0.69	0	
31/05/2011 10:34:22	TASTEGGIO	1	0	10000	61654	151152	147	-7	0.64	0.64	0	
31/05/2011 10:34:44	TASTEGGIO	0	1	10000	61654	151157	265	-127	0.64	0.64	0	
31/05/2011 10:35:06	TASTEGGIO	0	1	10000	61654	151160	201	-77	0.14	0.14	0	
31/05/2011 10:35:14	TASTEGGIO	0	1	10000	61654	151106	201	-77	0.14	0.23	44500	
31/05/2011 10:35:38	TASTEGGIO	1	0	10000	61654	106629	109	-4	0.18	0.18	0	
31/05/2011 10:35:56	TASTEGGIO	0	1	10000	61654	106634	123	-4	0.14	0.14	0	
31/05/2011 10:36:07	TASTEGGIO	0	1	10000	61654	150981	123	-4	0.09	0.16	-97500	
31/05/2011 10:36:31	TASTEGGIO	1	0	10000	61654	248461	103	-1	0.15	0.15	0	
31/05/2011 10:36:49	TASTEGGIO	0	1	10000	61654	248491	131	-3	0.11	0.11	0	
31/05/2011 10:37:02	TASTEGGIO	0	1	10000	61654	151112	131	-3	0.08	0.14	44500	
31/05/2011 10:37:24	TASTEGGIO	1	0	10000	61654	106648	101	0	0.13	0.13	0	
31/05/2011 10:37:42	TASTEGGIO	0	1	10000	61654	106653	125	-4	0.09	0.09	0	
31/05/2011 10:37:53	TASTEGGIO	0	1	10000	61654	150982	125	-4	0.07	0.11	-97500	
31/05/2011 10:38:17	TASTEGGIO	1	0	10000	61654	248463	99	-1	0.11	0.11	0	
31/05/2011 10:38:29	TASTEGGIO	1	0	10000	61654	151125	99	-1	0.07	0.11	44500	
31/05/2011 10:40:28	TASTEGGIO	1	0	10000	61654	152407	99	-1	0.56	0.56	-24500	
31/05/2011 10:40:53	TASTEGGIO	1	0	10000	61654	176867	137	-16	0.41	0.41	0	
31/05/2011 10:41:14	TASTEGGIO	0	1	10000	61654	176881	167	-41	0.08	0.08	0	
31/05/2011 10:41:24	TASTEGGIO	0	1	10000	61654	152382	167	-41	0.09	0.18	97500	
31/05/2011 10:41:48	TASTEGGIO	1	0	10000	61654	54906	105	0	0.17	0.17	0	
31/05/2011 10:42:07	TASTEGGIO	0	1	10000	61654	54909	137	-1	0.17	0.17	0	
31/05/2011 10:42:27	TASTEGGIO	0	1	10000	61654	54914	188	-9	0.08	0.08	0	
31/05/2011 10:42:39	TASTEGGIO	0	1	10000	61654	152284	188	-9	0.07	0.11	44500	
31/05/2011 10:44:39	TASTEGGIO	0	1	10000	61654	152401	188	-9	0.79	0.93	24500	
31/05/2011 10:45:04	TASTEGGIO	1	0	10000	61654	127926	168	-14	0.79	0.79	0	
31/05/2011 10:45:26	TASTEGGIO	0	1	10000	61654	127929	235	-63	0.18	0.18	0	
31/05/2011 10:45:45	TASTEGGIO	0	0	10000	61654	127930	105	0	0.18	0.18	0	
31/05/2011 10:46:06	TASTEGGIO	0	1	10000	61654	127932	141	-1	0.18	0.18	0	
31/05/2011 10:46:29	TASTEGGIO	0	1	10000	61654	127929	195	-33	0.15	0.15	0	
31/05/2011 10:46:51	TASTEGGIO	0	1	10000	61654	127955	182	-84	0.70	0.70	0	
31/05/2011 10:47:06	TASTEGGIO	0	1	10000	61654	127955	0	-3	0.67	0.67	0	
31/05/2011 10:47:27	TASTEGGIO	0	1	10000	61654	127955	192	-19	0.48	0.48	0	
31/05/2011 10:47:51	TASTEGGIO	0	2	10000	61654	127955	240	-51	0.05	0.05	0	
31/05/2011 10:48:02	TASTEGGIO	0	2	10000	61654	152282	240	-51	0.05	0.11	97500	
31/05/2011 10:50:10	TASTEGGIO	0	2	10000	61654	153792	240	-51	0.05	0.11	97500	
31/05/2011 10:52:09	TASTEGGIO	0	2	10000	61653	152791	240	-51	0.26	0.29	-44500	
31/05/2011 10:52:33	TASTEGGIO	1	0	10000	61653	197267	114	-8	0.23	0.23	0	
31/05/2011 10:52:53	TASTEGGIO	0	1	10000	61653	197268	132	-12	0.12	0.12	0	
31/05/2011 10:53:04	TASTEGGIO	0	1	10000	61653	152764	132	-12	0.13	0.15	-97500	
31/05/2011 10:53:28	TASTEGGIO	1	0	10000	61653	250243	102	0	0.14	0.14	0	
31/05/2011 10:53:40	TASTEGGIO	1	0	10000	61653	152766	102	0	0.13	0.15	24500	
31/05/2011 10:54:05	TASTEGGIO	1	0	10000	61653	128287	102	-4	0.10	0.10	0	
31/05/2011 10:54:15	TASTEGGIO	1	0	10000	61653	152654	102	-4	0.09	0.13	97500	
31/05/2011 10:54:38	TASTEGGIO	1	0	10000	61653	55172	100	0	0.13	0.13	0	
31/05/2011 10:54:56	TASTEGGIO	0	1	10000	61653	55172	126	-1	0.13	0.13	0	
31/05/2011 10:55:17	TASTEGGIO	0	1	10000	61653	55173	165	-1	0.12	0.12	0	
31/05/2011 10:55:29	TASTEGGIO	0	1	10000	61653	152674	165	-1	0.08	0.12	-97500	
31/05/2011 10:57:29	TASTEGGIO	0	1	10000	61653	151611	165	-1	0.15	0.17	-44500	
31/05/2011 10:57:53	TASTEGGIO	1	0	10000	61653	196079	104	-8	0.12	0.12	0	
31/05/2011 10:58:04	TASTEGGIO	1	0	10000	61653	151578	104	-8	0.11	0.12	-44500	
31/05/2011 10:59:59	TASTEGGIO	1	0	10000	61653	152208	104	-8	0.66	0.66	24500	
31/05/2011 11:00:24	TASTEGGIO	1	0	10000	61653	127729	145	-6	0.59	0.59	0	
31/05/2011 11:00:45	TASTEGGIO	0	1	10000	61653	127732	197	-37	0.23	0.23	0	
31/05/2011 11:01:04	TASTEGGIO	0	0	10000	61653	127734	109	0	0.24	0.24	0	
31/05/2011 11:01:25	TASTEGGIO	0	1	10000	61653	127736	159	-5	0.18	0.18	0	
31/05/2011 11:01:48	TASTEGGIO	0	2	10000	61653	127735	178	-23	0.07	0.07	0	
31/05/2011 11:01:59	TASTEGGIO	0	2	10000	61653	152080	178	-23	0.07	0.20	-97500	
31/05/2011 11:02:23	TASTEGGIO	1	0	10000	61653	249557	106	0	0.18	0.18	0	
31/05/2011 11:02:42	TASTEGGIO	0	1	10000	61653	249557	122	-1	0.17	0.17	0	
31/05/2011 11:03:02	TASTEGGIO	0	1	10000	61653	249557	170	-15	0.03	0.03	0	
31/05/2011 11:03:14	TASTEGGIO	0	1	10000	61653	152195	170	-15	0.10	0.15	24500	
31/05/2011 11:03:39	TASTEGGIO	1	0	10000	61653	127720	102	-11	0.03	0.03	0	
31/05/2011 11:03:49	TASTEGGIO	1	0	10000	61653	152078	102	-11	0.01	0.09	97500	
31/05/2011 11:05:50	TASTEGGIO	1	0	10000	61653	153217	102	-11	0.60	0.62	24500	
31/05/2011 11:06:14	TASTEGGIO	1	0	10000	61653	128740	142	-8	0.55	0.55	0	
31/05/2011 11:06:36	TASTEGGIO	0	1	10000	61653	128744	190	-38	0.20	0.20	0	
31/05/2011 11:06:56	TASTEGGIO	0	0	10000	61653	128745	106	0	0.20	0.20	0	
31/05/2011 11:07:18	TASTEGGIO	0	1	10000	61653	128748	146	-9	0.12	0.12	0	
31/05/2011 11:07:29	TASTEGGIO	0	1	10000	61653	153086	146	-9	0.16	0.24	97500	
31/05/2011 11:07:52	TASTEGGIO	1	0	10000	61653	55601	110	0	0.23	0.23	0	
31/05/2011 11:08:12	TASTEGGIO	0	1	10000	61653	55605	154	-2	0.22	0.22	0	
31/05/2011 11:08:32	TASTEGGIO	0	1	10000	61653	55612	217	-20	0.03	0.03	0	
31/05/2011 11:08:44	TASTEGGIO	0	1	10000	61653	153081	217	-20	0.04	0.12	-44500	
31/05/2011 11:10:43	TASTEGGIO	0	1	10000	61653	152311	217	-20	0.15	0.16	-24500	
31/05/2011 11:11:08	TASTEGGIO	1	0	10000	61653	176788	103	-9	0.09	0.09	0	
31/05/2011 11:11:18	TASTEGGIO	1	0	10000	61653	152272	103	-9	0.10	0.10	24500	
31/05/2011 11:13:16	TASTEGGIO	1	0	10000	61653	152905	103	-9	0.24	0.26	44500	
31/05/2011 11:13:39	TASTEGGIO	1	0	10000	61653	108427	111	-11	0.29	0.29	0	
31/05/2011 11:14:00	TASTEGGIO	0	1	10000	61653	108435	175	-30	0.05	0.05	0	
31/05/2011 11:14:11	TASTEGGIO	0	1	10000	61653	152783	175	-30	0.02	0.11	97500	
31/05/2011 11:16:11	TASTEGGIO	0	1	10000	61653	151224	175	-30	0.86	0.92	44500	
31/05/2011 11:16:36	TASTEGGIO	1	0	10000	61653	106755	167	-3	0.88	0.88	0	
31/05/2011 11:16:59	TASTEGGIO	0	1	10000	61653	106766	335	-120	0.30	0.30	0	
31/05/2011 11:17:20	TASTEGGIO	0	1	10000	61653	106770	324	-148	1.18	1.18	0	
31/05/2011 11:17:35	TASTEGGIO	0	1	10000	61653	106770	0	-5	1.12	1.12	0	
31/05/2011 11:17:57	TASTEGGIO	0	1	10000	61653	106775	318	-104	0.23	0.23	0	
31/05/2011 11:18:16	TASTEGGIO	0	0	10000	61653	106774	109	-1	0.22	0.22	0	
31/05/2011 11:18:36	TASTEGGIO	0	1	10000	61653	106775	151	-3	0.19	0.19	0	
31/05/2011 11:18:58	TASTEGGIO	0	2	10000	61653	106775	183	-11	0.09	0.09	0	
31/05/2011 11:19:10	TASTEGGIO	0	2	10000	61653	151075	183	-11	0.21	0.26	-44500	
31/05/2011 11:19:33	TASTEGGIO	1	0	10000	61653	195560	111	-9	0.19	0.19	0	
31/05/2011 11:19:52	TASTEGGIO	0	1	10000	61653	195575	124	-14	0.06	0.06	0	
31/05/2011 11:20:03	TASTEGGIO	0	1	10000	61653	151207	124	-14	0.05	0.12	97500	
31/05/2011 11:22:11	TASTEGGIO	0	1	10000	61653	151505	124	-14	0.31	0.31	0	
31/05/2011 11:22:34	TASTEGGIO	1	0	10000	61653	151521	116	-10	0.24	0.24	0	
31/05/2011 11:22:54	TASTEGGIO	0	1	10000	61653	151525	134	-18	0.06	0.06	0	
31/05/2011 11:23:02	TASTEGGIO	0	1	10000	61653	151489	134	-18	0.07	0.18	97500	
31/05/2011 11:23:25	TASTEGGIO	1	0	10000	61653	54012	105	0	0.17	0.17	0	
31/05/2011 11:23:44	TASTEGGIO	0	1	10000	61653	54018	137	0	0.17	0.17	0	
31/05/2011 11:24:05	TASTEGGIO	0	1	10000	61653	54023	188	-5	0.13	0.13	0	
31/05/2011 11:24:17	TASTEGGIO	0	1	10000	61653	151381	188	-5	0.04	0.13	97500	
31/05/2011 11:24:41	TASTEGGIO	1	0	10000	61653	53902	100	0	0.13	0.13	0	
31/05/2011 11:24:59	TASTEGGIO	0	1	10000	61653	53907	126	0	0.13	0.13	0	
31/05/2011 11:25:21	TASTEGGIO	0	1	10000	61653	53915	165	0	0.13	0.13	0	
31/05/2011 11:25:43	TASTEGGIO	0	1	10000	61653	53920	204	-10	0.03	0.03	0	
31/05/2011 11:25:55	TASTEGGIO	0	1	10000	61653	151389	204	-10	0.04	0.09	-97500	
31/05/2011 11:27:56	TASTEGGIO	0	1	10000	61653	152910	204	-10	0.36	0.39	44500	
31/05/2011 11:28:21	TASTEGGIO	1	0	10000	61653	108431	122	-5	0.35	0.35	0	
31/05/2011 11:28:41	TASTEGGIO	0	1	10000	61653	108433	153	-10	0.25	0.25	0	
31/05/2011 11:29:01	TASTEGGIO	0	2	10000	61653	108437	178	-27	0.04	0.04	0	
31/05/2011 11:29:12	TASTEGGIO	0	2	10000	61653	152783	178	-27	0.08	0.16	97500	
31/05/2011 11:29:35	TASTEGGIO	1	0	10000	61653	55305	103	0	0.14	0.14	0	
31/05/2011 11:29:48	TASTEGGIO	1	0	10000	61653	152781	103	0	0.08	0.16	97500	
31/05/2011 11:30:12	TASTEGGIO	1	0	10000	61653	55303	103	0	0.15	0.15	0	
31/05/2011 11:30:31	TASTEGGIO	0	1	10000	61653	55305	131	-1	0.14	0.14	0	
31/05/2011 11:30:43	TASTEGGIO	0	1	10000	61653	152795	131	-1	0.08	0.13	97500	
31/05/2011 11:31:07	TASTEGGIO	1	0	10000	61653	55318	100	0	0.13	0.13	0	
31/05/2011 11:31:26	TASTEGGIO	0	1	10000	61653	55328	126	0	0.13	0.13	0	
31/05/2011 11:31:46	TASTEGGIO	0	1	10000	61653	55335	165	-5	0.08	0.08	0	
31/05/2011 11:31:58	TASTEGGIO	0	1	10000	61653	152813	165	-5	0.10	0.13	-44500	
31/05/2011 11:32:23	TASTEGGIO	1	0	10000	61653	197298	100	-8	0.05	0.05	0	
31/05/2011 11:32:33	TASTEGGIO	1	0	10000	61653	152906	100	-8	0.04	0.10	97500	
31/05/2011 11:33:41	ALARM 17	proc 12 prog 10 step 47	LavoroTerminato
31/05/2011 11:59:04	TASTEGGIO	1	0	10000	61653	153120	100	-8	0.36	0.40	-44500	
31/05/2011 11:59:28	TASTEGGIO	1	0	10000	61653	197591	123	-9	0.30	0.30	0	
31/05/2011 11:59:47	TASTEGGIO	0	1	10000	61653	197591	145	-19	0.11	0.11	0	
31/05/2011 11:59:58	TASTEGGIO	0	1	10000	61653	153085	145	-19	0.14	0.16	24500	
31/05/2011 12:00:21	TASTEGGIO	1	0	10000	61653	128606	103	-9	0.08	0.08	0	
31/05/2011 12:00:31	TASTEGGIO	1	0	10000	61653	152972	103	-9	0.08	0.12	-97500	
31/05/2011 12:01:37	ALARM 17	proc 12 prog 10 step 47	LavoroTerminato
31/05/2011 13:52:47	TASTEGGIO	1	0	10000	61654	152792	103	-9	0.18	0.20	44500	
31/05/2011 13:53:10	TASTEGGIO	1	0	10000	61654	108335	106	-5	0.17	0.17	0	
31/05/2011 13:53:28	TASTEGGIO	0	1	10000	61654	108337	120	-4	0.13	0.13	0	
31/05/2011 13:53:39	TASTEGGIO	0	1	10000	61654	152681	120	-4	0.13	0.14	44500	
31/05/2011 13:54:02	TASTEGGIO	1	0	10000	61654	108206	101	0	0.13	0.13	0	
31/05/2011 13:54:20	TASTEGGIO	0	1	10000	61654	108211	125	-4	0.09	0.09	0	
31/05/2011 13:54:31	TASTEGGIO	0	1	10000	61654	152680	125	-4	0.11	0.11	24500	
31/05/2011 13:56:30	TASTEGGIO	0	1	10000	61653	153010	125	-4	0.49	0.52	24500	
31/05/2011 13:56:54	TASTEGGIO	1	0	10000	61653	128531	133	-8	0.45	0.45	0	
31/05/2011 13:57:15	TASTEGGIO	0	1	10000	61653	128535	171	-28	0.17	0.17	0	
31/05/2011 13:57:35	TASTEGGIO	0	0	10000	61653	128534	104	0	0.17	0.17	0	
31/05/2011 13:57:57	TASTEGGIO	0	1	10000	61653	128535	138	-2	0.16	0.16	0	
31/05/2011 13:58:19	TASTEGGIO	0	1	10000	61653	128534	183	-51	0.35	0.35	0	
31/05/2011 13:58:40	TASTEGGIO	0	1	10000	61653	128539	106	-14	0.19	0.19	0	
31/05/2011 13:58:59	TASTEGGIO	0	2	10000	61653	128539	120	-18	0.02	0.02	0	
31/05/2011 13:59:10	TASTEGGIO	0	2	10000	61653	152892	120	-18	0.02	0.13	97500	
31/05/2011 13:59:35	TASTEGGIO	1	0	10000	61653	55414	100	-1	0.12	0.12	0	
31/05/2011 13:59:47	TASTEGGIO	1	0	10000	61653	152893	100	-1	0.02	0.12	97500	
31/05/2011 14:01:51	TASTEGGIO	1	0	10000	61654	152294	100	-1	0.09	0.11	24500	
31/05/2011 14:03:47	TASTEGGIO	1	0	10000	61653	151601	100	-1	0.43	0.44	-24500	
31/05/2011 14:04:12	TASTEGGIO	1	0	10000	61653	176085	126	-13	0.33	0.33	0	
31/05/2011 14:04:33	TASTEGGIO	0	1	10000	61653	176086	150	-29	0.04	0.04	0	
31/05/2011 14:04:43	TASTEGGIO	0	1	10000	61653	151577	150	-29	0.08	0.15	97500	
31/05/2011 14:05:06	TASTEGGIO	1	0	10000	61653	54103	102	0	0.15	0.15	0	
31/05/2011 14:05:25	TASTEGGIO	0	1	10000	61653	54109	132	0	0.15	0.15	0	
31/05/2011 14:05:44	TASTEGGIO	0	1	10000	61653	54111	177	-4	0.10	0.10	0	
31/05/2011 14:05:57	TASTEGGIO	0	1	10000	61653	151468	177	-4	0.05	0.11	44500	
31/05/2011 14:07:55	TASTEGGIO	0	1	10000	61653	153603	177	-4	0.11	0.12	24500	
31/05/2011 14:09:52	TASTEGGIO	0	1	10000	61653	153388	177	-4	0.17	0.18	24500	
31/05/2011 14:10:17	TASTEGGIO	1	0	10000	61653	128920	105	-9	0.11	0.11	0	
31/05/2011 14:10:27	TASTEGGIO	1	0	10000	61653	153279	105	-9	0.12	0.12	-24500	
31/05/2011 14:12:23	TASTEGGIO	1	0	10000	61653	152202	105	-9	0.01	0.04	-97500	
31/05/2011 14:14:20	TASTEGGIO	1	0	10000	61653	152998	105	-9	0.61	0.65	44500	
31/05/2011 14:14:46	TASTEGGIO	1	0	10000	61653	108532	144	-5	0.60	0.60	0	
31/05/2011 14:15:07	TASTEGGIO	0	1	10000	61653	108539	254	-84	0.24	0.24	0	
31/05/2011 14:15:29	TASTEGGIO	0	1	10000	61653	108542	244	-127	1.04	1.04	0	
31/05/2011 14:15:44	TASTEGGIO	0	1	10000	61653	108541	0	-5	0.99	0.99	0	
31/05/2011 14:16:05	TASTEGGIO	0	1	10000	61653	108544	282	-84	0.22	0.22	0	
31/05/2011 14:16:24	TASTEGGIO	0	0	10000	61653	108543	108	0	0.22	0.22	0	
31/05/2011 14:16:44	TASTEGGIO	0	1	10000	61653	108544	152	-1	0.20	0.20	0	
31/05/2011 14:17:06	TASTEGGIO	0	1	10000	61653	108544	206	-23	0.03	0.03	0	
31/05/2011 14:17:17	TASTEGGIO	0	1	10000	61653	152886	206	-23	0.10	0.23	97500	
31/05/2011 14:17:42	TASTEGGIO	1	0	10000	61653	55404	109	-1	0.21	0.21	0	
31/05/2011 14:18:01	TASTEGGIO	0	1	10000	61653	55415	147	-2	0.19	0.19	0	
31/05/2011 14:18:22	TASTEGGIO	0	1	10000	61653	55420	198	-14	0.07	0.07	0	
31/05/2011 14:18:34	TASTEGGIO	0	1	10000	61653	152892	198	-14	0.04	0.15	44500	
31/05/2011 14:18:58	TASTEGGIO	1	0	10000	61653	108414	102	-21	0.09	0.09	0	
31/05/2011 14:19:09	TASTEGGIO	1	0	10000	61653	152893	102	-21	0.16	0.22	-44500	
31/05/2011 14:19:33	TASTEGGIO	1	0	10000	61653	197384	108	-11	0.11	0.11	0	
31/05/2011 14:19:44	TASTEGGIO	1	0	10000	61653	153011	108	-11	0.08	0.14	-97500	
31/05/2011 14:20:09	TASTEGGIO	1	0	10000	61653	250514	101	0	0.13	0.13	0	
31/05/2011 14:20:21	TASTEGGIO	1	0	10000	61653	153023	101	0	0.07	0.13	97500	
31/05/2011 14:22:22	TASTEGGIO	1	0	10000	61653	152502	101	0	0.17	0.17	44500	
31/05/2011 14:22:46	TASTEGGIO	1	0	10000	61653	108032	104	-3	0.15	0.15	0	
31/05/2011 14:23:05	TASTEGGIO	0	1	10000	61653	108037	117	-3	0.14	0.14	0	
31/05/2011 14:23:16	TASTEGGIO	0	1	10000	61653	152381	117	-3	0.15	0.16	24500	
31/05/2011 14:23:41	TASTEGGIO	1	0	10000	61653	127907	103	-4	0.11	0.11	0	
31/05/2011 14:23:51	TASTEGGIO	1	0	10000	61653	152380	103	-4	0.13	0.14	97500	
31/05/2011 14:24:14	TASTEGGIO	1	0	10000	61653	54906	101	0	0.13	0.13	0	
31/05/2011 14:24:32	TASTEGGIO	0	1	10000	61653	54907	125	0	0.15	0.15	0	
31/05/2011 14:24:52	TASTEGGIO	0	1	10000	61653	54913	176	-3	0.12	0.12	0	
31/05/2011 14:25:04	TASTEGGIO	0	1	10000	61653	152379	176	-3	0.13	0.14	97500	
31/05/2011 14:25:27	TASTEGGIO	1	0	10000	61653	54916	101	0	0.13	0.13	0	
31/05/2011 14:25:45	TASTEGGIO	0	1	10000	61653	54925	125	0	0.14	0.14	0	
31/05/2011 14:26:05	TASTEGGIO	0	1	10000	61653	54931	170	0	0.14	0.14	0	
31/05/2011 14:26:27	TASTEGGIO	0	1	10000	61653	54935	212	-13	0.03	0.03	0	
31/05/2011 14:26:40	TASTEGGIO	0	1	10000	61653	152391	212	-13	0.05	0.05	0	
31/05/2011 14:28:38	TASTEGGIO	0	1	10000	61653	151712	212	-13	0.71	0.72	24500	
31/05/2011 14:29:03	TASTEGGIO	1	0	10000	61653	127240	150	-4	0.68	0.68	0	
31/05/2011 14:29:24	TASTEGGIO	0	1	10000	61653	127244	278	-119	0.55	0.55	0	
31/05/2011 14:29:46	TASTEGGIO	0	1	10000	61653	127247	233	-107	0.51	0.51	0	
31/05/2011 14:30:08	TASTEGGIO	0	1	10000	61653	127248	185	-29	0.22	0.22	0	
31/05/2011 14:30:28	TASTEGGIO	0	0	10000	61653	127248	108	0	0.22	0.22	0	
31/05/2011 14:30:51	TASTEGGIO	0	1	10000	61653	127267	152	-2	0.20	0.20	0	
31/05/2011 14:31:12	TASTEGGIO	0	1	10000	61653	127267	206	-35	0.16	0.16	0	
31/05/2011 14:31:35	TASTEGGIO	0	1	10000	61653	127267	193	-68	0.52	0.52	0	
31/05/2011 14:31:49	TASTEGGIO	0	1	10000	61653	127267	24	-2	0.49	0.49	0	
31/05/2011 14:32:10	TASTEGGIO	0	1	10000	61653	127267	162	-17	0.33	0.33	0	
31/05/2011 14:32:33	TASTEGGIO	0	2	10000	61653	127267	193	-39	0.09	0.09	0	
31/05/2011 14:32:44	TASTEGGIO	0	2	10000	61653	151582	193	-39	0.15	0.27	-44500	
31/05/2011 14:33:08	TASTEGGIO	1	0	10000	61653	196054	112	-6	0.22	0.22	0	
31/05/2011 14:33:27	TASTEGGIO	0	1	10000	61653	196054	129	-8	0.14	0.14	0	
31/05/2011 14:33:38	TASTEGGIO	0	1	10000	61653	151696	129	-8	0.07	0.20	-97500	
31/05/2011 14:34:03	TASTEGGIO	1	0	10000	61653	249174	106	0	0.19	0.19	0	
31/05/2011 14:34:22	TASTEGGIO	0	1	10000	61653	249199	142	-4	0.15	0.15	0	
31/05/2011 14:34:42	TASTEGGIO	0	2	10000	61653	249208	158	-6	0.09	0.09	0	
31/05/2011 14:34:54	TASTEGGIO	0	2	10000	61653	151720	158	-6	0.04	0.13	97500	
31/05/2011 14:37:02	TASTEGGIO	0	2	10000	61653	154596	158	-6	0.13	0.13	0	
31/05/2011 14:37:26	TASTEGGIO	1	0	10000	61653	154613	100	-10	0.04	0.04	0	
31/05/2011 14:37:34	TASTEGGIO	1	0	10000	61653	154594	100	-10	0.04	0.05	-44500	
31/05/2011 14:39:34	TASTEGGIO	1	0	10000	61653	154494	100	-10	0.20	0.20	-44500	
31/05/2011 14:39:58	TASTEGGIO	1	0	10000	61653	198966	106	-8	0.13	0.13	0	
31/05/2011 14:40:09	TASTEGGIO	1	0	10000	61653	154462	106	-8	0.14	0.14	0	
31/05/2011 14:40:31	TASTEGGIO	1	0	10000	61653	154483	101	-13	0.02	0.02	0	
31/05/2011 14:40:40	TASTEGGIO	1	0	10000	61653	154470	101	-13	0.02	0.06	-97500	
31/05/2011 14:42:41	TASTEGGIO	1	0	10000	61653	151718	101	-13	0.07	0.08	-97500	
31/05/2011 14:44:39	TASTEGGIO	1	0	10000	61652	153218	101	-13	0.09	0.10	44500	
31/05/2011 14:45:47	ALARM 17	proc 12 prog 10 step 47	LavoroTerminato
31/05/2011 15:32:20	ALARM 406		
