04/07/2011 14:57:29	TASTEGGIO	0	1	6000	45977	120656	228	-76	0.57	0.57	0	
04/07/2011 14:57:45	TASTEGGIO	0	1	6000	45977	120656	57	-4	0.53	0.53	0	
04/07/2011 14:58:08	TASTEGGIO	0	1	6000	45977	120656	204	-37	0.18	0.18	0	
04/07/2011 14:58:29	TASTEGGIO	0	0	6000	45977	120656	234	-38	0.19	0.19	0	
04/07/2011 14:58:50	TASTEGGIO	0	1	6000	45977	120656	213	-54	0.34	0.34	0	
04/07/2011 14:59:10	TASTEGGIO	0	1	6000	45977	120656	152	-19	0.14	0.14	0	
04/07/2011 14:59:18	TASTEGGIO	0	1	6000	45977	120666	152	-19	0.14	0.14	0	
04/07/2011 14:59:42	TASTEGGIO	1	0	6000	45977	120664	229	-47	0.32	0.32	0	
04/07/2011 15:00:03	TASTEGGIO	0	1	6000	45977	120664	155	-24	0.07	0.07	0	
04/07/2011 15:00:10	TASTEGGIO	0	1	6000	45977	120668	155	-24	0.07	0.13	44500	
04/07/2011 15:00:36	TASTEGGIO	1	0	6000	45977	76218	228	-13	0.02	0.02	0	
04/07/2011 15:00:46	TASTEGGIO	1	0	6000	45977	120656	228	-13	0.04	0.08	-44500	
04/07/2011 15:02:51	TASTEGGIO	1	0	6000	45977	120993	228	-13	0.14	0.33	-44500	
04/07/2011 15:03:17	TASTEGGIO	1	0	6000	45977	165273	254	-41	0.08	0.08	0	
04/07/2011 15:03:27	TASTEGGIO	1	0	6000	45977	120995	254	-41	0.16	0.16	0	
04/07/2011 15:03:51	TASTEGGIO	1	0	6000	45977	121001	232	-42	0.25	0.25	0	
04/07/2011 15:04:13	TASTEGGIO	0	1	6000	45977	121001	192	-23	0.07	0.07	0	
04/07/2011 15:04:21	TASTEGGIO	0	1	6000	45977	120997	192	-23	0.07	0.15	44500	
04/07/2011 15:04:46	TASTEGGIO	1	0	6000	45977	76543	231	-17	0.04	0.04	0	
04/07/2011 15:04:56	TASTEGGIO	1	0	6000	45977	120854	231	-17	0.09	0.09	-24500	
04/07/2011 15:07:06	TASTEGGIO	1	0	6000	45977	120699	231	-17	0.01	0.20	-44500	
04/07/2011 15:07:32	TASTEGGIO	1	0	6000	45977	165000	237	-29	0.07	0.07	0	
04/07/2011 15:07:42	TASTEGGIO	1	0	6000	45977	120696	237	-29	0.20	0.22	24500	
04/07/2011 15:08:08	TASTEGGIO	1	0	6000	45977	96219	240	-30	0.11	0.11	0	
04/07/2011 15:08:18	TASTEGGIO	1	0	6000	45977	120563	240	-30	0.07	0.17	44500	
04/07/2011 15:08:44	TASTEGGIO	1	0	6000	45977	76116	233	-17	0.04	0.04	0	
04/07/2011 15:08:54	TASTEGGIO	1	0	6000	45977	120556	233	-17	0.06	0.07	-24500	
04/07/2011 15:10:54	TASTEGGIO	1	0	6000	45977	120816	233	-17	0.09	0.21	-44500	
04/07/2011 15:11:19	TASTEGGIO	1	0	6000	45977	165114	238	-38	0.17	0.17	0	
04/07/2011 15:11:40	TASTEGGIO	0	1	6000	45977	165118	224	-43	0.26	0.26	0	
04/07/2011 15:12:01	TASTEGGIO	0	1	6000	45977	165120	184	-16	0.09	0.09	0	
04/07/2011 15:12:12	TASTEGGIO	0	1	6000	45977	120782	184	-16	0.14	0.16	44500	
04/07/2011 15:12:37	TASTEGGIO	1	0	6000	45977	76328	232	-20	0.06	0.06	0	
04/07/2011 15:12:47	TASTEGGIO	1	0	6000	45977	120641	232	-20	0.10	0.10	0	
04/07/2011 15:13:12	TASTEGGIO	1	0	6000	45977	120637	224	-41	0.30	0.30	0	
04/07/2011 15:13:33	TASTEGGIO	0	1	6000	45977	120638	134	-9	0.21	0.21	0	
04/07/2011 15:13:54	TASTEGGIO	0	2	6000	45977	120638	154	-6	0.15	0.15	0	
04/07/2011 15:14:15	TASTEGGIO	0	3	6000	45977	120638	172	-4	0.08	0.08	0	
04/07/2011 15:14:23	TASTEGGIO	0	3	6000	45977	120642	172	-4	0.08	0.17	-44500	
04/07/2011 15:14:48	TASTEGGIO	1	0	6000	45977	164954	233	-24	0.10	0.10	0	
04/07/2011 15:14:59	TASTEGGIO	1	0	6000	45977	120785	233	-24	0.12	0.12	0	
04/07/2011 15:17:05	TASTEGGIO	1	0	6000	45977	120819	233	-24	0.06	0.09	-44500	
04/07/2011 15:18:56	TASTEGGIO	1	0	6000	45976	120689	233	-24	0.25	0.41	-44500	
04/07/2011 15:19:23	TASTEGGIO	1	0	6000	45976	164995	264	-74	0.33	0.33	0	
04/07/2011 15:19:44	TASTEGGIO	0	1	6000	45976	164995	237	-87	0.52	0.52	0	
04/07/2011 15:20:04	TASTEGGIO	0	1	6000	45976	164995	155	-14	0.38	0.38	0	
04/07/2011 15:20:25	TASTEGGIO	0	2	6000	45976	164995	194	-18	0.21	0.21	0	
04/07/2011 15:20:45	TASTEGGIO	0	3	6000	45976	164995	214	-18	0.04	0.04	0	
04/07/2011 15:20:55	TASTEGGIO	0	3	6000	45976	120645	214	-18	0.07	0.23	44500	
04/07/2011 15:21:21	TASTEGGIO	1	0	6000	45976	76213	241	-17	0.05	0.05	0	
04/07/2011 15:21:31	TASTEGGIO	1	0	6000	45976	120542	241	-17	0.13	0.14	-24500	
04/07/2011 15:21:57	TASTEGGIO	1	0	6000	45976	144976	229	-71	0.56	0.56	0	
04/07/2011 15:22:10	TASTEGGIO	0	1	6000	45976	144984	5	-2	0.53	0.53	0	
04/07/2011 15:22:30	TASTEGGIO	0	1	6000	45976	144991	155	-12	0.41	0.41	0	
04/07/2011 15:22:52	TASTEGGIO	0	2	6000	45976	144996	199	-19	0.24	0.24	0	
04/07/2011 15:23:13	TASTEGGIO	0	3	6000	45976	144999	223	-34	0.10	0.10	0	
04/07/2011 15:23:23	TASTEGGIO	0	3	6000	45976	120679	223	-34	0.13	0.13	0	
04/07/2011 15:24:20	ALARM 17	proc 12 prog 10 step 47	LavoroTerminato
04/07/2011 15:35:03	TASTEGGIO	0	3	6000	45977	66076	223	-34	0.29	0.29	-24500	
04/07/2011 15:35:26	TASTEGGIO	1	0	6000	45977	90532	249	-6	0.23	0.23	0	
04/07/2011 15:35:45	TASTEGGIO	0	1	6000	45977	90542	267	-4	0.18	0.18	0	
04/07/2011 15:36:06	TASTEGGIO	0	2	6000	45977	90547	286	-5	0.14	0.14	0	
04/07/2011 15:36:15	TASTEGGIO	0	2	6000	45977	66179	286	-5	0.19	0.19	0	
04/07/2011 15:36:36	TASTEGGIO	1	0	6000	45977	66196	236	-3	0.16	0.16	0	
04/07/2011 15:36:56	TASTEGGIO	0	1	6000	45977	66195	249	-2	0.14	0.14	0	
04/07/2011 15:37:04	TASTEGGIO	0	1	6000	45977	66170	249	-2	0.14	0.14	0	
04/07/2011 15:37:25	TASTEGGIO	1	0	6000	45977	66187	229	0	0.14	0.14	0	
04/07/2011 15:37:45	TASTEGGIO	0	1	6000	45977	66187	257	-2	0.13	0.13	0	
04/07/2011 15:38:05	TASTEGGIO	0	1	6000	45977	66187	293	-8	0.05	0.05	0	
04/07/2011 15:38:12	TASTEGGIO	0	1	6000	45977	66162	293	-8	0.05	0.07	24500	
04/07/2011 15:40:04	TASTEGGIO	0	1	6000	45977	66166	293	-8	0.11	0.16	-24500	
04/07/2011 15:40:27	TASTEGGIO	1	0	6000	45977	90607	232	-9	0.09	0.09	0	
04/07/2011 15:40:37	TASTEGGIO	1	0	6000	45977	66174	232	-9	0.06	0.10	-24500	
04/07/2011 15:40:59	TASTEGGIO	1	0	6000	45977	90610	224	-3	0.08	0.08	0	
04/07/2011 15:41:09	TASTEGGIO	1	0	6000	45977	66166	224	-3	0.05	0.09	-24500	
04/07/2011 15:42:09	ALARM 307	proc 2 prog 51 step 61	inverter error 8
04/07/2011 15:50:01	TASTEGGIO	1	0	6000	45988	66067	224	-3	0.41	0.41	0	
04/07/2011 15:50:23	TASTEGGIO	1	0	6000	45988	66092	264	-6	0.36	0.36	0	
04/07/2011 15:50:42	TASTEGGIO	0	1	6000	45988	66086	295	-6	0.30	0.30	0	
04/07/2011 15:51:02	TASTEGGIO	0	2	6000	45988	66084	344	-18	0.12	0.12	0	
04/07/2011 15:51:09	TASTEGGIO	0	2	6000	45988	66072	344	-18	0.13	0.14	-24500	
04/07/2011 15:51:32	TASTEGGIO	1	0	6000	45988	90510	229	-5	0.07	0.07	0	
04/07/2011 15:51:42	TASTEGGIO	1	0	6000	45988	66081	229	-5	0.10	0.14	24500	
04/07/2011 15:52:04	TASTEGGIO	1	0	6000	45988	41617	229	-1	0.14	0.14	0	
04/07/2011 15:52:22	TASTEGGIO	0	1	6000	45988	41610	257	-3	0.11	0.11	0	
04/07/2011 15:52:41	TASTEGGIO	0	2	6000	45988	41604	269	-2	0.09	0.09	0	
04/07/2011 15:52:50	TASTEGGIO	0	2	6000	45988	65945	269	-2	0.07	0.10	24500	
04/07/2011 15:53:12	TASTEGGIO	1	0	6000	45988	41484	224	-1	0.08	0.08	0	
04/07/2011 15:53:21	TASTEGGIO	1	0	6000	45988	65945	224	-1	0.08	0.11	24500	
04/07/2011 15:53:43	TASTEGGIO	1	0	6000	45988	41481	225	0	0.07	0.07	0	
04/07/2011 15:53:52	TASTEGGIO	1	0	6000	45988	65944	225	0	0.08	0.10	24500	
04/07/2011 15:54:14	TASTEGGIO	1	0	6000	45988	41475	224	0	0.08	0.08	0	
04/07/2011 15:54:23	TASTEGGIO	1	0	6000	45988	65948	224	0	0.08	0.10	24500	
04/07/2011 15:54:45	TASTEGGIO	1	0	6000	45988	41481	224	0	0.08	0.08	0	
04/07/2011 15:54:55	TASTEGGIO	1	0	6000	45988	65945	224	0	0.08	0.09	24500	
04/07/2011 15:56:53	TASTEGGIO	1	0	6000	45976	66069	224	0	0.06	0.10	24500	
04/07/2011 15:57:15	TASTEGGIO	1	0	6000	45976	41616	224	-3	0.07	0.07	0	
04/07/2011 15:57:25	TASTEGGIO	1	0	6000	45976	65947	224	-3	0.05	0.09	24500	
04/07/2011 15:59:15	TASTEGGIO	1	0	6000	45976	66171	224	-3	0.13	0.13	0	
04/07/2011 15:59:36	TASTEGGIO	1	0	6000	45976	66190	228	-6	0.10	0.10	0	
04/07/2011 15:59:54	TASTEGGIO	0	1	6000	45976	66190	235	-2	0.08	0.08	0	
04/07/2011 16:00:01	TASTEGGIO	0	1	6000	45976	66170	235	-2	0.07	0.09	24500	
04/07/2011 16:01:52	TASTEGGIO	0	1	6000	45976	66170	235	-2	0.14	0.14	0	
04/07/2011 16:02:12	TASTEGGIO	1	0	6000	45976	66188	229	-4	0.12	0.12	0	
04/07/2011 16:02:32	TASTEGGIO	0	1	6000	45976	66188	239	-1	0.11	0.11	0	
04/07/2011 16:02:52	TASTEGGIO	0	1	6000	45976	66188	269	-4	0.07	0.07	0	
04/07/2011 16:02:59	TASTEGGIO	0	1	6000	45976	66168	269	-4	0.08	0.09	-24500	
04/07/2011 16:05:00	TASTEGGIO	0	1	6000	45976	66067	269	-4	0.33	0.33	0	
04/07/2011 16:05:22	TASTEGGIO	1	0	6000	45976	66079	254	-4	0.31	0.31	0	
04/07/2011 16:05:41	TASTEGGIO	0	1	6000	45976	66079	312	-11	0.21	0.21	0	
04/07/2011 16:06:02	TASTEGGIO	0	2	6000	45976	66079	332	-10	0.11	0.11	0	
04/07/2011 16:06:09	TASTEGGIO	0	2	6000	45976	66065	332	-10	0.12	0.15	24500	
04/07/2011 16:06:32	TASTEGGIO	1	0	6000	45976	41593	231	-1	0.13	0.13	0	
04/07/2011 16:06:41	TASTEGGIO	1	0	6000	45976	65947	231	-1	0.11	0.13	24500	
04/07/2011 16:07:03	TASTEGGIO	1	0	6000	45976	41483	228	-1	0.14	0.14	0	
04/07/2011 16:07:23	TASTEGGIO	0	1	6000	45976	41478	258	-3	0.12	0.12	0	
04/07/2011 16:07:42	TASTEGGIO	0	2	6000	45976	41474	278	-3	0.10	0.10	0	
04/07/2011 16:08:03	TASTEGGIO	0	3	6000	45976	41472	302	-5	0.07	0.07	0	
04/07/2011 16:08:13	TASTEGGIO	0	3	6000	45976	65940	302	-5	0.05	0.08	-24500	
04/07/2011 16:09:16	ALARM 3	proc 12 prog 31 step 36	Tondo non presente su rulliera
04/07/2011 16:33:34	TASTEGGIO	0	3	7500	51855	108174	302	-5	0.22	0.25	-44500	
04/07/2011 16:33:58	TASTEGGIO	1	0	7500	51855	152642	243	-6	0.20	0.20	0	
04/07/2011 16:34:18	TASTEGGIO	0	1	7500	51855	152645	258	-3	0.18	0.18	0	
04/07/2011 16:34:40	TASTEGGIO	0	2	7500	51855	152649	290	-6	0.11	0.11	0	
04/07/2011 16:34:50	TASTEGGIO	0	2	7500	51855	108285	290	-6	0.12	0.13	-24500	
04/07/2011 16:35:15	TASTEGGIO	1	0	7500	51855	132750	228	-5	0.09	0.09	0	
04/07/2011 16:35:25	TASTEGGIO	1	0	7500	51855	108282	228	-5	0.09	0.09	-24500	
04/07/2011 16:37:22	TASTEGGIO	1	0	7500	51855	108082	228	-5	0.02	0.07	44500	
04/07/2011 16:39:21	TASTEGGIO	1	0	7500	51855	108293	228	-5	0.09	0.11	-44500	
04/07/2011 16:39:45	TASTEGGIO	1	0	7500	51855	152741	225	-8	0.05	0.05	0	
04/07/2011 16:39:56	TASTEGGIO	1	0	7500	51855	108316	225	-8	0.06	0.06	24500	
04/07/2011 16:41:58	TASTEGGIO	1	0	7500	51855	108194	225	-8	0.04	0.07	-44500	
04/07/2011 16:44:02	TASTEGGIO	1	0	7500	51855	108291	225	-8	0.16	0.18	-44500	
04/07/2011 16:44:27	TASTEGGIO	1	0	7500	51855	152738	234	-7	0.13	0.13	0	
04/07/2011 16:44:38	TASTEGGIO	1	0	7500	51855	108295	234	-7	0.12	0.13	-44500	
04/07/2011 16:45:02	TASTEGGIO	1	0	7500	51855	152731	228	0	0.12	0.12	0	
04/07/2011 16:45:21	TASTEGGIO	0	1	7500	51855	152736	250	-4	0.10	0.10	0	
04/07/2011 16:45:43	TASTEGGIO	0	2	7500	51855	152741	266	-4	0.06	0.06	0	
04/07/2011 16:45:53	TASTEGGIO	0	2	7500	51855	108286	266	-4	0.07	0.09	44500	
04/07/2011 16:47:05	ALARM 17	proc 12 prog 10 step 47	LavoroTerminato
04/07/2011 16:50:02	ALARM 406		
05/07/2011 07:23:33	ALARM 401		
05/07/2011 07:23:35	INIT OK
05/07/2011 07:26:37	TASTEGGIO	0	0	7500	51855	108388	0	0	0.10	0.10	0	
05/07/2011 07:27:00	TASTEGGIO	1	0	7500	51855	108411	224	-9	0.03	0.03	0	
05/07/2011 07:27:08	TASTEGGIO	1	0	7500	51855	108387	224	-9	0.03	0.06	-24500	
05/07/2011 07:29:08	TASTEGGIO	1	0	7500	51855	108377	224	-9	0.02	0.05	44500	
05/07/2011 07:31:10	TASTEGGIO	1	0	7500	51855	108377	224	-9	0.06	0.06	-44500	
05/07/2011 07:33:11	TASTEGGIO	1	0	7500	51855	108379	224	-9	0.01	0.04	-44500	
05/07/2011 07:35:13	TASTEGGIO	1	0	7500	51855	108376	224	-9	0.11	0.11	0	
05/07/2011 07:35:36	TASTEGGIO	1	0	7500	51855	108399	225	-6	0.06	0.06	0	
05/07/2011 07:35:44	TASTEGGIO	1	0	7500	51855	108380	225	-6	0.07	0.07	-24500	
05/07/2011 07:37:44	TASTEGGIO	1	0	7500	51855	108285	225	-6	0.08	0.08	0	
05/07/2011 07:39:44	TASTEGGIO	1	0	7500	51855	108570	225	-6	0.03	0.06	24500	
05/07/2011 07:41:47	TASTEGGIO	1	0	7500	51855	108282	225	-6	0.12	0.12	44500	
05/07/2011 07:42:11	TASTEGGIO	1	0	7500	51855	63830	227	-2	0.12	0.12	0	
05/07/2011 07:42:31	TASTEGGIO	0	1	7500	51855	63821	251	-1	0.10	0.10	0	
05/07/2011 07:42:52	TASTEGGIO	0	2	7500	51855	63816	267	-2	0.08	0.08	0	
05/07/2011 07:43:03	TASTEGGIO	0	2	7500	51855	108151	267	-2	0.09	0.10	-24500	
05/07/2011 07:43:28	TASTEGGIO	1	0	7500	51855	132618	224	-7	0.04	0.04	0	
05/07/2011 07:43:38	TASTEGGIO	1	0	7500	51855	108285	224	-7	0.04	0.06	44500	
05/07/2011 07:45:37	TASTEGGIO	1	0	7500	51855	108389	224	-7	0.09	0.09	0	
05/07/2011 07:47:36	TASTEGGIO	1	0	7500	51855	108284	224	-7	0.13	0.16	44500	
05/07/2011 07:48:00	TASTEGGIO	1	0	7500	51855	63831	232	-2	0.14	0.14	0	
05/07/2011 07:48:11	TASTEGGIO	1	0	7500	51855	108145	232	-2	0.12	0.14	44500	
05/07/2011 07:48:35	TASTEGGIO	1	0	7500	51855	63666	229	-1	0.13	0.13	0	
05/07/2011 07:48:55	TASTEGGIO	0	1	7500	51855	63667	253	-1	0.12	0.12	0	
05/07/2011 07:49:17	TASTEGGIO	0	1	7500	51855	63666	286	-3	0.09	0.09	0	
05/07/2011 07:49:27	TASTEGGIO	0	1	7500	51855	108128	286	-3	0.08	0.10	-44500	
05/07/2011 07:49:50	TASTEGGIO	1	0	7500	51855	152563	224	-5	0.06	0.06	0	
05/07/2011 07:50:00	TASTEGGIO	1	0	7500	51855	108277	224	-5	0.05	0.08	44500	
05/07/2011 07:52:02	TASTEGGIO	1	0	7500	51855	108287	224	-5	0.06	0.10	44500	
05/07/2011 07:52:26	TASTEGGIO	1	0	7500	51855	63811	224	-4	0.09	0.09	0	
05/07/2011 07:52:37	TASTEGGIO	1	0	7500	51855	108151	224	-4	0.05	0.09	44500	
05/07/2011 07:54:36	TASTEGGIO	1	0	7500	51855	108285	224	-4	0.14	0.14	0	
05/07/2011 07:54:59	TASTEGGIO	1	0	7500	51855	108297	229	-5	0.09	0.09	0	
05/07/2011 07:55:07	TASTEGGIO	1	0	7500	51855	108280	229	-5	0.09	0.09	-44500	
05/07/2011 07:57:09	TASTEGGIO	1	0	7500	51855	108278	229	-5	0.14	0.15	44500	
05/07/2011 07:57:34	TASTEGGIO	1	0	7500	51855	63800	231	-2	0.12	0.12	0	
05/07/2011 07:57:44	TASTEGGIO	1	0	7500	51855	108139	231	-2	0.12	0.13	24500	
05/07/2011 07:58:09	TASTEGGIO	1	0	7500	51855	83674	228	-4	0.11	0.11	0	
05/07/2011 07:58:29	TASTEGGIO	0	1	7500	51855	83673	237	-2	0.09	0.09	0	
05/07/2011 07:58:39	TASTEGGIO	0	1	7500	51855	108140	237	-2	0.08	0.09	44500	
05/07/2011 08:00:40	TASTEGGIO	0	1	7500	51855	108290	237	-2	0.11	0.13	-24500	
05/07/2011 08:01:04	TASTEGGIO	1	0	7500	51855	132742	228	-6	0.09	0.09	0	
05/07/2011 08:01:13	TASTEGGIO	1	0	7500	51855	108279	228	-6	0.07	0.09	44500	
05/07/2011 08:03:16	TASTEGGIO	1	0	7500	51855	108285	228	-6	0.08	0.08	24500	
05/07/2011 08:05:16	TASTEGGIO	1	0	7500	51855	108279	228	-6	0.08	0.09	44500	
05/07/2011 08:07:15	TASTEGGIO	1	0	7500	51855	108280	228	-6	0.05	0.06	-44500	
05/07/2011 08:09:16	TASTEGGIO	1	0	7500	51855	108281	228	-6	0.04	0.06	-24500	
05/07/2011 08:11:05	TASTEGGIO	1	0	7500	51855	108283	228	-6	0.07	0.11	-44500	
05/07/2011 08:11:29	TASTEGGIO	1	0	7500	51855	152735	225	-5	0.08	0.08	0	
05/07/2011 08:11:39	TASTEGGIO	1	0	7500	51855	108291	225	-5	0.06	0.08	-44500	
05/07/2011 08:13:40	TASTEGGIO	1	0	7500	51855	108386	225	-5	0.02	0.02	0	
05/07/2011 08:15:42	TASTEGGIO	1	0	7500	51855	108199	225	-5	0.07	0.07	0	
05/07/2011 08:17:31	TASTEGGIO	1	0	7500	51855	108284	225	-5	0.08	0.08	0	
05/07/2011 08:19:32	TASTEGGIO	1	0	7500	51855	108284	225	-5	0.02	0.07	44500	
05/07/2011 08:21:33	TASTEGGIO	1	0	7500	51855	108283	225	-5	0.08	0.10	-44500	
05/07/2011 08:21:57	TASTEGGIO	1	0	7500	51855	152734	224	-6	0.05	0.05	0	
05/07/2011 08:22:07	TASTEGGIO	1	0	7500	51855	108288	224	-6	0.05	0.07	24500	
05/07/2011 08:24:05	TASTEGGIO	1	0	7500	51855	108383	224	-6	0.13	0.14	24500	
05/07/2011 08:24:30	TASTEGGIO	1	0	7500	51855	83929	229	-6	0.11	0.11	0	
05/07/2011 08:24:50	TASTEGGIO	0	1	7500	51855	83924	237	-3	0.08	0.08	0	
05/07/2011 08:25:00	TASTEGGIO	0	1	7500	51855	108248	237	-3	0.07	0.08	44500	
05/07/2011 08:25:57	ALARM 17	proc 12 prog 10 step 47	LavoroTerminato
05/07/2011 08:50:51	TASTEGGIO	0	1	6800	49113	89754	237	-3	0.10	0.13	-44500	
05/07/2011 08:51:15	TASTEGGIO	1	0	6800	49113	134230	228	-7	0.08	0.08	0	
05/07/2011 08:51:26	TASTEGGIO	1	0	6800	49113	89894	228	-7	0.06	0.07	-24500	
05/07/2011 08:53:33	TASTEGGIO	1	0	6800	49113	89694	228	-7	0.15	0.15	0	
05/07/2011 08:53:55	TASTEGGIO	1	0	6800	49113	89703	231	-7	0.09	0.09	0	
05/07/2011 08:54:03	TASTEGGIO	1	0	6800	49113	89694	231	-7	0.09	0.10	-24500	
05/07/2011 08:54:26	TASTEGGIO	1	0	6800	49113	114139	224	-7	0.03	0.03	0	
05/07/2011 08:54:36	TASTEGGIO	1	0	6800	49113	89706	224	-7	0.05	0.05	-24500	
05/07/2011 08:56:24	TASTEGGIO	1	0	6800	49113	89789	224	-7	0.06	0.08	44500	
05/07/2011 08:57:10	ALARM 401		
05/07/2011 08:57:22	ALARM 201		err.6059
05/07/2011 08:58:11	ALARM 401		
05/07/2011 08:58:57	ALARM 401		
05/07/2011 08:59:00	ALARM 401		
05/07/2011 08:59:03	ALARM 401		
05/07/2011 09:03:45	TASTEGGIO	1	0	6800	49113	89794	224	-7	0.17	0.19	24500	
05/07/2011 09:04:09	TASTEGGIO	1	0	6800	49113	65342	236	-4	0.14	0.14	0	
05/07/2011 09:04:18	TASTEGGIO	1	0	6800	49113	89631	236	-4	0.15	0.15	24500	
05/07/2011 09:04:42	TASTEGGIO	1	0	6800	49113	65179	231	-1	0.15	0.15	0	
05/07/2011 09:05:01	TASTEGGIO	0	1	6800	49113	65173	261	-4	0.10	0.10	0	
05/07/2011 09:05:11	TASTEGGIO	0	1	6800	49113	89630	261	-4	0.11	0.11	0	
05/07/2011 09:05:34	TASTEGGIO	1	0	6800	49113	89629	225	-5	0.06	0.06	0	
05/07/2011 09:05:41	TASTEGGIO	1	0	6800	49113	89634	225	-5	0.07	0.07	24500	
05/07/2011 09:07:45	TASTEGGIO	1	0	6800	49113	89691	225	-5	0.08	0.10	24500	
05/07/2011 09:08:08	TASTEGGIO	1	0	6800	49113	65229	224	-3	0.08	0.08	0	
05/07/2011 09:08:17	TASTEGGIO	1	0	6800	49113	89532	224	-3	0.06	0.09	-44500	
05/07/2011 09:10:22	TASTEGGIO	1	0	6800	49113	89790	224	-3	0.08	0.08	24500	
05/07/2011 09:12:24	TASTEGGIO	1	0	6800	49113	89791	224	-3	0.08	0.08	0	
05/07/2011 09:14:29	TASTEGGIO	1	0	6800	49113	89789	224	-3	0.20	0.20	0	
05/07/2011 09:14:52	TASTEGGIO	1	0	6800	49113	89812	237	-6	0.15	0.15	0	
05/07/2011 09:15:12	TASTEGGIO	0	1	6800	49113	89809	248	-4	0.12	0.12	0	
05/07/2011 09:15:20	TASTEGGIO	0	1	6800	49113	89795	248	-4	0.12	0.14	-24500	
05/07/2011 09:15:44	TASTEGGIO	1	0	6800	49113	114233	229	-7	0.06	0.06	0	
05/07/2011 09:15:53	TASTEGGIO	1	0	6800	49113	89793	229	-7	0.07	0.10	24500	
05/07/2011 09:16:17	TASTEGGIO	1	0	6800	49113	65326	224	-3	0.07	0.07	0	
05/07/2011 09:16:26	TASTEGGIO	1	0	6800	49113	89629	224	-3	0.05	0.07	24500	
05/07/2011 09:18:39	TASTEGGIO	1	0	6800	49113	89786	224	-3	0.06	0.08	-24500	
05/07/2011 09:20:39	TASTEGGIO	1	0	6800	49113	89784	224	-3	0.10	0.10	0	
05/07/2011 09:21:02	TASTEGGIO	1	0	6800	49113	89809	224	-7	0.04	0.04	0	
05/07/2011 09:21:09	TASTEGGIO	1	0	6800	49113	89789	224	-7	0.04	0.06	44500	
05/07/2011 09:23:15	TASTEGGIO	1	0	6800	49113	89785	224	-7	0.15	0.15	0	
05/07/2011 09:23:37	TASTEGGIO	1	0	6800	49113	89800	231	-7	0.09	0.09	0	
05/07/2011 09:23:45	TASTEGGIO	1	0	6800	49113	89785	231	-7	0.09	0.09	0	
05/07/2011 09:25:45	TASTEGGIO	1	0	6800	49113	89684	231	-7	0.17	0.17	0	
05/07/2011 09:26:08	TASTEGGIO	1	0	6800	49113	89692	233	-7	0.12	0.12	0	
05/07/2011 09:26:15	TASTEGGIO	1	0	6800	49113	89682	233	-7	0.13	0.13	44500	
05/07/2011 09:26:39	TASTEGGIO	1	0	6800	49113	45201	228	-2	0.11	0.11	0	
05/07/2011 09:26:58	TASTEGGIO	0	1	6800	49113	45201	237	-1	0.11	0.11	0	
05/07/2011 09:27:18	TASTEGGIO	0	1	6800	49113	45201	270	-5	0.08	0.08	0	
05/07/2011 09:27:28	TASTEGGIO	0	1	6800	49113	89534	270	-5	0.10	0.10	0	
05/07/2011 09:27:50	TASTEGGIO	1	0	6800	49113	89533	224	-2	0.08	0.08	0	
05/07/2011 09:27:58	TASTEGGIO	1	0	6800	49113	89539	224	-2	0.09	0.09	0	
05/07/2011 09:29:57	TASTEGGIO	1	0	6800	49113	89785	224	-2	0.09	0.13	24500	
05/07/2011 09:30:21	TASTEGGIO	1	0	6800	49113	65319	228	-4	0.10	0.10	0	
05/07/2011 09:30:41	TASTEGGIO	0	1	6800	49113	65312	235	-2	0.09	0.09	0	
05/07/2011 09:30:51	TASTEGGIO	0	1	6800	49113	89628	235	-2	0.06	0.09	24500	
05/07/2011 09:32:52	TASTEGGIO	0	1	6800	49113	89787	235	-2	0.48	0.48	0	
05/07/2011 09:33:15	TASTEGGIO	1	0	6800	49113	89803	273	-10	0.40	0.40	0	
05/07/2011 09:33:37	TASTEGGIO	0	1	6800	49113	89803	306	-13	0.28	0.28	0	
05/07/2011 09:33:58	TASTEGGIO	0	2	6800	49113	89803	333	-16	0.12	0.12	0	
05/07/2011 09:34:06	TASTEGGIO	0	2	6800	49113	89789	333	-16	0.13	0.25	-44500	
05/07/2011 09:34:30	TASTEGGIO	1	0	6800	49113	134243	243	-8	0.15	0.15	0	
05/07/2011 09:34:49	TASTEGGIO	0	1	6800	49113	134250	251	-4	0.12	0.12	0	
05/07/2011 09:35:00	TASTEGGIO	0	1	6800	49113	89803	251	-4	0.07	0.13	-44500	
05/07/2011 09:35:23	TASTEGGIO	1	0	6800	49113	134254	228	-1	0.12	0.12	0	
05/07/2011 09:35:44	TASTEGGIO	0	1	6800	49113	134259	250	-2	0.12	0.12	0	
05/07/2011 09:36:05	TASTEGGIO	0	1	6800	49113	134264	286	-9	0.08	0.08	0	
05/07/2011 09:36:15	TASTEGGIO	0	1	6800	49113	89807	286	-9	0.08	0.08	0	
05/07/2011 09:38:04	TASTEGGIO	0	1	6800	49113	89683	286	-9	0.10	0.10	0	
05/07/2011 09:38:27	TASTEGGIO	1	0	6800	49113	89692	224	-6	0.04	0.04	0	
05/07/2011 09:38:35	TASTEGGIO	1	0	6800	49113	89680	224	-6	0.04	0.07	44500	
05/07/2011 09:39:50	ALARM 3	proc 12 prog 31 step 36	Tondo non presente su rulliera
05/07/2011 09:41:50	TASTEGGIO	1	0	6800	49113	89788	224	-6	0.07	0.08	-44500	
05/07/2011 09:43:55	TASTEGGIO	1	0	6800	49113	89790	224	-6	0.03	0.03	24500	
05/07/2011 09:45:57	TASTEGGIO	1	0	6800	49113	89681	224	-6	0.10	0.11	24500	
05/07/2011 09:46:21	TASTEGGIO	1	0	6800	49113	65226	225	-3	0.08	0.08	0	
05/07/2011 09:46:30	TASTEGGIO	1	0	6800	49113	89533	225	-3	0.08	0.08	0	
05/07/2011 09:48:32	TASTEGGIO	1	0	6800	49113	89787	225	-3	0.14	0.14	-24500	
05/07/2011 09:48:56	TASTEGGIO	1	0	6800	49113	114243	229	-9	0.08	0.08	0	
05/07/2011 09:49:06	TASTEGGIO	1	0	6800	49113	89796	229	-9	0.08	0.09	-24500	
05/07/2011 09:51:03	TASTEGGIO	1	0	6800	49113	89684	229	-9	0.10	0.10	0	
05/07/2011 09:51:25	TASTEGGIO	1	0	6800	49113	89692	224	-7	0.04	0.04	0	
05/07/2011 09:51:32	TASTEGGIO	1	0	6800	49113	89681	224	-7	0.04	0.04	0	
05/07/2011 09:53:29	TASTEGGIO	1	0	6800	49113	89680	224	-7	0.11	0.12	-24500	
05/07/2011 09:53:52	TASTEGGIO	1	0	6800	49113	114133	227	-9	0.03	0.03	0	
05/07/2011 09:54:02	TASTEGGIO	1	0	6800	49113	89692	227	-9	0.04	0.07	44500	
05/07/2011 09:56:21	TASTEGGIO	1	0	6800	49113	89794	227	-9	0.05	0.05	-24500	
05/07/2011 09:58:23	TASTEGGIO	1	0	6800	49113	89791	227	-9	0.36	0.41	-24500	
05/07/2011 09:58:47	TASTEGGIO	1	0	6800	49113	114268	264	-11	0.30	0.30	0	
05/07/2011 09:59:08	TASTEGGIO	0	1	6800	49113	114272	285	-11	0.21	0.21	0	
05/07/2011 09:59:29	TASTEGGIO	0	2	6800	49113	114273	305	-11	0.10	0.10	0	
05/07/2011 09:59:39	TASTEGGIO	0	2	6800	49113	89805	305	-11	0.11	0.11	0	
05/07/2011 10:00:01	TASTEGGIO	1	0	6800	49113	89818	225	-5	0.06	0.06	0	
05/07/2011 10:00:09	TASTEGGIO	1	0	6800	49113	89799	225	-5	0.06	0.08	-24500	
05/07/2011 10:02:22	TASTEGGIO	1	0	6800	49113	89793	225	-5	0.10	0.12	44500	
05/07/2011 10:02:46	TASTEGGIO	1	0	6800	49113	45305	227	-4	0.11	0.11	0	
05/07/2011 10:03:05	TASTEGGIO	0	1	6800	49113	45305	247	-2	0.09	0.09	0	
05/07/2011 10:03:15	TASTEGGIO	0	1	6800	49113	89636	247	-2	0.08	0.10	44500	
05/07/2011 10:03:38	TASTEGGIO	1	0	6800	49113	45169	224	0	0.10	0.10	0	
05/07/2011 10:03:57	TASTEGGIO	0	1	6800	49113	45165	244	-2	0.09	0.09	0	
05/07/2011 10:04:07	TASTEGGIO	0	1	6800	49113	89629	244	-2	0.08	0.10	44500	
05/07/2011 10:04:30	TASTEGGIO	1	0	6800	49113	45163	224	0	0.09	0.09	0	
05/07/2011 10:04:40	TASTEGGIO	1	0	6800	49113	89629	224	0	0.08	0.09	24500	
05/07/2011 10:06:40	TASTEGGIO	1	0	6800	49113	89787	224	0	0.41	0.41	0	
05/07/2011 10:07:03	TASTEGGIO	1	0	6800	49113	89802	264	-10	0.31	0.31	0	
05/07/2011 10:07:24	TASTEGGIO	0	1	6800	49113	89802	287	-10	0.23	0.23	0	
05/07/2011 10:07:45	TASTEGGIO	0	2	6800	49113	89802	311	-11	0.11	0.11	0	
05/07/2011 10:07:53	TASTEGGIO	0	2	6800	49113	89788	311	-11	0.11	0.19	44500	
05/07/2011 10:08:16	TASTEGGIO	1	0	6800	49113	45300	236	-2	0.16	0.16	0	
05/07/2011 10:08:36	TASTEGGIO	0	1	6800	49113	45300	249	-1	0.15	0.15	0	
05/07/2011 10:08:56	TASTEGGIO	0	1	6800	49113	45300	291	-7	0.09	0.09	0	
05/07/2011 10:09:06	TASTEGGIO	0	1	6800	49113	89636	291	-7	0.06	0.10	44500	
05/07/2011 10:09:29	TASTEGGIO	1	0	6800	49113	45166	224	0	0.09	0.09	0	
05/07/2011 10:09:39	TASTEGGIO	1	0	6800	49113	89633	224	0	0.06	0.10	44500	
05/07/2011 10:10:02	TASTEGGIO	1	0	6800	49113	45162	224	0	0.09	0.09	0	
05/07/2011 10:10:13	TASTEGGIO	1	0	6800	49113	89631	224	0	0.06	0.10	44500	
05/07/2011 10:10:36	TASTEGGIO	1	0	6800	49113	45167	224	0	0.11	0.11	0	
05/07/2011 10:10:54	TASTEGGIO	0	1	6800	49113	45162	248	-1	0.10	0.10	0	
05/07/2011 10:11:15	TASTEGGIO	0	1	6800	49113	45158	275	0	0.10	0.10	0	
05/07/2011 10:11:35	TASTEGGIO	0	1	6800	49113	45154	305	-4	0.06	0.06	0	
05/07/2011 10:11:45	TASTEGGIO	0	1	6800	49113	89630	305	-4	0.03	0.07	-24500	
05/07/2011 10:13:42	TASTEGGIO	0	1	6800	49113	89792	305	-4	0.03	0.06	-44500	
05/07/2011 10:15:37	TASTEGGIO	0	1	6800	49113	89793	305	-4	0.07	0.08	-44500	
05/07/2011 10:17:33	TASTEGGIO	0	1	6800	49113	89902	305	-4	0.07	0.09	-44500	
05/07/2011 10:19:26	TASTEGGIO	0	1	6800	49113	89895	305	-4	0.02	0.03	-44500	
05/07/2011 10:21:34	TASTEGGIO	0	1	6800	49113	89901	305	-4	0.08	0.10	-24500	
05/07/2011 10:21:57	TASTEGGIO	1	0	6800	49113	114375	224	-8	0.02	0.02	0	
05/07/2011 10:22:07	TASTEGGIO	1	0	6800	49113	89902	224	-8	0.03	0.05	-44500	
05/07/2011 10:24:03	TASTEGGIO	1	0	6800	49113	89898	224	-8	0.04	0.07	24500	
05/07/2011 10:26:00	TASTEGGIO	1	0	6800	49113	89799	224	-8	0.06	0.09	-24500	
05/07/2011 10:28:00	TASTEGGIO	1	0	6800	49113	89899	224	-8	0.16	0.18	-24500	
05/07/2011 10:28:24	TASTEGGIO	1	0	6800	49113	114373	234	-9	0.09	0.09	0	
05/07/2011 10:28:33	TASTEGGIO	1	0	6800	49113	89907	234	-9	0.10	0.10	-24500	
05/07/2011 10:28:57	TASTEGGIO	1	0	6800	49113	114365	224	-1	0.07	0.07	0	
05/07/2011 10:29:07	TASTEGGIO	1	0	6800	49113	89901	224	-1	0.11	0.11	0	
05/07/2011 10:29:29	TASTEGGIO	1	0	6800	49113	89911	225	-7	0.06	0.06	0	
05/07/2011 10:29:37	TASTEGGIO	1	0	6800	49113	89896	225	-7	0.06	0.06	24500	
05/07/2011 10:31:38	TASTEGGIO	1	0	6800	49113	89798	225	-7	0.02	0.04	44500	
05/07/2011 10:32:49	ALARM 17	proc 12 prog 10 step 47	LavoroTerminato
05/07/2011 11:01:56	TASTEGGIO	1	0	7200	50679	130282	225	-7	0.22	0.25	-44500	
05/07/2011 11:02:22	TASTEGGIO	1	0	7200	50679	174729	243	-12	0.14	0.14	0	
05/07/2011 11:02:32	TASTEGGIO	1	0	7200	50679	130365	243	-12	0.16	0.19	24500	
05/07/2011 11:02:58	TASTEGGIO	1	0	7200	50679	105910	236	-10	0.09	0.09	0	
05/07/2011 11:03:08	TASTEGGIO	1	0	7200	50679	130266	236	-10	0.09	0.12	44500	
05/07/2011 11:03:32	TASTEGGIO	1	0	7200	50679	85823	227	-6	0.06	0.06	0	
05/07/2011 11:03:43	TASTEGGIO	1	0	7200	50679	130255	227	-6	0.08	0.09	24500	
05/07/2011 11:05:41	TASTEGGIO	1	0	7200	50679	130458	227	-6	0.01	0.07	-44500	
05/07/2011 11:07:45	TASTEGGIO	1	0	7200	50679	130459	227	-6	0.08	0.12	24500	
05/07/2011 11:08:10	TASTEGGIO	1	0	7200	50679	106003	227	-12	0.03	0.03	0	
05/07/2011 11:08:20	TASTEGGIO	1	0	7200	50679	130366	227	-12	0.00	0.08	-44500	
05/07/2011 11:10:09	TASTEGGIO	1	0	7200	50679	130456	227	-12	0.05	0.16	44500	
05/07/2011 11:10:35	TASTEGGIO	1	0	7200	50679	86019	232	-8	0.08	0.08	0	
05/07/2011 11:10:45	TASTEGGIO	1	0	7200	50679	130375	232	-8	0.04	0.12	-44500	
05/07/2011 11:11:11	TASTEGGIO	1	0	7200	50679	174799	227	-12	0.05	0.05	0	
05/07/2011 11:11:21	TASTEGGIO	1	0	7200	50679	130468	227	-12	0.12	0.12	0	
05/07/2011 11:11:46	TASTEGGIO	1	0	7200	50679	130473	227	-14	0.04	0.04	0	
05/07/2011 11:11:54	TASTEGGIO	1	0	7200	50679	130464	227	-14	0.04	0.11	44500	
05/07/2011 11:12:20	TASTEGGIO	1	0	7200	50679	86026	225	0	0.10	0.10	0	
05/07/2011 11:12:42	TASTEGGIO	0	1	7200	50679	86012	243	-1	0.08	0.08	0	
05/07/2011 11:12:53	TASTEGGIO	0	1	7200	50679	130347	243	-1	0.02	0.09	44500	
05/07/2011 11:14:51	TASTEGGIO	0	1	7200	50679	130361	243	-1	0.05	0.07	24500	
05/07/2011 11:16:49	TASTEGGIO	0	1	7200	50679	130458	243	-1	0.05	0.07	24500	
05/07/2011 11:18:45	TASTEGGIO	0	1	7200	50678	130459	243	-1	0.11	0.14	24500	
05/07/2011 11:19:11	TASTEGGIO	1	0	7200	50678	105985	229	-10	0.05	0.05	0	
05/07/2011 11:19:21	TASTEGGIO	1	0	7200	50678	130364	229	-10	0.05	0.07	24500	
05/07/2011 11:21:20	TASTEGGIO	1	0	7200	50678	130457	229	-10	0.05	0.09	24500	
05/07/2011 11:23:32	TASTEGGIO	1	0	7200	50678	130363	229	-10	0.14	0.16	24500	
05/07/2011 11:23:57	TASTEGGIO	1	0	7200	50678	105901	232	-11	0.07	0.07	0	
05/07/2011 11:24:07	TASTEGGIO	1	0	7200	50678	130268	232	-11	0.06	0.07	24500	
05/07/2011 11:26:06	TASTEGGIO	1	0	7200	50678	130464	232	-11	0.12	0.16	-24500	
05/07/2011 11:26:32	TASTEGGIO	1	0	7200	50678	154929	232	-13	0.08	0.08	0	
05/07/2011 11:26:41	TASTEGGIO	1	0	7200	50678	130434	232	-13	0.06	0.08	-44500	
05/07/2011 11:28:33	TASTEGGIO	1	0	7200	50679	130465	232	-13	0.14	0.17	-44500	
05/07/2011 11:28:58	TASTEGGIO	1	0	7200	50679	174889	233	-14	0.05	0.05	0	
05/07/2011 11:29:08	TASTEGGIO	1	0	7200	50679	130469	233	-14	0.04	0.08	24500	
05/07/2011 11:31:09	TASTEGGIO	1	0	7200	50678	130463	233	-14	0.12	0.13	24500	
05/07/2011 11:31:34	TASTEGGIO	1	0	7200	50678	105990	228	-11	0.04	0.04	0	
05/07/2011 11:31:44	TASTEGGIO	1	0	7200	50678	130365	228	-11	0.05	0.06	-44500	
05/07/2011 11:33:41	TASTEGGIO	1	0	7200	50678	130464	228	-11	0.12	0.12	0	
05/07/2011 11:34:05	TASTEGGIO	1	0	7200	50678	130473	227	-15	0.05	0.05	0	
05/07/2011 11:34:13	TASTEGGIO	1	0	7200	50678	130458	227	-15	0.05	0.09	44500	
05/07/2011 11:36:23	TASTEGGIO	1	0	7200	50678	130363	227	-15	0.11	0.12	-24500	
05/07/2011 11:36:49	TASTEGGIO	1	0	7200	50678	154819	227	-14	0.03	0.03	0	
05/07/2011 11:36:59	TASTEGGIO	1	0	7200	50678	130353	227	-14	0.01	0.07	44500	
05/07/2011 11:39:11	TASTEGGIO	1	0	7200	50678	130362	227	-14	0.18	0.25	44500	
05/07/2011 11:39:36	TASTEGGIO	1	0	7200	50678	85917	243	-9	0.17	0.17	0	
05/07/2011 11:39:58	TASTEGGIO	0	1	7200	50678	85903	254	-3	0.14	0.14	0	
05/07/2011 11:40:08	TASTEGGIO	0	1	7200	50678	130269	254	-3	0.14	0.16	-44500	
05/07/2011 11:40:33	TASTEGGIO	1	0	7200	50678	174700	232	-12	0.07	0.07	0	
05/07/2011 11:40:43	TASTEGGIO	1	0	7200	50678	130353	232	-12	0.10	0.11	-24500	
05/07/2011 11:41:09	TASTEGGIO	1	0	7200	50678	154826	225	-13	0.07	0.07	0	
05/07/2011 11:41:19	TASTEGGIO	1	0	7200	50678	130349	225	-13	0.02	0.08	44500	
05/07/2011 11:43:27	TASTEGGIO	1	0	7200	50678	130459	225	-13	0.04	0.14	44500	
05/07/2011 11:43:52	TASTEGGIO	1	0	7200	50678	86015	229	-8	0.07	0.07	0	
05/07/2011 11:44:03	TASTEGGIO	1	0	7200	50678	130372	229	-8	0.02	0.08	44500	
05/07/2011 11:46:00	TASTEGGIO	1	0	7200	50678	130368	229	-8	0.12	0.14	24500	
05/07/2011 11:46:25	TASTEGGIO	1	0	7200	50678	105892	229	-11	0.05	0.05	0	
05/07/2011 11:46:35	TASTEGGIO	1	0	7200	50678	130276	229	-11	0.06	0.07	-24500	
05/07/2011 11:47:56	ALARM 17	proc 12 prog 10 step 47	LavoroTerminato
05/07/2011 12:14:44	TASTEGGIO	1	0	8000	53816	136986	229	-11	0.23	0.25	24500	
05/07/2011 12:15:11	TASTEGGIO	1	0	8000	53816	112531	263	-63	0.41	0.41	0	
05/07/2011 12:15:32	TASTEGGIO	0	1	8000	53816	112525	195	-23	0.18	0.18	0	
05/07/2011 12:15:55	TASTEGGIO	0	0	8000	53816	112519	245	-56	0.36	0.36	0	
05/07/2011 12:16:16	TASTEGGIO	0	1	8000	53816	112515	173	-17	0.18	0.18	0	
05/07/2011 12:16:38	TASTEGGIO	0	0	8000	53816	112511	245	-48	0.29	0.29	0	
05/07/2011 12:16:39	ALARM 401		
05/07/2011 12:16:43	ALARM 205		err.5005
05/07/2011 12:17:00	TASTEGGIO	0	0	8000	53816	136969	245	-48	0.24	0.30	24500	
05/07/2011 12:17:26	TASTEGGIO	1	0	8000	53816	112497	250	-60	0.35	0.35	0	
05/07/2011 12:17:48	TASTEGGIO	0	1	8000	53816	112493	209	-33	0.02	0.02	0	
05/07/2011 12:17:57	TASTEGGIO	0	1	8000	53816	136962	209	-33	0.03	0.04	-44500	
05/07/2011 12:19:10	ALARM 17	proc 12 prog 10 step 47	LavoroTerminato
05/07/2011 12:58:07	TASTEGGIO	0	1	8000	53816	137068	209	-33	0.10	0.11	24500	
05/07/2011 12:58:33	TASTEGGIO	1	0	8000	53816	112605	225	-44	0.33	0.33	0	
05/07/2011 12:58:53	TASTEGGIO	0	1	8000	53816	112601	126	-5	0.28	0.28	0	
05/07/2011 12:59:13	TASTEGGIO	0	2	8000	53816	112600	173	-11	0.17	0.17	0	
05/07/2011 12:59:35	TASTEGGIO	0	3	8000	53816	112597	190	-15	0.08	0.08	0	
05/07/2011 12:59:45	TASTEGGIO	0	3	8000	53816	136971	190	-15	0.05	0.08	24500	
05/07/2011 13:01:35	TASTEGGIO	0	3	8000	53816	137064	190	-15	0.11	0.11	24500	
05/07/2011 13:02:01	TASTEGGIO	1	0	8000	53816	112594	225	-42	0.31	0.31	0	
05/07/2011 13:02:21	TASTEGGIO	0	1	8000	53816	112591	137	-7	0.24	0.24	0	
05/07/2011 13:02:42	TASTEGGIO	0	2	8000	53816	112589	163	-7	0.17	0.17	0	
05/07/2011 13:03:04	TASTEGGIO	0	3	8000	53816	112587	183	-12	0.06	0.06	0	
05/07/2011 13:03:14	TASTEGGIO	0	3	8000	53816	136974	183	-12	0.04	0.07	24500	
05/07/2011 13:05:10	TASTEGGIO	0	3	8000	53816	137065	183	-12	0.39	0.39	0	
05/07/2011 13:05:34	TASTEGGIO	1	0	8000	53816	137079	261	-72	0.31	0.31	0	
05/07/2011 13:05:56	TASTEGGIO	0	1	8000	53816	137079	236	-90	0.59	0.59	0	
05/07/2011 13:06:15	TASTEGGIO	0	1	8000	53816	137079	123	-7	0.51	0.51	0	
05/07/2011 13:06:37	TASTEGGIO	0	2	8000	53816	137080	211	-31	0.21	0.21	0	
05/07/2011 13:07:00	TASTEGGIO	0	0	8000	53816	137080	238	-45	0.25	0.25	0	
05/07/2011 13:07:22	TASTEGGIO	0	1	8000	53816	137083	208	-55	0.29	0.29	0	
05/07/2011 13:07:43	TASTEGGIO	0	1	8000	53816	137083	174	-24	0.07	0.07	0	
05/07/2011 13:07:51	TASTEGGIO	0	1	8000	53816	137061	174	-24	0.07	0.14	44500	
05/07/2011 13:08:16	TASTEGGIO	1	0	8000	53816	92584	229	-27	0.14	0.14	0	
05/07/2011 13:08:37	TASTEGGIO	0	1	8000	53816	92583	215	-26	0.13	0.13	0	
05/07/2011 13:08:58	TASTEGGIO	0	1	8000	53816	92581	202	-15	0.03	0.03	0	
05/07/2011 13:09:09	TASTEGGIO	0	1	8000	53816	136972	202	-15	0.05	0.05	0	
05/07/2011 13:11:17	TASTEGGIO	0	1	8000	53816	137067	202	-15	0.61	0.61	0	
05/07/2011 13:11:40	TASTEGGIO	1	0	8000	53816	137079	290	-251	3.06	3.06	0	
05/07/2011 13:11:44	ALARM 817	proc 12 prog 11 step 56	eccentricity = 3.06 mm
05/07/2011 13:12:18	TASTEGGIO	1	0	8000	53816	137067	290	-251	3.03	3.03	0	
05/07/2011 13:12:53	TASTEGGIO	1	0	8000	53816	137064	371	-44	1.47	1.47	0	
05/07/2011 13:13:26	TASTEGGIO	1	0	8000	53816	137059	330	-18	1.29	1.29	0	
05/07/2011 13:13:59	TASTEGGIO	1	0	8000	53816	137054	350	-34	0.96	0.96	0	
05/07/2011 13:14:29	TASTEGGIO	1	0	8000	53816	137051	318	-22	0.77	0.77	0	
05/07/2011 13:15:02	TASTEGGIO	1	0	8000	53816	137048	286	0	0.71	0.72	24500	
05/07/2011 13:15:39	TASTEGGIO	1	0	8000	53816	136967	310	-61	0.27	0.30	-44500	
05/07/2011 13:16:00	TASTEGGIO	1	0	8000	53816	137050	310	-61	0.28	0.30	-44500	
05/07/2011 13:16:25	TASTEGGIO	1	0	8000	53816	181457	250	-59	0.30	0.30	0	
05/07/2011 13:16:46	TASTEGGIO	0	1	8000	53816	181471	220	-64	0.34	0.34	0	
05/07/2011 13:17:06	TASTEGGIO	0	1	8000	53816	181481	181	-23	0.12	0.12	0	
05/07/2011 13:17:17	TASTEGGIO	0	1	8000	53816	137055	181	-23	0.14	0.14	0	
05/07/2011 13:17:42	TASTEGGIO	1	0	8000	53816	137067	229	-49	0.39	0.39	0	
05/07/2011 13:18:01	TASTEGGIO	0	1	8000	53816	137068	120	-12	0.28	0.28	0	
05/07/2011 13:18:23	TASTEGGIO	0	2	8000	53816	137068	148	-16	0.24	0.24	0	
05/07/2011 13:18:44	TASTEGGIO	0	3	8000	53816	137068	209	-31	0.17	0.17	0	
05/07/2011 13:19:04	TASTEGGIO	0	1	8000	53816	137068	196	-27	0.13	0.13	0	
05/07/2011 13:19:26	TASTEGGIO	0	1	8000	53816	137071	186	-43	0.36	0.36	0	
05/07/2011 13:19:44	TASTEGGIO	0	1	8000	53816	137071	86	-3	0.32	0.32	0	
05/07/2011 13:20:05	TASTEGGIO	0	2	8000	53816	137071	142	-6	0.26	0.26	0	
05/07/2011 13:20:26	TASTEGGIO	0	3	8000	53816	137071	205	-19	0.07	0.07	0	
05/07/2011 13:20:34	TASTEGGIO	0	3	8000	53816	137057	205	-19	0.07	0.12	-44500	
05/07/2011 13:22:26	TASTEGGIO	0	3	8000	53816	137065	205	-19	0.12	0.21	-44500	
05/07/2011 13:22:51	TASTEGGIO	1	0	8000	53816	181470	238	-62	0.38	0.38	0	
05/07/2011 13:23:12	TASTEGGIO	0	1	8000	53816	181483	169	-22	0.17	0.17	0	
05/07/2011 13:23:32	TASTEGGIO	0	0	8000	53816	181492	233	-74	0.56	0.56	0	
05/07/2011 13:23:49	TASTEGGIO	0	1	8000	53816	181502	48	-6	0.50	0.50	0	
05/07/2011 13:24:08	TASTEGGIO	0	2	8000	53816	181511	137	-12	0.38	0.38	0	
05/07/2011 13:24:27	TASTEGGIO	0	3	8000	53816	181518	187	-17	0.20	0.20	0	
05/07/2011 13:24:49	TASTEGGIO	0	4	8000	53816	181518	208	-24	0.08	0.08	0	
05/07/2011 13:25:00	TASTEGGIO	0	4	8000	53816	137069	208	-24	0.16	0.27	44500	
05/07/2011 13:25:26	TASTEGGIO	1	0	8000	53816	92601	246	-31	0.10	0.10	0	
05/07/2011 13:25:37	TASTEGGIO	1	0	8000	53816	136971	246	-31	0.09	0.10	-44500	
05/07/2011 13:27:43	TASTEGGIO	1	0	8000	53816	137065	246	-31	0.30	0.30	24500	
05/07/2011 13:28:09	TASTEGGIO	1	0	8000	53816	112591	250	-48	0.21	0.21	0	
05/07/2011 13:28:31	TASTEGGIO	0	1	8000	53816	112589	235	-57	0.33	0.33	0	
05/07/2011 13:28:52	TASTEGGIO	0	1	8000	53816	112588	183	-17	0.16	0.16	0	
05/07/2011 13:29:13	TASTEGGIO	0	0	8000	53816	112587	232	-37	0.21	0.21	0	
05/07/2011 13:29:34	TASTEGGIO	0	1	8000	53816	112586	204	-30	0.08	0.08	0	
05/07/2011 13:29:44	TASTEGGIO	0	1	8000	53816	136975	204	-30	0.07	0.08	24500	
05/07/2011 13:31:44	TASTEGGIO	0	1	8000	53816	137162	204	-30	0.37	0.37	0	
05/07/2011 13:32:09	TASTEGGIO	1	0	8000	53816	137175	259	-70	0.39	0.39	0	
05/07/2011 13:32:31	TASTEGGIO	0	1	8000	53816	137175	217	-57	0.19	0.19	0	
05/07/2011 13:32:52	TASTEGGIO	0	1	8000	53816	137175	207	-36	0.20	0.20	0	
05/07/2011 13:33:14	TASTEGGIO	0	1	8000	53816	137175	185	-27	0.07	0.07	0	
05/07/2011 13:33:22	TASTEGGIO	0	1	8000	53816	137159	185	-27	0.07	0.11	-44500	
05/07/2011 13:33:48	TASTEGGIO	1	0	8000	53816	181557	225	-55	0.42	0.42	0	
05/07/2011 13:34:05	TASTEGGIO	0	1	8000	53816	181570	64	-4	0.41	0.41	0	
05/07/2011 13:34:26	TASTEGGIO	0	1	8000	53816	181582	184	-24	0.17	0.17	0	
05/07/2011 13:34:46	TASTEGGIO	0	0	8000	53816	181593	233	-60	0.44	0.44	0	
05/07/2011 13:35:06	TASTEGGIO	0	1	8000	53816	181605	119	-12	0.32	0.32	0	
05/07/2011 13:35:27	TASTEGGIO	0	2	8000	53816	181615	151	-11	0.22	0.22	0	
05/07/2011 13:35:46	TASTEGGIO	0	3	8000	53816	181615	177	-13	0.08	0.08	0	
05/07/2011 13:35:57	TASTEGGIO	0	3	8000	53816	137154	177	-13	0.07	0.11	44500	
05/07/2011 13:36:23	TASTEGGIO	1	0	8000	53816	92680	225	-22	0.14	0.14	0	
05/07/2011 13:36:44	TASTEGGIO	0	1	8000	53816	92675	207	-19	0.05	0.05	0	
05/07/2011 13:36:55	TASTEGGIO	0	1	8000	53816	137067	207	-19	0.12	0.12	0	
05/07/2011 13:37:19	TASTEGGIO	1	0	8000	53816	137066	227	-70	0.58	0.58	0	
05/07/2011 13:37:33	TASTEGGIO	0	1	8000	53816	137066	0	-2	0.55	0.55	0	
05/07/2011 13:37:54	TASTEGGIO	0	1	8000	53816	137067	156	-10	0.44	0.44	0	
05/07/2011 13:38:15	TASTEGGIO	0	2	8000	53816	137067	205	-25	0.19	0.19	0	
05/07/2011 13:38:36	TASTEGGIO	0	0	8000	53816	137072	236	-51	0.30	0.30	0	
05/07/2011 13:38:58	TASTEGGIO	0	1	8000	53816	137080	188	-41	0.14	0.14	0	
05/07/2011 13:39:19	TASTEGGIO	0	1	8000	53816	137080	181	-23	0.09	0.09	0	
05/07/2011 13:39:27	TASTEGGIO	0	1	8000	53816	137087	181	-23	0.08	0.08	0	
05/07/2011 13:41:21	TASTEGGIO	0	1	8000	53816	137163	181	-23	0.29	0.30	24500	
05/07/2011 13:41:48	TASTEGGIO	1	0	8000	53816	112684	250	-51	0.23	0.23	0	
05/07/2011 13:42:10	TASTEGGIO	0	1	8000	53816	112683	232	-61	0.38	0.38	0	
05/07/2011 13:42:31	TASTEGGIO	0	1	8000	53816	112683	169	-14	0.23	0.23	0	
05/07/2011 13:42:51	TASTEGGIO	0	2	8000	53816	112683	188	-13	0.12	0.12	0	
05/07/2011 13:43:01	TASTEGGIO	0	2	8000	53816	137073	188	-13	0.11	0.14	44500	
05/07/2011 13:43:27	TASTEGGIO	1	0	8000	53816	92597	229	-28	0.16	0.16	0	
05/07/2011 13:43:48	TASTEGGIO	0	1	8000	53816	92592	210	-27	0.11	0.11	0	
05/07/2011 13:43:59	TASTEGGIO	0	1	8000	53816	137065	210	-27	0.09	0.11	44500	
05/07/2011 13:46:05	TASTEGGIO	0	1	8000	53816	137067	210	-27	0.76	0.78	24500	
05/07/2011 13:46:31	TASTEGGIO	1	0	8000	53816	112587	312	-59	0.25	0.25	0	
05/07/2011 13:46:53	TASTEGGIO	0	0	8000	53816	112587	243	-18	0.08	0.08	0	
05/07/2011 13:47:03	TASTEGGIO	0	0	8000	53816	136972	243	-18	0.15	0.19	-24500	
05/07/2011 13:47:28	TASTEGGIO	1	0	8000	53816	161349	236	-64	0.43	0.43	0	
05/07/2011 13:47:49	TASTEGGIO	0	1	8000	53816	161360	138	-10	0.31	0.31	0	
05/07/2011 13:48:11	TASTEGGIO	0	2	8000	53816	161373	169	-16	0.16	0.16	0	
05/07/2011 13:48:32	TASTEGGIO	0	3	8000	53816	161384	183	-21	0.05	0.05	0	
05/07/2011 13:48:42	TASTEGGIO	0	3	8000	53816	137044	183	-21	0.03	0.06	-44500	
05/07/2011 13:50:47	TASTEGGIO	0	3	8000	53816	137063	183	-21	0.56	0.56	0	
05/07/2011 13:51:12	TASTEGGIO	1	0	8000	53816	137078	283	-82	0.33	0.33	0	
05/07/2011 13:51:34	TASTEGGIO	0	1	8000	53816	137077	263	-120	0.85	0.85	0	
05/07/2011 13:51:47	TASTEGGIO	0	1	8000	53816	137079	44	-4	0.80	0.80	0	
05/07/2011 13:52:08	TASTEGGIO	0	1	8000	53816	137080	269	-74	0.16	0.16	0	
05/07/2011 13:52:29	TASTEGGIO	0	0	8000	53816	137079	232	-36	0.20	0.20	0	
05/07/2011 13:52:51	TASTEGGIO	0	1	8000	53816	137079	207	-79	0.59	0.59	0	
05/07/2011 13:53:05	TASTEGGIO	0	1	8000	53816	137079	32	-3	0.56	0.56	0	
05/07/2011 13:53:27	TASTEGGIO	0	1	8000	53816	137079	191	-19	0.37	0.37	0	
05/07/2011 13:53:48	TASTEGGIO	0	2	8000	53816	137079	225	-22	0.13	0.13	0	
05/07/2011 13:53:56	TASTEGGIO	0	2	8000	53816	137059	225	-22	0.14	0.23	-44500	
05/07/2011 13:54:21	TASTEGGIO	1	0	8000	53816	181452	241	-67	0.44	0.44	0	
05/07/2011 13:54:42	TASTEGGIO	0	1	8000	53816	181467	156	-17	0.27	0.27	0	
05/07/2011 13:55:02	TASTEGGIO	0	2	8000	53816	181480	179	-20	0.07	0.07	0	
05/07/2011 13:55:13	TASTEGGIO	0	2	8000	53816	137054	179	-20	0.10	0.10	0	
05/07/2011 13:57:12	TASTEGGIO	0	2	8000	53816	136961	179	-20	0.24	0.40	-44500	
05/07/2011 13:57:37	TASTEGGIO	1	0	8000	53816	181374	263	-67	0.29	0.29	0	
05/07/2011 13:57:59	TASTEGGIO	0	1	8000	53816	181387	241	-88	0.58	0.58	0	
05/07/2011 13:58:18	TASTEGGIO	0	1	8000	53816	181398	125	-10	0.47	0.47	0	
05/07/2011 13:58:40	TASTEGGIO	0	2	8000	53816	181409	201	-25	0.25	0.25	0	
05/07/2011 13:59:00	TASTEGGIO	0	3	8000	53816	181418	224	-27	0.06	0.06	0	
05/07/2011 13:59:11	TASTEGGIO	0	3	8000	53816	136953	224	-27	0.07	0.13	24500	
05/07/2011 13:59:37	TASTEGGIO	1	0	8000	53816	112481	228	-48	0.42	0.42	0	
05/07/2011 13:59:54	TASTEGGIO	0	1	8000	53816	112474	92	-2	0.39	0.39	0	
05/07/2011 14:00:17	TASTEGGIO	0	1	8000	53816	112473	200	-20	0.19	0.19	0	
05/07/2011 14:00:38	TASTEGGIO	0	0	8000	53816	112473	236	-51	0.30	0.30	0	
05/07/2011 14:00:59	TASTEGGIO	0	1	8000	53816	112475	188	-23	0.10	0.10	0	
05/07/2011 14:01:09	TASTEGGIO	0	1	8000	53816	136864	188	-23	0.07	0.12	44500	
05/07/2011 14:02:58	TASTEGGIO	0	1	8000	53816	137067	188	-23	0.47	0.75	-44500	
05/07/2011 14:03:24	TASTEGGIO	1	0	8000	53816	181474	308	-86	0.16	0.16	0	
05/07/2011 14:03:46	TASTEGGIO	0	1	8000	53816	181489	304	-188	1.70	1.70	0	
05/07/2011 14:03:59	TASTEGGIO	0	1	8000	53816	181505	0	-11	1.59	1.59	0	
05/07/2011 14:04:21	TASTEGGIO	0	1	8000	53816	181518	400	-179	0.33	0.33	0	
05/07/2011 14:04:43	TASTEGGIO	0	1	8000	53816	181528	393	-312	3.25	3.25	0	
05/07/2011 14:04:46	ALARM 817	proc 12 prog 11 step 56	eccentricity = 3.25 mm
05/07/2011 14:11:36	TASTEGGIO	0	1	8000	53816	137063	393	-312	2.36	3.07	-44500	
05/07/2011 14:12:28	TASTEGGIO	0	1	8000	53816	137057	390	-104	1.55	2.01	-44500	
05/07/2011 14:13:02	TASTEGGIO	0	1	8000	53816	137058	358	-91	0.84	1.07	-44500	
05/07/2011 14:13:38	TASTEGGIO	0	1	8000	53816	137045	323	-78	0.43	0.43	0	
05/07/2011 14:13:52	TASTEGGIO	0	1	8000	53816	137046	323	-78	0.43	0.43	-24500	
05/07/2011 14:14:18	TASTEGGIO	1	0	8000	53816	161459	267	-90	0.46	0.46	0	
05/07/2011 14:14:40	TASTEGGIO	0	1	8000	53816	161471	217	-81	0.35	0.35	0	
05/07/2011 14:15:01	TASTEGGIO	0	1	8000	53816	161477	190	-35	0.05	0.05	0	
05/07/2011 14:15:11	TASTEGGIO	0	1	8000	53816	137017	190	-35	0.11	0.15	24500	
05/07/2011 14:15:37	TASTEGGIO	1	0	8000	53816	112558	231	-54	0.41	0.41	0	
05/07/2011 14:15:56	TASTEGGIO	0	1	8000	53816	112550	118	-5	0.36	0.36	0	
05/07/2011 14:16:17	TASTEGGIO	0	2	8000	53816	112547	181	-15	0.20	0.20	0	
05/07/2011 14:16:39	TASTEGGIO	0	3	8000	53816	112543	200	-22	0.04	0.04	0	
05/07/2011 14:16:49	TASTEGGIO	0	3	8000	53816	136962	200	-22	0.02	0.16	-44500	
05/07/2011 14:16:52	ALARM 401		
05/07/2011 14:17:10	TASTEGGIO	0	3	8000	53816	136971	200	-22	0.02	0.16	-44500	
05/07/2011 14:19:12	TASTEGGIO	0	3	8000	53816	137060	200	-22	0.52	0.52	0	
05/07/2011 14:19:36	TASTEGGIO	1	0	8000	53816	137076	278	-72	0.25	0.25	0	
05/07/2011 14:19:58	TASTEGGIO	0	1	8000	53816	137076	265	-107	0.78	0.78	0	
05/07/2011 14:20:12	TASTEGGIO	0	1	8000	53816	137076	21	-4	0.73	0.73	0	
05/07/2011 14:20:34	TASTEGGIO	0	1	8000	53816	137076	225	-37	0.37	0.37	0	
05/07/2011 14:20:56	TASTEGGIO	0	2	8000	53816	137076	251	-50	0.18	0.18	0	
05/07/2011 14:21:17	TASTEGGIO	0	1	8000	53816	137076	242	-44	0.55	0.55	0	
05/07/2011 14:21:32	TASTEGGIO	0	1	8000	53816	137076	73	-4	0.49	0.49	0	
05/07/2011 14:21:53	TASTEGGIO	0	2	8000	53816	137076	160	-20	0.31	0.31	0	
05/07/2011 14:22:16	TASTEGGIO	0	3	8000	53816	137075	193	-25	0.03	0.03	0	
05/07/2011 14:22:24	TASTEGGIO	0	3	8000	53816	137054	193	-25	0.03	0.10	44500	
05/07/2011 14:22:32	ALARM 401		
05/07/2011 14:22:36	ALARM 203		err.5005
05/07/2011 14:22:54	TASTEGGIO	1	0	8000	53816	136972	224	0	0.03	0.10	44500	
05/07/2011 14:24:57	TASTEGGIO	1	0	8000	53816	137067	224	0	0.50	0.52	24500	
05/07/2011 14:25:22	TASTEGGIO	1	0	8000	53816	112588	278	-55	0.17	0.17	0	
05/07/2011 14:25:44	TASTEGGIO	0	1	8000	53816	112590	272	-92	0.75	0.75	0	
05/07/2011 14:25:58	TASTEGGIO	0	1	8000	53816	112589	0	-3	0.72	0.72	0	
05/07/2011 14:26:20	TASTEGGIO	0	1	8000	53816	112588	207	-23	0.47	0.47	0	
05/07/2011 14:26:41	TASTEGGIO	0	2	8000	53816	112588	250	-50	0.12	0.12	0	
05/07/2011 14:26:51	TASTEGGIO	0	2	8000	53816	136973	250	-50	0.15	0.16	-24500	
05/07/2011 14:27:17	TASTEGGIO	1	0	8000	53816	161347	232	-68	0.52	0.52	0	
05/07/2011 14:27:33	TASTEGGIO	0	1	8000	53816	161361	63	-3	0.49	0.49	0	
05/07/2011 14:27:53	TASTEGGIO	0	1	8000	53816	161371	201	-40	0.11	0.11	0	
05/07/2011 14:28:03	TASTEGGIO	0	1	8000	53816	137057	201	-40	0.09	0.11	-24500	
05/07/2011 14:29:01	ALARM 17	proc 12 prog 10 step 47	LavoroTerminato
05/07/2011 15:17:00	TASTEGGIO	0	1	9500	59697	113188	201	-40	0.23	0.23	-24500	
05/07/2011 15:17:24	TASTEGGIO	1	0	9500	59697	137666	241	-14	0.10	0.10	0	
05/07/2011 15:17:34	TASTEGGIO	1	0	9500	59697	113158	241	-14	0.10	0.11	-44500	
05/07/2011 15:17:59	TASTEGGIO	1	0	9500	59697	157614	225	-9	0.04	0.04	0	
05/07/2011 15:18:10	TASTEGGIO	1	0	9500	59697	113142	225	-9	0.06	0.06	0	
05/07/2011 15:20:11	TASTEGGIO	1	0	9500	59696	113082	225	-9	0.15	0.15	0	
05/07/2011 15:20:33	TASTEGGIO	1	0	9500	59696	113095	231	-9	0.06	0.06	0	
05/07/2011 15:20:41	TASTEGGIO	1	0	9500	59696	113066	231	-9	0.07	0.08	24500	
05/07/2011 15:22:42	TASTEGGIO	1	0	9500	59696	113085	231	-9	0.21	0.21	0	
05/07/2011 15:23:05	TASTEGGIO	1	0	9500	59696	113099	238	-10	0.13	0.13	0	
05/07/2011 15:23:13	TASTEGGIO	1	0	9500	59696	113070	238	-10	0.12	0.13	-44500	
05/07/2011 15:23:38	TASTEGGIO	1	0	9500	59696	157511	228	-9	0.05	0.05	0	
05/07/2011 15:23:49	TASTEGGIO	1	0	9500	59696	113049	228	-9	0.07	0.08	44500	
05/07/2011 15:25:45	TASTEGGIO	1	0	9500	59696	112979	228	-9	0.13	0.14	24500	
05/07/2011 15:26:09	TASTEGGIO	1	0	9500	59696	88512	229	-6	0.10	0.10	0	
05/07/2011 15:26:29	TASTEGGIO	0	1	9500	59696	88507	236	-5	0.04	0.04	0	
05/07/2011 15:26:39	TASTEGGIO	0	1	9500	59696	112883	236	-5	0.05	0.07	-24500	
05/07/2011 15:28:39	TASTEGGIO	0	1	9500	59696	112994	236	-5	0.19	0.20	-24500	
05/07/2011 15:29:02	TASTEGGIO	1	0	9500	59696	137460	237	-14	0.09	0.09	0	
05/07/2011 15:29:12	TASTEGGIO	1	0	9500	59696	112963	237	-14	0.09	0.09	-24500	
05/07/2011 15:31:06	TASTEGGIO	1	0	9500	59696	113187	237	-14	0.15	0.15	0	
05/07/2011 15:31:29	TASTEGGIO	1	0	9500	59696	113204	231	-11	0.06	0.06	0	
05/07/2011 15:31:37	TASTEGGIO	1	0	9500	59696	113173	231	-11	0.06	0.07	44500	
05/07/2011 15:33:35	TASTEGGIO	1	0	9500	59696	113083	231	-11	0.15	0.18	-24500	
05/07/2011 15:34:00	TASTEGGIO	1	0	9500	59696	137557	234	-13	0.09	0.09	0	
05/07/2011 15:34:10	TASTEGGIO	1	0	9500	59696	113056	234	-13	0.07	0.08	-24500	
05/07/2011 15:36:07	TASTEGGIO	1	0	9500	59696	113183	234	-13	0.19	0.20	-24500	
05/07/2011 15:36:31	TASTEGGIO	1	0	9500	59696	137652	237	-12	0.09	0.09	0	
05/07/2011 15:36:41	TASTEGGIO	1	0	9500	59696	113159	237	-12	0.10	0.14	24500	
05/07/2011 15:37:05	TASTEGGIO	1	0	9500	59696	88692	229	-6	0.09	0.09	0	
05/07/2011 15:37:15	TASTEGGIO	1	0	9500	59696	113080	229	-6	0.06	0.08	24500	
05/07/2011 15:39:14	TASTEGGIO	1	0	9500	59696	113084	229	-6	0.16	0.16	0	
05/07/2011 15:39:36	TASTEGGIO	1	0	9500	59696	113100	232	-10	0.06	0.06	0	
05/07/2011 15:39:44	TASTEGGIO	1	0	9500	59696	113070	232	-10	0.07	0.10	44500	
05/07/2011 15:40:09	TASTEGGIO	1	0	9500	59696	68606	224	-3	0.07	0.07	0	
05/07/2011 15:40:19	TASTEGGIO	1	0	9500	59696	112984	224	-3	0.05	0.08	44500	
05/07/2011 15:42:15	TASTEGGIO	1	0	9500	59696	113089	224	-3	0.09	0.09	24500	
05/07/2011 15:44:22	TASTEGGIO	1	0	9500	59696	113178	224	-3	0.27	0.27	0	
05/07/2011 15:44:44	TASTEGGIO	1	0	9500	59696	113203	246	-12	0.15	0.15	0	
05/07/2011 15:45:04	TASTEGGIO	0	1	9500	59696	113198	254	-7	0.08	0.08	0	
05/07/2011 15:45:13	TASTEGGIO	0	1	9500	59696	113168	254	-7	0.08	0.11	44500	
05/07/2011 15:45:37	TASTEGGIO	1	0	9500	59696	68702	225	-3	0.09	0.09	0	
05/07/2011 15:45:47	TASTEGGIO	1	0	9500	59696	113082	225	-3	0.07	0.09	44500	
05/07/2011 15:47:36	TASTEGGIO	1	0	9500	59696	113294	225	-3	0.11	0.13	24500	
05/07/2011 15:48:01	TASTEGGIO	1	0	9500	59696	88824	228	-7	0.07	0.07	0	
05/07/2011 15:48:11	TASTEGGIO	1	0	9500	59696	113183	228	-7	0.07	0.08	24500	
05/07/2011 15:50:15	TASTEGGIO	1	0	9500	59696	113186	228	-7	0.25	0.25	0	
05/07/2011 15:50:37	TASTEGGIO	1	0	9500	59696	113207	243	-14	0.12	0.12	0	
05/07/2011 15:50:45	TASTEGGIO	1	0	9500	59696	113173	243	-14	0.12	0.14	-24500	
05/07/2011 15:51:09	TASTEGGIO	1	0	9500	59696	137638	229	-13	0.06	0.06	0	
05/07/2011 15:51:19	TASTEGGIO	1	0	9500	59696	113156	229	-13	0.07	0.09	44500	
05/07/2011 15:53:14	TASTEGGIO	1	0	9500	59696	113191	229	-13	0.18	0.18	0	
05/07/2011 15:53:36	TASTEGGIO	1	0	9500	59696	113208	234	-11	0.06	0.06	0	
05/07/2011 15:53:44	TASTEGGIO	1	0	9500	59696	113176	234	-11	0.06	0.11	44500	
05/07/2011 15:54:08	TASTEGGIO	1	0	9500	59696	68696	225	-3	0.08	0.08	0	
05/07/2011 15:54:19	TASTEGGIO	1	0	9500	59696	113082	225	-3	0.04	0.08	44500	
05/07/2011 15:56:23	TASTEGGIO	1	0	9500	59696	113185	225	-3	0.08	0.09	-24500	
05/07/2011 15:57:33	ALARM 17	proc 12 prog 10 step 47	LavoroTerminato
05/07/2011 16:35:19	ALARM 406		
06/07/2011 07:29:45	ALARM 401		
06/07/2011 07:29:47	INIT OK
06/07/2011 07:34:33	TASTEGGIO	0	0	8000	53817	122620	0	0	0.85	0.96	44500	
06/07/2011 07:35:01	TASTEGGIO	1	0	8000	53817	78174	400	-76	0.31	0.31	0	
06/07/2011 07:35:22	TASTEGGIO	0	0	8000	53817	78170	278	-21	0.12	0.12	0	
06/07/2011 07:35:32	TASTEGGIO	0	0	8000	53817	122461	278	-21	0.20	0.23	-24500	
06/07/2011 07:35:58	TASTEGGIO	1	0	8000	53817	146880	257	-62	0.38	0.38	0	
06/07/2011 07:36:19	TASTEGGIO	0	1	8000	53817	146894	194	-26	0.13	0.13	0	
06/07/2011 07:36:29	TASTEGGIO	0	1	8000	53817	122575	194	-26	0.10	0.13	-24500	
06/07/2011 07:36:54	TASTEGGIO	1	0	8000	53817	147001	232	-39	0.25	0.25	0	
06/07/2011 07:37:15	TASTEGGIO	0	1	8000	53817	147013	183	-11	0.15	0.15	0	
06/07/2011 07:37:35	TASTEGGIO	0	2	8000	53817	147022	195	-3	0.10	0.10	0	
06/07/2011 07:37:45	TASTEGGIO	0	2	8000	53817	122578	195	-3	0.12	0.12	0	
06/07/2011 07:39:44	TASTEGGIO	0	2	8000	53817	122892	195	-3	0.33	0.35	-24500	
06/07/2011 07:40:10	TASTEGGIO	1	0	8000	53817	147310	288	-79	0.44	0.44	0	
06/07/2011 07:40:31	TASTEGGIO	0	1	8000	53817	147321	232	-49	0.09	0.09	0	
06/07/2011 07:40:41	TASTEGGIO	0	1	8000	53817	122865	232	-49	0.07	0.12	44500	
06/07/2011 07:42:36	TASTEGGIO	0	1	8000	53817	122498	232	-49	0.68	0.68	0	
06/07/2011 07:43:01	TASTEGGIO	1	0	8000	53817	122512	371	-123	0.58	0.58	0	
06/07/2011 07:43:24	TASTEGGIO	0	1	8000	53817	122515	321	-111	0.51	0.51	0	
06/07/2011 07:43:46	TASTEGGIO	0	1	8000	53817	122515	276	-43	0.17	0.17	0	
06/07/2011 07:44:07	TASTEGGIO	0	0	8000	53817	122515	242	-12	0.07	0.07	0	
06/07/2011 07:44:15	TASTEGGIO	0	0	8000	53817	122486	242	-12	0.07	0.19	44500	
06/07/2011 07:44:40	TASTEGGIO	1	0	8000	53817	78018	247	-29	0.10	0.10	0	
06/07/2011 07:44:50	TASTEGGIO	1	0	8000	53817	122372	247	-29	0.15	0.18	-24500	
06/07/2011 07:45:15	TASTEGGIO	1	0	8000	53817	146797	245	-60	0.39	0.39	0	
06/07/2011 07:45:35	TASTEGGIO	0	1	8000	53817	146810	160	-11	0.28	0.28	0	
06/07/2011 07:45:55	TASTEGGIO	0	2	8000	53817	146821	188	-13	0.15	0.15	0	
06/07/2011 07:46:16	TASTEGGIO	0	3	8000	53817	146830	201	-13	0.04	0.04	0	
06/07/2011 07:46:26	TASTEGGIO	0	3	8000	53817	122475	201	-13	0.08	0.08	24500	
06/07/2011 07:48:27	TASTEGGIO	0	3	8000	53817	122603	201	-13	0.66	0.67	24500	
06/07/2011 07:48:54	TASTEGGIO	1	0	8000	53817	98121	368	-100	0.43	0.43	0	
06/07/2011 07:49:17	TASTEGGIO	0	1	8000	53817	98126	340	-110	0.67	0.67	0	
06/07/2011 07:49:38	TASTEGGIO	0	1	8000	53817	98123	235	-25	0.42	0.42	0	
06/07/2011 07:49:59	TASTEGGIO	0	2	8000	53817	98122	272	-27	0.20	0.20	0	
06/07/2011 07:50:20	TASTEGGIO	0	0	8000	53817	98121	250	-7	0.14	0.14	0	
06/07/2011 07:50:30	TASTEGGIO	0	0	8000	53817	122475	250	-7	0.18	0.21	-24500	
06/07/2011 07:50:56	TASTEGGIO	1	0	8000	53817	146895	252	-59	0.36	0.36	0	
06/07/2011 07:51:17	TASTEGGIO	0	1	8000	53817	146907	190	-25	0.12	0.12	0	
06/07/2011 07:51:26	TASTEGGIO	0	1	8000	53817	122573	190	-25	0.12	0.13	24500	
06/07/2011 07:51:52	TASTEGGIO	1	0	8000	53817	98089	232	-34	0.22	0.22	0	
06/07/2011 07:52:12	TASTEGGIO	0	1	8000	53817	98090	194	-8	0.13	0.13	0	
06/07/2011 07:52:33	TASTEGGIO	0	2	8000	53817	98089	204	-4	0.10	0.10	0	
06/07/2011 07:52:43	TASTEGGIO	0	2	8000	53817	122459	204	-4	0.07	0.12	44500	
06/07/2011 07:54:45	TASTEGGIO	0	2	8000	53817	122987	204	-4	0.34	0.42	-44500	
06/07/2011 07:55:11	TASTEGGIO	1	0	8000	53817	167405	305	-74	0.32	0.32	0	
06/07/2011 07:55:33	TASTEGGIO	0	1	8000	53817	167413	280	-79	0.47	0.47	0	
06/07/2011 07:55:53	TASTEGGIO	0	1	8000	53817	167422	210	-20	0.27	0.27	0	
06/07/2011 07:56:12	TASTEGGIO	0	2	8000	53817	167428	231	-11	0.16	0.16	0	
06/07/2011 07:56:33	TASTEGGIO	0	3	8000	53817	167433	247	-8	0.10	0.10	0	
06/07/2011 07:56:44	TASTEGGIO	0	3	8000	53817	122992	247	-8	0.11	0.14	-24500	
06/07/2011 07:57:09	TASTEGGIO	1	0	8000	53817	147404	235	-47	0.32	0.32	0	
06/07/2011 07:57:29	TASTEGGIO	0	1	8000	53817	147415	161	-12	0.19	0.19	0	
06/07/2011 07:57:49	TASTEGGIO	0	2	8000	53817	147425	176	-10	0.09	0.09	0	
06/07/2011 07:57:59	TASTEGGIO	0	2	8000	53817	122965	176	-10	0.11	0.11	0	
06/07/2011 07:59:56	TASTEGGIO	0	2	8000	53817	122595	176	-10	0.30	0.35	24500	
06/07/2011 08:00:22	TASTEGGIO	1	0	8000	53817	98108	288	-62	0.29	0.29	0	
06/07/2011 08:00:43	TASTEGGIO	0	1	8000	53817	98107	263	-60	0.30	0.30	0	
06/07/2011 08:01:05	TASTEGGIO	0	1	8000	53817	98107	231	-19	0.13	0.13	0	
06/07/2011 08:01:15	TASTEGGIO	0	1	8000	53817	122472	231	-19	0.11	0.14	44500	
06/07/2011 08:01:40	TASTEGGIO	1	0	8000	53817	78017	235	-18	0.05	0.05	0	
06/07/2011 08:01:51	TASTEGGIO	1	0	8000	53817	122460	235	-18	0.06	0.11	-44500	
06/07/2011 08:03:50	TASTEGGIO	1	0	8000	53817	122689	235	-18	0.23	0.30	24500	
06/07/2011 08:04:16	TASTEGGIO	1	0	8000	53817	98209	275	-56	0.28	0.28	0	
06/07/2011 08:04:37	TASTEGGIO	0	1	8000	53817	98209	248	-49	0.20	0.20	0	
06/07/2011 08:04:59	TASTEGGIO	0	1	8000	53817	98209	233	-20	0.06	0.06	0	
06/07/2011 08:05:09	TASTEGGIO	0	1	8000	53817	122566	233	-20	0.05	0.09	44500	
06/07/2011 08:07:09	TASTEGGIO	0	1	8000	53817	122602	233	-20	0.66	0.72	44500	
06/07/2011 08:07:35	TASTEGGIO	1	0	8000	53817	78136	381	-83	0.27	0.27	0	
06/07/2011 08:07:58	TASTEGGIO	0	1	8000	53817	78140	370	-109	0.81	0.81	0	
06/07/2011 08:08:14	TASTEGGIO	0	1	8000	53817	78133	127	-8	0.73	0.73	0	
06/07/2011 08:08:35	TASTEGGIO	0	1	8000	53817	78135	323	-52	0.26	0.26	0	
06/07/2011 08:08:56	TASTEGGIO	0	0	8000	53817	78132	265	-5	0.21	0.21	0	
06/07/2011 08:09:19	TASTEGGIO	0	1	8000	53817	78131	281	-5	0.16	0.16	0	
06/07/2011 08:09:40	TASTEGGIO	0	2	8000	53817	78131	298	-8	0.09	0.09	0	
06/07/2011 08:09:51	TASTEGGIO	0	2	8000	53817	122466	298	-8	0.19	0.40	-44500	
06/07/2011 08:10:17	TASTEGGIO	1	0	8000	53817	166894	300	-80	0.41	0.41	0	
06/07/2011 08:10:38	TASTEGGIO	0	1	8000	53817	166902	257	-53	0.13	0.13	0	
06/07/2011 08:10:49	TASTEGGIO	0	1	8000	53817	122578	257	-53	0.26	0.30	24500	
06/07/2011 08:11:15	TASTEGGIO	1	0	8000	53817	98104	275	-43	0.19	0.19	0	
06/07/2011 08:11:36	TASTEGGIO	0	1	8000	53817	98104	262	-47	0.27	0.27	0	
06/07/2011 08:11:58	TASTEGGIO	0	1	8000	53817	98102	223	-20	0.08	0.08	0	
06/07/2011 08:12:08	TASTEGGIO	0	1	8000	53817	122467	223	-20	0.03	0.14	44500	
06/07/2011 08:12:33	TASTEGGIO	1	0	8000	53817	78011	235	-6	0.09	0.09	0	
06/07/2011 08:12:43	TASTEGGIO	1	0	8000	53817	122457	235	-6	0.06	0.14	-44500	
06/07/2011 08:13:09	TASTEGGIO	1	0	8000	53817	166887	235	-17	0.10	0.10	0	
06/07/2011 08:13:20	TASTEGGIO	1	0	8000	53817	122577	235	-17	0.09	0.16	44500	
06/07/2011 08:13:46	TASTEGGIO	1	0	8000	53817	78117	240	-3	0.12	0.12	0	
06/07/2011 08:13:56	TASTEGGIO	1	0	8000	53817	122449	240	-3	0.07	0.13	44500	
06/07/2011 08:14:21	TASTEGGIO	1	0	8000	53817	77992	232	0	0.12	0.12	0	
06/07/2011 08:14:32	TASTEGGIO	1	0	8000	53817	122449	232	0	0.07	0.13	44500	
06/07/2011 08:14:57	TASTEGGIO	1	0	8000	53817	77987	232	0	0.12	0.12	0	
06/07/2011 08:15:08	TASTEGGIO	1	0	8000	53817	122440	232	0	0.07	0.14	44500	
06/07/2011 08:15:33	TASTEGGIO	1	0	8000	53817	77979	235	0	0.12	0.12	0	
06/07/2011 08:15:43	TASTEGGIO	1	0	8000	53817	122439	235	0	0.07	0.13	44500	
06/07/2011 08:16:08	TASTEGGIO	1	0	8000	53817	77980	232	-1	0.11	0.11	0	
06/07/2011 08:16:19	TASTEGGIO	1	0	8000	53817	122440	232	-1	0.06	0.12	44500	
06/07/2011 08:18:13	TASTEGGIO	1	0	8000	53817	122598	232	-1	0.65	0.71	24500	
06/07/2011 08:18:40	TASTEGGIO	1	0	8000	53817	98113	379	-107	0.43	0.43	0	
06/07/2011 08:19:02	TASTEGGIO	0	1	8000	53817	98117	352	-134	0.90	0.90	0	
06/07/2011 08:19:20	TASTEGGIO	0	1	8000	53817	98114	163	-8	0.81	0.81	0	
06/07/2011 08:19:41	TASTEGGIO	0	2	8000	53817	98114	308	-34	0.49	0.49	0	
06/07/2011 08:20:03	TASTEGGIO	0	3	8000	53817	98115	359	-53	0.23	0.23	0	
06/07/2011 08:20:26	TASTEGGIO	0	1	8000	53817	98139	348	-85	0.60	0.60	0	
06/07/2011 08:20:46	TASTEGGIO	0	1	8000	53817	98139	191	-14	0.46	0.46	0	
06/07/2011 08:21:06	TASTEGGIO	0	2	8000	53817	98139	240	-20	0.27	0.27	0	
06/07/2011 08:21:27	TASTEGGIO	0	3	8000	53817	98139	267	-17	0.10	0.10	0	
06/07/2011 08:21:37	TASTEGGIO	0	3	8000	53817	122478	267	-17	0.07	0.16	44500	
06/07/2011 08:22:03	TASTEGGIO	1	0	8000	53817	78023	240	-19	0.06	0.06	0	
06/07/2011 08:22:13	TASTEGGIO	1	0	8000	53817	122463	240	-19	0.07	0.08	24500	
06/07/2011 08:24:15	TASTEGGIO	1	0	8000	53817	122502	240	-19	0.65	0.73	-44500	
06/07/2011 08:24:41	TASTEGGIO	1	0	8000	53817	166926	384	-113	0.45	0.45	0	
06/07/2011 08:25:04	TASTEGGIO	0	1	8000	53817	166934	356	-147	1.00	1.00	0	
06/07/2011 08:25:20	TASTEGGIO	0	1	8000	53817	166946	133	-10	0.91	0.91	0	
06/07/2011 08:25:44	TASTEGGIO	0	1	8000	53817	166953	380	-95	0.30	0.30	0	
06/07/2011 08:26:06	TASTEGGIO	0	1	8000	53817	166959	370	-89	0.58	0.58	0	
06/07/2011 08:26:28	TASTEGGIO	0	1	8000	53817	166963	257	-56	0.16	0.16	0	
06/07/2011 08:26:49	TASTEGGIO	0	0	8000	53817	166963	240	-7	0.10	0.10	0	
06/07/2011 08:26:59	TASTEGGIO	0	0	8000	53817	122507	240	-7	0.30	0.36	44500	
06/07/2011 08:27:25	TASTEGGIO	1	0	8000	53817	78041	290	-42	0.09	0.09	0	
06/07/2011 08:27:36	TASTEGGIO	1	0	8000	53817	122373	290	-42	0.05	0.11	-44500	
06/07/2011 08:28:45	ALARM 17	proc 12 prog 10 step 47	LavoroTerminato
06/07/2011 08:51:42	TASTEGGIO	1	0	7500	51855	106984	290	-42	0.41	0.62	-44500	
06/07/2011 08:52:07	TASTEGGIO	1	0	7500	51855	151411	356	-72	0.16	0.16	0	
06/07/2011 08:52:27	TASTEGGIO	0	1	7500	51855	151417	351	-86	0.70	0.70	0	
06/07/2011 08:52:42	TASTEGGIO	0	1	7500	51855	151427	44	-7	0.64	0.64	0	
06/07/2011 08:53:01	TASTEGGIO	0	1	7500	51855	151431	219	-17	0.49	0.49	0	
06/07/2011 08:53:20	TASTEGGIO	0	2	7500	51855	151436	272	-24	0.28	0.28	0	
06/07/2011 08:53:41	TASTEGGIO	0	3	7500	51855	151439	299	-27	0.15	0.15	0	
06/07/2011 08:54:01	TASTEGGIO	0	4	7500	51855	151439	315	-16	0.03	0.03	0	
06/07/2011 08:54:12	TASTEGGIO	0	4	7500	51855	107106	315	-16	0.10	0.10	0	
06/07/2011 08:56:08	TASTEGGIO	0	4	7500	51855	107097	315	-16	0.22	0.27	24500	
06/07/2011 08:56:33	TASTEGGIO	1	0	7500	51855	82619	268	-37	0.09	0.09	0	
06/07/2011 08:56:43	TASTEGGIO	1	0	7500	51855	106956	268	-37	0.10	0.10	-44500	
06/07/2011 08:58:55	TASTEGGIO	1	0	7500	51855	107094	268	-37	1.06	1.14	24500	
06/07/2011 08:59:22	TASTEGGIO	1	0	7500	51855	82617	400	-64	0.54	0.54	0	
06/07/2011 08:59:43	TASTEGGIO	0	0	7500	51855	82614	336	-11	0.44	0.44	0	
06/07/2011 09:00:06	TASTEGGIO	0	1	7500	51855	82613	371	-21	0.25	0.25	0	
06/07/2011 09:00:28	TASTEGGIO	0	2	7500	51855	82615	391	-44	0.20	0.20	0	
06/07/2011 09:00:51	TASTEGGIO	0	1	7500	51855	82621	375	-132	1.12	1.12	0	
06/07/2011 09:01:04	TASTEGGIO	0	1	7500	51855	82620	0	-6	1.05	1.05	0	
06/07/2011 09:01:24	TASTEGGIO	0	1	7500	51855	82620	294	-13	0.93	0.93	0	
06/07/2011 09:01:46	TASTEGGIO	0	2	7500	51855	82620	400	-33	0.60	0.60	0	
06/07/2011 09:02:07	TASTEGGIO	0	3	7500	51855	82620	400	-20	0.40	0.40	0	
06/07/2011 09:02:31	TASTEGGIO	0	4	7500	51855	82620	400	-12	0.31	0.31	0	
06/07/2011 09:02:53	TASTEGGIO	0	5	7500	51855	82620	400	-21	0.16	0.16	0	
06/07/2011 09:03:16	TASTEGGIO	0	6	7500	51855	82620	400	-36	0.25	0.25	0	
06/07/2011 09:03:39	TASTEGGIO	0	1	7500	51855	82620	360	-58	0.83	0.83	0	
06/07/2011 09:03:53	TASTEGGIO	0	1	7500	51855	82620	84	-8	0.75	0.75	0	
06/07/2011 09:04:14	TASTEGGIO	0	1	7500	51855	82620	286	-25	0.50	0.50	0	
06/07/2011 09:04:37	TASTEGGIO	0	2	7500	51855	82620	333	-31	0.18	0.18	0	
06/07/2011 09:04:58	TASTEGGIO	0	0	7500	51855	82620	245	-1	0.17	0.17	0	
06/07/2011 09:05:20	TASTEGGIO	0	1	7500	51855	82620	277	-2	0.17	0.17	0	
06/07/2011 09:05:41	TASTEGGIO	0	1	7500	51855	82620	328	-8	0.10	0.10	0	
06/07/2011 09:05:51	TASTEGGIO	0	1	7500	51855	106961	328	-8	0.19	0.26	-24500	
06/07/2011 09:06:16	TASTEGGIO	1	0	7500	51855	131430	265	-49	0.26	0.26	0	
06/07/2011 09:06:37	TASTEGGIO	0	1	7500	51855	131441	239	-38	0.12	0.12	0	
06/07/2011 09:06:46	TASTEGGIO	0	1	7500	51855	107084	239	-38	0.03	0.15	44500	
06/07/2011 09:07:11	TASTEGGIO	1	0	7500	51855	62606	237	-12	0.03	0.03	0	
06/07/2011 09:07:21	TASTEGGIO	1	0	7500	51855	106956	237	-12	0.09	0.15	24500	
06/07/2011 09:07:46	TASTEGGIO	1	0	7500	51855	82491	237	-3	0.17	0.17	0	
06/07/2011 09:08:08	TASTEGGIO	0	1	7500	51855	82490	275	-13	0.29	0.29	0	
06/07/2011 09:08:30	TASTEGGIO	0	1	7500	51855	82494	400	-120	0.90	0.90	0	
06/07/2011 09:08:44	TASTEGGIO	0	1	7500	51855	82492	120	-9	0.80	0.80	0	
06/07/2011 09:09:05	TASTEGGIO	0	2	7500	51855	82488	262	-12	0.69	0.69	0	
06/07/2011 09:09:27	TASTEGGIO	0	3	7500	51855	82489	400	-50	0.22	0.22	0	
06/07/2011 09:09:46	TASTEGGIO	0	0	7500	51855	82489	255	-1	0.22	0.22	0	
06/07/2011 09:10:08	TASTEGGIO	0	1	7500	51855	82489	299	-2	0.22	0.22	0	
06/07/2011 09:10:30	TASTEGGIO	0	1	7500	51855	82489	365	-10	0.12	0.12	0	
06/07/2011 09:10:40	TASTEGGIO	0	1	7500	51855	106955	365	-10	0.16	0.26	44500	
06/07/2011 09:11:04	TASTEGGIO	1	0	7500	51855	62476	265	-6	0.21	0.21	0	
06/07/2011 09:11:23	TASTEGGIO	0	1	7500	51855	62476	281	-6	0.15	0.15	0	
06/07/2011 09:11:45	TASTEGGIO	0	2	7500	51855	62476	296	-7	0.09	0.09	0	
06/07/2011 09:11:55	TASTEGGIO	0	2	7500	51855	106945	296	-7	0.06	0.14	-24500	
06/07/2011 09:13:54	TASTEGGIO	0	2	7500	51855	107092	296	-7	0.81	0.87	24500	
06/07/2011 09:14:21	TASTEGGIO	1	0	7500	51855	82625	400	-75	0.25	0.25	0	
06/07/2011 09:14:41	TASTEGGIO	0	0	7500	51855	82623	263	-19	0.09	0.09	0	
06/07/2011 09:14:51	TASTEGGIO	0	0	7500	51855	106967	263	-19	0.16	0.26	-24500	
06/07/2011 09:15:16	TASTEGGIO	1	0	7500	51855	131434	265	-44	0.18	0.18	0	
06/07/2011 09:15:37	TASTEGGIO	0	1	7500	51855	131442	252	-48	0.31	0.31	0	
06/07/2011 09:15:57	TASTEGGIO	0	1	7500	51855	131447	198	-17	0.15	0.15	0	
06/07/2011 09:16:17	TASTEGGIO	0	0	7500	51855	131448	237	-14	0.03	0.03	0	
06/07/2011 09:16:27	TASTEGGIO	0	0	7500	51855	107092	237	-14	0.07	0.19	44500	
06/07/2011 09:16:51	TASTEGGIO	1	0	7500	51855	62614	247	-14	0.06	0.06	0	
06/07/2011 09:17:02	TASTEGGIO	1	0	7500	51855	106951	247	-14	0.07	0.09	-44500	
06/07/2011 09:19:00	TASTEGGIO	1	0	7500	51855	107093	247	-14	0.58	0.74	44500	
06/07/2011 09:19:26	TASTEGGIO	1	0	7500	51855	62614	386	-56	0.25	0.25	0	
06/07/2011 09:19:45	TASTEGGIO	0	0	7500	51855	62615	263	-5	0.21	0.21	0	
06/07/2011 09:20:07	TASTEGGIO	0	1	7500	51855	62615	280	-2	0.19	0.19	0	
06/07/2011 09:20:29	TASTEGGIO	0	1	7500	51855	62614	331	-13	0.07	0.07	0	
06/07/2011 09:20:39	TASTEGGIO	0	1	7500	51855	106957	331	-13	0.17	0.41	-44500	
06/07/2011 09:21:05	TASTEGGIO	1	0	7500	51855	151376	303	-53	0.13	0.13	0	
06/07/2011 09:21:15	TASTEGGIO	1	0	7500	51855	107087	303	-53	0.25	0.25	0	
06/07/2011 09:21:40	TASTEGGIO	1	0	7500	51855	107097	263	-46	0.20	0.20	0	
06/07/2011 09:22:01	TASTEGGIO	0	1	7500	51855	107097	247	-45	0.24	0.24	0	
06/07/2011 09:22:22	TASTEGGIO	0	1	7500	51855	107097	218	-15	0.13	0.13	0	
06/07/2011 09:22:30	TASTEGGIO	0	1	7500	51855	107083	218	-15	0.13	0.15	44500	
06/07/2011 09:22:54	TASTEGGIO	1	0	7500	51855	62606	237	-6	0.12	0.12	0	
06/07/2011 09:23:04	TASTEGGIO	1	0	7500	51855	106949	237	-6	0.10	0.13	44500	
06/07/2011 09:23:28	TASTEGGIO	1	0	7500	51855	62471	232	-1	0.12	0.12	0	
06/07/2011 09:23:38	TASTEGGIO	1	0	7500	51855	106944	232	-1	0.11	0.14	44500	
06/07/2011 09:24:01	TASTEGGIO	1	0	7500	51855	62469	235	-1	0.12	0.12	0	
06/07/2011 09:24:12	TASTEGGIO	1	0	7500	51855	106941	235	-1	0.11	0.13	44500	
06/07/2011 09:24:36	TASTEGGIO	1	0	7500	51855	62468	232	-1	0.12	0.12	0	
06/07/2011 09:24:46	TASTEGGIO	1	0	7500	51855	106934	232	-1	0.11	0.13	44500	
06/07/2011 09:25:10	TASTEGGIO	1	0	7500	51855	62462	232	-1	0.12	0.12	0	
06/07/2011 09:25:21	TASTEGGIO	1	0	7500	51855	106935	232	-1	0.11	0.13	44500	
06/07/2011 09:25:45	TASTEGGIO	1	0	7500	51855	62472	232	-1	0.12	0.12	0	
06/07/2011 09:25:56	TASTEGGIO	1	0	7500	51855	106938	232	-1	0.11	0.13	44500	
06/07/2011 09:26:20	TASTEGGIO	1	0	7500	51855	62465	232	-1	0.11	0.11	0	
06/07/2011 09:26:30	TASTEGGIO	1	0	7500	51855	106934	232	-1	0.11	0.13	44500	
06/07/2011 09:26:54	TASTEGGIO	1	0	7500	51855	62462	232	-1	0.12	0.12	0	
06/07/2011 09:27:05	TASTEGGIO	1	0	7500	51855	106929	232	-1	0.11	0.14	44500	
06/07/2011 09:27:29	TASTEGGIO	1	0	7500	51855	62466	235	0	0.12	0.12	0	
06/07/2011 09:27:39	TASTEGGIO	1	0	7500	51855	106933	235	0	0.11	0.12	44500	
06/07/2011 09:29:50	TASTEGGIO	1	0	7500	51855	107093	235	0	0.31	0.39	44500	
06/07/2011 09:30:16	TASTEGGIO	1	0	7500	51855	62614	298	-30	0.14	0.14	0	
06/07/2011 09:30:26	TASTEGGIO	1	0	7500	51855	106951	298	-30	0.09	0.14	-24500	
06/07/2011 09:30:51	TASTEGGIO	1	0	7500	51855	131417	235	-39	0.22	0.22	0	
06/07/2011 09:31:11	TASTEGGIO	0	1	7500	51855	131427	200	-22	0.07	0.07	0	
06/07/2011 09:31:21	TASTEGGIO	0	1	7500	51855	107086	200	-22	0.09	0.09	-44500	
06/07/2011 09:33:18	TASTEGGIO	0	1	7500	51855	107187	200	-22	0.89	0.89	0	
06/07/2011 09:33:42	TASTEGGIO	1	0	7500	51855	107205	400	-86	0.17	0.17	0	
06/07/2011 09:34:03	TASTEGGIO	0	0	7500	51855	107205	242	-25	0.11	0.11	0	
06/07/2011 09:34:11	TASTEGGIO	0	0	7500	51855	107184	242	-25	0.12	0.29	44500	
06/07/2011 09:34:34	TASTEGGIO	1	0	7500	51855	62701	273	-24	0.11	0.11	0	
06/07/2011 09:34:44	TASTEGGIO	1	0	7500	51855	107054	273	-24	0.09	0.15	-44500	
06/07/2011 09:35:08	TASTEGGIO	1	0	7500	51855	151491	237	-32	0.16	0.16	0	
06/07/2011 09:35:28	TASTEGGIO	0	1	7500	51855	151499	219	-28	0.12	0.12	0	
06/07/2011 09:35:39	TASTEGGIO	0	1	7500	51855	107189	219	-28	0.05	0.12	44500	
06/07/2011 09:37:51	TASTEGGIO	0	1	7500	51855	107095	219	-28	0.07	0.22	44500	
06/07/2011 09:38:16	TASTEGGIO	1	0	7500	51855	62617	255	-19	0.07	0.07	0	
06/07/2011 09:38:27	TASTEGGIO	1	0	7500	51855	106950	255	-19	0.08	0.09	-44500	
06/07/2011 09:40:22	TASTEGGIO	1	0	7500	51855	107190	255	-19	0.66	0.66	-24500	
06/07/2011 09:40:47	TASTEGGIO	1	0	7500	51855	131641	366	-80	0.25	0.25	0	
06/07/2011 09:41:09	TASTEGGIO	0	1	7500	51855	131652	356	-108	0.82	0.82	0	
06/07/2011 09:41:24	TASTEGGIO	0	1	7500	51855	131662	87	-7	0.75	0.75	0	
06/07/2011 09:41:46	TASTEGGIO	0	1	7500	51855	131667	292	-42	0.40	0.40	0	
06/07/2011 09:42:07	TASTEGGIO	0	2	7500	51855	131670	322	-35	0.11	0.11	0	
06/07/2011 09:42:17	TASTEGGIO	0	2	7500	51855	107200	322	-35	0.19	0.28	24500	
06/07/2011 09:42:42	TASTEGGIO	1	0	7500	51855	82743	270	-33	0.13	0.13	0	
06/07/2011 09:42:52	TASTEGGIO	1	0	7500	51855	107054	270	-33	0.14	0.14	0	
06/07/2011 09:43:16	TASTEGGIO	1	0	7500	51855	107053	235	-36	0.23	0.23	0	
06/07/2011 09:43:36	TASTEGGIO	0	1	7500	51855	107053	197	-16	0.07	0.07	0	
06/07/2011 09:43:44	TASTEGGIO	0	1	7500	51855	107056	197	-16	0.08	0.19	-44500	
06/07/2011 09:44:08	TASTEGGIO	1	0	7500	51855	151490	247	-24	0.10	0.10	0	
06/07/2011 09:44:19	TASTEGGIO	1	0	7500	51855	107189	247	-24	0.11	0.12	44500	
06/07/2011 09:46:14	TASTEGGIO	1	0	7500	51855	107092	247	-24	0.87	0.87	0	
06/07/2011 09:46:39	TASTEGGIO	1	0	7500	51855	107103	400	-95	0.22	0.22	0	
06/07/2011 09:47:02	TASTEGGIO	0	1	7500	51855	107103	394	-146	1.22	1.22	0	
06/07/2011 09:47:15	TASTEGGIO	0	1	7500	51855	107105	0	-8	1.14	1.14	0	
06/07/2011 09:47:36	TASTEGGIO	0	1	7500	51855	107106	319	-39	0.78	0.78	0	
06/07/2011 09:47:58	TASTEGGIO	0	2	7500	51855	107108	394	-72	0.25	0.25	0	
06/07/2011 09:48:19	TASTEGGIO	0	0	7500	51855	107107	263	-4	0.22	0.22	0	
06/07/2011 09:48:41	TASTEGGIO	0	1	7500	51855	107107	282	-2	0.19	0.19	0	
06/07/2011 09:49:04	TASTEGGIO	0	2	7500	51855	107107	314	-7	0.13	0.13	0	
06/07/2011 09:49:12	TASTEGGIO	0	2	7500	51855	107088	314	-7	0.14	0.27	-44500	
06/07/2011 09:49:37	TASTEGGIO	1	0	7500	51855	151490	268	-43	0.17	0.17	0	
06/07/2011 09:49:58	TASTEGGIO	0	1	7500	51855	151502	257	-48	0.29	0.29	0	
06/07/2011 09:50:17	TASTEGGIO	0	1	7500	51855	151513	207	-12	0.19	0.19	0	
06/07/2011 09:50:37	TASTEGGIO	0	2	7500	51855	151523	224	-5	0.15	0.15	0	
06/07/2011 09:50:58	TASTEGGIO	0	3	7500	51855	151532	244	-7	0.09	0.09	0	
06/07/2011 09:51:08	TASTEGGIO	0	3	7500	51855	107116	244	-7	0.04	0.13	44500	
06/07/2011 09:51:32	TASTEGGIO	1	0	7500	51855	62637	232	-15	0.03	0.03	0	
06/07/2011 09:51:43	TASTEGGIO	1	0	7500	51855	106950	232	-15	0.09	0.09	0	
06/07/2011 09:53:38	TASTEGGIO	1	0	7500	51855	107091	232	-15	0.19	0.24	-24500	
06/07/2011 09:54:03	TASTEGGIO	1	0	7500	51855	131545	260	-46	0.28	0.28	0	
06/07/2011 09:54:24	TASTEGGIO	0	1	7500	51855	131557	227	-29	0.11	0.11	0	
06/07/2011 09:54:33	TASTEGGIO	0	1	7500	51855	107090	227	-29	0.16	0.31	44500	
06/07/2011 09:54:58	TASTEGGIO	1	0	7500	51855	62612	278	-23	0.14	0.14	0	
06/07/2011 09:55:09	TASTEGGIO	1	0	7500	51855	106952	278	-23	0.06	0.13	-24500	
06/07/2011 09:55:34	TASTEGGIO	1	0	7500	51855	131419	232	-30	0.19	0.19	0	
06/07/2011 09:55:54	TASTEGGIO	0	1	7500	51855	131428	204	-12	0.08	0.08	0	
06/07/2011 09:56:04	TASTEGGIO	0	1	7500	51855	107100	204	-12	0.11	0.15	44500	
06/07/2011 09:56:28	TASTEGGIO	1	0	7500	51855	62621	237	-5	0.12	0.12	0	
06/07/2011 09:56:38	TASTEGGIO	1	0	7500	51855	106955	237	-5	0.07	0.13	44500	
06/07/2011 09:57:02	TASTEGGIO	1	0	7500	51855	62477	232	-2	0.12	0.12	0	
06/07/2011 09:57:12	TASTEGGIO	1	0	7500	51855	106950	232	-2	0.07	0.14	-44500	
06/07/2011 09:57:36	TASTEGGIO	1	0	7500	51855	151374	235	-23	0.09	0.09	0	
06/07/2011 09:57:47	TASTEGGIO	1	0	7500	51855	107089	235	-23	0.12	0.18	-24500	
06/07/2011 09:58:12	TASTEGGIO	1	0	7500	51855	131549	245	-12	0.10	0.10	0	
06/07/2011 09:58:22	TASTEGGIO	1	0	7500	51855	107089	245	-12	0.04	0.12	44500	
06/07/2011 10:00:20	TASTEGGIO	1	0	7500	51855	107090	245	-12	0.65	0.67	-24500	
06/07/2011 10:00:46	TASTEGGIO	1	0	7500	51855	131544	368	-72	0.17	0.17	0	
06/07/2011 10:01:09	TASTEGGIO	0	1	7500	51855	131555	363	-99	0.81	0.81	0	
06/07/2011 10:01:23	TASTEGGIO	0	1	7500	51855	131562	0	-5	0.75	0.75	0	
06/07/2011 10:01:43	TASTEGGIO	0	1	7500	51855	131565	207	-14	0.62	0.62	0	
06/07/2011 10:02:04	TASTEGGIO	0	2	7500	51855	131567	309	-40	0.25	0.25	0	
06/07/2011 10:02:25	TASTEGGIO	0	0	7500	51855	131569	263	-4	0.22	0.22	0	
06/07/2011 10:02:48	TASTEGGIO	0	1	7500	51855	131569	282	-5	0.16	0.16	0	
06/07/2011 10:03:10	TASTEGGIO	0	2	7500	51855	131569	298	-11	0.08	0.08	0	
06/07/2011 10:03:20	TASTEGGIO	0	2	7500	51855	107095	298	-11	0.13	0.18	-44500	
06/07/2011 10:03:45	TASTEGGIO	1	0	7500	51855	151505	245	-23	0.04	0.04	0	
06/07/2011 10:03:55	TASTEGGIO	1	0	7500	51855	107096	245	-23	0.08	0.15	24500	
06/07/2011 10:04:20	TASTEGGIO	1	0	7500	51855	82624	237	-27	0.15	0.15	0	
06/07/2011 10:04:40	TASTEGGIO	0	1	7500	51855	82623	222	-23	0.08	0.08	0	
06/07/2011 10:04:50	TASTEGGIO	0	1	7500	51855	106955	222	-23	0.04	0.08	24500	
06/07/2011 10:06:38	TASTEGGIO	0	1	7500	51855	107096	222	-23	0.50	0.76	44500	
06/07/2011 10:07:04	TASTEGGIO	1	0	7500	51855	62617	391	-55	0.23	0.23	0	
06/07/2011 10:07:23	TASTEGGIO	0	0	7500	51855	62617	257	-1	0.22	0.22	0	
06/07/2011 10:07:44	TASTEGGIO	0	1	7500	51855	62617	299	-1	0.21	0.21	0	
06/07/2011 10:08:06	TASTEGGIO	0	1	7500	51855	62617	359	-13	0.08	0.08	0	
06/07/2011 10:08:17	TASTEGGIO	0	1	7500	51855	106950	359	-13	0.06	0.38	-44500	
06/07/2011 10:08:42	TASTEGGIO	1	0	7500	51855	151373	295	-49	0.11	0.11	0	
06/07/2011 10:08:53	TASTEGGIO	1	0	7500	51855	107087	295	-49	0.33	0.33	0	
06/07/2011 10:09:17	TASTEGGIO	1	0	7500	51855	107095	283	-50	0.22	0.22	0	
06/07/2011 10:09:39	TASTEGGIO	0	1	7500	51855	107097	268	-48	0.28	0.28	0	
06/07/2011 10:10:00	TASTEGGIO	0	1	7500	51855	107098	232	-27	0.16	0.16	0	
06/07/2011 10:10:21	TASTEGGIO	0	2	7500	51855	107098	244	-9	0.07	0.07	0	
06/07/2011 10:10:29	TASTEGGIO	0	2	7500	51855	107088	244	-9	0.08	0.15	44500	
06/07/2011 10:12:34	TASTEGGIO	0	2	7500	51855	107090	244	-9	0.45	0.55	-24500	
06/07/2011 10:13:00	TASTEGGIO	1	0	7500	51855	131561	338	-72	0.26	0.26	0	
06/07/2011 10:13:22	TASTEGGIO	0	1	7500	51855	131565	325	-102	1.17	1.17	0	
06/07/2011 10:13:36	TASTEGGIO	0	1	7500	51855	131567	0	-5	1.10	1.10	0	
06/07/2011 10:13:58	TASTEGGIO	0	1	7500	51855	131568	309	-35	0.77	0.77	0	
06/07/2011 10:14:20	TASTEGGIO	0	2	7500	51855	131569	385	-70	0.07	0.07	0	
06/07/2011 10:14:30	TASTEGGIO	0	2	7500	51855	107094	385	-70	0.13	0.20	24500	
06/07/2011 10:14:54	TASTEGGIO	1	0	7500	51855	82631	250	-31	0.12	0.12	0	
06/07/2011 10:15:04	TASTEGGIO	1	0	7500	51855	106944	250	-31	0.26	0.26	0	
06/07/2011 10:15:28	TASTEGGIO	1	0	7500	51855	106943	265	-49	0.23	0.23	0	
06/07/2011 10:15:49	TASTEGGIO	0	1	7500	51855	106944	244	-29	0.12	0.12	0	
06/07/2011 10:15:57	TASTEGGIO	0	1	7500	51855	106950	244	-29	0.13	0.13	0	
06/07/2011 10:17:58	TASTEGGIO	0	1	7500	51855	107193	244	-29	1.18	1.33	-44500	
06/07/2011 10:18:24	TASTEGGIO	1	0	7500	51855	151601	400	-57	0.78	0.78	0	
06/07/2011 10:18:44	TASTEGGIO	0	1	7500	51855	151613	400	-33	0.46	0.46	0	
06/07/2011 10:19:07	TASTEGGIO	0	2	7500	51855	151624	400	-21	0.30	0.30	0	
06/07/2011 10:19:29	TASTEGGIO	0	3	7500	51855	151633	400	-49	0.27	0.27	0	
06/07/2011 10:19:51	TASTEGGIO	0	1	7500	51855	151638	375	-112	0.88	0.88	0	
06/07/2011 10:20:06	TASTEGGIO	0	1	7500	51855	151649	88	-7	0.82	0.82	0	
06/07/2011 10:20:28	TASTEGGIO	0	1	7500	51855	151649	316	-23	0.59	0.59	0	
06/07/2011 10:20:50	TASTEGGIO	0	2	7500	51855	151649	376	-26	0.34	0.34	0	
06/07/2011 10:21:13	TASTEGGIO	0	3	7500	51855	151649	400	-17	0.18	0.18	0	
06/07/2011 10:21:35	TASTEGGIO	0	4	7500	51855	151649	400	-28	0.14	0.14	0	
06/07/2011 10:21:46	TASTEGGIO	0	4	7500	51855	107230	400	-28	0.35	0.50	44500	
06/07/2011 10:22:10	TASTEGGIO	1	0	7500	51855	62746	326	-37	0.15	0.15	0	
06/07/2011 10:22:30	TASTEGGIO	0	0	7500	51855	62745	237	-2	0.15	0.15	0	
06/07/2011 10:22:50	TASTEGGIO	0	1	7500	51855	62746	267	-6	0.10	0.10	0	
06/07/2011 10:23:00	TASTEGGIO	0	1	7500	51855	107052	267	-6	0.08	0.10	44500	
06/07/2011 10:25:11	TASTEGGIO	0	1	7500	51855	107095	267	-6	0.52	0.52	0	
06/07/2011 10:25:35	TASTEGGIO	1	0	7500	51855	107105	331	-65	0.18	0.18	0	
06/07/2011 10:25:57	TASTEGGIO	0	1	7500	51855	107105	324	-98	0.79	0.79	0	
06/07/2011 10:26:11	TASTEGGIO	0	1	7500	51855	107105	0	-5	0.73	0.73	0	
06/07/2011 10:26:31	TASTEGGIO	0	1	7500	51855	107105	201	-6	0.68	0.68	0	
06/07/2011 10:26:55	TASTEGGIO	0	1	7500	51855	107105	390	-87	0.43	0.43	0	
06/07/2011 10:27:17	TASTEGGIO	0	1	7500	51855	107106	362	-70	0.27	0.27	0	
06/07/2011 10:27:39	TASTEGGIO	0	1	7500	51855	107106	345	-94	0.68	0.68	0	
06/07/2011 10:27:57	TASTEGGIO	0	1	7500	51855	107106	173	-7	0.61	0.61	0	
06/07/2011 10:28:18	TASTEGGIO	0	2	7500	51855	107106	282	-18	0.42	0.42	0	
06/07/2011 10:28:41	TASTEGGIO	0	3	7500	51855	107106	332	-21	0.22	0.22	0	
06/07/2011 10:29:04	TASTEGGIO	0	4	7500	51855	107106	355	-24	0.10	0.10	0	
06/07/2011 10:29:12	TASTEGGIO	0	4	7500	51855	107089	355	-24	0.10	0.17	44500	
06/07/2011 10:29:35	TASTEGGIO	1	0	7500	51855	62611	242	-15	0.05	0.05	0	
06/07/2011 10:29:45	TASTEGGIO	1	0	7500	51855	106947	242	-15	0.21	0.21	0	
06/07/2011 10:30:09	TASTEGGIO	1	0	7500	51855	106947	252	-29	0.11	0.11	0	
06/07/2011 10:30:17	TASTEGGIO	1	0	7500	51855	106949	252	-29	0.11	0.19	44500	
06/07/2011 10:30:41	TASTEGGIO	1	0	7500	51855	62477	247	-8	0.17	0.17	0	
06/07/2011 10:31:01	TASTEGGIO	0	1	7500	51855	62476	262	-10	0.08	0.08	0	
06/07/2011 10:31:12	TASTEGGIO	0	1	7500	51855	106934	262	-10	0.05	0.08	-44500	
06/07/2011 10:33:16	TASTEGGIO	0	1	7500	51855	107197	262	-10	0.22	0.27	-44500	
06/07/2011 10:33:41	TASTEGGIO	1	0	7500	51855	151612	268	-40	0.16	0.16	0	
06/07/2011 10:34:01	TASTEGGIO	0	1	7500	51855	151622	258	-42	0.26	0.26	0	
06/07/2011 10:34:21	TASTEGGIO	0	1	7500	51855	151630	215	-21	0.12	0.12	0	
06/07/2011 10:34:32	TASTEGGIO	0	1	7500	51855	107221	215	-21	0.11	0.15	44500	
06/07/2011 10:36:33	TASTEGGIO	0	1	7500	51855	107097	215	-21	0.08	0.19	-44500	
06/07/2011 10:36:57	TASTEGGIO	1	0	7500	51855	151502	247	-33	0.13	0.13	0	
06/07/2011 10:37:07	TASTEGGIO	1	0	7500	51855	107102	247	-33	0.19	0.23	-24500	
06/07/2011 10:37:33	TASTEGGIO	1	0	7500	51855	131558	257	-42	0.24	0.24	0	
06/07/2011 10:37:53	TASTEGGIO	0	1	7500	51855	131569	231	-33	0.12	0.12	0	
06/07/2011 10:38:03	TASTEGGIO	0	1	7500	51855	107101	231	-33	0.09	0.13	-44500	
06/07/2011 10:38:28	TASTEGGIO	1	0	7500	51855	151508	232	-19	0.10	0.10	0	
06/07/2011 10:38:38	TASTEGGIO	1	0	7500	51855	107092	232	-19	0.11	0.20	-24500	
06/07/2011 10:39:03	TASTEGGIO	1	0	7500	51855	131559	250	-19	0.05	0.05	0	
06/07/2011 10:39:13	TASTEGGIO	1	0	7500	51855	107089	250	-19	0.08	0.14	44500	
06/07/2011 10:39:38	TASTEGGIO	1	0	7500	51855	62611	235	-16	0.07	0.07	0	
06/07/2011 10:39:48	TASTEGGIO	1	0	7500	51855	106949	235	-16	0.05	0.10	-24500	
06/07/2011 10:42:04	TASTEGGIO	1	0	7500	51855	107188	235	-16	0.71	0.76	-24500	
06/07/2011 10:42:30	TASTEGGIO	1	0	7500	51855	131645	391	-90	0.20	0.20	0	
06/07/2011 10:42:52	TASTEGGIO	0	1	7500	51855	131655	385	-129	1.08	1.08	0	
06/07/2011 10:43:06	TASTEGGIO	0	1	7500	51855	131663	0	-7	1.01	1.01	0	
06/07/2011 10:43:26	TASTEGGIO	0	1	7500	51855	131669	282	-31	0.73	0.73	0	
06/07/2011 10:43:48	TASTEGGIO	0	2	7500	51855	131672	356	-57	0.27	0.27	0	
06/07/2011 10:44:09	TASTEGGIO	0	0	7500	51855	131673	268	-4	0.23	0.23	0	
06/07/2011 10:44:31	TASTEGGIO	0	1	7500	51855	131673	287	-4	0.19	0.19	0	
06/07/2011 10:44:54	TASTEGGIO	0	2	7500	51855	131673	318	-13	0.08	0.08	0	
06/07/2011 10:45:04	TASTEGGIO	0	2	7500	51855	107200	318	-13	0.15	0.28	44500	
06/07/2011 10:45:29	TASTEGGIO	1	0	7500	51855	62717	270	-21	0.08	0.08	0	
06/07/2011 10:45:39	TASTEGGIO	1	0	7500	51855	107046	270	-21	0.06	0.10	-44500	
06/07/2011 10:47:55	TASTEGGIO	1	0	7500	51855	107095	270	-21	1.67	1.72	24500	
06/07/2011 10:48:21	TASTEGGIO	1	0	7500	51855	82619	400	-30	1.39	1.39	0	
06/07/2011 10:48:42	TASTEGGIO	0	1	7500	51855	82616	400	-13	1.27	1.27	0	
06/07/2011 10:49:05	TASTEGGIO	0	1	7500	51855	82615	400	-8	1.20	1.20	0	
06/07/2011 10:49:26	TASTEGGIO	0	1	7500	51855	82614	400	-5	1.15	1.15	0	
06/07/2011 10:49:49	TASTEGGIO	0	1	7500	51855	82613	400	-5	1.12	1.12	0	
06/07/2011 10:50:12	TASTEGGIO	0	1	7500	51855	82637	400	-3	1.09	1.09	0	
06/07/2011 10:50:35	TASTEGGIO	0	1	7500	51855	82637	400	-3	1.06	1.06	0	
06/07/2011 10:50:58	TASTEGGIO	0	1	7500	51855	82637	400	-3	1.04	1.04	0	
06/07/2011 10:51:20	TASTEGGIO	0	1	7500	51855	82637	400	-2	1.01	1.01	0	
06/07/2011 10:51:42	TASTEGGIO	0	1	7500	51855	82637	400	-2	1.00	1.00	0	
06/07/2011 10:52:03	TASTEGGIO	0	1	7500	51855	82637	400	-2	0.99	0.99	0	
06/07/2011 10:52:26	TASTEGGIO	0	1	7500	51855	82637	400	-1	0.99	0.99	0	
06/07/2011 10:52:48	TASTEGGIO	0	1	7500	51855	82637	400	-2	0.97	0.97	0	
06/07/2011 10:53:11	TASTEGGIO	0	1	7500	51855	82637	400	-1	0.97	0.97	0	
06/07/2011 10:53:33	TASTEGGIO	0	1	7500	51855	82637	400	-1	0.96	0.96	0	
06/07/2011 10:53:55	TASTEGGIO	0	1	7500	51855	82637	400	-1	0.96	0.96	0	
06/07/2011 10:54:18	TASTEGGIO	0	1	7500	51855	82637	400	-1	0.95	0.95	0	
06/07/2011 10:54:41	TASTEGGIO	0	1	7500	51855	82637	400	0	0.95	0.95	0	
06/07/2011 10:55:03	TASTEGGIO	0	1	7500	51855	82637	400	-1	0.94	0.94	0	
06/07/2011 10:55:26	TASTEGGIO	0	1	7500	51855	82637	400	0	0.94	0.94	0	
06/07/2011 10:55:49	TASTEGGIO	0	1	7500	51855	82637	400	-1	0.94	0.94	0	
06/07/2011 10:56:12	TASTEGGIO	0	1	7500	51855	82637	400	-1	0.93	0.93	0	
06/07/2011 10:56:35	TASTEGGIO	0	1	7500	51855	82637	400	-2	0.93	0.93	0	
06/07/2011 10:56:57	TASTEGGIO	0	1	7500	51855	82637	400	-1	0.92	0.92	0	
06/07/2011 10:57:20	TASTEGGIO	0	1	7500	51855	82637	400	-1	0.92	0.92	0	
06/07/2011 10:57:43	TASTEGGIO	0	1	7500	51855	82637	400	-1	0.92	0.92	0	
06/07/2011 10:58:06	TASTEGGIO	0	1	7500	51855	82637	400	-1	0.91	0.91	0	
06/07/2011 10:58:29	TASTEGGIO	0	1	7500	51855	82637	400	0	0.91	0.91	0	
06/07/2011 10:58:50	TASTEGGIO	0	1	7500	51855	82637	400	-1	0.91	0.91	0	
06/07/2011 10:59:13	TASTEGGIO	0	1	7500	51855	82637	400	-1	0.90	0.90	0	
06/07/2011 10:59:35	TASTEGGIO	0	1	7500	51855	82637	400	0	0.90	0.90	0	
06/07/2011 10:59:58	TASTEGGIO	0	1	7500	51855	82637	400	0	0.89	0.89	0	
06/07/2011 11:00:19	TASTEGGIO	0	1	7500	51855	82637	400	-1	0.89	0.89	0	
06/07/2011 11:00:42	TASTEGGIO	0	1	7500	51855	82637	400	0	0.89	0.89	0	
06/07/2011 11:01:05	TASTEGGIO	0	1	7500	51855	82637	400	-1	0.89	0.89	0	
06/07/2011 11:03:20	TASTEGGIO	0	1	7500	51855	107098	400	0	1.17	1.37	44500	
06/07/2011 11:03:46	TASTEGGIO	1	0	7500	51855	62618	400	-37	1.01	1.01	0	
06/07/2011 11:04:07	TASTEGGIO	0	1	7500	51855	62618	400	-16	0.86	0.86	0	
06/07/2011 11:04:29	TASTEGGIO	0	2	7500	51855	62618	400	-10	0.76	0.76	0	
06/07/2011 11:04:52	TASTEGGIO	0	3	7500	51855	62618	400	-8	0.71	0.71	0	
06/07/2011 11:05:13	TASTEGGIO	0	1	7500	51855	62618	400	-5	0.66	0.66	0	
06/07/2011 11:05:36	TASTEGGIO	0	1	7500	51855	62681	400	-3	0.63	0.63	0	
06/07/2011 11:05:39	ALARM 401		
06/07/2011 11:05:42	ALARM 205		err.6058
06/07/2011 11:06:23	ALARM 401		
06/07/2011 11:37:06	ALARM 18	proc 12 prog 106 step 3	Tondo Non Presente Su Carrello 1
06/07/2011 11:39:17	TASTEGGIO	0	1	7500	51868	107106	400	-3	0.63	0.68	24500	
06/07/2011 11:39:43	TASTEGGIO	1	0	7500	51868	82646	371	-52	0.21	0.21	0	
06/07/2011 11:40:03	TASTEGGIO	0	0	7500	51868	82642	252	-10	0.14	0.14	0	
06/07/2011 11:40:13	TASTEGGIO	0	0	7500	51868	106955	252	-10	0.17	0.26	-44500	
06/07/2011 11:40:38	TASTEGGIO	1	0	7500	51868	151371	265	-42	0.15	0.15	0	
06/07/2011 11:40:59	TASTEGGIO	0	1	7500	51868	151382	256	-39	0.22	0.22	0	
06/07/2011 11:41:19	TASTEGGIO	0	1	7500	51868	151389	223	-15	0.12	0.12	0	
06/07/2011 11:41:29	TASTEGGIO	0	1	7500	51868	107108	223	-15	0.29	0.34	44500	
06/07/2011 11:41:55	TASTEGGIO	1	0	7500	51868	62629	285	-1	0.30	0.30	0	
06/07/2011 11:42:17	TASTEGGIO	0	1	7500	51868	62629	311	0	0.29	0.29	0	
06/07/2011 11:42:38	TASTEGGIO	0	1	7500	51868	62629	395	-16	0.15	0.15	0	
06/07/2011 11:43:01	TASTEGGIO	0	2	7500	51868	62629	400	-16	0.08	0.08	0	
06/07/2011 11:43:11	TASTEGGIO	0	2	7500	51868	106947	400	-16	0.07	0.25	-44500	
