15/09/2011 10:53:52	TASTEGGIO	0	1	5500	44015	92593	239	-7	0.07	0.07	0	
15/09/2011 10:54:03	TASTEGGIO	0	1	5500	44015	117038	239	-7	0.07	0.12	-44500	
15/09/2011 10:54:30	TASTEGGIO	1	0	5500	44015	161387	230	-14	0.04	0.04	0	
15/09/2011 10:54:40	TASTEGGIO	1	0	5500	44015	117154	230	-14	0.02	0.06	44500	
15/09/2011 10:56:33	TASTEGGIO	1	0	5500	44015	117174	230	-14	0.07	0.21	44500	
15/09/2011 10:57:00	TASTEGGIO	1	0	5500	44015	72746	252	-5	0.15	0.15	0	
15/09/2011 10:57:23	TASTEGGIO	0	1	5500	44015	72733	262	-4	0.11	0.11	0	
15/09/2011 10:57:33	TASTEGGIO	0	1	5500	44015	117040	262	-4	0.04	0.12	44500	
15/09/2011 10:58:00	TASTEGGIO	1	0	5500	44015	72608	230	3	0.12	0.12	0	
15/09/2011 10:58:22	TASTEGGIO	0	1	5500	44015	72595	242	-2	0.10	0.10	0	
15/09/2011 10:58:46	TASTEGGIO	0	2	5500	44015	72585	258	-1	0.09	0.09	0	
15/09/2011 10:58:56	TASTEGGIO	0	2	5500	44015	117039	258	-1	0.05	0.11	44500	
15/09/2011 10:59:23	TASTEGGIO	1	0	5500	44015	72608	227	3	0.09	0.09	0	
15/09/2011 10:59:33	TASTEGGIO	1	0	5500	44015	117040	227	3	0.06	0.10	44500	
15/09/2011 11:00:00	TASTEGGIO	1	0	5500	44015	72610	225	3	0.09	0.09	0	
15/09/2011 11:00:10	TASTEGGIO	1	0	5500	44015	117038	225	3	0.06	0.12	44500	
15/09/2011 11:00:37	TASTEGGIO	1	0	5500	44015	72609	230	1	0.08	0.08	0	
15/09/2011 11:00:47	TASTEGGIO	1	0	5500	44015	117040	230	1	0.06	0.12	44500	
15/09/2011 11:01:14	TASTEGGIO	1	0	5500	44015	72613	230	-1	0.09	0.09	0	
15/09/2011 11:01:24	TASTEGGIO	1	0	5500	44015	117040	230	-1	0.06	0.12	44500	
15/09/2011 11:01:51	TASTEGGIO	1	0	5500	44015	72603	230	1	0.08	0.08	0	
15/09/2011 11:02:01	TASTEGGIO	1	0	5500	44015	117038	230	1	0.05	0.11	44500	
15/09/2011 11:02:27	TASTEGGIO	1	0	5500	44015	72615	227	0	0.08	0.08	0	
15/09/2011 11:02:37	TASTEGGIO	1	0	5500	44015	117034	227	0	0.04	0.11	44500	
15/09/2011 11:03:03	TASTEGGIO	1	0	5500	44015	72608	227	2	0.08	0.08	0	
15/09/2011 11:03:13	TASTEGGIO	1	0	5500	44015	117036	227	2	0.05	0.10	44500	
15/09/2011 11:03:39	TASTEGGIO	1	0	5500	44015	72608	225	2	0.09	0.09	0	
15/09/2011 11:03:50	TASTEGGIO	1	0	5500	44015	117037	225	2	0.06	0.10	-44500	
15/09/2011 11:04:17	TASTEGGIO	1	0	5500	44015	161379	225	-14	0.03	0.03	0	
15/09/2011 11:04:27	TASTEGGIO	1	0	5500	44015	117156	225	-14	0.03	0.13	44500	
15/09/2011 11:04:55	TASTEGGIO	1	0	5500	44015	72724	232	-9	0.18	0.18	0	
15/09/2011 11:05:18	TASTEGGIO	0	1	5500	44015	72713	256	-13	0.19	0.19	0	
15/09/2011 11:05:41	TASTEGGIO	0	2	5500	44015	72704	296	-8	0.12	0.12	0	
15/09/2011 11:06:04	TASTEGGIO	0	3	5500	44015	72699	309	-7	0.06	0.06	0	
15/09/2011 11:06:15	TASTEGGIO	0	3	5500	44015	117037	309	-7	0.03	0.07	44500	
15/09/2011 11:08:07	TASTEGGIO	0	3	5500	44015	117175	309	-7	0.16	0.37	44500	
15/09/2011 11:08:34	TASTEGGIO	1	0	5500	44015	72742	293	-7	0.28	0.28	0	
15/09/2011 11:08:58	TASTEGGIO	0	1	5500	44015	72728	314	-4	0.22	0.22	0	
15/09/2011 11:09:22	TASTEGGIO	0	2	5500	44015	72720	338	-10	0.12	0.12	0	
15/09/2011 11:09:32	TASTEGGIO	0	2	5500	44015	117046	338	-10	0.03	0.12	44500	
15/09/2011 11:09:59	TASTEGGIO	1	0	5500	44015	72612	230	1	0.11	0.11	0	
15/09/2011 11:10:22	TASTEGGIO	0	1	5500	44015	72600	240	0	0.10	0.10	0	
15/09/2011 11:10:44	TASTEGGIO	0	2	5500	44015	72593	258	-1	0.10	0.10	0	
15/09/2011 11:11:08	TASTEGGIO	0	3	5500	44015	72587	288	0	0.10	0.10	0	
15/09/2011 11:11:31	TASTEGGIO	0	4	5500	44015	72583	328	-3	0.07	0.07	0	
15/09/2011 11:11:41	TASTEGGIO	0	4	5500	44015	117038	328	-3	0.05	0.09	44500	
15/09/2011 11:13:33	TASTEGGIO	0	4	5500	44014	117374	328	-3	0.23	0.34	44500	
15/09/2011 11:13:59	TASTEGGIO	1	0	5500	44014	72946	285	-7	0.21	0.21	0	
15/09/2011 11:14:22	TASTEGGIO	0	1	5500	44014	72933	297	-8	0.16	0.16	0	
15/09/2011 11:14:46	TASTEGGIO	0	2	5500	44014	72922	314	-11	0.12	0.12	0	
15/09/2011 11:14:56	TASTEGGIO	0	2	5500	44014	117243	314	-11	0.05	0.25	-44500	
15/09/2011 11:15:24	TASTEGGIO	1	0	5500	44014	161607	263	-15	0.11	0.11	0	
15/09/2011 11:15:34	TASTEGGIO	1	0	5500	44014	117355	263	-15	0.05	0.15	44500	
15/09/2011 11:16:02	TASTEGGIO	1	0	5500	44014	72925	237	1	0.11	0.11	0	
15/09/2011 11:16:12	TASTEGGIO	1	0	5500	44014	117242	237	1	0.03	0.14	-44500	
15/09/2011 11:16:39	TASTEGGIO	1	0	5500	44014	161593	235	-7	0.06	0.06	0	
15/09/2011 11:16:49	TASTEGGIO	1	0	5500	44014	117359	235	-7	0.06	0.11	44500	
15/09/2011 11:17:16	TASTEGGIO	1	0	5500	44014	72935	227	3	0.10	0.10	0	
15/09/2011 11:17:38	TASTEGGIO	0	1	5500	44014	72920	236	-4	0.05	0.05	0	
15/09/2011 11:17:49	TASTEGGIO	0	1	5500	44014	117241	236	-4	0.06	0.10	44500	
15/09/2011 11:18:15	TASTEGGIO	1	0	5500	44014	72806	225	0	0.04	0.04	0	
15/09/2011 11:18:25	TASTEGGIO	1	0	5500	44014	117238	225	0	0.08	0.08	-44500	
15/09/2011 11:20:17	TASTEGGIO	1	0	5500	44015	117073	225	0	0.12	0.24	-44500	
15/09/2011 11:20:45	TASTEGGIO	1	0	5500	44015	161422	260	-13	0.10	0.10	0	
15/09/2011 11:20:55	TASTEGGIO	1	0	5500	44015	117072	260	-13	0.05	0.13	-44500	
15/09/2011 11:21:22	TASTEGGIO	1	0	5500	44015	161408	232	-3	0.09	0.09	0	
15/09/2011 11:21:32	TASTEGGIO	1	0	5500	44015	117072	232	-3	0.06	0.11	-44500	
15/09/2011 11:22:00	TASTEGGIO	1	0	5500	44015	161414	227	-1	0.08	0.08	0	
15/09/2011 11:22:10	TASTEGGIO	1	0	5500	44015	117071	227	-1	0.05	0.11	-44500	
15/09/2011 11:22:37	TASTEGGIO	1	0	5500	44015	161420	227	0	0.08	0.08	0	
15/09/2011 11:22:47	TASTEGGIO	1	0	5500	44015	117067	227	0	0.05	0.11	-44500	
15/09/2011 11:23:14	TASTEGGIO	1	0	5500	44015	161415	227	0	0.08	0.08	0	
15/09/2011 11:23:24	TASTEGGIO	1	0	5500	44015	117072	227	0	0.05	0.11	-44500	
15/09/2011 11:23:52	TASTEGGIO	1	0	5500	44015	161415	227	-1	0.09	0.09	0	
15/09/2011 11:24:02	TASTEGGIO	1	0	5500	44015	117070	227	-1	0.05	0.11	-44500	
15/09/2011 11:24:29	TASTEGGIO	1	0	5500	44015	161410	227	-1	0.08	0.08	0	
15/09/2011 11:24:38	TASTEGGIO	1	0	5500	44015	117069	227	-1	0.05	0.12	-44500	
15/09/2011 11:25:05	TASTEGGIO	1	0	5500	44015	161412	230	-1	0.08	0.08	0	
15/09/2011 11:25:15	TASTEGGIO	1	0	5500	44015	117067	230	-1	0.04	0.12	-44500	
15/09/2011 11:25:42	TASTEGGIO	1	0	5500	44015	161420	230	-1	0.08	0.08	0	
15/09/2011 11:25:52	TASTEGGIO	1	0	5500	44015	117073	230	-1	0.05	0.11	-44500	
15/09/2011 11:26:20	TASTEGGIO	1	0	5500	44015	161417	227	0	0.08	0.08	0	
15/09/2011 11:26:30	TASTEGGIO	1	0	5500	44015	117071	227	0	0.04	0.12	-44500	
15/09/2011 11:26:57	TASTEGGIO	1	0	5500	44015	161423	230	-1	0.08	0.08	0	
15/09/2011 11:27:07	TASTEGGIO	1	0	5500	44015	117073	230	-1	0.05	0.12	-44500	
15/09/2011 11:27:34	TASTEGGIO	1	0	5500	44015	161409	230	0	0.09	0.09	0	
15/09/2011 11:27:45	TASTEGGIO	1	0	5500	44015	117071	230	0	0.05	0.12	-44500	
15/09/2011 11:28:12	TASTEGGIO	1	0	5500	44015	161413	230	0	0.08	0.08	0	
15/09/2011 11:28:22	TASTEGGIO	1	0	5500	44015	117067	230	0	0.05	0.13	-44500	
15/09/2011 11:28:49	TASTEGGIO	1	0	5500	44015	161409	232	0	0.09	0.09	0	
15/09/2011 11:29:00	TASTEGGIO	1	0	5500	44015	117070	232	0	0.05	0.14	-44500	
15/09/2011 11:29:27	TASTEGGIO	1	0	5500	44015	161421	235	-1	0.09	0.09	0	
15/09/2011 11:29:37	TASTEGGIO	1	0	5500	44015	117070	235	-1	0.05	0.12	-44500	
15/09/2011 11:30:04	TASTEGGIO	1	0	5500	44015	161415	230	0	0.09	0.09	0	
15/09/2011 11:30:14	TASTEGGIO	1	0	5500	44015	117074	230	0	0.05	0.13	-44500	
15/09/2011 11:30:41	TASTEGGIO	1	0	5500	44015	161412	232	-1	0.10	0.10	0	
15/09/2011 11:31:04	TASTEGGIO	0	1	5500	44015	161415	239	-1	0.08	0.08	0	
15/09/2011 11:31:14	TASTEGGIO	0	1	5500	44015	117075	239	-1	0.05	0.13	-44500	
15/09/2011 11:31:41	TASTEGGIO	1	0	5500	44015	161409	232	-1	0.09	0.09	0	
15/09/2011 11:31:52	TASTEGGIO	1	0	5500	44015	117074	232	-1	0.05	0.12	-44500	
15/09/2011 11:32:19	TASTEGGIO	1	0	5500	44015	161411	230	-1	0.09	0.09	0	
15/09/2011 11:32:29	TASTEGGIO	1	0	5500	44015	117073	230	-1	0.04	0.13	-44500	
15/09/2011 11:32:56	TASTEGGIO	1	0	5500	44015	161408	232	-3	0.09	0.09	0	
15/09/2011 11:33:06	TASTEGGIO	1	0	5500	44015	117074	232	-3	0.03	0.11	-44500	
15/09/2011 11:33:34	TASTEGGIO	1	0	5500	44015	161405	227	0	0.10	0.10	0	
15/09/2011 11:33:56	TASTEGGIO	0	1	5500	44015	161408	236	0	0.08	0.08	0	
15/09/2011 11:34:06	TASTEGGIO	0	1	5500	44015	117076	236	0	0.03	0.11	-44500	
15/09/2011 11:34:33	TASTEGGIO	1	0	5500	44015	161411	227	0	0.09	0.09	0	
15/09/2011 11:34:43	TASTEGGIO	1	0	5500	44015	117071	227	0	0.03	0.11	-44500	
15/09/2011 11:35:11	TASTEGGIO	1	0	5500	44015	161412	227	-1	0.09	0.09	0	
15/09/2011 11:35:20	TASTEGGIO	1	0	5500	44015	117074	227	-1	0.03	0.11	-44500	
15/09/2011 11:35:47	TASTEGGIO	1	0	5500	44015	161404	227	-1	0.11	0.11	0	
15/09/2011 11:36:09	TASTEGGIO	0	1	5500	44015	161405	238	-1	0.09	0.09	0	
15/09/2011 11:36:19	TASTEGGIO	0	1	5500	44015	117071	238	-1	0.03	0.10	-44500	
15/09/2011 11:36:46	TASTEGGIO	1	0	5500	44015	161399	225	0	0.09	0.09	0	
15/09/2011 11:36:56	TASTEGGIO	1	0	5500	44015	117080	225	0	0.04	0.12	-44500	
15/09/2011 11:37:23	TASTEGGIO	1	0	5500	44015	161411	230	0	0.09	0.09	0	
15/09/2011 11:37:33	TASTEGGIO	1	0	5500	44015	117070	230	0	0.03	0.11	-44500	
15/09/2011 11:38:00	TASTEGGIO	1	0	5500	44015	161400	227	0	0.09	0.09	0	
15/09/2011 11:38:11	TASTEGGIO	1	0	5500	44015	117076	227	0	0.04	0.11	-44500	
15/09/2011 11:40:25	TASTEGGIO	1	0	5500	44015	117081	227	-1	0.24	0.33	44500	
15/09/2011 11:40:52	TASTEGGIO	1	0	5500	44015	72654	283	-9	0.21	0.21	0	
15/09/2011 11:41:16	TASTEGGIO	0	1	5500	44015	72643	296	-6	0.16	0.16	0	
15/09/2011 11:41:40	TASTEGGIO	0	2	5500	44015	72632	313	-7	0.12	0.12	0	
15/09/2011 11:41:50	TASTEGGIO	0	2	5500	44015	116953	313	-7	0.09	0.12	44500	
15/09/2011 11:42:17	TASTEGGIO	1	0	5500	44015	72515	230	0	0.11	0.11	0	
15/09/2011 11:42:41	TASTEGGIO	0	1	5500	44015	72508	240	0	0.11	0.11	0	
15/09/2011 11:43:03	TASTEGGIO	0	2	5500	44015	72498	262	-3	0.09	0.09	0	
15/09/2011 11:43:13	TASTEGGIO	0	2	5500	44015	116939	262	-3	0.10	0.10	0	
15/09/2011 11:43:39	TASTEGGIO	1	0	5500	44015	116935	225	-16	0.04	0.04	0	
15/09/2011 11:43:47	TASTEGGIO	1	0	5500	44015	116939	225	-16	0.05	0.13	44500	
15/09/2011 11:44:14	TASTEGGIO	1	0	5500	44015	72503	232	1	0.10	0.10	0	
15/09/2011 11:44:37	TASTEGGIO	0	1	5500	44015	72492	239	0	0.10	0.10	0	
15/09/2011 11:45:00	TASTEGGIO	0	2	5500	44015	72484	259	-1	0.09	0.09	0	
15/09/2011 11:45:10	TASTEGGIO	0	2	5500	44015	116938	259	-1	0.02	0.09	44500	
15/09/2011 11:47:00	TASTEGGIO	0	2	5500	44016	117074	259	-1	0.08	0.18	44500	
15/09/2011 11:47:28	TASTEGGIO	1	0	5500	44016	72652	245	-6	0.13	0.13	0	
15/09/2011 11:47:38	TASTEGGIO	1	0	5500	44016	116943	245	-6	0.09	0.14	-44500	
15/09/2011 11:48:06	TASTEGGIO	1	0	5500	44016	161288	235	-15	0.04	0.04	0	
15/09/2011 11:48:16	TASTEGGIO	1	0	5500	44016	117059	235	-15	0.04	0.10	44500	
15/09/2011 11:48:43	TASTEGGIO	1	0	5500	44016	72633	225	-2	0.08	0.08	0	
15/09/2011 11:48:53	TASTEGGIO	1	0	5500	44016	116934	225	-2	0.02	0.10	44500	
15/09/2011 11:49:21	TASTEGGIO	1	0	5500	44016	72506	225	-2	0.03	0.03	0	
15/09/2011 11:49:31	TASTEGGIO	1	0	5500	44016	116934	225	-2	0.04	0.06	24500	
15/09/2011 11:51:24	TASTEGGIO	1	0	5500	44016	117276	225	-2	0.07	0.13	-44500	
15/09/2011 11:51:51	TASTEGGIO	1	0	5500	44016	161654	232	-16	0.03	0.03	0	
15/09/2011 11:52:01	TASTEGGIO	1	0	5500	44016	117276	232	-16	0.09	0.09	0	
15/09/2011 11:52:59	ALARM 17	proc 12 prog 10 step 47	LavoroTerminato
15/09/2011 13:54:54	TASTEGGIO	1	0	6300	47153	140580	232	-16	0.03	0.06	44500	
15/09/2011 13:56:46	TASTEGGIO	1	0	6300	47152	140668	232	-16	0.16	0.16	0	
15/09/2011 13:57:12	TASTEGGIO	1	0	6300	47152	140690	232	-68	0.43	0.43	0	
15/09/2011 13:57:33	TASTEGGIO	0	1	6300	47152	140687	116	-9	0.27	0.27	0	
15/09/2011 13:57:55	TASTEGGIO	0	2	6300	47152	140686	139	-5	0.20	0.20	0	
15/09/2011 13:58:16	TASTEGGIO	0	3	6300	47152	140686	164	-13	0.08	0.08	0	
15/09/2011 13:58:24	TASTEGGIO	0	3	6300	47152	140668	164	-13	0.08	0.08	0	
15/09/2011 14:00:15	TASTEGGIO	0	3	6300	47152	140671	164	-13	0.06	0.06	0	
15/09/2011 14:02:06	TASTEGGIO	0	3	6300	47152	140565	164	-13	0.05	0.05	82800	
15/09/2011 14:03:58	TASTEGGIO	0	3	6300	47153	140764	164	-13	0.14	0.22	82800	
15/09/2011 14:04:25	TASTEGGIO	1	0	6300	47153	58011	240	-8	0.15	0.15	0	
15/09/2011 14:04:47	TASTEGGIO	0	1	6300	47153	58008	250	-2	0.12	0.12	0	
15/09/2011 14:04:58	TASTEGGIO	0	1	6300	47153	140657	250	-2	0.08	0.13	82800	
15/09/2011 14:05:25	TASTEGGIO	1	0	6300	47153	57876	228	0	0.12	0.12	0	
15/09/2011 14:05:46	TASTEGGIO	0	1	6300	47153	57876	239	-2	0.10	0.10	0	
15/09/2011 14:06:09	TASTEGGIO	0	2	6300	47153	57877	255	-1	0.09	0.09	0	
15/09/2011 14:06:32	TASTEGGIO	0	3	6300	47153	57878	279	-4	0.07	0.07	0	
15/09/2011 14:06:44	TASTEGGIO	0	3	6300	47153	140647	279	-4	0.04	0.10	-82000	
15/09/2011 14:07:11	TASTEGGIO	1	0	6300	47153	222604	224	-19	0.06	0.06	0	
15/09/2011 14:07:22	TASTEGGIO	1	0	6300	47153	140765	224	-19	0.09	0.09	0	
15/09/2011 14:07:48	TASTEGGIO	1	0	6300	47153	140769	223	-49	0.34	0.34	0	
15/09/2011 14:08:09	TASTEGGIO	0	1	6300	47153	140770	94	-3	0.26	0.26	0	
15/09/2011 14:08:30	TASTEGGIO	0	2	6300	47153	140771	122	-2	0.22	0.22	0	
15/09/2011 14:08:53	TASTEGGIO	0	3	6300	47153	140771	177	-13	0.10	0.10	0	
15/09/2011 14:09:15	TASTEGGIO	0	0	6300	47153	140771	224	-35	0.20	0.20	0	
15/09/2011 14:09:36	TASTEGGIO	0	1	6300	47153	140772	184	-17	0.03	0.03	0	
15/09/2011 14:09:44	TASTEGGIO	0	1	6300	47153	140766	184	-17	0.03	0.05	82800	
15/09/2011 14:11:35	TASTEGGIO	0	1	6300	47153	140567	184	-17	0.07	0.13	44500	
15/09/2011 14:12:03	TASTEGGIO	1	0	6300	47153	96099	228	-23	0.10	0.10	0	
15/09/2011 14:12:25	TASTEGGIO	0	1	6300	47153	96094	220	-23	0.11	0.11	0	
15/09/2011 14:12:48	TASTEGGIO	0	1	6300	47153	96089	207	-14	0.05	0.05	0	
15/09/2011 14:12:58	TASTEGGIO	0	1	6300	47153	140449	207	-14	0.06	0.07	82800	
15/09/2011 14:14:49	TASTEGGIO	0	1	6300	47151	140669	207	-14	0.04	0.10	82800	
15/09/2011 14:15:17	TASTEGGIO	1	0	6300	47151	57893	224	-7	0.03	0.03	0	
15/09/2011 14:15:28	TASTEGGIO	1	0	6300	47151	140551	224	-7	0.03	0.04	82800	
15/09/2011 14:17:19	TASTEGGIO	1	0	6300	47152	140669	224	-7	0.08	0.08	0	
15/09/2011 14:19:11	TASTEGGIO	1	0	6300	47151	140671	224	-7	0.01	0.10	82800	
15/09/2011 14:19:37	TASTEGGIO	1	0	6300	47151	57912	224	-6	0.04	0.04	0	
15/09/2011 14:19:49	TASTEGGIO	1	0	6300	47151	140564	224	-6	0.03	0.04	82800	
15/09/2011 14:21:38	TASTEGGIO	1	0	6300	47152	140672	224	-6	0.06	0.08	82800	
15/09/2011 14:22:42	ALARM 3	proc 12 prog 31 step 36	Tondo non presente su rulliera
15/09/2011 14:24:53	TASTEGGIO	1	0	6300	47150	140568	224	-6	0.05	0.05	0	
15/09/2011 14:26:45	TASTEGGIO	1	0	6300	47151	140565	224	-6	0.03	0.07	-82000	
15/09/2011 14:28:36	TASTEGGIO	1	0	6300	47152	140671	224	-6	0.03	0.10	82800	
15/09/2011 14:29:03	TASTEGGIO	1	0	6300	47152	57909	224	-6	0.03	0.03	0	
15/09/2011 14:29:15	TASTEGGIO	1	0	6300	47152	140563	224	-6	0.04	0.06	44500	
15/09/2011 14:30:18	ALARM 3	proc 12 prog 31 step 36	Tondo non presente su rulliera
15/09/2011 14:32:05	TASTEGGIO	1	0	6300	47152	140569	224	-6	0.09	0.10	82800	
15/09/2011 14:32:32	TASTEGGIO	1	0	6300	47152	57809	224	-6	0.03	0.03	0	
15/09/2011 14:32:44	TASTEGGIO	1	0	6300	47152	140455	224	-6	0.06	0.06	0	
15/09/2011 14:34:35	TASTEGGIO	1	0	6300	47152	140565	224	-6	0.06	0.06	0	
15/09/2011 14:36:26	TASTEGGIO	1	0	6300	47150	140672	224	-6	0.09	0.09	0	
15/09/2011 14:36:52	TASTEGGIO	1	0	6300	47150	140681	223	-58	0.43	0.43	0	
15/09/2011 14:37:08	TASTEGGIO	0	1	6300	47150	140681	17	4	0.40	0.40	0	
15/09/2011 14:37:28	TASTEGGIO	0	2	6300	47150	140682	91	-2	0.33	0.33	0	
15/09/2011 14:37:51	TASTEGGIO	0	3	6300	47150	140682	172	-14	0.17	0.17	0	
15/09/2011 14:38:13	TASTEGGIO	0	4	6300	47150	140682	189	-18	0.04	0.04	0	
15/09/2011 14:38:21	TASTEGGIO	0	4	6300	47150	140671	189	-18	0.04	0.05	44500	
15/09/2011 14:40:12	TASTEGGIO	0	4	6300	47152	140673	189	-18	0.05	0.08	44500	
15/09/2011 14:41:15	ALARM 3	proc 12 prog 31 step 36	Tondo non presente su rulliera
15/09/2011 14:56:36	TASTEGGIO	0	4	6300	47152	140566	189	-18	0.16	0.18	82800	
15/09/2011 14:57:03	TASTEGGIO	1	0	6300	47152	57814	234	-7	0.12	0.12	0	
15/09/2011 14:57:15	TASTEGGIO	1	0	6300	47152	140453	234	-7	0.10	0.10	0	
15/09/2011 14:57:40	TASTEGGIO	1	0	6300	47152	140450	224	-49	0.33	0.33	0	
15/09/2011 14:58:01	TASTEGGIO	0	1	6300	47152	140450	115	-9	0.22	0.22	0	
15/09/2011 14:58:23	TASTEGGIO	0	2	6300	47152	140450	135	-3	0.19	0.19	0	
15/09/2011 14:58:45	TASTEGGIO	0	3	6300	47152	140450	184	-16	0.07	0.07	0	
15/09/2011 14:58:53	TASTEGGIO	0	3	6300	47152	140453	184	-16	0.06	0.08	82800	
15/09/2011 15:00:44	TASTEGGIO	0	3	6300	47152	140667	184	-16	0.12	0.20	82800	
15/09/2011 15:01:11	TASTEGGIO	1	0	6300	47152	57894	237	-7	0.12	0.12	0	
15/09/2011 15:01:22	TASTEGGIO	1	0	6300	47152	140558	237	-7	0.08	0.16	-82000	
15/09/2011 15:01:50	TASTEGGIO	1	0	6300	47152	222510	232	-17	0.05	0.05	0	
15/09/2011 15:02:02	TASTEGGIO	1	0	6300	47152	140665	232	-17	0.02	0.11	82800	
15/09/2011 15:02:28	TASTEGGIO	1	0	6300	47152	57892	225	0	0.08	0.08	0	
15/09/2011 15:02:40	TASTEGGIO	1	0	6300	47152	140553	225	0	0.02	0.09	82800	
15/09/2011 15:03:06	TASTEGGIO	1	0	6300	47152	57775	223	0	0.08	0.08	0	
15/09/2011 15:03:18	TASTEGGIO	1	0	6300	47152	140552	223	0	0.02	0.09	82800	
15/09/2011 15:03:44	TASTEGGIO	1	0	6300	47152	57774	223	0	0.09	0.09	0	
15/09/2011 15:04:06	TASTEGGIO	0	1	6300	47152	57774	232	-1	0.08	0.08	0	
15/09/2011 15:04:17	TASTEGGIO	0	1	6300	47152	140554	232	-1	0.02	0.09	82800	
15/09/2011 15:04:44	TASTEGGIO	1	0	6300	47152	57777	223	-1	0.07	0.07	0	
15/09/2011 15:04:55	TASTEGGIO	1	0	6300	47152	140550	223	-1	0.01	0.09	82800	
15/09/2011 15:05:22	TASTEGGIO	1	0	6300	47152	57772	223	0	0.07	0.07	0	
15/09/2011 15:05:33	TASTEGGIO	1	0	6300	47152	140554	223	0	0.03	0.08	82800	
15/09/2011 15:06:31	ALARM 17	proc 12 prog 10 step 47	LavoroTerminato
16/09/2011 07:21:56	ALARM 406		
19/09/2011 10:18:51	ALARM 401		
19/09/2011 10:18:52	INIT OK
19/09/2011 10:23:52	TASTEGGIO	0	0	8000	53816	103350	0	0	0.14	0.14	0	
19/09/2011 10:24:09	TASTEGGIO	1	0	8000	53816	103361	100	-2	0.15	0.15	0	
19/09/2011 10:24:24	TASTEGGIO	0	1	8000	53816	103361	116	-1	0.14	0.14	0	
19/09/2011 10:24:42	TASTEGGIO	0	2	8000	53816	103360	142	0	0.14	0.14	0	
19/09/2011 10:25:01	TASTEGGIO	0	3	8000	53816	103359	184	-1	0.14	0.14	0	
19/09/2011 10:25:23	TASTEGGIO	0	4	8000	53816	103359	240	-5	0.09	0.09	0	
19/09/2011 10:25:43	TASTEGGIO	0	5	8000	53816	103359	252	-5	0.05	0.05	0	
19/09/2011 10:26:04	TASTEGGIO	0	6	8000	53816	103363	258	-4	0.01	0.01	0	
19/09/2011 10:26:12	TASTEGGIO	0	6	8000	53816	103367	258	-4	0.01	0.07	44500	
19/09/2011 10:26:33	TASTEGGIO	1	0	8000	53816	58902	87	-2	0.06	0.06	0	
19/09/2011 10:26:50	TASTEGGIO	0	1	8000	53816	58897	92	-1	0.05	0.05	0	
19/09/2011 10:27:07	TASTEGGIO	0	2	8000	53816	58893	100	-1	0.05	0.05	0	
19/09/2011 10:27:23	TASTEGGIO	0	3	8000	53816	58890	115	-1	0.05	0.05	0	
19/09/2011 10:27:39	TASTEGGIO	0	4	8000	53816	58888	135	0	0.05	0.05	0	
19/09/2011 10:27:58	TASTEGGIO	0	5	8000	53816	58887	160	-1	0.05	0.05	0	
19/09/2011 10:28:17	TASTEGGIO	0	6	8000	53816	58887	190	-1	0.05	0.05	0	
19/09/2011 10:28:36	TASTEGGIO	0	7	8000	53816	58887	225	-3	0.03	0.03	0	
19/09/2011 10:28:47	TASTEGGIO	0	7	8000	53816	103324	225	-3	0.06	0.06	24500	
19/09/2011 10:29:07	TASTEGGIO	1	0	8000	53816	78882	85	-1	0.04	0.04	0	
19/09/2011 10:29:17	TASTEGGIO	1	0	8000	53816	103322	85	-1	0.05	0.05	44500	
19/09/2011 10:29:36	TASTEGGIO	1	0	8000	53816	58870	84	0	0.04	0.04	0	
19/09/2011 10:29:47	TASTEGGIO	1	0	8000	53816	103326	84	0	0.05	0.05	24500	
19/09/2011 10:30:06	TASTEGGIO	1	0	8000	53816	78889	84	-1	0.05	0.05	0	
19/09/2011 10:30:22	TASTEGGIO	0	1	8000	53816	78883	89	0	0.04	0.04	0	
19/09/2011 10:30:32	TASTEGGIO	0	1	8000	53816	103324	89	0	0.04	0.05	44500	
19/09/2011 10:31:27	ALARM 17	proc 12 prog 10 step 47	LavoroTerminato
19/09/2011 16:44:56	ALARM 406		
21/09/2011 10:48:07	ALARM 401		
21/09/2011 10:48:09	INIT OK
21/09/2011 10:48:37	ALARM 401		
21/09/2011 10:48:39	ALARM 401		
21/09/2011 10:48:40	ALARM 401		
21/09/2011 10:48:40	ALARM 401		
21/09/2011 10:48:41	ALARM 401		
21/09/2011 10:48:42	ALARM 401		
21/09/2011 10:48:42	ALARM 401		
21/09/2011 10:48:49	ALARM 401		
21/09/2011 10:48:49	ALARM 401		
21/09/2011 10:48:50	ALARM 401		
21/09/2011 11:05:53	ALARM 406		
21/09/2011 11:07:35	ALARM 401		
21/09/2011 11:07:37	INIT OK
21/09/2011 11:07:58	ALARM 401		
21/09/2011 11:07:59	ALARM 401		
21/09/2011 11:11:11	ALARM 401		
21/09/2011 11:11:15	ALARM 401		
21/09/2011 11:11:19	ALARM 401		
21/09/2011 11:14:07	ALARM 401		
21/09/2011 11:14:09	ALARM 401		
21/09/2011 11:16:00	ALARM 318	proc 12 prog 22 step 6	go_abs inv_ax 2
21/09/2011 11:19:48	TASTEGGIO	0	0	5600	44408	161185	0	0	0.29	0.29	0	
21/09/2011 11:20:15	TASTEGGIO	1	0	5600	44408	161189	249	-204	1.88	1.88	0	
21/09/2011 11:20:32	TASTEGGIO	0	1	5600	44408	161189	0	6	1.82	1.82	0	
21/09/2011 11:20:56	TASTEGGIO	0	2	5600	44408	161189	352	-202	0.44	0.44	0	
21/09/2011 11:21:21	TASTEGGIO	0	1	5600	44408	161189	341	-279	2.85	2.85	0	
21/09/2011 11:21:35	TASTEGGIO	0	1	5600	44408	161189	0	0	2.82	2.82	0	
21/09/2011 11:22:00	TASTEGGIO	0	2	5600	44408	161189	400	-135	1.89	1.89	0	
21/09/2011 11:22:23	TASTEGGIO	0	3	5600	44408	161189	400	-193	0.46	0.46	0	
21/09/2011 11:22:27	ALARM 401		
21/09/2011 11:24:56	TASTEGGIO	0	1	5600	44408	161170	90	-12	0.04	0.22	82800	
21/09/2011 11:25:23	TASTEGGIO	1	0	5600	44408	78411	96	-4	0.15	0.15	0	
21/09/2011 11:25:46	TASTEGGIO	0	1	5600	44408	78408	106	-2	0.15	0.15	0	
21/09/2011 11:26:08	TASTEGGIO	0	2	5600	44408	78407	136	-6	0.10	0.10	0	
21/09/2011 11:26:19	TASTEGGIO	0	2	5600	44408	160847	136	-6	0.06	0.15	82800	
21/09/2011 11:26:46	TASTEGGIO	1	0	5600	44408	78124	85	3	0.10	0.10	0	
21/09/2011 11:26:57	TASTEGGIO	1	0	5600	44408	160853	85	3	0.06	0.14	82800	
21/09/2011 11:27:23	TASTEGGIO	1	0	5600	44408	78123	83	1	0.10	0.10	0	
21/09/2011 11:27:45	TASTEGGIO	0	1	5600	44408	78118	90	0	0.10	0.10	0	
21/09/2011 11:28:07	TASTEGGIO	0	2	5600	44408	78113	110	-1	0.10	0.10	0	
21/09/2011 11:28:30	TASTEGGIO	0	3	5600	44408	78108	140	-2	0.09	0.09	0	
21/09/2011 11:28:52	TASTEGGIO	0	4	5600	44408	78106	172	-8	0.02	0.02	0	
21/09/2011 11:29:04	TASTEGGIO	0	4	5600	44408	160851	172	-8	0.12	0.12	0	
21/09/2011 11:29:29	TASTEGGIO	1	0	5600	44408	160847	80	-35	0.20	0.20	0	
21/09/2011 11:29:53	TASTEGGIO	0	1	5600	44408	160847	46	-52	0.54	0.54	0	
21/09/2011 11:30:14	TASTEGGIO	0	1	5600	44408	160847	0	2	0.44	0.44	0	
21/09/2011 11:30:36	TASTEGGIO	0	2	5600	44408	160847	71	1	0.35	0.35	0	
21/09/2011 11:30:59	TASTEGGIO	0	3	5600	44408	160847	119	-5	0.24	0.24	0	
21/09/2011 11:31:24	TASTEGGIO	0	4	5600	44408	160846	151	-4	0.19	0.19	0	
21/09/2011 11:31:47	TASTEGGIO	0	5	5600	44408	160846	184	-36	0.13	0.13	0	
21/09/2011 11:32:12	TASTEGGIO	0	1	5600	44408	160846	175	-97	0.82	0.82	0	
21/09/2011 11:32:33	TASTEGGIO	0	1	5600	44408	160846	0	-14	0.66	0.66	0	
21/09/2011 11:32:56	TASTEGGIO	0	2	5600	44408	160846	106	-13	0.41	0.41	0	
21/09/2011 11:33:20	TASTEGGIO	0	3	5600	44408	160847	150	-5	0.23	0.23	0	
21/09/2011 11:33:43	TASTEGGIO	0	4	5600	44408	160847	175	-12	0.13	0.13	0	
21/09/2011 11:33:50	TASTEGGIO	0	4	5600	44408	160853	175	-12	0.14	0.15	-82000	
21/09/2011 11:34:17	TASTEGGIO	1	0	5600	44408	242836	85	-7	0.03	0.03	0	
21/09/2011 11:34:28	TASTEGGIO	1	0	5600	44408	161143	85	-7	0.11	0.11	0	
21/09/2011 11:36:23	TASTEGGIO	1	0	5600	44407	161180	85	-7	0.03	0.64	-82000	
21/09/2011 11:36:52	TASTEGGIO	1	0	5600	44407	243136	167	-16	0.44	0.44	0	
21/09/2011 11:37:15	TASTEGGIO	0	1	5600	44407	243137	197	-10	0.29	0.29	0	
21/09/2011 11:37:38	TASTEGGIO	0	2	5600	44407	243138	224	-16	0.12	0.12	0	
21/09/2011 11:37:49	TASTEGGIO	0	2	5600	44407	161176	224	-16	0.27	0.39	120300	
21/09/2011 11:38:15	TASTEGGIO	1	0	5600	44407	40909	125	0	0.06	0.06	0	
21/09/2011 11:38:27	TASTEGGIO	1	0	5600	44407	160846	125	0	0.27	0.39	120300	
21/09/2011 11:38:29	ALARM 401		
21/09/2011 11:39:02	TASTEGGIO	1	0	5600	44407	160847	125	0	0.23	0.41	120300	
21/09/2011 11:39:27	TASTEGGIO	1	0	5600	44407	40609	109	0	0.05	0.05	0	
21/09/2011 11:39:39	TASTEGGIO	1	0	5600	44407	160841	109	0	0.28	0.40	120300	
21/09/2011 11:40:05	TASTEGGIO	1	0	5600	44407	40602	108	0	0.06	0.06	0	
21/09/2011 11:40:16	TASTEGGIO	1	0	5600	44407	160855	108	0	0.28	0.40	120300	
21/09/2011 11:40:17	ALARM 401		
21/09/2011 11:40:41	TASTEGGIO	1	0	5600	44407	160856	108	0	0.24	0.40	120300	
21/09/2011 11:41:08	TASTEGGIO	1	0	5600	44407	40620	183	-1	0.07	0.07	0	
21/09/2011 11:41:20	TASTEGGIO	1	0	5600	44407	160855	183	-1	0.28	0.38	120300	
21/09/2011 11:41:48	TASTEGGIO	1	0	5600	44407	40615	181	0	0.06	0.06	0	
21/09/2011 11:42:00	TASTEGGIO	1	0	5600	44407	160851	181	0	0.28	0.39	120300	
21/09/2011 11:42:27	TASTEGGIO	1	0	5600	44407	40616	182	0	0.06	0.06	0	
21/09/2011 11:42:39	TASTEGGIO	1	0	5600	44407	160848	182	0	0.27	0.39	120300	
21/09/2011 11:43:07	TASTEGGIO	1	0	5600	44407	40612	182	0	0.07	0.07	0	
21/09/2011 11:43:19	TASTEGGIO	1	0	5600	44407	160848	182	0	0.29	0.39	120300	
21/09/2011 11:43:22	ALARM 401		
21/09/2011 11:43:25	ALARM 201		err.6059
21/09/2011 11:44:10	TASTEGGIO	1	0	5600	44407	160848	182	0	0.24	0.40	120300	
21/09/2011 11:44:38	TASTEGGIO	1	0	5600	44407	40611	183	0	0.06	0.06	0	
21/09/2011 11:44:49	TASTEGGIO	1	0	5600	44407	160852	183	0	0.28	0.39	120300	
21/09/2011 11:44:51	ALARM 401		
21/09/2011 11:44:53	ALARM 401		
21/09/2011 11:44:54	ALARM 401		
21/09/2011 11:44:54	ALARM 401		
21/09/2011 11:45:21	TASTEGGIO	1	0	5600	44407	160852	183	0	0.24	0.40	120300	
21/09/2011 11:45:58	TASTEGGIO	1	0	5600	44407	40617	120	0	0.06	0.06	0	
21/09/2011 11:46:18	TASTEGGIO	1	0	5600	44407	160847	120	0	0.26	0.40	120300	
21/09/2011 11:46:48	TASTEGGIO	1	0	5600	44407	40607	90	0	0.07	0.07	0	
21/09/2011 11:47:05	TASTEGGIO	1	0	5600	44407	160845	90	0	0.25	0.39	120300	
21/09/2011 11:47:34	TASTEGGIO	1	0	5600	44407	40605	54	0	0.06	0.06	0	
21/09/2011 11:47:50	TASTEGGIO	1	0	5600	44407	160848	54	0	0.26	0.38	120300	
21/09/2011 11:48:04	TASTEGGIO	1	0	5600	44407	40625	54	0	0.06	0.06	0	
21/09/2011 11:48:27	TASTEGGIO	1	0	5600	44407	160844	54	0	0.24	0.40	120300	
21/09/2011 11:48:43	TASTEGGIO	1	0	5600	44407	40621	54	0	0.06	0.06	0	
21/09/2011 11:49:14	ALARM 401		
21/09/2011 11:56:10	ALARM 401		
21/09/2011 11:56:29	TASTEGGIO	1	0	5600	44407	40621	54	0	0.07	0.07	0	
21/09/2011 11:56:57	ALARM 401		
21/09/2011 11:58:36	ALARM 401		
21/09/2011 12:00:36	TASTEGGIO	1	0	5600	44407	160837	54	0	0.25	0.25	0	
21/09/2011 12:00:49	ALARM 401		
21/09/2011 12:05:18	TASTEGGIO	1	0	5600	44407	160838	54	0	0.25	0.38	120300	
21/09/2011 12:05:36	TASTEGGIO	1	0	5600	44407	40620	54	0	0.06	0.06	0	
21/09/2011 12:07:39	TASTEGGIO	1	0	5600	44407	160844	54	0	0.26	0.39	120300	
21/09/2011 12:16:04	ALARM 401		
21/09/2011 12:20:16	ALARM 401		
21/09/2011 12:20:16	ALARM 401		
21/09/2011 12:20:17	ALARM 401		
21/09/2011 12:20:17	ALARM 401		
21/09/2011 12:20:19	ALARM 401		
21/09/2011 12:20:30	ALARM 401		
21/09/2011 12:20:31	ALARM 401		
21/09/2011 12:21:45	ALARM 401		
21/09/2011 12:23:46	ALARM 401		
21/09/2011 12:23:48	INIT OK
21/09/2011 12:29:39	TASTEGGIO	0	0	5600	44408	161175	0	0	0.25	0.40	-119500	
21/09/2011 12:30:11	TASTEGGIO	1	0	5600	44408	280626	300	-28	0.12	0.12	0	
21/09/2011 12:30:23	TASTEGGIO	1	0	5600	44408	161165	300	-28	0.44	0.44	0	
21/09/2011 12:30:52	TASTEGGIO	1	0	5600	44408	161168	310	-227	2.20	2.20	0	
21/09/2011 12:31:08	TASTEGGIO	0	1	5600	44408	161168	0	6	2.16	2.16	0	
21/09/2011 12:31:32	TASTEGGIO	0	2	5600	44408	161168	400	-208	0.77	0.77	0	
21/09/2011 12:31:33	ALARM 401		
21/09/2011 12:31:35	ALARM 205		err.5005
21/09/2011 12:31:56	TASTEGGIO	0	2	5600	44408	161163	400	-208	0.76	0.76	0	
21/09/2011 12:32:25	TASTEGGIO	1	0	5600	44408	161166	391	-283	2.42	2.42	0	
21/09/2011 12:32:39	TASTEGGIO	0	1	5600	44408	161166	0	8	2.38	2.38	0	
21/09/2011 12:33:03	TASTEGGIO	0	2	5600	44408	161166	400	-130	1.27	1.27	0	
21/09/2011 12:33:28	TASTEGGIO	0	3	5600	44408	161166	400	-188	0.57	0.57	0	
21/09/2011 12:33:36	TASTEGGIO	0	3	5600	44408	161161	400	-188	0.51	0.56	82800	
21/09/2011 12:34:07	TASTEGGIO	1	0	5600	44408	78396	341	-74	0.19	0.19	0	
21/09/2011 12:34:18	TASTEGGIO	1	0	5600	44408	160849	341	-74	0.10	0.25	-119500	
21/09/2011 12:34:48	TASTEGGIO	1	0	5600	44408	280330	263	-3	0.19	0.19	0	
21/09/2011 12:35:00	TASTEGGIO	1	0	5600	44408	161147	263	-3	0.10	0.23	120300	
21/09/2011 12:35:30	TASTEGGIO	1	0	5600	44408	40880	257	-5	0.17	0.17	0	
21/09/2011 12:35:42	TASTEGGIO	1	0	5600	44408	160848	257	-5	0.11	0.21	-119500	
21/09/2011 12:36:13	TASTEGGIO	1	0	5600	44408	280329	252	0	0.20	0.20	0	
21/09/2011 12:36:36	TASTEGGIO	0	1	5600	44408	280329	271	-4	0.15	0.15	0	
21/09/2011 12:36:48	TASTEGGIO	0	1	5600	44408	161143	271	-4	0.06	0.17	120300	
21/09/2011 12:37:18	TASTEGGIO	1	0	5600	44408	40877	242	0	0.17	0.17	0	
21/09/2011 12:37:41	TASTEGGIO	0	1	5600	44408	40873	259	-1	0.17	0.17	0	
21/09/2011 12:38:03	TASTEGGIO	0	2	5600	44408	40873	293	-4	0.13	0.13	0	
21/09/2011 12:38:16	TASTEGGIO	0	2	5600	44408	160846	293	-4	0.07	0.17	-119500	
21/09/2011 12:38:46	TASTEGGIO	1	0	5600	44408	280327	242	-1	0.15	0.15	0	
21/09/2011 12:39:08	TASTEGGIO	0	1	5600	44408	280327	255	0	0.15	0.15	0	
21/09/2011 12:39:31	TASTEGGIO	0	2	5600	44408	280327	285	-3	0.12	0.12	0	
21/09/2011 12:39:43	TASTEGGIO	0	2	5600	44408	161162	285	-3	0.05	0.14	120300	
21/09/2011 12:40:12	TASTEGGIO	1	0	5600	44408	40900	235	1	0.14	0.14	0	
21/09/2011 12:40:24	TASTEGGIO	1	0	5600	44408	160849	235	1	0.04	0.14	-119500	
21/09/2011 12:42:20	TASTEGGIO	1	0	5600	44407	161171	235	1	0.19	0.49	-119500	
21/09/2011 12:42:52	TASTEGGIO	1	0	5600	44407	280629	323	-39	0.16	0.16	0	
21/09/2011 12:43:04	TASTEGGIO	1	0	5600	44407	161161	323	-39	0.15	0.39	120300	
21/09/2011 12:43:34	TASTEGGIO	1	0	5600	44407	40897	298	-10	0.26	0.26	0	
21/09/2011 12:43:57	TASTEGGIO	0	1	5600	44407	40895	315	-4	0.22	0.22	0	
21/09/2011 12:44:09	TASTEGGIO	0	1	5600	44407	160843	315	-4	0.11	0.20	120300	
21/09/2011 12:44:38	TASTEGGIO	1	0	5600	44407	40604	250	1	0.22	0.22	0	
21/09/2011 12:45:00	TASTEGGIO	0	1	5600	44407	40594	274	0	0.22	0.22	0	
21/09/2011 12:45:24	TASTEGGIO	0	2	5600	44407	40588	318	-1	0.21	0.21	0	
21/09/2011 12:45:49	TASTEGGIO	0	3	5600	44407	40583	378	-18	0.07	0.07	0	
21/09/2011 12:46:01	TASTEGGIO	0	3	5600	44407	160845	378	-18	0.13	0.18	-119500	
21/09/2011 12:46:31	TASTEGGIO	1	0	5600	44407	280325	245	-19	0.15	0.15	0	
21/09/2011 12:46:43	TASTEGGIO	1	0	5600	44407	161140	245	-19	0.10	0.29	-82000	
21/09/2011 12:47:14	TASTEGGIO	1	0	5600	44407	243108	273	-108	0.79	0.79	0	
21/09/2011 12:47:35	TASTEGGIO	0	1	5600	44407	243108	57	-4	0.68	0.68	0	
21/09/2011 12:47:38	ALARM 401		
21/09/2011 12:47:40	ALARM 401		
21/09/2011 12:47:41	ALARM 401		
21/09/2011 12:47:42	ALARM 401		
21/09/2011 12:48:12	TASTEGGIO	0	2	5600	44407	161162	174	0	0.58	0.64	-82000	
21/09/2011 12:48:44	TASTEGGIO	1	0	5600	44407	243121	361	-167	0.94	0.94	0	
21/09/2011 12:49:08	TASTEGGIO	0	1	5600	44407	243125	222	-45	0.44	0.44	0	
21/09/2011 12:49:19	TASTEGGIO	0	1	5600	44407	161176	222	-45	0.12	0.44	-82000	
21/09/2011 12:49:49	TASTEGGIO	1	0	5600	44407	243125	310	-88	0.40	0.40	0	
21/09/2011 12:50:00	TASTEGGIO	1	0	5600	44407	161161	310	-88	0.40	0.41	-82000	
21/09/2011 12:50:31	TASTEGGIO	1	0	5600	44407	243121	303	-114	0.70	0.70	0	
21/09/2011 12:50:54	TASTEGGIO	0	1	5600	44407	243126	183	-30	0.34	0.34	0	
21/09/2011 12:51:05	TASTEGGIO	0	1	5600	44407	161166	183	-30	0.15	0.34	-82000	
21/09/2011 12:51:36	TASTEGGIO	1	0	5600	44407	243128	285	-65	0.26	0.26	0	
21/09/2011 12:51:47	TASTEGGIO	1	0	5600	44407	161170	285	-65	0.25	0.26	-82000	
21/09/2011 12:52:18	TASTEGGIO	1	0	5600	44407	243134	265	-75	0.48	0.48	0	
21/09/2011 12:52:41	TASTEGGIO	0	1	5600	44407	243136	176	-27	0.16	0.16	0	
21/09/2011 12:52:52	TASTEGGIO	0	1	5600	44407	161173	176	-27	0.16	0.16	0	
21/09/2011 12:54:48	TASTEGGIO	0	1	5600	44408	161179	176	-27	0.23	0.23	0	
21/09/2011 12:55:17	TASTEGGIO	1	0	5600	44408	161182	257	-236	0.00	0.00	0	
21/09/2011 12:55:24	TASTEGGIO	1	0	5600	44408	161177	257	-236	0.00	0.00	120300	
21/09/2011 12:57:20	TASTEGGIO	1	0	5600	44407	161083	257	-236	0.13	0.20	120300	
21/09/2011 12:57:50	TASTEGGIO	1	0	5600	44407	40813	250	-5	0.14	0.14	0	
21/09/2011 12:58:02	TASTEGGIO	1	0	5600	44407	160757	250	-5	0.10	0.14	120300	
21/09/2011 12:59:58	TASTEGGIO	1	0	5600	44407	161168	250	-5	0.23	0.29	-82000	
21/09/2011 13:00:29	TASTEGGIO	1	0	5600	44407	243135	273	-155	1.22	1.22	0	
21/09/2011 13:00:44	TASTEGGIO	0	1	5600	44407	243135	0	1	1.18	1.18	0	
21/09/2011 13:01:07	TASTEGGIO	0	2	5600	44407	243135	228	-55	0.62	0.62	0	
21/09/2011 13:01:30	TASTEGGIO	0	3	5600	44407	243136	284	-108	0.45	0.45	0	
21/09/2011 13:01:54	TASTEGGIO	0	1	5600	44407	243136	251	-116	0.66	0.66	0	
21/09/2011 13:02:17	TASTEGGIO	0	1	5600	44407	243136	154	-29	0.33	0.33	0	
21/09/2011 13:02:42	TASTEGGIO	0	0	5600	44407	243136	283	-119	0.84	0.84	0	
21/09/2011 13:03:06	TASTEGGIO	0	1	5600	44407	243136	69	-7	0.83	0.83	0	
21/09/2011 13:03:29	TASTEGGIO	0	2	5600	44407	243136	233	-86	0.14	0.14	0	
21/09/2011 13:03:40	TASTEGGIO	0	2	5600	44407	161169	233	-86	0.14	0.25	-119500	
21/09/2011 13:04:12	TASTEGGIO	1	0	5600	44407	280620	263	-48	0.22	0.22	0	
21/09/2011 13:04:35	TASTEGGIO	0	1	5600	44407	280622	243	-36	0.17	0.17	0	
21/09/2011 13:04:58	TASTEGGIO	0	1	5600	44407	280626	229	-28	0.09	0.09	0	
21/09/2011 13:05:10	TASTEGGIO	0	1	5600	44407	161178	229	-28	0.14	0.27	-82000	
21/09/2011 13:05:41	TASTEGGIO	1	0	5600	44407	243126	268	-115	1.31	1.31	0	
21/09/2011 13:05:57	TASTEGGIO	0	1	5600	44407	243130	0	-1	1.24	1.24	0	
21/09/2011 13:06:20	TASTEGGIO	0	2	5600	44407	243132	234	-54	0.65	0.65	0	
21/09/2011 13:06:44	TASTEGGIO	0	3	5600	44407	243133	293	-86	0.18	0.18	0	
21/09/2011 13:06:55	TASTEGGIO	0	3	5600	44407	161175	293	-86	0.16	0.22	-119500	
21/09/2011 13:07:26	TASTEGGIO	1	0	5600	44407	280625	255	-18	0.02	0.02	0	
21/09/2011 13:07:38	TASTEGGIO	1	0	5600	44407	161169	255	-18	0.10	0.18	120300	
21/09/2011 13:08:39	ALARM 17	proc 12 prog 10 step 47	LavoroTerminato
21/09/2011 13:21:28	TASTEGGIO	1	0	5600	44408	161176	255	-18	0.18	0.29	-82000	
21/09/2011 13:21:59	TASTEGGIO	1	0	5600	44408	243147	273	-158	1.20	1.20	0	
21/09/2011 13:22:15	TASTEGGIO	0	1	5600	44408	243149	0	0	1.14	1.14	0	
21/09/2011 13:22:37	TASTEGGIO	0	2	5600	44408	243150	216	-53	0.58	0.58	0	
21/09/2011 13:22:59	TASTEGGIO	0	3	5600	44408	243150	267	-91	0.28	0.28	0	
21/09/2011 13:23:10	TASTEGGIO	0	3	5600	44408	161175	267	-91	0.15	0.26	-82000	
21/09/2011 13:23:41	TASTEGGIO	1	0	5600	44408	243151	265	-98	0.66	0.66	0	
21/09/2011 13:24:03	TASTEGGIO	0	1	5600	44408	243151	97	-19	0.41	0.41	0	
21/09/2011 13:24:25	TASTEGGIO	0	2	5600	44408	243151	133	-12	0.25	0.25	0	
21/09/2011 13:24:37	TASTEGGIO	0	2	5600	44408	161175	133	-12	0.16	0.26	-82000	
21/09/2011 13:25:07	TASTEGGIO	1	0	5600	44408	243121	265	-95	0.67	0.67	0	
21/09/2011 13:25:30	TASTEGGIO	0	1	5600	44408	243125	92	-9	0.64	0.64	0	
21/09/2011 13:25:53	TASTEGGIO	0	2	5600	44408	243129	214	-63	0.09	0.09	0	
21/09/2011 13:26:04	TASTEGGIO	0	2	5600	44408	161166	214	-63	0.03	0.13	82800	
21/09/2011 13:28:00	TASTEGGIO	0	2	5600	44407	161075	214	-63	0.33	0.44	82800	
21/09/2011 13:28:31	TASTEGGIO	1	0	5600	44407	78307	310	-72	0.31	0.31	0	
21/09/2011 13:28:42	TASTEGGIO	1	0	5600	44407	160750	310	-72	0.17	0.29	82800	
21/09/2011 13:29:13	TASTEGGIO	1	0	5600	44407	78017	273	-64	0.33	0.33	0	
21/09/2011 13:29:37	TASTEGGIO	0	1	5600	44407	78007	235	-37	0.10	0.10	0	
21/09/2011 13:29:48	TASTEGGIO	0	1	5600	44407	160747	235	-37	0.11	0.23	120300	
21/09/2011 13:30:18	TASTEGGIO	1	0	5600	44407	40511	257	-3	0.18	0.18	0	
21/09/2011 13:30:30	TASTEGGIO	1	0	5600	44407	160754	257	-3	0.10	0.22	-82000	
21/09/2011 13:31:00	TASTEGGIO	1	0	5600	44407	242730	255	-87	0.59	0.59	0	
21/09/2011 13:31:22	TASTEGGIO	0	1	5600	44407	242730	96	-11	0.43	0.43	0	
21/09/2011 13:31:45	TASTEGGIO	0	2	5600	44407	242730	140	-10	0.29	0.29	0	
21/09/2011 13:32:07	TASTEGGIO	0	3	5600	44407	242730	173	-16	0.13	0.13	0	
21/09/2011 13:32:19	TASTEGGIO	0	3	5600	44407	161061	173	-16	0.17	0.17	0	
21/09/2011 13:34:13	TASTEGGIO	0	3	5600	44408	161168	173	-16	0.30	0.30	0	
21/09/2011 13:34:41	TASTEGGIO	1	0	5600	44408	161171	275	-259	2.60	2.60	0	
21/09/2011 13:34:55	TASTEGGIO	0	1	5600	44408	161172	0	6	2.56	2.56	0	
21/09/2011 13:35:19	TASTEGGIO	0	2	5600	44408	161172	400	-266	0.98	0.98	0	
21/09/2011 13:35:44	TASTEGGIO	0	1	5600	44408	161171	362	-323	2.72	2.72	0	
21/09/2011 13:36:09	TASTEGGIO	0	1	5600	44408	161172	0	-17	0.00	0.00	0	
21/09/2011 13:36:16	TASTEGGIO	0	1	5600	44408	161166	0	-17	0.00	0.00	0	
21/09/2011 13:38:12	TASTEGGIO	0	1	5600	44408	161173	0	-17	0.36	0.36	0	
21/09/2011 13:38:41	TASTEGGIO	1	0	5600	44408	161177	290	-270	2.74	2.74	0	
21/09/2011 13:39:06	TASTEGGIO	0	1	5600	44408	161177	0	-14	0.00	0.00	0	
21/09/2011 13:39:13	TASTEGGIO	0	1	5600	44408	161172	0	-14	0.00	0.00	0	
21/09/2011 13:39:52	ALARM 401		
21/09/2011 13:43:05	TASTEGGIO	0	1	5600	44407	161279	0	-14	2.82	2.82	0	
21/09/2011 13:43:36	TASTEGGIO	1	0	5600	44407	161305	400	-194	0.00	0.00	0	
21/09/2011 13:43:43	TASTEGGIO	1	0	5600	44407	161262	400	-194	0.00	0.00	-119500	
21/09/2011 13:43:46	ALARM 401		
21/09/2011 13:43:47	ALARM 401		
21/09/2011 13:43:47	ALARM 401		
21/09/2011 13:44:04	TASTEGGIO	1	0	5600	44407	161262	400	-194	0.00	0.00	-119500	
21/09/2011 13:44:19	TASTEGGIO	1	0	5600	44407	280737	400	-194	0.00	0.00	-119500	
21/09/2011 13:44:52	TASTEGGIO	1	0	5600	44407	161294	400	-194	0.00	0.01	-119500	
21/09/2011 13:45:06	TASTEGGIO	1	0	5600	44407	280762	400	-194	0.00	0.00	0	
21/09/2011 13:45:31	ALARM 401		
21/09/2011 13:57:48	ALARM 401		
21/09/2011 13:57:51	ALARM 401		
21/09/2011 14:25:09	TASTEGGIO	1	0	5600	44406	161181	400	-194	0.36	0.36	0	
21/09/2011 14:25:39	TASTEGGIO	1	0	5600	44406	161184	290	-263	2.83	2.83	0	
21/09/2011 14:25:44	ALARM 401		
21/09/2011 14:25:47	ALARM 201		err.6059
21/09/2011 14:26:17	ALARM 12	proc 2 prog 61 step 9	Tastatori Non FuoriIngombro
21/09/2011 14:26:31	TASTEGGIO	0	1	5600	44406	161179	0	0	0.00	0.00	0	
21/09/2011 14:26:37	ALARM 401		
21/09/2011 14:26:40	ALARM 201		err.6059
21/09/2011 14:26:58	TASTEGGIO	0	1	5600	42387	161177	0	0	0.00	0.00	0	
21/09/2011 14:27:31	TASTEGGIO	0	1	5600	42387	161177	0	0	0.00	0.00	120300	
21/09/2011 14:27:45	TASTEGGIO	0	1	5600	42387	40902	0	0	0.91	0.91	0	
21/09/2011 14:28:01	TASTEGGIO	0	1	5600	42387	160849	0	0	1.45	1.45	0	
21/09/2011 14:28:34	TASTEGGIO	0	1	5600	44407	160849	0	0	0.00	0.00	0	
21/09/2011 14:30:28	TASTEGGIO	0	1	5600	44407	161169	0	0	0.18	0.27	-119500	
21/09/2011 14:30:57	TASTEGGIO	1	0	5600	44407	280644	102	-3	0.24	0.24	0	
21/09/2011 14:31:09	TASTEGGIO	1	0	5600	44407	161168	102	-3	0.17	0.25	-119500	
21/09/2011 14:31:37	TASTEGGIO	1	0	5600	44407	280622	100	0	0.24	0.24	0	
21/09/2011 14:31:58	TASTEGGIO	0	1	5600	44407	280624	123	-1	0.23	0.23	0	
21/09/2011 14:32:10	TASTEGGIO	0	1	5600	44407	161171	123	-1	0.15	0.22	-82000	
21/09/2011 14:32:39	TASTEGGIO	1	0	5600	44407	243148	97	-15	0.10	0.10	0	
21/09/2011 14:32:50	TASTEGGIO	1	0	5600	44407	161168	97	-15	0.06	0.14	-119500	
21/09/2011 14:34:46	TASTEGGIO	1	0	5600	44407	161173	97	-15	0.41	0.51	-82000	
21/09/2011 14:35:15	TASTEGGIO	1	0	5600	44407	243128	126	-21	0.26	0.26	0	
21/09/2011 14:35:27	TASTEGGIO	1	0	5600	44407	161167	126	-21	0.26	0.38	120300	
21/09/2011 14:35:53	TASTEGGIO	1	0	5600	44407	40897	113	1	0.39	0.39	0	
21/09/2011 14:36:14	TASTEGGIO	0	1	5600	44407	40899	153	1	0.38	0.38	0	
21/09/2011 14:36:35	TASTEGGIO	0	2	5600	44407	40899	227	-3	0.34	0.34	0	
21/09/2011 14:36:59	TASTEGGIO	0	3	5600	44407	40900	318	-22	0.15	0.15	0	
21/09/2011 14:37:11	TASTEGGIO	0	3	5600	44407	160848	318	-22	0.14	0.22	-82000	
21/09/2011 14:37:40	TASTEGGIO	1	0	5600	44407	242829	97	0	0.19	0.19	0	
21/09/2011 14:37:51	TASTEGGIO	1	0	5600	44407	161141	97	0	0.15	0.19	-82000	
21/09/2011 14:38:20	TASTEGGIO	1	0	5600	44407	243118	94	3	0.17	0.17	0	
21/09/2011 14:38:31	TASTEGGIO	1	0	5600	44407	161166	94	3	0.16	0.19	-82000	
21/09/2011 14:39:00	TASTEGGIO	1	0	5600	44407	243127	94	1	0.15	0.15	0	
21/09/2011 14:39:11	TASTEGGIO	1	0	5600	44407	161166	94	1	0.13	0.19	-119500	
21/09/2011 14:39:39	TASTEGGIO	1	0	5600	44407	280618	94	-4	0.13	0.13	0	
21/09/2011 14:39:50	TASTEGGIO	1	0	5600	44407	161173	94	-4	0.16	0.18	-82000	
21/09/2011 14:40:19	TASTEGGIO	1	0	5600	44407	243147	93	3	0.15	0.15	0	
21/09/2011 14:40:31	TASTEGGIO	1	0	5600	44407	161170	93	3	0.15	0.16	-82000	
21/09/2011 14:40:59	TASTEGGIO	1	0	5600	44407	243117	91	3	0.15	0.15	0	
21/09/2011 14:41:11	TASTEGGIO	1	0	5600	44407	161189	91	3	0.15	0.16	-82000	
21/09/2011 14:41:39	TASTEGGIO	1	0	5600	44407	243134	91	3	0.15	0.15	0	
21/09/2011 14:41:50	TASTEGGIO	1	0	5600	44407	161173	91	3	0.16	0.16	0	
21/09/2011 14:42:17	TASTEGGIO	1	0	5600	44407	161176	91	-76	0.50	0.50	0	
21/09/2011 14:42:39	TASTEGGIO	0	1	5600	44407	161176	0	-4	0.32	0.32	0	
21/09/2011 14:43:01	TASTEGGIO	0	2	5600	44407	161176	28	-7	0.18	0.18	0	
21/09/2011 14:43:24	TASTEGGIO	0	3	5600	44407	161176	45	-12	0.12	0.12	0	
21/09/2011 14:43:32	TASTEGGIO	0	3	5600	44407	161172	45	-12	0.13	0.21	-119500	
21/09/2011 14:44:00	TASTEGGIO	1	0	5600	44407	280627	96	-1	0.20	0.20	0	
21/09/2011 14:44:21	TASTEGGIO	0	1	5600	44407	280629	115	-1	0.19	0.19	0	
21/09/2011 14:44:42	TASTEGGIO	0	2	5600	44407	280631	151	-3	0.15	0.15	0	
21/09/2011 14:44:54	TASTEGGIO	0	2	5600	44407	161179	151	-3	0.09	0.16	-119500	
21/09/2011 14:45:22	TASTEGGIO	1	0	5600	44407	280633	91	1	0.15	0.15	0	
21/09/2011 14:45:34	TASTEGGIO	1	0	5600	44407	161172	91	1	0.09	0.16	-82000	
21/09/2011 14:46:03	TASTEGGIO	1	0	5600	44407	243139	91	-1	0.12	0.12	0	
21/09/2011 14:46:14	TASTEGGIO	1	0	5600	44407	161170	91	-1	0.07	0.13	-119500	
21/09/2011 14:48:10	TASTEGGIO	1	0	5600	44408	161073	91	-1	1.44	1.44	0	
21/09/2011 14:48:37	TASTEGGIO	1	0	5600	44408	161076	220	-70	0.77	0.77	0	
21/09/2011 14:48:45	TASTEGGIO	1	0	5600	44408	161071	220	-70	0.77	0.77	0	
21/09/2011 14:49:12	TASTEGGIO	1	0	5600	44408	161074	152	-12	0.56	0.56	0	
21/09/2011 14:49:19	TASTEGGIO	1	0	5600	44408	161069	152	-12	0.56	0.56	0	
21/09/2011 14:49:46	TASTEGGIO	1	0	5600	44408	161072	131	6	0.50	0.50	0	
21/09/2011 14:49:54	TASTEGGIO	1	0	5600	44408	161068	131	6	0.51	0.51	0	
21/09/2011 14:50:20	TASTEGGIO	1	0	5600	44408	161072	126	10	0.49	0.49	0	
21/09/2011 14:50:27	TASTEGGIO	1	0	5600	44408	161068	126	10	0.50	0.50	0	
21/09/2011 14:50:53	TASTEGGIO	1	0	5600	44408	161071	125	7	0.48	0.48	0	
21/09/2011 14:51:00	TASTEGGIO	1	0	5600	44408	161067	125	7	0.49	0.49	0	
21/09/2011 14:51:27	TASTEGGIO	1	0	5600	44408	161070	124	9	0.49	0.49	0	
21/09/2011 14:51:52	TASTEGGIO	0	1	5600	44408	161070	173	-4	0.36	0.36	0	
21/09/2011 14:51:59	TASTEGGIO	0	1	5600	44408	161067	173	-4	0.38	0.38	0	
21/09/2011 14:52:26	TASTEGGIO	1	0	5600	44408	161070	113	5	0.36	0.36	0	
21/09/2011 14:52:34	TASTEGGIO	1	0	5600	44408	161066	113	5	0.36	0.36	0	
21/09/2011 14:53:00	TASTEGGIO	1	0	5600	44408	161069	111	11	0.36	0.36	0	
21/09/2011 14:53:24	TASTEGGIO	0	1	5600	44408	161069	147	4	0.34	0.34	0	
21/09/2011 14:53:31	TASTEGGIO	0	1	5600	44408	161066	147	4	0.32	0.32	0	
21/09/2011 14:53:58	TASTEGGIO	1	0	5600	44408	161069	107	9	0.34	0.34	0	
21/09/2011 14:54:22	TASTEGGIO	0	1	5600	44408	161069	143	10	0.33	0.33	0	
21/09/2011 14:54:46	TASTEGGIO	0	2	5600	44408	161069	207	-15	0.18	0.18	0	
21/09/2011 14:54:54	TASTEGGIO	0	2	5600	44408	161065	207	-15	0.19	0.24	-82000	
21/09/2011 14:55:23	TASTEGGIO	1	0	5600	44408	243016	99	-12	0.11	0.11	0	
21/09/2011 14:55:34	TASTEGGIO	1	0	5600	44408	161061	99	-12	0.09	0.19	82800	
21/09/2011 14:57:30	TASTEGGIO	1	0	5600	44407	161180	99	-12	0.24	0.30	-82000	
21/09/2011 14:57:59	TASTEGGIO	1	0	5600	44407	243127	105	-8	0.23	0.23	0	
21/09/2011 14:58:10	TASTEGGIO	1	0	5600	44407	161174	105	-8	0.16	0.19	-82000	
21/09/2011 14:58:38	TASTEGGIO	1	0	5600	44407	243125	94	2	0.22	0.22	0	
21/09/2011 14:59:02	TASTEGGIO	0	1	5600	44407	243127	119	0	0.19	0.19	0	
21/09/2011 14:59:24	TASTEGGIO	0	2	5600	44407	243130	151	-8	0.11	0.11	0	
21/09/2011 14:59:36	TASTEGGIO	0	2	5600	44407	161178	151	-8	0.09	0.13	82800	
21/09/2011 15:01:31	TASTEGGIO	0	2	5600	44407	161179	151	-8	0.32	0.32	0	
21/09/2011 15:01:56	TASTEGGIO	1	0	5600	44407	161183	107	-77	0.52	0.52	0	
21/09/2011 15:02:19	TASTEGGIO	0	1	5600	44407	161183	22	-22	0.59	0.59	0	
21/09/2011 15:02:42	TASTEGGIO	0	2	5600	44407	161183	155	-123	0.65	0.65	0	
21/09/2011 15:03:05	TASTEGGIO	0	1	5600	44407	161183	83	-49	0.50	0.50	0	
21/09/2011 15:03:29	TASTEGGIO	0	2	5600	44407	161183	137	-49	0.21	0.21	0	
21/09/2011 15:03:36	TASTEGGIO	0	2	5600	44407	161179	137	-49	0.20	0.24	82800	
21/09/2011 15:04:04	TASTEGGIO	1	0	5600	44407	78403	99	-3	0.18	0.18	0	
21/09/2011 15:04:16	TASTEGGIO	1	0	5600	44407	160858	99	-3	0.17	0.17	-119500	
21/09/2011 15:04:45	TASTEGGIO	1	0	5600	44407	280338	92	-3	0.12	0.12	0	
21/09/2011 15:04:56	TASTEGGIO	1	0	5600	44407	161147	92	-3	0.20	0.20	0	
21/09/2011 15:05:24	TASTEGGIO	1	0	5600	44407	161150	95	-61	0.37	0.37	0	
21/09/2011 15:05:46	TASTEGGIO	0	1	5600	44407	161150	26	-14	0.22	0.22	0	
21/09/2011 15:06:09	TASTEGGIO	0	2	5600	44407	161150	44	-29	0.17	0.17	0	
21/09/2011 15:06:17	TASTEGGIO	0	2	5600	44407	161147	44	-29	0.17	0.23	-82000	
21/09/2011 15:06:46	TASTEGGIO	1	0	5600	44407	243113	98	-14	0.09	0.09	0	
21/09/2011 15:06:57	TASTEGGIO	1	0	5600	44407	161166	98	-14	0.05	0.13	120300	
21/09/2011 15:08:53	TASTEGGIO	1	0	5600	44407	161090	98	-14	0.23	0.30	-119500	
21/09/2011 15:09:21	TASTEGGIO	1	0	5600	44407	280546	105	-2	0.29	0.29	0	
21/09/2011 15:09:42	TASTEGGIO	0	1	5600	44407	280548	133	-1	0.27	0.27	0	
21/09/2011 15:10:06	TASTEGGIO	0	2	5600	44407	280550	183	-4	0.23	0.23	0	
21/09/2011 15:10:28	TASTEGGIO	0	3	5600	44407	280551	241	-10	0.14	0.14	0	
21/09/2011 15:10:40	TASTEGGIO	0	3	5600	44407	161083	241	-10	0.13	0.19	-82000	
21/09/2011 15:11:09	TASTEGGIO	1	0	5600	44407	243034	94	-10	0.08	0.08	0	
21/09/2011 15:11:21	TASTEGGIO	1	0	5600	44407	161068	94	-10	0.18	0.18	0	
21/09/2011 15:11:48	TASTEGGIO	1	0	5600	44407	161071	93	-46	0.22	0.22	0	
21/09/2011 15:12:11	TASTEGGIO	0	1	5600	44407	161072	66	-43	0.49	0.49	0	
21/09/2011 15:12:32	TASTEGGIO	0	1	5600	44407	161072	0	0	0.36	0.36	0	
21/09/2011 15:12:55	TASTEGGIO	0	2	5600	44407	161072	37	2	0.25	0.25	0	
21/09/2011 15:13:17	TASTEGGIO	0	3	5600	44407	161071	67	-6	0.21	0.21	0	
21/09/2011 15:13:40	TASTEGGIO	0	4	5600	44407	161072	137	-47	0.20	0.20	0	
21/09/2011 15:14:03	TASTEGGIO	0	1	5600	44407	161072	117	-33	0.44	0.44	0	
21/09/2011 15:14:26	TASTEGGIO	0	1	5600	44407	161071	20	-11	0.45	0.45	0	
21/09/2011 15:14:49	TASTEGGIO	0	2	5600	44407	161071	112	-51	0.84	0.84	0	
21/09/2011 15:15:12	TASTEGGIO	0	1	5600	44407	161071	0	-12	0.84	0.84	0	
21/09/2011 15:15:36	TASTEGGIO	0	2	5600	44407	161071	168	-135	2.25	2.25	0	
21/09/2011 15:15:51	TASTEGGIO	0	1	5600	44407	161071	0	6	2.22	2.22	0	
21/09/2011 15:16:15	TASTEGGIO	0	2	5600	44407	161071	400	-220	0.83	0.83	0	
21/09/2011 15:16:38	TASTEGGIO	0	0	5600	44407	161071	158	-25	0.47	0.47	0	
21/09/2011 15:17:01	TASTEGGIO	0	1	5600	44407	161071	184	-40	0.15	0.15	0	
21/09/2011 15:17:09	TASTEGGIO	0	1	5600	44407	161067	184	-40	0.16	0.20	-82000	
21/09/2011 15:17:10	ALARM 401		
21/09/2011 15:17:24	ALARM 4	proc 2 prog 61 step 13	Tondo presente su carrello 1
21/09/2011 15:19:47	TASTEGGIO	0	1	5600	44407	161187	184	-40	0.18	0.24	-119500	
21/09/2011 15:20:14	TASTEGGIO	1	0	5600	44407	280638	99	-2	0.22	0.22	0	
21/09/2011 15:20:35	TASTEGGIO	0	1	5600	44407	280640	119	-1	0.20	0.20	0	
21/09/2011 15:20:58	TASTEGGIO	0	2	5600	44407	280642	155	-2	0.18	0.18	0	
21/09/2011 15:21:10	TASTEGGIO	0	2	5600	44407	161181	155	-2	0.18	0.20	-119500	
21/09/2011 15:21:38	TASTEGGIO	1	0	5600	44407	280631	95	0	0.18	0.18	0	
21/09/2011 15:21:50	TASTEGGIO	1	0	5600	44407	161175	95	0	0.19	0.20	-119500	
21/09/2011 15:22:19	TASTEGGIO	1	0	5600	44407	280626	95	0	0.19	0.19	0	
21/09/2011 15:22:41	TASTEGGIO	0	1	5600	44407	280627	113	-1	0.18	0.18	0	
21/09/2011 15:22:53	TASTEGGIO	0	1	5600	44407	161182	113	-1	0.19	0.20	-119500	
21/09/2011 15:23:20	TASTEGGIO	1	0	5600	44407	280632	95	0	0.18	0.18	0	
21/09/2011 15:23:22	ALARM 401		
21/09/2011 15:23:25	ALARM 201		err.6059
21/09/2011 15:25:37	TASTEGGIO	1	0	5600	44407	161071	95	0	0.08	0.13	82800	
21/09/2011 15:27:33	TASTEGGIO	1	0	5600	44407	161076	95	0	0.15	0.15	0	
21/09/2011 15:29:29	TASTEGGIO	1	0	5600	44407	161186	95	0	0.13	0.27	-119500	
21/09/2011 15:29:58	TASTEGGIO	1	0	5600	44407	280651	102	-2	0.23	0.23	0	
21/09/2011 15:30:19	TASTEGGIO	0	1	5600	44407	280651	121	0	0.22	0.22	0	
21/09/2011 15:30:41	TASTEGGIO	0	2	5600	44407	280652	163	-3	0.18	0.18	0	
21/09/2011 15:31:04	TASTEGGIO	0	3	5600	44407	280652	207	-7	0.14	0.14	0	
21/09/2011 15:31:16	TASTEGGIO	0	3	5600	44407	161170	207	-7	0.09	0.15	-119500	
21/09/2011 15:33:12	TASTEGGIO	0	3	5600	44407	161075	207	-7	0.04	0.20	-119500	
21/09/2011 15:33:40	TASTEGGIO	1	0	5600	44407	280531	95	-2	0.19	0.19	0	
21/09/2011 15:34:02	TASTEGGIO	0	1	5600	44407	280536	113	0	0.18	0.18	0	
21/09/2011 15:34:23	TASTEGGIO	0	2	5600	44407	280538	147	-3	0.16	0.16	0	
21/09/2011 15:34:45	TASTEGGIO	0	3	5600	44407	280539	189	-5	0.12	0.12	0	
21/09/2011 15:34:57	TASTEGGIO	0	3	5600	44407	161092	189	-5	0.05	0.15	-119500	
21/09/2011 15:36:53	TASTEGGIO	0	3	5600	44407	161185	189	-5	0.02	0.19	-119500	
21/09/2011 15:38:49	TASTEGGIO	0	3	5600	44407	161186	189	-5	0.07	0.16	-119500	
21/09/2011 15:39:55	ALARM 3	proc 12 prog 31 step 36	Tondo non presente su rulliera
21/09/2011 15:43:04	TASTEGGIO	0	3	5600	44407	161188	189	-5	0.08	0.18	-119500	
21/09/2011 15:45:00	TASTEGGIO	0	3	5600	44407	161176	189	-5	0.24	0.31	-82000	
21/09/2011 15:45:28	TASTEGGIO	1	0	5600	44407	243147	106	-20	0.09	0.09	0	
21/09/2011 15:45:39	TASTEGGIO	1	0	5600	44407	161174	106	-20	0.23	0.31	82800	
21/09/2011 15:46:06	TASTEGGIO	1	0	5600	44407	78405	106	-3	0.20	0.20	0	
21/09/2011 15:46:18	TASTEGGIO	1	0	5600	44407	160857	106	-3	0.21	0.22	120300	
21/09/2011 15:46:44	TASTEGGIO	1	0	5600	44407	40624	97	1	0.22	0.22	0	
21/09/2011 15:47:02	TASTEGGIO	0	1	5600	44407	40615	119	0	0.22	0.22	0	
21/09/2011 15:47:22	TASTEGGIO	0	2	5600	44407	40605	163	0	0.21	0.21	0	
21/09/2011 15:47:45	TASTEGGIO	0	3	5600	44407	40597	223	-4	0.18	0.18	0	
21/09/2011 15:47:57	TASTEGGIO	0	3	5600	44407	160848	223	-4	0.18	0.18	0	
21/09/2011 15:49:53	TASTEGGIO	0	3	5600	44407	161183	223	-4	0.37	0.52	-82000	
21/09/2011 15:50:22	TASTEGGIO	1	0	5600	44407	243134	127	-16	0.32	0.32	0	
21/09/2011 15:50:33	TASTEGGIO	1	0	5600	44407	161175	127	-16	0.24	0.32	-82000	
21/09/2011 15:51:02	TASTEGGIO	1	0	5600	44407	243123	107	0	0.29	0.29	0	
21/09/2011 15:51:13	TASTEGGIO	1	0	5600	44407	161169	107	0	0.25	0.31	-82000	
21/09/2011 15:51:42	TASTEGGIO	1	0	5600	44407	243130	106	3	0.30	0.30	0	
21/09/2011 15:51:53	TASTEGGIO	1	0	5600	44407	161181	106	3	0.25	0.30	-82000	
21/09/2011 15:52:22	TASTEGGIO	1	0	5600	44407	243156	105	3	0.28	0.28	0	
21/09/2011 15:52:33	TASTEGGIO	1	0	5600	44407	161171	105	3	0.24	0.29	-119500	
21/09/2011 15:53:01	TASTEGGIO	1	0	5600	44407	280622	104	-2	0.26	0.26	0	
21/09/2011 15:53:13	TASTEGGIO	1	0	5600	44407	161181	104	-2	0.27	0.29	-82000	
21/09/2011 15:53:42	TASTEGGIO	1	0	5600	44407	243150	104	0	0.23	0.23	0	
21/09/2011 15:53:53	TASTEGGIO	1	0	5600	44407	161176	104	0	0.23	0.26	82800	
21/09/2011 15:54:21	TASTEGGIO	1	0	5600	44407	78403	101	-2	0.20	0.20	0	
21/09/2011 15:54:32	TASTEGGIO	1	0	5600	44407	160852	101	-2	0.20	0.24	-119500	
21/09/2011 15:55:00	TASTEGGIO	1	0	5600	44407	280332	99	0	0.23	0.23	0	
21/09/2011 15:55:22	TASTEGGIO	0	1	5600	44407	280332	121	-2	0.22	0.22	0	
21/09/2011 15:55:34	TASTEGGIO	0	1	5600	44407	161157	121	-2	0.21	0.24	-119500	
21/09/2011 15:56:02	TASTEGGIO	1	0	5600	44407	280614	99	0	0.21	0.21	0	
21/09/2011 15:56:14	TASTEGGIO	1	0	5600	44407	161167	99	0	0.20	0.22	-82000	
21/09/2011 15:56:41	TASTEGGIO	1	0	5600	44407	243116	97	2	0.19	0.19	0	
21/09/2011 15:56:52	TASTEGGIO	1	0	5600	44407	161184	97	2	0.19	0.21	-119500	
21/09/2011 15:56:59	ALARM 401		
21/09/2011 15:57:02	ALARM 201		err.6058
21/09/2011 16:01:26	TASTEGGIO	1	0	5600	44406	161183	97	2	0.49	0.49	0	
21/09/2011 16:01:53	TASTEGGIO	1	0	5600	44406	161186	124	-89	0.55	0.55	0	
21/09/2011 16:02:16	TASTEGGIO	0	1	5600	44406	161186	62	-60	0.46	0.46	0	
21/09/2011 16:02:23	TASTEGGIO	0	1	5600	44406	161183	62	-60	0.45	0.45	0	
21/09/2011 16:02:51	TASTEGGIO	1	0	5600	44406	161186	120	-69	0.33	0.33	0	
21/09/2011 16:02:58	TASTEGGIO	1	0	5600	44406	161183	120	-69	0.27	0.27	0	
21/09/2011 16:03:25	TASTEGGIO	1	0	5600	44406	161186	102	-63	0.41	0.41	0	
21/09/2011 16:03:48	TASTEGGIO	0	1	5600	44406	161186	39	-24	0.22	0.22	0	
21/09/2011 16:03:55	TASTEGGIO	0	1	5600	44406	161182	39	-24	0.22	0.25	-82000	
21/09/2011 16:04:24	TASTEGGIO	1	0	5600	44406	243158	100	-13	0.11	0.11	0	
21/09/2011 16:04:35	TASTEGGIO	1	0	5600	44406	161182	100	-13	0.15	0.19	120300	
21/09/2011 16:06:31	TASTEGGIO	1	0	5600	44406	161188	100	-13	0.35	0.35	0	
21/09/2011 16:06:58	TASTEGGIO	1	0	5600	44406	161191	110	-80	0.48	0.48	0	
21/09/2011 16:07:20	TASTEGGIO	0	1	5600	44406	161191	44	-29	0.38	0.38	0	
21/09/2011 16:07:42	TASTEGGIO	0	2	5600	44406	161192	86	-62	0.26	0.26	0	
21/09/2011 16:07:49	TASTEGGIO	0	2	5600	44406	161188	86	-62	0.24	0.25	120300	
21/09/2011 16:08:16	TASTEGGIO	1	0	5600	44406	40907	100	1	0.25	0.25	0	
21/09/2011 16:08:36	TASTEGGIO	0	1	5600	44406	40909	125	0	0.24	0.24	0	
21/09/2011 16:08:57	TASTEGGIO	0	2	5600	44406	40909	171	0	0.23	0.23	0	
21/09/2011 16:09:09	TASTEGGIO	0	2	5600	44406	160859	171	0	0.22	0.22	0	
21/09/2011 16:09:35	TASTEGGIO	1	0	5600	44406	160855	97	-45	0.31	0.31	0	
21/09/2011 16:09:58	TASTEGGIO	0	1	5600	44406	160855	53	-21	0.32	0.32	0	
21/09/2011 16:10:21	TASTEGGIO	0	2	5600	44406	160855	119	-82	0.50	0.50	0	
21/09/2011 16:10:44	TASTEGGIO	0	1	5600	44406	160855	40	-20	0.37	0.37	0	
21/09/2011 16:11:06	TASTEGGIO	0	2	5600	44406	160855	78	-20	0.14	0.14	0	
21/09/2011 16:11:14	TASTEGGIO	0	2	5600	44406	160859	78	-20	0.15	0.21	120300	
21/09/2011 16:11:16	ALARM 401		
21/09/2011 16:11:18	ALARM 401		
21/09/2011 16:11:20	ALARM 401		
21/09/2011 16:11:22	ALARM 401		
21/09/2011 16:13:49	TASTEGGIO	0	2	5600	44405	161185	78	-20	0.45	0.48	-82000	
21/09/2011 16:14:18	TASTEGGIO	1	0	5600	44405	243159	123	-17	0.27	0.27	0	
21/09/2011 16:14:30	TASTEGGIO	1	0	5600	44405	161180	123	-17	0.28	0.28	-119500	
21/09/2011 16:14:58	TASTEGGIO	1	0	5600	44405	280631	103	-1	0.25	0.25	0	
21/09/2011 16:15:10	TASTEGGIO	1	0	5600	44405	161168	103	-1	0.29	0.29	0	
21/09/2011 16:15:36	TASTEGGIO	1	0	5600	44405	161171	104	-79	0.52	0.52	0	
21/09/2011 16:15:58	TASTEGGIO	0	1	5600	44405	161172	10	-8	0.33	0.33	0	
21/09/2011 16:16:20	TASTEGGIO	0	2	5600	44405	161172	39	-19	0.12	0.12	0	
21/09/2011 16:16:28	TASTEGGIO	0	2	5600	44405	161168	39	-19	0.12	0.18	82800	
21/09/2011 16:18:23	TASTEGGIO	0	2	5600	44407	161183	39	-19	0.17	0.29	120300	
21/09/2011 16:18:49	TASTEGGIO	1	0	5600	44407	40905	104	1	0.29	0.29	0	
21/09/2011 16:19:10	TASTEGGIO	0	1	5600	44407	40909	133	1	0.28	0.28	0	
21/09/2011 16:19:32	TASTEGGIO	0	2	5600	44407	40910	187	0	0.26	0.26	0	
21/09/2011 16:19:44	TASTEGGIO	0	2	5600	44407	160854	187	0	0.16	0.27	-82000	
21/09/2011 16:20:13	TASTEGGIO	1	0	5600	44407	242836	102	-47	0.62	0.62	0	
21/09/2011 16:20:32	TASTEGGIO	0	1	5600	44407	242836	0	1	0.58	0.58	0	
21/09/2011 16:20:54	TASTEGGIO	0	2	5600	44407	242836	108	-11	0.42	0.42	0	
21/09/2011 16:21:16	TASTEGGIO	0	3	5600	44407	242836	160	-24	0.18	0.18	0	
21/09/2011 16:21:27	TASTEGGIO	0	3	5600	44407	161152	160	-24	0.16	0.29	120300	
21/09/2011 16:21:54	TASTEGGIO	1	0	5600	44407	40878	104	1	0.28	0.28	0	
21/09/2011 16:22:06	TASTEGGIO	1	0	5600	44407	160854	104	1	0.14	0.26	120300	
21/09/2011 16:22:31	TASTEGGIO	1	0	5600	44407	40618	101	2	0.27	0.27	0	
21/09/2011 16:22:51	TASTEGGIO	0	1	5600	44407	40606	129	1	0.28	0.28	0	
21/09/2011 16:23:12	TASTEGGIO	0	2	5600	44407	40598	187	1	0.28	0.28	0	
21/09/2011 16:23:36	TASTEGGIO	0	3	5600	44407	40594	271	-11	0.18	0.18	0	
21/09/2011 16:23:48	TASTEGGIO	0	3	5600	44407	160853	271	-11	0.11	0.23	-82000	
21/09/2011 16:24:17	TASTEGGIO	1	0	5600	44407	242835	98	-28	0.40	0.40	0	
21/09/2011 16:24:39	TASTEGGIO	0	1	5600	44407	242835	28	0	0.40	0.40	0	
21/09/2011 16:25:01	TASTEGGIO	0	2	5600	44407	242835	108	-12	0.22	0.22	0	
21/09/2011 16:25:12	TASTEGGIO	0	2	5600	44407	161158	108	-12	0.19	0.24	-82000	
21/09/2011 16:25:14	ALARM 401		
21/09/2011 16:25:17	ALARM 201		err.6059
21/09/2011 16:27:45	TASTEGGIO	0	2	5600	44407	161077	108	-12	0.21	0.23	-119500	
21/09/2011 16:28:14	TASTEGGIO	1	0	5600	44407	280539	98	-3	0.22	0.22	0	
21/09/2011 16:28:35	TASTEGGIO	0	1	5600	44407	280543	119	-2	0.20	0.20	0	
21/09/2011 16:28:47	TASTEGGIO	0	1	5600	44407	161075	119	-2	0.21	0.21	-82000	
21/09/2011 16:29:15	TASTEGGIO	1	0	5600	44407	243049	96	-15	0.07	0.07	0	
21/09/2011 16:29:26	TASTEGGIO	1	0	5600	44407	161071	96	-15	0.10	0.15	82800	
21/09/2011 16:31:21	TASTEGGIO	1	0	5600	44407	161081	96	-15	0.18	0.56	120300	
21/09/2011 16:31:47	TASTEGGIO	1	0	5600	44407	40808	131	2	0.58	0.58	0	
21/09/2011 16:32:08	TASTEGGIO	0	1	5600	44407	40813	191	1	0.55	0.55	0	
21/09/2011 16:32:30	TASTEGGIO	0	2	5600	44407	40812	295	-10	0.43	0.43	0	
21/09/2011 16:32:55	TASTEGGIO	0	3	5600	44407	40811	353	-22	0.22	0.22	0	
21/09/2011 16:33:07	TASTEGGIO	0	3	5600	44407	160765	353	-22	0.09	0.25	-82000	
21/09/2011 16:33:36	TASTEGGIO	1	0	5600	44407	242740	100	-22	0.11	0.11	0	
21/09/2011 16:33:47	TASTEGGIO	1	0	5600	44407	161048	100	-22	0.15	0.26	120300	
21/09/2011 16:33:49	ALARM 401		
21/09/2011 16:33:52	ALARM 401		
21/09/2011 16:33:52	ALARM 401		
21/09/2011 16:33:55	ALARM 401		
21/09/2011 16:36:13	TASTEGGIO	1	0	5600	44407	161193	100	-22	0.31	0.33	-119500	
21/09/2011 16:36:42	TASTEGGIO	1	0	5600	44407	280649	108	-3	0.33	0.33	0	
21/09/2011 16:37:05	TASTEGGIO	0	1	5600	44407	280653	141	-2	0.29	0.29	0	
21/09/2011 16:37:17	TASTEGGIO	0	1	5600	44407	161178	141	-2	0.28	0.28	-119500	
21/09/2011 16:37:45	TASTEGGIO	1	0	5600	44407	280639	103	0	0.31	0.31	0	
21/09/2011 16:38:08	TASTEGGIO	0	1	5600	44407	280641	137	0	0.29	0.29	0	
21/09/2011 16:38:30	TASTEGGIO	0	2	5600	44407	280643	191	-8	0.21	0.21	0	
21/09/2011 16:38:42	TASTEGGIO	0	2	5600	44407	161175	191	-8	0.24	0.24	0	
21/09/2011 16:38:44	ALARM 401		
21/09/2011 16:38:46	ALARM 401		
21/09/2011 16:40:06	ALARM 406		
22/09/2011 10:55:43	ALARM 401		
22/09/2011 10:55:45	INIT OK
22/09/2011 11:10:28	TASTEGGIO	0	0	6300	47153	120480	0	0	0.13	0.13	0	
22/09/2011 11:10:53	TASTEGGIO	1	0	6300	47153	120499	228	-18	0.05	0.05	0	
22/09/2011 11:11:00	TASTEGGIO	1	0	6300	47153	120480	228	-18	0.05	0.05	0	
22/09/2011 11:12:52	TASTEGGIO	1	0	6300	47152	120588	228	-18	0.03	0.07	44500	
22/09/2011 11:14:44	TASTEGGIO	1	0	6300	47152	120579	228	-18	0.04	0.05	44500	
22/09/2011 11:16:38	TASTEGGIO	1	0	6300	47152	120581	228	-18	0.06	0.08	44500	
22/09/2011 11:18:30	TASTEGGIO	1	0	6300	47152	120692	228	-18	0.03	0.03	0	
22/09/2011 11:20:23	TASTEGGIO	1	0	6300	47152	120591	228	-18	0.02	0.03	24500	
22/09/2011 11:22:13	TASTEGGIO	1	0	6300	47152	120373	228	-18	0.09	0.09	0	
22/09/2011 11:24:06	TASTEGGIO	1	0	6300	47152	120585	228	-18	0.11	0.11	0	
22/09/2011 11:24:31	TASTEGGIO	1	0	6300	47152	120599	225	-17	0.08	0.08	0	
22/09/2011 11:24:39	TASTEGGIO	1	0	6300	47152	120584	225	-17	0.08	0.08	0	
22/09/2011 11:26:31	TASTEGGIO	1	0	6300	47152	120584	225	-17	0.05	0.06	24500	
22/09/2011 11:28:24	TASTEGGIO	1	0	6300	47152	120583	225	-17	0.09	0.10	24500	
22/09/2011 11:28:51	TASTEGGIO	1	0	6300	47152	96115	224	-11	0.02	0.02	0	
22/09/2011 11:29:01	TASTEGGIO	1	0	6300	47152	120462	224	-11	0.01	0.01	0	
22/09/2011 11:30:53	TASTEGGIO	1	0	6300	47152	120583	224	-11	0.04	0.09	44500	
22/09/2011 11:32:44	TASTEGGIO	1	0	6300	47151	120479	224	-11	0.06	0.09	44500	
22/09/2011 11:34:35	TASTEGGIO	1	0	6300	47152	120477	224	-11	0.12	0.12	0	
22/09/2011 11:35:01	TASTEGGIO	1	0	6300	47152	120491	227	-18	0.04	0.04	0	
22/09/2011 11:35:09	TASTEGGIO	1	0	6300	47152	120477	227	-18	0.05	0.05	0	
22/09/2011 11:37:01	TASTEGGIO	1	0	6300	47152	120479	227	-18	0.03	0.05	24500	
22/09/2011 11:38:53	TASTEGGIO	1	0	6300	47151	120477	227	-18	0.11	0.13	44500	
22/09/2011 11:39:21	TASTEGGIO	1	0	6300	47151	76039	228	-7	0.06	0.06	0	
22/09/2011 11:39:31	TASTEGGIO	1	0	6300	47151	120356	228	-7	0.07	0.07	0	
22/09/2011 11:41:24	TASTEGGIO	1	0	6300	47151	120583	228	-7	0.06	0.13	44500	
22/09/2011 11:41:51	TASTEGGIO	1	0	6300	47151	76149	228	-7	0.05	0.05	0	
22/09/2011 11:42:01	TASTEGGIO	1	0	6300	47151	120459	228	-7	0.02	0.04	44500	
22/09/2011 11:43:52	TASTEGGIO	1	0	6300	47151	120475	228	-7	0.06	0.06	0	
22/09/2011 11:44:49	ALARM 17	proc 12 prog 10 step 47	LavoroTerminato
22/09/2011 12:52:38	TASTEGGIO	1	0	7600	52249	97080	228	-7	0.10	0.11	24500	
22/09/2011 12:53:04	TASTEGGIO	1	0	7600	52249	72643	225	-2	0.10	0.10	0	
22/09/2011 12:53:25	TASTEGGIO	0	1	7600	52249	72635	234	0	0.10	0.10	0	
22/09/2011 12:53:46	TASTEGGIO	0	2	7600	52249	72628	254	-1	0.09	0.09	0	
22/09/2011 12:54:07	TASTEGGIO	0	3	7600	52249	72624	278	-3	0.05	0.05	0	
22/09/2011 12:54:16	TASTEGGIO	0	3	7600	52249	97065	278	-3	0.05	0.06	-44500	
22/09/2011 12:56:05	TASTEGGIO	0	3	7600	52249	97169	278	-3	0.12	0.13	-24500	
22/09/2011 12:56:31	TASTEGGIO	1	0	7600	52249	121627	228	-5	0.11	0.11	0	
22/09/2011 12:56:53	TASTEGGIO	0	1	7600	52249	121640	237	-2	0.09	0.09	0	
22/09/2011 12:57:14	TASTEGGIO	0	2	7600	52249	121648	251	-3	0.06	0.06	0	
22/09/2011 12:57:24	TASTEGGIO	0	2	7600	52249	97175	251	-3	0.07	0.10	44500	
22/09/2011 12:57:49	TASTEGGIO	1	0	7600	52249	52730	224	-1	0.08	0.08	0	
22/09/2011 12:58:00	TASTEGGIO	1	0	7600	52249	97048	224	-1	0.06	0.09	44500	
22/09/2011 12:58:25	TASTEGGIO	1	0	7600	52249	52595	223	0	0.07	0.07	0	
22/09/2011 12:58:36	TASTEGGIO	1	0	7600	52249	97047	223	0	0.06	0.09	44500	
22/09/2011 12:59:01	TASTEGGIO	1	0	7600	52249	52590	223	0	0.08	0.08	0	
22/09/2011 12:59:11	TASTEGGIO	1	0	7600	52249	97055	223	0	0.07	0.09	44500	
22/09/2011 12:59:37	TASTEGGIO	1	0	7600	52249	52599	223	0	0.08	0.08	0	
22/09/2011 12:59:47	TASTEGGIO	1	0	7600	52249	97057	223	0	0.08	0.09	44500	
22/09/2011 13:00:13	TASTEGGIO	1	0	7600	52249	52601	223	0	0.08	0.08	0	
22/09/2011 13:00:23	TASTEGGIO	1	0	7600	52249	97053	223	0	0.07	0.08	44500	
22/09/2011 13:02:11	TASTEGGIO	1	0	7600	52249	97275	223	0	0.13	0.18	24500	
22/09/2011 13:02:37	TASTEGGIO	1	0	7600	52249	72819	234	-2	0.15	0.15	0	
22/09/2011 13:02:47	TASTEGGIO	1	0	7600	52249	97166	234	-2	0.11	0.17	24500	
22/09/2011 13:03:12	TASTEGGIO	1	0	7600	52249	72696	233	0	0.15	0.15	0	
22/09/2011 13:03:22	TASTEGGIO	1	0	7600	52249	97161	233	0	0.11	0.17	24500	
22/09/2011 13:03:48	TASTEGGIO	1	0	7600	52249	72691	233	0	0.15	0.15	0	
22/09/2011 13:03:57	TASTEGGIO	1	0	7600	52249	97157	233	0	0.13	0.16	24500	
22/09/2011 13:04:23	TASTEGGIO	1	0	7600	52249	72688	232	0	0.14	0.14	0	
22/09/2011 13:04:33	TASTEGGIO	1	0	7600	52249	97155	232	0	0.12	0.16	24500	
22/09/2011 13:04:58	TASTEGGIO	1	0	7600	52249	72685	232	0	0.15	0.15	0	
22/09/2011 13:05:08	TASTEGGIO	1	0	7600	52249	97160	232	0	0.11	0.17	24500	
22/09/2011 13:05:33	TASTEGGIO	1	0	7600	52249	72693	233	0	0.14	0.14	0	
22/09/2011 13:05:43	TASTEGGIO	1	0	7600	52249	97159	233	0	0.11	0.16	24500	
22/09/2011 13:06:09	TASTEGGIO	1	0	7600	52249	72694	232	0	0.15	0.15	0	
22/09/2011 13:06:18	TASTEGGIO	1	0	7600	52249	97161	232	0	0.11	0.17	24500	
22/09/2011 13:06:44	TASTEGGIO	1	0	7600	52249	72695	233	-1	0.15	0.15	0	
22/09/2011 13:06:54	TASTEGGIO	1	0	7600	52249	97160	233	-1	0.11	0.17	24500	
22/09/2011 13:07:19	TASTEGGIO	1	0	7600	52249	72692	233	0	0.15	0.15	0	
22/09/2011 13:07:29	TASTEGGIO	1	0	7600	52249	97160	233	0	0.11	0.16	24500	
22/09/2011 13:07:54	TASTEGGIO	1	0	7600	52249	72694	232	0	0.15	0.15	0	
22/09/2011 13:08:04	TASTEGGIO	1	0	7600	52249	97162	232	0	0.11	0.17	24500	
22/09/2011 13:08:30	TASTEGGIO	1	0	7600	52249	72697	233	0	0.15	0.15	0	
22/09/2011 13:08:40	TASTEGGIO	1	0	7600	52249	97161	233	0	0.10	0.17	24500	
22/09/2011 13:09:05	TASTEGGIO	1	0	7600	52249	72695	233	0	0.15	0.15	0	
22/09/2011 13:09:15	TASTEGGIO	1	0	7600	52249	97160	233	0	0.10	0.17	24500	
22/09/2011 13:09:40	TASTEGGIO	1	0	7600	52249	72699	233	0	0.14	0.14	0	
22/09/2011 13:09:50	TASTEGGIO	1	0	7600	52249	97159	233	0	0.10	0.17	24500	
22/09/2011 13:10:16	TASTEGGIO	1	0	7600	52249	72696	233	0	0.15	0.15	0	
22/09/2011 13:10:25	TASTEGGIO	1	0	7600	52249	97162	233	0	0.10	0.15	24500	
22/09/2011 13:10:51	TASTEGGIO	1	0	7600	52249	72697	231	-1	0.15	0.15	0	
22/09/2011 13:11:11	TASTEGGIO	0	1	7600	52249	72701	246	-1	0.14	0.14	0	
22/09/2011 13:11:20	TASTEGGIO	0	1	7600	52249	97161	246	-1	0.09	0.15	24500	
22/09/2011 13:11:45	TASTEGGIO	1	0	7600	52249	72707	231	-1	0.13	0.13	0	
22/09/2011 13:11:54	TASTEGGIO	1	0	7600	52249	97166	231	-1	0.09	0.15	24500	
22/09/2011 13:12:20	TASTEGGIO	1	0	7600	52249	72704	231	0	0.14	0.14	0	
22/09/2011 13:12:29	TASTEGGIO	1	0	7600	52249	97164	231	0	0.10	0.16	24500	
22/09/2011 13:12:55	TASTEGGIO	1	0	7600	52249	72702	232	0	0.14	0.14	0	
22/09/2011 13:13:05	TASTEGGIO	1	0	7600	52249	97164	232	0	0.10	0.16	24500	
22/09/2011 13:13:30	TASTEGGIO	1	0	7600	52249	72710	232	-1	0.14	0.14	0	
22/09/2011 13:13:40	TASTEGGIO	1	0	7600	52249	97165	232	-1	0.09	0.15	24500	
22/09/2011 13:13:43	ALARM 401		
22/09/2011 13:14:00	TASTEGGIO	1	0	7600	52249	97165	232	-1	0.10	0.16	24500	
22/09/2011 13:14:40	TASTEGGIO	1	0	7600	52249	97162	325	-12	0.04	0.06	-44500	
22/09/2011 13:15:40	TASTEGGIO	1	0	7600	52249	97286	325	-12	0.05	0.05	-44500	
22/09/2011 13:17:29	TASTEGGIO	1	0	7600	52249	97176	325	-12	0.09	0.17	-44500	
22/09/2011 13:17:57	TASTEGGIO	1	0	7600	52249	141630	233	-4	0.13	0.13	0	
22/09/2011 13:18:07	TASTEGGIO	1	0	7600	52249	97184	233	-4	0.07	0.13	-44500	
22/09/2011 13:18:34	TASTEGGIO	1	0	7600	52249	141643	228	-1	0.12	0.12	0	
22/09/2011 13:18:54	TASTEGGIO	0	1	7600	52249	141649	239	-1	0.10	0.10	0	
22/09/2011 13:19:15	TASTEGGIO	0	2	7600	52249	141655	255	-2	0.08	0.08	0	
22/09/2011 13:19:26	TASTEGGIO	0	2	7600	52249	97181	255	-2	0.04	0.10	44500	
22/09/2011 13:19:51	TASTEGGIO	1	0	7600	52249	52739	224	0	0.07	0.07	0	
22/09/2011 13:20:02	TASTEGGIO	1	0	7600	52249	97049	224	0	0.04	0.09	44500	
22/09/2011 13:20:27	TASTEGGIO	1	0	7600	52249	52597	223	0	0.09	0.09	0	
22/09/2011 13:20:47	TASTEGGIO	0	1	7600	52249	52598	232	0	0.08	0.08	0	
22/09/2011 13:20:57	TASTEGGIO	0	1	7600	52249	97056	232	0	0.04	0.09	-44500	
22/09/2011 13:21:24	TASTEGGIO	1	0	7600	52249	141507	223	0	0.08	0.08	0	
22/09/2011 13:21:34	TASTEGGIO	1	0	7600	52249	97186	223	0	0.04	0.09	44500	
22/09/2011 13:22:00	TASTEGGIO	1	0	7600	52249	52738	223	0	0.08	0.08	0	
22/09/2011 13:22:10	TASTEGGIO	1	0	7600	52249	97058	223	0	0.04	0.08	44500	
22/09/2011 13:23:58	TASTEGGIO	1	0	7600	52248	97279	223	0	0.07	0.09	24500	
22/09/2011 13:24:23	TASTEGGIO	1	0	7600	52248	72820	223	-3	0.07	0.07	0	
22/09/2011 13:24:33	TASTEGGIO	1	0	7600	52248	97167	223	-3	0.05	0.07	24500	
22/09/2011 13:25:31	ALARM 17	proc 12 prog 10 step 47	LavoroTerminato
22/09/2011 13:31:28	TASTEGGIO	1	0	7500	51855	89147	223	-3	0.17	0.18	24500	
22/09/2011 13:31:53	TASTEGGIO	1	0	7500	51855	64702	234	-2	0.16	0.16	0	
22/09/2011 13:32:13	TASTEGGIO	0	1	7500	51855	64694	248	-1	0.16	0.16	0	
22/09/2011 13:32:35	TASTEGGIO	0	2	7500	51855	64687	280	-1	0.14	0.14	0	
22/09/2011 13:32:45	TASTEGGIO	0	2	7500	51855	89137	280	-1	0.14	0.14	24500	
22/09/2011 13:33:08	TASTEGGIO	1	0	7500	51855	64674	229	0	0.14	0.14	0	
22/09/2011 13:33:29	TASTEGGIO	0	1	7500	51855	64669	243	0	0.14	0.14	0	
22/09/2011 13:33:49	TASTEGGIO	0	2	7500	51855	64665	271	0	0.14	0.14	0	
22/09/2011 13:33:53	ALARM 401		
22/09/2011 13:34:12	TASTEGGIO	0	2	7500	51855	89138	271	0	0.13	0.15	24500	
22/09/2011 13:34:48	TASTEGGIO	0	2	7500	51855	89139	320	-3	0.11	0.12	24500	
22/09/2011 13:35:27	TASTEGGIO	0	2	7500	51855	89129	340	-4	0.09	0.09	44500	
22/09/2011 13:36:45	TASTEGGIO	0	2	7500	51855	89109	340	-4	0.05	0.06	-44500	
22/09/2011 13:37:13	TASTEGGIO	0	2	7500	51855	89315	340	-4	0.05	0.06	-44500	
22/09/2011 13:39:01	TASTEGGIO	0	2	7500	51855	89338	340	-4	0.16	0.16	0	
22/09/2011 13:39:25	TASTEGGIO	1	0	7500	51855	89355	232	-4	0.14	0.14	0	
22/09/2011 13:39:33	TASTEGGIO	1	0	7500	51855	89337	232	-4	0.14	0.15	24500	
22/09/2011 13:39:57	TASTEGGIO	1	0	7500	51855	64858	231	0	0.13	0.13	0	
22/09/2011 13:40:06	TASTEGGIO	1	0	7500	51855	89133	231	0	0.13	0.13	24500	
22/09/2011 13:40:30	TASTEGGIO	1	0	7500	51855	64668	228	0	0.13	0.13	0	
22/09/2011 13:40:50	TASTEGGIO	0	1	7500	51855	64664	241	0	0.13	0.13	0	
22/09/2011 13:41:12	TASTEGGIO	0	2	7500	51855	64661	267	-1	0.12	0.12	0	
22/09/2011 13:41:32	TASTEGGIO	0	3	7500	51855	64660	300	-2	0.10	0.10	0	
22/09/2011 13:41:54	TASTEGGIO	0	4	7500	51855	64659	333	-5	0.05	0.05	0	
22/09/2011 13:42:04	TASTEGGIO	0	4	7500	51855	89137	333	-5	0.07	0.08	-44500	
22/09/2011 13:43:51	TASTEGGIO	0	4	7500	51855	89341	333	-5	0.16	0.19	24500	
22/09/2011 13:44:14	TASTEGGIO	1	0	7500	51855	64862	236	-2	0.17	0.17	0	
22/09/2011 13:44:33	TASTEGGIO	0	1	7500	51855	64862	251	0	0.16	0.16	0	
22/09/2011 13:44:55	TASTEGGIO	0	2	7500	51855	64862	281	-1	0.15	0.15	0	
22/09/2011 13:45:17	TASTEGGIO	0	3	7500	51855	64861	323	-3	0.12	0.12	0	
22/09/2011 13:45:27	TASTEGGIO	0	3	7500	51855	89128	323	-3	0.12	0.12	24500	
22/09/2011 13:45:50	TASTEGGIO	1	0	7500	51855	64669	227	0	0.12	0.12	0	
22/09/2011 13:46:12	TASTEGGIO	0	1	7500	51855	64663	239	0	0.12	0.12	0	
22/09/2011 13:46:33	TASTEGGIO	0	2	7500	51855	64658	263	0	0.12	0.12	0	
22/09/2011 13:46:55	TASTEGGIO	0	3	7500	51855	64654	299	0	0.12	0.12	0	
22/09/2011 13:47:17	TASTEGGIO	0	4	7500	51855	64651	347	-3	0.08	0.08	0	
22/09/2011 13:47:26	TASTEGGIO	0	4	7500	51855	89128	347	-3	0.09	0.10	44500	
22/09/2011 13:47:50	TASTEGGIO	1	0	7500	51855	44658	224	0	0.09	0.09	0	
22/09/2011 13:48:09	TASTEGGIO	0	1	7500	51855	44654	232	0	0.09	0.09	0	
22/09/2011 13:48:30	TASTEGGIO	0	2	7500	51855	44651	250	0	0.09	0.09	0	
22/09/2011 13:48:41	TASTEGGIO	0	2	7500	51855	89117	250	0	0.09	0.09	44500	
22/09/2011 13:49:37	ALARM 17	proc 12 prog 10 step 47	LavoroTerminato
22/09/2011 14:06:01	TASTEGGIO	0	2	5500	44015	95973	250	0	0.11	0.21	44500	
22/09/2011 14:06:22	TASTEGGIO	1	0	5500	44015	51538	80	-1	0.19	0.19	0	
22/09/2011 14:06:40	TASTEGGIO	0	1	5500	44015	51535	97	0	0.19	0.19	0	
22/09/2011 14:06:59	TASTEGGIO	0	2	5500	44015	51532	135	0	0.19	0.19	0	
22/09/2011 14:07:19	TASTEGGIO	0	3	5500	44015	51527	192	0	0.18	0.18	0	
22/09/2011 14:07:42	TASTEGGIO	0	4	5500	44015	51521	260	-4	0.14	0.14	0	
22/09/2011 14:07:52	TASTEGGIO	0	4	5500	44015	95938	260	-4	0.06	0.14	44500	
22/09/2011 14:08:14	TASTEGGIO	1	0	5500	44015	51493	68	1	0.15	0.15	0	
22/09/2011 14:08:32	TASTEGGIO	0	1	5500	44015	51486	84	0	0.14	0.14	0	
22/09/2011 14:08:52	TASTEGGIO	0	2	5500	44015	51482	110	0	0.14	0.14	0	
22/09/2011 14:09:12	TASTEGGIO	0	3	5500	44015	51482	152	0	0.14	0.14	0	
22/09/2011 14:09:32	TASTEGGIO	0	4	5500	44015	51480	208	-1	0.13	0.13	0	
22/09/2011 14:09:54	TASTEGGIO	0	5	5500	44015	51478	268	-1	0.13	0.13	0	
22/09/2011 14:10:17	TASTEGGIO	0	6	5500	44015	51478	346	-20	0.05	0.05	0	
22/09/2011 14:10:27	TASTEGGIO	0	6	5500	44015	95931	346	-20	0.06	0.09	-44500	
22/09/2011 14:12:18	TASTEGGIO	0	6	5500	44016	96162	346	-20	0.06	0.13	44500	
22/09/2011 14:12:39	TASTEGGIO	1	0	5500	44016	51719	66	-3	0.13	0.13	0	
22/09/2011 14:12:58	TASTEGGIO	0	1	5500	44016	51716	79	0	0.12	0.12	0	
22/09/2011 14:13:15	TASTEGGIO	0	2	5500	44016	51717	101	0	0.13	0.13	0	
22/09/2011 14:13:35	TASTEGGIO	0	3	5500	44016	51717	143	0	0.12	0.12	0	
22/09/2011 14:13:54	TASTEGGIO	0	4	5500	44016	51716	187	-2	0.11	0.11	0	
22/09/2011 14:14:16	TASTEGGIO	0	5	5500	44016	51712	237	-3	0.08	0.08	0	
22/09/2011 14:14:26	TASTEGGIO	0	5	5500	44016	96034	237	-3	0.02	0.08	44500	
22/09/2011 14:15:24	ALARM 17	proc 12 prog 10 step 47	LavoroTerminato
22/09/2011 14:25:56	TASTEGGIO	0	5	9000	57736	114373	237	-3	0.11	0.19	44500	
22/09/2011 14:26:16	TASTEGGIO	1	0	9000	57736	69939	76	0	0.18	0.18	0	
22/09/2011 14:26:32	TASTEGGIO	0	1	9000	57736	69932	93	0	0.18	0.18	0	
22/09/2011 14:26:51	TASTEGGIO	0	2	9000	57736	69927	129	0	0.19	0.19	0	
22/09/2011 14:27:11	TASTEGGIO	0	3	9000	57736	69921	189	0	0.19	0.19	0	
22/09/2011 14:27:31	TASTEGGIO	0	4	9000	57736	69915	265	0	0.18	0.18	0	
22/09/2011 14:27:54	TASTEGGIO	0	5	9000	57736	69910	350	0	0.18	0.18	0	
22/09/2011 14:28:17	TASTEGGIO	0	6	9000	57736	69910	400	-2	0.16	0.16	0	
22/09/2011 14:28:39	TASTEGGIO	0	7	9000	57736	69910	400	-1	0.16	0.16	0	
22/09/2011 14:29:01	TASTEGGIO	0	8	9000	57736	69910	400	-1	0.16	0.16	0	
22/09/2011 14:29:04	ALARM 218	proc 12 prog 73 step 17	go_abs 5 cmd 11
22/09/2011 14:29:08	ALARM 205		err.6058
22/09/2011 14:29:35	TASTEGGIO	0	8	9000	57736	69910	400	-1	0.16	0.16	0	
22/09/2011 14:29:38	ALARM 401		
22/09/2011 14:29:40	ALARM 401		
22/09/2011 14:30:15	TASTEGGIO	0	8	9000	57736	69910	400	-1	0.17	0.17	0	
22/09/2011 14:30:51	TASTEGGIO	0	8	9000	57736	69910	400	-1	0.16	0.16	0	
22/09/2011 14:31:07	TASTEGGIO	0	8	9000	57736	69910	400	-1	0.17	0.17	0	
22/09/2011 14:31:43	TASTEGGIO	0	8	9000	57736	114281	400	-1	0.13	0.20	-44500	
22/09/2011 14:31:58	TASTEGGIO	0	8	9000	57736	158699	400	-1	0.19	0.19	0	
22/09/2011 14:32:26	TASTEGGIO	1	0	9000	57736	158726	76	-1	0.20	0.20	0	
22/09/2011 14:32:44	TASTEGGIO	0	1	9000	57736	158734	97	0	0.20	0.20	0	
22/09/2011 14:33:02	TASTEGGIO	0	2	9000	57736	158740	137	0	0.19	0.19	0	
22/09/2011 14:33:23	TASTEGGIO	0	3	9000	57736	158748	191	-1	0.18	0.18	0	
22/09/2011 14:33:44	TASTEGGIO	0	4	9000	57736	158753	259	-10	0.07	0.07	0	
22/09/2011 14:33:49	TASTEGGIO	0	4	9000	57736	158753	259	-10	0.08	0.08	0	
22/09/2011 14:34:30	TASTEGGIO	0	4	9000	57736	158753	259	-10	0.08	0.08	0	
22/09/2011 14:34:40	TASTEGGIO	0	4	9000	57736	158753	259	-10	0.08	0.08	0	
22/09/2011 14:34:50	TASTEGGIO	0	4	9000	57736	158753	259	-10	0.08	0.08	0	
22/09/2011 14:35:09	TASTEGGIO	0	4	9000	57736	114364	259	-10	0.09	0.21	44500	
22/09/2011 14:35:30	TASTEGGIO	1	0	9000	57736	69921	80	0	0.21	0.21	0	
22/09/2011 14:35:31	ALARM 401		
22/09/2011 14:35:47	TASTEGGIO	1	0	9000	57736	114273	80	0	0.09	0.22	44500	
22/09/2011 14:36:18	TASTEGGIO	1	0	9000	57736	69810	434	-5	0.16	0.16	0	
22/09/2011 14:36:55	TASTEGGIO	1	0	9000	57736	114274	451	-4	0.13	0.14	44500	
22/09/2011 14:37:49	TASTEGGIO	1	0	9000	57736	114271	471	-9	0.20	0.20	0	
22/09/2011 14:38:20	TASTEGGIO	1	0	9000	57736	114275	453	-115	0.94	0.94	0	
22/09/2011 14:38:47	TASTEGGIO	1	0	9000	57736	114285	453	-59	0.40	0.40	0	
22/09/2011 14:39:17	TASTEGGIO	1	0	9000	57736	114288	442	-21	0.19	0.19	0	
22/09/2011 14:41:22	TASTEGGIO	1	0	9000	57736	47359	442	-21	0.39	0.39	0	
22/09/2011 14:41:49	TASTEGGIO	1	0	9000	57736	47347	442	-27	0.13	0.13	0	
22/09/2011 14:42:25	TASTEGGIO	1	0	9000	57736	47341	234	0	0.13	0.13	0	
22/09/2011 14:42:55	TASTEGGIO	1	0	9000	57736	47335	291	0	0.13	0.13	0	
22/09/2011 14:43:12	TASTEGGIO	1	0	9000	57736	114271	291	0	0.03	0.11	-44500	
22/09/2011 14:45:39	TASTEGGIO	1	0	9000	57736	114373	291	0	0.11	0.19	44500	
22/09/2011 14:45:59	TASTEGGIO	1	0	9000	57736	69926	76	0	0.16	0.16	0	
22/09/2011 14:46:15	TASTEGGIO	0	1	9000	57736	69921	89	0	0.16	0.16	0	
22/09/2011 14:46:31	TASTEGGIO	0	2	9000	57736	69916	121	0	0.17	0.17	0	
22/09/2011 14:46:51	TASTEGGIO	0	3	9000	57736	69912	175	0	0.16	0.16	0	
22/09/2011 14:47:11	TASTEGGIO	0	4	9000	57736	69910	235	0	0.17	0.17	0	
22/09/2011 14:47:13	ALARM 401		
22/09/2011 14:47:16	ALARM 401		
22/09/2011 14:47:35	TASTEGGIO	0	4	9000	57736	114278	235	0	0.11	0.20	44500	
22/09/2011 14:49:40	TASTEGGIO	0	4	9000	57736	60355	235	0	0.28	0.28	0	
22/09/2011 14:50:04	TASTEGGIO	0	4	9000	57736	50357	235	0	0.43	0.43	0	
22/09/2011 14:50:17	TASTEGGIO	0	4	9000	57736	47823	235	0	0.44	0.44	0	
22/09/2011 14:50:55	TASTEGGIO	0	4	9000	57736	47822	346	-7	0.37	0.37	0	
22/09/2011 14:51:20	TASTEGGIO	0	4	9000	57736	47820	372	-5	0.32	0.32	0	
22/09/2011 14:51:48	TASTEGGIO	0	4	9000	57736	47819	394	-6	0.26	0.26	0	
22/09/2011 14:52:13	TASTEGGIO	0	4	9000	57736	47819	410	-8	0.19	0.19	0	
22/09/2011 14:52:40	TASTEGGIO	0	4	9000	57736	47820	421	-6	0.14	0.14	0	
22/09/2011 14:53:16	TASTEGGIO	0	4	9000	57736	114263	431	-14	0.32	0.32	0	
22/09/2011 14:53:49	TASTEGGIO	0	4	9000	57736	114279	431	-28	0.08	0.16	44500	
22/09/2011 14:54:25	TASTEGGIO	0	4	9000	57736	114273	363	-34	0.17	0.26	44500	
22/09/2011 14:54:55	TASTEGGIO	0	4	9000	57736	69805	328	-4	0.19	0.19	0	
22/09/2011 14:55:25	TASTEGGIO	0	4	9000	57736	114274	333	-2	0.12	0.20	44500	
22/09/2011 14:55:55	TASTEGGIO	0	4	9000	57736	69819	346	0	0.16	0.16	0	
22/09/2011 14:56:26	TASTEGGIO	0	4	9000	57736	114277	346	0	0.11	0.19	44500	
22/09/2011 14:57:07	TASTEGGIO	0	4	9000	57736	114274	357	-1	0.11	0.19	44500	
22/09/2011 14:57:37	TASTEGGIO	0	4	9000	57736	69814	370	-1	0.17	0.17	0	
22/09/2011 14:58:12	TASTEGGIO	0	4	9000	57736	114279	376	0	0.10	0.17	24500	
22/09/2011 14:58:41	TASTEGGIO	0	4	9000	57736	89822	384	-12	0.09	0.09	0	
22/09/2011 14:58:56	TASTEGGIO	0	4	9000	57736	114281	384	-12	0.10	0.10	24500	
22/09/2011 14:59:21	TASTEGGIO	0	4	9000	57736	114278	384	-12	0.10	0.10	0	
22/09/2011 15:00:15	ALARM 17	proc 12 prog 10 step 47	LavoroTerminato
22/09/2011 15:15:19	ALARM 318	proc 12 prog 22 step 6	go_abs inv_ax 2
22/09/2011 15:18:13	TASTEGGIO	0	4	5000	42055	127782	384	-12	0.08	0.11	82800	
22/09/2011 15:18:40	TASTEGGIO	1	0	5000	42055	45044	225	-10	0.04	0.04	0	
22/09/2011 15:18:51	TASTEGGIO	1	0	5000	42055	127749	225	-10	0.01	0.05	-82000	
22/09/2011 15:20:44	TASTEGGIO	1	0	5000	42055	127944	225	-10	0.14	0.32	-82000	
22/09/2011 15:21:13	TASTEGGIO	1	0	5000	42055	209924	252	-40	0.09	0.09	0	
22/09/2011 15:21:24	TASTEGGIO	1	0	5000	42055	127963	252	-40	0.09	0.09	0	
22/09/2011 15:21:50	TASTEGGIO	1	0	5000	42055	127966	223	-105	0.84	0.84	0	
22/09/2011 15:22:11	TASTEGGIO	0	1	5000	42055	127966	0	-15	0.81	0.81	0	
22/09/2011 15:22:33	TASTEGGIO	0	2	5000	42055	127967	156	-23	0.50	0.50	0	
22/09/2011 15:22:56	TASTEGGIO	0	3	5000	42055	127967	209	-42	0.07	0.07	0	
22/09/2011 15:23:03	TASTEGGIO	0	3	5000	42055	127964	209	-42	0.07	0.09	-82000	
22/09/2011 15:23:30	TASTEGGIO	1	0	5000	42055	209935	223	-32	0.21	0.21	0	
22/09/2011 15:23:53	TASTEGGIO	0	1	5000	42055	209935	174	-19	0.10	0.10	0	
22/09/2011 15:24:16	TASTEGGIO	0	0	5000	42055	209935	224	-7	0.03	0.03	0	
22/09/2011 15:24:27	TASTEGGIO	0	0	5000	42055	127972	224	-7	0.05	0.05	0	
22/09/2011 15:26:20	TASTEGGIO	0	0	5000	42055	128044	224	-7	0.03	0.07	-82000	
22/09/2011 15:28:13	TASTEGGIO	0	0	5000	42055	128145	224	-7	0.09	0.10	-82000	
22/09/2011 15:28:41	TASTEGGIO	1	0	5000	42055	210117	224	-43	0.28	0.28	0	
22/09/2011 15:29:02	TASTEGGIO	0	1	5000	42055	210117	145	-14	0.13	0.13	0	
22/09/2011 15:29:26	TASTEGGIO	0	0	5000	42055	210117	228	-34	0.23	0.23	0	
22/09/2011 15:29:50	TASTEGGIO	0	1	5000	42055	210117	187	-4	0.25	0.25	0	
22/09/2011 15:30:14	TASTEGGIO	0	2	5000	42055	210117	241	-28	0.49	0.49	0	
22/09/2011 15:30:38	TASTEGGIO	0	1	5000	42055	210117	144	-3	0.49	0.49	0	
22/09/2011 15:31:02	TASTEGGIO	0	2	5000	42055	210117	242	-24	0.69	0.69	0	
22/09/2011 15:31:27	TASTEGGIO	0	3	5000	42055	210117	400	-155	0.86	0.86	0	
22/09/2011 15:31:50	TASTEGGIO	0	1	5000	42055	210117	292	-64	0.19	0.19	0	
22/09/2011 15:32:13	TASTEGGIO	0	0	5000	42055	210117	236	-7	0.13	0.13	0	
22/09/2011 15:32:37	TASTEGGIO	0	1	5000	42055	210117	244	-13	0.06	0.06	0	
22/09/2011 15:32:48	TASTEGGIO	0	1	5000	42055	128167	244	-13	0.10	0.10	0	
22/09/2011 15:33:14	TASTEGGIO	1	0	5000	42055	128169	224	-107	0.87	0.87	0	
22/09/2011 15:33:32	TASTEGGIO	0	1	5000	42055	128169	0	4	0.82	0.82	0	
22/09/2011 15:33:53	TASTEGGIO	0	2	5000	42055	128169	154	-21	0.50	0.50	0	
22/09/2011 15:34:16	TASTEGGIO	0	3	5000	42055	128169	206	-39	0.20	0.20	0	
22/09/2011 15:34:39	TASTEGGIO	0	0	5000	42055	128169	237	-104	0.75	0.75	0	
22/09/2011 15:35:00	TASTEGGIO	0	1	5000	42055	128169	0	-3	0.76	0.76	0	
22/09/2011 15:35:22	TASTEGGIO	0	2	5000	42055	128169	154	-21	0.43	0.43	0	
22/09/2011 15:35:44	TASTEGGIO	0	3	5000	42055	128169	196	-33	0.11	0.11	0	
22/09/2011 15:35:49	ALARM 401		
22/09/2011 15:35:54	ALARM 203		err.6059
22/09/2011 15:36:16	TASTEGGIO	0	0	5000	42055	128166	225	0	0.11	0.11	0	
22/09/2011 15:38:09	TASTEGGIO	0	0	5000	42055	128045	225	0	0.03	0.08	82800	
22/09/2011 15:40:01	TASTEGGIO	0	0	5000	42054	128047	225	0	0.06	0.09	-82000	
22/09/2011 15:40:59	ALARM 17	proc 12 prog 10 step 47	LavoroTerminato
22/09/2011 16:36:26	ALARM 406		
23/09/2011 07:27:34	ALARM 401		
23/09/2011 07:27:36	INIT OK
23/09/2011 07:39:38	TASTEGGIO	0	0	7000	49896	122384	0	0	0.02	0.02	0	
23/09/2011 07:41:28	TASTEGGIO	0	0	7000	49895	122384	0	0	0.03	0.06	44500	
23/09/2011 07:43:16	TASTEGGIO	0	0	7000	49895	122280	0	0	0.23	0.44	44500	
23/09/2011 07:43:43	TASTEGGIO	1	0	7000	49895	77844	268	-3	0.41	0.41	0	
23/09/2011 07:44:06	TASTEGGIO	0	1	7000	49895	77833	306	-4	0.37	0.37	0	
23/09/2011 07:44:31	TASTEGGIO	0	2	7000	49895	77819	372	-19	0.21	0.21	0	
23/09/2011 07:44:54	TASTEGGIO	0	3	7000	49895	77813	392	-25	0.03	0.03	0	
23/09/2011 07:45:05	TASTEGGIO	0	3	7000	49895	122149	392	-25	0.10	0.10	0	
23/09/2011 07:45:30	TASTEGGIO	1	0	7000	49895	122146	224	-7	0.03	0.03	0	
23/09/2011 07:45:37	TASTEGGIO	1	0	7000	49895	122149	224	-7	0.03	0.03	44500	
23/09/2011 07:47:28	TASTEGGIO	1	0	7000	49895	122181	224	-7	0.02	0.12	44500	
23/09/2011 07:47:53	TASTEGGIO	1	0	7000	49895	77719	227	-3	0.08	0.08	0	
23/09/2011 07:48:03	TASTEGGIO	1	0	7000	49895	122062	227	-3	0.02	0.09	44500	
23/09/2011 07:48:29	TASTEGGIO	1	0	7000	49895	77609	223	0	0.07	0.07	0	
23/09/2011 07:48:40	TASTEGGIO	1	0	7000	49895	122057	223	0	0.03	0.08	44500	
23/09/2011 07:50:30	TASTEGGIO	1	0	7000	49895	122381	223	0	0.06	0.06	0	
23/09/2011 07:52:20	TASTEGGIO	1	0	7000	49895	122380	223	0	0.15	0.15	0	
23/09/2011 07:52:45	TASTEGGIO	1	0	7000	49895	122389	231	-7	0.08	0.08	0	
23/09/2011 07:52:52	TASTEGGIO	1	0	7000	49895	122372	231	-7	0.09	0.09	0	
23/09/2011 07:53:17	TASTEGGIO	1	0	7000	49895	122379	223	-1	0.07	0.07	0	
23/09/2011 07:53:24	TASTEGGIO	1	0	7000	49895	122365	223	-1	0.07	0.07	0	
23/09/2011 07:55:13	TASTEGGIO	1	0	7000	49895	122379	223	-1	0.18	0.22	44500	
23/09/2011 07:55:40	TASTEGGIO	1	0	7000	49895	77914	240	-3	0.19	0.19	0	
23/09/2011 07:56:02	TASTEGGIO	0	1	7000	49895	77908	256	-2	0.17	0.17	0	
23/09/2011 07:56:25	TASTEGGIO	0	2	7000	49895	77903	286	-4	0.14	0.14	0	
23/09/2011 07:56:35	TASTEGGIO	0	2	7000	49895	122257	286	-4	0.12	0.12	0	
23/09/2011 07:56:59	TASTEGGIO	1	0	7000	49895	122254	227	-7	0.06	0.06	0	
23/09/2011 07:57:07	TASTEGGIO	1	0	7000	49895	122257	227	-7	0.06	0.10	44500	
23/09/2011 07:57:33	TASTEGGIO	1	0	7000	49895	77806	224	1	0.11	0.11	0	
23/09/2011 07:57:54	TASTEGGIO	0	1	7000	49895	77797	236	0	0.10	0.10	0	
23/09/2011 07:58:17	TASTEGGIO	0	2	7000	49895	77790	254	-1	0.09	0.09	0	
23/09/2011 07:58:40	TASTEGGIO	0	3	7000	49895	77785	278	-1	0.09	0.09	0	
23/09/2011 07:59:02	TASTEGGIO	0	4	7000	49895	77781	314	-7	0.02	0.02	0	
23/09/2011 07:59:13	TASTEGGIO	0	4	7000	49895	122231	314	-7	0.02	0.02	44500	
23/09/2011 08:01:03	TASTEGGIO	0	4	7000	49895	122382	314	-7	0.06	0.06	0	
23/09/2011 08:02:53	TASTEGGIO	0	4	7000	49894	122385	314	-7	0.12	0.12	0	
23/09/2011 08:03:17	TASTEGGIO	1	0	7000	49894	122392	227	-9	0.05	0.05	0	
23/09/2011 08:03:25	TASTEGGIO	1	0	7000	49894	122375	227	-9	0.05	0.05	0	
