23/02/2012 08:59:49	TASTEGGIO	0	3	9800	60876	228308	366	-14	0.18	0.18	0	
23/02/2012 09:00:12	TASTEGGIO	0	4	9800	60876	228308	386	-13	0.05	0.05	0	
23/02/2012 09:00:24	TASTEGGIO	0	4	9800	60876	146359	386	-13	0.05	0.14	44500	
23/02/2012 09:00:51	TASTEGGIO	1	0	9800	60876	101901	229	-7	0.08	0.08	0	
23/02/2012 09:01:03	TASTEGGIO	1	0	9800	60876	146235	229	-7	0.02	0.08	44500	
23/02/2012 09:02:49	TASTEGGIO	1	0	9800	60876	146379	229	-7	0.28	0.34	-24500	
23/02/2012 09:03:15	TASTEGGIO	1	0	9800	60876	170822	255	-28	0.10	0.10	0	
23/02/2012 09:03:26	TASTEGGIO	1	0	9800	60876	146355	255	-28	0.06	0.15	-82000	
23/02/2012 09:03:52	TASTEGGIO	1	0	9800	60876	228297	231	-7	0.07	0.07	0	
23/02/2012 09:04:05	TASTEGGIO	1	0	9800	60876	146352	231	-7	0.02	0.13	82800	
23/02/2012 09:04:30	TASTEGGIO	1	0	9800	60876	63596	228	-2	0.12	0.12	0	
23/02/2012 09:04:51	TASTEGGIO	0	1	9800	60876	63596	239	-1	0.10	0.10	0	
23/02/2012 09:05:12	TASTEGGIO	0	2	9800	60876	63596	255	-1	0.09	0.09	0	
23/02/2012 09:05:24	TASTEGGIO	0	2	9800	60876	146236	255	-1	0.02	0.09	-82000	
23/02/2012 09:07:10	TASTEGGIO	0	2	9800	60876	146280	255	-1	0.30	0.48	-24500	
23/02/2012 09:07:36	TASTEGGIO	1	0	9800	60876	170702	273	-31	0.19	0.19	0	
23/02/2012 09:07:58	TASTEGGIO	0	0	9800	60876	170717	236	-14	0.07	0.07	0	
23/02/2012 09:08:08	TASTEGGIO	0	0	9800	60876	146273	236	-14	0.08	0.46	82800	
23/02/2012 09:08:35	TASTEGGIO	1	0	9800	60876	63518	271	-2	0.44	0.44	0	
23/02/2012 09:08:57	TASTEGGIO	0	1	9800	60876	63517	313	-5	0.38	0.38	0	
23/02/2012 09:09:19	TASTEGGIO	0	2	9800	60876	63517	378	-19	0.19	0.19	0	
23/02/2012 09:09:39	TASTEGGIO	0	0	9800	60876	63517	236	0	0.19	0.19	0	
23/02/2012 09:10:02	TASTEGGIO	0	1	9800	60876	63517	255	0	0.19	0.19	0	
23/02/2012 09:10:23	TASTEGGIO	0	2	9800	60876	63614	293	0	0.20	0.20	0	
23/02/2012 09:10:45	TASTEGGIO	0	3	9800	60876	63614	356	-2	0.18	0.18	0	
23/02/2012 09:11:07	TASTEGGIO	0	4	9800	60876	63614	400	-13	0.06	0.06	0	
23/02/2012 09:11:19	TASTEGGIO	0	4	9800	60876	146153	400	-13	0.18	0.30	-82000	
23/02/2012 09:11:47	TASTEGGIO	1	0	9800	60876	228105	250	-10	0.22	0.22	0	
23/02/2012 09:12:08	TASTEGGIO	0	1	9800	60876	228108	266	-8	0.15	0.15	0	
23/02/2012 09:12:30	TASTEGGIO	0	2	9800	60876	228108	280	-6	0.09	0.09	0	
23/02/2012 09:12:43	TASTEGGIO	0	2	9800	60876	146260	280	-6	0.15	0.15	0	
23/02/2012 09:13:07	TASTEGGIO	1	0	9800	60876	146269	231	-21	0.07	0.07	0	
23/02/2012 09:13:15	TASTEGGIO	1	0	9800	60876	146258	231	-21	0.07	0.16	-82000	
23/02/2012 09:13:42	TASTEGGIO	1	0	9800	60876	228209	232	0	0.16	0.16	0	
23/02/2012 09:14:03	TASTEGGIO	0	1	9800	60876	228226	248	-2	0.14	0.14	0	
23/02/2012 09:14:15	TASTEGGIO	0	1	9800	60876	146289	248	-2	0.06	0.15	-82000	
23/02/2012 09:14:41	TASTEGGIO	1	0	9800	60876	228240	231	-1	0.14	0.14	0	
23/02/2012 09:14:53	TASTEGGIO	1	0	9800	60876	146270	231	-1	0.06	0.15	-82000	
23/02/2012 09:15:19	TASTEGGIO	1	0	9800	60876	228222	231	-1	0.14	0.14	0	
23/02/2012 09:15:32	TASTEGGIO	1	0	9800	60876	146273	231	-1	0.06	0.15	-82000	
23/02/2012 09:15:58	TASTEGGIO	1	0	9800	60876	228225	231	0	0.14	0.14	0	
23/02/2012 09:16:10	TASTEGGIO	1	0	9800	60876	146277	231	0	0.06	0.14	-82000	
23/02/2012 09:16:36	TASTEGGIO	1	0	9800	60876	228229	229	0	0.14	0.14	0	
23/02/2012 09:16:57	TASTEGGIO	0	1	9800	60876	228229	243	-1	0.14	0.14	0	
23/02/2012 09:17:19	TASTEGGIO	0	2	9800	60876	228236	271	-2	0.12	0.12	0	
23/02/2012 09:17:40	TASTEGGIO	0	3	9800	60876	228246	301	-9	0.05	0.05	0	
23/02/2012 09:17:53	TASTEGGIO	0	3	9800	60876	146296	301	-9	0.04	0.14	82800	
23/02/2012 09:18:19	TASTEGGIO	1	0	9800	60876	63534	229	0	0.13	0.13	0	
23/02/2012 09:18:39	TASTEGGIO	0	1	9800	60876	63537	241	0	0.13	0.13	0	
23/02/2012 09:19:02	TASTEGGIO	0	2	9800	60876	63538	267	0	0.13	0.13	0	
23/02/2012 09:19:23	TASTEGGIO	0	3	9800	60876	63540	306	0	0.13	0.13	0	
23/02/2012 09:19:46	TASTEGGIO	0	4	9800	60876	63543	358	-3	0.10	0.10	0	
23/02/2012 09:20:08	TASTEGGIO	0	5	9800	60876	63649	375	-3	0.08	0.08	0	
23/02/2012 09:20:21	TASTEGGIO	0	5	9800	60876	146153	375	-3	0.07	0.10	-24500	
23/02/2012 09:20:47	TASTEGGIO	1	0	9800	60876	170602	224	-19	0.11	0.11	0	
23/02/2012 09:21:09	TASTEGGIO	0	1	9800	60876	170605	211	-11	0.03	0.03	0	
23/02/2012 09:21:19	TASTEGGIO	0	1	9800	60876	146257	211	-11	0.02	0.12	82800	
23/02/2012 09:21:45	TASTEGGIO	1	0	9800	60876	63502	227	0	0.11	0.11	0	
23/02/2012 09:22:04	TASTEGGIO	0	1	9800	60876	63503	237	0	0.12	0.12	0	
23/02/2012 09:22:25	TASTEGGIO	0	2	9800	60876	63506	263	0	0.12	0.12	0	
23/02/2012 09:22:48	TASTEGGIO	0	3	9800	60876	63508	299	0	0.11	0.11	0	
23/02/2012 09:23:09	TASTEGGIO	0	4	9800	60876	63508	339	-1	0.11	0.11	0	
23/02/2012 09:23:33	TASTEGGIO	0	5	9800	60876	63614	394	-2	0.09	0.09	0	
23/02/2012 09:23:45	TASTEGGIO	0	5	9800	60876	146154	394	-2	0.03	0.09	82800	
23/02/2012 09:25:32	TASTEGGIO	0	5	9800	60876	146381	394	-2	0.04	0.16	82800	
23/02/2012 09:25:57	TASTEGGIO	1	0	9800	60876	63622	232	-1	0.15	0.15	0	
23/02/2012 09:26:18	TASTEGGIO	0	1	9800	60876	63625	246	-2	0.14	0.14	0	
23/02/2012 09:26:30	TASTEGGIO	0	1	9800	60876	146249	246	-2	0.03	0.13	82800	
23/02/2012 09:26:56	TASTEGGIO	1	0	9800	60876	63494	228	-1	0.14	0.14	0	
23/02/2012 09:27:17	TASTEGGIO	0	1	9800	60876	63494	243	0	0.14	0.14	0	
23/02/2012 09:27:38	TASTEGGIO	0	2	9800	60876	63494	271	-3	0.12	0.12	0	
23/02/2012 09:28:01	TASTEGGIO	0	3	9800	60876	63494	301	-7	0.05	0.05	0	
23/02/2012 09:28:13	TASTEGGIO	0	3	9800	60876	146247	301	-7	0.04	0.06	-82000	
23/02/2012 09:29:59	TASTEGGIO	0	3	9800	60876	146396	301	-7	0.73	0.76	-24500	
23/02/2012 09:30:27	TASTEGGIO	1	0	9800	60876	170821	309	-29	0.49	0.49	0	
23/02/2012 09:30:50	TASTEGGIO	0	1	9800	60876	170837	340	-31	0.19	0.19	0	
23/02/2012 09:31:13	TASTEGGIO	0	0	9800	60876	170840	236	-1	0.19	0.19	0	
23/02/2012 09:31:37	TASTEGGIO	0	1	9800	60876	170842	255	-2	0.18	0.18	0	
23/02/2012 09:31:59	TASTEGGIO	0	2	9800	60876	170843	289	-2	0.16	0.16	0	
23/02/2012 09:32:23	TASTEGGIO	0	3	9800	60876	170843	331	-18	0.09	0.09	0	
23/02/2012 09:32:34	TASTEGGIO	0	3	9800	60876	146349	331	-18	0.10	0.22	82800	
23/02/2012 09:32:59	TASTEGGIO	1	0	9800	60876	63597	240	-1	0.20	0.20	0	
23/02/2012 09:33:19	TASTEGGIO	0	1	9800	60876	63596	258	-1	0.19	0.19	0	
23/02/2012 09:33:40	TASTEGGIO	0	2	9800	60876	63596	294	-6	0.14	0.14	0	
23/02/2012 09:33:53	TASTEGGIO	0	2	9800	60876	146240	294	-6	0.11	0.15	82800	
23/02/2012 09:34:19	TASTEGGIO	1	0	9800	60876	63486	231	-1	0.14	0.14	0	
23/02/2012 09:34:31	TASTEGGIO	1	0	9800	60876	146239	231	-1	0.11	0.15	82800	
23/02/2012 09:34:57	TASTEGGIO	1	0	9800	60876	63484	231	-1	0.14	0.14	0	
23/02/2012 09:35:09	TASTEGGIO	1	0	9800	60876	146246	231	-1	0.11	0.14	82800	
23/02/2012 09:35:36	TASTEGGIO	1	0	9800	60876	63491	229	0	0.13	0.13	0	
23/02/2012 09:35:56	TASTEGGIO	0	1	9800	60876	63492	241	0	0.13	0.13	0	
23/02/2012 09:36:19	TASTEGGIO	0	2	9800	60876	63493	267	0	0.13	0.13	0	
23/02/2012 09:36:42	TASTEGGIO	0	3	9800	60876	63494	306	-5	0.09	0.09	0	
23/02/2012 09:36:54	TASTEGGIO	0	3	9800	60876	146247	306	-5	0.13	0.14	-44500	
23/02/2012 09:37:20	TASTEGGIO	1	0	9800	60876	190704	229	-19	0.04	0.04	0	
23/02/2012 09:37:31	TASTEGGIO	1	0	9800	60876	146362	229	-19	0.01	0.13	82800	
23/02/2012 09:37:57	TASTEGGIO	1	0	9800	60876	63609	228	-1	0.12	0.12	0	
23/02/2012 09:38:19	TASTEGGIO	0	1	9800	60876	63609	239	0	0.12	0.12	0	
23/02/2012 09:38:41	TASTEGGIO	0	2	9800	60876	63609	263	-1	0.11	0.11	0	
23/02/2012 09:39:02	TASTEGGIO	0	3	9800	60876	63611	293	-2	0.09	0.09	0	
23/02/2012 09:39:15	TASTEGGIO	0	3	9800	60876	146248	293	-2	0.01	0.11	-82000	
23/02/2012 09:39:41	TASTEGGIO	1	0	9800	60876	228202	225	-6	0.05	0.05	0	
23/02/2012 09:39:53	TASTEGGIO	1	0	9800	60876	146361	225	-6	0.06	0.08	82800	
23/02/2012 09:41:39	TASTEGGIO	1	0	9800	60876	146468	225	-6	0.40	0.46	24500	
23/02/2012 09:42:06	TASTEGGIO	1	0	9800	60876	122018	271	-16	0.31	0.31	0	
23/02/2012 09:42:29	TASTEGGIO	0	1	9800	60876	122017	291	-15	0.16	0.16	0	
23/02/2012 09:42:53	TASTEGGIO	0	2	9800	60876	122017	302	-12	0.05	0.05	0	
23/02/2012 09:43:04	TASTEGGIO	0	2	9800	60876	146350	302	-12	0.04	0.11	82800	
23/02/2012 09:43:30	TASTEGGIO	1	0	9800	60876	63598	225	-1	0.11	0.11	0	
23/02/2012 09:43:50	TASTEGGIO	0	1	9800	60876	63597	236	0	0.11	0.11	0	
23/02/2012 09:44:11	TASTEGGIO	0	2	9800	60876	63598	258	-1	0.09	0.09	0	
23/02/2012 09:44:24	TASTEGGIO	0	2	9800	60876	146345	258	-1	0.03	0.11	-82000	
23/02/2012 09:44:51	TASTEGGIO	1	0	9800	60876	228287	225	-10	0.04	0.04	0	
23/02/2012 09:45:03	TASTEGGIO	1	0	9800	60876	146447	225	-10	0.09	0.14	44500	
23/02/2012 09:45:30	TASTEGGIO	1	0	9800	60876	101982	229	-5	0.08	0.08	0	
23/02/2012 09:45:41	TASTEGGIO	1	0	9800	60876	146340	229	-5	0.05	0.10	82800	
23/02/2012 09:46:07	TASTEGGIO	1	0	9800	60876	63584	224	0	0.09	0.09	0	
23/02/2012 09:46:19	TASTEGGIO	1	0	9800	60876	146344	224	0	0.05	0.09	44500	
23/02/2012 09:48:06	TASTEGGIO	1	0	9800	60876	146180	224	0	0.66	0.81	-44500	
23/02/2012 09:48:33	TASTEGGIO	1	0	9800	60876	190625	316	-35	0.49	0.49	0	
23/02/2012 09:48:56	TASTEGGIO	0	1	9800	60876	190625	345	-37	0.15	0.15	0	
23/02/2012 09:49:18	TASTEGGIO	0	0	9800	60876	190625	231	-1	0.15	0.15	0	
23/02/2012 09:49:39	TASTEGGIO	0	1	9800	60876	190626	246	0	0.15	0.15	0	
23/02/2012 09:50:02	TASTEGGIO	0	2	9800	60876	190626	276	-7	0.11	0.11	0	
23/02/2012 09:50:14	TASTEGGIO	0	2	9800	60876	146150	276	-7	0.11	0.23	-82000	
23/02/2012 09:50:40	TASTEGGIO	1	0	9800	60876	228093	241	-11	0.11	0.11	0	
23/02/2012 09:50:52	TASTEGGIO	1	0	9800	60876	146160	241	-11	0.07	0.12	-82000	
23/02/2012 09:51:19	TASTEGGIO	1	0	9800	60876	228107	227	-3	0.08	0.08	0	
23/02/2012 09:51:31	TASTEGGIO	1	0	9800	60876	146148	227	-3	0.06	0.10	44500	
23/02/2012 09:51:57	TASTEGGIO	1	0	9800	60876	101685	224	-9	0.04	0.04	0	
23/02/2012 09:52:09	TASTEGGIO	1	0	9800	60876	146035	224	-9	0.02	0.10	-82000	
23/02/2012 09:52:34	TASTEGGIO	1	0	9800	60876	227988	224	-1	0.08	0.08	0	
23/02/2012 09:52:46	TASTEGGIO	1	0	9800	60876	146153	224	-1	0.02	0.08	-82000	
23/02/2012 09:54:32	TASTEGGIO	1	0	9800	60876	146254	224	-1	0.39	0.47	44500	
23/02/2012 09:54:58	TASTEGGIO	1	0	9800	60876	101795	272	-12	0.37	0.37	0	
23/02/2012 09:55:20	TASTEGGIO	0	1	9800	60876	101794	301	-15	0.22	0.22	0	
23/02/2012 09:55:44	TASTEGGIO	0	2	9800	60876	101794	319	-16	0.08	0.08	0	
23/02/2012 09:55:55	TASTEGGIO	0	2	9800	60876	146151	319	-16	0.14	0.18	82800	
23/02/2012 09:56:22	TASTEGGIO	1	0	9800	60876	63396	234	-1	0.16	0.16	0	
23/02/2012 09:56:42	TASTEGGIO	0	1	9800	60876	63396	248	0	0.15	0.15	0	
23/02/2012 09:57:05	TASTEGGIO	0	2	9800	60876	63396	276	-3	0.12	0.12	0	
23/02/2012 09:57:17	TASTEGGIO	0	2	9800	60876	146139	276	-3	0.15	0.17	-24500	
23/02/2012 09:57:44	TASTEGGIO	1	0	9800	60876	170590	233	-24	0.08	0.08	0	
23/02/2012 09:57:54	TASTEGGIO	1	0	9800	60876	146246	233	-24	0.05	0.12	82800	
23/02/2012 09:58:20	TASTEGGIO	1	0	9800	60876	63490	227	0	0.12	0.12	0	
23/02/2012 09:58:40	TASTEGGIO	0	1	9800	60876	63490	239	0	0.12	0.12	0	
23/02/2012 09:59:01	TASTEGGIO	0	2	9800	60876	63489	263	0	0.11	0.11	0	
23/02/2012 09:59:24	TASTEGGIO	0	3	9800	60876	63489	293	-4	0.06	0.06	0	
23/02/2012 09:59:36	TASTEGGIO	0	3	9800	60876	146143	293	-4	0.06	0.12	-82000	
23/02/2012 10:00:04	TASTEGGIO	1	0	9800	60876	228091	227	-6	0.07	0.07	0	
23/02/2012 10:00:16	TASTEGGIO	1	0	9800	60876	146257	227	-6	0.04	0.08	82800	
23/02/2012 10:02:02	TASTEGGIO	1	0	9800	60876	146269	227	-6	0.55	0.60	-44500	
23/02/2012 10:02:29	TASTEGGIO	1	0	9800	60876	190721	289	-26	0.37	0.37	0	
23/02/2012 10:02:51	TASTEGGIO	0	1	9800	60876	190723	311	-25	0.13	0.13	0	
23/02/2012 10:03:03	TASTEGGIO	0	1	9800	60876	146273	311	-25	0.19	0.22	44500	
23/02/2012 10:03:29	TASTEGGIO	1	0	9800	60876	101815	240	-11	0.14	0.14	0	
23/02/2012 10:03:40	TASTEGGIO	1	0	9800	60876	146147	240	-11	0.12	0.19	82800	
23/02/2012 10:04:07	TASTEGGIO	1	0	9800	60876	63391	236	-1	0.18	0.18	0	
23/02/2012 10:04:28	TASTEGGIO	0	1	9800	60876	63392	253	0	0.17	0.17	0	
23/02/2012 10:04:50	TASTEGGIO	0	2	9800	60876	63392	285	-4	0.12	0.12	0	
23/02/2012 10:05:03	TASTEGGIO	0	2	9800	60876	146146	285	-4	0.07	0.11	82800	
23/02/2012 10:05:28	TASTEGGIO	1	0	9800	60876	63391	225	0	0.12	0.12	0	
23/02/2012 10:05:48	TASTEGGIO	0	1	9800	60876	63390	238	0	0.12	0.12	0	
23/02/2012 10:06:10	TASTEGGIO	0	2	9800	60876	63390	262	0	0.12	0.12	0	
23/02/2012 10:06:31	TASTEGGIO	0	3	9800	60876	63390	298	-4	0.08	0.08	0	
23/02/2012 10:06:44	TASTEGGIO	0	3	9800	60876	146147	298	-4	0.06	0.07	82800	
23/02/2012 10:08:30	TASTEGGIO	0	3	9800	60876	146235	298	-4	0.23	0.26	-82000	
23/02/2012 10:08:56	TASTEGGIO	1	0	9800	60876	228194	245	-12	0.14	0.14	0	
23/02/2012 10:09:09	TASTEGGIO	1	0	9800	60876	146354	245	-12	0.24	0.27	24500	
23/02/2012 10:09:34	TASTEGGIO	1	0	9800	60876	121903	246	-18	0.10	0.10	0	
23/02/2012 10:09:45	TASTEGGIO	1	0	9800	60876	146220	246	-18	0.13	0.21	-82000	
23/02/2012 10:10:12	TASTEGGIO	1	0	9800	60876	228173	238	-6	0.15	0.15	0	
23/02/2012 10:10:33	TASTEGGIO	0	1	9800	60876	228174	248	-5	0.09	0.09	0	
23/02/2012 10:10:45	TASTEGGIO	0	1	9800	60876	146354	248	-5	0.19	0.19	0	
23/02/2012 10:11:09	TASTEGGIO	1	0	9800	60876	146362	236	-26	0.09	0.09	0	
23/02/2012 10:11:18	TASTEGGIO	1	0	9800	60876	146353	236	-26	0.09	0.19	-82000	
23/02/2012 10:11:45	TASTEGGIO	1	0	9800	60876	228298	236	-1	0.19	0.19	0	
23/02/2012 10:12:06	TASTEGGIO	0	1	9800	60876	228298	255	-3	0.16	0.16	0	
23/02/2012 10:12:28	TASTEGGIO	0	2	9800	60876	228299	281	-7	0.09	0.09	0	
23/02/2012 10:12:41	TASTEGGIO	0	2	9800	60876	146350	281	-7	0.04	0.10	-44500	
23/02/2012 10:13:06	TASTEGGIO	1	0	9800	60876	190810	224	-24	0.13	0.13	0	
23/02/2012 10:13:27	TASTEGGIO	0	1	9800	60876	190824	207	-16	0.02	0.02	0	
23/02/2012 10:13:38	TASTEGGIO	0	1	9800	60876	146362	207	-16	0.04	0.10	24500	
23/02/2012 10:14:05	TASTEGGIO	1	0	9800	60876	121913	224	-11	0.05	0.05	0	
23/02/2012 10:14:15	TASTEGGIO	1	0	9800	60876	146236	224	-11	0.08	0.10	-24500	
23/02/2012 10:14:42	TASTEGGIO	1	0	9800	60876	170682	224	-28	0.16	0.16	0	
23/02/2012 10:15:04	TASTEGGIO	0	1	9800	60876	170682	198	-17	0.02	0.02	0	
23/02/2012 10:15:14	TASTEGGIO	0	1	9800	60876	146355	198	-17	0.02	0.10	-82000	
23/02/2012 10:15:40	TASTEGGIO	1	0	9800	60876	228298	224	-5	0.03	0.03	0	
23/02/2012 10:15:53	TASTEGGIO	1	0	9800	60876	146355	224	-5	0.04	0.06	-24500	
23/02/2012 10:17:37	TASTEGGIO	1	0	9800	60876	146383	224	-5	0.37	0.44	44500	
23/02/2012 10:18:03	TASTEGGIO	1	0	9800	60876	101930	268	-10	0.36	0.36	0	
23/02/2012 10:18:25	TASTEGGIO	0	1	9800	60876	101932	297	-14	0.23	0.23	0	
23/02/2012 10:18:49	TASTEGGIO	0	2	9800	60876	101933	317	-13	0.09	0.09	0	
23/02/2012 10:19:01	TASTEGGIO	0	2	9800	60876	146245	317	-13	0.12	0.17	-44500	
23/02/2012 10:19:27	TASTEGGIO	1	0	9800	60876	190697	233	-23	0.07	0.07	0	
23/02/2012 10:19:38	TASTEGGIO	1	0	9800	60876	146358	233	-23	0.09	0.18	82800	
23/02/2012 10:20:05	TASTEGGIO	1	0	9800	60876	63605	234	-1	0.17	0.17	0	
23/02/2012 10:20:26	TASTEGGIO	0	1	9800	60876	63604	250	-1	0.16	0.16	0	
23/02/2012 10:20:49	TASTEGGIO	0	2	9800	60876	63604	280	-3	0.13	0.13	0	
23/02/2012 10:21:01	TASTEGGIO	0	2	9800	60876	146233	280	-3	0.06	0.13	82800	
23/02/2012 10:21:28	TASTEGGIO	1	0	9800	60876	63478	228	0	0.13	0.13	0	
23/02/2012 10:21:48	TASTEGGIO	0	1	9800	60876	63477	241	0	0.13	0.13	0	
23/02/2012 10:22:11	TASTEGGIO	0	2	9800	60876	63477	267	0	0.13	0.13	0	
23/02/2012 10:22:32	TASTEGGIO	0	3	9800	60876	63477	306	-5	0.09	0.09	0	
23/02/2012 10:22:45	TASTEGGIO	0	3	9800	60876	146236	306	-5	0.03	0.11	-82000	
23/02/2012 10:23:12	TASTEGGIO	1	0	9800	60876	228190	225	-9	0.03	0.03	0	
23/02/2012 10:23:24	TASTEGGIO	1	0	9800	60876	146366	225	-9	0.10	0.13	24500	
23/02/2012 10:23:51	TASTEGGIO	1	0	9800	60876	121917	228	-12	0.03	0.03	0	
23/02/2012 10:24:01	TASTEGGIO	1	0	9800	60876	146238	228	-12	0.07	0.09	82800	
23/02/2012 10:25:48	TASTEGGIO	1	0	9800	60876	146288	228	-12	0.65	0.70	24500	
23/02/2012 10:26:15	TASTEGGIO	1	0	9800	60876	121840	301	-22	0.47	0.47	0	
23/02/2012 10:26:38	TASTEGGIO	0	1	9800	60876	121839	332	-25	0.21	0.21	0	
23/02/2012 10:27:00	TASTEGGIO	0	0	9800	60876	121839	238	0	0.22	0.22	0	
23/02/2012 10:27:23	TASTEGGIO	0	1	9800	60876	121839	261	0	0.22	0.22	0	
23/02/2012 10:27:45	TASTEGGIO	0	2	9800	60876	121839	305	-3	0.19	0.19	0	
23/02/2012 10:28:09	TASTEGGIO	0	3	9800	60876	121838	354	-23	0.03	0.03	0	
23/02/2012 10:28:20	TASTEGGIO	0	3	9800	60876	146147	354	-23	0.06	0.26	-82000	
23/02/2012 10:28:46	TASTEGGIO	1	0	9800	60876	228097	245	-12	0.16	0.16	0	
23/02/2012 10:29:07	TASTEGGIO	0	1	9800	60876	228099	254	-8	0.08	0.08	0	
23/02/2012 10:29:19	TASTEGGIO	0	1	9800	60876	146251	254	-8	0.06	0.29	82800	
23/02/2012 10:29:46	TASTEGGIO	1	0	9800	60876	63497	249	-3	0.26	0.26	0	
23/02/2012 10:30:07	TASTEGGIO	0	1	9800	60876	63496	272	-2	0.24	0.24	0	
23/02/2012 10:30:28	TASTEGGIO	0	2	9800	60876	63496	316	-11	0.13	0.13	0	
23/02/2012 10:30:41	TASTEGGIO	0	2	9800	60876	146141	316	-11	0.11	0.14	24500	
23/02/2012 10:31:07	TASTEGGIO	1	0	9800	60876	121690	229	-25	0.12	0.12	0	
23/02/2012 10:31:30	TASTEGGIO	0	1	9800	60876	121689	218	-6	0.07	0.07	0	
23/02/2012 10:31:40	TASTEGGIO	0	1	9800	60876	146144	218	-6	0.09	0.20	82800	
23/02/2012 10:32:07	TASTEGGIO	1	0	9800	60876	63390	237	0	0.20	0.20	0	
23/02/2012 10:32:29	TASTEGGIO	0	1	9800	60876	63392	257	0	0.20	0.20	0	
23/02/2012 10:32:51	TASTEGGIO	0	2	9800	60876	63395	297	-2	0.18	0.18	0	
23/02/2012 10:33:14	TASTEGGIO	0	3	9800	60876	63398	345	-12	0.07	0.07	0	
23/02/2012 10:33:26	TASTEGGIO	0	3	9800	60876	146152	345	-12	0.07	0.13	-82000	
23/02/2012 10:33:52	TASTEGGIO	1	0	9800	60876	228098	228	-3	0.11	0.11	0	
23/02/2012 10:34:13	TASTEGGIO	0	1	9800	60876	228106	237	0	0.11	0.11	0	
23/02/2012 10:34:35	TASTEGGIO	0	2	9800	60876	228125	259	-3	0.09	0.09	0	
23/02/2012 10:34:47	TASTEGGIO	0	2	9800	60876	146314	259	-3	0.04	0.09	-44500	
23/02/2012 10:36:34	TASTEGGIO	0	2	9800	60876	146281	259	-3	0.59	0.59	0	
23/02/2012 10:36:59	TASTEGGIO	1	0	9800	60876	146297	287	-27	0.33	0.33	0	
23/02/2012 10:37:22	TASTEGGIO	0	1	9800	60876	146297	305	-23	0.11	0.11	0	
23/02/2012 10:37:30	TASTEGGIO	0	1	9800	60876	146272	305	-23	0.11	0.24	82800	
23/02/2012 10:37:56	TASTEGGIO	1	0	9800	60876	63517	242	-1	0.23	0.23	0	
23/02/2012 10:38:17	TASTEGGIO	0	1	9800	60876	63517	264	-2	0.21	0.21	0	
23/02/2012 10:38:39	TASTEGGIO	0	2	9800	60876	63516	302	-6	0.15	0.15	0	
23/02/2012 10:39:00	TASTEGGIO	0	3	9800	60876	63516	320	-5	0.10	0.10	0	
23/02/2012 10:39:12	TASTEGGIO	0	3	9800	60876	146154	320	-5	0.07	0.23	-82000	
23/02/2012 10:39:39	TASTEGGIO	1	0	9800	60876	228105	241	-10	0.15	0.15	0	
23/02/2012 10:40:00	TASTEGGIO	0	1	9800	60876	228106	250	-7	0.06	0.06	0	
23/02/2012 10:40:12	TASTEGGIO	0	1	9800	60876	146245	250	-7	0.04	0.12	82800	
23/02/2012 10:40:38	TASTEGGIO	1	0	9800	60876	63490	227	0	0.11	0.11	0	
23/02/2012 10:40:59	TASTEGGIO	0	1	9800	60876	63490	237	0	0.11	0.11	0	
23/02/2012 10:41:19	TASTEGGIO	0	2	9800	60876	63491	259	0	0.10	0.10	0	
23/02/2012 10:41:40	TASTEGGIO	0	3	9800	60876	63493	286	-1	0.09	0.09	0	
23/02/2012 10:41:53	TASTEGGIO	0	3	9800	60876	146153	286	-1	0.03	0.10	82800	
23/02/2012 10:42:19	TASTEGGIO	1	0	9800	60876	63400	224	0	0.09	0.09	0	
23/02/2012 10:42:31	TASTEGGIO	1	0	9800	60876	146151	224	0	0.03	0.10	82800	
23/02/2012 10:42:57	TASTEGGIO	1	0	9800	60876	63397	224	0	0.09	0.09	0	
23/02/2012 10:43:10	TASTEGGIO	1	0	9800	60876	146151	224	0	0.03	0.10	82800	
23/02/2012 10:43:36	TASTEGGIO	1	0	9800	60876	63397	224	0	0.09	0.09	0	
23/02/2012 10:43:48	TASTEGGIO	1	0	9800	60876	146150	224	0	0.03	0.11	82800	
23/02/2012 10:44:14	TASTEGGIO	1	0	9800	60876	63396	225	0	0.09	0.09	0	
23/02/2012 10:44:26	TASTEGGIO	1	0	9800	60876	146153	225	0	0.03	0.10	82800	
23/02/2012 10:44:53	TASTEGGIO	1	0	9800	60876	63400	224	0	0.09	0.09	0	
23/02/2012 10:45:05	TASTEGGIO	1	0	9800	60876	146154	224	0	0.03	0.10	82800	
23/02/2012 10:45:31	TASTEGGIO	1	0	9800	60876	63399	224	0	0.09	0.09	0	
23/02/2012 10:45:43	TASTEGGIO	1	0	9800	60876	146153	224	0	0.03	0.10	82800	
23/02/2012 10:46:09	TASTEGGIO	1	0	9800	60876	63398	224	0	0.09	0.09	0	
23/02/2012 10:46:22	TASTEGGIO	1	0	9800	60876	146155	224	0	0.03	0.09	82800	
23/02/2012 10:48:08	TASTEGGIO	1	0	9800	60876	146280	224	0	0.15	0.23	44500	
23/02/2012 10:48:34	TASTEGGIO	1	0	9800	60876	101812	241	-7	0.16	0.16	0	
23/02/2012 10:48:55	TASTEGGIO	0	1	9800	60876	101814	252	-4	0.12	0.12	0	
23/02/2012 10:49:06	TASTEGGIO	0	1	9800	60876	146156	252	-4	0.08	0.17	-82000	
23/02/2012 10:49:32	TASTEGGIO	1	0	9800	60876	228102	233	-11	0.10	0.10	0	
23/02/2012 10:49:44	TASTEGGIO	1	0	9800	60876	146258	233	-11	0.08	0.14	82800	
23/02/2012 10:50:10	TASTEGGIO	1	0	9800	60876	63502	229	-2	0.12	0.12	0	
23/02/2012 10:50:30	TASTEGGIO	0	1	9800	60876	63502	239	0	0.11	0.11	0	
23/02/2012 10:50:53	TASTEGGIO	0	2	9800	60876	63502	259	0	0.11	0.11	0	
23/02/2012 10:51:16	TASTEGGIO	0	3	9800	60876	63501	292	-3	0.07	0.07	0	
23/02/2012 10:51:28	TASTEGGIO	0	3	9800	60876	146135	292	-3	0.05	0.11	-82000	
23/02/2012 10:51:55	TASTEGGIO	1	0	9800	60876	228084	225	-2	0.09	0.09	0	
23/02/2012 10:52:07	TASTEGGIO	1	0	9800	60876	146242	225	-2	0.06	0.09	-82000	
23/02/2012 10:53:53	TASTEGGIO	1	0	9800	60876	146275	225	-2	0.39	0.40	44500	
23/02/2012 10:54:19	TASTEGGIO	1	0	9800	60876	101816	263	-12	0.30	0.30	0	
23/02/2012 10:54:41	TASTEGGIO	0	1	9800	60876	101819	285	-12	0.18	0.18	0	
23/02/2012 10:55:05	TASTEGGIO	0	2	9800	60876	101822	300	-13	0.07	0.07	0	
23/02/2012 10:55:17	TASTEGGIO	0	2	9800	60876	146153	300	-13	0.12	0.23	-82000	
23/02/2012 10:55:43	TASTEGGIO	1	0	9800	60876	228098	241	-9	0.14	0.14	0	
23/02/2012 10:55:56	TASTEGGIO	1	0	9800	60876	146247	241	-9	0.08	0.14	-82000	
23/02/2012 10:56:22	TASTEGGIO	1	0	9800	60876	228193	229	0	0.13	0.13	0	
23/02/2012 10:56:43	TASTEGGIO	0	1	9800	60876	228204	241	-4	0.08	0.08	0	
23/02/2012 10:56:55	TASTEGGIO	0	1	9800	60876	146246	241	-4	0.10	0.11	82800	
23/02/2012 10:57:21	TASTEGGIO	1	0	9800	60876	63491	225	-2	0.10	0.10	0	
23/02/2012 10:57:42	TASTEGGIO	0	1	9800	60876	63490	234	0	0.10	0.10	0	
23/02/2012 10:58:04	TASTEGGIO	0	2	9800	60876	63490	254	-3	0.08	0.08	0	
23/02/2012 10:58:16	TASTEGGIO	0	2	9800	60876	146132	254	-3	0.09	0.09	0	
23/02/2012 11:00:02	TASTEGGIO	0	2	9800	60876	146275	254	-3	1.56	1.56	0	
23/02/2012 11:00:28	TASTEGGIO	1	0	9800	60876	146298	400	-33	1.21	1.21	0	
23/02/2012 11:00:50	TASTEGGIO	0	1	9800	60876	146298	400	-15	1.04	1.04	0	
23/02/2012 11:01:15	TASTEGGIO	0	2	9800	60876	146298	400	-8	0.96	0.96	0	
23/02/2012 11:01:39	TASTEGGIO	0	3	9800	60876	146298	400	-11	0.85	0.85	0	
23/02/2012 11:02:04	TASTEGGIO	0	4	9800	60876	146298	400	-3	0.82	0.82	0	
23/02/2012 11:02:29	TASTEGGIO	0	5	9800	60876	146298	400	-3	0.78	0.78	0	
23/02/2012 11:02:54	TASTEGGIO	0	6	9800	60876	146298	400	-3	0.76	0.76	0	
23/02/2012 11:03:17	TASTEGGIO	0	7	9800	60876	146298	400	-2	0.73	0.73	0	
23/02/2012 11:03:43	TASTEGGIO	0	8	9800	60876	146298	400	-1	0.72	0.72	0	
23/02/2012 11:04:06	TASTEGGIO	0	9	9800	60876	146298	400	-1	0.70	0.70	0	
23/02/2012 11:04:31	TASTEGGIO	0	10	9800	60876	146298	400	-1	0.69	0.69	0	
23/02/2012 11:04:55	TASTEGGIO	0	11	9800	60876	146298	400	-1	0.68	0.68	0	
23/02/2012 11:05:20	TASTEGGIO	0	12	9800	60876	146298	400	-3	0.67	0.67	0	
23/02/2012 11:05:45	TASTEGGIO	0	13	9800	60876	146298	400	-2	0.65	0.65	0	
23/02/2012 11:06:09	TASTEGGIO	0	14	9800	60876	146298	400	-1	0.64	0.64	0	
23/02/2012 11:06:34	TASTEGGIO	0	15	9800	60876	146298	400	0	0.63	0.63	0	
23/02/2012 11:06:57	TASTEGGIO	0	16	9800	60876	146298	400	-1	0.61	0.61	0	
23/02/2012 11:07:23	TASTEGGIO	0	17	9800	60876	146298	400	0	0.60	0.60	0	
23/02/2012 11:07:48	TASTEGGIO	0	18	9800	60876	146298	400	0	0.60	0.60	0	
23/02/2012 11:08:11	TASTEGGIO	0	19	9800	60876	146298	400	-1	0.59	0.59	0	
23/02/2012 11:08:37	TASTEGGIO	0	20	9800	60876	146298	400	0	0.58	0.58	0	
23/02/2012 11:09:02	TASTEGGIO	0	21	9800	60876	146298	400	0	0.58	0.58	0	
23/02/2012 11:09:25	TASTEGGIO	0	22	9800	60876	146298	400	-1	0.57	0.57	0	
23/02/2012 11:09:51	TASTEGGIO	0	23	9800	60876	146298	400	0	0.57	0.57	0	
23/02/2012 11:10:14	TASTEGGIO	0	24	9800	60876	146298	400	-2	0.55	0.55	0	
23/02/2012 11:10:39	TASTEGGIO	0	25	9800	60876	146298	400	-1	0.54	0.54	0	
23/02/2012 11:11:03	TASTEGGIO	0	26	9800	60876	146298	400	-1	0.53	0.53	0	
23/02/2012 11:11:26	TASTEGGIO	0	27	9800	60876	146298	400	-2	0.51	0.51	0	
23/02/2012 11:11:50	TASTEGGIO	0	28	9800	60876	146298	400	-1	0.50	0.50	0	
23/02/2012 11:12:15	TASTEGGIO	0	29	9800	60876	146298	400	-3	0.47	0.47	0	
23/02/2012 11:12:39	TASTEGGIO	0	30	9800	60876	146298	400	-2	0.47	0.47	0	
23/02/2012 11:13:02	TASTEGGIO	0	31	9800	60876	146298	400	-2	0.44	0.44	0	
23/02/2012 11:13:28	TASTEGGIO	0	32	9800	60876	146298	400	-1	0.43	0.43	0	
23/02/2012 11:13:53	TASTEGGIO	0	33	9800	60876	146298	400	-1	0.43	0.43	0	
23/02/2012 11:14:18	TASTEGGIO	0	34	9800	60876	146298	400	0	0.43	0.43	0	
23/02/2012 11:14:44	TASTEGGIO	0	35	9800	60876	146298	400	-1	0.42	0.42	0	
23/02/2012 11:15:09	TASTEGGIO	0	36	9800	60876	146298	400	-1	0.41	0.41	0	
23/02/2012 11:15:33	TASTEGGIO	0	37	9800	60876	146298	400	-1	0.41	0.41	0	
23/02/2012 11:15:56	TASTEGGIO	0	38	9800	60876	146298	400	-2	0.40	0.40	0	
23/02/2012 11:16:21	TASTEGGIO	0	39	9800	60876	146298	400	-1	0.40	0.40	0	
23/02/2012 11:16:47	TASTEGGIO	0	40	9800	60876	146298	400	-1	0.39	0.39	0	
23/02/2012 11:17:10	TASTEGGIO	0	41	9800	60876	146298	400	0	0.38	0.38	0	
23/02/2012 11:17:36	TASTEGGIO	0	42	9800	60876	146298	400	0	0.38	0.38	0	
23/02/2012 11:17:59	TASTEGGIO	0	43	9800	60876	146298	400	-1	0.37	0.37	0	
23/02/2012 11:18:25	TASTEGGIO	0	44	9800	60876	146298	400	-1	0.37	0.37	0	
23/02/2012 11:18:48	TASTEGGIO	0	45	9800	60876	146298	400	-1	0.37	0.37	0	
23/02/2012 11:19:12	TASTEGGIO	0	46	9800	60876	146298	400	-2	0.36	0.36	0	
23/02/2012 11:19:37	TASTEGGIO	0	47	9800	60876	146298	400	-1	0.36	0.36	0	
23/02/2012 11:20:03	TASTEGGIO	0	48	9800	60876	146298	400	0	0.35	0.35	0	
23/02/2012 11:20:28	TASTEGGIO	0	49	9800	60876	146298	400	-1	0.35	0.35	0	
23/02/2012 11:20:51	TASTEGGIO	0	50	9800	60876	146298	400	-1	0.35	0.35	0	
23/02/2012 11:21:17	TASTEGGIO	0	51	9800	60876	146298	400	0	0.35	0.35	0	
23/02/2012 11:21:42	TASTEGGIO	0	52	9800	60876	146298	400	-1	0.34	0.34	0	
23/02/2012 11:22:07	TASTEGGIO	0	53	9800	60876	146298	400	0	0.34	0.34	0	
23/02/2012 11:22:30	TASTEGGIO	0	54	9800	60876	146298	400	0	0.33	0.33	0	
23/02/2012 11:22:54	TASTEGGIO	0	55	9800	60876	146298	400	0	0.33	0.33	0	
23/02/2012 11:23:18	TASTEGGIO	0	56	9800	60876	146298	400	0	0.33	0.33	0	
23/02/2012 11:23:43	TASTEGGIO	0	57	9800	60876	146298	400	0	0.33	0.33	0	
23/02/2012 11:24:09	TASTEGGIO	0	58	9800	60876	146298	400	-1	0.33	0.33	0	
23/02/2012 11:24:32	TASTEGGIO	0	59	9800	60876	146298	400	-1	0.32	0.32	0	
23/02/2012 11:24:57	TASTEGGIO	0	60	9800	60876	146298	400	-1	0.32	0.32	0	
23/02/2012 11:25:21	TASTEGGIO	0	61	9800	60876	146298	400	0	0.32	0.32	0	
23/02/2012 11:25:45	TASTEGGIO	0	62	9800	60876	146298	400	-1	0.32	0.32	0	
23/02/2012 11:26:10	TASTEGGIO	0	63	9800	60876	146298	400	-1	0.32	0.32	0	
23/02/2012 11:26:35	TASTEGGIO	0	64	9800	60876	146298	400	0	0.32	0.32	0	
23/02/2012 11:27:00	TASTEGGIO	0	65	9800	60876	146298	400	-1	0.32	0.32	0	
23/02/2012 11:27:24	TASTEGGIO	0	66	9800	60876	146298	400	0	0.31	0.31	0	
23/02/2012 11:27:49	TASTEGGIO	0	67	9800	60876	146298	400	-1	0.31	0.31	0	
23/02/2012 11:28:14	TASTEGGIO	0	68	9800	60876	146298	400	0	0.31	0.31	0	
23/02/2012 11:28:39	TASTEGGIO	0	69	9800	60876	146298	400	0	0.31	0.31	0	
23/02/2012 11:30:45	TASTEGGIO	0	70	9800	60876	146188	400	0	0.84	1.03	44500	
23/02/2012 11:31:12	TASTEGGIO	1	0	9800	60876	101736	344	-16	0.88	0.88	0	
23/02/2012 11:31:35	TASTEGGIO	0	1	9800	60876	101736	400	-26	0.61	0.61	0	
23/02/2012 11:31:59	TASTEGGIO	0	2	9800	60876	101738	400	-10	0.50	0.50	0	
23/02/2012 11:32:24	TASTEGGIO	0	3	9800	60876	101738	400	-6	0.44	0.44	0	
23/02/2012 11:32:48	TASTEGGIO	0	4	9800	60876	101739	400	-4	0.39	0.39	0	
23/02/2012 11:33:12	TASTEGGIO	0	5	9800	60876	101739	400	-3	0.37	0.37	0	
23/02/2012 11:33:35	TASTEGGIO	0	6	9800	60876	101739	400	-3	0.34	0.34	0	
23/02/2012 11:33:59	TASTEGGIO	0	7	9800	60876	101739	400	-2	0.31	0.31	0	
23/02/2012 11:34:23	TASTEGGIO	0	8	9800	60876	101739	400	-3	0.28	0.28	0	
23/02/2012 11:34:48	TASTEGGIO	0	9	9800	60876	101739	400	-1	0.27	0.27	0	
23/02/2012 11:35:11	TASTEGGIO	0	10	9800	60876	101739	400	-2	0.25	0.25	0	
23/02/2012 11:35:36	TASTEGGIO	0	11	9800	60876	101739	400	0	0.24	0.24	0	
23/02/2012 11:36:01	TASTEGGIO	0	12	9800	60876	101739	400	0	0.24	0.24	0	
23/02/2012 11:36:24	TASTEGGIO	0	13	9800	60876	101739	400	0	0.23	0.23	0	
23/02/2012 11:36:49	TASTEGGIO	0	14	9800	60876	101739	400	0	0.22	0.22	0	
23/02/2012 11:37:14	TASTEGGIO	0	15	9800	60876	101739	400	0	0.21	0.21	0	
23/02/2012 11:37:39	TASTEGGIO	0	16	9800	60876	101739	400	0	0.20	0.20	0	
23/02/2012 11:38:03	TASTEGGIO	0	17	9800	60876	101739	400	0	0.20	0.20	0	
23/02/2012 11:38:26	TASTEGGIO	0	18	9800	60876	101739	400	-1	0.19	0.19	0	
23/02/2012 11:38:51	TASTEGGIO	0	19	9800	60876	101739	400	0	0.18	0.18	0	
23/02/2012 11:39:16	TASTEGGIO	0	20	9800	60876	101739	400	0	0.18	0.18	0	
23/02/2012 11:39:41	TASTEGGIO	0	21	9800	60876	101739	400	-1	0.17	0.17	0	
23/02/2012 11:40:04	TASTEGGIO	0	22	9800	60876	101739	400	-1	0.17	0.17	0	
23/02/2012 11:40:27	TASTEGGIO	0	23	9800	60876	101739	400	-1	0.15	0.15	0	
23/02/2012 11:40:52	TASTEGGIO	0	24	9800	60876	101739	400	0	0.15	0.15	0	
23/02/2012 11:41:17	TASTEGGIO	0	25	9800	60876	101739	400	-3	0.13	0.13	0	
23/02/2012 11:41:28	TASTEGGIO	0	25	9800	60876	146049	400	-3	0.32	0.39	82800	
23/02/2012 11:41:54	TASTEGGIO	1	0	9800	60876	63297	261	-1	0.36	0.36	0	
23/02/2012 11:42:15	TASTEGGIO	0	1	9800	60876	63299	294	-3	0.33	0.33	0	
23/02/2012 11:42:39	TASTEGGIO	0	2	9800	60876	63303	354	-13	0.19	0.19	0	
23/02/2012 11:43:01	TASTEGGIO	0	3	9800	60876	63305	372	-10	0.09	0.09	0	
23/02/2012 11:43:13	TASTEGGIO	0	3	9800	60876	146049	372	-10	0.38	0.45	-24500	
23/02/2012 11:43:40	TASTEGGIO	1	0	9800	60876	170495	269	-24	0.22	0.22	0	
23/02/2012 11:44:01	TASTEGGIO	0	0	9800	60876	170495	240	-6	0.14	0.14	0	
23/02/2012 11:44:11	TASTEGGIO	0	0	9800	60876	146175	240	-6	0.10	0.19	82800	
23/02/2012 11:44:37	TASTEGGIO	1	0	9800	60876	63425	236	0	0.18	0.18	0	
23/02/2012 11:44:58	TASTEGGIO	0	1	9800	60876	63425	253	2	0.18	0.18	0	
23/02/2012 11:45:20	TASTEGGIO	0	2	9800	60876	63427	289	-1	0.15	0.15	0	
23/02/2012 11:45:42	TASTEGGIO	0	3	9800	60876	63428	326	-3	0.13	0.13	0	
23/02/2012 11:45:54	TASTEGGIO	0	3	9800	60876	146049	326	-3	0.16	0.20	-82000	
23/02/2012 11:46:21	TASTEGGIO	1	0	9800	60876	228001	237	-9	0.14	0.14	0	
23/02/2012 11:46:33	TASTEGGIO	1	0	9800	60876	146193	237	-9	0.15	0.19	24500	
23/02/2012 11:46:59	TASTEGGIO	1	0	9800	60876	121740	236	-17	0.03	0.03	0	
23/02/2012 11:47:10	TASTEGGIO	1	0	9800	60876	146046	236	-17	0.03	0.22	82800	
23/02/2012 11:47:37	TASTEGGIO	1	0	9800	60876	63293	240	2	0.21	0.21	0	
23/02/2012 11:47:58	TASTEGGIO	0	1	9800	60876	63294	260	0	0.22	0.22	0	
23/02/2012 11:48:19	TASTEGGIO	0	2	9800	60876	63295	306	0	0.21	0.21	0	
23/02/2012 11:48:42	TASTEGGIO	0	3	9800	60876	63298	366	-5	0.16	0.16	0	
23/02/2012 11:49:04	TASTEGGIO	0	4	9800	60876	63300	390	-5	0.10	0.10	0	
23/02/2012 11:49:17	TASTEGGIO	0	4	9800	60876	146047	390	-5	0.09	0.14	-82000	
23/02/2012 11:49:43	TASTEGGIO	1	0	9800	60876	227998	229	-3	0.09	0.09	0	
23/02/2012 11:49:55	TASTEGGIO	1	0	9800	60876	146192	229	-3	0.06	0.12	82800	
23/02/2012 11:50:51	ALARM 17	proc 12 prog 10 step 47	LavoroTerminato
23/02/2012 12:22:18	TASTEGGIO	1	0	9800	60876	146225	229	-3	0.32	0.71	-82000	
23/02/2012 12:22:46	TASTEGGIO	1	0	9800	60876	228182	303	-15	0.57	0.57	0	
23/02/2012 12:23:07	TASTEGGIO	0	1	9800	60876	228183	348	-18	0.37	0.37	0	
23/02/2012 12:23:30	TASTEGGIO	0	2	9800	60876	228183	381	-18	0.18	0.18	0	
23/02/2012 12:23:52	TASTEGGIO	0	0	9800	60876	228183	234	0	0.18	0.18	0	
23/02/2012 12:24:13	TASTEGGIO	0	1	9800	60876	228183	252	0	0.18	0.18	0	
23/02/2012 12:24:34	TASTEGGIO	0	2	9800	60876	228183	288	-1	0.18	0.18	0	
23/02/2012 12:24:56	TASTEGGIO	0	3	9800	60876	228183	342	-1	0.16	0.16	0	
23/02/2012 12:25:20	TASTEGGIO	0	4	9800	60876	228183	398	-16	0.06	0.06	0	
23/02/2012 12:25:32	TASTEGGIO	0	4	9800	60876	146293	398	-16	0.21	0.37	44500	
23/02/2012 12:25:58	TASTEGGIO	1	0	9800	60876	101837	259	-10	0.27	0.27	0	
23/02/2012 12:26:19	TASTEGGIO	0	1	9800	60876	101838	278	-9	0.17	0.17	0	
23/02/2012 12:26:40	TASTEGGIO	0	2	9800	60876	101840	293	-12	0.05	0.05	0	
23/02/2012 12:26:52	TASTEGGIO	0	2	9800	60876	146143	293	-12	0.14	0.17	-44500	
23/02/2012 12:27:17	TASTEGGIO	1	0	9800	60876	190594	233	-21	0.22	0.22	0	
23/02/2012 12:27:38	TASTEGGIO	0	1	9800	60876	190606	204	-11	0.11	0.11	0	
23/02/2012 12:27:50	TASTEGGIO	0	1	9800	60876	146272	204	-11	0.09	0.17	82800	
23/02/2012 12:28:14	TASTEGGIO	1	0	9800	60876	63520	233	0	0.17	0.17	0	
23/02/2012 12:28:34	TASTEGGIO	0	1	9800	60876	63523	250	0	0.16	0.16	0	
23/02/2012 12:28:55	TASTEGGIO	0	2	9800	60876	63525	280	-3	0.12	0.12	0	
23/02/2012 12:29:07	TASTEGGIO	0	2	9800	60876	146151	280	-3	0.10	0.12	-44500	
23/02/2012 12:30:03	ALARM 17	proc 12 prog 10 step 47	LavoroTerminato
23/02/2012 12:52:50	TASTEGGIO	0	2	6000	45980	126758	280	-3	0.55	0.65	82800	
23/02/2012 12:53:14	TASTEGGIO	1	0	6000	45980	44042	169	-3	0.64	0.64	0	
23/02/2012 12:53:33	TASTEGGIO	0	1	6000	45980	44043	232	-1	0.62	0.62	0	
23/02/2012 12:53:55	TASTEGGIO	0	2	6000	45980	44047	352	-31	0.35	0.35	0	
23/02/2012 12:54:18	TASTEGGIO	0	3	6000	45980	44048	386	-44	0.13	0.13	0	
23/02/2012 12:54:30	TASTEGGIO	0	3	6000	45980	126739	386	-44	0.11	0.21	-82000	
23/02/2012 12:54:54	TASTEGGIO	1	0	6000	45980	208674	95	0	0.21	0.21	0	
23/02/2012 12:55:13	TASTEGGIO	0	1	6000	45980	208681	116	0	0.20	0.20	0	
23/02/2012 12:55:34	TASTEGGIO	0	2	6000	45980	208688	154	-2	0.19	0.19	0	
23/02/2012 12:55:56	TASTEGGIO	0	3	6000	45980	208691	208	-12	0.06	0.06	0	
23/02/2012 12:56:07	TASTEGGIO	0	3	6000	45980	126884	208	-12	0.06	0.17	82800	
23/02/2012 12:56:30	TASTEGGIO	1	0	6000	45980	44132	88	-3	0.11	0.11	0	
23/02/2012 12:56:42	TASTEGGIO	1	0	6000	45980	126736	88	-3	0.10	0.13	82800	
23/02/2012 12:57:05	TASTEGGIO	1	0	6000	45980	43990	81	1	0.10	0.10	0	
23/02/2012 12:57:16	TASTEGGIO	1	0	6000	45980	126739	81	1	0.10	0.13	82800	
23/02/2012 12:57:39	TASTEGGIO	1	0	6000	45980	43996	81	0	0.12	0.12	0	
23/02/2012 12:57:56	TASTEGGIO	0	1	6000	45980	43994	92	0	0.11	0.11	0	
23/02/2012 12:58:15	TASTEGGIO	0	2	6000	45980	43995	112	6	0.12	0.12	0	
23/02/2012 12:58:34	TASTEGGIO	0	3	6000	45980	43997	151	0	0.12	0.12	0	
23/02/2012 12:58:55	TASTEGGIO	0	4	6000	45980	43999	199	0	0.10	0.10	0	
23/02/2012 12:59:06	TASTEGGIO	0	4	6000	45980	126727	199	0	0.11	0.13	82800	
23/02/2012 12:59:29	TASTEGGIO	1	0	6000	45980	43990	81	1	0.09	0.09	0	
23/02/2012 12:59:40	TASTEGGIO	1	0	6000	45980	126733	81	1	0.12	0.13	82800	
23/02/2012 13:00:03	TASTEGGIO	1	0	6000	45980	43990	81	3	0.11	0.11	0	
23/02/2012 13:00:22	TASTEGGIO	0	1	6000	45980	43987	90	-3	0.14	0.14	0	
23/02/2012 13:00:40	TASTEGGIO	0	2	6000	45980	43986	125	0	0.11	0.11	0	
23/02/2012 13:00:58	TASTEGGIO	0	3	6000	45980	43986	139	0	0.11	0.11	0	
23/02/2012 13:01:17	TASTEGGIO	0	4	6000	45980	43988	183	1	0.12	0.12	0	
23/02/2012 13:01:38	TASTEGGIO	0	5	6000	45980	43990	248	-5	0.12	0.12	0	
23/02/2012 13:02:00	TASTEGGIO	0	6	6000	45980	43991	320	-22	0.18	0.18	0	
23/02/2012 13:02:22	TASTEGGIO	0	1	6000	45980	43991	293	-48	0.33	0.33	0	
23/02/2012 13:02:43	TASTEGGIO	0	1	6000	45980	43991	232	-15	0.18	0.18	0	
23/02/2012 13:03:04	TASTEGGIO	0	2	6000	45980	43991	245	-4	0.14	0.14	0	
23/02/2012 13:03:26	TASTEGGIO	0	3	6000	45980	43991	263	-4	0.09	0.09	0	
23/02/2012 13:03:38	TASTEGGIO	0	3	6000	45980	126733	263	-4	0.15	0.15	0	
23/02/2012 13:04:00	TASTEGGIO	1	0	6000	45980	126727	85	-1	0.14	0.14	0	
23/02/2012 13:04:08	TASTEGGIO	1	0	6000	45980	126733	85	-1	0.13	0.13	0	
23/02/2012 13:04:30	TASTEGGIO	1	0	6000	45980	126728	81	0	0.13	0.13	0	
23/02/2012 13:04:49	TASTEGGIO	0	1	6000	45980	126728	94	0	0.12	0.12	0	
23/02/2012 13:04:57	TASTEGGIO	0	1	6000	45980	126733	94	0	0.12	0.12	0	
23/02/2012 13:06:47	TASTEGGIO	0	1	6000	45980	126881	94	0	0.69	0.96	-44500	
23/02/2012 13:07:13	TASTEGGIO	1	0	6000	45980	171295	221	-16	0.76	0.76	0	
23/02/2012 13:07:37	TASTEGGIO	0	1	6000	45980	171297	281	-70	0.21	0.21	0	
23/02/2012 13:07:56	TASTEGGIO	0	0	6000	45980	171298	95	-2	0.22	0.22	0	
23/02/2012 13:08:17	TASTEGGIO	0	1	6000	45980	171300	118	-2	0.20	0.20	0	
23/02/2012 13:08:39	TASTEGGIO	0	2	6000	45980	171301	154	-11	0.07	0.07	0	
23/02/2012 13:08:50	TASTEGGIO	0	2	6000	45980	126878	154	-11	0.03	0.39	82800	
23/02/2012 13:09:12	TASTEGGIO	1	0	6000	45980	44124	125	0	0.38	0.38	0	
23/02/2012 13:09:32	TASTEGGIO	0	1	6000	45980	44125	162	9	0.37	0.37	0	
23/02/2012 13:09:52	TASTEGGIO	0	2	6000	45980	44126	234	-1	0.36	0.36	0	
23/02/2012 13:10:14	TASTEGGIO	0	3	6000	45980	44132	339	-30	0.04	0.04	0	
23/02/2012 13:10:25	TASTEGGIO	0	3	6000	45980	126743	339	-30	0.23	0.23	0	
23/02/2012 13:10:48	TASTEGGIO	1	0	6000	45980	126738	98	-9	0.12	0.12	0	
23/02/2012 13:10:56	TASTEGGIO	1	0	6000	45980	126743	98	-9	0.12	0.25	-82000	
23/02/2012 13:11:21	TASTEGGIO	1	0	6000	45980	208667	102	-3	0.20	0.20	0	
23/02/2012 13:11:41	TASTEGGIO	0	1	6000	45980	208679	117	-2	0.18	0.18	0	
23/02/2012 13:12:01	TASTEGGIO	0	2	6000	45980	208689	149	-9	0.11	0.11	0	
23/02/2012 13:12:12	TASTEGGIO	0	2	6000	45980	126879	149	-9	0.19	0.19	0	
23/02/2012 13:12:34	TASTEGGIO	1	0	6000	45980	126885	91	1	0.17	0.17	0	
23/02/2012 13:12:54	TASTEGGIO	0	1	6000	45980	126885	106	-2	0.15	0.15	0	
23/02/2012 13:13:16	TASTEGGIO	0	2	6000	45980	126885	132	-11	0.05	0.05	0	
23/02/2012 13:13:24	TASTEGGIO	0	2	6000	45980	126878	132	-11	0.04	0.19	-82000	
23/02/2012 13:13:48	TASTEGGIO	1	0	6000	45980	208803	91	0	0.18	0.18	0	
23/02/2012 13:14:07	TASTEGGIO	0	1	6000	45980	208812	108	0	0.18	0.18	0	
23/02/2012 13:14:28	TASTEGGIO	0	2	6000	45980	208818	144	1	0.14	0.14	0	
23/02/2012 13:14:39	TASTEGGIO	0	2	6000	45980	126873	144	1	0.05	0.16	-82000	
23/02/2012 13:15:03	TASTEGGIO	1	0	6000	45980	208803	86	0	0.16	0.16	0	
23/02/2012 13:15:23	TASTEGGIO	0	1	6000	45980	208809	102	-1	0.15	0.15	0	
23/02/2012 13:15:44	TASTEGGIO	0	2	6000	45980	208814	130	-1	0.22	0.22	0	
23/02/2012 13:16:06	TASTEGGIO	0	3	6000	45980	208815	226	-49	0.36	0.36	0	
23/02/2012 13:16:26	TASTEGGIO	0	1	6000	45980	208816	167	-29	0.08	0.08	0	
23/02/2012 13:16:38	TASTEGGIO	0	1	6000	45980	126889	167	-29	0.14	0.21	-44500	
23/02/2012 13:17:02	TASTEGGIO	1	0	6000	45980	171276	95	-15	0.03	0.03	0	
23/02/2012 13:17:12	TASTEGGIO	1	0	6000	45980	126895	95	-15	0.07	0.18	44500	
23/02/2012 13:17:35	TASTEGGIO	1	0	6000	45980	82456	90	1	0.14	0.14	0	
23/02/2012 13:17:46	TASTEGGIO	1	0	6000	45980	126744	90	1	0.09	0.17	44500	
23/02/2012 13:18:08	TASTEGGIO	1	0	6000	45980	82326	88	1	0.15	0.15	0	
23/02/2012 13:18:27	TASTEGGIO	0	1	6000	45980	82323	101	1	0.12	0.12	0	
23/02/2012 13:18:37	TASTEGGIO	0	1	6000	45980	126735	101	1	0.10	0.14	44500	
23/02/2012 13:18:59	TASTEGGIO	1	0	6000	45980	82317	83	2	0.12	0.12	0	
23/02/2012 13:19:10	TASTEGGIO	1	0	6000	45980	126728	83	2	0.09	0.15	44500	
23/02/2012 13:19:32	TASTEGGIO	1	0	6000	45980	82310	85	2	0.13	0.13	0	
23/02/2012 13:19:42	TASTEGGIO	1	0	6000	45980	126720	85	2	0.09	0.15	44500	
23/02/2012 13:20:05	TASTEGGIO	1	0	6000	45980	82312	85	3	0.14	0.14	0	
23/02/2012 13:20:15	TASTEGGIO	1	0	6000	45980	126731	85	3	0.09	0.14	44500	
23/02/2012 13:20:38	TASTEGGIO	1	0	6000	45980	82317	83	4	0.14	0.14	0	
23/02/2012 13:20:57	TASTEGGIO	0	1	6000	45980	82315	97	0	0.10	0.10	0	
23/02/2012 13:21:08	TASTEGGIO	0	1	6000	45980	126733	97	0	0.09	0.13	44500	
23/02/2012 13:21:30	TASTEGGIO	1	0	6000	45980	82321	81	1	0.13	0.13	0	
23/02/2012 13:21:49	TASTEGGIO	0	1	6000	45980	82313	94	1	0.12	0.12	0	
23/02/2012 13:22:00	TASTEGGIO	0	1	6000	45980	126732	94	1	0.08	0.14	44500	
23/02/2012 13:22:22	TASTEGGIO	1	0	6000	45980	82315	83	1	0.13	0.13	0	
23/02/2012 13:22:41	TASTEGGIO	0	1	6000	45980	82313	95	0	0.11	0.11	0	
23/02/2012 13:22:51	TASTEGGIO	0	1	6000	45980	126728	95	0	0.09	0.14	44500	
23/02/2012 13:23:13	TASTEGGIO	1	0	6000	45980	82315	83	2	0.13	0.13	0	
23/02/2012 13:23:32	TASTEGGIO	0	1	6000	45980	82309	95	0	0.12	0.12	0	
23/02/2012 13:23:42	TASTEGGIO	0	1	6000	45980	126729	95	0	0.09	0.13	44500	
23/02/2012 13:24:04	TASTEGGIO	1	0	6000	45980	82308	81	1	0.13	0.13	0	
23/02/2012 13:24:24	TASTEGGIO	0	1	6000	45980	82307	94	1	0.12	0.12	0	
23/02/2012 13:24:34	TASTEGGIO	0	1	6000	45980	126735	94	1	0.09	0.14	44500	
23/02/2012 13:24:56	TASTEGGIO	1	0	6000	45980	82321	83	1	0.13	0.13	0	
23/02/2012 13:25:16	TASTEGGIO	0	1	6000	45980	82314	95	0	0.13	0.13	0	
23/02/2012 13:25:37	TASTEGGIO	0	2	6000	45980	82304	121	-1	0.10	0.10	0	
23/02/2012 13:25:47	TASTEGGIO	0	2	6000	45980	126726	121	-1	0.09	0.11	44500	
23/02/2012 13:27:38	TASTEGGIO	0	2	6000	45980	126885	121	-1	2.41	2.41	0	
23/02/2012 13:28:03	TASTEGGIO	1	0	6000	45980	126896	400	-31	2.07	2.07	0	
23/02/2012 13:28:26	TASTEGGIO	0	1	6000	45980	126896	400	-24	1.80	1.80	0	
23/02/2012 13:28:50	TASTEGGIO	0	2	6000	45980	126896	400	-26	1.52	1.52	0	
23/02/2012 13:29:15	TASTEGGIO	0	3	6000	45980	126896	400	-46	1.03	1.03	0	
23/02/2012 13:29:39	TASTEGGIO	0	4	6000	45980	126896	400	-86	0.19	0.19	0	
23/02/2012 13:29:59	TASTEGGIO	0	0	6000	45980	126896	91	4	0.20	0.20	0	
23/02/2012 13:30:21	TASTEGGIO	0	1	6000	45980	126896	112	2	0.20	0.20	0	
23/02/2012 13:30:42	TASTEGGIO	0	2	6000	45980	126896	152	0	0.20	0.20	0	
23/02/2012 13:31:05	TASTEGGIO	0	3	6000	45980	126896	212	-7	0.21	0.21	0	
23/02/2012 13:31:29	TASTEGGIO	0	4	6000	45980	126896	300	-12	0.06	0.06	0	
23/02/2012 13:31:37	TASTEGGIO	0	4	6000	45980	126876	300	-12	0.06	0.85	44500	
23/02/2012 13:32:02	TASTEGGIO	1	0	6000	45980	82437	202	-4	0.75	0.75	0	
23/02/2012 13:32:24	TASTEGGIO	0	1	6000	45980	82418	268	-29	0.46	0.46	0	
23/02/2012 13:32:48	TASTEGGIO	0	2	6000	45980	82418	307	-67	0.28	0.28	0	
23/02/2012 13:33:11	TASTEGGIO	0	1	6000	45980	82417	289	-134	1.05	1.05	0	
23/02/2012 13:33:25	TASTEGGIO	0	1	6000	45980	82417	0	-7	0.97	0.97	0	
23/02/2012 13:33:46	TASTEGGIO	0	2	6000	45980	82418	179	-16	0.78	0.78	0	
23/02/2012 13:34:08	TASTEGGIO	0	3	6000	45980	82418	367	-169	0.89	0.89	0	
23/02/2012 13:34:30	TASTEGGIO	0	1	6000	45980	82418	265	-85	0.08	0.08	0	
23/02/2012 13:34:41	TASTEGGIO	0	1	6000	45980	126747	265	-85	0.49	0.49	0	
23/02/2012 13:35:04	TASTEGGIO	1	0	6000	45980	126742	142	-71	0.22	0.22	0	
23/02/2012 13:35:25	TASTEGGIO	0	1	6000	45980	126742	132	-11	0.10	0.10	0	
23/02/2012 13:35:33	TASTEGGIO	0	1	6000	45980	126747	132	-11	0.10	0.57	82800	
23/02/2012 13:35:56	TASTEGGIO	1	0	6000	45980	43995	155	0	0.58	0.58	0	
23/02/2012 13:36:15	TASTEGGIO	0	1	6000	45980	43995	214	0	0.61	0.61	0	
23/02/2012 13:36:38	TASTEGGIO	0	2	6000	45980	44000	342	-24	0.32	0.32	0	
23/02/2012 13:37:00	TASTEGGIO	0	3	6000	45980	44005	371	-31	0.03	0.03	0	
23/02/2012 13:37:12	TASTEGGIO	0	3	6000	45980	126735	371	-31	0.26	0.26	0	
23/02/2012 13:37:35	TASTEGGIO	1	0	6000	45980	126730	103	-10	0.13	0.13	0	
23/02/2012 13:37:43	TASTEGGIO	1	0	6000	45980	126734	103	-10	0.14	0.15	24500	
23/02/2012 13:38:07	TASTEGGIO	1	0	6000	45980	102291	85	-2	0.10	0.10	0	
23/02/2012 13:38:16	TASTEGGIO	1	0	6000	45980	126730	85	-2	0.19	0.19	0	
23/02/2012 13:38:39	TASTEGGIO	1	0	6000	45980	126725	91	-2	0.15	0.15	0	
23/02/2012 13:38:59	TASTEGGIO	0	1	6000	45980	126725	102	-5	0.11	0.11	0	
23/02/2012 13:39:07	TASTEGGIO	0	1	6000	45980	126729	102	-5	0.10	0.16	24500	
23/02/2012 13:39:31	TASTEGGIO	1	0	6000	45980	102294	86	-1	0.15	0.15	0	
23/02/2012 13:39:51	TASTEGGIO	0	1	6000	45980	102280	100	-3	0.12	0.12	0	
23/02/2012 13:40:01	TASTEGGIO	0	1	6000	45980	126729	100	-3	0.16	0.16	0	
23/02/2012 13:40:24	TASTEGGIO	1	0	6000	45980	126724	86	-1	0.11	0.11	0	
23/02/2012 13:40:31	TASTEGGIO	1	0	6000	45980	126729	86	-1	0.11	0.15	24500	
23/02/2012 13:40:55	TASTEGGIO	1	0	6000	45980	102295	85	0	0.11	0.11	0	
23/02/2012 13:41:05	TASTEGGIO	1	0	6000	45980	126732	85	0	0.13	0.14	24500	
23/02/2012 13:41:28	TASTEGGIO	1	0	6000	45980	102300	83	2	0.10	0.10	0	
23/02/2012 13:41:38	TASTEGGIO	1	0	6000	45980	126728	83	2	0.12	0.13	24500	
23/02/2012 13:42:02	TASTEGGIO	1	0	6000	45980	102290	81	1	0.09	0.09	0	
23/02/2012 13:42:11	TASTEGGIO	1	0	6000	45980	126727	81	1	0.14	0.14	0	
23/02/2012 13:42:34	TASTEGGIO	1	0	6000	45980	126722	83	1	0.11	0.11	0	
23/02/2012 13:42:42	TASTEGGIO	1	0	6000	45980	126727	83	1	0.11	0.14	24500	
23/02/2012 13:43:06	TASTEGGIO	1	0	6000	45980	102288	83	0	0.18	0.18	0	
23/02/2012 13:43:27	TASTEGGIO	0	1	6000	45980	102274	106	-2	0.08	0.08	0	
23/02/2012 13:43:37	TASTEGGIO	0	1	6000	45980	126730	106	-2	0.18	0.18	0	
23/02/2012 13:44:00	TASTEGGIO	1	0	6000	45980	126725	90	-3	0.12	0.12	0	
23/02/2012 13:44:07	TASTEGGIO	1	0	6000	45980	126730	90	-3	0.13	0.13	0	
23/02/2012 13:44:29	TASTEGGIO	1	0	6000	45980	126725	81	0	0.13	0.13	0	
23/02/2012 13:44:49	TASTEGGIO	0	1	6000	45980	126725	94	1	0.11	0.11	0	
23/02/2012 13:44:57	TASTEGGIO	0	1	6000	45980	126730	94	1	0.12	0.13	24500	
23/02/2012 13:45:20	TASTEGGIO	1	0	6000	45980	102291	81	0	0.08	0.08	0	
23/02/2012 13:45:29	TASTEGGIO	1	0	6000	45980	126732	81	0	0.13	0.13	0	
23/02/2012 13:45:51	TASTEGGIO	1	0	6000	45980	126727	81	0	0.12	0.12	0	
23/02/2012 13:45:59	TASTEGGIO	1	0	6000	45980	126732	81	0	0.12	0.12	0	
23/02/2012 13:47:50	TASTEGGIO	1	0	6000	45980	126886	81	0	0.64	0.69	44500	
23/02/2012 13:48:15	TASTEGGIO	1	0	6000	45980	82458	175	2	0.61	0.61	0	
23/02/2012 13:48:38	TASTEGGIO	0	1	6000	45980	82440	228	-27	0.32	0.32	0	
23/02/2012 13:49:00	TASTEGGIO	0	2	6000	45980	82438	251	-51	0.22	0.22	0	
23/02/2012 13:49:23	TASTEGGIO	0	1	6000	45980	82437	235	-130	1.21	1.21	0	
23/02/2012 13:49:37	TASTEGGIO	0	1	6000	45980	82437	0	-5	1.04	1.04	0	
23/02/2012 13:49:56	TASTEGGIO	0	2	6000	45980	82437	178	-12	0.81	0.81	0	
23/02/2012 13:50:18	TASTEGGIO	0	3	6000	45980	82437	287	-71	0.12	0.12	0	
23/02/2012 13:50:29	TASTEGGIO	0	3	6000	45980	126744	287	-71	0.25	0.34	-82000	
23/02/2012 13:50:53	TASTEGGIO	1	0	6000	45980	208674	117	-2	0.29	0.29	0	
23/02/2012 13:51:12	TASTEGGIO	0	1	6000	45980	208685	141	-2	0.27	0.27	0	
23/02/2012 13:51:33	TASTEGGIO	0	2	6000	45980	208694	191	-16	0.11	0.11	0	
23/02/2012 13:51:44	TASTEGGIO	0	2	6000	45980	126873	191	-16	0.29	0.29	0	
23/02/2012 13:52:07	TASTEGGIO	1	0	6000	45980	126879	108	-5	0.21	0.21	0	
23/02/2012 13:52:28	TASTEGGIO	0	1	6000	45980	126879	123	-7	0.14	0.14	0	
23/02/2012 13:52:35	TASTEGGIO	0	1	6000	45980	126868	123	-7	0.14	0.14	0	
23/02/2012 13:52:58	TASTEGGIO	1	0	6000	45980	126875	83	0	0.12	0.12	0	
23/02/2012 13:53:05	TASTEGGIO	1	0	6000	45980	126867	83	0	0.14	0.14	0	
23/02/2012 13:53:27	TASTEGGIO	1	0	6000	45980	126872	83	0	0.18	0.18	0	
23/02/2012 13:53:49	TASTEGGIO	0	1	6000	45980	126872	106	-2	0.12	0.12	0	
23/02/2012 13:53:56	TASTEGGIO	0	1	6000	45980	126862	106	-2	0.11	0.15	-82000	
23/02/2012 13:54:21	TASTEGGIO	1	0	6000	45980	208791	85	0	0.13	0.13	0	
23/02/2012 13:54:33	TASTEGGIO	1	0	6000	45980	126881	85	0	0.11	0.14	-82000	
23/02/2012 13:54:57	TASTEGGIO	1	0	6000	45980	208805	83	0	0.12	0.12	0	
23/02/2012 13:55:08	TASTEGGIO	1	0	6000	45980	126875	83	0	0.09	0.14	-82000	
23/02/2012 13:55:32	TASTEGGIO	1	0	6000	45980	208800	83	0	0.17	0.17	0	
23/02/2012 13:55:52	TASTEGGIO	0	1	6000	45980	208811	103	1	0.12	0.12	0	
23/02/2012 13:56:03	TASTEGGIO	0	1	6000	45980	126879	103	1	0.12	0.15	-82000	
23/02/2012 13:56:26	TASTEGGIO	1	0	6000	45980	208809	85	0	0.13	0.13	0	
23/02/2012 13:56:37	TASTEGGIO	1	0	6000	45980	126880	85	0	0.10	0.13	-82000	
23/02/2012 13:57:01	TASTEGGIO	1	0	6000	45980	208809	81	0	0.13	0.13	0	
23/02/2012 13:57:20	TASTEGGIO	0	1	6000	45980	208820	94	0	0.13	0.13	0	
23/02/2012 13:57:39	TASTEGGIO	0	2	6000	45980	208828	120	0	0.13	0.13	0	
23/02/2012 13:58:00	TASTEGGIO	0	3	6000	45980	208828	159	-1	0.12	0.12	0	
23/02/2012 13:58:12	TASTEGGIO	0	3	6000	45980	126878	159	-1	0.09	0.13	-82000	
23/02/2012 13:58:36	TASTEGGIO	1	0	6000	45980	208804	81	0	0.11	0.11	0	
23/02/2012 13:58:47	TASTEGGIO	1	0	6000	45980	126883	81	0	0.09	0.14	-82000	
23/02/2012 13:59:11	TASTEGGIO	1	0	6000	45980	208810	83	3	0.12	0.12	0	
23/02/2012 13:59:22	TASTEGGIO	1	0	6000	45980	126882	83	3	0.09	0.14	-82000	
23/02/2012 13:59:46	TASTEGGIO	1	0	6000	45980	208812	83	1	0.12	0.12	0	
23/02/2012 13:59:58	TASTEGGIO	1	0	6000	45980	126879	83	1	0.08	0.14	-82000	
23/02/2012 14:00:21	TASTEGGIO	1	0	6000	45980	208808	83	0	0.12	0.12	0	
23/02/2012 14:00:33	TASTEGGIO	1	0	6000	45980	126877	83	0	0.12	0.13	-82000	
23/02/2012 14:00:57	TASTEGGIO	1	0	6000	45980	208814	81	0	0.12	0.12	0	
23/02/2012 14:01:08	TASTEGGIO	1	0	6000	45980	126878	81	0	0.09	0.13	-82000	
23/02/2012 14:01:32	TASTEGGIO	1	0	6000	45980	208810	81	1	0.10	0.10	0	
23/02/2012 14:01:43	TASTEGGIO	1	0	6000	45980	126873	81	1	0.09	0.14	-82000	
23/02/2012 14:02:07	TASTEGGIO	1	0	6000	45980	208803	83	0	0.13	0.13	0	
23/02/2012 14:02:27	TASTEGGIO	0	1	6000	45980	208814	95	0	0.12	0.12	0	
23/02/2012 14:02:38	TASTEGGIO	0	1	6000	45980	126875	95	0	0.11	0.14	-82000	
23/02/2012 14:03:02	TASTEGGIO	1	0	6000	45980	208805	83	0	0.12	0.12	0	
23/02/2012 14:03:14	TASTEGGIO	1	0	6000	45980	126877	83	0	0.10	0.14	-82000	
23/02/2012 14:03:38	TASTEGGIO	1	0	6000	45980	208806	83	0	0.12	0.12	0	
23/02/2012 14:03:49	TASTEGGIO	1	0	6000	45980	126878	83	0	0.09	0.14	-82000	
23/02/2012 14:04:13	TASTEGGIO	1	0	6000	45980	208811	83	0	0.12	0.12	0	
23/02/2012 14:04:24	TASTEGGIO	1	0	6000	45980	126876	83	0	0.10	0.14	-82000	
23/02/2012 14:04:48	TASTEGGIO	1	0	6000	45980	208811	83	0	0.12	0.12	0	
23/02/2012 14:05:00	TASTEGGIO	1	0	6000	45980	126880	83	0	0.11	0.14	-82000	
23/02/2012 14:05:24	TASTEGGIO	1	0	6000	45980	208812	83	0	0.12	0.12	0	
23/02/2012 14:05:35	TASTEGGIO	1	0	6000	45980	126878	83	0	0.10	0.14	-82000	
23/02/2012 14:05:59	TASTEGGIO	1	0	6000	45980	208811	83	0	0.12	0.12	0	
23/02/2012 14:06:11	TASTEGGIO	1	0	6000	45980	126883	83	0	0.10	0.13	-82000	
23/02/2012 14:06:34	TASTEGGIO	1	0	6000	45980	208809	81	0	0.12	0.12	0	
23/02/2012 14:06:46	TASTEGGIO	1	0	6000	45980	126886	81	0	0.10	0.13	-82000	
23/02/2012 14:07:09	TASTEGGIO	1	0	6000	45980	208809	81	0	0.12	0.12	0	
23/02/2012 14:07:20	TASTEGGIO	1	0	6000	45980	126875	81	0	0.12	0.14	-82000	
23/02/2012 14:07:43	TASTEGGIO	1	0	6000	45980	208805	83	1	0.12	0.12	0	
23/02/2012 14:07:55	TASTEGGIO	1	0	6000	45980	126885	83	1	0.09	0.13	-82000	
23/02/2012 14:08:19	TASTEGGIO	1	0	6000	45980	208817	81	4	0.12	0.12	0	
23/02/2012 14:08:30	TASTEGGIO	1	0	6000	45980	126877	81	4	0.10	0.13	-82000	
23/02/2012 14:10:20	TASTEGGIO	1	0	6000	45980	126878	81	4	0.13	0.17	82800	
23/02/2012 14:10:43	TASTEGGIO	1	0	6000	45980	44114	88	-1	0.15	0.15	0	
23/02/2012 14:11:02	TASTEGGIO	0	1	6000	45980	44115	101	0	0.14	0.14	0	
23/02/2012 14:11:13	TASTEGGIO	0	1	6000	45980	126742	101	0	0.12	0.16	-44500	
23/02/2012 14:11:38	TASTEGGIO	1	0	6000	45980	171156	86	-4	0.15	0.15	0	
23/02/2012 14:11:58	TASTEGGIO	0	1	6000	45980	171156	100	-11	0.09	0.09	0	
23/02/2012 14:12:08	TASTEGGIO	0	1	6000	45980	126880	100	-11	0.06	0.16	82800	
23/02/2012 14:12:32	TASTEGGIO	1	0	6000	45980	44121	86	12	0.14	0.14	0	
23/02/2012 14:12:43	TASTEGGIO	1	0	6000	45980	126745	86	12	0.03	0.16	82800	
23/02/2012 14:13:06	TASTEGGIO	1	0	6000	45980	43991	86	0	0.17	0.17	0	
23/02/2012 14:13:23	TASTEGGIO	0	1	6000	45980	43989	104	0	0.12	0.12	0	
23/02/2012 14:13:35	TASTEGGIO	0	1	6000	45980	126742	104	0	0.04	0.15	82800	
23/02/2012 14:13:57	TASTEGGIO	1	0	6000	45980	43989	85	2	0.16	0.16	0	
23/02/2012 14:14:16	TASTEGGIO	0	1	6000	45980	43989	102	0	0.14	0.14	0	
23/02/2012 14:14:27	TASTEGGIO	0	1	6000	45980	126733	102	0	0.09	0.14	82800	
23/02/2012 14:14:50	TASTEGGIO	1	0	6000	45980	43987	83	2	0.13	0.13	0	
23/02/2012 14:15:07	TASTEGGIO	0	1	6000	45980	43985	95	0	0.14	0.14	0	
23/02/2012 14:15:26	TASTEGGIO	0	2	6000	45980	43985	125	2	0.15	0.15	0	
23/02/2012 14:15:46	TASTEGGIO	0	3	6000	45980	43989	173	-1	0.12	0.12	0	
23/02/2012 14:15:58	TASTEGGIO	0	3	6000	45980	126744	173	-1	0.02	0.12	82800	
23/02/2012 14:17:47	TASTEGGIO	0	3	6000	45980	126776	173	-1	0.28	0.28	0	
23/02/2012 14:18:10	TASTEGGIO	1	0	6000	45980	126783	107	-8	0.15	0.15	0	
23/02/2012 14:18:31	TASTEGGIO	0	1	6000	45980	126783	115	-9	0.10	0.10	0	
23/02/2012 14:18:39	TASTEGGIO	0	1	6000	45980	126765	115	-9	0.09	0.15	82800	
23/02/2012 14:19:02	TASTEGGIO	1	0	6000	45980	44009	85	-1	0.14	0.14	0	
23/02/2012 14:19:13	TASTEGGIO	1	0	6000	45980	126644	85	-1	0.07	0.13	82800	
23/02/2012 14:19:36	TASTEGGIO	1	0	6000	45980	43883	81	0	0.15	0.15	0	
23/02/2012 14:19:54	TASTEGGIO	0	1	6000	45980	43883	98	0	0.15	0.15	0	
23/02/2012 14:20:12	TASTEGGIO	0	2	6000	45980	43884	128	0	0.17	0.17	0	
23/02/2012 14:20:33	TASTEGGIO	0	3	6000	45980	43890	185	-3	0.09	0.09	0	
23/02/2012 14:20:44	TASTEGGIO	0	3	6000	45980	126634	185	-3	0.07	0.10	-44500	
23/02/2012 14:22:34	TASTEGGIO	0	3	6000	45980	126881	185	-3	0.25	0.25	24500	
23/02/2012 14:22:58	TASTEGGIO	1	0	6000	45980	102444	102	-1	0.27	0.27	0	
23/02/2012 14:23:18	TASTEGGIO	0	1	6000	45980	102432	131	-7	0.11	0.11	0	
23/02/2012 14:23:28	TASTEGGIO	0	1	6000	45980	126743	131	-7	0.21	0.21	0	
23/02/2012 14:23:50	TASTEGGIO	1	0	6000	45980	126738	95	-7	0.10	0.10	0	
23/02/2012 14:23:58	TASTEGGIO	1	0	6000	45980	126742	95	-7	0.08	0.16	-44500	
23/02/2012 14:24:22	TASTEGGIO	1	0	6000	45980	171150	86	-6	0.08	0.08	0	
23/02/2012 14:24:33	TASTEGGIO	1	0	6000	45980	126879	86	-6	0.05	0.13	44500	
23/02/2012 14:24:55	TASTEGGIO	1	0	6000	45980	82440	81	0	0.22	0.22	0	
23/02/2012 14:25:15	TASTEGGIO	0	1	6000	45980	82440	118	-5	0.10	0.10	0	
23/02/2012 14:25:25	TASTEGGIO	0	1	6000	45980	126742	118	-5	0.11	0.11	-44500	
23/02/2012 14:27:15	TASTEGGIO	0	1	6000	45980	126877	118	-5	0.41	1.34	-82000	
23/02/2012 14:27:42	TASTEGGIO	1	0	6000	45980	208823	285	-23	1.14	1.14	0	
23/02/2012 14:28:04	TASTEGGIO	0	1	6000	45980	208825	381	-81	0.38	0.38	0	
23/02/2012 14:28:23	TASTEGGIO	0	0	6000	45980	208825	123	0	0.35	0.35	0	
23/02/2012 14:28:44	TASTEGGIO	0	1	6000	45980	208825	155	0	0.31	0.31	0	
23/02/2012 14:29:04	TASTEGGIO	0	2	6000	45980	208826	209	0	0.39	0.39	0	
23/02/2012 14:29:28	TASTEGGIO	0	3	6000	45980	208825	356	-65	0.40	0.40	0	
23/02/2012 14:29:52	TASTEGGIO	0	1	6000	45980	208825	314	-41	0.82	0.82	0	
23/02/2012 14:30:11	TASTEGGIO	0	1	6000	45980	208825	145	-31	0.50	0.50	0	
23/02/2012 14:30:32	TASTEGGIO	0	2	6000	45980	208826	188	-25	0.24	0.24	0	
23/02/2012 14:30:52	TASTEGGIO	0	0	6000	45980	208825	100	0	0.25	0.25	0	
23/02/2012 14:31:13	TASTEGGIO	0	1	6000	45980	208826	126	0	0.24	0.24	0	
23/02/2012 14:31:34	TASTEGGIO	0	2	6000	45980	208826	172	-4	0.21	0.21	0	
23/02/2012 14:31:56	TASTEGGIO	0	3	6000	45980	208825	227	-36	0.15	0.15	0	
23/02/2012 14:32:18	TASTEGGIO	0	1	6000	45980	208825	216	-32	0.22	0.22	0	
23/02/2012 14:32:39	TASTEGGIO	0	1	6000	45980	208825	183	-56	0.53	0.53	0	
23/02/2012 14:32:57	TASTEGGIO	0	1	6000	45980	208825	55	-7	0.47	0.47	0	
23/02/2012 14:33:17	TASTEGGIO	0	2	6000	45980	208826	138	-5	0.40	0.40	0	
23/02/2012 14:33:38	TASTEGGIO	0	3	6000	45980	208825	240	-32	0.19	0.19	0	
23/02/2012 14:33:57	TASTEGGIO	0	0	6000	45980	208825	91	-3	0.24	0.24	0	
23/02/2012 14:34:17	TASTEGGIO	0	1	6000	45980	208826	121	0	0.21	0.21	0	
23/02/2012 14:34:38	TASTEGGIO	0	2	6000	45980	208825	157	-3	0.14	0.14	0	
23/02/2012 14:34:50	TASTEGGIO	0	2	6000	45980	126892	157	-3	0.33	0.33	0	
23/02/2012 14:35:13	TASTEGGIO	1	0	6000	45980	126899	115	-11	0.16	0.16	0	
23/02/2012 14:35:34	TASTEGGIO	0	0	6000	45980	126899	86	0	0.16	0.16	0	
23/02/2012 14:35:54	TASTEGGIO	0	1	6000	45980	126899	102	0	0.19	0.19	0	
23/02/2012 14:36:16	TASTEGGIO	0	2	6000	45980	126899	147	-42	0.33	0.33	0	
23/02/2012 14:36:37	TASTEGGIO	0	1	6000	45980	126899	89	-17	0.50	0.50	0	
23/02/2012 14:37:00	TASTEGGIO	0	2	6000	45980	126900	240	-147	1.01	1.01	0	
23/02/2012 14:37:14	TASTEGGIO	0	1	6000	45980	126900	35	-6	0.84	0.84	0	
23/02/2012 14:37:34	TASTEGGIO	0	2	6000	45980	126900	174	-50	0.42	0.42	0	
23/02/2012 14:37:56	TASTEGGIO	0	0	6000	45980	126900	130	-7	0.29	0.29	0	
23/02/2012 14:38:17	TASTEGGIO	0	1	6000	45980	126900	150	-30	0.04	0.04	0	
23/02/2012 14:38:25	TASTEGGIO	0	1	6000	45980	126884	150	-30	0.08	0.28	-44500	
23/02/2012 14:38:49	TASTEGGIO	1	0	6000	45980	171287	107	-5	0.21	0.21	0	
23/02/2012 14:39:10	TASTEGGIO	0	1	6000	45980	171291	122	-7	0.16	0.16	0	
23/02/2012 14:39:31	TASTEGGIO	0	2	6000	45980	171292	139	-10	0.07	0.07	0	
23/02/2012 14:39:41	TASTEGGIO	0	2	6000	45980	126877	139	-10	0.17	0.20	-24500	
23/02/2012 14:40:05	TASTEGGIO	1	0	6000	45980	151305	93	-9	0.15	0.15	0	
23/02/2012 14:40:24	TASTEGGIO	0	1	6000	45980	151305	104	-10	0.06	0.06	0	
23/02/2012 14:40:34	TASTEGGIO	0	1	6000	45980	126878	104	-10	0.12	0.24	-82000	
23/02/2012 14:40:59	TASTEGGIO	1	0	6000	45980	208808	100	0	0.24	0.24	0	
23/02/2012 14:41:18	TASTEGGIO	0	1	6000	45980	208821	124	0	0.29	0.29	0	
23/02/2012 14:41:39	TASTEGGIO	0	2	6000	45980	208821	194	-11	0.20	0.20	0	
23/02/2012 14:42:01	TASTEGGIO	0	3	6000	45980	208822	217	-8	0.12	0.12	0	
23/02/2012 14:42:12	TASTEGGIO	0	3	6000	45980	126877	217	-8	0.10	0.13	-24500	
23/02/2012 14:43:02	ALARM 318	proc 3 prog 26 step 37	go_abs inv_ax 3
23/02/2012 14:44:02	ALARM 318	proc 6 prog 26 step 37	go_abs inv_ax 3
23/02/2012 14:44:57	ALARM 318	proc 2 prog 26 step 37	go_abs inv_ax 3
23/02/2012 14:46:01	ALARM 318	proc 12 prog 124 step 6	go_abs inv_ax 3
23/02/2012 14:48:06	ALARM 318	proc 12 prog 124 step 6	go_abs inv_ax 3
23/02/2012 14:48:14	ALARM 318	proc 12 prog 125 step 10	go_abs inv_ax 3
23/02/2012 14:48:32	ALARM 318	proc 3 prog 26 step 31	go_abs inv_ax 3
23/02/2012 14:52:52	ALARM 401		
23/02/2012 16:08:38	ALARM 406		
24/02/2012 13:10:41	ALARM 401		
24/02/2012 13:10:43	INIT OK
24/02/2012 13:13:06	ALARM 3	proc 12 prog 31 step 36	Tondo non presente su rulliera
24/02/2012 13:15:50	ALARM 3	proc 12 prog 31 step 36	Tondo non presente su rulliera
24/02/2012 13:19:49	TASTEGGIO	0	0	6000	45980	126887	0	0	0.33	0.33	0	
24/02/2012 13:20:11	TASTEGGIO	1	0	6000	45980	126894	115	-7	0.26	0.26	0	
24/02/2012 13:20:33	TASTEGGIO	0	1	6000	45980	126895	135	-12	0.07	0.07	0	
24/02/2012 13:20:41	TASTEGGIO	0	1	6000	45980	126888	135	-12	0.12	0.14	44500	
24/02/2012 13:21:03	TASTEGGIO	1	0	6000	45980	82463	83	0	0.18	0.18	0	
24/02/2012 13:21:22	TASTEGGIO	0	1	6000	45980	82460	106	5	0.11	0.11	0	
24/02/2012 13:21:32	TASTEGGIO	0	1	6000	45980	126741	106	5	0.17	0.17	0	
24/02/2012 13:21:54	TASTEGGIO	1	0	6000	45980	126736	88	0	0.10	0.10	0	
24/02/2012 13:22:02	TASTEGGIO	1	0	6000	45980	126740	88	0	0.14	0.14	0	
24/02/2012 13:22:24	TASTEGGIO	1	0	6000	45980	126736	83	0	0.09	0.09	0	
24/02/2012 13:22:31	TASTEGGIO	1	0	6000	45980	126740	83	0	0.08	0.12	24500	
24/02/2012 13:23:21	ALARM 13	proc 2 prog 51 step 45	Tondo non in posizione di scarico
24/02/2012 13:24:00	ALARM 401		
24/02/2012 13:24:29	ALARM 202		err.6059
24/02/2012 13:26:35	TASTEGGIO	1	0	6000	45980	126888	83	0	0.26	0.27	-24500	
24/02/2012 13:26:58	TASTEGGIO	1	0	6000	45980	151324	105	-9	0.18	0.18	0	
24/02/2012 13:27:20	TASTEGGIO	0	1	6000	45980	151325	116	-10	0.08	0.08	0	
24/02/2012 13:27:29	TASTEGGIO	0	1	6000	45980	126877	116	-10	0.07	0.16	82800	
24/02/2012 13:27:51	TASTEGGIO	1	0	6000	45980	44127	86	0	0.13	0.13	0	
24/02/2012 13:28:03	TASTEGGIO	1	0	6000	45980	126738	86	0	0.12	0.17	82800	
24/02/2012 13:28:25	TASTEGGIO	1	0	6000	45980	43993	88	0	0.20	0.20	0	
24/02/2012 13:28:43	TASTEGGIO	0	1	6000	45980	43991	111	1	0.16	0.16	0	
24/02/2012 13:29:00	TASTEGGIO	0	2	6000	45980	43991	129	2	0.16	0.16	0	
24/02/2012 13:29:19	TASTEGGIO	0	3	6000	45980	43993	177	3	0.15	0.15	0	
24/02/2012 13:29:41	TASTEGGIO	0	4	6000	45980	43992	233	-14	0.08	0.08	0	
24/02/2012 13:29:52	TASTEGGIO	0	4	6000	45980	126732	233	-14	0.15	0.16	-82000	
24/02/2012 13:30:16	TASTEGGIO	1	0	6000	45980	208661	86	-3	0.19	0.19	0	
24/02/2012 13:30:35	TASTEGGIO	0	1	6000	45980	208670	108	-1	0.11	0.11	0	
24/02/2012 13:30:46	TASTEGGIO	0	1	6000	45980	126872	108	-1	0.07	0.11	-82000	
24/02/2012 13:32:36	TASTEGGIO	0	1	6000	45980	126893	108	-1	0.07	0.29	82800	
24/02/2012 13:32:59	TASTEGGIO	1	0	6000	45980	44140	108	0	0.26	0.26	0	
24/02/2012 13:33:18	TASTEGGIO	0	1	6000	45980	44139	131	0	0.26	0.26	0	
24/02/2012 13:33:36	TASTEGGIO	0	2	6000	45980	44146	183	0	0.26	0.26	0	
24/02/2012 13:33:58	TASTEGGIO	0	3	6000	45980	44154	261	-15	0.11	0.11	0	
24/02/2012 13:34:10	TASTEGGIO	0	3	6000	45980	126743	261	-15	0.11	0.20	-44500	
24/02/2012 13:34:34	TASTEGGIO	1	0	6000	45980	171147	93	-7	0.11	0.11	0	
24/02/2012 13:34:45	TASTEGGIO	1	0	6000	45980	126883	93	-7	0.07	0.14	82800	
24/02/2012 13:35:08	TASTEGGIO	1	0	6000	45980	44131	83	4	0.14	0.14	0	
24/02/2012 13:35:26	TASTEGGIO	0	1	6000	45980	44129	97	0	0.13	0.13	0	
24/02/2012 13:35:44	TASTEGGIO	0	2	6000	45980	44130	121	0	0.13	0.13	0	
24/02/2012 13:36:03	TASTEGGIO	0	3	6000	45980	44130	160	0	0.13	0.13	0	
24/02/2012 13:36:24	TASTEGGIO	0	4	6000	45980	44130	212	0	0.13	0.13	0	
24/02/2012 13:36:45	TASTEGGIO	0	5	6000	45980	44131	277	-16	0.08	0.08	0	
24/02/2012 13:36:56	TASTEGGIO	0	5	6000	45980	126744	277	-16	0.15	0.18	-24500	
24/02/2012 13:37:20	TASTEGGIO	1	0	6000	45980	151183	90	-8	0.09	0.09	0	
24/02/2012 13:37:30	TASTEGGIO	1	0	6000	45980	126865	90	-8	0.08	0.09	-44500	
24/02/2012 13:39:20	TASTEGGIO	1	0	6000	45980	126882	90	-8	0.48	1.48	-82000	
24/02/2012 13:39:46	TASTEGGIO	1	0	6000	45980	208827	308	-35	1.11	1.11	0	
24/02/2012 13:40:08	TASTEGGIO	0	1	6000	45980	208828	391	-102	0.16	0.16	0	
24/02/2012 13:40:27	TASTEGGIO	0	0	6000	45980	208829	86	0	0.28	0.28	0	
24/02/2012 13:40:47	TASTEGGIO	0	1	6000	45980	208829	135	0	0.14	0.14	0	
24/02/2012 13:40:59	TASTEGGIO	0	1	6000	45980	126889	135	0	0.35	0.35	0	
24/02/2012 13:41:22	TASTEGGIO	1	0	6000	45980	126896	118	-14	0.19	0.19	0	
24/02/2012 13:41:43	TASTEGGIO	0	1	6000	45980	126896	128	-15	0.06	0.06	0	
24/02/2012 13:41:50	TASTEGGIO	0	1	6000	45980	126886	128	-15	0.10	0.32	-44500	
24/02/2012 13:42:15	TASTEGGIO	1	0	6000	45980	171278	113	-4	0.25	0.25	0	
24/02/2012 13:42:36	TASTEGGIO	0	1	6000	45980	171288	132	-3	0.21	0.21	0	
24/02/2012 13:42:57	TASTEGGIO	0	2	6000	45980	171291	167	-14	0.08	0.08	0	
24/02/2012 13:43:08	TASTEGGIO	0	2	6000	45980	126882	167	-14	0.18	0.19	-82000	
24/02/2012 13:43:31	TASTEGGIO	1	0	6000	45980	208819	91	0	0.24	0.24	0	
24/02/2012 13:43:50	TASTEGGIO	0	1	6000	45980	208828	121	5	0.16	0.16	0	
24/02/2012 13:44:11	TASTEGGIO	0	2	6000	45980	208829	136	0	0.21	0.21	0	
24/02/2012 13:44:32	TASTEGGIO	0	3	6000	45980	208829	218	-58	0.54	0.54	0	
24/02/2012 13:44:50	TASTEGGIO	0	1	6000	45980	208829	79	-9	0.45	0.45	0	
24/02/2012 13:45:09	TASTEGGIO	0	2	6000	45980	208829	153	-5	0.39	0.39	0	
24/02/2012 13:45:30	TASTEGGIO	0	3	6000	45980	208829	254	-9	0.29	0.29	0	
24/02/2012 13:45:53	TASTEGGIO	0	4	6000	45980	208829	297	-88	0.63	0.63	0	
24/02/2012 13:46:15	TASTEGGIO	0	1	6000	45980	208829	160	-55	1.03	1.03	0	
24/02/2012 13:46:38	TASTEGGIO	0	2	6000	45980	208829	400	-159	0.55	0.55	0	
24/02/2012 13:47:01	TASTEGGIO	0	1	6000	45980	208829	370	-249	1.77	1.77	0	
24/02/2012 13:47:15	TASTEGGIO	0	1	6000	45980	208829	0	-25	1.67	1.67	0	
24/02/2012 13:47:36	TASTEGGIO	0	2	6000	45980	208829	315	-82	0.85	0.85	0	
24/02/2012 13:47:58	TASTEGGIO	0	3	6000	45980	208829	389	-125	0.38	0.38	0	
24/02/2012 13:48:20	TASTEGGIO	0	1	6000	45980	208829	372	-258	2.16	2.16	0	
24/02/2012 13:48:34	TASTEGGIO	0	1	6000	45980	208829	0	-25	1.91	1.91	0	
24/02/2012 13:48:55	TASTEGGIO	0	2	6000	45980	208829	337	-95	1.00	1.00	0	
24/02/2012 13:49:19	TASTEGGIO	0	3	6000	45980	208829	400	-124	0.30	0.30	0	
24/02/2012 13:49:22	ALARM 401		
24/02/2012 13:49:25	ALARM 205		err.6058
24/02/2012 13:49:56	TASTEGGIO	0	3	6000	45981	126894	400	-124	0.45	0.45	0	
24/02/2012 13:50:19	TASTEGGIO	1	0	6000	45981	126900	135	0	0.42	0.42	0	
24/02/2012 13:50:42	TASTEGGIO	0	1	6000	45981	126900	174	-20	0.25	0.25	0	
24/02/2012 13:51:03	TASTEGGIO	0	2	6000	45981	126900	195	-53	0.28	0.28	0	
24/02/2012 13:51:25	TASTEGGIO	0	1	6000	45981	126900	163	-90	0.66	0.66	0	
24/02/2012 13:51:39	TASTEGGIO	0	1	6000	45981	126900	7	-3	0.61	0.61	0	
24/02/2012 13:52:00	TASTEGGIO	0	2	6000	45981	126900	119	-10	0.47	0.47	0	
24/02/2012 13:52:22	TASTEGGIO	0	3	6000	45981	126900	181	-35	0.11	0.11	0	
24/02/2012 13:52:30	TASTEGGIO	0	3	6000	45981	126886	181	-35	0.12	0.20	-24500	
24/02/2012 13:52:53	TASTEGGIO	1	0	6000	45981	151321	93	-6	0.12	0.12	0	
24/02/2012 13:53:03	TASTEGGIO	1	0	6000	45981	126883	93	-6	0.08	0.14	-82000	
24/02/2012 13:54:53	TASTEGGIO	1	0	6000	45980	126882	93	-6	0.29	0.33	44500	
24/02/2012 13:55:15	TASTEGGIO	1	0	6000	45980	82458	115	0	0.30	0.30	0	
24/02/2012 13:55:33	ALARM 18	proc 1 prog 2 step 5	Tondo Non Presente Su Carrello 1
24/02/2012 13:55:48	ALARM 201		err.6058
24/02/2012 13:55:58	ALARM 401		
24/02/2012 13:57:55	TASTEGGIO	0	1	6000	45981	126746	142	-1	0.29	0.31	44500	
24/02/2012 13:58:18	TASTEGGIO	1	0	6000	45981	82324	112	1	0.27	0.27	0	
24/02/2012 13:58:37	TASTEGGIO	0	1	6000	45981	82323	135	4	0.29	0.29	0	
24/02/2012 13:58:57	TASTEGGIO	0	2	6000	45981	82308	197	-15	0.13	0.13	0	
24/02/2012 13:59:07	TASTEGGIO	0	2	6000	45981	126730	197	-15	0.16	0.19	82800	
24/02/2012 13:59:29	TASTEGGIO	1	0	6000	45981	43986	91	-1	0.15	0.15	0	
24/02/2012 13:59:46	TASTEGGIO	0	1	6000	45981	43981	102	0	0.15	0.15	0	
24/02/2012 14:00:05	TASTEGGIO	0	2	6000	45981	43983	132	0	0.21	0.21	0	
24/02/2012 14:00:25	TASTEGGIO	0	3	6000	45981	43985	220	-13	0.08	0.08	0	
24/02/2012 14:00:37	TASTEGGIO	0	3	6000	45981	126732	220	-13	0.09	0.11	-44500	
24/02/2012 14:02:27	TASTEGGIO	0	3	6000	45980	126975	220	-13	1.60	1.60	0	
24/02/2012 14:02:52	TASTEGGIO	1	0	6000	45980	126983	328	-53	1.04	1.04	0	
24/02/2012 14:03:16	TASTEGGIO	0	1	6000	45980	126983	395	-167	0.63	0.63	0	
24/02/2012 14:03:40	TASTEGGIO	0	1	6000	45980	126983	356	-370	2.95	2.95	0	
24/02/2012 14:03:54	TASTEGGIO	0	1	6000	45980	126983	0	-9	2.81	2.81	0	
24/02/2012 14:04:16	TASTEGGIO	0	2	6000	45980	126983	400	-120	1.63	1.63	0	
24/02/2012 14:04:40	TASTEGGIO	0	3	6000	45980	126985	400	-148	0.18	0.18	0	
24/02/2012 14:04:59	TASTEGGIO	0	0	6000	45980	126985	90	0	0.23	0.23	0	
24/02/2012 14:05:20	TASTEGGIO	0	1	6000	45980	126985	119	2	0.33	0.33	0	
24/02/2012 14:05:43	TASTEGGIO	0	2	6000	45980	126985	213	-11	0.11	0.11	0	
24/02/2012 14:05:51	TASTEGGIO	0	2	6000	45980	126967	213	-11	0.18	0.56	82800	
24/02/2012 14:06:13	TASTEGGIO	1	0	6000	45980	44211	154	0	0.52	0.52	0	
24/02/2012 14:06:33	TASTEGGIO	0	1	6000	45980	44211	202	-1	0.56	0.56	0	
24/02/2012 14:06:54	TASTEGGIO	0	2	6000	45980	44216	322	-42	0.06	0.06	0	
24/02/2012 14:07:06	TASTEGGIO	0	2	6000	45980	126839	322	-42	0.20	0.23	44500	
24/02/2012 14:07:29	TASTEGGIO	1	0	6000	45980	82415	98	0	0.18	0.18	0	
24/02/2012 14:07:48	TASTEGGIO	0	1	6000	45980	82410	112	-1	0.17	0.17	0	
24/02/2012 14:08:09	TASTEGGIO	0	2	6000	45980	82398	144	-4	0.21	0.21	0	
24/02/2012 14:08:30	TASTEGGIO	0	3	6000	45980	82377	221	-39	0.30	0.30	0	
24/02/2012 14:08:52	TASTEGGIO	0	1	6000	45980	82380	178	-30	0.07	0.07	0	
24/02/2012 14:09:03	TASTEGGIO	0	1	6000	45980	126833	178	-30	0.26	0.26	0	
24/02/2012 14:09:24	TASTEGGIO	1	0	6000	45980	126828	103	-60	0.36	0.36	0	
24/02/2012 14:09:42	TASTEGGIO	0	1	6000	45980	126828	53	-3	0.30	0.30	0	
24/02/2012 14:10:02	TASTEGGIO	0	2	6000	45980	126828	102	-3	0.26	0.26	0	
24/02/2012 14:10:23	TASTEGGIO	0	3	6000	45980	126828	169	-13	0.13	0.13	0	
24/02/2012 14:10:31	TASTEGGIO	0	3	6000	45980	126834	169	-13	0.13	0.25	44500	
24/02/2012 14:10:54	TASTEGGIO	1	0	6000	45980	82410	102	0	0.21	0.21	0	
24/02/2012 14:11:13	TASTEGGIO	0	1	6000	45980	82404	119	4	0.21	0.21	0	
24/02/2012 14:11:34	TASTEGGIO	0	2	6000	45980	82392	161	-4	0.17	0.17	0	
24/02/2012 14:11:56	TASTEGGIO	0	3	6000	45980	82377	202	-14	0.10	0.10	0	
24/02/2012 14:12:07	TASTEGGIO	0	3	6000	45980	126826	202	-14	0.10	0.11	82800	
24/02/2012 14:12:56	ALARM 318	proc 3 prog 26 step 37	go_abs inv_ax 3
24/02/2012 14:16:04	ALARM 318	proc 6 prog 26 step 37	go_abs inv_ax 3
24/02/2012 14:17:40	ALARM 318	proc 12 prog 125 step 10	go_abs inv_ax 3
24/02/2012 14:17:54	ALARM 318	proc 12 prog 125 step 10	go_abs inv_ax 3
24/02/2012 14:18:08	ALARM 318	proc 12 prog 124 step 6	go_abs inv_ax 3
24/02/2012 14:22:47	TASTEGGIO	0	3	6000	45980	126879	202	-14	0.26	0.26	0	
24/02/2012 14:23:10	TASTEGGIO	1	0	6000	45980	126887	103	-10	0.12	0.12	0	
24/02/2012 14:23:17	TASTEGGIO	1	0	6000	45980	126879	103	-10	0.11	0.16	82800	
24/02/2012 14:23:40	TASTEGGIO	1	0	6000	45980	44121	86	-1	0.15	0.15	0	
24/02/2012 14:23:58	TASTEGGIO	0	1	6000	45980	44120	100	1	0.12	0.12	0	
24/02/2012 14:24:10	TASTEGGIO	0	1	6000	45980	126745	100	1	0.13	0.14	82800	
24/02/2012 14:24:32	TASTEGGIO	1	0	6000	45980	43994	83	1	0.14	0.14	0	
24/02/2012 14:24:50	TASTEGGIO	0	1	6000	45980	43995	97	2	0.14	0.14	0	
24/02/2012 14:25:08	TASTEGGIO	0	2	6000	45980	43994	125	2	0.14	0.14	0	
24/02/2012 14:25:26	TASTEGGIO	0	3	6000	45980	43998	167	0	0.11	0.11	0	
24/02/2012 14:25:38	TASTEGGIO	0	3	6000	45980	126745	167	0	0.14	0.14	0	
24/02/2012 14:26:01	TASTEGGIO	1	0	6000	45980	126740	83	-1	0.09	0.09	0	
24/02/2012 14:26:09	TASTEGGIO	1	0	6000	45980	126744	83	-1	0.09	0.14	82800	
24/02/2012 14:26:31	TASTEGGIO	1	0	6000	45980	43993	83	0	0.12	0.12	0	
24/02/2012 14:26:43	TASTEGGIO	1	0	6000	45980	126735	83	0	0.16	0.16	0	
24/02/2012 14:27:06	TASTEGGIO	1	0	6000	45980	126730	86	-1	0.14	0.14	0	
24/02/2012 14:27:13	TASTEGGIO	1	0	6000	45980	126735	86	-1	0.12	0.15	82800	
24/02/2012 14:27:36	TASTEGGIO	1	0	6000	45980	43992	85	0	0.17	0.17	0	
24/02/2012 14:27:53	TASTEGGIO	0	1	6000	45980	43988	104	0	0.14	0.14	0	
24/02/2012 14:28:05	TASTEGGIO	0	1	6000	45980	126726	104	0	0.17	0.17	0	
24/02/2012 14:28:26	TASTEGGIO	1	0	6000	45980	126721	88	-4	0.07	0.07	0	
24/02/2012 14:28:34	TASTEGGIO	1	0	6000	45980	126726	88	-4	0.06	0.14	82800	
24/02/2012 14:28:57	TASTEGGIO	1	0	6000	45980	43988	83	0	0.13	0.13	0	
24/02/2012 14:29:15	TASTEGGIO	0	1	6000	45980	43985	95	1	0.13	0.13	0	
24/02/2012 14:29:32	TASTEGGIO	0	2	6000	45980	43984	121	0	0.14	0.14	0	
24/02/2012 14:29:52	TASTEGGIO	0	3	6000	45980	43984	166	-1	0.12	0.12	0	
24/02/2012 14:30:04	TASTEGGIO	0	3	6000	45980	126736	166	-1	0.06	0.14	82800	
24/02/2012 14:30:26	TASTEGGIO	1	0	6000	45980	43986	83	2	0.13	0.13	0	
24/02/2012 14:30:44	TASTEGGIO	0	1	6000	45980	43986	95	1	0.13	0.13	0	
24/02/2012 14:30:56	TASTEGGIO	0	1	6000	45980	126728	95	1	0.07	0.14	82800	
24/02/2012 14:31:44	ALARM 13	proc 2 prog 51 step 45	Tondo non in posizione di scarico
24/02/2012 14:34:23	TASTEGGIO	0	1	6000	45980	126975	95	1	1.65	1.65	0	
24/02/2012 14:34:48	TASTEGGIO	1	0	6000	45980	126984	337	-38	1.24	1.24	0	
24/02/2012 14:35:12	TASTEGGIO	0	1	6000	45980	126984	400	-124	0.31	0.31	0	
24/02/2012 14:35:32	TASTEGGIO	0	0	6000	45980	126984	112	-2	0.18	0.18	0	
24/02/2012 14:35:54	TASTEGGIO	0	1	6000	45980	126984	122	0	0.18	0.18	0	
24/02/2012 14:36:16	TASTEGGIO	0	2	6000	45980	126984	158	-3	0.12	0.12	0	
24/02/2012 14:36:24	TASTEGGIO	0	2	6000	45980	126967	158	-3	0.13	0.69	82800	
24/02/2012 14:36:47	TASTEGGIO	1	0	6000	45980	44210	175	0	0.63	0.63	0	
24/02/2012 14:37:05	TASTEGGIO	0	1	6000	45980	44211	232	-1	0.63	0.63	0	
24/02/2012 14:37:27	TASTEGGIO	0	2	6000	45980	44217	358	-28	0.37	0.37	0	
24/02/2012 14:37:51	TASTEGGIO	0	3	6000	45980	44226	395	-47	0.30	0.30	0	
24/02/2012 14:38:14	ALARM 18	proc 1 prog 2 step 5	Tondo Non Presente Su Carrello 1
24/02/2012 14:46:01	ALARM 201		err.6058
24/02/2012 14:46:12	ALARM 214	proc 12 prog 72 step 48	ABS_MOVE 7 stopped
24/02/2012 14:46:15	ALARM 201		err.6058
24/02/2012 14:47:34	TASTEGGIO	0	1	6000	45981	126840	370	-92	0.20	0.66	82800	
24/02/2012 14:47:58	TASTEGGIO	1	0	6000	45981	44097	170	-12	0.51	0.51	0	
24/02/2012 14:48:17	TASTEGGIO	0	1	6000	45981	44101	209	-6	0.45	0.45	0	
24/02/2012 14:48:39	TASTEGGIO	0	2	6000	45981	44103	288	-26	0.29	0.29	0	
24/02/2012 14:49:01	TASTEGGIO	0	3	6000	45981	44102	320	-11	0.16	0.16	0	
24/02/2012 14:49:24	TASTEGGIO	0	4	6000	45981	44103	337	-17	0.11	0.11	0	
24/02/2012 14:49:35	TASTEGGIO	0	4	6000	45981	126838	337	-17	0.43	0.43	0	
24/02/2012 14:49:59	TASTEGGIO	1	0	6000	45981	126833	132	-41	0.10	0.10	0	
24/02/2012 14:50:07	TASTEGGIO	1	0	6000	45981	126837	132	-41	0.08	0.35	44500	
24/02/2012 14:50:31	TASTEGGIO	1	0	6000	45981	82418	118	0	0.31	0.31	0	
24/02/2012 14:50:52	TASTEGGIO	0	1	6000	45981	82408	145	-2	0.26	0.26	0	
24/02/2012 14:51:13	TASTEGGIO	0	2	6000	45981	82392	188	-17	0.09	0.09	0	
24/02/2012 14:51:23	TASTEGGIO	0	2	6000	45981	126833	188	-17	0.16	0.18	-24500	
24/02/2012 14:51:48	TASTEGGIO	1	0	6000	45981	151281	90	-1	0.13	0.13	0	
24/02/2012 14:51:58	TASTEGGIO	1	0	6000	45981	126965	90	-1	0.10	0.14	-24500	
24/02/2012 14:52:47	ALARM 318	proc 3 prog 26 step 37	go_abs inv_ax 3
24/02/2012 14:55:30	TASTEGGIO	1	0	6000	45983	126972	90	-1	0.15	0.15	0	
24/02/2012 14:56:18	ALARM 13	proc 2 prog 51 step 45	Tondo non in posizione di scarico
24/02/2012 14:58:46	TASTEGGIO	1	0	6000	45981	126876	90	-1	0.86	2.15	-82000	
24/02/2012 14:59:14	TASTEGGIO	1	0	6000	45981	208831	400	-48	1.73	1.73	0	
24/02/2012 14:59:37	TASTEGGIO	0	1	6000	45981	208832	400	-37	1.35	1.35	0	
24/02/2012 14:59:59	TASTEGGIO	0	2	6000	45981	208832	400	-36	0.95	0.95	0	
24/02/2012 15:00:22	TASTEGGIO	0	3	6000	45981	208832	400	-34	0.62	0.62	0	
24/02/2012 15:00:45	TASTEGGIO	0	4	6000	45981	208833	400	-75	0.39	0.39	0	
24/02/2012 15:01:09	TASTEGGIO	0	1	6000	45981	208832	375	-133	1.11	1.11	0	
24/02/2012 15:01:26	TASTEGGIO	0	1	6000	45981	208832	59	-17	0.88	0.88	0	
24/02/2012 15:01:44	TASTEGGIO	0	2	6000	45981	208832	157	-8	0.69	0.69	0	
24/02/2012 15:02:05	TASTEGGIO	0	3	6000	45981	208832	250	-51	0.18	0.18	0	
24/02/2012 15:02:24	TASTEGGIO	0	0	6000	45981	208832	90	0	0.22	0.22	0	
24/02/2012 15:02:44	TASTEGGIO	0	1	6000	45981	208832	116	0	0.24	0.24	0	
24/02/2012 15:03:04	TASTEGGIO	0	2	6000	45981	208833	168	0	0.28	0.28	0	
24/02/2012 15:03:27	TASTEGGIO	0	3	6000	45981	208832	266	-23	0.08	0.08	0	
24/02/2012 15:03:39	TASTEGGIO	0	3	6000	45981	126892	266	-23	0.45	0.45	0	
24/02/2012 15:04:02	TASTEGGIO	1	0	6000	45981	126897	135	-19	0.27	0.27	0	
24/02/2012 15:04:23	TASTEGGIO	0	1	6000	45981	126897	151	-25	0.05	0.05	0	
24/02/2012 15:04:30	TASTEGGIO	0	1	6000	45981	126886	151	-25	0.07	0.46	-44500	
24/02/2012 15:04:54	TASTEGGIO	1	0	6000	45981	171295	137	-12	0.32	0.32	0	
24/02/2012 15:05:16	TASTEGGIO	0	1	6000	45981	171304	159	-14	0.24	0.24	0	
24/02/2012 15:05:38	TASTEGGIO	0	2	6000	45981	171306	184	-31	0.20	0.20	0	
24/02/2012 15:05:59	TASTEGGIO	0	1	6000	45981	171308	167	-56	0.43	0.43	0	
24/02/2012 15:06:18	TASTEGGIO	0	1	6000	45981	171310	74	-4	0.33	0.33	0	
24/02/2012 15:06:39	TASTEGGIO	0	2	6000	45981	171310	109	-5	0.28	0.28	0	
24/02/2012 15:07:00	TASTEGGIO	0	3	6000	45981	171310	180	-24	0.15	0.15	0	
24/02/2012 15:07:21	TASTEGGIO	0	4	6000	45981	171310	196	-54	0.50	0.50	0	
24/02/2012 15:07:37	TASTEGGIO	0	1	6000	45981	171310	29	-7	0.42	0.42	0	
24/02/2012 15:07:57	TASTEGGIO	0	2	6000	45981	171310	99	-11	0.35	0.35	0	
24/02/2012 15:08:18	TASTEGGIO	0	3	6000	45981	171310	186	-39	0.11	0.11	0	
24/02/2012 15:08:29	TASTEGGIO	0	3	6000	45981	126879	186	-39	0.41	0.41	0	
24/02/2012 15:08:53	TASTEGGIO	1	0	6000	45981	126885	128	-6	0.41	0.41	0	
24/02/2012 15:09:15	TASTEGGIO	0	1	6000	45981	126885	169	-29	0.26	0.26	0	
24/02/2012 15:09:37	TASTEGGIO	0	2	6000	45981	126885	192	-53	0.29	0.29	0	
24/02/2012 15:09:59	TASTEGGIO	0	1	6000	45981	126885	159	-79	0.59	0.59	0	
24/02/2012 15:10:14	TASTEGGIO	0	1	6000	45981	126885	38	-2	0.54	0.54	0	
24/02/2012 15:10:34	TASTEGGIO	0	2	6000	45981	126884	136	-21	0.34	0.34	0	
24/02/2012 15:10:56	TASTEGGIO	0	3	6000	45981	126884	173	-28	0.07	0.07	0	
24/02/2012 15:11:05	TASTEGGIO	0	3	6000	45981	126870	173	-28	0.10	0.24	-44500	
24/02/2012 15:11:29	TASTEGGIO	1	0	6000	45981	171271	100	-1	0.22	0.22	0	
24/02/2012 15:11:49	TASTEGGIO	0	1	6000	45981	171277	120	0	0.25	0.25	0	
24/02/2012 15:12:11	TASTEGGIO	0	2	6000	45981	171279	176	-2	0.14	0.14	0	
24/02/2012 15:12:22	TASTEGGIO	0	2	6000	45981	126873	176	-2	0.08	0.13	-44500	
24/02/2012 15:14:12	TASTEGGIO	0	2	6000	45981	126879	176	-2	0.03	0.19	-44500	
24/02/2012 15:14:36	TASTEGGIO	1	0	6000	45981	171285	91	-7	0.14	0.14	0	
24/02/2012 15:14:46	TASTEGGIO	1	0	6000	45981	126887	91	-7	0.06	0.12	-44500	
24/02/2012 15:16:35	TASTEGGIO	1	0	6000	45981	126879	91	-7	0.24	0.41	82800	
24/02/2012 15:16:57	TASTEGGIO	1	0	6000	45981	44123	128	0	0.39	0.39	0	
24/02/2012 15:17:15	TASTEGGIO	0	1	6000	45981	44127	165	0	0.46	0.46	0	
24/02/2012 15:17:35	TASTEGGIO	0	2	6000	45981	44132	273	-8	0.33	0.33	0	
24/02/2012 15:17:57	TASTEGGIO	0	3	6000	45981	44136	314	-19	0.16	0.16	0	
24/02/2012 15:18:15	TASTEGGIO	0	0	6000	45981	44130	86	2	0.15	0.15	0	
24/02/2012 15:18:32	TASTEGGIO	0	1	6000	45981	44124	100	0	0.19	0.19	0	
24/02/2012 15:18:51	TASTEGGIO	0	2	6000	45981	44143	148	2	0.15	0.15	0	
24/02/2012 15:19:09	TASTEGGIO	0	3	6000	45981	44143	168	1	0.15	0.15	0	
24/02/2012 15:19:31	TASTEGGIO	0	4	6000	45981	44143	228	0	0.14	0.14	0	
24/02/2012 15:19:42	TASTEGGIO	0	4	6000	45981	126747	228	0	0.17	0.23	-82000	
24/02/2012 15:20:06	TASTEGGIO	1	0	6000	45981	208683	98	-3	0.22	0.22	0	
24/02/2012 15:20:25	TASTEGGIO	0	1	6000	45981	208689	119	-1	0.19	0.19	0	
24/02/2012 15:20:45	TASTEGGIO	0	2	6000	45981	208695	151	-6	0.12	0.12	0	
24/02/2012 15:20:56	TASTEGGIO	0	2	6000	45981	126875	151	-6	0.14	0.18	24500	
24/02/2012 15:21:19	TASTEGGIO	1	0	6000	45981	102437	90	2	0.21	0.21	0	
24/02/2012 15:21:40	TASTEGGIO	0	1	6000	45981	102427	114	-1	0.11	0.11	0	
24/02/2012 15:21:50	TASTEGGIO	0	1	6000	45981	126742	114	-1	0.11	0.14	82800	
24/02/2012 15:23:40	TASTEGGIO	0	1	6000	45980	126877	114	-1	0.08	0.08	82800	
24/02/2012 15:23:57	ALARM 10	proc 12 prog 37 step 30	Tondo non presente su rulliera
24/02/2012 15:24:46	TASTEGGIO	0	1	6000	45981	126876	114	-1	0.08	0.08	0	
24/02/2012 15:26:35	TASTEGGIO	0	1	6000	45980	126878	114	-1	0.10	0.18	82800	
24/02/2012 15:26:57	TASTEGGIO	1	0	6000	45980	44116	90	-1	0.15	0.15	0	
24/02/2012 15:27:14	TASTEGGIO	0	1	6000	45980	44116	102	1	0.15	0.15	0	
24/02/2012 15:27:32	TASTEGGIO	0	2	6000	45980	44120	132	0	0.19	0.19	0	
24/02/2012 15:27:52	TASTEGGIO	0	3	6000	45980	44128	204	-5	0.14	0.14	0	
24/02/2012 15:28:04	TASTEGGIO	0	3	6000	45980	126746	204	-5	0.05	0.12	-82000	
24/02/2012 15:29:54	TASTEGGIO	0	3	6000	45980	127080	204	-5	0.20	0.30	-44500	
24/02/2012 15:30:19	TASTEGGIO	1	0	6000	45980	171489	110	-11	0.18	0.18	0	
24/02/2012 15:30:39	TASTEGGIO	0	1	6000	45980	171490	120	-10	0.08	0.08	0	
24/02/2012 15:30:50	TASTEGGIO	0	1	6000	45980	127094	120	-10	0.06	0.14	-82000	
24/02/2012 15:32:39	TASTEGGIO	0	1	6000	45980	126977	120	-10	0.30	0.40	44500	
24/02/2012 15:33:03	TASTEGGIO	1	0	6000	45980	82541	127	4	0.34	0.34	0	
24/02/2012 15:33:24	TASTEGGIO	0	1	6000	45980	82537	155	-2	0.35	0.35	0	
24/02/2012 15:33:46	TASTEGGIO	0	2	6000	45980	82522	227	-32	0.07	0.07	0	
24/02/2012 15:33:56	TASTEGGIO	0	2	6000	45980	126846	227	-32	0.05	0.17	82800	
24/02/2012 15:34:19	TASTEGGIO	1	0	6000	45980	44084	88	1	0.14	0.14	0	
24/02/2012 15:34:31	TASTEGGIO	1	0	6000	45980	126836	88	1	0.05	0.15	82800	
24/02/2012 15:36:20	TASTEGGIO	1	0	6000	45981	126977	88	1	0.05	0.29	82800	
24/02/2012 15:36:43	TASTEGGIO	1	0	6000	45981	44217	108	0	0.23	0.23	0	
24/02/2012 15:37:00	TASTEGGIO	0	1	6000	45981	44218	126	0	0.27	0.27	0	
24/02/2012 15:37:18	TASTEGGIO	0	2	6000	45981	44225	189	0	0.25	0.25	0	
24/02/2012 15:37:39	TASTEGGIO	0	3	6000	45981	44228	258	-16	0.11	0.11	0	
24/02/2012 15:37:50	TASTEGGIO	0	3	6000	45981	126842	258	-16	0.15	0.20	-44500	
24/02/2012 15:38:14	TASTEGGIO	1	0	6000	45981	171254	93	-6	0.12	0.12	0	
24/02/2012 15:38:25	TASTEGGIO	1	0	6000	45981	126979	93	-6	0.05	0.14	82800	
24/02/2012 15:38:48	TASTEGGIO	1	0	6000	45981	44220	83	0	0.13	0.13	0	
24/02/2012 15:39:05	TASTEGGIO	0	1	6000	45981	44219	95	0	0.14	0.14	0	
24/02/2012 15:39:23	TASTEGGIO	0	2	6000	45981	44224	125	2	0.14	0.14	0	
24/02/2012 15:39:43	TASTEGGIO	0	3	6000	45981	44225	167	-1	0.15	0.15	0	
24/02/2012 15:40:04	TASTEGGIO	0	4	6000	45981	44228	231	0	0.13	0.13	0	
24/02/2012 15:40:25	TASTEGGIO	0	5	6000	45981	44231	287	-20	0.06	0.06	0	
24/02/2012 15:40:37	TASTEGGIO	0	5	6000	45981	126845	287	-20	0.18	0.22	-24500	
24/02/2012 15:41:01	TASTEGGIO	1	0	6000	45981	151290	96	-8	0.13	0.13	0	
24/02/2012 15:41:11	TASTEGGIO	1	0	6000	45981	126968	96	-8	0.11	0.14	-44500	
24/02/2012 15:42:09	ALARM 17	proc 12 prog 10 step 47	LavoroTerminato
24/02/2012 15:43:28	TASTEGGIO	1	0	6000	45981	126877	96	-8	0.46	0.80	-82000	
24/02/2012 15:43:53	TASTEGGIO	1	0	6000	45980	208826	194	-2	0.77	0.77	0	
24/02/2012 15:44:15	TASTEGGIO	0	1	6000	45980	208828	268	-17	0.54	0.54	0	
24/02/2012 15:44:37	TASTEGGIO	0	2	6000	45980	208830	321	-38	0.22	0.22	0	
24/02/2012 15:44:56	TASTEGGIO	0	0	6000	45980	208830	96	0	0.18	0.18	0	
24/02/2012 15:45:16	TASTEGGIO	0	1	6000	45980	208830	110	0	0.17	0.17	0	
24/02/2012 15:45:35	TASTEGGIO	0	2	6000	45980	208830	142	0	0.14	0.14	0	
24/02/2012 15:45:47	TASTEGGIO	0	2	6000	45980	126883	142	0	0.03	0.23	-44500	
24/02/2012 15:46:11	TASTEGGIO	1	0	6000	45980	171284	98	0	0.20	0.20	0	
24/02/2012 15:46:31	TASTEGGIO	0	1	6000	45980	171297	115	-2	0.15	0.15	0	
24/02/2012 15:46:53	TASTEGGIO	0	2	6000	45980	171301	130	-2	0.13	0.13	0	
24/02/2012 15:47:03	TASTEGGIO	0	2	6000	45980	126878	130	-2	0.05	0.15	-44500	
24/02/2012 15:47:27	TASTEGGIO	1	0	6000	45980	171289	85	1	0.13	0.13	0	
24/02/2012 15:47:38	TASTEGGIO	1	0	6000	45980	126887	85	1	0.05	0.14	-44500	
24/02/2012 15:49:26	TASTEGGIO	1	0	6000	45980	126974	85	1	0.32	0.51	-82000	
24/02/2012 15:49:50	TASTEGGIO	1	0	6000	45980	208912	145	-4	0.43	0.43	0	
24/02/2012 15:50:11	TASTEGGIO	0	1	6000	45980	208927	181	-7	0.44	0.44	0	
24/02/2012 15:50:33	TASTEGGIO	0	2	6000	45981	208936	271	-54	0.20	0.20	0	
24/02/2012 15:50:56	TASTEGGIO	0	1	6000	45980	208937	261	-109	0.87	0.87	0	
24/02/2012 15:51:12	TASTEGGIO	0	1	6000	45980	208937	0	-14	0.73	0.73	0	
24/02/2012 15:51:29	TASTEGGIO	0	2	6000	45980	208937	122	-5	0.66	0.66	0	
24/02/2012 15:51:52	TASTEGGIO	0	3	6000	45980	208937	301	-84	0.20	0.20	0	
24/02/2012 15:52:15	TASTEGGIO	0	1	6000	45980	208937	294	-122	1.08	1.08	0	
24/02/2012 15:52:31	TASTEGGIO	0	1	6000	45980	208937	0	-18	0.88	0.88	0	
24/02/2012 15:52:50	TASTEGGIO	0	2	6000	45980	208937	143	-12	0.75	0.75	0	
24/02/2012 15:53:12	TASTEGGIO	0	3	6000	45980	208937	334	-120	0.46	0.46	0	
24/02/2012 15:53:35	TASTEGGIO	0	1	6000	45980	208937	305	-116	0.72	0.72	0	
24/02/2012 15:53:55	TASTEGGIO	0	1	6000	45980	208937	192	-47	0.26	0.26	0	
24/02/2012 15:54:14	TASTEGGIO	0	0	6000	45980	208937	103	0	0.25	0.25	0	
24/02/2012 15:54:33	TASTEGGIO	0	1	6000	45980	208937	127	-2	0.26	0.26	0	
24/02/2012 15:54:55	TASTEGGIO	0	2	6000	45981	208937	181	-15	0.21	0.21	0	
24/02/2012 15:55:17	TASTEGGIO	0	3	6000	45980	208937	231	-26	0.11	0.11	0	
24/02/2012 15:55:28	TASTEGGIO	0	3	6000	45980	126987	231	-26	0.35	0.35	0	
24/02/2012 15:55:52	TASTEGGIO	1	0	6000	45980	126992	118	-15	0.12	0.12	0	
24/02/2012 15:56:00	TASTEGGIO	1	0	6000	45980	126983	118	-15	0.12	0.17	44500	
24/02/2012 15:56:22	TASTEGGIO	1	0	6000	45980	82547	88	0	0.14	0.14	0	
