23/06/2010 14:12:10	ALARM 401		
23/06/2010 16:28:06	ALARM 401		
23/06/2010 16:41:21	ALARM 401		
23/06/2010 16:41:26	INIT OK
23/06/2010 17:03:33	ALARM 401		
23/06/2010 17:03:37	ALARM 213		PS not ready
23/06/2010 17:04:06	ALARM 203		err.0
23/06/2010 17:05:05	INIT OK
23/06/2010 17:05:32	ALARM 401		
23/06/2010 17:07:01	ALARM 401		
23/06/2010 17:09:19	ALARM 401		
23/06/2010 17:11:28	SAVE PRG	9
23/06/2010 17:12:47	ALARM 202		err.0
23/06/2010 17:19:20	ALARM 401		
23/06/2010 17:19:23	ALARM 401		
23/06/2010 17:19:24	ALARM 401		
23/06/2010 17:19:24	ALARM 401		
23/06/2010 17:19:28	ALARM 202		err.4007
23/06/2010 17:19:59	ALARM 401		
23/06/2010 17:23:38	SAVE PRG	130
23/06/2010 17:24:41	SAVE PRG	130
23/06/2010 17:39:25	SAVE PRG	9
23/06/2010 17:51:42	ALARM 203		err.0
23/06/2010 17:51:45	ALARM 203		err.4007
23/06/2010 17:51:51	ALARM 203		err.0
23/06/2010 17:51:55	ALARM 203		err.4007
23/06/2010 17:51:59	ALARM 203		err.0
23/06/2010 17:52:02	ALARM 203		err.4007
23/06/2010 17:52:07	ALARM 203		err.0
23/06/2010 17:52:35	ALARM 203		err.4007
23/06/2010 17:53:57	ALARM 203		err.0
23/06/2010 17:54:44	ALARM 203		err.4007
23/06/2010 17:54:55	ALARM 401		
23/06/2010 17:55:06	ALARM 401		
23/06/2010 17:55:07	ALARM 401		
23/06/2010 17:55:07	ALARM 401		
23/06/2010 17:55:08	ALARM 401		
23/06/2010 17:55:09	ALARM 401		
23/06/2010 17:55:12	ALARM 203		err.4007
23/06/2010 17:55:37	ALARM 203		err.0
23/06/2010 17:55:47	ALARM 203		err.4007
23/06/2010 17:56:08	ALARM 203		err.0
23/06/2010 17:56:17	ALARM 203		err.4007
23/06/2010 17:56:28	ALARM 203		err.0
23/06/2010 17:58:12	ALARM 203		err.4007
23/06/2010 18:01:17	ALARM 219		encoder 3
23/06/2010 18:01:24	ALARM 219		encoder 3
23/06/2010 18:01:25	ALARM 219		encoder 3
23/06/2010 18:01:28	ALARM 219		encoder 3
23/06/2010 18:01:29	ALARM 219		encoder 3
23/06/2010 18:01:54	ALARM 219		encoder 3
23/06/2010 18:01:54	ALARM 219		encoder 3
23/06/2010 18:01:55	ALARM 219		encoder 3
23/06/2010 18:03:57	ALARM 401		
23/06/2010 18:04:02	INIT OK
23/06/2010 18:04:58	ALARM 203		err.0
23/06/2010 18:05:59	ALARM 203		err.4007
23/06/2010 18:06:14	ALARM 203		err.0
23/06/2010 18:06:46	ALARM 203		err.4007
23/06/2010 18:07:01	ALARM 203		err.0
23/06/2010 18:08:15	ALARM 203		err.4007
23/06/2010 18:09:05	ALARM 203		err.0
23/06/2010 18:10:20	ALARM 203		err.4007
23/06/2010 18:11:27	ALARM 203		err.0
23/06/2010 18:11:38	ALARM 203		err.4007
23/06/2010 18:12:24	ALARM 203		err.0
23/06/2010 18:12:34	ALARM 203		err.4007
23/06/2010 18:14:02	ALARM 203		err.0
23/06/2010 18:14:06	ALARM 203		err.4007
23/06/2010 18:14:39	ALARM 203		err.0
23/06/2010 18:14:44	ALARM 203		err.4007
23/06/2010 18:15:08	ALARM 203		err.0
23/06/2010 18:15:56	ALARM 203		err.4007
23/06/2010 18:17:02	ALARM 203		err.0
23/06/2010 18:19:31	ALARM 401		
23/06/2010 18:19:35	ALARM 213		PS not ready
23/06/2010 18:20:58	INIT OK
23/06/2010 18:21:16	ALARM 602	proc 12 prog 137 step 1	ASPETTA 53
23/06/2010 18:21:40	ALARM 203		err.0
23/06/2010 18:21:56	ALARM 203		err.4007
23/06/2010 18:24:51	ALARM 203		err.0
23/06/2010 18:25:43	ALARM 203		err.4007
23/06/2010 18:26:15	SAVE PRG	136
23/06/2010 18:26:31	SAVE PRG	137
23/06/2010 18:30:21	ALARM 401		
23/06/2010 18:36:43	ALARM 401		
23/06/2010 18:47:41	SAVE PRG	137
23/06/2010 18:48:28	SAVE PRG	137
23/06/2010 18:50:14	SAVE PRG	137
23/06/2010 18:51:37	SAVE PRG	137
23/06/2010 18:52:57	SAVE PRG	137
23/06/2010 18:53:51	SAVE PRG	136
23/06/2010 18:54:08	SAVE PRG	137
23/06/2010 18:56:03	ALARM 401		
23/06/2010 19:06:52	ALARM 401		
23/06/2010 19:08:18	ALARM 401		
23/06/2010 19:08:21	ALARM 401		
23/06/2010 19:08:23	INIT OK
23/06/2010 19:08:24	ALARM 401		
23/06/2010 19:08:27	ALARM 219		encoder 3
23/06/2010 19:08:28	ALARM 219		encoder 3
23/06/2010 19:08:29	ALARM 219		encoder 3
23/06/2010 19:08:30	ALARM 219		encoder 3
23/06/2010 19:08:33	ALARM 219		encoder 3
23/06/2010 19:08:41	ALARM 219		encoder 3
23/06/2010 19:08:42	ALARM 219		encoder 3
23/06/2010 19:10:50	ALARM 713	proc 12 prog 137 step 4	axis 3 pos 93.00
23/06/2010 19:11:03	ALARM 713	proc 12 prog 136 step 4	axis 3 pos 205.00
23/06/2010 19:12:59	SAVE PRG	136
23/06/2010 19:13:23	SAVE PRG	137
23/06/2010 19:14:28	SAVE PRG	137
23/06/2010 19:14:51	ALARM 203		err.0
23/06/2010 19:14:56	ALARM 203		err.4007
23/06/2010 19:15:03	ALARM 203		err.0
23/06/2010 19:15:11	ALARM 203		err.4007
23/06/2010 19:15:16	ALARM 203		err.0
23/06/2010 19:15:20	ALARM 203		err.4007
23/06/2010 19:15:37	ALARM 203		err.0
23/06/2010 19:15:44	ALARM 203		err.4007
23/06/2010 19:16:11	SAVE PRG	136
23/06/2010 19:16:15	ALARM 713	proc 12 prog 136 step 4	axis 3 pos 200.00
23/06/2010 19:16:35	SAVE PRG	136
23/06/2010 19:16:41	ALARM 713	proc 12 prog 136 step 4	axis 3 pos 100.00
23/06/2010 19:16:56	SAVE PRG	136
23/06/2010 19:17:01	ALARM 713	proc 12 prog 136 step 4	axis 3 pos 90.00
23/06/2010 19:19:05	SAVE PRG	136
23/06/2010 19:19:34	SAVE PRG	136
23/06/2010 19:22:36	SAVE PRG	137
23/06/2010 19:22:45	SAVE PRG	136
23/06/2010 19:22:54	SAVE PRG	136
23/06/2010 19:23:08	SAVE PRG	137
23/06/2010 19:23:30	ALARM 203		err.0
23/06/2010 19:27:44	INIT OK
23/06/2010 19:27:57	ALARM 401		
23/06/2010 19:29:50	SAVE PRG	136
23/06/2010 19:30:22	ALARM 713	proc 12 prog 136 step 4	axis 3 pos 101.00
23/06/2010 19:30:37	SAVE PRG	136
23/06/2010 19:33:32	SAVE PRG	101
23/06/2010 19:34:17	ALARM 713	proc 12 prog 101 step 3	axis 3 pos 1.50
23/06/2010 19:35:03	ALARM 401		
23/06/2010 19:36:36	ALARM 401		
24/06/2010 11:14:09	SAVE PRG	51
24/06/2010 11:24:52	SAVE PRG	51
24/06/2010 11:26:12	SAVE PRG	51
24/06/2010 11:44:00	ALARM 401		
24/06/2010 11:51:04	ALARM 401		
24/06/2010 11:51:06	INIT OK
24/06/2010 11:54:45	SAVE PRG	51
24/06/2010 11:54:52	ALARM 318	proc 12 prog 51 step 3	go_abs inv_ax 9
24/06/2010 11:55:12	ALARM 318	proc 12 prog 51 step 3	go_abs inv_ax 9
24/06/2010 11:55:23	ALARM 318	proc 12 prog 51 step 3	go_abs inv_ax 9
24/06/2010 11:57:54	ALARM 318	proc 12 prog 51 step 3	go_abs inv_ax 9
24/06/2010 11:58:05	ALARM 318	proc 12 prog 51 step 3	go_abs inv_ax 9
24/06/2010 11:58:13	ALARM 318	proc 12 prog 51 step 3	go_abs inv_ax 9
24/06/2010 11:58:32	ALARM 318	proc 12 prog 51 step 3	go_abs inv_ax 9
24/06/2010 11:58:39	ALARM 318	proc 12 prog 51 step 3	go_abs inv_ax 9
24/06/2010 11:58:46	ALARM 318	proc 12 prog 51 step 3	go_abs inv_ax 9
24/06/2010 11:58:53	ALARM 318	proc 12 prog 51 step 3	go_abs inv_ax 9
24/06/2010 11:59:22	ALARM 318	proc 12 prog 51 step 3	go_abs inv_ax 9
24/06/2010 11:59:52	ALARM 318	proc 12 prog 51 step 5	go_abs inv_ax 9
24/06/2010 11:59:57	ALARM 318	proc 12 prog 51 step 5	go_abs inv_ax 9
24/06/2010 12:00:17	ALARM 318	proc 12 prog 51 step 3	go_abs inv_ax 9
24/06/2010 12:04:01	ALARM 318	proc 12 prog 51 step 5	go_abs inv_ax 9
24/06/2010 12:04:34	ALARM 318	proc 12 prog 51 step 5	go_abs inv_ax 9
24/06/2010 12:09:10	ALARM 318	proc 12 prog 51 step 3	go_abs inv_ax 9
24/06/2010 12:09:21	ALARM 401		
24/06/2010 12:11:07	INIT OK
24/06/2010 12:11:53	ALARM 401		
24/06/2010 13:04:10	ALARM 401		
24/06/2010 14:47:08	ALARM 401		
24/06/2010 14:57:12	SAVE PRG	27
24/06/2010 15:43:31	ALARM 8	proc 12 prog 26 step 7	Braccetti carico non in fuori ingombro
24/06/2010 15:47:40	ALARM 8	proc 12 prog 26 step 7	Braccetti carico non in fuori ingombro
24/06/2010 15:47:52	ALARM 10	proc 12 prog 26 step 31	Tondo non presente su rulliera
24/06/2010 15:48:11	ALARM 10	proc 12 prog 26 step 31	Tondo non presente su rulliera
24/06/2010 15:51:39	ALARM 401		
24/06/2010 15:53:21	ALARM 401		
24/06/2010 15:53:22	ALARM 401		
24/06/2010 15:53:23	ALARM 401		
24/06/2010 15:53:24	ALARM 401		
24/06/2010 15:55:06	ALARM 8	proc 12 prog 26 step 8	Braccetti carico non in fuori ingombro
24/06/2010 15:55:14	ALARM 8	proc 12 prog 26 step 8	Braccetti carico non in fuori ingombro
24/06/2010 16:26:46	ALARM 401		
24/06/2010 16:26:49	ALARM 401		
24/06/2010 16:26:50	ALARM 401		
24/06/2010 16:26:51	ALARM 401		
24/06/2010 16:26:53	ALARM 401		
24/06/2010 16:26:54	ALARM 401		
24/06/2010 16:27:02	ALARM 9	proc 12 prog 51 step 8	Braccetti scarico non in fuori ingombro
24/06/2010 16:27:55	ALARM 401		
24/06/2010 16:29:16	ALARM 401		
24/06/2010 16:29:18	ALARM 401		
24/06/2010 16:35:09	ALARM 401		
24/06/2010 16:35:18	ALARM 8	proc 12 prog 26 step 8	Braccetti carico non in fuori ingombro
24/06/2010 17:07:36	ALARM 401		
24/06/2010 17:08:44	ALARM 401		
24/06/2010 17:08:46	ALARM 213		PS not ready
24/06/2010 17:12:55	ALARM 401		
24/06/2010 17:13:00	INIT OK
24/06/2010 17:19:35	ALARM 401		
24/06/2010 17:19:37	INIT OK
24/06/2010 17:21:03	ALARM 401		
24/06/2010 17:21:08	INIT OK
24/06/2010 17:28:00	ALARM 401		
24/06/2010 17:29:03	ALARM 401		
24/06/2010 17:29:09	INIT OK
24/06/2010 17:30:44	ALARM 401		
24/06/2010 17:30:49	INIT OK
24/06/2010 17:38:39	ALARM 401		
24/06/2010 17:38:45	INIT OK
24/06/2010 19:18:05	ALARM 401		
25/06/2010 08:51:58	ALARM 401		
25/06/2010 08:52:00	INIT OK
25/06/2010 09:17:56	ALARM 3	proc 12 prog 51 step 22	Tondo non presente su rulliera
25/06/2010 10:32:01	ALARM 401		
25/06/2010 10:32:04	ALARM 401		
25/06/2010 10:35:43	ALARM 14	proc 12 prog 36 step 26	Braccetti centrali non in posizione di ripBraccetti centrali non in posizione di ripIl carrello 1 non è in posizione per poter traslare il ton
25/06/2010 10:35:50	ALARM 14	proc 12 prog 36 step 26	Braccetti centrali non in posizione di ripBraccetti centrali non in posizione di ripIl carrello 1 non è in posizione per poter traslare il ton
25/06/2010 13:06:41	ALARM 401		
28/06/2010 09:48:15	ALARM 401		
28/06/2010 09:48:17	INIT OK
28/06/2010 10:54:42	ALARM 401		
28/06/2010 10:56:37	ALARM 401		
28/06/2010 13:06:09	ALARM 401		
28/06/2010 13:06:26	ALARM 401		
28/06/2010 13:06:56	ALARM 401		
28/06/2010 14:07:06	ALARM 401		
28/06/2010 14:07:07	ALARM 401		
28/06/2010 14:14:28	ALARM 401		
28/06/2010 14:55:50	INIT OK
28/06/2010 14:58:32	INIT OK
28/06/2010 14:58:39	ALARM 401		
28/06/2010 14:59:17	ALARM 6	proc 12 prog 136 step 3	Pressa Spenta
28/06/2010 15:00:01	SAVE PRG	136
28/06/2010 15:00:30	SAVE PRG	137
28/06/2010 15:05:04	INIT OK
28/06/2010 15:41:09	INIT OK
28/06/2010 15:45:04	SAVE PRG	8
28/06/2010 15:45:23	ALARM 713	proc 12 prog 8 step 2	axis 3 pos 95.00
28/06/2010 15:46:11	SAVE PRG	8
28/06/2010 15:48:42	ALARM 713	proc 12 prog 8 step 5	axis 3 pos -21474836.48
28/06/2010 15:50:36	SAVE PRG	8
28/06/2010 15:50:59	ALARM 713	proc 12 prog 8 step 5	axis 3 pos -21474836.48
28/06/2010 15:52:51	SAVE PRG	8
28/06/2010 15:56:02	ALARM 401		
28/06/2010 15:56:08	ALARM 203		err.6059
28/06/2010 15:58:17	SAVE PRG	8
28/06/2010 15:58:35	SAVE PRG	8
28/06/2010 16:00:54	SAVE PRG	8
28/06/2010 16:05:05	SAVE PRG	8
28/06/2010 16:43:25	SAVE PRG	8
28/06/2010 16:48:55	TASTEGGIO	0.25	98	0.02	9108	0.02	8684	0.02	8684	0.02	20055	0.03	8684	0.03	8684	0.03	8684	0.03	8684	
28/06/2010 16:52:27	TASTEGGIO	1.00	12767	0.01	5435	0.01	2777	0.01	1253	0.02	4089	0.02	3610	0.02	3930	0.02	3930	0.02	3930	
28/06/2010 16:55:50	TASTEGGIO	0.87	6408	0.02	3626	0.02	3945	0.02	5914	0.02	6107	0.03	565	0.03	725	0.03	725	0.03	725	
28/06/2010 17:09:59	SAVE PRG	8
28/06/2010 17:10:18	SAVE PRG	8
28/06/2010 17:33:56	ALARM 401		
28/06/2010 17:37:07	ALARM 401		
28/06/2010 17:37:12	INIT OK
28/06/2010 17:39:14	SAVE PRG	8
28/06/2010 17:40:45	ALARM 401		
28/06/2010 17:51:49	TASTEGGIO	10.00	5543	0.02	7899	0.01	7419	0.02	7899	0.02	7739	0.02	5082	0.01	5563	0.02	1242	0.02	5563	
28/06/2010 17:53:38	ALARM 408		
28/06/2010 17:53:47	ALARM 203		err.6058
28/06/2010 17:54:15	TASTEGGIO	13.75	70	0.02	5082	0.01	5563	0.02	2072	0.02	5082	0.02	4921	0.01	8716	0.02	8236	0.02	4921	
28/06/2010 17:55:41	SAVE PRG	7
28/06/2010 17:55:56	TASTEGGIO	4.12	9050	0.02	4250	0.02	4250	0.02	4250	0.02	2585	0.01	1043	0.01	4410	0.01	7564	0.01	5594	
28/06/2010 18:09:32	INIT OK
28/06/2010 18:09:55	ALARM 205		err.0
28/06/2010 18:10:03	ALARM 205		err.4005
28/06/2010 18:10:03	ALARM 205		err.6059
28/06/2010 18:10:04	ALARM 205		err.6059
28/06/2010 18:10:08	ALARM 205		err.6059
28/06/2010 18:10:09	ALARM 206		err.6059
28/06/2010 18:10:10	ALARM 206		err.6059
28/06/2010 18:10:10	ALARM 206		err.6059
28/06/2010 18:10:16	ALARM 206		err.6059
28/06/2010 18:23:33	ALARM 401		
28/06/2010 18:23:38	INIT OK
28/06/2010 18:24:42	TASTEGGIO	230.12	15940	0.02	8095	0.03	7936	0.02	7775	0.03	15091	0.01	5278	0.02	7615	0.02	5278	0.02	5278	
28/06/2010 18:25:21	TASTEGGIO	228.87	7229	0.02	9936	0.02	15555	0.02	9936	0.02	9745	0.01	2109	0.02	2109	0.02	2269	0.01	2461	
28/06/2010 18:25:57	SAVE PRG	7
28/06/2010 18:26:21	TASTEGGIO	229.75	2698	0.02	3726	0.02	3726	0.02	3726	0.02	13522	0.01	5214	0.01	15026	0.01	15026	0.01	15507	
28/06/2010 18:26:50	SAVE PRG	7
28/06/2010 18:27:05	TASTEGGIO	229.37	1418	0.02	4285	0.02	16579	0.02	4285	0.01	14914	0.01	14562	0.01	8079	0.01	10576	0.01	8079	
28/06/2010 18:28:11	TASTEGGIO	229.25	41	0.01	4285	0.01	15843	0.01	8848	0.01	1739	0.01	1899	0.01	185	0.01	2877	0.01	16483	
28/06/2010 18:29:28	TASTEGGIO	228.75	16404	0.03	9743	0.03	2620	0.03	9584	0.02	9584	0.01	1899	0.01	3773	0.02	2620	0.02	2620	
28/06/2010 18:30:28	TASTEGGIO	228.87	16196	0.02	14354	0.01	15347	0.02	14354	0.01	14354	0.01	7039	0.02	13009	0.02	13009	0.01	1225	
28/06/2010 18:35:32	TASTEGGIO	229.12	16264	0.02	15718	0.02	11413	0.02	7267	0.01	3120	0.01	572	0.01	6274	0.01	1453	0.01	1453	
28/06/2010 18:37:36	INIT OK
28/06/2010 18:37:38	ALARM 401		
28/06/2010 18:37:57	SAVE PRG	7
28/06/2010 18:38:12	SAVE PRG	7
28/06/2010 18:38:24	TASTEGGIO	230.12	14595	0.01	9440	0.02	9119	0.02	9119	0.02	9440	0.03	9280	0.03	9280	0.03	89	0.03	9280	
28/06/2010 18:39:47	TASTEGGIO	229.37	14653	0.02	16334	0.02	5143	0.02	9801	0.02	8969	0.01	7977	0.01	13275	0.02	15980	0.01	7977	
28/06/2010 18:40:49	TASTEGGIO	229.00	11538	0.02	9377	0.01	9024	0.02	9377	0.03	9024	0.01	7977	0.02	12530	0.02	12530	0.02	14834	
28/06/2010 18:53:47	ALARM 401		
28/06/2010 18:53:52	INIT OK
28/06/2010 18:54:03	TASTEGGIO	230.00	8252	0.01	16099	0.01	3133	0.02	12097	0.02	15266	0.02	8463	0.02	8463	0.02	12097	0.02	13250	
28/06/2010 18:54:59	TASTEGGIO	229.62	3859	0.02	5700	0.02	5700	0.02	6836	0.02	14202	0.03	3523	0.02	3523	0.03	3523	0.03	3843	
28/06/2010 18:56:17	TASTEGGIO	229.87	8590	0.02	13603	0.02	13795	0.02	13603	0.02	13795	0.03	7151	0.02	7151	0.03	7151	0.03	7151	
28/06/2010 19:05:27	ALARM 401		
29/06/2010 09:48:00	ALARM 401		
29/06/2010 09:48:02	INIT OK
29/06/2010 09:48:58	ALARM 401		
30/06/2010 09:51:29	ALARM 401		
30/06/2010 09:51:31	INIT OK
30/06/2010 10:07:54	SAVE PRG	4
30/06/2010 10:10:14	SAVE PRG	8
30/06/2010 10:23:12	SAVE PRG	8
30/06/2010 10:25:14	SAVE PRG	8
30/06/2010 10:25:32	SAVE PRG	8
30/06/2010 10:26:55	SAVE PRG	8
30/06/2010 10:33:24	ALARM 702		Fld_write_mem 3
30/06/2010 10:33:43	ALARM 702		Fld_write_mem 3
30/06/2010 10:33:44	ALARM 702		Fld_write_mem 3
30/06/2010 10:43:22	ALARM 401		
30/06/2010 10:47:58	ALARM 401		
30/06/2010 10:48:03	INIT OK
30/06/2010 10:48:04	ALARM 401		
30/06/2010 10:48:05	ALARM 401		
30/06/2010 11:36:15	SAVE PRG	13
30/06/2010 11:37:02	SAVE PRG	13
30/06/2010 12:10:31	SAVE PRG	13
30/06/2010 12:36:15	SAVE PRG	13
30/06/2010 12:50:05	SAVE PRG	13
30/06/2010 12:50:23	SAVE PRG	13
30/06/2010 13:10:25	ALARM 216	proc 12 prog 10 step 7	free_sp 2
30/06/2010 13:16:03	SAVE PRG	8
30/06/2010 16:10:13	INIT OK
30/06/2010 16:11:41	SAVE PRG	13
30/06/2010 16:12:10	SAVE PRG	13
30/06/2010 16:13:25	ALARM 203		err.0
30/06/2010 16:13:32	ALARM 203		err.4005
30/06/2010 16:13:33	ALARM 203		err.6059
30/06/2010 16:13:33	ALARM 203		err.6059
30/06/2010 16:13:34	ALARM 203		err.6059
30/06/2010 16:13:38	ALARM 203		err.6059
30/06/2010 16:32:45	INIT OK
30/06/2010 16:39:45	INIT OK
30/06/2010 16:49:23	INIT OK
30/06/2010 16:50:34	ALARM 203		err.0
30/06/2010 16:50:43	ALARM 203		err.4005
30/06/2010 16:50:43	ALARM 203		err.6059
30/06/2010 16:50:44	ALARM 203		err.6059
30/06/2010 16:50:44	ALARM 203		err.6059
30/06/2010 16:50:45	ALARM 203		err.6059
30/06/2010 16:50:45	ALARM 203		err.6059
30/06/2010 16:50:55	ALARM 203		err.6059
30/06/2010 17:07:23	ALARM 401		
30/06/2010 17:10:40	SAVE PRG	8
30/06/2010 17:12:54	SAVE PRG	8
30/06/2010 17:14:06	SAVE PRG	8
30/06/2010 17:14:40	SAVE PRG	8
30/06/2010 17:37:01	INIT OK
30/06/2010 17:38:23	ALARM 401		
30/06/2010 18:46:33	SAVE PRG	6
30/06/2010 19:05:52	ALARM 406		
