18/10/2011 08:20:33	TASTEGGIO	1	0	6000	45979	90103	112	0	0.13	0.15	44500	
18/10/2011 08:20:56	TASTEGGIO	1	0	6000	45979	45661	112	0	0.13	0.13	0	
18/10/2011 08:21:07	TASTEGGIO	1	0	6000	45979	90094	112	0	0.13	0.14	44500	
18/10/2011 08:21:28	TASTEGGIO	1	0	6000	45979	45652	111	-1	0.13	0.13	0	
18/10/2011 08:21:47	TASTEGGIO	0	1	6000	45979	45646	123	-1	0.13	0.13	0	
18/10/2011 08:22:06	TASTEGGIO	0	2	6000	45979	45642	149	0	0.13	0.13	0	
18/10/2011 08:22:25	TASTEGGIO	0	3	6000	45979	45637	188	-4	0.11	0.11	0	
18/10/2011 08:22:46	TASTEGGIO	0	4	6000	45979	45632	225	-9	0.07	0.07	0	
18/10/2011 08:22:57	TASTEGGIO	0	4	6000	45979	90095	225	-9	0.09	0.10	-44500	
18/10/2011 08:23:20	TASTEGGIO	1	0	6000	45979	134557	108	-3	0.06	0.06	0	
18/10/2011 08:23:31	TASTEGGIO	1	0	6000	45979	90310	108	-3	0.06	0.08	44500	
18/10/2011 08:25:20	TASTEGGIO	1	0	6000	45979	90108	108	-3	0.09	0.10	24500	
18/10/2011 08:25:41	TASTEGGIO	1	0	6000	45979	65655	108	-3	0.06	0.06	0	
18/10/2011 08:25:51	TASTEGGIO	1	0	6000	45979	89921	108	-3	0.07	0.08	-24500	
18/10/2011 08:27:41	TASTEGGIO	1	0	6000	45979	90209	108	-3	0.15	0.15	24500	
18/10/2011 08:28:03	TASTEGGIO	1	0	6000	45979	65745	112	-4	0.12	0.12	0	
18/10/2011 08:28:12	TASTEGGIO	1	0	6000	45979	90027	112	-4	0.13	0.13	24500	
18/10/2011 08:28:34	TASTEGGIO	1	0	6000	45979	65582	110	-1	0.11	0.11	0	
18/10/2011 08:28:53	TASTEGGIO	0	1	6000	45979	65572	119	-1	0.10	0.10	0	
18/10/2011 08:29:11	TASTEGGIO	0	2	6000	45979	65564	137	-1	0.10	0.10	0	
18/10/2011 08:29:30	TASTEGGIO	0	3	6000	45979	65558	167	-3	0.08	0.08	0	
18/10/2011 08:29:40	TASTEGGIO	0	3	6000	45979	90022	167	-3	0.09	0.09	0	
18/10/2011 08:30:00	TASTEGGIO	1	0	6000	45979	90019	107	-1	0.08	0.08	0	
18/10/2011 08:30:08	TASTEGGIO	1	0	6000	45979	90025	107	-1	0.07	0.08	24500	
18/10/2011 08:31:59	TASTEGGIO	1	0	6000	45979	90208	107	-1	0.11	0.11	0	
18/10/2011 08:32:19	TASTEGGIO	1	0	6000	45979	90218	109	-4	0.08	0.08	0	
18/10/2011 08:32:26	TASTEGGIO	1	0	6000	45979	90208	109	-4	0.09	0.09	24500	
18/10/2011 08:32:48	TASTEGGIO	1	0	6000	45979	65748	107	-2	0.05	0.05	0	
18/10/2011 08:32:58	TASTEGGIO	1	0	6000	45979	90031	107	-2	0.07	0.07	0	
18/10/2011 08:34:48	TASTEGGIO	1	0	6000	45979	90110	107	-2	0.48	0.48	0	
18/10/2011 08:35:09	TASTEGGIO	1	0	6000	45979	90124	140	-2	0.44	0.44	0	
18/10/2011 08:35:29	TASTEGGIO	0	1	6000	45979	90127	180	-3	0.41	0.41	0	
18/10/2011 08:35:50	TASTEGGIO	0	2	6000	45979	90127	256	-33	0.10	0.10	0	
18/10/2011 08:35:57	TASTEGGIO	0	2	6000	45979	90106	256	-33	0.10	0.15	24500	
18/10/2011 08:36:18	TASTEGGIO	1	0	6000	45979	65636	112	-2	0.12	0.12	0	
18/10/2011 08:36:27	TASTEGGIO	1	0	6000	45979	89922	112	-2	0.10	0.14	-44500	
18/10/2011 08:36:51	TASTEGGIO	1	0	6000	45979	134380	111	-3	0.12	0.12	0	
18/10/2011 08:37:09	TASTEGGIO	0	1	6000	45979	134389	121	-1	0.11	0.11	0	
18/10/2011 08:37:30	TASTEGGIO	0	2	6000	45979	134395	141	-1	0.09	0.09	0	
18/10/2011 08:37:50	TASTEGGIO	0	3	6000	45979	134400	163	-7	0.04	0.04	0	
18/10/2011 08:38:01	TASTEGGIO	0	3	6000	45979	90109	163	-7	0.04	0.08	44500	
18/10/2011 08:39:51	TASTEGGIO	0	3	6000	45979	90111	163	-7	0.33	0.33	0	
18/10/2011 08:40:12	TASTEGGIO	1	0	6000	45979	90128	127	-2	0.30	0.30	0	
18/10/2011 08:40:31	TASTEGGIO	0	1	6000	45979	90130	154	-2	0.29	0.29	0	
18/10/2011 08:40:53	TASTEGGIO	0	2	6000	45979	90131	210	-9	0.19	0.19	0	
18/10/2011 08:41:14	TASTEGGIO	0	3	6000	45979	90129	231	-19	0.03	0.03	0	
18/10/2011 08:41:22	TASTEGGIO	0	3	6000	45979	90104	231	-19	0.02	0.13	-44500	
18/10/2011 08:41:45	TASTEGGIO	1	0	6000	45979	134565	110	-2	0.10	0.10	0	
18/10/2011 08:42:05	TASTEGGIO	0	1	6000	45979	134572	117	0	0.10	0.10	0	
18/10/2011 08:42:25	TASTEGGIO	0	2	6000	45979	134579	137	-2	0.09	0.09	0	
18/10/2011 08:42:46	TASTEGGIO	0	3	6000	45979	134585	161	-4	0.05	0.05	0	
18/10/2011 08:42:56	TASTEGGIO	0	3	6000	45979	90126	161	-4	0.05	0.05	0	
18/10/2011 08:44:47	TASTEGGIO	0	3	6000	45979	90203	161	-4	0.42	0.42	0	
18/10/2011 08:45:07	TASTEGGIO	1	0	6000	45979	90220	135	-2	0.40	0.40	0	
18/10/2011 08:45:27	TASTEGGIO	0	1	6000	45979	90220	173	-3	0.37	0.37	0	
18/10/2011 08:45:49	TASTEGGIO	0	2	6000	45979	90220	241	-24	0.16	0.16	0	
18/10/2011 08:46:07	TASTEGGIO	0	0	6000	45979	90220	113	-1	0.16	0.16	0	
18/10/2011 08:46:27	TASTEGGIO	0	1	6000	45979	90220	129	0	0.16	0.16	0	
18/10/2011 08:46:47	TASTEGGIO	0	2	6000	45979	90220	161	-1	0.14	0.14	0	
18/10/2011 08:46:54	TASTEGGIO	0	2	6000	45979	90200	161	-1	0.14	0.21	44500	
18/10/2011 08:47:15	TASTEGGIO	1	0	6000	45979	45737	117	-1	0.17	0.17	0	
18/10/2011 08:47:32	TASTEGGIO	0	1	6000	45979	45734	130	-1	0.18	0.18	0	
18/10/2011 08:47:52	TASTEGGIO	0	2	6000	45979	45734	168	-1	0.17	0.17	0	
18/10/2011 08:48:13	TASTEGGIO	0	3	6000	45979	45732	216	-6	0.11	0.11	0	
18/10/2011 08:48:23	TASTEGGIO	0	3	6000	45979	90025	216	-6	0.11	0.15	-44500	
18/10/2011 08:48:46	TASTEGGIO	1	0	6000	45979	134483	112	-3	0.12	0.12	0	
18/10/2011 08:48:57	TASTEGGIO	1	0	6000	45979	90198	112	-3	0.09	0.14	44500	
18/10/2011 08:49:18	TASTEGGIO	1	0	6000	45979	45740	111	0	0.11	0.11	0	
18/10/2011 08:49:35	TASTEGGIO	0	1	6000	45979	45736	119	0	0.11	0.11	0	
18/10/2011 08:49:54	TASTEGGIO	0	2	6000	45979	45733	141	-1	0.11	0.11	0	
18/10/2011 08:50:13	TASTEGGIO	0	3	6000	45979	45731	174	-1	0.11	0.11	0	
18/10/2011 08:50:34	TASTEGGIO	0	4	6000	45979	45730	218	-3	0.08	0.08	0	
18/10/2011 08:50:44	TASTEGGIO	0	4	6000	45979	90020	218	-3	0.08	0.11	-44500	
18/10/2011 08:51:07	TASTEGGIO	1	0	6000	45979	134476	109	-2	0.10	0.10	0	
18/10/2011 08:51:27	TASTEGGIO	0	1	6000	45979	134488	118	0	0.09	0.09	0	
18/10/2011 08:51:48	TASTEGGIO	0	2	6000	45979	134496	134	-2	0.08	0.08	0	
18/10/2011 08:51:58	TASTEGGIO	0	2	6000	45979	90195	134	-2	0.06	0.09	-44500	
18/10/2011 08:52:21	TASTEGGIO	1	0	6000	45979	134653	107	-1	0.08	0.08	0	
18/10/2011 08:52:32	TASTEGGIO	1	0	6000	45979	90215	107	-1	0.06	0.10	44500	
18/10/2011 08:52:53	TASTEGGIO	1	0	6000	45979	45746	108	1	0.08	0.08	0	
18/10/2011 08:53:03	TASTEGGIO	1	0	6000	45979	90028	108	1	0.06	0.10	44500	
18/10/2011 08:53:25	TASTEGGIO	1	0	6000	45979	45579	108	0	0.08	0.08	0	
18/10/2011 08:53:35	TASTEGGIO	1	0	6000	45979	90019	108	0	0.07	0.10	44500	
18/10/2011 08:53:56	TASTEGGIO	1	0	6000	45979	45570	108	-1	0.09	0.09	0	
18/10/2011 08:54:13	TASTEGGIO	0	1	6000	45979	45566	116	-1	0.09	0.09	0	
18/10/2011 08:54:31	TASTEGGIO	0	2	6000	45979	45563	134	0	0.09	0.09	0	
18/10/2011 08:54:50	TASTEGGIO	0	3	6000	45979	45558	161	0	0.08	0.08	0	
18/10/2011 08:55:00	TASTEGGIO	0	3	6000	45979	90016	161	0	0.07	0.09	44500	
18/10/2011 08:56:51	TASTEGGIO	0	3	6000	45979	90104	161	0	0.06	0.07	-44500	
18/10/2011 08:57:48	ALARM 17	proc 12 prog 10 step 47	LavoroTerminato
18/10/2011 09:31:09	TASTEGGIO	0	3	6000	45979	130581	161	0	0.18	0.33	-82000	
18/10/2011 09:31:34	TASTEGGIO	1	0	6000	45979	212561	127	-2	0.30	0.30	0	
18/10/2011 09:31:55	TASTEGGIO	0	1	6000	45979	212561	154	0	0.29	0.29	0	
18/10/2011 09:32:17	TASTEGGIO	0	2	6000	45979	212560	210	-7	0.23	0.23	0	
18/10/2011 09:32:39	TASTEGGIO	0	3	6000	45979	212560	241	-10	0.14	0.14	0	
18/10/2011 09:32:50	TASTEGGIO	0	3	6000	45979	130669	241	-10	0.13	0.14	-82000	
18/10/2011 09:33:16	TASTEGGIO	1	0	6000	45979	212644	111	1	0.14	0.14	0	
18/10/2011 09:33:36	TASTEGGIO	0	1	6000	45979	212644	125	0	0.14	0.14	0	
18/10/2011 09:33:56	TASTEGGIO	0	2	6000	45979	212645	153	0	0.13	0.13	0	
18/10/2011 09:34:17	TASTEGGIO	0	3	6000	45979	212645	189	-1	0.12	0.12	0	
18/10/2011 09:34:39	TASTEGGIO	0	4	6000	45979	212645	233	-12	0.04	0.04	0	
18/10/2011 09:34:50	TASTEGGIO	0	4	6000	45979	130665	233	-12	0.08	0.08	0	
18/10/2011 09:36:41	TASTEGGIO	0	4	6000	45979	130652	233	-12	0.04	0.05	-82000	
18/10/2011 09:38:33	TASTEGGIO	0	4	6000	45979	130655	233	-12	0.06	0.11	82800	
18/10/2011 09:38:56	TASTEGGIO	1	0	6000	45979	47897	109	0	0.09	0.09	0	
18/10/2011 09:39:15	TASTEGGIO	0	1	6000	45979	47899	116	0	0.10	0.10	0	
18/10/2011 09:39:33	TASTEGGIO	0	2	6000	45979	47898	138	0	0.09	0.09	0	
18/10/2011 09:39:53	TASTEGGIO	0	3	6000	45979	47898	162	0	0.09	0.09	0	
18/10/2011 09:40:13	TASTEGGIO	0	4	6000	45979	47897	198	-1	0.08	0.08	0	
18/10/2011 09:40:24	TASTEGGIO	0	4	6000	45979	130562	198	-1	0.04	0.09	82800	
18/10/2011 09:40:47	TASTEGGIO	1	0	6000	45979	47792	107	0	0.07	0.07	0	
18/10/2011 09:40:59	TASTEGGIO	1	0	6000	45979	130556	107	0	0.05	0.09	82800	
18/10/2011 09:41:22	TASTEGGIO	1	0	6000	45979	47796	107	0	0.08	0.08	0	
18/10/2011 09:41:33	TASTEGGIO	1	0	6000	45979	130552	107	0	0.04	0.08	82800	
18/10/2011 09:43:23	TASTEGGIO	1	0	6000	45979	130648	107	0	0.16	0.41	-82000	
18/10/2011 09:43:48	TASTEGGIO	1	0	6000	45979	212619	134	-2	0.39	0.39	0	
18/10/2011 09:44:09	TASTEGGIO	0	1	6000	45979	212622	171	-1	0.37	0.37	0	
18/10/2011 09:44:31	TASTEGGIO	0	2	6000	45979	212622	241	-11	0.25	0.25	0	
18/10/2011 09:44:53	TASTEGGIO	0	3	6000	45979	212622	270	-13	0.12	0.12	0	
18/10/2011 09:45:05	TASTEGGIO	0	3	6000	45979	130656	270	-13	0.04	0.12	-82000	
18/10/2011 09:45:30	TASTEGGIO	1	0	6000	45979	212631	110	0	0.12	0.12	0	
18/10/2011 09:45:51	TASTEGGIO	0	1	6000	45979	212631	122	0	0.12	0.12	0	
18/10/2011 09:46:11	TASTEGGIO	0	2	6000	45979	212632	146	0	0.12	0.12	0	
18/10/2011 09:46:33	TASTEGGIO	0	3	6000	45979	212632	182	0	0.12	0.12	0	
18/10/2011 09:46:55	TASTEGGIO	0	4	6000	45979	212632	230	-6	0.07	0.07	0	
18/10/2011 09:47:06	TASTEGGIO	0	4	6000	45979	130656	230	-6	0.05	0.08	-82000	
18/10/2011 09:48:57	TASTEGGIO	0	4	6000	45979	130756	230	-6	0.12	0.19	-82000	
18/10/2011 09:49:22	TASTEGGIO	1	0	6000	45979	212726	115	-4	0.19	0.19	0	
18/10/2011 09:49:43	TASTEGGIO	0	1	6000	45979	212727	134	-1	0.17	0.17	0	
18/10/2011 09:50:04	TASTEGGIO	0	2	6000	45979	212727	164	-2	0.15	0.15	0	
18/10/2011 09:50:25	TASTEGGIO	0	3	6000	45979	212727	203	-6	0.08	0.08	0	
18/10/2011 09:50:36	TASTEGGIO	0	3	6000	45979	130767	203	-6	0.06	0.09	-82000	
18/10/2011 09:51:02	TASTEGGIO	1	0	6000	45979	212732	107	0	0.09	0.09	0	
18/10/2011 09:51:23	TASTEGGIO	0	1	6000	45979	212738	116	-1	0.08	0.08	0	
18/10/2011 09:51:34	TASTEGGIO	0	1	6000	45979	130766	116	-1	0.06	0.09	-82000	
18/10/2011 09:51:59	TASTEGGIO	1	0	6000	45979	212738	107	0	0.09	0.09	0	
18/10/2011 09:52:10	TASTEGGIO	1	0	6000	45979	130758	107	0	0.06	0.08	-82000	
18/10/2011 09:54:00	TASTEGGIO	1	0	6000	45979	130649	107	0	0.08	0.08	0	
18/10/2011 09:55:51	TASTEGGIO	1	0	6000	45979	130759	107	0	0.07	0.07	0	
18/10/2011 09:57:42	TASTEGGIO	1	0	6000	45979	130759	107	0	0.07	0.07	0	
18/10/2011 09:59:33	TASTEGGIO	1	0	6000	45979	130652	107	0	0.08	0.10	82800	
18/10/2011 09:59:56	TASTEGGIO	1	0	6000	45979	47923	108	0	0.09	0.09	0	
18/10/2011 10:00:07	TASTEGGIO	1	0	6000	45979	130570	108	0	0.07	0.08	82800	
18/10/2011 10:01:59	TASTEGGIO	1	0	6000	45979	130756	108	0	0.05	0.12	82800	
18/10/2011 10:02:22	TASTEGGIO	1	0	6000	45979	47989	110	-1	0.11	0.11	0	
18/10/2011 10:02:41	TASTEGGIO	0	1	6000	45979	47990	120	3	0.13	0.13	0	
18/10/2011 10:02:59	TASTEGGIO	0	2	6000	45979	47993	150	-1	0.12	0.12	0	
18/10/2011 10:03:20	TASTEGGIO	0	3	6000	45979	47991	183	0	0.11	0.11	0	
18/10/2011 10:03:41	TASTEGGIO	0	4	6000	45979	47995	223	-1	0.09	0.09	0	
18/10/2011 10:03:52	TASTEGGIO	0	4	6000	45979	130665	223	-1	0.03	0.08	82800	
18/10/2011 10:05:43	TASTEGGIO	0	4	6000	45979	130957	223	-1	0.05	0.05	0	
18/10/2011 10:07:34	TASTEGGIO	0	4	6000	45979	130650	223	-1	0.09	0.09	0	
18/10/2011 10:09:25	TASTEGGIO	0	4	6000	45979	130644	223	-1	0.04	0.04	82800	
18/10/2011 10:11:16	TASTEGGIO	0	4	6000	45979	130647	223	-1	0.07	0.09	-82000	
18/10/2011 10:13:07	TASTEGGIO	0	4	6000	45979	130646	223	-1	0.06	0.06	0	
18/10/2011 10:14:57	TASTEGGIO	0	4	6000	45979	130754	223	-1	0.12	0.30	-82000	
18/10/2011 10:15:22	TASTEGGIO	1	0	6000	45979	212728	125	-2	0.28	0.28	0	
18/10/2011 10:15:42	TASTEGGIO	0	1	6000	45979	212728	151	-1	0.27	0.27	0	
18/10/2011 10:16:05	TASTEGGIO	0	2	6000	45979	212728	203	-6	0.21	0.21	0	
18/10/2011 10:16:26	TASTEGGIO	0	3	6000	45979	212728	231	-11	0.10	0.10	0	
18/10/2011 10:16:38	TASTEGGIO	0	3	6000	45979	130761	231	-11	0.08	0.11	-82000	
18/10/2011 10:17:03	TASTEGGIO	1	0	6000	45979	212728	109	0	0.10	0.10	0	
18/10/2011 10:17:24	TASTEGGIO	0	1	6000	45979	212731	118	0	0.10	0.10	0	
18/10/2011 10:17:44	TASTEGGIO	0	2	6000	45979	212731	138	0	0.10	0.10	0	
18/10/2011 10:18:06	TASTEGGIO	0	3	6000	45979	212731	168	0	0.10	0.10	0	
18/10/2011 10:18:27	TASTEGGIO	0	4	6000	45979	212731	208	0	0.09	0.09	0	
18/10/2011 10:18:39	TASTEGGIO	0	4	6000	45979	130761	208	0	0.06	0.10	-82000	
18/10/2011 10:20:30	TASTEGGIO	0	4	6000	45979	130759	208	0	0.18	0.30	-82000	
18/10/2011 10:20:56	TASTEGGIO	1	0	6000	45979	212728	125	-1	0.28	0.28	0	
18/10/2011 10:21:16	TASTEGGIO	0	1	6000	45979	212729	151	-3	0.27	0.27	0	
18/10/2011 10:21:38	TASTEGGIO	0	2	6000	45979	212730	203	-6	0.22	0.22	0	
18/10/2011 10:22:01	TASTEGGIO	0	3	6000	45979	212730	256	-16	0.08	0.08	0	
18/10/2011 10:22:12	TASTEGGIO	0	3	6000	45979	130772	256	-16	0.14	0.14	0	
18/10/2011 10:22:36	TASTEGGIO	1	0	6000	45979	130777	111	-1	0.11	0.11	0	
18/10/2011 10:22:56	TASTEGGIO	0	1	6000	45979	130777	119	-1	0.09	0.09	0	
18/10/2011 10:23:04	TASTEGGIO	0	1	6000	45979	130767	119	-1	0.10	0.10	0	
18/10/2011 10:23:27	TASTEGGIO	1	0	6000	45979	130771	108	0	0.10	0.10	0	
18/10/2011 10:23:49	TASTEGGIO	0	1	6000	45979	130772	118	0	0.09	0.09	0	
18/10/2011 10:23:56	TASTEGGIO	0	1	6000	45979	130765	118	0	0.09	0.09	0	
18/10/2011 10:24:54	ALARM 17	proc 12 prog 10 step 47	LavoroTerminato
18/10/2011 13:32:17	TASTEGGIO	0	1	5500	44019	84260	118	0	0.06	0.06	0	
18/10/2011 13:34:08	TASTEGGIO	0	1	5500	44019	84485	118	0	0.12	0.12	0	
18/10/2011 13:34:32	TASTEGGIO	1	0	5500	44019	84520	227	-20	0.07	0.07	0	
18/10/2011 13:34:39	TASTEGGIO	1	0	5500	44019	84488	227	-20	0.06	0.07	24500	
18/10/2011 13:36:30	TASTEGGIO	1	0	5500	44019	84490	227	-20	0.09	0.11	-24500	
18/10/2011 13:36:55	TASTEGGIO	1	0	5500	44019	108943	225	-23	0.12	0.12	0	
18/10/2011 13:37:17	TASTEGGIO	0	1	5500	44019	108956	211	-19	0.10	0.10	0	
18/10/2011 13:37:39	TASTEGGIO	0	1	5500	44019	108965	202	-15	0.05	0.05	0	
18/10/2011 13:37:48	TASTEGGIO	0	1	5500	44019	84506	202	-15	0.06	0.11	24500	
18/10/2011 13:38:14	TASTEGGIO	1	0	5500	44019	60038	225	-11	0.02	0.02	0	
18/10/2011 13:38:23	TASTEGGIO	1	0	5500	44019	84345	225	-11	0.05	0.05	0	
18/10/2011 13:40:14	TASTEGGIO	1	0	5500	44019	84481	225	-11	0.08	0.09	-24500	
18/10/2011 13:40:40	TASTEGGIO	1	0	5500	44019	108932	223	-17	0.07	0.07	0	
18/10/2011 13:40:49	TASTEGGIO	1	0	5500	44019	84501	223	-17	0.05	0.05	0	
18/10/2011 13:42:40	TASTEGGIO	1	0	5500	44019	84487	223	-17	0.17	0.17	0	
18/10/2011 13:43:04	TASTEGGIO	1	0	5500	44019	84504	233	-17	0.04	0.04	0	
18/10/2011 13:43:11	TASTEGGIO	1	0	5500	44019	84487	233	-17	0.03	0.04	-24500	
18/10/2011 13:45:01	TASTEGGIO	1	0	5500	44019	84482	233	-17	0.05	0.08	-44500	
18/10/2011 13:46:53	TASTEGGIO	1	0	5500	44019	84486	233	-17	0.01	0.05	44500	
18/10/2011 13:48:43	TASTEGGIO	1	0	5500	44019	84489	233	-17	0.13	0.18	-24500	
18/10/2011 13:49:09	TASTEGGIO	1	0	5500	44019	108970	234	-19	0.01	0.01	0	
18/10/2011 13:49:18	TASTEGGIO	1	0	5500	44019	84508	234	-19	0.02	0.06	-44500	
18/10/2011 13:51:09	TASTEGGIO	1	0	5500	44019	84483	234	-19	0.15	0.15	-24500	
18/10/2011 13:51:35	TASTEGGIO	1	0	5500	44019	108937	231	-20	0.03	0.03	0	
18/10/2011 13:51:44	TASTEGGIO	1	0	5500	44019	84505	231	-20	0.05	0.10	24500	
18/10/2011 13:52:09	TASTEGGIO	1	0	5500	44019	60031	224	-6	0.03	0.03	0	
18/10/2011 13:52:19	TASTEGGIO	1	0	5500	44019	84343	224	-6	0.01	0.04	-44500	
18/10/2011 13:54:09	TASTEGGIO	1	0	5500	44019	84486	224	-6	0.07	0.09	-24500	
18/10/2011 13:54:34	TASTEGGIO	1	0	5500	44019	108933	223	-15	0.06	0.06	0	
18/10/2011 13:54:44	TASTEGGIO	1	0	5500	44019	84503	223	-15	0.05	0.09	24500	
18/10/2011 13:55:09	TASTEGGIO	1	0	5500	44019	60036	223	-7	0.02	0.02	0	
18/10/2011 13:55:19	TASTEGGIO	1	0	5500	44019	84346	223	-7	0.02	0.03	44500	
18/10/2011 13:57:09	TASTEGGIO	1	0	5500	44019	84484	223	-7	0.08	0.08	-24500	
18/10/2011 13:59:00	TASTEGGIO	1	0	5500	44019	84483	223	-7	0.02	0.09	44500	
18/10/2011 13:59:25	TASTEGGIO	1	0	5500	44019	40036	223	-4	0.07	0.07	0	
18/10/2011 13:59:35	TASTEGGIO	1	0	5500	44019	84341	223	-4	0.03	0.07	44500	
18/10/2011 14:01:26	TASTEGGIO	1	0	5500	44019	84489	223	-4	0.09	0.14	24500	
18/10/2011 14:01:51	TASTEGGIO	1	0	5500	44019	60025	229	-7	0.07	0.07	0	
18/10/2011 14:02:00	TASTEGGIO	1	0	5500	44019	84342	229	-7	0.05	0.09	-24500	
18/10/2011 14:02:26	TASTEGGIO	1	0	5500	44019	108787	223	-17	0.06	0.06	0	
18/10/2011 14:02:36	TASTEGGIO	1	0	5500	44019	84493	223	-17	0.13	0.15	24500	
18/10/2011 14:03:01	TASTEGGIO	1	0	5500	44019	60026	231	-5	0.11	0.11	0	
18/10/2011 14:03:11	TASTEGGIO	1	0	5500	44019	84340	231	-5	0.09	0.11	44500	
18/10/2011 14:03:36	TASTEGGIO	1	0	5500	44019	39900	225	-2	0.09	0.09	0	
18/10/2011 14:03:56	TASTEGGIO	0	1	5500	44019	39895	232	-1	0.07	0.07	0	
18/10/2011 14:04:06	TASTEGGIO	0	1	5500	44019	84332	232	-1	0.06	0.08	24500	
18/10/2011 14:05:55	TASTEGGIO	0	1	5500	44019	84490	232	-1	0.07	0.08	-44500	
18/10/2011 14:07:46	TASTEGGIO	0	1	5500	44019	84587	232	-1	0.10	0.11	44500	
18/10/2011 14:08:11	TASTEGGIO	1	0	5500	44019	40142	225	-2	0.09	0.09	0	
18/10/2011 14:08:32	TASTEGGIO	0	1	5500	44019	40138	232	0	0.08	0.08	0	
18/10/2011 14:08:43	TASTEGGIO	0	1	5500	44019	84442	232	0	0.08	0.09	24500	
18/10/2011 14:09:07	TASTEGGIO	1	0	5500	44019	59990	223	-5	0.04	0.04	0	
18/10/2011 14:09:17	TASTEGGIO	1	0	5500	44019	84437	223	-5	0.05	0.07	-44500	
18/10/2011 14:11:08	TASTEGGIO	1	0	5500	44019	84487	223	-5	0.07	0.10	24500	
18/10/2011 14:11:33	TASTEGGIO	1	0	5500	44019	60029	224	-6	0.04	0.04	0	
18/10/2011 14:11:42	TASTEGGIO	1	0	5500	44019	84341	224	-6	0.03	0.04	24500	
18/10/2011 14:13:33	TASTEGGIO	1	0	5500	44019	84485	224	-6	0.08	0.17	44500	
18/10/2011 14:13:58	TASTEGGIO	1	0	5500	44019	40039	233	-3	0.15	0.15	0	
18/10/2011 14:14:20	TASTEGGIO	0	1	5500	44019	40032	246	-1	0.13	0.13	0	
18/10/2011 14:14:30	TASTEGGIO	0	1	5500	44019	84344	246	-1	0.07	0.14	44500	
18/10/2011 14:14:55	TASTEGGIO	1	0	5500	44019	39901	229	0	0.13	0.13	0	
18/10/2011 14:15:17	TASTEGGIO	0	1	5500	44019	39896	241	0	0.13	0.13	0	
18/10/2011 14:15:39	TASTEGGIO	0	2	5500	44019	39891	267	-2	0.11	0.11	0	
18/10/2011 14:16:00	TASTEGGIO	0	3	5500	44019	39891	294	-7	0.05	0.05	0	
18/10/2011 14:16:10	TASTEGGIO	0	3	5500	44019	84334	294	-7	0.04	0.07	-44500	
18/10/2011 14:18:00	TASTEGGIO	0	3	5500	44019	84485	294	-7	0.18	0.18	0	
18/10/2011 14:18:24	TASTEGGIO	1	0	5500	44019	84503	234	-18	0.02	0.02	0	
18/10/2011 14:18:32	TASTEGGIO	1	0	5500	44019	84485	234	-18	0.02	0.03	24500	
18/10/2011 14:20:23	TASTEGGIO	1	0	5500	44019	84484	234	-18	0.09	0.12	24500	
18/10/2011 14:20:48	TASTEGGIO	1	0	5500	44019	60030	227	-8	0.06	0.06	0	
18/10/2011 14:20:57	TASTEGGIO	1	0	5500	44019	84344	227	-8	0.04	0.07	44500	
18/10/2011 14:22:48	TASTEGGIO	1	0	5500	44019	84485	227	-8	0.02	0.08	-44500	
18/10/2011 14:24:39	TASTEGGIO	1	0	5500	44019	84486	227	-8	0.15	0.15	0	
18/10/2011 14:25:02	TASTEGGIO	1	0	5500	44019	84504	231	-14	0.04	0.04	0	
18/10/2011 14:25:10	TASTEGGIO	1	0	5500	44019	84486	231	-14	0.03	0.05	44500	
18/10/2011 14:27:00	TASTEGGIO	1	0	5500	44019	84480	231	-14	0.12	0.12	-24500	
18/10/2011 14:27:25	TASTEGGIO	1	0	5500	44019	108934	227	-18	0.05	0.05	0	
18/10/2011 14:27:35	TASTEGGIO	1	0	5500	44019	84499	227	-18	0.03	0.06	-24500	
18/10/2011 14:29:25	TASTEGGIO	1	0	5500	44019	84483	227	-18	0.05	0.13	-44500	
18/10/2011 14:29:51	TASTEGGIO	1	0	5500	44019	128948	228	-14	0.04	0.04	0	
18/10/2011 14:30:01	TASTEGGIO	1	0	5500	44019	84495	228	-14	0.09	0.12	24500	
18/10/2011 14:30:27	TASTEGGIO	1	0	5500	44019	60028	227	-5	0.07	0.07	0	
18/10/2011 14:30:36	TASTEGGIO	1	0	5500	44019	84342	227	-5	0.05	0.08	24500	
18/10/2011 14:32:31	TASTEGGIO	1	0	5500	44019	84479	227	-5	0.06	0.09	-44500	
18/10/2011 14:32:57	TASTEGGIO	1	0	5500	44019	128943	223	-21	0.09	0.09	0	
18/10/2011 14:33:19	TASTEGGIO	0	1	5500	44019	128949	214	-19	0.06	0.06	0	
18/10/2011 14:33:29	TASTEGGIO	0	1	5500	44019	84495	214	-19	0.06	0.07	-44500	
18/10/2011 14:35:20	TASTEGGIO	0	1	5500	44019	84483	214	-19	0.04	0.04	44500	
18/10/2011 14:37:15	TASTEGGIO	0	1	5500	44019	84485	214	-19	0.15	0.15	0	
18/10/2011 14:37:40	TASTEGGIO	1	0	5500	44019	84500	231	-19	0.03	0.03	0	
18/10/2011 14:37:47	TASTEGGIO	1	0	5500	44019	84483	231	-19	0.03	0.12	44500	
18/10/2011 14:38:11	TASTEGGIO	1	0	5500	44019	40041	227	-4	0.06	0.06	0	
18/10/2011 14:38:21	TASTEGGIO	1	0	5500	44019	84336	227	-4	0.02	0.10	-24500	
18/10/2011 14:38:47	TASTEGGIO	1	0	5500	44019	108776	224	-23	0.13	0.13	0	
18/10/2011 14:39:09	TASTEGGIO	0	1	5500	44019	108796	207	-14	0.01	0.01	0	
18/10/2011 14:39:18	TASTEGGIO	0	1	5500	44019	84495	207	-14	0.07	0.11	44500	
18/10/2011 14:39:43	TASTEGGIO	1	0	5500	44019	40050	225	-1	0.07	0.07	0	
18/10/2011 14:39:53	TASTEGGIO	1	0	5500	44019	84336	225	-1	0.08	0.10	44500	
18/10/2011 14:40:18	TASTEGGIO	1	0	5500	44019	39898	224	0	0.07	0.07	0	
18/10/2011 14:40:28	TASTEGGIO	1	0	5500	44019	84331	224	0	0.08	0.10	44500	
18/10/2011 14:40:54	TASTEGGIO	1	0	5500	44019	39893	224	-1	0.05	0.05	0	
18/10/2011 14:41:04	TASTEGGIO	1	0	5500	44019	84326	224	-1	0.06	0.07	44500	
18/10/2011 14:42:55	TASTEGGIO	1	0	5500	44020	84478	224	-1	0.02	0.13	-44500	
18/10/2011 14:43:22	TASTEGGIO	1	0	5500	44020	128945	228	-16	0.04	0.04	0	
18/10/2011 14:43:32	TASTEGGIO	1	0	5500	44020	84497	228	-16	0.10	0.10	0	
18/10/2011 14:43:57	TASTEGGIO	1	0	5500	44020	84509	224	-14	0.05	0.05	0	
18/10/2011 14:44:04	TASTEGGIO	1	0	5500	44020	84493	224	-14	0.05	0.06	-24500	
18/10/2011 14:45:55	TASTEGGIO	1	0	5500	44019	84480	224	-14	0.11	0.11	0	
18/10/2011 14:46:19	TASTEGGIO	1	0	5500	44019	84495	225	-16	0.04	0.04	0	
18/10/2011 14:46:27	TASTEGGIO	1	0	5500	44019	84480	225	-16	0.04	0.10	44500	
18/10/2011 14:46:53	TASTEGGIO	1	0	5500	44019	40031	224	-4	0.03	0.03	0	
18/10/2011 14:47:03	TASTEGGIO	1	0	5500	44019	84339	224	-4	0.04	0.07	44500	
18/10/2011 14:48:53	TASTEGGIO	1	0	5500	44019	84484	224	-4	0.05	0.07	44500	
18/10/2011 14:49:42	ALARM 318	proc 3 prog 41 step 4	go_abs inv_ax 5
18/10/2011 15:03:25	ALARM 602	proc 12 prog 134 step 1	ASPETTA 53
18/10/2011 15:05:39	ALARM 318	proc 6 prog 41 step 4	go_abs inv_ax 5
18/10/2011 15:06:42	ALARM 318	proc 3 prog 42 step 15	go_abs inv_ax 5
18/10/2011 15:08:12	TASTEGGIO	1	0	5500	44019	84483	224	-4	0.20	0.20	24500	
18/10/2011 15:08:37	TASTEGGIO	1	0	5500	44019	60028	237	-10	0.11	0.11	0	
18/10/2011 15:08:47	TASTEGGIO	1	0	5500	44019	84344	237	-10	0.13	0.17	-24500	
18/10/2011 15:09:12	TASTEGGIO	1	0	5500	44019	108783	233	-23	0.07	0.07	0	
18/10/2011 15:09:22	TASTEGGIO	1	0	5500	44019	84497	233	-23	0.08	0.13	44500	
18/10/2011 15:09:47	TASTEGGIO	1	0	5500	44019	40051	228	-4	0.07	0.07	0	
18/10/2011 15:09:58	TASTEGGIO	1	0	5500	44019	84337	228	-4	0.06	0.10	44500	
18/10/2011 15:10:23	TASTEGGIO	1	0	5500	44019	39897	224	-2	0.06	0.06	0	
18/10/2011 15:10:33	TASTEGGIO	1	0	5500	44019	84332	224	-2	0.05	0.08	24500	
18/10/2011 15:10:39	ALARM 318	proc 4 prog 41 step 4	go_abs inv_ax 5
18/10/2011 15:13:06	ALARM 318	proc 4 prog 41 step 4	go_abs inv_ax 5
18/10/2011 15:14:47	ALARM 318	proc 4 prog 41 step 4	go_abs inv_ax 5
18/10/2011 15:19:48	ALARM 401		
18/10/2011 15:21:40	ALARM 318	proc 12 prog 129 step 3	go_abs inv_ax 5
18/10/2011 15:23:34	ALARM 318	proc 12 prog 129 step 3	go_abs inv_ax 5
18/10/2011 15:25:29	TASTEGGIO	1	0	5500	44019	84333	224	-2	0.05	0.05	0	
18/10/2011 15:25:35	ALARM 318	proc 4 prog 41 step 4	go_abs inv_ax 5
18/10/2011 15:39:35	ALARM 318	proc 4 prog 41 step 4	go_abs inv_ax 5
18/10/2011 15:40:23	ALARM 318	proc 4 prog 41 step 4	go_abs inv_ax 5
18/10/2011 15:40:33	ALARM 318	proc 12 prog 129 step 3	go_abs inv_ax 5
18/10/2011 15:40:41	ALARM 318	proc 12 prog 129 step 3	go_abs inv_ax 5
18/10/2011 15:41:30	ALARM 23	proc 12 prog 130 step 24	Pressa non su
18/10/2011 15:41:41	ALARM 23	proc 12 prog 131 step 24	Pressa non su
18/10/2011 15:42:13	ALARM 12	proc 12 prog 130 step 30	Tastatori Non FuoriIngombro
18/10/2011 15:43:38	ALARM 318	proc 4 prog 41 step 4	go_abs inv_ax 5
18/10/2011 15:44:18	ALARM 401		
18/10/2011 15:47:17	ALARM 318	proc 12 prog 129 step 3	go_abs inv_ax 5
18/10/2011 15:52:44	TASTEGGIO	1	0	5500	44019	84483	224	-2	0.00	0.00	0	
18/10/2011 15:52:53	ALARM 218	proc 3 prog 83 step 13	go_abs 3 cmd 11
18/10/2011 15:53:48	ALARM 401		
18/10/2011 15:53:50	ALARM 401		
18/10/2011 15:53:51	ALARM 401		
18/10/2011 15:54:00	ALARM 318	proc 12 prog 129 step 3	go_abs inv_ax 5
18/10/2011 15:56:47	ALARM 401		
18/10/2011 16:01:37	ALARM 401		
18/10/2011 16:01:37	ALARM 401		
18/10/2011 16:01:41	ALARM 401		
18/10/2011 16:08:27	TASTEGGIO	1	0	5500	44019	84478	224	-2	0.01	0.01	0	
18/10/2011 16:08:31	ALARM 401		
18/10/2011 16:08:36	ALARM 203		err.6058
18/10/2011 16:08:49	ALARM 401		
18/10/2011 16:09:13	TASTEGGIO	1	0	5500	44019	84477	224	-2	0.01	0.01	0	
18/10/2011 16:11:04	TASTEGGIO	1	0	5500	44019	84481	224	-2	0.03	0.03	0	
18/10/2011 16:12:02	ALARM 17	proc 12 prog 10 step 47	LavoroTerminato
18/10/2011 16:15:06	ALARM 12	proc 2 prog 61 step 9	Tastatori Non FuoriIngombro
18/10/2011 16:16:05	ALARM 401		
18/10/2011 16:17:58	ALARM 401		
18/10/2011 16:18:02	INIT OK
18/10/2011 16:18:42	ALARM 12	proc 2 prog 61 step 9	Tastatori Non FuoriIngombro
18/10/2011 16:22:02	ALARM 401		
18/10/2011 16:22:06	INIT OK
18/10/2011 16:25:16	ALARM 12	proc 2 prog 61 step 9	Tastatori Non FuoriIngombro
18/10/2011 16:27:37	ALARM 401		
18/10/2011 16:28:57	ALARM 12	proc 2 prog 61 step 9	Tastatori Non FuoriIngombro
18/10/2011 16:29:18	ALARM 12	proc 2 prog 61 step 9	Tastatori Non FuoriIngombro
18/10/2011 16:30:15	ALARM 12	proc 2 prog 61 step 9	Tastatori Non FuoriIngombro
18/10/2011 16:32:09	ALARM 12	proc 2 prog 61 step 9	Tastatori Non FuoriIngombro
18/10/2011 16:32:56	ALARM 12	proc 2 prog 61 step 9	Tastatori Non FuoriIngombro
18/10/2011 16:33:07	ALARM 318	proc 12 prog 128 step 3	go_abs inv_ax 5
18/10/2011 16:34:23	ALARM 12	proc 2 prog 61 step 9	Tastatori Non FuoriIngombro
18/10/2011 16:35:47	ALARM 12	proc 2 prog 61 step 9	Tastatori Non FuoriIngombro
18/10/2011 16:37:27	ALARM 12	proc 12 prog 64 step 8	Tastatori Non FuoriIngombro
18/10/2011 16:41:53	ALARM 26	proc 12 prog 1 step 4	Macchina non azzerata
18/10/2011 16:43:33	TASTEGGIO	0	0	5500	44020	84586	0	0	0.13	0.14	24500	
18/10/2011 16:43:58	TASTEGGIO	1	0	5500	44020	60135	229	-9	0.06	0.06	0	
18/10/2011 16:44:07	TASTEGGIO	1	0	5500	44020	84434	229	-9	0.08	0.08	0	
18/10/2011 16:45:08	ALARM 17	proc 12 prog 10 step 47	LavoroTerminato
19/10/2011 07:25:58	ALARM 401		
19/10/2011 07:25:59	INIT OK
19/10/2011 07:29:33	TASTEGGIO	0	0	5500	44020	84476	0	0	0.07	0.15	44500	
19/10/2011 07:29:58	TASTEGGIO	1	0	5500	44020	40060	231	-4	0.11	0.11	0	
19/10/2011 07:30:08	TASTEGGIO	1	0	5500	44020	84337	231	-4	0.07	0.13	44500	
19/10/2011 07:30:33	TASTEGGIO	1	0	5500	44020	39904	228	-1	0.09	0.09	0	
19/10/2011 07:30:54	TASTEGGIO	0	1	5500	44020	39895	234	0	0.08	0.08	0	
19/10/2011 07:31:04	TASTEGGIO	0	1	5500	44020	84327	234	0	0.06	0.10	44500	
19/10/2011 07:31:29	TASTEGGIO	1	0	5500	44020	39893	224	0	0.09	0.09	0	
19/10/2011 07:31:50	TASTEGGIO	0	1	5500	44020	39885	232	0	0.08	0.08	0	
19/10/2011 07:32:00	TASTEGGIO	0	1	5500	44020	84322	232	0	0.05	0.10	44500	
19/10/2011 07:32:25	TASTEGGIO	1	0	5500	44020	39886	224	-1	0.08	0.08	0	
19/10/2011 07:32:35	TASTEGGIO	1	0	5500	44020	84323	224	-1	0.06	0.10	44500	
19/10/2011 07:33:00	TASTEGGIO	1	0	5500	44020	39886	224	0	0.08	0.08	0	
19/10/2011 07:33:10	TASTEGGIO	1	0	5500	44020	84317	224	0	0.05	0.09	44500	
19/10/2011 07:33:35	TASTEGGIO	1	0	5500	44020	39881	223	0	0.09	0.09	0	
19/10/2011 07:33:56	TASTEGGIO	0	1	5500	44020	39874	232	0	0.09	0.09	0	
19/10/2011 07:34:17	TASTEGGIO	0	2	5500	44020	39871	250	0	0.07	0.07	0	
19/10/2011 07:34:27	TASTEGGIO	0	2	5500	44020	84322	250	0	0.05	0.08	44500	
19/10/2011 07:36:18	TASTEGGIO	0	2	5500	44020	84477	250	0	0.10	0.10	0	
19/10/2011 07:36:42	TASTEGGIO	1	0	5500	44020	84491	224	-17	0.07	0.07	0	
19/10/2011 07:36:50	TASTEGGIO	1	0	5500	44020	84476	224	-17	0.06	0.10	24500	
19/10/2011 07:37:15	TASTEGGIO	1	0	5500	44020	60030	224	-5	0.06	0.06	0	
19/10/2011 07:37:24	TASTEGGIO	1	0	5500	44020	84337	224	-5	0.03	0.07	24500	
19/10/2011 07:39:15	TASTEGGIO	1	0	5500	44020	84485	224	-5	0.23	0.23	0	
19/10/2011 07:39:39	TASTEGGIO	1	0	5500	44020	84499	241	-16	0.08	0.08	0	
19/10/2011 07:39:47	TASTEGGIO	1	0	5500	44020	84484	241	-16	0.08	0.14	24500	
19/10/2011 07:40:12	TASTEGGIO	1	0	5500	44020	60028	229	-6	0.07	0.07	0	
19/10/2011 07:40:22	TASTEGGIO	1	0	5500	44020	84335	229	-6	0.04	0.07	44500	
19/10/2011 07:42:20	TASTEGGIO	1	0	5500	44020	84586	229	-6	0.04	0.10	-44500	
19/10/2011 07:42:46	TASTEGGIO	1	0	5500	44020	129051	224	-19	0.09	0.09	0	
19/10/2011 07:43:08	TASTEGGIO	0	1	5500	44020	129055	215	-16	0.06	0.06	0	
19/10/2011 07:43:18	TASTEGGIO	0	1	5500	44020	84608	215	-16	0.02	0.08	-44500	
19/10/2011 07:44:05	ALARM 12	proc 4 prog 61 step 9	Tastatori Non FuoriIngombro
19/10/2011 07:48:19	ALARM 401		
19/10/2011 07:49:22	ALARM 318	proc 12 prog 99 step 23	go_abs inv_ax 5
19/10/2011 07:49:50	ALARM 318	proc 12 prog 129 step 3	go_abs inv_ax 5
19/10/2011 07:50:55	ALARM 401		
19/10/2011 07:55:22	ALARM 12	proc 2 prog 61 step 9	Tastatori Non FuoriIngombro
19/10/2011 07:55:52	ALARM 406		
19/10/2011 07:57:33	ALARM 401		
19/10/2011 07:57:34	INIT OK
19/10/2011 08:02:42	ALARM 401		
19/10/2011 08:22:32	ALARM 401		
19/10/2011 08:22:32	ALARM 401		
19/10/2011 08:22:35	ALARM 401		
19/10/2011 08:22:35	ALARM 401		
19/10/2011 09:34:27	ALARM 318	proc 12 prog 129 step 3	go_abs inv_ax 5
19/10/2011 09:34:36	ALARM 318	proc 12 prog 129 step 3	go_abs inv_ax 5
19/10/2011 09:34:44	ALARM 318	proc 12 prog 129 step 3	go_abs inv_ax 5
19/10/2011 09:35:34	ALARM 401		
19/10/2011 09:35:56	ALARM 401		
19/10/2011 09:35:57	ALARM 401		
19/10/2011 09:35:57	ALARM 401		
19/10/2011 09:40:11	ALARM 401		
19/10/2011 10:02:46	ALARM 12	proc 2 prog 61 step 9	Tastatori Non FuoriIngombro
19/10/2011 10:03:33	ALARM 26	proc 12 prog 1 step 4	Macchina non azzerata
19/10/2011 10:05:13	TASTEGGIO	0	0	5500	44020	84584	0	0	0.17	0.17	-44500	
19/10/2011 10:05:39	TASTEGGIO	1	0	5500	44020	129069	233	-16	0.04	0.04	0	
19/10/2011 10:05:49	TASTEGGIO	1	0	5500	44020	84606	233	-16	0.13	0.13	0	
19/10/2011 10:06:14	TASTEGGIO	1	0	5500	44020	84619	228	-14	0.01	0.01	0	
19/10/2011 10:06:21	TASTEGGIO	1	0	5500	44020	84603	228	-14	0.01	0.10	44500	
19/10/2011 10:06:47	TASTEGGIO	1	0	5500	44020	40160	224	-2	0.07	0.07	0	
19/10/2011 10:06:57	TASTEGGIO	1	0	5500	44020	84436	224	-2	0.00	0.11	44500	
19/10/2011 10:07:22	TASTEGGIO	1	0	5500	44020	39997	225	0	0.06	0.06	0	
19/10/2011 10:07:32	TASTEGGIO	1	0	5500	44020	84422	225	0	0.01	0.08	44500	
19/10/2011 10:09:53	TASTEGGIO	1	0	5500	44020	84484	225	0	0.09	0.09	24500	
19/10/2011 10:10:18	TASTEGGIO	1	0	5500	44020	60025	223	-6	0.05	0.05	0	
19/10/2011 10:10:28	TASTEGGIO	1	0	5500	44020	84345	223	-6	0.06	0.09	-44500	
19/10/2011 10:10:54	TASTEGGIO	1	0	5500	44020	128800	223	-19	0.10	0.10	0	
19/10/2011 10:11:16	TASTEGGIO	0	1	5500	44020	128809	211	-14	0.04	0.04	0	
19/10/2011 10:11:26	TASTEGGIO	0	1	5500	44020	84499	211	-14	0.09	0.09	0	
19/10/2011 10:11:50	TASTEGGIO	1	0	5500	44020	84508	223	-16	0.06	0.06	0	
19/10/2011 10:11:58	TASTEGGIO	1	0	5500	44020	84495	223	-16	0.05	0.10	-44500	
19/10/2011 10:12:24	TASTEGGIO	1	0	5500	44020	128948	224	-10	0.05	0.05	0	
19/10/2011 10:12:35	TASTEGGIO	1	0	5500	44020	84503	224	-10	0.05	0.07	-44500	
19/10/2011 10:14:24	TASTEGGIO	1	0	5500	44020	84581	224	-10	0.01	0.07	-44500	
19/10/2011 10:16:15	TASTEGGIO	1	0	5500	44020	84587	224	-10	0.03	0.08	24500	
19/10/2011 10:18:05	TASTEGGIO	1	0	5500	44020	84586	224	-10	0.04	0.08	-24500	
19/10/2011 10:19:03	ALARM 17	proc 12 prog 10 step 47	LavoroTerminato
19/10/2011 11:06:35	ALARM 401		
19/10/2011 12:08:17	ALARM 401		
19/10/2011 12:08:18	ALARM 401		
19/10/2011 12:08:19	ALARM 401		
19/10/2011 12:10:12	TASTEGGIO	1	0	8000	53819	123078	224	-10	0.44	0.47	44500	
19/10/2011 12:10:35	TASTEGGIO	1	0	8000	53819	78643	159	-2	0.48	0.48	0	
19/10/2011 12:10:54	TASTEGGIO	0	1	8000	53819	78642	208	-4	0.43	0.43	0	
19/10/2011 12:11:17	TASTEGGIO	0	2	8000	53819	78635	285	-32	0.31	0.31	0	
19/10/2011 12:11:38	TASTEGGIO	0	3	8000	53819	78634	323	-57	0.29	0.29	0	
19/10/2011 12:12:01	TASTEGGIO	0	1	8000	53819	78629	295	-48	0.21	0.21	0	
19/10/2011 12:12:22	TASTEGGIO	0	1	8000	53819	78659	279	-16	0.05	0.05	0	
19/10/2011 12:12:33	TASTEGGIO	0	1	8000	53819	122952	279	-16	0.26	0.29	24500	
19/10/2011 12:12:55	TASTEGGIO	1	0	8000	53819	98500	127	-1	0.25	0.25	0	
19/10/2011 12:13:14	TASTEGGIO	0	1	8000	53819	98491	148	-2	0.23	0.23	0	
19/10/2011 12:13:36	TASTEGGIO	0	2	8000	53819	98487	190	-6	0.17	0.17	0	
19/10/2011 12:13:57	TASTEGGIO	0	3	8000	53819	98481	211	-12	0.14	0.14	0	
19/10/2011 12:14:07	TASTEGGIO	0	3	8000	53819	122951	211	-12	0.15	0.15	0	
19/10/2011 12:14:28	TASTEGGIO	1	0	8000	53819	122949	102	-1	0.15	0.15	0	
19/10/2011 12:14:47	TASTEGGIO	0	1	8000	53819	122951	117	-1	0.12	0.12	0	
19/10/2011 12:14:55	TASTEGGIO	0	1	8000	53819	122956	117	-1	0.12	0.12	24500	
19/10/2011 12:15:15	TASTEGGIO	1	0	8000	53819	98511	96	0	0.14	0.14	0	
19/10/2011 12:15:33	TASTEGGIO	0	1	8000	53819	98497	112	0	0.12	0.12	0	
19/10/2011 12:15:51	TASTEGGIO	0	2	8000	53819	98489	132	-1	0.11	0.11	0	
19/10/2011 12:16:12	TASTEGGIO	0	3	8000	53819	98487	162	0	0.10	0.10	0	
19/10/2011 12:16:33	TASTEGGIO	0	4	8000	53819	98483	198	-7	0.04	0.04	0	
19/10/2011 12:16:44	TASTEGGIO	0	4	8000	53819	122953	198	-7	0.06	0.18	44500	
19/10/2011 12:17:06	TASTEGGIO	1	0	8000	53819	78500	107	-2	0.17	0.17	0	
19/10/2011 12:17:23	TASTEGGIO	0	1	8000	53819	78491	123	0	0.15	0.15	0	
19/10/2011 12:17:42	TASTEGGIO	0	2	8000	53819	78488	149	0	0.16	0.16	0	
19/10/2011 12:18:01	TASTEGGIO	0	3	8000	53819	78488	200	0	0.14	0.14	0	
19/10/2011 12:18:12	TASTEGGIO	0	3	8000	53819	122948	200	0	0.08	0.13	44500	
19/10/2011 12:18:33	TASTEGGIO	1	0	8000	53819	78508	98	1	0.13	0.13	0	
19/10/2011 12:18:50	TASTEGGIO	0	1	8000	53819	78496	111	0	0.14	0.14	0	
19/10/2011 12:19:07	TASTEGGIO	0	2	8000	53819	78487	141	0	0.13	0.13	0	
19/10/2011 12:19:27	TASTEGGIO	0	3	8000	53819	78485	177	0	0.13	0.13	0	
19/10/2011 12:19:48	TASTEGGIO	0	4	8000	53819	78487	229	-4	0.13	0.13	0	
19/10/2011 12:20:09	TASTEGGIO	0	5	8000	53819	78486	294	-24	0.13	0.13	0	
19/10/2011 12:20:31	TASTEGGIO	0	1	8000	53819	78499	281	-44	0.32	0.32	0	
19/10/2011 12:20:50	TASTEGGIO	0	1	8000	53819	78499	202	-5	0.27	0.27	0	
19/10/2011 12:21:10	TASTEGGIO	0	2	8000	53819	78499	247	-5	0.23	0.23	0	
19/10/2011 12:21:32	TASTEGGIO	0	3	8000	53819	78499	305	-12	0.13	0.13	0	
19/10/2011 12:21:53	TASTEGGIO	0	4	8000	53819	78499	319	-17	0.10	0.10	0	
19/10/2011 12:22:03	TASTEGGIO	0	4	8000	53819	122953	319	-17	0.27	0.31	24500	
19/10/2011 12:22:25	TASTEGGIO	1	0	8000	53819	98503	130	-3	0.25	0.25	0	
19/10/2011 12:22:45	TASTEGGIO	0	1	8000	53819	98493	150	-1	0.24	0.24	0	
19/10/2011 12:23:05	TASTEGGIO	0	2	8000	53819	98489	196	-1	0.22	0.22	0	
19/10/2011 12:24:18	ALARM 17	proc 12 prog 10 step 47	LavoroTerminato
19/10/2011 12:54:29	ALARM 401		
19/10/2011 12:54:45	ALARM 201		err.6059
19/10/2011 12:55:00	TASTEGGIO	0	3	8000	53819	122987	256	-20	0.63	0.73	24500	
19/10/2011 12:55:23	TASTEGGIO	1	0	8000	53819	98538	206	-5	0.68	0.68	0	
19/10/2011 12:55:45	TASTEGGIO	0	1	8000	53819	98531	269	-19	0.45	0.45	0	
19/10/2011 12:56:07	TASTEGGIO	0	2	8000	53819	98515	311	-33	0.13	0.13	0	
19/10/2011 12:56:17	TASTEGGIO	0	2	8000	53819	122843	311	-33	0.16	0.17	44500	
19/10/2011 12:56:38	TASTEGGIO	1	0	8000	53819	78382	105	0	0.17	0.17	0	
19/10/2011 12:56:55	TASTEGGIO	0	1	8000	53819	78373	122	0	0.16	0.16	0	
19/10/2011 12:57:15	TASTEGGIO	0	2	8000	53819	78368	152	0	0.14	0.14	0	
19/10/2011 12:57:26	TASTEGGIO	0	2	8000	53819	122841	152	0	0.15	0.16	44500	
19/10/2011 12:57:46	TASTEGGIO	1	0	8000	53819	78384	103	0	0.17	0.17	0	
19/10/2011 12:58:03	TASTEGGIO	0	1	8000	53819	78377	121	0	0.12	0.12	0	
19/10/2011 12:58:13	TASTEGGIO	0	1	8000	53819	122836	121	0	0.15	0.16	44500	
19/10/2011 12:58:34	TASTEGGIO	1	0	8000	53819	78386	103	0	0.16	0.16	0	
19/10/2011 12:58:51	TASTEGGIO	0	1	8000	53819	78378	119	0	0.16	0.16	0	
19/10/2011 12:59:09	TASTEGGIO	0	2	8000	53819	78373	151	0	0.16	0.16	0	
19/10/2011 12:59:30	TASTEGGIO	0	3	8000	53819	78368	199	-6	0.13	0.13	0	
19/10/2011 12:59:41	TASTEGGIO	0	3	8000	53819	122840	199	-6	0.17	0.17	0	
19/10/2011 13:00:00	TASTEGGIO	1	0	8000	53819	122838	105	0	0.16	0.16	0	
19/10/2011 13:00:19	TASTEGGIO	0	1	8000	53819	122839	120	0	0.18	0.18	0	
19/10/2011 13:00:39	TASTEGGIO	0	2	8000	53819	122844	160	-3	0.13	0.13	0	
19/10/2011 13:00:47	TASTEGGIO	0	2	8000	53819	122854	160	-3	0.11	0.12	44500	
19/10/2011 13:01:08	TASTEGGIO	1	0	8000	53819	78392	96	0	0.11	0.11	0	
19/10/2011 13:01:18	TASTEGGIO	1	0	8000	53819	122841	96	0	0.11	0.11	44500	
19/10/2011 13:03:07	TASTEGGIO	1	0	8000	53819	123086	96	0	0.21	0.21	0	
19/10/2011 13:03:28	TASTEGGIO	1	0	8000	53819	123104	112	-3	0.18	0.18	0	
19/10/2011 13:03:47	TASTEGGIO	0	1	8000	53819	123105	127	1	0.17	0.17	0	
19/10/2011 13:04:07	TASTEGGIO	0	2	8000	53819	123105	159	-4	0.12	0.12	0	
19/10/2011 13:04:15	TASTEGGIO	0	2	8000	53819	123070	159	-4	0.12	0.12	0	
19/10/2011 13:06:04	TASTEGGIO	0	2	8000	53819	123086	159	-4	0.67	0.67	0	
19/10/2011 13:06:28	TASTEGGIO	1	0	8000	53819	123102	195	-5	0.60	0.60	0	
19/10/2011 13:06:51	TASTEGGIO	0	1	8000	53819	123102	248	-21	0.40	0.40	0	
19/10/2011 13:07:13	TASTEGGIO	0	2	8000	53819	123102	285	-35	0.07	0.07	0	
19/10/2011 13:07:21	TASTEGGIO	0	2	8000	53819	123070	285	-35	0.07	0.08	44500	
19/10/2011 13:09:08	TASTEGGIO	0	2	8000	53819	123090	285	-35	0.69	0.69	0	
19/10/2011 13:09:30	TASTEGGIO	1	0	8000	53819	123109	199	-4	0.65	0.65	0	
19/10/2011 13:09:52	TASTEGGIO	0	1	8000	53819	123109	260	-22	0.41	0.41	0	
19/10/2011 13:10:16	TASTEGGIO	0	2	8000	53819	123109	296	-35	0.11	0.11	0	
19/10/2011 13:10:24	TASTEGGIO	0	2	8000	53819	123074	296	-35	0.11	0.31	44500	
19/10/2011 13:10:46	TASTEGGIO	1	0	8000	53819	78598	130	0	0.27	0.27	0	
19/10/2011 13:11:05	TASTEGGIO	0	1	8000	53819	78596	153	0	0.26	0.26	0	
19/10/2011 13:11:26	TASTEGGIO	0	2	8000	53819	78596	203	-1	0.25	0.25	0	
19/10/2011 13:11:47	TASTEGGIO	0	3	8000	53819	78598	275	-21	0.05	0.05	0	
19/10/2011 13:11:58	TASTEGGIO	0	3	8000	53819	122964	275	-21	0.18	0.18	0	
19/10/2011 13:12:18	TASTEGGIO	1	0	8000	53819	122962	107	-5	0.13	0.13	0	
19/10/2011 13:12:26	TASTEGGIO	1	0	8000	53819	122964	107	-5	0.11	0.11	0	
19/10/2011 13:12:45	TASTEGGIO	1	0	8000	53819	122962	94	0	0.13	0.13	0	
19/10/2011 13:13:05	TASTEGGIO	0	1	8000	53819	122962	109	0	0.11	0.11	0	
19/10/2011 13:13:24	TASTEGGIO	0	2	8000	53819	122962	127	-2	0.08	0.08	0	
19/10/2011 13:13:32	TASTEGGIO	0	2	8000	53819	122967	127	-2	0.10	0.10	44500	
19/10/2011 13:15:21	TASTEGGIO	0	2	8000	53819	123089	127	-2	0.86	0.86	0	
19/10/2011 13:15:45	TASTEGGIO	1	0	8000	53819	123108	229	-11	0.77	0.77	0	
19/10/2011 13:16:08	TASTEGGIO	0	1	8000	53819	123108	297	-36	0.40	0.40	0	
19/10/2011 13:16:31	TASTEGGIO	0	2	8000	53819	123107	326	-52	0.11	0.11	0	
19/10/2011 13:16:39	TASTEGGIO	0	2	8000	53819	123072	326	-52	0.12	0.15	24500	
19/10/2011 13:17:01	TASTEGGIO	1	0	8000	53819	98595	102	-3	0.09	0.09	0	
19/10/2011 13:17:11	TASTEGGIO	1	0	8000	53819	122961	102	-3	0.08	0.12	24500	
19/10/2011 13:17:32	TASTEGGIO	1	0	8000	53819	98493	96	0	0.09	0.09	0	
19/10/2011 13:17:42	TASTEGGIO	1	0	8000	53819	122954	96	0	0.08	0.11	24500	
19/10/2011 13:18:03	TASTEGGIO	1	0	8000	53819	98483	94	0	0.08	0.08	0	
19/10/2011 13:18:14	TASTEGGIO	1	0	8000	53819	122949	94	0	0.08	0.10	24500	
19/10/2011 13:20:01	TASTEGGIO	1	0	8000	53819	123088	94	0	0.45	0.61	44500	
19/10/2011 13:20:24	TASTEGGIO	1	0	8000	53819	78627	184	-2	0.60	0.60	0	
19/10/2011 13:20:44	TASTEGGIO	0	1	8000	53819	78621	243	-6	0.54	0.54	0	
19/10/2011 13:21:06	TASTEGGIO	0	2	8000	53819	78622	340	-42	0.12	0.12	0	
19/10/2011 13:21:17	TASTEGGIO	0	2	8000	53819	122959	340	-42	0.06	0.15	24500	
19/10/2011 13:21:39	TASTEGGIO	1	0	8000	53819	98483	102	0	0.14	0.14	0	
19/10/2011 13:21:49	TASTEGGIO	1	0	8000	53819	122953	102	0	0.06	0.14	44500	
19/10/2011 13:22:11	TASTEGGIO	1	0	8000	53819	78493	100	0	0.15	0.15	0	
19/10/2011 13:22:28	TASTEGGIO	0	1	8000	53819	78487	116	0	0.13	0.13	0	
19/10/2011 13:22:47	TASTEGGIO	0	2	8000	53819	78483	138	0	0.14	0.14	0	
19/10/2011 13:23:08	TASTEGGIO	0	3	8000	53819	78480	183	1	0.14	0.14	0	
19/10/2011 13:23:28	TASTEGGIO	0	4	8000	53819	78477	239	-3	0.13	0.13	0	
19/10/2011 13:23:51	TASTEGGIO	0	5	8000	53819	78476	299	-7	0.04	0.04	0	
19/10/2011 13:24:02	TASTEGGIO	0	5	8000	53819	122956	299	-7	0.02	0.06	24500	
19/10/2011 13:25:51	TASTEGGIO	0	5	8000	53819	123087	299	-7	0.41	0.41	0	
19/10/2011 13:26:13	TASTEGGIO	1	0	8000	53819	123106	148	-3	0.38	0.38	0	
19/10/2011 13:26:35	TASTEGGIO	0	1	8000	53819	123106	183	-5	0.31	0.31	0	
19/10/2011 13:26:57	TASTEGGIO	0	2	8000	53819	123105	233	-22	0.10	0.10	0	
19/10/2011 13:27:05	TASTEGGIO	0	2	8000	53819	123072	233	-22	0.10	0.15	-44500	
19/10/2011 13:27:28	TASTEGGIO	1	0	8000	53819	167492	102	-1	0.37	0.37	0	
19/10/2011 13:27:47	TASTEGGIO	0	1	8000	53819	167513	193	-12	0.26	0.26	0	
19/10/2011 13:28:08	TASTEGGIO	0	2	8000	53819	167525	218	-14	0.12	0.12	0	
19/10/2011 13:28:18	TASTEGGIO	0	2	8000	53819	123081	218	-14	0.13	0.27	44500	
19/10/2011 13:28:41	TASTEGGIO	1	0	8000	53819	78606	123	-2	0.23	0.23	0	
19/10/2011 13:28:59	TASTEGGIO	0	1	8000	53819	78601	142	0	0.23	0.23	0	
19/10/2011 13:29:20	TASTEGGIO	0	2	8000	53819	78601	188	-3	0.20	0.20	0	
19/10/2011 13:29:42	TASTEGGIO	0	3	8000	53819	78601	240	-12	0.08	0.08	0	
19/10/2011 13:29:53	TASTEGGIO	0	3	8000	53819	122957	240	-12	0.04	0.10	44500	
19/10/2011 13:31:40	TASTEGGIO	0	3	8000	53819	123090	240	-12	0.72	0.72	0	
19/10/2011 13:32:03	TASTEGGIO	1	0	8000	53819	123109	204	-8	0.62	0.62	0	
19/10/2011 13:32:26	TASTEGGIO	0	1	8000	53819	123108	257	-24	0.38	0.38	0	
19/10/2011 13:32:49	TASTEGGIO	0	2	8000	53819	123107	289	-40	0.07	0.07	0	
19/10/2011 13:32:57	TASTEGGIO	0	2	8000	53819	123071	289	-40	0.05	0.10	44500	
19/10/2011 13:34:46	TASTEGGIO	0	2	8000	53819	123088	289	-40	0.81	0.81	0	
19/10/2011 13:35:10	TASTEGGIO	1	0	8000	53819	123106	220	-10	0.70	0.70	0	
19/10/2011 13:35:32	TASTEGGIO	0	1	8000	53819	123106	280	-27	0.42	0.42	0	
19/10/2011 13:35:56	TASTEGGIO	0	2	8000	53819	123105	315	-45	0.14	0.14	0	
19/10/2011 13:36:04	TASTEGGIO	0	2	8000	53819	123070	315	-45	0.14	0.47	44500	
19/10/2011 13:36:27	TASTEGGIO	1	0	8000	53819	78602	159	-2	0.43	0.43	0	
19/10/2011 13:36:47	TASTEGGIO	0	1	8000	53819	78599	198	-5	0.39	0.39	0	
19/10/2011 13:37:07	TASTEGGIO	0	2	8000	53819	78598	268	-21	0.18	0.18	0	
19/10/2011 13:37:26	TASTEGGIO	0	0	8000	53819	78593	107	0	0.19	0.19	0	
19/10/2011 13:37:43	TASTEGGIO	0	1	8000	53819	78591	127	-1	0.19	0.19	0	
19/10/2011 13:38:02	TASTEGGIO	0	2	8000	53819	78591	165	0	0.18	0.18	0	
19/10/2011 13:38:22	TASTEGGIO	0	3	8000	53819	78611	216	-1	0.18	0.18	0	
19/10/2011 13:38:43	TASTEGGIO	0	4	8000	53819	78611	288	-19	0.04	0.04	0	
19/10/2011 13:38:53	TASTEGGIO	0	4	8000	53819	122953	288	-19	0.37	0.37	0	
19/10/2011 13:39:16	TASTEGGIO	1	0	8000	53819	122954	141	-10	0.27	0.27	0	
19/10/2011 13:39:36	TASTEGGIO	0	1	8000	53819	122959	160	-6	0.20	0.20	0	
19/10/2011 13:39:57	TASTEGGIO	0	2	8000	53819	122960	180	-12	0.09	0.09	0	
19/10/2011 13:40:05	TASTEGGIO	0	2	8000	53819	122967	180	-12	0.10	0.20	44500	
19/10/2011 13:40:28	TASTEGGIO	1	0	8000	53819	78507	111	-1	0.17	0.17	0	
19/10/2011 13:40:47	TASTEGGIO	0	1	8000	53819	78501	125	0	0.17	0.17	0	
19/10/2011 13:41:06	TASTEGGIO	0	2	8000	53819	78499	159	0	0.16	0.16	0	
19/10/2011 13:41:27	TASTEGGIO	0	3	8000	53819	78497	204	0	0.16	0.16	0	
19/10/2011 13:41:47	TASTEGGIO	0	4	8000	53819	78496	268	-2	0.15	0.15	0	
19/10/2011 13:42:10	TASTEGGIO	0	5	8000	53819	78496	338	-31	0.15	0.15	0	
19/10/2011 13:42:32	TASTEGGIO	0	1	8000	53819	78496	323	-83	0.66	0.66	0	
19/10/2011 13:42:46	TASTEGGIO	0	1	8000	53819	78496	32	-3	0.62	0.62	0	
19/10/2011 13:43:04	TASTEGGIO	0	2	8000	53819	78496	148	-1	0.60	0.60	0	
19/10/2011 13:43:26	TASTEGGIO	0	3	8000	53819	78496	322	-23	0.39	0.39	0	
19/10/2011 13:43:49	TASTEGGIO	0	4	8000	53819	78496	372	-29	0.10	0.10	0	
19/10/2011 13:44:00	TASTEGGIO	0	4	8000	53819	122953	372	-29	0.15	0.15	0	
19/10/2011 13:44:21	TASTEGGIO	1	0	8000	53819	122955	102	-1	0.14	0.14	0	
19/10/2011 13:44:29	TASTEGGIO	1	0	8000	53819	122963	102	-1	0.13	0.14	44500	
19/10/2011 13:44:51	TASTEGGIO	1	0	8000	53819	78495	100	0	0.13	0.13	0	
19/10/2011 13:45:08	TASTEGGIO	0	1	8000	53819	78489	112	0	0.13	0.13	0	
19/10/2011 13:45:27	TASTEGGIO	0	2	8000	53819	78487	138	1	0.13	0.13	0	
19/10/2011 13:45:45	TASTEGGIO	0	3	8000	53819	78487	177	0	0.12	0.12	0	
19/10/2011 13:46:07	TASTEGGIO	0	4	8000	53819	78486	221	0	0.11	0.11	0	
19/10/2011 13:46:29	TASTEGGIO	0	5	8000	53819	78486	271	-2	0.10	0.10	0	
19/10/2011 13:46:39	TASTEGGIO	0	5	8000	53819	122954	271	-2	0.16	0.16	0	
19/10/2011 13:47:01	TASTEGGIO	1	0	8000	53819	122955	103	-2	0.18	0.18	0	
19/10/2011 13:47:21	TASTEGGIO	0	1	8000	53819	122958	123	0	0.14	0.14	0	
19/10/2011 13:47:29	TASTEGGIO	0	1	8000	53819	122965	123	0	0.14	0.14	0	
19/10/2011 13:47:49	TASTEGGIO	1	0	8000	53819	122963	100	0	0.14	0.14	0	
19/10/2011 13:49:51	TASTEGGIO	0	1	8000	53819	123090	114	0	0.43	0.43	0	
19/10/2011 13:50:14	TASTEGGIO	1	0	8000	53819	123108	152	-4	0.37	0.37	0	
19/10/2011 13:50:36	TASTEGGIO	0	1	8000	53819	123108	183	-6	0.31	0.31	0	
19/10/2011 13:50:57	TASTEGGIO	0	2	8000	53819	123108	234	-26	0.06	0.06	0	
19/10/2011 13:51:06	TASTEGGIO	0	2	8000	53819	123073	234	-26	0.06	0.13	44500	
19/10/2011 13:51:28	TASTEGGIO	1	0	8000	53819	78597	98	-4	0.09	0.09	0	
19/10/2011 13:51:38	TASTEGGIO	1	0	8000	53819	122954	98	-4	0.09	0.10	44500	
19/10/2011 13:53:25	TASTEGGIO	1	0	8000	53819	123089	98	-4	1.49	1.49	0	
19/10/2011 13:53:51	TASTEGGIO	1	0	8000	53819	123105	343	-31	1.19	1.19	0	
19/10/2011 13:54:14	TASTEGGIO	0	1	8000	53819	123104	400	-59	0.61	0.61	0	
19/10/2011 13:54:37	TASTEGGIO	0	2	8000	53819	123103	400	-56	0.07	0.07	0	
19/10/2011 13:54:46	TASTEGGIO	0	2	8000	53819	123068	400	-56	0.07	0.19	24500	
19/10/2011 13:55:08	TASTEGGIO	1	0	8000	53819	98601	109	-2	0.18	0.18	0	
19/10/2011 13:55:27	TASTEGGIO	0	1	8000	53819	98595	126	-1	0.17	0.17	0	
19/10/2011 13:55:48	TASTEGGIO	0	2	8000	53819	98593	158	-3	0.14	0.14	0	
19/10/2011 13:55:58	TASTEGGIO	0	2	8000	53819	122971	158	-3	0.02	0.13	44500	
19/10/2011 13:56:20	TASTEGGIO	1	0	8000	53819	78508	98	0	0.11	0.11	0	
19/10/2011 13:56:39	TASTEGGIO	0	1	8000	53819	78505	107	0	0.11	0.11	0	
19/10/2011 13:56:58	TASTEGGIO	0	2	8000	53819	78502	129	0	0.11	0.11	0	
19/10/2011 13:57:16	TASTEGGIO	0	3	8000	53819	78501	162	-2	0.09	0.09	0	
19/10/2011 13:57:27	TASTEGGIO	0	3	8000	53819	122955	162	-2	0.01	0.11	44500	
19/10/2011 13:57:49	TASTEGGIO	1	0	8000	53819	78491	94	0	0.10	0.10	0	
19/10/2011 13:58:00	TASTEGGIO	1	0	8000	53819	122962	94	0	0.00	0.11	44500	
19/10/2011 13:58:21	TASTEGGIO	1	0	8000	53819	78497	94	0	0.10	0.10	0	
19/10/2011 13:58:32	TASTEGGIO	1	0	8000	53819	122956	94	0	0.00	0.11	44500	
19/10/2011 13:58:54	TASTEGGIO	1	0	8000	53819	78490	94	0	0.09	0.09	0	
19/10/2011 13:59:05	TASTEGGIO	1	0	8000	53819	122956	94	0	0.01	0.10	44500	
19/10/2011 14:00:54	TASTEGGIO	1	0	8000	53819	123092	94	0	0.07	0.15	44500	
19/10/2011 14:01:16	TASTEGGIO	1	0	8000	53819	78610	102	-1	0.13	0.13	0	
19/10/2011 14:01:26	TASTEGGIO	1	0	8000	53819	122958	102	-1	0.07	0.13	44500	
19/10/2011 14:01:48	TASTEGGIO	1	0	8000	53819	78486	98	0	0.14	0.14	0	
19/10/2011 14:02:06	TASTEGGIO	0	1	8000	53819	78481	113	0	0.13	0.13	0	
19/10/2011 14:02:25	TASTEGGIO	0	2	8000	53819	78481	137	0	0.13	0.13	0	
19/10/2011 14:02:45	TASTEGGIO	0	3	8000	53819	78481	176	0	0.12	0.12	0	
19/10/2011 14:03:06	TASTEGGIO	0	4	8000	53819	78481	220	-1	0.11	0.11	0	
19/10/2011 14:03:28	TASTEGGIO	0	5	8000	53819	78482	270	-6	0.09	0.09	0	
19/10/2011 14:03:38	TASTEGGIO	0	5	8000	53819	122951	270	-6	0.11	0.11	0	
19/10/2011 14:03:59	TASTEGGIO	1	0	8000	53819	122948	94	-2	0.09	0.09	0	
19/10/2011 14:04:07	TASTEGGIO	1	0	8000	53819	122951	94	-2	0.09	0.12	24500	
19/10/2011 14:04:28	TASTEGGIO	1	0	8000	53819	98495	96	-1	0.09	0.09	0	
19/10/2011 14:04:38	TASTEGGIO	1	0	8000	53819	122949	96	-1	0.09	0.09	0	
19/10/2011 14:06:27	TASTEGGIO	1	0	8000	53819	123208	96	-1	0.44	0.44	0	
19/10/2011 14:06:50	TASTEGGIO	1	0	8000	53819	123224	154	-5	0.39	0.39	0	
19/10/2011 14:07:12	TASTEGGIO	0	1	8000	53819	123221	188	-5	0.34	0.34	0	
19/10/2011 14:07:34	TASTEGGIO	0	2	8000	53819	123219	247	-30	0.05	0.05	0	
19/10/2011 14:07:42	TASTEGGIO	0	2	8000	53819	123191	247	-30	0.05	0.10	44500	
19/10/2011 14:09:29	TASTEGGIO	0	2	8000	53819	123071	247	-30	0.65	0.65	0	
19/10/2011 14:09:53	TASTEGGIO	1	0	8000	53819	123093	192	-6	0.58	0.58	0	
19/10/2011 14:10:14	TASTEGGIO	0	1	8000	53819	123092	243	-18	0.38	0.38	0	
19/10/2011 14:10:36	TASTEGGIO	0	2	8000	53819	123092	278	-35	0.05	0.05	0	
19/10/2011 14:10:45	TASTEGGIO	0	2	8000	53819	123065	278	-35	0.05	0.15	44500	
19/10/2011 14:11:07	TASTEGGIO	1	0	8000	53819	78587	102	0	0.11	0.11	0	
19/10/2011 14:11:18	TASTEGGIO	1	0	8000	53819	122947	102	0	0.05	0.12	44500	
19/10/2011 14:11:40	TASTEGGIO	1	0	8000	53819	78483	96	0	0.11	0.11	0	
19/10/2011 14:11:57	TASTEGGIO	0	1	8000	53819	78478	106	0	0.11	0.11	0	
19/10/2011 14:12:16	TASTEGGIO	0	2	8000	53819	78475	128	0	0.10	0.10	0	
19/10/2011 14:12:27	TASTEGGIO	0	2	8000	53819	122957	128	0	0.06	0.11	44500	
19/10/2011 14:12:48	TASTEGGIO	1	0	8000	53819	78491	94	0	0.10	0.10	0	
19/10/2011 14:12:59	TASTEGGIO	1	0	8000	53819	122963	94	0	0.06	0.10	44500	
19/10/2011 14:14:47	TASTEGGIO	1	0	8000	53819	123097	94	0	0.38	0.38	0	
19/10/2011 14:15:08	TASTEGGIO	1	0	8000	53819	123113	143	-3	0.36	0.36	0	
19/10/2011 14:15:28	TASTEGGIO	0	1	8000	53819	123112	177	-5	0.28	0.28	0	
19/10/2011 14:15:51	TASTEGGIO	0	2	8000	53819	123112	207	-13	0.16	0.16	0	
19/10/2011 14:16:12	TASTEGGIO	0	3	8000	53819	123111	222	-18	0.06	0.06	0	
19/10/2011 14:16:21	TASTEGGIO	0	3	8000	53819	123078	222	-18	0.07	0.11	44500	
19/10/2011 14:16:43	TASTEGGIO	1	0	8000	53819	78602	94	-3	0.10	0.10	0	
19/10/2011 14:16:54	TASTEGGIO	1	0	8000	53819	122964	94	-3	0.07	0.09	44500	
19/10/2011 14:18:42	TASTEGGIO	1	0	8000	53819	123091	94	-3	0.39	0.39	0	
19/10/2011 14:19:03	TASTEGGIO	1	0	8000	53819	123107	145	-1	0.37	0.37	0	
19/10/2011 14:19:24	TASTEGGIO	0	1	8000	53819	123107	180	-5	0.32	0.32	0	
19/10/2011 14:19:46	TASTEGGIO	0	2	8000	53819	123107	235	-28	0.06	0.06	0	
19/10/2011 14:19:54	TASTEGGIO	0	2	8000	53819	123074	235	-28	0.10	0.25	44500	
19/10/2011 14:20:17	TASTEGGIO	1	0	8000	53819	78601	120	-3	0.22	0.22	0	
19/10/2011 14:20:35	TASTEGGIO	0	1	8000	53819	78597	139	0	0.19	0.19	0	
19/10/2011 14:20:56	TASTEGGIO	0	2	8000	53819	78596	171	-3	0.17	0.17	0	
19/10/2011 14:21:17	TASTEGGIO	0	3	8000	53819	78596	216	-10	0.11	0.11	0	
19/10/2011 14:21:28	TASTEGGIO	0	3	8000	53819	122965	216	-10	0.07	0.12	44500	
19/10/2011 14:21:50	TASTEGGIO	1	0	8000	53819	78496	96	0	0.11	0.11	0	
19/10/2011 14:22:08	TASTEGGIO	0	1	8000	53819	78492	106	0	0.10	0.10	0	
19/10/2011 14:22:18	TASTEGGIO	0	1	8000	53819	122962	106	0	0.07	0.12	44500	
19/10/2011 14:22:40	TASTEGGIO	1	0	8000	53819	78493	96	0	0.10	0.10	0	
19/10/2011 14:22:51	TASTEGGIO	1	0	8000	53819	122960	96	0	0.07	0.12	44500	
19/10/2011 14:23:13	TASTEGGIO	1	0	8000	53819	78490	96	0	0.11	0.11	0	
19/10/2011 14:23:30	TASTEGGIO	0	1	8000	53819	78487	106	0	0.10	0.10	0	
19/10/2011 14:23:41	TASTEGGIO	0	1	8000	53819	122958	106	0	0.07	0.12	44500	
19/10/2011 14:24:03	TASTEGGIO	1	0	8000	53819	78492	96	0	0.11	0.11	0	
19/10/2011 14:24:21	TASTEGGIO	0	1	8000	53819	78487	106	0	0.10	0.10	0	
19/10/2011 14:24:32	TASTEGGIO	0	1	8000	53819	122959	106	0	0.07	0.12	44500	
19/10/2011 14:24:54	TASTEGGIO	1	0	8000	53819	78491	96	0	0.11	0.11	0	
19/10/2011 14:25:13	TASTEGGIO	0	1	8000	53819	78487	106	0	0.10	0.10	0	
19/10/2011 14:25:23	TASTEGGIO	0	1	8000	53819	122963	106	0	0.09	0.11	44500	
19/10/2011 14:25:44	TASTEGGIO	1	0	8000	53819	78490	94	0	0.12	0.12	0	
19/10/2011 14:26:01	TASTEGGIO	0	1	8000	53819	78488	107	0	0.11	0.11	0	
19/10/2011 14:26:20	TASTEGGIO	0	2	8000	53819	78487	127	0	0.10	0.10	0	
19/10/2011 14:26:30	TASTEGGIO	0	2	8000	53819	122957	127	0	0.07	0.11	44500	
19/10/2011 14:26:52	TASTEGGIO	1	0	8000	53819	78491	94	1	0.10	0.10	0	
19/10/2011 14:27:03	TASTEGGIO	1	0	8000	53819	122957	94	1	0.08	0.10	44500	
19/10/2011 14:28:52	TASTEGGIO	1	0	8000	53819	123091	94	1	0.95	0.95	0	
19/10/2011 14:29:15	TASTEGGIO	1	0	8000	53819	123109	246	-13	0.78	0.78	0	
19/10/2011 14:29:37	TASTEGGIO	0	1	8000	53819	123109	310	-43	0.35	0.35	0	
19/10/2011 14:29:56	TASTEGGIO	0	0	8000	53819	123109	138	0	0.38	0.38	0	
19/10/2011 14:30:17	TASTEGGIO	0	1	8000	53819	123109	179	0	0.37	0.37	0	
19/10/2011 14:30:40	TASTEGGIO	0	2	8000	53819	123108	251	-1	0.35	0.35	0	
19/10/2011 14:31:05	TASTEGGIO	0	3	8000	53819	123110	350	-74	0.35	0.35	0	
19/10/2011 14:31:28	TASTEGGIO	0	1	8000	53819	123110	315	-131	0.93	0.93	0	
19/10/2011 14:31:43	TASTEGGIO	0	1	8000	53819	123110	67	-4	0.88	0.88	0	
19/10/2011 14:32:03	TASTEGGIO	0	2	8000	53819	123110	233	-10	0.76	0.76	0	
19/10/2011 14:32:28	TASTEGGIO	0	3	8000	53819	123110	400	-101	0.44	0.44	0	
19/10/2011 14:32:53	TASTEGGIO	0	1	8000	53819	123110	374	-96	1.31	1.31	0	
19/10/2011 14:33:07	TASTEGGIO	0	1	8000	53819	123110	0	-10	1.21	1.21	0	
19/10/2011 14:33:28	TASTEGGIO	0	2	8000	53819	123110	223	-12	1.04	1.04	0	
19/10/2011 14:33:52	TASTEGGIO	0	3	8000	53819	123110	400	-138	0.33	0.33	0	
19/10/2011 14:34:16	TASTEGGIO	0	1	8000	53819	123110	389	-169	1.34	1.34	0	
19/10/2011 14:34:31	TASTEGGIO	0	1	8000	53819	123110	0	-8	1.24	1.24	0	
19/10/2011 14:34:50	TASTEGGIO	0	2	8000	53819	123110	229	-10	1.14	1.14	0	
19/10/2011 14:35:14	TASTEGGIO	0	3	8000	53819	123110	400	-101	0.17	0.17	0	
19/10/2011 14:35:31	TASTEGGIO	0	0	8000	53819	123110	105	-1	0.16	0.16	0	
19/10/2011 14:35:49	TASTEGGIO	0	1	8000	53819	123110	120	0	0.16	0.16	0	
19/10/2011 14:36:10	TASTEGGIO	0	2	8000	53819	123110	152	0	0.15	0.15	0	
19/10/2011 14:36:32	TASTEGGIO	0	3	8000	53819	123110	194	-1	0.14	0.14	0	
19/10/2011 14:36:40	TASTEGGIO	0	3	8000	53819	123070	194	-1	0.14	0.34	44500	
19/10/2011 14:37:01	TASTEGGIO	1	0	8000	53819	78596	136	-2	0.28	0.28	0	
19/10/2011 14:37:19	TASTEGGIO	0	1	8000	53819	78594	159	-1	0.25	0.25	0	
19/10/2011 14:37:39	TASTEGGIO	0	2	8000	53819	78596	203	-3	0.23	0.23	0	
19/10/2011 14:37:59	TASTEGGIO	0	3	8000	53819	78596	266	-24	0.01	0.01	0	
19/10/2011 14:38:10	TASTEGGIO	0	3	8000	53819	122955	266	-24	0.26	0.26	0	
19/10/2011 14:38:31	TASTEGGIO	1	0	8000	53819	122952	121	-3	0.23	0.23	0	
19/10/2011 14:38:51	TASTEGGIO	0	1	8000	53819	122953	141	-1	0.22	0.22	0	
19/10/2011 14:39:11	TASTEGGIO	0	2	8000	53819	122957	183	-4	0.17	0.17	0	
19/10/2011 14:39:34	TASTEGGIO	0	3	8000	53819	122959	205	-5	0.11	0.11	0	
19/10/2011 14:39:42	TASTEGGIO	0	3	8000	53819	122967	205	-5	0.12	0.12	0	
19/10/2011 14:40:00	TASTEGGIO	1	0	8000	53819	122965	96	0	0.12	0.12	0	
19/10/2011 14:40:17	TASTEGGIO	0	1	8000	53819	122965	108	0	0.11	0.11	0	
19/10/2011 14:40:37	TASTEGGIO	0	2	8000	53819	122968	128	0	0.12	0.12	0	
19/10/2011 14:40:57	TASTEGGIO	0	3	8000	53819	122971	167	0	0.11	0.11	0	
19/10/2011 14:41:19	TASTEGGIO	0	4	8000	53819	122975	207	-2	0.09	0.09	0	
19/10/2011 14:41:27	TASTEGGIO	0	4	8000	53819	122981	207	-2	0.09	0.14	44500	
19/10/2011 14:43:31	TASTEGGIO	1	0	8000	53819	123088	100	-2	0.74	0.74	0	
19/10/2011 14:43:55	TASTEGGIO	1	0	8000	53819	123107	208	-10	0.64	0.64	0	
19/10/2011 14:44:18	TASTEGGIO	0	1	8000	53819	123105	263	-30	0.33	0.33	0	
19/10/2011 14:44:40	TASTEGGIO	0	2	8000	53819	123105	287	-42	0.06	0.06	0	
19/10/2011 14:44:48	TASTEGGIO	0	2	8000	53819	123068	287	-42	0.08	0.09	24500	
19/10/2011 14:46:37	TASTEGGIO	0	2	8000	53819	123091	287	-42	0.66	0.66	0	
19/10/2011 14:46:59	TASTEGGIO	1	0	8000	53819	123109	193	-5	0.61	0.61	0	
19/10/2011 14:47:20	TASTEGGIO	0	1	8000	53819	123110	249	-18	0.41	0.41	0	
19/10/2011 14:47:43	TASTEGGIO	0	2	8000	53819	123110	287	-35	0.10	0.10	0	
19/10/2011 14:47:51	TASTEGGIO	0	2	8000	53819	123074	287	-35	0.10	0.27	44500	
19/10/2011 14:48:12	TASTEGGIO	1	0	8000	53819	78599	123	-2	0.22	0.22	0	
19/10/2011 14:48:30	TASTEGGIO	0	1	8000	53819	78597	140	0	0.21	0.21	0	
19/10/2011 14:48:51	TASTEGGIO	0	2	8000	53819	78597	180	-1	0.19	0.19	0	
19/10/2011 14:49:11	TASTEGGIO	0	3	8000	53819	78599	231	-11	0.06	0.06	0	
19/10/2011 14:49:22	TASTEGGIO	0	3	8000	53819	122963	231	-11	0.22	0.22	0	
19/10/2011 14:49:44	TASTEGGIO	1	0	8000	53819	122968	114	-3	0.18	0.18	0	
19/10/2011 14:50:04	TASTEGGIO	0	1	8000	53819	122974	128	0	0.17	0.17	0	
19/10/2011 14:50:24	TASTEGGIO	0	2	8000	53819	122974	160	-5	0.13	0.13	0	
19/10/2011 14:50:33	TASTEGGIO	0	2	8000	53819	122980	160	-5	0.12	0.13	44500	
19/10/2011 14:50:55	TASTEGGIO	1	0	8000	53819	78511	98	0	0.11	0.11	0	
19/10/2011 14:51:12	TASTEGGIO	0	1	8000	53819	78505	107	0	0.12	0.12	0	
19/10/2011 14:51:30	TASTEGGIO	0	2	8000	53819	78504	133	0	0.12	0.12	0	
19/10/2011 14:51:50	TASTEGGIO	0	3	8000	53819	78505	169	0	0.11	0.11	0	
19/10/2011 14:52:12	TASTEGGIO	0	4	8000	53819	78505	209	-1	0.10	0.10	0	
19/10/2011 14:52:22	TASTEGGIO	0	4	8000	53819	122955	209	-1	0.15	0.15	0	
19/10/2011 14:52:43	TASTEGGIO	1	0	8000	53819	122954	102	-1	0.14	0.14	0	
19/10/2011 14:52:51	TASTEGGIO	1	0	8000	53819	122962	102	-1	0.15	0.15	0	
19/10/2011 14:53:12	TASTEGGIO	1	0	8000	53819	122962	102	0	0.14	0.14	0	
19/10/2011 14:53:20	TASTEGGIO	1	0	8000	53819	122969	102	0	0.14	0.14	0	
19/10/2011 14:53:41	TASTEGGIO	1	0	8000	53819	122967	100	0	0.17	0.17	0	
19/10/2011 14:54:01	TASTEGGIO	0	1	8000	53819	122974	120	0	0.15	0.15	0	
19/10/2011 14:54:21	TASTEGGIO	0	2	8000	53819	122974	146	-4	0.14	0.14	0	
19/10/2011 14:54:42	TASTEGGIO	0	3	8000	53819	122978	185	-5	0.05	0.05	0	
19/10/2011 14:54:51	TASTEGGIO	0	3	8000	53819	122983	185	-5	0.06	0.19	44500	
19/10/2011 14:55:13	TASTEGGIO	1	0	8000	53819	78509	109	0	0.16	0.16	0	
19/10/2011 14:55:30	TASTEGGIO	0	1	8000	53819	78507	122	0	0.16	0.16	0	
19/10/2011 14:55:49	TASTEGGIO	0	2	8000	53819	78507	154	0	0.17	0.17	0	
19/10/2011 14:56:09	TASTEGGIO	0	3	8000	53819	78508	208	0	0.17	0.17	0	
19/10/2011 14:56:32	TASTEGGIO	0	4	8000	53819	78510	276	-20	0.09	0.09	0	
19/10/2011 14:56:42	TASTEGGIO	0	4	8000	53819	122951	276	-20	0.24	0.24	0	
19/10/2011 14:57:04	TASTEGGIO	1	0	8000	53819	122950	118	-1	0.22	0.22	0	
19/10/2011 14:57:22	TASTEGGIO	0	1	8000	53819	122955	138	1	0.22	0.22	0	
19/10/2011 14:57:44	TASTEGGIO	0	2	8000	53819	122959	182	0	0.21	0.21	0	
19/10/2011 14:58:06	TASTEGGIO	0	3	8000	53819	122958	242	-24	0.05	0.05	0	
19/10/2011 14:58:14	TASTEGGIO	0	3	8000	53819	122965	242	-24	0.04	0.12	44500	
19/10/2011 14:58:35	TASTEGGIO	1	0	8000	53819	78495	96	0	0.10	0.10	0	
19/10/2011 14:58:45	TASTEGGIO	1	0	8000	53819	122956	96	0	0.03	0.11	44500	
19/10/2011 14:59:06	TASTEGGIO	1	0	8000	53819	78491	94	0	0.10	0.10	0	
19/10/2011 14:59:16	TASTEGGIO	1	0	8000	53819	122950	94	0	0.03	0.10	44500	
19/10/2011 15:01:05	TASTEGGIO	1	0	8000	53819	123090	94	0	0.51	0.51	0	
19/10/2011 15:01:28	TASTEGGIO	1	0	8000	53819	123104	166	-4	0.46	0.46	0	
19/10/2011 15:01:49	TASTEGGIO	0	1	8000	53819	123105	207	-9	0.36	0.36	0	
19/10/2011 15:02:10	TASTEGGIO	0	2	8000	53819	123104	246	-21	0.14	0.14	0	
19/10/2011 15:02:19	TASTEGGIO	0	2	8000	53819	123072	246	-21	0.14	0.15	44500	
19/10/2011 15:02:40	TASTEGGIO	1	0	8000	53819	78595	102	-2	0.13	0.13	0	
19/10/2011 15:02:51	TASTEGGIO	1	0	8000	53819	122977	102	-2	0.14	0.14	44500	
19/10/2011 15:03:12	TASTEGGIO	1	0	8000	53819	78508	100	1	0.13	0.13	0	
19/10/2011 15:03:31	TASTEGGIO	0	1	8000	53819	78503	112	0	0.13	0.13	0	
19/10/2011 15:03:50	TASTEGGIO	0	2	8000	53819	78500	138	0	0.12	0.12	0	
19/10/2011 15:04:09	TASTEGGIO	0	3	8000	53819	78500	171	-1	0.11	0.11	0	
19/10/2011 15:04:30	TASTEGGIO	0	4	8000	53819	78500	211	-7	0.03	0.03	0	
19/10/2011 15:04:41	TASTEGGIO	0	4	8000	53819	122962	211	-7	0.12	0.12	0	
19/10/2011 15:05:01	TASTEGGIO	1	0	8000	53819	122960	96	0	0.10	0.10	0	
19/10/2011 15:05:09	TASTEGGIO	1	0	8000	53819	122967	96	0	0.12	0.12	0	
19/10/2011 15:05:29	TASTEGGIO	1	0	8000	53819	122965	96	0	0.10	0.10	0	
19/10/2011 15:05:37	TASTEGGIO	1	0	8000	53819	122971	96	0	0.14	0.14	0	
19/10/2011 15:05:57	TASTEGGIO	1	0	8000	53819	122969	100	0	0.10	0.10	0	
19/10/2011 15:06:05	TASTEGGIO	1	0	8000	53819	122974	100	0	0.10	0.10	0	
19/10/2011 15:07:53	TASTEGGIO	1	0	8000	53819	123094	100	0	0.86	0.86	0	
19/10/2011 15:08:16	TASTEGGIO	1	0	8000	53819	123111	229	-10	0.77	0.77	0	
19/10/2011 15:08:40	TASTEGGIO	0	1	8000	53819	123110	297	-31	0.47	0.47	0	
19/10/2011 15:09:02	TASTEGGIO	0	2	8000	53819	123109	337	-47	0.05	0.05	0	
19/10/2011 15:09:11	TASTEGGIO	0	2	8000	53819	123076	337	-47	0.04	0.54	44500	
19/10/2011 15:09:33	TASTEGGIO	1	0	8000	53819	78597	172	-3	0.49	0.49	0	
19/10/2011 15:09:52	TASTEGGIO	0	1	8000	53819	78597	216	-6	0.44	0.44	0	
19/10/2011 15:10:14	TASTEGGIO	0	2	8000	53819	78598	295	-27	0.21	0.21	0	
19/10/2011 15:10:32	TASTEGGIO	0	0	8000	53819	78597	112	0	0.21	0.21	0	
19/10/2011 15:10:52	TASTEGGIO	0	1	8000	53819	78597	133	0	0.22	0.22	0	
19/10/2011 15:11:12	TASTEGGIO	0	2	8000	53819	78597	179	0	0.19	0.19	0	
19/10/2011 15:11:34	TASTEGGIO	0	3	8000	53819	78597	228	-6	0.13	0.13	0	
19/10/2011 15:11:45	TASTEGGIO	0	3	8000	53819	122951	228	-6	0.34	0.34	0	
19/10/2011 15:12:07	TASTEGGIO	1	0	8000	53819	122948	136	-8	0.25	0.25	0	
19/10/2011 15:12:29	TASTEGGIO	0	1	8000	53819	122949	154	-1	0.23	0.23	0	
19/10/2011 15:12:50	TASTEGGIO	0	2	8000	53819	122949	196	-13	0.08	0.08	0	
19/10/2011 15:12:58	TASTEGGIO	0	2	8000	53819	122962	196	-13	0.07	0.33	44500	
19/10/2011 15:13:21	TASTEGGIO	1	0	8000	53819	78502	134	-7	0.36	0.36	0	
19/10/2011 15:13:41	TASTEGGIO	0	1	8000	53819	78498	173	0	0.34	0.34	0	
19/10/2011 15:14:01	TASTEGGIO	0	2	8000	53819	78494	237	0	0.32	0.32	0	
19/10/2011 15:14:24	TASTEGGIO	0	3	8000	53819	78492	327	-24	0.19	0.19	0	
19/10/2011 15:14:46	TASTEGGIO	0	4	8000	53819	78492	349	-62	0.42	0.42	0	
19/10/2011 15:15:07	TASTEGGIO	0	1	8000	53819	78489	256	-31	0.18	0.18	0	
19/10/2011 15:15:25	TASTEGGIO	0	0	8000	53819	78489	107	0	0.16	0.16	0	
19/10/2011 15:15:44	TASTEGGIO	0	1	8000	53819	78489	121	0	0.14	0.14	0	
19/10/2011 15:15:55	TASTEGGIO	0	1	8000	53819	122956	121	0	0.33	0.33	0	
19/10/2011 15:16:16	TASTEGGIO	1	0	8000	53819	122954	134	0	0.32	0.32	0	
19/10/2011 15:16:37	TASTEGGIO	0	1	8000	53819	122954	165	0	0.29	0.29	0	
19/10/2011 15:16:58	TASTEGGIO	0	2	8000	53819	122955	217	-13	0.18	0.18	0	
19/10/2011 15:17:21	TASTEGGIO	0	3	8000	53819	122955	236	-17	0.09	0.09	0	
19/10/2011 15:17:29	TASTEGGIO	0	3	8000	53819	122962	236	-17	0.07	0.29	44500	
19/10/2011 15:17:52	TASTEGGIO	1	0	8000	53819	78493	127	0	0.25	0.25	0	
19/10/2011 15:18:09	TASTEGGIO	0	1	8000	53819	78489	148	0	0.25	0.25	0	
19/10/2011 15:18:30	TASTEGGIO	0	2	8000	53819	78487	198	0	0.24	0.24	0	
19/10/2011 15:18:50	TASTEGGIO	0	3	8000	53819	78487	267	-2	0.22	0.22	0	
19/10/2011 15:19:13	TASTEGGIO	0	4	8000	53819	78487	347	-25	0.09	0.09	0	
19/10/2011 15:19:24	TASTEGGIO	0	4	8000	53819	122956	347	-25	0.16	0.16	0	
19/10/2011 15:19:44	TASTEGGIO	1	0	8000	53819	122952	103	-1	0.15	0.15	0	
19/10/2011 15:20:02	TASTEGGIO	0	1	8000	53819	122952	117	0	0.15	0.15	0	
19/10/2011 15:20:22	TASTEGGIO	0	2	8000	53819	122953	147	0	0.14	0.14	0	
19/10/2011 15:20:30	TASTEGGIO	0	2	8000	53819	122961	147	0	0.14	0.14	0	
19/10/2011 15:20:51	TASTEGGIO	1	0	8000	53819	122959	100	-2	0.16	0.16	0	
19/10/2011 15:21:09	TASTEGGIO	0	1	8000	53819	122959	118	0	0.16	0.16	0	
19/10/2011 15:23:14	TASTEGGIO	0	2	8000	53819	123090	150	0	1.03	1.03	0	
19/10/2011 15:23:39	TASTEGGIO	1	0	8000	53819	123108	260	-13	0.90	0.90	0	
19/10/2011 15:24:02	TASTEGGIO	0	1	8000	53819	123107	338	-45	0.44	0.44	0	
19/10/2011 15:24:21	TASTEGGIO	0	0	8000	53819	123108	154	0	0.44	0.44	0	
19/10/2011 15:24:43	TASTEGGIO	0	1	8000	53819	123108	198	0	0.43	0.43	0	
19/10/2011 15:25:06	TASTEGGIO	0	2	8000	53819	123107	282	-5	0.36	0.36	0	
19/10/2011 15:25:31	TASTEGGIO	0	3	8000	53819	123113	372	-62	0.26	0.26	0	
19/10/2011 15:25:55	TASTEGGIO	0	1	8000	53819	123113	353	-173	1.45	1.45	0	
19/10/2011 15:26:09	TASTEGGIO	0	1	8000	53819	123113	0	-5	1.39	1.39	0	
19/10/2011 15:26:30	TASTEGGIO	0	2	8000	53819	123113	266	-11	1.27	1.27	0	
19/10/2011 15:26:54	TASTEGGIO	0	3	8000	53819	123113	400	-57	0.72	0.72	0	
19/10/2011 15:27:17	TASTEGGIO	0	4	8000	53819	123113	400	-38	0.33	0.33	0	
19/10/2011 15:27:37	TASTEGGIO	0	0	8000	53819	123113	134	0	0.34	0.34	0	
19/10/2011 15:27:58	TASTEGGIO	0	1	8000	53819	123113	169	0	0.34	0.34	0	
19/10/2011 15:28:19	TASTEGGIO	0	2	8000	53819	123113	237	0	0.34	0.34	0	
19/10/2011 15:28:42	TASTEGGIO	0	3	8000	53819	123113	339	-2	0.30	0.30	0	
19/10/2011 15:29:07	TASTEGGIO	0	4	8000	53819	123113	400	-37	0.20	0.20	0	
19/10/2011 15:29:30	TASTEGGIO	0	1	8000	53819	123113	386	-146	1.25	1.25	0	
19/10/2011 15:29:45	TASTEGGIO	0	1	8000	53819	123113	0	-7	1.13	1.13	0	
19/10/2011 15:30:04	TASTEGGIO	0	2	8000	53819	123113	204	-8	1.07	1.07	0	
19/10/2011 15:30:28	TASTEGGIO	0	3	8000	53819	123113	400	-122	0.32	0.32	0	
19/10/2011 15:30:31	ALARM 401		
19/10/2011 15:30:34	ALARM 401		
19/10/2011 15:30:36	ALARM 401		
19/10/2011 15:31:12	TASTEGGIO	0	3	8000	53819	123071	400	-122	0.29	0.44	44500	
19/10/2011 15:31:52	TASTEGGIO	0	3	8000	53819	78596	215	-8	0.34	0.34	0	
19/10/2011 15:32:23	TASTEGGIO	0	3	8000	53819	122965	233	-6	0.19	0.29	44500	
19/10/2011 15:32:59	TASTEGGIO	0	3	8000	53819	122966	241	-4	0.15	0.25	44500	
19/10/2011 15:33:35	TASTEGGIO	0	3	8000	53819	122959	250	-2	0.12	0.23	44500	
19/10/2011 15:34:10	TASTEGGIO	0	3	8000	53819	122956	257	-10	0.12	0.15	44500	
19/10/2011 15:34:37	TASTEGGIO	0	3	8000	53820	122953	257	-10	0.10	0.17	24500	
19/10/2011 15:34:59	TASTEGGIO	1	0	8000	53820	98486	105	-2	0.15	0.15	0	
19/10/2011 15:35:19	TASTEGGIO	0	1	8000	53820	98481	118	0	0.15	0.15	0	
19/10/2011 15:35:38	TASTEGGIO	0	2	8000	53820	98477	148	0	0.14	0.14	0	
19/10/2011 15:35:48	TASTEGGIO	0	2	8000	53820	122956	148	0	0.09	0.13	44500	
19/10/2011 15:37:37	TASTEGGIO	0	2	8000	53819	123219	148	0	0.51	0.53	44500	
19/10/2011 15:38:00	TASTEGGIO	1	0	8000	53819	78739	170	0	0.71	0.71	0	
19/10/2011 15:38:20	TASTEGGIO	0	1	8000	53819	78739	265	-12	0.61	0.61	0	
19/10/2011 15:38:42	TASTEGGIO	0	2	8000	53819	78739	369	-62	0.12	0.12	0	
19/10/2011 15:38:53	TASTEGGIO	0	2	8000	53819	123057	369	-62	0.32	0.32	0	
19/10/2011 15:39:15	TASTEGGIO	1	0	8000	53819	123056	132	-3	0.28	0.28	0	
19/10/2011 15:39:36	TASTEGGIO	0	1	8000	53819	123062	156	-3	0.23	0.23	0	
19/10/2011 15:39:57	TASTEGGIO	0	2	8000	53819	123064	193	-10	0.13	0.13	0	
19/10/2011 15:40:05	TASTEGGIO	0	2	8000	53819	123069	193	-10	0.13	0.13	0	
19/10/2011 15:40:26	TASTEGGIO	1	0	8000	53819	123068	98	0	0.12	0.12	0	
19/10/2011 15:40:44	TASTEGGIO	0	1	8000	53819	123071	109	1	0.12	0.12	0	
19/10/2011 15:41:03	TASTEGGIO	0	2	8000	53819	123076	133	0	0.14	0.14	0	
19/10/2011 15:41:25	TASTEGGIO	0	3	8000	53819	123079	182	0	0.09	0.09	0	
19/10/2011 15:41:34	TASTEGGIO	0	3	8000	53819	123084	182	0	0.09	0.09	0	
19/10/2011 15:43:20	TASTEGGIO	0	3	8000	53819	123070	182	0	1.11	1.11	0	
19/10/2011 15:43:43	TASTEGGIO	1	0	8000	53819	123090	274	-14	0.97	0.97	0	
19/10/2011 15:44:07	TASTEGGIO	0	1	8000	53819	123089	358	-52	0.46	0.46	0	
19/10/2011 15:44:26	TASTEGGIO	0	0	8000	53819	123089	157	0	0.46	0.46	0	
19/10/2011 15:44:48	TASTEGGIO	0	1	8000	53819	123090	203	1	0.45	0.45	0	
19/10/2011 15:45:10	TASTEGGIO	0	2	8000	53819	123089	291	-7	0.37	0.37	0	
19/10/2011 15:45:35	TASTEGGIO	0	3	8000	53819	123094	382	-61	0.25	0.25	0	
19/10/2011 15:45:59	TASTEGGIO	0	1	8000	53819	123094	365	-186	1.59	1.59	0	
19/10/2011 15:46:13	TASTEGGIO	0	1	8000	53819	123094	0	-6	1.51	1.51	0	
19/10/2011 15:46:34	TASTEGGIO	0	2	8000	53819	123094	286	-12	1.35	1.35	0	
19/10/2011 15:46:57	TASTEGGIO	0	3	8000	53819	123094	400	-56	0.81	0.81	0	
19/10/2011 15:47:20	TASTEGGIO	0	4	8000	53819	123094	400	-37	0.45	0.45	0	
19/10/2011 15:47:45	TASTEGGIO	0	5	8000	53819	123094	400	-33	0.15	0.15	0	
19/10/2011 15:48:00	TASTEGGIO	0	0	8000	53819	123094	102	0	0.16	0.16	0	
19/10/2011 15:48:18	TASTEGGIO	0	1	8000	53819	123094	119	0	0.16	0.16	0	
19/10/2011 15:48:38	TASTEGGIO	0	2	8000	53819	123094	151	0	0.17	0.17	0	
19/10/2011 15:49:01	TASTEGGIO	0	3	8000	53819	123094	205	0	0.16	0.16	0	
19/10/2011 15:49:23	TASTEGGIO	0	4	8000	53819	123094	265	-3	0.14	0.14	0	
19/10/2011 15:49:31	TASTEGGIO	0	4	8000	53819	123063	265	-3	0.14	0.35	44500	
19/10/2011 15:49:53	TASTEGGIO	1	0	8000	53819	78588	138	-1	0.33	0.33	0	
19/10/2011 15:50:12	TASTEGGIO	0	1	8000	53819	78585	169	-2	0.31	0.31	0	
19/10/2011 15:50:33	TASTEGGIO	0	2	8000	53819	78586	227	-10	0.20	0.20	0	
19/10/2011 15:50:53	TASTEGGIO	0	3	8000	53819	78586	249	-10	0.10	0.10	0	
19/10/2011 15:51:04	TASTEGGIO	0	3	8000	53819	122959	249	-10	0.05	0.10	24500	
19/10/2011 15:52:00	ALARM 17	proc 12 prog 10 step 47	LavoroTerminato
19/10/2011 16:40:36	ALARM 406		
20/10/2011 07:37:36	ALARM 401		
20/10/2011 07:37:38	INIT OK
20/10/2011 07:47:56	TASTEGGIO	0	0	8000	53819	117885	0	0	0.39	0.47	-44500	
20/10/2011 07:48:19	TASTEGGIO	1	0	8000	53819	162334	159	-5	0.41	0.41	0	
20/10/2011 07:48:39	TASTEGGIO	0	1	8000	53819	162345	194	-8	0.33	0.33	0	
20/10/2011 07:48:59	TASTEGGIO	0	2	8000	53819	162352	247	-24	0.13	0.13	0	
20/10/2011 07:49:10	TASTEGGIO	0	2	8000	53819	117854	247	-24	0.10	0.15	44500	
20/10/2011 07:49:30	TASTEGGIO	1	0	8000	53819	73410	102	-1	0.12	0.12	0	
20/10/2011 07:49:41	TASTEGGIO	1	0	8000	53819	117752	102	-1	0.11	0.14	-44500	
20/10/2011 07:50:04	TASTEGGIO	1	0	8000	53819	162156	100	-1	0.13	0.13	0	
20/10/2011 07:50:21	TASTEGGIO	0	1	8000	53819	162178	112	0	0.10	0.10	0	
20/10/2011 07:50:41	TASTEGGIO	0	2	8000	53819	162195	122	0	0.12	0.12	0	
20/10/2011 07:51:01	TASTEGGIO	0	3	8000	53819	162206	165	-4	0.07	0.07	0	
20/10/2011 07:51:11	TASTEGGIO	0	3	8000	53819	117850	165	-4	0.10	0.16	44500	
20/10/2011 07:51:33	TASTEGGIO	1	0	8000	53819	73397	103	0	0.15	0.15	0	
20/10/2011 07:51:50	TASTEGGIO	0	1	8000	53819	73390	117	0	0.14	0.14	0	
20/10/2011 07:52:00	TASTEGGIO	0	1	8000	53819	117759	117	0	0.10	0.15	44500	
20/10/2011 07:52:21	TASTEGGIO	1	0	8000	53819	73307	102	0	0.15	0.15	0	
20/10/2011 07:52:37	TASTEGGIO	0	1	8000	53819	73302	117	1	0.15	0.15	0	
20/10/2011 07:52:55	TASTEGGIO	0	2	8000	53819	73300	147	0	0.15	0.15	0	
20/10/2011 07:53:14	TASTEGGIO	0	3	8000	53819	73301	192	-4	0.10	0.10	0	
20/10/2011 07:53:25	TASTEGGIO	0	3	8000	53819	117746	192	-4	0.09	0.09	-44500	
20/10/2011 07:55:14	TASTEGGIO	0	3	8000	53819	117883	192	-4	0.49	0.76	-44500	
20/10/2011 07:55:39	TASTEGGIO	1	0	8000	53819	162290	211	-11	0.65	0.65	0	
20/10/2011 07:56:00	TASTEGGIO	0	1	8000	53819	162319	266	-24	0.36	0.36	0	
20/10/2011 07:56:23	TASTEGGIO	0	2	8000	53819	162335	294	-28	0.13	0.13	0	
20/10/2011 07:56:34	TASTEGGIO	0	2	8000	53819	117864	294	-28	0.07	0.29	44500	
20/10/2011 07:56:56	TASTEGGIO	1	0	8000	53819	73415	127	-2	0.26	0.26	0	
20/10/2011 07:57:14	TASTEGGIO	0	1	8000	53819	73407	150	0	0.24	0.24	0	
20/10/2011 07:57:35	TASTEGGIO	0	2	8000	53819	73404	194	-2	0.22	0.22	0	
20/10/2011 07:57:55	TASTEGGIO	0	3	8000	53819	73404	254	-16	0.07	0.07	0	
20/10/2011 07:58:06	TASTEGGIO	0	3	8000	53819	117760	254	-16	0.13	0.22	-44500	
20/10/2011 07:58:30	TASTEGGIO	1	0	8000	53819	162167	114	-2	0.20	0.20	0	
20/10/2011 07:58:49	TASTEGGIO	0	1	8000	53819	162195	132	-1	0.20	0.20	0	
20/10/2011 07:59:10	TASTEGGIO	0	2	8000	53819	162212	172	0	0.19	0.19	0	
20/10/2011 07:59:30	TASTEGGIO	0	3	8000	53819	162223	226	-2	0.17	0.17	0	
20/10/2011 07:59:53	TASTEGGIO	0	4	8000	53819	162228	286	-15	0.02	0.02	0	
20/10/2011 08:00:04	TASTEGGIO	0	4	8000	53819	117857	286	-15	0.08	0.18	44500	
20/10/2011 08:00:26	TASTEGGIO	1	0	8000	53819	73412	107	0	0.16	0.16	0	
20/10/2011 08:00:42	TASTEGGIO	0	1	8000	53819	73402	121	0	0.16	0.16	0	
20/10/2011 08:01:00	TASTEGGIO	0	2	8000	53819	73397	153	0	0.16	0.16	0	
20/10/2011 08:01:21	TASTEGGIO	0	3	8000	53819	73395	201	0	0.16	0.16	0	
20/10/2011 08:01:43	TASTEGGIO	0	4	8000	53819	73393	265	-7	0.07	0.07	0	
20/10/2011 08:01:54	TASTEGGIO	0	4	8000	53819	117758	265	-7	0.09	0.11	-24500	
20/10/2011 08:02:16	TASTEGGIO	1	0	8000	53819	142217	94	-1	0.08	0.08	0	
20/10/2011 08:02:26	TASTEGGIO	1	0	8000	53819	117859	94	-1	0.07	0.11	44500	
20/10/2011 08:02:48	TASTEGGIO	1	0	8000	53819	73409	94	0	0.08	0.08	0	
20/10/2011 08:02:58	TASTEGGIO	1	0	8000	53819	117754	94	0	0.08	0.11	44500	
20/10/2011 08:03:19	TASTEGGIO	1	0	8000	53819	73301	94	0	0.09	0.09	0	
20/10/2011 08:03:29	TASTEGGIO	1	0	8000	53819	117765	94	0	0.08	0.10	44500	
20/10/2011 08:03:50	TASTEGGIO	1	0	8000	53819	73315	93	0	0.09	0.09	0	
20/10/2011 08:04:00	TASTEGGIO	1	0	8000	53819	117752	93	0	0.07	0.10	44500	
20/10/2011 08:04:21	TASTEGGIO	1	0	8000	53819	73301	93	0	0.08	0.08	0	
20/10/2011 08:04:31	TASTEGGIO	1	0	8000	53819	117756	93	0	0.08	0.10	44500	
20/10/2011 08:04:52	TASTEGGIO	1	0	8000	53819	73309	93	0	0.09	0.09	0	
20/10/2011 08:05:03	TASTEGGIO	1	0	8000	53819	117748	93	0	0.08	0.10	44500	
20/10/2011 08:05:23	TASTEGGIO	1	0	8000	53819	73303	93	1	0.09	0.09	0	
20/10/2011 08:05:34	TASTEGGIO	1	0	8000	53819	117749	93	1	0.08	0.10	44500	
20/10/2011 08:07:23	TASTEGGIO	1	0	8000	53819	117883	93	1	0.48	0.54	-44500	
20/10/2011 08:07:48	TASTEGGIO	1	0	8000	53819	162291	172	-5	0.48	0.48	0	
20/10/2011 08:08:08	TASTEGGIO	0	1	8000	53819	162315	214	-11	0.37	0.37	0	
20/10/2011 08:08:30	TASTEGGIO	0	2	8000	53819	162332	254	-21	0.16	0.16	0	
20/10/2011 08:08:48	TASTEGGIO	0	0	8000	53819	162345	103	-1	0.14	0.14	0	
20/10/2011 08:08:59	TASTEGGIO	0	0	8000	53819	117869	103	-1	0.21	0.22	44500	
20/10/2011 08:09:21	TASTEGGIO	1	0	8000	53819	73425	114	-2	0.17	0.17	0	
20/10/2011 08:09:38	TASTEGGIO	0	1	8000	53819	73416	127	0	0.17	0.17	0	
20/10/2011 08:09:56	TASTEGGIO	0	2	8000	53819	73412	161	0	0.16	0.16	0	
20/10/2011 08:10:16	TASTEGGIO	0	3	8000	53819	73410	206	-5	0.12	0.12	0	
20/10/2011 08:10:27	TASTEGGIO	0	3	8000	53819	117753	206	-5	0.22	0.22	0	
20/10/2011 08:10:46	TASTEGGIO	1	0	8000	53819	117750	114	-1	0.21	0.21	0	
20/10/2011 08:11:05	TASTEGGIO	0	1	8000	53819	117750	134	-1	0.18	0.18	0	
20/10/2011 08:11:26	TASTEGGIO	0	2	8000	53819	117750	164	-4	0.14	0.14	0	
20/10/2011 08:11:34	TASTEGGIO	0	2	8000	53819	117757	164	-4	0.14	0.18	-44500	
20/10/2011 08:11:56	TASTEGGIO	1	0	8000	53819	162168	107	0	0.18	0.18	0	
20/10/2011 08:12:14	TASTEGGIO	0	1	8000	53819	162197	125	0	0.18	0.18	0	
20/10/2011 08:12:35	TASTEGGIO	0	2	8000	53819	162212	161	0	0.17	0.17	0	
20/10/2011 08:12:56	TASTEGGIO	0	3	8000	53819	162223	209	-2	0.15	0.15	0	
20/10/2011 08:13:18	TASTEGGIO	0	4	8000	53819	162228	261	-16	0.03	0.03	0	
20/10/2011 08:13:29	TASTEGGIO	0	4	8000	53819	117860	261	-16	0.11	0.19	44500	
20/10/2011 08:13:51	TASTEGGIO	1	0	8000	53819	73422	109	0	0.16	0.16	0	
20/10/2011 08:14:08	TASTEGGIO	0	1	8000	53819	73415	122	0	0.16	0.16	0	
20/10/2011 08:14:27	TASTEGGIO	0	2	8000	53819	73410	154	0	0.15	0.15	0	
20/10/2011 08:14:47	TASTEGGIO	0	3	8000	53819	73407	196	0	0.15	0.15	0	
20/10/2011 08:15:06	TASTEGGIO	0	4	8000	53819	73404	256	-16	0.07	0.07	0	
20/10/2011 08:15:17	TASTEGGIO	0	4	8000	53819	117755	256	-16	0.13	0.13	0	
20/10/2011 08:15:36	TASTEGGIO	1	0	8000	53819	117754	98	0	0.13	0.13	0	
20/10/2011 08:15:54	TASTEGGIO	0	1	8000	53819	117754	111	0	0.12	0.12	0	
20/10/2011 08:16:12	TASTEGGIO	0	2	8000	53819	117754	133	0	0.12	0.12	0	
20/10/2011 08:16:33	TASTEGGIO	0	3	8000	53819	117754	169	-2	0.11	0.11	0	
20/10/2011 08:16:55	TASTEGGIO	0	4	8000	53819	117754	209	-17	0.11	0.11	0	
20/10/2011 08:17:18	TASTEGGIO	0	1	8000	53819	117755	198	-4	0.16	0.16	0	
20/10/2011 08:17:39	TASTEGGIO	0	2	8000	53819	117755	244	-47	0.29	0.29	0	
20/10/2011 08:18:00	TASTEGGIO	0	1	8000	53819	117755	191	-13	0.18	0.18	0	
20/10/2011 08:18:21	TASTEGGIO	0	2	8000	53819	117755	206	-6	0.12	0.12	0	
20/10/2011 08:18:43	TASTEGGIO	0	3	8000	53819	117755	219	-5	0.06	0.06	0	
20/10/2011 08:18:51	TASTEGGIO	0	3	8000	53819	117766	219	-5	0.06	0.08	44500	
20/10/2011 08:20:41	TASTEGGIO	0	3	8000	53819	117978	219	-5	0.07	0.31	44500	
20/10/2011 08:21:03	TASTEGGIO	1	0	8000	53819	73529	130	0	0.25	0.25	0	
20/10/2011 08:21:21	TASTEGGIO	0	1	8000	53819	73523	150	0	0.25	0.25	0	
20/10/2011 08:21:42	TASTEGGIO	0	2	8000	53819	73522	200	-2	0.21	0.21	0	
20/10/2011 08:22:02	TASTEGGIO	0	3	8000	53819	73521	252	-16	0.12	0.12	0	
20/10/2011 08:22:13	TASTEGGIO	0	3	8000	53819	117869	252	-16	0.20	0.20	0	
20/10/2011 08:22:32	TASTEGGIO	1	0	8000	53819	117867	111	-2	0.17	0.17	0	
20/10/2011 08:22:50	TASTEGGIO	0	1	8000	53819	117867	125	0	0.16	0.16	0	
20/10/2011 08:23:11	TASTEGGIO	0	2	8000	53819	117868	155	-2	0.13	0.13	0	
20/10/2011 08:23:19	TASTEGGIO	0	2	8000	53819	117871	155	-2	0.13	0.14	44500	
20/10/2011 08:23:41	TASTEGGIO	1	0	8000	53819	73428	100	0	0.12	0.12	0	
20/10/2011 08:23:58	TASTEGGIO	0	1	8000	53819	73422	110	0	0.13	0.13	0	
20/10/2011 08:24:17	TASTEGGIO	0	2	8000	53819	73418	138	0	0.10	0.10	0	
20/10/2011 08:24:28	TASTEGGIO	0	2	8000	53819	117864	138	0	0.15	0.15	0	
20/10/2011 08:24:47	TASTEGGIO	1	0	8000	53819	117862	102	0	0.14	0.14	0	
20/10/2011 08:24:55	TASTEGGIO	1	0	8000	53819	117866	102	0	0.14	0.15	44500	
20/10/2011 08:25:17	TASTEGGIO	1	0	8000	53819	73422	102	0	0.11	0.11	0	
20/10/2011 08:25:27	TASTEGGIO	1	0	8000	53819	117863	102	0	0.14	0.14	44500	
20/10/2011 08:25:48	TASTEGGIO	1	0	8000	53819	73409	100	0	0.12	0.12	0	
20/10/2011 08:26:04	TASTEGGIO	0	1	8000	53819	73405	110	0	0.13	0.13	0	
20/10/2011 08:26:23	TASTEGGIO	0	2	8000	53819	73403	138	0	0.12	0.12	0	
20/10/2011 08:26:41	TASTEGGIO	0	3	8000	53819	73402	171	0	0.11	0.11	0	
20/10/2011 08:27:01	TASTEGGIO	0	4	8000	53819	73401	211	0	0.11	0.11	0	
20/10/2011 08:27:23	TASTEGGIO	0	5	8000	53819	73401	266	-11	0.14	0.14	0	
20/10/2011 08:27:45	TASTEGGIO	0	6	8000	53819	73426	372	-103	0.86	0.86	0	
20/10/2011 08:28:00	TASTEGGIO	0	1	8000	53819	73426	0	-6	0.79	0.79	0	
20/10/2011 08:28:15	TASTEGGIO	0	2	8000	53819	73426	145	-2	0.77	0.77	0	
20/10/2011 08:28:39	TASTEGGIO	0	3	8000	53819	73426	370	-71	0.25	0.25	0	
20/10/2011 08:28:55	TASTEGGIO	0	0	8000	53819	73426	120	0	0.24	0.24	0	
20/10/2011 08:29:14	TASTEGGIO	0	1	8000	53819	73426	143	0	0.24	0.24	0	
20/10/2011 08:29:33	TASTEGGIO	0	2	8000	53819	73426	191	0	0.23	0.23	0	
20/10/2011 08:29:55	TASTEGGIO	0	3	8000	53819	73426	257	-3	0.20	0.20	0	
20/10/2011 08:30:17	TASTEGGIO	0	4	8000	53819	73426	326	-31	0.12	0.12	0	
20/10/2011 08:30:39	TASTEGGIO	0	1	8000	53819	73426	318	-41	0.28	0.28	0	
20/10/2011 08:31:00	TASTEGGIO	0	1	8000	53819	73426	252	-13	0.18	0.18	0	
20/10/2011 08:31:21	TASTEGGIO	0	2	8000	53819	73426	268	-9	0.10	0.10	0	
20/10/2011 08:31:31	TASTEGGIO	0	2	8000	53819	117860	268	-9	0.21	0.23	-24500	
20/10/2011 08:31:53	TASTEGGIO	1	0	8000	53819	142324	116	-3	0.19	0.19	0	
20/10/2011 08:32:11	TASTEGGIO	0	1	8000	53819	142339	131	-2	0.18	0.18	0	
20/10/2011 08:32:32	TASTEGGIO	0	2	8000	53819	142349	165	-6	0.11	0.11	0	
20/10/2011 08:32:42	TASTEGGIO	0	2	8000	53819	117961	165	-6	0.11	0.14	44500	
20/10/2011 08:33:03	TASTEGGIO	1	0	8000	53819	73513	100	0	0.11	0.11	0	
20/10/2011 08:33:19	TASTEGGIO	0	1	8000	53819	73505	108	0	0.11	0.11	0	
20/10/2011 08:35:19	TASTEGGIO	0	2	8000	53819	117777	130	0	0.17	0.38	44500	
20/10/2011 08:35:41	TASTEGGIO	1	0	8000	53819	73323	143	-2	0.34	0.34	0	
20/10/2011 08:35:59	TASTEGGIO	0	1	8000	53819	73319	173	0	0.34	0.34	0	
20/10/2011 08:36:21	TASTEGGIO	0	2	8000	53819	73320	241	-9	0.22	0.22	0	
20/10/2011 08:36:41	TASTEGGIO	0	3	8000	53819	73321	265	-11	0.12	0.12	0	
20/10/2011 08:36:51	TASTEGGIO	0	3	8000	53819	117670	265	-11	0.16	0.26	-44500	
20/10/2011 08:37:15	TASTEGGIO	1	0	8000	53819	162084	121	-4	0.22	0.22	0	
20/10/2011 08:37:35	TASTEGGIO	0	1	8000	53819	162100	139	-1	0.19	0.19	0	
20/10/2011 08:37:54	TASTEGGIO	0	2	8000	53819	162113	171	-7	0.13	0.13	0	
20/10/2011 08:38:05	TASTEGGIO	0	2	8000	53819	117755	171	-7	0.09	0.19	44500	
20/10/2011 08:38:27	TASTEGGIO	1	0	8000	53819	73306	109	-1	0.18	0.18	0	
20/10/2011 08:38:44	TASTEGGIO	0	1	8000	53819	73299	126	0	0.17	0.17	0	
20/10/2011 08:39:03	TASTEGGIO	0	2	8000	53819	73296	158	0	0.17	0.17	0	
20/10/2011 08:39:24	TASTEGGIO	0	3	8000	53819	73296	209	0	0.17	0.17	0	
20/10/2011 08:39:45	TASTEGGIO	0	4	8000	53819	73297	277	-7	0.09	0.09	0	
20/10/2011 08:39:56	TASTEGGIO	0	4	8000	53819	117652	277	-7	0.12	0.19	-24500	
20/10/2011 08:40:19	TASTEGGIO	1	0	8000	53819	142113	109	-2	0.15	0.15	0	
20/10/2011 08:40:38	TASTEGGIO	0	1	8000	53819	142130	120	-1	0.13	0.13	0	
20/10/2011 08:40:48	TASTEGGIO	0	1	8000	53819	117759	120	-1	0.08	0.15	-44500	
20/10/2011 08:41:10	TASTEGGIO	1	0	8000	53819	162172	102	0	0.14	0.14	0	
20/10/2011 08:41:21	TASTEGGIO	1	0	8000	53819	117746	102	0	0.08	0.15	-44500	
20/10/2011 08:41:43	TASTEGGIO	1	0	8000	53819	162161	102	0	0.16	0.16	0	
20/10/2011 08:42:01	TASTEGGIO	0	1	8000	53819	162187	119	0	0.15	0.15	0	
20/10/2011 08:42:21	TASTEGGIO	0	2	8000	53819	162199	147	0	0.13	0.13	0	
20/10/2011 08:42:32	TASTEGGIO	0	2	8000	53819	117746	147	0	0.08	0.14	-44500	
20/10/2011 08:42:54	TASTEGGIO	1	0	8000	53819	162158	100	0	0.14	0.14	0	
20/10/2011 08:43:13	TASTEGGIO	0	1	8000	53819	162174	114	0	0.15	0.15	0	
20/10/2011 08:43:33	TASTEGGIO	0	2	8000	53819	162189	146	0	0.15	0.15	0	
20/10/2011 08:43:52	TASTEGGIO	0	3	8000	53819	162201	191	-6	0.07	0.07	0	
20/10/2011 08:44:03	TASTEGGIO	0	3	8000	53819	117752	191	-6	0.05	0.15	44500	
20/10/2011 08:44:25	TASTEGGIO	1	0	8000	53819	73300	102	0	0.13	0.13	0	
20/10/2011 08:44:36	TASTEGGIO	1	0	8000	53819	117664	102	0	0.05	0.14	44500	
20/10/2011 08:44:56	TASTEGGIO	1	0	8000	53819	73214	100	0	0.13	0.13	0	
20/10/2011 08:45:14	TASTEGGIO	0	1	8000	53819	73209	112	0	0.13	0.13	0	
20/10/2011 08:45:31	TASTEGGIO	0	2	8000	53819	73206	138	0	0.13	0.13	0	
20/10/2011 08:45:51	TASTEGGIO	0	3	8000	53819	73204	177	0	0.14	0.14	0	
20/10/2011 08:46:11	TASTEGGIO	0	4	8000	53819	73205	237	0	0.12	0.12	0	
20/10/2011 08:46:33	TASTEGGIO	0	5	8000	53819	73205	288	-7	0.06	0.06	0	
20/10/2011 08:46:44	TASTEGGIO	0	5	8000	53819	117657	288	-7	0.08	0.12	-24500	
20/10/2011 08:47:06	TASTEGGIO	1	0	8000	53819	142117	96	0	0.12	0.12	0	
20/10/2011 08:47:24	TASTEGGIO	0	1	8000	53819	142136	108	0	0.10	0.10	0	
20/10/2011 08:47:34	TASTEGGIO	0	1	8000	53819	117758	108	0	0.06	0.12	-24500	
20/10/2011 08:47:55	TASTEGGIO	1	0	8000	53819	142222	96	0	0.10	0.10	0	
20/10/2011 08:48:04	TASTEGGIO	1	0	8000	53819	117759	96	0	0.07	0.12	-44500	
20/10/2011 08:48:27	TASTEGGIO	1	0	8000	53819	162170	96	-1	0.11	0.11	0	
20/10/2011 08:48:45	TASTEGGIO	0	1	8000	53819	162188	106	0	0.10	0.10	0	
20/10/2011 08:48:55	TASTEGGIO	0	1	8000	53819	117748	106	0	0.06	0.11	-24500	
20/10/2011 08:49:16	TASTEGGIO	1	0	8000	53819	142203	94	0	0.09	0.09	0	
20/10/2011 08:49:26	TASTEGGIO	1	0	8000	53819	117751	94	0	0.06	0.11	-24500	
20/10/2011 08:51:31	TASTEGGIO	1	0	8000	53819	118186	94	0	0.17	0.28	44500	
20/10/2011 08:51:53	TASTEGGIO	1	0	8000	53819	73735	125	0	0.24	0.24	0	
20/10/2011 08:52:10	TASTEGGIO	0	1	8000	53819	73728	145	-1	0.23	0.23	0	
20/10/2011 08:52:30	TASTEGGIO	0	2	8000	53819	73727	189	-2	0.20	0.20	0	
