21/02/2012 08:03:18	TASTEGGIO	0	1	6000	45980	82319	92	-1	0.11	0.11	0	
21/02/2012 08:03:38	TASTEGGIO	0	2	6000	45980	82317	112	-4	0.07	0.07	0	
21/02/2012 08:03:48	TASTEGGIO	0	2	6000	45980	126732	112	-4	0.08	0.10	-24500	
21/02/2012 08:05:38	TASTEGGIO	0	2	6000	45980	126878	112	-4	0.94	0.96	24500	
21/02/2012 08:06:03	TASTEGGIO	1	0	6000	45980	102431	221	-7	0.87	0.87	0	
21/02/2012 08:06:27	TASTEGGIO	0	1	6000	45980	102431	299	-52	0.36	0.36	0	
21/02/2012 08:06:47	TASTEGGIO	0	0	6000	45980	102431	120	1	0.37	0.37	0	
21/02/2012 08:07:07	TASTEGGIO	0	1	6000	45980	102431	158	0	0.36	0.36	0	
21/02/2012 08:07:30	TASTEGGIO	0	2	6000	45980	102430	228	-5	0.30	0.30	0	
21/02/2012 08:07:53	TASTEGGIO	0	3	6000	45980	102433	302	-78	0.45	0.45	0	
21/02/2012 08:08:16	TASTEGGIO	0	1	6000	45980	102433	234	-101	0.54	0.54	0	
21/02/2012 08:08:37	TASTEGGIO	0	1	6000	45980	102433	169	-18	0.35	0.35	0	
21/02/2012 08:09:00	TASTEGGIO	0	2	6000	45980	102433	201	-16	0.19	0.19	0	
21/02/2012 08:09:22	TASTEGGIO	0	3	6000	45980	102433	218	-17	0.08	0.08	0	
21/02/2012 08:09:32	TASTEGGIO	0	3	6000	45980	126749	218	-17	0.16	0.50	-82000	
21/02/2012 08:09:56	TASTEGGIO	1	0	6000	45980	208689	144	-8	0.45	0.45	0	
21/02/2012 08:10:16	TASTEGGIO	0	1	6000	45980	208701	184	-13	0.31	0.31	0	
21/02/2012 08:10:38	TASTEGGIO	0	2	6000	45980	208702	214	-24	0.15	0.15	0	
21/02/2012 08:10:56	TASTEGGIO	0	0	6000	45980	208702	85	-1	0.13	0.13	0	
21/02/2012 08:11:08	TASTEGGIO	0	0	6000	45980	126875	85	-1	0.10	0.23	82800	
21/02/2012 08:11:30	TASTEGGIO	1	0	6000	45980	44116	98	0	0.22	0.22	0	
21/02/2012 08:11:48	TASTEGGIO	0	1	6000	45980	44117	119	0	0.21	0.21	0	
21/02/2012 08:12:07	TASTEGGIO	0	2	6000	45980	44120	159	0	0.21	0.21	0	
21/02/2012 08:12:26	TASTEGGIO	0	3	6000	45980	44120	222	-3	0.17	0.17	0	
21/02/2012 08:12:47	TASTEGGIO	0	4	6000	45980	44122	277	-12	0.07	0.07	0	
21/02/2012 08:12:59	TASTEGGIO	0	4	6000	45980	126744	277	-12	0.12	0.19	24500	
21/02/2012 08:13:22	TASTEGGIO	1	0	6000	45980	102301	91	-11	0.08	0.08	0	
21/02/2012 08:13:32	TASTEGGIO	1	0	6000	45980	126736	91	-11	0.03	0.13	-82000	
21/02/2012 08:13:56	TASTEGGIO	1	0	6000	45980	208689	81	-2	0.12	0.12	0	
21/02/2012 08:14:14	TASTEGGIO	0	1	6000	45980	208689	92	-1	0.12	0.12	0	
21/02/2012 08:14:25	TASTEGGIO	0	1	6000	45980	126862	92	-1	0.03	0.12	-82000	
21/02/2012 08:16:15	TASTEGGIO	0	1	6000	45980	126976	92	-1	0.30	0.30	0	
21/02/2012 08:16:37	TASTEGGIO	1	0	6000	45980	126983	110	-2	0.27	0.27	0	
21/02/2012 08:16:59	TASTEGGIO	0	1	6000	45980	126983	134	-1	0.23	0.23	0	
21/02/2012 08:17:22	TASTEGGIO	0	2	6000	45980	126983	173	-13	0.12	0.12	0	
21/02/2012 08:17:30	TASTEGGIO	0	2	6000	45980	126968	173	-13	0.13	0.16	44500	
21/02/2012 08:17:51	TASTEGGIO	1	0	6000	45980	82527	86	0	0.16	0.16	0	
21/02/2012 08:18:09	TASTEGGIO	0	1	6000	45980	82528	102	0	0.16	0.16	0	
21/02/2012 08:18:30	TASTEGGIO	0	2	6000	45980	82527	134	-1	0.15	0.15	0	
21/02/2012 08:18:52	TASTEGGIO	0	3	6000	45980	82527	176	-5	0.10	0.10	0	
21/02/2012 08:19:03	TASTEGGIO	0	3	6000	45980	126851	176	-5	0.06	0.12	-44500	
21/02/2012 08:19:26	TASTEGGIO	1	0	6000	45980	171256	80	-3	0.11	0.11	0	
21/02/2012 08:19:47	TASTEGGIO	0	1	6000	45980	171265	90	0	0.09	0.09	0	
21/02/2012 08:19:57	TASTEGGIO	0	1	6000	45980	126982	90	0	0.05	0.11	82800	
21/02/2012 08:20:19	TASTEGGIO	1	0	6000	45980	44225	78	0	0.11	0.11	0	
21/02/2012 08:20:35	TASTEGGIO	0	1	6000	45980	44225	89	-1	0.11	0.11	0	
21/02/2012 08:20:53	TASTEGGIO	0	2	6000	45980	44225	111	0	0.11	0.11	0	
21/02/2012 08:21:12	TASTEGGIO	0	3	6000	45980	44228	144	-1	0.11	0.11	0	
21/02/2012 08:21:31	TASTEGGIO	0	4	6000	45980	44229	188	-1	0.10	0.10	0	
21/02/2012 08:21:42	TASTEGGIO	0	4	6000	45980	126854	188	-1	0.04	0.10	82800	
21/02/2012 08:23:33	TASTEGGIO	0	4	6000	45980	126883	188	-1	0.49	0.83	82800	
21/02/2012 08:23:59	TASTEGGIO	1	0	6000	45980	44134	199	-12	0.86	0.86	0	
21/02/2012 08:24:21	TASTEGGIO	0	1	6000	45980	44135	288	-9	0.79	0.79	0	
21/02/2012 08:24:43	TASTEGGIO	0	2	6000	45980	44143	400	-50	0.29	0.29	0	
21/02/2012 08:24:59	TASTEGGIO	0	0	6000	45980	44136	108	0	0.30	0.30	0	
21/02/2012 08:25:17	TASTEGGIO	0	1	6000	45980	44130	139	0	0.30	0.30	0	
21/02/2012 08:25:35	TASTEGGIO	0	2	6000	45980	44133	199	0	0.30	0.30	0	
21/02/2012 08:25:55	TASTEGGIO	0	3	6000	45980	44134	289	0	0.30	0.30	0	
21/02/2012 08:26:17	TASTEGGIO	0	4	6000	45980	44134	400	-44	0.17	0.17	0	
21/02/2012 08:26:40	TASTEGGIO	0	1	6000	45980	44134	390	-131	1.18	1.18	0	
21/02/2012 08:26:54	TASTEGGIO	0	1	6000	45980	44134	0	-11	1.06	1.06	0	
21/02/2012 08:27:12	TASTEGGIO	0	2	6000	45980	44134	190	-6	1.00	1.00	0	
21/02/2012 08:27:35	TASTEGGIO	0	3	6000	45980	44134	400	-69	0.32	0.32	0	
21/02/2012 08:27:52	TASTEGGIO	0	0	6000	45980	44134	113	-1	0.32	0.32	0	
21/02/2012 08:28:10	TASTEGGIO	0	1	6000	45980	44134	145	0	0.33	0.33	0	
21/02/2012 08:28:29	TASTEGGIO	0	2	6000	45980	44134	213	-1	0.31	0.31	0	
21/02/2012 08:28:51	TASTEGGIO	0	3	6000	45980	44134	300	-2	0.30	0.30	0	
21/02/2012 08:29:14	TASTEGGIO	0	4	6000	45980	44134	400	-39	0.07	0.07	0	
21/02/2012 08:29:26	TASTEGGIO	0	4	6000	45980	126745	400	-39	0.06	0.27	-82000	
21/02/2012 08:29:49	TASTEGGIO	1	0	6000	45980	208683	105	-6	0.21	0.21	0	
21/02/2012 08:30:08	TASTEGGIO	0	1	6000	45980	208693	121	-5	0.17	0.17	0	
21/02/2012 08:30:29	TASTEGGIO	0	2	6000	45980	208699	148	-9	0.11	0.11	0	
21/02/2012 08:30:40	TASTEGGIO	0	2	6000	45980	126876	148	-9	0.16	0.16	0	
21/02/2012 08:31:03	TASTEGGIO	1	0	6000	45980	126881	86	-10	0.07	0.07	0	
21/02/2012 08:31:11	TASTEGGIO	1	0	6000	45980	126872	86	-10	0.08	0.13	-82000	
21/02/2012 08:31:35	TASTEGGIO	1	0	6000	45980	208803	81	0	0.12	0.12	0	
21/02/2012 08:31:53	TASTEGGIO	0	1	6000	45980	208812	92	-1	0.12	0.12	0	
21/02/2012 08:32:12	TASTEGGIO	0	2	6000	45980	208813	116	-1	0.11	0.11	0	
21/02/2012 08:32:32	TASTEGGIO	0	3	6000	45980	208813	146	-3	0.08	0.08	0	
21/02/2012 08:32:44	TASTEGGIO	0	3	6000	45980	126881	146	-3	0.10	0.10	0	
21/02/2012 08:34:35	TASTEGGIO	0	3	6000	45980	126979	146	-3	0.95	1.22	-44500	
21/02/2012 08:35:02	TASTEGGIO	1	0	6000	45980	171393	265	-49	0.74	0.74	0	
21/02/2012 08:35:25	TASTEGGIO	0	1	6000	45980	171395	309	-117	0.43	0.43	0	
21/02/2012 08:35:48	TASTEGGIO	0	1	6000	45980	171396	284	-260	2.14	2.14	0	
21/02/2012 08:36:01	TASTEGGIO	0	1	6000	45980	171403	0	-16	1.95	1.95	0	
21/02/2012 08:36:24	TASTEGGIO	0	2	6000	45980	171413	355	-139	0.57	0.57	0	
21/02/2012 08:36:43	TASTEGGIO	0	0	6000	45980	171413	155	0	0.56	0.56	0	
21/02/2012 08:37:03	TASTEGGIO	0	1	6000	45980	171413	210	-8	0.46	0.46	0	
21/02/2012 08:37:27	TASTEGGIO	0	2	6000	45980	171413	285	-92	0.46	0.46	0	
21/02/2012 08:37:49	TASTEGGIO	0	1	6000	45980	171413	239	-172	1.26	1.26	0	
21/02/2012 08:38:03	TASTEGGIO	0	1	6000	45980	171413	0	-10	1.14	1.14	0	
21/02/2012 08:38:23	TASTEGGIO	0	2	6000	45980	171413	206	-46	0.68	0.68	0	
21/02/2012 08:38:45	TASTEGGIO	0	3	6000	45980	171413	276	-95	0.31	0.31	0	
21/02/2012 08:39:08	TASTEGGIO	0	1	6000	45980	171413	261	-101	1.23	1.23	0	
21/02/2012 08:39:21	TASTEGGIO	0	1	6000	45980	171413	0	-22	0.98	0.98	0	
21/02/2012 08:39:37	ALARM 18	proc 1 prog 2 step 5	Tondo Non Presente Su Carrello 1
21/02/2012 08:56:49	ALARM 203		err.6058
21/02/2012 08:58:35	TASTEGGIO	0	2	6000	45980	126985	110	-27	0.47	0.68	-44500	
21/02/2012 08:59:00	TASTEGGIO	1	0	6000	45980	171381	174	-74	0.08	0.08	0	
21/02/2012 08:59:10	TASTEGGIO	1	0	6000	45980	126994	174	-74	0.10	0.37	-82000	
21/02/2012 08:59:36	TASTEGGIO	1	0	6000	45980	208923	122	-6	0.35	0.35	0	
21/02/2012 08:59:56	TASTEGGIO	0	1	6000	45980	208933	155	-5	0.29	0.29	0	
21/02/2012 09:00:18	TASTEGGIO	0	2	6000	45980	208940	203	-12	0.19	0.19	0	
21/02/2012 09:00:40	TASTEGGIO	0	3	6000	45980	208941	224	-18	0.02	0.02	0	
21/02/2012 09:00:51	TASTEGGIO	0	3	6000	45980	126982	224	-18	0.19	0.26	24500	
21/02/2012 09:01:16	TASTEGGIO	1	0	6000	45980	102540	103	-5	0.19	0.19	0	
21/02/2012 09:01:36	TASTEGGIO	0	1	6000	45980	102539	116	-6	0.11	0.11	0	
21/02/2012 09:01:46	TASTEGGIO	0	1	6000	45980	126846	116	-6	0.07	0.17	-44500	
21/02/2012 09:02:10	TASTEGGIO	1	0	6000	45980	171262	88	-14	0.03	0.03	0	
21/02/2012 09:02:21	TASTEGGIO	1	0	6000	45980	126975	88	-14	0.04	0.15	-82000	
21/02/2012 09:02:45	TASTEGGIO	1	0	6000	45980	208918	85	-2	0.13	0.13	0	
21/02/2012 09:02:57	TASTEGGIO	1	0	6000	45980	126986	85	-2	0.02	0.13	-82000	
21/02/2012 09:04:48	TASTEGGIO	1	0	6000	45980	126882	85	-2	0.37	0.48	24500	
21/02/2012 09:05:12	TASTEGGIO	1	0	6000	45980	102449	140	0	0.44	0.44	0	
21/02/2012 09:05:33	TASTEGGIO	0	1	6000	45980	102436	180	-4	0.38	0.38	0	
21/02/2012 09:05:57	TASTEGGIO	0	2	6000	45980	102435	245	-33	0.06	0.06	0	
21/02/2012 09:06:07	TASTEGGIO	0	2	6000	45980	126748	245	-33	0.05	0.12	44500	
21/02/2012 09:07:58	TASTEGGIO	0	2	6000	45980	126881	245	-33	0.19	0.31	-82000	
21/02/2012 09:08:21	TASTEGGIO	1	0	6000	45980	208820	112	-2	0.28	0.28	0	
21/02/2012 09:08:42	TASTEGGIO	0	1	6000	45980	208821	137	-2	0.26	0.26	0	
21/02/2012 09:09:02	TASTEGGIO	0	2	6000	45980	208822	185	-12	0.15	0.15	0	
21/02/2012 09:09:23	TASTEGGIO	0	3	6000	45980	208822	199	-14	0.07	0.07	0	
21/02/2012 09:09:35	TASTEGGIO	0	3	6000	45980	126884	199	-14	0.04	0.10	24500	
21/02/2012 09:11:25	TASTEGGIO	0	3	6000	45980	126990	199	-14	0.29	0.29	0	
21/02/2012 09:11:48	TASTEGGIO	1	0	6000	45980	126998	108	-14	0.15	0.15	0	
21/02/2012 09:12:08	TASTEGGIO	0	1	6000	45980	126998	115	-14	0.04	0.04	0	
21/02/2012 09:12:16	TASTEGGIO	0	1	6000	45980	126980	115	-14	0.04	0.13	-82000	
21/02/2012 09:14:07	TASTEGGIO	0	1	6000	45980	126888	115	-14	0.09	0.16	82800	
21/02/2012 09:14:29	TASTEGGIO	1	0	6000	45980	44135	86	-2	0.16	0.16	0	
21/02/2012 09:14:46	TASTEGGIO	0	1	6000	45980	44134	102	0	0.15	0.15	0	
21/02/2012 09:15:04	TASTEGGIO	0	2	6000	45980	44134	130	-1	0.15	0.15	0	
21/02/2012 09:15:22	TASTEGGIO	0	3	6000	45980	44132	175	-4	0.13	0.13	0	
21/02/2012 09:15:34	TASTEGGIO	0	3	6000	45980	126750	175	-4	0.07	0.14	82800	
21/02/2012 09:16:32	ALARM 17	proc 12 prog 10 step 47	LavoroTerminato
21/02/2012 09:36:30	TASTEGGIO	0	3	8000	53820	117726	175	-4	0.89	0.94	24500	
21/02/2012 09:36:56	TASTEGGIO	1	0	8000	53820	93285	400	-71	0.26	0.26	0	
21/02/2012 09:37:17	TASTEGGIO	0	0	8000	53820	93285	265	-10	0.18	0.18	0	
21/02/2012 09:37:40	TASTEGGIO	0	1	8000	53820	93281	277	-1	0.18	0.18	0	
21/02/2012 09:38:03	TASTEGGIO	0	2	8000	53820	93278	313	-3	0.15	0.15	0	
21/02/2012 09:38:25	TASTEGGIO	0	3	8000	53820	93268	350	-16	0.04	0.04	0	
21/02/2012 09:38:36	TASTEGGIO	0	3	8000	53820	117553	350	-16	0.05	0.18	-44500	
21/02/2012 09:39:01	TASTEGGIO	1	0	8000	53820	161940	245	-32	0.15	0.15	0	
21/02/2012 09:39:21	TASTEGGIO	0	1	8000	53820	161956	232	-34	0.18	0.18	0	
21/02/2012 09:39:42	TASTEGGIO	0	1	8000	53820	161975	210	-17	0.07	0.07	0	
21/02/2012 09:39:53	TASTEGGIO	0	1	8000	53820	117653	210	-17	0.04	0.07	44500	
21/02/2012 09:41:42	TASTEGGIO	0	1	8000	53820	117723	210	-17	2.40	2.40	0	
21/02/2012 09:42:06	TASTEGGIO	1	0	8000	53820	117744	400	-16	2.23	2.23	0	
21/02/2012 09:42:27	TASTEGGIO	0	1	8000	53820	117744	400	-5	2.18	2.18	0	
21/02/2012 09:42:29	ALARM 401		
21/02/2012 09:42:31	ALARM 205		err.6058
21/02/2012 09:42:41	TASTEGGIO	0	1	8000	53820	117743	400	-5	2.17	2.17	0	
21/02/2012 09:43:04	TASTEGGIO	1	0	8000	53820	117744	450	-26	1.93	1.93	0	
21/02/2012 09:43:27	TASTEGGIO	0	1	8000	53820	117743	450	-16	1.76	1.76	0	
21/02/2012 09:43:52	TASTEGGIO	0	2	8000	53820	117744	450	-14	1.64	1.64	0	
21/02/2012 09:44:15	TASTEGGIO	0	3	8000	53820	117744	450	-11	1.53	1.53	0	
21/02/2012 09:44:39	TASTEGGIO	0	4	8000	53820	117743	480	-25	1.28	1.28	0	
21/02/2012 09:45:03	TASTEGGIO	0	5	8000	53820	117744	480	-24	1.05	1.05	0	
21/02/2012 09:45:28	TASTEGGIO	0	6	8000	53820	117743	480	-25	0.83	0.83	0	
21/02/2012 09:45:52	TASTEGGIO	0	7	8000	53820	117743	480	-34	0.50	0.50	0	
21/02/2012 09:46:17	TASTEGGIO	0	8	8000	53820	117744	480	-38	0.27	0.27	0	
21/02/2012 09:46:41	TASTEGGIO	0	9	8000	53820	117743	480	-100	0.79	0.79	0	
21/02/2012 09:47:03	TASTEGGIO	0	1	8000	53820	117744	248	-48	0.37	0.37	0	
21/02/2012 09:47:25	TASTEGGIO	0	0	8000	53820	117744	293	-38	0.15	0.15	0	
21/02/2012 09:47:48	TASTEGGIO	0	1	8000	53820	117744	286	-5	0.10	0.10	0	
21/02/2012 09:47:52	TASTEGGIO	0	1	8000	53820	117744	286	-5	0.10	0.10	0	
21/02/2012 09:48:16	TASTEGGIO	1	0	8000	53820	117744	225	-47	0.57	0.57	0	
21/02/2012 09:48:30	TASTEGGIO	0	1	8000	53820	117744	0	-2	0.55	0.55	0	
21/02/2012 09:48:46	TASTEGGIO	0	2	8000	53820	117744	106	0	0.55	0.55	0	
21/02/2012 09:49:07	TASTEGGIO	0	3	8000	53820	117743	271	-6	0.50	0.50	0	
21/02/2012 09:49:32	TASTEGGIO	0	4	8000	53820	117744	452	-35	0.13	0.13	0	
21/02/2012 09:49:55	TASTEGGIO	0	0	8000	53820	117743	232	0	0.14	0.14	0	
21/02/2012 09:50:16	TASTEGGIO	0	1	8000	53820	117744	247	0	0.14	0.14	0	
21/02/2012 09:50:39	TASTEGGIO	0	2	8000	53820	117744	275	0	0.13	0.13	0	
21/02/2012 09:51:01	TASTEGGIO	0	3	8000	53820	117744	311	-1	0.13	0.13	0	
21/02/2012 09:51:26	TASTEGGIO	0	4	8000	53820	117743	363	-5	0.13	0.13	0	
21/02/2012 09:51:49	TASTEGGIO	0	5	8000	53820	117743	428	-31	0.23	0.23	0	
21/02/2012 09:51:56	ALARM 401		
21/02/2012 09:51:59	ALARM 203		err.6058
21/02/2012 09:52:13	TASTEGGIO	0	1	8000	53821	117693	387	0	0.20	0.69	44500	
21/02/2012 09:52:40	TASTEGGIO	1	0	8000	53821	73264	373	-56	0.18	0.18	0	
21/02/2012 09:53:01	TASTEGGIO	0	0	8000	53821	73265	245	-5	0.13	0.13	0	
21/02/2012 09:53:11	TASTEGGIO	0	0	8000	53821	117552	245	-5	0.38	0.56	-44500	
21/02/2012 09:53:37	TASTEGGIO	1	0	8000	53821	161936	341	-66	0.15	0.15	0	
21/02/2012 09:53:42	ALARM 401		
21/02/2012 09:53:48	ALARM 401		
21/02/2012 09:53:49	ALARM 401		
21/02/2012 09:53:50	ALARM 401		
21/02/2012 09:53:52	ALARM 401		
21/02/2012 09:53:52	ALARM 401		
21/02/2012 09:53:53	ALARM 401		
21/02/2012 09:54:09	TASTEGGIO	0	1	8000	53821	117652	336	0	0.53	0.53	0	
21/02/2012 09:54:34	TASTEGGIO	1	0	8000	53821	117660	333	-89	0.40	0.40	0	
21/02/2012 09:54:57	TASTEGGIO	0	1	8000	53821	117660	302	-18	0.21	0.21	0	
21/02/2012 09:55:00	ALARM 401		
21/02/2012 09:55:02	ALARM 205		err.6058
21/02/2012 09:55:14	TASTEGGIO	0	1	8000	53821	117653	302	-18	0.21	0.54	44500	
21/02/2012 09:55:41	TASTEGGIO	1	0	8000	53821	73237	336	-8	0.45	0.45	0	
21/02/2012 09:56:05	TASTEGGIO	0	1	8000	53821	73233	373	-16	0.29	0.29	0	
21/02/2012 09:56:07	ALARM 401		
21/02/2012 09:56:10	ALARM 401		
21/02/2012 09:56:10	ALARM 401		
21/02/2012 09:56:13	ALARM 401		
21/02/2012 09:56:14	ALARM 401		
21/02/2012 09:56:30	TASTEGGIO	0	1	8000	53821	117551	373	-16	0.06	0.29	44500	
21/02/2012 09:56:55	TASTEGGIO	1	0	8000	53821	73136	273	-1	0.28	0.28	0	
21/02/2012 09:57:17	TASTEGGIO	0	1	8000	53821	73132	300	-1	0.27	0.27	0	
21/02/2012 09:57:40	TASTEGGIO	0	2	8000	53821	73127	352	-4	0.24	0.24	0	
21/02/2012 09:58:03	TASTEGGIO	0	3	8000	53821	73123	400	-26	0.05	0.05	0	
21/02/2012 09:58:14	TASTEGGIO	0	3	8000	53821	117552	400	-26	0.21	0.21	0	
21/02/2012 09:58:39	TASTEGGIO	1	0	8000	53821	117547	252	-41	0.23	0.23	0	
21/02/2012 09:59:01	TASTEGGIO	0	1	8000	53821	117547	226	-10	0.13	0.13	0	
21/02/2012 09:59:09	TASTEGGIO	0	1	8000	53821	117552	226	-10	0.14	0.22	44500	
21/02/2012 09:59:34	TASTEGGIO	1	0	8000	53821	73134	255	-1	0.24	0.24	0	
21/02/2012 09:59:55	TASTEGGIO	0	1	8000	53821	73129	281	-2	0.21	0.21	0	
21/02/2012 10:00:18	TASTEGGIO	0	2	8000	53821	73126	317	-1	0.19	0.19	0	
21/02/2012 10:00:40	TASTEGGIO	0	3	8000	53821	73122	368	-4	0.16	0.16	0	
21/02/2012 10:01:04	TASTEGGIO	0	4	8000	53821	73120	400	-15	0.06	0.06	0	
21/02/2012 10:01:15	TASTEGGIO	0	4	8000	53821	117552	400	-15	0.01	0.22	-44500	
21/02/2012 10:01:41	TASTEGGIO	1	0	8000	53821	161935	255	-24	0.17	0.17	0	
21/02/2012 10:02:02	TASTEGGIO	0	1	8000	53821	161956	241	-8	0.10	0.10	0	
21/02/2012 10:02:13	TASTEGGIO	0	1	8000	53821	117663	241	-8	0.08	0.10	-44500	
21/02/2012 10:04:01	TASTEGGIO	0	1	8000	53820	117617	241	-8	1.26	1.31	24500	
21/02/2012 10:04:27	TASTEGGIO	1	0	8000	53820	93168	400	-46	0.84	0.84	0	
21/02/2012 10:04:49	TASTEGGIO	0	1	8000	53820	93165	400	-27	0.57	0.57	0	
21/02/2012 10:05:13	TASTEGGIO	0	2	8000	53820	93166	400	-21	0.41	0.41	0	
21/02/2012 10:05:37	TASTEGGIO	0	3	8000	53820	93165	400	-34	0.16	0.16	0	
21/02/2012 10:05:59	TASTEGGIO	0	0	8000	53820	93164	240	-2	0.15	0.15	0	
21/02/2012 10:06:20	TASTEGGIO	0	1	8000	53820	93164	254	0	0.15	0.15	0	
21/02/2012 10:06:43	TASTEGGIO	0	2	8000	53820	93163	284	-1	0.14	0.14	0	
21/02/2012 10:06:54	TASTEGGIO	0	2	8000	53820	117461	284	-1	0.24	0.69	-44500	
21/02/2012 10:07:21	TASTEGGIO	1	0	8000	53820	161840	373	-76	0.19	0.19	0	
21/02/2012 10:07:43	TASTEGGIO	0	1	8000	53820	161863	367	-108	0.83	0.83	0	
21/02/2012 10:07:58	TASTEGGIO	0	1	8000	53820	161866	4	-5	0.80	0.80	0	
21/02/2012 10:08:17	TASTEGGIO	0	2	8000	53820	161880	158	-3	0.76	0.76	0	
21/02/2012 10:08:39	TASTEGGIO	0	3	8000	53820	161890	374	-80	0.29	0.29	0	
21/02/2012 10:09:01	TASTEGGIO	0	1	8000	53820	161898	362	-45	0.24	0.24	0	
21/02/2012 10:09:24	TASTEGGIO	0	1	8000	53820	161898	342	-95	0.69	0.69	0	
21/02/2012 10:09:42	TASTEGGIO	0	1	8000	53820	161898	143	-6	0.63	0.63	0	
21/02/2012 10:10:04	TASTEGGIO	0	2	8000	53820	161898	258	-12	0.51	0.51	0	
21/02/2012 10:10:27	TASTEGGIO	0	3	8000	53820	161898	381	-38	0.13	0.13	0	
21/02/2012 10:10:38	TASTEGGIO	0	3	8000	53820	117573	381	-38	0.18	0.20	44500	
21/02/2012 10:11:04	TASTEGGIO	1	0	8000	53820	73157	250	-11	0.09	0.09	0	
21/02/2012 10:11:15	TASTEGGIO	1	0	8000	53820	117454	250	-11	0.17	0.18	24500	
21/02/2012 10:11:40	TASTEGGIO	1	0	8000	53820	93003	245	-35	0.17	0.17	0	
21/02/2012 10:12:01	TASTEGGIO	0	1	8000	53820	93001	228	-5	0.12	0.12	0	
21/02/2012 10:12:12	TASTEGGIO	0	1	8000	53820	117455	228	-5	0.09	0.28	-44500	
21/02/2012 10:12:37	TASTEGGIO	1	0	8000	53820	161828	270	-2	0.25	0.25	0	
21/02/2012 10:12:58	TASTEGGIO	0	1	8000	53820	161836	292	-1	0.25	0.25	0	
21/02/2012 10:13:21	TASTEGGIO	0	2	8000	53820	161847	342	-3	0.22	0.22	0	
21/02/2012 10:13:43	TASTEGGIO	0	3	8000	53820	161855	400	-28	0.06	0.06	0	
21/02/2012 10:13:54	TASTEGGIO	0	3	8000	53820	117550	400	-28	0.15	0.15	0	
21/02/2012 10:14:19	TASTEGGIO	1	0	8000	53820	117562	237	-33	0.17	0.17	0	
21/02/2012 10:14:40	TASTEGGIO	0	1	8000	53820	117562	217	-16	0.02	0.02	0	
21/02/2012 10:14:48	TASTEGGIO	0	1	8000	53820	117551	217	-16	0.02	0.25	44500	
21/02/2012 10:15:13	TASTEGGIO	1	0	8000	53820	73131	263	-12	0.14	0.14	0	
21/02/2012 10:15:24	TASTEGGIO	1	0	8000	53820	117456	263	-12	0.06	0.15	44500	
21/02/2012 10:15:48	TASTEGGIO	1	0	8000	53820	73044	237	-1	0.14	0.14	0	
21/02/2012 10:15:58	TASTEGGIO	1	0	8000	53820	117455	237	-1	0.06	0.14	44500	
21/02/2012 10:16:23	TASTEGGIO	1	0	8000	53820	73036	235	-1	0.14	0.14	0	
21/02/2012 10:16:34	TASTEGGIO	1	0	8000	53820	117453	235	-1	0.07	0.14	44500	
21/02/2012 10:18:23	TASTEGGIO	1	0	8000	53820	117809	235	-1	0.50	0.52	24500	
21/02/2012 10:18:50	TASTEGGIO	1	0	8000	53820	93358	331	-59	0.16	0.16	0	
21/02/2012 10:19:14	TASTEGGIO	0	1	8000	53820	93358	326	-85	0.89	0.89	0	
21/02/2012 10:19:28	TASTEGGIO	0	1	8000	53820	93358	0	-3	0.86	0.86	0	
21/02/2012 10:19:47	TASTEGGIO	0	2	8000	53820	93358	166	-2	0.82	0.82	0	
21/02/2012 10:20:09	TASTEGGIO	0	3	8000	53820	93355	400	-73	0.11	0.11	0	
21/02/2012 10:20:20	TASTEGGIO	0	3	8000	53820	117657	400	-73	0.17	0.26	-44500	
21/02/2012 10:20:46	TASTEGGIO	1	0	8000	53820	162044	265	-44	0.19	0.19	0	
21/02/2012 10:21:07	TASTEGGIO	0	1	8000	53820	162064	251	-41	0.17	0.17	0	
21/02/2012 10:21:29	TASTEGGIO	0	1	8000	53820	162084	235	-14	0.09	0.09	0	
21/02/2012 10:21:40	TASTEGGIO	0	1	8000	53820	117750	235	-14	0.23	0.23	0	
21/02/2012 10:22:04	TASTEGGIO	1	0	8000	53820	117759	257	-35	0.10	0.10	0	
21/02/2012 10:22:12	TASTEGGIO	1	0	8000	53820	117750	257	-35	0.11	0.31	-44500	
21/02/2012 10:22:38	TASTEGGIO	1	0	8000	53820	162146	278	-19	0.11	0.11	0	
21/02/2012 10:22:49	TASTEGGIO	1	0	8000	53820	117750	278	-19	0.07	0.19	44500	
21/02/2012 10:23:15	TASTEGGIO	1	0	8000	53820	73319	247	-12	0.06	0.06	0	
21/02/2012 10:23:26	TASTEGGIO	1	0	8000	53820	117655	247	-12	0.17	0.17	0	
21/02/2012 10:23:51	TASTEGGIO	1	0	8000	53820	117651	242	-16	0.12	0.12	0	
21/02/2012 10:23:59	TASTEGGIO	1	0	8000	53820	117655	242	-16	0.10	0.16	44500	
21/02/2012 10:24:25	TASTEGGIO	1	0	8000	53820	73229	240	-2	0.11	0.11	0	
21/02/2012 10:24:36	TASTEGGIO	1	0	8000	53820	117657	240	-2	0.10	0.13	44500	
21/02/2012 10:26:24	TASTEGGIO	1	0	8000	53820	117809	240	-2	0.62	0.64	24500	
21/02/2012 10:26:50	TASTEGGIO	1	0	8000	53820	93360	361	-61	0.21	0.21	0	
21/02/2012 10:27:11	TASTEGGIO	0	0	8000	53820	93358	252	-20	0.03	0.03	0	
21/02/2012 10:27:22	TASTEGGIO	0	0	8000	53820	117657	252	-20	0.12	0.28	-44500	
21/02/2012 10:27:47	TASTEGGIO	1	0	8000	53820	162033	270	-40	0.16	0.16	0	
21/02/2012 10:28:09	TASTEGGIO	0	1	8000	53820	162054	260	-44	0.26	0.26	0	
21/02/2012 10:28:30	TASTEGGIO	0	1	8000	53820	162073	217	-19	0.09	0.09	0	
21/02/2012 10:28:41	TASTEGGIO	0	1	8000	53820	117750	217	-19	0.08	0.11	24500	
21/02/2012 10:29:06	TASTEGGIO	1	0	8000	53820	93297	227	-25	0.13	0.13	0	
21/02/2012 10:29:27	TASTEGGIO	0	1	8000	53820	93296	211	-5	0.09	0.09	0	
21/02/2012 10:29:37	TASTEGGIO	0	1	8000	53820	117656	211	-5	0.10	0.18	-44500	
21/02/2012 10:30:03	TASTEGGIO	1	0	8000	53820	162050	245	-7	0.13	0.13	0	
21/02/2012 10:30:14	TASTEGGIO	1	0	8000	53820	117747	245	-7	0.07	0.14	44500	
21/02/2012 10:30:39	TASTEGGIO	1	0	8000	53820	73309	235	-8	0.07	0.07	0	
21/02/2012 10:30:50	TASTEGGIO	1	0	8000	53820	117650	235	-8	0.03	0.09	-44500	
21/02/2012 10:32:38	TASTEGGIO	1	0	8000	53820	117810	235	-8	0.24	0.35	44500	
21/02/2012 10:33:05	TASTEGGIO	1	0	8000	53820	73376	288	-24	0.15	0.15	0	
21/02/2012 10:33:25	TASTEGGIO	0	0	8000	53820	73373	237	-5	0.12	0.12	0	
21/02/2012 10:33:36	TASTEGGIO	0	0	8000	53820	117658	237	-5	0.04	0.11	24500	
21/02/2012 10:35:24	TASTEGGIO	0	0	8000	53820	117710	237	-5	1.22	1.23	24500	
21/02/2012 10:35:51	TASTEGGIO	1	0	8000	53820	93255	400	-56	0.69	0.69	0	
21/02/2012 10:36:14	TASTEGGIO	0	1	8000	53820	93254	400	-37	0.33	0.33	0	
21/02/2012 10:36:37	TASTEGGIO	0	0	8000	53820	93253	283	0	0.32	0.32	0	
21/02/2012 10:37:00	TASTEGGIO	0	1	8000	53820	93252	314	-1	0.31	0.31	0	
21/02/2012 10:37:22	TASTEGGIO	0	2	8000	53820	93254	374	-10	0.21	0.21	0	
21/02/2012 10:37:46	TASTEGGIO	0	3	8000	53820	93253	398	-25	0.19	0.19	0	
21/02/2012 10:38:10	TASTEGGIO	0	1	8000	53820	93253	380	-105	0.87	0.87	0	
21/02/2012 10:38:24	TASTEGGIO	0	1	8000	53820	93253	0	-4	0.80	0.80	0	
21/02/2012 10:38:40	TASTEGGIO	0	2	8000	53820	93253	147	0	0.78	0.78	0	
21/02/2012 10:39:02	TASTEGGIO	0	3	8000	53820	93253	375	-67	0.21	0.21	0	
21/02/2012 10:39:24	TASTEGGIO	0	0	8000	53820	93253	252	0	0.24	0.24	0	
21/02/2012 10:39:45	TASTEGGIO	0	1	8000	53820	93253	279	-1	0.23	0.23	0	
21/02/2012 10:40:09	TASTEGGIO	0	2	8000	53820	93253	323	-4	0.14	0.14	0	
21/02/2012 10:40:19	TASTEGGIO	0	2	8000	53820	117555	323	-4	0.28	0.40	-44500	
21/02/2012 10:40:45	TASTEGGIO	1	0	8000	53820	161936	300	-50	0.21	0.21	0	
21/02/2012 10:41:07	TASTEGGIO	0	1	8000	53820	161946	288	-59	0.34	0.34	0	
21/02/2012 10:41:28	TASTEGGIO	0	1	8000	53820	161957	232	-18	0.19	0.19	0	
21/02/2012 10:41:49	TASTEGGIO	0	2	8000	53820	161967	247	-7	0.12	0.12	0	
21/02/2012 10:42:00	TASTEGGIO	0	2	8000	53820	117658	247	-7	0.09	0.12	44500	
21/02/2012 10:43:49	TASTEGGIO	0	2	8000	53820	117714	247	-7	0.39	0.48	-24500	
21/02/2012 10:44:15	TASTEGGIO	1	0	8000	53820	142138	321	-60	0.19	0.19	0	
21/02/2012 10:44:38	TASTEGGIO	0	1	8000	53820	142154	313	-83	0.62	0.62	0	
21/02/2012 10:44:54	TASTEGGIO	0	1	8000	53820	142157	110	-3	0.58	0.58	0	
21/02/2012 10:45:14	TASTEGGIO	0	2	8000	53820	142169	218	-9	0.46	0.46	0	
21/02/2012 10:45:37	TASTEGGIO	0	3	8000	53820	142171	281	-26	0.25	0.25	0	
21/02/2012 10:46:00	TASTEGGIO	0	4	8000	53820	142173	308	-26	0.17	0.17	0	
21/02/2012 10:46:22	TASTEGGIO	0	1	8000	53820	142173	296	-34	0.18	0.18	0	
21/02/2012 10:46:45	TASTEGGIO	0	1	8000	53820	142173	276	-44	0.28	0.28	0	
21/02/2012 10:47:07	TASTEGGIO	0	1	8000	53820	142173	232	-9	0.18	0.18	0	
21/02/2012 10:47:28	TASTEGGIO	0	2	8000	53820	142173	248	-5	0.15	0.15	0	
21/02/2012 10:47:51	TASTEGGIO	0	3	8000	53820	142173	285	-7	0.08	0.08	0	
21/02/2012 10:48:02	TASTEGGIO	0	3	8000	53820	117691	285	-7	0.08	0.29	44500	
21/02/2012 10:48:26	TASTEGGIO	1	0	8000	53820	73261	273	-24	0.07	0.07	0	
21/02/2012 10:48:37	TASTEGGIO	1	0	8000	53820	117552	273	-24	0.15	0.26	-44500	
21/02/2012 10:49:03	TASTEGGIO	1	0	8000	53820	161942	265	-26	0.04	0.04	0	
21/02/2012 10:49:14	TASTEGGIO	1	0	8000	53820	117658	265	-26	0.04	0.14	44500	
21/02/2012 10:49:39	TASTEGGIO	1	0	8000	53820	73228	235	-2	0.13	0.13	0	
21/02/2012 10:50:00	TASTEGGIO	0	1	8000	53820	73223	247	-2	0.09	0.09	0	
21/02/2012 10:50:11	TASTEGGIO	0	1	8000	53820	117552	247	-2	0.04	0.11	44500	
21/02/2012 10:52:00	TASTEGGIO	0	1	8000	53820	117715	247	-2	0.77	1.00	24500	
21/02/2012 10:52:27	TASTEGGIO	1	0	8000	53820	93259	400	-76	0.26	0.26	0	
21/02/2012 10:52:49	TASTEGGIO	0	0	8000	53820	93258	265	-8	0.19	0.19	0	
21/02/2012 10:53:12	TASTEGGIO	0	1	8000	53820	93257	278	0	0.20	0.20	0	
21/02/2012 10:53:36	TASTEGGIO	0	2	8000	53820	93257	320	-5	0.13	0.13	0	
21/02/2012 10:53:46	TASTEGGIO	0	2	8000	53820	117552	320	-5	0.04	0.15	24500	
21/02/2012 10:54:12	TASTEGGIO	1	0	8000	53820	93103	237	2	0.13	0.13	0	
21/02/2012 10:54:22	TASTEGGIO	1	0	8000	53820	117548	237	2	0.04	0.14	24500	
21/02/2012 10:54:48	TASTEGGIO	1	0	8000	53820	93092	235	0	0.14	0.14	0	
21/02/2012 10:55:09	TASTEGGIO	0	1	8000	53820	93093	249	-2	0.12	0.12	0	
21/02/2012 10:55:19	TASTEGGIO	0	1	8000	53820	117552	249	-2	0.06	0.13	24500	
21/02/2012 10:55:44	TASTEGGIO	1	0	8000	53820	93093	232	-1	0.11	0.11	0	
21/02/2012 10:55:55	TASTEGGIO	1	0	8000	53820	117552	232	-1	0.05	0.14	24500	
21/02/2012 10:56:20	TASTEGGIO	1	0	8000	53820	93097	235	0	0.13	0.13	0	
21/02/2012 10:56:43	TASTEGGIO	0	1	8000	53820	93095	247	0	0.13	0.13	0	
21/02/2012 10:57:05	TASTEGGIO	0	2	8000	53820	93093	273	-2	0.15	0.15	0	
21/02/2012 10:57:28	TASTEGGIO	0	3	8000	53820	93093	324	-11	0.03	0.03	0	
21/02/2012 10:57:39	TASTEGGIO	0	3	8000	53820	117551	324	-11	0.08	0.15	-24500	
21/02/2012 10:58:05	TASTEGGIO	1	0	8000	53820	141997	237	-38	0.24	0.24	0	
21/02/2012 10:58:26	TASTEGGIO	0	1	8000	53820	142008	198	-14	0.11	0.11	0	
21/02/2012 10:58:36	TASTEGGIO	0	1	8000	53820	117650	198	-14	0.15	0.22	-44500	
21/02/2012 10:59:01	TASTEGGIO	1	0	8000	53820	162031	255	-24	0.05	0.05	0	
21/02/2012 10:59:12	TASTEGGIO	1	0	8000	53820	117651	255	-24	0.04	0.10	-24500	
21/02/2012 11:00:59	TASTEGGIO	1	0	8000	53820	117723	255	-24	0.16	0.22	-24500	
21/02/2012 11:01:26	TASTEGGIO	1	0	8000	53820	142157	255	-39	0.18	0.18	0	
21/02/2012 11:01:48	TASTEGGIO	0	1	8000	53820	142167	240	-39	0.19	0.19	0	
21/02/2012 11:02:10	TASTEGGIO	0	1	8000	53820	142180	219	-14	0.09	0.09	0	
21/02/2012 11:02:20	TASTEGGIO	0	1	8000	53820	117692	219	-14	0.07	0.14	44500	
21/02/2012 11:02:45	TASTEGGIO	1	0	8000	53820	73262	235	-16	0.09	0.09	0	
21/02/2012 11:02:56	TASTEGGIO	1	0	8000	53820	117552	235	-16	0.18	0.20	-24500	
21/02/2012 11:03:22	TASTEGGIO	1	0	8000	53820	142003	250	-11	0.09	0.09	0	
21/02/2012 11:03:33	TASTEGGIO	1	0	8000	53820	117655	250	-11	0.08	0.09	-44500	
21/02/2012 11:05:22	TASTEGGIO	1	0	8000	53820	117713	250	-11	0.39	0.42	24500	
21/02/2012 11:05:48	TASTEGGIO	1	0	8000	53820	93257	305	-40	0.09	0.09	0	
21/02/2012 11:05:58	TASTEGGIO	1	0	8000	53820	117553	305	-40	0.10	0.11	-44500	
21/02/2012 11:07:47	TASTEGGIO	1	0	8000	53820	117709	305	-40	1.30	1.56	44500	
21/02/2012 11:08:13	TASTEGGIO	1	0	8000	53820	73269	400	-31	1.30	1.30	0	
21/02/2012 11:08:35	TASTEGGIO	0	1	8000	53820	73268	400	-11	1.17	1.17	0	
21/02/2012 11:08:59	TASTEGGIO	0	2	8000	53820	73266	400	-8	1.12	1.12	0	
21/02/2012 11:09:21	TASTEGGIO	0	3	8000	53820	73265	400	-7	1.03	1.03	0	
21/02/2012 11:09:44	TASTEGGIO	0	4	8000	53820	73264	400	-3	0.99	0.99	0	
21/02/2012 11:10:06	TASTEGGIO	0	5	8000	53820	73292	400	-2	1.00	1.00	0	
21/02/2012 11:10:29	TASTEGGIO	0	6	8000	53820	73292	400	-1	1.00	1.00	0	
21/02/2012 11:10:51	TASTEGGIO	0	7	8000	53820	73292	400	-1	0.97	0.97	0	
21/02/2012 11:11:14	TASTEGGIO	0	8	8000	53820	73292	400	1	0.97	0.97	0	
21/02/2012 11:11:36	TASTEGGIO	0	9	8000	53820	73292	400	0	0.98	0.98	0	
21/02/2012 11:11:58	TASTEGGIO	0	10	8000	53820	73292	400	-2	0.99	0.99	0	
21/02/2012 11:12:22	TASTEGGIO	0	11	8000	53820	73292	400	-2	0.96	0.96	0	
21/02/2012 11:12:44	TASTEGGIO	0	12	8000	53820	73292	400	-2	0.96	0.96	0	
21/02/2012 11:13:07	TASTEGGIO	0	13	8000	53820	73292	400	-3	0.98	0.98	0	
21/02/2012 11:13:29	TASTEGGIO	0	14	8000	53820	73292	400	-1	0.95	0.95	0	
21/02/2012 11:13:52	TASTEGGIO	0	15	8000	53820	73292	400	-1	0.95	0.95	0	
21/02/2012 11:14:14	TASTEGGIO	0	16	8000	53820	73292	400	-1	0.98	0.98	0	
21/02/2012 11:14:38	TASTEGGIO	0	17	8000	53820	73292	400	-1	0.95	0.95	0	
21/02/2012 11:15:00	TASTEGGIO	0	18	8000	53820	73292	400	-1	0.95	0.95	0	
21/02/2012 11:15:22	TASTEGGIO	0	19	8000	53820	73292	400	0	0.95	0.95	0	
21/02/2012 11:15:45	TASTEGGIO	0	20	8000	53820	73292	400	-2	0.93	0.93	0	
21/02/2012 11:16:07	TASTEGGIO	0	21	8000	53820	73292	400	-1	0.97	0.97	0	
21/02/2012 11:16:28	TASTEGGIO	0	22	8000	53820	73292	400	0	0.93	0.93	0	
21/02/2012 11:16:52	TASTEGGIO	0	23	8000	53820	73292	400	-2	0.93	0.93	0	
21/02/2012 11:17:14	TASTEGGIO	0	24	8000	53820	73292	400	0	0.93	0.93	0	
21/02/2012 11:17:37	TASTEGGIO	0	25	8000	53820	73292	400	0	0.91	0.91	0	
21/02/2012 11:17:59	TASTEGGIO	0	26	8000	53820	73292	400	0	0.91	0.91	0	
21/02/2012 11:18:18	ALARM 401		
21/02/2012 11:18:20	ALARM 401		
21/02/2012 11:18:21	ALARM 401		
21/02/2012 11:18:47	TASTEGGIO	0	27	8000	53820	73292	400	-2	0.91	0.91	0	
21/02/2012 11:19:12	TASTEGGIO	1	0	8000	53820	73292	429	-6	0.86	0.86	0	
21/02/2012 11:19:35	TASTEGGIO	0	1	8000	53820	73292	480	-34	0.56	0.56	0	
21/02/2012 11:19:58	TASTEGGIO	0	2	8000	53820	73292	480	-25	0.28	0.28	0	
21/02/2012 11:20:20	TASTEGGIO	0	0	8000	53820	73292	270	-1	0.29	0.29	0	
21/02/2012 11:20:41	TASTEGGIO	0	1	8000	53820	73292	300	0	0.29	0.29	0	
21/02/2012 11:21:04	TASTEGGIO	0	2	8000	53820	73292	358	-1	0.32	0.32	0	
21/02/2012 11:21:27	TASTEGGIO	0	3	8000	53820	73292	463	-9	0.20	0.20	0	
21/02/2012 11:21:51	TASTEGGIO	0	4	8000	53820	73292	480	-22	0.13	0.13	0	
21/02/2012 11:21:55	TASTEGGIO	0	4	8000	53820	73292	480	-22	0.12	0.12	0	
21/02/2012 11:22:18	TASTEGGIO	1	0	8000	53820	73292	230	-5	0.07	0.07	0	
21/02/2012 11:22:45	TASTEGGIO	1	0	8000	53821	117557	230	-5	0.18	0.21	-44500	
21/02/2012 11:23:11	TASTEGGIO	1	0	8000	53821	161957	252	-33	0.15	0.15	0	
21/02/2012 11:23:32	TASTEGGIO	0	1	8000	53821	161970	241	-39	0.22	0.22	0	
21/02/2012 11:23:53	TASTEGGIO	0	1	8000	53821	161989	208	-13	0.17	0.17	0	
21/02/2012 11:24:14	TASTEGGIO	0	2	8000	53821	162014	226	-5	0.08	0.08	0	
21/02/2012 11:24:25	TASTEGGIO	0	2	8000	53821	117664	226	-5	0.12	0.12	0	
21/02/2012 11:26:14	TASTEGGIO	0	2	8000	53820	117810	226	-5	0.85	0.86	24500	
21/02/2012 11:26:41	TASTEGGIO	1	0	8000	53820	93357	400	-78	0.25	0.25	0	
21/02/2012 11:27:03	TASTEGGIO	0	0	8000	53820	93356	263	-30	0.16	0.16	0	
21/02/2012 11:27:25	TASTEGGIO	0	1	8000	53820	93356	252	-7	0.09	0.09	0	
21/02/2012 11:27:35	TASTEGGIO	0	1	8000	53820	117660	252	-7	0.14	0.37	-44500	
21/02/2012 11:28:02	TASTEGGIO	1	0	8000	53820	162040	293	-47	0.12	0.12	0	
21/02/2012 11:28:13	TASTEGGIO	1	0	8000	53820	117766	293	-47	0.16	0.24	44500	
21/02/2012 11:28:39	TASTEGGIO	1	0	8000	53820	73337	260	-19	0.11	0.11	0	
21/02/2012 11:28:50	TASTEGGIO	1	0	8000	53820	117656	260	-19	0.05	0.13	44500	
21/02/2012 11:29:16	TASTEGGIO	1	0	8000	53820	73229	232	-6	0.06	0.06	0	
21/02/2012 11:29:27	TASTEGGIO	1	0	8000	53820	117641	232	-6	0.08	0.13	-44500	
21/02/2012 11:29:53	TASTEGGIO	1	0	8000	53820	162022	232	-16	0.06	0.06	0	
21/02/2012 11:30:04	TASTEGGIO	1	0	8000	53820	117753	232	-16	0.08	0.15	44500	
21/02/2012 11:30:30	TASTEGGIO	1	0	8000	53820	73319	237	-1	0.12	0.12	0	
21/02/2012 11:30:41	TASTEGGIO	1	0	8000	53820	117651	237	-1	0.07	0.14	44500	
21/02/2012 11:31:06	TASTEGGIO	1	0	8000	53820	73226	235	-1	0.12	0.12	0	
21/02/2012 11:31:17	TASTEGGIO	1	0	8000	53820	117649	235	-1	0.07	0.13	44500	
21/02/2012 11:31:42	TASTEGGIO	1	0	8000	53820	73217	232	1	0.12	0.12	0	
21/02/2012 11:31:53	TASTEGGIO	1	0	8000	53820	117647	232	1	0.11	0.13	44500	
21/02/2012 11:32:17	TASTEGGIO	1	0	8000	53820	73218	232	0	0.13	0.13	0	
21/02/2012 11:32:38	TASTEGGIO	0	1	8000	53820	73217	245	-1	0.15	0.15	0	
21/02/2012 11:32:59	TASTEGGIO	0	2	8000	53820	73214	279	-10	0.05	0.05	0	
21/02/2012 11:33:10	TASTEGGIO	0	2	8000	53820	117646	279	-10	0.10	0.10	24500	
21/02/2012 11:34:59	TASTEGGIO	0	2	8000	53820	117809	279	-10	1.00	1.12	24500	
21/02/2012 11:35:26	TASTEGGIO	1	0	8000	53820	93358	400	-69	0.48	0.48	0	
21/02/2012 11:35:48	TASTEGGIO	0	0	8000	53820	93356	321	-16	0.33	0.33	0	
21/02/2012 11:36:12	TASTEGGIO	0	1	8000	53820	93356	343	-11	0.23	0.23	0	
21/02/2012 11:36:35	TASTEGGIO	0	2	8000	53820	93350	365	-25	0.11	0.11	0	
21/02/2012 11:36:45	TASTEGGIO	0	2	8000	53820	117655	365	-25	0.16	0.21	44500	
21/02/2012 11:37:11	TASTEGGIO	1	0	8000	53820	73228	252	-14	0.11	0.11	0	
21/02/2012 11:37:22	TASTEGGIO	1	0	8000	53820	117647	252	-14	0.07	0.13	-44500	
21/02/2012 11:37:47	TASTEGGIO	1	0	8000	53820	162031	232	-29	0.16	0.16	0	
21/02/2012 11:38:08	TASTEGGIO	0	1	8000	53820	162042	212	-32	0.17	0.17	0	
21/02/2012 11:38:29	TASTEGGIO	0	1	8000	53820	162053	193	-7	0.12	0.12	0	
21/02/2012 11:38:40	TASTEGGIO	0	1	8000	53820	117748	193	-7	0.10	0.13	-24500	
21/02/2012 11:39:05	TASTEGGIO	1	0	8000	53820	142198	232	-37	0.25	0.25	0	
21/02/2012 11:39:26	TASTEGGIO	0	1	8000	53820	142204	183	-14	0.12	0.12	0	
21/02/2012 11:39:36	TASTEGGIO	0	1	8000	53820	117753	183	-14	0.16	0.19	24500	
21/02/2012 11:40:01	TASTEGGIO	1	0	8000	53820	93292	247	-29	0.15	0.15	0	
21/02/2012 11:40:23	TASTEGGIO	0	1	8000	53820	93292	235	-13	0.03	0.03	0	
21/02/2012 11:40:33	TASTEGGIO	0	1	8000	53820	117651	235	-13	0.06	0.15	44500	
21/02/2012 11:40:59	TASTEGGIO	1	0	8000	53820	73234	237	-1	0.13	0.13	0	
21/02/2012 11:41:10	TASTEGGIO	1	0	8000	53820	117647	237	-1	0.07	0.14	44500	
21/02/2012 11:41:35	TASTEGGIO	1	0	8000	53820	73224	235	0	0.14	0.14	0	
21/02/2012 11:41:56	TASTEGGIO	0	1	8000	53820	73222	249	-12	0.07	0.07	0	
21/02/2012 11:42:07	TASTEGGIO	0	1	8000	53820	117650	249	-12	0.17	0.17	0	
21/02/2012 11:42:32	TASTEGGIO	1	0	8000	53820	117646	242	-44	0.29	0.29	0	
21/02/2012 11:42:52	TASTEGGIO	0	1	8000	53820	117646	192	-9	0.24	0.24	0	
21/02/2012 11:43:13	TASTEGGIO	0	2	8000	53820	117646	231	-15	0.09	0.09	0	
21/02/2012 11:43:21	TASTEGGIO	0	2	8000	53820	117651	231	-15	0.06	0.19	-44500	
21/02/2012 11:43:46	TASTEGGIO	1	0	8000	53820	162027	247	-11	0.10	0.10	0	
21/02/2012 11:43:57	TASTEGGIO	1	0	8000	53820	117754	247	-11	0.05	0.14	44500	
21/02/2012 11:44:21	TASTEGGIO	1	0	8000	53820	73320	235	-2	0.17	0.17	0	
21/02/2012 11:44:42	TASTEGGIO	0	1	8000	53820	73319	255	-3	0.09	0.09	0	
21/02/2012 11:44:53	TASTEGGIO	0	1	8000	53820	117652	255	-3	0.04	0.10	44500	
21/02/2012 11:45:49	ALARM 17	proc 12 prog 10 step 47	LavoroTerminato
21/02/2012 12:18:04	TASTEGGIO	0	1	8000	53820	117706	255	-3	0.19	0.36	44500	
21/02/2012 12:18:29	TASTEGGIO	1	0	8000	53820	73304	290	-28	0.08	0.08	0	
21/02/2012 12:18:40	TASTEGGIO	1	0	8000	53820	117553	290	-28	0.11	0.20	-44500	
21/02/2012 12:19:06	TASTEGGIO	1	0	8000	53820	161947	250	-42	0.19	0.19	0	
21/02/2012 12:19:28	TASTEGGIO	0	1	8000	53820	161961	231	-13	0.34	0.34	0	
21/02/2012 12:19:51	TASTEGGIO	0	2	8000	53820	161979	352	-107	0.65	0.65	0	
21/02/2012 12:20:11	TASTEGGIO	0	1	8000	53820	161990	227	-18	0.52	0.52	0	
21/02/2012 12:20:32	TASTEGGIO	0	2	8000	53820	161997	285	-28	0.31	0.31	0	
21/02/2012 12:20:53	TASTEGGIO	0	3	8000	53820	162009	317	-37	0.14	0.14	0	
21/02/2012 12:21:04	TASTEGGIO	0	3	8000	53820	117698	317	-37	0.20	0.24	44500	
21/02/2012 12:21:30	TASTEGGIO	1	0	8000	53820	73272	260	-3	0.23	0.23	0	
21/02/2012 12:21:51	TASTEGGIO	0	1	8000	53820	73268	282	-9	0.13	0.13	0	
21/02/2012 12:22:01	TASTEGGIO	0	1	8000	53820	117552	282	-9	0.19	0.19	0	
21/02/2012 12:22:25	TASTEGGIO	1	0	8000	53820	117547	247	-44	0.28	0.28	0	
21/02/2012 12:22:46	TASTEGGIO	0	1	8000	53820	117567	205	-17	0.11	0.11	0	
21/02/2012 12:22:54	TASTEGGIO	0	1	8000	53820	117574	205	-17	0.10	0.19	-24500	
21/02/2012 12:23:20	TASTEGGIO	1	0	8000	53820	142016	247	-28	0.10	0.10	0	
21/02/2012 12:23:30	TASTEGGIO	1	0	8000	53820	117659	247	-28	0.12	0.12	0	
21/02/2012 12:25:19	TASTEGGIO	1	0	8000	53820	117718	247	-28	0.24	0.45	44500	
21/02/2012 12:25:46	TASTEGGIO	1	0	8000	53820	73287	313	-37	0.10	0.10	0	
21/02/2012 12:25:56	TASTEGGIO	1	0	8000	53820	117554	313	-37	0.10	0.31	-44500	
21/02/2012 12:26:23	TASTEGGIO	1	0	8000	53820	161925	278	-51	0.22	0.22	0	
21/02/2012 12:26:44	TASTEGGIO	0	1	8000	53820	161943	262	-45	0.21	0.21	0	
21/02/2012 12:27:05	TASTEGGIO	0	1	8000	53820	161954	241	-31	0.14	0.14	0	
21/02/2012 12:27:15	TASTEGGIO	0	1	8000	53820	117654	241	-31	0.17	0.17	0	
21/02/2012 12:27:40	TASTEGGIO	1	0	8000	53820	117663	242	-39	0.19	0.19	0	
21/02/2012 12:28:03	TASTEGGIO	0	1	8000	53820	117663	220	-24	0.42	0.42	0	
21/02/2012 12:28:19	TASTEGGIO	0	1	8000	53820	117663	127	-3	0.39	0.39	0	
21/02/2012 12:28:41	TASTEGGIO	0	2	8000	53820	117663	199	-11	0.27	0.27	0	
21/02/2012 12:29:03	TASTEGGIO	0	3	8000	53820	117663	231	-20	0.17	0.17	0	
21/02/2012 12:29:25	TASTEGGIO	0	4	8000	53820	117664	252	-38	0.23	0.23	0	
21/02/2012 12:29:47	TASTEGGIO	0	1	8000	53820	117664	220	-14	0.11	0.11	0	
21/02/2012 12:29:56	TASTEGGIO	0	1	8000	53820	117654	220	-14	0.10	0.11	44500	
21/02/2012 12:31:44	TASTEGGIO	0	1	8000	53820	117805	220	-14	0.36	0.61	44500	
21/02/2012 12:32:12	TASTEGGIO	1	0	8000	53820	73366	353	-47	0.19	0.19	0	
21/02/2012 12:32:32	TASTEGGIO	0	0	8000	53820	73366	247	-2	0.16	0.16	0	
21/02/2012 12:32:53	TASTEGGIO	0	1	8000	53820	73366	260	-4	0.15	0.15	0	
21/02/2012 12:33:15	TASTEGGIO	0	2	8000	53820	73366	288	-11	0.07	0.07	0	
21/02/2012 12:33:26	TASTEGGIO	0	2	8000	53820	117658	288	-11	0.10	0.12	-44500	
21/02/2012 12:35:14	TASTEGGIO	0	2	8000	53821	117801	288	-11	0.21	0.28	24500	
21/02/2012 12:35:41	TASTEGGIO	1	0	8000	53821	93350	270	-30	0.15	0.15	0	
21/02/2012 12:36:03	TASTEGGIO	0	1	8000	53821	93349	261	-35	0.28	0.28	0	
21/02/2012 12:36:24	TASTEGGIO	0	1	8000	53821	93352	208	-13	0.15	0.15	0	
21/02/2012 12:36:45	TASTEGGIO	0	2	8000	53821	93353	219	-6	0.08	0.08	0	
21/02/2012 12:36:55	TASTEGGIO	0	2	8000	53821	117658	219	-6	0.03	0.14	44500	
21/02/2012 12:37:20	TASTEGGIO	1	0	8000	53820	73224	235	-7	0.05	0.05	0	
21/02/2012 12:37:31	TASTEGGIO	1	0	8000	53821	117647	235	-7	0.06	0.08	-24500	
21/02/2012 12:39:18	TASTEGGIO	1	0	8000	53821	117817	235	-7	0.34	0.34	0	
21/02/2012 12:39:43	TASTEGGIO	1	0	8000	53821	117841	285	-52	0.19	0.19	0	
21/02/2012 12:40:06	TASTEGGIO	0	1	8000	53821	117841	274	-49	0.32	0.32	0	
21/02/2012 12:40:28	TASTEGGIO	0	1	8000	53821	117841	220	-16	0.25	0.25	0	
21/02/2012 12:40:50	TASTEGGIO	0	2	8000	53821	117841	247	-7	0.16	0.16	0	
21/02/2012 12:41:13	TASTEGGIO	0	3	8000	53821	117841	264	-11	0.07	0.07	0	
21/02/2012 12:41:22	TASTEGGIO	0	3	8000	53821	117787	264	-11	0.05	0.19	-24500	
21/02/2012 12:41:48	TASTEGGIO	1	0	8000	53821	142211	247	-40	0.22	0.22	0	
21/02/2012 12:42:10	TASTEGGIO	0	1	8000	53821	142225	221	-26	0.32	0.32	0	
21/02/2012 12:42:30	TASTEGGIO	0	1	8000	53821	142241	174	-9	0.32	0.32	0	
21/02/2012 12:42:51	TASTEGGIO	0	2	8000	53821	142247	238	-22	0.11	0.11	0	
21/02/2012 12:43:02	TASTEGGIO	0	2	8000	53821	117775	238	-22	0.27	0.27	0	
21/02/2012 12:43:26	TASTEGGIO	1	0	8000	53821	117790	268	-18	0.14	0.14	0	
21/02/2012 12:43:34	TASTEGGIO	1	0	8000	53821	117774	268	-18	0.11	0.14	-44500	
21/02/2012 12:44:00	TASTEGGIO	1	0	8000	53821	162156	235	-22	0.13	0.13	0	
21/02/2012 12:44:21	TASTEGGIO	0	1	8000	53821	162180	222	-28	0.16	0.16	0	
21/02/2012 12:44:42	TASTEGGIO	0	1	8000	53821	162201	202	-9	0.07	0.07	0	
21/02/2012 12:44:52	TASTEGGIO	0	1	8000	53821	117770	202	-9	0.16	0.16	0	
21/02/2012 12:45:17	TASTEGGIO	1	0	8000	53821	117784	240	-1	0.14	0.14	0	
21/02/2012 12:45:25	TASTEGGIO	1	0	8000	53821	117764	240	-1	0.14	0.14	0	
21/02/2012 12:45:49	TASTEGGIO	1	0	8000	53821	117771	235	0	0.13	0.13	0	
21/02/2012 12:46:11	TASTEGGIO	0	1	8000	53821	117771	247	0	0.12	0.12	0	
21/02/2012 12:46:19	TASTEGGIO	0	1	8000	53821	117754	247	0	0.12	0.12	0	
21/02/2012 12:48:07	TASTEGGIO	0	1	8000	53820	117815	247	0	0.92	1.14	44500	
21/02/2012 12:48:34	TASTEGGIO	1	0	8000	53820	73377	400	-51	0.68	0.68	0	
21/02/2012 12:48:56	TASTEGGIO	0	1	8000	53820	73375	400	-38	0.36	0.36	0	
21/02/2012 12:49:19	TASTEGGIO	0	2	8000	53820	73382	400	-35	0.22	0.22	0	
21/02/2012 12:49:42	TASTEGGIO	0	3	8000	53820	73385	400	-48	0.27	0.27	0	
21/02/2012 12:50:05	TASTEGGIO	0	1	8000	53820	73385	366	-77	0.56	0.56	0	
21/02/2012 12:50:26	TASTEGGIO	0	1	8000	53820	73385	249	-7	0.54	0.54	0	
21/02/2012 12:50:48	TASTEGGIO	0	2	8000	53820	73385	353	-15	0.36	0.36	0	
21/02/2012 12:51:12	TASTEGGIO	0	3	8000	53820	73385	394	-14	0.23	0.23	0	
21/02/2012 12:51:35	TASTEGGIO	0	4	8000	53820	73385	400	-14	0.13	0.13	0	
21/02/2012 12:51:46	TASTEGGIO	0	4	8000	53820	117660	400	-14	0.23	0.47	-44500	
21/02/2012 12:52:12	TASTEGGIO	1	0	8000	53820	162031	318	-72	0.35	0.35	0	
21/02/2012 12:52:34	TASTEGGIO	0	1	8000	53820	162052	291	-65	0.29	0.29	0	
21/02/2012 12:52:55	TASTEGGIO	0	1	8000	53820	162072	266	-35	0.17	0.17	0	
21/02/2012 12:53:17	TASTEGGIO	0	1	8000	53820	162092	256	-31	0.18	0.18	0	
21/02/2012 12:53:38	TASTEGGIO	0	1	8000	53820	162107	236	-10	0.11	0.11	0	
21/02/2012 12:53:49	TASTEGGIO	0	1	8000	53820	117770	236	-10	0.18	0.18	44500	
21/02/2012 12:54:14	TASTEGGIO	1	0	8000	53820	73331	245	-11	0.14	0.14	0	
21/02/2012 12:54:25	TASTEGGIO	1	0	8000	53820	117647	245	-11	0.17	0.17	0	
21/02/2012 12:54:49	TASTEGGIO	1	0	8000	53820	117648	242	-40	0.27	0.27	0	
21/02/2012 12:55:10	TASTEGGIO	0	1	8000	53820	117648	199	-16	0.12	0.12	0	
21/02/2012 12:55:19	TASTEGGIO	0	1	8000	53820	117655	199	-16	0.11	0.18	24500	
21/02/2012 12:55:44	TASTEGGIO	1	0	8000	53820	93204	245	-28	0.10	0.10	0	
21/02/2012 12:55:54	TASTEGGIO	1	0	8000	53820	117650	245	-28	0.17	0.27	44500	
21/02/2012 12:56:21	TASTEGGIO	1	0	8000	53820	73226	268	-4	0.19	0.19	0	
21/02/2012 12:56:43	TASTEGGIO	0	1	8000	53820	73225	281	0	0.20	0.20	0	
21/02/2012 12:57:04	TASTEGGIO	0	2	8000	53820	73224	323	-1	0.18	0.18	0	
21/02/2012 12:57:27	TASTEGGIO	0	3	8000	53820	73227	371	-9	0.13	0.13	0	
21/02/2012 12:57:38	TASTEGGIO	0	3	8000	53820	117659	371	-9	0.08	0.13	44500	
21/02/2012 12:58:02	TASTEGGIO	1	0	8000	53820	73231	232	-2	0.15	0.15	0	
21/02/2012 12:58:23	TASTEGGIO	0	1	8000	53820	73229	249	0	0.14	0.14	0	
21/02/2012 12:58:43	TASTEGGIO	0	2	8000	53820	73227	275	0	0.14	0.14	0	
21/02/2012 12:59:06	TASTEGGIO	0	3	8000	53820	73227	317	-2	0.13	0.13	0	
21/02/2012 12:59:28	TASTEGGIO	0	4	8000	53820	73226	365	-6	0.08	0.08	0	
21/02/2012 12:59:39	TASTEGGIO	0	4	8000	53820	117658	365	-6	0.04	0.09	-44500	
21/02/2012 13:01:26	TASTEGGIO	0	4	8000	53820	117709	365	-6	0.17	0.33	44500	
21/02/2012 13:01:52	TASTEGGIO	1	0	8000	53820	73272	283	-29	0.13	0.13	0	
21/02/2012 13:02:03	TASTEGGIO	1	0	8000	53820	117552	283	-29	0.07	0.36	-44500	
21/02/2012 13:02:30	TASTEGGIO	1	0	8000	53820	161946	290	-50	0.17	0.17	0	
21/02/2012 13:02:52	TASTEGGIO	0	1	8000	53820	161962	281	-67	0.44	0.44	0	
21/02/2012 13:03:11	TASTEGGIO	0	1	8000	53820	161977	167	-6	0.39	0.39	0	
21/02/2012 13:03:31	TASTEGGIO	0	2	8000	53820	161992	236	-11	0.30	0.30	0	
21/02/2012 13:03:54	TASTEGGIO	0	3	8000	53820	162001	275	-16	0.21	0.21	0	
21/02/2012 13:04:16	TASTEGGIO	0	4	8000	53820	162014	304	-41	0.25	0.25	0	
21/02/2012 13:04:38	TASTEGGIO	0	1	8000	53820	162014	274	-40	0.17	0.17	0	
21/02/2012 13:04:59	TASTEGGIO	0	1	8000	53820	162014	262	-17	0.02	0.02	0	
21/02/2012 13:05:10	TASTEGGIO	0	1	8000	53820	117694	262	-17	0.20	0.23	24500	
21/02/2012 13:05:36	TASTEGGIO	1	0	8000	53820	93242	257	-20	0.12	0.12	0	
21/02/2012 13:05:46	TASTEGGIO	1	0	8000	53820	117551	257	-20	0.05	0.12	-44500	
21/02/2012 13:07:35	TASTEGGIO	1	0	8000	53820	117709	257	-20	0.20	0.22	24500	
21/02/2012 13:08:01	TASTEGGIO	1	0	8000	53820	93253	255	-30	0.10	0.10	0	
21/02/2012 13:08:11	TASTEGGIO	1	0	8000	53820	117554	255	-30	0.17	0.28	-44500	
21/02/2012 13:08:37	TASTEGGIO	1	0	8000	53820	161945	270	-46	0.16	0.16	0	
21/02/2012 13:08:59	TASTEGGIO	0	1	8000	53820	161977	260	-52	0.35	0.35	0	
21/02/2012 13:09:19	TASTEGGIO	0	1	8000	53820	161998	183	-5	0.34	0.34	0	
21/02/2012 13:09:39	TASTEGGIO	0	2	8000	53820	162028	249	-10	0.26	0.26	0	
21/02/2012 13:10:02	TASTEGGIO	0	3	8000	53820	162051	283	-28	0.16	0.16	0	
21/02/2012 13:10:24	TASTEGGIO	0	1	8000	53820	162053	273	-35	0.52	0.52	0	
21/02/2012 13:10:41	TASTEGGIO	0	1	8000	53820	162053	104	-6	0.48	0.48	0	
21/02/2012 13:11:00	TASTEGGIO	0	2	8000	53820	162053	192	-6	0.42	0.42	0	
21/02/2012 13:11:21	TASTEGGIO	0	3	8000	53820	162053	302	-45	0.06	0.06	0	
21/02/2012 13:11:32	TASTEGGIO	0	3	8000	53820	117671	302	-45	0.18	0.18	0	
21/02/2012 13:11:56	TASTEGGIO	1	0	8000	53820	117689	245	-38	0.28	0.28	0	
21/02/2012 13:12:18	TASTEGGIO	0	1	8000	53820	117699	201	-19	0.14	0.14	0	
21/02/2012 13:12:26	TASTEGGIO	0	1	8000	53820	117675	201	-19	0.09	0.20	-44500	
21/02/2012 13:12:51	TASTEGGIO	1	0	8000	53820	162061	250	-12	0.17	0.17	0	
21/02/2012 13:13:12	TASTEGGIO	0	1	8000	53820	162084	264	-10	0.06	0.06	0	
21/02/2012 13:13:23	TASTEGGIO	0	1	8000	53820	117667	264	-10	0.12	0.12	-24500	
21/02/2012 13:15:11	TASTEGGIO	0	1	8000	53820	117701	264	-10	0.41	0.55	-24500	
21/02/2012 13:15:38	TASTEGGIO	1	0	8000	53820	142140	338	-82	0.33	0.33	0	
21/02/2012 13:16:01	TASTEGGIO	0	1	8000	53820	142155	318	-88	0.53	0.53	0	
21/02/2012 13:16:22	TASTEGGIO	0	1	8000	53820	142159	232	-18	0.33	0.33	0	
21/02/2012 13:16:45	TASTEGGIO	0	2	8000	53820	142169	261	-19	0.21	0.21	0	
21/02/2012 13:17:08	TASTEGGIO	0	3	8000	53820	142170	284	-14	0.10	0.10	0	
21/02/2012 13:17:18	TASTEGGIO	0	3	8000	53820	117686	284	-14	0.09	0.54	44500	
21/02/2012 13:17:45	TASTEGGIO	1	0	8000	53820	73260	336	-44	0.13	0.13	0	
21/02/2012 13:17:56	TASTEGGIO	1	0	8000	53820	117552	336	-44	0.33	0.37	-24500	
21/02/2012 13:18:23	TASTEGGIO	1	0	8000	53820	142003	293	-3	0.34	0.34	0	
21/02/2012 13:18:46	TASTEGGIO	0	1	8000	53820	142005	324	-10	0.21	0.21	0	
21/02/2012 13:19:08	TASTEGGIO	0	2	8000	53820	142006	342	-24	0.07	0.07	0	
21/02/2012 13:19:19	TASTEGGIO	0	2	8000	53820	117656	342	-24	0.08	0.34	44500	
21/02/2012 13:19:45	TASTEGGIO	1	0	8000	53820	73222	285	-4	0.29	0.29	0	
21/02/2012 13:20:08	TASTEGGIO	0	1	8000	53820	73221	309	-3	0.28	0.28	0	
21/02/2012 13:20:30	TASTEGGIO	0	2	8000	53820	73220	363	-32	0.16	0.16	0	
21/02/2012 13:20:53	TASTEGGIO	0	1	8000	53820	73223	353	-74	0.56	0.56	0	
21/02/2012 13:21:11	TASTEGGIO	0	1	8000	53820	73214	157	-1	0.55	0.55	0	
21/02/2012 13:21:33	TASTEGGIO	0	2	8000	53820	73277	265	-5	0.50	0.50	0	
21/02/2012 13:21:54	TASTEGGIO	0	3	8000	53820	73277	400	-38	0.13	0.13	0	
21/02/2012 13:22:05	TASTEGGIO	0	3	8000	53820	117554	400	-38	0.12	0.16	44500	
21/02/2012 13:22:30	TASTEGGIO	1	0	8000	53820	73122	240	0	0.15	0.15	0	
21/02/2012 13:22:50	TASTEGGIO	0	1	8000	53820	73116	254	0	0.14	0.14	0	
21/02/2012 13:23:01	TASTEGGIO	0	1	8000	53820	117553	254	0	0.11	0.16	44500	
21/02/2012 13:23:26	TASTEGGIO	1	0	8000	53820	73125	240	1	0.15	0.15	0	
21/02/2012 13:23:46	TASTEGGIO	0	1	8000	53820	73117	254	0	0.15	0.15	0	
21/02/2012 13:24:08	TASTEGGIO	0	2	8000	53820	73117	284	0	0.14	0.14	0	
21/02/2012 13:24:19	TASTEGGIO	0	2	8000	53820	117553	284	0	0.10	0.17	44500	
21/02/2012 13:24:44	TASTEGGIO	1	0	8000	53820	73122	242	0	0.14	0.14	0	
21/02/2012 13:24:55	TASTEGGIO	1	0	8000	53820	117552	242	0	0.15	0.17	44500	
21/02/2012 13:25:20	TASTEGGIO	1	0	8000	53820	73123	242	3	0.14	0.14	0	
21/02/2012 13:25:31	TASTEGGIO	1	0	8000	53820	117551	242	3	0.11	0.16	44500	
21/02/2012 13:25:56	TASTEGGIO	1	0	8000	53820	73120	240	2	0.14	0.14	0	
21/02/2012 13:26:07	TASTEGGIO	1	0	8000	53820	117550	240	2	0.12	0.17	44500	
21/02/2012 13:26:32	TASTEGGIO	1	0	8000	53820	73120	242	0	0.12	0.12	0	
21/02/2012 13:26:42	TASTEGGIO	1	0	8000	53820	117551	242	0	0.12	0.16	44500	
21/02/2012 13:27:07	TASTEGGIO	1	0	8000	53820	73129	240	1	0.15	0.15	0	
21/02/2012 13:27:28	TASTEGGIO	0	1	8000	53820	73122	254	-1	0.14	0.14	0	
21/02/2012 13:27:38	TASTEGGIO	0	1	8000	53820	117551	254	-1	0.13	0.16	44500	
21/02/2012 13:28:03	TASTEGGIO	1	0	8000	53820	73122	240	0	0.15	0.15	0	
21/02/2012 13:28:23	TASTEGGIO	0	1	8000	53820	73118	254	0	0.14	0.14	0	
21/02/2012 13:28:34	TASTEGGIO	0	1	8000	53820	117548	254	0	0.12	0.17	44500	
21/02/2012 13:28:59	TASTEGGIO	1	0	8000	53820	73112	242	0	0.15	0.15	0	
21/02/2012 13:29:19	TASTEGGIO	0	1	8000	53820	73110	255	-2	0.10	0.10	0	
21/02/2012 13:29:30	TASTEGGIO	0	1	8000	53820	117546	255	-2	0.12	0.17	44500	
21/02/2012 13:29:55	TASTEGGIO	1	0	8000	53820	73123	242	0	0.15	0.15	0	
21/02/2012 13:30:15	TASTEGGIO	0	1	8000	53820	73116	255	-1	0.15	0.15	0	
21/02/2012 13:30:37	TASTEGGIO	0	2	8000	53820	73115	285	-2	0.16	0.16	0	
21/02/2012 13:30:58	TASTEGGIO	0	3	8000	53820	73112	336	-1	0.13	0.13	0	
21/02/2012 13:31:09	TASTEGGIO	0	3	8000	53820	117552	336	-1	0.13	0.14	44500	
21/02/2012 13:31:33	TASTEGGIO	1	0	8000	53820	73124	235	-2	0.13	0.13	0	
21/02/2012 13:31:53	TASTEGGIO	0	1	8000	53820	73122	247	0	0.13	0.13	0	
21/02/2012 13:32:13	TASTEGGIO	0	2	8000	53820	73118	273	-2	0.13	0.13	0	
21/02/2012 13:32:35	TASTEGGIO	0	3	8000	53820	73115	312	2	0.12	0.12	0	
21/02/2012 13:32:46	TASTEGGIO	0	3	8000	53820	117552	312	2	0.11	0.15	44500	
21/02/2012 13:33:10	TASTEGGIO	1	0	8000	53820	73119	237	-1	0.13	0.13	0	
21/02/2012 13:33:20	TASTEGGIO	1	0	8000	53820	117545	237	-1	0.15	0.15	44500	
21/02/2012 13:33:45	TASTEGGIO	1	0	8000	53820	73124	237	-1	0.13	0.13	0	
21/02/2012 13:33:55	TASTEGGIO	1	0	8000	53820	117551	237	-1	0.14	0.15	44500	
21/02/2012 13:34:20	TASTEGGIO	1	0	8000	53820	73125	237	0	0.13	0.13	0	
21/02/2012 13:34:31	TASTEGGIO	1	0	8000	53820	117550	237	0	0.14	0.14	44500	
21/02/2012 13:34:55	TASTEGGIO	1	0	8000	53820	73124	235	0	0.14	0.14	0	
21/02/2012 13:35:16	TASTEGGIO	0	1	8000	53820	73119	249	0	0.13	0.13	0	
21/02/2012 13:35:36	TASTEGGIO	0	2	8000	53820	73116	273	-1	0.13	0.13	0	
21/02/2012 13:35:58	TASTEGGIO	0	3	8000	53820	73111	312	0	0.12	0.12	0	
21/02/2012 13:36:09	TASTEGGIO	0	3	8000	53820	117547	312	0	0.14	0.15	44500	
21/02/2012 13:36:33	TASTEGGIO	1	0	8000	53820	73116	237	0	0.13	0.13	0	
21/02/2012 13:36:44	TASTEGGIO	1	0	8000	53820	117551	237	0	0.14	0.14	44500	
21/02/2012 13:37:08	TASTEGGIO	1	0	8000	53820	73131	235	-1	0.13	0.13	0	
21/02/2012 13:37:28	TASTEGGIO	0	1	8000	53820	73124	247	0	0.13	0.13	0	
21/02/2012 13:37:47	TASTEGGIO	0	2	8000	53820	73115	273	0	0.12	0.12	0	
21/02/2012 13:37:58	TASTEGGIO	0	2	8000	53820	117546	273	0	0.14	0.14	44500	
21/02/2012 13:38:22	TASTEGGIO	1	0	8000	53820	73113	235	0	0.12	0.12	0	
21/02/2012 13:38:33	TASTEGGIO	1	0	8000	53820	117552	235	0	0.14	0.14	44500	
21/02/2012 13:38:57	TASTEGGIO	1	0	8000	53820	73133	235	0	0.13	0.13	0	
21/02/2012 13:39:16	TASTEGGIO	0	1	8000	53820	73125	247	0	0.13	0.13	0	
21/02/2012 13:39:36	TASTEGGIO	0	2	8000	53820	73119	273	-1	0.13	0.13	0	
21/02/2012 13:39:46	TASTEGGIO	0	2	8000	53820	117550	273	-1	0.14	0.15	44500	
21/02/2012 13:40:10	TASTEGGIO	1	0	8000	53820	73121	237	0	0.13	0.13	0	
21/02/2012 13:40:21	TASTEGGIO	1	0	8000	53820	117547	237	0	0.15	0.15	0	
21/02/2012 13:42:11	TASTEGGIO	1	0	8000	53820	117803	237	0	0.29	0.39	24500	
21/02/2012 13:42:37	TASTEGGIO	1	0	8000	53820	93350	298	-50	0.15	0.15	0	
21/02/2012 13:43:00	TASTEGGIO	0	1	8000	53820	93348	292	-58	0.41	0.41	0	
21/02/2012 13:43:20	TASTEGGIO	0	1	8000	53820	93348	179	-7	0.34	0.34	0	
21/02/2012 13:43:41	TASTEGGIO	0	2	8000	53820	93347	235	-9	0.25	0.25	0	
21/02/2012 13:44:02	TASTEGGIO	0	3	8000	53820	93347	266	-7	0.21	0.21	0	
21/02/2012 13:44:24	TASTEGGIO	0	4	8000	53820	93366	336	-40	0.22	0.22	0	
21/02/2012 13:44:47	TASTEGGIO	0	1	8000	53820	93366	312	-45	0.26	0.26	0	
21/02/2012 13:45:09	TASTEGGIO	0	1	8000	53820	93366	281	-20	0.06	0.06	0	
21/02/2012 13:45:20	TASTEGGIO	0	1	8000	53820	117659	281	-20	0.11	0.17	44500	
21/02/2012 13:45:46	TASTEGGIO	1	0	8000	53820	73231	242	-15	0.02	0.02	0	
21/02/2012 13:45:57	TASTEGGIO	1	0	8000	53820	117654	242	-15	0.21	0.21	0	
21/02/2012 13:46:22	TASTEGGIO	1	0	8000	53820	117651	252	-41	0.22	0.22	0	
21/02/2012 13:46:43	TASTEGGIO	0	1	8000	53820	117657	228	-23	0.05	0.05	0	
21/02/2012 13:46:51	TASTEGGIO	0	1	8000	53820	117664	228	-23	0.05	0.18	44500	
21/02/2012 13:47:17	TASTEGGIO	1	0	8000	53820	73233	245	-2	0.14	0.14	0	
21/02/2012 13:47:28	TASTEGGIO	1	0	8000	53820	117658	245	-2	0.04	0.16	44500	
21/02/2012 13:47:53	TASTEGGIO	1	0	8000	53820	73230	240	-1	0.12	0.12	0	
21/02/2012 13:48:04	TASTEGGIO	1	0	8000	53820	117654	240	-1	0.04	0.16	44500	
21/02/2012 13:48:29	TASTEGGIO	1	0	8000	53820	73225	240	0	0.14	0.14	0	
21/02/2012 13:48:40	TASTEGGIO	1	0	8000	53820	117655	240	0	0.04	0.14	44500	
21/02/2012 13:49:05	TASTEGGIO	1	0	8000	53820	73222	235	0	0.14	0.14	0	
21/02/2012 13:49:26	TASTEGGIO	0	1	8000	53820	73222	249	-2	0.11	0.11	0	
21/02/2012 13:49:37	TASTEGGIO	0	1	8000	53820	117655	249	-2	0.09	0.13	44500	
21/02/2012 13:50:02	TASTEGGIO	1	0	8000	53820	73223	232	0	0.12	0.12	0	
21/02/2012 13:50:12	TASTEGGIO	1	0	8000	53820	117651	232	0	0.04	0.13	44500	
21/02/2012 13:52:01	TASTEGGIO	1	0	8000	53820	117801	232	0	3.53	3.53	0	
21/02/2012 13:52:07	ALARM 617	proc 12 prog 11 step 54	eccentricity = 3.53 mm
21/02/2012 13:54:12	TASTEGGIO	1	0	8000	53820	117800	232	0	3.56	3.56	0	
21/02/2012 13:54:17	ALARM 617	proc 12 prog 11 step 54	eccentricity = 3.56 mm
21/02/2012 13:54:35	TASTEGGIO	1	0	8000	53820	117806	232	0	3.56	3.56	0	
21/02/2012 13:54:57	TASTEGGIO	1	0	8000	53820	117820	433	-8	3.49	3.49	0	
21/02/2012 13:55:20	TASTEGGIO	1	0	8000	53820	117830	491	-5	3.43	3.43	0	
21/02/2012 13:55:45	TASTEGGIO	1	0	8000	53820	117830	528	-15	3.25	3.25	0	
21/02/2012 13:56:13	TASTEGGIO	1	0	8000	53820	117830	551	-17	3.11	3.11	0	
21/02/2012 13:56:25	TASTEGGIO	1	0	8000	53820	117781	551	-17	3.12	3.12	0	
21/02/2012 13:56:53	TASTEGGIO	1	0	8000	53820	117803	587	-32	2.80	2.80	0	
21/02/2012 13:58:48	TASTEGGIO	1	0	8000	53820	117803	587	-21	2.59	2.59	0	
21/02/2012 13:59:01	TASTEGGIO	1	0	8000	53820	117774	587	-21	2.59	2.64	-24500	
21/02/2012 13:59:32	TASTEGGIO	1	0	8000	53820	142229	621	-126	1.53	1.53	0	
21/02/2012 13:59:47	TASTEGGIO	1	0	8000	53820	117775	621	-126	1.64	1.72	24500	
21/02/2012 14:00:20	TASTEGGIO	1	0	8000	53820	93327	621	-177	0.58	0.58	0	
21/02/2012 14:00:34	TASTEGGIO	1	0	8000	53820	117655	621	-177	0.69	0.88	-44500	
21/02/2012 14:00:58	TASTEGGIO	1	0	8000	53821	117744	621	-177	0.70	0.88	-44500	
21/02/2012 14:01:24	TASTEGGIO	1	0	8000	53821	162121	400	-72	0.17	0.17	0	
21/02/2012 14:01:45	TASTEGGIO	0	0	8000	53821	162135	242	-12	0.11	0.11	0	
21/02/2012 14:01:56	TASTEGGIO	0	0	8000	53821	117756	242	-12	0.30	0.35	24500	
21/02/2012 14:02:22	TASTEGGIO	1	0	8000	53821	93304	288	-70	0.32	0.32	0	
21/02/2012 14:02:44	TASTEGGIO	0	1	8000	53821	93298	258	-12	0.21	0.21	0	
21/02/2012 14:03:05	TASTEGGIO	0	2	8000	53821	93299	277	-4	0.18	0.18	0	
21/02/2012 14:03:27	TASTEGGIO	0	3	8000	53821	93299	323	-8	0.10	0.10	0	
21/02/2012 14:03:37	TASTEGGIO	0	3	8000	53821	117657	323	-8	0.14	0.40	44500	
21/02/2012 14:04:03	TASTEGGIO	1	0	8000	53821	73239	300	-15	0.21	0.21	0	
21/02/2012 14:04:24	TASTEGGIO	0	1	8000	53821	73239	311	-15	0.11	0.11	0	
21/02/2012 14:04:35	TASTEGGIO	0	1	8000	53821	117658	311	-15	0.09	0.25	-44500	
21/02/2012 14:05:00	TASTEGGIO	1	0	8000	53821	162042	263	-27	0.17	0.17	0	
21/02/2012 14:05:21	TASTEGGIO	0	1	8000	53821	162059	251	-2	0.14	0.14	0	
21/02/2012 14:05:32	TASTEGGIO	0	1	8000	53821	117746	251	-2	0.22	0.23	24500	
21/02/2012 14:05:57	TASTEGGIO	1	0	8000	53821	93293	257	-31	0.09	0.09	0	
21/02/2012 14:06:07	TASTEGGIO	1	0	8000	53821	117655	257	-31	0.16	0.31	44500	
21/02/2012 14:06:33	TASTEGGIO	1	0	8000	53821	73245	278	-2	0.24	0.24	0	
21/02/2012 14:06:54	TASTEGGIO	0	1	8000	53821	73244	296	-3	0.22	0.22	0	
21/02/2012 14:07:16	TASTEGGIO	0	2	8000	53821	73241	336	-12	0.19	0.19	0	
21/02/2012 14:07:39	TASTEGGIO	0	3	8000	53821	73244	385	-59	0.46	0.46	0	
21/02/2012 14:08:00	TASTEGGIO	0	1	8000	53821	73239	273	-24	0.27	0.27	0	
21/02/2012 14:08:21	TASTEGGIO	0	2	8000	53821	73310	295	-8	0.23	0.23	0	
21/02/2012 14:08:44	TASTEGGIO	0	3	8000	53821	73310	353	-41	0.24	0.24	0	
21/02/2012 14:09:06	TASTEGGIO	0	1	8000	53821	73310	327	-44	0.67	0.67	0	
21/02/2012 14:09:23	TASTEGGIO	0	1	8000	53821	73310	139	-4	0.62	0.62	0	
21/02/2012 14:09:44	TASTEGGIO	0	2	8000	53821	73310	253	-4	0.59	0.59	0	
21/02/2012 14:10:06	TASTEGGIO	0	3	8000	53821	73310	400	-37	0.24	0.24	0	
21/02/2012 14:10:27	TASTEGGIO	0	0	8000	53821	73310	260	0	0.21	0.21	0	
21/02/2012 14:10:47	TASTEGGIO	0	1	8000	53821	73310	278	-1	0.21	0.21	0	
21/02/2012 14:11:10	TASTEGGIO	0	2	8000	53821	73310	320	-4	0.24	0.24	0	
21/02/2012 14:11:32	TASTEGGIO	0	3	8000	53821	73310	400	-20	0.04	0.04	0	
21/02/2012 14:11:43	TASTEGGIO	0	3	8000	53821	117660	400	-20	0.13	0.19	-44500	
21/02/2012 14:12:08	TASTEGGIO	1	0	8000	53821	162043	247	-3	0.18	0.18	0	
21/02/2012 14:12:28	TASTEGGIO	0	1	8000	53821	162057	264	-1	0.17	0.17	0	
21/02/2012 14:12:50	TASTEGGIO	0	2	8000	53821	162070	296	-2	0.14	0.14	0	
21/02/2012 14:13:01	TASTEGGIO	0	2	8000	53821	117757	296	-2	0.14	0.17	24500	
21/02/2012 14:13:27	TASTEGGIO	1	0	8000	53821	93308	242	-13	0.03	0.03	0	
21/02/2012 14:13:37	TASTEGGIO	1	0	8000	53821	117656	242	-13	0.10	0.21	-44500	
21/02/2012 14:14:02	TASTEGGIO	1	0	8000	53821	162047	252	-1	0.19	0.19	0	
21/02/2012 14:14:23	TASTEGGIO	0	1	8000	53821	162067	269	0	0.19	0.19	0	
21/02/2012 14:14:45	TASTEGGIO	0	2	8000	53821	162075	307	-2	0.17	0.17	0	
21/02/2012 14:15:08	TASTEGGIO	0	3	8000	53821	162083	352	-14	0.08	0.08	0	
21/02/2012 14:15:18	TASTEGGIO	0	3	8000	53821	117751	352	-14	0.16	0.18	-24500	
21/02/2012 14:15:44	TASTEGGIO	1	0	8000	53821	142205	245	-51	0.31	0.31	0	
21/02/2012 14:16:04	TASTEGGIO	0	1	8000	53821	142207	191	-6	0.23	0.23	0	
21/02/2012 14:16:24	TASTEGGIO	0	2	8000	53821	142214	215	-2	0.20	0.20	0	
21/02/2012 14:16:45	TASTEGGIO	0	3	8000	53821	142215	267	-9	0.14	0.14	0	
21/02/2012 14:16:55	TASTEGGIO	0	3	8000	53821	117754	267	-9	0.10	0.25	-44500	
21/02/2012 14:17:19	TASTEGGIO	1	0	8000	53821	162129	263	-3	0.23	0.23	0	
21/02/2012 14:17:41	TASTEGGIO	0	1	8000	53821	162144	284	-4	0.21	0.21	0	
21/02/2012 14:18:01	TASTEGGIO	0	2	8000	53821	162157	322	-7	0.16	0.16	0	
21/02/2012 14:18:22	TASTEGGIO	0	3	8000	53821	162166	343	-3	0.13	0.13	0	
21/02/2012 14:18:33	TASTEGGIO	0	3	8000	53821	117756	343	-3	0.06	0.18	44500	
21/02/2012 14:18:57	TASTEGGIO	1	0	8000	53821	73339	245	-2	0.13	0.13	0	
21/02/2012 14:19:08	TASTEGGIO	1	0	8000	53821	117658	245	-2	0.03	0.15	44500	
21/02/2012 14:20:57	TASTEGGIO	1	0	8000	53820	117799	245	-2	0.81	0.90	-44500	
21/02/2012 14:21:25	TASTEGGIO	1	0	8000	53820	162189	400	-81	0.26	0.26	0	
21/02/2012 14:21:46	TASTEGGIO	0	0	8000	53820	162217	265	-28	0.08	0.08	0	
21/02/2012 14:21:57	TASTEGGIO	0	0	8000	53820	117796	265	-28	0.19	0.26	44500	
21/02/2012 14:22:22	TASTEGGIO	1	0	8000	53820	73350	265	-18	0.11	0.11	0	
21/02/2012 14:22:33	TASTEGGIO	1	0	8000	53820	117658	265	-18	0.08	0.11	24500	
21/02/2012 14:24:22	TASTEGGIO	1	0	8000	53821	117796	265	-18	1.61	1.69	-24500	
21/02/2012 14:24:48	TASTEGGIO	1	0	8000	53821	142249	400	-43	1.21	1.21	0	
21/02/2012 14:25:11	TASTEGGIO	0	1	8000	53821	142258	400	-22	0.96	0.96	0	
21/02/2012 14:25:35	TASTEGGIO	0	2	8000	53821	142259	400	-20	0.82	0.82	0	
21/02/2012 14:25:58	TASTEGGIO	0	3	8000	53821	142272	400	-23	0.60	0.60	0	
21/02/2012 14:26:22	TASTEGGIO	0	4	8000	53821	142272	400	-11	0.48	0.48	0	
21/02/2012 14:26:45	TASTEGGIO	0	5	8000	53821	142272	400	-7	0.42	0.42	0	
21/02/2012 14:27:09	TASTEGGIO	0	6	8000	53821	142272	400	-29	0.27	0.27	0	
21/02/2012 14:27:33	TASTEGGIO	0	7	8000	53821	142272	400	-93	0.76	0.76	0	
21/02/2012 14:27:51	TASTEGGIO	0	1	8000	53821	142272	186	-7	0.67	0.67	0	
21/02/2012 14:28:12	TASTEGGIO	0	2	8000	53821	142272	304	-31	0.37	0.37	0	
21/02/2012 14:28:36	TASTEGGIO	0	3	8000	53821	142272	339	-10	0.25	0.25	0	
21/02/2012 14:28:58	TASTEGGIO	0	4	8000	53821	142272	372	-21	0.08	0.08	0	
21/02/2012 14:29:09	TASTEGGIO	0	4	8000	53821	117788	372	-21	0.19	0.30	24500	
21/02/2012 14:29:34	TASTEGGIO	1	0	8000	53821	93335	275	-32	0.10	0.10	0	
21/02/2012 14:29:44	TASTEGGIO	1	0	8000	53821	117659	275	-32	0.09	0.19	-24500	
21/02/2012 14:30:11	TASTEGGIO	1	0	8000	53821	142112	247	-47	0.27	0.27	0	
21/02/2012 14:30:32	TASTEGGIO	0	1	8000	53821	142123	208	-8	0.21	0.21	0	
21/02/2012 14:30:53	TASTEGGIO	0	2	8000	53821	142133	231	-4	0.16	0.16	0	
21/02/2012 14:31:14	TASTEGGIO	0	3	8000	53821	142140	252	-4	0.14	0.14	0	
21/02/2012 14:31:24	TASTEGGIO	0	3	8000	53821	117757	252	-4	0.21	0.32	-44500	
21/02/2012 14:31:50	TASTEGGIO	1	0	8000	53821	162139	280	-21	0.12	0.12	0	
21/02/2012 14:32:01	TASTEGGIO	1	0	8000	53821	117760	280	-21	0.05	0.13	44500	
21/02/2012 14:32:26	TASTEGGIO	1	0	8000	53821	73330	232	-10	0.04	0.04	0	
21/02/2012 14:32:37	TASTEGGIO	1	0	8000	53821	117650	232	-10	0.07	0.11	-24500	
21/02/2012 14:34:25	TASTEGGIO	1	0	8000	53821	117714	232	-10	0.38	0.38	24500	
21/02/2012 14:34:52	TASTEGGIO	1	0	8000	53821	93257	295	-40	0.28	0.28	0	
21/02/2012 14:35:14	TASTEGGIO	0	1	8000	53821	93255	274	-34	0.09	0.09	0	
21/02/2012 14:35:24	TASTEGGIO	0	1	8000	53821	117556	274	-34	0.09	0.21	-44500	
21/02/2012 14:35:50	TASTEGGIO	1	0	8000	53821	161937	252	-32	0.15	0.15	0	
21/02/2012 14:36:11	TASTEGGIO	0	1	8000	53821	161963	241	-39	0.20	0.20	0	
21/02/2012 14:36:32	TASTEGGIO	0	1	8000	53821	161988	214	-16	0.10	0.10	0	
21/02/2012 14:36:43	TASTEGGIO	0	1	8000	53821	117660	214	-16	0.11	0.17	44500	
21/02/2012 14:37:08	TASTEGGIO	1	0	8000	53821	73230	242	-15	0.06	0.06	0	
21/02/2012 14:37:19	TASTEGGIO	1	0	8000	53821	117553	242	-15	0.10	0.17	-44500	
21/02/2012 14:37:45	TASTEGGIO	1	0	8000	53821	161932	242	-8	0.09	0.09	0	
21/02/2012 14:37:56	TASTEGGIO	1	0	8000	53821	117659	242	-8	0.09	0.10	-44500	
21/02/2012 14:39:42	TASTEGGIO	1	0	8000	53820	117698	242	-8	0.49	0.51	-24500	
21/02/2012 14:40:10	TASTEGGIO	1	0	8000	53820	142142	328	-67	0.23	0.23	0	
21/02/2012 14:40:32	TASTEGGIO	0	1	8000	53820	142150	317	-37	0.50	0.50	0	
21/02/2012 14:40:54	TASTEGGIO	0	1	8000	53820	142154	208	-22	0.29	0.29	0	
21/02/2012 14:41:15	TASTEGGIO	0	2	8000	53820	142155	231	-21	0.07	0.07	0	
21/02/2012 14:41:25	TASTEGGIO	0	2	8000	53821	117679	231	-21	0.10	0.18	44500	
21/02/2012 14:41:51	TASTEGGIO	1	0	8000	53821	73251	245	-18	0.10	0.10	0	
21/02/2012 14:42:02	TASTEGGIO	1	0	8000	53820	117552	245	-18	0.13	0.16	-24500	
21/02/2012 14:42:29	TASTEGGIO	1	0	8000	53821	142001	240	-22	0.12	0.12	0	
21/02/2012 14:42:39	TASTEGGIO	1	0	8000	53820	117652	240	-22	0.14	0.17	24500	
21/02/2012 14:43:05	TASTEGGIO	1	0	8000	53820	93199	242	-19	0.08	0.08	0	
21/02/2012 14:43:15	TASTEGGIO	1	0	8000	53820	117551	242	-19	0.09	0.10	-24500	
21/02/2012 14:45:03	TASTEGGIO	1	0	8000	53820	117703	242	-19	0.39	0.53	44500	
21/02/2012 14:45:31	TASTEGGIO	1	0	8000	53820	73260	333	-36	0.18	0.18	0	
21/02/2012 14:45:51	TASTEGGIO	0	0	8000	53820	73261	245	-7	0.13	0.13	0	
21/02/2012 14:46:02	TASTEGGIO	0	0	8000	53820	117554	245	-7	0.17	0.32	-44500	
21/02/2012 14:46:29	TASTEGGIO	1	0	8000	53820	161936	280	-45	0.15	0.15	0	
21/02/2012 14:46:51	TASTEGGIO	0	1	8000	53820	161955	272	-54	0.36	0.36	0	
21/02/2012 14:47:11	TASTEGGIO	0	1	8000	53820	161969	185	-9	0.27	0.27	0	
21/02/2012 14:47:33	TASTEGGIO	0	2	8000	53820	161978	213	-8	0.21	0.21	0	
21/02/2012 14:47:54	TASTEGGIO	0	3	8000	53820	161986	241	-6	0.14	0.14	0	
21/02/2012 14:48:05	TASTEGGIO	0	3	8000	53820	117668	241	-6	0.04	0.15	44500	
21/02/2012 14:48:30	TASTEGGIO	1	0	8000	53820	73235	237	0	0.13	0.13	0	
21/02/2012 14:48:41	TASTEGGIO	1	0	8000	53820	117552	237	0	0.05	0.15	-44500	
21/02/2012 14:49:07	TASTEGGIO	1	0	8000	53820	161931	237	-8	0.12	0.12	0	
21/02/2012 14:49:18	TASTEGGIO	1	0	8000	53820	117655	237	-8	0.07	0.17	44500	
21/02/2012 14:49:43	TASTEGGIO	1	0	8000	53820	73222	242	-1	0.15	0.15	0	
21/02/2012 14:50:03	TASTEGGIO	0	1	8000	53820	73221	255	-1	0.14	0.14	0	
21/02/2012 14:50:14	TASTEGGIO	0	1	8000	53820	117552	255	-1	0.07	0.15	44500	
21/02/2012 14:50:39	TASTEGGIO	1	0	8000	53820	73128	237	0	0.13	0.13	0	
21/02/2012 14:50:50	TASTEGGIO	1	0	8000	53820	117551	237	0	0.06	0.14	44500	
21/02/2012 14:51:15	TASTEGGIO	1	0	8000	53820	73133	235	-1	0.16	0.16	0	
21/02/2012 14:51:37	TASTEGGIO	0	1	8000	53820	73127	253	0	0.13	0.13	0	
21/02/2012 14:51:58	TASTEGGIO	0	2	8000	53820	73124	274	-4	0.12	0.12	0	
21/02/2012 14:52:08	TASTEGGIO	0	2	8000	53820	117552	274	-4	0.06	0.14	-44500	
21/02/2012 14:52:34	TASTEGGIO	1	0	8000	53820	161922	235	-2	0.15	0.15	0	
21/02/2012 14:52:55	TASTEGGIO	0	1	8000	53820	161933	251	-4	0.12	0.12	0	
21/02/2012 14:53:06	TASTEGGIO	0	1	8000	53820	117652	251	-4	0.07	0.14	44500	
21/02/2012 14:53:31	TASTEGGIO	1	0	8000	53820	73223	235	0	0.15	0.15	0	
21/02/2012 14:53:53	TASTEGGIO	0	1	8000	53820	73220	251	-1	0.15	0.15	0	
21/02/2012 14:54:14	TASTEGGIO	0	2	8000	53820	73218	281	-4	0.11	0.11	0	
21/02/2012 14:54:25	TASTEGGIO	0	2	8000	53820	117552	281	-4	0.07	0.13	-44500	
21/02/2012 14:54:51	TASTEGGIO	1	0	8000	53820	161922	232	-3	0.14	0.14	0	
21/02/2012 14:55:12	TASTEGGIO	0	1	8000	53820	161934	247	-10	0.08	0.08	0	
21/02/2012 14:55:22	TASTEGGIO	0	1	8000	53820	117653	247	-10	0.06	0.10	44500	
21/02/2012 14:57:11	TASTEGGIO	0	1	8000	53820	117711	247	-10	2.93	3.00	-24500	
21/02/2012 14:57:36	TASTEGGIO	1	0	8000	53820	142163	400	-9	2.88	2.88	0	
21/02/2012 14:57:58	TASTEGGIO	0	1	8000	53820	142171	400	-29	2.77	2.77	0	
21/02/2012 14:58:19	TASTEGGIO	0	2	8000	53820	142181	400	-5	2.73	2.73	0	
21/02/2012 14:58:40	TASTEGGIO	0	3	8000	53820	142186	400	-3	2.71	2.71	0	
21/02/2012 14:59:03	TASTEGGIO	0	4	8000	53820	142194	400	-7	2.68	2.68	0	
21/02/2012 14:59:26	TASTEGGIO	0	5	8000	53820	142198	400	-64	2.78	2.78	0	
21/02/2012 14:59:48	TASTEGGIO	0	6	8000	53820	142198	400	-7	2.71	2.71	0	
21/02/2012 15:00:11	TASTEGGIO	0	7	8000	53820	142198	400	-3	2.71	2.71	0	
21/02/2012 15:00:32	TASTEGGIO	0	8	8000	53820	142198	400	-2	2.67	2.67	0	
21/02/2012 15:00:54	TASTEGGIO	0	9	8000	53820	142198	400	-7	2.68	2.68	0	
21/02/2012 15:01:16	TASTEGGIO	0	10	8000	53820	142198	400	-2	2.65	2.65	0	
21/02/2012 15:01:37	TASTEGGIO	0	11	8000	53820	142198	400	-2	2.62	2.62	0	
21/02/2012 15:01:58	TASTEGGIO	0	12	8000	53820	142198	400	-1	2.61	2.61	0	
21/02/2012 15:02:20	TASTEGGIO	0	13	8000	53820	142198	400	-2	2.60	2.60	0	
21/02/2012 15:02:43	TASTEGGIO	0	14	8000	53820	142198	400	-3	2.61	2.61	0	
21/02/2012 15:03:05	TASTEGGIO	0	15	8000	53820	142198	400	-3	2.60	2.60	0	
21/02/2012 15:03:26	TASTEGGIO	0	16	8000	53820	142198	400	-3	2.60	2.60	0	
21/02/2012 15:03:47	TASTEGGIO	0	17	8000	53820	142198	400	-1	2.60	2.60	0	
21/02/2012 15:04:08	TASTEGGIO	0	18	8000	53820	142198	400	-1	2.54	2.54	0	
21/02/2012 15:04:29	TASTEGGIO	0	19	8000	53820	142198	400	0	2.60	2.60	0	
21/02/2012 15:04:50	TASTEGGIO	0	20	8000	53820	142198	400	0	2.61	2.61	0	
21/02/2012 15:05:11	TASTEGGIO	0	21	8000	53820	142198	400	-2	2.59	2.59	0	
21/02/2012 15:05:32	TASTEGGIO	0	22	8000	53820	142198	400	-2	2.59	2.59	0	
21/02/2012 15:05:52	TASTEGGIO	0	23	8000	53820	142197	400	0	2.60	2.60	0	
21/02/2012 15:06:13	TASTEGGIO	0	24	8000	53820	142197	400	-3	2.61	2.61	0	
21/02/2012 15:06:34	TASTEGGIO	0	25	8000	53820	142198	400	-2	2.59	2.59	0	
21/02/2012 15:06:55	TASTEGGIO	0	26	8000	53820	142197	400	-3	2.59	2.59	0	
21/02/2012 15:07:16	TASTEGGIO	0	27	8000	53820	142198	400	0	2.57	2.57	0	
21/02/2012 15:07:36	TASTEGGIO	0	28	8000	53820	142197	400	-1	2.58	2.58	0	
21/02/2012 15:07:57	TASTEGGIO	0	29	8000	53820	142198	400	-1	2.60	2.60	0	
21/02/2012 15:08:17	TASTEGGIO	0	30	8000	53820	142198	400	0	2.60	2.60	0	
21/02/2012 15:08:38	TASTEGGIO	0	31	8000	53820	142198	400	0	2.61	2.61	0	
21/02/2012 15:08:58	TASTEGGIO	0	32	8000	53820	142198	400	0	2.60	2.60	0	
21/02/2012 15:09:18	TASTEGGIO	0	33	8000	53820	142197	400	0	2.59	2.59	0	
21/02/2012 15:09:38	TASTEGGIO	0	34	8000	53820	142198	400	0	2.62	2.62	0	
21/02/2012 15:09:58	TASTEGGIO	0	35	8000	53820	142197	400	0	2.59	2.59	0	
21/02/2012 15:10:18	TASTEGGIO	0	36	8000	53820	142198	400	0	2.59	2.59	0	
21/02/2012 15:10:38	TASTEGGIO	0	37	8000	53820	142198	400	0	2.58	2.58	0	
21/02/2012 15:10:39	ALARM 401		
21/02/2012 15:10:55	TASTEGGIO	0	37	8000	53820	142198	400	0	1.83	1.83	0	
21/02/2012 15:11:23	TASTEGGIO	1	0	8000	53820	142198	480	-350	0.00	0.00	0	
21/02/2012 15:11:27	TASTEGGIO	1	0	8000	53820	142198	480	-350	0.00	0.00	0	
21/02/2012 15:11:40	TASTEGGIO	1	0	8000	53820	142198	480	-350	0.00	0.00	44500	
21/02/2012 15:18:50	ALARM 401		
21/02/2012 15:23:47	TASTEGGIO	1	0	8000	53820	142197	903	-34	3.94	3.94	0	
21/02/2012 15:25:55	TASTEGGIO	1	0	8000	53820	142197	1000	-165	3.29	3.29	0	
21/02/2012 15:26:59	TASTEGGIO	1	0	8000	53820	142198	1042	-358	2.41	2.41	0	
21/02/2012 15:27:18	TASTEGGIO	1	0	8000	53820	117710	1042	-358	2.44	2.45	-24500	
21/02/2012 15:27:49	TASTEGGIO	1	0	8000	53820	142162	576	-95	1.97	1.97	0	
21/02/2012 15:28:07	TASTEGGIO	1	0	8000	53820	117671	576	-95	2.10	2.10	0	
21/02/2012 15:28:37	TASTEGGIO	1	0	8000	53820	117691	576	-113	1.08	1.08	0	
21/02/2012 15:28:57	TASTEGGIO	1	0	8000	53821	117673	576	-113	1.07	1.22	-44500	
21/02/2012 15:29:26	TASTEGGIO	1	0	8000	53821	162056	400	-47	0.88	0.88	0	
21/02/2012 15:29:48	TASTEGGIO	0	1	8000	53821	162085	400	-30	0.58	0.58	0	
21/02/2012 15:30:12	TASTEGGIO	0	2	8000	53821	162111	400	-14	0.42	0.42	0	
21/02/2012 15:30:35	TASTEGGIO	0	3	8000	53821	162124	400	-9	0.34	0.34	0	
21/02/2012 15:30:59	TASTEGGIO	0	4	8000	53821	162132	400	-6	0.29	0.29	0	
21/02/2012 15:31:22	TASTEGGIO	0	5	8000	53821	162131	400	-13	0.16	0.16	0	
21/02/2012 15:31:46	TASTEGGIO	0	6	8000	53821	162132	400	-4	0.10	0.10	0	
21/02/2012 15:31:57	TASTEGGIO	0	6	8000	53821	117681	400	-4	0.27	0.61	44500	
21/02/2012 15:32:23	TASTEGGIO	1	0	8000	53821	73245	353	-45	0.19	0.19	0	
21/02/2012 15:32:44	TASTEGGIO	0	0	8000	53821	73243	247	-5	0.13	0.13	0	
21/02/2012 15:32:55	TASTEGGIO	0	0	8000	53821	117554	247	-5	0.28	0.28	0	
21/02/2012 15:33:19	TASTEGGIO	1	0	8000	53821	117555	270	-33	0.05	0.05	0	
21/02/2012 15:33:27	TASTEGGIO	1	0	8000	53821	117562	270	-33	0.07	0.32	44500	
21/02/2012 15:33:53	TASTEGGIO	1	0	8000	53821	73141	280	-5	0.25	0.25	0	
21/02/2012 15:34:14	TASTEGGIO	0	1	8000	53821	73141	299	-2	0.25	0.25	0	
21/02/2012 15:34:37	TASTEGGIO	0	2	8000	53821	73140	349	-18	0.16	0.16	0	
21/02/2012 15:35:00	TASTEGGIO	0	3	8000	53821	73142	366	-32	0.19	0.19	0	
21/02/2012 15:35:22	TASTEGGIO	0	1	8000	53821	73143	343	-78	0.59	0.59	0	
21/02/2012 15:35:40	TASTEGGIO	0	1	8000	53821	73164	159	-3	0.54	0.54	0	
21/02/2012 15:36:01	TASTEGGIO	0	2	8000	53821	73164	257	-5	0.51	0.51	0	
21/02/2012 15:36:23	TASTEGGIO	0	3	8000	53821	73164	400	-29	0.24	0.24	0	
21/02/2012 15:36:43	TASTEGGIO	0	0	8000	53821	73164	260	-1	0.26	0.26	0	
21/02/2012 15:37:06	TASTEGGIO	0	1	8000	53821	73164	288	-2	0.23	0.23	0	
21/02/2012 15:37:27	TASTEGGIO	0	2	8000	53821	73164	328	-1	0.24	0.24	0	
21/02/2012 15:37:51	TASTEGGIO	0	3	8000	53821	73164	400	-15	0.08	0.08	0	
21/02/2012 15:38:02	TASTEGGIO	0	3	8000	53821	117553	400	-15	0.08	0.13	24500	
21/02/2012 15:39:50	TASTEGGIO	0	3	8000	53821	117798	400	-15	1.12	1.34	-24500	
21/02/2012 15:40:18	TASTEGGIO	1	0	8000	53821	142249	400	-66	0.69	0.69	0	
21/02/2012 15:40:41	TASTEGGIO	0	1	8000	53821	142258	400	-47	0.21	0.21	0	
21/02/2012 15:41:04	TASTEGGIO	0	0	8000	53821	142258	252	0	0.21	0.21	0	
21/02/2012 15:41:27	TASTEGGIO	0	1	8000	53821	142264	273	0	0.22	0.22	0	
21/02/2012 15:41:51	TASTEGGIO	0	2	8000	53821	142264	319	-25	0.26	0.26	0	
21/02/2012 15:42:13	TASTEGGIO	0	1	8000	53821	142264	288	-42	0.25	0.25	0	
21/02/2012 15:42:36	TASTEGGIO	0	1	8000	53821	142264	263	-18	0.16	0.16	0	
21/02/2012 15:42:58	TASTEGGIO	0	2	8000	53821	142264	277	-3	0.14	0.14	0	
21/02/2012 15:43:08	TASTEGGIO	0	2	8000	53821	117785	277	-3	0.12	0.32	-44500	
21/02/2012 15:43:34	TASTEGGIO	1	0	8000	53821	162160	280	-30	0.08	0.08	0	
21/02/2012 15:43:45	TASTEGGIO	1	0	8000	53821	117780	280	-30	0.12	0.34	44500	
21/02/2012 15:44:12	TASTEGGIO	1	0	8000	53821	73342	285	-26	0.16	0.16	0	
21/02/2012 15:44:32	TASTEGGIO	0	0	8000	53821	73339	240	-11	0.09	0.09	0	
21/02/2012 15:44:42	TASTEGGIO	0	0	8000	53821	117656	240	-11	0.10	0.18	-44500	
21/02/2012 15:45:08	TASTEGGIO	1	0	8000	53821	162035	245	-9	0.12	0.12	0	
21/02/2012 15:45:18	TASTEGGIO	1	0	8000	53821	117746	245	-9	0.06	0.13	-44500	
21/02/2012 15:45:44	TASTEGGIO	1	0	8000	53821	162121	232	-3	0.14	0.14	0	
21/02/2012 15:46:04	TASTEGGIO	0	1	8000	53821	162143	247	-4	0.09	0.09	0	
21/02/2012 15:46:15	TASTEGGIO	0	1	8000	53821	117751	247	-4	0.02	0.16	44500	
21/02/2012 15:46:41	TASTEGGIO	1	0	8000	53821	73318	240	-2	0.13	0.13	0	
21/02/2012 15:46:52	TASTEGGIO	1	0	8000	53821	117654	240	-2	0.03	0.15	44500	
21/02/2012 15:47:17	TASTEGGIO	1	0	8000	53821	73233	237	-1	0.13	0.13	0	
21/02/2012 15:47:28	TASTEGGIO	1	0	8000	53821	117646	237	-1	0.07	0.14	44500	
21/02/2012 15:47:53	TASTEGGIO	1	0	8000	53821	73233	235	0	0.13	0.13	0	
21/02/2012 15:48:13	TASTEGGIO	0	1	8000	53821	73221	247	-2	0.12	0.12	0	
21/02/2012 15:48:24	TASTEGGIO	0	1	8000	53821	117648	247	-2	0.05	0.13	44500	
21/02/2012 15:48:48	TASTEGGIO	1	0	8000	53821	73216	232	-1	0.12	0.12	0	
21/02/2012 15:48:59	TASTEGGIO	1	0	8000	53821	117655	232	-1	0.06	0.13	44500	
21/02/2012 15:49:24	TASTEGGIO	1	0	8000	53821	73221	232	0	0.14	0.14	0	
21/02/2012 15:49:44	TASTEGGIO	0	1	8000	53821	73209	247	-1	0.12	0.12	0	
21/02/2012 15:49:55	TASTEGGIO	0	1	8000	53821	117651	247	-1	0.06	0.13	44500	
21/02/2012 15:50:20	TASTEGGIO	1	0	8000	53821	73230	232	0	0.12	0.12	0	
21/02/2012 15:50:30	TASTEGGIO	1	0	8000	53821	117651	232	0	0.05	0.13	44500	
21/02/2012 15:50:55	TASTEGGIO	1	0	8000	53821	73228	232	0	0.14	0.14	0	
21/02/2012 15:51:15	TASTEGGIO	0	1	8000	53821	73218	247	-1	0.10	0.10	0	
21/02/2012 15:51:26	TASTEGGIO	0	1	8000	53821	117655	247	-1	0.07	0.12	44500	
21/02/2012 15:53:15	TASTEGGIO	0	1	8000	53821	117818	247	-1	0.67	0.85	-24500	
21/02/2012 15:53:42	TASTEGGIO	1	0	8000	53821	142270	400	-94	0.23	0.23	0	
21/02/2012 15:54:06	TASTEGGIO	0	1	8000	53821	142271	393	-148	1.26	1.26	0	
21/02/2012 15:54:21	TASTEGGIO	0	1	8000	53821	142272	0	-7	1.20	1.20	0	
21/02/2012 15:54:41	TASTEGGIO	0	2	8000	53821	142276	228	-8	1.13	1.13	0	
21/02/2012 15:55:05	TASTEGGIO	0	3	8000	53821	142277	400	-76	0.46	0.46	0	
21/02/2012 15:55:27	TASTEGGIO	0	0	8000	53821	142290	315	-10	0.35	0.35	0	
21/02/2012 15:55:50	TASTEGGIO	0	1	8000	53821	142290	341	-11	0.26	0.26	0	
21/02/2012 15:56:12	TASTEGGIO	0	2	8000	53821	142290	368	-19	0.09	0.09	0	
21/02/2012 15:56:23	TASTEGGIO	0	2	8000	53821	117807	368	-19	0.16	0.37	44500	
21/02/2012 15:56:48	TASTEGGIO	1	0	8000	53821	73369	293	-26	0.16	0.16	0	
21/02/2012 15:57:09	TASTEGGIO	0	0	8000	53821	73365	240	-9	0.09	0.09	0	
21/02/2012 15:57:20	TASTEGGIO	0	0	8000	53821	117658	240	-9	0.15	0.26	-44500	
21/02/2012 15:57:46	TASTEGGIO	1	0	8000	53821	162044	265	-27	0.08	0.08	0	
21/02/2012 15:57:57	TASTEGGIO	1	0	8000	53821	117757	265	-27	0.07	0.18	44500	
21/02/2012 15:58:23	TASTEGGIO	1	0	8000	53821	73322	245	-4	0.16	0.16	0	
21/02/2012 15:58:44	TASTEGGIO	0	1	8000	53821	73318	259	-1	0.15	0.15	0	
21/02/2012 15:59:06	TASTEGGIO	0	2	8000	53821	73316	287	-9	0.08	0.08	0	
21/02/2012 15:59:17	TASTEGGIO	0	2	8000	53821	117657	287	-9	0.05	0.11	-44500	
21/02/2012 16:01:06	TASTEGGIO	0	2	8000	53820	117800	287	-9	0.96	0.98	-24500	
21/02/2012 16:01:33	TASTEGGIO	1	0	8000	53820	142246	400	-85	0.37	0.37	0	
21/02/2012 16:01:55	TASTEGGIO	0	0	8000	53820	142256	293	-37	0.08	0.08	0	
21/02/2012 16:02:05	TASTEGGIO	0	0	8000	53820	117774	293	-37	0.15	0.15	24500	
21/02/2012 16:02:30	TASTEGGIO	1	0	8000	53820	93321	237	-18	0.10	0.10	0	
21/02/2012 16:02:40	TASTEGGIO	1	0	8000	53820	117655	237	-18	0.07	0.16	44500	
21/02/2012 16:03:07	TASTEGGIO	1	0	8000	53820	73230	240	-17	0.05	0.05	0	
21/02/2012 16:03:17	TASTEGGIO	1	0	8000	53820	117653	240	-17	0.10	0.11	24500	
21/02/2012 16:05:06	TASTEGGIO	1	0	8000	53821	117511	240	-17	0.13	0.23	44500	
21/02/2012 16:05:32	TASTEGGIO	1	0	8000	53821	73082	257	-17	0.09	0.09	0	
21/02/2012 16:05:42	TASTEGGIO	1	0	8000	53821	117350	257	-17	0.14	0.14	0	
21/02/2012 16:06:06	TASTEGGIO	1	0	8000	53821	117349	235	-34	0.27	0.27	0	
21/02/2012 16:06:26	TASTEGGIO	0	1	8000	53821	117349	182	-9	0.15	0.15	0	
21/02/2012 16:06:46	TASTEGGIO	0	2	8000	53821	117349	193	-6	0.11	0.11	0	
21/02/2012 16:06:54	TASTEGGIO	0	2	8000	53821	117356	193	-6	0.11	0.20	44500	
21/02/2012 16:07:19	TASTEGGIO	1	0	8000	53821	72954	250	-7	0.14	0.14	0	
21/02/2012 16:07:30	TASTEGGIO	1	0	8000	53821	117350	250	-7	0.07	0.15	44500	
21/02/2012 16:07:55	TASTEGGIO	1	0	8000	53821	72950	237	-1	0.17	0.17	0	
21/02/2012 16:08:16	TASTEGGIO	0	1	8000	53821	72943	256	-3	0.12	0.12	0	
21/02/2012 16:08:27	TASTEGGIO	0	1	8000	53821	117346	256	-3	0.06	0.13	44500	
21/02/2012 16:08:52	TASTEGGIO	1	0	8000	53821	72954	232	-1	0.12	0.12	0	
21/02/2012 16:09:03	TASTEGGIO	1	0	8000	53821	117345	232	-1	0.06	0.13	44500	
21/02/2012 16:09:28	TASTEGGIO	1	0	8000	53821	72941	232	0	0.13	0.13	0	
21/02/2012 16:09:48	TASTEGGIO	0	1	8000	53821	72934	245	-2	0.10	0.10	0	
21/02/2012 16:09:59	TASTEGGIO	0	1	8000	53821	117350	245	-2	0.05	0.11	-44500	
21/02/2012 16:11:47	TASTEGGIO	0	1	8000	53821	117599	245	-2	2.00	2.00	0	
21/02/2012 16:12:13	TASTEGGIO	1	0	8000	53821	117624	400	-36	1.75	1.75	0	
21/02/2012 16:12:36	TASTEGGIO	0	1	8000	53821	117624	400	-19	1.55	1.55	0	
21/02/2012 16:12:59	TASTEGGIO	0	2	8000	53821	117623	400	-4	1.53	1.53	0	
21/02/2012 16:13:22	TASTEGGIO	0	3	8000	53821	117623	400	-8	1.43	1.43	0	
21/02/2012 16:13:45	TASTEGGIO	0	4	8000	53821	117623	400	-2	1.46	1.46	0	
21/02/2012 16:14:07	TASTEGGIO	0	5	8000	53821	117623	400	-1	1.47	1.47	0	
21/02/2012 16:14:31	TASTEGGIO	0	6	8000	53821	117623	400	-1	1.43	1.43	0	
21/02/2012 16:14:54	TASTEGGIO	0	7	8000	53821	117623	400	-1	1.43	1.43	0	
21/02/2012 16:15:17	TASTEGGIO	0	8	8000	53821	117623	400	0	1.39	1.39	0	
21/02/2012 16:15:39	TASTEGGIO	0	9	8000	53821	117623	400	-1	1.42	1.42	0	
21/02/2012 16:16:02	TASTEGGIO	0	10	8000	53821	117623	400	0	1.39	1.39	0	
21/02/2012 16:16:26	TASTEGGIO	0	11	8000	53821	117623	400	-3	1.37	1.37	0	
21/02/2012 16:16:48	TASTEGGIO	0	12	8000	53821	117623	400	0	1.39	1.39	0	
21/02/2012 16:17:12	TASTEGGIO	0	13	8000	53821	117623	400	-3	1.33	1.33	0	
21/02/2012 16:17:34	TASTEGGIO	0	14	8000	53821	117623	400	0	1.36	1.36	0	
21/02/2012 16:17:57	TASTEGGIO	0	15	8000	53821	117623	400	0	1.36	1.36	0	
21/02/2012 16:18:19	TASTEGGIO	0	16	8000	53821	117623	400	-1	1.31	1.31	0	
21/02/2012 16:18:43	TASTEGGIO	0	17	8000	53821	117623	400	1	1.32	1.32	0	
21/02/2012 16:19:05	TASTEGGIO	0	18	8000	53821	117623	400	0	1.33	1.33	0	
21/02/2012 16:19:28	TASTEGGIO	0	19	8000	53821	117623	400	-1	1.32	1.32	0	
21/02/2012 16:19:51	TASTEGGIO	0	20	8000	53821	117623	400	0	1.30	1.30	0	
21/02/2012 16:20:14	TASTEGGIO	0	21	8000	53821	117623	400	0	1.28	1.28	0	
21/02/2012 16:20:37	TASTEGGIO	0	22	8000	53821	117623	400	0	1.31	1.31	0	
21/02/2012 16:21:00	TASTEGGIO	0	23	8000	53821	117623	400	0	1.30	1.30	0	
21/02/2012 16:21:22	TASTEGGIO	0	24	8000	53821	117623	400	-1	1.28	1.28	0	
21/02/2012 16:21:46	TASTEGGIO	0	25	8000	53821	117623	400	0	1.29	1.29	0	
21/02/2012 16:22:08	TASTEGGIO	0	26	8000	53821	117623	400	-1	1.27	1.27	0	
21/02/2012 16:22:32	TASTEGGIO	0	27	8000	53821	117623	400	2	1.27	1.27	0	
21/02/2012 16:22:54	TASTEGGIO	0	28	8000	53821	117623	400	0	1.26	1.26	0	
21/02/2012 16:23:17	TASTEGGIO	0	29	8000	53821	117623	400	2	1.28	1.28	0	
21/02/2012 16:23:41	TASTEGGIO	0	30	8000	53821	117623	400	0	1.26	1.26	0	
21/02/2012 16:24:03	TASTEGGIO	0	31	8000	53821	117623	400	-1	1.26	1.26	0	
21/02/2012 16:24:25	TASTEGGIO	0	32	8000	53821	117623	400	0	1.26	1.26	0	
21/02/2012 16:24:49	TASTEGGIO	0	33	8000	53821	117623	400	0	1.26	1.26	0	
21/02/2012 16:25:11	TASTEGGIO	0	34	8000	53821	117623	400	0	1.26	1.26	0	
21/02/2012 16:25:34	TASTEGGIO	0	35	8000	53821	117623	400	2	1.25	1.25	0	
21/02/2012 16:25:56	TASTEGGIO	0	36	8000	53821	117623	400	0	1.25	1.25	0	
21/02/2012 16:26:19	TASTEGGIO	0	37	8000	53821	117623	400	0	1.25	1.25	0	
21/02/2012 16:26:41	TASTEGGIO	0	38	8000	53821	117623	400	0	1.27	1.27	0	
21/02/2012 16:27:05	TASTEGGIO	0	39	8000	53821	117623	400	0	1.26	1.26	0	
21/02/2012 16:27:27	TASTEGGIO	0	40	8000	53821	117623	400	0	1.24	1.24	0	
21/02/2012 16:27:50	TASTEGGIO	0	41	8000	53821	117623	400	0	1.29	1.29	0	
21/02/2012 16:28:13	TASTEGGIO	0	42	8000	53821	117623	400	0	1.24	1.24	0	
21/02/2012 16:28:34	TASTEGGIO	0	43	8000	53821	117623	400	0	1.24	1.24	0	
21/02/2012 16:28:55	TASTEGGIO	0	44	8000	53821	117623	400	0	1.24	1.24	0	
21/02/2012 16:29:18	TASTEGGIO	0	45	8000	53821	117623	400	1	1.25	1.25	0	
21/02/2012 16:29:41	TASTEGGIO	0	46	8000	53821	117623	400	0	1.25	1.25	0	
21/02/2012 16:30:03	TASTEGGIO	0	47	8000	53821	117623	400	0	1.31	1.31	0	
21/02/2012 16:30:26	TASTEGGIO	0	48	8000	53821	117623	400	-1	1.24	1.24	0	
21/02/2012 16:30:47	TASTEGGIO	0	49	8000	53821	117623	400	0	1.27	1.27	0	
21/02/2012 16:31:10	TASTEGGIO	0	50	8000	53821	117623	400	1	1.24	1.24	0	
21/02/2012 16:31:31	TASTEGGIO	0	51	8000	53821	117623	400	0	1.24	1.24	0	
21/02/2012 16:31:54	TASTEGGIO	0	52	8000	53821	117623	400	0	1.24	1.24	0	
21/02/2012 16:32:15	TASTEGGIO	0	53	8000	53821	117623	400	0	1.28	1.28	0	
21/02/2012 16:32:38	TASTEGGIO	0	54	8000	53821	117623	400	0	1.24	1.24	0	
21/02/2012 16:33:01	TASTEGGIO	0	55	8000	53821	117623	400	0	1.23	1.23	0	
21/02/2012 16:33:22	TASTEGGIO	0	56	8000	53821	117623	400	0	1.23	1.23	0	
21/02/2012 16:33:45	TASTEGGIO	0	57	8000	53821	117623	400	1	1.23	1.23	0	
21/02/2012 16:34:07	TASTEGGIO	0	58	8000	53821	117623	400	1	1.23	1.23	0	
21/02/2012 16:34:28	TASTEGGIO	0	59	8000	53821	117623	400	0	1.23	1.23	0	
21/02/2012 16:34:51	TASTEGGIO	0	60	8000	53821	117623	400	-1	1.23	1.23	0	
21/02/2012 16:34:52	ALARM 401		
21/02/2012 16:34:55	ALARM 401		
21/02/2012 16:35:07	TASTEGGIO	0	60	8000	53821	117623	400	-1	0.08	0.08	0	
21/02/2012 16:35:14	TASTEGGIO	0	60	8000	53821	117623	400	-1	0.01	0.01	0	
21/02/2012 16:35:36	TASTEGGIO	0	60	8000	53821	117623	400	-1	1.23	1.23	0	
21/02/2012 16:36:02	TASTEGGIO	1	0	8000	53821	117623	480	-38	0.88	0.88	0	
21/02/2012 16:36:26	TASTEGGIO	0	1	8000	53821	117623	480	-32	0.53	0.53	0	
21/02/2012 16:36:52	TASTEGGIO	0	2	8000	53821	117623	480	-33	0.28	0.28	0	
21/02/2012 16:36:53	ALARM 401		
21/02/2012 16:36:55	ALARM 401		
21/02/2012 16:36:55	ALARM 401		
21/02/2012 16:37:09	TASTEGGIO	0	2	8000	53821	117583	480	-33	0.27	0.80	44500	
21/02/2012 16:37:36	TASTEGGIO	1	0	8000	53821	73158	400	-56	0.30	0.30	0	
21/02/2012 16:37:57	TASTEGGIO	0	0	8000	53821	73150	275	0	0.27	0.27	0	
21/02/2012 16:38:20	TASTEGGIO	0	1	8000	53821	73149	299	1	0.27	0.27	0	
21/02/2012 16:38:42	TASTEGGIO	0	2	8000	53821	73147	353	-12	0.14	0.14	0	
21/02/2012 16:38:53	TASTEGGIO	0	2	8000	53821	117460	353	-12	0.28	0.35	-44500	
21/02/2012 16:39:26	ALARM 201		err.6058
21/02/2012 16:39:42	TASTEGGIO	0	2	8000	53821	117461	353	-12	0.28	0.36	-44500	
21/02/2012 16:41:18	ALARM 201		err.6058
21/02/2012 16:41:22	ALARM 401		
21/02/2012 16:41:23	ALARM 401		
21/02/2012 16:42:34	TASTEGGIO	0	2	8000	53821	117461	353	-12	0.27	0.35	-44500	
21/02/2012 16:42:40	ALARM 201		err.6058
21/02/2012 16:46:11	ALARM 200		err.0
22/02/2012 07:19:28	ALARM 401		
