20/07/2011 15:43:30	TASTEGGIO	0	2	6400	47543	57979	295	-3	0.12	0.12	0	
20/07/2011 15:43:42	TASTEGGIO	0	2	6400	47543	102437	295	-3	0.10	0.14	44500	
20/07/2011 15:44:07	TASTEGGIO	1	0	6400	47543	57985	229	0	0.12	0.12	0	
20/07/2011 15:44:26	TASTEGGIO	0	1	6400	47543	57977	239	0	0.14	0.14	0	
20/07/2011 15:44:47	TASTEGGIO	0	1	6400	47543	57973	287	-1	0.15	0.15	0	
20/07/2011 15:45:09	TASTEGGIO	0	1	6400	47543	57970	335	-10	0.06	0.06	0	
20/07/2011 15:45:20	TASTEGGIO	0	1	6400	47543	102429	335	-10	0.07	0.09	-44500	
20/07/2011 15:45:45	TASTEGGIO	1	0	6400	47543	146858	223	-7	0.03	0.03	0	
20/07/2011 15:45:55	TASTEGGIO	1	0	6400	47543	102580	223	-7	0.06	0.08	44500	
20/07/2011 15:48:02	TASTEGGIO	1	0	6400	47543	102490	223	-7	0.08	0.09	24500	
20/07/2011 15:48:27	TASTEGGIO	1	0	6400	47543	78021	223	-6	0.04	0.04	0	
20/07/2011 15:48:36	TASTEGGIO	1	0	6400	47543	102356	223	-6	0.04	0.06	-24500	
20/07/2011 15:50:45	TASTEGGIO	1	0	6400	47543	102583	223	-6	0.05	0.07	44500	
20/07/2011 15:52:48	TASTEGGIO	1	0	6400	47543	102579	223	-6	0.04	0.09	44500	
20/07/2011 15:53:13	TASTEGGIO	1	0	6400	47543	58130	223	-3	0.05	0.05	0	
20/07/2011 15:53:23	TASTEGGIO	1	0	6400	47543	102446	223	-3	0.02	0.07	44500	
20/07/2011 15:55:37	TASTEGGIO	1	0	6400	47542	102579	223	-3	0.17	0.21	24500	
20/07/2011 15:56:02	TASTEGGIO	1	0	6400	47542	78124	238	-6	0.16	0.16	0	
20/07/2011 15:56:23	TASTEGGIO	0	1	6400	47542	78119	250	-2	0.13	0.13	0	
20/07/2011 15:56:33	TASTEGGIO	0	1	6400	47542	102449	250	-2	0.11	0.14	24500	
20/07/2011 15:56:58	TASTEGGIO	1	0	6400	47542	77990	229	-1	0.12	0.12	0	
20/07/2011 15:57:18	TASTEGGIO	0	1	6400	47542	77985	239	0	0.12	0.12	0	
20/07/2011 15:57:40	TASTEGGIO	0	1	6400	47542	77979	275	-6	0.08	0.08	0	
20/07/2011 15:57:49	TASTEGGIO	0	1	6400	47542	102443	275	-6	0.07	0.08	44500	
20/07/2011 15:59:55	TASTEGGIO	0	1	6400	47543	102483	275	-6	0.03	0.06	-44500	
20/07/2011 16:02:03	TASTEGGIO	0	1	6400	47543	102484	275	-6	0.12	0.13	44500	
20/07/2011 16:02:27	TASTEGGIO	1	0	6400	47543	58023	228	-3	0.09	0.09	0	
20/07/2011 16:02:48	TASTEGGIO	0	1	6400	47543	58019	234	-1	0.08	0.08	0	
20/07/2011 16:02:59	TASTEGGIO	0	1	6400	47543	102355	234	-1	0.09	0.11	-24500	
20/07/2011 16:03:24	TASTEGGIO	1	0	6400	47543	126804	225	-9	0.05	0.05	0	
20/07/2011 16:03:33	TASTEGGIO	1	0	6400	47543	102487	225	-9	0.02	0.09	-44500	
20/07/2011 16:03:58	TASTEGGIO	1	0	6400	47543	146904	223	-7	0.01	0.01	0	
20/07/2011 16:04:08	TASTEGGIO	1	0	6400	47543	102491	223	-7	0.06	0.06	0	
20/07/2011 16:06:17	TASTEGGIO	1	0	6400	47543	102584	223	-7	0.12	0.14	24500	
20/07/2011 16:06:42	TASTEGGIO	1	0	6400	47543	78114	229	-6	0.08	0.08	0	
20/07/2011 16:06:52	TASTEGGIO	1	0	6400	47543	102453	229	-6	0.09	0.09	0	
20/07/2011 16:07:15	TASTEGGIO	1	0	6400	47543	102451	223	-7	0.03	0.03	0	
20/07/2011 16:07:23	TASTEGGIO	1	0	6400	47543	102454	223	-7	0.03	0.05	24500	
20/07/2011 16:09:36	TASTEGGIO	1	0	6400	47543	102580	223	-7	0.09	0.09	44500	
20/07/2011 16:10:01	TASTEGGIO	1	0	6400	47543	58110	223	-2	0.06	0.06	0	
20/07/2011 16:10:11	TASTEGGIO	1	0	6400	47543	102453	223	-2	0.08	0.08	0	
20/07/2011 16:12:17	TASTEGGIO	1	0	6400	47543	102581	223	-2	0.13	0.18	24500	
20/07/2011 16:12:41	TASTEGGIO	1	0	6400	47543	78114	234	-5	0.12	0.12	0	
20/07/2011 16:12:51	TASTEGGIO	1	0	6400	47543	102456	234	-5	0.09	0.13	44500	
20/07/2011 16:13:15	TASTEGGIO	1	0	6400	47543	57993	228	-2	0.11	0.11	0	
20/07/2011 16:13:35	TASTEGGIO	0	1	6400	47543	57989	237	-2	0.10	0.10	0	
20/07/2011 16:13:57	TASTEGGIO	0	1	6400	47543	57985	264	-2	0.08	0.08	0	
20/07/2011 16:14:07	TASTEGGIO	0	1	6400	47543	102432	264	-2	0.06	0.09	44500	
20/07/2011 16:14:31	TASTEGGIO	1	0	6400	47543	57977	223	-2	0.08	0.08	0	
20/07/2011 16:14:41	TASTEGGIO	1	0	6400	47543	102432	223	-2	0.08	0.09	24500	
20/07/2011 16:15:06	TASTEGGIO	1	0	6400	47543	77989	223	-2	0.07	0.07	0	
20/07/2011 16:15:16	TASTEGGIO	1	0	6400	47543	102433	223	-2	0.06	0.07	-24500	
20/07/2011 16:17:14	TASTEGGIO	1	0	6400	47543	102489	223	-2	0.08	0.11	-44500	
20/07/2011 16:17:38	TASTEGGIO	1	0	6400	47543	146908	225	-7	0.04	0.04	0	
20/07/2011 16:17:49	TASTEGGIO	1	0	6400	47543	102492	225	-7	0.05	0.05	0	
20/07/2011 16:19:55	TASTEGGIO	1	0	6400	47543	102588	225	-7	0.10	0.12	-24500	
20/07/2011 16:20:20	TASTEGGIO	1	0	6400	47543	127041	227	-9	0.04	0.04	0	
20/07/2011 16:20:29	TASTEGGIO	1	0	6400	47543	102587	227	-9	0.04	0.06	24500	
20/07/2011 16:22:26	TASTEGGIO	1	0	6400	47543	102401	227	-9	0.14	0.18	44500	
20/07/2011 16:22:50	TASTEGGIO	1	0	6400	47543	57918	234	-6	0.22	0.22	0	
20/07/2011 16:23:11	TASTEGGIO	0	1	6400	47543	57916	286	-8	0.14	0.14	0	
20/07/2011 16:23:22	TASTEGGIO	0	1	6400	47543	102255	286	-8	0.11	0.15	44500	
20/07/2011 16:23:46	TASTEGGIO	1	0	6400	47543	57793	231	0	0.14	0.14	0	
20/07/2011 16:23:56	TASTEGGIO	1	0	6400	47543	102243	231	0	0.11	0.15	44500	
20/07/2011 16:24:21	TASTEGGIO	1	0	6400	47543	57783	231	0	0.14	0.14	0	
20/07/2011 16:24:31	TASTEGGIO	1	0	6400	47543	102233	231	0	0.11	0.15	44500	
20/07/2011 16:24:56	TASTEGGIO	1	0	6400	47543	57775	231	0	0.14	0.14	0	
20/07/2011 16:25:06	TASTEGGIO	1	0	6400	47543	102235	231	0	0.11	0.13	44500	
20/07/2011 16:25:31	TASTEGGIO	1	0	6400	47543	57791	228	0	0.13	0.13	0	
20/07/2011 16:25:51	TASTEGGIO	0	1	6400	47543	57784	254	0	0.13	0.13	0	
20/07/2011 16:26:12	TASTEGGIO	0	1	6400	47543	57777	293	-2	0.09	0.09	0	
20/07/2011 16:26:22	TASTEGGIO	0	1	6400	47543	102228	293	-2	0.08	0.10	24500	
20/07/2011 16:26:47	TASTEGGIO	1	0	6400	47543	77779	224	-4	0.06	0.06	0	
20/07/2011 16:26:56	TASTEGGIO	1	0	6400	47543	102222	224	-4	0.06	0.07	24500	
20/07/2011 16:29:00	TASTEGGIO	1	0	6400	47543	102491	224	-4	0.06	0.15	-44500	
20/07/2011 16:29:24	TASTEGGIO	1	0	6400	47543	146909	231	-8	0.09	0.09	0	
20/07/2011 16:29:35	TASTEGGIO	1	0	6400	47543	102497	231	-8	0.04	0.08	-44500	
20/07/2011 16:31:31	TASTEGGIO	1	0	6400	47543	102585	231	-8	0.09	0.11	24500	
20/07/2011 16:31:56	TASTEGGIO	1	0	6400	47543	78110	225	-5	0.06	0.06	0	
20/07/2011 16:32:06	TASTEGGIO	1	0	6400	47543	102455	225	-5	0.07	0.07	24500	
20/07/2011 16:34:19	TASTEGGIO	1	0	6400	47543	102583	225	-5	0.20	0.44	44500	
20/07/2011 16:34:44	TASTEGGIO	1	0	6400	47543	58113	268	-4	0.38	0.38	0	
20/07/2011 16:35:05	TASTEGGIO	0	1	6400	47543	58107	300	-3	0.33	0.33	0	
20/07/2011 16:35:26	TASTEGGIO	0	2	6400	47543	58105	357	-15	0.19	0.19	0	
20/07/2011 16:35:48	TASTEGGIO	0	3	6400	47543	58102	375	-11	0.09	0.09	0	
20/07/2011 16:35:59	TASTEGGIO	0	3	6400	47543	102447	375	-11	0.06	0.14	-44500	
20/07/2011 16:36:24	TASTEGGIO	1	0	6400	47543	146868	229	-7	0.07	0.07	0	
20/07/2011 16:36:34	TASTEGGIO	1	0	6400	47543	102584	229	-7	0.05	0.13	24500	
20/07/2011 16:37:00	TASTEGGIO	1	0	6400	47543	78120	228	-4	0.08	0.08	0	
20/07/2011 16:37:09	TASTEGGIO	1	0	6400	47543	102447	228	-4	0.02	0.10	44500	
20/07/2011 16:38:25	ALARM 17	proc 12 prog 10 step 47	LavoroTerminato
20/07/2011 16:44:13	ALARM 406		
21/07/2011 07:23:13	ALARM 401		
21/07/2011 07:23:15	INIT OK
21/07/2011 07:27:36	TASTEGGIO	0	0	8000	53817	121893	0	0	0.12	0.12	0	
21/07/2011 07:28:00	TASTEGGIO	1	0	8000	53817	121923	227	-57	0.44	0.44	0	
21/07/2011 07:28:14	TASTEGGIO	0	1	8000	53817	121919	65	-1	0.41	0.41	0	
21/07/2011 07:28:36	TASTEGGIO	0	1	8000	53817	121922	179	-12	0.30	0.30	0	
21/07/2011 07:28:57	TASTEGGIO	0	2	8000	53817	121922	210	-31	0.03	0.03	0	
21/07/2011 07:29:05	TASTEGGIO	0	2	8000	53817	121880	210	-31	0.02	0.05	44500	
21/07/2011 07:31:05	TASTEGGIO	0	2	8000	53817	122389	210	-31	0.06	0.08	24500	
21/07/2011 07:33:16	TASTEGGIO	0	2	8000	53817	122620	210	-31	0.11	0.11	0	
21/07/2011 07:33:40	TASTEGGIO	1	0	8000	53817	122648	225	-62	0.50	0.50	0	
21/07/2011 07:33:54	TASTEGGIO	0	1	8000	53817	122645	0	-1	0.48	0.48	0	
21/07/2011 07:34:12	TASTEGGIO	0	1	8000	53817	122645	138	-2	0.44	0.44	0	
21/07/2011 07:34:35	TASTEGGIO	0	1	8000	53817	122646	258	-81	0.37	0.37	0	
21/07/2011 07:34:57	TASTEGGIO	0	1	8000	53817	122646	226	-36	0.04	0.04	0	
21/07/2011 07:35:05	TASTEGGIO	0	1	8000	53817	122609	226	-36	0.04	0.07	-44500	
21/07/2011 07:37:00	TASTEGGIO	0	1	8000	53817	122384	226	-36	0.11	0.11	0	
21/07/2011 07:37:23	TASTEGGIO	1	0	8000	53817	122391	225	-54	0.43	0.43	0	
21/07/2011 07:37:37	TASTEGGIO	0	1	8000	53817	122391	56	-1	0.42	0.42	0	
21/07/2011 07:37:58	TASTEGGIO	0	1	8000	53817	122391	179	-10	0.31	0.31	0	
21/07/2011 07:38:18	TASTEGGIO	0	2	8000	53817	122391	211	-27	0.11	0.11	0	
21/07/2011 07:38:39	TASTEGGIO	0	0	8000	53817	122391	225	-56	0.45	0.45	0	
21/07/2011 07:38:52	TASTEGGIO	0	1	8000	53817	122391	40	-1	0.42	0.42	0	
21/07/2011 07:39:12	TASTEGGIO	0	1	8000	53817	122404	157	-5	0.37	0.37	0	
21/07/2011 07:39:34	TASTEGGIO	0	2	8000	53817	122404	222	-35	0.04	0.04	0	
21/07/2011 07:39:42	TASTEGGIO	0	2	8000	53817	122366	222	-35	0.03	0.05	-24500	
21/07/2011 07:41:39	TASTEGGIO	0	2	8000	53817	120692	222	-35	0.08	0.08	0	
21/07/2011 07:43:49	TASTEGGIO	0	2	8000	53817	120482	222	-35	0.10	0.14	-44500	
21/07/2011 07:44:14	TASTEGGIO	1	0	8000	53817	164874	229	-42	0.28	0.28	0	
21/07/2011 07:44:34	TASTEGGIO	0	1	8000	53817	164878	173	-9	0.18	0.18	0	
21/07/2011 07:44:54	TASTEGGIO	0	2	8000	53817	164882	189	-11	0.08	0.08	0	
21/07/2011 07:45:04	TASTEGGIO	0	2	8000	53817	120467	189	-11	0.11	0.11	0	
21/07/2011 07:45:28	TASTEGGIO	1	0	8000	53817	120481	225	-47	0.35	0.35	0	
21/07/2011 07:45:45	TASTEGGIO	0	1	8000	53817	120481	113	-2	0.33	0.33	0	
21/07/2011 07:46:05	TASTEGGIO	0	1	8000	53817	120481	206	-19	0.13	0.13	0	
21/07/2011 07:46:26	TASTEGGIO	0	0	8000	53817	120481	228	-40	0.26	0.26	0	
21/07/2011 07:46:47	TASTEGGIO	0	1	8000	53817	120481	176	-10	0.13	0.13	0	
21/07/2011 07:47:08	TASTEGGIO	0	0	8000	53817	120481	228	-48	0.36	0.36	0	
21/07/2011 07:47:27	TASTEGGIO	0	1	8000	53817	120481	128	-4	0.31	0.31	0	
21/07/2011 07:47:47	TASTEGGIO	0	2	8000	53817	120482	181	-11	0.20	0.20	0	
21/07/2011 07:48:08	TASTEGGIO	0	3	8000	53817	120481	203	-23	0.05	0.05	0	
21/07/2011 07:48:16	TASTEGGIO	0	3	8000	53817	120470	203	-23	0.06	0.08	24500	
21/07/2011 07:50:06	TASTEGGIO	0	3	8000	53817	122379	203	-23	0.10	0.10	0	
21/07/2011 07:50:30	TASTEGGIO	1	0	8000	53817	122386	224	-56	0.47	0.47	0	
21/07/2011 07:50:44	TASTEGGIO	0	1	8000	53817	122386	3	-2	0.45	0.45	0	
21/07/2011 07:51:04	TASTEGGIO	0	1	8000	53817	122386	132	-2	0.42	0.42	0	
21/07/2011 07:51:25	TASTEGGIO	0	1	8000	53817	122386	249	-67	0.29	0.29	0	
21/07/2011 07:51:46	TASTEGGIO	0	1	8000	53817	122386	228	-49	0.27	0.27	0	
21/07/2011 07:52:08	TASTEGGIO	0	1	8000	53817	122386	202	-31	0.13	0.13	0	
21/07/2011 07:52:29	TASTEGGIO	0	1	8000	53817	122386	195	-28	0.19	0.19	0	
21/07/2011 07:52:50	TASTEGGIO	0	1	8000	53817	122386	167	-7	0.10	0.10	0	
21/07/2011 07:53:11	TASTEGGIO	0	2	8000	53817	122386	174	-3	0.07	0.07	0	
21/07/2011 07:53:19	TASTEGGIO	0	2	8000	53817	122362	174	-3	0.08	0.08	0	
21/07/2011 07:55:36	TASTEGGIO	0	2	8000	53817	119276	174	-3	0.14	0.14	0	
21/07/2011 07:55:59	TASTEGGIO	1	0	8000	53817	119290	229	-46	0.36	0.36	0	
21/07/2011 07:56:18	TASTEGGIO	0	1	8000	53817	119291	136	-2	0.33	0.33	0	
21/07/2011 07:56:40	TASTEGGIO	0	1	8000	53817	119291	226	-30	0.10	0.10	0	
21/07/2011 07:57:01	TASTEGGIO	0	0	8000	53817	119291	224	-46	0.35	0.35	0	
21/07/2011 07:57:16	TASTEGGIO	0	1	8000	53817	119291	101	-2	0.32	0.32	0	
21/07/2011 07:57:37	TASTEGGIO	0	1	8000	53817	119291	188	-9	0.24	0.24	0	
21/07/2011 07:57:57	TASTEGGIO	0	2	8000	53817	119291	213	-15	0.11	0.11	0	
21/07/2011 07:58:18	TASTEGGIO	0	0	8000	53817	119291	225	-31	0.20	0.20	0	
21/07/2011 07:58:39	TASTEGGIO	0	1	8000	53817	119291	188	-17	0.08	0.08	0	
21/07/2011 07:58:48	TASTEGGIO	0	1	8000	53817	119258	188	-17	0.08	0.08	0	
21/07/2011 08:00:45	TASTEGGIO	0	1	8000	53817	122280	188	-17	0.06	0.07	44500	
21/07/2011 08:02:42	TASTEGGIO	0	1	8000	53817	122192	188	-17	0.07	0.08	-44500	
21/07/2011 08:04:36	TASTEGGIO	0	1	8000	53817	121779	188	-17	0.05	0.05	0	
21/07/2011 08:06:39	TASTEGGIO	0	1	8000	53817	122622	188	-17	0.09	0.09	0	
21/07/2011 08:08:35	TASTEGGIO	0	1	8000	53817	122106	188	-17	0.05	0.05	-44500	
21/07/2011 08:10:36	TASTEGGIO	0	1	8000	53817	122501	188	-17	0.13	0.14	-24500	
21/07/2011 08:11:02	TASTEGGIO	1	0	8000	53817	146944	229	-62	0.48	0.48	0	
21/07/2011 08:11:15	TASTEGGIO	0	1	8000	53817	146954	64	-2	0.47	0.47	0	
21/07/2011 08:11:36	TASTEGGIO	0	1	8000	53817	146964	202	-28	0.19	0.19	0	
21/07/2011 08:11:57	TASTEGGIO	0	0	8000	53817	146970	236	-61	0.44	0.44	0	
21/07/2011 08:12:16	TASTEGGIO	0	1	8000	53817	146974	134	-5	0.38	0.38	0	
21/07/2011 08:12:38	TASTEGGIO	0	2	8000	53817	146977	199	-20	0.18	0.18	0	
21/07/2011 08:12:59	TASTEGGIO	0	0	8000	53817	146977	234	-46	0.31	0.31	0	
21/07/2011 08:13:20	TASTEGGIO	0	1	8000	53817	146977	180	-21	0.14	0.14	0	
21/07/2011 08:13:41	TASTEGGIO	0	0	8000	53817	146977	229	-46	0.33	0.33	0	
21/07/2011 08:14:01	TASTEGGIO	0	1	8000	53817	146977	151	-10	0.22	0.22	0	
21/07/2011 08:14:23	TASTEGGIO	0	2	8000	53817	146977	171	-8	0.14	0.14	0	
21/07/2011 08:14:43	TASTEGGIO	0	3	8000	53817	146977	186	-9	0.07	0.07	0	
21/07/2011 08:14:53	TASTEGGIO	0	3	8000	53817	122493	186	-9	0.08	0.08	0	
21/07/2011 08:16:51	TASTEGGIO	0	3	8000	53817	120090	186	-9	0.03	0.05	-44500	
21/07/2011 08:18:47	TASTEGGIO	0	3	8000	53817	120484	186	-9	0.18	0.18	0	
21/07/2011 08:19:11	TASTEGGIO	1	0	8000	53817	120509	234	-47	0.29	0.29	0	
21/07/2011 08:19:32	TASTEGGIO	0	1	8000	53817	120508	187	-15	0.13	0.13	0	
21/07/2011 08:19:40	TASTEGGIO	0	1	8000	53817	120473	187	-15	0.14	0.14	0	
21/07/2011 08:20:04	TASTEGGIO	1	0	8000	53817	120485	229	-48	0.35	0.35	0	
21/07/2011 08:20:23	TASTEGGIO	0	1	8000	53817	120485	141	-5	0.29	0.29	0	
21/07/2011 08:20:43	TASTEGGIO	0	2	8000	53817	120485	189	-8	0.21	0.21	0	
21/07/2011 08:21:06	TASTEGGIO	0	3	8000	53817	120485	215	-8	0.09	0.09	0	
21/07/2011 08:21:13	TASTEGGIO	0	3	8000	53817	120466	215	-8	0.09	0.11	44500	
21/07/2011 08:21:38	TASTEGGIO	1	0	8000	53817	76012	225	-20	0.12	0.12	0	
21/07/2011 08:21:59	TASTEGGIO	0	1	8000	53817	76010	211	-16	0.07	0.07	0	
21/07/2011 08:22:09	TASTEGGIO	0	1	8000	53817	120369	211	-16	0.06	0.08	44500	
21/07/2011 08:24:06	TASTEGGIO	0	1	8000	53817	122391	211	-16	0.05	0.07	-24500	
21/07/2011 08:26:03	TASTEGGIO	0	1	8000	53817	122619	211	-16	0.25	0.25	0	
21/07/2011 08:26:27	TASTEGGIO	1	0	8000	53817	122644	243	-65	0.41	0.41	0	
21/07/2011 08:26:48	TASTEGGIO	0	1	8000	53817	122647	175	-15	0.23	0.23	0	
21/07/2011 08:27:09	TASTEGGIO	0	2	8000	53817	122645	193	-23	0.06	0.06	0	
21/07/2011 08:27:17	TASTEGGIO	0	2	8000	53817	122611	193	-23	0.06	0.09	44500	
21/07/2011 08:29:06	TASTEGGIO	0	2	8000	53817	122283	193	-23	0.11	0.14	-44500	
21/07/2011 08:29:30	TASTEGGIO	1	0	8000	53817	166701	229	-46	0.32	0.32	0	
21/07/2011 08:29:50	TASTEGGIO	0	1	8000	53817	166711	155	-6	0.25	0.25	0	
21/07/2011 08:30:09	TASTEGGIO	0	2	8000	53817	166719	182	-11	0.15	0.15	0	
21/07/2011 08:30:29	TASTEGGIO	0	3	8000	53817	166726	197	-21	0.10	0.10	0	
21/07/2011 08:30:49	TASTEGGIO	0	1	8000	53817	166732	190	-21	0.13	0.13	0	
21/07/2011 08:31:09	TASTEGGIO	0	1	8000	53817	166738	173	-5	0.06	0.06	0	
21/07/2011 08:31:20	TASTEGGIO	0	1	8000	53817	122291	173	-5	0.03	0.06	-44500	
21/07/2011 08:32:16	ALARM 17	proc 12 prog 10 step 47	LavoroTerminato
21/07/2011 08:35:38	TASTEGGIO	0	1	8000	53817	91485	173	-5	0.04	0.04	-24500	
21/07/2011 08:37:46	TASTEGGIO	0	1	8000	53817	90993	173	-5	0.07	0.07	24500	
21/07/2011 08:39:45	TASTEGGIO	0	1	8000	53817	91453	173	-5	0.07	0.07	24500	
21/07/2011 08:41:37	TASTEGGIO	0	1	8000	53817	91992	173	-5	0.07	0.07	-44500	
21/07/2011 08:43:44	TASTEGGIO	0	1	8000	53816	91895	173	-5	0.02	0.04	-44500	
21/07/2011 08:44:55	ALARM 17	proc 12 prog 10 step 47	LavoroTerminato
22/07/2011 09:45:47	ALARM 401		
22/07/2011 09:45:49	INIT OK
22/07/2011 10:29:14	ALARM 401		
22/07/2011 10:31:04	ALARM 23	proc 12 prog 131 step 24	Pressa non su
22/07/2011 10:32:36	ALARM 401		
22/07/2011 10:54:37	ALARM 23	proc 12 prog 130 step 24	Pressa non su
22/07/2011 10:55:07	ALARM 401		
22/07/2011 15:13:45	ALARM 23	proc 12 prog 131 step 24	Pressa non su
22/07/2011 15:13:53	ALARM 23	proc 12 prog 131 step 24	Pressa non su
22/07/2011 15:14:15	ALARM 401		
22/07/2011 15:25:01	ALARM 401		
22/07/2011 15:25:02	INIT OK
22/07/2011 16:07:27	ALARM 401		
22/07/2011 16:07:29	INIT OK
22/07/2011 16:58:13	ALARM 401		
22/07/2011 16:58:18	INIT OK
22/07/2011 16:58:49	ALARM 401		
22/07/2011 16:58:49	ALARM 401		
22/07/2011 16:58:51	ALARM 401		
22/07/2011 16:58:52	ALARM 401		
22/07/2011 16:59:30	ALARM 401		
22/07/2011 16:59:30	ALARM 401		
22/07/2011 16:59:31	ALARM 401		
22/07/2011 16:59:32	ALARM 401		
22/07/2011 17:00:11	ALARM 802	proc 12 prog 119 step 2	piece diameter = 0.00 mm
22/07/2011 17:02:59	TASTEGGIO	0	0	10000	36005	107892	0	0	0.08	0.09	-44500	
22/07/2011 17:03:45	TASTEGGIO	0	0	10000	36005	152352	0	0	0.08	0.08	0	
22/07/2011 17:04:33	ALARM 401		
22/07/2011 17:05:00	TASTEGGIO	0	0	10000	36005	107985	0	0	0.09	0.09	-44500	
22/07/2011 17:05:48	TASTEGGIO	0	0	10000	36005	107986	0	0	0.08	0.09	-44500	
22/07/2011 17:06:25	ALARM 401		
22/07/2011 17:09:41	ALARM 401		
22/07/2011 17:09:41	ALARM 401		
22/07/2011 17:18:30	TASTEGGIO	0	0	10000	61657	107987	0	0	0.07	0.08	44500	
22/07/2011 17:19:32	ALARM 401		
22/07/2011 17:25:08	TASTEGGIO	1	0	10000	61657	107987	220	-1	0.08	0.09	44500	
22/07/2011 17:25:32	TASTEGGIO	1	0	10000	61657	63529	222	-1	0.08	0.08	0	
22/07/2011 17:25:52	TASTEGGIO	0	1	10000	61657	63527	229	0	0.08	0.08	0	
22/07/2011 17:26:12	TASTEGGIO	0	1	10000	61657	63526	253	0	0.08	0.08	0	
22/07/2011 17:26:32	TASTEGGIO	0	1	10000	61657	63525	277	0	0.08	0.08	0	
22/07/2011 17:26:53	TASTEGGIO	0	1	10000	61657	63524	301	0	0.08	0.08	0	
22/07/2011 17:27:02	ALARM 401		
22/07/2011 17:27:05	ALARM 401		
22/07/2011 17:27:05	ALARM 401		
22/07/2011 17:27:08	ALARM 203		err.6058
22/07/2011 17:29:11	ALARM 401		
22/07/2011 17:30:09	ALARM 401		
22/07/2011 17:30:14	INIT OK
22/07/2011 17:33:14	TASTEGGIO	0	0	10000	61656	107990	0	0	0.08	0.08	-24500	
22/07/2011 17:33:41	TASTEGGIO	1	0	10000	61656	132482	220	-8	0.03	0.03	0	
22/07/2011 17:33:45	TASTEGGIO	1	0	10000	61656	132482	220	-8	0.03	0.03	0	
22/07/2011 17:34:18	ALARM 401		
22/07/2011 17:34:21	ALARM 401		
22/07/2011 17:40:38	ALARM 401		
22/07/2011 17:40:43	INIT OK
22/07/2011 17:40:43	ALARM 401		
22/07/2011 17:40:50	ALARM 401		
25/07/2011 09:44:09	ALARM 401		
25/07/2011 09:44:11	INIT OK
25/07/2011 09:44:12	ALARM 401		
25/07/2011 09:44:13	ALARM 401		
25/07/2011 09:44:14	ALARM 401		
25/07/2011 09:54:36	TASTEGGIO	0	0	10000	36004	108561	0	0	0.02	0.02	0	
25/07/2011 09:55:51	TASTEGGIO	0	0	10000	36004	108600	200	-40	0.38	0.38	0	
25/07/2011 09:56:39	TASTEGGIO	0	0	10000	61656	108076	200	-40	0.37	0.37	0	
25/07/2011 09:57:06	TASTEGGIO	1	0	10000	61656	108094	293	-23	0.15	0.15	0	
25/07/2011 09:57:29	TASTEGGIO	0	0	10000	61656	108101	237	-3	0.12	0.12	0	
25/07/2011 09:57:34	TASTEGGIO	0	0	10000	61656	108101	237	-3	0.12	0.12	0	
25/07/2011 09:57:59	TASTEGGIO	1	0	10000	61656	108113	230	0	0.10	0.10	0	
25/07/2011 09:58:22	TASTEGGIO	0	1	10000	61656	108117	238	0	0.10	0.10	0	
25/07/2011 09:58:46	TASTEGGIO	0	1	10000	61656	108123	268	-7	0.04	0.04	0	
25/07/2011 09:58:50	TASTEGGIO	0	1	10000	61656	108123	268	-7	0.04	0.04	0	
25/07/2011 09:59:47	ALARM 17	proc 12 prog 10 step 47	LavoroTerminato
25/07/2011 10:06:56	ALARM 401		
25/07/2011 10:18:16	ALARM 401		
25/07/2011 10:19:34	ALARM 401		
25/07/2011 10:24:49	ALARM 401		
25/07/2011 10:26:17	ALARM 3	proc 12 prog 31 step 36	Tondo non presente su rulliera
25/07/2011 10:27:42	ALARM 17	proc 12 prog 1 step 8	LavoroTerminato
25/07/2011 10:27:51	ALARM 17	proc 12 prog 1 step 8	LavoroTerminato
25/07/2011 10:29:13	TASTEGGIO	0	1	14000	77337	127811	268	-7	0.02	0.05	24500	
25/07/2011 10:29:43	TASTEGGIO	1	0	14000	77337	103354	191	-18	0.10	0.10	0	
25/07/2011 10:30:07	TASTEGGIO	0	1	14000	77337	103350	171	-3	0.07	0.07	0	
25/07/2011 10:30:32	TASTEGGIO	0	2	14000	77337	103348	177	0	0.07	0.07	0	
25/07/2011 10:30:57	TASTEGGIO	0	1	14000	77337	103347	205	-2	0.05	0.05	0	
25/07/2011 10:31:25	TASTEGGIO	0	2	14000	77337	103417	210	0	0.04	0.04	0	
25/07/2011 10:31:50	TASTEGGIO	0	3	14000	77337	103417	215	-1	0.04	0.04	0	
25/07/2011 10:31:55	TASTEGGIO	0	3	14000	77337	103417	215	-1	0.04	0.04	0	
25/07/2011 10:32:53	ALARM 17	proc 12 prog 10 step 47	LavoroTerminato
25/07/2011 10:47:43	TASTEGGIO	0	3	12000	36005	183211	215	-1	0.21	0.21	0	
25/07/2011 10:48:27	TASTEGGIO	0	3	12000	36005	183210	215	-1	0.22	0.22	44500	
25/07/2011 10:52:32	ALARM 401		
25/07/2011 11:21:59	ALARM 401		
25/07/2011 11:22:04	INIT OK
25/07/2011 11:22:43	ALARM 401		
25/07/2011 11:22:44	ALARM 401		
25/07/2011 11:22:47	ALARM 401		
25/07/2011 11:26:00	TASTEGGIO	0	0	12000	69497	183402	0	0	0.21	0.21	44500	
25/07/2011 11:26:14	ALARM 214	proc 12 prog 85 step 18	unable to reach final pos
25/07/2011 11:26:42	TASTEGGIO	1	0	12000	69497	183283	258	0	0.21	0.22	44500	
25/07/2011 11:27:09	TASTEGGIO	1	0	12000	69497	138803	260	-73	0.50	0.50	0	
25/07/2011 11:27:32	TASTEGGIO	0	1	12000	69497	138812	146	-82	0.34	0.34	0	
25/07/2011 11:27:52	TASTEGGIO	0	1	12000	69497	138814	122	-1	0.30	0.30	0	
25/07/2011 11:28:18	TASTEGGIO	0	2	12000	69497	138818	174	-157	1.29	1.29	0	
25/07/2011 11:28:36	TASTEGGIO	0	1	12000	69497	138817	0	-3	1.22	1.22	0	
25/07/2011 11:29:04	TASTEGGIO	0	1	12000	69497	138842	345	-361	2.39	2.39	0	
25/07/2011 11:29:21	TASTEGGIO	0	1	12000	69497	138842	0	-9	2.28	2.28	0	
25/07/2011 11:29:46	TASTEGGIO	0	1	12000	69497	138844	400	-334	1.04	1.04	0	
25/07/2011 11:30:14	TASTEGGIO	0	1	12000	69497	138844	352	-414	3.10	3.10	0	
25/07/2011 11:30:19	ALARM 817	proc 12 prog 11 step 56	eccentricity = 3.10 mm
25/07/2011 11:33:15	TASTEGGIO	0	1	12000	69497	183310	352	-414	2.48	2.48	0	
25/07/2011 11:33:51	ALARM 401		
25/07/2011 11:33:54	ALARM 203		err.6058
25/07/2011 11:34:44	TASTEGGIO	1	0	12000	69497	183334	400	-248	0.98	1.10	82800	
25/07/2011 11:35:40	ALARM 401		
25/07/2011 11:37:34	TASTEGGIO	1	0	12000	69497	183235	347	-250	1.65	1.65	0	
25/07/2011 11:38:05	ALARM 401		
25/07/2011 11:38:20	ALARM 203		err.6058
25/07/2011 11:47:45	TASTEGGIO	1	0	12000	69498	183254	400	-495	3.39	3.39	0	
25/07/2011 11:47:53	ALARM 817	proc 12 prog 11 step 54	eccentricity = 3.39 mm
25/07/2011 11:51:49	TASTEGGIO	1	0	12000	69498	183250	400	-495	3.31	3.31	0	
25/07/2011 11:51:56	ALARM 817	proc 12 prog 11 step 54	eccentricity = 3.31 mm
25/07/2011 11:56:21	TASTEGGIO	1	0	12000	69498	183248	400	-495	3.28	3.28	0	
25/07/2011 11:56:28	ALARM 817	proc 12 prog 11 step 54	eccentricity = 3.28 mm
25/07/2011 11:57:15	TASTEGGIO	1	0	12000	69498	183250	400	-495	3.27	3.27	0	
25/07/2011 11:57:23	ALARM 817	proc 12 prog 11 step 54	eccentricity = 3.27 mm
25/07/2011 11:58:08	TASTEGGIO	1	0	12000	69498	183252	400	-495	3.28	3.28	0	
25/07/2011 11:58:14	ALARM 817	proc 12 prog 11 step 54	eccentricity = 3.28 mm
25/07/2011 12:00:33	TASTEGGIO	1	0	12000	69498	183254	400	-495	3.28	3.28	0	
25/07/2011 12:00:59	ALARM 817	proc 12 prog 11 step 54	eccentricity = 3.28 mm
25/07/2011 12:25:46	ALARM 28	proc 5 prog 72 step 15	Pressa appoggiata sul tondo
25/07/2011 12:48:44	INIT OK
25/07/2011 12:50:01	INIT OK
25/07/2011 12:57:17	ALARM 401		
25/07/2011 12:57:22	INIT OK
25/07/2011 12:57:22	ALARM 601	proc 1 prog 2 step 43	proc 1 prog 2 step 43 FAIL
25/07/2011 12:57:23	ALARM 601	proc 1 prog 2 step 43	proc 1 prog 2 step 43 FAIL
25/07/2011 12:57:27	ALARM 601	proc 1 prog 2 step 43	proc 1 prog 2 step 43 FAIL
25/07/2011 12:59:41	ALARM 401		
25/07/2011 12:59:43	ALARM 213		PS not ready
25/07/2011 13:00:38	ALARM 401		
25/07/2011 13:02:53	ALARM 401		
25/07/2011 13:02:58	INIT OK
25/07/2011 13:04:07	ALARM 401		
25/07/2011 13:04:23	ALARM 401		
25/07/2011 13:04:23	ALARM 401		
25/07/2011 13:06:37	ALARM 401		
25/07/2011 13:06:39	ALARM 401		
25/07/2011 13:06:48	ALARM 401		
25/07/2011 13:07:03	ALARM 401		
25/07/2011 13:07:06	ALARM 401		
25/07/2011 13:07:58	ALARM 401		
25/07/2011 13:08:38	ALARM 401		
25/07/2011 13:10:03	ALARM 401		
25/07/2011 13:10:04	ALARM 401		
25/07/2011 13:10:05	ALARM 401		
25/07/2011 13:10:06	ALARM 401		
25/07/2011 13:10:07	ALARM 401		
25/07/2011 13:12:26	ALARM 401		
25/07/2011 13:13:23	ALARM 401		
25/07/2011 13:13:28	INIT OK
25/07/2011 14:10:05	ALARM 401		
25/07/2011 14:10:20	ALARM 401		
25/07/2011 14:10:20	ALARM 401		
25/07/2011 14:14:43	ALARM 401		
25/07/2011 14:15:56	ALARM 401		
25/07/2011 14:16:01	INIT OK
25/07/2011 14:18:19	ALARM 401		
25/07/2011 14:27:14	ALARM 401		
25/07/2011 14:28:24	ALARM 401		
25/07/2011 14:28:27	ALARM 401		
25/07/2011 14:28:28	ALARM 213		PS not ready
25/07/2011 14:28:30	INIT OK
25/07/2011 14:29:19	ALARM 401		
25/07/2011 14:29:19	ALARM 401		
25/07/2011 14:29:20	ALARM 401		
25/07/2011 14:29:58	ALARM 401		
25/07/2011 14:33:07	ALARM 401		
25/07/2011 14:33:12	INIT OK
25/07/2011 14:33:35	ALARM 401		
25/07/2011 14:36:33	SAVE PRG	2
25/07/2011 14:38:10	ALARM 401		
25/07/2011 14:38:36	ALARM 401		
25/07/2011 14:38:56	ALARM 401		
25/07/2011 14:40:24	ALARM 401		
25/07/2011 14:40:25	ALARM 401		
25/07/2011 14:40:26	ALARM 401		
25/07/2011 14:40:26	ALARM 401		
25/07/2011 14:40:36	ALARM 401		
25/07/2011 14:43:56	ALARM 401		
25/07/2011 15:10:39	ALARM 401		
25/07/2011 15:10:44	INIT OK
25/07/2011 15:10:45	ALARM 401		
25/07/2011 15:11:21	ALARM 401		
25/07/2011 15:12:49	ALARM 401		
25/07/2011 15:12:54	INIT OK
25/07/2011 15:15:33	TASTEGGIO	0	0	12000	69498	183400	0	0	3.31	3.31	0	
25/07/2011 15:15:39	ALARM 817	proc 12 prog 11 step 54	eccentricity = 3.31 mm
25/07/2011 15:16:00	ALARM 201		err.6059
25/07/2011 15:17:20	TASTEGGIO	0	0	12000	69498	183396	0	0	3.29	3.29	0	
25/07/2011 15:17:27	ALARM 817	proc 12 prog 11 step 54	eccentricity = 3.29 mm
25/07/2011 15:18:27	TASTEGGIO	0	0	12000	69498	183394	0	0	3.27	3.27	0	
25/07/2011 15:18:35	ALARM 817	proc 12 prog 11 step 54	eccentricity = 3.27 mm
25/07/2011 15:19:11	TASTEGGIO	0	0	12000	69498	183393	0	0	3.27	3.27	0	
25/07/2011 15:19:46	TASTEGGIO	0	0	12000	69498	183434	356	-178	1.63	1.63	0	
25/07/2011 15:20:20	TASTEGGIO	0	0	12000	69498	183438	271	-131	0.35	0.35	0	
25/07/2011 15:20:37	TASTEGGIO	0	0	12000	69498	183404	271	-131	0.36	0.50	82800	
25/07/2011 15:21:09	TASTEGGIO	1	0	12000	69498	100645	269	-320	2.81	2.81	0	
25/07/2011 15:21:14	ALARM 817	proc 12 prog 11 step 56	eccentricity = 2.81 mm
25/07/2011 15:25:07	TASTEGGIO	1	0	12000	69498	183325	269	-320	2.54	2.73	82800	
25/07/2011 15:25:48	ALARM 817	proc 12 prog 11 step 54	eccentricity = 2.73 mm
25/07/2011 15:34:37	INIT OK
25/07/2011 15:34:56	ALARM 401		
25/07/2011 15:35:52	ALARM 26	proc 12 prog 143 step 3	Macchina non azzerata
25/07/2011 15:37:35	ALARM 26	proc 12 prog 143 step 3	Macchina non azzerata
25/07/2011 15:37:56	SAVE PRG	143
25/07/2011 15:38:04	ALARM 216	proc 12 prog 139 step 11	free_sp 2
25/07/2011 15:39:30	ALARM 401		
25/07/2011 15:49:42	ALARM 401		
25/07/2011 15:49:43	ALARM 401		
25/07/2011 15:54:19	ALARM 10	proc 12 prog 37 step 30	Tondo non presente su rulliera
25/07/2011 15:54:37	ALARM 401		
25/07/2011 15:54:43	ALARM 401		
25/07/2011 15:54:43	ALARM 401		
25/07/2011 15:54:54	ALARM 14	proc 12 prog 31 step 22	Bracc. centrali non in fuori ingombro rullBracc. centrali non in fuori ingombro presCarrello 1 non è in pos. per spostare il tLavoroTerminato
25/07/2011 15:55:39	ALARM 23	proc 12 prog 131 step 24	Pressa non su
25/07/2011 15:57:09	TASTEGGIO	0	0	12000	69498	183303	0	0	2.59	2.79	82800	
25/07/2011 15:57:21	ALARM 617	proc 12 prog 11 step 54	eccentricity = 2.79 mm
25/07/2011 15:58:01	TASTEGGIO	0	0	12000	69498	100518	0	0	2.78	2.78	0	
25/07/2011 15:58:26	TASTEGGIO	1	0	12000	69498	100533	400	-118	1.62	1.62	0	
25/07/2011 15:58:51	TASTEGGIO	0	1	12000	69498	100521	400	-139	0.45	0.45	0	
25/07/2011 15:59:16	TASTEGGIO	0	0	12000	69498	100528	263	-87	0.45	0.45	0	
25/07/2011 15:59:41	TASTEGGIO	0	1	12000	69498	100531	218	-180	1.41	1.41	0	
25/07/2011 15:59:58	TASTEGGIO	0	1	12000	69498	100531	0	-3	1.34	1.34	0	
25/07/2011 16:00:25	TASTEGGIO	0	1	12000	69498	100531	381	-176	0.41	0.41	0	
25/07/2011 16:00:46	ALARM 19	proc 1 prog 2 step 8	Tondo Non Presente Su Carrello 2
25/07/2011 16:01:10	ALARM 203		err.6058
25/07/2011 16:01:31	ALARM 401		
25/07/2011 16:01:47	ALARM 401		
25/07/2011 16:02:11	ALARM 28	proc 12 prog 72 step 15	Pressa appoggiata sul tondo
25/07/2011 16:05:37	TASTEGGIO	0	1	12000	69498	183185	368	0	2.78	3.31	82800	
25/07/2011 16:06:06	TASTEGGIO	1	0	12000	69498	100413	400	-119	2.34	2.34	0	
25/07/2011 16:06:31	TASTEGGIO	0	1	12000	69498	100432	400	-127	1.10	1.10	0	
25/07/2011 16:07:01	TASTEGGIO	0	0	12000	69498	100411	400	-189	0.76	0.76	0	
25/07/2011 16:07:22	ALARM 19	proc 1 prog 2 step 8	Tondo Non Presente Su Carrello 2
25/07/2011 16:07:29	ALARM 201		err.6058
25/07/2011 16:07:50	ALARM 401		
25/07/2011 16:07:52	ALARM 401		
25/07/2011 16:07:54	ALARM 203		err.6058
25/07/2011 16:08:19	TASTEGGIO	0	1	12000	69498	183186	347	0	2.83	3.29	82800	
25/07/2011 16:08:48	TASTEGGIO	1	0	12000	69498	100403	400	-118	2.32	2.32	0	
25/07/2011 16:09:13	TASTEGGIO	0	1	12000	69498	100424	400	-123	1.13	1.13	0	
25/07/2011 16:09:41	TASTEGGIO	0	0	12000	69498	100416	400	-182	0.67	0.67	0	
25/07/2011 16:10:02	ALARM 19	proc 1 prog 2 step 8	Tondo Non Presente Su Carrello 2
25/07/2011 16:10:06	ALARM 201		err.6058
25/07/2011 16:10:20	ALARM 401		
25/07/2011 16:10:23	ALARM 203		err.6058
25/07/2011 16:10:36	TASTEGGIO	0	1	12000	69498	100443	360	0	3.38	3.38	0	
25/07/2011 16:11:12	TASTEGGIO	0	1	12000	69498	100443	425	-154	2.10	2.10	0	
25/07/2011 16:11:41	TASTEGGIO	0	1	12000	69498	100443	425	-154	0.61	0.61	0	
25/07/2011 16:11:58	TASTEGGIO	0	1	12000	69498	183211	425	-154	1.09	1.10	44500	
25/07/2011 16:12:39	TASTEGGIO	0	1	12000	69498	183208	280	-282	1.34	1.59	82800	
25/07/2011 16:13:14	TASTEGGIO	0	1	12000	69498	100436	250	-80	0.77	0.77	0	
25/07/2011 16:13:48	TASTEGGIO	0	1	12000	69498	100448	215	-51	0.29	0.29	0	
25/07/2011 16:14:07	TASTEGGIO	0	1	12000	69498	183216	215	-51	0.40	0.40	0	
25/07/2011 16:14:46	TASTEGGIO	0	1	12000	69498	183235	181	-181	1.41	1.41	0	
25/07/2011 16:15:28	TASTEGGIO	0	1	12000	69498	183246	180	-112	0.35	0.35	0	
25/07/2011 16:16:02	TASTEGGIO	0	1	12000	69498	183266	78	-20	0.16	0.16	0	
25/07/2011 16:16:17	TASTEGGIO	0	1	12000	69498	183262	78	-20	0.19	0.19	0	
25/07/2011 16:16:51	TASTEGGIO	0	1	12000	69498	183264	44	-3	0.14	0.14	0	
25/07/2011 16:17:25	TASTEGGIO	0	1	12000	69498	183266	52	-19	0.19	0.19	0	
25/07/2011 16:18:03	TASTEGGIO	0	1	12000	69498	183268	44	-28	0.44	0.44	0	
25/07/2011 16:18:35	TASTEGGIO	0	1	12000	69498	183272	44	-25	0.22	0.22	0	
25/07/2011 16:19:08	TASTEGGIO	0	1	12000	69498	183271	34	-6	0.15	0.16	44500	
25/07/2011 16:19:43	TASTEGGIO	0	1	12000	69498	183206	13	-8	0.12	0.14	-119500	
25/07/2011 16:20:12	TASTEGGIO	0	1	12000	69498	183338	13	-8	0.12	0.12	0	
25/07/2011 16:21:12	ALARM 17	proc 12 prog 10 step 47	LavoroTerminato
25/07/2011 16:39:19	ALARM 401		
25/07/2011 16:41:16	TASTEGGIO	0	1	11000	36005	121576	13	-8	0.03	0.03	0	
25/07/2011 16:42:15	TASTEGGIO	0	1	11000	65577	121573	13	-8	0.07	0.07	0	
25/07/2011 16:42:18	ALARM 401		
25/07/2011 16:42:22	ALARM 401		
25/07/2011 16:42:22	ALARM 401		
25/07/2011 16:43:10	TASTEGGIO	0	1	11000	65577	121572	400	-36	0.36	0.36	0	
25/07/2011 16:43:27	TASTEGGIO	0	1	11000	65577	121549	400	-36	0.36	0.36	0	
25/07/2011 16:44:12	TASTEGGIO	0	1	11000	65577	121561	527	-104	0.66	0.66	0	
25/07/2011 16:44:35	TASTEGGIO	0	1	11000	65577	121561	527	-104	0.66	0.66	0	
25/07/2011 16:44:42	ALARM 218	proc 12 prog 85 step 18	go_abs 3 cmd 11
25/07/2011 16:45:11	ALARM 401		
25/07/2011 16:45:12	ALARM 203		err.6059
25/07/2011 16:45:14	ALARM 401		
25/07/2011 16:45:14	ALARM 401		
25/07/2011 16:46:44	TASTEGGIO	1	0	11000	65577	121561	527	-117	1.75	1.75	0	
25/07/2011 16:47:16	TASTEGGIO	1	0	11000	65577	121561	527	-117	1.74	1.74	0	
25/07/2011 16:47:46	TASTEGGIO	1	0	11000	65577	121561	600	-147	0.37	0.37	0	
25/07/2011 16:48:10	TASTEGGIO	0	0	11000	65577	121561	293	-2	0.37	0.37	0	
25/07/2011 16:48:36	TASTEGGIO	0	1	11000	65577	121561	367	-4	0.33	0.33	0	
25/07/2011 16:49:04	TASTEGGIO	0	2	11000	65577	121561	400	-6	0.28	0.28	0	
25/07/2011 16:49:31	TASTEGGIO	0	3	11000	65577	121561	400	-4	0.25	0.25	0	
25/07/2011 16:50:01	TASTEGGIO	0	4	11000	65577	121561	400	-2	0.24	0.24	0	
25/07/2011 16:50:31	TASTEGGIO	0	1	11000	65577	121561	400	-1	0.23	0.23	0	
25/07/2011 16:50:59	TASTEGGIO	0	1	11000	65577	121561	400	-1	0.22	0.22	0	
25/07/2011 16:51:26	TASTEGGIO	0	1	11000	65577	121561	400	-1	0.22	0.22	0	
25/07/2011 16:51:54	TASTEGGIO	0	1	11000	65577	121561	400	-1	0.21	0.21	0	
25/07/2011 16:52:22	TASTEGGIO	0	1	11000	65577	121561	400	-1	0.21	0.21	0	
25/07/2011 16:52:50	TASTEGGIO	0	1	11000	65577	121561	400	0	0.21	0.21	0	
25/07/2011 16:53:18	TASTEGGIO	0	1	11000	65577	121561	400	-1	0.20	0.20	0	
25/07/2011 16:55:48	ALARM 401		
25/07/2011 16:57:29	ALARM 401		
25/07/2011 16:57:30	ALARM 401		
25/07/2011 16:57:32	ALARM 401		
25/07/2011 16:57:32	ALARM 401		
25/07/2011 16:57:34	ALARM 401		
25/07/2011 16:57:35	ALARM 401		
25/07/2011 16:59:03	ALARM 401		
25/07/2011 17:02:29	ALARM 401		
25/07/2011 17:02:33	INIT OK
25/07/2011 17:06:12	TASTEGGIO	0	0	11000	36004	121681	501	-5	0.18	0.18	0	
25/07/2011 17:07:14	TASTEGGIO	0	0	11000	36004	121671	509	-2	0.16	0.16	0	
25/07/2011 17:07:34	TASTEGGIO	0	0	11000	36004	121674	509	-2	0.16	0.16	0	
25/07/2011 17:08:12	TASTEGGIO	1	0	11000	36004	121687	240	-2	0.14	0.14	0	
25/07/2011 17:08:17	TASTEGGIO	1	0	11000	36004	121687	240	-2	0.14	0.14	0	
25/07/2011 17:08:55	TASTEGGIO	1	0	11000	36004	121688	235	-2	0.12	0.12	0	
25/07/2011 17:09:32	TASTEGGIO	0	1	11000	36004	121709	245	-3	0.11	0.11	0	
25/07/2011 17:10:10	TASTEGGIO	0	2	11000	36004	121709	265	-2	0.10	0.10	0	
25/07/2011 17:10:46	TASTEGGIO	0	3	11000	36004	121709	292	-1	0.10	0.10	0	
25/07/2011 17:11:23	TASTEGGIO	0	4	11000	36004	121709	332	-1	0.09	0.09	0	
25/07/2011 17:12:01	TASTEGGIO	0	5	11000	36004	121709	372	-1	0.09	0.09	0	
25/07/2011 17:12:39	TASTEGGIO	0	5	11000	65577	121670	372	-1	0.09	0.09	0	
25/07/2011 17:13:37	ALARM 17	proc 12 prog 10 step 47	LavoroTerminato
26/07/2011 08:13:38	ALARM 401		
27/07/2011 14:03:18	ALARM 401		
27/07/2011 14:03:20	INIT OK
27/07/2011 14:47:17	ALARM 401		
27/07/2011 14:47:22	ALARM 401		
27/07/2011 15:44:22	TASTEGGIO	0	0	13000	73416	154097	0	0	0.89	0.98	44500	
27/07/2011 15:44:53	TASTEGGIO	1	0	13000	73416	109620	318	-33	0.74	0.74	0	
27/07/2011 15:45:20	TASTEGGIO	0	1	13000	73416	109617	373	-48	0.27	0.27	0	
27/07/2011 15:45:44	TASTEGGIO	0	0	13000	73416	109617	226	-1	0.27	0.27	0	
27/07/2011 15:46:11	TASTEGGIO	0	1	13000	73416	109615	253	-1	0.27	0.27	0	
27/07/2011 15:46:37	TASTEGGIO	0	2	13000	73416	109662	307	-5	0.24	0.24	0	
27/07/2011 15:47:08	TASTEGGIO	0	3	13000	73416	109662	370	-29	0.04	0.04	0	
27/07/2011 15:47:19	TASTEGGIO	0	3	13000	73416	153985	370	-29	0.05	0.17	82800	
27/07/2011 15:47:49	TASTEGGIO	1	0	13000	73416	71207	213	-10	0.10	0.10	0	
27/07/2011 15:48:01	TASTEGGIO	1	0	13000	73416	153982	213	-10	0.03	0.11	82800	
27/07/2011 15:48:31	TASTEGGIO	1	0	13000	73416	71202	205	-2	0.09	0.09	0	
27/07/2011 15:48:44	TASTEGGIO	1	0	13000	73416	153984	205	-2	0.03	0.10	82800	
27/07/2011 15:49:13	TASTEGGIO	1	0	13000	73416	71203	204	-1	0.09	0.09	0	
27/07/2011 15:49:26	TASTEGGIO	1	0	13000	73416	153983	204	-1	0.03	0.10	82800	
27/07/2011 15:49:55	TASTEGGIO	1	0	13000	73416	71201	204	-2	0.12	0.12	0	
27/07/2011 15:50:19	TASTEGGIO	0	1	13000	73416	71202	218	-9	0.05	0.05	0	
27/07/2011 15:50:32	TASTEGGIO	0	1	13000	73416	153984	218	-9	0.08	0.13	44500	
27/07/2011 15:51:03	TASTEGGIO	1	0	13000	73416	109499	208	-31	0.16	0.16	0	
27/07/2011 15:51:27	TASTEGGIO	0	1	13000	73416	109501	188	-8	0.09	0.09	0	
27/07/2011 15:51:39	TASTEGGIO	0	1	13000	73416	153984	188	-8	0.15	0.19	82800	
27/07/2011 15:52:08	TASTEGGIO	1	0	13000	73416	71204	216	-2	0.18	0.18	0	
27/07/2011 15:52:32	TASTEGGIO	0	1	13000	73416	71206	233	-2	0.16	0.16	0	
27/07/2011 15:52:59	TASTEGGIO	0	2	13000	73416	71206	261	-6	0.11	0.11	0	
27/07/2011 15:53:12	TASTEGGIO	0	2	13000	73416	153990	261	-6	0.08	0.10	82800	
27/07/2011 15:55:07	TASTEGGIO	0	2	13000	73416	154086	261	-6	0.65	0.70	24500	
27/07/2011 15:55:37	TASTEGGIO	1	0	13000	73416	129603	282	-37	0.44	0.44	0	
27/07/2011 15:56:04	TASTEGGIO	0	1	13000	73416	129603	309	-43	0.08	0.08	0	
27/07/2011 15:56:15	TASTEGGIO	0	1	13000	73416	153981	309	-43	0.07	0.32	82800	
27/07/2011 15:56:45	TASTEGGIO	1	0	13000	73416	71203	233	-14	0.23	0.23	0	
27/07/2011 15:57:10	TASTEGGIO	0	1	13000	73416	71203	249	-10	0.13	0.13	0	
27/07/2011 15:57:22	TASTEGGIO	0	1	13000	73416	153979	249	-10	0.08	0.20	44500	
27/07/2011 15:57:53	TASTEGGIO	1	0	13000	73416	109494	217	-23	0.09	0.09	0	
27/07/2011 15:58:05	TASTEGGIO	1	0	13000	73416	153979	217	-23	0.14	0.21	82800	
27/07/2011 15:58:34	TASTEGGIO	1	0	13000	73416	71200	218	-4	0.19	0.19	0	
27/07/2011 15:58:59	TASTEGGIO	0	1	13000	73416	71201	235	-2	0.17	0.17	0	
27/07/2011 15:59:27	TASTEGGIO	0	2	13000	73416	71201	265	-6	0.10	0.10	0	
27/07/2011 15:59:40	TASTEGGIO	0	2	13000	73416	153985	265	-6	0.11	0.14	44500	
27/07/2011 16:00:09	TASTEGGIO	1	0	13000	73416	109504	209	-17	0.06	0.06	0	
27/07/2011 16:00:21	TASTEGGIO	1	0	13000	73416	153982	209	-17	0.15	0.21	82800	
27/07/2011 16:00:50	TASTEGGIO	1	0	13000	73416	71202	218	-1	0.22	0.22	0	
27/07/2011 16:01:15	TASTEGGIO	0	1	13000	73416	71204	241	-1	0.20	0.20	0	
27/07/2011 16:01:43	TASTEGGIO	0	2	13000	73416	71204	277	-3	0.16	0.16	0	
27/07/2011 16:02:11	TASTEGGIO	0	3	13000	73416	71204	299	-11	0.11	0.11	0	
27/07/2011 16:02:24	TASTEGGIO	0	3	13000	73416	153996	299	-11	0.06	0.12	-82000	
27/07/2011 16:02:56	TASTEGGIO	1	0	13000	73416	235978	207	-19	0.11	0.11	0	
27/07/2011 16:03:21	TASTEGGIO	0	1	13000	73416	235995	196	-14	0.04	0.04	0	
27/07/2011 16:03:34	TASTEGGIO	0	1	13000	73416	154109	196	-14	0.13	0.13	0	
27/07/2011 16:04:04	TASTEGGIO	1	0	13000	73416	154126	208	-36	0.22	0.22	0	
27/07/2011 16:04:28	TASTEGGIO	0	1	13000	73416	154128	170	-16	0.06	0.06	0	
27/07/2011 16:04:38	TASTEGGIO	0	1	13000	73416	154103	170	-16	0.09	0.16	82800	
27/07/2011 16:05:07	TASTEGGIO	1	0	13000	73416	71304	212	-1	0.15	0.15	0	
27/07/2011 16:05:31	TASTEGGIO	0	1	13000	73416	71307	226	-2	0.13	0.13	0	
27/07/2011 16:05:43	TASTEGGIO	0	1	13000	73416	153994	226	-2	0.05	0.13	44500	
27/07/2011 16:06:14	TASTEGGIO	1	0	13000	73416	109505	208	-10	0.15	0.15	0	
27/07/2011 16:06:40	TASTEGGIO	0	1	13000	73416	109513	225	-9	0.04	0.04	0	
27/07/2011 16:06:52	TASTEGGIO	0	1	13000	73416	153991	225	-9	0.05	0.13	82800	
27/07/2011 16:07:21	TASTEGGIO	1	0	13000	73416	71206	208	-1	0.13	0.13	0	
27/07/2011 16:07:45	TASTEGGIO	0	1	13000	73416	71211	221	0	0.12	0.12	0	
27/07/2011 16:08:11	TASTEGGIO	0	2	13000	73416	71213	243	-2	0.11	0.11	0	
27/07/2011 16:08:23	TASTEGGIO	0	2	13000	73416	153995	243	-2	0.04	0.11	82800	
27/07/2011 16:10:17	TASTEGGIO	0	2	13000	73416	154085	243	-2	0.30	0.30	0	
27/07/2011 16:10:46	TASTEGGIO	1	0	13000	73416	154106	230	-42	0.09	0.09	0	
27/07/2011 16:10:55	TASTEGGIO	1	0	13000	73416	154083	230	-42	0.09	0.15	-82000	
27/07/2011 16:11:26	TASTEGGIO	1	0	13000	73416	236053	211	-20	0.13	0.13	0	
27/07/2011 16:11:39	TASTEGGIO	1	0	13000	73416	154056	211	-20	0.19	0.20	44500	
27/07/2011 16:12:09	TASTEGGIO	1	0	13000	73416	109574	217	-25	0.10	0.10	0	
27/07/2011 16:12:21	TASTEGGIO	1	0	13000	73416	153975	217	-25	0.11	0.11	24500	
27/07/2011 16:12:52	TASTEGGIO	1	0	13000	73416	129490	205	-30	0.17	0.17	0	
27/07/2011 16:13:16	TASTEGGIO	0	1	13000	73416	129491	178	-18	0.07	0.07	0	
27/07/2011 16:13:27	TASTEGGIO	0	1	13000	73416	153978	178	-18	0.09	0.19	82800	
27/07/2011 16:13:57	TASTEGGIO	1	0	13000	73416	71198	216	-12	0.10	0.10	0	
27/07/2011 16:14:10	TASTEGGIO	1	0	13000	73416	153979	216	-12	0.09	0.16	-82000	
27/07/2011 16:14:42	TASTEGGIO	1	0	13000	73416	235962	212	-18	0.08	0.08	0	
27/07/2011 16:14:55	TASTEGGIO	1	0	13000	73416	154100	212	-18	0.13	0.15	24500	
27/07/2011 16:15:26	TASTEGGIO	1	0	13000	73416	129621	211	-22	0.11	0.11	0	
27/07/2011 16:15:37	TASTEGGIO	1	0	13000	73416	153982	211	-22	0.12	0.12	0	
27/07/2011 16:16:07	TASTEGGIO	1	0	13000	73416	153994	207	-33	0.23	0.23	0	
27/07/2011 16:16:32	TASTEGGIO	0	1	13000	73416	153999	162	-8	0.14	0.14	0	
27/07/2011 16:16:57	TASTEGGIO	0	2	13000	73416	154001	174	-12	0.02	0.02	0	
27/07/2011 16:17:06	TASTEGGIO	0	2	13000	73416	154005	174	-12	0.04	0.11	82800	
27/07/2011 16:17:36	TASTEGGIO	1	0	13000	73416	71223	205	-1	0.11	0.11	0	
27/07/2011 16:17:59	TASTEGGIO	0	1	13000	73416	71225	216	-4	0.07	0.07	0	
27/07/2011 16:18:12	TASTEGGIO	0	1	13000	73416	153993	216	-4	0.02	0.06	82800	
27/07/2011 16:20:05	TASTEGGIO	0	1	13000	73416	154089	216	-4	0.25	0.25	0	
27/07/2011 16:20:35	TASTEGGIO	1	0	13000	73416	154109	224	-41	0.16	0.16	0	
27/07/2011 16:21:02	TASTEGGIO	0	1	13000	73416	154110	213	-37	0.25	0.25	0	
27/07/2011 16:21:27	TASTEGGIO	0	1	13000	73416	154113	173	-8	0.16	0.16	0	
27/07/2011 16:21:53	TASTEGGIO	0	2	13000	73416	154115	187	-6	0.12	0.12	0	
27/07/2011 16:22:02	TASTEGGIO	0	2	13000	73416	154081	187	-6	0.11	0.15	82800	
27/07/2011 16:22:31	TASTEGGIO	1	0	13000	73416	71290	211	-10	0.08	0.08	0	
27/07/2011 16:22:44	TASTEGGIO	1	0	13000	73416	153978	211	-10	0.08	0.11	24500	
27/07/2011 16:23:15	TASTEGGIO	1	0	13000	73416	129493	205	-25	0.17	0.17	0	
27/07/2011 16:23:40	TASTEGGIO	0	1	13000	73416	129493	178	-16	0.04	0.04	0	
27/07/2011 16:23:51	TASTEGGIO	0	1	13000	73416	153983	178	-16	0.09	0.09	0	
27/07/2011 16:25:46	TASTEGGIO	0	1	13000	73416	154184	178	-16	0.15	0.21	24500	
27/07/2011 16:26:16	TASTEGGIO	1	0	13000	73416	129698	218	-30	0.15	0.15	0	
27/07/2011 16:26:42	TASTEGGIO	0	1	13000	73416	129698	207	-25	0.09	0.09	0	
27/07/2011 16:26:53	TASTEGGIO	0	1	13000	73416	154084	207	-25	0.09	0.09	0	
27/07/2011 16:27:52	ALARM 17	proc 12 prog 10 step 47	LavoroTerminato
27/07/2011 16:33:28	ALARM 406		
28/07/2011 07:27:59	ALARM 401		
28/07/2011 07:28:01	INIT OK
28/07/2011 07:40:19	TASTEGGIO	0	0	13000	73417	154088	0	0	0.52	0.52	0	
28/07/2011 07:40:49	TASTEGGIO	1	0	13000	73417	154121	258	-37	0.20	0.20	0	
28/07/2011 07:41:15	TASTEGGIO	0	0	13000	73417	154123	217	-15	0.07	0.07	0	
28/07/2011 07:41:24	TASTEGGIO	0	0	13000	73417	154081	217	-15	0.06	0.19	82800	
28/07/2011 07:41:52	TASTEGGIO	1	0	13000	73417	71300	216	-9	0.13	0.13	0	
28/07/2011 07:42:05	TASTEGGIO	1	0	13000	73417	153984	216	-9	0.07	0.16	-82000	
28/07/2011 07:42:37	TASTEGGIO	1	0	13000	73417	235958	212	-18	0.07	0.07	0	
28/07/2011 07:42:49	TASTEGGIO	1	0	13000	73417	154057	212	-18	0.12	0.12	0	
28/07/2011 07:43:18	TASTEGGIO	1	0	13000	73417	154076	207	-36	0.23	0.23	0	
28/07/2011 07:43:41	TASTEGGIO	0	1	13000	73417	154077	162	-10	0.14	0.14	0	
28/07/2011 07:44:05	TASTEGGIO	0	2	13000	73417	154082	174	-3	0.11	0.11	0	
28/07/2011 07:44:30	TASTEGGIO	0	3	13000	73417	154085	188	-2	0.09	0.09	0	
28/07/2011 07:44:39	TASTEGGIO	0	3	13000	73417	154079	188	-2	0.10	0.20	44500	
28/07/2011 07:45:09	TASTEGGIO	1	0	13000	73417	109598	217	-19	0.08	0.08	0	
28/07/2011 07:45:21	TASTEGGIO	1	0	13000	73417	153986	217	-19	0.09	0.13	82800	
28/07/2011 07:45:50	TASTEGGIO	1	0	13000	73417	71200	208	-6	0.09	0.09	0	
28/07/2011 07:46:03	TASTEGGIO	1	0	13000	73417	153985	208	-6	0.07	0.07	-82000	
28/07/2011 07:47:58	TASTEGGIO	1	0	13000	73416	154087	208	-6	0.36	0.36	0	
28/07/2011 07:48:26	TASTEGGIO	1	0	13000	73416	154109	238	-38	0.04	0.04	0	
28/07/2011 07:48:35	TASTEGGIO	1	0	13000	73416	154083	238	-38	0.02	0.18	82800	
28/07/2011 07:49:05	TASTEGGIO	1	0	13000	73416	71301	215	-9	0.13	0.13	0	
28/07/2011 07:49:18	TASTEGGIO	1	0	13000	73416	153985	215	-9	0.08	0.14	82800	
28/07/2011 07:49:47	TASTEGGIO	1	0	13000	73416	71197	209	-3	0.11	0.11	0	
28/07/2011 07:50:10	TASTEGGIO	0	1	13000	73416	71199	217	-4	0.07	0.07	0	
28/07/2011 07:50:23	TASTEGGIO	0	1	13000	73416	153983	217	-4	0.06	0.11	-82000	
28/07/2011 07:50:54	TASTEGGIO	1	0	13000	73416	235960	205	-18	0.14	0.14	0	
28/07/2011 07:51:19	TASTEGGIO	0	1	13000	73416	235974	187	-12	0.06	0.06	0	
28/07/2011 07:51:31	TASTEGGIO	0	1	13000	73416	154098	187	-12	0.17	0.17	0	
28/07/2011 07:52:01	TASTEGGIO	1	0	13000	73416	154112	213	-35	0.19	0.19	0	
28/07/2011 07:52:27	TASTEGGIO	0	1	13000	73416	154114	191	-11	0.09	0.09	0	
28/07/2011 07:52:36	TASTEGGIO	0	1	13000	73416	154091	191	-11	0.08	0.15	82800	
28/07/2011 07:53:05	TASTEGGIO	1	0	13000	73416	71306	211	-1	0.16	0.16	0	
28/07/2011 07:53:29	TASTEGGIO	0	1	13000	73416	71308	228	-2	0.13	0.13	0	
28/07/2011 07:53:42	TASTEGGIO	0	1	13000	73416	153990	228	-2	0.09	0.13	82800	
28/07/2011 07:54:10	TASTEGGIO	1	0	13000	73416	71202	208	-1	0.13	0.13	0	
28/07/2011 07:54:33	TASTEGGIO	0	1	13000	73416	71204	221	-1	0.12	0.12	0	
28/07/2011 07:55:00	TASTEGGIO	0	2	13000	73416	71207	243	-1	0.11	0.11	0	
28/07/2011 07:55:25	TASTEGGIO	0	3	13000	73416	71207	273	-7	0.04	0.04	0	
28/07/2011 07:55:38	TASTEGGIO	0	3	13000	73416	153996	273	-7	0.02	0.08	24500	
28/07/2011 07:57:33	TASTEGGIO	0	3	13000	73416	153988	273	-7	0.84	0.87	24500	
28/07/2011 07:58:05	TASTEGGIO	1	0	13000	73416	129509	303	-38	0.60	0.60	0	
28/07/2011 07:58:33	TASTEGGIO	0	1	13000	73416	129510	344	-52	0.10	0.10	0	
28/07/2011 07:58:44	TASTEGGIO	0	1	13000	73416	153880	344	-52	0.16	0.31	82800	
28/07/2011 07:59:13	TASTEGGIO	1	0	13000	73416	71103	231	-9	0.25	0.25	0	
28/07/2011 07:59:38	TASTEGGIO	0	1	13000	73416	71104	251	-8	0.17	0.17	0	
28/07/2011 08:00:06	TASTEGGIO	0	2	13000	73416	71104	267	-6	0.12	0.12	0	
28/07/2011 08:00:19	TASTEGGIO	0	2	13000	73416	153878	267	-6	0.23	0.23	0	
28/07/2011 08:00:49	TASTEGGIO	1	0	13000	73416	153889	221	-33	0.09	0.09	0	
28/07/2011 08:00:58	TASTEGGIO	1	0	13000	73416	153892	221	-33	0.10	0.21	82800	
28/07/2011 08:01:27	TASTEGGIO	1	0	13000	73416	71109	218	-4	0.25	0.25	0	
28/07/2011 08:01:51	TASTEGGIO	0	1	13000	73416	71112	247	-1	0.24	0.24	0	
28/07/2011 08:02:20	TASTEGGIO	0	2	13000	73416	71115	293	-10	0.11	0.11	0	
28/07/2011 08:02:33	TASTEGGIO	0	2	13000	73416	153884	293	-10	0.06	0.10	82800	
28/07/2011 08:02:35	ALARM 401		
28/07/2011 08:02:37	ALARM 401		
28/07/2011 08:02:38	ALARM 401		
28/07/2011 08:02:39	ALARM 401		
28/07/2011 08:02:56	TASTEGGIO	0	2	13000	73416	153885	293	-10	0.07	0.10	24500	
28/07/2011 08:04:50	TASTEGGIO	0	2	13000	73414	154089	293	-10	0.12	0.15	-82000	
28/07/2011 08:05:20	TASTEGGIO	1	0	13000	73414	236067	211	-17	0.10	0.10	0	
28/07/2011 08:05:32	TASTEGGIO	1	0	13000	73414	154066	211	-17	0.04	0.10	-82000	
28/07/2011 08:06:04	TASTEGGIO	1	0	13000	73414	236046	204	-17	0.08	0.08	0	
28/07/2011 08:06:17	TASTEGGIO	1	0	13000	73414	154039	204	-17	0.10	0.10	0	
28/07/2011 08:06:45	TASTEGGIO	1	0	13000	73414	154060	204	-32	0.22	0.22	0	
28/07/2011 08:07:09	TASTEGGIO	0	1	13000	73414	154060	155	-15	0.08	0.08	0	
28/07/2011 08:07:18	TASTEGGIO	0	1	13000	73414	154049	155	-15	0.07	0.12	82800	
28/07/2011 08:07:47	TASTEGGIO	1	0	13000	73414	71272	207	-9	0.07	0.07	0	
28/07/2011 08:08:00	TASTEGGIO	1	0	13000	73414	153981	207	-9	0.07	0.11	44500	
28/07/2011 08:08:31	TASTEGGIO	1	0	13000	73414	109492	205	-19	0.09	0.09	0	
28/07/2011 08:08:56	TASTEGGIO	0	1	13000	73414	109496	197	-17	0.08	0.08	0	
28/07/2011 08:09:08	TASTEGGIO	0	1	13000	73414	153984	197	-17	0.06	0.07	82800	
28/07/2011 08:10:06	ALARM 17	proc 12 prog 10 step 47	LavoroTerminato
28/07/2011 08:25:22	ALARM 218	proc 12 prog 99 step 12	homing 4 cmd 10
28/07/2011 08:25:25	ALARM 204		err.6059
28/07/2011 08:27:47	ALARM 401		
28/07/2011 13:56:10	ALARM 406		
