09/11/2011 11:10:45	TASTEGGIO	1	0	9000	57739	82802	237	-4	0.16	0.16	0	
09/11/2011 11:11:09	TASTEGGIO	0	1	9000	57739	82800	249	-1	0.15	0.15	0	
09/11/2011 11:11:31	TASTEGGIO	0	2	9000	57739	82800	277	-4	0.10	0.10	0	
09/11/2011 11:11:42	TASTEGGIO	0	2	9000	57739	127164	277	-4	0.05	0.09	44500	
09/11/2011 11:12:07	TASTEGGIO	1	0	9000	57739	82703	223	0	0.09	0.09	0	
09/11/2011 11:12:30	TASTEGGIO	0	1	9000	57739	82697	232	0	0.10	0.10	0	
09/11/2011 11:12:51	TASTEGGIO	0	2	9000	57739	82694	254	0	0.08	0.08	0	
09/11/2011 11:13:12	TASTEGGIO	0	3	9000	57739	82694	265	-1	0.07	0.07	0	
09/11/2011 11:13:23	TASTEGGIO	0	3	9000	57739	127161	265	-1	0.04	0.05	44500	
09/11/2011 11:15:10	TASTEGGIO	0	3	9000	57739	127274	265	-1	0.05	0.12	-82000	
09/11/2011 11:15:37	TASTEGGIO	1	0	9000	57739	209226	227	-4	0.10	0.10	0	
09/11/2011 11:15:58	TASTEGGIO	0	1	9000	57739	209234	235	-1	0.07	0.07	0	
09/11/2011 11:16:09	TASTEGGIO	0	1	9000	57739	127267	235	-1	0.02	0.12	44500	
09/11/2011 11:16:36	TASTEGGIO	1	0	9000	57739	82793	227	-2	0.08	0.08	0	
09/11/2011 11:16:57	TASTEGGIO	0	1	9000	57739	82793	232	-1	0.09	0.09	0	
09/11/2011 11:17:19	TASTEGGIO	0	2	9000	57739	82793	252	0	0.05	0.05	0	
09/11/2011 11:17:30	TASTEGGIO	0	2	9000	57739	127157	252	0	0.05	0.07	-82000	
09/11/2011 11:19:15	TASTEGGIO	0	2	9000	57739	127275	252	0	0.16	0.16	0	
09/11/2011 11:19:39	TASTEGGIO	1	0	9000	57739	127294	232	-9	0.07	0.07	0	
09/11/2011 11:19:48	TASTEGGIO	1	0	9000	57739	127268	232	-9	0.08	0.09	44500	
09/11/2011 11:20:14	TASTEGGIO	1	0	9000	57739	82795	223	-3	0.06	0.06	0	
09/11/2011 11:20:25	TASTEGGIO	1	0	9000	57739	127165	223	-3	0.10	0.10	0	
09/11/2011 11:20:49	TASTEGGIO	1	0	9000	57739	127164	224	-1	0.09	0.09	0	
09/11/2011 11:21:12	TASTEGGIO	0	1	9000	57739	127160	232	-2	0.07	0.07	0	
09/11/2011 11:21:20	TASTEGGIO	0	1	9000	57739	127163	232	-2	0.07	0.08	44500	
09/11/2011 11:21:46	TASTEGGIO	1	0	9000	57739	82693	222	0	0.08	0.08	0	
09/11/2011 11:22:07	TASTEGGIO	0	1	9000	57739	82692	230	0	0.07	0.07	0	
09/11/2011 11:22:18	TASTEGGIO	0	1	9000	57739	127158	230	0	0.08	0.08	0	
09/11/2011 11:22:42	TASTEGGIO	1	0	9000	57739	127158	222	-1	0.06	0.06	0	
09/11/2011 11:22:50	TASTEGGIO	1	0	9000	57739	127161	222	-1	0.08	0.08	44500	
09/11/2011 11:23:17	TASTEGGIO	1	0	9000	57739	82690	222	0	0.08	0.08	0	
09/11/2011 11:23:37	TASTEGGIO	0	1	9000	57739	82690	230	0	0.07	0.07	0	
09/11/2011 11:23:48	TASTEGGIO	0	1	9000	57739	127165	230	0	0.08	0.09	44500	
09/11/2011 11:24:14	TASTEGGIO	1	0	9000	57739	82705	223	1	0.06	0.06	0	
09/11/2011 11:24:25	TASTEGGIO	1	0	9000	57739	127171	223	1	0.08	0.08	0	
09/11/2011 11:24:49	TASTEGGIO	1	0	9000	57739	127174	222	0	0.06	0.06	0	
09/11/2011 11:24:57	TASTEGGIO	1	0	9000	57739	127180	222	0	0.06	0.08	44500	
09/11/2011 11:25:23	TASTEGGIO	1	0	9000	57739	82713	222	0	0.07	0.07	0	
09/11/2011 11:25:34	TASTEGGIO	1	0	9000	57739	127173	222	0	0.07	0.08	-82000	
09/11/2011 11:26:01	TASTEGGIO	1	0	9000	57739	209132	222	-4	0.06	0.06	0	
09/11/2011 11:26:13	TASTEGGIO	1	0	9000	57739	127274	222	-4	0.10	0.10	0	
09/11/2011 11:26:38	TASTEGGIO	1	0	9000	57739	127289	224	0	0.08	0.08	0	
09/11/2011 11:27:01	TASTEGGIO	0	1	9000	57739	127283	230	0	0.09	0.09	0	
09/11/2011 11:27:23	TASTEGGIO	0	2	9000	57739	127281	250	-4	0.06	0.06	0	
09/11/2011 11:27:32	TASTEGGIO	0	2	9000	57739	127257	250	-4	0.04	0.09	44500	
09/11/2011 11:27:58	TASTEGGIO	1	0	9000	57739	82806	223	0	0.09	0.09	0	
09/11/2011 11:28:19	TASTEGGIO	0	1	9000	57739	82798	232	1	0.08	0.08	0	
09/11/2011 11:28:39	TASTEGGIO	0	2	9000	57739	82792	246	0	0.06	0.06	0	
09/11/2011 11:28:50	TASTEGGIO	0	2	9000	57739	127173	246	0	0.07	0.07	0	
09/11/2011 11:30:35	TASTEGGIO	0	2	9000	57739	127177	246	0	0.17	0.41	44500	
09/11/2011 11:31:02	TASTEGGIO	1	0	9000	57739	82712	264	-5	0.36	0.36	0	
09/11/2011 11:31:24	TASTEGGIO	0	1	9000	57739	82708	295	-6	0.29	0.29	0	
09/11/2011 11:31:46	TASTEGGIO	0	2	9000	57739	82706	341	-13	0.17	0.17	0	
09/11/2011 11:32:08	TASTEGGIO	0	3	9000	57739	82699	358	-25	0.10	0.10	0	
09/11/2011 11:32:19	TASTEGGIO	0	3	9000	57739	127064	358	-25	0.21	0.21	0	
09/11/2011 11:32:45	TASTEGGIO	1	0	9000	57739	127066	238	-8	0.16	0.16	0	
09/11/2011 11:33:07	TASTEGGIO	0	1	9000	57739	127065	250	-10	0.06	0.06	0	
09/11/2011 11:33:15	TASTEGGIO	0	1	9000	57739	127068	250	-10	0.07	0.12	-82000	
09/11/2011 11:33:42	TASTEGGIO	1	0	9000	57739	209017	227	-2	0.11	0.11	0	
09/11/2011 11:34:04	TASTEGGIO	0	1	9000	57739	209029	237	-1	0.11	0.11	0	
09/11/2011 11:34:25	TASTEGGIO	0	2	9000	57739	209036	259	-4	0.06	0.06	0	
09/11/2011 11:34:37	TASTEGGIO	0	2	9000	57739	127186	259	-4	0.05	0.08	24500	
09/11/2011 11:35:03	TASTEGGIO	1	0	9000	57739	102719	222	-4	0.03	0.03	0	
09/11/2011 11:35:14	TASTEGGIO	1	0	9000	57739	127064	222	-4	0.06	0.07	-82000	
09/11/2011 11:37:00	TASTEGGIO	1	0	9000	57739	127370	222	-4	0.15	0.20	44500	
09/11/2011 11:37:26	TASTEGGIO	1	0	9000	57739	82917	237	-4	0.17	0.17	0	
09/11/2011 11:37:47	TASTEGGIO	0	1	9000	57739	82911	251	-3	0.15	0.15	0	
09/11/2011 11:38:08	TASTEGGIO	0	2	9000	57739	82904	277	-4	0.10	0.10	0	
09/11/2011 11:38:19	TASTEGGIO	0	2	9000	57739	127264	277	-4	0.08	0.11	44500	
09/11/2011 11:38:45	TASTEGGIO	1	0	9000	57739	82795	225	0	0.10	0.10	0	
09/11/2011 11:39:06	TASTEGGIO	0	1	9000	57739	82789	234	0	0.12	0.12	0	
09/11/2011 11:39:28	TASTEGGIO	0	2	9000	57739	82789	262	0	0.11	0.11	0	
09/11/2011 11:39:49	TASTEGGIO	0	3	9000	57739	82789	292	-3	0.06	0.06	0	
09/11/2011 11:40:00	TASTEGGIO	0	3	9000	57739	127265	292	-3	0.05	0.06	44500	
09/11/2011 11:41:46	TASTEGGIO	0	3	9000	57739	127178	292	-3	0.28	0.28	0	
09/11/2011 11:42:10	TASTEGGIO	1	0	9000	57739	127190	247	-10	0.19	0.19	0	
09/11/2011 11:42:32	TASTEGGIO	0	1	9000	57739	127184	259	-11	0.11	0.11	0	
09/11/2011 11:42:40	TASTEGGIO	0	1	9000	57739	127161	259	-11	0.12	0.13	44500	
09/11/2011 11:43:06	TASTEGGIO	1	0	9000	57739	82689	228	-3	0.08	0.08	0	
09/11/2011 11:43:27	TASTEGGIO	0	1	9000	57739	82689	232	0	0.09	0.09	0	
09/11/2011 11:43:48	TASTEGGIO	0	2	9000	57739	82689	252	-3	0.07	0.07	0	
09/11/2011 11:43:59	TASTEGGIO	0	2	9000	57739	127070	252	-3	0.06	0.08	-82000	
09/11/2011 11:44:25	TASTEGGIO	1	0	9000	57739	209013	222	-5	0.05	0.05	0	
09/11/2011 11:44:37	TASTEGGIO	1	0	9000	57739	127160	222	-5	0.04	0.06	44500	
09/11/2011 11:46:24	TASTEGGIO	1	0	9000	57739	127275	222	-5	0.20	0.21	-82000	
09/11/2011 11:46:51	TASTEGGIO	1	0	9000	57739	209228	238	-5	0.14	0.14	0	
09/11/2011 11:47:03	TASTEGGIO	1	0	9000	57739	127265	238	-5	0.18	0.18	0	
09/11/2011 11:47:27	TASTEGGIO	1	0	9000	57739	127280	234	-8	0.10	0.10	0	
09/11/2011 11:47:36	TASTEGGIO	1	0	9000	57739	127255	234	-8	0.10	0.12	-82000	
09/11/2011 11:48:02	TASTEGGIO	1	0	9000	57739	209212	227	0	0.12	0.12	0	
09/11/2011 11:48:25	TASTEGGIO	0	1	9000	57739	209216	239	0	0.11	0.11	0	
09/11/2011 11:48:46	TASTEGGIO	0	2	9000	57739	209219	259	-3	0.08	0.08	0	
09/11/2011 11:49:09	TASTEGGIO	0	3	9000	57739	209221	269	-2	0.07	0.07	0	
09/11/2011 11:49:21	TASTEGGIO	0	3	9000	57739	127278	269	-2	0.09	0.09	0	
09/11/2011 11:49:46	TASTEGGIO	1	0	9000	57739	127292	223	-5	0.03	0.03	0	
09/11/2011 11:49:54	TASTEGGIO	1	0	9000	57739	127263	223	-5	0.03	0.09	44500	
09/11/2011 11:50:20	TASTEGGIO	1	0	9000	57739	82794	223	-2	0.07	0.07	0	
09/11/2011 11:50:31	TASTEGGIO	1	0	9000	57739	127160	223	-2	0.06	0.06	44500	
09/11/2011 11:52:16	TASTEGGIO	1	0	9000	57739	127276	223	-2	0.18	0.21	24500	
09/11/2011 11:52:42	TASTEGGIO	1	0	9000	57739	102801	238	-9	0.09	0.09	0	
09/11/2011 11:52:52	TASTEGGIO	1	0	9000	57739	127167	238	-9	0.11	0.12	44500	
09/11/2011 11:53:18	TASTEGGIO	1	0	9000	57739	82701	227	-4	0.07	0.07	0	
09/11/2011 11:53:29	TASTEGGIO	1	0	9000	57739	127165	227	-4	0.07	0.08	-82000	
09/11/2011 11:53:56	TASTEGGIO	1	0	9000	57739	209118	222	-6	0.03	0.03	0	
09/11/2011 11:54:08	TASTEGGIO	1	0	9000	57739	127259	222	-6	0.07	0.07	0	
09/11/2011 11:55:55	TASTEGGIO	1	0	9000	57739	127084	222	-6	0.28	0.28	0	
09/11/2011 11:56:19	TASTEGGIO	1	0	9000	57739	127100	247	-13	0.16	0.16	0	
09/11/2011 11:56:41	TASTEGGIO	0	1	9000	57739	127091	256	-7	0.08	0.08	0	
09/11/2011 11:56:50	TASTEGGIO	0	1	9000	57739	127061	256	-7	0.09	0.09	0	
09/11/2011 11:57:14	TASTEGGIO	1	0	9000	57739	127073	223	0	0.09	0.09	0	
09/11/2011 11:57:36	TASTEGGIO	0	1	9000	57739	127068	232	0	0.06	0.06	0	
09/11/2011 11:57:44	TASTEGGIO	0	1	9000	57739	127045	232	0	0.05	0.09	24500	
09/11/2011 11:58:10	TASTEGGIO	1	0	9000	57739	102573	223	-7	0.02	0.02	0	
09/11/2011 11:58:20	TASTEGGIO	1	0	9000	57739	126967	223	-7	0.04	0.09	-82000	
09/11/2011 11:58:48	TASTEGGIO	1	0	9000	57739	208920	223	-5	0.07	0.07	0	
09/11/2011 11:58:59	TASTEGGIO	1	0	9000	57739	127069	223	-5	0.05	0.07	44500	
09/11/2011 12:00:46	TASTEGGIO	1	0	9000	57739	127084	223	-5	0.33	0.33	0	
09/11/2011 12:01:10	TASTEGGIO	1	0	9000	57739	127100	254	-9	0.23	0.23	0	
09/11/2011 12:01:32	TASTEGGIO	0	1	9000	57739	127091	270	-6	0.19	0.19	0	
09/11/2011 12:01:55	TASTEGGIO	0	2	9000	57739	127087	301	-13	0.03	0.03	0	
09/11/2011 12:02:03	TASTEGGIO	0	2	9000	57739	127056	301	-13	0.03	0.09	-82000	
09/11/2011 12:02:30	TASTEGGIO	1	0	9000	57739	209014	223	-3	0.10	0.10	0	
09/11/2011 12:02:51	TASTEGGIO	0	1	9000	57739	209022	234	-4	0.04	0.04	0	
09/11/2011 12:03:03	TASTEGGIO	0	1	9000	57739	127072	234	-4	0.02	0.05	44500	
09/11/2011 12:03:58	ALARM 17	proc 12 prog 10 step 47	LavoroTerminato
09/11/2011 13:14:41	TASTEGGIO	0	1	9000	57739	126979	234	-4	0.33	0.33	0	
09/11/2011 13:15:05	TASTEGGIO	1	0	9000	57739	127006	254	-10	0.22	0.22	0	
09/11/2011 13:15:29	TASTEGGIO	0	1	9000	57739	126995	268	-6	0.18	0.18	0	
09/11/2011 13:15:51	TASTEGGIO	0	2	9000	57739	126987	297	-13	0.05	0.05	0	
09/11/2011 13:15:59	TASTEGGIO	0	2	9000	57739	126990	297	-13	0.04	0.10	-82000	
09/11/2011 13:16:26	TASTEGGIO	1	0	9000	57739	208940	224	-4	0.07	0.07	0	
09/11/2011 13:16:37	TASTEGGIO	1	0	9000	57739	127071	224	-4	0.02	0.07	-82000	
09/11/2011 13:18:23	TASTEGGIO	1	0	9000	57739	127272	224	-4	0.19	0.24	-82000	
09/11/2011 13:18:49	TASTEGGIO	1	0	9000	57739	209224	242	-7	0.16	0.16	0	
09/11/2011 13:19:10	TASTEGGIO	0	1	9000	57739	209231	252	-4	0.12	0.12	0	
09/11/2011 13:19:22	TASTEGGIO	0	1	9000	57739	127266	252	-4	0.12	0.14	44500	
09/11/2011 13:19:48	TASTEGGIO	1	0	9000	57739	82792	229	-5	0.08	0.08	0	
09/11/2011 13:20:10	TASTEGGIO	0	1	9000	57739	82792	233	-1	0.07	0.07	0	
09/11/2011 13:20:21	TASTEGGIO	0	1	9000	57739	127153	233	-1	0.09	0.12	-82000	
09/11/2011 13:20:48	TASTEGGIO	1	0	9000	57739	209106	227	-2	0.10	0.10	0	
09/11/2011 13:21:10	TASTEGGIO	0	1	9000	57739	209115	235	0	0.09	0.09	0	
09/11/2011 13:21:31	TASTEGGIO	0	2	9000	57739	209122	251	-1	0.08	0.08	0	
09/11/2011 13:21:54	TASTEGGIO	0	3	9000	57739	209128	272	-3	0.05	0.05	0	
09/11/2011 13:22:06	TASTEGGIO	0	3	9000	57739	127278	272	-3	0.04	0.07	-82000	
09/11/2011 13:23:52	TASTEGGIO	0	3	9000	57739	127274	272	-3	0.11	0.14	24500	
09/11/2011 13:24:18	TASTEGGIO	1	0	9000	57739	102818	229	-7	0.06	0.06	0	
09/11/2011 13:24:28	TASTEGGIO	1	0	9000	57739	127169	229	-7	0.07	0.08	-82000	
09/11/2011 13:24:54	TASTEGGIO	1	0	9000	57739	209124	222	-5	0.05	0.05	0	
09/11/2011 13:25:06	TASTEGGIO	1	0	9000	57739	127266	222	-5	0.07	0.07	0	
09/11/2011 13:26:52	TASTEGGIO	1	0	9000	57739	127272	222	-5	0.51	0.51	0	
09/11/2011 13:27:17	TASTEGGIO	1	0	9000	57739	127290	277	-11	0.40	0.40	0	
09/11/2011 13:27:39	TASTEGGIO	0	1	9000	57739	127284	308	-12	0.26	0.26	0	
09/11/2011 13:28:04	TASTEGGIO	0	2	9000	57739	127278	331	-17	0.14	0.14	0	
09/11/2011 13:28:12	TASTEGGIO	0	2	9000	57739	127255	331	-17	0.13	0.22	44500	
09/11/2011 13:28:38	TASTEGGIO	1	0	9000	57739	82784	240	-3	0.20	0.20	0	
09/11/2011 13:28:59	TASTEGGIO	0	1	9000	57739	82782	258	-1	0.17	0.17	0	
09/11/2011 13:29:22	TASTEGGIO	0	2	9000	57739	82781	286	-3	0.13	0.13	0	
09/11/2011 13:29:32	TASTEGGIO	0	2	9000	57739	127158	286	-3	0.06	0.11	44500	
09/11/2011 13:29:57	TASTEGGIO	1	0	9000	57739	82694	225	0	0.12	0.12	0	
09/11/2011 13:30:18	TASTEGGIO	0	1	9000	57739	82689	238	0	0.12	0.12	0	
09/11/2011 13:30:40	TASTEGGIO	0	2	9000	57739	82688	262	0	0.11	0.11	0	
09/11/2011 13:31:03	TASTEGGIO	0	3	9000	57739	82688	292	-10	0.10	0.10	0	
09/11/2011 13:31:25	TASTEGGIO	0	4	9000	57739	82687	328	-13	0.09	0.09	0	
09/11/2011 13:31:48	TASTEGGIO	0	1	9000	57739	82724	319	-25	0.17	0.17	0	
09/11/2011 13:32:10	TASTEGGIO	0	1	9000	57739	82724	286	-5	0.15	0.15	0	
09/11/2011 13:32:33	TASTEGGIO	0	2	9000	57739	82724	312	-6	0.11	0.11	0	
09/11/2011 13:32:57	TASTEGGIO	0	3	9000	57739	82724	325	-7	0.07	0.07	0	
09/11/2011 13:33:08	TASTEGGIO	0	3	9000	57739	127166	325	-7	0.05	0.08	44500	
09/11/2011 13:33:33	TASTEGGIO	1	0	9000	57739	82703	222	0	0.06	0.06	0	
09/11/2011 13:33:44	TASTEGGIO	1	0	9000	57739	127155	222	0	0.04	0.07	44500	
09/11/2011 13:35:31	TASTEGGIO	1	0	9000	57739	127183	222	0	0.31	0.33	-82000	
09/11/2011 13:35:57	TASTEGGIO	1	0	9000	57739	209138	254	-5	0.29	0.29	0	
09/11/2011 13:36:19	TASTEGGIO	0	1	9000	57739	209146	279	-5	0.25	0.25	0	
09/11/2011 13:36:42	TASTEGGIO	0	2	9000	57739	209154	322	-8	0.15	0.15	0	
09/11/2011 13:37:04	TASTEGGIO	0	3	9000	57739	209158	337	-6	0.09	0.09	0	
09/11/2011 13:37:16	TASTEGGIO	0	3	9000	57739	127196	337	-6	0.16	0.16	0	
09/11/2011 13:37:40	TASTEGGIO	1	0	9000	57739	127204	232	-10	0.06	0.06	0	
09/11/2011 13:37:49	TASTEGGIO	1	0	9000	57739	127176	232	-10	0.07	0.07	0	
09/11/2011 13:39:35	TASTEGGIO	1	0	9000	57739	127176	232	-10	0.23	0.23	0	
09/11/2011 13:40:00	TASTEGGIO	1	0	9000	57739	127188	241	-13	0.10	0.10	0	
09/11/2011 13:40:08	TASTEGGIO	1	0	9000	57739	127163	241	-13	0.10	0.13	-82000	
09/11/2011 13:40:33	TASTEGGIO	1	0	9000	57739	209113	228	-5	0.06	0.06	0	
09/11/2011 13:40:45	TASTEGGIO	1	0	9000	57739	127169	228	-5	0.11	0.11	0	
09/11/2011 13:41:10	TASTEGGIO	1	0	9000	57739	127177	225	-9	0.03	0.03	0	
09/11/2011 13:41:18	TASTEGGIO	1	0	9000	57739	127157	225	-9	0.03	0.05	-82000	
09/11/2011 13:43:04	TASTEGGIO	1	0	9000	57739	127087	225	-9	0.24	0.24	0	
09/11/2011 13:43:28	TASTEGGIO	1	0	9000	57739	127106	242	-16	0.08	0.08	0	
09/11/2011 13:43:37	TASTEGGIO	1	0	9000	57739	127077	242	-16	0.08	0.10	-82000	
09/11/2011 13:44:03	TASTEGGIO	1	0	9000	57739	209026	224	-8	0.05	0.05	0	
09/11/2011 13:44:15	TASTEGGIO	1	0	9000	57739	127074	224	-8	0.04	0.06	24500	
09/11/2011 13:46:02	TASTEGGIO	1	0	9000	57739	127182	224	-8	0.25	0.28	44500	
09/11/2011 13:46:28	TASTEGGIO	1	0	9000	57739	82717	247	-8	0.21	0.21	0	
09/11/2011 13:46:51	TASTEGGIO	0	1	9000	57739	82710	262	-5	0.16	0.16	0	
09/11/2011 13:47:14	TASTEGGIO	0	2	9000	57739	82710	279	-6	0.09	0.09	0	
09/11/2011 13:47:25	TASTEGGIO	0	2	9000	57739	127069	279	-6	0.11	0.11	0	
09/11/2011 13:47:49	TASTEGGIO	1	0	9000	57739	127070	225	-16	0.10	0.10	0	
09/11/2011 13:48:12	TASTEGGIO	0	1	9000	57739	127069	215	-15	0.09	0.09	0	
09/11/2011 13:48:34	TASTEGGIO	0	1	9000	57739	127064	206	-3	0.05	0.05	0	
09/11/2011 13:48:42	TASTEGGIO	0	1	9000	57739	127067	206	-3	0.05	0.07	-82000	
09/11/2011 13:50:28	TASTEGGIO	0	1	9000	57739	127176	206	-3	0.16	0.16	24500	
09/11/2011 13:50:55	TASTEGGIO	1	0	9000	57739	102719	232	-11	0.11	0.11	0	
09/11/2011 13:51:05	TASTEGGIO	1	0	9000	57739	127075	232	-11	0.14	0.14	0	
09/11/2011 13:51:29	TASTEGGIO	1	0	9000	57739	127078	229	-12	0.05	0.05	0	
09/11/2011 13:51:37	TASTEGGIO	1	0	9000	57739	127082	229	-12	0.04	0.08	-82000	
09/11/2011 13:52:03	TASTEGGIO	1	0	9000	57739	209042	222	-6	0.01	0.01	0	
09/11/2011 13:52:15	TASTEGGIO	1	0	9000	57739	127162	222	-6	0.06	0.06	0	
09/11/2011 13:54:01	TASTEGGIO	1	0	9000	57739	127178	222	-6	0.14	0.15	24500	
09/11/2011 13:54:27	TASTEGGIO	1	0	9000	57739	102701	231	-10	0.06	0.06	0	
09/11/2011 13:54:37	TASTEGGIO	1	0	9000	57739	127062	231	-10	0.06	0.07	-82000	
09/11/2011 13:56:23	TASTEGGIO	1	0	9000	57739	127177	231	-10	0.14	0.14	0	
09/11/2011 13:56:48	TASTEGGIO	1	0	9000	57739	127190	229	-15	0.04	0.04	0	
09/11/2011 13:56:57	TASTEGGIO	1	0	9000	57739	127168	229	-15	0.03	0.04	24500	
09/11/2011 13:58:43	TASTEGGIO	1	0	9000	57739	127080	229	-15	0.05	0.07	44500	
09/11/2011 14:00:29	TASTEGGIO	1	0	9000	57739	127178	229	-15	0.18	0.18	0	
09/11/2011 14:00:55	TASTEGGIO	1	0	9000	57739	127192	234	-15	0.03	0.03	0	
09/11/2011 14:01:03	TASTEGGIO	1	0	9000	57739	127173	234	-15	0.03	0.04	44500	
09/11/2011 14:02:47	TASTEGGIO	1	0	9000	57739	127179	234	-15	0.34	0.34	0	
09/11/2011 14:03:12	TASTEGGIO	1	0	9000	57739	127191	255	-10	0.25	0.25	0	
09/11/2011 14:03:34	TASTEGGIO	0	1	9000	57739	127182	273	-7	0.18	0.18	0	
09/11/2011 14:03:58	TASTEGGIO	0	2	9000	57739	127174	291	-8	0.11	0.11	0	
09/11/2011 14:04:06	TASTEGGIO	0	2	9000	57739	127149	291	-8	0.11	0.16	44500	
09/11/2011 14:04:32	TASTEGGIO	1	0	9000	57739	82679	232	-3	0.13	0.13	0	
09/11/2011 14:04:43	TASTEGGIO	1	0	9000	57739	127068	232	-3	0.10	0.13	44500	
09/11/2011 14:05:09	TASTEGGIO	1	0	9000	57739	82599	228	0	0.13	0.13	0	
09/11/2011 14:05:30	TASTEGGIO	0	1	9000	57739	82592	241	-2	0.11	0.11	0	
09/11/2011 14:05:52	TASTEGGIO	0	2	9000	57739	82592	259	-3	0.09	0.09	0	
09/11/2011 14:06:15	TASTEGGIO	0	3	9000	57739	82592	281	-5	0.04	0.04	0	
09/11/2011 14:06:27	TASTEGGIO	0	3	9000	57739	127068	281	-5	0.06	0.14	-82000	
09/11/2011 14:06:53	TASTEGGIO	1	0	9000	57739	209030	229	-5	0.09	0.09	0	
09/11/2011 14:07:14	TASTEGGIO	0	1	9000	57739	209035	234	-2	0.07	0.07	0	
09/11/2011 14:07:25	TASTEGGIO	0	1	9000	57739	127171	234	-2	0.05	0.08	-82000	
09/11/2011 14:07:52	TASTEGGIO	1	0	9000	57739	209144	222	0	0.05	0.05	0	
09/11/2011 14:08:04	TASTEGGIO	1	0	9000	57739	127171	222	0	0.06	0.08	-82000	
09/11/2011 14:08:31	TASTEGGIO	1	0	9000	57739	209142	222	0	0.07	0.07	0	
09/11/2011 14:08:42	TASTEGGIO	1	0	9000	57739	127164	222	0	0.04	0.08	-82000	
09/11/2011 14:09:09	TASTEGGIO	1	0	9000	57739	209128	222	0	0.07	0.07	0	
09/11/2011 14:09:21	TASTEGGIO	1	0	9000	57739	127157	222	0	0.05	0.07	-82000	
09/11/2011 14:11:07	TASTEGGIO	1	0	9000	57739	127180	222	0	0.21	0.21	0	
09/11/2011 14:11:31	TASTEGGIO	1	0	9000	57739	127192	238	-11	0.12	0.12	0	
09/11/2011 14:11:40	TASTEGGIO	1	0	9000	57739	127168	238	-11	0.13	0.14	-82000	
09/11/2011 14:12:06	TASTEGGIO	1	0	9000	57739	209119	229	-5	0.09	0.09	0	
09/11/2011 14:12:29	TASTEGGIO	0	1	9000	57739	209123	234	-2	0.08	0.08	0	
09/11/2011 14:12:50	TASTEGGIO	0	2	9000	57739	209127	248	-5	0.05	0.05	0	
09/11/2011 14:13:02	TASTEGGIO	0	2	9000	57739	127179	248	-5	0.07	0.07	44500	
09/11/2011 14:14:46	TASTEGGIO	0	2	9000	57739	127274	248	-5	0.19	0.20	24500	
09/11/2011 14:15:13	TASTEGGIO	1	0	9000	57739	102801	237	-11	0.10	0.10	0	
09/11/2011 14:15:23	TASTEGGIO	1	0	9000	57739	127159	237	-11	0.10	0.10	-82000	
09/11/2011 14:15:50	TASTEGGIO	1	0	9000	57739	209111	224	-5	0.05	0.05	0	
09/11/2011 14:16:01	TASTEGGIO	1	0	9000	57739	127265	224	-5	0.05	0.07	44500	
09/11/2011 14:16:56	ALARM 17	proc 12 prog 10 step 47	LavoroTerminato
09/11/2011 15:13:33	ALARM 401		
09/11/2011 15:15:18	ALARM 401		
09/11/2011 15:27:25	ALARM 200		err.0
09/11/2011 15:27:26	ALARM 200		err.0
09/11/2011 15:27:27	ALARM 200		err.0
09/11/2011 15:27:28	ALARM 200		err.0
09/11/2011 15:27:32	ALARM 200		err.0
09/11/2011 15:27:32	ALARM 200		err.0
09/11/2011 15:27:33	ALARM 200		err.0
09/11/2011 15:27:33	ALARM 200		err.0
09/11/2011 15:28:03	ALARM 200		err.0
09/11/2011 15:28:06	ALARM 401		
09/11/2011 15:28:07	ALARM 401		
09/11/2011 15:28:16	ALARM 401		
09/11/2011 15:28:17	ALARM 200		err.0
09/11/2011 15:28:22	ALARM 401		
09/11/2011 15:28:23	ALARM 401		
09/11/2011 15:28:23	ALARM 401		
09/11/2011 15:28:24	ALARM 200		err.0
09/11/2011 15:28:24	ALARM 200		err.0
09/11/2011 15:28:28	ALARM 200		err.0
09/11/2011 15:28:29	ALARM 200		err.0
09/11/2011 15:28:29	ALARM 200		err.0
09/11/2011 15:28:55	ALARM 200		err.0
09/11/2011 15:28:56	ALARM 200		err.0
09/11/2011 15:28:57	ALARM 200		err.0
09/11/2011 15:28:58	ALARM 200		err.0
09/11/2011 15:28:59	ALARM 200		err.0
09/11/2011 15:28:59	ALARM 200		err.0
09/11/2011 15:29:02	ALARM 200		err.0
09/11/2011 15:29:04	ALARM 200		err.0
09/11/2011 15:31:00	ALARM 401		
09/11/2011 15:31:02	INIT OK
09/11/2011 15:39:49	ALARM 19	proc 12 prog 36 step 77	Tondo Non Presente Su Carrello 2
09/11/2011 15:41:17	ALARM 201		err.6058
09/11/2011 15:42:09	ALARM 401		
09/11/2011 15:44:07	TASTEGGIO	0	0	11000	65578	150404	0	0	0.06	0.14	82800	
09/11/2011 15:44:38	TASTEGGIO	1	0	11000	65578	67630	229	-7	0.08	0.08	0	
09/11/2011 15:45:03	TASTEGGIO	0	1	11000	65578	67630	233	-5	0.04	0.04	0	
09/11/2011 15:45:15	TASTEGGIO	0	1	11000	65578	150273	233	-5	0.10	0.10	0	
09/11/2011 15:45:45	TASTEGGIO	1	0	11000	65578	150270	224	-33	0.22	0.22	0	
09/11/2011 15:46:10	TASTEGGIO	0	1	11000	65578	150270	175	-13	0.09	0.09	0	
09/11/2011 15:46:35	TASTEGGIO	0	0	11000	65578	150270	223	-24	0.15	0.15	0	
09/11/2011 15:47:01	TASTEGGIO	0	1	11000	65578	150269	197	-7	0.08	0.08	0	
09/11/2011 15:47:27	TASTEGGIO	0	2	11000	65578	150270	203	-14	0.08	0.08	0	
09/11/2011 15:47:53	TASTEGGIO	0	1	11000	65578	150270	195	-20	0.12	0.12	0	
09/11/2011 15:48:19	TASTEGGIO	0	1	11000	65578	150270	177	-7	0.05	0.05	0	
09/11/2011 15:48:28	TASTEGGIO	0	1	11000	65578	150273	177	-7	0.04	0.09	-82000	
09/11/2011 15:48:59	TASTEGGIO	1	0	11000	65578	232238	223	-18	0.07	0.07	0	
09/11/2011 15:49:12	TASTEGGIO	1	0	11000	65578	150365	223	-18	0.07	0.10	44500	
09/11/2011 15:49:43	TASTEGGIO	1	0	11000	65578	105900	224	-19	0.09	0.09	0	
09/11/2011 15:49:54	TASTEGGIO	1	0	11000	65578	150261	224	-19	0.09	0.12	82800	
09/11/2011 15:50:24	TASTEGGIO	1	0	11000	65578	67485	227	-3	0.09	0.09	0	
09/11/2011 15:50:37	TASTEGGIO	1	0	11000	65578	150273	227	-3	0.08	0.08	82800	
09/11/2011 15:51:37	ALARM 17	proc 12 prog 10 step 47	LavoroTerminato
09/11/2011 15:59:24	ALARM 401		
09/11/2011 16:03:40	TASTEGGIO	1	0	11000	65578	150411	227	-3	0.09	0.31	-82000	
09/11/2011 16:04:12	TASTEGGIO	1	0	11000	65578	232367	251	-24	0.11	0.11	0	
09/11/2011 16:04:25	TASTEGGIO	1	0	11000	65578	150366	251	-24	0.20	0.30	44500	
09/11/2011 16:04:56	TASTEGGIO	1	0	11000	65578	105903	250	-23	0.14	0.14	0	
09/11/2011 16:05:08	TASTEGGIO	1	0	11000	65578	150235	250	-23	0.12	0.20	82800	
09/11/2011 16:05:38	TASTEGGIO	1	0	11000	65578	67460	237	-8	0.11	0.11	0	
09/11/2011 16:05:50	TASTEGGIO	1	0	11000	65578	150253	237	-8	0.17	0.25	24500	
09/11/2011 16:06:22	TASTEGGIO	1	0	11000	65578	125781	243	-30	0.11	0.11	0	
09/11/2011 16:06:32	TASTEGGIO	1	0	11000	65578	150244	243	-30	0.14	0.25	82800	
09/11/2011 16:07:02	TASTEGGIO	1	0	11000	65578	67463	243	-1	0.23	0.23	0	
09/11/2011 16:07:28	TASTEGGIO	0	1	11000	65578	67454	264	-4	0.18	0.18	0	
09/11/2011 16:07:53	TASTEGGIO	0	2	11000	65578	67445	283	-5	0.12	0.12	0	
09/11/2011 16:08:05	TASTEGGIO	0	2	11000	65578	150267	283	-5	0.13	0.16	-82000	
09/11/2011 16:08:35	TASTEGGIO	1	0	11000	65578	232238	232	-8	0.14	0.14	0	
09/11/2011 16:08:48	TASTEGGIO	1	0	11000	65578	150402	232	-8	0.08	0.14	-82000	
09/11/2011 16:09:20	TASTEGGIO	1	0	11000	65578	232381	229	-2	0.12	0.12	0	
09/11/2011 16:09:45	TASTEGGIO	0	1	11000	65578	232399	239	-5	0.05	0.05	0	
09/11/2011 16:09:58	TASTEGGIO	0	1	11000	65578	150433	239	-5	0.12	0.15	24500	
09/11/2011 16:10:27	TASTEGGIO	1	0	11000	65578	125963	231	-21	0.05	0.05	0	
09/11/2011 16:10:38	TASTEGGIO	1	0	11000	65578	150273	231	-21	0.08	0.20	82800	
09/11/2011 16:11:10	TASTEGGIO	1	0	11000	65578	67493	237	0	0.19	0.19	0	
09/11/2011 16:11:35	TASTEGGIO	0	1	11000	65578	67485	255	-1	0.17	0.17	0	
09/11/2011 16:12:02	TASTEGGIO	0	2	11000	65578	67485	285	-1	0.17	0.17	0	
09/11/2011 16:12:30	TASTEGGIO	0	3	11000	65578	67478	336	-13	0.08	0.08	0	
09/11/2011 16:12:43	TASTEGGIO	0	3	11000	65578	150276	336	-13	0.04	0.15	44500	
09/11/2011 16:13:14	TASTEGGIO	1	0	11000	65578	105819	231	-5	0.09	0.09	0	
09/11/2011 16:13:26	TASTEGGIO	1	0	11000	65578	150273	231	-5	0.01	0.09	-82000	
09/11/2011 16:15:22	TASTEGGIO	1	0	11000	65578	150417	231	-5	0.06	0.15	82800	
09/11/2011 16:15:53	TASTEGGIO	1	0	11000	65578	67653	231	-7	0.10	0.10	0	
09/11/2011 16:16:05	TASTEGGIO	1	0	11000	65578	150276	231	-7	0.05	0.12	24500	
09/11/2011 16:16:35	TASTEGGIO	1	0	11000	65578	125804	227	-26	0.16	0.16	0	
09/11/2011 16:17:01	TASTEGGIO	0	1	11000	65578	125806	205	-17	0.03	0.03	0	
09/11/2011 16:17:12	TASTEGGIO	0	1	11000	65578	150266	205	-17	0.07	0.11	-82000	
09/11/2011 16:17:44	TASTEGGIO	1	0	11000	65578	232215	225	-18	0.09	0.09	0	
09/11/2011 16:17:56	TASTEGGIO	1	0	11000	65578	150363	225	-18	0.04	0.10	82800	
09/11/2011 16:18:28	TASTEGGIO	1	0	11000	65578	67589	224	-1	0.11	0.11	0	
09/11/2011 16:18:52	TASTEGGIO	0	1	11000	65578	67590	236	-2	0.09	0.09	0	
09/11/2011 16:19:04	TASTEGGIO	0	1	11000	65578	150231	236	-2	0.03	0.08	82800	
09/11/2011 16:20:03	ALARM 17	proc 12 prog 10 step 47	LavoroTerminato
09/11/2011 16:41:58	ALARM 406		
10/11/2011 07:52:35	ALARM 401		
10/11/2011 07:52:36	INIT OK
10/11/2011 08:00:18	TASTEGGIO	0	0	11000	65578	150314	0	0	0.08	0.31	82800	
10/11/2011 08:00:50	TASTEGGIO	1	0	11000	65578	67547	251	-9	0.24	0.24	0	
10/11/2011 08:01:15	TASTEGGIO	0	1	11000	65578	67547	269	-9	0.15	0.15	0	
10/11/2011 08:01:42	TASTEGGIO	0	2	11000	65578	67548	282	-6	0.11	0.11	0	
10/11/2011 08:01:55	TASTEGGIO	0	2	11000	65578	150173	282	-6	0.11	0.26	24500	
10/11/2011 08:02:26	TASTEGGIO	1	0	11000	65578	125707	245	-32	0.14	0.14	0	
10/11/2011 08:02:36	TASTEGGIO	1	0	11000	65578	150158	245	-32	0.23	0.29	-82000	
10/11/2011 08:03:09	TASTEGGIO	1	0	11000	65578	232114	249	-23	0.09	0.09	0	
10/11/2011 08:03:21	TASTEGGIO	1	0	11000	65578	150267	249	-23	0.08	0.14	82800	
10/11/2011 08:03:52	TASTEGGIO	1	0	11000	65578	67497	229	-1	0.14	0.14	0	
10/11/2011 08:04:17	TASTEGGIO	0	1	11000	65578	67497	243	-1	0.12	0.12	0	
10/11/2011 08:04:42	TASTEGGIO	0	2	11000	65578	67496	263	-2	0.11	0.11	0	
10/11/2011 08:05:07	TASTEGGIO	0	3	11000	65578	67496	293	-4	0.07	0.07	0	
10/11/2011 08:05:20	TASTEGGIO	0	3	11000	65578	150127	293	-4	0.07	0.13	24500	
10/11/2011 08:05:51	TASTEGGIO	1	0	11000	65578	125655	228	-4	0.09	0.09	0	
10/11/2011 08:06:16	TASTEGGIO	0	1	11000	65578	125655	234	-27	0.17	0.17	0	
10/11/2011 08:06:42	TASTEGGIO	0	1	11000	65578	125650	201	-17	0.09	0.09	0	
10/11/2011 08:07:08	TASTEGGIO	0	2	11000	65578	125650	207	-2	0.07	0.07	0	
10/11/2011 08:07:18	TASTEGGIO	0	2	11000	65578	150143	207	-2	0.07	0.14	82800	
10/11/2011 08:07:47	TASTEGGIO	1	0	11000	65578	67375	229	0	0.14	0.14	0	
10/11/2011 08:08:12	TASTEGGIO	0	1	11000	65578	67377	243	0	0.13	0.13	0	
10/11/2011 08:08:37	TASTEGGIO	0	2	11000	65578	67377	267	0	0.13	0.13	0	
10/11/2011 08:09:04	TASTEGGIO	0	3	11000	65578	67377	306	-2	0.11	0.11	0	
10/11/2011 08:09:30	TASTEGGIO	0	4	11000	65578	67469	343	-10	0.04	0.04	0	
10/11/2011 08:09:43	TASTEGGIO	0	4	11000	65578	150174	343	-10	0.05	0.13	24500	
10/11/2011 08:10:13	TASTEGGIO	1	0	11000	65578	125705	228	-2	0.11	0.11	0	
10/11/2011 08:10:39	TASTEGGIO	0	1	11000	65578	125706	237	-4	0.06	0.06	0	
10/11/2011 08:10:50	TASTEGGIO	0	1	11000	65578	150173	237	-4	0.08	0.11	44500	
10/11/2011 08:11:20	TASTEGGIO	1	0	11000	65578	105720	225	-18	0.10	0.10	0	
10/11/2011 08:11:46	TASTEGGIO	0	1	11000	65578	105716	215	-14	0.08	0.08	0	
10/11/2011 08:11:57	TASTEGGIO	0	1	11000	65578	150174	215	-14	0.05	0.15	24500	
10/11/2011 08:12:28	TASTEGGIO	1	0	11000	65578	125712	231	-6	0.11	0.11	0	
10/11/2011 08:12:38	TASTEGGIO	1	0	11000	65578	150175	231	-6	0.04	0.11	24500	
10/11/2011 08:13:08	TASTEGGIO	1	0	11000	65578	125711	225	-1	0.09	0.09	0	
10/11/2011 08:13:34	TASTEGGIO	0	1	11000	65578	125711	232	-1	0.08	0.08	0	
10/11/2011 08:13:44	TASTEGGIO	0	1	11000	65578	150175	232	-1	0.06	0.10	-82000	
10/11/2011 08:14:17	TASTEGGIO	1	0	11000	65578	232149	224	-7	0.05	0.05	0	
10/11/2011 08:14:29	TASTEGGIO	1	0	11000	65578	150287	224	-7	0.02	0.11	24500	
10/11/2011 08:15:00	TASTEGGIO	1	0	11000	65578	125814	225	-1	0.11	0.11	0	
10/11/2011 08:15:25	TASTEGGIO	0	1	11000	65578	125814	236	0	0.10	0.10	0	
10/11/2011 08:15:51	TASTEGGIO	0	2	11000	65578	125814	254	-2	0.08	0.08	0	
10/11/2011 08:16:02	TASTEGGIO	0	2	11000	65578	150174	254	-2	0.05	0.09	24500	
10/11/2011 08:17:58	TASTEGGIO	0	2	11000	65578	150314	254	-2	0.08	0.26	44500	
10/11/2011 08:18:28	TASTEGGIO	1	0	11000	65578	105850	245	-24	0.10	0.10	0	
10/11/2011 08:18:39	TASTEGGIO	1	0	11000	65578	150171	245	-24	0.19	0.19	0	
10/11/2011 08:19:08	TASTEGGIO	1	0	11000	65578	150168	236	-34	0.14	0.14	0	
10/11/2011 08:19:17	TASTEGGIO	1	0	11000	65578	150172	236	-34	0.14	0.24	44500	
10/11/2011 08:19:46	TASTEGGIO	1	0	11000	65578	105707	242	-4	0.20	0.20	0	
10/11/2011 08:20:12	TASTEGGIO	0	1	11000	65578	105708	258	-4	0.15	0.15	0	
10/11/2011 08:20:38	TASTEGGIO	0	2	11000	65578	105709	273	-5	0.10	0.10	0	
10/11/2011 08:20:49	TASTEGGIO	0	2	11000	65578	150143	273	-5	0.05	0.11	44500	
10/11/2011 08:21:20	TASTEGGIO	1	0	11000	65578	105673	225	-1	0.10	0.10	0	
10/11/2011 08:21:45	TASTEGGIO	0	1	11000	65578	105674	234	0	0.10	0.10	0	
10/11/2011 08:22:13	TASTEGGIO	0	2	11000	65578	105677	254	0	0.09	0.09	0	
10/11/2011 08:22:24	TASTEGGIO	0	2	11000	65578	150144	254	0	0.04	0.10	44500	
10/11/2011 08:22:55	TASTEGGIO	1	0	11000	65578	105674	224	-1	0.09	0.09	0	
10/11/2011 08:23:06	TASTEGGIO	1	0	11000	65578	150151	224	-1	0.04	0.10	44500	
10/11/2011 08:23:36	TASTEGGIO	1	0	11000	65578	105681	224	0	0.09	0.09	0	
10/11/2011 08:23:48	TASTEGGIO	1	0	11000	65578	150143	224	0	0.04	0.08	44500	
10/11/2011 08:25:44	TASTEGGIO	1	0	11000	65578	150210	224	0	0.06	0.21	82800	
10/11/2011 08:26:15	TASTEGGIO	1	0	11000	65578	67433	238	-8	0.15	0.15	0	
10/11/2011 08:26:40	TASTEGGIO	0	1	11000	65578	67431	248	-4	0.11	0.11	0	
10/11/2011 08:26:52	TASTEGGIO	0	1	11000	65578	150072	248	-4	0.12	0.12	0	
10/11/2011 08:27:21	TASTEGGIO	1	0	11000	65578	150069	227	-33	0.20	0.20	0	
10/11/2011 08:27:47	TASTEGGIO	0	1	11000	65578	150068	193	-18	0.04	0.04	0	
10/11/2011 08:27:56	TASTEGGIO	0	1	11000	65578	150071	193	-18	0.04	0.18	82800	
10/11/2011 08:28:27	TASTEGGIO	1	0	11000	65578	67303	234	0	0.17	0.17	0	
10/11/2011 08:28:52	TASTEGGIO	0	1	11000	65578	67303	250	0	0.16	0.16	0	
10/11/2011 08:29:17	TASTEGGIO	0	2	11000	65578	67303	280	-5	0.11	0.11	0	
10/11/2011 08:29:29	TASTEGGIO	0	2	11000	65578	150065	280	-5	0.03	0.12	82800	
10/11/2011 08:29:58	TASTEGGIO	1	0	11000	65578	67297	227	-1	0.11	0.11	0	
10/11/2011 08:30:23	TASTEGGIO	0	1	11000	65578	67297	237	-3	0.09	0.09	0	
10/11/2011 08:30:35	TASTEGGIO	0	1	11000	65578	150056	237	-3	0.03	0.09	82800	
10/11/2011 08:32:32	TASTEGGIO	0	1	11000	65578	150314	237	-3	0.20	0.20	0	
10/11/2011 08:33:02	TASTEGGIO	1	0	11000	65578	150325	237	-38	0.18	0.18	0	
10/11/2011 08:33:28	TASTEGGIO	0	1	11000	65578	150325	220	-24	0.10	0.10	0	
10/11/2011 08:33:36	TASTEGGIO	0	1	11000	65578	150308	220	-24	0.10	0.13	-82000	
10/11/2011 08:34:08	TASTEGGIO	1	0	11000	65578	232252	228	-20	0.08	0.08	0	
10/11/2011 08:34:21	TASTEGGIO	1	0	11000	65578	150288	228	-20	0.12	0.12	0	
10/11/2011 08:34:50	TASTEGGIO	1	0	11000	65578	150298	227	-10	0.04	0.04	0	
10/11/2011 08:34:59	TASTEGGIO	1	0	11000	65578	150280	227	-10	0.04	0.09	82800	
10/11/2011 08:36:55	TASTEGGIO	1	0	11000	65578	150412	227	-10	0.03	0.10	44500	
10/11/2011 08:37:27	TASTEGGIO	1	0	11000	65578	105950	224	-21	0.11	0.11	0	
10/11/2011 08:37:52	TASTEGGIO	0	1	11000	65578	105949	211	-14	0.03	0.03	0	
10/11/2011 08:38:04	TASTEGGIO	0	1	11000	65578	150272	211	-14	0.10	0.11	-82000	
10/11/2011 08:38:35	TASTEGGIO	1	0	11000	65578	232219	225	-20	0.13	0.13	0	
10/11/2011 08:39:01	TASTEGGIO	0	1	11000	65578	232235	209	-16	0.03	0.03	0	
10/11/2011 08:39:13	TASTEGGIO	0	1	11000	65578	150371	209	-16	0.02	0.09	44500	
10/11/2011 08:41:08	TASTEGGIO	0	1	11000	65578	150202	209	-16	0.11	0.29	82800	
10/11/2011 08:41:38	TASTEGGIO	1	0	11000	65578	67426	249	-9	0.23	0.23	0	
10/11/2011 08:42:03	TASTEGGIO	0	1	11000	65578	67425	267	-7	0.17	0.17	0	
10/11/2011 08:42:28	TASTEGGIO	0	2	11000	65578	67423	284	-4	0.13	0.13	0	
10/11/2011 08:42:41	TASTEGGIO	0	2	11000	65578	150048	284	-4	0.04	0.14	44500	
10/11/2011 08:43:11	TASTEGGIO	1	0	11000	65578	105596	229	-19	0.05	0.05	0	
10/11/2011 08:43:23	TASTEGGIO	1	0	11000	65578	150048	229	-19	0.13	0.13	0	
10/11/2011 08:43:52	TASTEGGIO	1	0	11000	65578	150044	228	-32	0.18	0.18	0	
10/11/2011 08:44:18	TASTEGGIO	0	1	11000	65578	150043	203	-25	0.06	0.06	0	
10/11/2011 08:44:27	TASTEGGIO	0	1	11000	65578	150047	203	-25	0.06	0.11	-82000	
10/11/2011 08:44:59	TASTEGGIO	1	0	11000	65578	232005	225	-20	0.11	0.11	0	
10/11/2011 08:45:25	TASTEGGIO	0	1	11000	65578	232018	214	-16	0.05	0.05	0	
10/11/2011 08:45:37	TASTEGGIO	0	1	11000	65578	150166	214	-16	0.01	0.08	82800	
10/11/2011 08:47:33	TASTEGGIO	0	1	11000	65578	150423	214	-16	0.13	0.20	44500	
10/11/2011 08:48:04	TASTEGGIO	1	0	11000	65578	105949	237	-20	0.07	0.07	0	
10/11/2011 08:48:15	TASTEGGIO	1	0	11000	65578	150254	237	-20	0.02	0.08	44500	
10/11/2011 08:50:11	TASTEGGIO	1	0	11000	65578	150432	237	-20	0.10	0.13	-82000	
10/11/2011 08:50:43	TASTEGGIO	1	0	11000	65578	232368	228	-21	0.06	0.06	0	
10/11/2011 08:50:55	TASTEGGIO	1	0	11000	65578	150402	228	-21	0.14	0.16	24500	
10/11/2011 08:51:26	TASTEGGIO	1	0	11000	65578	125931	232	-25	0.11	0.11	0	
10/11/2011 08:51:36	TASTEGGIO	1	0	11000	65578	150240	232	-25	0.14	0.14	0	
10/11/2011 08:52:04	TASTEGGIO	1	0	11000	65578	150235	229	-31	0.18	0.18	0	
10/11/2011 08:52:30	TASTEGGIO	0	1	11000	65578	150234	205	-23	0.08	0.08	0	
10/11/2011 08:52:39	TASTEGGIO	0	1	11000	65578	150241	205	-23	0.08	0.08	0	
10/11/2011 08:54:36	TASTEGGIO	0	1	11000	65578	150317	205	-23	0.23	0.44	-82000	
10/11/2011 08:55:07	TASTEGGIO	1	0	11000	65578	232269	268	-21	0.31	0.31	0	
10/11/2011 08:55:33	TASTEGGIO	0	1	11000	65578	232287	289	-17	0.14	0.14	0	
10/11/2011 08:55:46	TASTEGGIO	0	1	11000	65578	150299	289	-17	0.14	0.19	24500	
10/11/2011 08:56:17	TASTEGGIO	1	0	11000	65578	125821	236	-29	0.11	0.11	0	
10/11/2011 08:56:27	TASTEGGIO	1	0	11000	65578	150144	236	-29	0.23	0.26	-82000	
10/11/2011 08:57:00	TASTEGGIO	1	0	11000	65578	232108	245	-1	0.28	0.28	0	
10/11/2011 08:57:26	TASTEGGIO	0	1	11000	65578	232116	275	-2	0.27	0.27	0	
10/11/2011 08:57:55	TASTEGGIO	0	2	11000	65578	232117	327	-13	0.14	0.14	0	
10/11/2011 08:58:07	TASTEGGIO	0	2	11000	65578	150268	327	-13	0.13	0.14	-82000	
10/11/2011 08:58:39	TASTEGGIO	1	0	11000	65578	232225	229	-2	0.16	0.16	0	
10/11/2011 08:59:04	TASTEGGIO	0	1	11000	65578	232240	247	0	0.17	0.17	0	
10/11/2011 08:59:31	TASTEGGIO	0	2	11000	65578	232241	283	-2	0.15	0.15	0	
10/11/2011 08:59:58	TASTEGGIO	0	3	11000	65578	232241	322	-12	0.07	0.07	0	
10/11/2011 09:00:10	TASTEGGIO	0	3	11000	65578	150272	322	-12	0.18	0.18	0	
10/11/2011 09:00:38	TASTEGGIO	1	0	11000	65578	150281	234	-34	0.15	0.15	0	
10/11/2011 09:01:05	TASTEGGIO	0	1	11000	65578	150281	221	-33	0.18	0.18	0	
10/11/2011 09:01:31	TASTEGGIO	0	1	11000	65578	150281	199	-7	0.11	0.11	0	
10/11/2011 09:01:40	TASTEGGIO	0	1	11000	65578	150266	199	-7	0.11	0.12	82800	
10/11/2011 09:02:09	TASTEGGIO	1	0	11000	65578	67495	227	-6	0.06	0.06	0	
10/11/2011 09:02:21	TASTEGGIO	1	0	11000	65578	150157	227	-6	0.15	0.18	-44500	
10/11/2011 09:02:50	TASTEGGIO	1	0	11000	65578	194632	234	-32	0.23	0.23	0	
10/11/2011 09:03:15	TASTEGGIO	0	1	11000	65578	194636	204	-21	0.03	0.03	0	
10/11/2011 09:03:27	TASTEGGIO	0	1	11000	65578	150277	204	-21	0.25	0.25	0	
10/11/2011 09:03:56	TASTEGGIO	1	0	11000	65578	150287	243	-28	0.05	0.05	0	
10/11/2011 09:04:05	TASTEGGIO	1	0	11000	65578	150273	243	-28	0.05	0.19	-44500	
10/11/2011 09:04:37	TASTEGGIO	1	0	11000	65578	194741	236	-11	0.14	0.14	0	
10/11/2011 09:04:48	TASTEGGIO	1	0	11000	65578	150271	236	-11	0.06	0.16	-82000	
10/11/2011 09:05:20	TASTEGGIO	1	0	11000	65578	232245	232	-15	0.08	0.08	0	
10/11/2011 09:05:32	TASTEGGIO	1	0	11000	65578	150270	232	-15	0.12	0.12	0	
10/11/2011 09:06:02	TASTEGGIO	1	0	11000	65578	150277	227	-12	0.05	0.05	0	
10/11/2011 09:06:10	TASTEGGIO	1	0	11000	65578	150263	227	-12	0.05	0.11	82800	
10/11/2011 09:06:40	TASTEGGIO	1	0	11000	65578	67491	225	-1	0.09	0.09	0	
10/11/2011 09:06:53	TASTEGGIO	1	0	11000	65578	150138	225	-1	0.05	0.09	82800	
10/11/2011 09:08:49	TASTEGGIO	1	0	11000	65578	150308	225	-1	0.04	0.07	24500	
10/11/2011 09:10:46	TASTEGGIO	1	0	11000	65578	150423	225	-1	0.09	0.13	82800	
10/11/2011 09:11:17	TASTEGGIO	1	0	11000	65578	67640	228	-7	0.08	0.08	0	
10/11/2011 09:11:29	TASTEGGIO	1	0	11000	65578	150244	228	-7	0.12	0.12	0	
10/11/2011 09:11:59	TASTEGGIO	1	0	11000	65578	150241	227	-33	0.20	0.20	0	
10/11/2011 09:12:25	TASTEGGIO	0	1	11000	65578	150239	193	-19	0.03	0.03	0	
10/11/2011 09:12:33	TASTEGGIO	0	1	11000	65578	150245	193	-19	0.03	0.16	44500	
10/11/2011 09:13:04	TASTEGGIO	1	0	11000	65578	105784	232	-20	0.09	0.09	0	
10/11/2011 09:13:15	TASTEGGIO	1	0	11000	65578	150249	232	-20	0.14	0.14	0	
10/11/2011 09:13:43	TASTEGGIO	1	0	11000	65578	150243	229	-13	0.08	0.08	0	
10/11/2011 09:13:52	TASTEGGIO	1	0	11000	65578	150248	229	-13	0.08	0.08	0	
10/11/2011 09:15:48	TASTEGGIO	1	0	11000	65578	150319	229	-13	0.08	0.17	24500	
10/11/2011 09:16:18	TASTEGGIO	1	0	11000	65578	125839	233	-29	0.13	0.13	0	
10/11/2011 09:16:29	TASTEGGIO	1	0	11000	65578	150160	233	-29	0.16	0.16	0	
10/11/2011 09:16:59	TASTEGGIO	1	0	11000	65578	150154	232	-34	0.17	0.17	0	
10/11/2011 09:17:25	TASTEGGIO	0	1	11000	65578	150154	213	-24	0.08	0.08	0	
10/11/2011 09:17:33	TASTEGGIO	0	1	11000	65578	150157	213	-24	0.08	0.11	24500	
10/11/2011 09:18:04	TASTEGGIO	1	0	11000	65578	125682	225	-25	0.13	0.13	0	
10/11/2011 09:18:30	TASTEGGIO	0	1	11000	65578	125682	209	-20	0.07	0.07	0	
10/11/2011 09:18:41	TASTEGGIO	0	1	11000	65578	150134	209	-20	0.03	0.12	-82000	
10/11/2011 09:19:12	TASTEGGIO	1	0	11000	65578	232104	227	-19	0.07	0.07	0	
10/11/2011 09:19:25	TASTEGGIO	1	0	11000	65578	150276	227	-19	0.12	0.12	0	
10/11/2011 09:19:54	TASTEGGIO	1	0	11000	65578	150281	227	-23	0.12	0.12	0	
10/11/2011 09:20:20	TASTEGGIO	0	1	11000	65578	150281	215	-25	0.12	0.12	0	
10/11/2011 09:20:46	TASTEGGIO	0	1	11000	65578	150281	203	-16	0.05	0.05	0	
10/11/2011 09:20:55	TASTEGGIO	0	1	11000	65578	150259	203	-16	0.05	0.05	0	
10/11/2011 09:22:52	TASTEGGIO	0	1	11000	65578	150422	203	-16	0.05	0.15	82800	
10/11/2011 09:23:22	TASTEGGIO	1	0	11000	65578	67641	231	-9	0.08	0.08	0	
10/11/2011 09:23:34	TASTEGGIO	1	0	11000	65578	150247	231	-9	0.10	0.13	24500	
10/11/2011 09:24:03	TASTEGGIO	1	0	11000	65578	125773	228	-27	0.14	0.14	0	
10/11/2011 09:24:28	TASTEGGIO	0	1	11000	65578	125771	212	-21	0.06	0.06	0	
10/11/2011 09:24:39	TASTEGGIO	0	1	11000	65578	150232	212	-21	0.09	0.13	82800	
10/11/2011 09:25:09	TASTEGGIO	1	0	11000	65578	67460	228	-2	0.11	0.11	0	
10/11/2011 09:25:34	TASTEGGIO	0	1	11000	65578	67453	237	-4	0.07	0.07	0	
10/11/2011 09:25:46	TASTEGGIO	0	1	11000	65578	150246	237	-4	0.10	0.10	44500	
10/11/2011 09:26:45	ALARM 17	proc 12 prog 10 step 47	LavoroTerminato
10/11/2011 09:57:54	TASTEGGIO	0	1	11000	65578	134688	237	-4	0.24	0.35	24500	
10/11/2011 09:58:23	TASTEGGIO	1	0	11000	65578	110245	256	-6	0.32	0.32	0	
10/11/2011 09:58:49	TASTEGGIO	0	1	11000	65578	110229	285	-4	0.27	0.27	0	
10/11/2011 09:59:18	TASTEGGIO	0	2	11000	65578	110218	330	-6	0.22	0.22	0	
10/11/2011 09:59:47	TASTEGGIO	0	3	11000	65578	110216	383	-15	0.13	0.13	0	
10/11/2011 09:59:57	TASTEGGIO	0	3	11000	65578	134671	383	-15	0.03	0.25	-82000	
10/11/2011 10:00:30	TASTEGGIO	1	0	11000	65578	216621	243	-1	0.25	0.25	0	
10/11/2011 10:00:55	TASTEGGIO	0	1	11000	65578	216635	268	0	0.25	0.25	0	
10/11/2011 10:01:22	TASTEGGIO	0	2	11000	65578	216642	318	-1	0.24	0.24	0	
10/11/2011 10:01:53	TASTEGGIO	0	3	11000	65578	216645	387	-5	0.18	0.18	0	
10/11/2011 10:02:23	TASTEGGIO	0	4	11000	65578	216646	400	-3	0.15	0.15	0	
10/11/2011 10:02:53	TASTEGGIO	0	5	11000	65578	216646	400	-9	0.10	0.10	0	
10/11/2011 10:03:05	TASTEGGIO	0	5	11000	65578	134803	400	-9	0.10	0.15	24500	
10/11/2011 10:03:34	TASTEGGIO	1	0	11000	65578	110342	231	-2	0.15	0.15	0	
10/11/2011 10:04:00	TASTEGGIO	0	1	11000	65578	110336	246	-3	0.16	0.16	0	
10/11/2011 10:04:28	TASTEGGIO	0	2	11000	65578	110333	280	-2	0.13	0.13	0	
10/11/2011 10:04:39	TASTEGGIO	0	2	11000	65578	134683	280	-2	0.13	0.13	0	
10/11/2011 10:05:06	TASTEGGIO	1	0	11000	65578	134687	228	-4	0.07	0.07	0	
10/11/2011 10:05:34	TASTEGGIO	0	1	11000	65578	134694	231	-1	0.05	0.05	0	
10/11/2011 10:05:59	TASTEGGIO	0	2	11000	65578	134694	236	0	0.06	0.06	0	
10/11/2011 10:06:25	TASTEGGIO	0	3	11000	65578	134702	257	-1	0.06	0.06	0	
10/11/2011 10:06:51	TASTEGGIO	0	4	11000	65578	134713	281	-2	0.05	0.05	0	
10/11/2011 10:07:00	TASTEGGIO	0	4	11000	65578	134712	281	-2	0.02	0.13	-82000	
10/11/2011 10:07:32	TASTEGGIO	1	0	11000	65578	216673	228	-1	0.13	0.13	0	
10/11/2011 10:07:57	TASTEGGIO	0	1	11000	65578	216681	241	0	0.13	0.13	0	
10/11/2011 10:08:24	TASTEGGIO	0	2	11000	65578	216694	267	0	0.13	0.13	0	
10/11/2011 10:08:50	TASTEGGIO	0	3	11000	65578	216698	306	0	0.12	0.12	0	
10/11/2011 10:09:20	TASTEGGIO	0	4	11000	65578	216713	350	-3	0.13	0.13	0	
10/11/2011 10:09:50	TASTEGGIO	0	5	11000	65578	216713	400	-2	0.08	0.08	0	
10/11/2011 10:10:03	TASTEGGIO	0	5	11000	65578	134823	400	-2	0.06	0.11	82800	
10/11/2011 10:10:33	TASTEGGIO	1	0	11000	65578	52051	225	-1	0.10	0.10	0	
10/11/2011 10:10:58	TASTEGGIO	0	1	11000	65578	52050	234	0	0.12	0.12	0	
10/11/2011 10:11:22	TASTEGGIO	0	2	11000	65578	52051	262	0	0.08	0.08	0	
10/11/2011 10:11:35	TASTEGGIO	0	2	11000	65578	134682	262	0	0.08	0.10	24500	
10/11/2011 10:11:41	ALARM 401		
10/11/2011 10:11:46	ALARM 205		err.6058
10/11/2011 10:12:03	TASTEGGIO	0	2	11000	65578	134673	262	0	0.06	0.10	24500	
10/11/2011 10:13:56	TASTEGGIO	0	2	11000	65578	134673	262	0	0.04	0.09	-82000	
10/11/2011 10:14:27	TASTEGGIO	1	0	11000	65578	216609	223	-4	0.05	0.05	0	
10/11/2011 10:14:39	TASTEGGIO	1	0	11000	65578	134636	223	-4	0.04	0.09	82800	
10/11/2011 10:15:09	TASTEGGIO	1	0	11000	65578	51865	223	0	0.09	0.09	0	
10/11/2011 10:15:34	TASTEGGIO	0	1	11000	65578	51863	232	0	0.08	0.08	0	
10/11/2011 10:15:59	TASTEGGIO	0	2	11000	65578	51862	246	0	0.07	0.07	0	
10/11/2011 10:16:25	TASTEGGIO	0	3	11000	65578	51860	264	0	0.08	0.08	0	
10/11/2011 10:16:52	TASTEGGIO	0	4	11000	65578	51941	300	0	0.07	0.07	0	
10/11/2011 10:17:18	TASTEGGIO	0	5	11000	65578	51942	330	-1	0.09	0.09	0	
10/11/2011 10:17:47	TASTEGGIO	0	6	11000	65578	51942	399	-5	0.04	0.04	0	
10/11/2011 10:17:59	TASTEGGIO	0	6	11000	65578	134574	399	-5	0.09	0.09	0	
10/11/2011 10:18:29	TASTEGGIO	1	0	11000	65578	134577	223	-3	0.04	0.04	0	
10/11/2011 10:18:37	TASTEGGIO	1	0	11000	65578	134582	223	-3	0.02	0.06	-82000	
10/11/2011 10:19:08	TASTEGGIO	1	0	11000	65578	216560	219	0	0.04	0.04	0	
10/11/2011 10:19:20	TASTEGGIO	1	0	11000	65578	134689	219	0	0.02	0.05	44500	
10/11/2011 10:21:11	TASTEGGIO	1	0	11000	65578	134582	219	0	0.04	0.15	-82000	
10/11/2011 10:21:44	TASTEGGIO	1	0	11000	65578	216525	231	-4	0.13	0.13	0	
10/11/2011 10:21:56	TASTEGGIO	1	0	11000	65578	134534	231	-4	0.04	0.13	-82000	
10/11/2011 10:22:27	TASTEGGIO	1	0	11000	65578	216503	228	0	0.13	0.13	0	
10/11/2011 10:22:53	TASTEGGIO	0	1	11000	65578	216503	241	0	0.13	0.13	0	
10/11/2011 10:23:19	TASTEGGIO	0	2	11000	65578	216503	267	-1	0.11	0.11	0	
10/11/2011 10:23:47	TASTEGGIO	0	3	11000	65578	216503	294	-2	0.09	0.09	0	
10/11/2011 10:24:14	TASTEGGIO	0	4	11000	65578	216504	323	-3	0.06	0.06	0	
10/11/2011 10:24:42	TASTEGGIO	0	5	11000	65578	216503	331	-1	0.07	0.07	0	
10/11/2011 10:25:13	TASTEGGIO	0	6	11000	65578	216504	380	-22	0.18	0.18	0	
10/11/2011 10:25:41	TASTEGGIO	0	1	11000	65578	216504	333	-10	0.07	0.07	0	
10/11/2011 10:26:08	TASTEGGIO	0	0	11000	65578	216504	220	0	0.07	0.07	0	
10/11/2011 10:26:34	TASTEGGIO	0	1	11000	65578	216504	227	0	0.07	0.07	0	
10/11/2011 10:26:59	TASTEGGIO	0	2	11000	65578	216504	241	0	0.07	0.07	0	
10/11/2011 10:27:27	TASTEGGIO	0	3	11000	65578	216504	262	0	0.07	0.07	0	
10/11/2011 10:27:55	TASTEGGIO	0	4	11000	65578	216504	290	0	0.07	0.07	0	
10/11/2011 10:28:23	TASTEGGIO	0	5	11000	65578	216504	325	-1	0.07	0.07	0	
10/11/2011 10:28:52	TASTEGGIO	0	6	11000	65578	216504	367	-11	0.06	0.06	0	
10/11/2011 10:29:21	TASTEGGIO	0	1	11000	65578	216504	361	-12	0.07	0.07	0	
10/11/2011 10:29:51	TASTEGGIO	0	1	11000	65578	216504	352	-8	0.02	0.02	0	
10/11/2011 10:30:03	TASTEGGIO	0	1	11000	65578	134619	352	-8	0.11	0.13	44500	
10/11/2011 10:30:32	TASTEGGIO	1	0	11000	65578	90158	228	-4	0.10	0.10	0	
10/11/2011 10:30:57	TASTEGGIO	0	1	11000	65578	90152	235	-1	0.10	0.10	0	
10/11/2011 10:31:24	TASTEGGIO	0	2	11000	65578	90148	255	-1	0.08	0.08	0	
10/11/2011 10:31:50	TASTEGGIO	0	3	11000	65578	90149	266	-6	0.09	0.09	0	
10/11/2011 10:32:17	TASTEGGIO	0	4	11000	65578	90212	306	-8	0.04	0.04	0	
10/11/2011 10:32:29	TASTEGGIO	0	4	11000	65578	134493	306	-8	0.06	0.06	0	
10/11/2011 10:32:35	ALARM 401		
10/11/2011 10:32:39	ALARM 401		
10/11/2011 10:32:57	TASTEGGIO	1	0	11000	65578	134493	219	-8	0.06	0.06	0	
10/11/2011 10:34:50	TASTEGGIO	1	0	11000	65578	134815	219	-8	0.17	0.20	44500	
10/11/2011 10:35:21	TASTEGGIO	1	0	11000	65578	90376	237	-4	0.17	0.17	0	
10/11/2011 10:35:47	TASTEGGIO	0	1	11000	65578	90367	251	-2	0.15	0.15	0	
10/11/2011 10:36:14	TASTEGGIO	0	2	11000	65578	90357	277	-1	0.15	0.15	0	
10/11/2011 10:36:42	TASTEGGIO	0	3	11000	65578	90351	322	-4	0.09	0.09	0	
10/11/2011 10:36:53	TASTEGGIO	0	3	11000	65578	134779	322	-4	0.05	0.10	44500	
10/11/2011 10:37:24	TASTEGGIO	1	0	11000	65578	90335	224	0	0.09	0.09	0	
10/11/2011 10:37:49	TASTEGGIO	0	1	11000	65578	90330	232	0	0.10	0.10	0	
10/11/2011 10:38:14	TASTEGGIO	0	2	11000	65578	90326	254	0	0.12	0.12	0	
10/11/2011 10:38:41	TASTEGGIO	0	3	11000	65578	90323	297	0	0.10	0.10	0	
10/11/2011 10:39:08	TASTEGGIO	0	4	11000	65578	90389	330	-3	0.07	0.07	0	
10/11/2011 10:39:35	TASTEGGIO	0	5	11000	65578	90390	340	-2	0.06	0.06	0	
10/11/2011 10:40:04	TASTEGGIO	0	6	11000	65578	90390	370	-13	0.11	0.11	0	
10/11/2011 10:40:32	TASTEGGIO	0	1	11000	65578	90389	349	-19	0.08	0.08	0	
10/11/2011 10:40:59	TASTEGGIO	0	1	11000	65578	90389	343	-6	0.02	0.02	0	
10/11/2011 10:41:10	TASTEGGIO	0	1	11000	65578	134795	343	-6	0.03	0.06	-82000	
10/11/2011 10:41:14	ALARM 401		
10/11/2011 10:41:17	ALARM 401		
10/11/2011 10:41:19	ALARM 401		
10/11/2011 10:41:20	ALARM 401		
10/11/2011 10:41:21	ALARM 401		
10/11/2011 10:41:37	TASTEGGIO	0	1	11000	65578	134869	343	-6	0.03	0.07	-82000	
10/11/2011 10:42:08	TASTEGGIO	1	0	11000	65578	216831	220	-4	0.04	0.04	0	
10/11/2011 10:42:20	TASTEGGIO	1	0	11000	65578	134829	220	-4	0.03	0.05	82800	
10/11/2011 10:44:13	TASTEGGIO	1	0	11000	65578	134577	220	-4	0.14	0.29	24500	
10/11/2011 10:44:44	TASTEGGIO	1	0	11000	65578	110127	249	-5	0.24	0.24	0	
10/11/2011 10:45:11	TASTEGGIO	0	1	11000	65578	110117	268	-2	0.22	0.22	0	
10/11/2011 10:45:38	TASTEGGIO	0	2	11000	65578	110109	308	-4	0.18	0.18	0	
10/11/2011 10:46:06	TASTEGGIO	0	3	11000	65578	110106	352	-11	0.08	0.08	0	
10/11/2011 10:46:17	TASTEGGIO	0	3	11000	65578	134477	352	-11	0.06	0.16	82800	
10/11/2011 10:46:48	TASTEGGIO	1	0	11000	65578	51715	232	0	0.17	0.17	0	
10/11/2011 10:47:14	TASTEGGIO	0	1	11000	65578	51712	250	0	0.18	0.18	0	
10/11/2011 10:47:40	TASTEGGIO	0	2	11000	65578	51710	288	0	0.17	0.17	0	
10/11/2011 10:48:07	TASTEGGIO	0	3	11000	65578	51709	336	-1	0.16	0.16	0	
10/11/2011 10:48:35	TASTEGGIO	0	4	11000	65578	51805	396	-2	0.18	0.18	0	
10/11/2011 10:49:02	TASTEGGIO	0	5	11000	65578	51805	400	-1	0.13	0.13	0	
10/11/2011 10:49:15	TASTEGGIO	0	5	11000	65578	134487	400	-1	0.05	0.15	82800	
10/11/2011 10:49:46	TASTEGGIO	1	0	11000	65578	51717	231	-1	0.14	0.14	0	
10/11/2011 10:49:58	TASTEGGIO	1	0	11000	65578	134480	231	-1	0.05	0.15	82800	
10/11/2011 10:50:28	TASTEGGIO	1	0	11000	65578	51720	231	0	0.16	0.16	0	
10/11/2011 10:50:55	TASTEGGIO	0	1	11000	65578	51719	248	0	0.15	0.15	0	
10/11/2011 10:51:20	TASTEGGIO	0	2	11000	65578	51718	276	0	0.19	0.19	0	
10/11/2011 10:51:48	TASTEGGIO	0	3	11000	65578	51718	348	0	0.16	0.16	0	
10/11/2011 10:52:14	TASTEGGIO	0	4	11000	65578	51818	400	0	0.15	0.15	0	
10/11/2011 10:52:41	TASTEGGIO	0	5	11000	65578	51818	400	0	0.15	0.15	0	
10/11/2011 10:53:11	TASTEGGIO	0	6	11000	65578	51818	400	0	0.14	0.14	0	
10/11/2011 10:53:23	TASTEGGIO	0	6	11000	65578	134493	400	0	0.07	0.15	82800	
10/11/2011 10:53:26	ALARM 401		
10/11/2011 10:53:49	TASTEGGIO	0	6	11000	65578	134493	400	0	0.05	0.15	82800	
10/11/2011 10:55:42	TASTEGGIO	0	6	11000	65578	134506	400	0	0.18	0.18	0	
10/11/2011 10:56:11	TASTEGGIO	1	0	11000	65578	134525	234	-100	0.81	0.81	0	
10/11/2011 10:56:29	TASTEGGIO	0	1	11000	65578	134524	0	-3	0.76	0.76	0	
10/11/2011 10:56:52	TASTEGGIO	0	2	11000	65578	134525	142	-4	0.75	0.75	0	
10/11/2011 10:57:20	TASTEGGIO	0	3	11000	65578	134524	364	-253	1.82	1.82	0	
10/11/2011 10:57:37	TASTEGGIO	0	1	11000	65578	134524	0	-11	1.70	1.70	0	
10/11/2011 10:58:04	TASTEGGIO	0	2	11000	65578	134524	317	-90	0.82	0.82	0	
10/11/2011 10:58:29	TASTEGGIO	0	0	11000	65578	134524	317	-127	0.44	0.44	0	
10/11/2011 10:58:56	TASTEGGIO	0	1	11000	65578	134524	293	-173	1.28	1.28	0	
10/11/2011 10:59:14	TASTEGGIO	0	1	11000	65578	134524	0	-9	1.18	1.18	0	
10/11/2011 10:59:39	TASTEGGIO	0	2	11000	65578	134524	217	-27	0.92	0.92	0	
10/11/2011 11:00:05	TASTEGGIO	0	3	11000	65578	134524	341	-172	0.80	0.80	0	
10/11/2011 11:00:31	TASTEGGIO	0	1	11000	65578	134524	271	-110	0.31	0.31	0	
10/11/2011 11:00:57	TASTEGGIO	0	1	11000	65578	134524	258	-108	0.77	0.77	0	
10/11/2011 11:01:16	TASTEGGIO	0	1	11000	65578	134524	66	-8	0.68	0.68	0	
10/11/2011 11:01:40	TASTEGGIO	0	2	11000	65578	134524	186	-25	0.42	0.42	0	
10/11/2011 11:02:07	TASTEGGIO	0	3	11000	65578	134524	230	-55	0.12	0.12	0	
10/11/2011 11:02:16	TASTEGGIO	0	3	11000	65578	134523	230	-55	0.12	0.13	24500	
10/11/2011 11:02:46	TASTEGGIO	1	0	11000	65578	110060	228	-72	0.58	0.58	0	
10/11/2011 11:03:04	TASTEGGIO	0	1	11000	65578	110053	0	-2	0.54	0.54	0	
10/11/2011 11:03:25	TASTEGGIO	0	2	11000	65578	110052	100	0	0.53	0.53	0	
10/11/2011 11:03:49	TASTEGGIO	0	3	11000	65578	110053	256	-79	0.25	0.25	0	
10/11/2011 11:03:53	ALARM 401		
10/11/2011 11:03:56	ALARM 205		err.6058
10/11/2011 11:04:10	TASTEGGIO	0	3	11000	65578	134496	256	-79	0.24	0.24	24500	
10/11/2011 11:04:39	TASTEGGIO	1	0	11000	65578	110049	242	-74	0.50	0.50	0	
10/11/2011 11:05:02	TASTEGGIO	0	1	11000	65578	110040	137	-10	0.40	0.40	0	
10/11/2011 11:05:28	TASTEGGIO	0	2	11000	65578	110040	182	-15	0.24	0.24	0	
10/11/2011 11:05:53	TASTEGGIO	0	3	11000	65578	110041	206	-26	0.03	0.03	0	
10/11/2011 11:06:04	TASTEGGIO	0	3	11000	65578	134498	206	-26	0.03	0.06	82800	
10/11/2011 11:07:57	TASTEGGIO	0	3	11000	65578	134660	206	-26	0.05	0.17	82800	
10/11/2011 11:08:27	TASTEGGIO	1	0	11000	65578	51885	233	0	0.17	0.17	0	
10/11/2011 11:08:54	TASTEGGIO	0	1	11000	65578	51883	250	0	0.20	0.20	0	
10/11/2011 11:09:19	TASTEGGIO	0	2	11000	65578	51883	297	0	0.15	0.15	0	
10/11/2011 11:09:46	TASTEGGIO	0	3	11000	65578	51882	316	0	0.15	0.15	0	
10/11/2011 11:10:13	TASTEGGIO	0	4	11000	65578	51961	376	-4	0.17	0.17	0	
10/11/2011 11:10:42	TASTEGGIO	0	5	11000	65578	51961	400	-3	0.12	0.12	0	
10/11/2011 11:10:55	TASTEGGIO	0	5	11000	65578	134605	400	-3	0.05	0.13	44500	
10/11/2011 11:11:25	TASTEGGIO	1	0	11000	65578	90165	228	-3	0.09	0.09	0	
10/11/2011 11:11:50	TASTEGGIO	0	1	11000	65578	90164	234	0	0.10	0.10	0	
10/11/2011 11:12:17	TASTEGGIO	0	2	11000	65578	90161	256	-1	0.08	0.08	0	
10/11/2011 11:12:45	TASTEGGIO	0	3	11000	65578	90158	267	-1	0.06	0.06	0	
10/11/2011 11:12:56	TASTEGGIO	0	3	11000	65578	134583	267	-1	0.06	0.09	82800	
10/11/2011 11:13:26	TASTEGGIO	1	0	11000	65578	51812	223	0	0.11	0.11	0	
10/11/2011 11:13:51	TASTEGGIO	0	1	11000	65578	51811	236	0	0.08	0.08	0	
10/11/2011 11:14:02	TASTEGGIO	0	1	11000	65578	134578	236	0	0.07	0.08	82800	
10/11/2011 11:15:54	TASTEGGIO	0	1	11000	65578	134664	236	0	0.06	0.14	44500	
10/11/2011 11:16:24	TASTEGGIO	1	0	11000	65578	90216	229	-2	0.15	0.15	0	
10/11/2011 11:16:49	TASTEGGIO	0	1	11000	65578	90208	245	-1	0.13	0.13	0	
10/11/2011 11:17:15	TASTEGGIO	0	2	11000	65578	90203	267	-1	0.13	0.13	0	
10/11/2011 11:17:43	TASTEGGIO	0	3	11000	65578	90200	306	-2	0.09	0.09	0	
10/11/2011 11:18:09	TASTEGGIO	0	4	11000	65578	90270	318	-2	0.10	0.10	0	
10/11/2011 11:18:39	TASTEGGIO	0	5	11000	65578	90270	373	-13	0.08	0.08	0	
10/11/2011 11:19:10	TASTEGGIO	0	1	11000	65578	90270	366	-10	0.18	0.18	0	
10/11/2011 11:19:37	TASTEGGIO	0	1	11000	65578	90270	325	-13	0.04	0.04	0	
10/11/2011 11:19:48	TASTEGGIO	0	1	11000	65578	134602	325	-13	0.11	0.14	-82000	
10/11/2011 11:20:20	TASTEGGIO	1	0	11000	65578	216550	229	0	0.13	0.13	0	
10/11/2011 11:20:45	TASTEGGIO	0	1	11000	65578	216565	241	0	0.12	0.12	0	
10/11/2011 11:21:13	TASTEGGIO	0	2	11000	65578	216574	263	0	0.12	0.12	0	
10/11/2011 11:21:39	TASTEGGIO	0	3	11000	65578	216579	299	-1	0.15	0.15	0	
10/11/2011 11:22:09	TASTEGGIO	0	4	11000	65578	216597	374	-10	0.04	0.04	0	
10/11/2011 11:22:21	TASTEGGIO	0	4	11000	65578	134733	374	-10	0.05	0.06	24500	
10/11/2011 11:24:14	TASTEGGIO	0	4	11000	65578	134767	374	-10	0.08	0.14	44500	
10/11/2011 11:24:44	TASTEGGIO	1	0	11000	65578	90308	229	-2	0.14	0.14	0	
10/11/2011 11:25:09	TASTEGGIO	0	1	11000	65578	90299	243	0	0.15	0.15	0	
10/11/2011 11:25:33	TASTEGGIO	0	2	11000	65578	90293	275	-1	0.13	0.13	0	
10/11/2011 11:26:01	TASTEGGIO	0	3	11000	65578	90289	308	-1	0.12	0.12	0	
10/11/2011 11:26:29	TASTEGGIO	0	4	11000	65578	90353	352	-5	0.08	0.08	0	
10/11/2011 11:26:59	TASTEGGIO	0	5	11000	65578	90353	363	-5	0.07	0.07	0	
10/11/2011 11:27:29	TASTEGGIO	0	6	11000	65578	90353	399	-17	0.13	0.13	0	
10/11/2011 11:27:58	TASTEGGIO	0	1	11000	65578	90353	374	-22	0.12	0.12	0	
10/11/2011 11:28:26	TASTEGGIO	0	1	11000	65578	90353	362	-8	0.04	0.04	0	
10/11/2011 11:28:38	TASTEGGIO	0	1	11000	65578	134696	362	-8	0.13	0.18	82800	
10/11/2011 11:29:09	TASTEGGIO	1	0	11000	65578	51925	234	0	0.18	0.18	0	
10/11/2011 11:29:34	TASTEGGIO	0	1	11000	65578	51922	252	0	0.17	0.17	0	
10/11/2011 11:30:01	TASTEGGIO	0	2	11000	65578	51922	284	0	0.17	0.17	0	
10/11/2011 11:30:26	TASTEGGIO	0	3	11000	65578	51922	335	0	0.17	0.17	0	
10/11/2011 11:30:54	TASTEGGIO	0	4	11000	65578	52012	400	-1	0.16	0.16	0	
10/11/2011 11:31:22	TASTEGGIO	0	5	11000	65578	52012	400	-1	0.15	0.15	0	
10/11/2011 11:31:51	TASTEGGIO	0	6	11000	65578	52012	400	-3	0.14	0.14	0	
10/11/2011 11:32:03	TASTEGGIO	0	6	11000	65578	134694	400	-3	0.11	0.15	82800	
10/11/2011 11:32:34	TASTEGGIO	1	0	11000	65578	51919	231	0	0.14	0.14	0	
10/11/2011 11:32:46	TASTEGGIO	1	0	11000	65578	134684	231	0	0.10	0.14	82800	
10/11/2011 11:33:17	TASTEGGIO	1	0	11000	65578	51923	229	0	0.14	0.14	0	
10/11/2011 11:33:41	TASTEGGIO	0	1	11000	65578	51924	243	0	0.18	0.18	0	
10/11/2011 11:34:06	TASTEGGIO	0	2	11000	65578	51925	289	0	0.16	0.16	0	
10/11/2011 11:34:34	TASTEGGIO	0	3	11000	65578	51923	331	0	0.14	0.14	0	
10/11/2011 11:35:01	TASTEGGIO	0	4	11000	65578	52026	380	0	0.15	0.15	0	
10/11/2011 11:35:28	TASTEGGIO	0	5	11000	65578	52026	400	-1	0.13	0.13	0	
10/11/2011 11:35:57	TASTEGGIO	0	6	11000	65578	52026	400	0	0.13	0.13	0	
10/11/2011 11:36:24	TASTEGGIO	0	7	11000	65578	52026	400	0	0.13	0.13	0	
10/11/2011 11:36:53	TASTEGGIO	0	8	11000	65578	52026	400	0	0.13	0.13	0	
10/11/2011 11:37:20	TASTEGGIO	0	9	11000	65578	52026	400	0	0.15	0.15	0	
10/11/2011 11:37:50	TASTEGGIO	0	10	11000	65578	52026	400	-1	0.13	0.13	0	
10/11/2011 11:38:19	TASTEGGIO	0	11	11000	65578	52026	400	0	0.16	0.16	0	
10/11/2011 11:38:49	TASTEGGIO	0	12	11000	65578	52026	400	0	0.13	0.13	0	
10/11/2011 11:39:17	TASTEGGIO	0	13	11000	65578	52026	400	0	0.13	0.13	0	
10/11/2011 11:39:44	TASTEGGIO	0	14	11000	65578	52026	400	0	0.13	0.13	0	
10/11/2011 11:40:12	TASTEGGIO	0	15	11000	65578	52026	400	0	0.13	0.13	0	
10/11/2011 11:40:39	TASTEGGIO	0	16	11000	65578	52026	400	0	0.13	0.13	0	
10/11/2011 11:41:09	TASTEGGIO	0	17	11000	65578	52026	400	0	0.12	0.12	0	
10/11/2011 11:43:23	TASTEGGIO	0	18	11000	65578	134568	400	1	0.17	0.17	0	
10/11/2011 11:43:51	TASTEGGIO	1	0	11000	65578	134589	233	-1	0.18	0.18	0	
10/11/2011 11:44:18	TASTEGGIO	0	1	11000	65578	134590	252	-1	0.15	0.15	0	
10/11/2011 11:44:45	TASTEGGIO	0	2	11000	65578	134589	276	0	0.17	0.17	0	
10/11/2011 11:45:14	TASTEGGIO	0	3	11000	65578	134589	333	-4	0.13	0.13	0	
10/11/2011 11:45:23	TASTEGGIO	0	3	11000	65578	134555	333	-4	0.12	0.12	82800	
10/11/2011 11:45:55	TASTEGGIO	1	0	11000	65578	51779	227	0	0.13	0.13	0	
10/11/2011 11:46:19	TASTEGGIO	0	1	11000	65578	51778	241	0	0.13	0.13	0	
10/11/2011 11:46:44	TASTEGGIO	0	2	11000	65578	51778	267	0	0.13	0.13	0	
10/11/2011 11:47:10	TASTEGGIO	0	3	11000	65578	51778	306	0	0.12	0.12	0	
10/11/2011 11:47:36	TASTEGGIO	0	4	11000	65578	51870	350	-1	0.13	0.13	0	
10/11/2011 11:48:05	TASTEGGIO	0	5	11000	65578	51870	400	-4	0.09	0.09	0	
10/11/2011 11:48:33	TASTEGGIO	0	6	11000	65578	51870	400	-1	0.12	0.12	0	
10/11/2011 11:49:01	TASTEGGIO	0	7	11000	65578	51870	400	0	0.12	0.12	0	
10/11/2011 11:49:03	ALARM 401		
10/11/2011 11:49:08	ALARM 205		err.6059
10/11/2011 11:49:23	TASTEGGIO	0	7	11000	65578	134491	400	0	0.16	0.16	0	
10/11/2011 11:50:07	TASTEGGIO	0	7	11000	65578	134501	377	-12	0.07	0.15	82800	
10/11/2011 11:51:11	TASTEGGIO	0	7	11000	65578	134476	420	-1	0.06	0.13	82800	
10/11/2011 11:51:56	TASTEGGIO	0	7	11000	65578	134475	435	-1	0.08	0.14	82800	
10/11/2011 11:52:24	TASTEGGIO	0	7	11000	65578	134474	435	-1	0.06	0.14	82800	
10/11/2011 11:54:17	TASTEGGIO	0	7	11000	65578	134519	435	-1	0.20	0.25	24500	
10/11/2011 11:54:46	TASTEGGIO	1	0	11000	65578	110069	243	-4	0.22	0.22	0	
10/11/2011 11:55:12	TASTEGGIO	0	1	11000	65578	110059	262	-1	0.20	0.20	0	
10/11/2011 11:55:38	TASTEGGIO	0	2	11000	65578	110052	298	-2	0.20	0.20	0	
10/11/2011 11:56:06	TASTEGGIO	0	3	11000	65578	110048	358	-8	0.12	0.12	0	
10/11/2011 11:56:17	TASTEGGIO	0	3	11000	65578	134493	358	-8	0.08	0.16	-82000	
10/11/2011 11:56:49	TASTEGGIO	1	0	11000	65578	216440	232	-3	0.14	0.14	0	
10/11/2011 11:57:01	TASTEGGIO	1	0	11000	65578	134533	232	-3	0.07	0.14	-82000	
10/11/2011 11:57:59	ALARM 17	proc 12 prog 10 step 47	LavoroTerminato
10/11/2011 12:52:11	TASTEGGIO	1	0	11000	65578	142591	232	-3	0.09	0.26	-82000	
10/11/2011 12:52:43	TASTEGGIO	1	0	11000	65578	224565	245	-15	0.14	0.14	0	
10/11/2011 12:52:55	TASTEGGIO	1	0	11000	65578	142646	245	-15	0.01	0.14	-82000	
10/11/2011 12:53:25	TASTEGGIO	1	0	11000	65578	224617	229	-2	0.13	0.13	0	
10/11/2011 12:53:51	TASTEGGIO	0	1	11000	65578	224618	241	-4	0.10	0.10	0	
10/11/2011 12:54:18	TASTEGGIO	0	2	11000	65578	224619	251	-2	0.07	0.07	0	
10/11/2011 12:54:31	TASTEGGIO	0	2	11000	65578	142642	251	-2	0.05	0.11	44500	
10/11/2011 12:55:02	TASTEGGIO	1	0	11000	65578	98165	225	-10	0.06	0.06	0	
10/11/2011 12:55:13	TASTEGGIO	1	0	11000	65578	142558	225	-10	0.05	0.09	82800	
10/11/2011 12:57:07	TASTEGGIO	1	0	11000	65578	142793	225	-10	0.06	0.14	82800	
10/11/2011 12:57:38	TASTEGGIO	1	0	11000	65578	60015	229	-3	0.11	0.11	0	
10/11/2011 12:58:03	TASTEGGIO	0	1	11000	65578	60009	237	-2	0.09	0.09	0	
10/11/2011 12:58:15	TASTEGGIO	0	1	11000	65578	142764	237	-2	0.04	0.08	82800	
10/11/2011 13:00:09	TASTEGGIO	0	1	11000	65578	142770	237	-2	0.07	0.08	44500	
10/11/2011 13:02:02	TASTEGGIO	0	1	11000	65578	142697	237	-2	0.13	0.21	82800	
10/11/2011 13:02:34	TASTEGGIO	1	0	11000	65578	59918	238	-4	0.18	0.18	0	
10/11/2011 13:02:59	TASTEGGIO	0	1	11000	65578	59918	253	-2	0.16	0.16	0	
10/11/2011 13:03:24	TASTEGGIO	0	2	11000	65578	59918	281	-4	0.12	0.12	0	
10/11/2011 13:03:36	TASTEGGIO	0	2	11000	65578	142670	281	-4	0.15	0.15	-82000	
10/11/2011 13:04:07	TASTEGGIO	1	0	11000	65578	224632	231	-16	0.09	0.09	0	
10/11/2011 13:04:19	TASTEGGIO	1	0	11000	65578	142738	231	-16	0.05	0.15	82800	
10/11/2011 13:04:49	TASTEGGIO	1	0	11000	65578	59966	231	-1	0.14	0.14	0	
10/11/2011 13:05:01	TASTEGGIO	1	0	11000	65578	142667	231	-1	0.05	0.14	82800	
10/11/2011 13:05:32	TASTEGGIO	1	0	11000	65578	59890	229	0	0.14	0.14	0	
10/11/2011 13:05:57	TASTEGGIO	0	1	11000	65578	59889	243	0	0.14	0.14	0	
10/11/2011 13:06:22	TASTEGGIO	0	2	11000	65578	59888	271	-2	0.12	0.12	0	
10/11/2011 13:06:47	TASTEGGIO	0	3	11000	65578	59890	301	-4	0.08	0.08	0	
10/11/2011 13:07:00	TASTEGGIO	0	3	11000	65578	142666	301	-4	0.10	0.10	0	
10/11/2011 13:07:29	TASTEGGIO	1	0	11000	65578	142661	224	-22	0.11	0.11	0	
10/11/2011 13:07:55	TASTEGGIO	0	1	11000	65578	142661	211	-16	0.04	0.04	0	
10/11/2011 13:08:04	TASTEGGIO	0	1	11000	65578	142668	211	-16	0.04	0.10	-82000	
10/11/2011 13:08:35	TASTEGGIO	1	0	11000	65578	224641	224	-12	0.06	0.06	0	
10/11/2011 13:08:47	TASTEGGIO	1	0	11000	65578	142760	224	-12	0.09	0.12	24500	
10/11/2011 13:09:18	TASTEGGIO	1	0	11000	65578	118284	227	-16	0.04	0.04	0	
10/11/2011 13:09:28	TASTEGGIO	1	0	11000	65578	142664	227	-16	0.08	0.08	0	
10/11/2011 13:11:22	TASTEGGIO	1	0	11000	65578	142770	227	-16	0.16	0.20	-82000	
10/11/2011 13:11:53	TASTEGGIO	1	0	11000	65578	224721	237	-14	0.10	0.10	0	
10/11/2011 13:12:05	TASTEGGIO	1	0	11000	65578	142735	237	-14	0.08	0.09	82800	
10/11/2011 13:13:59	TASTEGGIO	1	0	11000	65578	142981	237	-14	0.18	0.26	44500	
10/11/2011 13:14:30	TASTEGGIO	1	0	11000	65578	98509	245	-13	0.17	0.17	0	
10/11/2011 13:14:55	TASTEGGIO	0	1	11000	65578	98509	256	-13	0.06	0.06	0	
10/11/2011 13:15:05	TASTEGGIO	0	1	11000	65578	142963	256	-13	0.04	0.09	82800	
10/11/2011 13:15:35	TASTEGGIO	1	0	11000	65578	60191	223	-2	0.06	0.06	0	
10/11/2011 13:15:47	TASTEGGIO	1	0	11000	65578	142946	223	-2	0.02	0.07	82800	
10/11/2011 13:17:41	TASTEGGIO	1	0	11000	65578	142876	223	-2	0.05	0.15	-82000	
10/11/2011 13:18:13	TASTEGGIO	1	0	11000	65578	224830	231	-14	0.06	0.06	0	
10/11/2011 13:18:25	TASTEGGIO	1	0	11000	65578	142845	231	-14	0.08	0.08	24500	
10/11/2011 13:18:55	TASTEGGIO	1	0	11000	65578	118373	222	-16	0.08	0.08	0	
10/11/2011 13:19:21	TASTEGGIO	0	1	11000	65578	118371	214	-13	0.04	0.04	0	
10/11/2011 13:19:32	TASTEGGIO	0	1	11000	65578	142759	214	-13	0.03	0.06	-82000	
10/11/2011 13:21:26	TASTEGGIO	0	1	11000	65578	142681	214	-13	0.56	0.56	0	
10/11/2011 13:21:55	TASTEGGIO	1	0	11000	65578	142697	283	-23	0.34	0.34	0	
10/11/2011 13:22:21	TASTEGGIO	0	1	11000	65578	142697	303	-15	0.18	0.18	0	
10/11/2011 13:22:51	TASTEGGIO	0	2	11000	65578	142696	316	-12	0.06	0.06	0	
10/11/2011 13:22:59	TASTEGGIO	0	2	11000	65578	142669	316	-12	0.06	0.12	-82000	
10/11/2011 13:23:32	TASTEGGIO	1	0	11000	65578	224618	227	-11	0.04	0.04	0	
10/11/2011 13:23:44	TASTEGGIO	1	0	11000	65578	142663	227	-11	0.11	0.11	0	
10/11/2011 13:24:12	TASTEGGIO	1	0	11000	65578	142674	225	-1	0.11	0.11	0	
10/11/2011 13:24:37	TASTEGGIO	0	1	11000	65578	142674	236	0	0.10	0.10	0	
10/11/2011 13:25:05	TASTEGGIO	0	2	11000	65578	142672	254	0	0.10	0.10	0	
10/11/2011 13:25:32	TASTEGGIO	0	3	11000	65578	142672	284	-1	0.09	0.09	0	
10/11/2011 13:26:00	TASTEGGIO	0	4	11000	65578	142673	316	-8	0.05	0.05	0	
10/11/2011 13:26:08	TASTEGGIO	0	4	11000	65578	142644	316	-8	0.05	0.08	44500	
10/11/2011 13:26:39	TASTEGGIO	1	0	11000	65578	98172	222	-8	0.04	0.04	0	
10/11/2011 13:26:50	TASTEGGIO	1	0	11000	65578	142562	222	-8	0.03	0.06	-82000	
10/11/2011 13:28:45	TASTEGGIO	1	0	11000	65578	142788	222	-8	0.21	0.21	0	
10/11/2011 13:29:14	TASTEGGIO	1	0	11000	65578	142793	238	-20	0.05	0.05	0	
10/11/2011 13:29:22	TASTEGGIO	1	0	11000	65578	142794	238	-20	0.05	0.18	-82000	
10/11/2011 13:29:55	TASTEGGIO	1	0	11000	65578	224746	234	-12	0.12	0.12	0	
10/11/2011 13:30:07	TASTEGGIO	1	0	11000	65578	142842	234	-12	0.07	0.13	-82000	
10/11/2011 13:30:39	TASTEGGIO	1	0	11000	65578	224802	228	-8	0.05	0.05	0	
10/11/2011 13:30:51	TASTEGGIO	1	0	11000	65578	142842	228	-8	0.12	0.12	82800	
10/11/2011 13:31:23	TASTEGGIO	1	0	11000	65578	60068	227	-2	0.10	0.10	0	
10/11/2011 13:31:47	TASTEGGIO	0	1	11000	65578	60066	235	-1	0.09	0.09	0	
10/11/2011 13:32:14	TASTEGGIO	0	2	11000	65578	60064	251	0	0.07	0.07	0	
10/11/2011 13:32:26	TASTEGGIO	0	2	11000	65578	142770	251	0	0.08	0.09	44500	
10/11/2011 13:32:58	TASTEGGIO	1	0	11000	65578	98298	223	-9	0.04	0.04	0	
10/11/2011 13:33:09	TASTEGGIO	1	0	11000	65578	142760	223	-9	0.14	0.14	0	
10/11/2011 13:33:37	TASTEGGIO	1	0	11000	65578	142756	229	-4	0.09	0.09	0	
10/11/2011 13:34:02	TASTEGGIO	0	1	11000	65578	142756	234	-1	0.08	0.08	0	
10/11/2011 13:34:28	TASTEGGIO	0	2	11000	65578	142756	248	-2	0.06	0.06	0	
10/11/2011 13:34:37	TASTEGGIO	0	2	11000	65578	142761	248	-2	0.06	0.08	82800	
10/11/2011 13:35:08	TASTEGGIO	1	0	11000	65578	59987	222	0	0.08	0.08	0	
10/11/2011 13:35:32	TASTEGGIO	0	1	11000	65578	59985	230	0	0.08	0.08	0	
10/11/2011 13:35:57	TASTEGGIO	0	2	11000	65578	59987	246	-1	0.07	0.07	0	
10/11/2011 13:36:09	TASTEGGIO	0	2	11000	65578	142770	246	-1	0.06	0.07	82800	
10/11/2011 13:38:02	TASTEGGIO	0	2	11000	65578	142770	246	-1	0.02	0.11	82800	
10/11/2011 13:38:32	TASTEGGIO	1	0	11000	65578	59982	225	-4	0.07	0.07	0	
10/11/2011 13:38:44	TASTEGGIO	1	0	11000	65578	142665	225	-4	0.01	0.09	82800	
10/11/2011 13:39:15	TASTEGGIO	1	0	11000	65578	59886	223	-1	0.07	0.07	0	
10/11/2011 13:39:27	TASTEGGIO	1	0	11000	65578	142664	223	-1	0.01	0.08	82800	
10/11/2011 13:39:58	TASTEGGIO	1	0	11000	65578	59887	222	0	0.07	0.07	0	
10/11/2011 13:40:10	TASTEGGIO	1	0	11000	65578	142667	222	0	0.01	0.07	82800	
10/11/2011 13:42:04	TASTEGGIO	1	0	11000	65578	142889	222	0	0.21	0.29	-82000	
10/11/2011 13:42:35	TASTEGGIO	1	0	11000	65578	224843	249	-12	0.20	0.20	0	
10/11/2011 13:43:01	TASTEGGIO	0	1	11000	65578	224854	262	-7	0.14	0.14	0	
10/11/2011 13:43:14	TASTEGGIO	0	1	11000	65578	142959	262	-7	0.25	0.30	82800	
10/11/2011 13:43:45	TASTEGGIO	1	0	11000	65578	60187	250	-6	0.30	0.30	0	
10/11/2011 13:44:11	TASTEGGIO	0	1	11000	65578	60187	280	-6	0.21	0.21	0	
10/11/2011 13:44:36	TASTEGGIO	0	2	11000	65578	60187	300	-4	0.17	0.17	0	
10/11/2011 13:45:05	TASTEGGIO	0	3	11000	65578	60187	341	-10	0.10	0.10	0	
10/11/2011 13:45:17	TASTEGGIO	0	3	11000	65578	142865	341	-10	0.27	0.32	24500	
10/11/2011 13:45:48	TASTEGGIO	1	0	11000	65578	118392	252	-18	0.19	0.19	0	
10/11/2011 13:46:14	TASTEGGIO	0	1	11000	65578	118391	263	-15	0.03	0.03	0	
10/11/2011 13:46:25	TASTEGGIO	0	1	11000	65578	142852	263	-15	0.25	0.25	0	
10/11/2011 13:46:53	TASTEGGIO	1	0	11000	65578	142849	243	-30	0.05	0.05	0	
10/11/2011 13:47:01	TASTEGGIO	1	0	11000	65578	142863	243	-30	0.05	0.28	24500	
10/11/2011 13:47:32	TASTEGGIO	1	0	11000	65578	118391	247	-6	0.23	0.23	0	
10/11/2011 13:47:57	TASTEGGIO	0	1	11000	65578	118389	265	-7	0.15	0.15	0	
10/11/2011 13:48:23	TASTEGGIO	0	2	11000	65578	118388	278	-7	0.07	0.07	0	
10/11/2011 13:48:34	TASTEGGIO	0	2	11000	65578	142867	278	-7	0.15	0.21	82800	
10/11/2011 13:49:05	TASTEGGIO	1	0	11000	65578	60091	238	0	0.22	0.22	0	
10/11/2011 13:49:30	TASTEGGIO	0	1	11000	65578	60091	261	0	0.23	0.23	0	
10/11/2011 13:49:58	TASTEGGIO	0	2	11000	65578	60092	309	0	0.22	0.22	0	
10/11/2011 13:50:27	TASTEGGIO	0	3	11000	65578	60091	372	-7	0.15	0.15	0	
10/11/2011 13:50:55	TASTEGGIO	0	4	11000	65578	60165	392	-10	0.05	0.05	0	
10/11/2011 13:51:07	TASTEGGIO	0	4	11000	65578	142866	392	-10	0.12	0.21	24500	
10/11/2011 13:51:38	TASTEGGIO	1	0	11000	65578	118393	238	-2	0.20	0.20	0	
10/11/2011 13:52:04	TASTEGGIO	0	1	11000	65578	118392	257	-1	0.20	0.20	0	
10/11/2011 13:52:33	TASTEGGIO	0	2	11000	65578	118392	297	-5	0.15	0.15	0	
10/11/2011 13:53:00	TASTEGGIO	0	3	11000	65578	118392	316	-8	0.09	0.09	0	
10/11/2011 13:53:11	TASTEGGIO	0	3	11000	65578	142867	316	-8	0.16	0.16	0	
10/11/2011 13:53:39	TASTEGGIO	1	0	11000	65578	142868	232	-7	0.14	0.14	0	
10/11/2011 13:53:48	TASTEGGIO	1	0	11000	65578	142874	232	-7	0.10	0.17	-82000	
10/11/2011 13:54:20	TASTEGGIO	1	0	11000	65578	224848	233	-1	0.18	0.18	0	
10/11/2011 13:54:45	TASTEGGIO	0	1	11000	65578	224848	252	-1	0.16	0.16	0	
10/11/2011 13:55:13	TASTEGGIO	0	2	11000	65578	224860	280	-2	0.13	0.13	0	
10/11/2011 13:55:26	TASTEGGIO	0	2	11000	65578	142975	280	-2	0.13	0.14	-82000	
10/11/2011 13:55:57	TASTEGGIO	1	0	11000	65578	224951	229	0	0.13	0.13	0	
10/11/2011 13:56:23	TASTEGGIO	0	1	11000	65578	224951	241	0	0.13	0.13	0	
10/11/2011 13:56:49	TASTEGGIO	0	2	11000	65578	224951	267	0	0.13	0.13	0	
10/11/2011 13:57:15	TASTEGGIO	0	3	11000	65578	224962	306	-6	0.06	0.06	0	
10/11/2011 13:57:28	TASTEGGIO	0	3	11000	65578	142987	306	-6	0.18	0.18	0	
10/11/2011 13:57:56	TASTEGGIO	1	0	11000	65578	143003	234	-3	0.15	0.15	0	
10/11/2011 13:58:22	TASTEGGIO	0	1	11000	65578	143004	246	-3	0.13	0.13	0	
10/11/2011 13:58:30	TASTEGGIO	0	1	11000	65578	142990	246	-3	0.13	0.13	0	
10/11/2011 13:58:58	TASTEGGIO	1	0	11000	65578	143006	228	-12	0.14	0.14	0	
10/11/2011 13:59:24	TASTEGGIO	0	1	11000	65578	143006	243	-13	0.03	0.03	0	
10/11/2011 13:59:32	TASTEGGIO	0	1	11000	65578	142988	243	-13	0.03	0.20	24500	
10/11/2011 14:00:03	TASTEGGIO	1	0	11000	65578	118505	237	-2	0.20	0.20	0	
10/11/2011 14:00:28	TASTEGGIO	0	1	11000	65578	118505	257	-1	0.19	0.19	0	
10/11/2011 14:00:31	ALARM 401		
10/11/2011 14:00:35	ALARM 201		err.6059
10/11/2011 14:00:52	TASTEGGIO	0	1	11000	65578	142867	257	-1	0.06	0.18	24500	
10/11/2011 14:01:23	TASTEGGIO	1	0	11000	65578	118393	234	-1	0.19	0.19	0	
10/11/2011 14:01:48	TASTEGGIO	0	1	11000	65578	118392	254	0	0.18	0.18	0	
10/11/2011 14:02:15	TASTEGGIO	0	2	11000	65578	118392	288	-2	0.16	0.16	0	
10/11/2011 14:02:45	TASTEGGIO	0	3	11000	65578	118392	330	-10	0.05	0.05	0	
10/11/2011 14:02:56	TASTEGGIO	0	3	11000	65578	142861	330	-10	0.16	0.16	0	
10/11/2011 14:03:26	TASTEGGIO	1	0	11000	65578	142861	232	-5	0.11	0.11	0	
10/11/2011 14:03:35	TASTEGGIO	1	0	11000	65578	142869	232	-5	0.11	0.11	0	
10/11/2011 14:04:04	TASTEGGIO	1	0	11000	65578	142867	225	-2	0.10	0.10	0	
10/11/2011 14:04:12	TASTEGGIO	1	0	11000	65578	142872	225	-2	0.10	0.10	82800	
10/11/2011 14:06:06	TASTEGGIO	1	0	11000	65578	142777	225	-2	0.03	0.07	82800	
10/11/2011 14:08:00	TASTEGGIO	1	0	11000	65578	142888	225	-2	0.24	0.27	24500	
10/11/2011 14:08:31	TASTEGGIO	1	0	11000	65578	118414	246	-18	0.13	0.13	0	
10/11/2011 14:08:41	TASTEGGIO	1	0	11000	65578	142867	246	-18	0.14	0.14	0	
10/11/2011 14:09:11	TASTEGGIO	1	0	11000	65578	142864	229	-20	0.05	0.05	0	
10/11/2011 14:09:19	TASTEGGIO	1	0	11000	65578	142866	229	-20	0.05	0.14	-82000	
10/11/2011 14:09:50	TASTEGGIO	1	0	11000	65578	224823	229	-12	0.07	0.07	0	
10/11/2011 14:10:02	TASTEGGIO	1	0	11000	65578	142945	229	-12	0.04	0.10	82800	
10/11/2011 14:10:33	TASTEGGIO	1	0	11000	65578	60165	224	-2	0.09	0.09	0	
10/11/2011 14:10:58	TASTEGGIO	0	1	11000	65578	60163	232	0	0.08	0.08	0	
10/11/2011 14:11:24	TASTEGGIO	0	2	11000	65578	60161	246	-1	0.07	0.07	0	
10/11/2011 14:11:37	TASTEGGIO	0	2	11000	65578	142859	246	-1	0.03	0.06	82800	
10/11/2011 14:13:30	TASTEGGIO	0	2	11000	65578	142875	246	-1	0.09	0.65	-82000	
10/11/2011 14:14:02	TASTEGGIO	1	0	11000	65578	224829	295	-18	0.51	0.51	0	
10/11/2011 14:14:30	TASTEGGIO	0	1	11000	65578	224839	335	-16	0.34	0.34	0	
10/11/2011 14:15:00	TASTEGGIO	0	2	11000	65578	224843	367	-16	0.20	0.20	0	
10/11/2011 14:15:30	TASTEGGIO	0	3	11000	65578	224845	387	-26	0.13	0.13	0	
10/11/2011 14:15:43	TASTEGGIO	0	3	11000	65578	142863	387	-26	0.46	0.46	24500	
10/11/2011 14:16:14	TASTEGGIO	1	0	11000	65578	118390	271	-19	0.31	0.31	0	
10/11/2011 14:16:40	TASTEGGIO	0	1	11000	65578	118390	291	-17	0.14	0.14	0	
10/11/2011 14:16:50	TASTEGGIO	0	1	11000	65578	142766	291	-17	0.17	0.20	82800	
10/11/2011 14:17:22	TASTEGGIO	1	0	11000	65578	59992	237	-2	0.18	0.18	0	
10/11/2011 14:17:49	TASTEGGIO	0	1	11000	65578	59992	253	-1	0.16	0.16	0	
10/11/2011 14:18:14	TASTEGGIO	0	2	11000	65578	59992	281	-5	0.11	0.11	0	
10/11/2011 14:18:27	TASTEGGIO	0	2	11000	65578	142767	281	-5	0.23	0.23	0	
10/11/2011 14:18:57	TASTEGGIO	1	0	11000	65578	142763	241	-17	0.06	0.06	0	
10/11/2011 14:19:05	TASTEGGIO	1	0	11000	65578	142766	241	-17	0.07	0.18	82800	
10/11/2011 14:19:37	TASTEGGIO	1	0	11000	65578	59992	234	0	0.17	0.17	0	
10/11/2011 14:20:02	TASTEGGIO	0	1	11000	65578	59993	250	0	0.15	0.15	0	
10/11/2011 14:20:28	TASTEGGIO	0	2	11000	65578	59993	276	0	0.17	0.17	0	
10/11/2011 14:20:54	TASTEGGIO	0	3	11000	65578	59994	333	-7	0.11	0.11	0	
10/11/2011 14:21:06	TASTEGGIO	0	3	11000	65578	142767	333	-7	0.13	0.13	24500	
10/11/2011 14:21:37	TASTEGGIO	1	0	11000	65578	118289	228	-1	0.12	0.12	0	
10/11/2011 14:22:02	TASTEGGIO	0	1	11000	65578	118288	239	0	0.12	0.12	0	
10/11/2011 14:22:30	TASTEGGIO	0	2	11000	65578	118288	263	-1	0.11	0.11	0	
10/11/2011 14:22:58	TASTEGGIO	0	3	11000	65578	118287	293	-5	0.06	0.06	0	
10/11/2011 14:23:09	TASTEGGIO	0	3	11000	65578	142766	293	-5	0.06	0.15	82800	
10/11/2011 14:23:41	TASTEGGIO	1	0	11000	65578	59992	231	0	0.14	0.14	0	
10/11/2011 14:23:53	TASTEGGIO	1	0	11000	65578	142769	231	0	0.10	0.14	82800	
10/11/2011 14:24:24	TASTEGGIO	1	0	11000	65578	59994	229	-1	0.13	0.13	0	
10/11/2011 14:24:49	TASTEGGIO	0	1	11000	65578	59996	241	0	0.13	0.13	0	
10/11/2011 14:25:15	TASTEGGIO	0	2	11000	65578	59996	267	0	0.13	0.13	0	
10/11/2011 14:25:41	TASTEGGIO	0	3	11000	65578	59996	306	0	0.12	0.12	0	
10/11/2011 14:26:08	TASTEGGIO	0	4	11000	65578	60067	350	-5	0.06	0.06	0	
10/11/2011 14:26:20	TASTEGGIO	0	4	11000	65578	142769	350	-5	0.11	0.13	44500	
10/11/2011 14:26:52	TASTEGGIO	1	0	11000	65578	98296	228	-7	0.07	0.07	0	
10/11/2011 14:27:03	TASTEGGIO	1	0	11000	65578	142768	228	-7	0.06	0.15	-82000	
10/11/2011 14:27:35	TASTEGGIO	1	0	11000	65578	224746	231	-3	0.12	0.12	0	
10/11/2011 14:27:47	TASTEGGIO	1	0	11000	65578	142841	231	-3	0.04	0.14	82800	
10/11/2011 14:28:18	TASTEGGIO	1	0	11000	65578	60065	229	0	0.13	0.13	0	
10/11/2011 14:28:43	TASTEGGIO	0	1	11000	65578	60066	241	0	0.12	0.12	0	
10/11/2011 14:29:08	TASTEGGIO	0	2	11000	65578	60065	263	0	0.12	0.12	0	
10/11/2011 14:29:11	ALARM 401		
10/11/2011 14:29:15	ALARM 201		err.6059
10/11/2011 14:29:38	TASTEGGIO	0	2	11000	65578	142770	263	0	0.05	0.13	-82000	
10/11/2011 14:30:10	TASTEGGIO	1	0	11000	65578	224747	228	0	0.12	0.12	0	
10/11/2011 14:30:36	TASTEGGIO	0	1	11000	65578	224747	239	0	0.12	0.12	0	
10/11/2011 14:31:04	TASTEGGIO	0	2	11000	65578	224748	263	0	0.12	0.12	0	
10/11/2011 14:31:32	TASTEGGIO	0	3	11000	65578	224748	299	0	0.12	0.12	0	
10/11/2011 14:31:59	TASTEGGIO	0	4	11000	65578	224748	347	-3	0.09	0.09	0	
10/11/2011 14:32:31	TASTEGGIO	0	5	11000	65578	224748	362	-5	0.05	0.05	0	
10/11/2011 14:32:43	TASTEGGIO	0	5	11000	65578	142882	362	-5	0.10	0.11	82800	
10/11/2011 14:33:14	TASTEGGIO	1	0	11000	65578	60103	225	0	0.10	0.10	0	
10/11/2011 14:33:39	TASTEGGIO	0	1	11000	65578	60103	234	0	0.11	0.11	0	
10/11/2011 14:34:06	TASTEGGIO	0	2	11000	65578	60102	258	0	0.11	0.11	0	
10/11/2011 14:34:31	TASTEGGIO	0	3	11000	65578	60101	291	0	0.10	0.10	0	
10/11/2011 14:34:59	TASTEGGIO	0	4	11000	65578	60167	327	0	0.10	0.10	0	
10/11/2011 14:35:26	TASTEGGIO	0	5	11000	65578	60167	377	-8	0.02	0.02	0	
10/11/2011 14:35:39	TASTEGGIO	0	5	11000	65578	142774	377	-8	0.15	0.15	0	
10/11/2011 14:36:08	TASTEGGIO	1	0	11000	65578	142771	231	-6	0.10	0.10	0	
10/11/2011 14:36:17	TASTEGGIO	1	0	11000	65578	142774	231	-6	0.10	0.13	44500	
10/11/2011 14:36:48	TASTEGGIO	1	0	11000	65578	98301	228	-1	0.12	0.12	0	
10/11/2011 14:37:13	TASTEGGIO	0	1	11000	65578	98301	239	-4	0.08	0.08	0	
10/11/2011 14:37:41	TASTEGGIO	0	2	11000	65578	98301	246	-1	0.07	0.07	0	
10/11/2011 14:37:52	TASTEGGIO	0	2	11000	65578	142769	246	-1	0.05	0.09	82800	
10/11/2011 14:38:23	TASTEGGIO	1	0	11000	65578	59995	223	0	0.09	0.09	0	
10/11/2011 14:38:50	TASTEGGIO	0	1	11000	65578	59996	232	0	0.09	0.09	0	
10/11/2011 14:39:17	TASTEGGIO	0	2	11000	65578	59996	250	0	0.09	0.09	0	
10/11/2011 14:39:44	TASTEGGIO	0	3	11000	65578	59996	277	0	0.08	0.08	0	
10/11/2011 14:40:10	TASTEGGIO	0	4	11000	65578	60054	305	0	0.08	0.08	0	
10/11/2011 14:40:38	TASTEGGIO	0	5	11000	65578	60054	345	-1	0.08	0.08	0	
10/11/2011 14:41:08	TASTEGGIO	0	6	11000	65578	60054	393	-17	0.13	0.13	0	
10/11/2011 14:41:35	TASTEGGIO	0	1	11000	65578	60054	371	-24	0.10	0.10	0	
10/11/2011 14:42:03	TASTEGGIO	0	1	11000	65578	60054	363	-17	0.07	0.07	0	
10/11/2011 14:42:15	TASTEGGIO	0	1	11000	65578	142772	363	-17	0.12	0.14	44500	
10/11/2011 14:42:44	TASTEGGIO	1	0	11000	65578	98299	229	-5	0.12	0.12	0	
10/11/2011 14:43:09	TASTEGGIO	0	1	11000	65578	98299	239	-1	0.10	0.10	0	
10/11/2011 14:43:36	TASTEGGIO	0	2	11000	65578	98299	255	-2	0.09	0.09	0	
10/11/2011 14:44:02	TASTEGGIO	0	3	11000	65578	98299	279	-3	0.05	0.05	0	
10/11/2011 14:44:13	TASTEGGIO	0	3	11000	65578	142766	279	-3	0.04	0.09	-82000	
10/11/2011 14:44:46	TASTEGGIO	1	0	11000	65578	224744	223	-2	0.08	0.08	0	
10/11/2011 14:45:11	TASTEGGIO	0	1	11000	65578	224744	230	0	0.08	0.08	0	
10/11/2011 14:45:39	TASTEGGIO	0	2	11000	65578	224744	246	0	0.07	0.07	0	
10/11/2011 14:45:51	TASTEGGIO	0	2	11000	65578	142854	246	0	0.04	0.08	82800	
10/11/2011 14:46:22	TASTEGGIO	1	0	11000	65578	60079	222	-1	0.07	0.07	0	
10/11/2011 14:46:34	TASTEGGIO	1	0	11000	65578	142767	222	-1	0.05	0.08	-82000	
10/11/2011 14:47:05	TASTEGGIO	1	0	11000	65578	224745	222	0	0.07	0.07	0	
10/11/2011 14:47:18	TASTEGGIO	1	0	11000	65578	142842	222	0	0.05	0.08	-82000	
10/11/2011 14:47:49	TASTEGGIO	1	0	11000	65578	224816	222	-1	0.07	0.07	0	
10/11/2011 14:48:01	TASTEGGIO	1	0	11000	65578	142840	222	-1	0.05	0.08	-82000	
10/11/2011 14:50:21	TASTEGGIO	1	0	11000	65578	142871	222	0	0.25	0.47	44500	
10/11/2011 14:50:51	TASTEGGIO	1	0	11000	65578	98394	272	-12	0.37	0.37	0	
10/11/2011 14:51:17	TASTEGGIO	0	1	11000	65578	98394	301	-11	0.25	0.25	0	
10/11/2011 14:51:46	TASTEGGIO	0	2	11000	65578	98394	324	-10	0.16	0.16	0	
10/11/2011 14:52:13	TASTEGGIO	0	3	11000	65578	98394	341	-16	0.04	0.04	0	
10/11/2011 14:52:25	TASTEGGIO	0	3	11000	65578	142770	341	-16	0.12	0.22	82800	
10/11/2011 14:52:55	TASTEGGIO	1	0	11000	65578	59990	240	-2	0.19	0.19	0	
10/11/2011 14:53:20	TASTEGGIO	0	1	11000	65578	59985	256	-1	0.17	0.17	0	
10/11/2011 14:53:44	TASTEGGIO	0	2	11000	65578	59982	286	-4	0.13	0.13	0	
10/11/2011 14:53:56	TASTEGGIO	0	2	11000	65578	142766	286	-4	0.19	0.19	0	
10/11/2011 14:54:24	TASTEGGIO	1	0	11000	65578	142762	236	-19	0.01	0.01	0	
10/11/2011 14:54:32	TASTEGGIO	1	0	11000	65578	142764	236	-19	0.02	0.22	82800	
10/11/2011 14:55:04	TASTEGGIO	1	0	11000	65578	59986	240	0	0.22	0.22	0	
10/11/2011 14:55:29	TASTEGGIO	0	1	11000	65578	59982	262	0	0.21	0.21	0	
10/11/2011 14:55:54	TASTEGGIO	0	2	11000	65578	59981	302	-2	0.19	0.19	0	
10/11/2011 14:56:22	TASTEGGIO	0	3	11000	65578	59983	353	-9	0.09	0.09	0	
10/11/2011 14:56:35	TASTEGGIO	0	3	11000	65578	142770	353	-9	0.07	0.12	-82000	
10/11/2011 14:57:06	TASTEGGIO	1	0	11000	65578	224742	227	-12	0.03	0.03	0	
10/11/2011 14:57:19	TASTEGGIO	1	0	11000	65578	142837	227	-12	0.14	0.14	0	
10/11/2011 14:57:48	TASTEGGIO	1	0	11000	65578	142842	229	-10	0.07	0.07	0	
10/11/2011 14:57:57	TASTEGGIO	1	0	11000	65578	142827	229	-10	0.07	0.09	82800	
10/11/2011 14:58:27	TASTEGGIO	1	0	11000	65578	60051	223	0	0.09	0.09	0	
10/11/2011 14:58:51	TASTEGGIO	0	1	11000	65578	60048	232	0	0.10	0.10	0	
10/11/2011 14:59:16	TASTEGGIO	0	2	11000	65578	60046	254	0	0.10	0.10	0	
10/11/2011 14:59:43	TASTEGGIO	0	3	11000	65578	60045	284	0	0.09	0.09	0	
10/11/2011 15:00:09	TASTEGGIO	0	4	11000	65578	60061	316	0	0.09	0.09	0	
10/11/2011 15:00:35	TASTEGGIO	0	5	11000	65578	60061	361	-4	0.04	0.04	0	
10/11/2011 15:00:48	TASTEGGIO	0	5	11000	65578	142765	361	-4	0.10	0.10	0	
10/11/2011 15:02:42	TASTEGGIO	0	5	11000	65578	142974	361	-4	0.24	0.33	24500	
10/11/2011 15:03:13	TASTEGGIO	1	0	11000	65578	118495	254	-18	0.18	0.18	0	
10/11/2011 15:03:39	TASTEGGIO	0	1	11000	65578	118495	263	-10	0.08	0.08	0	
10/11/2011 15:03:50	TASTEGGIO	0	1	11000	65578	142869	263	-10	0.04	0.11	44500	
10/11/2011 15:04:20	TASTEGGIO	1	0	11000	65578	98393	225	-8	0.05	0.05	0	
10/11/2011 15:04:30	TASTEGGIO	1	0	11000	65578	142863	225	-8	0.07	0.14	82800	
10/11/2011 15:05:01	TASTEGGIO	1	0	11000	65578	60085	229	-2	0.13	0.13	0	
10/11/2011 15:05:26	TASTEGGIO	0	1	11000	65578	60085	241	-1	0.12	0.12	0	
10/11/2011 15:05:51	TASTEGGIO	0	2	11000	65578	60084	263	-2	0.10	0.10	0	
10/11/2011 15:06:16	TASTEGGIO	0	3	11000	65578	60084	287	-3	0.07	0.07	0	
10/11/2011 15:06:29	TASTEGGIO	0	3	11000	65578	142866	287	-3	0.02	0.09	44500	
10/11/2011 15:06:58	TASTEGGIO	1	0	11000	65578	98390	223	-2	0.08	0.08	0	
10/11/2011 15:07:25	TASTEGGIO	0	1	11000	65578	98390	230	-1	0.06	0.06	0	
10/11/2011 15:07:37	TASTEGGIO	0	1	11000	65578	142860	230	-1	0.05	0.09	82800	
10/11/2011 15:08:08	TASTEGGIO	1	0	11000	65578	60082	223	0	0.09	0.09	0	
10/11/2011 15:08:33	TASTEGGIO	0	1	11000	65578	60082	232	-1	0.10	0.10	0	
10/11/2011 15:08:58	TASTEGGIO	0	2	11000	65578	60082	254	0	0.10	0.10	0	
10/11/2011 15:09:25	TASTEGGIO	0	3	11000	65578	60082	284	-1	0.09	0.09	0	
10/11/2011 15:09:51	TASTEGGIO	0	4	11000	65578	60147	316	-3	0.05	0.05	0	
10/11/2011 15:10:03	TASTEGGIO	0	4	11000	65578	142871	316	-3	0.01	0.12	44500	
10/11/2011 15:10:33	TASTEGGIO	1	0	11000	65578	98394	227	-1	0.10	0.10	0	
10/11/2011 15:10:58	TASTEGGIO	0	1	11000	65578	98394	235	0	0.09	0.09	0	
10/11/2011 15:11:26	TASTEGGIO	0	2	11000	65578	98393	251	-3	0.07	0.07	0	
10/11/2011 15:11:37	TASTEGGIO	0	2	11000	65578	142861	251	-3	0.05	0.09	-82000	
10/11/2011 15:13:31	TASTEGGIO	0	2	11000	65578	142670	251	-3	0.16	0.58	-82000	
10/11/2011 15:14:03	TASTEGGIO	1	0	11000	65578	224622	286	-17	0.44	0.44	0	
10/11/2011 15:14:30	TASTEGGIO	0	1	11000	65578	224637	319	-14	0.29	0.29	0	
10/11/2011 15:15:00	TASTEGGIO	0	2	11000	65578	224641	346	-11	0.18	0.18	0	
10/11/2011 15:15:28	TASTEGGIO	0	3	11000	65578	224642	365	-22	0.08	0.08	0	
10/11/2011 15:15:40	TASTEGGIO	0	3	11000	65578	142678	365	-22	0.52	0.52	0	
10/11/2011 15:16:10	TASTEGGIO	1	0	11000	65578	142690	278	-26	0.27	0.27	0	
10/11/2011 15:16:36	TASTEGGIO	0	1	11000	65578	142690	292	-17	0.10	0.10	0	
10/11/2011 15:16:45	TASTEGGIO	0	1	11000	65578	142669	292	-17	0.10	0.22	82800	
10/11/2011 15:17:15	TASTEGGIO	1	0	11000	65578	59890	240	-1	0.21	0.21	0	
10/11/2011 15:17:40	TASTEGGIO	0	1	11000	65578	59889	260	-2	0.19	0.19	0	
10/11/2011 15:18:07	TASTEGGIO	0	2	11000	65578	59889	294	-4	0.14	0.14	0	
10/11/2011 15:18:20	TASTEGGIO	0	2	11000	65578	142566	294	-4	0.14	0.19	-82000	
10/11/2011 15:18:51	TASTEGGIO	1	0	11000	65578	224545	236	-3	0.17	0.17	0	
10/11/2011 15:19:17	TASTEGGIO	0	1	11000	65578	224545	251	0	0.16	0.16	0	
10/11/2011 15:19:43	TASTEGGIO	0	2	11000	65578	224545	281	-1	0.15	0.15	0	
10/11/2011 15:20:12	TASTEGGIO	0	3	11000	65578	224545	323	-4	0.11	0.11	0	
10/11/2011 15:20:25	TASTEGGIO	0	3	11000	65578	142670	323	-4	0.17	0.17	0	
10/11/2011 15:20:55	TASTEGGIO	1	0	11000	65578	142682	233	-2	0.15	0.15	0	
10/11/2011 15:21:21	TASTEGGIO	0	1	11000	65578	142682	246	-1	0.13	0.13	0	
10/11/2011 15:21:29	TASTEGGIO	0	1	11000	65578	142660	246	-1	0.14	0.14	82800	
10/11/2011 15:21:59	TASTEGGIO	1	0	11000	65578	59881	229	-1	0.15	0.15	0	
10/11/2011 15:22:24	TASTEGGIO	0	1	11000	65578	59880	245	0	0.15	0.15	0	
10/11/2011 15:22:51	TASTEGGIO	0	2	11000	65578	59880	275	0	0.14	0.14	0	
10/11/2011 15:23:17	TASTEGGIO	0	3	11000	65578	59880	314	-4	0.11	0.11	0	
10/11/2011 15:23:45	TASTEGGIO	0	4	11000	65578	59946	331	-4	0.08	0.08	0	
10/11/2011 15:23:57	TASTEGGIO	0	4	11000	65578	142567	331	-4	0.18	0.18	0	
10/11/2011 15:24:26	TASTEGGIO	1	0	11000	65578	142563	234	-1	0.18	0.18	0	
10/11/2011 15:24:53	TASTEGGIO	0	1	11000	65578	142563	252	0	0.17	0.17	0	
10/11/2011 15:25:21	TASTEGGIO	0	2	11000	65578	142562	284	-2	0.14	0.14	0	
10/11/2011 15:25:30	TASTEGGIO	0	2	11000	65578	142564	284	-2	0.14	0.14	0	
