24/02/2012 15:56:33	TASTEGGIO	1	0	6000	45980	126850	88	0	0.10	0.16	44500	
24/02/2012 15:56:57	TASTEGGIO	1	0	6000	45980	82420	86	1	0.14	0.14	0	
24/02/2012 15:57:08	TASTEGGIO	1	0	6000	45980	126838	86	1	0.11	0.16	44500	
24/02/2012 15:57:30	TASTEGGIO	1	0	6000	45980	82413	86	1	0.14	0.14	0	
24/02/2012 15:57:40	TASTEGGIO	1	0	6000	45980	126836	86	1	0.11	0.16	44500	
24/02/2012 15:58:02	TASTEGGIO	1	0	6000	45980	82404	86	1	0.14	0.14	0	
24/02/2012 15:58:13	TASTEGGIO	1	0	6000	45980	126830	86	1	0.13	0.16	44500	
24/02/2012 15:58:35	TASTEGGIO	1	0	6000	45980	82408	86	1	0.15	0.15	0	
24/02/2012 15:58:53	TASTEGGIO	0	1	6000	45980	82402	100	0	0.14	0.14	0	
24/02/2012 15:59:04	TASTEGGIO	0	1	6000	45980	126834	100	0	0.12	0.15	44500	
24/02/2012 16:00:52	TASTEGGIO	0	1	6000	45980	126979	100	0	0.05	0.20	82800	
24/02/2012 16:01:15	TASTEGGIO	1	0	6000	45980	44219	93	0	0.18	0.18	0	
24/02/2012 16:01:32	TASTEGGIO	0	1	6000	45980	44221	109	0	0.18	0.18	0	
24/02/2012 16:01:52	TASTEGGIO	0	2	6000	45980	44231	145	0	0.18	0.18	0	
24/02/2012 16:02:11	TASTEGGIO	0	3	6000	45980	44233	199	-4	0.13	0.13	0	
24/02/2012 16:02:23	TASTEGGIO	0	3	6000	45980	126854	199	-4	0.04	0.15	-44500	
24/02/2012 16:02:47	TASTEGGIO	1	0	6000	45980	171270	85	-4	0.10	0.10	0	
24/02/2012 16:02:58	TASTEGGIO	1	0	6000	45980	126977	85	-4	0.06	0.16	82800	
24/02/2012 16:03:21	TASTEGGIO	1	0	6000	45980	44217	86	3	0.14	0.14	0	
24/02/2012 16:03:33	TASTEGGIO	1	0	6000	45980	126854	86	3	0.06	0.14	82800	
24/02/2012 16:05:23	TASTEGGIO	1	0	6000	45980	126877	86	3	0.07	0.22	82800	
24/02/2012 16:05:45	TASTEGGIO	1	0	6000	45980	44113	96	0	0.21	0.21	0	
24/02/2012 16:06:04	TASTEGGIO	0	1	6000	45981	44119	116	0	0.21	0.21	0	
24/02/2012 16:06:22	TASTEGGIO	0	2	6000	45981	44125	158	1	0.21	0.21	0	
24/02/2012 16:06:42	TASTEGGIO	0	3	6000	45980	44129	221	-2	0.18	0.18	0	
24/02/2012 16:07:03	TASTEGGIO	0	4	6000	45980	44133	282	-12	0.07	0.07	0	
24/02/2012 16:07:15	TASTEGGIO	0	4	6000	45980	126745	282	-12	0.12	0.20	-82000	
24/02/2012 16:07:39	TASTEGGIO	1	0	6000	45980	208680	93	-1	0.17	0.17	0	
24/02/2012 16:07:58	TASTEGGIO	0	1	6000	45980	208690	107	0	0.18	0.18	0	
24/02/2012 16:08:19	TASTEGGIO	0	2	6000	45980	208700	145	-1	0.16	0.16	0	
24/02/2012 16:08:40	TASTEGGIO	0	3	6000	45980	208708	187	-6	0.10	0.10	0	
24/02/2012 16:08:51	TASTEGGIO	0	3	6000	45980	126877	187	-6	0.07	0.12	-44500	
24/02/2012 16:10:40	TASTEGGIO	0	3	6000	45981	126875	187	-6	0.16	0.29	-44500	
24/02/2012 16:11:04	TASTEGGIO	1	0	6000	45981	171294	108	-6	0.18	0.18	0	
24/02/2012 16:11:25	TASTEGGIO	0	1	6000	45980	171304	119	-11	0.14	0.14	0	
24/02/2012 16:11:35	TASTEGGIO	0	1	6000	45981	126888	119	-11	0.03	0.12	-24500	
24/02/2012 16:13:25	TASTEGGIO	0	1	6000	45981	126975	119	-11	1.19	1.23	24500	
24/02/2012 16:13:52	TASTEGGIO	1	0	6000	45981	102528	266	-34	0.83	0.83	0	
24/02/2012 16:14:16	TASTEGGIO	0	1	6000	45981	102513	322	-113	0.37	0.37	0	
24/02/2012 16:14:40	TASTEGGIO	0	1	6000	45981	102509	305	-176	1.97	1.97	0	
24/02/2012 16:14:54	TASTEGGIO	0	1	6000	45981	102508	0	-24	1.74	1.74	0	
24/02/2012 16:15:17	TASTEGGIO	0	2	6000	45981	102507	307	-170	0.11	0.11	0	
24/02/2012 16:15:27	TASTEGGIO	0	2	6000	45981	126838	307	-170	0.15	0.45	82800	
24/02/2012 16:15:51	TASTEGGIO	1	0	6000	45981	44085	135	-1	0.46	0.46	0	
24/02/2012 16:16:10	TASTEGGIO	0	1	6000	45981	44086	182	0	0.39	0.39	0	
24/02/2012 16:16:31	TASTEGGIO	0	2	6000	45981	44088	248	-8	0.42	0.42	0	
24/02/2012 16:16:54	TASTEGGIO	0	3	6000	45981	44095	383	-86	0.65	0.65	0	
24/02/2012 16:17:18	TASTEGGIO	0	1	6000	45981	44095	282	-12	0.70	0.70	0	
24/02/2012 16:17:41	TASTEGGIO	0	2	6000	45981	44208	400	-132	0.60	0.60	0	
24/02/2012 16:18:03	TASTEGGIO	0	1	6000	45981	44208	348	-89	0.28	0.28	0	
24/02/2012 16:18:25	TASTEGGIO	0	1	6000	45981	44209	334	-76	0.45	0.45	0	
24/02/2012 16:18:46	TASTEGGIO	0	1	6000	45981	44209	261	-39	0.07	0.07	0	
24/02/2012 16:18:58	TASTEGGIO	0	1	6000	45981	126856	261	-39	0.17	0.37	24500	
24/02/2012 16:19:22	TASTEGGIO	1	0	6000	45981	102405	122	-11	0.23	0.23	0	
24/02/2012 16:19:44	TASTEGGIO	0	1	6000	45981	102396	136	-4	0.18	0.18	0	
24/02/2012 16:20:05	TASTEGGIO	0	2	6000	45981	102396	155	-27	0.10	0.10	0	
24/02/2012 16:20:15	TASTEGGIO	0	2	6000	45981	126834	155	-27	0.21	0.25	-82000	
24/02/2012 16:20:40	TASTEGGIO	1	0	6000	45981	208792	102	1	0.23	0.23	0	
24/02/2012 16:20:59	TASTEGGIO	0	1	6000	45981	208792	123	0	0.23	0.23	0	
24/02/2012 16:21:19	TASTEGGIO	0	2	6000	45981	208792	169	0	0.19	0.19	0	
24/02/2012 16:21:40	TASTEGGIO	0	3	6000	45981	208793	216	-9	0.08	0.08	0	
24/02/2012 16:21:51	TASTEGGIO	0	3	6000	45981	126983	216	-9	0.12	0.19	82800	
24/02/2012 16:22:13	TASTEGGIO	1	0	6000	45981	44221	91	0	0.16	0.16	0	
24/02/2012 16:22:30	TASTEGGIO	0	1	6000	45981	44222	104	0	0.17	0.17	0	
24/02/2012 16:22:49	TASTEGGIO	0	2	6000	45981	44222	140	1	0.17	0.17	0	
24/02/2012 16:23:08	TASTEGGIO	0	3	6000	45981	44223	191	-1	0.19	0.19	0	
24/02/2012 16:23:29	TASTEGGIO	0	4	6000	45981	44228	275	-12	0.13	0.13	0	
24/02/2012 16:23:40	TASTEGGIO	0	4	6000	45981	126844	275	-12	0.05	0.17	24500	
24/02/2012 16:24:04	TASTEGGIO	1	0	6000	45981	102401	88	-1	0.14	0.14	0	
24/02/2012 16:24:14	TASTEGGIO	1	0	6000	45981	126837	88	-1	0.06	0.16	24500	
24/02/2012 16:24:38	TASTEGGIO	1	0	6000	45981	102393	86	0	0.14	0.14	0	
24/02/2012 16:24:48	TASTEGGIO	1	0	6000	45981	126834	86	0	0.05	0.15	24500	
24/02/2012 16:25:45	ALARM 17	proc 12 prog 10 step 47	LavoroTerminato
24/02/2012 16:35:47	TASTEGGIO	1	0	6000	45980	126971	86	0	0.06	0.20	82800	
24/02/2012 16:36:10	TASTEGGIO	1	0	6000	45980	44253	93	-2	0.19	0.19	0	
24/02/2012 16:36:28	TASTEGGIO	0	1	6000	45980	44243	111	1	0.19	0.19	0	
24/02/2012 16:36:47	TASTEGGIO	0	2	6000	45980	44243	149	1	0.19	0.19	0	
24/02/2012 16:37:07	TASTEGGIO	0	3	6000	45980	44246	206	-4	0.15	0.15	0	
24/02/2012 16:37:28	TASTEGGIO	0	4	6000	45980	44244	229	-10	0.08	0.08	0	
24/02/2012 16:37:40	TASTEGGIO	0	4	6000	45980	126852	229	-10	0.08	0.13	-82000	
24/02/2012 16:38:38	ALARM 17	proc 12 prog 10 step 47	LavoroTerminato
27/02/2012 07:27:39	ALARM 401		
27/02/2012 07:27:41	INIT OK
27/02/2012 07:31:23	ALARM 401		
27/02/2012 07:39:29	ALARM 204		err.0
27/02/2012 07:40:44	ALARM 204		err.41070
27/02/2012 07:54:04	TASTEGGIO	0	0	10500	63620	145441	0	0	1.50	1.50	0	
27/02/2012 07:54:32	TASTEGGIO	1	0	10500	63620	145456	352	-54	1.01	1.01	0	
27/02/2012 07:55:00	TASTEGGIO	0	1	10500	63620	145456	400	-114	0.20	0.20	0	
27/02/2012 07:55:29	TASTEGGIO	0	1	10500	63620	145456	396	-206	2.28	2.28	0	
27/02/2012 07:55:45	TASTEGGIO	0	1	10500	63620	145468	0	-14	2.00	2.00	0	
27/02/2012 07:56:10	TASTEGGIO	0	2	10500	63620	145470	350	-200	0.10	0.10	0	
27/02/2012 07:56:20	TASTEGGIO	0	2	10500	63620	145479	350	-200	0.12	0.12	0	
27/02/2012 07:56:48	TASTEGGIO	1	0	10500	63620	145492	120	-18	0.01	0.01	0	
27/02/2012 07:56:57	TASTEGGIO	1	0	10500	63620	145494	120	-18	0.01	0.01	0	
27/02/2012 07:58:51	TASTEGGIO	1	0	10500	63620	145536	120	-18	0.07	0.07	0	
27/02/2012 07:59:47	ALARM 318	proc 2 prog 51 step 54	go_abs inv_ax 9
27/02/2012 10:52:32	ALARM 9	proc 12 prog 31 step 31	Braccetti scarico non in fuori ingombro
27/02/2012 10:54:01	TASTEGGIO	1	0	10500	63624	145548	120	-18	0.16	0.24	-44500	
27/02/2012 10:54:29	TASTEGGIO	1	0	10500	63624	190013	140	-3	0.21	0.21	0	
27/02/2012 10:54:54	TASTEGGIO	0	1	10500	63624	190013	158	-3	0.18	0.18	0	
27/02/2012 10:55:19	TASTEGGIO	0	2	10500	63624	190013	188	-11	0.08	0.08	0	
27/02/2012 10:55:30	TASTEGGIO	0	2	10500	63624	145543	188	-11	0.03	0.19	82800	
27/02/2012 10:55:58	TASTEGGIO	1	0	10500	63624	62780	131	1	0.18	0.18	0	
27/02/2012 10:56:21	TASTEGGIO	0	1	10500	63624	62780	148	0	0.18	0.18	0	
27/02/2012 10:56:44	TASTEGGIO	0	2	10500	63624	62781	184	-1	0.16	0.16	0	
27/02/2012 10:57:08	TASTEGGIO	0	3	10500	63624	62781	226	-8	0.09	0.09	0	
27/02/2012 10:57:21	TASTEGGIO	0	3	10500	63624	145437	226	-8	0.09	0.11	-44500	
27/02/2012 10:57:51	TASTEGGIO	1	0	10500	63624	189902	118	-1	0.10	0.10	0	
27/02/2012 10:58:15	TASTEGGIO	0	1	10500	63624	189903	127	0	0.10	0.10	0	
27/02/2012 10:58:39	TASTEGGIO	0	2	10500	63624	189909	147	-1	0.09	0.09	0	
27/02/2012 10:58:50	TASTEGGIO	0	2	10500	63624	145551	147	-1	0.07	0.10	-82000	
27/02/2012 10:59:20	TASTEGGIO	1	0	10500	63624	227509	116	2	0.10	0.10	0	
27/02/2012 10:59:32	TASTEGGIO	1	0	10500	63624	145548	116	2	0.07	0.11	82800	
27/02/2012 11:00:00	TASTEGGIO	1	0	10500	63624	62794	118	1	0.10	0.10	0	
27/02/2012 11:00:12	TASTEGGIO	1	0	10500	63624	145447	118	1	0.07	0.10	-82000	
27/02/2012 11:01:02	ALARM 13	proc 2 prog 51 step 45	Tondo non in posizione di scarico
27/02/2012 11:02:06	ALARM 401		
27/02/2012 11:02:55	ALARM 401		
27/02/2012 11:04:21	TASTEGGIO	1	0	10500	63620	145569	118	1	0.67	0.68	24500	
27/02/2012 11:04:50	TASTEGGIO	1	0	10500	63620	121115	214	-3	0.61	0.61	0	
27/02/2012 11:05:15	TASTEGGIO	0	1	10500	63620	121116	268	-15	0.44	0.44	0	
27/02/2012 11:05:43	TASTEGGIO	0	2	10500	63620	121116	312	-43	0.09	0.09	0	
27/02/2012 11:05:54	TASTEGGIO	0	2	10500	63620	145458	312	-43	0.17	0.23	-44500	
27/02/2012 11:06:23	TASTEGGIO	1	0	10500	63620	189905	138	-2	0.19	0.19	0	
27/02/2012 11:06:47	TASTEGGIO	0	1	10500	63620	189905	153	-2	0.18	0.18	0	
27/02/2012 11:07:14	TASTEGGIO	0	2	10500	63620	189905	187	-10	0.09	0.09	0	
27/02/2012 11:07:25	TASTEGGIO	0	2	10500	63620	145545	187	-10	0.07	0.09	-44500	
27/02/2012 11:08:25	ALARM 17	proc 12 prog 10 step 47	LavoroTerminato
27/02/2012 11:10:14	ALARM 19	proc 12 prog 36 step 77	Tondo Non Presente Su Carrello 2
27/02/2012 11:10:26	ALARM 201		err.6058
27/02/2012 11:10:26	ALARM 19	proc 1 prog 2 step 10	Tondo Non Presente Su Carrello 2
27/02/2012 11:13:34	TASTEGGIO	0	2	11000	65584	150320	187	-10	0.17	0.18	-24500	
27/02/2012 11:14:05	TASTEGGIO	1	0	11000	65584	174769	234	-40	0.18	0.18	0	
27/02/2012 11:14:31	TASTEGGIO	0	1	11000	65584	174771	216	-33	0.13	0.13	0	
27/02/2012 11:14:42	TASTEGGIO	0	1	11000	65584	150279	216	-33	0.12	0.14	-24500	
27/02/2012 11:15:13	TASTEGGIO	1	0	11000	65584	174743	229	-35	0.22	0.22	0	
27/02/2012 11:15:39	TASTEGGIO	0	1	11000	65584	174745	194	-17	0.05	0.05	0	
27/02/2012 11:15:50	TASTEGGIO	0	1	11000	65584	150268	194	-17	0.04	0.05	-82000	
27/02/2012 11:17:46	TASTEGGIO	0	1	11000	65579	150328	194	-17	0.05	0.07	44500	
27/02/2012 11:19:41	TASTEGGIO	0	1	11000	65579	150335	194	-17	0.07	0.12	82800	
27/02/2012 11:20:12	TASTEGGIO	1	0	11000	65579	67574	227	-6	0.07	0.07	0	
27/02/2012 11:20:24	TASTEGGIO	1	0	11000	65579	150150	227	-6	0.03	0.09	44500	
27/02/2012 11:22:19	TASTEGGIO	1	0	11000	65579	150333	227	-6	0.20	0.21	-44500	
27/02/2012 11:22:50	TASTEGGIO	1	0	11000	65579	194785	238	-32	0.12	0.12	0	
27/02/2012 11:23:01	TASTEGGIO	1	0	11000	65579	150273	238	-32	0.09	0.13	-24500	
27/02/2012 11:23:32	TASTEGGIO	1	0	11000	65579	174739	228	-38	0.24	0.24	0	
27/02/2012 11:23:58	TASTEGGIO	0	1	11000	65579	174748	183	-18	0.07	0.07	0	
27/02/2012 11:24:09	TASTEGGIO	0	1	11000	65579	150268	183	-18	0.10	0.10	0	
27/02/2012 11:24:38	TASTEGGIO	1	0	11000	65579	150281	224	-32	0.21	0.21	0	
27/02/2012 11:25:03	TASTEGGIO	0	1	11000	65579	150281	179	-13	0.08	0.08	0	
27/02/2012 11:25:12	TASTEGGIO	0	1	11000	65579	150263	179	-13	0.08	0.09	-24500	
27/02/2012 11:27:07	TASTEGGIO	0	1	11000	65579	150328	179	-13	0.24	0.29	-24500	
27/02/2012 11:27:38	TASTEGGIO	1	0	11000	65579	174778	249	-41	0.16	0.16	0	
27/02/2012 11:28:05	TASTEGGIO	0	1	11000	65579	174780	240	-46	0.27	0.27	0	
27/02/2012 11:28:31	TASTEGGIO	0	1	11000	65579	174780	194	-17	0.14	0.14	0	
27/02/2012 11:28:42	TASTEGGIO	0	1	11000	65579	150273	194	-17	0.13	0.16	-82000	
27/02/2012 11:29:13	TASTEGGIO	1	0	11000	65579	232224	232	-18	0.05	0.05	0	
27/02/2012 11:29:26	TASTEGGIO	1	0	11000	65579	150285	232	-18	0.05	0.08	-24500	
27/02/2012 11:31:21	TASTEGGIO	1	0	11000	65579	150425	232	-18	0.22	0.26	44500	
27/02/2012 11:31:51	TASTEGGIO	1	0	11000	65579	105968	245	-20	0.11	0.11	0	
27/02/2012 11:32:03	TASTEGGIO	1	0	11000	65579	150262	245	-20	0.10	0.14	82800	
27/02/2012 11:32:34	TASTEGGIO	1	0	11000	65579	67508	229	-6	0.09	0.09	0	
27/02/2012 11:32:46	TASTEGGIO	1	0	11000	65579	150255	229	-6	0.07	0.10	82800	
27/02/2012 11:33:16	TASTEGGIO	1	0	11000	65579	67497	224	-2	0.07	0.07	0	
27/02/2012 11:33:28	TASTEGGIO	1	0	11000	65579	150253	224	-2	0.05	0.07	-24500	
27/02/2012 11:34:19	ALARM 318	proc 3 prog 26 step 37	go_abs inv_ax 3
27/02/2012 11:40:20	ALARM 318	proc 6 prog 26 step 37	go_abs inv_ax 3
27/02/2012 11:40:48	ALARM 318	proc 6 prog 26 step 37	go_abs inv_ax 3
27/02/2012 11:41:06	ALARM 318	proc 6 prog 26 step 31	go_abs inv_ax 3
27/02/2012 11:43:33	ALARM 318	proc 12 prog 125 step 10	go_abs inv_ax 3
27/02/2012 11:43:57	ALARM 318	proc 12 prog 124 step 10	go_abs inv_ax 3
27/02/2012 11:44:21	ALARM 318	proc 12 prog 125 step 10	go_abs inv_ax 3
27/02/2012 11:44:38	ALARM 318	proc 12 prog 124 step 10	go_abs inv_ax 3
27/02/2012 11:45:11	ALARM 318	proc 12 prog 125 step 10	go_abs inv_ax 3
27/02/2012 11:45:20	ALARM 318	proc 12 prog 125 step 10	go_abs inv_ax 3
27/02/2012 11:45:30	ALARM 318	proc 12 prog 125 step 10	go_abs inv_ax 3
27/02/2012 11:51:07	ALARM 318	proc 12 prog 124 step 6	go_abs inv_ax 3
27/02/2012 12:30:27	ALARM 401		
27/02/2012 12:30:29	INIT OK
27/02/2012 12:32:00	ALARM 401		
27/02/2012 12:32:09	ALARM 202		err.6059
27/02/2012 12:41:39	ALARM 318	proc 6 prog 26 step 37	go_abs inv_ax 3
27/02/2012 12:42:05	ALARM 318	proc 6 prog 26 step 37	go_abs inv_ax 3
27/02/2012 12:47:04	ALARM 318	proc 6 prog 26 step 37	go_abs inv_ax 3
27/02/2012 12:51:29	ALARM 318	proc 6 prog 26 step 37	go_abs inv_ax 3
27/02/2012 12:57:10	ALARM 406		
27/02/2012 13:06:17	ALARM 401		
27/02/2012 13:06:19	INIT OK
27/02/2012 13:07:21	ALARM 401		
27/02/2012 13:07:22	ALARM 401		
27/02/2012 13:07:22	ALARM 401		
27/02/2012 13:07:24	ALARM 401		
27/02/2012 13:07:24	ALARM 401		
27/02/2012 13:07:25	ALARM 401		
27/02/2012 13:11:11	TASTEGGIO	0	0	11000	65579	150419	0	0	0.07	0.07	0	
27/02/2012 13:11:29	ALARM 10	proc 12 prog 37 step 30	Tondo non presente su rulliera
27/02/2012 13:12:20	TASTEGGIO	0	0	11000	65579	150419	0	0	0.07	0.07	0	
27/02/2012 13:13:12	ALARM 13	proc 2 prog 51 step 45	Tondo non in posizione di scarico
27/02/2012 13:16:01	TASTEGGIO	0	0	11000	65579	150418	0	0	0.20	0.26	44500	
27/02/2012 13:16:31	TASTEGGIO	1	0	11000	65579	105988	245	-21	0.12	0.12	0	
27/02/2012 13:16:43	TASTEGGIO	1	0	11000	65579	150261	245	-21	0.11	0.14	-44500	
27/02/2012 13:17:14	TASTEGGIO	1	0	11000	65579	194722	229	-33	0.16	0.16	0	
27/02/2012 13:17:40	TASTEGGIO	0	1	11000	65579	194725	210	-25	0.09	0.09	0	
27/02/2012 13:17:51	TASTEGGIO	0	1	11000	65579	150369	210	-25	0.10	0.12	82800	
27/02/2012 13:18:23	TASTEGGIO	1	0	11000	65579	67606	227	-5	0.07	0.07	0	
27/02/2012 13:18:35	TASTEGGIO	1	0	11000	65579	150239	227	-5	0.07	0.07	0	
27/02/2012 13:20:31	TASTEGGIO	1	0	11000	65579	150430	227	-5	0.52	0.54	24500	
27/02/2012 13:21:02	TASTEGGIO	1	0	11000	65579	125971	281	-29	0.29	0.29	0	
27/02/2012 13:21:27	TASTEGGIO	0	1	11000	65579	125970	296	-22	0.06	0.06	0	
27/02/2012 13:21:37	TASTEGGIO	0	1	11000	65579	150259	296	-22	0.14	0.21	-82000	
27/02/2012 13:22:09	TASTEGGIO	1	0	11000	65579	232212	238	-16	0.09	0.09	0	
27/02/2012 13:22:21	TASTEGGIO	1	0	11000	65579	150363	238	-16	0.08	0.13	82800	
27/02/2012 13:22:51	TASTEGGIO	1	0	11000	65579	67600	228	-5	0.08	0.08	0	
27/02/2012 13:23:03	TASTEGGIO	1	0	11000	65579	150245	228	-5	0.06	0.11	-82000	
27/02/2012 13:23:36	TASTEGGIO	1	0	11000	65579	232195	225	-9	0.02	0.02	0	
27/02/2012 13:23:48	TASTEGGIO	1	0	11000	65579	150357	225	-9	0.11	0.11	0	
27/02/2012 13:24:16	TASTEGGIO	1	0	11000	65579	150368	225	-26	0.14	0.14	0	
27/02/2012 13:24:42	TASTEGGIO	0	1	11000	65579	150368	207	-22	0.09	0.09	0	
27/02/2012 13:24:51	TASTEGGIO	0	1	11000	65579	150363	207	-22	0.08	0.12	24500	
27/02/2012 13:25:22	TASTEGGIO	1	0	11000	65579	125906	227	-27	0.16	0.16	0	
27/02/2012 13:25:47	TASTEGGIO	0	1	11000	65579	125905	205	-5	0.11	0.11	0	
27/02/2012 13:26:14	TASTEGGIO	0	2	11000	65579	125906	215	-1	0.10	0.10	0	
27/02/2012 13:26:40	TASTEGGIO	0	3	11000	65579	125905	242	-2	0.08	0.08	0	
27/02/2012 13:26:51	TASTEGGIO	0	3	11000	65579	150260	242	-2	0.13	0.13	0	
27/02/2012 13:27:20	TASTEGGIO	1	0	11000	65579	150265	228	-20	0.06	0.06	0	
27/02/2012 13:27:28	TASTEGGIO	1	0	11000	65579	150272	228	-20	0.06	0.09	-82000	
27/02/2012 13:28:24	ALARM 318	proc 2 prog 51 step 54	go_abs inv_ax 9
27/02/2012 13:50:54	TASTEGGIO	1	0	11000	65584	150417	228	-20	0.41	0.60	82800	
27/02/2012 13:51:25	TASTEGGIO	1	0	11000	65584	67666	289	-9	0.54	0.54	0	
27/02/2012 13:51:50	TASTEGGIO	0	1	11000	65584	67666	337	-11	0.43	0.43	0	
27/02/2012 13:52:19	TASTEGGIO	0	2	11000	65584	67663	385	-17	0.26	0.26	0	
27/02/2012 13:52:46	TASTEGGIO	0	3	11000	65584	67660	400	-15	0.11	0.11	0	
27/02/2012 13:52:58	TASTEGGIO	0	3	11000	65584	150262	400	-15	0.07	0.11	82800	
27/02/2012 13:53:29	TASTEGGIO	1	0	11000	65584	67503	225	0	0.12	0.12	0	
27/02/2012 13:53:54	TASTEGGIO	0	1	11000	65584	67501	238	0	0.13	0.13	0	
27/02/2012 13:54:20	TASTEGGIO	0	2	11000	65584	67502	266	0	0.13	0.13	0	
27/02/2012 13:54:46	TASTEGGIO	0	3	11000	65584	67501	305	0	0.13	0.13	0	
27/02/2012 13:55:13	TASTEGGIO	0	4	11000	65584	67583	357	-1	0.13	0.13	0	
27/02/2012 13:55:40	TASTEGGIO	0	5	11000	65584	67583	400	-10	0.05	0.05	0	
27/02/2012 13:55:53	TASTEGGIO	0	5	11000	65584	150261	400	-10	0.07	0.12	-82000	
27/02/2012 13:56:25	TASTEGGIO	1	0	11000	65584	232219	227	-16	0.08	0.08	0	
27/02/2012 13:56:37	TASTEGGIO	1	0	11000	65584	150373	227	-16	0.17	0.19	24500	
27/02/2012 13:57:08	TASTEGGIO	1	0	11000	65584	125916	236	-27	0.13	0.13	0	
27/02/2012 13:57:19	TASTEGGIO	1	0	11000	65584	150238	236	-27	0.15	0.16	44500	
27/02/2012 13:57:50	TASTEGGIO	1	0	11000	65584	105775	232	-14	0.04	0.04	0	
27/02/2012 13:58:01	TASTEGGIO	1	0	11000	65584	150254	232	-14	0.06	0.07	82800	
27/02/2012 13:58:53	ALARM 13	proc 2 prog 51 step 45	Tondo non in posizione di scarico
27/02/2012 14:01:09	TASTEGGIO	1	0	11000	65584	150422	232	-14	0.02	0.09	44500	
27/02/2012 14:02:01	ALARM 13	proc 2 prog 51 step 45	Tondo non in posizione di scarico
27/02/2012 14:02:37	ALARM 318	proc 12 prog 134 step 6	go_abs inv_ax 9
27/02/2012 14:06:25	TASTEGGIO	1	0	11000	65579	150318	232	-14	0.17	0.17	0	
27/02/2012 14:06:54	TASTEGGIO	1	0	11000	65579	150337	233	-29	0.12	0.12	0	
27/02/2012 14:07:02	TASTEGGIO	1	0	11000	65579	150316	233	-29	0.13	0.17	-82000	
27/02/2012 14:07:35	TASTEGGIO	1	0	11000	65579	232258	233	-16	0.07	0.07	0	
27/02/2012 14:07:47	TASTEGGIO	1	0	11000	65579	150284	233	-16	0.11	0.13	-44500	
27/02/2012 14:08:18	TASTEGGIO	1	0	11000	65579	194741	228	-27	0.14	0.14	0	
27/02/2012 14:08:45	TASTEGGIO	0	1	11000	65579	194742	212	-22	0.06	0.06	0	
27/02/2012 14:08:56	TASTEGGIO	0	1	11000	65579	150257	212	-22	0.07	0.10	44500	
27/02/2012 14:09:27	TASTEGGIO	1	0	11000	65579	105797	224	-16	0.07	0.07	0	
27/02/2012 14:09:39	TASTEGGIO	1	0	11000	65579	150131	224	-16	0.06	0.15	82800	
27/02/2012 14:10:10	TASTEGGIO	1	0	11000	65579	67371	231	-4	0.10	0.10	0	
27/02/2012 14:10:23	TASTEGGIO	1	0	11000	65579	150115	231	-4	0.02	0.09	82800	
27/02/2012 14:11:14	ALARM 13	proc 2 prog 51 step 45	Tondo non in posizione di scarico
27/02/2012 14:14:13	ALARM 201		err.6059
27/02/2012 14:14:23	ALARM 318	proc 12 prog 134 step 6	go_abs inv_ax 9
27/02/2012 14:15:35	ALARM 406		
27/02/2012 14:17:09	ALARM 401		
27/02/2012 14:17:10	INIT OK
27/02/2012 14:23:35	TASTEGGIO	0	0	11000	65579	150331	0	0	0.25	0.39	-82000	
27/02/2012 14:24:06	TASTEGGIO	1	0	11000	65579	232291	261	-19	0.23	0.23	0	
27/02/2012 14:24:33	TASTEGGIO	0	1	11000	65579	232292	274	-14	0.09	0.09	0	
27/02/2012 14:24:45	TASTEGGIO	0	1	11000	65579	150287	274	-14	0.20	0.20	0	
27/02/2012 14:25:14	TASTEGGIO	1	0	11000	65579	150304	237	-29	0.10	0.10	0	
27/02/2012 14:25:23	TASTEGGIO	1	0	11000	65579	150287	237	-29	0.10	0.18	-82000	
27/02/2012 14:25:54	TASTEGGIO	1	0	11000	65579	232235	234	-13	0.09	0.09	0	
27/02/2012 14:26:06	TASTEGGIO	1	0	11000	65579	150268	234	-13	0.05	0.09	-82000	
27/02/2012 14:26:58	ALARM 13	proc 2 prog 51 step 45	Tondo non in posizione di scarico
27/02/2012 14:27:28	ALARM 318	proc 12 prog 134 step 6	go_abs inv_ax 9
27/02/2012 14:29:36	ALARM 401		
27/02/2012 14:32:43	TASTEGGIO	1	0	11000	65579	150430	234	-13	0.44	0.48	-24500	
27/02/2012 14:33:14	TASTEGGIO	1	0	11000	65579	174873	273	-31	0.22	0.22	0	
27/02/2012 14:33:40	TASTEGGIO	0	0	11000	65579	174876	240	-9	0.13	0.13	0	
27/02/2012 14:33:51	TASTEGGIO	0	0	11000	65579	150369	240	-9	0.12	0.15	-44500	
27/02/2012 14:34:22	TASTEGGIO	1	0	11000	65579	194846	231	-17	0.03	0.03	0	
27/02/2012 14:34:33	TASTEGGIO	1	0	11000	65579	150374	231	-17	0.09	0.10	82800	
27/02/2012 14:35:04	TASTEGGIO	1	0	11000	65579	67610	224	-3	0.06	0.06	0	
27/02/2012 14:35:17	TASTEGGIO	1	0	11000	65579	150252	224	-3	0.12	0.12	0	
27/02/2012 14:35:46	TASTEGGIO	1	0	11000	65579	150248	227	-23	0.11	0.11	0	
27/02/2012 14:36:12	TASTEGGIO	0	1	11000	65579	150248	216	-18	0.08	0.08	0	
27/02/2012 14:36:21	TASTEGGIO	0	1	11000	65579	150252	216	-18	0.07	0.13	82800	
27/02/2012 14:36:52	TASTEGGIO	1	0	11000	65579	67487	228	0	0.12	0.12	0	
27/02/2012 14:37:17	TASTEGGIO	0	1	11000	65579	67487	239	-1	0.10	0.10	0	
27/02/2012 14:37:42	TASTEGGIO	0	2	11000	65579	67488	255	-2	0.08	0.08	0	
27/02/2012 14:37:55	TASTEGGIO	0	2	11000	65579	150259	255	-2	0.07	0.08	82800	
27/02/2012 14:39:50	TASTEGGIO	0	2	11000	65579	150510	255	-2	1.46	1.46	0	
27/02/2012 14:40:20	TASTEGGIO	1	0	11000	65579	150539	399	-66	0.82	0.82	0	
27/02/2012 14:40:49	TASTEGGIO	0	1	11000	65579	150539	400	-50	0.31	0.31	0	
27/02/2012 14:41:14	TASTEGGIO	0	0	11000	65579	150539	251	-1	0.30	0.30	0	
27/02/2012 14:41:40	TASTEGGIO	0	1	11000	65579	150539	280	-1	0.30	0.30	0	
27/02/2012 14:42:10	TASTEGGIO	0	2	11000	65579	150543	340	-5	0.24	0.24	0	
27/02/2012 14:42:39	TASTEGGIO	0	3	11000	65579	150543	373	-35	0.15	0.15	0	
27/02/2012 14:43:09	TASTEGGIO	0	1	11000	65579	150543	363	-158	1.43	1.43	0	
27/02/2012 14:43:25	TASTEGGIO	0	1	11000	65579	150543	0	-2	1.40	1.40	0	
27/02/2012 14:43:49	TASTEGGIO	0	2	11000	65579	150543	274	-16	1.24	1.24	0	
27/02/2012 14:44:16	TASTEGGIO	0	3	11000	65579	150543	400	-43	0.81	0.81	0	
27/02/2012 14:44:46	TASTEGGIO	0	4	11000	65579	150543	400	-23	0.59	0.59	0	
27/02/2012 14:45:15	TASTEGGIO	0	5	11000	65579	150543	400	-21	0.36	0.36	0	
27/02/2012 14:45:47	TASTEGGIO	0	6	11000	65579	150543	400	-22	0.15	0.15	0	
27/02/2012 14:46:13	TASTEGGIO	0	0	11000	65579	150543	231	0	0.15	0.15	0	
27/02/2012 14:46:38	TASTEGGIO	0	1	11000	65579	150543	246	0	0.15	0.15	0	
27/02/2012 14:47:05	TASTEGGIO	0	2	11000	65579	150543	276	0	0.15	0.15	0	
27/02/2012 14:47:34	TASTEGGIO	0	3	11000	65579	150543	321	-2	0.13	0.13	0	
27/02/2012 14:47:43	TASTEGGIO	0	3	11000	65579	150497	321	-2	0.13	0.32	-44500	
27/02/2012 14:48:14	TASTEGGIO	1	0	11000	65579	194968	252	-38	0.10	0.10	0	
27/02/2012 14:48:25	TASTEGGIO	1	0	11000	65579	150512	252	-38	0.18	0.20	82800	
27/02/2012 14:48:56	TASTEGGIO	1	0	11000	65579	67754	237	-6	0.14	0.14	0	
27/02/2012 14:49:08	TASTEGGIO	1	0	11000	65579	150365	237	-6	0.16	0.16	0	
27/02/2012 14:49:36	TASTEGGIO	1	0	11000	65579	150372	232	-46	0.30	0.30	0	
27/02/2012 14:50:02	TASTEGGIO	0	1	11000	65579	150385	175	-7	0.23	0.23	0	
27/02/2012 14:50:27	TASTEGGIO	0	2	11000	65579	150389	199	-3	0.20	0.20	0	
27/02/2012 14:50:55	TASTEGGIO	0	3	11000	65579	150398	251	-5	0.16	0.16	0	
27/02/2012 14:51:23	TASTEGGIO	0	4	11000	65579	150405	276	-7	0.10	0.10	0	
27/02/2012 14:51:32	TASTEGGIO	0	4	11000	65579	150403	276	-7	0.10	0.20	44500	
27/02/2012 14:52:02	TASTEGGIO	1	0	11000	65579	105950	237	-23	0.09	0.09	0	
27/02/2012 14:52:14	TASTEGGIO	1	0	11000	65579	150369	237	-23	0.23	0.23	-24500	
27/02/2012 14:52:45	TASTEGGIO	1	0	11000	65579	174837	241	-33	0.14	0.14	0	
27/02/2012 14:52:55	TASTEGGIO	1	0	11000	65579	150466	241	-33	0.14	0.14	0	
27/02/2012 14:54:49	TASTEGGIO	1	0	11000	65579	150330	241	-33	0.10	0.10	0	
27/02/2012 14:55:18	TASTEGGIO	1	0	11000	65579	150350	224	-28	0.15	0.15	0	
27/02/2012 14:55:45	TASTEGGIO	0	1	11000	65579	150350	201	-15	0.01	0.01	0	
27/02/2012 14:55:53	TASTEGGIO	0	1	11000	65579	150322	201	-15	0.01	0.09	44500	
27/02/2012 14:57:49	TASTEGGIO	0	1	11000	65579	150424	201	-15	0.50	0.65	44500	
27/02/2012 14:58:19	TASTEGGIO	1	0	11000	65579	105966	295	-35	0.34	0.34	0	
27/02/2012 14:58:46	TASTEGGIO	0	1	11000	65579	105967	312	-29	0.06	0.06	0	
27/02/2012 14:58:57	TASTEGGIO	0	1	11000	65579	150270	312	-29	0.12	0.35	-82000	
27/02/2012 14:59:29	TASTEGGIO	1	0	11000	65579	232221	256	-24	0.21	0.21	0	
27/02/2012 14:59:56	TASTEGGIO	0	1	11000	65579	232224	268	-25	0.06	0.06	0	
27/02/2012 15:00:08	TASTEGGIO	0	1	11000	65579	150360	268	-25	0.19	0.31	82800	
27/02/2012 15:00:40	TASTEGGIO	1	0	11000	65579	67597	251	-9	0.23	0.23	0	
27/02/2012 15:01:05	TASTEGGIO	0	1	11000	65579	67597	268	-10	0.13	0.13	0	
27/02/2012 15:01:18	TASTEGGIO	0	1	11000	65579	150238	268	-10	0.08	0.13	82800	
27/02/2012 15:01:48	TASTEGGIO	1	0	11000	65579	67470	228	0	0.13	0.13	0	
27/02/2012 15:02:13	TASTEGGIO	0	1	11000	65579	67471	241	0	0.13	0.13	0	
27/02/2012 15:02:40	TASTEGGIO	0	2	11000	65579	67473	267	-2	0.10	0.10	0	
27/02/2012 15:03:06	TASTEGGIO	0	3	11000	65579	67473	280	-5	0.05	0.05	0	
27/02/2012 15:03:18	TASTEGGIO	0	3	11000	65579	150259	280	-5	0.06	0.11	24500	
27/02/2012 15:03:48	TASTEGGIO	1	0	11000	65579	125804	225	-38	0.25	0.25	0	
27/02/2012 15:04:13	TASTEGGIO	0	1	11000	65579	125803	168	-5	0.18	0.18	0	
27/02/2012 15:04:38	TASTEGGIO	0	2	11000	65579	125802	186	-5	0.12	0.12	0	
27/02/2012 15:05:04	TASTEGGIO	0	3	11000	65579	125800	199	-6	0.08	0.08	0	
27/02/2012 15:05:15	TASTEGGIO	0	3	11000	65579	150270	199	-6	0.11	0.13	-44500	
27/02/2012 15:05:45	TASTEGGIO	1	0	11000	65579	194728	228	-41	0.28	0.28	0	
27/02/2012 15:06:11	TASTEGGIO	0	1	11000	65579	194739	167	-14	0.15	0.15	0	
27/02/2012 15:06:36	TASTEGGIO	0	2	11000	65579	194762	178	-8	0.07	0.07	0	
27/02/2012 15:06:47	TASTEGGIO	0	2	11000	65579	150421	178	-8	0.04	0.08	82800	
27/02/2012 15:07:47	ALARM 17	proc 12 prog 10 step 47	LavoroTerminato
27/02/2012 15:12:45	ALARM 401		
27/02/2012 15:13:26	ALARM 401		
27/02/2012 15:13:55	ALARM 3	proc 12 prog 32 step 39	Tondo non presente su rulliera
27/02/2012 15:14:42	ALARM 401		
27/02/2012 15:14:45	ALARM 401		
27/02/2012 15:14:47	ALARM 401		
27/02/2012 15:14:47	ALARM 401		
27/02/2012 15:14:48	ALARM 401		
27/02/2012 15:14:49	ALARM 401		
27/02/2012 15:14:51	ALARM 401		
27/02/2012 15:14:51	ALARM 401		
27/02/2012 15:14:53	ALARM 401		
27/02/2012 15:14:56	ALARM 401		
27/02/2012 15:14:57	ALARM 401		
27/02/2012 15:14:57	ALARM 401		
27/02/2012 15:15:00	ALARM 401		
27/02/2012 15:15:00	ALARM 401		
27/02/2012 15:15:01	ALARM 401		
27/02/2012 15:15:04	ALARM 401		
27/02/2012 15:15:04	ALARM 401		
27/02/2012 15:15:05	ALARM 401		
27/02/2012 15:15:05	ALARM 401		
27/02/2012 15:15:06	ALARM 401		
27/02/2012 15:21:56	ALARM 401		
27/02/2012 15:47:11	ALARM 318	proc 12 prog 51 step 54	go_abs inv_ax 9
27/02/2012 15:50:59	ALARM 401		
27/02/2012 15:57:10	ALARM 4	proc 12 prog 64 step 12	Tondo presente su carrello 1
27/02/2012 16:13:34	ALARM 401		
28/02/2012 09:34:19	ALARM 401		
28/02/2012 09:34:20	INIT OK
28/02/2012 09:34:23	ALARM 401		
28/02/2012 09:34:24	ALARM 401		
28/02/2012 09:34:24	ALARM 401		
28/02/2012 09:34:37	ALARM 401		
28/02/2012 09:34:42	ALARM 201		err.6058
28/02/2012 09:34:50	ALARM 401		
28/02/2012 09:41:30	TASTEGGIO	0	0	6000	45981	126860	0	0	0.04	0.04	-24500	
28/02/2012 09:43:21	TASTEGGIO	0	0	6000	45981	127092	0	0	0.06	0.06	0	
28/02/2012 09:43:42	TASTEGGIO	1	0	6000	45981	127098	70	0	0.04	0.04	0	
28/02/2012 09:43:50	TASTEGGIO	1	0	6000	45981	127081	70	0	0.05	0.05	24500	
28/02/2012 09:45:40	TASTEGGIO	1	0	6000	45981	126983	70	0	0.00	0.02	-82000	
28/02/2012 09:47:30	TASTEGGIO	1	0	6000	45981	126984	70	0	0.06	0.07	-24500	
28/02/2012 09:47:53	TASTEGGIO	1	0	6000	45981	151424	71	-2	0.02	0.02	0	
28/02/2012 09:48:03	TASTEGGIO	1	0	6000	45981	126991	71	-2	0.02	0.04	-82000	
28/02/2012 09:49:52	TASTEGGIO	1	0	6000	45981	126986	71	-2	0.03	0.03	-44500	
28/02/2012 09:51:42	TASTEGGIO	1	0	6000	45981	126986	71	-2	0.08	0.08	0	
28/02/2012 09:52:04	TASTEGGIO	1	0	6000	45981	126991	73	1	0.07	0.07	0	
28/02/2012 09:52:24	TASTEGGIO	0	1	6000	45981	126991	79	2	0.07	0.07	0	
28/02/2012 09:52:44	TASTEGGIO	0	2	6000	45981	126991	93	3	0.06	0.06	0	
28/02/2012 09:53:04	TASTEGGIO	0	3	6000	45981	126991	108	0	0.04	0.04	0	
28/02/2012 09:53:12	TASTEGGIO	0	3	6000	45981	126974	108	0	0.05	0.05	0	
28/02/2012 09:53:34	TASTEGGIO	1	0	6000	45981	126978	68	1	0.04	0.04	0	
28/02/2012 09:53:42	TASTEGGIO	1	0	6000	45981	126964	68	1	0.04	0.04	0	
28/02/2012 09:55:32	TASTEGGIO	1	0	6000	45981	126987	68	1	0.03	0.03	-24500	
28/02/2012 09:57:23	TASTEGGIO	1	0	6000	45981	126989	68	1	0.13	0.17	-44500	
28/02/2012 09:57:47	TASTEGGIO	1	0	6000	45981	171395	88	-21	0.11	0.11	0	
28/02/2012 09:57:57	TASTEGGIO	1	0	6000	45981	127013	88	-21	0.07	0.11	-44500	
28/02/2012 09:58:21	TASTEGGIO	1	0	6000	45981	171417	78	-1	0.07	0.07	0	
28/02/2012 09:58:42	TASTEGGIO	0	1	6000	45981	171430	82	3	0.05	0.05	0	
28/02/2012 09:59:02	TASTEGGIO	0	2	6000	45981	171431	87	2	0.03	0.03	0	
28/02/2012 09:59:12	TASTEGGIO	0	2	6000	45981	126999	87	2	0.03	0.04	-82000	
28/02/2012 10:01:01	TASTEGGIO	0	2	6000	45981	126882	87	2	0.04	0.05	-44500	
28/02/2012 10:01:25	TASTEGGIO	1	0	6000	45981	171292	68	0	0.01	0.01	0	
28/02/2012 10:01:35	TASTEGGIO	1	0	6000	45981	126894	68	0	0.01	0.01	-82000	
28/02/2012 10:03:26	TASTEGGIO	1	0	6000	45981	126987	68	0	0.03	0.04	24500	
28/02/2012 10:05:16	TASTEGGIO	1	0	6000	45981	126989	68	0	0.06	0.07	-44500	
28/02/2012 10:05:40	TASTEGGIO	1	0	6000	45981	171406	71	3	0.05	0.05	0	
28/02/2012 10:06:00	TASTEGGIO	0	1	6000	45981	171416	74	2	0.04	0.04	0	
28/02/2012 10:06:11	TASTEGGIO	0	1	6000	45981	127008	74	2	0.04	0.05	-82000	
28/02/2012 10:06:34	TASTEGGIO	1	0	6000	45981	208942	68	-1	0.03	0.03	0	
28/02/2012 10:06:46	TASTEGGIO	1	0	6000	45981	126998	68	-1	0.03	0.04	-44500	
28/02/2012 10:08:36	TASTEGGIO	1	0	6000	45981	126985	68	-1	0.08	0.11	24500	
28/02/2012 10:08:59	TASTEGGIO	1	0	6000	45981	102551	78	2	0.07	0.07	0	
28/02/2012 10:09:19	TASTEGGIO	0	1	6000	45981	102545	82	1	0.06	0.06	0	
28/02/2012 10:09:39	TASTEGGIO	0	2	6000	45981	102538	92	2	0.03	0.03	0	
28/02/2012 10:09:49	TASTEGGIO	0	2	6000	45981	126842	92	2	0.02	0.06	82800	
28/02/2012 10:10:11	TASTEGGIO	1	0	6000	45981	44085	70	0	0.04	0.04	0	
28/02/2012 10:10:22	TASTEGGIO	1	0	6000	45981	126828	70	0	0.01	0.05	82800	
28/02/2012 10:10:44	TASTEGGIO	1	0	6000	45981	44076	68	4	0.04	0.04	0	
28/02/2012 10:10:56	TASTEGGIO	1	0	6000	45981	126829	68	4	0.01	0.04	82800	
28/02/2012 10:12:44	TASTEGGIO	1	0	6000	45981	126984	68	4	0.03	0.05	-82000	
28/02/2012 10:13:08	TASTEGGIO	1	0	6000	45981	208918	68	-6	0.02	0.02	0	
28/02/2012 10:13:19	TASTEGGIO	1	0	6000	45981	126993	68	-6	0.00	0.02	-82000	
28/02/2012 10:15:10	TASTEGGIO	1	0	6000	45981	126884	68	-6	0.04	0.04	24500	
28/02/2012 10:16:59	TASTEGGIO	1	0	6000	45981	126882	68	-6	0.04	0.04	-24500	
28/02/2012 10:18:50	TASTEGGIO	1	0	6000	45981	126986	68	-6	0.09	0.09	0	
28/02/2012 10:19:11	TASTEGGIO	1	0	6000	45981	126991	75	-8	0.04	0.04	0	
28/02/2012 10:19:19	TASTEGGIO	1	0	6000	45981	126976	75	-8	0.05	0.05	44500	
28/02/2012 10:19:41	TASTEGGIO	1	0	6000	45981	82540	68	3	0.04	0.04	0	
28/02/2012 10:19:52	TASTEGGIO	1	0	6000	45981	126844	68	3	0.04	0.04	24500	
28/02/2012 10:20:49	ALARM 17	proc 12 prog 10 step 47	LavoroTerminato
28/02/2012 12:19:59	TASTEGGIO	1	0	6000	45981	126978	68	3	0.21	0.21	-24500	
28/02/2012 12:20:23	TASTEGGIO	1	0	6000	45981	151449	95	-7	0.13	0.13	0	
28/02/2012 12:20:33	TASTEGGIO	1	0	6000	45981	126983	95	-7	0.14	0.15	24500	
28/02/2012 12:20:56	TASTEGGIO	1	0	6000	45981	102551	85	0	0.11	0.11	0	
28/02/2012 12:21:06	TASTEGGIO	1	0	6000	45981	126843	85	0	0.12	0.12	24500	
28/02/2012 12:21:28	TASTEGGIO	1	0	6000	45981	102404	80	1	0.11	0.11	0	
28/02/2012 12:21:48	TASTEGGIO	0	1	6000	45981	102395	90	0	0.10	0.10	0	
28/02/2012 12:22:09	TASTEGGIO	0	2	6000	45981	102385	108	-3	0.06	0.06	0	
28/02/2012 12:22:29	TASTEGGIO	0	3	6000	45981	102384	114	-5	0.01	0.01	0	
28/02/2012 12:22:39	TASTEGGIO	0	3	6000	45981	126828	114	-5	0.03	0.07	-44500	
28/02/2012 12:23:02	TASTEGGIO	1	0	6000	45981	171244	71	-2	0.04	0.04	0	
28/02/2012 12:23:13	TASTEGGIO	1	0	6000	45981	126981	71	-2	0.01	0.04	-82000	
28/02/2012 12:25:02	TASTEGGIO	1	0	6000	45981	126880	71	-2	0.11	0.14	24500	
28/02/2012 12:25:25	TASTEGGIO	1	0	6000	45981	102442	83	2	0.12	0.12	0	
28/02/2012 12:25:44	TASTEGGIO	0	1	6000	45981	102434	93	0	0.12	0.12	0	
28/02/2012 12:26:04	TASTEGGIO	0	2	6000	45981	102423	117	-1	0.09	0.09	0	
28/02/2012 12:26:24	TASTEGGIO	0	3	6000	45981	102424	128	-1	0.05	0.05	0	
28/02/2012 12:26:46	TASTEGGIO	0	4	6000	45981	102423	133	-3	0.02	0.02	0	
28/02/2012 12:26:56	TASTEGGIO	0	4	6000	45981	126742	133	-3	0.05	0.08	-44500	
28/02/2012 12:27:20	TASTEGGIO	1	0	6000	45981	171143	73	-5	0.02	0.02	0	
28/02/2012 12:27:31	TASTEGGIO	1	0	6000	45981	126887	73	-5	0.01	0.04	44500	
28/02/2012 12:29:21	TASTEGGIO	1	0	6000	45981	126979	73	-5	0.12	0.14	-24500	
28/02/2012 12:29:45	TASTEGGIO	1	0	6000	45981	151418	83	-4	0.08	0.08	0	
28/02/2012 12:30:06	TASTEGGIO	0	1	6000	45981	151421	87	-1	0.04	0.04	0	
28/02/2012 12:30:16	TASTEGGIO	0	1	6000	45981	126985	87	-1	0.04	0.07	-82000	
28/02/2012 12:30:40	TASTEGGIO	1	0	6000	45981	208917	71	-6	0.01	0.01	0	
28/02/2012 12:30:51	TASTEGGIO	1	0	6000	45981	126981	71	-6	0.03	0.04	24500	
28/02/2012 12:32:41	TASTEGGIO	1	0	6000	45981	126981	71	-6	0.14	0.14	-24500	
28/02/2012 12:33:06	TASTEGGIO	1	0	6000	45981	151426	83	-4	0.08	0.08	0	
28/02/2012 12:33:25	TASTEGGIO	0	1	6000	45981	151426	87	0	0.06	0.06	0	
28/02/2012 12:33:45	TASTEGGIO	0	2	6000	45981	151427	93	0	0.04	0.04	0	
28/02/2012 12:33:55	TASTEGGIO	0	2	6000	45981	126986	93	0	0.05	0.08	44500	
28/02/2012 12:34:16	TASTEGGIO	1	0	6000	45981	82552	73	3	0.06	0.06	0	
28/02/2012 12:34:33	TASTEGGIO	0	1	6000	45981	82547	77	2	0.06	0.06	0	
28/02/2012 12:34:51	TASTEGGIO	0	2	6000	45981	82542	89	3	0.06	0.06	0	
28/02/2012 12:35:11	TASTEGGIO	0	3	6000	45981	82537	107	4	0.05	0.05	0	
28/02/2012 12:35:30	TASTEGGIO	0	4	6000	45981	82534	123	2	0.04	0.04	0	
28/02/2012 12:35:41	TASTEGGIO	0	4	6000	45981	126844	123	2	0.04	0.06	-82000	
28/02/2012 12:36:05	TASTEGGIO	1	0	6000	45981	208780	70	-6	0.00	0.00	0	
28/02/2012 12:36:17	TASTEGGIO	1	0	6000	45981	126976	70	-6	0.04	0.06	44500	
28/02/2012 12:36:39	TASTEGGIO	1	0	6000	45981	82536	70	4	0.05	0.05	0	
28/02/2012 12:36:56	TASTEGGIO	0	1	6000	45981	82530	74	2	0.05	0.05	0	
28/02/2012 12:37:14	TASTEGGIO	0	2	6000	45981	82525	84	2	0.06	0.06	0	
28/02/2012 12:37:34	TASTEGGIO	0	3	6000	45981	82524	105	2	0.05	0.05	0	
28/02/2012 12:37:53	TASTEGGIO	0	4	6000	45981	82524	121	3	0.05	0.05	0	
28/02/2012 12:38:13	TASTEGGIO	0	5	6000	45981	82523	146	1	0.04	0.04	0	
28/02/2012 12:38:24	TASTEGGIO	0	5	6000	45981	126836	146	1	0.02	0.04	24500	
28/02/2012 12:40:14	TASTEGGIO	0	5	6000	45981	126979	146	1	0.03	0.05	-44500	
28/02/2012 12:40:38	TASTEGGIO	1	0	6000	45981	171395	68	2	0.01	0.01	0	
28/02/2012 12:40:49	TASTEGGIO	1	0	6000	45981	126994	68	2	0.03	0.05	44500	
28/02/2012 12:41:12	TASTEGGIO	1	0	6000	45981	82556	68	4	0.05	0.05	0	
28/02/2012 12:41:29	TASTEGGIO	0	1	6000	45981	82549	73	6	0.04	0.04	0	
28/02/2012 12:41:39	TASTEGGIO	0	1	6000	45981	126845	73	6	0.01	0.03	-82000	
28/02/2012 12:43:30	TASTEGGIO	0	1	6000	45981	126884	73	6	0.07	0.07	-24500	
28/02/2012 12:43:54	TASTEGGIO	1	0	6000	45981	151322	71	3	0.03	0.03	0	
28/02/2012 12:44:04	TASTEGGIO	1	0	6000	45981	126885	71	3	0.04	0.04	-44500	
28/02/2012 12:45:52	TASTEGGIO	1	0	6000	45981	126979	71	3	0.01	0.06	-82000	
28/02/2012 12:46:16	TASTEGGIO	1	0	6000	45981	208920	70	4	0.04	0.04	0	
28/02/2012 12:46:28	TASTEGGIO	1	0	6000	45981	126978	70	4	0.01	0.05	-82000	
28/02/2012 12:46:52	TASTEGGIO	1	0	6000	45981	208917	68	3	0.04	0.04	0	
28/02/2012 12:47:04	TASTEGGIO	1	0	6000	45981	126982	68	3	0.02	0.04	-82000	
28/02/2012 12:48:01	ALARM 17	proc 12 prog 10 step 47	LavoroTerminato
29/02/2012 07:33:49	ALARM 401		
29/02/2012 07:33:51	INIT OK
29/02/2012 07:46:46	TASTEGGIO	0	0	9000	57740	120590	0	0	0.15	0.18	-44500	
29/02/2012 07:47:12	TASTEGGIO	1	0	9000	57740	165033	234	-3	0.15	0.15	0	
29/02/2012 07:47:34	TASTEGGIO	0	1	9000	57740	165043	246	0	0.15	0.15	0	
29/02/2012 07:47:55	TASTEGGIO	0	2	9000	57740	165051	276	-2	0.12	0.12	0	
29/02/2012 07:48:06	TASTEGGIO	0	2	9000	57740	120593	276	-2	0.11	0.13	-44500	
29/02/2012 07:48:31	TASTEGGIO	1	0	9000	57740	164987	228	0	0.12	0.12	0	
29/02/2012 07:48:51	TASTEGGIO	0	1	9000	57740	165010	239	-1	0.11	0.11	0	
29/02/2012 07:49:13	TASTEGGIO	0	2	9000	57740	165026	259	0	0.11	0.11	0	
29/02/2012 07:49:35	TASTEGGIO	0	3	9000	57740	165040	292	-3	0.09	0.09	0	
29/02/2012 07:49:46	TASTEGGIO	0	3	9000	57740	120591	292	-3	0.09	0.10	44500	
29/02/2012 07:50:10	TASTEGGIO	1	0	9000	57740	76148	224	-1	0.09	0.09	0	
29/02/2012 07:50:21	TASTEGGIO	1	0	9000	57740	120460	224	-1	0.09	0.11	44500	
29/02/2012 07:50:46	TASTEGGIO	1	0	9000	57740	76006	225	0	0.10	0.10	0	
29/02/2012 07:51:06	TASTEGGIO	0	1	9000	57740	76003	234	-1	0.09	0.09	0	
29/02/2012 07:51:17	TASTEGGIO	0	1	9000	57740	120460	234	-1	0.08	0.09	-44500	
29/02/2012 07:53:05	TASTEGGIO	0	1	9000	57740	120708	234	-1	0.11	0.15	24500	
29/02/2012 07:53:29	TASTEGGIO	1	0	9000	57740	96247	231	-1	0.14	0.14	0	
29/02/2012 07:53:39	TASTEGGIO	1	0	9000	57740	120563	231	-1	0.10	0.15	44500	
29/02/2012 07:54:04	TASTEGGIO	1	0	9000	57740	76110	231	-1	0.13	0.13	0	
29/02/2012 07:54:15	TASTEGGIO	1	0	9000	57740	120561	231	-1	0.10	0.14	44500	
29/02/2012 07:54:41	TASTEGGIO	1	0	9000	57740	76103	229	0	0.13	0.13	0	
29/02/2012 07:55:01	TASTEGGIO	0	1	9000	57740	76101	241	0	0.12	0.12	0	
29/02/2012 07:55:23	TASTEGGIO	0	2	9000	57740	76100	263	0	0.12	0.12	0	
29/02/2012 07:55:46	TASTEGGIO	0	3	9000	57740	76099	299	-1	0.10	0.10	0	
29/02/2012 07:56:08	TASTEGGIO	0	4	9000	57740	76098	332	-4	0.06	0.06	0	
29/02/2012 07:56:19	TASTEGGIO	0	4	9000	57740	120558	332	-4	0.05	0.09	44500	
29/02/2012 07:58:06	TASTEGGIO	0	4	9000	57740	120711	332	-4	0.06	0.08	24500	
29/02/2012 07:59:53	TASTEGGIO	0	4	9000	57740	120708	332	-4	0.15	0.21	-24500	
29/02/2012 08:00:18	TASTEGGIO	1	0	9000	57740	145139	238	-3	0.17	0.17	0	
29/02/2012 08:00:39	TASTEGGIO	0	1	9000	57740	145154	251	-2	0.15	0.15	0	
29/02/2012 08:01:00	TASTEGGIO	0	2	9000	57740	145166	277	-4	0.12	0.12	0	
29/02/2012 08:01:11	TASTEGGIO	0	2	9000	57740	120696	277	-4	0.09	0.15	-44500	
29/02/2012 08:01:36	TASTEGGIO	1	0	9000	57740	165073	231	-1	0.13	0.13	0	
29/02/2012 08:01:47	TASTEGGIO	1	0	9000	57740	120704	231	-1	0.08	0.14	-44500	
29/02/2012 08:02:13	TASTEGGIO	1	0	9000	57740	165079	229	-1	0.13	0.13	0	
29/02/2012 08:02:33	TASTEGGIO	0	1	9000	57740	165107	241	-1	0.12	0.12	0	
29/02/2012 08:02:55	TASTEGGIO	0	2	9000	57740	165128	263	-3	0.10	0.10	0	
29/02/2012 08:03:16	TASTEGGIO	0	3	9000	57740	165149	287	-5	0.06	0.06	0	
29/02/2012 08:03:27	TASTEGGIO	0	3	9000	57740	120705	287	-5	0.05	0.11	24500	
29/02/2012 08:03:52	TASTEGGIO	1	0	9000	57740	96244	225	-2	0.07	0.07	0	
29/02/2012 08:04:02	TASTEGGIO	1	0	9000	57740	120561	225	-2	0.07	0.09	24500	
29/02/2012 08:05:49	TASTEGGIO	1	0	9000	57740	120592	225	-2	0.26	0.26	0	
29/02/2012 08:06:13	TASTEGGIO	1	0	9000	57740	120614	245	-3	0.23	0.23	0	
29/02/2012 08:06:34	TASTEGGIO	0	1	9000	57740	120614	265	-3	0.20	0.20	0	
29/02/2012 08:06:56	TASTEGGIO	0	2	9000	57740	120614	299	-7	0.13	0.13	0	
29/02/2012 08:07:05	TASTEGGIO	0	2	9000	57740	120577	299	-7	0.14	0.15	44500	
29/02/2012 08:07:30	TASTEGGIO	1	0	9000	57740	76126	231	-1	0.13	0.13	0	
29/02/2012 08:07:41	TASTEGGIO	1	0	9000	57740	120460	231	-1	0.14	0.14	24500	
29/02/2012 08:08:06	TASTEGGIO	1	0	9000	57740	96011	229	-1	0.12	0.12	0	
29/02/2012 08:08:27	TASTEGGIO	0	1	9000	57740	96005	239	-1	0.11	0.11	0	
29/02/2012 08:08:50	TASTEGGIO	0	2	9000	57740	96003	259	-2	0.10	0.10	0	
29/02/2012 08:09:11	TASTEGGIO	0	3	9000	57740	96000	286	-3	0.07	0.07	0	
29/02/2012 08:09:22	TASTEGGIO	0	3	9000	57740	120460	286	-3	0.09	0.09	44500	
29/02/2012 08:11:08	TASTEGGIO	0	3	9000	57740	120709	286	-3	0.12	0.14	-44500	
29/02/2012 08:11:33	TASTEGGIO	1	0	9000	57740	165087	229	-6	0.07	0.07	0	
29/02/2012 08:11:44	TASTEGGIO	1	0	9000	57740	120708	229	-6	0.07	0.08	44500	
29/02/2012 08:13:31	TASTEGGIO	1	0	9000	57740	120588	229	-6	0.13	0.15	-24500	
29/02/2012 08:13:56	TASTEGGIO	1	0	9000	57740	145010	231	-4	0.12	0.12	0	
29/02/2012 08:14:06	TASTEGGIO	1	0	9000	57740	120588	231	-4	0.12	0.18	-44500	
29/02/2012 08:14:32	TASTEGGIO	1	0	9000	57740	164984	234	-1	0.12	0.12	0	
29/02/2012 08:14:43	TASTEGGIO	1	0	9000	57740	120588	234	-1	0.12	0.13	-44500	
29/02/2012 08:15:08	TASTEGGIO	1	0	9000	57740	164977	228	-1	0.11	0.11	0	
29/02/2012 08:15:30	TASTEGGIO	0	1	9000	57740	165000	237	0	0.11	0.11	0	
29/02/2012 08:15:52	TASTEGGIO	0	2	9000	57740	165022	259	-1	0.09	0.09	0	
29/02/2012 08:16:04	TASTEGGIO	0	2	9000	57740	120585	259	-1	0.10	0.11	-24500	
29/02/2012 08:16:29	TASTEGGIO	1	0	9000	57740	145014	225	-3	0.09	0.09	0	
29/02/2012 08:16:39	TASTEGGIO	1	0	9000	57740	120579	225	-3	0.10	0.11	24500	
29/02/2012 08:17:04	TASTEGGIO	1	0	9000	57740	96119	225	-1	0.08	0.08	0	
29/02/2012 08:17:15	TASTEGGIO	1	0	9000	57740	120450	225	-1	0.09	0.09	-44500	
29/02/2012 08:19:02	TASTEGGIO	1	0	9000	57740	120711	225	-1	0.08	0.11	-24500	
29/02/2012 08:19:27	TASTEGGIO	1	0	9000	57740	145130	225	-6	0.06	0.06	0	
29/02/2012 08:19:37	TASTEGGIO	1	0	9000	57740	120689	225	-6	0.04	0.07	-44500	
29/02/2012 08:21:25	TASTEGGIO	1	0	9000	57740	120707	225	-6	0.03	0.04	-24500	
29/02/2012 08:23:10	TASTEGGIO	1	0	9000	57740	120720	225	-6	0.11	0.13	24500	
29/02/2012 08:23:35	TASTEGGIO	1	0	9000	57740	96260	228	-5	0.08	0.08	0	
29/02/2012 08:23:45	TASTEGGIO	1	0	9000	57740	120562	228	-5	0.09	0.12	24500	
29/02/2012 08:24:10	TASTEGGIO	1	0	9000	57740	96108	227	-3	0.07	0.07	0	
29/02/2012 08:24:20	TASTEGGIO	1	0	9000	57740	120561	227	-3	0.09	0.09	24500	
29/02/2012 08:26:07	TASTEGGIO	1	0	9000	57740	120589	227	-3	0.06	0.08	-24500	
29/02/2012 08:27:55	TASTEGGIO	1	0	9000	57740	120708	227	-3	0.07	0.07	0	
29/02/2012 08:29:42	TASTEGGIO	1	0	9000	57740	120585	227	-3	0.03	0.06	24500	
29/02/2012 08:31:29	TASTEGGIO	1	0	9000	57740	120710	227	-3	0.08	0.10	-24500	
29/02/2012 08:31:54	TASTEGGIO	1	0	9000	57740	145151	224	-8	0.04	0.04	0	
29/02/2012 08:32:04	TASTEGGIO	1	0	9000	57740	120691	224	-8	0.03	0.06	24500	
29/02/2012 08:33:50	TASTEGGIO	1	0	9000	57740	120714	224	-8	0.08	0.10	24500	
29/02/2012 08:34:14	TASTEGGIO	1	0	9000	57740	96260	224	-3	0.06	0.06	0	
29/02/2012 08:34:24	TASTEGGIO	1	0	9000	57740	120564	224	-3	0.07	0.10	24500	
29/02/2012 08:34:50	TASTEGGIO	1	0	9000	57740	96112	224	-1	0.05	0.05	0	
29/02/2012 08:35:00	TASTEGGIO	1	0	9000	57740	120561	224	-1	0.06	0.09	24500	
29/02/2012 08:36:47	TASTEGGIO	1	0	9000	57740	120805	224	-1	0.05	0.06	-44500	
29/02/2012 08:38:34	TASTEGGIO	1	0	9000	57740	120588	224	-1	0.04	0.06	-44500	
29/02/2012 08:39:30	ALARM 17	proc 12 prog 10 step 47	LavoroTerminato
29/02/2012 09:49:58	ALARM 406		
29/02/2012 09:55:59	ALARM 401		
29/02/2012 09:56:01	INIT OK
29/02/2012 10:03:27	TASTEGGIO	0	0	9800	60875	146367	0	0	0.05	0.10	-82000	
29/02/2012 10:04:23	ALARM 17	proc 12 prog 10 step 47	LavoroTerminato
29/02/2012 10:13:07	ALARM 401		
29/02/2012 10:13:09	INIT OK
29/02/2012 10:18:47	TASTEGGIO	0	0	9800	60875	146368	0	0	0.05	0.10	-82000	
29/02/2012 10:19:43	ALARM 17	proc 12 prog 10 step 47	LavoroTerminato
29/02/2012 10:24:38	ALARM 401		
29/02/2012 10:27:29	ALARM 401		
29/02/2012 10:27:30	ALARM 401		
29/02/2012 16:15:28	ALARM 406		
