25/10/2010 15:59:33	TASTEGGIO	0	0	11000	65578	186162	237	-24	0.12	0.19	97500	
25/10/2010 16:00:01	TASTEGGIO	1	0	11000	65578	88798	236	-7	0.13	0.13	0	
25/10/2010 16:00:14	TASTEGGIO	1	0	11000	65578	186161	236	-7	0.12	0.14	97500	
25/10/2010 16:01:07	ALARM 318	proc 2 prog 51 step 52	go_abs inv_ax 9
25/10/2010 16:01:35	ALARM 18	proc 12 prog 106 step 3	Tondo Non Presente Su Carrello 1
25/10/2010 16:02:16	ALARM 401		
25/10/2010 16:02:53	ALARM 10	proc 12 prog 37 step 30	Tondo non presente su rulliera
25/10/2010 16:06:26	TASTEGGIO	1	0	11000	65578	186332	236	-7	0.10	0.26	97500	
25/10/2010 16:06:52	TASTEGGIO	1	0	11000	65578	88993	245	-32	0.12	0.12	0	
25/10/2010 16:07:05	TASTEGGIO	1	0	11000	65578	186161	245	-32	0.18	0.18	44500	
25/10/2010 16:07:32	TASTEGGIO	1	0	11000	65578	141691	234	-71	0.52	0.52	0	
25/10/2010 16:07:50	TASTEGGIO	0	1	11000	65578	141691	83	-9	0.45	0.45	0	
25/10/2010 16:08:11	TASTEGGIO	0	2	11000	65578	141691	160	-19	0.26	0.26	0	
25/10/2010 16:08:30	TASTEGGIO	0	3	11000	65578	141691	186	-19	0.07	0.07	0	
25/10/2010 16:08:41	TASTEGGIO	0	3	11000	65578	186151	186	-19	0.05	0.16	-97500	
25/10/2010 16:09:07	TASTEGGIO	1	0	11000	65578	283616	232	-40	0.26	0.26	0	
25/10/2010 16:09:27	TASTEGGIO	0	1	11000	65578	283616	189	-24	0.04	0.04	0	
25/10/2010 16:09:40	TASTEGGIO	0	1	11000	65578	186284	189	-24	0.09	0.12	24500	
25/10/2010 16:10:05	TASTEGGIO	1	0	11000	65578	161899	227	-81	0.67	0.67	0	
25/10/2010 16:10:21	TASTEGGIO	0	1	11000	65578	161899	0	-3	0.65	0.65	0	
25/10/2010 16:10:40	TASTEGGIO	0	1	11000	65578	161899	189	-32	0.35	0.35	0	
25/10/2010 16:11:00	TASTEGGIO	0	2	11000	65578	161899	215	-28	0.07	0.07	0	
25/10/2010 16:11:11	TASTEGGIO	0	2	11000	65578	186158	215	-28	0.11	0.11	0	
25/10/2010 16:11:35	TASTEGGIO	1	0	11000	65578	186157	225	-85	0.72	0.72	0	
25/10/2010 16:11:50	TASTEGGIO	0	1	11000	65578	186157	0	-2	0.70	0.70	0	
25/10/2010 16:12:11	TASTEGGIO	0	1	11000	65578	186157	204	-40	0.32	0.32	0	
25/10/2010 16:12:33	TASTEGGIO	0	0	11000	65578	186157	252	-65	0.32	0.32	0	
25/10/2010 16:12:54	TASTEGGIO	0	1	11000	65578	186157	220	-43	0.14	0.14	0	
25/10/2010 16:13:15	TASTEGGIO	0	1	11000	65578	186157	213	-65	0.51	0.51	0	
25/10/2010 16:13:33	TASTEGGIO	0	1	11000	65578	186157	27	-4	0.47	0.47	0	
25/10/2010 16:13:54	TASTEGGIO	0	1	11000	65578	186157	156	-25	0.25	0.25	0	
25/10/2010 16:14:12	TASTEGGIO	0	2	11000	65578	186157	174	-19	0.07	0.07	0	
25/10/2010 16:14:21	TASTEGGIO	0	2	11000	65578	186160	174	-19	0.07	0.07	97500	
25/10/2010 16:15:13	ALARM 318	proc 2 prog 51 step 52	go_abs inv_ax 9
25/10/2010 16:18:44	TASTEGGIO	0	2	11000	65579	186349	174	-19	0.12	0.17	44500	
25/10/2010 16:18:57	ALARM 206		err.0
25/10/2010 16:19:18	ALARM 206		err.6061
25/10/2010 16:19:34	TASTEGGIO	1	0	11000	65580	186159	233	-77	0.49	0.58	24500	
25/10/2010 16:20:01	TASTEGGIO	1	0	11000	65580	161756	286	-121	0.66	0.66	0	
25/10/2010 16:20:21	TASTEGGIO	0	1	11000	65580	161756	210	-51	0.18	0.18	0	
25/10/2010 16:20:42	TASTEGGIO	0	0	11000	65580	161756	234	-75	0.53	0.53	0	
25/10/2010 16:21:00	TASTEGGIO	0	1	11000	65579	161756	77	-11	0.42	0.42	0	
25/10/2010 16:21:19	TASTEGGIO	0	2	11000	65580	161756	124	-10	0.33	0.33	0	
25/10/2010 16:21:40	TASTEGGIO	0	3	11000	65579	161756	168	-9	0.24	0.24	0	
25/10/2010 16:22:00	TASTEGGIO	0	4	11000	65579	161756	202	-18	0.06	0.06	0	
25/10/2010 16:22:11	TASTEGGIO	0	4	11000	65579	186159	202	-18	0.06	0.08	44500	
25/10/2010 16:23:04	ALARM 318	proc 12 prog 51 step 52	go_abs inv_ax 9
25/10/2010 16:41:05	ALARM 401		
26/10/2010 09:24:10	ALARM 401		
26/10/2010 09:24:11	INIT OK
26/10/2010 09:27:39	ALARM 13	proc 12 prog 51 step 45	Tondo non in posizione di scarico
26/10/2010 09:36:55	ALARM 401		
26/10/2010 09:39:00	ALARM 401		
26/10/2010 09:39:00	ALARM 401		
26/10/2010 09:39:01	ALARM 401		
26/10/2010 09:39:02	ALARM 401		
26/10/2010 09:42:44	ALARM 401		
26/10/2010 09:51:01	ALARM 401		
26/10/2010 09:51:02	INIT OK
26/10/2010 09:51:19	ALARM 26	proc 12 prog 61 step 3	Macchina non azzerata
26/10/2010 10:01:15	ALARM 602	proc 6 prog 26 step 38	ASPETTA 62
26/10/2010 10:02:23	ALARM 19	proc 12 prog 36 step 77	Tondo Non Presente Su Carrello 2
26/10/2010 10:04:14	ALARM 203		err.6058
26/10/2010 10:05:48	ALARM 11	proc 12 prog 67 step 17	Tondo presente su carrello 2
26/10/2010 10:05:56	ALARM 401		
26/10/2010 10:06:44	ALARM 2	proc 12 prog 67 step 26	Sensore allin.C2 non commutato
26/10/2010 10:07:27	ALARM 401		
26/10/2010 10:07:27	ALARM 401		
26/10/2010 10:08:26	ALARM 401		
26/10/2010 10:11:16	ALARM 401		
26/10/2010 10:15:14	ALARM 401		
26/10/2010 10:21:27	ALARM 401		
26/10/2010 10:21:31	ALARM 201		err.5005
26/10/2010 10:21:47	ALARM 401		
26/10/2010 10:23:36	ALARM 401		
26/10/2010 10:23:38	INIT OK
26/10/2010 10:25:32	ALARM 2	proc 3 prog 67 step 33	Sensore allin.C2 non commutato
26/10/2010 10:26:42	ALARM 401		
26/10/2010 10:42:02	TASTEGGIO	0	0	11000	65578	150480	0	0	0.12	0.56	-97500	
26/10/2010 10:42:28	TASTEGGIO	1	0	11000	65578	247948	341	-32	0.32	0.32	0	
26/10/2010 10:42:50	TASTEGGIO	0	1	11000	65578	247948	359	-28	0.05	0.05	0	
26/10/2010 10:43:03	TASTEGGIO	0	1	11000	65578	150443	359	-28	0.24	0.24	0	
26/10/2010 10:43:27	TASTEGGIO	1	0	11000	65578	150480	260	-50	0.26	0.26	0	
26/10/2010 10:43:47	TASTEGGIO	0	1	11000	65578	150480	231	-27	0.06	0.06	0	
26/10/2010 10:43:56	TASTEGGIO	0	1	11000	65578	150441	231	-27	0.07	0.27	-44500	
26/10/2010 10:44:01	ALARM 18	proc 1 prog 2 step 3	Tondo Non Presente Su Carrello 1
26/10/2010 10:44:13	ALARM 201		err.6058
26/10/2010 10:44:14	ALARM 205		err.6058
26/10/2010 10:44:14	ALARM 18	proc 1 prog 2 step 3	Tondo Non Presente Su Carrello 1
26/10/2010 10:44:15	ALARM 18	proc 1 prog 2 step 3	Tondo Non Presente Su Carrello 1
26/10/2010 10:46:10	ALARM 201		err.0
26/10/2010 10:46:16	ALARM 201		err.41070
26/10/2010 10:46:17	ALARM 201		err.9070
26/10/2010 10:46:17	ALARM 201		err.9070
26/10/2010 10:46:30	ALARM 201		err.9070
26/10/2010 10:46:31	ALARM 201		err.9070
26/10/2010 10:46:31	ALARM 201		err.9070
26/10/2010 10:46:34	ALARM 201		err.9070
26/10/2010 10:46:35	ALARM 201		err.9070
26/10/2010 10:46:39	ALARM 201		err.9070
26/10/2010 10:46:39	ALARM 201		err.9070
26/10/2010 10:46:42	ALARM 201		err.9070
26/10/2010 10:46:53	ALARM 401		
26/10/2010 10:48:07	ALARM 401		
26/10/2010 10:49:44	TASTEGGIO	0	1	11000	65579	150460	231	-27	0.07	0.27	-44500	
26/10/2010 10:50:09	TASTEGGIO	1	0	11000	65579	194942	268	-40	0.15	0.15	0	
26/10/2010 10:50:30	TASTEGGIO	0	1	11000	65579	194942	259	-33	0.17	0.17	0	
26/10/2010 10:50:51	TASTEGGIO	0	1	11000	65579	194942	239	-26	0.10	0.10	0	
26/10/2010 10:51:02	TASTEGGIO	0	1	11000	65579	150437	239	-26	0.21	0.21	0	
26/10/2010 10:51:26	TASTEGGIO	1	0	11000	65579	150472	252	-31	0.13	0.13	0	
26/10/2010 10:51:34	TASTEGGIO	1	0	11000	65579	150440	252	-31	0.13	0.24	24500	
26/10/2010 10:52:00	TASTEGGIO	1	0	11000	65579	125984	260	-39	0.20	0.20	0	
26/10/2010 10:52:21	TASTEGGIO	0	1	11000	65579	125984	243	-27	0.07	0.07	0	
26/10/2010 10:52:32	TASTEGGIO	0	1	11000	65579	150226	243	-27	0.16	0.16	0	
26/10/2010 10:52:56	TASTEGGIO	1	0	11000	65579	150223	240	-7	0.09	0.09	0	
26/10/2010 10:53:05	TASTEGGIO	1	0	11000	65579	150231	240	-7	0.10	0.10	-44500	
26/10/2010 10:53:31	TASTEGGIO	1	0	11000	65579	194711	225	-5	0.06	0.06	0	
26/10/2010 10:53:42	TASTEGGIO	1	0	11000	65579	150393	225	-5	0.13	0.13	0	
26/10/2010 10:54:07	TASTEGGIO	1	0	11000	65579	150426	232	-3	0.12	0.12	0	
26/10/2010 10:54:30	TASTEGGIO	0	1	11000	65579	150426	254	-4	0.08	0.08	0	
26/10/2010 10:54:51	TASTEGGIO	0	2	11000	65579	150426	261	-5	0.02	0.02	0	
26/10/2010 10:55:00	TASTEGGIO	0	2	11000	65579	150397	261	-5	0.03	0.13	-44500	
26/10/2010 10:55:04	ALARM 18	proc 1 prog 2 step 3	Tondo Non Presente Su Carrello 1
26/10/2010 10:55:46	ALARM 201		err.6058
26/10/2010 10:55:47	ALARM 202		err.6058
26/10/2010 10:55:48	ALARM 205		err.6058
26/10/2010 10:55:49	ALARM 18	proc 1 prog 2 step 3	Tondo Non Presente Su Carrello 1
26/10/2010 10:55:49	ALARM 18	proc 1 prog 2 step 3	Tondo Non Presente Su Carrello 1
26/10/2010 10:55:50	ALARM 18	proc 1 prog 2 step 3	Tondo Non Presente Su Carrello 1
26/10/2010 10:55:50	ALARM 18	proc 1 prog 2 step 3	Tondo Non Presente Su Carrello 1
26/10/2010 10:58:53	ALARM 201		err.0
26/10/2010 10:59:01	ALARM 201		err.41070
26/10/2010 10:59:05	ALARM 201		err.9070
26/10/2010 10:59:05	ALARM 201		err.9070
26/10/2010 10:59:06	ALARM 201		err.9070
26/10/2010 10:59:08	ALARM 201		err.9070
26/10/2010 10:59:08	ALARM 201		err.9070
26/10/2010 10:59:09	ALARM 201		err.9070
26/10/2010 10:59:09	ALARM 201		err.9070
26/10/2010 11:01:09	ALARM 201		err.9070
26/10/2010 11:05:29	TASTEGGIO	0	2	11000	65578	150442	261	-5	0.04	0.13	-44500	
26/10/2010 11:05:53	TASTEGGIO	1	0	11000	65578	194918	232	-5	0.11	0.11	0	
26/10/2010 11:06:13	TASTEGGIO	0	1	11000	65578	194918	241	-9	0.04	0.04	0	
26/10/2010 11:06:24	TASTEGGIO	0	1	11000	65578	150409	241	-9	0.12	0.12	0	
26/10/2010 11:06:49	TASTEGGIO	1	0	11000	65578	150442	230	-2	0.11	0.11	0	
26/10/2010 11:07:10	TASTEGGIO	0	1	11000	65578	150442	250	-2	0.09	0.09	0	
26/10/2010 11:07:33	TASTEGGIO	0	2	11000	65578	150442	264	-2	0.07	0.07	0	
26/10/2010 11:07:42	TASTEGGIO	0	2	11000	65578	150414	264	-2	0.07	0.10	97500	
26/10/2010 11:08:09	TASTEGGIO	1	0	11000	65578	53154	225	-6	0.06	0.06	0	
26/10/2010 11:08:22	TASTEGGIO	1	0	11000	65578	150260	225	-6	0.10	0.10	0	
26/10/2010 11:08:46	TASTEGGIO	1	0	11000	65578	150258	225	-2	0.10	0.10	0	
26/10/2010 11:09:09	TASTEGGIO	0	1	11000	65578	150258	245	-1	0.09	0.09	0	
26/10/2010 11:09:30	TASTEGGIO	0	2	11000	65578	150258	261	-2	0.08	0.08	0	
26/10/2010 11:09:39	TASTEGGIO	0	2	11000	65578	150262	261	-2	0.08	0.08	0	
26/10/2010 11:11:42	TASTEGGIO	0	2	11000	65578	150570	261	-2	0.09	0.12	24500	
26/10/2010 11:12:06	TASTEGGIO	1	0	11000	65578	126174	230	-27	0.15	0.15	0	
26/10/2010 11:12:27	TASTEGGIO	0	1	11000	65578	126174	211	-20	0.05	0.05	0	
26/10/2010 11:12:38	TASTEGGIO	0	1	11000	65578	150338	211	-20	0.04	0.10	-97500	
26/10/2010 11:13:04	TASTEGGIO	1	0	11000	65578	247810	225	-11	0.06	0.06	0	
26/10/2010 11:13:16	TASTEGGIO	1	0	11000	65578	150492	225	-11	0.10	0.10	24500	
26/10/2010 11:13:42	TASTEGGIO	1	0	11000	65578	126046	225	-18	0.11	0.11	0	
26/10/2010 11:14:02	TASTEGGIO	0	1	11000	65578	126046	212	-17	0.08	0.08	0	
26/10/2010 11:14:13	TASTEGGIO	0	1	11000	65578	150321	212	-17	0.06	0.09	24500	
26/10/2010 11:14:38	TASTEGGIO	1	0	11000	65578	125909	222	-21	0.12	0.12	0	
26/10/2010 11:14:59	TASTEGGIO	0	1	11000	65578	125909	206	-8	0.05	0.05	0	
26/10/2010 11:15:10	TASTEGGIO	0	1	11000	65578	150321	206	-8	0.05	0.10	97500	
26/10/2010 11:15:36	TASTEGGIO	1	0	11000	65578	52980	225	-5	0.06	0.06	0	
26/10/2010 11:15:49	TASTEGGIO	1	0	11000	65578	150324	225	-5	0.03	0.05	97500	
26/10/2010 11:17:54	TASTEGGIO	1	0	11000	65578	150541	225	-5	0.04	0.06	97500	
26/10/2010 11:19:58	TASTEGGIO	1	0	11000	65578	150483	225	-5	0.14	0.17	24500	
26/10/2010 11:20:22	TASTEGGIO	1	0	11000	65578	126085	242	-31	0.13	0.13	0	
26/10/2010 11:20:33	TASTEGGIO	1	0	11000	65578	150240	242	-31	0.12	0.15	24500	
26/10/2010 11:20:58	TASTEGGIO	1	0	11000	65578	125819	237	-29	0.18	0.18	0	
26/10/2010 11:21:19	TASTEGGIO	0	1	11000	65578	125819	215	-22	0.04	0.04	0	
26/10/2010 11:21:30	TASTEGGIO	0	1	11000	65578	150219	215	-22	0.04	0.08	-44500	
26/10/2010 11:23:28	TASTEGGIO	0	1	11000	65578	150469	215	-22	0.12	0.13	24500	
26/10/2010 11:23:52	TASTEGGIO	1	0	11000	65578	126071	232	-29	0.16	0.16	0	
26/10/2010 11:24:13	TASTEGGIO	0	1	11000	65578	126071	212	-25	0.09	0.09	0	
26/10/2010 11:24:34	TASTEGGIO	0	1	11000	65578	126071	206	-9	0.02	0.02	0	
26/10/2010 11:24:44	TASTEGGIO	0	1	11000	65578	150230	206	-9	0.03	0.07	-44500	
26/10/2010 11:26:45	TASTEGGIO	0	1	11000	65578	150375	206	-9	0.19	0.53	-97500	
26/10/2010 11:27:13	TASTEGGIO	1	0	11000	65578	247839	333	-34	0.28	0.28	0	
26/10/2010 11:27:35	TASTEGGIO	0	1	11000	65578	247839	347	-32	0.06	0.06	0	
26/10/2010 11:27:48	TASTEGGIO	0	1	11000	65578	150336	347	-32	0.56	0.63	-24500	
26/10/2010 11:28:17	TASTEGGIO	1	0	11000	65578	174801	358	-91	0.42	0.42	0	
26/10/2010 11:28:40	TASTEGGIO	0	1	11000	65578	174802	330	-81	0.37	0.37	0	
26/10/2010 11:29:02	TASTEGGIO	0	1	11000	65578	174801	297	-60	0.24	0.24	0	
26/10/2010 11:29:23	TASTEGGIO	0	1	11000	65578	174801	281	-41	0.17	0.17	0	
26/10/2010 11:29:45	TASTEGGIO	0	1	11000	65578	174801	268	-51	0.34	0.34	0	
26/10/2010 11:30:05	TASTEGGIO	0	1	11000	65578	174801	200	-12	0.22	0.22	0	
26/10/2010 11:30:27	TASTEGGIO	0	2	11000	65578	174801	220	-4	0.19	0.19	0	
26/10/2010 11:30:47	TASTEGGIO	0	3	11000	65578	174801	269	-13	0.07	0.07	0	
26/10/2010 11:30:58	TASTEGGIO	0	3	11000	65578	150320	269	-13	0.06	0.21	-97500	
26/10/2010 11:31:25	TASTEGGIO	1	0	11000	65578	247803	252	-2	0.22	0.22	0	
26/10/2010 11:31:34	ALARM 206		err.0
26/10/2010 11:31:37	ALARM 206		err.6061
26/10/2010 11:31:46	TASTEGGIO	0	1	11000	65578	247803	298	-2	0.21	0.21	0	
26/10/2010 11:32:11	TASTEGGIO	0	1	11000	65578	247803	358	-14	0.08	0.08	0	
26/10/2010 11:32:23	TASTEGGIO	0	1	11000	65578	150335	358	-14	0.15	0.19	-44500	
26/10/2010 11:32:48	TASTEGGIO	1	0	11000	65578	194818	247	-24	0.07	0.07	0	
26/10/2010 11:32:59	TASTEGGIO	1	0	11000	65578	150334	247	-24	0.01	0.19	-97500	
26/10/2010 11:33:26	TASTEGGIO	1	0	11000	65578	247816	247	-1	0.19	0.19	0	
26/10/2010 11:33:46	TASTEGGIO	0	1	11000	65578	247816	285	-1	0.19	0.19	0	
26/10/2010 11:34:09	TASTEGGIO	0	1	11000	65578	247815	342	-2	0.17	0.17	0	
26/10/2010 11:34:33	TASTEGGIO	0	2	11000	65578	247816	372	-8	0.10	0.10	0	
26/10/2010 11:34:45	TASTEGGIO	0	2	11000	65578	150326	372	-8	0.05	0.09	-44500	
26/10/2010 11:35:10	TASTEGGIO	1	0	11000	65578	194796	222	-8	0.02	0.02	0	
26/10/2010 11:35:21	TASTEGGIO	1	0	11000	65578	150311	222	-8	0.03	0.13	-97500	
26/10/2010 11:35:48	TASTEGGIO	1	0	11000	65578	247742	232	-1	0.13	0.13	0	
26/10/2010 11:36:08	TASTEGGIO	0	1	11000	65578	247743	258	-1	0.13	0.13	0	
26/10/2010 11:36:30	TASTEGGIO	0	1	11000	65578	247743	297	-1	0.13	0.13	0	
26/10/2010 11:36:54	TASTEGGIO	0	1	11000	65578	247742	336	-2	0.11	0.11	0	
26/10/2010 11:37:17	TASTEGGIO	0	2	11000	65578	247743	354	-6	0.07	0.07	0	
26/10/2010 11:37:30	TASTEGGIO	0	2	11000	65578	150303	354	-6	0.05	0.08	-44500	
26/10/2010 11:39:33	TASTEGGIO	0	2	11000	65578	150471	354	-6	0.14	0.16	-44500	
26/10/2010 11:39:58	TASTEGGIO	1	0	11000	65578	194951	240	-26	0.09	0.09	0	
26/10/2010 11:40:09	TASTEGGIO	1	0	11000	65578	150445	240	-26	0.10	0.13	-97500	
26/10/2010 11:40:36	TASTEGGIO	1	0	11000	65578	247903	232	-10	0.06	0.06	0	
26/10/2010 11:40:48	TASTEGGIO	1	0	11000	65578	150435	232	-10	0.15	0.17	24500	
26/10/2010 11:41:14	TASTEGGIO	1	0	11000	65578	126036	242	-29	0.17	0.17	0	
26/10/2010 11:41:35	TASTEGGIO	0	1	11000	65578	126036	225	-25	0.08	0.08	0	
26/10/2010 11:41:46	TASTEGGIO	0	1	11000	65578	150214	225	-25	0.12	0.13	-24500	
26/10/2010 11:42:11	TASTEGGIO	1	0	11000	65578	174673	232	-32	0.18	0.18	0	
26/10/2010 11:42:31	TASTEGGIO	0	1	11000	65578	174673	207	-21	0.03	0.03	0	
26/10/2010 11:42:42	TASTEGGIO	0	1	11000	65578	150369	207	-21	0.01	0.08	-97500	
26/10/2010 11:44:40	TASTEGGIO	0	1	11000	65578	150498	207	-21	0.02	0.09	-97500	
26/10/2010 11:45:06	TASTEGGIO	1	0	11000	65578	247967	222	-12	0.05	0.05	0	
26/10/2010 11:45:19	TASTEGGIO	1	0	11000	65578	150457	222	-12	0.06	0.11	44500	
26/10/2010 11:45:45	TASTEGGIO	1	0	11000	65578	106151	227	-24	0.11	0.11	0	
26/10/2010 11:46:05	TASTEGGIO	0	1	11000	65578	106151	216	-21	0.09	0.09	0	
26/10/2010 11:46:25	TASTEGGIO	0	1	11000	65578	106151	208	-16	0.09	0.09	0	
26/10/2010 11:46:45	TASTEGGIO	0	1	11000	65578	106151	199	-14	0.04	0.04	0	
26/10/2010 11:46:57	TASTEGGIO	0	1	11000	65578	150220	199	-14	0.08	0.08	0	
26/10/2010 11:47:13	ALARM 204		err.0
26/10/2010 11:47:22	ALARM 204		err.6054
26/10/2010 11:49:03	TASTEGGIO	0	1	11000	65578	150369	199	-14	0.04	0.18	-97500	
26/10/2010 11:49:30	TASTEGGIO	1	0	11000	65578	247837	245	-14	0.10	0.10	0	
26/10/2010 11:49:43	TASTEGGIO	1	0	11000	65578	150356	245	-14	0.04	0.11	-97500	
26/10/2010 11:49:49	ALARM 206		err.0
26/10/2010 11:51:23	ALARM 206		err.6061
26/10/2010 11:51:43	TASTEGGIO	1	0	11000	65578	150281	245	-14	0.04	0.11	-97500	
26/10/2010 11:52:08	TASTEGGIO	1	0	11000	65578	247745	227	-7	0.05	0.05	0	
26/10/2010 11:52:20	TASTEGGIO	1	0	11000	65578	150309	227	-7	0.07	0.12	-44500	
26/10/2010 11:52:46	TASTEGGIO	1	0	11000	65578	194783	230	-22	0.15	0.15	0	
26/10/2010 11:53:06	TASTEGGIO	0	1	11000	65578	194783	211	-19	0.03	0.03	0	
26/10/2010 11:53:18	TASTEGGIO	0	1	11000	65578	150301	211	-19	0.04	0.11	-97500	
26/10/2010 11:53:44	TASTEGGIO	1	0	11000	65578	247764	227	-1	0.10	0.10	0	
26/10/2010 11:54:04	TASTEGGIO	0	1	11000	65578	247764	245	-5	0.06	0.06	0	
26/10/2010 11:54:16	TASTEGGIO	0	1	11000	65578	150334	245	-5	0.01	0.07	44500	
26/10/2010 11:54:33	ALARM 204		err.0
26/10/2010 11:54:47	ALARM 204		err.6054
26/10/2010 11:56:17	TASTEGGIO	0	1	11000	65578	150443	245	-5	0.04	0.14	44500	
26/10/2010 11:56:42	TASTEGGIO	1	0	11000	65578	106072	235	-24	0.11	0.11	0	
26/10/2010 11:57:03	TASTEGGIO	0	1	11000	65578	106072	226	-24	0.12	0.12	0	
26/10/2010 11:57:23	TASTEGGIO	0	1	11000	65578	106072	212	-10	0.05	0.05	0	
26/10/2010 11:57:35	TASTEGGIO	0	1	11000	65578	150231	212	-10	0.04	0.09	-97500	
26/10/2010 11:58:00	TASTEGGIO	1	0	11000	65578	247697	222	-12	0.04	0.04	0	
26/10/2010 11:58:13	TASTEGGIO	1	0	11000	65578	150403	222	-12	0.04	0.10	44500	
26/10/2010 11:58:39	TASTEGGIO	1	0	11000	65578	106003	225	-4	0.07	0.07	0	
26/10/2010 11:58:50	TASTEGGIO	1	0	11000	65578	150239	225	-4	0.02	0.08	24500	
26/10/2010 11:59:07	ALARM 204		err.0
26/10/2010 11:59:10	ALARM 204		err.6054
26/10/2010 12:00:55	TASTEGGIO	1	0	11000	65578	150405	225	-4	0.08	0.12	97500	
26/10/2010 12:01:21	TASTEGGIO	1	0	11000	65578	53070	230	-6	0.08	0.08	0	
26/10/2010 12:01:34	TASTEGGIO	1	0	11000	65578	150136	230	-6	0.11	0.11	0	
26/10/2010 12:01:59	TASTEGGIO	1	0	11000	65578	150133	227	-28	0.15	0.15	0	
26/10/2010 12:02:19	TASTEGGIO	0	1	11000	65578	150133	206	-23	0.08	0.08	0	
26/10/2010 12:02:28	TASTEGGIO	0	1	11000	65578	150143	206	-23	0.08	0.12	44500	
26/10/2010 12:02:54	TASTEGGIO	1	0	11000	65578	105733	230	-19	0.09	0.09	0	
26/10/2010 12:03:14	TASTEGGIO	0	1	11000	65578	105733	223	-18	0.08	0.08	0	
26/10/2010 12:03:26	TASTEGGIO	0	1	11000	65578	150121	223	-18	0.02	0.08	44500	
26/10/2010 12:05:27	TASTEGGIO	0	1	11000	65578	150492	223	-18	0.08	0.17	97500	
26/10/2010 12:05:53	TASTEGGIO	1	0	11000	65578	53142	242	-7	0.12	0.12	0	
26/10/2010 12:06:06	TASTEGGIO	1	0	11000	65578	150220	242	-7	0.08	0.15	-44500	
26/10/2010 12:06:31	TASTEGGIO	1	0	11000	65578	194733	237	-25	0.10	0.10	0	
26/10/2010 12:06:42	TASTEGGIO	1	0	11000	65578	150458	237	-25	0.11	0.13	44500	
26/10/2010 12:07:08	TASTEGGIO	1	0	11000	65578	106071	232	-19	0.09	0.09	0	
26/10/2010 12:07:28	TASTEGGIO	0	1	11000	65578	106071	225	-19	0.09	0.09	0	
26/10/2010 12:07:49	TASTEGGIO	0	1	11000	65578	106071	216	-13	0.06	0.06	0	
26/10/2010 12:08:00	TASTEGGIO	0	1	11000	65578	150213	216	-13	0.03	0.12	97500	
26/10/2010 12:08:27	TASTEGGIO	1	0	11000	65578	52819	230	-1	0.11	0.11	0	
26/10/2010 12:08:47	TASTEGGIO	0	1	11000	65578	52819	250	-2	0.10	0.10	0	
26/10/2010 12:09:07	TASTEGGIO	0	1	11000	65578	52819	277	-4	0.06	0.06	0	
26/10/2010 12:09:19	TASTEGGIO	0	1	11000	65578	150217	277	-4	0.07	0.08	-24500	
26/10/2010 12:11:19	TASTEGGIO	0	1	11000	65578	150413	277	-4	0.14	0.17	44500	
26/10/2010 12:11:44	TASTEGGIO	1	0	11000	65578	106033	242	-23	0.09	0.09	0	
26/10/2010 12:11:55	TASTEGGIO	1	0	11000	65578	150144	242	-23	0.11	0.12	24500	
26/10/2010 12:12:21	TASTEGGIO	1	0	11000	65578	125724	230	-24	0.10	0.10	0	
26/10/2010 12:12:41	TASTEGGIO	0	1	11000	65578	125724	221	-23	0.11	0.11	0	
26/10/2010 12:13:02	TASTEGGIO	0	1	11000	65578	125724	208	-8	0.04	0.04	0	
26/10/2010 12:13:13	TASTEGGIO	0	1	11000	65578	150128	208	-8	0.04	0.09	97500	
26/10/2010 12:13:38	TASTEGGIO	1	0	11000	65578	52767	222	-5	0.06	0.06	0	
26/10/2010 12:13:51	TASTEGGIO	1	0	11000	65578	150116	222	-5	0.05	0.06	-97500	
26/10/2010 12:15:55	TASTEGGIO	1	0	11000	65578	150380	222	-5	0.17	0.17	0	
26/10/2010 12:16:20	TASTEGGIO	1	0	11000	65578	150411	242	-32	0.15	0.15	0	
26/10/2010 12:16:41	TASTEGGIO	0	1	11000	65578	150411	228	-30	0.16	0.16	0	
26/10/2010 12:17:02	TASTEGGIO	0	1	11000	65578	150411	210	-9	0.08	0.08	0	
26/10/2010 12:17:11	TASTEGGIO	0	1	11000	65578	150343	210	-9	0.08	0.09	-24500	
26/10/2010 12:17:34	TASTEGGIO	1	0	11000	65578	174737	222	-24	0.17	0.17	0	
26/10/2010 12:17:54	TASTEGGIO	0	1	11000	65578	174737	189	-19	0.04	0.04	0	
26/10/2010 12:18:04	TASTEGGIO	0	1	11000	65578	150296	189	-19	0.05	0.06	-44500	
26/10/2010 12:20:07	TASTEGGIO	0	1	11000	65578	150343	189	-19	0.10	0.11	24500	
26/10/2010 12:20:31	TASTEGGIO	1	0	11000	65578	125948	227	-25	0.13	0.13	0	
26/10/2010 12:20:52	TASTEGGIO	0	1	11000	65578	125948	211	-22	0.09	0.09	0	
26/10/2010 12:21:12	TASTEGGIO	0	1	11000	65578	125948	204	-17	0.09	0.09	0	
26/10/2010 12:21:32	TASTEGGIO	0	1	11000	65578	125948	195	-14	0.05	0.05	0	
26/10/2010 12:21:43	TASTEGGIO	0	1	11000	65578	150130	195	-14	0.04	0.10	97500	
26/10/2010 12:22:10	TASTEGGIO	1	0	11000	65578	52774	225	-6	0.08	0.08	0	
26/10/2010 12:22:22	TASTEGGIO	1	0	11000	65578	150113	225	-6	0.01	0.08	97500	
26/10/2010 12:24:26	TASTEGGIO	1	0	11000	65578	150467	225	-6	0.46	0.86	-97500	
26/10/2010 12:24:54	TASTEGGIO	1	0	11000	65578	247936	400	-48	0.50	0.50	0	
26/10/2010 12:25:18	TASTEGGIO	0	1	11000	65578	247936	400	-39	0.12	0.12	0	
26/10/2010 12:25:30	TASTEGGIO	0	1	11000	65578	150460	400	-39	0.05	0.19	-44500	
26/10/2010 12:25:55	TASTEGGIO	1	0	11000	65578	194930	247	-30	0.13	0.13	0	
26/10/2010 12:26:07	TASTEGGIO	1	0	11000	65578	150444	247	-30	0.27	0.35	24500	
26/10/2010 12:26:34	TASTEGGIO	1	0	11000	65578	126043	288	-49	0.22	0.22	0	
26/10/2010 12:26:55	TASTEGGIO	0	1	11000	65578	126043	274	-47	0.25	0.25	0	
26/10/2010 12:27:17	TASTEGGIO	0	1	11000	65578	126043	245	-21	0.08	0.08	0	
26/10/2010 12:27:27	TASTEGGIO	0	1	11000	65578	150227	245	-21	0.04	0.09	44500	
26/10/2010 12:27:53	TASTEGGIO	1	0	11000	65578	105810	222	-17	0.07	0.07	0	
26/10/2010 12:28:04	TASTEGGIO	1	0	11000	65578	150211	222	-17	0.08	0.16	-24500	
26/10/2010 12:28:29	TASTEGGIO	1	0	11000	65578	174666	240	-36	0.21	0.21	0	
26/10/2010 12:28:48	TASTEGGIO	0	1	11000	65578	174666	212	-26	0.05	0.05	0	
26/10/2010 12:28:59	TASTEGGIO	0	1	11000	65578	150392	212	-26	0.07	0.07	0	
26/10/2010 12:30:14	ALARM 17	proc 12 prog 10 step 47	LavoroTerminato
26/10/2010 12:56:25	ALARM 401		
26/10/2010 12:56:27	ALARM 401		
26/10/2010 12:56:28	ALARM 401		
26/10/2010 14:04:05	TASTEGGIO	0	1	11000	65578	138975	212	-26	0.04	0.14	44500	
26/10/2010 14:04:30	TASTEGGIO	1	0	11000	65578	94610	229	-13	0.07	0.07	0	
26/10/2010 14:04:42	TASTEGGIO	1	0	11000	65578	138965	229	-13	0.06	0.13	-24500	
26/10/2010 14:05:06	TASTEGGIO	1	0	11000	65578	163401	228	-24	0.13	0.13	0	
26/10/2010 14:05:26	TASTEGGIO	0	1	11000	65578	163401	215	-18	0.05	0.05	0	
26/10/2010 14:05:37	TASTEGGIO	0	1	11000	65578	139068	215	-18	0.09	0.14	44500	
26/10/2010 14:06:02	TASTEGGIO	1	0	11000	65578	94674	229	-7	0.08	0.08	0	
26/10/2010 14:06:13	TASTEGGIO	1	0	11000	65578	138959	229	-7	0.05	0.07	44500	
26/10/2010 14:08:11	TASTEGGIO	1	0	11000	65578	139010	229	-7	0.04	0.11	-24500	
26/10/2010 14:08:36	TASTEGGIO	1	0	11000	65578	163460	225	-24	0.14	0.14	0	
26/10/2010 14:08:56	TASTEGGIO	0	1	11000	65578	163460	207	-16	0.03	0.03	0	
26/10/2010 14:09:07	TASTEGGIO	0	1	11000	65578	139017	207	-16	0.06	0.06	0	
26/10/2010 14:11:03	TASTEGGIO	0	1	11000	65578	139067	207	-16	0.10	0.11	-24500	
26/10/2010 14:11:27	TASTEGGIO	1	0	11000	65578	163511	225	-23	0.09	0.09	0	
26/10/2010 14:11:48	TASTEGGIO	0	1	11000	65578	163511	217	-19	0.09	0.09	0	
26/10/2010 14:12:08	TASTEGGIO	0	1	11000	65578	163511	208	-14	0.06	0.06	0	
26/10/2010 14:12:18	TASTEGGIO	0	1	11000	65578	139038	208	-14	0.15	0.16	24500	
26/10/2010 14:12:44	TASTEGGIO	1	0	11000	65578	114718	232	-19	0.04	0.04	0	
26/10/2010 14:12:55	TASTEGGIO	1	0	11000	65578	138867	232	-19	0.02	0.12	44500	
26/10/2010 14:13:00	ALARM 19	proc 1 prog 2 step 8	Tondo Non Presente Su Carrello 2
26/10/2010 14:19:55	ALARM 401		
26/10/2010 14:19:56	ALARM 401		
26/10/2010 14:19:59	ALARM 201		err.6058
26/10/2010 14:20:17	TASTEGGIO	1	0	11000	65578	138893	232	-19	0.02	0.12	44500	
26/10/2010 14:20:42	TASTEGGIO	1	0	11000	65578	94531	227	-13	0.03	0.03	0	
26/10/2010 14:20:53	TASTEGGIO	1	0	11000	65578	138875	227	-13	0.09	0.09	24500	
26/10/2010 14:21:18	TASTEGGIO	1	0	11000	65578	114494	223	-11	0.04	0.04	0	
26/10/2010 14:21:29	TASTEGGIO	1	0	11000	65578	138867	223	-11	0.03	0.07	44500	
26/10/2010 14:23:28	TASTEGGIO	1	0	11000	65578	139144	223	-11	0.17	0.18	-44500	
26/10/2010 14:23:53	TASTEGGIO	1	0	11000	65578	183592	234	-20	0.06	0.06	0	
26/10/2010 14:24:04	TASTEGGIO	1	0	11000	65578	139115	234	-20	0.03	0.08	24500	
26/10/2010 14:26:00	TASTEGGIO	1	0	11000	65578	139225	234	-20	0.13	0.13	0	
26/10/2010 14:26:23	TASTEGGIO	1	0	11000	65578	139267	228	-19	0.03	0.03	0	
26/10/2010 14:26:32	TASTEGGIO	1	0	11000	65578	139191	228	-19	0.03	0.06	-24500	
26/10/2010 14:28:28	TASTEGGIO	1	0	11000	65578	139104	228	-19	0.07	0.11	44500	
26/10/2010 14:28:53	TASTEGGIO	1	0	11000	65578	94731	225	-14	0.02	0.02	0	
26/10/2010 14:29:04	TASTEGGIO	1	0	11000	65578	138971	225	-14	0.06	0.06	0	
26/10/2010 14:31:01	TASTEGGIO	1	0	11000	65578	139195	225	-14	0.10	0.11	24500	
26/10/2010 14:31:25	TASTEGGIO	1	0	11000	65578	114819	225	-17	0.04	0.04	0	
26/10/2010 14:31:36	TASTEGGIO	1	0	11000	65578	139165	225	-17	0.03	0.04	24500	
26/10/2010 14:33:35	TASTEGGIO	1	0	11000	65578	139313	225	-17	0.12	0.12	0	
26/10/2010 14:33:57	TASTEGGIO	1	0	11000	65578	139358	227	-21	0.05	0.05	0	
26/10/2010 14:34:06	TASTEGGIO	1	0	11000	65578	139285	227	-21	0.05	0.13	24500	
26/10/2010 14:34:30	TASTEGGIO	1	0	11000	65578	114847	228	-17	0.04	0.04	0	
26/10/2010 14:34:40	TASTEGGIO	1	0	11000	65578	139131	228	-17	0.07	0.07	0	
26/10/2010 14:36:39	TASTEGGIO	1	0	11000	65578	139331	228	-17	0.04	0.15	-44500	
26/10/2010 14:37:03	TASTEGGIO	1	0	11000	65578	183777	231	-18	0.03	0.03	0	
26/10/2010 14:37:15	TASTEGGIO	1	0	11000	65578	139316	231	-18	0.09	0.11	24500	
26/10/2010 14:37:40	TASTEGGIO	1	0	11000	65578	114944	225	-17	0.08	0.08	0	
26/10/2010 14:37:51	TASTEGGIO	1	0	11000	65578	139164	225	-17	0.06	0.08	24500	
26/10/2010 14:39:44	TASTEGGIO	1	0	11000	65578	139108	225	-17	0.03	0.09	44500	
26/10/2010 14:40:08	TASTEGGIO	1	0	11000	65578	94733	223	-12	0.03	0.03	0	
26/10/2010 14:40:19	TASTEGGIO	1	0	11000	65578	138968	223	-12	0.07	0.07	0	
26/10/2010 14:42:17	TASTEGGIO	1	0	11000	65578	139210	223	-12	0.06	0.07	24500	
26/10/2010 14:44:19	TASTEGGIO	1	0	11000	65578	139117	223	-12	0.14	0.16	24500	
26/10/2010 14:44:43	TASTEGGIO	1	0	11000	65578	114750	232	-19	0.04	0.04	0	
26/10/2010 14:44:54	TASTEGGIO	1	0	11000	65578	138965	232	-19	0.05	0.08	-24500	
26/10/2010 14:45:19	TASTEGGIO	1	0	11000	65578	163418	222	-22	0.14	0.14	0	
26/10/2010 14:45:39	TASTEGGIO	0	1	11000	65578	163418	197	-15	0.06	0.06	0	
26/10/2010 14:45:50	TASTEGGIO	0	1	11000	65578	139088	197	-15	0.11	0.11	0	
26/10/2010 14:46:14	TASTEGGIO	1	0	11000	65578	139124	225	-18	0.08	0.08	0	
26/10/2010 14:46:34	TASTEGGIO	0	1	11000	65578	139124	219	-19	0.11	0.11	0	
26/10/2010 14:46:55	TASTEGGIO	0	1	11000	65578	139124	203	-9	0.02	0.02	0	
26/10/2010 14:47:04	TASTEGGIO	0	1	11000	65578	139095	203	-9	0.02	0.06	-44500	
26/10/2010 14:48:59	TASTEGGIO	0	1	11000	65578	139146	203	-9	0.01	0.09	44500	
26/10/2010 14:49:24	TASTEGGIO	1	0	11000	65578	94773	223	-14	0.04	0.04	0	
26/10/2010 14:49:36	TASTEGGIO	1	0	11000	65578	138967	223	-14	0.10	0.12	-24500	
26/10/2010 14:50:01	TASTEGGIO	1	0	11000	65578	163394	227	-22	0.10	0.10	0	
26/10/2010 14:50:22	TASTEGGIO	0	1	11000	65578	163394	218	-21	0.11	0.11	0	
26/10/2010 14:50:42	TASTEGGIO	0	1	11000	65578	163394	205	-10	0.02	0.02	0	
26/10/2010 14:50:53	TASTEGGIO	0	1	11000	65578	139071	205	-10	0.04	0.06	24500	
26/10/2010 14:52:45	TASTEGGIO	0	1	11000	65578	139025	205	-10	0.06	0.06	0	
26/10/2010 14:53:53	ALARM 17	proc 12 prog 10 step 47	LavoroTerminato
26/10/2010 15:49:31	TASTEGGIO	0	1	11000	65578	89425	205	-10	0.12	0.15	24500	
26/10/2010 15:49:54	TASTEGGIO	1	0	11000	65578	65069	231	-4	0.13	0.13	0	
26/10/2010 15:50:05	TASTEGGIO	1	0	11000	65578	89409	231	-4	0.10	0.13	24500	
26/10/2010 15:50:28	TASTEGGIO	1	0	11000	65578	65019	228	-1	0.12	0.12	0	
26/10/2010 15:50:47	TASTEGGIO	0	1	11000	65578	65019	250	-2	0.10	0.10	0	
26/10/2010 15:51:07	TASTEGGIO	0	2	11000	65578	65019	266	-2	0.08	0.08	0	
26/10/2010 15:51:26	TASTEGGIO	0	3	11000	65578	65019	277	-2	0.07	0.07	0	
26/10/2010 15:51:37	TASTEGGIO	0	3	11000	65578	89421	277	-2	0.06	0.07	24500	
26/10/2010 15:53:35	TASTEGGIO	0	3	11000	65578	89573	277	-2	0.19	0.27	-24500	
26/10/2010 15:53:58	TASTEGGIO	1	0	11000	65578	114073	246	-7	0.22	0.22	0	
26/10/2010 15:54:17	TASTEGGIO	0	1	11000	65578	114073	263	-4	0.17	0.17	0	
26/10/2010 15:54:38	TASTEGGIO	0	2	11000	65578	114073	281	-3	0.15	0.15	0	
26/10/2010 15:55:00	TASTEGGIO	0	3	11000	65578	114073	320	-8	0.08	0.08	0	
26/10/2010 15:55:11	TASTEGGIO	0	3	11000	65578	89595	320	-8	0.05	0.08	-24500	
26/10/2010 15:55:34	TASTEGGIO	1	0	11000	65578	114080	222	-1	0.09	0.09	0	
26/10/2010 15:55:53	TASTEGGIO	0	1	11000	65578	114080	242	-4	0.06	0.06	0	
26/10/2010 15:56:04	TASTEGGIO	0	1	11000	65578	89608	242	-4	0.02	0.06	-24500	
26/10/2010 15:58:00	TASTEGGIO	0	1	11000	65578	89599	242	-4	0.30	0.30	0	
26/10/2010 15:58:22	TASTEGGIO	1	0	11000	65578	89707	250	-7	0.26	0.26	0	
26/10/2010 15:58:43	TASTEGGIO	0	1	11000	65578	89707	272	-4	0.23	0.23	0	
26/10/2010 15:59:03	TASTEGGIO	0	2	11000	65578	89707	312	-8	0.16	0.16	0	
26/10/2010 15:59:25	TASTEGGIO	0	3	11000	65578	89707	331	-7	0.11	0.11	0	
26/10/2010 15:59:33	TASTEGGIO	0	3	11000	65578	89544	331	-7	0.11	0.14	24500	
26/10/2010 15:59:57	TASTEGGIO	1	0	11000	65578	65244	229	-3	0.11	0.11	0	
26/10/2010 16:00:16	TASTEGGIO	0	1	11000	65578	65244	237	-1	0.10	0.10	0	
26/10/2010 16:00:35	TASTEGGIO	0	1	11000	65578	65244	264	-3	0.08	0.08	0	
26/10/2010 16:00:56	TASTEGGIO	0	2	11000	65578	65244	273	-1	0.07	0.07	0	
26/10/2010 16:01:07	TASTEGGIO	0	2	11000	65578	89310	273	-1	0.07	0.07	0	
26/10/2010 16:03:03	TASTEGGIO	0	2	11000	65578	89572	273	-1	0.03	0.06	-24500	
26/10/2010 16:05:01	TASTEGGIO	0	2	11000	65578	89456	273	-1	0.09	0.10	24500	
26/10/2010 16:05:25	TASTEGGIO	1	0	11000	65578	65105	224	-4	0.08	0.08	0	
26/10/2010 16:05:44	TASTEGGIO	0	1	11000	65578	65105	230	-2	0.06	0.06	0	
26/10/2010 16:05:54	TASTEGGIO	0	1	11000	65578	89212	230	-2	0.06	0.07	-24500	
26/10/2010 16:07:52	TASTEGGIO	0	1	11000	65578	89594	230	-2	0.04	0.06	-24500	
26/10/2010 16:09:48	TASTEGGIO	0	1	11000	65578	89469	230	-2	0.10	0.11	-24500	
26/10/2010 16:10:11	TASTEGGIO	1	0	11000	65578	113976	225	-5	0.07	0.07	0	
26/10/2010 16:10:22	TASTEGGIO	1	0	11000	65578	89448	225	-5	0.05	0.06	-24500	
26/10/2010 16:12:19	TASTEGGIO	1	0	11000	65578	89692	225	-5	0.08	0.09	-24500	
26/10/2010 16:12:43	TASTEGGIO	1	0	11000	65578	114190	223	-6	0.04	0.04	0	
26/10/2010 16:12:53	TASTEGGIO	1	0	11000	65578	89680	223	-6	0.05	0.05	0	
26/10/2010 16:14:03	ALARM 17	proc 12 prog 10 step 47	LavoroTerminato
26/10/2010 16:21:42	ALARM 406		
26/10/2010 16:49:40	ALARM 401		
26/10/2010 16:49:42	INIT OK
26/10/2010 17:02:24	ALARM 401		
26/10/2010 17:02:26	INIT OK
26/10/2010 17:02:33	ALARM 401		
26/10/2010 17:02:34	ALARM 401		
26/10/2010 17:02:34	ALARM 401		
26/10/2010 17:02:35	ALARM 401		
26/10/2010 17:02:36	ALARM 401		
26/10/2010 17:04:42	ALARM 26	proc 12 prog 115 step 4	Macchina non azzerata
26/10/2010 17:06:35	ALARM 802	proc 12 prog 119 step 2	piece diameter = 0.00 mm
26/10/2010 17:09:08	ALARM 204		err.0
26/10/2010 17:09:09	ALARM 18	proc 12 prog 106 step 3	Tondo Non Presente Su Carrello 1
26/10/2010 17:10:46	TASTEGGIO	0	0	11000	65578	186180	0	0	0.13	0.13	0	
26/10/2010 17:11:37	ALARM 401		
26/10/2010 17:11:54	ALARM 401		
26/10/2010 17:13:03	TASTEGGIO	1	0	11000	36008	186758	228	-50	0.36	0.36	0	
26/10/2010 17:13:13	TASTEGGIO	1	0	11000	36008	186758	228	-50	0.35	0.35	0	
26/10/2010 17:13:22	TASTEGGIO	1	0	11000	36008	186758	228	-50	0.35	0.35	0	
26/10/2010 17:14:02	TASTEGGIO	1	0	11000	65578	186309	228	-50	0.35	0.36	44500	
26/10/2010 17:14:29	TASTEGGIO	1	0	11000	65578	141837	258	-13	0.23	0.23	0	
26/10/2010 17:14:51	TASTEGGIO	0	1	11000	65578	141835	272	-16	0.07	0.07	0	
26/10/2010 17:15:02	TASTEGGIO	0	1	11000	65578	186160	272	-16	0.12	0.17	-97500	
26/10/2010 17:15:28	TASTEGGIO	1	0	11000	65578	283626	233	-43	0.27	0.27	0	
26/10/2010 17:15:47	TASTEGGIO	0	1	11000	65578	283626	190	-28	0.02	0.02	0	
26/10/2010 17:16:00	TASTEGGIO	0	1	11000	65578	186293	190	-28	0.05	0.17	97500	
26/10/2010 17:16:25	TASTEGGIO	1	0	11000	65578	88844	233	-4	0.13	0.13	0	
26/10/2010 17:16:38	TASTEGGIO	1	0	11000	65578	186152	233	-4	0.03	0.14	97500	
26/10/2010 17:17:03	TASTEGGIO	1	0	11000	65578	88704	229	-3	0.12	0.12	0	
26/10/2010 17:17:22	TASTEGGIO	0	1	11000	65578	88708	239	-4	0.10	0.10	0	
26/10/2010 17:17:40	TASTEGGIO	0	2	11000	65578	88710	255	-6	0.05	0.05	0	
26/10/2010 17:17:58	TASTEGGIO	0	0	11000	65578	88711	218	-1	0.05	0.05	0	
26/10/2010 17:18:17	TASTEGGIO	0	1	11000	65578	88712	228	-1	0.04	0.04	0	
26/10/2010 17:18:38	TASTEGGIO	0	2	11000	65578	88712	232	-1	0.04	0.04	0	
26/10/2010 17:18:58	TASTEGGIO	0	1	11000	65578	88712	248	-3	0.01	0.01	0	
26/10/2010 17:19:10	TASTEGGIO	0	1	11000	65578	186161	248	-3	0.05	0.09	44500	
26/10/2010 17:19:37	TASTEGGIO	1	0	11000	65578	141699	223	-44	0.40	0.40	0	
26/10/2010 17:19:54	TASTEGGIO	0	1	11000	65578	141700	45	-5	0.35	0.35	0	
26/10/2010 17:20:14	TASTEGGIO	0	2	11000	65578	141700	106	-4	0.32	0.32	0	
26/10/2010 17:20:33	TASTEGGIO	0	1	11000	65578	141700	222	-17	0.16	0.16	0	
26/10/2010 17:20:56	TASTEGGIO	0	0	11000	65578	141699	232	-6	0.12	0.12	0	
26/10/2010 17:21:17	TASTEGGIO	0	1	11000	65578	141699	241	-9	0.06	0.06	0	
26/10/2010 17:21:37	TASTEGGIO	0	0	11000	65578	141699	219	-3	0.05	0.05	0	
26/10/2010 17:21:59	TASTEGGIO	0	1	11000	65578	141699	223	-3	0.04	0.04	0	
26/10/2010 17:22:20	TASTEGGIO	0	2	11000	65578	141699	227	-2	0.03	0.03	0	
26/10/2010 17:22:32	TASTEGGIO	0	2	11000	65578	186160	227	-2	0.06	0.10	97500	
26/10/2010 17:22:57	TASTEGGIO	1	0	11000	65578	88708	224	-1	0.09	0.09	0	
26/10/2010 17:23:16	TASTEGGIO	0	1	11000	65578	88714	232	0	0.08	0.08	0	
26/10/2010 17:23:37	TASTEGGIO	0	2	11000	65578	88717	246	-1	0.07	0.07	0	
26/10/2010 17:23:59	TASTEGGIO	0	3	11000	65578	88719	264	-2	0.04	0.04	0	
26/10/2010 17:25:23	ALARM 17	proc 12 prog 10 step 47	LavoroTerminato
26/10/2010 17:28:58	ALARM 406		
27/10/2010 08:58:56	ALARM 401		
27/10/2010 08:58:58	INIT OK
27/10/2010 09:01:23	ALARM 27	proc 12 prog 8 step 11	Pestone Errato
27/10/2010 09:01:41	ALARM 401		
27/10/2010 09:10:57	ALARM 3	proc 12 prog 31 step 36	Tondo non presente su rulliera
27/10/2010 09:12:07	ALARM 19	proc 12 prog 36 step 77	Tondo Non Presente Su Carrello 2
27/10/2010 09:12:16	ALARM 201		err.6058
27/10/2010 09:12:17	ALARM 19	proc 1 prog 2 step 8	Tondo Non Presente Su Carrello 2
27/10/2010 09:12:18	ALARM 19	proc 1 prog 2 step 8	Tondo Non Presente Su Carrello 2
27/10/2010 09:12:19	ALARM 19	proc 1 prog 2 step 8	Tondo Non Presente Su Carrello 2
27/10/2010 09:13:59	ALARM 401		
27/10/2010 09:15:13	ALARM 401		
27/10/2010 09:15:19	ALARM 401		
27/10/2010 09:15:20	ALARM 401		
27/10/2010 09:15:21	ALARM 401		
27/10/2010 09:16:25	ALARM 19	proc 12 prog 36 step 77	Tondo Non Presente Su Carrello 2
27/10/2010 09:37:24	ALARM 401		
27/10/2010 09:37:25	ALARM 201		err.6058
27/10/2010 09:37:25	ALARM 401		
27/10/2010 09:37:26	ALARM 401		
27/10/2010 09:42:33	SAVE PRG	67
27/10/2010 10:06:38	TASTEGGIO	0	0	8000	53818	122944	0	0	0.12	0.12	0	
27/10/2010 10:07:00	TASTEGGIO	1	0	8000	53818	122984	230	-4	0.10	0.10	0	
27/10/2010 10:07:18	TASTEGGIO	0	1	8000	53818	122978	238	-2	0.07	0.07	0	
27/10/2010 10:07:37	TASTEGGIO	0	2	8000	53818	122975	244	-3	0.05	0.05	0	
27/10/2010 10:07:45	TASTEGGIO	0	2	8000	53818	122930	244	-3	0.05	0.06	-24500	
27/10/2010 10:09:48	TASTEGGIO	0	2	8000	53818	122830	244	-3	0.01	0.03	44500	
27/10/2010 10:11:48	TASTEGGIO	0	2	8000	53818	123112	244	-3	0.06	0.08	44500	
27/10/2010 10:12:11	TASTEGGIO	1	0	8000	53818	78675	220	-32	0.23	0.23	0	
27/10/2010 10:12:27	TASTEGGIO	0	1	8000	53818	78677	153	-4	0.19	0.19	0	
27/10/2010 10:12:45	TASTEGGIO	0	2	8000	53818	78678	184	-2	0.18	0.18	0	
27/10/2010 10:13:04	TASTEGGIO	0	1	8000	53818	78676	252	-10	0.10	0.10	0	
27/10/2010 10:13:22	TASTEGGIO	0	2	8000	53818	78674	259	-7	0.04	0.04	0	
27/10/2010 10:13:33	TASTEGGIO	0	2	8000	53818	122923	259	-7	0.04	0.05	24500	
27/10/2010 10:15:33	TASTEGGIO	0	2	8000	53818	122931	259	-7	0.05	0.06	24500	
27/10/2010 10:17:34	TASTEGGIO	0	2	8000	53818	123029	259	-7	0.06	0.07	-24500	
27/10/2010 10:17:57	TASTEGGIO	1	0	8000	53818	147412	217	-14	0.04	0.04	0	
27/10/2010 10:18:07	TASTEGGIO	1	0	8000	53818	122994	217	-14	0.03	0.03	0	
27/10/2010 10:20:05	TASTEGGIO	1	0	8000	53818	122938	217	-14	0.05	0.05	-44500	
27/10/2010 10:22:06	TASTEGGIO	1	0	8000	53818	122935	217	-14	0.13	0.13	0	
27/10/2010 10:22:27	TASTEGGIO	1	0	8000	53818	122957	232	-14	0.04	0.04	0	
27/10/2010 10:22:35	TASTEGGIO	1	0	8000	53818	122934	232	-14	0.04	0.06	-44500	
27/10/2010 10:22:58	TASTEGGIO	1	0	8000	53818	167366	215	-41	0.35	0.35	0	
27/10/2010 10:23:10	TASTEGGIO	0	1	8000	53818	167373	10	-3	0.32	0.32	0	
27/10/2010 10:23:25	TASTEGGIO	0	1	8000	53818	167377	97	-1	0.30	0.30	0	
27/10/2010 10:23:42	TASTEGGIO	0	1	8000	53818	167377	181	-6	0.24	0.24	0	
27/10/2010 10:24:01	TASTEGGIO	0	2	8000	53818	167378	208	-8	0.17	0.17	0	
27/10/2010 10:24:20	TASTEGGIO	0	3	8000	53818	167378	228	-13	0.05	0.05	0	
27/10/2010 10:24:31	TASTEGGIO	0	3	8000	53818	122926	228	-13	0.04	0.05	24500	
27/10/2010 10:26:32	TASTEGGIO	0	3	8000	53818	122936	228	-13	0.10	0.10	-24500	
27/10/2010 10:26:55	TASTEGGIO	1	0	8000	53818	147323	225	-32	0.20	0.20	0	
27/10/2010 10:27:13	TASTEGGIO	0	1	8000	53818	147342	185	-18	0.03	0.03	0	
27/10/2010 10:27:23	TASTEGGIO	0	1	8000	53818	122910	185	-18	0.02	0.03	44500	
27/10/2010 10:28:30	ALARM 17	proc 12 prog 10 step 47	LavoroTerminato
27/10/2010 10:40:21	TASTEGGIO	0	1	8000	53818	123024	185	-18	0.05	0.08	44500	
27/10/2010 10:40:44	TASTEGGIO	1	0	8000	53818	78590	220	-26	0.17	0.17	0	
27/10/2010 10:41:01	TASTEGGIO	0	1	8000	53818	78591	183	-10	0.07	0.07	0	
27/10/2010 10:41:19	TASTEGGIO	0	0	8000	53818	78589	217	-8	0.01	0.01	0	
27/10/2010 10:41:29	TASTEGGIO	0	0	8000	53818	122815	217	-8	0.01	0.03	-44500	
27/10/2010 10:43:30	TASTEGGIO	0	0	8000	53818	122935	217	-8	0.04	0.05	-44500	
27/10/2010 10:45:30	TASTEGGIO	0	0	8000	53818	122800	217	-8	0.01	0.02	-44500	
27/10/2010 10:47:32	TASTEGGIO	0	0	8000	53818	122933	217	-8	0.02	0.03	-44500	
27/10/2010 10:49:35	TASTEGGIO	0	0	8000	53818	122933	217	-8	0.07	0.07	24500	
27/10/2010 10:49:57	TASTEGGIO	1	0	8000	53818	98493	217	-15	0.06	0.06	0	
27/10/2010 10:50:16	TASTEGGIO	0	1	8000	53818	98492	211	-16	0.09	0.09	0	
27/10/2010 10:50:34	TASTEGGIO	0	1	8000	53818	98490	197	-10	0.01	0.01	0	
27/10/2010 10:50:44	TASTEGGIO	0	1	8000	53818	122697	197	-10	0.01	0.02	-44500	
27/10/2010 10:52:45	TASTEGGIO	0	1	8000	53818	122811	197	-10	0.13	0.13	0	
27/10/2010 10:53:04	TASTEGGIO	1	0	8000	53818	122828	232	-54	0.38	0.38	0	
27/10/2010 10:53:18	TASTEGGIO	0	1	8000	53818	122829	120	-4	0.33	0.33	0	
27/10/2010 10:53:36	TASTEGGIO	0	2	8000	53818	122834	177	-8	0.26	0.26	0	
27/10/2010 10:53:54	TASTEGGIO	0	3	8000	53818	122836	212	-14	0.13	0.13	0	
27/10/2010 10:54:12	TASTEGGIO	0	0	8000	53818	122836	232	-15	0.01	0.01	0	
27/10/2010 10:54:21	TASTEGGIO	0	0	8000	53818	122789	232	-15	0.01	0.05	44500	
27/10/2010 10:56:21	TASTEGGIO	0	0	8000	53818	122706	232	-15	0.01	0.04	44500	
27/10/2010 10:58:19	TASTEGGIO	0	0	8000	53818	122923	232	-15	0.01	0.02	44500	
27/10/2010 10:59:26	ALARM 17	proc 12 prog 10 step 47	LavoroTerminato
27/10/2010 15:27:27	ALARM 401		
27/10/2010 15:27:29	INIT OK
27/10/2010 15:50:55	ALARM 401		
27/10/2010 15:51:02	ALARM 401		
27/10/2010 15:51:03	ALARM 401		
27/10/2010 15:51:13	ALARM 401		
27/10/2010 15:51:14	ALARM 401		
27/10/2010 15:51:15	ALARM 401		
27/10/2010 15:51:15	ALARM 401		
27/10/2010 15:51:16	ALARM 401		
27/10/2010 15:51:18	ALARM 401		
27/10/2010 15:51:19	ALARM 401		
27/10/2010 15:51:28	ALARM 213		PS not ready
27/10/2010 15:51:32	ALARM 213	proc 12 prog 3 step 11	CONTROL_ON 3 rejected
27/10/2010 15:53:16	ALARM 401		
27/10/2010 15:53:18	INIT OK
27/10/2010 15:55:21	TASTEGGIO	0	0	6000	37004	334269	0	0	0.00	0.00	44500	
27/10/2010 15:59:14	ALARM 14	proc 12 prog 111 step 10	Bracc. centrali non in fuori ingombro rullBracc. centrali non in fuori ingombro presCarrello 1 non è in pos. per spostare il tLavoroTerminato
27/10/2010 16:01:00	SAVE PRG	200
27/10/2010 16:02:13	SAVE PRG	200
27/10/2010 16:08:05	ALARM 219		encoder 4
27/10/2010 16:10:44	ALARM 219		encoder 4
27/10/2010 16:10:44	ALARM 219		encoder 4
27/10/2010 16:10:45	ALARM 219		encoder 4
27/10/2010 16:10:45	ALARM 219		encoder 4
27/10/2010 16:10:47	ALARM 219		encoder 4
27/10/2010 16:10:47	ALARM 219		encoder 4
27/10/2010 16:22:16	TASTEGGIO	0	0	6000	45977	128899	0	0	0.09	0.09	-44500	
27/10/2010 16:22:44	ALARM 401		
27/10/2010 16:23:01	ALARM 401		
27/10/2010 16:23:01	ALARM 401		
27/10/2010 16:23:21	TASTEGGIO	1	0	6000	45978	128888	223	-167	1.18	1.53	-44500	
27/10/2010 16:23:46	TASTEGGIO	1	0	6000	45978	173296	400	-334	1.78	1.78	0	
27/10/2010 16:24:03	TASTEGGIO	0	1	6000	45978	173302	192	-30	1.45	1.45	0	
27/10/2010 16:24:22	TASTEGGIO	0	2	6000	45978	173303	400	-315	1.68	1.68	0	
27/10/2010 16:24:26	ALARM 401		
27/10/2010 16:26:47	TASTEGGIO	0	1	6000	45978	128873	180	-13	1.05	1.39	-44500	
27/10/2010 16:27:10	TASTEGGIO	1	0	6000	45978	173299	340	-233	0.93	0.93	0	
27/10/2010 16:27:29	TASTEGGIO	0	1	6000	45978	173300	277	-170	0.76	0.76	0	
27/10/2010 16:27:48	TASTEGGIO	0	1	6000	45978	173301	214	-97	0.21	0.21	0	
27/10/2010 16:28:06	TASTEGGIO	0	1	6000	45978	173301	208	-115	0.93	0.93	0	
27/10/2010 16:28:10	ALARM 401		
27/10/2010 16:28:13	ALARM 401		
27/10/2010 16:28:13	ALARM 401		
27/10/2010 16:28:43	TASTEGGIO	0	1	6000	45978	128867	0	0	0.70	0.91	-44500	
27/10/2010 16:29:05	TASTEGGIO	1	0	6000	45978	173290	241	-110	0.18	0.18	0	
27/10/2010 16:29:23	TASTEGGIO	0	1	6000	45978	173290	237	-157	1.36	1.36	0	
27/10/2010 16:29:35	TASTEGGIO	0	1	6000	45978	173290	0	-7	1.28	1.28	0	
27/10/2010 16:29:54	TASTEGGIO	0	1	6000	45978	173291	360	-251	1.22	1.22	0	
27/10/2010 16:30:13	TASTEGGIO	0	1	6000	45978	173291	243	-116	0.06	0.06	0	
27/10/2010 16:30:23	TASTEGGIO	0	1	6000	45978	128860	243	-116	0.04	0.06	-44500	
27/10/2010 16:30:43	TASTEGGIO	1	0	6000	45978	173291	170	-61	0.53	0.53	0	
27/10/2010 16:30:44	ALARM 218	proc 12 prog 73 step 17	go_abs 5 cmd 11
27/10/2010 16:30:46	ALARM 401		
27/10/2010 16:30:47	ALARM 401		
27/10/2010 16:31:16	TASTEGGIO	1	0	6000	45978	128869	170	-61	0.41	0.52	-44500	
27/10/2010 16:31:38	TASTEGGIO	1	0	6000	45978	173293	143	-46	0.12	0.12	0	
27/10/2010 16:31:48	TASTEGGIO	1	0	6000	45978	128876	143	-46	0.09	0.12	-44500	
27/10/2010 16:32:09	TASTEGGIO	1	0	6000	45978	173292	110	-12	0.00	0.00	0	
27/10/2010 16:32:19	TASTEGGIO	1	0	6000	45978	128888	110	-12	0.01	0.02	24500	
27/10/2010 16:34:32	TASTEGGIO	1	0	6000	45978	127801	110	-12	0.06	0.07	-24500	
27/10/2010 16:34:53	TASTEGGIO	1	0	6000	45978	152204	105	-46	0.37	0.37	0	
27/10/2010 16:35:05	TASTEGGIO	0	1	6000	45978	152206	0	-1	0.36	0.36	0	
27/10/2010 16:35:21	TASTEGGIO	0	1	6000	45978	152207	105	-24	0.13	0.13	0	
27/10/2010 16:35:39	TASTEGGIO	0	0	6000	45978	152208	110	-31	0.18	0.18	0	
27/10/2010 16:35:56	TASTEGGIO	0	1	6000	45978	152209	85	-7	0.11	0.11	0	
27/10/2010 16:36:13	TASTEGGIO	0	2	6000	45978	152211	94	-5	0.06	0.06	0	
27/10/2010 16:36:31	TASTEGGIO	0	3	6000	45978	152212	99	-5	0.01	0.01	0	
27/10/2010 16:36:41	TASTEGGIO	0	3	6000	45978	127794	99	-5	0.01	0.01	0	
27/10/2010 16:37:52	ALARM 17	proc 12 prog 10 step 47	LavoroTerminato
27/10/2010 16:39:25	ALARM 401		
27/10/2010 16:41:18	ALARM 401		
27/10/2010 16:41:18	ALARM 401		
27/10/2010 16:45:29	TASTEGGIO	0	3	6000	45987	125818	99	-5	0.12	0.12	44500	
27/10/2010 16:45:49	TASTEGGIO	1	0	6000	45987	81384	110	-7	0.05	0.05	0	
27/10/2010 16:46:05	TASTEGGIO	0	0	6000	45987	81381	104	-1	0.04	0.04	0	
27/10/2010 16:46:15	TASTEGGIO	0	0	6000	45987	125630	104	-1	0.07	0.07	-24500	
27/10/2010 16:46:36	TASTEGGIO	1	0	6000	45987	150024	105	-38	0.30	0.30	0	
27/10/2010 16:46:48	TASTEGGIO	0	1	6000	45987	150024	0	-1	0.29	0.29	0	
27/10/2010 16:47:04	TASTEGGIO	0	1	6000	45987	150024	84	-7	0.22	0.22	0	
27/10/2010 16:47:21	TASTEGGIO	0	2	6000	45987	150025	107	-23	0.03	0.03	0	
27/10/2010 16:47:31	TASTEGGIO	0	2	6000	45987	125769	107	-23	0.01	0.03	-44500	
27/10/2010 16:49:38	TASTEGGIO	0	2	6000	45978	125922	107	-23	0.15	0.15	0	
27/10/2010 16:49:59	TASTEGGIO	1	0	6000	45978	125929	112	-37	0.21	0.21	0	
27/10/2010 16:50:16	TASTEGGIO	0	1	6000	45978	125929	82	-11	0.10	0.10	0	
27/10/2010 16:50:23	TASTEGGIO	0	1	6000	45978	125922	82	-11	0.11	0.11	0	
27/10/2010 16:50:43	TASTEGGIO	1	0	6000	45978	125928	109	-33	0.22	0.22	0	
27/10/2010 16:50:59	TASTEGGIO	0	1	6000	45978	125928	65	-2	0.20	0.20	0	
27/10/2010 16:51:16	TASTEGGIO	0	1	6000	45978	125928	119	-12	0.08	0.08	0	
27/10/2010 16:51:34	TASTEGGIO	0	0	6000	45978	125928	106	-4	0.04	0.04	0	
27/10/2010 16:51:41	TASTEGGIO	0	0	6000	45978	125922	106	-4	0.04	0.06	44500	
27/10/2010 16:52:02	TASTEGGIO	1	0	6000	45978	81485	105	-9	0.03	0.03	0	
27/10/2010 16:52:12	TASTEGGIO	1	0	6000	45978	125736	105	-9	0.02	0.04	24500	
27/10/2010 16:54:19	TASTEGGIO	1	0	6000	45978	125824	105	-9	0.25	0.25	24500	
27/10/2010 16:54:40	TASTEGGIO	1	0	6000	45978	101389	121	-17	0.09	0.09	0	
27/10/2010 16:54:50	TASTEGGIO	1	0	6000	45978	125647	121	-17	0.12	0.16	-44500	
27/10/2010 16:55:11	TASTEGGIO	1	0	6000	45978	170040	113	-20	0.04	0.04	0	
27/10/2010 16:55:21	TASTEGGIO	1	0	6000	45978	125789	113	-20	0.05	0.06	24500	
27/10/2010 16:55:42	TASTEGGIO	1	0	6000	45978	101352	105	-19	0.14	0.14	0	
27/10/2010 16:55:58	TASTEGGIO	0	1	6000	45978	101351	72	-2	0.11	0.11	0	
27/10/2010 16:56:14	TASTEGGIO	0	2	6000	45978	101348	84	-4	0.07	0.07	0	
27/10/2010 16:56:32	TASTEGGIO	0	3	6000	45978	101344	91	-6	0.03	0.03	0	
27/10/2010 16:56:42	TASTEGGIO	0	3	6000	45978	125635	91	-6	0.02	0.05	44500	
27/10/2010 16:57:02	TASTEGGIO	1	0	6000	45978	81217	104	-7	0.02	0.02	0	
27/10/2010 16:57:12	TASTEGGIO	1	0	6000	45978	125623	104	-7	0.02	0.04	-24500	
27/10/2010 16:59:20	TASTEGGIO	1	0	6000	45978	125833	104	-7	0.30	0.30	0	
27/10/2010 16:59:40	TASTEGGIO	1	0	6000	45978	125839	125	-31	0.05	0.05	0	
27/10/2010 16:59:48	TASTEGGIO	1	0	6000	45978	125832	125	-31	0.05	0.07	-44500	
27/10/2010 17:00:09	TASTEGGIO	1	0	6000	45978	170218	105	-29	0.21	0.21	0	
27/10/2010 17:00:22	TASTEGGIO	0	1	6000	45978	170235	42	-1	0.20	0.20	0	
27/10/2010 17:00:38	TASTEGGIO	0	1	6000	45978	170244	99	-16	0.04	0.04	0	
27/10/2010 17:00:48	TASTEGGIO	0	1	6000	45978	125812	99	-16	0.06	0.06	0	
27/10/2010 17:01:08	TASTEGGIO	1	0	6000	45978	125818	105	-37	0.31	0.31	0	
27/10/2010 17:01:20	TASTEGGIO	0	1	6000	45978	125818	0	-1	0.30	0.30	0	
27/10/2010 17:01:36	TASTEGGIO	0	1	6000	45978	125818	87	-3	0.28	0.28	0	
27/10/2010 17:01:54	TASTEGGIO	0	1	6000	45978	125819	165	-56	0.28	0.28	0	
27/10/2010 17:02:12	TASTEGGIO	0	1	6000	45978	125819	137	-37	0.13	0.13	0	
27/10/2010 17:02:30	TASTEGGIO	0	1	6000	45978	125818	130	-29	0.18	0.18	0	
27/10/2010 17:02:48	TASTEGGIO	0	1	6000	45978	125818	105	-16	0.05	0.05	0	
27/10/2010 17:03:05	TASTEGGIO	0	0	6000	45978	125818	104	-10	0.05	0.05	0	
27/10/2010 17:03:22	TASTEGGIO	0	1	6000	45978	125818	99	-11	0.06	0.06	0	
27/10/2010 17:03:39	TASTEGGIO	0	1	6000	45978	125818	91	-6	0.00	0.00	0	
27/10/2010 17:03:47	TASTEGGIO	0	1	6000	45978	125813	91	-6	0.00	0.05	44500	
27/10/2010 17:04:08	TASTEGGIO	1	0	6000	45978	81373	104	-7	0.02	0.02	0	
27/10/2010 17:04:18	TASTEGGIO	1	0	6000	45978	125625	104	-7	0.05	0.05	0	
27/10/2010 17:04:38	TASTEGGIO	1	0	6000	45978	125620	104	-3	0.02	0.02	0	
27/10/2010 17:04:46	TASTEGGIO	1	0	6000	45978	125627	104	-3	0.02	0.04	-44500	
27/10/2010 17:06:56	TASTEGGIO	1	0	6000	45978	125835	104	-3	0.41	0.41	0	
27/10/2010 17:07:16	TASTEGGIO	1	0	6000	45978	125841	134	-30	0.13	0.13	0	
27/10/2010 17:07:24	TASTEGGIO	1	0	6000	45978	125834	134	-30	0.13	0.18	-44500	
27/10/2010 17:07:45	TASTEGGIO	1	0	6000	45978	170220	115	-25	0.07	0.07	0	
27/10/2010 17:07:55	TASTEGGIO	1	0	6000	45978	125814	115	-25	0.06	0.07	-44500	
27/10/2010 17:08:17	TASTEGGIO	1	0	6000	45978	170200	105	-30	0.24	0.24	0	
27/10/2010 17:08:29	TASTEGGIO	0	1	6000	45978	170210	22	0	0.22	0.22	0	
27/10/2010 17:08:44	TASTEGGIO	0	1	6000	45978	170222	82	-1	0.21	0.21	0	
27/10/2010 17:09:03	TASTEGGIO	0	1	6000	45978	170227	142	-29	0.11	0.11	0	
27/10/2010 17:09:20	TASTEGGIO	0	1	6000	45978	170231	136	-27	0.36	0.36	0	
27/10/2010 17:09:32	TASTEGGIO	0	1	6000	45978	170238	18	-2	0.34	0.34	0	
27/10/2010 17:09:49	TASTEGGIO	0	1	6000	45978	170244	114	-11	0.22	0.22	0	
27/10/2010 17:10:06	TASTEGGIO	0	2	6000	45978	170247	134	-23	0.03	0.03	0	
27/10/2010 17:10:16	TASTEGGIO	0	2	6000	45978	125803	134	-23	0.03	0.09	44500	
27/10/2010 17:10:37	TASTEGGIO	1	0	6000	45978	81370	107	-7	0.00	0.00	0	
27/10/2010 17:10:48	TASTEGGIO	1	0	6000	45978	125635	107	-7	0.05	0.05	0	
27/10/2010 17:11:08	TASTEGGIO	1	0	6000	45978	125628	104	-37	0.31	0.31	0	
27/10/2010 17:11:19	TASTEGGIO	0	1	6000	45978	125628	0	0	0.30	0.30	0	
27/10/2010 17:11:37	TASTEGGIO	0	1	6000	45978	125628	87	-2	0.28	0.28	0	
27/10/2010 17:11:55	TASTEGGIO	0	1	6000	45978	125628	165	-58	0.32	0.32	0	
27/10/2010 17:12:13	TASTEGGIO	0	1	6000	45978	125628	128	-30	0.09	0.09	0	
27/10/2010 17:12:30	TASTEGGIO	0	0	6000	45978	125628	107	-22	0.15	0.15	0	
27/10/2010 17:12:47	TASTEGGIO	0	1	6000	45978	125628	81	-6	0.09	0.09	0	
27/10/2010 17:13:04	TASTEGGIO	0	2	6000	45978	125628	88	-7	0.01	0.01	0	
27/10/2010 17:13:12	TASTEGGIO	0	2	6000	45978	125641	88	-7	0.02	0.04	44500	
27/10/2010 17:15:20	TASTEGGIO	0	2	6000	45978	125912	88	-7	0.34	0.34	0	
27/10/2010 17:15:40	TASTEGGIO	1	0	6000	45978	125920	128	-28	0.09	0.09	0	
27/10/2010 17:15:48	TASTEGGIO	1	0	6000	45978	125913	128	-28	0.09	0.16	44500	
27/10/2010 17:16:08	TASTEGGIO	1	0	6000	45978	81479	113	-7	0.09	0.09	0	
27/10/2010 17:16:19	TASTEGGIO	1	0	6000	45978	125736	113	-7	0.05	0.09	44500	
27/10/2010 17:16:39	TASTEGGIO	1	0	6000	45978	81317	107	-1	0.08	0.08	0	
27/10/2010 17:16:55	TASTEGGIO	0	1	6000	45978	81309	114	-3	0.05	0.05	0	
27/10/2010 17:17:11	TASTEGGIO	0	2	6000	45978	81302	118	-3	0.01	0.01	0	
27/10/2010 17:17:22	TASTEGGIO	0	2	6000	45978	125722	118	-3	0.04	0.05	-44500	
27/10/2010 17:17:43	TASTEGGIO	1	0	6000	45978	170119	104	-28	0.22	0.22	0	
27/10/2010 17:17:55	TASTEGGIO	0	1	6000	45978	170128	7	-1	0.21	0.21	0	
27/10/2010 17:18:10	TASTEGGIO	0	1	6000	45978	170137	67	-1	0.19	0.19	0	
27/10/2010 17:18:27	TASTEGGIO	0	1	6000	45978	170148	118	-28	0.08	0.08	0	
27/10/2010 17:18:44	TASTEGGIO	0	1	6000	45978	170154	114	-15	0.08	0.08	0	
27/10/2010 17:19:01	TASTEGGIO	0	1	6000	45978	170160	106	-14	0.06	0.06	0	
27/10/2010 17:19:17	TASTEGGIO	0	1	6000	45978	170164	101	-11	0.07	0.07	0	
27/10/2010 17:19:34	TASTEGGIO	0	1	6000	45978	170164	92	-15	0.09	0.09	0	
27/10/2010 17:19:50	TASTEGGIO	0	1	6000	45978	170164	80	-8	0.01	0.01	0	
27/10/2010 17:20:00	TASTEGGIO	0	1	6000	45978	125866	80	-8	0.04	0.04	0	
27/10/2010 17:22:08	TASTEGGIO	0	1	6000	45978	125825	80	-8	0.08	0.08	-24500	
27/10/2010 17:22:29	TASTEGGIO	1	0	6000	45978	150203	106	-39	0.29	0.29	0	
27/10/2010 17:22:41	TASTEGGIO	0	1	6000	45978	150207	0	0	0.28	0.28	0	
27/10/2010 17:22:58	TASTEGGIO	0	1	6000	45978	150208	81	-6	0.21	0.21	0	
27/10/2010 17:23:15	TASTEGGIO	0	2	6000	45978	150213	103	-20	0.02	0.02	0	
27/10/2010 17:23:25	TASTEGGIO	0	2	6000	45978	125801	103	-20	0.01	0.02	-24500	
27/10/2010 17:25:33	TASTEGGIO	0	2	6000	45978	125915	103	-20	0.10	0.14	-44500	
27/10/2010 17:25:53	TASTEGGIO	1	0	6000	45978	170317	111	-35	0.20	0.20	0	
27/10/2010 17:26:09	TASTEGGIO	0	1	6000	45978	170325	82	-8	0.11	0.11	0	
27/10/2010 17:26:27	TASTEGGIO	0	2	6000	45978	170335	90	-12	0.03	0.03	0	
27/10/2010 17:26:37	TASTEGGIO	0	2	6000	45978	125900	90	-12	0.03	0.04	-24500	
27/10/2010 17:28:45	TASTEGGIO	0	2	6000	45978	125825	90	-12	0.22	0.22	0	
27/10/2010 17:29:05	TASTEGGIO	1	0	6000	45978	125834	118	-38	0.15	0.15	0	
27/10/2010 17:29:22	TASTEGGIO	0	1	6000	45978	125834	107	-38	0.22	0.22	0	
27/10/2010 17:29:39	TASTEGGIO	0	1	6000	45978	125834	74	-4	0.19	0.19	0	
27/10/2010 17:29:56	TASTEGGIO	0	2	6000	45978	125834	106	-19	0.06	0.06	0	
27/10/2010 17:30:04	TASTEGGIO	0	2	6000	45978	125827	106	-19	0.06	0.08	-44500	
27/10/2010 17:30:25	TASTEGGIO	1	0	6000	45978	170225	106	-34	0.25	0.25	0	
27/10/2010 17:30:38	TASTEGGIO	0	1	6000	45978	170239	27	-1	0.24	0.24	0	
27/10/2010 17:30:55	TASTEGGIO	0	1	6000	45978	170249	96	-11	0.13	0.13	0	
27/10/2010 17:31:11	TASTEGGIO	0	2	6000	45978	170257	105	-19	0.06	0.06	0	
27/10/2010 17:31:28	TASTEGGIO	0	1	6000	45978	170263	102	-18	0.12	0.12	0	
27/10/2010 17:31:44	TASTEGGIO	0	1	6000	45978	170274	78	-6	0.06	0.06	0	
27/10/2010 17:32:00	TASTEGGIO	0	0	6000	45978	170275	105	-16	0.10	0.10	0	
27/10/2010 17:32:16	TASTEGGIO	0	1	6000	45978	170284	88	-9	0.01	0.01	0	
27/10/2010 17:32:27	TASTEGGIO	0	1	6000	45978	125810	88	-9	0.01	0.03	44500	
27/10/2010 17:34:34	TASTEGGIO	0	1	6000	45978	125914	88	-9	0.02	0.03	-44500	
27/10/2010 17:36:42	TASTEGGIO	0	1	6000	45978	125817	88	-9	0.20	0.20	0	
27/10/2010 17:37:02	TASTEGGIO	1	0	6000	45978	125824	116	-35	0.13	0.13	0	
27/10/2010 17:37:10	TASTEGGIO	1	0	6000	45978	125818	116	-35	0.13	0.13	0	
27/10/2010 17:37:30	TASTEGGIO	1	0	6000	45978	125825	110	-39	0.25	0.25	0	
27/10/2010 17:37:45	TASTEGGIO	0	1	6000	45978	125824	61	-1	0.24	0.24	0	
27/10/2010 17:38:03	TASTEGGIO	0	1	6000	45978	125824	130	-27	0.09	0.09	0	
27/10/2010 17:38:21	TASTEGGIO	0	1	6000	45978	125824	126	-52	0.43	0.43	0	
27/10/2010 17:38:32	TASTEGGIO	0	1	6000	45978	125825	0	-1	0.41	0.41	0	
27/10/2010 17:38:49	TASTEGGIO	0	1	6000	45978	125825	117	-21	0.22	0.22	0	
27/10/2010 17:39:07	TASTEGGIO	0	2	6000	45978	125824	133	-34	0.13	0.13	0	
27/10/2010 17:39:25	TASTEGGIO	0	1	6000	45978	125824	125	-20	0.08	0.08	0	
27/10/2010 17:39:43	TASTEGGIO	0	1	6000	45978	125824	120	-31	0.22	0.22	0	
27/10/2010 17:39:58	TASTEGGIO	0	1	6000	45978	125824	59	-3	0.19	0.19	0	
27/10/2010 17:40:15	TASTEGGIO	0	2	6000	45978	125824	91	-3	0.16	0.16	0	
27/10/2010 17:40:32	TASTEGGIO	0	3	6000	45978	125824	131	-17	0.02	0.02	0	
27/10/2010 17:40:40	TASTEGGIO	0	3	6000	45978	125818	131	-17	0.02	0.04	44500	
27/10/2010 17:41:51	ALARM 17	proc 12 prog 10 step 47	LavoroTerminato
28/10/2010 08:26:20	ALARM 401		
28/10/2010 08:26:22	INIT OK
28/10/2010 08:34:36	ALARM 19	proc 12 prog 36 step 77	Tondo Non Presente Su Carrello 2
28/10/2010 08:36:17	ALARM 201		err.6058
28/10/2010 08:36:18	ALARM 19	proc 1 prog 2 step 8	Tondo Non Presente Su Carrello 2
28/10/2010 08:36:18	ALARM 19	proc 1 prog 2 step 8	Tondo Non Presente Su Carrello 2
28/10/2010 08:36:19	ALARM 19	proc 1 prog 2 step 8	Tondo Non Presente Su Carrello 2
28/10/2010 08:36:19	ALARM 19	proc 1 prog 2 step 8	Tondo Non Presente Su Carrello 2
28/10/2010 08:36:20	ALARM 19	proc 1 prog 2 step 8	Tondo Non Presente Su Carrello 2
28/10/2010 08:36:20	ALARM 19	proc 1 prog 2 step 8	Tondo Non Presente Su Carrello 2
28/10/2010 08:36:21	ALARM 19	proc 1 prog 2 step 8	Tondo Non Presente Su Carrello 2
28/10/2010 08:36:21	ALARM 19	proc 1 prog 2 step 8	Tondo Non Presente Su Carrello 2
28/10/2010 08:36:22	ALARM 19	proc 1 prog 2 step 8	Tondo Non Presente Su Carrello 2
28/10/2010 08:36:24	ALARM 19	proc 1 prog 2 step 8	Tondo Non Presente Su Carrello 2
28/10/2010 08:36:24	ALARM 19	proc 1 prog 2 step 8	Tondo Non Presente Su Carrello 2
28/10/2010 08:36:25	ALARM 19	proc 1 prog 2 step 8	Tondo Non Presente Su Carrello 2
28/10/2010 08:36:25	ALARM 19	proc 1 prog 2 step 8	Tondo Non Presente Su Carrello 2
28/10/2010 08:36:26	ALARM 19	proc 1 prog 2 step 8	Tondo Non Presente Su Carrello 2
28/10/2010 08:36:44	ALARM 19	proc 1 prog 2 step 8	Tondo Non Presente Su Carrello 2
28/10/2010 08:36:44	ALARM 19	proc 1 prog 2 step 8	Tondo Non Presente Su Carrello 2
28/10/2010 08:36:45	ALARM 19	proc 1 prog 2 step 8	Tondo Non Presente Su Carrello 2
28/10/2010 08:36:46	ALARM 19	proc 1 prog 2 step 8	Tondo Non Presente Su Carrello 2
28/10/2010 08:36:46	ALARM 19	proc 1 prog 2 step 8	Tondo Non Presente Su Carrello 2
28/10/2010 08:36:46	ALARM 19	proc 1 prog 2 step 8	Tondo Non Presente Su Carrello 2
28/10/2010 08:59:58	ALARM 401		
28/10/2010 08:59:58	ALARM 401		
28/10/2010 08:59:59	ALARM 19	proc 1 prog 2 step 8	Tondo Non Presente Su Carrello 2
28/10/2010 09:00:52	ALARM 401		
28/10/2010 09:00:52	ALARM 401		
28/10/2010 09:00:53	ALARM 401		
28/10/2010 09:03:34	TASTEGGIO	0	0	6000	45986	125908	0	0	0.12	0.15	-24500	
28/10/2010 09:03:55	TASTEGGIO	1	0	6000	45986	150300	112	-42	0.27	0.27	0	
28/10/2010 09:04:11	TASTEGGIO	0	1	6000	45986	150304	63	-3	0.24	0.24	0	
28/10/2010 09:04:29	TASTEGGIO	0	2	6000	45986	150308	105	-29	0.08	0.08	0	
28/10/2010 09:04:39	TASTEGGIO	0	2	6000	45986	125905	105	-29	0.07	0.08	-24500	
28/10/2010 09:05:00	TASTEGGIO	1	0	6000	45986	150305	106	-41	0.33	0.33	0	
28/10/2010 09:05:12	TASTEGGIO	0	1	6000	45986	150306	0	0	0.32	0.32	0	
28/10/2010 09:05:28	TASTEGGIO	0	1	6000	45986	150307	93	-11	0.22	0.22	0	
28/10/2010 09:05:45	TASTEGGIO	0	2	6000	45986	150307	114	-26	0.05	0.05	0	
28/10/2010 09:06:03	TASTEGGIO	0	1	6000	45986	150307	112	-36	0.30	0.30	0	
28/10/2010 09:06:14	TASTEGGIO	0	1	6000	45986	150308	0	-1	0.29	0.29	0	
28/10/2010 09:06:31	TASTEGGIO	0	1	6000	45986	150309	84	-4	0.26	0.26	0	
28/10/2010 09:06:48	TASTEGGIO	0	2	6000	45986	150309	130	-25	0.04	0.04	0	
28/10/2010 09:06:58	TASTEGGIO	0	2	6000	45986	125895	130	-25	0.03	0.04	44500	
28/10/2010 09:09:06	TASTEGGIO	0	2	6000	45978	126022	130	-25	0.16	0.16	24500	
28/10/2010 09:09:27	TASTEGGIO	1	0	6000	45978	101581	113	-24	0.06	0.06	0	
28/10/2010 09:09:36	TASTEGGIO	1	0	6000	45978	125844	113	-24	0.03	0.07	24500	
28/10/2010 09:09:58	TASTEGGIO	1	0	6000	45978	101407	105	-23	0.15	0.15	0	
28/10/2010 09:10:13	TASTEGGIO	0	1	6000	45978	101407	72	-2	0.14	0.14	0	
28/10/2010 09:10:30	TASTEGGIO	0	1	6000	45978	101407	111	-13	0.03	0.03	0	
28/10/2010 09:10:40	TASTEGGIO	0	1	6000	45978	125821	111	-13	0.05	0.05	0	
28/10/2010 09:11:00	TASTEGGIO	1	0	6000	45978	125818	104	-44	0.38	0.38	0	
28/10/2010 09:11:11	TASTEGGIO	0	1	6000	45978	125818	0	-1	0.36	0.36	0	
28/10/2010 09:11:28	TASTEGGIO	0	1	6000	45978	125818	102	-10	0.27	0.27	0	
28/10/2010 09:11:45	TASTEGGIO	0	2	6000	45978	125818	130	-43	0.16	0.16	0	
28/10/2010 09:12:03	TASTEGGIO	0	1	6000	45978	125818	120	-34	0.19	0.19	0	
28/10/2010 09:12:21	TASTEGGIO	0	1	6000	45978	125818	97	-14	0.04	0.04	0	
28/10/2010 09:12:29	TASTEGGIO	0	1	6000	45978	125835	97	-14	0.05	0.05	0	
28/10/2010 09:12:48	TASTEGGIO	1	0	6000	45978	125831	104	-21	0.16	0.16	0	
28/10/2010 09:13:04	TASTEGGIO	0	1	6000	45978	125831	52	-3	0.14	0.14	0	
28/10/2010 09:13:20	TASTEGGIO	0	2	6000	45978	125831	76	-6	0.09	0.09	0	
28/10/2010 09:13:37	TASTEGGIO	0	3	6000	45978	125831	86	-9	0.03	0.03	0	
28/10/2010 09:13:45	TASTEGGIO	0	3	6000	45978	125844	86	-9	0.03	0.03	0	
28/10/2010 09:15:51	TASTEGGIO	0	3	6000	45978	125822	86	-9	0.15	0.15	0	
28/10/2010 09:16:11	TASTEGGIO	1	0	6000	45978	125828	112	-33	0.16	0.16	0	
28/10/2010 09:16:28	TASTEGGIO	0	1	6000	45978	125830	94	-21	0.05	0.05	0	
28/10/2010 09:16:36	TASTEGGIO	0	1	6000	45978	125822	94	-21	0.05	0.05	24500	
28/10/2010 09:16:57	TASTEGGIO	1	0	6000	45978	101381	104	-20	0.14	0.14	0	
28/10/2010 09:17:12	TASTEGGIO	0	1	6000	45978	101380	64	-1	0.12	0.12	0	
28/10/2010 09:17:28	TASTEGGIO	0	2	6000	45978	101379	84	-4	0.08	0.08	0	
28/10/2010 09:17:45	TASTEGGIO	0	3	6000	45978	101380	93	-7	0.03	0.03	0	
28/10/2010 09:17:55	TASTEGGIO	0	3	6000	45978	125650	93	-7	0.01	0.02	24500	
28/10/2010 09:20:00	TASTEGGIO	0	3	6000	45978	125818	93	-7	0.26	0.26	0	
28/10/2010 09:20:21	TASTEGGIO	1	0	6000	45978	125827	121	-33	0.06	0.06	0	
28/10/2010 09:20:29	TASTEGGIO	1	0	6000	45978	125818	121	-33	0.06	0.06	0	
28/10/2010 09:20:49	TASTEGGIO	1	0	6000	45978	125825	105	-38	0.32	0.32	0	
28/10/2010 09:21:00	TASTEGGIO	0	1	6000	45978	125825	0	-1	0.31	0.31	0	
28/10/2010 09:21:18	TASTEGGIO	0	1	6000	45978	125826	90	-6	0.25	0.25	0	
28/10/2010 09:21:35	TASTEGGIO	0	2	6000	45978	125826	130	-32	0.10	0.10	0	
28/10/2010 09:21:53	TASTEGGIO	0	1	6000	45978	125827	126	-41	0.30	0.30	0	
28/10/2010 09:22:05	TASTEGGIO	0	1	6000	45978	125826	36	-1	0.29	0.29	0	
28/10/2010 09:22:22	TASTEGGIO	0	1	6000	45978	125826	120	-31	0.06	0.06	0	
28/10/2010 09:22:40	TASTEGGIO	0	1	6000	45978	125827	118	-14	0.08	0.08	0	
28/10/2010 09:22:58	TASTEGGIO	0	1	6000	45978	125827	107	-23	0.14	0.14	0	
28/10/2010 09:23:15	TASTEGGIO	0	1	6000	45978	125827	82	-4	0.10	0.10	0	
28/10/2010 09:23:33	TASTEGGIO	0	2	6000	45978	125827	92	-1	0.09	0.09	0	
28/10/2010 09:23:50	TASTEGGIO	0	3	6000	45978	125827	116	-5	0.04	0.04	0	
28/10/2010 09:23:58	TASTEGGIO	0	3	6000	45978	125819	116	-5	0.04	0.09	44500	
28/10/2010 09:24:19	TASTEGGIO	1	0	6000	45978	81376	107	-7	0.03	0.03	0	
28/10/2010 09:24:29	TASTEGGIO	1	0	6000	45978	125648	107	-7	0.01	0.04	-44500	
28/10/2010 09:26:36	TASTEGGIO	1	0	6000	45978	125923	107	-7	0.07	0.08	24500	
28/10/2010 09:26:57	TASTEGGIO	1	0	6000	45978	101482	106	-21	0.12	0.12	0	
28/10/2010 09:27:14	TASTEGGIO	0	1	6000	45978	101482	88	-8	0.04	0.04	0	
28/10/2010 09:27:24	TASTEGGIO	0	1	6000	45978	125741	88	-8	0.03	0.05	24500	
28/10/2010 09:27:45	TASTEGGIO	1	0	6000	45978	101315	104	-16	0.10	0.10	0	
28/10/2010 09:28:01	TASTEGGIO	0	1	6000	45978	101314	84	-2	0.08	0.08	0	
28/10/2010 09:28:18	TASTEGGIO	0	2	6000	45978	101310	93	-1	0.08	0.08	0	
28/10/2010 09:28:35	TASTEGGIO	0	1	6000	45978	101307	125	-22	0.14	0.14	0	
28/10/2010 09:28:52	TASTEGGIO	0	1	6000	45978	101306	100	-4	0.09	0.09	0	
28/10/2010 09:29:09	TASTEGGIO	0	2	6000	45978	101303	108	-8	0.03	0.03	0	
28/10/2010 09:29:19	TASTEGGIO	0	2	6000	45978	125734	108	-8	0.03	0.03	-24500	
28/10/2010 09:31:25	TASTEGGIO	0	2	6000	45978	125826	108	-8	0.19	0.19	0	
28/10/2010 09:31:45	TASTEGGIO	1	0	6000	45978	125834	115	-35	0.16	0.16	0	
28/10/2010 09:32:03	TASTEGGIO	0	1	6000	45978	125834	101	-29	0.11	0.11	0	
28/10/2010 09:32:11	TASTEGGIO	0	1	6000	45978	125826	101	-29	0.11	0.11	0	
28/10/2010 09:32:31	TASTEGGIO	1	0	6000	45978	125833	109	-23	0.14	0.14	0	
28/10/2010 09:32:49	TASTEGGIO	0	1	6000	45978	125834	91	-31	0.40	0.40	0	
28/10/2010 09:33:00	TASTEGGIO	0	1	6000	45978	125833	0	-1	0.39	0.39	0	
28/10/2010 09:33:18	TASTEGGIO	0	1	6000	45978	125833	114	-14	0.25	0.25	0	
28/10/2010 09:33:36	TASTEGGIO	0	2	6000	45978	125833	136	-32	0.06	0.06	0	
28/10/2010 09:33:54	TASTEGGIO	0	1	6000	45978	125833	134	-48	0.42	0.42	0	
28/10/2010 09:34:06	TASTEGGIO	0	1	6000	45978	125833	0	-2	0.40	0.40	0	
28/10/2010 09:34:24	TASTEGGIO	0	1	6000	45978	125835	114	-7	0.33	0.33	0	
28/10/2010 09:34:42	TASTEGGIO	0	2	6000	45978	125835	168	-44	0.12	0.12	0	
28/10/2010 09:35:00	TASTEGGIO	0	1	6000	45978	125835	163	-84	0.71	0.71	0	
28/10/2010 09:35:12	TASTEGGIO	0	1	6000	45978	125835	0	-2	0.68	0.68	0	
28/10/2010 09:35:31	TASTEGGIO	0	1	6000	45978	125835	195	-57	0.14	0.14	0	
28/10/2010 09:35:48	TASTEGGIO	0	0	6000	45978	125835	111	-3	0.11	0.11	0	
28/10/2010 09:36:07	TASTEGGIO	0	1	6000	45978	125835	119	-2	0.09	0.09	0	
28/10/2010 09:36:25	TASTEGGIO	0	2	6000	45978	125835	133	-6	0.04	0.04	0	
28/10/2010 09:36:32	TASTEGGIO	0	2	6000	45978	125826	133	-6	0.04	0.07	44500	
28/10/2010 09:36:52	TASTEGGIO	1	0	6000	45978	81382	105	-7	0.02	0.02	0	
28/10/2010 09:37:03	TASTEGGIO	1	0	6000	45978	125643	105	-7	0.00	0.04	-44500	
28/10/2010 09:39:11	TASTEGGIO	1	0	6000	45978	125922	105	-7	0.23	0.23	0	
28/10/2010 09:39:31	TASTEGGIO	1	0	6000	45978	125930	119	-34	0.11	0.11	0	
28/10/2010 09:39:39	TASTEGGIO	1	0	6000	45978	125922	119	-34	0.11	0.11	0	
28/10/2010 09:39:59	TASTEGGIO	1	0	6000	45978	125928	109	-40	0.29	0.29	0	
28/10/2010 09:40:11	TASTEGGIO	0	1	6000	45978	125928	32	-1	0.28	0.28	0	
28/10/2010 09:40:28	TASTEGGIO	0	1	6000	45978	125928	113	-16	0.14	0.14	0	
28/10/2010 09:40:45	TASTEGGIO	0	0	6000	45978	125928	111	-6	0.07	0.07	0	
28/10/2010 09:41:02	TASTEGGIO	0	0	6000	45978	125928	105	-2	0.06	0.06	0	
28/10/2010 09:41:19	TASTEGGIO	0	1	6000	45978	125928	110	-4	0.03	0.03	0	
28/10/2010 09:41:27	TASTEGGIO	0	1	6000	45978	125922	110	-4	0.03	0.07	44500	
28/10/2010 09:41:48	TASTEGGIO	1	0	6000	45978	81481	105	-7	0.01	0.01	0	
28/10/2010 09:41:58	TASTEGGIO	1	0	6000	45978	125743	105	-7	0.01	0.03	-44500	
28/10/2010 09:44:07	TASTEGGIO	1	0	6000	45978	125922	105	-7	0.12	0.12	24500	
28/10/2010 09:44:27	TASTEGGIO	1	0	6000	45978	101482	110	-19	0.06	0.06	0	
28/10/2010 09:44:45	TASTEGGIO	0	1	6000	45978	101482	107	-24	0.17	0.17	0	
28/10/2010 09:44:59	TASTEGGIO	0	1	6000	45978	101482	58	-1	0.16	0.16	0	
28/10/2010 09:45:15	TASTEGGIO	0	1	6000	45978	101480	103	-8	0.09	0.09	0	
28/10/2010 09:45:32	TASTEGGIO	0	2	6000	45978	101480	110	-5	0.03	0.03	0	
28/10/2010 09:45:42	TASTEGGIO	0	2	6000	45978	125744	110	-5	0.04	0.06	-44500	
28/10/2010 09:46:03	TASTEGGIO	1	0	6000	45978	170133	105	-29	0.22	0.22	0	
28/10/2010 09:46:16	TASTEGGIO	0	1	6000	45978	170148	24	-1	0.22	0.22	0	
28/10/2010 09:46:31	TASTEGGIO	0	1	6000	45978	170157	90	-11	0.11	0.11	0	
28/10/2010 09:46:48	TASTEGGIO	0	0	6000	45978	170166	109	-22	0.10	0.10	0	
28/10/2010 09:47:04	TASTEGGIO	0	1	6000	45978	170167	99	-5	0.05	0.05	0	
28/10/2010 09:47:20	TASTEGGIO	0	0	6000	45978	170169	104	-11	0.07	0.07	0	
28/10/2010 09:47:36	TASTEGGIO	0	1	6000	45978	170174	94	-16	0.09	0.09	0	
28/10/2010 09:47:52	TASTEGGIO	0	1	6000	45978	170174	82	-7	0.03	0.03	0	
28/10/2010 09:48:02	TASTEGGIO	0	1	6000	45978	125874	82	-7	0.02	0.04	44500	
28/10/2010 09:50:09	TASTEGGIO	0	1	6000	45978	125911	82	-7	0.12	0.12	0	
28/10/2010 09:50:29	TASTEGGIO	1	0	6000	45978	125919	110	-42	0.28	0.28	0	
28/10/2010 09:50:42	TASTEGGIO	0	1	6000	45978	125919	44	-2	0.27	0.27	0	
28/10/2010 09:50:59	TASTEGGIO	0	1	6000	45978	125919	122	-42	0.14	0.14	0	
28/10/2010 09:51:17	TASTEGGIO	0	1	6000	45978	125919	114	-29	0.17	0.17	0	
28/10/2010 09:51:35	TASTEGGIO	0	1	6000	45978	125919	93	-19	0.06	0.06	0	
28/10/2010 09:51:52	TASTEGGIO	0	1	6000	45978	125918	90	-21	0.15	0.15	0	
28/10/2010 09:52:07	TASTEGGIO	0	1	6000	45978	125919	52	-2	0.13	0.13	0	
28/10/2010 09:52:23	TASTEGGIO	0	2	6000	45978	125919	74	-3	0.10	0.10	0	
28/10/2010 09:52:40	TASTEGGIO	0	3	6000	45978	125919	87	-7	0.03	0.03	0	
28/10/2010 09:52:48	TASTEGGIO	0	3	6000	45978	125912	87	-7	0.03	0.05	24500	
28/10/2010 09:53:09	TASTEGGIO	1	0	6000	45978	101474	104	-22	0.17	0.17	0	
28/10/2010 09:53:22	TASTEGGIO	0	1	6000	45978	101472	46	-1	0.16	0.16	0	
28/10/2010 09:53:38	TASTEGGIO	0	1	6000	45978	101472	91	-4	0.11	0.11	0	
28/10/2010 09:53:54	TASTEGGIO	0	2	6000	45978	101471	101	-10	0.02	0.02	0	
28/10/2010 09:54:04	TASTEGGIO	0	2	6000	45978	125753	101	-10	0.02	0.02	0	
28/10/2010 09:56:13	TASTEGGIO	0	2	6000	45978	125909	101	-10	0.13	0.14	-24500	
28/10/2010 09:56:34	TASTEGGIO	1	0	6000	45978	150304	111	-37	0.21	0.21	0	
28/10/2010 09:56:51	TASTEGGIO	0	1	6000	45978	150306	79	-10	0.12	0.12	0	
28/10/2010 09:57:08	TASTEGGIO	0	2	6000	45978	150307	88	-13	0.01	0.01	0	
28/10/2010 09:57:17	TASTEGGIO	0	2	6000	45978	125900	88	-13	0.02	0.03	24500	
28/10/2010 09:58:29	ALARM 17	proc 12 prog 10 step 47	LavoroTerminato
28/10/2010 12:02:46	ALARM 401		
28/10/2010 12:02:48	INIT OK
28/10/2010 12:11:34	ALARM 401		
28/10/2010 12:11:36	INIT OK
28/10/2010 12:32:20	ALARM 401		
28/10/2010 12:43:19	ALARM 713	proc 12 prog 66 step 48	axis 2 pos 20.00
28/10/2010 12:52:58	ALARM 702		Fld_write_mem 96
28/10/2010 12:53:07	ALARM 401		
28/10/2010 12:56:14	ALARM 401		
28/10/2010 12:56:16	INIT OK
28/10/2010 12:56:39	ALARM 702		Fld_write_mem 96
28/10/2010 12:56:45	ALARM 401		
28/10/2010 12:59:40	ALARM 401		
28/10/2010 12:59:42	INIT OK
28/10/2010 12:59:53	ALARM 401		
28/10/2010 12:59:55	ALARM 401		
28/10/2010 12:59:55	ALARM 401		
28/10/2010 13:02:38	ALARM 401		
28/10/2010 13:02:48	ALARM 401		
28/10/2010 13:03:17	ALARM 401		
28/10/2010 13:03:18	ALARM 401		
28/10/2010 13:05:45	ALARM 401		
28/10/2010 13:05:47	INIT OK
28/10/2010 13:06:07	ALARM 401		
28/10/2010 13:06:08	ALARM 401		
28/10/2010 13:06:08	ALARM 401		
28/10/2010 13:10:49	ALARM 401		
28/10/2010 13:10:51	INIT OK
28/10/2010 13:25:27	ALARM 401		
28/10/2010 13:51:56	ALARM 401		
28/10/2010 13:53:54	ALARM 401		
28/10/2010 13:53:56	INIT OK
28/10/2010 14:33:26	ALARM 401		
28/10/2010 14:35:54	ALARM 401		
28/10/2010 14:35:56	INIT OK
28/10/2010 14:38:54	ALARM 401		
28/10/2010 14:38:56	INIT OK
28/10/2010 14:45:53	ALARM 401		
28/10/2010 14:45:55	INIT OK
28/10/2010 14:55:53	ALARM 401		
28/10/2010 15:00:47	ALARM 401		
