13/09/2011 16:07:09	ALARM 201		err.6058
13/09/2011 16:07:36	TASTEGGIO	1	0	5600	44408	160767	250	-2	0.04	0.21	120300	
13/09/2011 16:07:59	TASTEGGIO	1	0	5600	44408	40539	93	-1	0.10	0.10	0	
13/09/2011 16:08:11	TASTEGGIO	1	0	5600	44408	160762	93	-1	0.05	0.20	120300	
13/09/2011 16:08:14	ALARM 401		
13/09/2011 16:08:17	ALARM 401		
13/09/2011 16:08:46	TASTEGGIO	1	0	5600	44408	160762	93	-1	0.04	0.20	120300	
13/09/2011 16:09:09	TASTEGGIO	1	0	5600	44408	40538	78	-1	0.09	0.09	0	
13/09/2011 16:09:21	TASTEGGIO	1	0	5600	44408	160761	78	-1	0.04	0.21	120300	
13/09/2011 16:09:42	TASTEGGIO	1	0	5600	44408	40531	80	-2	0.09	0.09	0	
13/09/2011 16:09:54	TASTEGGIO	1	0	5600	44408	160752	80	-2	0.05	0.20	120300	
13/09/2011 16:10:16	TASTEGGIO	1	0	5600	44408	40520	78	-1	0.10	0.10	0	
13/09/2011 16:10:28	TASTEGGIO	1	0	5600	44408	160769	78	-1	0.05	0.20	120300	
13/09/2011 16:10:50	TASTEGGIO	1	0	5600	44408	40531	78	-1	0.10	0.10	0	
13/09/2011 16:11:02	TASTEGGIO	1	0	5600	44408	160756	78	-1	0.05	0.20	120300	
13/09/2011 16:11:06	ALARM 401		
13/09/2011 16:11:09	ALARM 401		
13/09/2011 16:11:10	ALARM 401		
13/09/2011 16:11:11	ALARM 401		
13/09/2011 16:13:39	TASTEGGIO	1	0	5600	44407	161158	78	-1	0.03	0.19	120300	
13/09/2011 16:14:02	TASTEGGIO	1	0	5600	44407	40897	76	-1	0.15	0.15	0	
13/09/2011 16:14:18	TASTEGGIO	0	1	5600	44407	40899	87	-1	0.15	0.15	0	
13/09/2011 16:14:36	TASTEGGIO	0	2	5600	44407	40897	117	-1	0.14	0.14	0	
13/09/2011 16:14:48	TASTEGGIO	0	2	5600	44407	160853	117	-1	0.02	0.19	120300	
13/09/2011 16:15:10	TASTEGGIO	1	0	5600	44407	40618	76	0	0.15	0.15	0	
13/09/2011 16:15:27	TASTEGGIO	0	1	5600	44407	40610	87	-1	0.15	0.15	0	
13/09/2011 16:15:43	TASTEGGIO	0	2	5600	44407	40605	117	-1	0.15	0.15	0	
13/09/2011 16:16:02	TASTEGGIO	0	3	5600	44407	40598	162	-2	0.15	0.15	0	
13/09/2011 16:16:22	TASTEGGIO	0	4	5600	44407	40592	222	-4	0.10	0.10	0	
13/09/2011 16:16:34	TASTEGGIO	0	4	5600	44407	160853	222	-4	0.02	0.19	120300	
13/09/2011 16:18:29	TASTEGGIO	0	4	5600	44408	161175	222	-4	0.16	0.25	120300	
13/09/2011 16:18:53	TASTEGGIO	1	0	5600	44408	40898	87	-2	0.08	0.08	0	
13/09/2011 16:19:05	TASTEGGIO	1	0	5600	44408	160862	87	-2	0.16	0.26	120300	
13/09/2011 16:19:27	TASTEGGIO	1	0	5600	44408	40632	88	-1	0.07	0.07	0	
13/09/2011 16:19:39	TASTEGGIO	1	0	5600	44408	160855	88	-1	0.17	0.26	120300	
13/09/2011 16:20:02	TASTEGGIO	1	0	5600	44408	40624	88	-1	0.07	0.07	0	
13/09/2011 16:20:14	TASTEGGIO	1	0	5600	44408	160848	88	-1	0.16	0.26	120300	
13/09/2011 16:20:36	TASTEGGIO	1	0	5600	44408	40612	88	-1	0.07	0.07	0	
13/09/2011 16:20:47	TASTEGGIO	1	0	5600	44408	160863	88	-1	0.17	0.26	120300	
13/09/2011 16:21:09	TASTEGGIO	1	0	5600	44408	40627	88	-1	0.07	0.07	0	
13/09/2011 16:21:21	TASTEGGIO	1	0	5600	44408	160856	88	-1	0.16	0.25	120300	
13/09/2011 16:21:44	TASTEGGIO	1	0	5600	44408	40618	87	-1	0.07	0.07	0	
13/09/2011 16:21:56	TASTEGGIO	1	0	5600	44408	160856	87	-1	0.17	0.26	120300	
13/09/2011 16:22:19	TASTEGGIO	1	0	5600	44408	40620	88	-1	0.07	0.07	0	
13/09/2011 16:22:31	TASTEGGIO	1	0	5600	44408	160855	88	-1	0.17	0.25	120300	
13/09/2011 16:22:53	TASTEGGIO	1	0	5600	44408	40622	87	-1	0.07	0.07	0	
13/09/2011 16:23:05	TASTEGGIO	1	0	5600	44408	160854	87	-1	0.16	0.26	120300	
13/09/2011 16:23:28	TASTEGGIO	1	0	5600	44408	40620	88	-1	0.07	0.07	0	
13/09/2011 16:23:40	TASTEGGIO	1	0	5600	44408	160855	88	-1	0.16	0.26	120300	
13/09/2011 16:24:02	TASTEGGIO	1	0	5600	44408	40623	88	-1	0.07	0.07	0	
13/09/2011 16:24:14	TASTEGGIO	1	0	5600	44408	160848	88	-1	0.16	0.25	120300	
13/09/2011 16:24:17	ALARM 401		
13/09/2011 16:24:20	ALARM 201		err.6059
13/09/2011 16:26:39	TASTEGGIO	1	0	5600	44408	161082	88	-1	0.34	0.37	82800	
13/09/2011 16:27:01	ALARM 401		
13/09/2011 16:27:04	ALARM 401		
13/09/2011 16:27:06	ALARM 401		
13/09/2011 16:27:29	TASTEGGIO	1	0	5600	44408	160757	107	-8	0.30	0.33	82800	
13/09/2011 16:27:54	TASTEGGIO	1	0	5600	44408	78024	109	0	0.32	0.32	0	
13/09/2011 16:28:14	TASTEGGIO	0	1	5600	44408	78013	140	-3	0.27	0.27	0	
13/09/2011 16:28:34	TASTEGGIO	0	2	5600	44408	78007	185	-13	0.13	0.13	0	
13/09/2011 16:28:46	TASTEGGIO	0	2	5600	44408	160754	185	-13	0.21	0.31	120300	
13/09/2011 16:29:08	TASTEGGIO	1	0	5600	44408	40524	105	-1	0.11	0.11	0	
13/09/2011 16:29:20	TASTEGGIO	1	0	5600	44408	160763	105	-1	0.21	0.30	120300	
13/09/2011 16:29:43	TASTEGGIO	1	0	5600	44408	40526	103	-1	0.12	0.12	0	
13/09/2011 16:29:55	TASTEGGIO	1	0	5600	44408	160765	103	-1	0.21	0.30	120300	
13/09/2011 16:29:57	ALARM 401		
13/09/2011 16:32:20	TASTEGGIO	1	0	5600	44408	161075	103	-1	0.14	0.14	0	
13/09/2011 16:34:15	TASTEGGIO	1	0	5600	44407	161071	103	-1	0.20	0.24	120300	
13/09/2011 16:34:37	TASTEGGIO	1	0	5600	44407	40818	91	-2	0.09	0.09	0	
13/09/2011 16:34:49	TASTEGGIO	1	0	5600	44407	160768	91	-2	0.20	0.24	120300	
13/09/2011 16:35:12	TASTEGGIO	1	0	5600	44407	40539	91	-1	0.09	0.09	0	
13/09/2011 16:35:24	TASTEGGIO	1	0	5600	44407	160770	91	-1	0.21	0.24	120300	
13/09/2011 16:35:43	ALARM 401		
13/09/2011 16:35:46	ALARM 401		
13/09/2011 16:35:46	ALARM 401		
13/09/2011 16:37:15	ALARM 401		
13/09/2011 16:37:19	ALARM 201		err.6059
13/09/2011 16:37:22	ALARM 401		
13/09/2011 16:37:23	ALARM 401		
13/09/2011 16:37:24	ALARM 401		
13/09/2011 16:37:25	ALARM 401		
13/09/2011 16:37:25	ALARM 401		
13/09/2011 16:37:42	ALARM 406		
14/09/2011 07:21:34	ALARM 401		
14/09/2011 07:21:35	INIT OK
14/09/2011 07:23:14	ALARM 401		
14/09/2011 07:23:14	ALARM 401		
14/09/2011 07:23:16	ALARM 401		
14/09/2011 07:29:31	TASTEGGIO	0	0	5600	44408	160977	0	0	0.16	0.25	-82000	
14/09/2011 07:29:51	ALARM 18	proc 1 prog 2 step 3	Tondo Non Presente Su Carrello 1
14/09/2011 07:30:16	ALARM 201		err.6058
14/09/2011 07:30:48	TASTEGGIO	1	0	5600	44408	160958	263	0	0.46	0.46	0	
14/09/2011 07:31:08	ALARM 18	proc 1 prog 2 step 3	Tondo Non Presente Su Carrello 1
14/09/2011 07:31:16	ALARM 201		err.6058
14/09/2011 07:31:35	TASTEGGIO	1	0	5600	44408	160956	315	0	2.47	2.47	0	
14/09/2011 07:32:01	TASTEGGIO	1	0	5600	44408	160959	400	-214	1.06	1.06	0	
14/09/2011 07:32:18	ALARM 19	proc 1 prog 2 step 8	Tondo Non Presente Su Carrello 2
14/09/2011 07:32:27	ALARM 201		err.6058
14/09/2011 07:32:51	ALARM 218	proc 12 prog 83 step 13	go_abs 3 cmd 11
14/09/2011 07:33:44	ALARM 203		err.6058
14/09/2011 07:34:11	TASTEGGIO	0	0	5600	44408	160954	400	0	1.67	1.67	0	
14/09/2011 07:34:36	TASTEGGIO	1	0	5600	44408	160958	400	-258	0.93	0.93	0	
14/09/2011 07:34:53	ALARM 19	proc 1 prog 2 step 8	Tondo Non Presente Su Carrello 2
14/09/2011 07:35:04	ALARM 201		err.6058
14/09/2011 07:41:47	TASTEGGIO	0	1	5600	44408	161063	348	0	0.13	0.16	82800	
14/09/2011 07:42:46	ALARM 17	proc 12 prog 10 step 47	LavoroTerminato
14/09/2011 07:45:36	TASTEGGIO	0	1	5600	44409	161072	348	0	0.36	0.52	120300	
14/09/2011 07:45:57	ALARM 19	proc 1 prog 2 step 8	Tondo Non Presente Su Carrello 2
14/09/2011 07:46:17	ALARM 201		err.6058
14/09/2011 07:49:37	TASTEGGIO	1	0	5600	44409	160764	331	0	0.24	0.49	120300	
14/09/2011 07:49:58	ALARM 19	proc 1 prog 2 step 8	Tondo Non Presente Su Carrello 2
14/09/2011 07:50:11	ALARM 201		err.6058
14/09/2011 07:50:32	TASTEGGIO	1	0	5600	44409	160745	323	0	0.21	0.48	120300	
14/09/2011 07:50:54	ALARM 19	proc 1 prog 2 step 8	Tondo Non Presente Su Carrello 2
14/09/2011 07:51:03	ALARM 201		err.6058
14/09/2011 07:54:15	TASTEGGIO	1	0	5600	44409	160756	321	0	0.22	0.47	120300	
14/09/2011 07:54:36	ALARM 19	proc 1 prog 2 step 8	Tondo Non Presente Su Carrello 2
14/09/2011 07:55:14	ALARM 201		err.6058
14/09/2011 07:55:56	ALARM 28	proc 5 prog 72 step 15	Pressa appoggiata sul tondo
14/09/2011 08:22:37	TASTEGGIO	1	0	6000	45977	89356	318	0	0.14	0.15	-24500	
14/09/2011 08:22:56	TASTEGGIO	1	0	6000	45977	113829	85	-1	0.15	0.15	0	
14/09/2011 08:23:14	TASTEGGIO	0	1	6000	45977	113838	100	0	0.15	0.15	0	
14/09/2011 08:23:31	TASTEGGIO	0	2	6000	45977	113840	130	0	0.14	0.14	0	
14/09/2011 08:23:40	TASTEGGIO	0	2	6000	45977	89506	130	0	0.13	0.15	44500	
14/09/2011 08:24:00	TASTEGGIO	1	0	6000	45977	45038	85	0	0.14	0.14	0	
14/09/2011 08:24:10	TASTEGGIO	1	0	6000	45977	89337	85	0	0.13	0.15	44500	
14/09/2011 08:24:30	TASTEGGIO	1	0	6000	45977	44885	85	0	0.14	0.14	0	
14/09/2011 08:24:40	TASTEGGIO	1	0	6000	45977	89328	85	0	0.13	0.15	44500	
14/09/2011 08:25:00	TASTEGGIO	1	0	6000	45977	44883	85	-1	0.14	0.14	0	
14/09/2011 08:25:10	TASTEGGIO	1	0	6000	45977	89324	85	-1	0.14	0.15	44500	
14/09/2011 08:25:30	TASTEGGIO	1	0	6000	45977	44885	85	0	0.14	0.14	0	
14/09/2011 08:25:40	TASTEGGIO	1	0	6000	45977	89321	85	0	0.13	0.15	44500	
14/09/2011 08:25:59	TASTEGGIO	1	0	6000	45977	44875	85	0	0.14	0.14	0	
14/09/2011 08:26:10	TASTEGGIO	1	0	6000	45977	89319	85	0	0.13	0.15	44500	
14/09/2011 08:26:29	TASTEGGIO	1	0	6000	45977	44877	85	0	0.14	0.14	0	
14/09/2011 08:26:39	TASTEGGIO	1	0	6000	45977	89315	85	0	0.13	0.15	44500	
14/09/2011 08:26:59	TASTEGGIO	1	0	6000	45977	44880	85	0	0.14	0.14	0	
14/09/2011 08:27:09	TASTEGGIO	1	0	6000	45977	89314	85	0	0.13	0.14	44500	
14/09/2011 08:27:29	TASTEGGIO	1	0	6000	45977	44876	83	0	0.14	0.14	0	
14/09/2011 08:27:45	TASTEGGIO	0	1	6000	45977	44877	97	0	0.14	0.14	0	
14/09/2011 08:28:01	TASTEGGIO	0	2	6000	45977	44878	125	0	0.13	0.13	0	
14/09/2011 08:28:18	TASTEGGIO	0	3	6000	45977	44880	161	0	0.13	0.13	0	
14/09/2011 08:28:37	TASTEGGIO	0	4	6000	45977	44881	213	-1	0.13	0.13	0	
14/09/2011 08:28:56	TASTEGGIO	0	5	6000	45977	44881	278	-4	0.09	0.09	0	
14/09/2011 08:29:16	TASTEGGIO	0	6	6000	45977	44881	293	-7	0.05	0.05	0	
14/09/2011 08:29:26	TASTEGGIO	0	6	6000	45977	89323	293	-7	0.06	0.07	-24500	
14/09/2011 08:31:16	TASTEGGIO	0	6	6000	45977	89503	293	-7	0.13	0.13	0	
14/09/2011 08:31:31	TASTEGGIO	1	0	6000	45977	89516	81	-1	0.13	0.13	0	
14/09/2011 08:31:44	TASTEGGIO	0	1	6000	45977	89518	94	0	0.13	0.13	0	
14/09/2011 08:32:00	TASTEGGIO	0	2	6000	45977	89525	120	0	0.13	0.13	0	
14/09/2011 08:32:19	TASTEGGIO	0	3	6000	45977	89528	159	0	0.12	0.12	0	
14/09/2011 08:32:39	TASTEGGIO	0	4	6000	45977	89528	203	-1	0.11	0.11	0	
14/09/2011 08:33:01	TASTEGGIO	0	5	6000	45977	89529	253	-11	0.04	0.04	0	
14/09/2011 08:33:09	TASTEGGIO	0	5	6000	45977	89502	253	-11	0.04	0.06	-44500	
14/09/2011 08:34:59	TASTEGGIO	0	5	6000	45977	89512	253	-11	0.04	0.07	-24500	
14/09/2011 08:36:49	TASTEGGIO	0	5	6000	45977	89507	253	-11	0.06	0.09	24500	
14/09/2011 08:37:07	TASTEGGIO	1	0	6000	45977	65046	75	-2	0.07	0.07	0	
14/09/2011 08:37:17	TASTEGGIO	1	0	6000	45977	89339	75	-2	0.07	0.08	24500	
14/09/2011 08:39:07	TASTEGGIO	1	0	6000	45975	89508	75	-2	0.14	0.14	0	
14/09/2011 08:39:23	TASTEGGIO	1	0	6000	45975	89529	83	-2	0.13	0.13	0	
14/09/2011 08:39:37	TASTEGGIO	0	1	6000	45975	89529	95	0	0.13	0.13	0	
14/09/2011 08:39:53	TASTEGGIO	0	2	6000	45975	89533	121	0	0.13	0.13	0	
14/09/2011 08:40:13	TASTEGGIO	0	3	6000	45975	89536	160	-1	0.13	0.13	0	
14/09/2011 08:40:33	TASTEGGIO	0	4	6000	45975	89535	212	-6	0.08	0.08	0	
14/09/2011 08:40:41	TASTEGGIO	0	4	6000	45975	89501	212	-6	0.08	0.09	44500	
14/09/2011 08:41:01	TASTEGGIO	1	0	6000	45975	45024	75	0	0.08	0.08	0	
14/09/2011 08:41:11	TASTEGGIO	1	0	6000	45975	89339	75	0	0.09	0.09	0	
14/09/2011 08:41:27	TASTEGGIO	1	0	6000	45975	89339	75	0	0.09	0.09	0	
14/09/2011 08:41:40	TASTEGGIO	0	1	6000	45975	89341	84	0	0.09	0.09	0	
14/09/2011 08:41:55	TASTEGGIO	0	2	6000	45975	89347	102	0	0.09	0.09	0	
14/09/2011 08:42:12	TASTEGGIO	0	3	6000	45975	89352	129	0	0.09	0.09	0	
14/09/2011 08:42:31	TASTEGGIO	0	4	6000	45975	89353	165	0	0.09	0.09	0	
14/09/2011 08:42:52	TASTEGGIO	0	5	6000	45975	89353	210	-7	0.04	0.04	0	
14/09/2011 08:43:00	TASTEGGIO	0	5	6000	45975	89371	210	-7	0.04	0.10	44500	
14/09/2011 08:43:20	TASTEGGIO	1	0	6000	45975	44918	76	0	0.11	0.11	0	
14/09/2011 08:43:35	TASTEGGIO	0	1	6000	45975	44919	88	0	0.11	0.11	0	
14/09/2011 08:43:51	TASTEGGIO	0	2	6000	45975	44922	110	0	0.11	0.11	0	
14/09/2011 08:44:08	TASTEGGIO	0	3	6000	45975	44925	143	0	0.11	0.11	0	
14/09/2011 08:44:26	TASTEGGIO	0	4	6000	45975	44926	187	0	0.10	0.10	0	
14/09/2011 08:44:44	TASTEGGIO	0	5	6000	45975	44926	232	-2	0.09	0.09	0	
14/09/2011 08:45:05	TASTEGGIO	0	6	6000	45975	44927	280	-15	0.07	0.07	0	
14/09/2011 08:45:16	TASTEGGIO	0	6	6000	45975	89336	280	-15	0.10	0.10	0	
14/09/2011 08:45:32	TASTEGGIO	1	0	6000	45975	89336	76	-1	0.09	0.09	0	
14/09/2011 08:45:45	TASTEGGIO	0	1	6000	45975	89339	84	0	0.09	0.09	0	
14/09/2011 08:46:00	TASTEGGIO	0	2	6000	45975	89345	102	0	0.09	0.09	0	
14/09/2011 08:46:16	TASTEGGIO	0	3	6000	45975	89349	129	0	0.09	0.09	0	
14/09/2011 08:46:37	TASTEGGIO	0	4	6000	45975	89349	165	-1	0.08	0.08	0	
14/09/2011 08:46:44	TASTEGGIO	0	4	6000	45975	89363	165	-1	0.09	0.09	0	
14/09/2011 08:47:00	TASTEGGIO	1	0	6000	45975	89363	75	0	0.09	0.09	0	
14/09/2011 08:47:14	TASTEGGIO	0	1	6000	45975	89367	84	0	0.09	0.09	0	
14/09/2011 08:47:28	TASTEGGIO	0	2	6000	45975	89371	102	0	0.09	0.09	0	
14/09/2011 08:47:44	TASTEGGIO	0	3	6000	45975	89376	129	0	0.09	0.09	0	
14/09/2011 08:48:05	TASTEGGIO	0	4	6000	45975	89377	165	0	0.08	0.08	0	
14/09/2011 08:48:12	TASTEGGIO	0	4	6000	45975	89385	165	0	0.09	0.09	0	
14/09/2011 08:48:28	TASTEGGIO	1	0	6000	45975	89389	75	0	0.09	0.09	0	
14/09/2011 08:50:27	TASTEGGIO	0	1	6000	45977	89413	84	0	1.08	1.08	0	
14/09/2011 08:50:48	TASTEGGIO	1	0	6000	45977	89427	241	-2	1.07	1.07	0	
14/09/2011 08:51:11	TASTEGGIO	0	1	6000	45977	89429	347	-37	0.71	0.71	0	
14/09/2011 08:51:33	TASTEGGIO	0	2	6000	45977	89436	400	-87	0.15	0.15	0	
14/09/2011 08:51:56	TASTEGGIO	0	1	6000	45977	89442	396	-225	2.17	2.17	0	
14/09/2011 08:52:10	TASTEGGIO	0	1	6000	45977	89443	0	-27	1.88	1.88	0	
14/09/2011 08:52:29	TASTEGGIO	0	2	6000	45977	89443	325	-57	1.30	1.30	0	
14/09/2011 08:52:52	TASTEGGIO	0	3	6000	45977	89443	400	-119	0.10	0.10	0	
14/09/2011 08:53:00	TASTEGGIO	0	3	6000	45977	89411	400	-119	0.10	0.21	44500	
14/09/2011 08:53:19	TASTEGGIO	1	0	6000	45977	44932	95	0	0.20	0.20	0	
14/09/2011 08:53:36	TASTEGGIO	0	1	6000	45977	44936	114	0	0.20	0.20	0	
14/09/2011 08:53:51	TASTEGGIO	0	2	6000	45977	44944	154	0	0.21	0.21	0	
14/09/2011 08:54:11	TASTEGGIO	0	3	6000	45977	44951	220	0	0.21	0.21	0	
14/09/2011 08:54:31	TASTEGGIO	0	4	6000	45977	44956	304	-27	0.09	0.09	0	
14/09/2011 08:54:41	TASTEGGIO	0	4	6000	45977	89234	304	-27	0.18	0.18	0	
14/09/2011 08:54:58	TASTEGGIO	1	0	6000	45977	89232	90	-14	0.06	0.06	0	
14/09/2011 08:55:05	TASTEGGIO	1	0	6000	45977	89239	90	-14	0.06	0.13	-44500	
14/09/2011 08:55:26	TASTEGGIO	1	0	6000	45977	133680	81	-1	0.14	0.14	0	
14/09/2011 08:55:42	TASTEGGIO	0	1	6000	45977	133686	96	0	0.13	0.13	0	
14/09/2011 08:55:58	TASTEGGIO	0	2	6000	45977	133692	120	0	0.13	0.13	0	
14/09/2011 08:56:16	TASTEGGIO	0	3	6000	45977	133698	159	0	0.12	0.12	0	
14/09/2011 08:56:26	TASTEGGIO	0	3	6000	45977	89415	159	0	0.07	0.13	-44500	
14/09/2011 08:58:16	TASTEGGIO	0	3	6000	45976	89414	159	0	0.06	0.15	44500	
14/09/2011 08:58:36	TASTEGGIO	1	0	6000	45976	44934	85	-1	0.16	0.16	0	
14/09/2011 08:58:52	TASTEGGIO	0	1	6000	45976	44940	102	0	0.15	0.15	0	
14/09/2011 08:59:09	TASTEGGIO	0	2	6000	45976	44947	130	0	0.16	0.16	0	
14/09/2011 08:59:26	TASTEGGIO	0	3	6000	45976	44956	181	-1	0.15	0.15	0	
14/09/2011 08:59:46	TASTEGGIO	0	4	6000	45976	44962	237	-1	0.14	0.14	0	
14/09/2011 08:59:56	TASTEGGIO	0	4	6000	45976	89234	237	-1	0.05	0.14	44500	
14/09/2011 09:00:16	TASTEGGIO	1	0	6000	45976	44781	83	0	0.15	0.15	0	
14/09/2011 09:00:31	TASTEGGIO	0	1	6000	45976	44783	99	0	0.14	0.14	0	
14/09/2011 09:00:48	TASTEGGIO	0	2	6000	45976	44786	125	0	0.14	0.14	0	
14/09/2011 09:01:05	TASTEGGIO	0	3	6000	45976	44789	167	-1	0.14	0.14	0	
14/09/2011 09:01:25	TASTEGGIO	0	4	6000	45976	44790	223	0	0.14	0.14	0	
14/09/2011 09:01:44	TASTEGGIO	0	5	6000	45976	44791	293	-18	0.06	0.06	0	
14/09/2011 09:01:55	TASTEGGIO	0	5	6000	45976	89231	293	-18	0.09	0.09	24500	
14/09/2011 09:03:45	TASTEGGIO	0	5	6000	45976	89505	293	-18	0.22	0.25	-44500	
14/09/2011 09:04:05	TASTEGGIO	1	0	6000	45976	133948	102	-1	0.24	0.24	0	
14/09/2011 09:04:22	TASTEGGIO	0	1	6000	45976	133956	125	0	0.24	0.24	0	
14/09/2011 09:04:39	TASTEGGIO	0	2	6000	45976	133963	173	0	0.23	0.23	0	
14/09/2011 09:04:58	TASTEGGIO	0	3	6000	45976	133970	239	-4	0.20	0.20	0	
14/09/2011 09:05:18	TASTEGGIO	0	4	6000	45976	133979	308	-32	0.14	0.14	0	
14/09/2011 09:05:28	TASTEGGIO	0	4	6000	45976	89525	308	-32	0.15	0.16	-24500	
14/09/2011 09:05:49	TASTEGGIO	1	0	6000	45976	113971	86	-3	0.12	0.12	0	
14/09/2011 09:05:58	TASTEGGIO	1	0	6000	45976	89515	86	-3	0.12	0.16	44500	
14/09/2011 09:06:18	TASTEGGIO	1	0	6000	45976	45036	86	0	0.16	0.16	0	
14/09/2011 09:06:35	TASTEGGIO	0	1	6000	45976	45041	102	0	0.16	0.16	0	
14/09/2011 09:06:51	TASTEGGIO	0	2	6000	45976	45048	134	0	0.18	0.18	0	
14/09/2011 09:07:08	TASTEGGIO	0	3	6000	45976	45057	194	0	0.16	0.16	0	
14/09/2011 09:07:29	TASTEGGIO	0	4	6000	45976	45061	250	-1	0.16	0.16	0	
14/09/2011 09:07:50	TASTEGGIO	0	5	6000	45976	45065	330	-24	0.09	0.09	0	
14/09/2011 09:08:01	TASTEGGIO	0	5	6000	45976	89335	330	-24	0.05	0.10	44500	
14/09/2011 09:08:21	TASTEGGIO	1	0	6000	45976	44875	76	-2	0.07	0.07	0	
14/09/2011 09:08:31	TASTEGGIO	1	0	6000	45976	89319	76	-2	0.05	0.07	44500	
14/09/2011 09:10:21	TASTEGGIO	1	0	6000	45976	89609	76	-2	0.03	0.06	24500	
14/09/2011 09:12:11	TASTEGGIO	1	0	6000	45977	89698	76	-2	0.06	0.09	-24500	
14/09/2011 09:14:00	TASTEGGIO	1	0	6000	45976	89512	76	-2	0.11	0.17	-44500	
14/09/2011 09:14:20	TASTEGGIO	1	0	6000	45976	133972	88	-1	0.17	0.17	0	
14/09/2011 09:14:36	TASTEGGIO	0	1	6000	45976	133976	105	0	0.17	0.17	0	
14/09/2011 09:14:54	TASTEGGIO	0	2	6000	45976	133983	139	0	0.17	0.17	0	
14/09/2011 09:15:11	TASTEGGIO	0	3	6000	45976	133987	190	0	0.17	0.17	0	
14/09/2011 09:15:30	TASTEGGIO	0	4	6000	45976	133989	258	-12	0.09	0.09	0	
14/09/2011 09:15:40	TASTEGGIO	0	4	6000	45976	89528	258	-12	0.07	0.09	-44500	
14/09/2011 09:17:29	TASTEGGIO	0	4	6000	45976	89785	258	-12	0.11	0.11	0	
14/09/2011 09:17:45	TASTEGGIO	1	0	6000	45976	89797	78	-1	0.11	0.11	0	
14/09/2011 09:17:59	TASTEGGIO	0	1	6000	45976	89800	89	0	0.11	0.11	0	
14/09/2011 09:18:13	TASTEGGIO	0	2	6000	45976	89800	111	0	0.11	0.11	0	
14/09/2011 09:18:31	TASTEGGIO	0	3	6000	45976	89803	144	0	0.10	0.10	0	
14/09/2011 09:18:51	TASTEGGIO	0	4	6000	45976	89805	180	-1	0.09	0.09	0	
14/09/2011 09:18:59	TASTEGGIO	0	4	6000	45976	89787	180	-1	0.10	0.11	-44500	
14/09/2011 09:19:19	TASTEGGIO	1	0	6000	45976	134225	78	-1	0.11	0.11	0	
14/09/2011 09:19:34	TASTEGGIO	0	1	6000	45976	134231	89	0	0.11	0.11	0	
14/09/2011 09:19:51	TASTEGGIO	0	2	6000	45976	134235	111	0	0.10	0.10	0	
14/09/2011 09:20:08	TASTEGGIO	0	3	6000	45976	134241	138	0	0.10	0.10	0	
14/09/2011 09:20:27	TASTEGGIO	0	4	6000	45976	134246	178	-1	0.08	0.08	0	
14/09/2011 09:20:37	TASTEGGIO	0	4	6000	45976	89793	178	-1	0.10	0.10	0	
14/09/2011 09:20:53	TASTEGGIO	1	0	6000	45976	89808	76	0	0.10	0.10	0	
14/09/2011 09:21:07	TASTEGGIO	0	1	6000	45976	89809	86	0	0.10	0.10	0	
14/09/2011 09:21:21	TASTEGGIO	0	2	6000	45976	89811	106	0	0.10	0.10	0	
14/09/2011 09:21:37	TASTEGGIO	0	3	6000	45976	89817	136	0	0.10	0.10	0	
14/09/2011 09:21:56	TASTEGGIO	0	4	6000	45976	89819	176	-1	0.09	0.09	0	
14/09/2011 09:22:04	TASTEGGIO	0	4	6000	45976	89794	176	-1	0.10	0.10	0	
14/09/2011 09:22:20	TASTEGGIO	1	0	6000	45976	89808	76	0	0.10	0.10	0	
14/09/2011 09:22:33	TASTEGGIO	0	1	6000	45976	89809	86	0	0.10	0.10	0	
14/09/2011 09:22:47	TASTEGGIO	0	2	6000	45976	89809	106	0	0.09	0.09	0	
14/09/2011 09:22:55	TASTEGGIO	0	2	6000	45976	89796	106	0	0.10	0.10	0	
14/09/2011 09:23:10	TASTEGGIO	1	0	6000	45976	89810	76	0	0.10	0.10	0	
14/09/2011 09:23:23	TASTEGGIO	0	1	6000	45976	89811	86	0	0.10	0.10	0	
14/09/2011 09:23:38	TASTEGGIO	0	2	6000	45976	89811	106	0	0.10	0.10	0	
14/09/2011 09:23:56	TASTEGGIO	0	3	6000	45976	89816	136	0	0.10	0.10	0	
14/09/2011 09:24:15	TASTEGGIO	0	4	6000	45976	89819	176	1	0.09	0.09	0	
14/09/2011 09:24:23	TASTEGGIO	0	4	6000	45976	89800	176	1	0.10	0.10	0	
14/09/2011 09:24:38	TASTEGGIO	1	0	6000	45976	89814	76	0	0.10	0.10	0	
14/09/2011 09:24:53	TASTEGGIO	0	1	6000	45976	89815	86	0	0.10	0.10	0	
14/09/2011 09:25:07	TASTEGGIO	0	2	6000	45976	89816	106	0	0.10	0.10	0	
14/09/2011 09:25:15	TASTEGGIO	0	2	6000	45976	89799	106	0	0.10	0.10	0	
14/09/2011 09:27:02	TASTEGGIO	0	2	6000	45977	89613	106	0	0.11	0.16	-44500	
14/09/2011 09:27:23	TASTEGGIO	1	0	6000	45977	134056	86	-1	0.17	0.17	0	
14/09/2011 09:27:38	TASTEGGIO	0	1	6000	45977	134063	104	0	0.17	0.17	0	
14/09/2011 09:27:55	TASTEGGIO	0	2	6000	45977	134070	138	0	0.17	0.17	0	
14/09/2011 09:28:14	TASTEGGIO	0	3	6000	45977	134077	189	0	0.17	0.17	0	
14/09/2011 09:28:33	TASTEGGIO	0	4	6000	45977	134083	257	-15	0.05	0.05	0	
14/09/2011 09:28:43	TASTEGGIO	0	4	6000	45977	89612	257	-15	0.05	0.07	24500	
14/09/2011 09:30:33	TASTEGGIO	0	4	6000	45977	89410	257	-15	0.19	0.19	0	
14/09/2011 09:30:50	TASTEGGIO	1	0	6000	45977	89423	91	-2	0.19	0.19	0	
14/09/2011 09:31:04	TASTEGGIO	0	1	6000	45977	89423	110	0	0.19	0.19	0	
14/09/2011 09:31:21	TASTEGGIO	0	2	6000	45977	89428	148	0	0.18	0.18	0	
14/09/2011 09:31:41	TASTEGGIO	0	3	6000	45977	89430	199	-1	0.18	0.18	0	
14/09/2011 09:32:04	TASTEGGIO	0	4	6000	45977	89434	271	-16	0.06	0.06	0	
14/09/2011 09:32:11	TASTEGGIO	0	4	6000	45977	89403	271	-16	0.06	0.06	0	
14/09/2011 09:34:01	TASTEGGIO	0	4	6000	45976	89505	271	-16	0.09	0.09	0	
14/09/2011 09:35:51	TASTEGGIO	0	4	6000	45976	89501	271	-16	0.07	0.09	-44500	
14/09/2011 09:37:39	TASTEGGIO	0	4	6000	45977	89500	271	-16	0.14	0.15	24500	
14/09/2011 09:37:58	TASTEGGIO	1	0	6000	45977	65050	85	-1	0.16	0.16	0	
14/09/2011 09:38:15	TASTEGGIO	0	1	6000	45977	65048	102	0	0.15	0.15	0	
14/09/2011 09:38:32	TASTEGGIO	0	2	6000	45977	65046	130	0	0.15	0.15	0	
14/09/2011 09:38:50	TASTEGGIO	0	3	6000	45977	65050	175	0	0.15	0.15	0	
14/09/2011 09:39:11	TASTEGGIO	0	4	6000	45977	65054	235	-2	0.12	0.12	0	
14/09/2011 09:39:21	TASTEGGIO	0	4	6000	45977	89347	235	-2	0.12	0.12	0	
14/09/2011 09:39:36	TASTEGGIO	1	0	6000	45977	89347	80	0	0.12	0.12	0	
14/09/2011 09:39:50	TASTEGGIO	0	1	6000	45977	89349	92	0	0.12	0.12	0	
14/09/2011 09:40:05	TASTEGGIO	0	2	6000	45977	89356	116	0	0.12	0.12	0	
14/09/2011 09:40:23	TASTEGGIO	0	3	6000	45977	89358	152	0	0.12	0.12	0	
14/09/2011 09:40:44	TASTEGGIO	0	4	6000	45977	89359	200	-3	0.10	0.10	0	
14/09/2011 09:40:52	TASTEGGIO	0	4	6000	45977	89372	200	-3	0.10	0.10	0	
14/09/2011 09:42:42	TASTEGGIO	0	4	6000	45976	89499	200	-3	0.25	0.59	-44500	
14/09/2011 09:43:04	TASTEGGIO	1	0	6000	45976	133944	159	-1	0.59	0.59	0	
14/09/2011 09:43:22	TASTEGGIO	0	1	6000	45976	133955	218	0	0.58	0.58	0	
14/09/2011 09:43:44	TASTEGGIO	0	2	6000	45976	133965	332	-60	0.10	0.10	0	
14/09/2011 09:43:54	TASTEGGIO	0	2	6000	45976	89513	332	-60	0.22	0.22	0	
14/09/2011 09:44:10	TASTEGGIO	1	0	6000	45976	89527	96	-3	0.19	0.19	0	
14/09/2011 09:44:25	TASTEGGIO	0	1	6000	45976	89528	112	-1	0.19	0.19	0	
14/09/2011 09:44:44	TASTEGGIO	0	2	6000	45976	89533	150	0	0.18	0.18	0	
14/09/2011 09:45:05	TASTEGGIO	0	3	6000	45976	89537	201	-6	0.11	0.11	0	
14/09/2011 09:45:13	TASTEGGIO	0	3	6000	45976	89508	201	-6	0.12	0.12	0	
14/09/2011 09:45:29	TASTEGGIO	1	0	6000	45976	89521	80	0	0.13	0.13	0	
14/09/2011 09:45:42	TASTEGGIO	0	1	6000	45976	89522	94	0	0.12	0.12	0	
14/09/2011 09:45:59	TASTEGGIO	0	2	6000	45976	89524	116	0	0.12	0.12	0	
14/09/2011 09:46:17	TASTEGGIO	0	3	6000	45976	89527	152	0	0.12	0.12	0	
14/09/2011 09:46:38	TASTEGGIO	0	4	6000	45976	89527	200	-2	0.10	0.10	0	
14/09/2011 09:46:45	TASTEGGIO	0	4	6000	45976	89507	200	-2	0.10	0.10	-44500	
14/09/2011 09:48:34	TASTEGGIO	0	4	6000	45977	89591	200	-2	0.07	0.14	-24500	
14/09/2011 09:48:53	TASTEGGIO	1	0	6000	45977	114041	83	-1	0.15	0.15	0	
14/09/2011 09:49:11	TASTEGGIO	0	1	6000	45977	114056	99	0	0.14	0.14	0	
14/09/2011 09:49:29	TASTEGGIO	0	2	6000	45977	114069	125	0	0.14	0.14	0	
14/09/2011 09:49:49	TASTEGGIO	0	3	6000	45977	114074	167	0	0.14	0.14	0	
14/09/2011 09:50:10	TASTEGGIO	0	4	6000	45977	114076	223	-17	0.07	0.07	0	
14/09/2011 09:50:19	TASTEGGIO	0	4	6000	45977	89603	223	-17	0.09	0.09	24500	
14/09/2011 09:51:17	ALARM 17	proc 12 prog 10 step 47	LavoroTerminato
14/09/2011 10:07:54	ALARM 401		
14/09/2011 10:15:33	ALARM 19	proc 12 prog 36 step 77	Tondo Non Presente Su Carrello 2
14/09/2011 10:16:51	ALARM 201		err.6058
14/09/2011 10:16:54	ALARM 19	proc 1 prog 2 step 8	Tondo Non Presente Su Carrello 2
14/09/2011 10:16:58	ALARM 19	proc 1 prog 2 step 8	Tondo Non Presente Su Carrello 2
14/09/2011 10:17:45	ALARM 19	proc 1 prog 2 step 8	Tondo Non Presente Su Carrello 2
14/09/2011 10:21:02	TASTEGGIO	0	4	12000	69496	124879	223	-17	0.11	0.20	44500	
14/09/2011 10:21:28	TASTEGGIO	1	0	12000	69496	80405	230	-14	0.11	0.11	0	
14/09/2011 10:21:39	TASTEGGIO	1	0	12000	69496	124781	230	-14	0.08	0.13	44500	
14/09/2011 10:22:07	TASTEGGIO	1	0	12000	69496	80313	221	-6	0.06	0.06	0	
14/09/2011 10:22:19	TASTEGGIO	1	0	12000	69496	124781	221	-6	0.05	0.10	24500	
14/09/2011 10:22:47	TASTEGGIO	1	0	12000	69496	100308	218	-16	0.08	0.08	0	
14/09/2011 10:22:57	TASTEGGIO	1	0	12000	69496	124782	218	-16	0.19	0.19	0	
14/09/2011 10:23:25	TASTEGGIO	1	0	12000	69496	124793	229	-27	0.10	0.10	0	
14/09/2011 10:23:34	TASTEGGIO	1	0	12000	69496	124796	229	-27	0.09	0.12	44500	
14/09/2011 10:24:03	TASTEGGIO	1	0	12000	69496	80330	220	-8	0.07	0.07	0	
14/09/2011 10:24:14	TASTEGGIO	1	0	12000	69496	124791	220	-8	0.03	0.07	44500	
14/09/2011 10:26:06	TASTEGGIO	1	0	12000	69497	124800	220	-8	1.15	1.15	0	
14/09/2011 10:26:33	TASTEGGIO	1	0	12000	69497	124823	353	-25	0.91	0.91	0	
14/09/2011 10:27:02	TASTEGGIO	0	1	12000	69497	124820	400	-35	0.58	0.58	0	
14/09/2011 10:27:29	TASTEGGIO	0	2	12000	69497	124818	400	-26	0.32	0.32	0	
14/09/2011 10:27:59	TASTEGGIO	0	3	12000	69497	124818	400	-19	0.14	0.14	0	
14/09/2011 10:28:08	TASTEGGIO	0	3	12000	69497	124818	400	-19	0.17	0.24	44500	
14/09/2011 10:28:36	TASTEGGIO	1	0	12000	69497	80336	236	-10	0.17	0.17	0	
14/09/2011 10:28:59	TASTEGGIO	0	1	12000	69497	80336	248	-8	0.11	0.11	0	
14/09/2011 10:29:10	TASTEGGIO	0	1	12000	69497	124781	248	-8	0.07	0.11	44500	
14/09/2011 10:29:37	TASTEGGIO	1	0	12000	69497	80301	219	-1	0.11	0.11	0	
14/09/2011 10:30:00	TASTEGGIO	0	1	12000	69497	80302	230	-1	0.10	0.10	0	
14/09/2011 10:30:23	TASTEGGIO	0	2	12000	69497	80302	248	-3	0.08	0.08	0	
14/09/2011 10:30:34	TASTEGGIO	0	2	12000	69497	124787	248	-3	0.08	0.10	24500	
14/09/2011 10:31:02	TASTEGGIO	1	0	12000	69497	100302	218	-5	0.07	0.07	0	
14/09/2011 10:31:12	TASTEGGIO	1	0	12000	69497	124781	218	-5	0.06	0.06	0	
14/09/2011 10:33:02	TASTEGGIO	1	0	12000	69496	124945	218	-5	1.42	1.42	0	
14/09/2011 10:33:31	TASTEGGIO	1	0	12000	69496	124961	388	-30	1.13	1.13	0	
14/09/2011 10:33:57	TASTEGGIO	0	1	12000	69496	124961	400	-21	0.93	0.93	0	
14/09/2011 10:34:26	TASTEGGIO	0	2	12000	69496	124961	400	-14	0.81	0.81	0	
14/09/2011 10:34:53	TASTEGGIO	0	3	12000	69496	124961	400	-11	0.71	0.71	0	
14/09/2011 10:35:22	TASTEGGIO	0	4	12000	69496	125029	400	-8	0.65	0.65	0	
14/09/2011 10:35:50	TASTEGGIO	0	5	12000	69496	125029	400	-6	0.63	0.63	0	
14/09/2011 10:36:17	TASTEGGIO	0	6	12000	69496	125029	400	-9	0.53	0.53	0	
14/09/2011 10:36:47	TASTEGGIO	0	7	12000	69496	125029	400	-19	0.43	0.43	0	
14/09/2011 10:37:15	TASTEGGIO	0	8	12000	69496	125029	400	-27	0.20	0.20	0	
14/09/2011 10:37:40	TASTEGGIO	0	0	12000	69496	125029	230	-1	0.21	0.21	0	
14/09/2011 10:38:05	TASTEGGIO	0	1	12000	69496	125029	252	0	0.21	0.21	0	
14/09/2011 10:38:30	TASTEGGIO	0	2	12000	69496	125029	294	-1	0.23	0.23	0	
14/09/2011 10:39:00	TASTEGGIO	0	3	12000	69496	125029	369	-11	0.15	0.15	0	
14/09/2011 10:39:29	TASTEGGIO	0	4	12000	69496	125029	388	-24	0.12	0.12	0	
14/09/2011 10:39:38	TASTEGGIO	0	4	12000	69496	124955	388	-24	0.12	0.20	44500	
14/09/2011 10:40:05	TASTEGGIO	1	0	12000	69496	80475	230	-10	0.08	0.08	0	
14/09/2011 10:40:16	TASTEGGIO	1	0	12000	69496	124884	230	-10	0.09	0.12	44500	
14/09/2011 10:40:44	TASTEGGIO	1	0	12000	69496	80405	220	-2	0.10	0.10	0	
14/09/2011 10:41:07	TASTEGGIO	0	1	12000	69496	80405	228	-3	0.08	0.08	0	
14/09/2011 10:41:18	TASTEGGIO	0	1	12000	69496	124881	228	-3	0.11	0.11	0	
14/09/2011 10:41:44	TASTEGGIO	1	0	12000	69496	124895	219	-38	0.27	0.27	0	
14/09/2011 10:42:06	TASTEGGIO	0	1	12000	69496	124899	152	-3	0.24	0.24	0	
14/09/2011 10:42:28	TASTEGGIO	0	2	12000	69496	124899	194	-2	0.26	0.26	0	
14/09/2011 10:42:54	TASTEGGIO	0	3	12000	69496	124899	278	-5	0.18	0.18	0	
14/09/2011 10:43:21	TASTEGGIO	0	4	12000	69496	124900	302	-2	0.16	0.16	0	
14/09/2011 10:43:48	TASTEGGIO	0	5	12000	69496	124901	373	-16	0.08	0.08	0	
14/09/2011 10:43:57	TASTEGGIO	0	5	12000	69496	124902	373	-16	0.06	0.16	44500	
14/09/2011 10:44:25	TASTEGGIO	1	0	12000	69496	80423	225	-1	0.15	0.15	0	
14/09/2011 10:44:47	TASTEGGIO	0	1	12000	69496	80422	239	-2	0.16	0.16	0	
14/09/2011 10:45:13	TASTEGGIO	0	2	12000	69496	80422	273	-7	0.06	0.06	0	
14/09/2011 10:45:24	TASTEGGIO	0	2	12000	69496	124885	273	-7	0.06	0.07	44500	
14/09/2011 10:47:15	TASTEGGIO	0	2	12000	69496	124830	273	-7	0.73	0.73	0	
14/09/2011 10:47:42	TASTEGGIO	1	0	12000	69496	124848	299	-24	0.52	0.52	0	
14/09/2011 10:48:08	TASTEGGIO	0	1	12000	69496	124848	336	-27	0.30	0.30	0	
14/09/2011 10:48:37	TASTEGGIO	0	2	12000	69496	124850	360	-45	0.24	0.24	0	
14/09/2011 10:49:05	TASTEGGIO	0	1	12000	69496	124851	340	-65	0.39	0.39	0	
14/09/2011 10:49:30	TASTEGGIO	0	1	12000	69496	124909	276	-37	0.21	0.21	0	
14/09/2011 10:49:57	TASTEGGIO	0	2	12000	69496	124909	291	-22	0.24	0.24	0	
14/09/2011 10:50:22	TASTEGGIO	0	1	12000	69496	124909	263	-16	0.17	0.17	0	
14/09/2011 10:50:48	TASTEGGIO	0	2	12000	69496	124909	280	-6	0.10	0.10	0	
14/09/2011 10:50:56	TASTEGGIO	0	2	12000	69496	124851	280	-6	0.09	0.17	44500	
14/09/2011 10:51:24	TASTEGGIO	1	0	12000	69496	80367	227	-10	0.11	0.11	0	
14/09/2011 10:51:35	TASTEGGIO	1	0	12000	69496	124781	227	-10	0.07	0.09	44500	
14/09/2011 10:53:27	TASTEGGIO	1	0	12000	69496	124916	227	-10	0.87	0.87	0	
14/09/2011 10:53:54	TASTEGGIO	1	0	12000	69496	124933	317	-23	0.65	0.65	0	
14/09/2011 10:54:20	TASTEGGIO	0	1	12000	69496	124933	365	-32	0.35	0.35	0	
14/09/2011 10:54:47	TASTEGGIO	0	2	12000	69496	124933	391	-38	0.01	0.01	0	
14/09/2011 10:54:56	TASTEGGIO	0	2	12000	69496	124923	391	-38	0.02	0.07	44500	
14/09/2011 10:56:48	TASTEGGIO	0	2	12000	69497	124764	391	-38	1.01	1.01	0	
14/09/2011 10:57:14	TASTEGGIO	1	0	12000	69497	124783	335	-27	0.76	0.76	0	
14/09/2011 10:57:44	TASTEGGIO	0	1	12000	69497	124785	392	-45	0.34	0.34	0	
14/09/2011 10:58:07	TASTEGGIO	0	0	12000	69497	124786	249	-1	0.33	0.33	0	
14/09/2011 10:58:34	TASTEGGIO	0	1	12000	69497	124785	281	-2	0.30	0.30	0	
14/09/2011 10:59:03	TASTEGGIO	0	2	12000	69497	124825	335	-9	0.23	0.23	0	
14/09/2011 10:59:34	TASTEGGIO	0	3	12000	69497	124825	365	-18	0.07	0.07	0	
14/09/2011 10:59:42	TASTEGGIO	0	3	12000	69497	124787	365	-18	0.07	0.27	44500	
14/09/2011 11:00:11	TASTEGGIO	1	0	12000	69497	80307	240	-15	0.12	0.12	0	
14/09/2011 11:00:23	TASTEGGIO	1	0	12000	69497	124705	240	-15	0.03	0.15	44500	
14/09/2011 11:00:51	TASTEGGIO	1	0	12000	69497	80237	224	-2	0.11	0.11	0	
14/09/2011 11:01:02	TASTEGGIO	1	0	12000	69497	124698	224	-2	0.06	0.13	44500	
14/09/2011 11:01:31	TASTEGGIO	1	0	12000	69497	80227	221	-2	0.09	0.09	0	
14/09/2011 11:01:42	TASTEGGIO	1	0	12000	69497	124697	221	-2	0.07	0.10	44500	
14/09/2011 11:02:11	TASTEGGIO	1	0	12000	69497	80224	218	-1	0.09	0.09	0	
14/09/2011 11:02:22	TASTEGGIO	1	0	12000	69497	124696	218	-1	0.06	0.10	44500	
14/09/2011 11:02:50	TASTEGGIO	1	0	12000	69497	80229	218	0	0.09	0.09	0	
14/09/2011 11:03:02	TASTEGGIO	1	0	12000	69497	124697	218	0	0.07	0.11	44500	
14/09/2011 11:03:30	TASTEGGIO	1	0	12000	69497	80223	219	-1	0.12	0.12	0	
14/09/2011 11:03:54	TASTEGGIO	0	1	12000	69497	80222	232	-4	0.05	0.05	0	
14/09/2011 11:04:05	TASTEGGIO	0	1	12000	69497	124698	232	-4	0.09	0.09	0	
14/09/2011 11:05:55	TASTEGGIO	0	1	12000	69496	124708	232	-4	1.10	1.10	0	
14/09/2011 11:06:23	TASTEGGIO	1	0	12000	69496	124727	347	-35	0.76	0.76	0	
14/09/2011 11:06:50	TASTEGGIO	0	1	12000	69496	124730	399	-53	0.28	0.28	0	
14/09/2011 11:07:14	TASTEGGIO	0	0	12000	69496	124731	241	-1	0.27	0.27	0	
14/09/2011 11:07:38	TASTEGGIO	0	1	12000	69496	124731	267	-4	0.23	0.23	0	
14/09/2011 11:08:06	TASTEGGIO	0	2	12000	69496	124763	306	-2	0.23	0.23	0	
14/09/2011 11:08:34	TASTEGGIO	0	3	12000	69496	124763	375	-51	0.31	0.31	0	
14/09/2011 11:09:03	TASTEGGIO	0	1	12000	69496	124763	333	-87	0.57	0.57	0	
14/09/2011 11:09:26	TASTEGGIO	0	1	12000	69496	124763	228	-15	0.39	0.39	0	
14/09/2011 11:09:52	TASTEGGIO	0	2	12000	69496	124763	265	-6	0.34	0.34	0	
14/09/2011 11:10:19	TASTEGGIO	0	3	12000	69496	124763	353	-30	0.11	0.11	0	
14/09/2011 11:10:28	TASTEGGIO	0	3	12000	69496	124735	353	-30	0.10	0.17	44500	
14/09/2011 11:10:56	TASTEGGIO	1	0	12000	69496	80251	227	-11	0.08	0.08	0	
14/09/2011 11:11:07	TASTEGGIO	1	0	12000	69496	124685	227	-11	0.06	0.07	44500	
14/09/2011 11:12:59	TASTEGGIO	1	0	12000	69495	124868	227	-11	0.83	0.83	0	
14/09/2011 11:13:27	TASTEGGIO	1	0	12000	69495	124889	312	-29	0.56	0.56	0	
14/09/2011 11:13:56	TASTEGGIO	0	1	12000	69495	124890	349	-33	0.26	0.26	0	
14/09/2011 11:14:19	TASTEGGIO	0	0	12000	69495	124889	238	-4	0.22	0.22	0	
14/09/2011 11:14:46	TASTEGGIO	0	1	12000	69495	124889	256	0	0.21	0.21	0	
14/09/2011 11:15:14	TASTEGGIO	0	2	12000	69495	124925	296	-6	0.15	0.15	0	
14/09/2011 11:15:41	TASTEGGIO	0	3	12000	69495	124925	314	-13	0.07	0.07	0	
14/09/2011 11:15:49	TASTEGGIO	0	3	12000	69495	124866	314	-13	0.08	0.17	44500	
14/09/2011 11:16:16	TASTEGGIO	1	0	12000	69495	80382	227	-12	0.09	0.09	0	
14/09/2011 11:16:27	TASTEGGIO	1	0	12000	69495	124781	227	-12	0.06	0.11	44500	
14/09/2011 11:16:55	TASTEGGIO	1	0	12000	69495	80301	219	-4	0.06	0.06	0	
14/09/2011 11:17:06	TASTEGGIO	1	0	12000	69495	124778	219	-4	0.06	0.10	24500	
14/09/2011 11:17:34	TASTEGGIO	1	0	12000	69495	100300	218	-8	0.02	0.02	0	
14/09/2011 11:17:45	TASTEGGIO	1	0	12000	69495	124776	218	-8	0.10	0.10	0	
14/09/2011 11:18:12	TASTEGGIO	1	0	12000	69495	124786	218	-27	0.21	0.21	0	
14/09/2011 11:18:35	TASTEGGIO	0	1	12000	69495	124787	173	-4	0.17	0.17	0	
14/09/2011 11:18:58	TASTEGGIO	0	2	12000	69495	124788	200	-1	0.15	0.15	0	
14/09/2011 11:19:24	TASTEGGIO	0	3	12000	69495	124787	239	-2	0.13	0.13	0	
14/09/2011 11:19:49	TASTEGGIO	0	4	12000	69495	124787	284	-4	0.09	0.09	0	
14/09/2011 11:19:58	TASTEGGIO	0	4	12000	69495	124792	284	-4	0.10	0.12	44500	
14/09/2011 11:20:26	TASTEGGIO	1	0	12000	69495	80312	220	-1	0.10	0.10	0	
14/09/2011 11:20:48	TASTEGGIO	0	1	12000	69495	80312	228	-2	0.10	0.10	0	
14/09/2011 11:21:11	TASTEGGIO	0	2	12000	69495	80314	248	-3	0.07	0.07	0	
14/09/2011 11:21:23	TASTEGGIO	0	2	12000	69495	124784	248	-3	0.06	0.07	44500	
14/09/2011 11:23:14	TASTEGGIO	0	2	12000	69497	124859	248	-3	0.88	0.88	0	
14/09/2011 11:23:41	TASTEGGIO	1	0	12000	69497	124879	318	-23	0.68	0.68	0	
14/09/2011 11:24:10	TASTEGGIO	0	1	12000	69497	124878	370	-35	0.35	0.35	0	
14/09/2011 11:24:38	TASTEGGIO	0	2	12000	69497	124876	395	-44	0.10	0.10	0	
14/09/2011 11:24:47	TASTEGGIO	0	2	12000	69497	124857	395	-44	0.11	0.11	0	
14/09/2011 11:25:12	TASTEGGIO	1	0	12000	69497	124873	219	-23	0.13	0.13	0	
14/09/2011 11:25:36	TASTEGGIO	0	1	12000	69497	124873	203	-6	0.07	0.07	0	
14/09/2011 11:25:44	TASTEGGIO	0	1	12000	69497	124855	203	-6	0.08	0.15	44500	
14/09/2011 11:26:12	TASTEGGIO	1	0	12000	69497	80372	224	-10	0.07	0.07	0	
14/09/2011 11:26:23	TASTEGGIO	1	0	12000	69497	124781	224	-10	0.03	0.08	44500	
14/09/2011 11:28:13	TASTEGGIO	1	0	12000	69497	124762	224	-10	0.33	0.33	0	
14/09/2011 11:28:40	TASTEGGIO	1	0	12000	69497	124780	247	-20	0.16	0.16	0	
14/09/2011 11:29:03	TASTEGGIO	0	0	12000	69497	124780	225	-2	0.13	0.13	0	
14/09/2011 11:29:12	TASTEGGIO	0	0	12000	69497	124762	225	-2	0.14	0.14	0	
14/09/2011 11:29:38	TASTEGGIO	1	0	12000	69497	124776	223	-4	0.10	0.10	0	
14/09/2011 11:30:04	TASTEGGIO	0	1	12000	69497	124776	230	-1	0.08	0.08	0	
14/09/2011 11:30:12	TASTEGGIO	0	1	12000	69497	124763	230	-1	0.09	0.10	24500	
14/09/2011 11:30:40	TASTEGGIO	1	0	12000	69497	100280	218	-11	0.02	0.02	0	
14/09/2011 11:30:51	TASTEGGIO	1	0	12000	69497	124696	218	-11	0.09	0.09	0	
14/09/2011 11:32:42	TASTEGGIO	1	0	12000	69497	124908	218	-11	1.33	1.33	0	
14/09/2011 11:33:09	TASTEGGIO	1	0	12000	69497	124926	376	-29	1.05	1.05	0	
14/09/2011 11:33:36	TASTEGGIO	0	1	12000	69497	124927	400	-27	0.79	0.79	0	
14/09/2011 11:34:03	TASTEGGIO	0	2	12000	69497	124927	400	-17	0.61	0.61	0	
14/09/2011 11:34:33	TASTEGGIO	0	3	12000	69497	124927	400	-18	0.48	0.48	0	
14/09/2011 11:35:01	TASTEGGIO	0	4	12000	69497	124992	400	-22	0.25	0.25	0	
14/09/2011 11:35:32	TASTEGGIO	0	5	12000	69497	124992	400	-43	0.40	0.40	0	
14/09/2011 11:35:59	TASTEGGIO	0	1	12000	69497	124992	336	-55	0.17	0.17	0	
14/09/2011 11:36:27	TASTEGGIO	0	1	12000	69497	124992	328	-26	0.13	0.13	0	
14/09/2011 11:36:36	TASTEGGIO	0	1	12000	69497	124952	328	-26	0.15	0.40	44500	
14/09/2011 11:37:05	TASTEGGIO	1	0	12000	69497	80470	256	-13	0.32	0.32	0	
14/09/2011 11:37:29	TASTEGGIO	0	1	12000	69497	80470	281	-11	0.21	0.21	0	
14/09/2011 11:37:55	TASTEGGIO	0	2	12000	69497	80470	300	-8	0.15	0.15	0	
14/09/2011 11:38:20	TASTEGGIO	0	3	12000	69497	80471	318	-12	0.05	0.05	0	
14/09/2011 11:38:31	TASTEGGIO	0	3	12000	69497	124897	318	-12	0.16	0.17	-44500	
14/09/2011 11:38:58	TASTEGGIO	1	0	12000	69497	169359	227	-12	0.51	0.51	0	
14/09/2011 11:39:26	TASTEGGIO	0	1	12000	69497	169373	380	-64	0.16	0.16	0	
14/09/2011 11:39:55	TASTEGGIO	0	1	12000	69497	169377	374	-92	0.75	0.75	0	
14/09/2011 11:40:12	TASTEGGIO	0	1	12000	69497	169380	22	-2	0.74	0.74	0	
14/09/2011 11:40:36	TASTEGGIO	0	2	12000	69497	169386	168	-10	0.64	0.64	0	
14/09/2011 11:41:02	TASTEGGIO	0	3	12000	69497	169386	334	-42	0.26	0.26	0	
14/09/2011 11:41:26	TASTEGGIO	0	0	12000	69497	169386	238	-2	0.25	0.25	0	
14/09/2011 11:41:52	TASTEGGIO	0	1	12000	69497	169386	262	-1	0.24	0.24	0	
14/09/2011 11:42:19	TASTEGGIO	0	2	12000	69497	169386	308	-9	0.16	0.16	0	
14/09/2011 11:42:49	TASTEGGIO	0	3	12000	69497	169386	326	-8	0.08	0.08	0	
14/09/2011 11:43:00	TASTEGGIO	0	3	12000	69497	124961	326	-8	0.30	0.30	0	
14/09/2011 11:43:26	TASTEGGIO	1	0	12000	69497	124978	243	-23	0.10	0.10	0	
14/09/2011 11:43:34	TASTEGGIO	1	0	12000	69497	124962	243	-23	0.09	0.18	44500	
14/09/2011 11:44:02	TASTEGGIO	1	0	12000	69497	80482	228	-1	0.18	0.18	0	
14/09/2011 11:44:25	TASTEGGIO	0	1	12000	69497	80482	246	0	0.18	0.18	0	
14/09/2011 11:44:49	TASTEGGIO	0	2	12000	69497	80482	282	-1	0.16	0.16	0	
14/09/2011 11:45:17	TASTEGGIO	0	3	12000	69497	80481	324	-7	0.11	0.11	0	
14/09/2011 11:45:28	TASTEGGIO	0	3	12000	69497	124895	324	-7	0.09	0.15	24500	
14/09/2011 11:45:56	TASTEGGIO	1	0	12000	69497	100414	224	-5	0.11	0.11	0	
14/09/2011 11:46:07	TASTEGGIO	1	0	12000	69497	124885	224	-5	0.08	0.08	0	
14/09/2011 11:47:58	TASTEGGIO	1	0	12000	69497	124768	224	-5	1.08	1.08	0	
14/09/2011 11:48:25	TASTEGGIO	1	0	12000	69497	124789	344	-29	0.81	0.81	0	
14/09/2011 11:48:52	TASTEGGIO	0	1	12000	69497	124789	400	-51	0.33	0.33	0	
14/09/2011 11:49:15	TASTEGGIO	0	0	12000	69497	124788	247	-1	0.34	0.34	0	
14/09/2011 11:49:40	TASTEGGIO	0	1	12000	69497	124788	282	-3	0.31	0.31	0	
14/09/2011 11:50:10	TASTEGGIO	0	2	12000	69497	124819	338	-11	0.22	0.22	0	
14/09/2011 11:50:40	TASTEGGIO	0	3	12000	69497	124819	365	-18	0.04	0.04	0	
14/09/2011 11:50:49	TASTEGGIO	0	3	12000	69497	124784	365	-18	0.05	0.22	44500	
14/09/2011 11:51:18	TASTEGGIO	1	0	12000	69497	80304	233	-14	0.14	0.14	0	
14/09/2011 11:51:29	TASTEGGIO	1	0	12000	69497	124705	233	-14	0.06	0.10	44500	
14/09/2011 11:51:58	TASTEGGIO	1	0	12000	69497	80240	218	-4	0.05	0.05	0	
14/09/2011 11:52:09	TASTEGGIO	1	0	12000	69497	124696	218	-4	0.08	0.08	0	
14/09/2011 11:54:01	TASTEGGIO	1	0	12000	69496	124814	218	-4	0.74	0.74	0	
14/09/2011 11:54:28	TASTEGGIO	1	0	12000	69496	124833	300	-22	0.54	0.54	0	
14/09/2011 11:54:54	TASTEGGIO	0	1	12000	69496	124832	339	-26	0.29	0.29	0	
14/09/2011 11:55:22	TASTEGGIO	0	2	12000	69496	124832	361	-32	0.03	0.03	0	
14/09/2011 11:55:31	TASTEGGIO	0	2	12000	69496	124830	361	-32	0.04	0.14	44500	
14/09/2011 11:55:59	TASTEGGIO	1	0	12000	69496	80347	223	-10	0.06	0.06	0	
14/09/2011 11:56:10	TASTEGGIO	1	0	12000	69496	124782	223	-10	0.06	0.06	44500	
14/09/2011 11:58:02	TASTEGGIO	1	0	12000	69497	124839	223	-10	0.47	0.47	0	
14/09/2011 11:58:28	TASTEGGIO	1	0	12000	69497	124856	265	-21	0.25	0.25	0	
14/09/2011 11:58:53	TASTEGGIO	0	1	12000	69497	124857	278	-11	0.14	0.14	0	
14/09/2011 11:59:02	TASTEGGIO	0	1	12000	69497	124850	278	-11	0.14	0.14	0	
14/09/2011 11:59:28	TASTEGGIO	1	0	12000	69497	124866	223	-2	0.14	0.14	0	
14/09/2011 11:59:51	TASTEGGIO	0	1	12000	69497	124866	237	-1	0.13	0.13	0	
14/09/2011 12:00:17	TASTEGGIO	0	2	12000	69497	124866	261	-2	0.10	0.10	0	
14/09/2011 12:00:44	TASTEGGIO	0	3	12000	69497	124866	274	-4	0.08	0.08	0	
14/09/2011 12:00:53	TASTEGGIO	0	3	12000	69497	124853	274	-4	0.07	0.07	0	
14/09/2011 12:02:44	TASTEGGIO	0	3	12000	69495	124862	274	-4	0.91	0.91	0	
14/09/2011 12:03:12	TASTEGGIO	1	0	12000	69495	124882	322	-20	0.73	0.73	0	
14/09/2011 12:03:39	TASTEGGIO	0	1	12000	69495	124883	380	-32	0.43	0.43	0	
14/09/2011 12:04:07	TASTEGGIO	0	2	12000	69495	124882	400	-31	0.12	0.12	0	
14/09/2011 12:04:16	TASTEGGIO	0	2	12000	69495	124861	400	-31	0.13	0.26	44500	
14/09/2011 12:04:44	TASTEGGIO	1	0	12000	69495	80377	238	-9	0.20	0.20	0	
14/09/2011 12:05:07	TASTEGGIO	0	1	12000	69495	80377	253	-6	0.13	0.13	0	
14/09/2011 12:05:18	TASTEGGIO	0	1	12000	69495	124782	253	-6	0.06	0.15	44500	
14/09/2011 12:05:46	TASTEGGIO	1	0	12000	69495	80310	224	-1	0.15	0.15	0	
14/09/2011 12:06:09	TASTEGGIO	0	1	12000	69495	80310	239	-1	0.13	0.13	0	
14/09/2011 12:06:20	TASTEGGIO	0	1	12000	69495	124787	239	-1	0.04	0.13	44500	
14/09/2011 12:06:48	TASTEGGIO	1	0	12000	69495	80310	221	0	0.16	0.16	0	
14/09/2011 12:07:11	TASTEGGIO	0	1	12000	69495	80312	240	0	0.12	0.12	0	
14/09/2011 12:07:34	TASTEGGIO	0	2	12000	69495	80312	252	-1	0.12	0.12	0	
14/09/2011 12:07:58	TASTEGGIO	0	3	12000	69495	80312	288	-7	0.06	0.06	0	
14/09/2011 12:08:10	TASTEGGIO	0	3	12000	69495	124791	288	-7	0.03	0.05	44500	
14/09/2011 12:10:01	TASTEGGIO	0	3	12000	69498	124764	288	-7	1.23	1.23	0	
14/09/2011 12:10:28	TASTEGGIO	1	0	12000	69498	124781	363	-23	1.00	1.00	0	
14/09/2011 12:10:56	TASTEGGIO	0	1	12000	69498	124780	400	-28	0.72	0.72	0	
14/09/2011 12:11:23	TASTEGGIO	0	2	12000	69498	124780	400	-20	0.54	0.54	0	
14/09/2011 12:11:54	TASTEGGIO	0	3	12000	69498	124781	400	-15	0.39	0.39	0	
14/09/2011 12:12:23	TASTEGGIO	0	4	12000	69498	124802	400	-22	0.20	0.20	0	
14/09/2011 12:12:54	TASTEGGIO	0	5	12000	69498	124802	400	-24	0.14	0.14	0	
14/09/2011 12:13:03	TASTEGGIO	0	5	12000	69498	124774	400	-24	0.14	0.26	44500	
14/09/2011 12:13:31	TASTEGGIO	1	0	12000	69498	80295	238	-11	0.18	0.18	0	
14/09/2011 12:13:55	TASTEGGIO	0	1	12000	69498	80298	250	-9	0.10	0.10	0	
14/09/2011 12:14:06	TASTEGGIO	0	1	12000	69498	124712	250	-9	0.25	0.25	0	
14/09/2011 12:14:34	TASTEGGIO	1	0	12000	69498	124728	237	-23	0.06	0.06	0	
14/09/2011 12:14:43	TASTEGGIO	1	0	12000	69498	124729	237	-23	0.06	0.23	44500	
14/09/2011 12:15:10	TASTEGGIO	1	0	12000	69498	80264	234	0	0.22	0.22	0	
14/09/2011 12:15:34	TASTEGGIO	0	1	12000	69498	80263	255	-2	0.21	0.21	0	
14/09/2011 12:16:01	TASTEGGIO	0	2	12000	69498	80263	295	-7	0.14	0.14	0	
14/09/2011 12:16:13	TASTEGGIO	0	2	12000	69498	124707	295	-7	0.13	0.14	44500	
14/09/2011 12:16:41	TASTEGGIO	1	0	12000	69498	80236	223	0	0.12	0.12	0	
14/09/2011 12:17:05	TASTEGGIO	0	1	12000	69498	80236	233	-7	0.14	0.14	0	
14/09/2011 12:17:31	TASTEGGIO	0	2	12000	69498	80235	265	-2	0.12	0.12	0	
14/09/2011 12:17:42	TASTEGGIO	0	2	12000	69498	124705	265	-2	0.09	0.11	44500	
14/09/2011 12:18:40	ALARM 17	proc 12 prog 10 step 47	LavoroTerminato
14/09/2011 12:52:31	TASTEGGIO	0	2	12000	69497	124757	265	-2	2.65	2.65	0	
14/09/2011 12:52:57	TASTEGGIO	1	0	12000	69497	124790	400	-10	2.58	2.58	0	
14/09/2011 12:53:19	TASTEGGIO	0	1	12000	69497	124790	400	-1	2.51	2.51	0	
14/09/2011 12:53:44	TASTEGGIO	0	2	12000	69497	124791	400	0	2.51	2.51	0	
14/09/2011 12:54:06	TASTEGGIO	0	3	12000	69497	124791	400	0	2.52	2.52	0	
14/09/2011 12:54:31	TASTEGGIO	0	4	12000	69497	124792	400	0	2.47	2.47	0	
14/09/2011 12:54:52	TASTEGGIO	0	5	12000	69497	124792	400	0	2.49	2.49	0	
14/09/2011 12:55:14	TASTEGGIO	0	6	12000	69497	124792	400	0	2.48	2.48	0	
14/09/2011 12:55:39	TASTEGGIO	0	7	12000	69497	124792	400	0	2.48	2.48	0	
14/09/2011 12:56:01	TASTEGGIO	0	8	12000	69497	124792	400	0	2.47	2.47	0	
14/09/2011 12:56:23	TASTEGGIO	0	9	12000	69497	124792	400	0	2.47	2.47	0	
14/09/2011 12:56:48	TASTEGGIO	0	10	12000	69497	124792	400	-1	2.48	2.48	0	
14/09/2011 12:57:10	TASTEGGIO	0	11	12000	69497	124792	400	0	2.47	2.47	0	
14/09/2011 12:57:35	TASTEGGIO	0	12	12000	69497	124792	400	-1	2.47	2.47	0	
14/09/2011 12:57:57	TASTEGGIO	0	13	12000	69497	124792	400	0	2.48	2.48	0	
14/09/2011 12:58:20	TASTEGGIO	0	14	12000	69497	124792	400	-1	2.49	2.49	0	
14/09/2011 12:58:44	TASTEGGIO	0	15	12000	69497	124792	400	-2	2.47	2.47	0	
14/09/2011 12:59:07	TASTEGGIO	0	16	12000	69497	124792	400	-1	2.46	2.46	0	
14/09/2011 12:59:29	TASTEGGIO	0	17	12000	69497	124792	400	-1	2.45	2.45	0	
14/09/2011 12:59:52	TASTEGGIO	0	18	12000	69497	124792	400	-1	2.46	2.46	0	
14/09/2011 13:00:16	TASTEGGIO	0	19	12000	69497	124792	400	-1	2.46	2.46	0	
14/09/2011 13:00:39	TASTEGGIO	0	20	12000	69497	124792	400	0	2.48	2.48	0	
14/09/2011 13:00:49	ALARM 401		
14/09/2011 13:00:52	ALARM 203		err.6058
14/09/2011 13:01:07	TASTEGGIO	0	21	12000	69497	124792	400	0	0.00	0.00	44500	
14/09/2011 13:01:16	TASTEGGIO	0	21	12000	69497	124792	400	0	0.00	0.00	0	
14/09/2011 13:01:44	TASTEGGIO	0	21	12000	69497	124792	400	0	2.46	2.46	0	
14/09/2011 13:02:25	TASTEGGIO	1	0	12000	69497	124792	500	-24	2.24	2.24	0	
14/09/2011 13:02:52	TASTEGGIO	0	1	12000	69497	124792	500	-14	2.10	2.10	0	
14/09/2011 13:03:19	TASTEGGIO	0	2	12000	69497	124792	500	-8	2.01	2.01	0	
14/09/2011 13:03:48	TASTEGGIO	0	3	12000	69497	124792	500	-10	1.94	1.94	0	
14/09/2011 13:04:15	TASTEGGIO	0	4	12000	69497	124792	500	-6	1.89	1.89	0	
14/09/2011 13:04:43	TASTEGGIO	0	5	12000	69497	124792	500	-5	1.86	1.86	0	
14/09/2011 13:05:15	TASTEGGIO	0	6	12000	69497	124792	600	-81	1.08	1.08	0	
14/09/2011 13:05:49	TASTEGGIO	0	7	12000	69497	124792	600	-86	0.24	0.24	0	
14/09/2011 13:05:53	ALARM 401		
14/09/2011 13:05:56	ALARM 205		err.6058
14/09/2011 13:06:12	TASTEGGIO	0	7	12000	69497	124753	600	-86	0.26	0.59	44500	
14/09/2011 13:06:40	TASTEGGIO	1	0	12000	69497	80270	281	-12	0.52	0.52	0	
14/09/2011 13:07:05	TASTEGGIO	0	1	12000	69497	80270	326	-12	0.40	0.40	0	
14/09/2011 13:07:34	TASTEGGIO	0	2	12000	69497	80270	369	-22	0.20	0.20	0	
14/09/2011 13:07:56	TASTEGGIO	0	0	12000	69497	80270	230	-1	0.20	0.20	0	
14/09/2011 13:08:21	TASTEGGIO	0	1	12000	69497	80271	250	-1	0.20	0.20	0	
14/09/2011 13:08:47	TASTEGGIO	0	2	12000	69497	80271	290	-1	0.20	0.20	0	
14/09/2011 13:09:14	TASTEGGIO	0	3	12000	69497	80271	350	-20	0.14	0.14	0	
14/09/2011 13:09:25	TASTEGGIO	0	3	12000	69497	124690	350	-20	0.21	0.21	0	
14/09/2011 13:09:53	TASTEGGIO	1	0	12000	69497	124705	232	-34	0.21	0.21	0	
14/09/2011 13:10:16	TASTEGGIO	0	1	12000	69497	124706	211	-11	0.14	0.14	0	
14/09/2011 13:10:25	TASTEGGIO	0	1	12000	69497	124707	211	-11	0.14	0.28	44500	
14/09/2011 13:10:53	TASTEGGIO	1	0	12000	69497	80222	241	-2	0.29	0.29	0	
14/09/2011 13:11:16	TASTEGGIO	0	1	12000	69497	80222	271	-1	0.28	0.28	0	
14/09/2011 13:11:41	TASTEGGIO	0	2	12000	69497	80221	325	-2	0.24	0.24	0	
14/09/2011 13:12:09	TASTEGGIO	0	3	12000	69497	80223	386	-14	0.11	0.11	0	
14/09/2011 13:12:20	TASTEGGIO	0	3	12000	69497	124689	386	-14	0.04	0.11	44500	
14/09/2011 13:12:48	TASTEGGIO	1	0	12000	69497	80207	219	-1	0.12	0.12	0	
14/09/2011 13:13:12	TASTEGGIO	0	1	12000	69497	80206	232	-1	0.13	0.13	0	
14/09/2011 13:13:35	TASTEGGIO	0	2	12000	69497	80206	260	-1	0.13	0.13	0	
14/09/2011 13:14:02	TASTEGGIO	0	3	12000	69497	80206	299	-1	0.13	0.13	0	
14/09/2011 13:14:30	TASTEGGIO	0	4	12000	69497	80205	351	-5	0.10	0.10	0	
14/09/2011 13:14:42	TASTEGGIO	0	4	12000	69497	124686	351	-5	0.04	0.14	24500	
14/09/2011 13:16:33	TASTEGGIO	0	4	12000	69498	124721	351	-5	0.98	0.98	0	
14/09/2011 13:17:00	TASTEGGIO	1	0	12000	69498	124738	331	-25	0.76	0.76	0	
14/09/2011 13:17:27	TASTEGGIO	0	1	12000	69498	124738	389	-39	0.40	0.40	0	
14/09/2011 13:17:57	TASTEGGIO	0	2	12000	69498	124738	400	-33	0.13	0.13	0	
14/09/2011 13:18:06	TASTEGGIO	0	2	12000	69498	124736	400	-33	0.11	0.18	44500	
14/09/2011 13:18:34	TASTEGGIO	1	0	12000	69498	80252	228	-10	0.13	0.13	0	
14/09/2011 13:18:45	TASTEGGIO	1	0	12000	69498	124683	228	-10	0.10	0.10	0	
14/09/2011 13:19:12	TASTEGGIO	1	0	12000	69498	124694	218	-11	0.04	0.04	0	
14/09/2011 13:19:21	TASTEGGIO	1	0	12000	69498	124697	218	-11	0.03	0.13	44500	
14/09/2011 13:19:48	TASTEGGIO	1	0	12000	69498	80210	221	-2	0.13	0.13	0	
14/09/2011 13:20:11	TASTEGGIO	0	1	12000	69498	80210	234	-3	0.11	0.11	0	
14/09/2011 13:20:36	TASTEGGIO	0	2	12000	69498	80211	252	-5	0.08	0.08	0	
14/09/2011 13:20:47	TASTEGGIO	0	2	12000	69498	124686	252	-5	0.04	0.06	44500	
14/09/2011 13:22:38	TASTEGGIO	0	2	12000	69496	124765	252	-5	0.44	0.44	0	
14/09/2011 13:23:04	TASTEGGIO	1	0	12000	69496	124781	261	-19	0.24	0.24	0	
14/09/2011 13:23:29	TASTEGGIO	0	1	12000	69496	124782	274	-10	0.17	0.17	0	
14/09/2011 13:23:58	TASTEGGIO	0	2	12000	69496	124782	291	-9	0.08	0.08	0	
14/09/2011 13:24:07	TASTEGGIO	0	2	12000	69496	124763	291	-9	0.08	0.08	0	
14/09/2011 13:25:58	TASTEGGIO	0	2	12000	69497	124861	291	-9	0.66	0.66	0	
14/09/2011 13:26:25	TASTEGGIO	1	0	12000	69496	124879	290	-22	0.44	0.44	0	
14/09/2011 13:26:51	TASTEGGIO	0	1	12000	69497	124878	319	-16	0.31	0.31	0	
14/09/2011 13:27:21	TASTEGGIO	0	2	12000	69496	124878	349	-27	0.10	0.10	0	
14/09/2011 13:27:29	TASTEGGIO	0	2	12000	69496	124858	349	-27	0.10	0.10	0	
14/09/2011 13:27:55	TASTEGGIO	1	0	12000	69496	124875	218	-3	0.06	0.06	0	
14/09/2011 13:28:03	TASTEGGIO	1	0	12000	69496	124856	218	-3	0.06	0.06	44500	
14/09/2011 13:29:00	ALARM 17	proc 12 prog 10 step 47	LavoroTerminato
14/09/2011 14:07:26	TASTEGGIO	1	0	11000	65577	134691	218	-3	1.20	1.20	0	
14/09/2011 14:07:52	TASTEGGIO	1	0	11000	65577	134712	366	-15	1.05	1.05	0	
14/09/2011 14:08:17	TASTEGGIO	0	1	11000	65577	134711	400	-11	0.97	0.97	0	
14/09/2011 14:08:44	TASTEGGIO	0	2	11000	65577	134711	400	-4	0.92	0.92	0	
14/09/2011 14:09:10	TASTEGGIO	0	3	11000	65577	134710	400	-3	0.91	0.91	0	
14/09/2011 14:09:36	TASTEGGIO	0	4	11000	65577	134737	400	-3	0.88	0.88	0	
14/09/2011 14:10:03	TASTEGGIO	0	5	11000	65577	134737	400	-2	0.86	0.86	0	
14/09/2011 14:10:29	TASTEGGIO	0	6	11000	65577	134737	400	-1	0.86	0.86	0	
14/09/2011 14:10:41	ALARM 401		
14/09/2011 14:10:46	ALARM 401		
14/09/2011 14:10:47	ALARM 401		
14/09/2011 14:11:16	TASTEGGIO	0	7	11000	65577	134737	400	0	0.00	0.00	0	
14/09/2011 14:11:45	TASTEGGIO	0	7	11000	65577	134737	400	0	0.90	0.90	0	
14/09/2011 14:12:25	TASTEGGIO	1	0	11000	65577	134737	327	0	0.86	0.86	0	
14/09/2011 14:12:52	TASTEGGIO	0	1	11000	65577	134737	409	-3	0.84	0.84	0	
14/09/2011 14:13:23	TASTEGGIO	0	2	11000	65577	134737	500	-55	0.34	0.34	0	
14/09/2011 14:13:46	TASTEGGIO	0	0	11000	65577	134737	255	0	0.34	0.34	0	
14/09/2011 14:14:10	TASTEGGIO	0	1	11000	65577	134737	289	0	0.32	0.32	0	
14/09/2011 14:14:38	TASTEGGIO	0	2	11000	65577	134737	349	-1	0.32	0.32	0	
14/09/2011 14:15:09	TASTEGGIO	0	3	11000	65577	134737	445	-16	0.16	0.16	0	
14/09/2011 14:15:34	TASTEGGIO	0	0	11000	65577	134737	232	0	0.16	0.16	0	
14/09/2011 14:15:57	TASTEGGIO	0	1	11000	65577	134737	248	0	0.16	0.16	0	
14/09/2011 14:16:23	TASTEGGIO	0	2	11000	65577	134737	280	0	0.16	0.16	0	
14/09/2011 14:16:49	TASTEGGIO	0	3	11000	65577	134737	328	0	0.16	0.16	0	
14/09/2011 14:16:50	ALARM 401		
14/09/2011 14:17:13	TASTEGGIO	0	3	11000	65577	134721	328	0	0.17	0.64	82800	
14/09/2011 14:17:42	TASTEGGIO	1	0	11000	65577	51935	361	-8	0.58	0.58	0	
14/09/2011 14:18:07	TASTEGGIO	0	1	11000	65577	51935	400	-5	0.52	0.52	0	
14/09/2011 14:18:34	TASTEGGIO	0	2	11000	65577	51935	400	-1	0.51	0.51	0	
14/09/2011 14:18:37	ALARM 218	proc 12 prog 73 step 17	go_abs 5 cmd 11
14/09/2011 14:18:40	ALARM 205		err.6058
14/09/2011 14:19:19	TASTEGGIO	0	2	11000	65577	51934	400	-1	0.51	0.51	0	
14/09/2011 14:19:58	TASTEGGIO	1	0	11000	65577	51934	328	0	0.50	0.50	0	
14/09/2011 14:20:24	TASTEGGIO	0	1	11000	65577	51934	377	0	0.50	0.50	0	
14/09/2011 14:20:52	TASTEGGIO	0	2	11000	65577	51934	477	-20	0.30	0.30	0	
14/09/2011 14:21:23	TASTEGGIO	0	3	11000	65577	51934	500	-18	0.17	0.17	0	
14/09/2011 14:21:52	TASTEGGIO	0	4	11000	65577	51934	500	-26	0.11	0.11	0	
14/09/2011 14:21:56	TASTEGGIO	0	4	11000	65577	51934	500	-26	0.10	0.10	0	
14/09/2011 14:22:20	TASTEGGIO	1	0	11000	65577	51934	225	-5	0.06	0.06	0	
14/09/2011 14:26:38	TASTEGGIO	1	0	11000	65577	134684	225	-5	0.30	0.30	0	
14/09/2011 14:27:05	TASTEGGIO	1	0	11000	65577	134699	275	-10	0.27	0.27	0	
14/09/2011 14:27:30	TASTEGGIO	0	1	11000	65577	134702	299	-31	0.07	0.07	0	
14/09/2011 14:27:38	TASTEGGIO	0	1	11000	65577	134704	299	-31	0.06	0.20	44500	
14/09/2011 14:28:08	TASTEGGIO	1	0	11000	65577	90231	250	-7	0.14	0.14	0	
14/09/2011 14:28:19	TASTEGGIO	1	0	11000	65577	134681	250	-7	0.07	0.15	-82000	
14/09/2011 14:28:48	TASTEGGIO	1	0	11000	65577	216663	237	-6	0.23	0.23	0	
14/09/2011 14:29:13	TASTEGGIO	0	1	11000	65577	216670	272	-8	0.18	0.18	0	
14/09/2011 14:29:39	TASTEGGIO	0	2	11000	65577	216683	291	-3	0.13	0.13	0	
14/09/2011 14:29:51	TASTEGGIO	0	2	11000	65577	134774	291	-3	0.04	0.15	44500	
14/09/2011 14:31:44	TASTEGGIO	0	2	11000	65577	134755	291	-3	1.29	1.39	-82000	
14/09/2011 14:32:15	TASTEGGIO	1	0	11000	65577	216732	400	-16	1.22	1.22	0	
14/09/2011 14:32:40	TASTEGGIO	0	1	11000	65577	216734	400	-6	1.20	1.20	0	
14/09/2011 14:33:08	TASTEGGIO	0	2	11000	65577	216736	400	-3	1.18	1.18	0	
14/09/2011 14:33:33	TASTEGGIO	0	3	11000	65577	216738	400	-2	1.17	1.17	0	
14/09/2011 14:33:59	TASTEGGIO	0	4	11000	65577	216738	400	-2	1.17	1.17	0	
14/09/2011 14:34:01	ALARM 401		
14/09/2011 14:34:04	ALARM 401		
14/09/2011 14:34:42	TASTEGGIO	0	4	11000	65577	216739	400	-2	1.18	1.18	0	
14/09/2011 14:35:27	TASTEGGIO	1	0	11000	65577	216739	497	-34	0.86	0.86	0	
14/09/2011 14:35:58	TASTEGGIO	0	1	11000	65577	216739	559	-53	0.37	0.37	0	
14/09/2011 14:36:24	TASTEGGIO	0	0	11000	65577	216739	293	0	0.32	0.32	0	
14/09/2011 14:36:50	TASTEGGIO	0	1	11000	65577	216739	320	0	0.36	0.36	0	
14/09/2011 14:37:19	TASTEGGIO	0	2	11000	65577	216739	401	-3	0.33	0.33	0	
14/09/2011 14:37:51	TASTEGGIO	0	3	11000	65577	216739	491	-19	0.18	0.18	0	
14/09/2011 14:38:22	TASTEGGIO	0	4	11000	65577	216739	510	-38	0.24	0.24	0	
14/09/2011 14:38:53	TASTEGGIO	0	1	11000	65577	216739	478	-93	0.73	0.73	0	
14/09/2011 14:39:17	TASTEGGIO	0	1	11000	65577	216739	255	-11	0.60	0.60	0	
14/09/2011 14:39:42	TASTEGGIO	0	2	11000	65577	216739	353	-11	0.51	0.51	0	
14/09/2011 14:40:13	TASTEGGIO	0	3	11000	65577	216739	483	-25	0.24	0.24	0	
14/09/2011 14:40:39	TASTEGGIO	0	0	11000	65577	216739	260	0	0.25	0.25	0	
14/09/2011 14:41:03	TASTEGGIO	0	1	11000	65577	216739	286	0	0.26	0.26	0	
14/09/2011 14:41:29	TASTEGGIO	0	2	11000	65577	216739	340	-1	0.29	0.29	0	
14/09/2011 14:42:00	TASTEGGIO	0	3	11000	65577	216739	437	-2	0.24	0.24	0	
14/09/2011 14:42:31	TASTEGGIO	0	4	11000	65577	216739	516	-15	0.12	0.12	0	
14/09/2011 14:42:36	TASTEGGIO	0	4	11000	65577	216739	516	-15	0.11	0.11	0	
14/09/2011 14:43:01	TASTEGGIO	1	0	11000	65577	216739	227	0	0.11	0.11	0	
14/09/2011 14:43:25	TASTEGGIO	0	1	11000	65577	216739	238	0	0.12	0.12	0	
14/09/2011 14:43:50	ALARM 401		
14/09/2011 14:43:52	ALARM 401		
14/09/2011 14:43:53	ALARM 401		
14/09/2011 14:43:54	ALARM 401		
14/09/2011 14:43:55	ALARM 401		
14/09/2011 14:43:56	ALARM 401		
14/09/2011 14:44:18	TASTEGGIO	0	2	11000	65577	134777	264	0	0.38	0.53	82800	
14/09/2011 14:44:48	TASTEGGIO	1	0	11000	65577	51999	333	-11	0.46	0.46	0	
14/09/2011 14:45:13	TASTEGGIO	0	1	11000	65577	51999	372	-9	0.36	0.36	0	
14/09/2011 14:45:40	TASTEGGIO	0	2	11000	65577	51999	400	-11	0.27	0.27	0	
14/09/2011 14:46:08	TASTEGGIO	0	3	11000	65577	52002	400	-11	0.19	0.19	0	
14/09/2011 14:46:36	TASTEGGIO	0	4	11000	65577	52103	400	-4	0.16	0.16	0	
14/09/2011 14:47:04	TASTEGGIO	0	5	11000	65577	52103	400	-9	0.09	0.09	0	
14/09/2011 14:47:16	TASTEGGIO	0	5	11000	65577	134693	400	-9	0.08	0.49	44500	
14/09/2011 14:47:46	TASTEGGIO	1	0	11000	65577	90223	323	-20	0.32	0.32	0	
14/09/2011 14:48:13	TASTEGGIO	0	1	11000	65577	90224	343	-15	0.15	0.15	0	
14/09/2011 14:48:38	TASTEGGIO	0	0	11000	65577	90228	237	0	0.15	0.15	0	
14/09/2011 14:49:03	TASTEGGIO	0	1	11000	65577	90229	252	0	0.16	0.16	0	
14/09/2011 14:49:28	TASTEGGIO	0	2	11000	65577	90282	286	-3	0.12	0.12	0	
14/09/2011 14:49:39	TASTEGGIO	0	2	11000	65577	134684	286	-3	0.36	0.36	0	
14/09/2011 14:50:08	TASTEGGIO	1	0	11000	65577	134697	290	-21	0.22	0.22	0	
14/09/2011 14:50:34	TASTEGGIO	0	1	11000	65577	134697	303	-21	0.03	0.03	0	
14/09/2011 14:50:42	TASTEGGIO	0	1	11000	65577	134700	303	-21	0.03	0.39	44500	
14/09/2011 14:51:12	TASTEGGIO	1	0	11000	65577	90231	298	-2	0.40	0.40	0	
14/09/2011 14:51:38	TASTEGGIO	0	1	11000	65577	90229	339	-2	0.36	0.36	0	
14/09/2011 14:52:08	TASTEGGIO	0	2	11000	65577	90231	400	-21	0.15	0.15	0	
14/09/2011 14:52:31	TASTEGGIO	0	0	11000	65577	90230	237	0	0.15	0.15	0	
14/09/2011 14:52:57	TASTEGGIO	0	1	11000	65577	90306	252	0	0.14	0.14	0	
14/09/2011 14:53:08	TASTEGGIO	0	1	11000	65577	134689	252	0	0.21	0.31	82800	
14/09/2011 14:53:10	ALARM 401		
14/09/2011 14:53:13	ALARM 401		
14/09/2011 14:53:13	ALARM 401		
14/09/2011 14:55:46	TASTEGGIO	0	1	11000	65577	134554	252	0	0.40	0.59	82800	
14/09/2011 14:56:15	TASTEGGIO	1	0	11000	65577	51772	348	-7	0.59	0.59	0	
14/09/2011 14:56:40	TASTEGGIO	0	1	11000	65577	51772	400	-5	0.51	0.51	0	
14/09/2011 14:57:06	TASTEGGIO	0	2	11000	65577	51772	400	-1	0.50	0.50	0	
14/09/2011 14:57:33	TASTEGGIO	0	3	11000	65577	51772	400	0	0.50	0.50	0	
14/09/2011 14:57:58	TASTEGGIO	0	4	11000	65577	51777	400	-1	0.50	0.50	0	
14/09/2011 14:58:03	ALARM 218	proc 12 prog 73 step 17	go_abs 5 cmd 11
14/09/2011 14:58:06	ALARM 401		
14/09/2011 14:58:06	ALARM 401		
14/09/2011 14:58:07	ALARM 401		
14/09/2011 14:58:37	TASTEGGIO	0	4	11000	65577	51777	400	-1	0.49	0.49	0	
14/09/2011 14:59:01	TASTEGGIO	1	0	11000	65577	51777	323	0	0.50	0.50	0	
14/09/2011 14:59:27	TASTEGGIO	0	1	11000	65577	51777	374	0	0.51	0.51	0	
14/09/2011 14:59:55	TASTEGGIO	0	2	11000	65577	51777	478	-16	0.35	0.35	0	
14/09/2011 15:00:26	TASTEGGIO	0	3	11000	65577	51777	519	-24	0.15	0.15	0	
14/09/2011 15:00:49	TASTEGGIO	0	0	11000	65577	51777	237	0	0.15	0.15	0	
14/09/2011 15:01:13	TASTEGGIO	0	1	11000	65577	51777	252	0	0.15	0.15	0	
14/09/2011 15:01:38	TASTEGGIO	0	2	11000	65577	51777	282	0	0.13	0.13	0	
14/09/2011 15:01:42	TASTEGGIO	0	2	11000	65577	51777	282	0	0.15	0.15	0	
14/09/2011 15:06:59	TASTEGGIO	0	2	11000	65577	134478	282	0	0.46	0.46	0	
14/09/2011 15:07:26	TASTEGGIO	1	0	11000	65577	134493	315	-19	0.27	0.27	0	
14/09/2011 15:07:53	TASTEGGIO	0	1	11000	65577	134493	330	-21	0.11	0.11	0	
14/09/2011 15:08:01	TASTEGGIO	0	1	11000	65577	134498	330	-21	0.13	0.39	-82000	
14/09/2011 15:08:32	TASTEGGIO	1	0	11000	65577	216477	298	-11	0.33	0.33	0	
14/09/2011 15:08:57	TASTEGGIO	0	1	11000	65577	216478	325	-10	0.26	0.26	0	
14/09/2011 15:09:26	TASTEGGIO	0	2	11000	65577	216478	353	-8	0.19	0.19	0	
14/09/2011 15:09:54	TASTEGGIO	0	3	11000	65577	216478	377	-11	0.05	0.05	0	
14/09/2011 15:09:55	ALARM 401		
14/09/2011 15:09:57	ALARM 401		
14/09/2011 15:10:21	TASTEGGIO	0	3	11000	65577	134577	377	-11	0.27	0.27	0	
14/09/2011 15:10:49	TASTEGGIO	1	0	11000	65577	134593	268	-2	0.27	0.27	0	
14/09/2011 15:11:15	TASTEGGIO	0	1	11000	65577	134594	295	-1	0.30	0.30	0	
14/09/2011 15:11:45	TASTEGGIO	0	2	11000	65577	134593	361	-11	0.15	0.15	0	
14/09/2011 15:11:48	ALARM 218	proc 12 prog 73 step 17	go_abs 5 cmd 11
14/09/2011 15:11:50	ALARM 205		err.6058
14/09/2011 15:12:02	TASTEGGIO	0	2	11000	65577	134565	361	-11	0.15	0.16	82800	
14/09/2011 15:13:56	TASTEGGIO	0	2	11000	65574	134503	361	-11	0.54	0.54	0	
14/09/2011 15:14:24	TASTEGGIO	1	0	11000	65574	134522	336	-14	0.40	0.40	0	
14/09/2011 15:14:51	TASTEGGIO	0	1	11000	65574	134522	365	-11	0.28	0.28	0	
14/09/2011 15:15:19	TASTEGGIO	0	2	11000	65574	134522	392	-13	0.14	0.14	0	
14/09/2011 15:15:28	TASTEGGIO	0	2	11000	65574	134522	392	-13	0.14	0.17	44500	
14/09/2011 15:17:20	TASTEGGIO	0	2	11000	65576	134554	392	-13	1.63	1.63	0	
14/09/2011 15:17:46	TASTEGGIO	1	0	11000	65576	134571	400	-15	1.54	1.54	0	
14/09/2011 15:18:12	TASTEGGIO	0	1	11000	65576	134571	400	-4	1.46	1.46	0	
14/09/2011 15:18:36	TASTEGGIO	0	2	11000	65576	134572	400	-1	1.46	1.46	0	
14/09/2011 15:19:01	TASTEGGIO	0	3	11000	65576	134571	400	-1	1.44	1.44	0	
14/09/2011 15:19:27	TASTEGGIO	0	4	11000	65576	134573	400	-1	1.44	1.44	0	
14/09/2011 15:19:48	ALARM 401		
14/09/2011 15:19:51	ALARM 401		
14/09/2011 15:20:11	TASTEGGIO	0	5	11000	65576	134573	400	-1	1.43	1.43	0	
14/09/2011 15:20:44	TASTEGGIO	1	0	11000	65576	134573	560	-82	0.66	0.66	0	
14/09/2011 15:21:10	TASTEGGIO	0	0	11000	65576	134573	366	-1	0.64	0.64	0	
14/09/2011 15:21:38	TASTEGGIO	0	1	11000	65576	134573	428	-12	0.53	0.53	0	
14/09/2011 15:22:11	TASTEGGIO	0	2	11000	65576	134573	515	-31	0.22	0.22	0	
14/09/2011 15:22:36	TASTEGGIO	0	0	11000	65576	134573	255	-1	0.22	0.22	0	
14/09/2011 15:23:00	TASTEGGIO	0	1	11000	65576	134573	277	-1	0.23	0.23	0	
14/09/2011 15:23:26	TASTEGGIO	0	2	11000	65576	134573	325	0	0.24	0.24	0	
14/09/2011 15:23:56	TASTEGGIO	0	3	11000	65576	134573	400	-1	0.22	0.22	0	
14/09/2011 15:24:28	TASTEGGIO	0	4	11000	65576	134573	480	-17	0.17	0.17	0	
14/09/2011 15:25:00	TASTEGGIO	0	5	11000	65576	134573	509	-112	0.98	0.98	0	
14/09/2011 15:25:17	TASTEGGIO	0	1	11000	65576	134573	0	-2	0.94	0.94	0	
14/09/2011 15:25:38	TASTEGGIO	0	2	11000	65576	134573	180	-6	0.89	0.89	0	
14/09/2011 15:26:08	TASTEGGIO	0	3	11000	65576	134573	432	-73	0.27	0.27	0	
14/09/2011 15:26:31	TASTEGGIO	0	0	11000	65576	134573	268	0	0.25	0.25	0	
14/09/2011 15:26:58	TASTEGGIO	0	1	11000	65576	134573	291	-1	0.26	0.26	0	
14/09/2011 15:27:24	TASTEGGIO	0	2	11000	65576	134573	345	-6	0.20	0.20	0	
14/09/2011 15:27:54	TASTEGGIO	0	3	11000	65576	134573	371	-10	0.11	0.11	0	
14/09/2011 15:27:58	TASTEGGIO	0	3	11000	65576	134573	371	-10	0.11	0.11	0	
14/09/2011 15:29:37	TASTEGGIO	0	3	11000	65576	134546	371	-10	0.13	0.44	-82000	
14/09/2011 15:30:08	TASTEGGIO	1	0	11000	65576	216523	310	-10	0.32	0.32	0	
14/09/2011 15:30:34	TASTEGGIO	0	1	11000	65576	216527	333	-8	0.26	0.26	0	
14/09/2011 15:31:04	TASTEGGIO	0	2	11000	65576	216527	375	-14	0.13	0.13	0	
14/09/2011 15:31:16	TASTEGGIO	0	2	11000	65576	134567	375	-14	0.30	0.30	0	
14/09/2011 15:31:44	TASTEGGIO	1	0	11000	65576	134583	275	-3	0.28	0.28	0	
14/09/2011 15:32:10	TASTEGGIO	0	1	11000	65576	134583	301	0	0.29	0.29	0	
14/09/2011 15:32:37	TASTEGGIO	0	2	11000	65576	134583	361	-2	0.26	0.26	0	
14/09/2011 15:33:05	TASTEGGIO	0	3	11000	65576	134583	400	-3	0.24	0.24	0	
14/09/2011 15:33:34	TASTEGGIO	0	4	11000	65576	134619	400	-2	0.22	0.22	0	
14/09/2011 15:34:04	TASTEGGIO	0	5	11000	65576	134619	400	-3	0.21	0.21	0	
14/09/2011 15:34:34	TASTEGGIO	0	6	11000	65576	134619	400	-2	0.20	0.20	0	
14/09/2011 15:35:03	TASTEGGIO	0	7	11000	65576	134619	400	-1	0.19	0.19	0	
14/09/2011 15:35:31	TASTEGGIO	0	8	11000	65576	134619	400	-1	0.19	0.19	0	
14/09/2011 15:36:02	TASTEGGIO	0	9	11000	65576	134619	400	-1	0.18	0.18	0	
14/09/2011 15:36:30	TASTEGGIO	0	10	11000	65576	134619	400	0	0.18	0.18	0	
14/09/2011 15:37:00	TASTEGGIO	0	11	11000	65576	134619	400	-1	0.17	0.17	0	
14/09/2011 15:37:31	TASTEGGIO	0	12	11000	65576	134619	400	-2	0.16	0.16	0	
14/09/2011 15:37:59	TASTEGGIO	0	13	11000	65576	134619	400	-1	0.17	0.17	0	
14/09/2011 15:38:30	TASTEGGIO	0	14	11000	65576	134619	400	-1	0.16	0.16	0	
14/09/2011 15:39:00	TASTEGGIO	0	15	11000	65576	134619	400	-1	0.15	0.15	0	
14/09/2011 15:39:28	TASTEGGIO	0	16	11000	65576	134620	400	-2	0.15	0.15	0	
14/09/2011 15:39:56	TASTEGGIO	0	17	11000	65576	134619	400	-1	0.15	0.15	0	
14/09/2011 15:40:26	TASTEGGIO	0	18	11000	65576	134620	400	-1	0.14	0.14	0	
14/09/2011 15:40:35	TASTEGGIO	0	18	11000	65576	134561	400	-1	0.16	0.18	-82000	
14/09/2011 15:42:28	TASTEGGIO	0	18	11000	65576	134798	400	-1	0.67	0.67	0	
14/09/2011 15:42:58	TASTEGGIO	1	0	11000	65576	134814	368	-27	0.40	0.40	0	
14/09/2011 15:43:26	TASTEGGIO	0	1	11000	65576	134812	391	-23	0.18	0.18	0	
14/09/2011 15:43:49	TASTEGGIO	0	0	11000	65576	134812	245	0	0.18	0.18	0	
14/09/2011 15:43:52	ALARM 401		
14/09/2011 15:43:54	ALARM 401		
14/09/2011 15:43:55	ALARM 401		
14/09/2011 15:44:10	TASTEGGIO	0	0	11000	65576	134812	245	0	0.18	0.20	-82000	
14/09/2011 15:44:19	ALARM 401		
14/09/2011 15:44:22	ALARM 205		err.6059
14/09/2011 15:46:34	TASTEGGIO	0	0	11000	65577	134649	245	0	0.52	0.52	0	
14/09/2011 15:47:01	TASTEGGIO	1	0	11000	65577	134663	331	-19	0.33	0.33	0	
14/09/2011 15:47:28	TASTEGGIO	0	1	11000	65577	134661	351	-12	0.21	0.21	0	
14/09/2011 15:47:56	TASTEGGIO	0	2	11000	65577	134661	369	-15	0.07	0.07	0	
14/09/2011 15:48:04	TASTEGGIO	0	2	11000	65577	134646	369	-15	0.07	0.22	-82000	
14/09/2011 15:48:34	TASTEGGIO	1	0	11000	65577	216618	255	-4	0.17	0.17	0	
14/09/2011 15:48:58	TASTEGGIO	0	1	11000	65577	216627	268	-1	0.15	0.15	0	
14/09/2011 15:49:23	TASTEGGIO	0	2	11000	65577	216628	294	-4	0.13	0.13	0	
14/09/2011 15:49:35	TASTEGGIO	0	2	11000	65577	134648	294	-4	0.07	0.16	82800	
14/09/2011 15:51:26	TASTEGGIO	0	2	11000	65576	134644	294	-4	2.42	2.42	0	
14/09/2011 15:51:52	TASTEGGIO	1	0	11000	65576	134662	400	-15	2.32	2.32	0	
14/09/2011 15:52:15	TASTEGGIO	0	1	11000	65576	134665	400	-7	2.26	2.26	0	
14/09/2011 15:52:40	TASTEGGIO	0	2	11000	65576	134667	400	-4	2.21	2.21	0	
14/09/2011 15:53:04	TASTEGGIO	0	3	11000	65576	134668	400	-3	2.19	2.19	0	
14/09/2011 15:53:27	TASTEGGIO	0	4	11000	65576	134669	400	-2	2.17	2.17	0	
14/09/2011 15:53:52	TASTEGGIO	0	5	11000	65576	134668	400	-2	2.16	2.16	0	
14/09/2011 15:54:15	TASTEGGIO	0	6	11000	65576	134668	400	-2	2.14	2.14	0	
14/09/2011 15:54:39	TASTEGGIO	0	7	11000	65576	134668	400	-1	2.13	2.13	0	
14/09/2011 15:55:04	TASTEGGIO	0	8	11000	65576	134668	400	-1	2.12	2.12	0	
14/09/2011 15:55:27	TASTEGGIO	0	9	11000	65576	134668	400	0	2.11	2.11	0	
14/09/2011 15:55:50	TASTEGGIO	0	10	11000	65576	134668	400	-1	2.11	2.11	0	
14/09/2011 15:56:14	TASTEGGIO	0	11	11000	65576	134668	400	-1	2.11	2.11	0	
14/09/2011 15:56:37	TASTEGGIO	0	12	11000	65576	134668	400	-1	2.13	2.13	0	
14/09/2011 15:57:00	TASTEGGIO	0	13	11000	65576	134668	400	0	2.09	2.09	0	
14/09/2011 15:57:24	TASTEGGIO	0	14	11000	65576	134668	400	-1	2.09	2.09	0	
14/09/2011 15:57:47	TASTEGGIO	0	15	11000	65576	134668	400	0	2.07	2.07	0	
14/09/2011 15:58:12	TASTEGGIO	0	16	11000	65576	134668	400	-3	2.08	2.08	0	
14/09/2011 15:58:35	TASTEGGIO	0	17	11000	65576	134668	400	-2	2.07	2.07	0	
14/09/2011 15:58:57	ALARM 401		
14/09/2011 15:58:58	ALARM 401		
14/09/2011 15:59:00	ALARM 205		err.6058
14/09/2011 15:59:11	TASTEGGIO	0	18	11000	65576	134668	400	0	2.07	2.07	0	
14/09/2011 15:59:43	TASTEGGIO	1	0	11000	65576	134668	650	-238	0.39	0.39	0	
14/09/2011 16:00:16	TASTEGGIO	0	1	11000	65576	134668	642	-574	5.42	5.42	0	
14/09/2011 16:00:21	ALARM 617	proc 12 prog 113 step 26	eccentricity = 5.42 mm
14/09/2011 16:03:23	TASTEGGIO	0	1	11000	65576	134643	642	-574	5.37	5.37	0	
14/09/2011 16:04:37	ALARM 18	proc 1 prog 2 step 3	Tondo Non Presente Su Carrello 1
14/09/2011 16:04:49	ALARM 201		err.6058
14/09/2011 16:30:50	ALARM 18	proc 1 prog 2 step 3	Tondo Non Presente Su Carrello 1
14/09/2011 16:30:54	ALARM 401		
14/09/2011 16:30:55	ALARM 401		
14/09/2011 16:30:55	ALARM 401		
14/09/2011 16:30:57	ALARM 401		
14/09/2011 16:31:24	ALARM 18	proc 1 prog 2 step 3	Tondo Non Presente Su Carrello 1
14/09/2011 16:31:25	ALARM 18	proc 1 prog 2 step 3	Tondo Non Presente Su Carrello 1
14/09/2011 16:31:25	ALARM 18	proc 1 prog 2 step 3	Tondo Non Presente Su Carrello 1
14/09/2011 16:31:34	ALARM 19	proc 1 prog 2 step 8	Tondo Non Presente Su Carrello 2
14/09/2011 16:31:35	ALARM 18	proc 1 prog 2 step 3	Tondo Non Presente Su Carrello 1
14/09/2011 16:31:36	ALARM 18	proc 1 prog 2 step 3	Tondo Non Presente Su Carrello 1
14/09/2011 16:31:42	ALARM 18	proc 1 prog 2 step 3	Tondo Non Presente Su Carrello 1
14/09/2011 16:31:47	ALARM 19	proc 1 prog 2 step 8	Tondo Non Presente Su Carrello 2
14/09/2011 16:31:47	ALARM 18	proc 1 prog 2 step 3	Tondo Non Presente Su Carrello 1
14/09/2011 16:31:50	ALARM 401		
14/09/2011 16:31:51	ALARM 18	proc 1 prog 2 step 3	Tondo Non Presente Su Carrello 1
14/09/2011 16:31:51	ALARM 401		
14/09/2011 16:31:52	ALARM 18	proc 1 prog 2 step 3	Tondo Non Presente Su Carrello 1
14/09/2011 16:31:53	ALARM 401		
14/09/2011 16:31:53	ALARM 18	proc 1 prog 2 step 3	Tondo Non Presente Su Carrello 1
14/09/2011 16:32:00	ALARM 18	proc 1 prog 2 step 3	Tondo Non Presente Su Carrello 1
14/09/2011 16:32:01	ALARM 18	proc 1 prog 2 step 3	Tondo Non Presente Su Carrello 1
14/09/2011 16:32:02	ALARM 18	proc 1 prog 2 step 3	Tondo Non Presente Su Carrello 1
14/09/2011 16:34:05	ALARM 401		
14/09/2011 16:34:09	INIT OK
14/09/2011 16:37:45	ALARM 401		
14/09/2011 16:38:40	ALARM 401		
14/09/2011 16:38:54	ALARM 406		
15/09/2011 07:30:00	ALARM 401		
15/09/2011 07:30:02	INIT OK
15/09/2011 07:31:30	ALARM 18	proc 12 prog 84 step 16	Tondo Non Presente Su Carrello 1
15/09/2011 07:31:54	ALARM 401		
15/09/2011 08:02:37	ALARM 14	proc 12 prog 31 step 22	Bracc. centrali non in fuori ingombro rullBracc. centrali non in fuori ingombro presCarrello 1 non  in pos. per spostare il tLavoroTerminato
15/09/2011 08:03:14	ALARM 14	proc 12 prog 127 step 18	Bracc. centrali non in fuori ingombro rullBracc. centrali non in fuori ingombro presCarrello 1 non  in pos. per spostare il tLavoroTerminato
15/09/2011 08:03:42	ALARM 10	proc 12 prog 37 step 30	Tondo non presente su rulliera
15/09/2011 08:04:59	ALARM 10	proc 12 prog 37 step 30	Tondo non presente su rulliera
15/09/2011 08:05:48	ALARM 14	proc 12 prog 31 step 22	Bracc. centrali non in fuori ingombro rullBracc. centrali non in fuori ingombro presCarrello 1 non  in pos. per spostare il tLavoroTerminato
15/09/2011 08:06:22	ALARM 23	proc 12 prog 131 step 24	Pressa non su
15/09/2011 08:06:30	ALARM 23	proc 12 prog 130 step 24	Pressa non su
15/09/2011 08:09:59	ALARM 401		
15/09/2011 08:11:06	ALARM 18	proc 12 prog 42 step 2	Tondo Non Presente Su Carrello 1
15/09/2011 08:11:28	ALARM 14	proc 12 prog 31 step 22	Bracc. centrali non in fuori ingombro rullBracc. centrali non in fuori ingombro presCarrello 1 non  in pos. per spostare il tLavoroTerminato
15/09/2011 08:11:48	ALARM 23	proc 12 prog 131 step 24	Pressa non su
15/09/2011 08:12:01	ALARM 23	proc 12 prog 130 step 24	Pressa non su
15/09/2011 08:14:01	ALARM 14	proc 12 prog 32 step 22	Bracc. centrali non in fuori ingombro rullBracc. centrali non in fuori ingombro presCarrello 1 non  in pos. per spostare il tLavoroTerminato
15/09/2011 08:19:47	ALARM 14	proc 12 prog 31 step 22	Bracc. centrali non in fuori ingombro rullBracc. centrali non in fuori ingombro presCarrello 1 non  in pos. per spostare il tLavoroTerminato
15/09/2011 08:20:04	ALARM 23	proc 12 prog 131 step 24	Pressa non su
15/09/2011 08:20:35	ALARM 401		
15/09/2011 08:21:12	ALARM 401		
15/09/2011 08:21:52	ALARM 401		
15/09/2011 08:22:24	ALARM 401		
15/09/2011 08:22:25	ALARM 401		
15/09/2011 08:24:04	TASTEGGIO	0	0	11000	65576	134554	0	0	0.90	1.22	44500	
15/09/2011 08:24:37	TASTEGGIO	1	0	11000	65576	90111	368	-3	0.32	0.32	0	
15/09/2011 08:25:03	TASTEGGIO	0	0	11000	65576	90104	252	81	0.76	0.76	0	
15/09/2011 08:25:32	TASTEGGIO	0	1	11000	65576	90096	400	28	0.55	0.55	0	
15/09/2011 08:26:03	TASTEGGIO	0	2	11000	65576	90090	400	48	0.57	0.57	0	
15/09/2011 08:26:32	TASTEGGIO	0	3	11000	65576	90091	400	40	0.55	0.55	0	
15/09/2011 08:27:01	TASTEGGIO	0	4	11000	65576	90091	400	37	0.70	0.70	0	
15/09/2011 08:27:29	TASTEGGIO	0	5	11000	65576	90091	400	-1	0.36	0.36	0	
15/09/2011 08:27:59	TASTEGGIO	0	6	11000	65576	90091	400	72	0.24	0.24	0	
15/09/2011 08:28:30	TASTEGGIO	0	7	11000	65576	90091	400	4	0.47	0.47	0	
15/09/2011 08:28:58	TASTEGGIO	0	8	11000	65576	90091	400	1	0.48	0.48	0	
15/09/2011 08:29:27	TASTEGGIO	0	9	11000	65576	90091	400	0	0.47	0.47	0	
15/09/2011 08:29:57	TASTEGGIO	0	10	11000	65576	90091	400	1	0.48	0.48	0	
15/09/2011 08:30:26	TASTEGGIO	0	11	11000	65576	90091	400	0	0.47	0.47	0	
15/09/2011 08:30:56	TASTEGGIO	0	12	11000	65576	90091	400	0	0.47	0.47	0	
15/09/2011 08:31:24	TASTEGGIO	0	13	11000	65576	90091	400	1	0.46	0.46	0	
15/09/2011 08:31:53	TASTEGGIO	0	14	11000	65576	90091	400	0	0.46	0.46	0	
15/09/2011 08:32:23	TASTEGGIO	0	15	11000	65576	90091	400	1	0.47	0.47	0	
15/09/2011 08:32:52	TASTEGGIO	0	16	11000	65576	90091	400	1	0.48	0.48	0	
15/09/2011 08:33:22	TASTEGGIO	0	17	11000	65576	90091	400	0	0.46	0.46	0	
15/09/2011 08:33:50	TASTEGGIO	0	18	11000	65576	90091	400	0	0.47	0.47	0	
15/09/2011 08:34:19	TASTEGGIO	0	19	11000	65576	90091	400	0	0.46	0.46	0	
15/09/2011 08:34:47	TASTEGGIO	0	20	11000	65576	90091	400	0	0.47	0.47	0	
15/09/2011 08:35:18	TASTEGGIO	0	21	11000	65576	90091	400	0	0.46	0.46	0	
15/09/2011 08:35:46	TASTEGGIO	0	22	11000	65576	90091	400	0	0.46	0.46	0	
15/09/2011 08:36:17	TASTEGGIO	0	23	11000	65576	90091	400	0	0.47	0.47	0	
15/09/2011 08:36:26	ALARM 401		
15/09/2011 08:36:29	ALARM 203		err.6058
15/09/2011 08:36:47	TASTEGGIO	0	24	11000	65576	90091	400	0	0.00	0.00	0	
15/09/2011 08:37:21	TASTEGGIO	0	24	11000	65576	90091	400	0	0.45	0.45	0	
15/09/2011 08:38:01	TASTEGGIO	1	0	11000	65576	90091	269	0	0.46	0.46	0	
15/09/2011 08:38:29	TASTEGGIO	0	1	11000	65576	90091	316	0	0.46	0.46	0	
15/09/2011 08:39:00	TASTEGGIO	0	2	11000	65576	90091	408	0	0.45	0.45	0	
15/09/2011 08:39:33	TASTEGGIO	0	3	11000	65576	90091	500	-24	0.30	0.30	0	
15/09/2011 08:40:04	TASTEGGIO	0	4	11000	65576	90091	500	-53	0.23	0.23	0	
15/09/2011 08:40:36	TASTEGGIO	0	1	11000	65576	90091	482	-103	0.33	0.33	0	
15/09/2011 08:41:06	TASTEGGIO	0	1	11000	65576	90091	434	-17	0.43	0.43	0	
15/09/2011 08:41:37	TASTEGGIO	0	2	11000	65576	90091	500	-24	0.20	0.20	0	
15/09/2011 08:41:40	ALARM 401		
15/09/2011 08:41:42	ALARM 205		err.6058
15/09/2011 08:41:59	TASTEGGIO	0	2	11000	65576	134482	500	-24	0.43	0.43	0	
15/09/2011 08:43:37	TASTEGGIO	0	2	11000	65576	134493	421	-60	0.19	0.19	0	
15/09/2011 08:43:51	TASTEGGIO	0	2	11000	65576	134497	421	-60	0.17	0.35	82800	
15/09/2011 08:44:35	TASTEGGIO	0	2	11000	65576	51719	379	16	0.22	0.22	0	
15/09/2011 08:44:52	TASTEGGIO	0	2	11000	65576	134482	379	16	0.08	0.24	24500	
15/09/2011 08:47:17	TASTEGGIO	0	2	11000	65577	134650	379	16	0.86	0.86	0	
15/09/2011 08:47:46	TASTEGGIO	1	0	11000	65577	134666	322	-13	0.76	0.76	0	
15/09/2011 08:48:15	TASTEGGIO	0	1	11000	65577	134666	389	-19	0.56	0.56	0	
15/09/2011 08:48:46	TASTEGGIO	0	2	11000	65577	134666	400	-13	0.45	0.45	0	
15/09/2011 08:49:16	TASTEGGIO	0	3	11000	65577	134666	400	-9	0.33	0.33	0	
15/09/2011 08:49:46	TASTEGGIO	0	4	11000	65577	134665	400	-12	0.20	0.20	0	
15/09/2011 08:49:49	ALARM 401		
15/09/2011 08:49:52	ALARM 401		
15/09/2011 08:49:53	ALARM 401		
15/09/2011 08:49:54	ALARM 401		
15/09/2011 08:50:12	TASTEGGIO	0	4	11000	65577	134636	400	-12	0.19	0.50	-82000	
15/09/2011 08:50:51	TASTEGGIO	0	4	11000	65577	216596	403	-24	0.27	0.27	0	
15/09/2011 08:51:07	TASTEGGIO	0	4	11000	65577	134650	403	-24	0.04	0.26	-82000	
15/09/2011 08:52:55	ALARM 3	proc 12 prog 31 step 36	Tondo non presente su rulliera
15/09/2011 08:54:30	TASTEGGIO	0	4	11000	65576	134699	403	-24	1.81	1.92	44500	
15/09/2011 08:55:02	TASTEGGIO	1	0	11000	65576	90252	400	15	1.68	1.68	0	
15/09/2011 08:55:29	TASTEGGIO	0	1	11000	65576	90242	400	14	1.74	1.74	0	
15/09/2011 08:55:56	TASTEGGIO	0	2	11000	65576	90234	400	33	1.76	1.76	0	
15/09/2011 08:56:22	TASTEGGIO	0	3	11000	65576	90227	400	32	1.73	1.73	0	
15/09/2011 08:56:51	TASTEGGIO	0	4	11000	65576	90318	400	51	1.81	1.81	0	
15/09/2011 08:57:17	TASTEGGIO	0	5	11000	65576	90318	400	22	1.78	1.78	0	
15/09/2011 08:57:45	TASTEGGIO	0	6	11000	65576	90318	400	8	1.84	1.84	0	
15/09/2011 08:58:11	TASTEGGIO	0	7	11000	65576	90318	400	20	1.80	1.80	0	
15/09/2011 08:58:37	TASTEGGIO	0	8	11000	65576	90318	400	17	1.81	1.81	0	
15/09/2011 08:58:40	ALARM 401		
15/09/2011 08:58:44	ALARM 401		
15/09/2011 08:59:01	TASTEGGIO	0	8	11000	65576	90318	400	17	1.82	1.82	0	
15/09/2011 08:59:31	TASTEGGIO	1	0	11000	65576	90318	446	25	1.70	1.70	0	
15/09/2011 09:00:01	TASTEGGIO	0	1	11000	65576	90318	500	39	1.66	1.66	0	
15/09/2011 09:00:31	TASTEGGIO	0	2	11000	65576	90318	500	39	1.71	1.71	0	
15/09/2011 09:01:01	TASTEGGIO	0	3	11000	65576	90318	500	25	1.65	1.65	0	
15/09/2011 09:01:32	TASTEGGIO	0	4	11000	65576	90318	500	57	1.71	1.71	0	
15/09/2011 09:02:01	TASTEGGIO	0	5	11000	65576	90318	500	22	1.72	1.72	0	
15/09/2011 09:02:33	TASTEGGIO	0	6	11000	65576	90318	600	12	1.61	1.61	0	
15/09/2011 09:03:05	TASTEGGIO	0	7	11000	65576	90318	600	18	1.53	1.53	0	
15/09/2011 09:03:37	TASTEGGIO	0	8	11000	65576	90318	600	1	1.47	1.47	0	
15/09/2011 09:04:10	TASTEGGIO	0	9	11000	65576	90318	650	-14	1.18	1.18	0	
15/09/2011 09:04:46	TASTEGGIO	0	10	11000	65576	90318	650	-15	1.05	1.05	0	
15/09/2011 09:05:20	TASTEGGIO	0	11	11000	65576	90318	650	-20	0.83	0.83	0	
15/09/2011 09:05:57	TASTEGGIO	0	12	11000	65576	90318	650	-13	0.71	0.71	0	
15/09/2011 09:06:34	TASTEGGIO	0	13	11000	65576	90318	650	-16	0.56	0.56	0	
15/09/2011 09:06:36	ALARM 401		
15/09/2011 09:06:39	ALARM 205		err.5005
15/09/2011 09:06:55	TASTEGGIO	0	13	11000	65576	134700	650	-16	0.84	0.94	24500	
15/09/2011 09:07:36	TASTEGGIO	0	13	11000	65576	110215	538	-75	0.36	0.36	0	
15/09/2011 09:07:51	TASTEGGIO	0	13	11000	65576	134685	538	-75	0.27	0.55	82800	
15/09/2011 09:09:36	TASTEGGIO	0	13	11000	65576	134681	485	-26	0.47	0.63	24500	
15/09/2011 09:10:30	TASTEGGIO	0	13	11000	65576	134679	501	-33	0.23	0.39	82800	
15/09/2011 09:13:03	TASTEGGIO	0	13	11000	65576	134684	411	0	0.24	0.37	82800	
15/09/2011 09:14:06	TASTEGGIO	0	13	11000	65576	134684	430	-2	0.24	0.36	82800	
15/09/2011 09:15:21	TASTEGGIO	0	13	11000	65576	134681	460	-3	0.27	0.37	24500	
15/09/2011 09:16:37	ALARM 401		
15/09/2011 09:16:42	ALARM 202		err.6059
15/09/2011 10:05:41	ALARM 401		
15/09/2011 10:05:57	ALARM 401		
15/09/2011 10:05:57	ALARM 401		
15/09/2011 10:10:49	ALARM 401		
15/09/2011 10:16:57	ALARM 401		
15/09/2011 10:16:57	ALARM 401		
15/09/2011 10:16:58	ALARM 401		
15/09/2011 10:17:03	ALARM 401		
15/09/2011 10:17:05	ALARM 401		
15/09/2011 10:21:08	TASTEGGIO	0	13	5500	44016	117069	460	-3	0.22	0.22	0	
15/09/2011 10:21:33	TASTEGGIO	1	0	5500	44016	117082	255	-17	0.12	0.12	0	
15/09/2011 10:21:40	TASTEGGIO	1	0	5500	44016	117071	255	-17	0.13	0.18	-24500	
15/09/2011 10:22:07	TASTEGGIO	1	0	5500	44016	141506	245	-13	0.06	0.06	0	
15/09/2011 10:22:17	TASTEGGIO	1	0	5500	44016	117065	245	-13	0.04	0.08	44500	
15/09/2011 10:24:10	TASTEGGIO	1	0	5500	44016	117069	245	-13	0.24	0.33	24500	
15/09/2011 10:24:36	TASTEGGIO	1	0	5500	44016	92618	283	-13	0.18	0.18	0	
15/09/2011 10:24:59	TASTEGGIO	0	1	5500	44016	92612	292	-10	0.10	0.10	0	
15/09/2011 10:25:09	TASTEGGIO	0	1	5500	44016	116938	292	-10	0.08	0.11	44500	
15/09/2011 10:25:36	TASTEGGIO	1	0	5500	44016	72510	227	-4	0.10	0.10	0	
15/09/2011 10:25:58	TASTEGGIO	0	1	5500	44016	72499	236	-3	0.07	0.07	0	
15/09/2011 10:26:09	TASTEGGIO	0	1	5500	44016	116934	236	-3	0.07	0.09	24500	
15/09/2011 10:28:03	TASTEGGIO	0	1	5500	44016	117772	236	-3	0.15	0.18	-44500	
15/09/2011 10:28:31	TASTEGGIO	1	0	5500	44016	162122	245	-17	0.03	0.03	0	
15/09/2011 10:28:41	TASTEGGIO	1	0	5500	44016	117763	245	-17	0.06	0.09	44500	
15/09/2011 10:30:31	TASTEGGIO	1	0	5500	44016	117268	245	-17	0.09	0.11	24500	
15/09/2011 10:30:58	TASTEGGIO	1	0	5500	44016	92812	227	-8	0.03	0.03	0	
15/09/2011 10:31:07	TASTEGGIO	1	0	5500	44016	117144	227	-8	0.02	0.06	-24500	
15/09/2011 10:33:00	TASTEGGIO	1	0	5500	44015	117266	227	-8	0.19	0.23	-44500	
15/09/2011 10:33:27	TASTEGGIO	1	0	5500	44015	161631	257	-18	0.09	0.09	0	
15/09/2011 10:33:37	TASTEGGIO	1	0	5500	44015	117271	257	-18	0.12	0.16	24500	
15/09/2011 10:34:04	TASTEGGIO	1	0	5500	44015	92823	240	-8	0.04	0.04	0	
15/09/2011 10:34:13	TASTEGGIO	1	0	5500	44015	117145	240	-8	0.03	0.05	24500	
15/09/2011 10:36:06	TASTEGGIO	1	0	5500	44014	117275	240	-8	0.17	0.17	0	
15/09/2011 10:36:32	TASTEGGIO	1	0	5500	44014	117280	242	-19	0.10	0.10	0	
15/09/2011 10:36:39	TASTEGGIO	1	0	5500	44014	117274	242	-19	0.11	0.19	44500	
15/09/2011 10:37:06	TASTEGGIO	1	0	5500	44014	72844	247	-5	0.11	0.11	0	
15/09/2011 10:37:17	TASTEGGIO	1	0	5500	44014	117134	247	-5	0.07	0.10	44500	
15/09/2011 10:37:43	TASTEGGIO	1	0	5500	44014	72706	225	0	0.12	0.12	0	
15/09/2011 10:38:06	TASTEGGIO	0	1	5500	44014	72692	239	-1	0.10	0.10	0	
15/09/2011 10:38:29	TASTEGGIO	0	2	5500	44014	72682	255	-1	0.10	0.10	0	
15/09/2011 10:38:52	TASTEGGIO	0	3	5500	44014	72675	285	-6	0.06	0.06	0	
15/09/2011 10:39:03	TASTEGGIO	0	3	5500	44014	117134	285	-6	0.02	0.07	24500	
15/09/2011 10:40:54	TASTEGGIO	0	3	5500	44015	117877	285	-6	0.18	0.30	44500	
15/09/2011 10:41:21	TASTEGGIO	1	0	5500	44015	73442	275	-6	0.20	0.20	0	
15/09/2011 10:41:43	TASTEGGIO	0	1	5500	44015	73430	288	-6	0.15	0.15	0	
15/09/2011 10:42:07	TASTEGGIO	0	2	5500	44015	73419	303	-5	0.12	0.12	0	
15/09/2011 10:42:18	TASTEGGIO	0	2	5500	44015	117740	303	-5	0.05	0.12	44500	
15/09/2011 10:42:44	TASTEGGIO	1	0	5500	44015	73304	230	4	0.15	0.15	0	
15/09/2011 10:43:08	TASTEGGIO	0	1	5500	44015	73291	248	-1	0.15	0.15	0	
15/09/2011 10:43:30	TASTEGGIO	0	2	5500	44015	73284	278	0	0.15	0.15	0	
15/09/2011 10:43:53	TASTEGGIO	0	3	5500	44015	73280	323	-8	0.08	0.08	0	
15/09/2011 10:44:04	TASTEGGIO	0	3	5500	44015	117738	323	-8	0.01	0.07	44500	
15/09/2011 10:45:55	TASTEGGIO	0	3	5500	44015	117266	323	-8	0.06	0.17	44500	
15/09/2011 10:46:23	TASTEGGIO	1	0	5500	44015	72841	242	-4	0.07	0.07	0	
15/09/2011 10:46:33	TASTEGGIO	1	0	5500	44015	117138	242	-4	0.05	0.09	24500	
15/09/2011 10:48:25	TASTEGGIO	1	0	5500	44014	117070	242	-4	0.15	0.18	-24500	
15/09/2011 10:48:51	TASTEGGIO	1	0	5500	44014	141498	245	-17	0.10	0.10	0	
15/09/2011 10:49:01	TASTEGGIO	1	0	5500	44014	117069	245	-17	0.06	0.10	-44500	
15/09/2011 10:49:28	TASTEGGIO	1	0	5500	44014	161413	225	-9	0.05	0.05	0	
15/09/2011 10:49:38	TASTEGGIO	1	0	5500	44014	117063	225	-9	0.11	0.11	0	
15/09/2011 10:50:03	TASTEGGIO	1	0	5500	44014	117067	227	-9	0.05	0.05	0	
15/09/2011 10:50:11	TASTEGGIO	1	0	5500	44014	117061	227	-9	0.06	0.07	-44500	
15/09/2011 10:52:02	TASTEGGIO	1	0	5500	44015	117173	227	-9	0.27	0.33	24500	
15/09/2011 10:52:29	TASTEGGIO	1	0	5500	44015	92723	283	-15	0.18	0.18	0	
15/09/2011 10:52:53	TASTEGGIO	0	1	5500	44015	92717	292	-8	0.12	0.12	0	
15/09/2011 10:53:02	TASTEGGIO	0	1	5500	44015	117042	292	-8	0.09	0.13	24500	
15/09/2011 10:53:29	TASTEGGIO	1	0	5500	44015	92598	232	1	0.10	0.10	0	
