21/12/2011 11:57:02	ALARM 401		
21/12/2011 11:57:08	ALARM 28	proc 12 prog 72 step 15	Pressa appoggiata sul tondo
21/12/2011 11:57:25	TASTEGGIO	0	1	5000	42061	157634	0	0	0.52	0.52	0	
21/12/2011 11:57:45	TASTEGGIO	1	0	5000	42061	157638	58	-18	0.27	0.27	0	
21/12/2011 11:58:05	TASTEGGIO	0	1	5000	42061	157638	72	-13	0.12	0.12	0	
21/12/2011 11:58:13	TASTEGGIO	0	1	5000	42061	157633	72	-13	0.11	0.31	-82000	
21/12/2011 11:58:36	TASTEGGIO	1	0	5000	42061	239575	52	1	0.30	0.30	0	
21/12/2011 11:58:56	TASTEGGIO	0	1	5000	42061	239575	81	-8	0.20	0.20	0	
21/12/2011 11:59:16	TASTEGGIO	0	2	5000	42061	239575	99	-31	0.09	0.09	0	
21/12/2011 11:59:27	TASTEGGIO	0	2	5000	42061	157638	99	-31	0.10	0.20	120300	
21/12/2011 11:59:50	TASTEGGIO	1	0	5000	42061	37510	50	-32	0.25	0.25	0	
21/12/2011 12:00:06	TASTEGGIO	0	1	5000	42061	37490	18	-20	0.06	0.06	0	
21/12/2011 12:00:18	TASTEGGIO	0	1	5000	42061	157382	18	-20	0.12	0.12	0	
21/12/2011 12:01:18	ALARM 17	proc 12 prog 10 step 47	LavoroTerminato
21/12/2011 12:49:59	TASTEGGIO	0	1	5000	42060	161177	18	-20	0.32	0.77	120300	
21/12/2011 12:50:21	TASTEGGIO	1	0	5000	42060	40942	64	-12	0.68	0.68	0	
21/12/2011 12:50:39	TASTEGGIO	0	1	5000	42060	40940	124	-22	0.45	0.45	0	
21/12/2011 12:50:40	ALARM 401		
21/12/2011 12:51:00	TASTEGGIO	0	1	5000	42061	160798	124	-22	0.14	0.44	120300	
21/12/2011 12:51:23	TASTEGGIO	1	0	5000	42061	40574	56	-2	0.42	0.42	0	
21/12/2011 12:51:40	TASTEGGIO	0	1	5000	42061	40564	96	0	0.41	0.41	0	
21/12/2011 12:51:59	TASTEGGIO	0	2	5000	42061	40559	176	-6	0.31	0.31	0	
21/12/2011 12:52:01	ALARM 401		
21/12/2011 12:52:05	ALARM 201		err.6059
21/12/2011 12:52:20	TASTEGGIO	0	2	5000	42061	160786	176	-6	0.10	0.32	120300	
21/12/2011 12:52:43	TASTEGGIO	1	0	5000	42061	40556	53	0	0.34	0.34	0	
21/12/2011 12:53:01	TASTEGGIO	0	1	5000	42061	40548	89	-1	0.31	0.31	0	
21/12/2011 12:53:20	TASTEGGIO	0	2	5000	42061	40544	145	0	0.30	0.30	0	
21/12/2011 12:53:41	TASTEGGIO	0	3	5000	42061	40545	232	-26	0.08	0.08	0	
21/12/2011 12:53:54	TASTEGGIO	0	3	5000	42061	160795	232	-26	0.05	0.23	-82000	
21/12/2011 12:54:18	TASTEGGIO	1	0	5000	42061	242751	50	-30	0.20	0.20	0	
21/12/2011 12:54:37	TASTEGGIO	0	1	5000	42061	242752	32	-8	0.10	0.10	0	
21/12/2011 12:54:48	TASTEGGIO	0	1	5000	42061	161176	32	-8	0.17	0.17	82800	
21/12/2011 12:56:44	TASTEGGIO	0	1	5000	42060	161166	32	-8	1.17	1.78	-119500	
21/12/2011 12:57:12	TASTEGGIO	1	0	5000	42060	280618	89	-43	2.38	2.38	0	
21/12/2011 12:57:16	ALARM 401		
21/12/2011 12:57:19	ALARM 203		err.6058
21/12/2011 12:57:35	TASTEGGIO	0	1	5000	42061	161182	400	0	1.76	2.54	-119500	
21/12/2011 12:58:02	TASTEGGIO	1	0	5000	42061	280678	109	-21	2.54	2.54	0	
21/12/2011 12:58:27	TASTEGGIO	0	1	5000	42061	280740	363	-166	0.00	0.00	0	
21/12/2011 12:58:39	TASTEGGIO	0	1	5000	42061	161190	363	-166	0.00	0.00	-82000	
21/12/2011 13:00:35	TASTEGGIO	0	1	5000	42061	158334	363	-166	0.17	0.25	-82000	
21/12/2011 13:00:59	TASTEGGIO	1	0	5000	42061	240284	51	-8	0.13	0.13	0	
21/12/2011 13:01:10	TASTEGGIO	1	0	5000	42061	158291	51	-8	0.14	0.24	82800	
21/12/2011 13:01:32	TASTEGGIO	1	0	5000	42061	75542	51	0	0.17	0.17	0	
21/12/2011 13:01:48	TASTEGGIO	0	1	5000	42060	75542	63	0	0.16	0.16	0	
21/12/2011 13:01:51	ALARM 401		
21/12/2011 13:01:55	ALARM 205		err.6058
21/12/2011 13:02:11	TASTEGGIO	0	1	5000	42061	157970	63	0	0.11	0.20	120300	
21/12/2011 13:02:34	TASTEGGIO	1	0	5000	42061	37837	50	-38	0.23	0.23	0	
21/12/2011 13:02:50	TASTEGGIO	0	1	5000	42061	37835	23	-15	0.29	0.29	0	
21/12/2011 13:03:08	TASTEGGIO	0	2	5000	42061	37830	96	-26	0.44	0.44	0	
21/12/2011 13:03:12	ALARM 401		
21/12/2011 13:03:31	TASTEGGIO	0	3	5000	42061	157966	296	0	0.22	0.41	120300	
21/12/2011 13:03:54	TASTEGGIO	1	0	5000	42061	37878	55	-40	0.19	0.19	0	
21/12/2011 13:03:55	ALARM 401		
21/12/2011 13:03:59	ALARM 205		err.6058
21/12/2011 13:04:15	TASTEGGIO	1	0	5000	42061	157967	55	-40	0.05	0.17	120300	
21/12/2011 13:05:20	ALARM 3	proc 12 prog 31 step 36	Tondo non presente su rulliera
21/12/2011 13:07:28	ALARM 401		
21/12/2011 13:08:33	ALARM 401		
21/12/2011 13:16:42	TASTEGGIO	1	0	5000	42063	160991	55	-40	0.67	0.67	0	
21/12/2011 13:17:05	TASTEGGIO	1	0	5000	42063	160994	61	0	0.55	0.55	0	
21/12/2011 13:17:25	TASTEGGIO	0	1	5000	42063	160994	106	-56	0.07	0.07	0	
21/12/2011 13:17:33	TASTEGGIO	0	1	5000	42063	160991	106	-56	0.07	0.38	82800	
21/12/2011 13:17:54	TASTEGGIO	1	0	5000	42063	78245	54	-2	0.33	0.33	0	
21/12/2011 13:18:12	TASTEGGIO	0	1	5000	42063	78244	82	-4	0.25	0.25	0	
21/12/2011 13:18:31	TASTEGGIO	0	2	5000	42063	78244	108	-18	0.10	0.10	0	
21/12/2011 13:18:43	TASTEGGIO	0	2	5000	42063	160612	108	-18	0.15	0.35	-119500	
21/12/2011 13:19:08	TASTEGGIO	1	0	5000	42063	280063	53	-58	0.24	0.24	0	
21/12/2011 13:19:26	TASTEGGIO	0	1	5000	42063	280063	36	-64	0.55	0.55	0	
21/12/2011 13:19:31	ALARM 401		
21/12/2011 13:19:34	ALARM 203		err.6059
21/12/2011 13:19:49	TASTEGGIO	0	1	5000	42063	160978	0	0	0.10	0.55	-119500	
21/12/2011 13:20:13	TASTEGGIO	1	0	5000	42063	280430	58	-43	0.13	0.13	0	
21/12/2011 13:20:25	TASTEGGIO	1	0	5000	42063	160982	58	-43	0.10	0.21	82800	
21/12/2011 13:20:47	TASTEGGIO	1	0	5000	42063	78243	50	3	0.19	0.19	0	
21/12/2011 13:21:04	TASTEGGIO	0	1	5000	42063	78243	67	-1	0.16	0.16	0	
21/12/2011 13:21:07	ALARM 401		
21/12/2011 13:21:10	ALARM 205		err.6058
21/12/2011 13:21:25	TASTEGGIO	0	1	5000	42063	160622	67	-1	0.10	0.19	82800	
21/12/2011 13:21:47	TASTEGGIO	1	0	5000	42063	77919	49	2	0.14	0.14	0	
21/12/2011 13:21:58	TASTEGGIO	1	0	5000	42063	160622	49	2	0.10	0.18	82800	
21/12/2011 13:24:01	TASTEGGIO	1	0	5000	42061	157753	49	2	1.69	1.89	-82000	
21/12/2011 13:24:21	TASTEGGIO	1	0	5000	42061	239701	92	4	1.94	1.94	0	
21/12/2011 13:24:41	TASTEGGIO	0	1	5000	42061	239702	291	-76	1.15	1.15	0	
21/12/2011 13:24:45	ALARM 401		
21/12/2011 13:24:48	ALARM 401		
21/12/2011 13:24:49	ALARM 401		
21/12/2011 13:25:05	TASTEGGIO	0	2	5000	42061	157756	387	0	1.19	1.31	-119500	
21/12/2011 13:25:29	TASTEGGIO	1	0	5000	42061	277201	78	-6	1.27	1.27	0	
21/12/2011 13:25:49	TASTEGGIO	0	1	5000	42061	277201	201	-17	1.09	1.09	0	
21/12/2011 13:25:53	ALARM 401		
21/12/2011 13:25:56	ALARM 401		
21/12/2011 13:25:56	ALARM 401		
21/12/2011 13:26:13	TASTEGGIO	0	2	5000	42061	157754	388	0	1.05	1.07	-119500	
21/12/2011 13:26:38	TASTEGGIO	1	0	5000	42061	277200	71	0	1.09	1.09	0	
21/12/2011 13:26:57	TASTEGGIO	0	1	5000	42061	277201	182	0	1.07	1.07	0	
21/12/2011 13:27:03	ALARM 401		
21/12/2011 13:27:06	ALARM 203		err.6058
21/12/2011 13:27:43	TASTEGGIO	0	2	5000	42061	157764	392	0	1.06	1.06	-119500	
21/12/2011 13:28:43	TASTEGGIO	0	2	5000	42061	157758	222	-23	0.97	0.97	0	
21/12/2011 13:29:23	TASTEGGIO	0	2	5000	42061	157759	269	-366	0.00	0.01	-119500	
21/12/2011 13:29:36	TASTEGGIO	0	2	5000	42061	277204	269	-366	0.41	0.41	0	
21/12/2011 13:29:53	TASTEGGIO	0	2	5000	42061	157758	269	-366	0.74	0.74	0	
21/12/2011 13:30:09	ALARM 401		
21/12/2011 13:30:57	TASTEGGIO	0	2	5000	42061	157764	238	-11	2.10	2.10	0	
21/12/2011 13:31:10	ALARM 401		
21/12/2011 13:32:14	TASTEGGIO	0	2	5000	42061	157764	238	-12	2.12	2.12	0	
21/12/2011 13:32:30	TASTEGGIO	0	2	5000	42061	157758	238	-12	0.00	0.00	0	
21/12/2011 13:33:30	ALARM 17	proc 12 prog 10 step 47	LavoroTerminato
21/12/2011 13:37:00	TASTEGGIO	0	2	5000	42060	161274	238	-12	1.00	1.06	-82000	
21/12/2011 13:37:21	TASTEGGIO	1	0	5000	42060	243206	71	0	1.09	1.09	0	
21/12/2011 13:37:43	TASTEGGIO	0	1	5000	42060	243206	183	-77	0.38	0.38	0	
21/12/2011 13:38:00	TASTEGGIO	0	0	5000	42060	243206	54	-2	0.32	0.32	0	
21/12/2011 13:38:02	ALARM 401		
21/12/2011 13:38:05	ALARM 201		err.6059
21/12/2011 13:38:19	TASTEGGIO	0	0	5000	42061	161285	54	-2	0.41	0.50	-119500	
21/12/2011 13:38:43	TASTEGGIO	1	0	5000	42061	280723	57	-11	0.41	0.41	0	
21/12/2011 13:39:02	TASTEGGIO	0	1	5000	42061	280723	90	-13	0.30	0.30	0	
21/12/2011 13:39:22	TASTEGGIO	0	2	5000	42061	280723	121	-9	0.19	0.19	0	
21/12/2011 13:39:25	ALARM 401		
21/12/2011 13:39:45	TASTEGGIO	0	3	5000	42061	161272	141	-9	0.27	0.27	0	
21/12/2011 13:40:08	TASTEGGIO	1	0	5000	42061	161275	51	-76	0.65	0.65	0	
21/12/2011 13:40:28	TASTEGGIO	0	1	5000	42061	161275	0	-107	1.30	1.30	0	
21/12/2011 13:40:32	ALARM 401		
21/12/2011 13:40:36	ALARM 203		err.6058
21/12/2011 13:40:47	TASTEGGIO	0	1	5000	42061	161270	0	0	1.28	1.28	0	
21/12/2011 13:41:07	TASTEGGIO	1	0	5000	42061	161275	77	-6	1.16	1.16	0	
21/12/2011 13:41:27	TASTEGGIO	0	1	5000	42061	161275	182	-193	0.76	0.76	0	
21/12/2011 13:41:31	ALARM 401		
21/12/2011 13:41:34	ALARM 203		err.6058
21/12/2011 13:41:46	TASTEGGIO	0	1	5000	42061	161270	132	0	0.73	0.73	0	
21/12/2011 13:42:07	TASTEGGIO	1	0	5000	42061	161274	63	-39	0.38	0.38	0	
21/12/2011 13:42:27	TASTEGGIO	0	1	5000	42061	161274	82	-70	0.37	0.37	0	
21/12/2011 13:42:29	ALARM 401		
21/12/2011 13:42:33	ALARM 205		err.6058
21/12/2011 13:42:45	TASTEGGIO	0	1	5000	42061	161269	82	-70	0.34	0.34	0	
21/12/2011 13:43:08	TASTEGGIO	1	0	5000	42061	161274	53	-39	0.17	0.17	0	
21/12/2011 13:43:10	ALARM 401		
21/12/2011 13:43:13	ALARM 205		err.6059
21/12/2011 13:43:24	TASTEGGIO	1	0	5000	42061	161268	53	-39	0.16	0.22	-82000	
21/12/2011 13:43:48	TASTEGGIO	1	0	5000	42061	243219	50	-33	0.10	0.10	0	
21/12/2011 13:43:59	TASTEGGIO	1	0	5000	42061	161280	50	-33	0.08	0.22	-119500	
21/12/2011 13:44:24	TASTEGGIO	1	0	5000	42061	280727	50	-5	0.19	0.19	0	
21/12/2011 13:44:43	TASTEGGIO	0	1	5000	42061	280728	66	-6	0.15	0.15	0	
21/12/2011 13:44:46	ALARM 401		
21/12/2011 13:44:50	ALARM 205		err.6058
21/12/2011 13:45:05	TASTEGGIO	0	1	5000	42061	161293	66	-6	0.05	0.19	120300	
21/12/2011 13:45:27	TASTEGGIO	1	0	5000	42061	41040	49	-36	0.19	0.19	0	
21/12/2011 13:45:44	TASTEGGIO	0	1	5000	42061	41040	30	-11	0.27	0.27	0	
21/12/2011 13:45:49	ALARM 401		
21/12/2011 13:45:53	ALARM 203		err.5005
21/12/2011 13:45:58	ALARM 28	proc 12 prog 72 step 15	Pressa appoggiata sul tondo
21/12/2011 13:46:19	TASTEGGIO	0	2	5000	42061	160904	106	0	0.20	0.28	120300	
21/12/2011 13:46:41	TASTEGGIO	1	0	5000	42061	40683	52	-42	0.27	0.27	0	
21/12/2011 13:46:57	TASTEGGIO	0	1	5000	42061	40670	25	-18	0.10	0.10	0	
21/12/2011 13:47:08	TASTEGGIO	0	1	5000	42061	160906	25	-18	0.08	0.21	82800	
21/12/2011 13:47:31	TASTEGGIO	1	0	5000	42061	78196	50	-3	0.11	0.11	0	
21/12/2011 13:47:42	TASTEGGIO	1	0	5000	42061	160924	50	-3	0.05	0.16	-119500	
21/12/2011 13:49:52	TASTEGGIO	1	0	5000	42060	161174	50	-3	1.97	1.97	0	
21/12/2011 13:50:10	TASTEGGIO	1	0	5000	42060	161178	94	10	2.00	2.00	0	
21/12/2011 13:50:32	TASTEGGIO	0	1	5000	42060	161178	297	-237	0.73	0.73	0	
21/12/2011 13:50:36	ALARM 401		
21/12/2011 13:50:40	ALARM 203		err.6058
21/12/2011 13:50:52	TASTEGGIO	0	1	5000	42061	161174	270	0	0.69	1.09	-82000	
21/12/2011 13:51:15	TASTEGGIO	1	0	5000	42061	243102	72	-3	0.93	0.93	0	
21/12/2011 13:51:36	TASTEGGIO	0	1	5000	42061	243102	151	-81	0.28	0.28	0	
21/12/2011 13:51:40	ALARM 401		
21/12/2011 13:51:43	ALARM 203		err.6058
21/12/2011 13:51:59	TASTEGGIO	0	0	5000	42061	161175	52	0	0.88	0.88	0	
21/12/2011 13:52:20	TASTEGGIO	1	0	5000	42061	161180	67	-19	0.66	0.66	0	
21/12/2011 13:52:40	TASTEGGIO	0	1	5000	42061	161180	116	-119	0.49	0.49	0	
21/12/2011 13:53:02	TASTEGGIO	0	1	5000	42061	161180	79	-183	0.00	0.00	0	
21/12/2011 13:53:09	TASTEGGIO	0	1	5000	42061	161175	79	-183	0.00	0.00	-119500	
21/12/2011 13:55:05	TASTEGGIO	0	1	5000	42060	160281	79	-183	0.37	0.37	0	
21/12/2011 13:55:27	TASTEGGIO	1	0	5000	42060	160286	54	-89	0.58	0.58	0	
21/12/2011 13:55:47	TASTEGGIO	0	1	5000	42060	160286	0	-72	1.20	1.20	0	
21/12/2011 13:55:50	ALARM 218	proc 12 prog 85 step 19	go_abs 3 cmd 11
21/12/2011 13:55:54	ALARM 203		err.6058
21/12/2011 13:56:07	TASTEGGIO	0	1	5000	42061	160282	0	0	1.15	1.15	0	
21/12/2011 13:56:28	TASTEGGIO	1	0	5000	42061	160286	73	-27	0.83	0.83	0	
21/12/2011 13:56:49	TASTEGGIO	0	1	5000	42061	160286	132	-178	1.24	1.24	0	
21/12/2011 13:56:53	ALARM 218	proc 12 prog 85 step 19	go_abs 3 cmd 11
21/12/2011 13:56:55	ALARM 401		
21/12/2011 13:56:56	ALARM 401		
21/12/2011 13:57:11	TASTEGGIO	0	1	5000	42061	160282	0	0	1.18	1.18	0	
21/12/2011 13:57:31	TASTEGGIO	1	0	5000	42061	160286	74	-35	0.88	0.88	0	
21/12/2011 13:57:35	ALARM 401		
21/12/2011 13:57:38	ALARM 203		err.6058
21/12/2011 13:57:49	TASTEGGIO	0	1	5000	42061	160282	139	0	0.85	0.85	0	
21/12/2011 13:58:09	TASTEGGIO	1	0	5000	42061	160286	66	-19	0.63	0.63	0	
21/12/2011 13:58:29	TASTEGGIO	0	1	5000	42061	160286	112	-119	0.65	0.65	0	
21/12/2011 13:58:50	TASTEGGIO	0	1	5000	42061	160286	44	-118	1.70	1.70	0	
21/12/2011 13:58:55	ALARM 401		
21/12/2011 13:58:58	ALARM 203		err.6059
21/12/2011 13:59:11	TASTEGGIO	0	1	5000	42061	160282	0	0	1.63	1.63	0	
21/12/2011 13:59:36	TASTEGGIO	1	0	5000	42061	160286	86	-166	0.00	0.00	0	
21/12/2011 13:59:42	ALARM 401		
21/12/2011 13:59:45	ALARM 205		err.6058
21/12/2011 14:00:23	ALARM 29	proc 5 prog 72 step 6	Tastatori appoggiati sul tondo
21/12/2011 14:14:44	TASTEGGIO	1	0	5000	42060	161170	86	-166	0.64	0.66	-82000	
21/12/2011 14:15:07	TASTEGGIO	1	0	5000	42060	243116	61	-1	0.63	0.63	0	
21/12/2011 14:15:27	TASTEGGIO	0	1	5000	42060	243116	121	-49	0.14	0.14	0	
21/12/2011 14:15:38	TASTEGGIO	0	1	5000	42060	161170	121	-49	0.23	0.29	-119500	
21/12/2011 14:16:02	TASTEGGIO	1	0	5000	42060	280603	52	-16	0.17	0.17	0	
21/12/2011 14:16:04	ALARM 401		
21/12/2011 14:16:07	ALARM 205		err.6058
21/12/2011 14:16:23	TASTEGGIO	1	0	5000	42061	161175	52	-16	0.15	0.16	-119500	
21/12/2011 14:18:19	TASTEGGIO	1	0	5000	42060	158641	52	-16	0.79	0.90	120300	
21/12/2011 14:18:42	TASTEGGIO	1	0	5000	42060	38526	67	-13	0.81	0.81	0	
21/12/2011 14:19:00	TASTEGGIO	0	1	5000	42060	38519	139	-14	0.64	0.64	0	
21/12/2011 14:19:05	ALARM 401		
21/12/2011 14:19:09	ALARM 203		err.6058
21/12/2011 14:19:24	TASTEGGIO	0	2	5000	42061	158323	210	0	0.62	0.65	-82000	
21/12/2011 14:19:46	TASTEGGIO	1	0	5000	42061	240273	61	-6	0.65	0.65	0	
21/12/2011 14:20:06	TASTEGGIO	0	1	5000	42061	240273	126	-61	0.16	0.16	0	
21/12/2011 14:20:09	ALARM 401		
21/12/2011 14:20:27	TASTEGGIO	0	1	5000	42061	158657	126	-61	0.25	0.52	120300	
21/12/2011 14:20:50	TASTEGGIO	1	0	5000	42061	38465	58	0	0.54	0.54	0	
21/12/2011 14:21:09	TASTEGGIO	0	1	5000	42061	38461	114	-1	0.53	0.53	0	
21/12/2011 14:21:28	TASTEGGIO	0	2	5000	42061	38461	218	-20	0.33	0.33	0	
21/12/2011 14:21:29	ALARM 401		
21/12/2011 14:21:33	ALARM 201		err.6059
21/12/2011 14:21:49	TASTEGGIO	0	2	5000	42061	158336	218	-20	0.17	0.33	120300	
21/12/2011 14:22:12	TASTEGGIO	1	0	5000	42061	38146	53	-1	0.32	0.32	0	
21/12/2011 14:22:31	TASTEGGIO	0	1	5000	42061	38139	84	-6	0.30	0.30	0	
21/12/2011 14:22:49	TASTEGGIO	0	2	5000	42061	38134	140	-2	0.31	0.31	0	
21/12/2011 14:23:10	TASTEGGIO	0	3	5000	42061	38133	236	-31	0.12	0.12	0	
21/12/2011 14:23:23	TASTEGGIO	0	3	5000	42061	158342	236	-31	0.14	0.28	-82000	
21/12/2011 14:23:47	TASTEGGIO	1	0	5000	42061	240292	52	-13	0.10	0.10	0	
21/12/2011 14:23:58	TASTEGGIO	1	0	5000	42061	158657	52	-13	0.15	0.19	82800	
21/12/2011 14:24:20	TASTEGGIO	1	0	5000	42061	75919	49	0	0.17	0.17	0	
21/12/2011 14:24:37	TASTEGGIO	0	1	5000	42061	75921	64	-2	0.15	0.15	0	
21/12/2011 14:24:39	ALARM 218	proc 12 prog 73 step 17	go_abs 5 cmd 11
21/12/2011 14:24:41	ALARM 401		
21/12/2011 14:25:00	TASTEGGIO	0	1	5000	42061	158335	64	-2	0.14	0.14	-82000	
21/12/2011 14:26:57	TASTEGGIO	0	1	5000	42060	160978	64	-2	1.90	1.90	0	
21/12/2011 14:27:22	TASTEGGIO	1	0	5000	42060	160982	92	-182	0.00	0.00	120300	
21/12/2011 14:27:30	TASTEGGIO	1	0	5000	42060	160978	92	-182	0.00	0.00	-119500	
21/12/2011 14:29:30	ALARM 314	proc 12 prog 51 step 61	go_abs inv_ax 7 code -1
21/12/2011 14:33:34	TASTEGGIO	1	0	5000	42060	158154	92	-182	0.11	0.27	120300	
21/12/2011 14:33:57	TASTEGGIO	1	0	5000	42060	38007	51	-33	0.08	0.08	0	
21/12/2011 14:34:10	TASTEGGIO	1	0	5000	42060	157865	51	-33	0.13	0.18	-82000	
21/12/2011 14:36:07	TASTEGGIO	1	0	5000	42060	161166	51	-33	0.16	0.76	-82000	
21/12/2011 14:36:30	TASTEGGIO	1	0	5000	42060	243113	64	0	0.71	0.71	0	
21/12/2011 14:36:51	TASTEGGIO	0	1	5000	42060	243113	130	-17	0.52	0.52	0	
21/12/2011 14:36:54	ALARM 401		
21/12/2011 14:36:57	ALARM 202		err.6059
21/12/2011 14:37:13	TASTEGGIO	0	2	5000	42061	161184	183	0	0.17	0.56	-82000	
21/12/2011 14:37:36	TASTEGGIO	1	0	5000	42061	243126	59	4	0.49	0.49	0	
21/12/2011 14:37:57	TASTEGGIO	0	1	5000	42061	243127	101	-1	0.44	0.44	0	
21/12/2011 14:38:02	ALARM 401		
21/12/2011 14:38:19	TASTEGGIO	0	2	5000	42061	161186	180	0	0.22	0.48	-82000	
21/12/2011 14:38:43	TASTEGGIO	1	0	5000	42061	243135	57	7	0.43	0.43	0	
21/12/2011 14:39:04	TASTEGGIO	0	1	5000	42061	243135	95	2	0.42	0.42	0	
21/12/2011 14:39:25	TASTEGGIO	0	2	5000	42061	243135	177	-139	0.92	0.92	0	
21/12/2011 14:39:29	ALARM 218	proc 12 prog 85 step 19	go_abs 3 cmd 11
21/12/2011 14:39:32	ALARM 203		err.6058
21/12/2011 14:39:46	TASTEGGIO	0	1	5000	42061	161176	0	0	1.07	1.07	0	
21/12/2011 14:40:07	TASTEGGIO	1	0	5000	42061	161181	71	4	1.04	1.04	0	
21/12/2011 14:40:29	TASTEGGIO	0	1	5000	42061	161182	172	-183	1.02	1.02	0	
21/12/2011 14:40:48	TASTEGGIO	0	1	5000	42061	161182	71	-28	0.60	0.60	0	
21/12/2011 14:40:50	ALARM 218	proc 12 prog 73 step 17	go_abs 5 cmd 11
21/12/2011 14:40:53	ALARM 205		err.6058
21/12/2011 14:41:04	TASTEGGIO	0	1	5000	42061	161177	71	-28	0.60	0.60	0	
21/12/2011 14:41:25	TASTEGGIO	1	0	5000	42061	161181	60	-19	0.39	0.39	0	
21/12/2011 14:41:44	TASTEGGIO	0	1	5000	42061	161181	85	-68	0.35	0.35	0	
21/12/2011 14:42:04	TASTEGGIO	0	1	5000	42061	161181	53	-70	0.36	0.36	0	
21/12/2011 14:42:23	TASTEGGIO	0	1	5000	42061	161181	15	-19	0.18	0.18	0	
21/12/2011 14:42:25	ALARM 401		
21/12/2011 14:42:39	TASTEGGIO	0	0	5000	42061	161177	49	-19	0.16	0.39	-82000	
21/12/2011 14:43:04	TASTEGGIO	1	0	5000	42061	243125	54	-36	0.05	0.05	0	
21/12/2011 14:43:15	TASTEGGIO	1	0	5000	42061	161174	54	-36	0.29	0.36	82800	
21/12/2011 14:43:36	TASTEGGIO	1	0	5000	42061	78441	54	1	0.38	0.38	0	
21/12/2011 14:43:56	TASTEGGIO	0	1	5000	42061	78440	94	-13	0.23	0.23	0	
21/12/2011 14:44:15	TASTEGGIO	0	2	5000	42061	78440	113	-26	0.08	0.08	0	
21/12/2011 14:44:26	TASTEGGIO	0	2	5000	42061	160784	113	-26	0.10	0.16	-82000	
21/12/2011 14:46:36	TASTEGGIO	0	2	5000	42060	157641	113	-26	1.32	1.32	0	
21/12/2011 14:46:56	TASTEGGIO	1	0	5000	42060	157647	78	0	1.24	1.24	0	
21/12/2011 14:47:18	TASTEGGIO	0	1	5000	42060	157647	194	-165	0.65	0.65	0	
21/12/2011 14:47:23	ALARM 401		
21/12/2011 14:47:27	ALARM 203		err.6058
21/12/2011 14:47:40	TASTEGGIO	0	1	5000	42061	157642	159	0	0.63	0.89	82800	
21/12/2011 14:47:59	TASTEGGIO	1	0	5000	42061	74915	67	3	0.90	0.90	0	
21/12/2011 14:48:18	TASTEGGIO	0	1	5000	42061	74914	158	-3	0.83	0.83	0	
21/12/2011 14:48:22	ALARM 401		
21/12/2011 14:48:26	ALARM 203		err.6059
21/12/2011 14:48:40	TASTEGGIO	0	2	5000	42061	157385	311	0	0.60	0.79	82800	
21/12/2011 14:48:59	TASTEGGIO	1	0	5000	42061	74678	64	3	0.84	0.84	0	
21/12/2011 14:49:19	TASTEGGIO	0	1	5000	42061	74678	153	2	0.85	0.85	0	
21/12/2011 14:49:23	ALARM 401		
21/12/2011 14:49:26	ALARM 201		err.6059
21/12/2011 14:49:31	ALARM 28	proc 12 prog 72 step 15	Pressa appoggiata sul tondo
21/12/2011 14:49:50	TASTEGGIO	0	2	5000	42061	157378	325	0	0.59	0.75	82800	
21/12/2011 14:50:11	TASTEGGIO	1	0	5000	42061	74665	63	3	0.82	0.82	0	
21/12/2011 14:50:29	TASTEGGIO	0	1	5000	42061	74664	152	1	0.81	0.81	0	
21/12/2011 14:50:52	TASTEGGIO	0	2	5000	42061	74662	312	-239	1.57	1.57	0	
21/12/2011 14:51:06	TASTEGGIO	0	1	5000	42061	74661	7	-5	1.47	1.47	0	
21/12/2011 14:51:27	TASTEGGIO	0	2	5000	42061	74655	282	-140	0.39	0.39	0	
21/12/2011 14:51:29	ALARM 401		
21/12/2011 14:51:32	ALARM 201		err.6059
21/12/2011 14:51:47	TASTEGGIO	0	2	5000	42061	157388	282	-140	0.84	0.84	0	
21/12/2011 14:52:08	TASTEGGIO	1	0	5000	42061	157382	66	-8	0.75	0.75	0	
21/12/2011 14:52:29	TASTEGGIO	0	1	5000	42061	157382	132	-93	0.22	0.22	0	
21/12/2011 14:52:30	ALARM 401		
21/12/2011 14:52:33	ALARM 205		err.6058
21/12/2011 14:52:45	TASTEGGIO	0	1	5000	42061	157387	132	-93	0.20	0.28	-82000	
21/12/2011 14:53:09	TASTEGGIO	1	0	5000	42061	239333	52	-12	0.16	0.16	0	
21/12/2011 14:53:11	ALARM 218	proc 12 prog 73 step 17	go_abs 5 cmd 11
21/12/2011 14:53:15	ALARM 401		
21/12/2011 14:53:16	ALARM 401		
21/12/2011 14:53:20	ALARM 401		
21/12/2011 14:53:38	TASTEGGIO	1	0	5000	42061	157638	52	-12	0.18	0.21	-119500	
21/12/2011 14:54:03	TASTEGGIO	1	0	5000	42061	277069	50	-1	0.20	0.20	0	
21/12/2011 14:54:23	TASTEGGIO	0	1	5000	42061	277069	69	-4	0.17	0.17	0	
21/12/2011 14:54:24	ALARM 401		
21/12/2011 14:54:28	ALARM 205		err.6058
21/12/2011 14:54:46	TASTEGGIO	0	1	5000	42061	157646	69	-4	0.18	0.18	120300	
21/12/2011 14:56:44	TASTEGGIO	0	1	5000	42060	160994	69	-4	0.67	0.67	0	
21/12/2011 14:57:06	TASTEGGIO	1	0	5000	42060	160997	61	-76	0.57	0.57	0	
21/12/2011 14:57:24	TASTEGGIO	0	1	5000	42060	160998	12	-6	0.44	0.44	0	
21/12/2011 14:57:44	TASTEGGIO	0	2	5000	42060	160997	60	-61	0.33	0.33	0	
21/12/2011 14:58:04	TASTEGGIO	0	1	5000	42060	160997	35	-58	0.27	0.27	0	
21/12/2011 14:58:23	TASTEGGIO	0	1	5000	42060	160997	12	-9	0.19	0.19	0	
21/12/2011 14:58:43	TASTEGGIO	0	2	5000	42060	160998	30	-9	0.09	0.09	0	
21/12/2011 14:58:51	TASTEGGIO	0	2	5000	42060	160994	30	-9	0.07	0.36	-119500	
21/12/2011 14:59:16	TASTEGGIO	1	0	5000	42060	280443	54	-12	0.19	0.19	0	
21/12/2011 14:59:35	TASTEGGIO	0	1	5000	42060	280443	64	-5	0.15	0.15	0	
21/12/2011 14:59:38	ALARM 401		
21/12/2011 14:59:41	ALARM 205		err.6058
21/12/2011 14:59:58	TASTEGGIO	0	1	5000	42061	160998	64	-5	0.12	0.25	120300	
21/12/2011 15:00:20	TASTEGGIO	1	0	5000	42061	40746	51	-30	0.12	0.12	0	
21/12/2011 15:00:33	TASTEGGIO	1	0	5000	42061	160617	51	-30	0.21	0.21	0	
21/12/2011 15:00:55	TASTEGGIO	1	0	5000	42061	160612	50	-76	0.54	0.54	0	
21/12/2011 15:01:00	ALARM 401		
21/12/2011 15:01:03	ALARM 203		err.6058
21/12/2011 15:01:13	TASTEGGIO	0	1	5000	42061	160618	0	0	0.51	0.51	0	
21/12/2011 15:01:36	TASTEGGIO	1	0	5000	42061	160612	57	-59	0.26	0.26	0	
21/12/2011 15:01:56	TASTEGGIO	0	1	5000	42061	160612	43	-26	0.05	0.05	0	
21/12/2011 15:02:04	TASTEGGIO	0	1	5000	42061	160619	43	-26	0.04	0.15	-119500	
21/12/2011 15:03:58	TASTEGGIO	0	1	5000	42060	160984	43	-26	0.34	0.45	-82000	
21/12/2011 15:04:23	TASTEGGIO	1	0	5000	42060	242932	56	-1	0.39	0.39	0	
21/12/2011 15:04:44	TASTEGGIO	0	1	5000	42060	242933	89	-26	0.18	0.18	0	
21/12/2011 15:04:45	ALARM 401		
21/12/2011 15:05:03	TASTEGGIO	0	1	5000	42061	160986	89	-26	0.47	0.47	0	
21/12/2011 15:05:26	TASTEGGIO	1	0	5000	42061	160991	56	-82	0.71	0.71	0	
21/12/2011 15:05:31	ALARM 401		
21/12/2011 15:05:34	ALARM 401		
21/12/2011 15:05:35	ALARM 401		
21/12/2011 15:05:51	TASTEGGIO	0	1	5000	42061	160987	0	0	0.70	0.70	0	
21/12/2011 15:06:13	TASTEGGIO	1	0	5000	42061	160991	62	-22	0.41	0.41	0	
21/12/2011 15:06:34	TASTEGGIO	0	1	5000	42061	160991	86	-69	0.23	0.23	0	
21/12/2011 15:06:36	ALARM 401		
21/12/2011 15:06:39	ALARM 205		err.6058
21/12/2011 15:06:51	TASTEGGIO	0	1	5000	42061	160987	86	-69	0.21	0.48	-82000	
21/12/2011 15:07:15	TASTEGGIO	1	0	5000	42061	242922	57	1	0.44	0.44	0	
21/12/2011 15:07:35	TASTEGGIO	0	1	5000	42061	242922	97	-13	0.27	0.27	0	
21/12/2011 15:07:38	ALARM 218	proc 12 prog 85 step 19	go_abs 3 cmd 11
21/12/2011 15:07:40	ALARM 401		
21/12/2011 15:07:40	ALARM 401		
21/12/2011 15:07:58	TASTEGGIO	0	2	5000	42061	160983	120	0	0.17	0.41	82800	
21/12/2011 15:08:23	TASTEGGIO	1	0	5000	42061	78243	55	-39	0.68	0.68	0	
21/12/2011 15:08:45	TASTEGGIO	0	1	5000	42061	78243	167	-193	2.41	2.41	0	
21/12/2011 15:08:48	ALARM 401		
21/12/2011 15:09:06	TASTEGGIO	0	1	5000	42061	160615	0	-193	1.64	2.42	82800	
21/12/2011 15:09:24	TASTEGGIO	1	0	5000	42061	77907	106	0	2.39	2.39	0	
21/12/2011 15:09:30	ALARM 401		
21/12/2011 15:09:33	ALARM 203		err.6059
21/12/2011 15:10:07	TASTEGGIO	0	1	5000	42061	160621	342	0	1.64	2.35	82800	
21/12/2011 15:10:58	TASTEGGIO	0	1	5000	42061	160616	238	-8	1.55	2.25	82800	
21/12/2011 15:11:36	TASTEGGIO	0	1	5000	42061	160622	288	-54	1.26	1.73	82800	
21/12/2011 15:12:12	TASTEGGIO	0	1	5000	42061	160627	243	-10	1.15	1.56	82800	
21/12/2011 15:12:53	TASTEGGIO	0	1	5000	42061	160625	283	-96	0.74	0.74	82800	
21/12/2011 15:13:22	TASTEGGIO	0	1	5000	42061	160624	283	-96	0.77	0.77	0	
21/12/2011 15:13:43	TASTEGGIO	1	0	5000	42061	160617	64	-15	0.64	0.64	0	
21/12/2011 15:14:04	TASTEGGIO	0	1	5000	42061	160617	117	-86	0.60	0.60	0	
21/12/2011 15:14:24	TASTEGGIO	0	1	5000	42061	160617	60	-28	0.30	0.30	0	
21/12/2011 15:14:28	ALARM 401		
21/12/2011 15:14:32	ALARM 203		err.6058
21/12/2011 15:14:44	TASTEGGIO	0	0	5000	42061	160624	52	0	0.34	0.44	82800	
21/12/2011 15:15:06	TASTEGGIO	1	0	5000	42061	77924	56	0	0.35	0.35	0	
21/12/2011 15:15:24	TASTEGGIO	0	1	5000	42061	77919	83	-8	0.27	0.27	0	
21/12/2011 15:15:28	ALARM 401		
21/12/2011 15:15:32	ALARM 203		err.6058
21/12/2011 15:15:49	TASTEGGIO	0	2	5000	42061	160628	112	0	0.29	0.34	82800	
21/12/2011 15:16:12	TASTEGGIO	1	0	5000	42061	77928	53	3	0.26	0.26	0	
21/12/2011 15:16:30	TASTEGGIO	0	1	5000	42061	77923	72	0	0.26	0.26	0	
21/12/2011 15:16:35	ALARM 401		
21/12/2011 15:16:38	ALARM 203		err.6058
21/12/2011 15:16:52	TASTEGGIO	0	2	5000	42061	160623	124	0	0.30	0.33	82800	
21/12/2011 15:17:16	TASTEGGIO	1	0	5000	42061	77923	53	2	0.25	0.25	0	
21/12/2011 15:17:34	TASTEGGIO	0	1	5000	42061	77917	71	0	0.25	0.25	0	
21/12/2011 15:17:55	TASTEGGIO	0	2	5000	42061	77911	121	-33	0.09	0.09	0	
21/12/2011 15:18:06	TASTEGGIO	0	2	5000	42061	160618	121	-33	0.35	0.35	0	
21/12/2011 15:18:29	TASTEGGIO	1	0	5000	42061	160610	53	-3	0.27	0.27	0	
21/12/2011 15:18:50	TASTEGGIO	0	1	5000	42061	160610	73	-20	0.09	0.09	0	
21/12/2011 15:18:58	TASTEGGIO	0	1	5000	42061	160618	73	-20	0.12	0.29	-82000	
21/12/2011 15:19:22	TASTEGGIO	1	0	5000	42061	242567	52	3	0.24	0.24	0	
21/12/2011 15:19:43	TASTEGGIO	0	1	5000	42061	242567	71	2	0.22	0.22	0	
21/12/2011 15:20:04	TASTEGGIO	0	2	5000	42061	242567	111	-35	0.22	0.22	0	
21/12/2011 15:20:25	TASTEGGIO	0	1	5000	42061	242567	89	-18	0.08	0.08	0	
21/12/2011 15:20:36	TASTEGGIO	0	1	5000	42061	160985	89	-18	0.17	0.23	-119500	
21/12/2011 15:21:00	TASTEGGIO	1	0	5000	42061	280433	50	-1	0.16	0.16	0	
21/12/2011 15:21:03	ALARM 218	proc 12 prog 85 step 19	go_abs 3 cmd 11
21/12/2011 15:21:06	ALARM 203		err.5005
21/12/2011 15:21:22	TASTEGGIO	0	1	5000	42061	160985	61	0	0.18	0.20	82800	
21/12/2011 15:21:45	TASTEGGIO	1	0	5000	42061	78246	50	-5	0.16	0.16	0	
21/12/2011 15:21:47	ALARM 218	proc 12 prog 73 step 17	go_abs 5 cmd 11
21/12/2011 15:21:50	ALARM 205		err.6058
21/12/2011 15:22:05	TASTEGGIO	1	0	5000	42061	160622	50	-5	0.22	0.22	0	
21/12/2011 15:22:28	TASTEGGIO	1	0	5000	42061	160615	50	-12	0.16	0.16	0	
21/12/2011 15:22:49	TASTEGGIO	0	1	5000	42061	160615	61	-44	0.46	0.46	0	
21/12/2011 15:22:55	ALARM 401		
21/12/2011 15:22:58	ALARM 401		
21/12/2011 15:22:58	ALARM 401		
21/12/2011 15:23:15	TASTEGGIO	0	1	5000	42061	160622	0	0	0.46	0.46	0	
21/12/2011 15:23:38	TASTEGGIO	1	0	5000	42061	160615	56	-15	0.24	0.24	0	
21/12/2011 15:23:58	TASTEGGIO	0	1	5000	42061	160615	68	-13	0.09	0.09	0	
21/12/2011 15:24:06	TASTEGGIO	0	1	5000	42061	160622	68	-13	0.13	0.18	82800	
21/12/2011 15:26:15	TASTEGGIO	0	1	5000	42060	161079	68	-13	0.79	0.79	0	
21/12/2011 15:26:37	TASTEGGIO	1	0	5000	42060	161083	64	1	0.75	0.75	0	
21/12/2011 15:26:58	TASTEGGIO	0	1	5000	42060	161083	135	-77	0.36	0.36	0	
21/12/2011 15:27:02	ALARM 401		
21/12/2011 15:27:06	ALARM 203		err.6058
21/12/2011 15:27:18	TASTEGGIO	0	1	5000	42061	161079	117	0	0.36	0.36	0	
21/12/2011 15:27:41	TASTEGGIO	1	0	5000	42061	161083	54	-43	0.09	0.09	0	
21/12/2011 15:27:48	TASTEGGIO	1	0	5000	42061	161078	54	-43	0.09	0.33	82800	
21/12/2011 15:28:10	TASTEGGIO	1	0	5000	42061	78336	53	2	0.30	0.30	0	
21/12/2011 15:28:29	TASTEGGIO	0	1	5000	42061	78333	80	3	0.28	0.28	0	
21/12/2011 15:28:49	TASTEGGIO	0	2	5000	42061	78333	132	-11	0.16	0.16	0	
21/12/2011 15:28:50	ALARM 401		
21/12/2011 15:28:53	ALARM 205		err.6058
21/12/2011 15:29:08	TASTEGGIO	0	2	5000	42061	160708	132	-11	0.06	0.21	82800	
21/12/2011 15:29:30	TASTEGGIO	1	0	5000	42061	78006	50	0	0.17	0.17	0	
21/12/2011 15:29:49	TASTEGGIO	0	1	5000	42061	77999	63	2	0.16	0.16	0	
21/12/2011 15:30:08	TASTEGGIO	0	2	5000	42061	77991	93	1	0.16	0.16	0	
21/12/2011 15:30:11	ALARM 401		
21/12/2011 15:30:14	ALARM 203		err.6058
21/12/2011 15:30:29	TASTEGGIO	0	3	5000	42061	160711	141	0	0.06	0.21	82800	
21/12/2011 15:30:52	TASTEGGIO	1	0	5000	42061	78008	50	1	0.16	0.16	0	
21/12/2011 15:31:11	TASTEGGIO	0	1	5000	42061	78001	62	0	0.16	0.16	0	
21/12/2011 15:31:29	TASTEGGIO	0	2	5000	42061	77994	94	0	0.16	0.16	0	
21/12/2011 15:31:50	TASTEGGIO	0	3	5000	42061	77986	142	-20	0.11	0.11	0	
21/12/2011 15:32:02	TASTEGGIO	0	3	5000	42061	160710	142	-20	0.18	0.18	0	
21/12/2011 15:34:00	TASTEGGIO	0	3	5000	42060	161091	142	-20	1.97	1.97	0	
21/12/2011 15:34:19	TASTEGGIO	1	0	5000	42060	161096	94	5	1.18	1.18	0	
21/12/2011 15:34:42	TASTEGGIO	0	1	5000	42060	161096	164	-256	0.00	0.00	0	
21/12/2011 15:34:50	TASTEGGIO	0	1	5000	42060	161091	164	-256	0.00	0.01	-119500	
21/12/2011 15:35:50	ALARM 17	proc 12 prog 10 step 47	LavoroTerminato
21/12/2011 15:54:52	TASTEGGIO	0	1	5000	42060	158137	164	-256	0.84	1.04	-82000	
21/12/2011 15:55:13	TASTEGGIO	1	0	5000	42060	240069	71	2	1.09	1.09	0	
21/12/2011 15:55:33	TASTEGGIO	0	1	5000	42060	240070	185	-69	0.39	0.39	0	
21/12/2011 15:55:34	ALARM 401		
21/12/2011 15:55:37	ALARM 205		err.6058
21/12/2011 15:55:54	TASTEGGIO	0	1	5000	42061	158151	185	-69	0.36	0.61	-119500	
21/12/2011 15:56:18	TASTEGGIO	1	0	5000	42061	277595	60	-13	0.49	0.49	0	
21/12/2011 15:56:38	TASTEGGIO	0	1	5000	42061	277595	99	-10	0.39	0.39	0	
21/12/2011 15:56:42	ALARM 401		
21/12/2011 15:56:45	ALARM 401		
21/12/2011 15:56:46	ALARM 401		
21/12/2011 15:57:05	TASTEGGIO	0	2	5000	42061	158162	142	0	0.25	0.36	-119500	
21/12/2011 15:57:30	TASTEGGIO	1	0	5000	42061	277602	54	-4	0.36	0.36	0	
21/12/2011 15:57:49	TASTEGGIO	0	1	5000	42061	277603	90	-1	0.36	0.36	0	
21/12/2011 15:58:11	TASTEGGIO	0	2	5000	42061	277603	162	-26	0.08	0.08	0	
21/12/2011 15:58:22	TASTEGGIO	0	2	5000	42061	158149	162	-26	0.09	0.17	-82000	
21/12/2011 16:00:19	TASTEGGIO	0	2	5000	42060	160855	162	-26	0.53	0.62	-82000	
21/12/2011 16:00:42	TASTEGGIO	1	0	5000	42060	242793	60	-5	0.55	0.55	0	
21/12/2011 16:01:02	TASTEGGIO	0	1	5000	42060	242793	108	-35	0.23	0.23	0	
21/12/2011 16:01:05	ALARM 401		
21/12/2011 16:01:22	TASTEGGIO	0	0	5000	42061	160838	50	-35	0.23	0.26	-119500	
21/12/2011 16:01:47	TASTEGGIO	1	0	5000	42061	280287	51	-11	0.17	0.17	0	
21/12/2011 16:02:06	TASTEGGIO	0	1	5000	42061	280287	62	-6	0.12	0.12	0	
21/12/2011 16:02:18	TASTEGGIO	0	1	5000	42061	160824	62	-6	0.16	0.16	0	
21/12/2011 16:04:14	TASTEGGIO	0	1	5000	42060	161506	62	-6	0.39	0.50	-82000	
21/12/2011 16:04:38	TASTEGGIO	1	0	5000	42060	243428	57	-7	0.43	0.43	0	
21/12/2011 16:04:59	TASTEGGIO	0	1	5000	42060	243428	93	-36	0.21	0.21	0	
21/12/2011 16:05:00	ALARM 401		
21/12/2011 16:05:05	ALARM 205		err.6059
21/12/2011 16:05:20	TASTEGGIO	0	1	5000	42061	161516	93	-36	0.16	0.25	-82000	
21/12/2011 16:05:45	TASTEGGIO	1	0	5000	42061	243451	51	-14	0.08	0.08	0	
21/12/2011 16:05:56	TASTEGGIO	1	0	5000	42061	161509	51	-14	0.25	0.25	0	
21/12/2011 16:06:19	TASTEGGIO	1	0	5000	42061	161515	51	-102	0.81	0.81	0	
21/12/2011 16:06:24	ALARM 401		
21/12/2011 16:06:26	ALARM 203		err.6058
21/12/2011 16:06:38	TASTEGGIO	0	1	5000	42061	161509	0	0	0.76	0.76	0	
21/12/2011 16:07:00	TASTEGGIO	1	0	5000	42061	161515	64	-25	0.47	0.47	0	
21/12/2011 16:07:20	TASTEGGIO	0	1	5000	42061	161515	93	-78	0.35	0.35	0	
21/12/2011 16:07:41	TASTEGGIO	0	1	5000	42061	161515	66	-91	0.62	0.62	0	
21/12/2011 16:07:45	ALARM 401		
21/12/2011 16:07:47	ALARM 201		err.6059
21/12/2011 16:07:58	TASTEGGIO	0	1	5000	42061	161509	0	0	0.58	0.58	0	
21/12/2011 16:08:20	TASTEGGIO	1	0	5000	42061	161514	59	-54	0.20	0.20	0	
21/12/2011 16:08:21	ALARM 401		
21/12/2011 16:08:26	ALARM 205		err.6058
21/12/2011 16:08:37	TASTEGGIO	1	0	5000	42061	161509	59	-54	0.18	0.28	-82000	
21/12/2011 16:09:02	TASTEGGIO	1	0	5000	42061	243451	52	1	0.28	0.28	0	
21/12/2011 16:09:22	TASTEGGIO	0	1	5000	42061	243452	80	-13	0.16	0.16	0	
21/12/2011 16:09:24	ALARM 401		
21/12/2011 16:09:40	TASTEGGIO	0	2	5000	42061	161512	92	-13	0.11	0.14	-82000	
21/12/2011 16:11:37	TASTEGGIO	0	2	5000	42060	157632	92	-13	0.38	0.38	0	
21/12/2011 16:11:59	TASTEGGIO	1	0	5000	42060	157638	54	-80	0.50	0.50	0	
21/12/2011 16:12:17	TASTEGGIO	0	1	5000	42060	157639	0	-2	0.37	0.37	0	
21/12/2011 16:12:37	TASTEGGIO	0	2	5000	42060	157639	38	-45	0.29	0.29	0	
21/12/2011 16:12:55	TASTEGGIO	0	1	5000	42060	157639	15	-58	0.35	0.35	0	
21/12/2011 16:12:59	ALARM 218	proc 12 prog 85 step 19	go_abs 3 cmd 11
21/12/2011 16:13:02	ALARM 203		err.6058
21/12/2011 16:15:47	TASTEGGIO	0	1	5000	42061	157632	0	0	0.32	0.32	0	
21/12/2011 16:16:09	TASTEGGIO	1	0	5000	42061	157638	53	-19	0.10	0.10	0	
21/12/2011 16:16:16	TASTEGGIO	1	0	5000	42061	157632	53	-19	0.11	0.21	-82000	
21/12/2011 16:16:41	TASTEGGIO	1	0	5000	42061	239575	50	-26	0.05	0.05	0	
21/12/2011 16:16:52	TASTEGGIO	1	0	5000	42061	157635	50	-26	0.05	0.11	120300	
21/12/2011 16:18:47	TASTEGGIO	1	0	5000	42060	157745	50	-26	0.34	0.34	0	
21/12/2011 16:19:09	TASTEGGIO	1	0	5000	42060	157750	53	-43	0.29	0.29	0	
21/12/2011 16:19:28	TASTEGGIO	0	1	5000	42060	157750	28	-15	0.07	0.07	0	
21/12/2011 16:19:36	TASTEGGIO	0	1	5000	42060	157745	28	-15	0.06	0.23	-82000	
21/12/2011 16:20:00	TASTEGGIO	1	0	5000	42060	239691	50	-17	0.10	0.10	0	
21/12/2011 16:20:11	TASTEGGIO	1	0	5000	42060	157743	50	-17	0.09	0.20	82800	
21/12/2011 16:20:33	TASTEGGIO	1	0	5000	42060	75008	50	-6	0.12	0.12	0	
21/12/2011 16:20:44	TASTEGGIO	1	0	5000	42060	157479	50	-6	0.09	0.13	120300	
21/12/2011 16:22:42	TASTEGGIO	1	0	5000	42060	161078	50	-6	0.69	0.73	-82000	
21/12/2011 16:23:05	TASTEGGIO	1	0	5000	42060	243009	63	0	0.73	0.73	0	
21/12/2011 16:23:25	TASTEGGIO	0	1	5000	42060	243009	136	-51	0.17	0.17	0	
21/12/2011 16:23:27	ALARM 401		
21/12/2011 16:23:30	ALARM 205		err.6058
21/12/2011 16:23:45	TASTEGGIO	0	1	5000	42061	161082	136	-51	0.27	0.38	-119500	
21/12/2011 16:24:10	TASTEGGIO	1	0	5000	42061	280527	54	-14	0.27	0.27	0	
21/12/2011 16:24:29	TASTEGGIO	0	1	5000	42061	280527	73	-11	0.14	0.14	0	
21/12/2011 16:24:41	TASTEGGIO	0	1	5000	42061	161086	73	-11	0.13	0.25	120300	
21/12/2011 16:25:04	TASTEGGIO	1	0	5000	42061	40835	51	-27	0.05	0.05	0	
21/12/2011 16:25:16	TASTEGGIO	1	0	5000	42061	160708	51	-27	0.23	0.23	0	
21/12/2011 16:25:39	TASTEGGIO	1	0	5000	42061	160702	50	-106	0.83	0.83	0	
21/12/2011 16:25:43	ALARM 401		
21/12/2011 16:25:56	TASTEGGIO	0	1	5000	42061	160708	0	-106	0.78	0.78	0	
21/12/2011 16:26:18	TASTEGGIO	1	0	5000	42061	160702	64	-28	0.50	0.50	0	
21/12/2011 16:26:38	TASTEGGIO	0	1	5000	42061	160702	96	-95	0.45	0.45	0	
21/12/2011 16:27:00	TASTEGGIO	0	1	5000	42061	160702	55	-136	1.69	1.69	0	
21/12/2011 16:27:03	ALARM 218	proc 12 prog 85 step 19	go_abs 3 cmd 11
21/12/2011 16:27:06	ALARM 203		err.6058
21/12/2011 16:27:17	TASTEGGIO	0	1	5000	42061	160708	0	0	1.63	1.63	0	
21/12/2011 16:27:35	TASTEGGIO	1	0	5000	42061	160702	86	-7	1.48	1.48	0	
21/12/2011 16:27:58	TASTEGGIO	0	1	5000	42061	160702	220	-176	0.59	0.59	0	
21/12/2011 16:27:59	ALARM 218	proc 12 prog 73 step 17	go_abs 5 cmd 11
21/12/2011 16:28:02	ALARM 205		err.6058
21/12/2011 16:28:12	TASTEGGIO	0	1	5000	42061	160708	220	-176	0.57	0.57	0	
21/12/2011 16:28:34	TASTEGGIO	1	0	5000	42061	160703	59	-64	0.25	0.25	0	
21/12/2011 16:28:38	ALARM 401		
21/12/2011 16:28:51	TASTEGGIO	0	1	5000	42061	160708	48	0	0.22	0.22	0	
21/12/2011 16:29:14	TASTEGGIO	1	0	5000	42061	160703	50	-42	0.20	0.20	0	
21/12/2011 16:29:33	TASTEGGIO	0	1	5000	42061	160703	31	-36	0.23	0.23	0	
21/12/2011 16:29:52	TASTEGGIO	0	1	5000	42061	160703	4	-3	0.13	0.13	0	
21/12/2011 16:30:00	TASTEGGIO	0	1	5000	42061	160708	4	-3	0.15	0.15	0	
21/12/2011 16:31:54	TASTEGGIO	0	1	5000	42060	161162	4	-3	0.45	0.45	0	
21/12/2011 16:32:16	TASTEGGIO	1	0	5000	42060	161166	56	-73	0.52	0.52	0	
21/12/2011 16:32:34	TASTEGGIO	0	1	5000	42060	161166	0	-3	0.35	0.35	0	
21/12/2011 16:32:54	TASTEGGIO	0	2	5000	42060	161166	33	-37	0.21	0.21	0	
21/12/2011 16:32:56	ALARM 401		
21/12/2011 16:32:58	ALARM 401		
21/12/2011 16:32:59	ALARM 401		
21/12/2011 16:33:14	TASTEGGIO	0	2	5000	42060	161162	33	-37	0.20	0.22	120300	
21/12/2011 16:33:37	TASTEGGIO	1	0	5000	42060	40918	50	-29	0.11	0.11	0	
21/12/2011 16:33:50	TASTEGGIO	1	0	5000	42060	160790	50	-29	0.32	0.32	0	
21/12/2011 16:34:13	TASTEGGIO	1	0	5000	42060	160783	53	-89	0.54	0.54	0	
21/12/2011 16:34:17	ALARM 401		
21/12/2011 16:34:18	ALARM 203		err.6059
21/12/2011 16:34:29	TASTEGGIO	0	1	5000	42061	160790	0	0	0.53	0.53	0	
21/12/2011 16:34:52	TASTEGGIO	1	0	5000	42061	160784	58	-45	0.34	0.34	0	
21/12/2011 16:35:12	TASTEGGIO	0	1	5000	42061	160783	79	-79	0.40	0.40	0	
21/12/2011 16:35:33	TASTEGGIO	0	1	5000	42061	160783	31	-51	0.68	0.68	0	
21/12/2011 16:35:37	ALARM 401		
21/12/2011 16:35:39	ALARM 401		
21/12/2011 16:35:53	TASTEGGIO	0	1	5000	42061	160790	0	0	0.64	0.64	0	
21/12/2011 16:36:15	TASTEGGIO	1	0	5000	42061	160784	61	-76	0.37	0.37	0	
21/12/2011 16:36:35	TASTEGGIO	0	1	5000	42061	160784	39	-15	0.19	0.19	0	
21/12/2011 16:36:36	ALARM 401		
21/12/2011 16:36:40	ALARM 205		err.5005
21/12/2011 16:36:51	TASTEGGIO	0	1	5000	42061	160790	39	-15	0.17	0.26	-82000	
21/12/2011 16:37:15	TASTEGGIO	1	0	5000	42061	242739	51	-26	0.03	0.03	0	
21/12/2011 16:37:27	TASTEGGIO	1	0	5000	42061	161172	51	-26	0.06	0.14	-119500	
21/12/2011 16:39:23	TASTEGGIO	1	0	5000	42060	158471	51	-26	0.64	0.64	0	
21/12/2011 16:39:45	TASTEGGIO	1	0	5000	42060	158475	61	-35	0.28	0.28	0	
21/12/2011 16:39:46	ALARM 401		
21/12/2011 16:39:49	ALARM 205		err.6058
21/12/2011 16:40:00	TASTEGGIO	1	0	5000	42060	158471	61	-35	0.28	0.40	82800	
21/12/2011 16:40:20	TASTEGGIO	1	0	5000	42060	75731	55	3	0.39	0.39	0	
21/12/2011 16:40:37	TASTEGGIO	0	1	5000	42060	75733	93	-4	0.30	0.30	0	
21/12/2011 16:40:42	ALARM 218	proc 12 prog 85 step 19	go_abs 3 cmd 11
21/12/2011 16:40:45	ALARM 203		err.6058
21/12/2011 16:41:00	TASTEGGIO	0	2	5000	42061	158170	125	0	0.27	0.34	120300	
21/12/2011 16:41:23	TASTEGGIO	1	0	5000	42061	37971	53	-36	0.22	0.22	0	
21/12/2011 16:41:40	TASTEGGIO	0	1	5000	42061	37963	38	-28	0.10	0.10	0	
21/12/2011 16:41:52	TASTEGGIO	0	1	5000	42061	158165	38	-28	0.12	0.28	-119500	
21/12/2011 16:42:17	TASTEGGIO	1	0	5000	42061	277609	52	-11	0.17	0.17	0	
21/12/2011 16:42:19	ALARM 401		
21/12/2011 16:42:23	ALARM 401		
21/12/2011 16:42:25	ALARM 401		
21/12/2011 16:42:42	TASTEGGIO	1	0	5000	42061	158475	52	-11	0.15	0.20	-82000	
21/12/2011 16:43:06	TASTEGGIO	1	0	5000	42061	240427	50	-26	0.06	0.06	0	
21/12/2011 16:43:18	TASTEGGIO	1	0	5000	42061	158455	50	-26	0.13	0.13	-119500	
21/12/2011 16:45:36	ALARM 401		
21/12/2011 16:45:49	ALARM 401		
21/12/2011 16:45:49	ALARM 401		
21/12/2011 16:45:50	ALARM 401		
21/12/2011 16:45:51	ALARM 401		
21/12/2011 16:45:52	ALARM 401		
21/12/2011 16:47:22	TASTEGGIO	1	0	5000	42063	158391	50	-26	0.34	0.40	120300	
21/12/2011 16:47:46	TASTEGGIO	1	0	5000	42063	38296	55	-21	0.29	0.29	0	
21/12/2011 16:48:03	TASTEGGIO	0	1	5000	42063	38286	76	-14	0.14	0.14	0	
21/12/2011 16:48:15	TASTEGGIO	0	1	5000	42063	158069	76	-14	0.23	0.37	-119500	
21/12/2011 16:48:40	TASTEGGIO	1	0	5000	42063	277521	54	-17	0.22	0.22	0	
21/12/2011 16:48:42	ALARM 401		
21/12/2011 16:48:46	ALARM 401		
21/12/2011 16:48:49	ALARM 205		err.6058
21/12/2011 16:49:06	TASTEGGIO	1	0	5000	42063	158387	54	-17	0.14	0.21	-119500	
21/12/2011 16:49:31	TASTEGGIO	1	0	5000	42063	277833	50	-3	0.17	0.17	0	
21/12/2011 16:49:50	TASTEGGIO	0	1	5000	42063	277833	63	-4	0.14	0.14	0	
21/12/2011 16:50:02	TASTEGGIO	0	1	5000	42063	158389	63	-4	0.14	0.19	82800	
21/12/2011 16:50:24	TASTEGGIO	1	0	5000	42063	75651	49	-2	0.15	0.15	0	
21/12/2011 16:50:41	TASTEGGIO	0	1	5000	42063	75651	60	-4	0.13	0.13	0	
21/12/2011 16:50:53	TASTEGGIO	0	1	5000	42063	158064	60	-4	0.14	0.14	-119500	
21/12/2011 16:52:47	TASTEGGIO	0	1	5000	42060	158136	60	-4	0.50	0.69	120300	
21/12/2011 16:53:10	TASTEGGIO	1	0	5000	42060	37993	62	-17	0.58	0.58	0	
21/12/2011 16:53:27	TASTEGGIO	0	1	5000	42060	37986	110	-15	0.43	0.43	0	
21/12/2011 16:53:31	ALARM 401		
21/12/2011 16:53:34	ALARM 203		err.6058
21/12/2011 16:53:48	TASTEGGIO	0	2	5000	42061	157875	155	0	0.33	0.38	120300	
21/12/2011 16:54:12	TASTEGGIO	1	0	5000	42061	37726	54	-7	0.36	0.36	0	
21/12/2011 16:54:30	TASTEGGIO	0	1	5000	42061	37719	88	-2	0.34	0.34	0	
21/12/2011 16:54:49	TASTEGGIO	0	2	5000	42061	37716	152	-4	0.30	0.30	0	
21/12/2011 16:54:53	ALARM 218	proc 12 prog 85 step 19	go_abs 3 cmd 11
21/12/2011 16:54:56	ALARM 203		err.6058
21/12/2011 16:55:11	TASTEGGIO	0	3	5000	42061	157872	231	0	0.33	0.33	0	
21/12/2011 16:55:33	TASTEGGIO	1	0	5000	42061	157865	53	-68	0.34	0.34	0	
21/12/2011 16:55:53	TASTEGGIO	0	1	5000	42061	157865	17	-55	0.79	0.79	0	
21/12/2011 16:55:56	ALARM 401		
21/12/2011 16:55:59	ALARM 203		err.6058
21/12/2011 16:56:13	TASTEGGIO	0	1	5000	42061	157871	0	0	0.80	0.80	0	
21/12/2011 16:56:34	TASTEGGIO	1	0	5000	42061	157865	65	-35	0.41	0.41	0	
21/12/2011 16:56:36	ALARM 401		
21/12/2011 16:56:39	ALARM 401		
21/12/2011 16:56:39	ALARM 401		
21/12/2011 16:56:53	TASTEGGIO	0	1	5000	42061	157872	86	-35	0.40	0.40	0	
21/12/2011 16:57:16	TASTEGGIO	1	0	5000	42061	157865	55	-43	0.06	0.06	0	
21/12/2011 16:57:24	TASTEGGIO	1	0	5000	42061	157872	55	-43	0.06	0.23	120300	
21/12/2011 16:57:47	TASTEGGIO	1	0	5000	42061	37782	50	0	0.24	0.24	0	
21/12/2011 16:58:05	TASTEGGIO	0	1	5000	42061	37767	75	0	0.22	0.22	0	
21/12/2011 16:58:10	ALARM 401		
21/12/2011 16:58:13	ALARM 401		
21/12/2011 16:58:13	ALARM 401		
21/12/2011 16:58:19	ALARM 28	proc 12 prog 72 step 15	Pressa appoggiata sul tondo
21/12/2011 16:58:45	TASTEGGIO	0	2	5000	42061	157877	115	0	0.05	0.22	120300	
21/12/2011 16:59:09	TASTEGGIO	1	0	5000	42061	37773	50	-30	0.43	0.43	0	
21/12/2011 16:59:13	ALARM 401		
21/12/2011 16:59:15	ALARM 401		
21/12/2011 16:59:15	ALARM 401		
21/12/2011 16:59:34	TASTEGGIO	0	1	5000	42061	157872	0	-30	0.14	0.43	120300	
21/12/2011 16:59:56	TASTEGGIO	1	0	5000	42061	37757	55	-14	0.30	0.30	0	
21/12/2011 17:00:15	TASTEGGIO	0	1	5000	42061	37749	75	0	0.28	0.28	0	
21/12/2011 17:00:33	TASTEGGIO	0	2	5000	42061	37744	127	-2	0.25	0.25	0	
21/12/2011 17:00:36	ALARM 401		
21/12/2011 17:00:40	ALARM 201		err.6059
21/12/2011 17:00:56	TASTEGGIO	0	3	5000	42061	157866	193	0	0.06	0.26	120300	
21/12/2011 17:01:20	TASTEGGIO	1	0	5000	42061	37733	51	0	0.26	0.26	0	
21/12/2011 17:01:37	TASTEGGIO	0	1	5000	42061	37726	77	0	0.25	0.25	0	
21/12/2011 17:01:56	TASTEGGIO	0	2	5000	42061	37721	125	0	0.25	0.25	0	
21/12/2011 17:02:16	TASTEGGIO	0	3	5000	42061	37721	200	-14	0.12	0.12	0	
21/12/2011 17:02:28	TASTEGGIO	0	3	5000	42061	157872	200	-14	0.04	0.16	-82000	
21/12/2011 17:03:32	ALARM 3	proc 12 prog 31 step 36	Tondo non presente su rulliera
21/12/2011 17:04:00	ALARM 401		
21/12/2011 17:04:28	ALARM 401		
21/12/2011 17:04:30	ALARM 401		
21/12/2011 17:04:31	ALARM 401		
21/12/2011 17:06:00	TASTEGGIO	0	3	5000	42063	161157	200	-14	0.47	1.04	-119500	
21/12/2011 17:06:24	TASTEGGIO	1	0	5000	42063	280604	71	-1	1.04	1.04	0	
21/12/2011 17:06:45	TASTEGGIO	0	1	5000	42063	280604	175	-9	0.94	0.94	0	
21/12/2011 17:06:48	ALARM 401		
21/12/2011 17:06:51	ALARM 401		
21/12/2011 17:06:51	ALARM 401		
21/12/2011 17:07:09	TASTEGGIO	0	2	5000	42063	161181	344	0	0.43	0.93	-119500	
21/12/2011 17:07:34	TASTEGGIO	1	0	5000	42063	280635	68	0	0.94	0.94	0	
21/12/2011 17:07:54	TASTEGGIO	0	1	5000	42063	280636	163	-2	0.91	0.91	0	
21/12/2011 17:07:59	ALARM 401		
21/12/2011 17:08:01	ALARM 401		
21/12/2011 17:08:02	ALARM 401		
21/12/2011 17:08:46	TASTEGGIO	0	2	5000	42063	161171	339	0	0.42	0.90	-119500	
21/12/2011 17:09:41	TASTEGGIO	0	2	5000	42063	161177	220	-26	0.27	0.87	120300	
21/12/2011 17:10:18	TASTEGGIO	0	2	5000	42063	160802	246	-61	0.46	0.70	-119500	
21/12/2011 17:10:43	TASTEGGIO	0	2	5000	42063	161161	246	-61	0.45	0.71	-119500	
21/12/2011 17:11:08	TASTEGGIO	1	0	5000	42063	280614	62	-1	0.68	0.68	0	
21/12/2011 17:11:27	TASTEGGIO	0	1	5000	42063	280614	127	-1	0.73	0.73	0	
21/12/2011 17:11:50	TASTEGGIO	0	2	5000	42063	280614	283	-74	0.19	0.19	0	
21/12/2011 17:11:52	ALARM 218	proc 12 prog 73 step 17	go_abs 5 cmd 11
21/12/2011 17:11:54	ALARM 401		
21/12/2011 17:12:12	TASTEGGIO	0	2	5000	42063	161176	283	-74	0.07	0.57	-82000	
21/12/2011 17:12:36	TASTEGGIO	1	0	5000	42063	243129	59	-8	0.41	0.41	0	
21/12/2011 17:12:56	TASTEGGIO	0	1	5000	42063	243129	88	-22	0.18	0.18	0	
21/12/2011 17:12:57	ALARM 401		
21/12/2011 17:13:00	ALARM 401		
21/12/2011 17:13:17	TASTEGGIO	0	1	5000	42063	161172	88	-22	0.25	0.45	120300	
21/12/2011 17:13:40	TASTEGGIO	1	0	5000	42063	40929	56	-15	0.25	0.25	0	
21/12/2011 17:13:59	TASTEGGIO	0	1	5000	42063	40927	69	-1	0.23	0.23	0	
21/12/2011 17:14:17	TASTEGGIO	0	2	5000	42063	40926	111	-4	0.19	0.19	0	
21/12/2011 17:14:36	TASTEGGIO	0	3	5000	42063	40927	158	-12	0.14	0.14	0	
21/12/2011 17:14:48	TASTEGGIO	0	3	5000	42063	160802	158	-12	0.16	0.46	82800	
21/12/2011 17:14:51	ALARM 401		
21/12/2011 17:14:53	ALARM 201		err.6059
21/12/2011 17:16:08	ALARM 401		
22/12/2011 06:51:56	TASTEGGIO	0	3	5000	42060	157654	158	-12	0.33	0.66	-119500	
22/12/2011 06:52:21	TASTEGGIO	1	0	5000	42060	277108	61	0	0.62	0.62	0	
22/12/2011 06:52:41	TASTEGGIO	0	1	5000	42060	277108	119	0	0.62	0.62	0	
22/12/2011 06:53:03	TASTEGGIO	0	2	5000	42060	277108	243	-56	0.09	0.09	0	
22/12/2011 06:53:15	TASTEGGIO	0	2	5000	42060	157655	243	-56	0.63	0.63	0	
22/12/2011 06:53:37	TASTEGGIO	1	0	5000	42060	157659	60	-3	0.53	0.53	0	
22/12/2011 06:53:57	TASTEGGIO	0	1	5000	42060	157659	104	-61	0.09	0.09	0	
22/12/2011 06:54:05	TASTEGGIO	0	1	5000	42060	157654	104	-61	0.10	0.43	82800	
22/12/2011 06:54:26	TASTEGGIO	1	0	5000	42060	74937	55	2	0.39	0.39	0	
22/12/2011 06:54:43	TASTEGGIO	0	1	5000	42060	74937	90	1	0.38	0.38	0	
22/12/2011 06:55:04	TASTEGGIO	0	2	5000	42060	74934	164	-18	0.18	0.18	0	
22/12/2011 06:55:06	ALARM 401		
22/12/2011 06:55:08	ALARM 205		err.6058
22/12/2011 06:55:24	TASTEGGIO	0	2	5000	42061	157362	164	-18	0.06	0.46	120300	
22/12/2011 06:55:47	TASTEGGIO	1	0	5000	42061	37253	56	-25	0.29	0.29	0	
22/12/2011 06:56:04	TASTEGGIO	0	1	5000	42061	37244	74	-15	0.11	0.11	0	
22/12/2011 06:56:17	TASTEGGIO	0	1	5000	42061	157366	74	-15	0.19	0.35	82800	
22/12/2011 06:56:37	TASTEGGIO	1	0	5000	42061	74663	53	2	0.34	0.34	0	
22/12/2011 06:56:54	TASTEGGIO	0	1	5000	42061	74663	86	1	0.33	0.33	0	
22/12/2011 06:57:15	TASTEGGIO	0	2	5000	42061	74661	150	-9	0.23	0.23	0	
22/12/2011 06:57:18	ALARM 401		
22/12/2011 06:57:21	ALARM 401		
22/12/2011 06:57:21	ALARM 401		
22/12/2011 06:57:39	TASTEGGIO	0	3	5000	42061	157361	177	0	0.12	0.25	82800	
22/12/2011 06:57:59	TASTEGGIO	1	0	5000	42061	74665	51	5	0.23	0.23	0	
22/12/2011 06:58:16	TASTEGGIO	0	1	5000	42061	74664	72	3	0.23	0.23	0	
22/12/2011 06:58:34	TASTEGGIO	0	2	5000	42061	74661	118	0	0.22	0.22	0	
22/12/2011 06:58:56	TASTEGGIO	0	3	5000	42061	74658	181	-34	0.24	0.24	0	
22/12/2011 06:59:17	TASTEGGIO	0	1	5000	42061	74654	154	-15	0.05	0.05	0	
22/12/2011 06:59:28	TASTEGGIO	0	1	5000	42061	157362	154	-15	0.17	0.32	120300	
22/12/2011 06:59:51	TASTEGGIO	1	0	5000	42061	37230	53	0	0.32	0.32	0	
22/12/2011 07:00:08	TASTEGGIO	0	1	5000	42061	37210	85	0	0.31	0.31	0	
22/12/2011 07:00:28	TASTEGGIO	0	2	5000	42061	37196	145	-3	0.27	0.27	0	
22/12/2011 07:00:47	TASTEGGIO	0	3	5000	42061	37188	215	-25	0.06	0.06	0	
22/12/2011 07:00:59	TASTEGGIO	0	3	5000	42061	157375	215	-25	0.14	0.25	82800	
22/12/2011 07:01:20	TASTEGGIO	1	0	5000	42061	74670	51	3	0.19	0.19	0	
22/12/2011 07:01:23	ALARM 401		
22/12/2011 07:01:26	ALARM 205		err.6058
22/12/2011 07:01:40	TASTEGGIO	1	0	5000	42061	157371	51	3	0.13	0.22	82800	
22/12/2011 07:02:00	TASTEGGIO	1	0	5000	42061	74673	50	2	0.18	0.18	0	
22/12/2011 07:02:17	TASTEGGIO	0	1	5000	42061	74673	64	0	0.18	0.18	0	
22/12/2011 07:02:21	ALARM 401		
22/12/2011 07:02:24	ALARM 401		
22/12/2011 07:02:24	ALARM 401		
22/12/2011 07:02:41	TASTEGGIO	0	2	5000	42061	157368	100	0	0.13	0.22	82800	
22/12/2011 07:03:02	TASTEGGIO	1	0	5000	42061	74669	50	3	0.18	0.18	0	
22/12/2011 07:03:19	TASTEGGIO	0	1	5000	42061	74669	64	1	0.18	0.18	0	
22/12/2011 07:03:37	TASTEGGIO	0	2	5000	42061	74667	100	0	0.18	0.18	0	
22/12/2011 07:03:57	TASTEGGIO	0	3	5000	42061	74664	154	-5	0.12	0.12	0	
22/12/2011 07:04:09	TASTEGGIO	0	3	5000	42061	157364	154	-5	0.13	0.20	-119500	
22/12/2011 07:04:11	ALARM 401		
22/12/2011 07:05:51	ALARM 3	proc 12 prog 31 step 36	Tondo non presente su rulliera
22/12/2011 07:06:13	ALARM 401		
22/12/2011 07:06:49	ALARM 401		
22/12/2011 07:08:02	TASTEGGIO	0	3	5000	42063	160382	154	-5	1.10	1.10	0	
22/12/2011 07:08:23	TASTEGGIO	1	0	5000	42063	160386	72	-36	0.77	0.77	0	
22/12/2011 07:08:44	TASTEGGIO	0	1	5000	42063	160386	125	-162	0.78	0.78	0	
22/12/2011 07:09:04	TASTEGGIO	0	1	5000	42063	160386	45	-137	0.00	0.00	0	
22/12/2011 07:09:12	TASTEGGIO	0	1	5000	42063	160382	45	-137	0.00	0.00	120300	
22/12/2011 07:11:09	TASTEGGIO	0	1	5000	42060	161096	45	-137	0.63	0.63	0	
22/12/2011 07:11:32	TASTEGGIO	1	0	5000	42060	161100	60	-32	0.33	0.33	0	
22/12/2011 07:11:35	ALARM 401		
22/12/2011 07:11:38	ALARM 401		
22/12/2011 07:11:39	ALARM 401		
22/12/2011 07:11:51	TASTEGGIO	0	1	5000	42061	161095	77	0	0.35	0.44	120300	
22/12/2011 07:12:14	TASTEGGIO	1	0	5000	42061	40853	56	-2	0.43	0.43	0	
22/12/2011 07:12:32	TASTEGGIO	0	1	5000	42061	40849	98	-4	0.39	0.39	0	
22/12/2011 07:12:36	ALARM 401		
22/12/2011 07:12:39	ALARM 401		
22/12/2011 07:12:39	ALARM 401		
22/12/2011 07:12:58	TASTEGGIO	0	2	5000	42061	160696	168	0	0.29	0.39	120300	
22/12/2011 07:13:22	TASTEGGIO	1	0	5000	42061	40470	54	0	0.38	0.38	0	
22/12/2011 07:13:39	TASTEGGIO	0	1	5000	42061	40462	91	-1	0.37	0.37	0	
22/12/2011 07:13:58	TASTEGGIO	0	2	5000	42061	40456	163	-3	0.34	0.34	0	
22/12/2011 07:14:18	TASTEGGIO	0	3	5000	42061	40457	256	-31	0.09	0.09	0	
22/12/2011 07:14:31	TASTEGGIO	0	3	5000	42061	160701	256	-31	0.18	0.24	-119500	
22/12/2011 07:14:55	TASTEGGIO	1	0	5000	42061	280141	51	-48	0.25	0.25	0	
22/12/2011 07:15:13	TASTEGGIO	0	1	5000	42061	280141	24	-47	0.57	0.57	0	
22/12/2011 07:15:17	ALARM 401		
22/12/2011 07:15:20	ALARM 401		
22/12/2011 07:15:20	ALARM 401		
22/12/2011 07:15:37	TASTEGGIO	0	1	5000	42061	161083	0	0	0.54	0.56	-82000	
22/12/2011 07:16:00	TASTEGGIO	1	0	5000	42061	243035	59	-2	0.56	0.56	0	
22/12/2011 07:16:21	TASTEGGIO	0	1	5000	42061	243035	115	-39	0.21	0.21	0	
22/12/2011 07:16:22	ALARM 401		
22/12/2011 07:16:24	ALARM 401		
22/12/2011 07:16:42	TASTEGGIO	0	1	5000	42061	161088	115	-39	0.22	0.32	-119500	
22/12/2011 07:17:06	TASTEGGIO	1	0	5000	42061	280540	53	-51	0.19	0.19	0	
22/12/2011 07:17:07	ALARM 401		
22/12/2011 07:17:10	ALARM 401		
22/12/2011 07:17:10	ALARM 401		
22/12/2011 07:17:11	ALARM 401		
22/12/2011 07:17:11	ALARM 205		err.5005
22/12/2011 07:17:12	ALARM 401		
22/12/2011 07:17:30	TASTEGGIO	1	0	5000	42061	161088	53	-51	0.13	0.47	-82000	
22/12/2011 07:17:54	TASTEGGIO	1	0	5000	42061	243036	56	-21	0.25	0.25	0	
22/12/2011 07:18:13	TASTEGGIO	0	1	5000	42061	243036	69	-42	0.12	0.12	0	
22/12/2011 07:18:24	TASTEGGIO	0	1	5000	42061	161096	69	-42	0.27	0.27	0	
22/12/2011 07:18:47	TASTEGGIO	1	0	5000	42061	161101	51	-33	0.11	0.11	0	
22/12/2011 07:18:55	TASTEGGIO	1	0	5000	42061	161096	51	-33	0.11	0.25	82800	
22/12/2011 07:19:17	TASTEGGIO	1	0	5000	42061	78371	51	-3	0.18	0.18	0	
22/12/2011 07:19:35	TASTEGGIO	0	1	5000	42061	78369	63	0	0.15	0.15	0	
22/12/2011 07:19:37	ALARM 401		
22/12/2011 07:19:39	ALARM 401		
22/12/2011 07:19:40	ALARM 401		
22/12/2011 07:19:55	TASTEGGIO	0	1	5000	42061	160699	63	0	0.08	0.19	120300	
22/12/2011 07:20:18	TASTEGGIO	1	0	5000	42061	40480	49	0	0.14	0.14	0	
22/12/2011 07:20:30	TASTEGGIO	1	0	5000	42061	160701	49	0	0.07	0.19	82800	
22/12/2011 07:22:25	TASTEGGIO	1	0	5000	42061	161096	49	0	1.28	1.28	0	
22/12/2011 07:22:46	TASTEGGIO	1	0	5000	42061	161100	77	-18	1.03	1.03	0	
22/12/2011 07:23:07	TASTEGGIO	0	1	5000	42061	161100	159	-167	0.75	0.75	0	
22/12/2011 07:23:29	TASTEGGIO	0	1	5000	42061	161100	104	-153	0.00	0.00	120300	
22/12/2011 07:23:36	TASTEGGIO	0	1	5000	42061	161096	104	-153	0.00	0.00	-119500	
22/12/2011 07:25:32	TASTEGGIO	0	1	5000	42061	161095	104	-153	1.79	1.79	0	
22/12/2011 07:25:52	TASTEGGIO	1	0	5000	42061	161099	90	6	1.76	1.76	0	
22/12/2011 07:26:14	TASTEGGIO	0	1	5000	42061	161099	263	-211	0.68	0.68	0	
22/12/2011 07:26:18	ALARM 218	proc 12 prog 85 step 19	go_abs 3 cmd 11
22/12/2011 07:26:22	ALARM 203		err.6058
22/12/2011 07:26:34	TASTEGGIO	0	1	5000	42061	161095	236	0	0.65	0.97	-119500	
22/12/2011 07:26:59	TASTEGGIO	1	0	5000	42061	280534	69	-7	0.87	0.87	0	
22/12/2011 07:27:17	TASTEGGIO	0	1	5000	42061	280535	147	-12	0.75	0.75	0	
22/12/2011 07:27:40	TASTEGGIO	0	2	5000	42061	280535	276	-98	0.27	0.27	0	
22/12/2011 07:27:41	ALARM 401		
22/12/2011 07:27:44	ALARM 205		err.6058
22/12/2011 07:28:00	TASTEGGIO	0	2	5000	42061	161093	276	-98	0.52	1.02	82800	
22/12/2011 07:28:19	TASTEGGIO	1	0	5000	42061	78353	70	3	1.05	1.05	0	
22/12/2011 07:28:39	TASTEGGIO	0	1	5000	42061	78354	178	-2	1.00	1.00	0	
22/12/2011 07:28:44	ALARM 401		
22/12/2011 07:29:03	TASTEGGIO	0	2	5000	42061	160700	368	0	0.42	0.96	82800	
22/12/2011 07:29:23	TASTEGGIO	1	0	5000	42061	78001	69	4	1.00	1.00	0	
22/12/2011 07:29:42	TASTEGGIO	0	1	5000	42061	77997	173	3	0.99	0.99	0	
22/12/2011 07:29:47	ALARM 401		
22/12/2011 07:29:49	ALARM 203		err.6058
22/12/2011 07:30:28	TASTEGGIO	0	2	5000	42061	160697	369	0	0.44	0.95	82800	
22/12/2011 07:31:22	TASTEGGIO	0	2	5000	42061	160688	271	-111	0.44	0.61	82800	
22/12/2011 07:31:37	ALARM 401		
22/12/2011 07:31:40	ALARM 203		err.6059
22/12/2011 07:32:12	TASTEGGIO	0	2	5000	42061	160692	160	-22	0.27	0.47	-82000	
22/12/2011 07:32:36	TASTEGGIO	0	2	5000	42061	161085	160	-22	0.32	0.46	-82000	
22/12/2011 07:33:00	TASTEGGIO	1	0	5000	42061	243040	56	-11	0.31	0.31	0	
22/12/2011 07:33:19	TASTEGGIO	0	1	5000	42061	243040	76	-18	0.13	0.13	0	
22/12/2011 07:33:31	TASTEGGIO	0	1	5000	42061	161100	76	-18	0.18	0.27	82800	
22/12/2011 07:33:52	TASTEGGIO	1	0	5000	42061	78364	51	4	0.27	0.27	0	
22/12/2011 07:34:10	TASTEGGIO	0	1	5000	42061	78365	78	1	0.27	0.27	0	
22/12/2011 07:34:29	TASTEGGIO	0	2	5000	42061	78362	132	-25	0.14	0.14	0	
22/12/2011 07:34:41	TASTEGGIO	0	2	5000	42061	160707	132	-25	0.15	0.19	82800	
22/12/2011 07:35:03	TASTEGGIO	1	0	5000	42061	78009	49	-1	0.13	0.13	0	
22/12/2011 07:35:15	TASTEGGIO	1	0	5000	42061	160703	49	-1	0.15	0.17	82800	
22/12/2011 07:37:10	TASTEGGIO	1	0	5000	42061	161169	49	-1	0.21	0.44	82800	
22/12/2011 07:37:31	TASTEGGIO	1	0	5000	42061	78449	56	0	0.42	0.42	0	
22/12/2011 07:37:50	TASTEGGIO	0	1	5000	42061	78447	96	-9	0.33	0.33	0	
22/12/2011 07:37:54	ALARM 401		
22/12/2011 07:37:57	ALARM 401		
22/12/2011 07:37:57	ALARM 401		
22/12/2011 07:38:14	TASTEGGIO	0	2	5000	42061	160783	132	0	0.12	0.33	-82000	
22/12/2011 07:38:37	TASTEGGIO	1	0	5000	42061	242730	53	-3	0.28	0.28	0	
22/12/2011 07:38:58	TASTEGGIO	0	1	5000	42061	242730	76	-3	0.26	0.26	0	
22/12/2011 07:39:18	TASTEGGIO	0	2	5000	42061	242730	124	-66	0.36	0.36	0	
22/12/2011 07:39:38	TASTEGGIO	0	1	5000	42061	242730	74	-34	0.10	0.10	0	
22/12/2011 07:39:49	TASTEGGIO	0	1	5000	42061	161176	74	-34	0.25	0.34	82800	
22/12/2011 07:40:10	TASTEGGIO	1	0	5000	42061	78444	53	3	0.35	0.35	0	
22/12/2011 07:40:28	TASTEGGIO	0	1	5000	42061	78443	89	-5	0.30	0.30	0	
22/12/2011 07:40:49	TASTEGGIO	0	2	5000	42061	78441	140	-39	0.21	0.21	0	
22/12/2011 07:40:51	ALARM 401		
22/12/2011 07:40:56	ALARM 205		err.6058
22/12/2011 07:41:11	TASTEGGIO	0	2	5000	42061	160786	140	-39	0.07	0.45	120300	
22/12/2011 07:41:34	TASTEGGIO	1	0	5000	42061	40563	56	-3	0.42	0.42	0	
22/12/2011 07:41:50	TASTEGGIO	0	1	5000	42061	40553	95	0	0.41	0.41	0	
22/12/2011 07:42:10	TASTEGGIO	0	2	5000	42061	40547	175	-5	0.37	0.37	0	
22/12/2011 07:42:30	TASTEGGIO	0	3	5000	42061	40545	275	-59	0.19	0.19	0	
22/12/2011 07:42:31	ALARM 401		
22/12/2011 07:42:34	ALARM 205		err.6059
22/12/2011 07:42:49	TASTEGGIO	0	3	5000	42061	160787	275	-59	0.30	0.44	82800	
22/12/2011 07:43:10	TASTEGGIO	1	0	5000	42061	78089	56	0	0.44	0.44	0	
22/12/2011 07:43:28	TASTEGGIO	0	1	5000	42061	78085	100	0	0.44	0.44	0	
22/12/2011 07:43:49	TASTEGGIO	0	2	5000	42061	78080	188	-42	0.04	0.04	0	
22/12/2011 07:44:00	TASTEGGIO	0	2	5000	42061	160782	188	-42	0.21	0.31	-119500	
22/12/2011 07:44:26	TASTEGGIO	1	0	5000	42061	280231	52	-9	0.25	0.25	0	
22/12/2011 07:44:28	ALARM 401		
22/12/2011 07:44:31	ALARM 205		err.6058
22/12/2011 07:44:46	TASTEGGIO	1	0	5000	42061	161178	52	-9	0.18	0.27	-119500	
22/12/2011 07:45:12	TASTEGGIO	1	0	5000	42061	280637	51	-2	0.26	0.26	0	
22/12/2011 07:45:31	TASTEGGIO	0	1	5000	42061	280637	76	-7	0.26	0.26	0	
22/12/2011 07:45:52	TASTEGGIO	0	2	5000	42061	280637	128	-35	0.29	0.29	0	
22/12/2011 07:46:11	TASTEGGIO	0	1	5000	42061	280637	95	-18	0.22	0.22	0	
22/12/2011 07:46:31	TASTEGGIO	0	2	5000	42061	280637	118	-3	0.21	0.21	0	
22/12/2011 07:46:52	TASTEGGIO	0	3	5000	42061	280637	178	-12	0.15	0.15	0	
22/12/2011 07:46:54	ALARM 401		
22/12/2011 07:46:56	ALARM 205		err.6058
22/12/2011 07:47:15	TASTEGGIO	0	3	5000	42061	161189	178	-12	0.10	0.19	-82000	
22/12/2011 07:47:40	TASTEGGIO	1	0	5000	42061	243138	49	-25	0.11	0.11	0	
22/12/2011 07:47:51	TASTEGGIO	1	0	5000	42061	161181	49	-25	0.22	0.23	-119500	
22/12/2011 07:48:17	TASTEGGIO	1	0	5000	42061	280632	50	-15	0.29	0.29	0	
22/12/2011 07:48:36	TASTEGGIO	0	1	5000	42061	280632	86	-10	0.22	0.22	0	
22/12/2011 07:48:56	TASTEGGIO	0	2	5000	42061	280632	109	-2	0.21	0.21	0	
22/12/2011 07:49:17	TASTEGGIO	0	3	5000	42061	280633	169	-8	0.21	0.21	0	
22/12/2011 07:49:21	ALARM 401		
22/12/2011 07:49:24	ALARM 201		err.6059
22/12/2011 07:49:40	TASTEGGIO	0	4	5000	42061	161182	253	0	0.18	0.21	-119500	
22/12/2011 07:50:05	TASTEGGIO	1	0	5000	42061	280638	50	-13	0.30	0.30	0	
22/12/2011 07:50:25	TASTEGGIO	0	1	5000	42061	280639	92	-4	0.26	0.26	0	
22/12/2011 07:50:45	TASTEGGIO	0	2	5000	42061	280639	137	-12	0.19	0.19	0	
22/12/2011 07:50:47	ALARM 401		
22/12/2011 07:50:50	ALARM 201		err.6059
22/12/2011 07:51:05	TASTEGGIO	0	2	5000	42061	161194	137	-12	0.20	0.20	0	
22/12/2011 07:51:07	ALARM 401		
22/12/2011 07:52:14	ALARM 307	proc 12 prog 51 step 61	inverter error 8
22/12/2011 07:54:06	TASTEGGIO	0	2	5000	42061	160296	137	-12	0.21	0.26	82800	
22/12/2011 07:54:28	TASTEGGIO	1	0	5000	42061	77573	51	-2	0.18	0.18	0	
22/12/2011 07:54:46	TASTEGGIO	0	1	5000	42061	77573	63	-2	0.16	0.16	0	
22/12/2011 07:55:04	TASTEGGIO	0	2	5000	42061	77572	91	-8	0.11	0.11	0	
22/12/2011 07:55:15	TASTEGGIO	0	2	5000	42061	159881	91	-8	0.25	0.25	0	
22/12/2011 07:55:37	TASTEGGIO	1	0	5000	42061	159876	51	-109	0.85	0.85	0	
22/12/2011 07:55:41	ALARM 401		
22/12/2011 07:55:45	ALARM 201		err.6059
22/12/2011 07:55:56	TASTEGGIO	0	1	5000	42061	159883	0	0	0.82	0.82	0	
22/12/2011 07:56:17	TASTEGGIO	1	0	5000	42061	159878	65	-16	0.60	0.60	0	
22/12/2011 07:56:37	TASTEGGIO	0	1	5000	42061	159878	108	-33	0.31	0.31	0	
22/12/2011 07:56:42	ALARM 218	proc 12 prog 85 step 19	go_abs 3 cmd 11
22/12/2011 07:57:09	ALARM 203		err.6058
22/12/2011 07:57:22	TASTEGGIO	0	2	5000	42061	159884	130	0	0.31	0.31	0	
22/12/2011 07:57:44	TASTEGGIO	1	0	5000	42061	159879	52	1	0.28	0.28	0	
22/12/2011 07:58:04	TASTEGGIO	0	1	5000	42061	159878	77	-5	0.24	0.24	0	
22/12/2011 07:58:09	ALARM 401		
22/12/2011 07:58:12	ALARM 401		
22/12/2011 07:58:27	TASTEGGIO	0	2	5000	42061	159884	118	0	0.24	0.24	0	
22/12/2011 07:58:50	TASTEGGIO	1	0	5000	42061	159879	51	1	0.23	0.23	0	
22/12/2011 07:59:10	TASTEGGIO	0	1	5000	42061	159879	73	-2	0.22	0.22	0	
22/12/2011 07:59:31	TASTEGGIO	0	2	5000	42061	159879	115	-63	0.48	0.48	0	
22/12/2011 07:59:49	TASTEGGIO	0	1	5000	42061	159879	10	-26	0.27	0.27	0	
22/12/2011 08:00:08	TASTEGGIO	0	2	5000	42061	159879	31	-30	0.23	0.23	0	
22/12/2011 08:00:09	ALARM 401		
22/12/2011 08:00:23	TASTEGGIO	0	2	5000	42061	159884	31	-30	0.20	0.20	0	
22/12/2011 08:00:45	TASTEGGIO	1	0	5000	42061	159879	50	-22	0.14	0.14	0	
22/12/2011 08:00:53	TASTEGGIO	1	0	5000	42061	159885	50	-22	0.14	0.14	0	
22/12/2011 08:02:50	TASTEGGIO	1	0	5000	42061	161090	50	-22	0.19	0.32	-119500	
22/12/2011 08:03:15	TASTEGGIO	1	0	5000	42061	280531	53	-10	0.15	0.15	0	
22/12/2011 08:03:17	ALARM 401		
22/12/2011 08:03:21	ALARM 401		
22/12/2011 08:03:21	ALARM 401		
22/12/2011 08:03:39	TASTEGGIO	0	0	5000	42061	161088	48	-10	0.20	0.20	-82000	
22/12/2011 08:04:03	TASTEGGIO	1	0	5000	42061	243033	50	-14	0.09	0.09	0	
22/12/2011 08:04:14	TASTEGGIO	1	0	5000	42061	161092	50	-14	0.14	0.27	-119500	
22/12/2011 08:04:39	TASTEGGIO	1	0	5000	42061	280522	51	0	0.21	0.21	0	
22/12/2011 08:04:41	ALARM 401		
22/12/2011 08:04:43	ALARM 205		err.6058
22/12/2011 08:04:58	TASTEGGIO	1	0	5000	42061	161100	51	0	0.16	0.24	-119500	
22/12/2011 08:05:23	TASTEGGIO	1	0	5000	42061	280543	51	-1	0.18	0.18	0	
22/12/2011 08:05:24	ALARM 401		
22/12/2011 08:05:26	ALARM 401		
22/12/2011 08:05:26	ALARM 401		
22/12/2011 08:05:44	TASTEGGIO	1	0	5000	42061	161101	51	-1	0.15	0.22	-119500	
22/12/2011 08:06:09	TASTEGGIO	1	0	5000	42061	280544	50	0	0.17	0.17	0	
22/12/2011 08:06:11	ALARM 401		
22/12/2011 08:06:13	ALARM 205		err.6058
22/12/2011 08:06:28	TASTEGGIO	1	0	5000	42061	161087	50	0	0.14	0.22	-119500	
22/12/2011 08:06:54	TASTEGGIO	1	0	5000	42061	280515	50	0	0.17	0.17	0	
22/12/2011 08:07:14	TASTEGGIO	0	1	5000	42061	280515	63	-5	0.16	0.16	0	
22/12/2011 08:07:33	TASTEGGIO	0	2	5000	42061	280515	93	-21	0.11	0.11	0	
22/12/2011 08:07:45	TASTEGGIO	0	2	5000	42061	161097	93	-21	0.26	0.27	-82000	
22/12/2011 08:08:10	TASTEGGIO	1	0	5000	42061	243045	51	1	0.26	0.26	0	
22/12/2011 08:08:29	TASTEGGIO	0	1	5000	42061	243045	76	-12	0.13	0.13	0	
22/12/2011 08:08:41	TASTEGGIO	0	1	5000	42061	161095	76	-12	0.15	0.17	-119500	
22/12/2011 08:09:41	ALARM 17	proc 12 prog 10 step 47	LavoroTerminato
22/12/2011 08:27:52	TASTEGGIO	0	1	5000	42060	161183	76	-12	0.78	0.78	0	
22/12/2011 08:28:13	TASTEGGIO	1	0	5000	42060	161187	64	-67	0.18	0.18	0	
22/12/2011 08:28:33	TASTEGGIO	0	0	5000	42060	161187	49	-124	0.99	0.99	0	
22/12/2011 08:28:48	TASTEGGIO	0	1	5000	42060	161187	0	3	0.94	0.94	0	
22/12/2011 08:29:09	TASTEGGIO	0	2	5000	42060	161187	178	-287	1.90	1.90	0	
22/12/2011 08:29:11	ALARM 401		
22/12/2011 08:29:14	ALARM 205		err.6058
22/12/2011 08:29:26	TASTEGGIO	0	2	5000	42061	161183	178	-287	1.84	1.84	0	
22/12/2011 08:29:44	TASTEGGIO	1	0	5000	42061	161187	91	-6	1.75	1.75	0	
22/12/2011 08:30:06	TASTEGGIO	0	1	5000	42061	161187	257	-257	1.21	1.21	0	
22/12/2011 08:30:27	TASTEGGIO	0	1	5000	42061	161187	173	-216	1.00	1.00	0	
22/12/2011 08:30:28	ALARM 401		
22/12/2011 08:30:31	ALARM 205		err.5005
22/12/2011 08:30:42	TASTEGGIO	0	1	5000	42061	161183	173	-216	0.96	0.96	0	
22/12/2011 08:31:03	TASTEGGIO	1	0	5000	42061	161187	69	-39	0.53	0.53	0	
22/12/2011 08:31:06	ALARM 401		
22/12/2011 08:31:08	ALARM 401		
22/12/2011 08:31:23	TASTEGGIO	0	1	5000	42061	161183	98	-39	0.52	0.52	0	
22/12/2011 08:31:45	TASTEGGIO	1	0	5000	42061	161187	58	-41	0.13	0.13	0	
22/12/2011 08:31:53	TASTEGGIO	1	0	5000	42061	161183	58	-41	0.13	0.26	82800	
22/12/2011 08:32:14	TASTEGGIO	1	0	5000	42061	78447	51	0	0.23	0.23	0	
22/12/2011 08:32:33	TASTEGGIO	0	1	5000	42061	78444	71	-6	0.18	0.18	0	
22/12/2011 08:32:34	ALARM 401		
22/12/2011 08:32:38	ALARM 205		err.5005
22/12/2011 08:32:53	TASTEGGIO	0	1	5000	42061	160781	71	-6	0.08	0.23	-82000	
22/12/2011 08:33:17	TASTEGGIO	1	0	5000	42061	242724	50	-31	0.21	0.21	0	
22/12/2011 08:33:36	TASTEGGIO	0	1	5000	42061	242724	30	-31	0.11	0.11	0	
22/12/2011 08:33:47	TASTEGGIO	0	1	5000	42061	161184	30	-31	0.12	0.20	120300	
22/12/2011 08:34:10	TASTEGGIO	1	0	5000	42061	40942	50	-33	0.22	0.22	0	
22/12/2011 08:34:26	TASTEGGIO	0	1	5000	42061	40940	25	-26	0.08	0.08	0	
22/12/2011 08:34:39	TASTEGGIO	0	1	5000	42061	160781	25	-26	0.11	0.15	-82000	
22/12/2011 08:36:34	TASTEGGIO	0	1	5000	42060	158756	25	-26	0.25	0.25	0	
22/12/2011 08:36:55	TASTEGGIO	1	0	5000	42060	158762	51	-67	0.45	0.45	0	
22/12/2011 08:37:13	TASTEGGIO	0	1	5000	42060	158762	0	-33	0.58	0.58	0	
22/12/2011 08:37:18	ALARM 401		
22/12/2011 08:37:21	ALARM 203		err.6058
22/12/2011 08:37:32	TASTEGGIO	0	2	5000	42061	158755	149	0	0.51	0.51	0	
22/12/2011 08:37:55	TASTEGGIO	1	0	5000	42061	158762	57	-56	0.30	0.30	0	
22/12/2011 08:38:14	TASTEGGIO	0	1	5000	42061	158762	39	-54	0.25	0.25	0	
22/12/2011 08:38:33	TASTEGGIO	0	1	5000	42061	158762	18	-6	0.19	0.19	0	
22/12/2011 08:38:34	ALARM 401		
22/12/2011 08:38:43	ALARM 401		
22/12/2011 08:39:00	TASTEGGIO	0	1	5000	42061	158754	18	-6	0.18	0.21	82800	
22/12/2011 08:39:20	TASTEGGIO	1	0	5000	42061	76023	50	2	0.22	0.22	0	
22/12/2011 08:39:37	TASTEGGIO	0	1	5000	42061	76021	73	-6	0.13	0.13	0	
22/12/2011 08:39:48	TASTEGGIO	0	1	5000	42061	158456	73	-6	0.14	0.14	0	
22/12/2011 08:41:46	TASTEGGIO	0	1	5000	42060	161090	73	-6	0.16	0.47	120300	
22/12/2011 08:42:09	TASTEGGIO	1	0	5000	42060	40847	56	-35	0.13	0.13	0	
22/12/2011 08:42:21	TASTEGGIO	1	0	5000	42060	160702	56	-35	0.31	0.48	-82000	
22/12/2011 08:42:45	TASTEGGIO	1	0	5000	42060	242645	57	-14	0.35	0.35	0	
22/12/2011 08:43:04	TASTEGGIO	0	1	5000	42060	242645	82	-42	0.09	0.09	0	
22/12/2011 08:43:15	TASTEGGIO	0	1	5000	42060	161087	82	-42	0.02	0.20	120300	
22/12/2011 08:43:39	TASTEGGIO	1	0	5000	42060	40845	50	-16	0.09	0.09	0	
22/12/2011 08:43:51	TASTEGGIO	1	0	5000	42060	160710	50	-16	0.09	0.14	-119500	
22/12/2011 08:45:46	TASTEGGIO	1	0	5000	42060	161093	50	-16	0.28	0.64	-119500	
22/12/2011 08:46:11	TASTEGGIO	1	0	5000	42060	280537	61	-14	0.51	0.51	0	
22/12/2011 08:46:29	TASTEGGIO	0	1	5000	42060	280537	101	-15	0.36	0.36	0	
22/12/2011 08:46:30	ALARM 401		
22/12/2011 08:46:34	ALARM 401		
22/12/2011 08:46:56	TASTEGGIO	0	1	5000	42061	161094	101	-15	0.19	0.40	120300	
22/12/2011 08:47:19	TASTEGGIO	1	0	5000	42061	40857	55	-40	0.16	0.16	0	
22/12/2011 08:47:21	ALARM 401		
22/12/2011 08:47:24	ALARM 401		
22/12/2011 08:47:46	TASTEGGIO	1	0	5000	42061	160704	55	-40	0.42	0.42	0	
22/12/2011 08:48:06	TASTEGGIO	1	0	5000	42061	160697	55	-64	0.22	0.22	0	
22/12/2011 08:48:26	TASTEGGIO	0	1	5000	42061	160697	43	-150	1.47	1.47	0	
22/12/2011 08:48:29	ALARM 401		
22/12/2011 08:48:31	ALARM 401		
22/12/2011 08:48:45	TASTEGGIO	0	1	5000	42061	160704	43	-150	1.44	1.44	0	
22/12/2011 08:49:06	TASTEGGIO	1	0	5000	42061	160698	81	-12	1.26	1.26	0	
22/12/2011 08:49:26	TASTEGGIO	0	1	5000	42061	160698	191	-221	1.17	1.17	0	
22/12/2011 08:49:44	TASTEGGIO	0	1	5000	42061	160698	82	-10	0.98	0.98	0	
22/12/2011 08:50:07	TASTEGGIO	0	2	5000	42061	160698	246	-343	2.82	2.82	0	
22/12/2011 08:50:09	ALARM 218	proc 12 prog 73 step 17	go_abs 5 cmd 11
22/12/2011 08:50:13	ALARM 205		err.6058
22/12/2011 08:50:27	TASTEGGIO	0	2	5000	42061	160704	246	-343	2.39	2.39	0	
22/12/2011 08:50:54	TASTEGGIO	1	0	5000	42061	160698	105	-143	0.00	0.00	0	
22/12/2011 08:51:01	TASTEGGIO	1	0	5000	42061	160704	105	-143	0.00	0.00	82800	
22/12/2011 08:53:01	ALARM 314	proc 12 prog 51 step 61	go_abs inv_ax 7 code -1
22/12/2011 09:16:36	TASTEGGIO	1	0	5000	42060	161091	105	-143	0.80	0.80	0	
22/12/2011 09:16:57	TASTEGGIO	1	0	5000	42060	161096	65	-23	0.51	0.51	0	
22/12/2011 09:17:18	TASTEGGIO	0	1	5000	42060	161096	97	-92	0.46	0.46	0	
22/12/2011 09:17:20	ALARM 401		
22/12/2011 09:17:23	ALARM 205		err.6058
22/12/2011 09:17:34	TASTEGGIO	0	1	5000	42061	161091	97	-92	0.40	0.40	0	
22/12/2011 09:17:56	TASTEGGIO	1	0	5000	42061	161096	55	-69	0.40	0.40	0	
22/12/2011 09:18:15	TASTEGGIO	0	1	5000	42061	161096	15	-25	0.07	0.07	0	
22/12/2011 09:18:23	TASTEGGIO	0	1	5000	42061	161091	15	-25	0.08	0.31	-82000	
22/12/2011 09:18:47	TASTEGGIO	1	0	5000	42061	243032	52	-17	0.11	0.11	0	
22/12/2011 09:18:58	TASTEGGIO	1	0	5000	42061	161094	52	-17	0.13	0.22	-119500	
22/12/2011 09:19:23	TASTEGGIO	1	0	5000	42061	280535	50	-14	0.09	0.09	0	
22/12/2011 09:19:35	TASTEGGIO	1	0	5000	42061	161094	50	-14	0.19	0.19	0	
22/12/2011 09:19:58	TASTEGGIO	1	0	5000	42061	161100	49	-86	0.68	0.68	0	
22/12/2011 09:20:02	ALARM 401		
22/12/2011 09:20:06	ALARM 203		err.6058
22/12/2011 09:20:16	TASTEGGIO	0	1	5000	42061	161095	0	0	0.66	0.66	0	
22/12/2011 09:20:38	TASTEGGIO	1	0	5000	42061	161100	61	-18	0.42	0.42	0	
22/12/2011 09:20:57	TASTEGGIO	0	1	5000	42061	161100	87	-37	0.10	0.10	0	
22/12/2011 09:21:05	TASTEGGIO	0	1	5000	42061	161094	87	-37	0.09	0.24	82800	
22/12/2011 09:21:27	TASTEGGIO	1	0	5000	42061	78357	51	0	0.18	0.18	0	
22/12/2011 09:21:28	ALARM 401		
22/12/2011 09:21:31	ALARM 205		err.6059
22/12/2011 09:21:45	TASTEGGIO	1	0	5000	42061	160697	51	0	0.10	0.19	82800	
22/12/2011 09:22:08	TASTEGGIO	1	0	5000	42061	77997	49	0	0.17	0.17	0	
22/12/2011 09:22:25	TASTEGGIO	0	1	5000	42061	77990	64	-6	0.10	0.10	0	
22/12/2011 09:22:36	TASTEGGIO	0	1	5000	42061	160703	64	-6	0.09	0.13	-119500	
22/12/2011 09:24:46	TASTEGGIO	0	1	5000	42060	158327	64	-6	0.99	0.99	0	
22/12/2011 09:25:07	TASTEGGIO	1	0	5000	42060	158333	69	-10	0.85	0.85	0	
22/12/2011 09:25:27	TASTEGGIO	0	1	5000	42060	158333	141	-126	0.57	0.57	0	
22/12/2011 09:25:30	ALARM 401		
22/12/2011 09:25:44	TASTEGGIO	0	1	5000	42061	158327	102	-126	0.56	0.56	0	
22/12/2011 09:26:06	TASTEGGIO	1	0	5000	42061	158332	59	-50	0.11	0.11	0	
22/12/2011 09:26:13	TASTEGGIO	1	0	5000	42061	158326	59	-50	0.11	0.48	-82000	
22/12/2011 09:26:37	TASTEGGIO	1	0	5000	42061	240270	57	-14	0.27	0.27	0	
22/12/2011 09:26:39	ALARM 401		
22/12/2011 09:26:42	ALARM 205		err.6058
22/12/2011 09:26:57	TASTEGGIO	1	0	5000	42061	158318	57	-14	0.19	0.40	-119500	
22/12/2011 09:27:22	TASTEGGIO	1	0	5000	42061	277762	55	-13	0.24	0.24	0	
22/12/2011 09:27:41	TASTEGGIO	0	1	5000	42061	277762	69	-6	0.22	0.22	0	
22/12/2011 09:27:43	ALARM 401		
22/12/2011 09:27:46	ALARM 205		err.6058
22/12/2011 09:28:01	TASTEGGIO	0	1	5000	42061	158329	69	-6	0.29	0.29	0	
22/12/2011 09:28:23	TASTEGGIO	1	0	5000	42061	158335	52	-47	0.24	0.24	0	
22/12/2011 09:28:42	TASTEGGIO	0	1	5000	42061	158334	32	-34	0.16	0.16	0	
22/12/2011 09:28:46	ALARM 401		
22/12/2011 09:28:50	ALARM 201		err.6059
22/12/2011 09:29:00	TASTEGGIO	0	1	5000	42061	158328	21	0	0.15	0.37	-82000	
22/12/2011 09:29:25	TASTEGGIO	1	0	5000	42061	240268	54	-3	0.31	0.31	0	
22/12/2011 09:29:44	TASTEGGIO	0	1	5000	42061	240269	79	-23	0.09	0.09	0	
22/12/2011 09:29:55	TASTEGGIO	0	1	5000	42061	158325	79	-23	0.10	0.18	-119500	
22/12/2011 09:30:19	TASTEGGIO	1	0	5000	42061	277770	49	3	0.17	0.17	0	
22/12/2011 09:30:39	TASTEGGIO	0	1	5000	42061	277770	65	-1	0.16	0.16	0	
22/12/2011 09:30:58	TASTEGGIO	0	2	5000	42061	277770	95	-4	0.12	0.12	0	
22/12/2011 09:31:10	TASTEGGIO	0	2	5000	42061	158315	95	-4	0.14	0.14	0	
22/12/2011 09:32:09	ALARM 17	proc 12 prog 10 step 47	LavoroTerminato
22/12/2011 09:41:30	TASTEGGIO	0	2	5000	42060	160560	95	-4	0.39	0.42	-119500	
22/12/2011 09:41:54	TASTEGGIO	1	0	5000	42060	280002	55	-22	0.24	0.24	0	
22/12/2011 09:41:57	ALARM 218	proc 12 prog 73 step 17	go_abs 5 cmd 11
22/12/2011 09:42:02	ALARM 205		err.6058
22/12/2011 09:42:17	TASTEGGIO	1	0	5000	42061	160573	55	-22	0.30	0.38	82800	
22/12/2011 09:42:38	TASTEGGIO	1	0	5000	42061	77842	54	-1	0.31	0.31	0	
22/12/2011 09:42:56	TASTEGGIO	0	1	5000	42061	77841	79	-8	0.22	0.22	0	
22/12/2011 09:43:02	ALARM 401		
22/12/2011 09:43:05	ALARM 401		
22/12/2011 09:43:05	ALARM 401		
22/12/2011 09:43:27	TASTEGGIO	0	2	5000	42061	160155	101	0	0.22	0.28	120300	
22/12/2011 09:43:51	TASTEGGIO	1	0	5000	42061	39956	52	-43	0.36	0.36	0	
22/12/2011 09:44:05	TASTEGGIO	0	1	5000	42061	39941	5	-22	0.13	0.13	0	
22/12/2011 09:44:18	TASTEGGIO	0	1	5000	42061	160158	5	-22	0.25	0.26	-82000	
22/12/2011 09:44:41	TASTEGGIO	1	0	5000	42061	242105	51	-29	0.12	0.12	0	
22/12/2011 09:44:53	TASTEGGIO	1	0	5000	42061	160571	51	-29	0.09	0.15	-119500	
22/12/2011 09:46:49	TASTEGGIO	1	0	5000	42060	160996	51	-29	0.23	0.24	120300	
22/12/2011 09:47:12	TASTEGGIO	1	0	5000	42060	40753	51	-40	0.20	0.20	0	
22/12/2011 09:47:29	TASTEGGIO	0	1	5000	42060	40753	34	-42	0.44	0.44	0	
22/12/2011 09:47:33	ALARM 218	proc 12 prog 85 step 19	go_abs 3 cmd 11
22/12/2011 09:47:36	ALARM 203		err.6058
22/12/2011 09:47:51	TASTEGGIO	0	1	5000	42061	160615	0	0	0.18	0.43	120300	
22/12/2011 09:48:13	TASTEGGIO	1	0	5000	42061	40408	55	-39	0.06	0.06	0	
22/12/2011 09:48:25	TASTEGGIO	1	0	5000	42061	160617	55	-39	0.17	0.17	0	
22/12/2011 09:48:48	TASTEGGIO	1	0	5000	42061	160612	49	-149	1.29	1.29	0	
22/12/2011 09:48:52	ALARM 401		
22/12/2011 09:48:55	ALARM 401		
22/12/2011 09:48:55	ALARM 401		
22/12/2011 09:49:10	TASTEGGIO	0	1	5000	42061	160618	0	0	1.27	1.27	0	
22/12/2011 09:49:30	TASTEGGIO	1	0	5000	42061	160612	77	-23	1.07	1.07	0	
22/12/2011 09:49:50	TASTEGGIO	0	1	5000	42061	160612	167	-199	0.90	0.90	0	
22/12/2011 09:50:13	TASTEGGIO	0	1	5000	42061	160612	91	-191	0.00	0.00	0	
22/12/2011 09:50:20	TASTEGGIO	0	1	5000	42061	160618	91	-191	0.00	0.00	-119500	
22/12/2011 09:52:16	TASTEGGIO	0	1	5000	42060	160272	91	-191	0.72	0.90	-82000	
22/12/2011 09:52:38	TASTEGGIO	1	0	5000	42060	242211	67	0	0.92	0.92	0	
22/12/2011 09:52:59	TASTEGGIO	0	1	5000	42060	242212	161	-63	0.33	0.33	0	
22/12/2011 09:53:00	ALARM 401		
22/12/2011 09:53:03	ALARM 201		err.6059
22/12/2011 09:53:19	TASTEGGIO	0	1	5000	42061	160285	161	-63	0.36	0.50	-119500	
22/12/2011 09:53:42	TASTEGGIO	1	0	5000	42061	279728	57	-14	0.36	0.36	0	
22/12/2011 09:54:00	TASTEGGIO	0	1	5000	42061	279728	82	-16	0.26	0.26	0	
22/12/2011 09:54:02	ALARM 401		
22/12/2011 09:54:06	ALARM 205		err.6058
22/12/2011 09:54:21	TASTEGGIO	0	1	5000	42061	160279	82	-16	0.26	0.26	0	
22/12/2011 09:54:44	TASTEGGIO	1	0	5000	42061	160285	51	-90	0.69	0.69	0	
22/12/2011 09:54:49	ALARM 401		
22/12/2011 09:54:52	ALARM 201		err.6059
22/12/2011 09:55:03	TASTEGGIO	0	1	5000	42061	160278	0	0	0.65	0.65	0	
22/12/2011 09:55:25	TASTEGGIO	1	0	5000	42061	160285	61	-87	0.40	0.40	0	
22/12/2011 09:55:44	TASTEGGIO	0	1	5000	42061	160285	36	-78	0.41	0.41	0	
22/12/2011 09:55:48	ALARM 401		
22/12/2011 09:55:51	ALARM 203		err.6058
22/12/2011 09:56:03	TASTEGGIO	0	1	5000	42061	160278	0	0	0.38	0.38	0	
22/12/2011 09:56:24	TASTEGGIO	1	0	5000	42061	160284	54	-57	0.20	0.20	0	
22/12/2011 09:56:26	ALARM 401		
22/12/2011 09:56:44	TASTEGGIO	1	0	5000	42061	160278	54	-57	0.17	0.22	120300	
22/12/2011 09:57:07	TASTEGGIO	1	0	5000	42061	40033	50	-43	0.16	0.16	0	
22/12/2011 09:57:10	ALARM 401		
22/12/2011 09:57:12	ALARM 401		
22/12/2011 09:57:12	ALARM 401		
22/12/2011 09:57:30	TASTEGGIO	1	0	5000	42061	159903	50	-43	0.10	0.22	-119500	
22/12/2011 09:57:55	TASTEGGIO	1	0	5000	42061	279351	50	-3	0.17	0.17	0	
22/12/2011 09:58:15	TASTEGGIO	0	1	5000	42061	279351	63	-12	0.11	0.11	0	
22/12/2011 09:58:27	TASTEGGIO	0	1	5000	42061	160277	63	-12	0.03	0.16	120300	
22/12/2011 10:00:22	TASTEGGIO	0	1	5000	42060	160091	63	-12	0.21	0.56	-82000	
22/12/2011 10:00:46	TASTEGGIO	1	0	5000	42060	242031	59	-21	0.36	0.36	0	
22/12/2011 10:00:48	ALARM 401		
22/12/2011 10:00:53	ALARM 201		err.6059
22/12/2011 10:01:07	TASTEGGIO	1	0	5000	42061	160097	59	-21	0.17	0.44	-119500	
22/12/2011 10:01:31	TASTEGGIO	1	0	5000	42061	279545	56	-17	0.28	0.28	0	
22/12/2011 10:01:50	TASTEGGIO	0	1	5000	42061	279545	73	-11	0.18	0.18	0	
22/12/2011 10:01:55	ALARM 401		
22/12/2011 10:01:57	ALARM 401		
22/12/2011 10:01:58	ALARM 401		
22/12/2011 10:02:08	ALARM 28	proc 12 prog 72 step 15	Pressa appoggiata sul tondo
22/12/2011 10:02:28	TASTEGGIO	0	2	5000	42061	160086	89	0	0.16	0.32	120300	
22/12/2011 10:02:51	TASTEGGIO	1	0	5000	42061	39845	53	-16	0.21	0.21	0	
22/12/2011 10:03:08	TASTEGGIO	0	1	5000	42061	39843	66	-11	0.08	0.08	0	
22/12/2011 10:03:20	TASTEGGIO	0	1	5000	42061	159710	66	-11	0.06	0.20	-119500	
22/12/2011 10:03:46	TASTEGGIO	1	0	5000	42061	279162	50	-1	0.16	0.16	0	
22/12/2011 10:04:04	TASTEGGIO	0	1	5000	42061	279162	62	-3	0.15	0.15	0	
22/12/2011 10:04:06	ALARM 401		
22/12/2011 10:04:09	ALARM 401		
22/12/2011 10:04:09	ALARM 401		
22/12/2011 10:04:28	TASTEGGIO	0	1	5000	42061	160085	62	-3	0.08	0.18	-119500	
22/12/2011 10:04:53	TASTEGGIO	1	0	5000	42061	279535	49	1	0.15	0.15	0	
22/12/2011 10:05:11	TASTEGGIO	0	1	5000	42061	279535	61	-3	0.14	0.14	0	
22/12/2011 10:05:23	TASTEGGIO	0	1	5000	42061	160095	61	-3	0.07	0.17	-119500	
22/12/2011 10:07:19	TASTEGGIO	0	1	5000	42060	161093	61	-3	0.50	0.67	120300	
22/12/2011 10:07:42	TASTEGGIO	1	0	5000	42060	40848	61	-30	0.46	0.46	0	
22/12/2011 10:07:59	TASTEGGIO	0	1	5000	42060	40845	92	-32	0.15	0.15	0	
22/12/2011 10:08:01	ALARM 218	proc 12 prog 73 step 17	go_abs 5 cmd 11
22/12/2011 10:08:04	ALARM 205		err.6058
22/12/2011 10:08:20	TASTEGGIO	0	1	5000	42061	160702	92	-32	0.22	0.22	0	
22/12/2011 10:08:43	TASTEGGIO	1	0	5000	42061	160696	50	-142	1.25	1.25	0	
22/12/2011 10:08:44	ALARM 401		
22/12/2011 10:08:47	ALARM 205		err.6058
22/12/2011 10:08:58	TASTEGGIO	1	0	5000	42061	160702	50	-142	1.17	1.17	0	
22/12/2011 10:09:19	TASTEGGIO	1	0	5000	42061	160697	74	-23	1.01	1.01	0	
22/12/2011 10:09:39	TASTEGGIO	0	1	5000	42061	160697	161	-214	1.22	1.22	0	
22/12/2011 10:10:00	TASTEGGIO	0	1	5000	42061	160697	13	-134	2.59	2.59	0	
22/12/2011 10:10:02	ALARM 401		
22/12/2011 10:10:05	ALARM 401		
22/12/2011 10:10:05	ALARM 401		
22/12/2011 10:10:19	TASTEGGIO	0	1	5000	42061	160702	13	-134	0.59	0.59	0	
22/12/2011 10:10:45	TASTEGGIO	1	0	5000	42061	160697	59	-151	0.00	0.00	0	
22/12/2011 10:10:52	TASTEGGIO	1	0	5000	42061	160702	59	-151	0.00	0.00	-119500	
22/12/2011 10:12:48	TASTEGGIO	1	0	5000	42061	161090	59	-151	0.56	0.56	0	
22/12/2011 10:13:09	TASTEGGIO	1	0	5000	42061	161095	59	-91	0.44	0.44	0	
22/12/2011 10:13:29	TASTEGGIO	0	1	5000	42061	161095	24	-119	1.25	1.25	0	
22/12/2011 10:13:32	ALARM 401		
22/12/2011 10:13:34	ALARM 401		
22/12/2011 10:13:35	ALARM 401		
22/12/2011 10:13:49	TASTEGGIO	0	1	5000	42061	161090	0	-119	1.18	1.18	0	
22/12/2011 10:14:09	TASTEGGIO	1	0	5000	42061	161094	74	-39	0.77	0.77	0	
22/12/2011 10:14:11	ALARM 401		
22/12/2011 10:14:14	ALARM 205		err.6058
22/12/2011 10:14:25	TASTEGGIO	1	0	5000	42061	161090	74	-39	0.75	0.75	0	
22/12/2011 10:14:46	TASTEGGIO	1	0	5000	42061	161094	63	-42	0.29	0.29	0	
22/12/2011 10:14:47	ALARM 401		
22/12/2011 10:14:50	ALARM 401		
22/12/2011 10:15:05	TASTEGGIO	1	0	5000	42061	161090	63	-42	0.29	0.42	120300	
22/12/2011 10:15:26	TASTEGGIO	1	0	5000	42061	40845	55	-34	0.17	0.17	0	
22/12/2011 10:15:29	ALARM 401		
22/12/2011 10:15:46	TASTEGGIO	1	0	5000	42061	160712	55	-34	0.14	0.26	-119500	
22/12/2011 10:16:10	TASTEGGIO	1	0	5000	42061	280161	51	-17	0.11	0.11	0	
22/12/2011 10:16:23	TASTEGGIO	1	0	5000	42061	161087	51	-17	0.18	0.19	82800	
22/12/2011 10:16:45	TASTEGGIO	1	0	5000	42061	78355	49	-10	0.11	0.11	0	
22/12/2011 10:16:57	TASTEGGIO	1	0	5000	42061	160715	49	-10	0.17	0.17	0	
22/12/2011 10:17:20	TASTEGGIO	1	0	5000	42061	160709	49	-103	0.99	0.99	0	
22/12/2011 10:17:42	TASTEGGIO	0	1	5000	42061	160709	0	-143	2.35	2.35	0	
22/12/2011 10:17:43	ALARM 401		
22/12/2011 10:17:46	ALARM 205		err.6059
22/12/2011 10:17:56	TASTEGGIO	0	1	5000	42061	160715	0	-143	0.00	0.00	0	
22/12/2011 10:18:56	ALARM 17	proc 12 prog 10 step 47	LavoroTerminato
22/12/2011 10:23:43	TASTEGGIO	0	1	5000	42060	158322	0	-143	1.01	1.04	-82000	
22/12/2011 10:24:06	TASTEGGIO	1	0	5000	42060	240269	71	-6	0.99	0.99	0	
22/12/2011 10:24:26	TASTEGGIO	0	1	5000	42060	240269	165	-76	0.21	0.21	0	
22/12/2011 10:24:27	ALARM 401		
22/12/2011 10:24:45	TASTEGGIO	0	1	5000	42061	158288	165	-76	0.47	0.47	0	
22/12/2011 10:25:06	TASTEGGIO	1	0	5000	42061	158290	56	-29	0.16	0.16	0	
22/12/2011 10:25:08	ALARM 401		
22/12/2011 10:25:10	ALARM 205		err.6059
22/12/2011 10:25:22	TASTEGGIO	1	0	5000	42061	158286	56	-29	0.15	0.29	-119500	
22/12/2011 10:25:46	TASTEGGIO	1	0	5000	42061	277739	52	-16	0.16	0.16	0	
22/12/2011 10:26:05	TASTEGGIO	0	1	5000	42061	277740	60	-9	0.05	0.05	0	
22/12/2011 10:26:17	TASTEGGIO	0	1	5000	42061	158316	60	-9	0.17	0.20	-82000	
22/12/2011 10:26:41	TASTEGGIO	1	0	5000	42061	240232	50	-20	0.08	0.08	0	
22/12/2011 10:26:52	TASTEGGIO	1	0	5000	42061	158330	50	-20	0.10	0.15	82800	
22/12/2011 10:28:49	TASTEGGIO	1	0	5000	42060	160295	50	-20	0.18	0.18	0	
22/12/2011 10:29:11	TASTEGGIO	1	0	5000	42060	160300	49	-101	0.79	0.79	0	
22/12/2011 10:29:15	ALARM 401		
22/12/2011 10:29:18	ALARM 201		err.6059
22/12/2011 10:29:29	TASTEGGIO	0	1	5000	42061	160295	0	0	0.76	0.76	0	
22/12/2011 10:29:49	TASTEGGIO	1	0	5000	42061	160300	64	-44	0.29	0.29	0	
22/12/2011 10:29:51	ALARM 401		
22/12/2011 10:30:08	TASTEGGIO	1	0	5000	42061	160295	64	-44	0.26	0.26	0	
22/12/2011 10:30:31	TASTEGGIO	1	0	5000	42061	160300	51	-65	0.41	0.41	0	
22/12/2011 10:30:51	TASTEGGIO	0	1	5000	42061	160300	0	-40	0.77	0.77	0	
22/12/2011 10:30:56	ALARM 401		
22/12/2011 10:30:58	ALARM 203		err.6058
22/12/2011 10:31:09	TASTEGGIO	0	2	5000	42061	160295	289	0	0.70	0.70	0	
22/12/2011 10:31:34	TASTEGGIO	1	0	5000	42061	160300	62	-179	0.00	0.00	0	
22/12/2011 10:31:42	TASTEGGIO	1	0	5000	42061	160294	62	-179	0.00	0.00	0	
22/12/2011 10:31:43	ALARM 401		
22/12/2011 10:31:45	ALARM 202		err.6059
22/12/2011 10:33:55	TASTEGGIO	1	0	5000	42061	160294	240	-34	1.88	1.88	0	
22/12/2011 10:34:17	TASTEGGIO	1	0	5000	42061	160294	240	-34	1.81	1.81	0	
22/12/2011 10:34:40	TASTEGGIO	1	0	5000	42061	160299	90	-86	1.82	1.82	0	
22/12/2011 10:35:05	TASTEGGIO	0	1	5000	42061	160299	273	-305	0.00	0.00	0	
22/12/2011 10:35:12	TASTEGGIO	0	1	5000	42061	160293	273	-305	0.00	0.00	82800	
22/12/2011 10:36:12	ALARM 17	proc 12 prog 10 step 47	LavoroTerminato
22/12/2011 10:39:12	TASTEGGIO	0	1	5000	42061	158349	273	-305	0.77	0.77	0	
22/12/2011 10:39:33	TASTEGGIO	1	0	5000	42061	158354	64	-36	0.42	0.42	0	
22/12/2011 10:39:34	ALARM 218	proc 12 prog 73 step 17	go_abs 5 cmd 11
22/12/2011 10:39:38	ALARM 205		err.6058
22/12/2011 10:39:50	TASTEGGIO	1	0	5000	42061	158348	64	-36	0.40	0.69	120300	
22/12/2011 10:40:12	TASTEGGIO	1	0	5000	42061	38169	62	-9	0.60	0.60	0	
22/12/2011 10:40:31	TASTEGGIO	0	1	5000	42061	38160	114	-7	0.53	0.53	0	
22/12/2011 10:40:50	TASTEGGIO	0	2	5000	42061	38158	207	-17	0.35	0.35	0	
22/12/2011 10:40:51	ALARM 218	proc 12 prog 73 step 17	go_abs 5 cmd 11
22/12/2011 10:40:55	ALARM 401		
22/12/2011 10:40:55	ALARM 401		
22/12/2011 10:41:13	TASTEGGIO	0	2	5000	42061	157968	207	-17	0.22	0.35	120300	
22/12/2011 10:41:36	TASTEGGIO	1	0	5000	42061	37851	53	4	0.35	0.35	0	
22/12/2011 10:41:54	TASTEGGIO	0	1	5000	42061	37840	88	0	0.35	0.35	0	
22/12/2011 10:42:14	TASTEGGIO	0	2	5000	42061	37831	158	0	0.34	0.34	0	
22/12/2011 10:42:34	TASTEGGIO	0	3	5000	42061	37829	257	-33	0.14	0.14	0	
22/12/2011 10:42:35	ALARM 401		
22/12/2011 10:42:38	ALARM 201		err.5005
22/12/2011 10:42:55	TASTEGGIO	0	3	5000	42061	157972	257	-33	0.07	0.18	-82000	
