04/05/2011 14:22:20	ALARM 401		
04/05/2011 14:22:22	INIT OK
04/05/2011 14:44:03	TASTEGGIO	0	0	10000	61655	130300	0	0	0.05	0.07	-44500	
04/05/2011 14:44:26	TASTEGGIO	1	0	10000	61655	174755	95	-3	0.04	0.04	0	
04/05/2011 14:44:43	TASTEGGIO	0	1	10000	61655	174764	97	-1	0.03	0.03	0	
04/05/2011 14:44:54	TASTEGGIO	0	1	10000	61655	130362	97	-1	0.02	0.03	-44500	
04/05/2011 14:46:54	TASTEGGIO	0	1	10000	61655	130458	97	-1	0.06	0.07	-44500	
04/05/2011 14:47:16	TASTEGGIO	1	0	10000	61655	174929	95	-5	0.10	0.10	0	
04/05/2011 14:47:35	TASTEGGIO	0	1	10000	61655	174930	123	-8	0.03	0.03	0	
04/05/2011 14:47:46	TASTEGGIO	0	1	10000	61655	130454	123	-8	0.04	0.05	24500	
04/05/2011 14:48:07	TASTEGGIO	1	0	10000	61655	106001	94	-1	0.04	0.04	0	
04/05/2011 14:48:23	TASTEGGIO	0	1	10000	61655	106007	97	0	0.03	0.03	0	
04/05/2011 14:48:33	TASTEGGIO	0	1	10000	61655	130368	97	0	0.03	0.04	-44500	
04/05/2011 14:48:55	TASTEGGIO	1	0	10000	61655	174852	93	0	0.03	0.03	0	
04/05/2011 14:49:06	TASTEGGIO	1	0	10000	61655	130464	93	0	0.04	0.04	24500	
04/05/2011 14:49:27	TASTEGGIO	1	0	10000	61655	106014	93	-1	0.04	0.04	0	
04/05/2011 14:49:44	TASTEGGIO	0	1	10000	61655	106022	101	-1	0.03	0.03	0	
04/05/2011 14:49:55	TASTEGGIO	0	1	10000	61655	130400	101	-1	0.04	0.04	24500	
04/05/2011 14:50:16	TASTEGGIO	1	0	10000	61655	105943	93	-1	0.04	0.04	0	
04/05/2011 14:50:33	TASTEGGIO	0	1	10000	61655	105950	101	-1	0.03	0.03	0	
04/05/2011 14:50:43	TASTEGGIO	0	1	10000	61655	130399	101	-1	0.04	0.04	-24500	
04/05/2011 14:51:06	TASTEGGIO	1	0	10000	61655	154885	93	-2	0.02	0.02	0	
04/05/2011 14:51:16	TASTEGGIO	1	0	10000	61655	130489	93	-2	0.02	0.03	44500	
04/05/2011 14:53:15	TASTEGGIO	1	0	10000	61654	130457	93	-2	0.08	0.09	24500	
04/05/2011 14:53:36	TASTEGGIO	1	0	10000	61654	106019	97	-1	0.08	0.08	0	
04/05/2011 14:53:53	TASTEGGIO	0	1	10000	61654	106019	104	-1	0.07	0.07	0	
04/05/2011 14:54:13	TASTEGGIO	0	2	10000	61654	106019	116	-1	0.06	0.06	0	
04/05/2011 14:54:31	TASTEGGIO	0	3	10000	61654	106018	131	-4	0.02	0.02	0	
04/05/2011 14:54:41	TASTEGGIO	0	3	10000	61654	130377	131	-4	0.03	0.03	-44500	
04/05/2011 14:56:40	TASTEGGIO	0	3	10000	61654	130459	131	-4	0.18	0.19	-44500	
04/05/2011 14:57:03	TASTEGGIO	1	0	10000	61654	174926	105	-1	0.17	0.17	0	
04/05/2011 14:57:21	TASTEGGIO	0	1	10000	61654	174929	120	-3	0.14	0.14	0	
04/05/2011 14:57:32	TASTEGGIO	0	1	10000	61654	130459	120	-3	0.14	0.15	-44500	
04/05/2011 14:57:54	TASTEGGIO	1	0	10000	61654	174931	102	0	0.14	0.14	0	
04/05/2011 14:58:05	TASTEGGIO	1	0	10000	61654	130448	102	0	0.14	0.14	0	
04/05/2011 14:58:26	TASTEGGIO	1	0	10000	61654	130469	101	-1	0.13	0.13	0	
04/05/2011 14:58:44	TASTEGGIO	0	1	10000	61654	130469	125	-6	0.07	0.07	0	
04/05/2011 14:59:03	TASTEGGIO	0	2	10000	61654	130471	130	-5	0.03	0.03	0	
04/05/2011 14:59:11	TASTEGGIO	0	2	10000	61654	130467	130	-5	0.03	0.06	-44500	
04/05/2011 14:59:33	TASTEGGIO	1	0	10000	61654	174964	95	0	0.06	0.06	0	
04/05/2011 14:59:52	TASTEGGIO	0	1	10000	61654	174975	107	0	0.06	0.06	0	
04/05/2011 15:00:10	TASTEGGIO	0	1	10000	61654	174985	125	-6	0.01	0.01	0	
04/05/2011 15:00:21	TASTEGGIO	0	1	10000	61654	130507	125	-6	0.01	0.01	44500	
04/05/2011 15:02:19	TASTEGGIO	0	1	10000	61654	130460	125	-6	0.12	0.13	24500	
04/05/2011 15:02:40	TASTEGGIO	1	0	10000	61654	106024	100	-2	0.12	0.12	0	
04/05/2011 15:02:58	TASTEGGIO	0	1	10000	61654	106027	122	-2	0.11	0.11	0	
04/05/2011 15:03:17	TASTEGGIO	0	1	10000	61654	106028	152	-12	0.01	0.01	0	
04/05/2011 15:03:27	TASTEGGIO	0	1	10000	61654	130378	152	-12	0.01	0.02	44500	
04/05/2011 15:05:27	TASTEGGIO	0	1	10000	61654	130460	152	-12	0.13	0.13	-24500	
04/05/2011 15:05:49	TASTEGGIO	1	0	10000	61654	154934	100	-3	0.11	0.11	0	
04/05/2011 15:06:07	TASTEGGIO	0	1	10000	61654	154941	109	-3	0.08	0.08	0	
04/05/2011 15:06:27	TASTEGGIO	0	2	10000	61654	154946	117	-5	0.05	0.05	0	
04/05/2011 15:06:45	TASTEGGIO	0	3	10000	61654	154949	122	-8	0.03	0.03	0	
04/05/2011 15:06:56	TASTEGGIO	0	3	10000	61654	130473	122	-8	0.00	0.03	44500	
04/05/2011 15:08:51	TASTEGGIO	0	3	10000	61654	130562	122	-8	0.17	0.17	24500	
04/05/2011 15:09:13	TASTEGGIO	1	0	10000	61654	106127	104	-1	0.17	0.17	0	
04/05/2011 15:09:31	TASTEGGIO	0	1	10000	61654	106130	138	-6	0.12	0.12	0	
04/05/2011 15:09:41	TASTEGGIO	0	1	10000	61654	130471	138	-6	0.12	0.13	24500	
04/05/2011 15:10:02	TASTEGGIO	1	0	10000	61654	106022	100	-1	0.12	0.12	0	
04/05/2011 15:10:20	TASTEGGIO	0	1	10000	61654	106026	122	-1	0.12	0.12	0	
04/05/2011 15:10:38	TASTEGGIO	0	1	10000	61654	106029	158	-12	0.01	0.01	0	
04/05/2011 15:10:48	TASTEGGIO	0	1	10000	61654	130470	158	-12	0.02	0.05	-44500	
04/05/2011 15:11:10	TASTEGGIO	1	0	10000	61654	174923	94	-1	0.03	0.03	0	
04/05/2011 15:11:21	TASTEGGIO	1	0	10000	61654	130549	94	-1	0.01	0.03	-44500	
04/05/2011 15:12:30	ALARM 17	proc 12 prog 10 step 47	LavoroTerminato
04/05/2011 16:00:03	TASTEGGIO	1	0	13000	69495	162089	94	-1	0.21	0.28	-97500	
04/05/2011 16:00:31	TASTEGGIO	1	0	13000	69495	259546	227	-42	0.12	0.12	0	
04/05/2011 16:00:44	TASTEGGIO	1	0	13000	69495	162073	227	-42	0.06	0.13	-97500	
04/05/2011 16:01:13	TASTEGGIO	1	0	13000	69495	259543	208	-43	0.32	0.32	0	
04/05/2011 16:01:31	TASTEGGIO	0	1	13000	69495	259543	129	-11	0.22	0.22	0	
04/05/2011 16:01:49	TASTEGGIO	0	2	13000	69495	259544	150	-6	0.16	0.16	0	
04/05/2011 16:02:09	TASTEGGIO	0	3	13000	69495	259544	170	-5	0.12	0.12	0	
04/05/2011 16:02:31	TASTEGGIO	0	4	13000	69495	259544	188	-15	0.07	0.07	0	
04/05/2011 16:02:44	TASTEGGIO	0	4	13000	69495	162069	188	-15	0.06	0.07	-97500	
04/05/2011 16:04:37	TASTEGGIO	0	4	13000	69494	162206	188	-15	0.28	0.28	-44500	
04/05/2011 16:05:04	TASTEGGIO	1	0	13000	69494	206655	227	-77	0.54	0.54	0	
04/05/2011 16:05:22	TASTEGGIO	0	1	13000	69494	206668	122	-15	0.39	0.39	0	
04/05/2011 16:05:41	TASTEGGIO	0	2	13000	69494	206668	161	-20	0.18	0.18	0	
04/05/2011 16:06:04	TASTEGGIO	0	0	13000	69494	206668	215	-51	0.35	0.35	0	
04/05/2011 16:06:24	TASTEGGIO	0	1	13000	69494	206668	146	-22	0.14	0.14	0	
04/05/2011 16:06:36	TASTEGGIO	0	1	13000	69494	162161	146	-22	0.17	0.17	0	
04/05/2011 16:07:01	TASTEGGIO	1	0	13000	69494	162184	213	-94	0.75	0.75	0	
04/05/2011 16:07:17	TASTEGGIO	0	1	13000	69494	162190	0	-2	0.73	0.73	0	
04/05/2011 16:07:40	TASTEGGIO	0	1	13000	69494	162198	213	-60	0.17	0.17	0	
04/05/2011 16:08:02	TASTEGGIO	0	0	13000	69494	162207	213	-51	0.34	0.34	0	
04/05/2011 16:08:23	TASTEGGIO	0	1	13000	69494	162211	145	-20	0.15	0.15	0	
04/05/2011 16:08:45	TASTEGGIO	0	0	13000	69494	162233	211	-39	0.24	0.24	0	
04/05/2011 16:09:06	TASTEGGIO	0	1	13000	69494	162233	172	-27	0.03	0.03	0	
04/05/2011 16:09:15	TASTEGGIO	0	1	13000	69494	162198	172	-27	0.02	0.07	44500	
04/05/2011 16:10:51	ALARM 19	proc 12 prog 36 step 77	Tondo Non Presente Su Carrello 2
04/05/2011 16:10:55	ALARM 201		err.6058
04/05/2011 16:10:56	ALARM 19	proc 1 prog 2 step 8	Tondo Non Presente Su Carrello 2
04/05/2011 16:10:57	ALARM 19	proc 1 prog 2 step 8	Tondo Non Presente Su Carrello 2
04/05/2011 16:12:35	ALARM 401		
04/05/2011 16:14:03	TASTEGGIO	0	1	13000	69495	163076	172	-27	0.11	0.22	44500	
04/05/2011 16:14:31	TASTEGGIO	1	0	13000	69495	118601	220	-101	0.80	0.80	0	
04/05/2011 16:14:47	TASTEGGIO	0	1	13000	69495	118604	0	-2	0.77	0.77	0	
04/05/2011 16:15:10	TASTEGGIO	0	1	13000	69495	118604	222	-73	0.15	0.15	0	
04/05/2011 16:15:33	TASTEGGIO	0	0	13000	69495	118608	211	-92	0.79	0.79	0	
04/05/2011 16:15:49	TASTEGGIO	0	1	13000	69495	118610	0	-3	0.75	0.75	0	
04/05/2011 16:16:10	TASTEGGIO	0	1	13000	69495	118606	213	-65	0.11	0.11	0	
04/05/2011 16:16:21	TASTEGGIO	0	1	13000	69495	162888	213	-65	0.16	0.16	0	
04/05/2011 16:16:47	TASTEGGIO	1	0	13000	69495	162902	212	-136	1.21	1.21	0	
04/05/2011 16:17:03	TASTEGGIO	0	1	13000	69495	162906	0	-4	1.16	1.16	0	
04/05/2011 16:17:27	TASTEGGIO	0	1	13000	69495	162910	333	-192	0.75	0.75	0	
04/05/2011 16:17:53	TASTEGGIO	0	1	13000	69495	162919	284	-148	0.78	0.78	0	
04/05/2011 16:18:16	TASTEGGIO	0	1	13000	69495	162924	202	-85	0.16	0.16	0	
04/05/2011 16:18:40	TASTEGGIO	0	1	13000	69495	162938	198	-114	1.01	1.01	0	
04/05/2011 16:18:57	TASTEGGIO	0	1	13000	69495	162938	0	-9	0.88	0.88	0	
04/05/2011 16:19:20	TASTEGGIO	0	2	13000	69495	162938	153	-48	0.42	0.42	0	
04/05/2011 16:20:00	TASTEGGIO	0	0	13000	69495	162938	245	-134	0.89	0.89	0	
04/05/2011 16:20:18	TASTEGGIO	0	1	13000	69495	162938	56	-24	0.65	0.65	0	
04/05/2011 16:20:41	TASTEGGIO	0	2	13000	69495	162938	123	-26	0.37	0.37	0	
04/05/2011 16:21:03	TASTEGGIO	0	3	13000	69495	162938	159	-32	0.09	0.09	0	
04/05/2011 16:21:12	TASTEGGIO	0	3	13000	69495	162939	159	-32	0.10	0.16	97500	
04/05/2011 16:21:42	TASTEGGIO	1	0	13000	69495	65475	212	-84	0.71	0.71	0	
04/05/2011 16:21:59	TASTEGGIO	0	1	13000	69495	65494	0	-7	0.62	0.62	0	
04/05/2011 16:22:21	TASTEGGIO	0	2	13000	69495	65505	108	-20	0.43	0.43	0	
04/05/2011 16:22:42	TASTEGGIO	0	3	13000	69495	65525	159	-40	0.09	0.09	0	
04/05/2011 16:22:55	TASTEGGIO	0	3	13000	69495	162923	159	-40	0.12	0.16	44500	
04/05/2011 16:23:25	TASTEGGIO	1	0	13000	69495	118464	212	-103	0.89	0.89	0	
04/05/2011 16:23:43	TASTEGGIO	0	1	13000	69495	118482	0	-15	0.71	0.71	0	
04/05/2011 16:24:02	TASTEGGIO	0	2	13000	69495	118474	80	-18	0.55	0.55	0	
04/05/2011 16:24:26	TASTEGGIO	0	3	13000	69495	118469	153	-36	0.18	0.18	0	
04/05/2011 16:24:52	TASTEGGIO	0	0	13000	69495	118476	215	-91	0.69	0.69	0	
04/05/2011 16:25:10	TASTEGGIO	0	1	13000	69495	118513	0	-19	0.50	0.50	0	
04/05/2011 16:25:29	TASTEGGIO	0	2	13000	69495	118513	51	-15	0.38	0.38	0	
04/05/2011 16:25:50	TASTEGGIO	0	3	13000	69495	118514	101	-23	0.16	0.16	0	
04/05/2011 16:26:30	TASTEGGIO	0	0	13000	69495	118514	212	-93	0.76	0.76	0	
04/05/2011 16:26:47	TASTEGGIO	0	1	13000	69495	118514	0	-18	0.57	0.57	0	
04/05/2011 16:27:06	TASTEGGIO	0	2	13000	69495	118514	60	-16	0.42	0.42	0	
04/05/2011 16:27:27	TASTEGGIO	0	3	13000	69495	118513	113	-27	0.16	0.16	0	
04/05/2011 16:28:01	TASTEGGIO	0	0	13000	69495	118514	212	-102	0.85	0.85	0	
04/05/2011 16:29:11	ALARM 17	proc 12 prog 10 step 47	LavoroTerminato
05/05/2011 07:27:53	ALARM 401		
05/05/2011 07:27:55	INIT OK
05/05/2011 07:33:51	ALARM 19	proc 12 prog 36 step 77	Tondo Non Presente Su Carrello 2
05/05/2011 07:34:51	ALARM 201		err.6058
05/05/2011 07:35:51	ALARM 202		err.6058
05/05/2011 07:36:30	ALARM 401		
05/05/2011 07:37:41	ALARM 2	proc 3 prog 67 step 25	Sensore allin.C2 non commutato
05/05/2011 07:38:44	ALARM 2	proc 3 prog 67 step 25	Sensore allin.C2 non commutato
05/05/2011 07:41:00	ALARM 401		
05/05/2011 07:41:01	ALARM 401		
05/05/2011 07:41:01	ALARM 401		
05/05/2011 07:42:07	ALARM 2	proc 3 prog 67 step 25	Sensore allin.C2 non commutato
05/05/2011 07:46:09	ALARM 2	proc 3 prog 67 step 25	Sensore allin.C2 non commutato
05/05/2011 07:51:40	TASTEGGIO	0	0	13000	69494	162320	0	0	0.21	0.42	44500	
05/05/2011 07:52:07	TASTEGGIO	1	0	13000	69494	117845	245	-97	0.60	0.60	0	
05/05/2011 07:52:27	TASTEGGIO	0	1	13000	69494	117848	159	-45	0.15	0.15	0	
05/05/2011 07:52:50	TASTEGGIO	0	0	13000	69494	117849	211	-80	0.65	0.65	0	
05/05/2011 07:52:57	ALARM 401		
05/05/2011 07:53:00	ALARM 201		err.6059
05/05/2011 07:53:15	ALARM 401		
05/05/2011 07:56:29	TASTEGGIO	0	1	13000	69494	162122	60	-2	0.12	0.50	44500	
05/05/2011 07:56:58	TASTEGGIO	1	0	13000	69494	117654	275	-105	0.73	0.73	0	
05/05/2011 07:57:19	TASTEGGIO	0	1	13000	69494	117658	168	-40	0.31	0.31	0	
05/05/2011 07:57:42	TASTEGGIO	0	0	13000	69494	117659	243	-89	0.57	0.57	0	
05/05/2011 07:57:47	ALARM 401		
05/05/2011 07:58:18	TASTEGGIO	0	0	13000	69494	162057	243	-89	0.40	0.57	97500	
05/05/2011 07:58:48	TASTEGGIO	1	0	13000	69494	64584	271	-64	0.32	0.32	0	
05/05/2011 07:59:10	TASTEGGIO	0	1	13000	69494	64597	253	-58	0.28	0.28	0	
05/05/2011 07:59:33	TASTEGGIO	0	1	13000	69494	64612	228	-61	0.36	0.36	0	
05/05/2011 07:59:54	TASTEGGIO	0	1	13000	69494	64610	181	-14	0.20	0.20	0	
05/05/2011 08:00:15	TASTEGGIO	0	2	13000	69494	64610	196	-8	0.13	0.13	0	
05/05/2011 08:00:28	TASTEGGIO	0	2	13000	69494	162076	196	-8	0.18	0.20	-44500	
05/05/2011 08:00:55	TASTEGGIO	1	0	13000	69494	206564	219	-103	0.86	0.86	0	
05/05/2011 08:01:12	TASTEGGIO	0	1	13000	69494	206599	0	-3	0.82	0.82	0	
05/05/2011 08:01:35	TASTEGGIO	0	1	13000	69494	206606	234	-84	0.14	0.14	0	
05/05/2011 08:01:47	TASTEGGIO	0	1	13000	69494	162323	234	-84	0.07	0.31	44500	
05/05/2011 08:02:15	TASTEGGIO	1	0	13000	69494	117849	235	-56	0.34	0.34	0	
05/05/2011 08:02:38	TASTEGGIO	0	1	13000	69494	117857	197	-33	0.09	0.09	0	
05/05/2011 08:02:50	TASTEGGIO	0	1	13000	69494	162082	197	-33	0.16	0.16	0	
05/05/2011 08:03:16	TASTEGGIO	1	0	13000	69494	162093	214	-136	1.20	1.20	0	
05/05/2011 08:03:20	ALARM 401		
05/05/2011 08:03:23	ALARM 205		err.6058
05/05/2011 08:04:07	TASTEGGIO	1	0	13000	69495	162108	60	-30	1.38	1.38	0	
05/05/2011 08:04:34	TASTEGGIO	1	0	13000	69495	162130	365	-189	0.57	0.57	0	
05/05/2011 08:05:13	TASTEGGIO	0	1	13000	69495	162139	341	-186	1.30	1.30	0	
05/05/2011 08:05:30	TASTEGGIO	0	1	13000	69495	162148	44	-12	1.17	1.17	0	
05/05/2011 08:05:52	TASTEGGIO	0	2	13000	69495	162154	254	-93	0.30	0.30	0	
05/05/2011 08:06:15	TASTEGGIO	0	0	13000	69495	162171	229	-52	0.21	0.21	0	
05/05/2011 08:06:39	TASTEGGIO	0	1	13000	69495	162171	214	-85	0.64	0.64	0	
05/05/2011 08:06:57	TASTEGGIO	0	1	13000	69495	162171	18	-14	0.49	0.49	0	
05/05/2011 08:07:17	TASTEGGIO	0	2	13000	69495	162172	71	-7	0.42	0.42	0	
05/05/2011 08:07:39	TASTEGGIO	0	3	13000	69495	162172	178	-34	0.10	0.10	0	
05/05/2011 08:07:48	TASTEGGIO	0	3	13000	69495	162169	178	-34	0.11	0.25	44500	
05/05/2011 08:08:16	TASTEGGIO	1	0	13000	69495	117697	223	-53	0.40	0.40	0	
05/05/2011 08:08:38	TASTEGGIO	0	1	13000	69495	117703	159	-26	0.11	0.11	0	
05/05/2011 08:08:50	TASTEGGIO	0	1	13000	69495	162075	159	-26	0.14	0.14	0	
05/05/2011 08:09:17	TASTEGGIO	1	0	13000	69495	162082	209	-64	0.49	0.49	0	
05/05/2011 08:09:35	TASTEGGIO	0	1	13000	69495	162092	37	-15	0.31	0.31	0	
05/05/2011 08:09:53	TASTEGGIO	0	2	13000	69495	162097	64	-6	0.27	0.27	0	
05/05/2011 08:10:16	TASTEGGIO	0	3	13000	69495	162099	134	-18	0.09	0.09	0	
05/05/2011 08:10:25	TASTEGGIO	0	3	13000	69495	162104	134	-18	0.10	0.17	44500	
05/05/2011 08:10:54	TASTEGGIO	1	0	13000	69495	117634	213	-24	0.08	0.08	0	
05/05/2011 08:11:05	TASTEGGIO	1	0	13000	69495	162079	213	-24	0.13	0.14	24500	
05/05/2011 08:11:32	TASTEGGIO	1	0	13000	69495	137606	209	-116	1.02	1.02	0	
05/05/2011 08:11:49	TASTEGGIO	0	1	13000	69495	137614	0	-4	0.97	0.97	0	
05/05/2011 08:12:14	TASTEGGIO	0	1	13000	69495	137616	276	-90	0.10	0.10	0	
05/05/2011 08:12:25	TASTEGGIO	0	1	13000	69495	162084	276	-90	0.09	0.17	44500	
05/05/2011 08:12:53	TASTEGGIO	1	0	13000	69495	117611	213	-13	0.09	0.09	0	
05/05/2011 08:13:04	TASTEGGIO	1	0	13000	69495	162080	213	-13	0.01	0.07	44500	
05/05/2011 08:14:02	ALARM 17	proc 12 prog 10 step 47	LavoroTerminato
05/05/2011 08:15:43	TASTEGGIO	1	0	13000	69494	162182	213	-13	0.19	0.23	44500	
05/05/2011 08:16:10	TASTEGGIO	1	0	13000	69494	117703	219	-73	0.52	0.52	0	
05/05/2011 08:16:28	TASTEGGIO	0	1	13000	69494	117706	101	-9	0.43	0.43	0	
05/05/2011 08:16:47	TASTEGGIO	0	2	13000	69494	117708	172	-21	0.24	0.24	0	
05/05/2011 08:17:08	TASTEGGIO	0	3	13000	69494	117709	195	-27	0.04	0.04	0	
05/05/2011 08:17:19	TASTEGGIO	0	3	13000	69494	161930	195	-27	0.06	0.10	-44500	
05/05/2011 08:18:17	ALARM 17	proc 12 prog 10 step 47	LavoroTerminato
05/05/2011 08:20:16	TASTEGGIO	0	3	13000	69494	162134	195	-27	0.30	0.31	-24500	
05/05/2011 08:20:42	TASTEGGIO	1	0	13000	69494	186550	225	-88	0.57	0.57	0	
05/05/2011 08:21:00	TASTEGGIO	0	1	13000	69494	186577	120	-20	0.37	0.37	0	
05/05/2011 08:21:20	TASTEGGIO	0	2	13000	69494	186597	153	-25	0.14	0.14	0	
05/05/2011 08:21:31	TASTEGGIO	0	2	13000	69494	162075	153	-25	0.12	0.14	-24500	
05/05/2011 08:21:58	TASTEGGIO	1	0	13000	69494	186543	207	-61	0.51	0.51	0	
05/05/2011 08:22:15	TASTEGGIO	0	1	13000	69494	186546	21	-4	0.47	0.47	0	
05/05/2011 08:22:35	TASTEGGIO	0	1	13000	69494	186554	150	-19	0.28	0.28	0	
05/05/2011 08:22:55	TASTEGGIO	0	2	13000	69494	186578	173	-18	0.11	0.11	0	
05/05/2011 08:23:20	TASTEGGIO	0	0	13000	69494	186594	203	-28	0.20	0.20	0	
05/05/2011 08:23:41	TASTEGGIO	0	1	13000	69494	186608	166	-42	0.23	0.23	0	
05/05/2011 08:24:02	TASTEGGIO	0	1	13000	69494	186608	139	-26	0.06	0.06	0	
05/05/2011 08:24:13	TASTEGGIO	0	1	13000	69494	162136	139	-26	0.06	0.12	44500	
05/05/2011 08:24:40	TASTEGGIO	1	0	13000	69494	117644	204	-65	0.55	0.55	0	
05/05/2011 08:24:56	TASTEGGIO	0	1	13000	69494	117656	0	-1	0.54	0.54	0	
05/05/2011 08:25:17	TASTEGGIO	0	1	13000	69494	117665	159	-21	0.34	0.34	0	
05/05/2011 08:25:37	TASTEGGIO	0	2	13000	69494	117667	189	-25	0.10	0.10	0	
05/05/2011 08:25:49	TASTEGGIO	0	2	13000	69494	161830	189	-25	0.16	0.16	0	
05/05/2011 08:26:15	TASTEGGIO	1	0	13000	69494	161832	209	-78	0.61	0.61	0	
05/05/2011 08:26:17	ALARM 401		
05/05/2011 08:26:20	ALARM 205		err.6058
05/05/2011 08:26:47	TASTEGGIO	1	0	13000	69494	161840	209	-78	0.60	0.60	0	
05/05/2011 08:27:12	TASTEGGIO	1	0	13000	69494	161847	247	-88	0.30	0.30	0	
05/05/2011 08:27:35	TASTEGGIO	0	1	13000	69494	161851	232	-78	0.51	0.51	0	
05/05/2011 08:27:55	TASTEGGIO	0	1	13000	69494	161860	145	-24	0.26	0.26	0	
05/05/2011 08:28:16	TASTEGGIO	0	2	13000	69494	161863	163	-21	0.09	0.09	0	
05/05/2011 08:28:25	TASTEGGIO	0	2	13000	69494	161874	163	-21	0.10	0.10	24500	
05/05/2011 08:30:01	ALARM 19	proc 12 prog 36 step 77	Tondo Non Presente Su Carrello 2
05/05/2011 08:32:15	ALARM 201		err.6058
05/05/2011 08:34:45	TASTEGGIO	0	2	13000	69494	163118	163	-21	0.24	0.24	0	
05/05/2011 08:35:12	TASTEGGIO	1	0	13000	69494	163145	212	-114	0.88	0.88	0	
05/05/2011 08:35:28	TASTEGGIO	0	1	13000	69494	163151	0	-3	0.83	0.83	0	
05/05/2011 08:35:52	TASTEGGIO	0	1	13000	69494	163160	234	-99	0.21	0.21	0	
05/05/2011 08:36:16	TASTEGGIO	0	1	13000	69494	163166	228	-120	1.00	1.00	0	
05/05/2011 08:36:32	TASTEGGIO	0	1	13000	69494	163169	0	-3	0.96	0.96	0	
05/05/2011 08:36:55	TASTEGGIO	0	1	13000	69494	163188	276	-124	0.33	0.33	0	
05/05/2011 08:37:20	TASTEGGIO	0	1	13000	69494	163188	264	-136	1.05	1.05	0	
05/05/2011 08:37:36	TASTEGGIO	0	1	13000	69494	163188	0	-5	0.98	0.98	0	
05/05/2011 08:38:01	TASTEGGIO	0	1	13000	69494	163188	273	-97	0.15	0.15	0	
05/05/2011 08:38:23	TASTEGGIO	0	0	13000	69494	163188	204	-54	0.40	0.40	0	
05/05/2011 08:38:25	ALARM 401		
05/05/2011 08:38:27	ALARM 401		
05/05/2011 08:38:27	ALARM 401		
05/05/2011 08:38:30	ALARM 401		
05/05/2011 08:38:30	ALARM 401		
05/05/2011 08:38:57	TASTEGGIO	0	0	13000	69494	163090	204	-54	0.37	0.37	0	
05/05/2011 08:39:22	TASTEGGIO	1	0	13000	69494	163107	218	-81	0.44	0.44	0	
05/05/2011 08:39:45	TASTEGGIO	0	1	13000	69494	163114	165	-42	0.04	0.04	0	
05/05/2011 08:39:54	TASTEGGIO	0	1	13000	69494	163091	165	-42	0.05	0.07	-44500	
05/05/2011 08:41:46	TASTEGGIO	0	1	13000	69494	161994	165	-42	0.25	0.31	-97500	
05/05/2011 08:42:13	TASTEGGIO	1	0	13000	69494	259443	214	-32	0.11	0.11	0	
05/05/2011 08:42:26	TASTEGGIO	1	0	13000	69494	161972	214	-32	0.14	0.14	24500	
05/05/2011 08:42:53	TASTEGGIO	1	0	13000	69494	137496	201	-71	0.57	0.57	0	
05/05/2011 08:43:09	TASTEGGIO	0	1	13000	69494	137499	0	-2	0.56	0.56	0	
05/05/2011 08:43:30	TASTEGGIO	0	1	13000	69494	137500	165	-29	0.28	0.28	0	
05/05/2011 08:43:52	TASTEGGIO	0	0	13000	69494	137500	211	-50	0.21	0.21	0	
05/05/2011 08:44:14	TASTEGGIO	0	1	13000	69494	137501	195	-39	0.21	0.21	0	
05/05/2011 08:44:36	TASTEGGIO	0	1	13000	69494	137504	174	-38	0.15	0.15	0	
05/05/2011 08:44:57	TASTEGGIO	0	1	13000	69494	137504	163	-35	0.18	0.18	0	
05/05/2011 08:45:18	TASTEGGIO	0	1	13000	69494	137505	141	-16	0.04	0.04	0	
05/05/2011 08:45:29	TASTEGGIO	0	1	13000	69494	161754	141	-16	0.07	0.07	-24500	
05/05/2011 08:47:04	ALARM 19	proc 12 prog 36 step 77	Tondo Non Presente Su Carrello 2
05/05/2011 08:49:41	ALARM 201		err.6058
05/05/2011 08:51:52	TASTEGGIO	0	1	13000	69494	163071	141	-16	0.55	0.69	44500	
05/05/2011 08:52:18	TASTEGGIO	1	0	13000	69494	118589	241	-50	0.30	0.30	0	
05/05/2011 08:52:41	TASTEGGIO	0	0	13000	69495	118592	213	-33	0.03	0.03	0	
05/05/2011 08:52:53	TASTEGGIO	0	0	13000	69494	162889	213	-33	0.03	0.11	-44500	
05/05/2011 08:53:21	TASTEGGIO	1	0	13000	69494	207371	199	-96	1.03	1.03	0	
05/05/2011 08:53:37	TASTEGGIO	0	1	13000	69494	207380	0	0	1.00	1.00	0	
05/05/2011 08:54:00	TASTEGGIO	0	1	13000	69495	207384	291	-117	0.22	0.22	0	
05/05/2011 08:54:26	TASTEGGIO	0	1	13000	69495	207386	286	-147	1.27	1.27	0	
05/05/2011 08:54:41	TASTEGGIO	0	1	13000	69495	207400	0	0	1.23	1.23	0	
05/05/2011 08:55:09	TASTEGGIO	0	1	13000	69495	207416	357	-155	0.43	0.43	0	
05/05/2011 08:55:49	TASTEGGIO	0	1	13000	69495	207416	341	-156	1.15	1.15	0	
05/05/2011 08:56:06	TASTEGGIO	0	1	13000	69495	207416	33	-6	1.05	1.05	0	
05/05/2011 08:56:32	TASTEGGIO	0	1	13000	69495	207416	319	-120	0.23	0.23	0	
05/05/2011 08:57:12	TASTEGGIO	0	1	13000	69494	207416	313	-105	0.84	0.84	0	
05/05/2011 08:57:29	TASTEGGIO	0	1	13000	69494	207416	6	-8	0.73	0.73	0	
05/05/2011 08:57:51	TASTEGGIO	0	2	13000	69494	207416	132	-25	0.49	0.49	0	
05/05/2011 08:58:13	TASTEGGIO	0	3	13000	69494	207416	188	-32	0.19	0.19	0	
05/05/2011 08:58:37	TASTEGGIO	0	0	13000	69495	207416	205	-28	0.08	0.08	0	
05/05/2011 08:58:49	TASTEGGIO	0	0	13000	69495	163110	205	-28	0.05	0.08	-44500	
05/05/2011 09:00:21	ALARM 19	proc 12 prog 36 step 77	Tondo Non Presente Su Carrello 2
05/05/2011 09:05:58	ALARM 201		err.6058
05/05/2011 09:05:59	ALARM 203		err.6058
05/05/2011 09:06:01	ALARM 19	proc 1 prog 2 step 8	Tondo Non Presente Su Carrello 2
05/05/2011 09:07:01	ALARM 19	proc 1 prog 2 step 8	Tondo Non Presente Su Carrello 2
05/05/2011 09:10:48	TASTEGGIO	0	0	13000	69495	162950	205	-28	0.37	0.37	-24500	
05/05/2011 09:11:14	TASTEGGIO	1	0	13000	69495	187422	218	-101	0.67	0.67	0	
05/05/2011 09:11:32	TASTEGGIO	0	1	13000	69495	187423	96	-17	0.49	0.49	0	
05/05/2011 09:11:55	TASTEGGIO	0	2	13000	69495	187423	146	-32	0.21	0.21	0	
05/05/2011 09:12:18	TASTEGGIO	0	0	13000	69495	187428	206	-85	0.63	0.63	0	
05/05/2011 09:12:36	TASTEGGIO	0	1	13000	69495	187437	17	-6	0.55	0.55	0	
05/05/2011 09:12:55	TASTEGGIO	0	2	13000	69495	187443	113	-13	0.43	0.43	0	
05/05/2011 09:13:16	TASTEGGIO	0	3	13000	69495	187443	171	-25	0.19	0.19	0	
05/05/2011 09:13:42	TASTEGGIO	0	0	13000	69495	187443	205	-36	0.17	0.17	0	
05/05/2011 09:14:06	TASTEGGIO	0	1	13000	69495	187443	189	-65	0.51	0.51	0	
05/05/2011 09:14:24	TASTEGGIO	0	1	13000	69495	187443	36	-11	0.38	0.38	0	
05/05/2011 09:14:43	TASTEGGIO	0	2	13000	69495	187443	76	-6	0.32	0.32	0	
05/05/2011 09:15:05	TASTEGGIO	0	3	13000	69495	187443	156	-22	0.12	0.12	0	
05/05/2011 09:15:16	TASTEGGIO	0	3	13000	69495	163010	156	-22	0.14	0.17	97500	
05/05/2011 09:15:45	TASTEGGIO	1	0	13000	69495	65543	204	-61	0.48	0.48	0	
05/05/2011 09:16:03	TASTEGGIO	0	1	13000	69495	65550	68	-11	0.35	0.35	0	
05/05/2011 09:16:23	TASTEGGIO	0	2	13000	69495	65557	104	-12	0.23	0.23	0	
05/05/2011 09:16:44	TASTEGGIO	0	3	13000	69495	65564	130	-16	0.08	0.08	0	
05/05/2011 09:16:57	TASTEGGIO	0	3	13000	69495	162795	130	-16	0.06	0.10	-97500	
05/05/2011 09:17:55	ALARM 17	proc 12 prog 10 step 47	LavoroTerminato
05/05/2011 16:45:04	ALARM 406		
06/05/2011 14:46:08	ALARM 401		
06/05/2011 14:46:10	INIT OK
06/05/2011 14:46:14	ALARM 401		
06/05/2011 14:46:15	ALARM 401		
06/05/2011 14:46:15	ALARM 401		
06/05/2011 14:51:06	ALARM 401		
06/05/2011 15:18:16	ALARM 24	proc 2 prog 26 step 11	Banco carico non in pos. per Auto
06/05/2011 15:20:56	TASTEGGIO	0	0	5000	42055	101667	60	-9	0.19	0.19	0	
06/05/2011 15:21:14	TASTEGGIO	1	0	5000	42055	101663	58	-3	0.15	0.15	0	
06/05/2011 15:21:29	TASTEGGIO	0	1	5000	42055	101663	69	-6	0.09	0.09	0	
06/05/2011 15:21:37	TASTEGGIO	0	1	5000	42055	101667	69	-6	0.09	0.09	0	
06/05/2011 15:21:54	TASTEGGIO	1	0	5000	42055	101663	51	-1	0.09	0.09	0	
06/05/2011 15:22:09	TASTEGGIO	0	1	5000	42055	101663	69	-2	0.06	0.06	0	
06/05/2011 15:22:26	TASTEGGIO	0	2	5000	42055	101663	74	-6	0.04	0.04	0	
06/05/2011 15:22:42	TASTEGGIO	0	3	5000	42055	101663	78	-20	0.16	0.16	0	
06/05/2011 15:22:53	TASTEGGIO	0	1	5000	42055	101663	14	-1	0.15	0.15	0	
06/05/2011 15:23:07	TASTEGGIO	0	1	5000	42055	101663	56	-2	0.12	0.12	0	
06/05/2011 15:23:23	TASTEGGIO	0	2	5000	42055	101663	69	-3	0.09	0.09	0	
06/05/2011 15:23:39	TASTEGGIO	0	3	5000	42055	101663	80	-9	0.00	0.00	0	
06/05/2011 15:23:46	TASTEGGIO	0	3	5000	42055	101667	80	-9	0.00	0.01	44500	
06/05/2011 15:25:03	ALARM 3	proc 12 prog 31 step 36	Tondo non presente su rulliera
06/05/2011 15:41:40	TASTEGGIO	0	3	5000	42055	101875	80	-9	0.04	0.04	-24500	
06/05/2011 15:43:45	TASTEGGIO	0	3	5000	42055	101873	80	-9	0.07	0.07	0	
06/05/2011 15:44:03	TASTEGGIO	1	0	5000	42055	101877	50	-4	0.03	0.03	0	
06/05/2011 15:44:11	TASTEGGIO	1	0	5000	42055	101873	50	-4	0.03	0.04	-44500	
06/05/2011 15:46:14	TASTEGGIO	1	0	5000	42054	101765	50	-4	0.05	0.05	0	
06/05/2011 15:46:30	TASTEGGIO	1	0	5000	42054	101770	48	-5	0.00	0.00	0	
06/05/2011 15:46:38	TASTEGGIO	1	0	5000	42054	101765	48	-5	0.01	0.01	-44500	
06/05/2011 15:48:44	TASTEGGIO	1	0	5000	42054	101875	48	-5	0.04	0.04	-24500	
06/05/2011 15:50:50	TASTEGGIO	1	0	5000	42054	101873	48	-5	0.08	0.08	24500	
06/05/2011 15:51:08	TASTEGGIO	1	0	5000	42054	77432	50	-1	0.06	0.06	0	
06/05/2011 15:51:22	TASTEGGIO	0	1	5000	42054	77430	54	0	0.06	0.06	0	
06/05/2011 15:51:36	TASTEGGIO	0	1	5000	42054	77429	72	-2	0.03	0.03	0	
06/05/2011 15:51:46	TASTEGGIO	0	1	5000	42054	101741	72	-2	0.04	0.05	-24500	
06/05/2011 15:52:04	TASTEGGIO	1	0	5000	42054	126169	48	-5	0.01	0.01	0	
06/05/2011 15:52:14	TASTEGGIO	1	0	5000	42054	101891	48	-5	0.01	0.02	44500	
06/05/2011 15:54:19	TASTEGGIO	1	0	5000	42054	101874	48	-5	0.08	0.09	24500	
06/05/2011 15:54:36	TASTEGGIO	1	0	5000	42054	77440	51	-1	0.07	0.07	0	
06/05/2011 15:54:50	TASTEGGIO	0	1	5000	42054	77434	56	0	0.07	0.07	0	
06/05/2011 15:55:05	TASTEGGIO	0	1	5000	42054	77430	77	-4	0.04	0.04	0	
06/05/2011 15:55:15	TASTEGGIO	0	1	5000	42054	101733	77	-4	0.04	0.05	-24500	
06/05/2011 15:55:33	TASTEGGIO	1	0	5000	42054	126168	48	-6	0.01	0.01	0	
06/05/2011 15:55:43	TASTEGGIO	1	0	5000	42054	101883	48	-6	0.01	0.03	44500	
06/05/2011 15:57:47	TASTEGGIO	1	0	5000	42053	101878	48	-6	0.06	0.07	-24500	
06/05/2011 15:58:06	TASTEGGIO	1	0	5000	42053	126316	50	-6	0.02	0.02	0	
06/05/2011 15:58:15	TASTEGGIO	1	0	5000	42053	101886	50	-6	0.03	0.04	44500	
06/05/2011 16:00:16	TASTEGGIO	1	0	5000	42053	101875	50	-6	0.05	0.06	44500	
06/05/2011 16:00:33	TASTEGGIO	1	0	5000	42053	57423	49	-3	0.02	0.02	0	
06/05/2011 16:00:43	TASTEGGIO	1	0	5000	42053	101735	49	-3	0.03	0.03	24500	
06/05/2011 16:02:56	TASTEGGIO	1	0	5000	42053	101880	49	-3	0.11	0.11	-24500	
06/05/2011 16:03:15	TASTEGGIO	1	0	5000	42053	126315	52	-4	0.08	0.08	0	
06/05/2011 16:03:31	TASTEGGIO	0	1	5000	42053	126319	57	-3	0.05	0.05	0	
06/05/2011 16:03:46	TASTEGGIO	0	2	5000	42053	126321	61	-5	0.01	0.01	0	
06/05/2011 16:03:55	TASTEGGIO	0	2	5000	42053	101897	61	-5	0.03	0.04	44500	
06/05/2011 16:06:00	TASTEGGIO	0	2	5000	42053	101880	61	-5	0.07	0.07	24500	
06/05/2011 16:06:18	TASTEGGIO	1	0	5000	42053	77436	50	-2	0.06	0.06	0	
06/05/2011 16:06:31	TASTEGGIO	0	1	5000	42053	77434	55	-1	0.06	0.06	0	
06/05/2011 16:06:46	TASTEGGIO	0	1	5000	42053	77433	73	-4	0.03	0.03	0	
06/05/2011 16:06:55	TASTEGGIO	0	1	5000	42053	101747	73	-4	0.03	0.04	24500	
06/05/2011 16:09:04	TASTEGGIO	0	1	5000	42053	101882	73	-4	0.06	0.06	0	
06/05/2011 16:09:21	TASTEGGIO	1	0	5000	42053	101885	49	-5	0.02	0.02	0	
06/05/2011 16:09:29	TASTEGGIO	1	0	5000	42053	101881	49	-5	0.03	0.04	24500	
06/05/2011 16:11:40	TASTEGGIO	1	0	5000	42052	101880	49	-5	0.12	0.12	0	
06/05/2011 16:11:57	TASTEGGIO	1	0	5000	42052	101884	53	-5	0.09	0.09	0	
06/05/2011 16:12:12	TASTEGGIO	0	1	5000	42052	101884	59	-3	0.07	0.07	0	
06/05/2011 16:12:29	TASTEGGIO	0	2	5000	42052	101884	66	-6	0.03	0.03	0	
06/05/2011 16:12:36	TASTEGGIO	0	2	5000	42052	101880	66	-6	0.03	0.05	24500	
06/05/2011 16:12:53	TASTEGGIO	1	0	5000	42052	77435	48	0	0.03	0.03	0	
06/05/2011 16:13:02	TASTEGGIO	1	0	5000	42052	101738	48	0	0.03	0.05	-24500	
06/05/2011 16:13:21	TASTEGGIO	1	0	5000	42052	126172	48	-6	0.01	0.01	0	
06/05/2011 16:13:30	TASTEGGIO	1	0	5000	42052	101891	48	-6	0.01	0.01	0	
06/05/2011 16:15:49	TASTEGGIO	1	0	5000	42052	101766	48	-6	0.04	0.04	24500	
06/05/2011 16:17:56	TASTEGGIO	1	0	5000	42052	101880	48	-6	0.01	0.01	24500	
06/05/2011 16:19:58	TASTEGGIO	1	0	5000	42052	101885	48	-6	0.04	0.05	24500	
06/05/2011 16:20:16	TASTEGGIO	1	0	5000	42052	77440	48	-3	0.03	0.03	0	
06/05/2011 16:20:25	TASTEGGIO	1	0	5000	42052	101743	48	-3	0.03	0.04	-44500	
06/05/2011 16:22:20	TASTEGGIO	1	0	5000	42052	101883	48	-3	0.06	0.07	24500	
06/05/2011 16:22:37	TASTEGGIO	1	0	5000	42052	77437	50	-2	0.05	0.05	0	
06/05/2011 16:22:50	TASTEGGIO	0	1	5000	42052	77435	53	-1	0.04	0.04	0	
06/05/2011 16:22:59	TASTEGGIO	0	1	5000	42052	101740	53	-1	0.04	0.06	44500	
06/05/2011 16:23:17	TASTEGGIO	1	0	5000	42052	57292	49	-3	0.01	0.01	0	
06/05/2011 16:23:27	TASTEGGIO	1	0	5000	42052	101728	49	-3	0.02	0.03	-44500	
06/05/2011 16:25:35	TASTEGGIO	1	0	5000	42052	101885	49	-3	0.09	0.09	24500	
06/05/2011 16:25:52	TASTEGGIO	1	0	5000	42052	77439	51	-2	0.07	0.07	0	
06/05/2011 16:26:06	TASTEGGIO	0	1	5000	42052	77438	56	0	0.07	0.07	0	
06/05/2011 16:26:21	TASTEGGIO	0	1	5000	42052	77438	77	-3	0.04	0.04	0	
06/05/2011 16:26:30	TASTEGGIO	0	1	5000	42052	101746	77	-3	0.04	0.05	24500	
06/05/2011 16:26:47	TASTEGGIO	1	0	5000	42052	77304	48	0	0.04	0.04	0	
06/05/2011 16:26:56	TASTEGGIO	1	0	5000	42052	101734	48	0	0.05	0.05	-24500	
06/05/2011 16:27:15	TASTEGGIO	1	0	5000	42052	126175	48	-4	0.02	0.02	0	
06/05/2011 16:27:24	TASTEGGIO	1	0	5000	42052	101885	48	-4	0.02	0.03	44500	
06/05/2011 16:29:26	TASTEGGIO	1	0	5000	42051	101885	48	-4	0.05	0.05	0	
06/05/2011 16:29:44	TASTEGGIO	1	0	5000	42051	101888	48	-5	0.02	0.02	0	
06/05/2011 16:29:51	TASTEGGIO	1	0	5000	42051	101883	48	-5	0.02	0.03	24500	
06/05/2011 16:32:01	TASTEGGIO	1	0	5000	42051	101879	48	-5	0.17	0.17	24500	
06/05/2011 16:32:17	TASTEGGIO	1	0	5000	42051	77427	57	-2	0.16	0.16	0	
06/05/2011 16:32:32	TASTEGGIO	0	1	5000	42051	77427	87	-5	0.11	0.11	0	
06/05/2011 16:32:42	TASTEGGIO	0	1	5000	42051	101742	87	-5	0.12	0.12	0	
06/05/2011 16:32:59	TASTEGGIO	1	0	5000	42051	101739	53	-3	0.09	0.09	0	
06/05/2011 16:33:15	TASTEGGIO	0	1	5000	42051	101739	59	-2	0.06	0.06	0	
06/05/2011 16:33:30	TASTEGGIO	0	2	5000	42051	101739	64	-5	0.02	0.02	0	
06/05/2011 16:33:37	TASTEGGIO	0	2	5000	42051	101742	64	-5	0.02	0.05	44500	
06/05/2011 16:33:54	TASTEGGIO	1	0	5000	42051	57295	48	-3	0.02	0.02	0	
06/05/2011 16:34:05	TASTEGGIO	1	0	5000	42051	101735	48	-3	0.00	0.03	-44500	
06/05/2011 16:36:16	TASTEGGIO	1	0	5000	42051	101879	48	-3	0.10	0.10	0	
06/05/2011 16:36:34	TASTEGGIO	1	0	5000	42051	101882	52	-5	0.06	0.06	0	
06/05/2011 16:36:49	TASTEGGIO	0	1	5000	42051	101882	55	-3	0.04	0.04	0	
06/05/2011 16:36:56	TASTEGGIO	0	1	5000	42051	101878	55	-3	0.04	0.05	-24500	
06/05/2011 16:37:15	TASTEGGIO	1	0	5000	42051	126318	48	-6	0.01	0.01	0	
06/05/2011 16:37:24	TASTEGGIO	1	0	5000	42051	101898	48	-6	0.01	0.04	44500	
06/05/2011 16:39:34	TASTEGGIO	1	0	5000	42051	101881	48	-6	0.04	0.04	0	
06/05/2011 16:41:56	TASTEGGIO	1	0	5000	42051	101884	48	-6	0.08	0.08	0	
06/05/2011 16:42:13	TASTEGGIO	1	0	5000	42051	101887	50	-5	0.06	0.06	0	
06/05/2011 16:42:29	TASTEGGIO	0	1	5000	42051	101887	54	-3	0.04	0.04	0	
06/05/2011 16:42:36	TASTEGGIO	0	1	5000	42051	101882	54	-3	0.03	0.05	44500	
06/05/2011 16:42:53	TASTEGGIO	1	0	5000	42051	57436	48	-3	0.02	0.02	0	
06/05/2011 16:43:04	TASTEGGIO	1	0	5000	42051	101741	48	-3	0.02	0.03	-44500	
06/05/2011 16:45:10	TASTEGGIO	1	0	5000	42051	101883	48	-3	0.08	0.08	0	
06/05/2011 16:45:28	TASTEGGIO	1	0	5000	42051	101887	50	-4	0.04	0.04	0	
06/05/2011 16:45:36	TASTEGGIO	1	0	5000	42051	101881	50	-4	0.04	0.05	44500	
06/05/2011 16:45:52	TASTEGGIO	1	0	5000	42051	57420	48	-2	0.03	0.03	0	
06/05/2011 16:46:03	TASTEGGIO	1	0	5000	42051	101740	48	-2	0.03	0.04	44500	
06/05/2011 16:47:25	ALARM 17	proc 12 prog 10 step 47	LavoroTerminato
06/05/2011 16:48:08	ALARM 406		
07/05/2011 06:49:43	ALARM 401		
07/05/2011 06:49:45	INIT OK
07/05/2011 06:50:15	ALARM 401		
07/05/2011 07:01:08	TASTEGGIO	0	0	5000	42053	101780	0	0	0.03	0.04	-24500	
07/05/2011 07:03:15	TASTEGGIO	0	0	5000	42052	101775	0	0	0.08	0.09	24500	
07/05/2011 07:03:38	TASTEGGIO	1	0	5000	42052	77344	222	-150	1.36	1.36	0	
07/05/2011 07:03:49	TASTEGGIO	0	1	5000	42052	77334	0	-5	1.31	1.31	0	
07/05/2011 07:04:08	TASTEGGIO	0	1	5000	42052	77335	378	-281	1.51	1.51	0	
07/05/2011 07:04:24	TASTEGGIO	0	1	5000	42052	77330	203	-37	1.13	1.13	0	
07/05/2011 07:04:43	TASTEGGIO	0	2	5000	42052	77328	322	-170	0.62	0.62	0	
07/05/2011 07:05:01	TASTEGGIO	0	1	5000	42052	77327	287	-243	2.94	2.94	0	
07/05/2011 07:05:04	ALARM 817	proc 12 prog 11 step 56	eccentricity = 2.94 mm
07/05/2011 07:24:29	TASTEGGIO	0	1	5000	42052	101643	287	-243	2.45	2.89	24500	
07/05/2011 07:24:35	ALARM 817	proc 12 prog 11 step 54	eccentricity = 2.89 mm
07/05/2011 07:26:57	TASTEGGIO	0	1	5000	42052	101776	287	-243	0.06	0.06	-24500	
07/05/2011 07:27:15	TASTEGGIO	1	0	5000	42052	126216	49	-7	0.01	0.01	0	
07/05/2011 07:27:24	TASTEGGIO	1	0	5000	42052	101794	49	-7	0.02	0.03	24500	
07/05/2011 07:29:44	TASTEGGIO	1	0	5000	42052	101783	49	-7	0.06	0.06	-24500	
07/05/2011 07:30:02	TASTEGGIO	1	0	5000	42052	126221	49	-8	0.02	0.02	0	
07/05/2011 07:30:12	TASTEGGIO	1	0	5000	42052	101799	49	-8	0.03	0.03	44500	
07/05/2011 07:32:09	ALARM 314	proc 2 prog 51 step 61	go_abs inv_ax 7 code -1
07/05/2011 07:34:10	ALARM 401		
07/05/2011 07:34:13	ALARM 401		
07/05/2011 07:35:22	TASTEGGIO	1	0	5000	42070	101779	49	-8	0.05	0.05	0	
07/05/2011 07:35:39	TASTEGGIO	1	0	5000	42070	101783	48	-5	0.02	0.02	0	
07/05/2011 07:35:47	TASTEGGIO	1	0	5000	42070	101778	48	-5	0.02	0.02	0	
07/05/2011 07:37:36	TASTEGGIO	1	0	5000	42053	101784	48	-5	0.04	0.05	-44500	
07/05/2011 07:37:53	TASTEGGIO	1	0	5000	42053	146201	48	-6	0.01	0.01	0	
07/05/2011 07:38:02	TASTEGGIO	1	0	5000	42053	101802	48	-6	0.01	0.02	44500	
07/05/2011 07:38:59	ALARM 17	proc 12 prog 10 step 47	LavoroTerminato
07/05/2011 07:40:21	TASTEGGIO	1	0	5000	42053	101783	48	-6	0.04	0.04	0	
07/05/2011 07:42:23	TASTEGGIO	1	0	5000	42052	101785	48	-6	0.06	0.06	-24500	
07/05/2011 07:42:41	TASTEGGIO	1	0	5000	42052	126226	49	-8	0.02	0.02	0	
07/05/2011 07:42:50	TASTEGGIO	1	0	5000	42052	101799	49	-8	0.02	0.03	44500	
07/05/2011 07:45:02	TASTEGGIO	1	0	5000	42052	101782	49	-8	0.02	0.03	44500	
07/05/2011 07:46:59	TASTEGGIO	1	0	5000	42052	101782	49	-8	0.08	0.09	24500	
07/05/2011 07:47:16	TASTEGGIO	1	0	5000	42052	77346	51	-3	0.07	0.07	0	
07/05/2011 07:47:30	TASTEGGIO	0	1	5000	42052	77344	56	-1	0.06	0.06	0	
07/05/2011 07:47:45	TASTEGGIO	0	2	5000	42052	77343	66	-2	0.05	0.05	0	
07/05/2011 07:48:01	TASTEGGIO	0	3	5000	42052	77341	78	-5	0.01	0.01	0	
07/05/2011 07:48:10	TASTEGGIO	0	3	5000	42052	101635	78	-5	0.02	0.04	-44500	
07/05/2011 07:50:46	TASTEGGIO	0	3	5000	42051	101780	78	-5	0.09	0.09	24500	
07/05/2011 07:51:03	TASTEGGIO	1	0	5000	42051	77342	51	-3	0.07	0.07	0	
07/05/2011 07:51:17	TASTEGGIO	0	1	5000	42051	77340	56	-2	0.06	0.06	0	
07/05/2011 07:51:32	TASTEGGIO	0	2	5000	42051	77338	66	-2	0.05	0.05	0	
07/05/2011 07:51:47	TASTEGGIO	0	3	5000	42051	77337	78	-5	0.01	0.01	0	
07/05/2011 07:51:57	TASTEGGIO	0	3	5000	42051	101633	78	-5	0.03	0.04	-24500	
07/05/2011 07:54:14	TASTEGGIO	0	3	5000	42051	101782	78	-5	0.12	0.12	24500	
07/05/2011 07:54:30	TASTEGGIO	1	0	5000	42051	77339	53	-2	0.10	0.10	0	
07/05/2011 07:54:45	TASTEGGIO	0	1	5000	42051	77338	61	-2	0.09	0.09	0	
07/05/2011 07:55:00	TASTEGGIO	0	2	5000	42051	77337	77	-4	0.06	0.06	0	
07/05/2011 07:55:15	TASTEGGIO	0	3	5000	42051	77336	83	-6	0.01	0.01	0	
07/05/2011 07:55:25	TASTEGGIO	0	3	5000	42051	101640	83	-6	0.03	0.06	-44500	
07/05/2011 07:55:42	TASTEGGIO	1	0	5000	42051	146064	49	-6	0.02	0.02	0	
07/05/2011 07:55:52	TASTEGGIO	1	0	5000	42051	101792	49	-6	0.01	0.02	24500	
07/05/2011 07:58:39	TASTEGGIO	1	0	5000	42051	101785	49	-6	0.10	0.10	-24500	
07/05/2011 07:58:57	TASTEGGIO	1	0	5000	42051	126225	52	-8	0.05	0.05	0	
07/05/2011 07:59:13	TASTEGGIO	0	0	5000	42051	126228	48	-3	0.03	0.03	0	
07/05/2011 07:59:22	TASTEGGIO	0	0	5000	42051	101803	48	-3	0.04	0.04	-44500	
07/05/2011 08:01:36	TASTEGGIO	0	0	5000	42051	101783	48	-3	0.09	0.10	24500	
07/05/2011 08:01:53	TASTEGGIO	1	0	5000	42051	77337	52	-3	0.08	0.08	0	
07/05/2011 08:02:07	TASTEGGIO	0	1	5000	42051	77336	58	-1	0.07	0.07	0	
07/05/2011 08:02:22	TASTEGGIO	0	2	5000	42051	77334	70	-3	0.05	0.05	0	
07/05/2011 08:02:36	TASTEGGIO	0	3	5000	42051	77334	76	-3	0.03	0.03	0	
07/05/2011 08:02:46	TASTEGGIO	0	3	5000	42051	101634	76	-3	0.03	0.04	-44500	
07/05/2011 08:05:01	TASTEGGIO	0	3	5000	42051	101784	76	-3	0.07	0.07	24500	
07/05/2011 08:05:18	TASTEGGIO	1	0	5000	42051	77338	50	-2	0.06	0.06	0	
07/05/2011 08:05:31	TASTEGGIO	0	1	5000	42051	77334	55	-2	0.05	0.05	0	
07/05/2011 08:05:45	TASTEGGIO	0	2	5000	42051	77334	63	-2	0.03	0.03	0	
07/05/2011 08:05:54	TASTEGGIO	0	2	5000	42051	101639	63	-2	0.04	0.04	44500	
07/05/2011 08:08:33	TASTEGGIO	0	2	5000	42051	101784	63	-2	0.14	0.14	0	
07/05/2011 08:08:50	TASTEGGIO	1	0	5000	42051	101787	55	-5	0.10	0.10	0	
07/05/2011 08:09:05	TASTEGGIO	0	1	5000	42051	101788	62	-4	0.07	0.07	0	
07/05/2011 08:09:20	TASTEGGIO	0	2	5000	42051	101788	68	-5	0.03	0.03	0	
07/05/2011 08:09:28	TASTEGGIO	0	2	5000	42051	101784	68	-5	0.02	0.04	-24500	
07/05/2011 08:11:45	TASTEGGIO	0	2	5000	42050	101785	68	-5	0.02	0.03	-44500	
07/05/2011 08:14:30	TASTEGGIO	0	2	5000	42050	101786	68	-5	0.06	0.07	24500	
07/05/2011 08:14:47	TASTEGGIO	1	0	5000	42050	77342	50	-3	0.05	0.05	0	
07/05/2011 08:15:01	TASTEGGIO	0	1	5000	42050	77340	53	-2	0.04	0.04	0	
07/05/2011 08:15:10	TASTEGGIO	0	1	5000	42050	101634	53	-2	0.04	0.05	24500	
07/05/2011 08:15:27	TASTEGGIO	1	0	5000	42050	77194	48	-1	0.03	0.03	0	
07/05/2011 08:15:37	TASTEGGIO	1	0	5000	42050	101627	48	-1	0.04	0.04	24500	
07/05/2011 08:17:58	TASTEGGIO	1	0	5000	42050	101782	48	-1	0.07	0.07	24500	
07/05/2011 08:18:15	TASTEGGIO	1	0	5000	42050	77333	50	-3	0.06	0.06	0	
07/05/2011 08:18:29	TASTEGGIO	0	1	5000	42050	77331	55	-1	0.04	0.04	0	
07/05/2011 08:18:39	TASTEGGIO	0	1	5000	42050	101637	55	-1	0.06	0.07	-24500	
07/05/2011 08:18:58	TASTEGGIO	1	0	5000	42050	126078	50	-6	0.01	0.01	0	
07/05/2011 08:19:07	TASTEGGIO	1	0	5000	42050	101796	50	-6	0.02	0.02	24500	
07/05/2011 08:21:48	TASTEGGIO	1	0	5000	42050	101785	50	-6	0.09	0.09	24500	
07/05/2011 08:22:05	TASTEGGIO	1	0	5000	42050	77346	51	-3	0.07	0.07	0	
07/05/2011 08:22:19	TASTEGGIO	0	1	5000	42050	77343	56	-1	0.06	0.06	0	
07/05/2011 08:22:35	TASTEGGIO	0	2	5000	42050	77341	66	-2	0.05	0.05	0	
07/05/2011 08:22:49	TASTEGGIO	0	3	5000	42050	77340	78	-6	0.01	0.01	0	
07/05/2011 08:22:59	TASTEGGIO	0	3	5000	42050	101642	78	-6	0.03	0.04	-44500	
07/05/2011 08:25:39	TASTEGGIO	0	3	5000	42050	101788	78	-6	0.14	0.49	-24500	
07/05/2011 08:25:58	TASTEGGIO	1	0	5000	42050	126230	80	-18	0.33	0.33	0	
07/05/2011 08:26:15	TASTEGGIO	0	1	5000	42050	126234	102	-15	0.19	0.19	0	
07/05/2011 08:26:32	TASTEGGIO	0	2	5000	42050	126237	117	-16	0.04	0.04	0	
07/05/2011 08:26:42	TASTEGGIO	0	2	5000	42050	101803	117	-16	0.41	0.47	24500	
07/05/2011 08:26:59	TASTEGGIO	1	0	5000	42050	77355	78	-1	0.45	0.45	0	
07/05/2011 08:27:16	TASTEGGIO	0	1	5000	42050	77355	164	-30	0.15	0.15	0	
07/05/2011 08:27:30	TASTEGGIO	0	0	5000	42050	77353	55	-1	0.15	0.15	0	
07/05/2011 08:27:45	TASTEGGIO	0	1	5000	42050	77353	85	-1	0.15	0.15	0	
07/05/2011 08:28:02	TASTEGGIO	0	1	5000	42050	77351	130	-2	0.13	0.13	0	
07/05/2011 08:28:12	TASTEGGIO	0	1	5000	42050	101639	130	-2	0.16	0.25	-24500	
07/05/2011 08:28:31	TASTEGGIO	1	0	5000	42050	126084	63	-4	0.21	0.21	0	
07/05/2011 08:28:48	TASTEGGIO	0	1	5000	42050	126087	80	-5	0.16	0.16	0	
07/05/2011 08:29:05	TASTEGGIO	0	2	5000	42050	126089	97	-9	0.09	0.09	0	
07/05/2011 08:29:15	TASTEGGIO	0	2	5000	42050	101796	97	-9	0.27	0.27	0	
07/05/2011 08:29:33	TASTEGGIO	1	0	5000	42050	101801	64	-9	0.18	0.18	0	
07/05/2011 08:29:48	TASTEGGIO	0	1	5000	42050	101800	75	-11	0.07	0.07	0	
07/05/2011 08:29:56	TASTEGGIO	0	1	5000	42050	101796	75	-11	0.08	0.24	-24500	
07/05/2011 08:30:15	TASTEGGIO	1	0	5000	42050	126241	62	-3	0.23	0.23	0	
07/05/2011 08:30:33	TASTEGGIO	0	1	5000	42050	126244	106	-2	0.22	0.22	0	
07/05/2011 08:30:50	TASTEGGIO	0	1	5000	42050	126245	169	-46	0.22	0.22	0	
07/05/2011 08:31:08	TASTEGGIO	0	1	5000	42050	126246	147	-63	0.40	0.40	0	
07/05/2011 08:31:23	TASTEGGIO	0	1	5000	42050	126247	74	-14	0.26	0.26	0	
07/05/2011 08:31:39	TASTEGGIO	0	2	5000	42050	126248	97	-11	0.15	0.15	0	
07/05/2011 08:31:56	TASTEGGIO	0	3	5000	42050	126248	111	-11	0.04	0.04	0	
07/05/2011 08:32:05	TASTEGGIO	0	3	5000	42050	101803	111	-11	0.25	0.25	0	
07/05/2011 08:32:23	TASTEGGIO	1	0	5000	42050	101807	63	-2	0.23	0.23	0	
07/05/2011 08:32:39	TASTEGGIO	0	1	5000	42050	101807	105	-22	0.01	0.01	0	
07/05/2011 08:32:46	TASTEGGIO	0	1	5000	42050	101802	105	-22	0.01	0.23	-24500	
07/05/2011 08:33:05	TASTEGGIO	1	0	5000	42050	126248	61	-3	0.22	0.22	0	
07/05/2011 08:33:23	TASTEGGIO	0	1	5000	42050	126252	103	-2	0.20	0.20	0	
07/05/2011 08:33:41	TASTEGGIO	0	1	5000	42050	126254	157	-23	0.06	0.06	0	
07/05/2011 08:33:50	TASTEGGIO	0	1	5000	42050	101807	157	-23	0.21	0.21	0	
07/05/2011 08:34:08	TASTEGGIO	1	0	5000	42050	101811	60	-4	0.18	0.18	0	
07/05/2011 08:34:25	TASTEGGIO	0	1	5000	42050	101811	75	-5	0.15	0.15	0	
07/05/2011 08:34:42	TASTEGGIO	0	2	5000	42050	101811	99	-5	0.11	0.11	0	
07/05/2011 08:34:49	TASTEGGIO	0	2	5000	42050	101807	99	-5	0.11	0.12	24500	
07/05/2011 08:35:48	ALARM 17	proc 12 prog 10 step 47	LavoroTerminato
07/05/2011 08:37:45	TASTEGGIO	0	2	5000	42050	101781	99	-5	0.09	0.09	0	
07/05/2011 08:38:02	TASTEGGIO	1	0	5000	42050	101784	51	-5	0.04	0.04	0	
07/05/2011 08:38:09	TASTEGGIO	1	0	5000	42050	101780	51	-5	0.04	0.05	24500	
07/05/2011 08:38:26	TASTEGGIO	1	0	5000	42050	77335	48	-2	0.04	0.04	0	
07/05/2011 08:38:35	TASTEGGIO	1	0	5000	42050	101624	48	-2	0.03	0.04	-44500	
07/05/2011 08:41:18	TASTEGGIO	1	0	5000	42049	101778	48	-2	0.15	0.15	0	
07/05/2011 08:41:36	TASTEGGIO	1	0	5000	42049	101782	55	-5	0.13	0.13	0	
07/05/2011 08:41:43	TASTEGGIO	1	0	5000	42049	101777	55	-5	0.13	0.13	0	
07/05/2011 08:42:00	TASTEGGIO	1	0	5000	42049	101781	54	-2	0.11	0.11	0	
07/05/2011 08:42:15	TASTEGGIO	0	1	5000	42049	101781	63	-4	0.08	0.08	0	
07/05/2011 08:42:32	TASTEGGIO	0	2	5000	42049	101781	71	-7	0.03	0.03	0	
07/05/2011 08:42:39	TASTEGGIO	0	2	5000	42049	101777	71	-7	0.03	0.06	-44500	
07/05/2011 08:42:57	TASTEGGIO	1	0	5000	42049	146188	49	-5	0.01	0.01	0	
07/05/2011 08:43:07	TASTEGGIO	1	0	5000	42049	101797	49	-5	0.01	0.02	44500	
07/05/2011 08:45:13	TASTEGGIO	1	0	5000	42049	101786	49	-5	0.10	0.10	0	
07/05/2011 08:45:31	TASTEGGIO	1	0	5000	42049	101790	52	-5	0.06	0.06	0	
07/05/2011 08:45:46	TASTEGGIO	0	1	5000	42049	101790	55	-3	0.04	0.04	0	
07/05/2011 08:45:53	TASTEGGIO	0	1	5000	42049	101785	55	-3	0.03	0.05	-44500	
07/05/2011 08:46:10	TASTEGGIO	1	0	5000	42049	146201	48	-5	0.04	0.04	0	
07/05/2011 08:46:20	TASTEGGIO	1	0	5000	42049	101800	48	-5	0.02	0.03	-44500	
07/05/2011 08:48:42	TASTEGGIO	1	0	5000	42049	101786	48	-5	0.10	0.11	-24500	
07/05/2011 08:49:01	TASTEGGIO	1	0	5000	42049	126230	52	-7	0.05	0.05	0	
07/05/2011 08:49:16	TASTEGGIO	0	0	5000	42049	126233	48	-2	0.03	0.03	0	
07/05/2011 08:49:25	TASTEGGIO	0	0	5000	42049	101805	48	-2	0.05	0.05	24500	
07/05/2011 08:49:42	TASTEGGIO	1	0	5000	42049	77355	48	-3	0.04	0.04	0	
07/05/2011 08:49:51	TASTEGGIO	1	0	5000	42049	101642	48	-3	0.04	0.04	24500	
07/05/2011 08:52:36	TASTEGGIO	1	0	5000	42049	101782	48	-3	0.06	0.07	44500	
07/05/2011 08:52:53	TASTEGGIO	1	0	5000	42049	57334	50	-4	0.02	0.02	0	
07/05/2011 08:53:04	TASTEGGIO	1	0	5000	42049	101633	50	-4	0.03	0.06	44500	
07/05/2011 08:53:21	TASTEGGIO	1	0	5000	42049	57187	49	-2	0.00	0.00	0	
07/05/2011 08:53:31	TASTEGGIO	1	0	5000	42049	101628	49	-2	0.02	0.03	-24500	
07/05/2011 08:55:48	TASTEGGIO	1	0	5000	42049	101780	49	-2	0.07	0.07	0	
07/05/2011 08:56:05	TASTEGGIO	1	0	5000	42049	101784	50	-5	0.04	0.04	0	
07/05/2011 08:56:12	TASTEGGIO	1	0	5000	42049	101779	50	-5	0.05	0.05	24500	
07/05/2011 08:56:29	TASTEGGIO	1	0	5000	42049	77332	48	-2	0.03	0.03	0	
07/05/2011 08:56:39	TASTEGGIO	1	0	5000	42049	101639	48	-2	0.03	0.05	-24500	
07/05/2011 08:56:57	TASTEGGIO	1	0	5000	42049	126081	48	-6	0.04	0.04	0	
07/05/2011 08:57:07	TASTEGGIO	1	0	5000	42049	101790	48	-6	0.02	0.04	-24500	
07/05/2011 08:59:28	TASTEGGIO	1	0	5000	42049	101778	48	-6	0.06	0.06	24500	
07/05/2011 08:59:45	TASTEGGIO	1	0	5000	42049	77331	49	-3	0.05	0.05	0	
07/05/2011 08:59:58	TASTEGGIO	0	1	5000	42049	77328	53	-1	0.04	0.04	0	
07/05/2011 09:00:08	TASTEGGIO	0	1	5000	42049	101640	53	-1	0.03	0.05	24500	
07/05/2011 09:00:25	TASTEGGIO	1	0	5000	42049	77201	48	0	0.03	0.03	0	
07/05/2011 09:00:34	TASTEGGIO	1	0	5000	42049	101622	48	0	0.03	0.05	24500	
07/05/2011 09:00:51	TASTEGGIO	1	0	5000	42049	77188	48	-1	0.03	0.03	0	
07/05/2011 09:01:00	TASTEGGIO	1	0	5000	42049	101618	48	-1	0.03	0.04	-24500	
07/05/2011 09:03:40	TASTEGGIO	1	0	5000	42049	101783	48	-1	0.07	0.08	-24500	
07/05/2011 09:03:58	TASTEGGIO	1	0	5000	42049	126226	50	-6	0.02	0.02	0	
07/05/2011 09:04:08	TASTEGGIO	1	0	5000	42049	101796	50	-6	0.03	0.03	44500	
07/05/2011 09:06:26	TASTEGGIO	1	0	5000	42048	101783	50	-6	0.03	0.03	44500	
07/05/2011 09:08:37	TASTEGGIO	1	0	5000	42048	101778	50	-6	0.03	0.03	44500	
07/05/2011 09:10:57	TASTEGGIO	1	0	5000	42048	101782	50	-6	0.05	0.05	24500	
07/05/2011 09:11:15	TASTEGGIO	1	0	5000	42048	77347	48	-2	0.04	0.04	0	
07/05/2011 09:11:24	TASTEGGIO	1	0	5000	42048	101640	48	-2	0.05	0.05	-24500	
07/05/2011 09:11:43	TASTEGGIO	1	0	5000	42048	126081	48	-5	0.02	0.02	0	
07/05/2011 09:11:52	TASTEGGIO	1	0	5000	42048	101792	48	-5	0.01	0.03	44500	
07/05/2011 09:14:13	TASTEGGIO	1	0	5000	42048	101669	48	-5	0.04	0.06	-24500	
07/05/2011 09:14:32	TASTEGGIO	1	0	5000	42048	126114	49	-6	0.01	0.01	0	
07/05/2011 09:14:41	TASTEGGIO	1	0	5000	42048	101690	49	-6	0.01	0.03	44500	
07/05/2011 09:17:03	TASTEGGIO	1	0	5000	42048	101789	49	-6	0.07	0.08	-24500	
07/05/2011 09:17:21	TASTEGGIO	1	0	5000	42048	126231	50	-6	0.03	0.03	0	
07/05/2011 09:17:30	TASTEGGIO	1	0	5000	42048	101802	50	-6	0.04	0.04	0	
07/05/2011 09:19:47	TASTEGGIO	1	0	5000	42049	101786	50	-6	0.06	0.07	-24500	
07/05/2011 09:20:05	TASTEGGIO	1	0	5000	42049	126225	50	-6	0.02	0.02	0	
07/05/2011 09:20:14	TASTEGGIO	1	0	5000	42049	101802	50	-6	0.02	0.03	-44500	
07/05/2011 09:22:27	TASTEGGIO	1	0	5000	42048	101784	50	-6	0.06	0.06	-24500	
07/05/2011 09:22:45	TASTEGGIO	1	0	5000	42048	126230	49	-6	0.02	0.02	0	
07/05/2011 09:22:55	TASTEGGIO	1	0	5000	42048	101804	49	-6	0.02	0.04	-24500	
07/05/2011 09:25:02	TASTEGGIO	1	0	5000	42048	101790	49	-6	0.04	0.08	-24500	
07/05/2011 09:25:21	TASTEGGIO	1	0	5000	42048	126231	50	-7	0.02	0.02	0	
07/05/2011 09:25:30	TASTEGGIO	1	0	5000	42048	101799	50	-7	0.01	0.01	-24500	
07/05/2011 09:27:50	TASTEGGIO	1	0	5000	42048	101786	50	-7	0.09	0.09	0	
07/05/2011 09:28:08	TASTEGGIO	1	0	5000	42048	101789	51	-6	0.05	0.05	0	
07/05/2011 09:28:22	TASTEGGIO	0	1	5000	42048	101789	53	-3	0.03	0.03	0	
07/05/2011 09:28:30	TASTEGGIO	0	1	5000	42048	101784	53	-3	0.03	0.07	-24500	
07/05/2011 09:28:48	TASTEGGIO	1	0	5000	42048	126224	50	-8	0.08	0.08	0	
07/05/2011 09:29:02	TASTEGGIO	0	1	5000	42048	126226	40	-3	0.04	0.04	0	
07/05/2011 09:29:12	TASTEGGIO	0	1	5000	42048	101800	40	-3	0.03	0.08	44500	
07/05/2011 09:29:29	TASTEGGIO	1	0	5000	42048	57352	50	-4	0.02	0.02	0	
07/05/2011 09:29:39	TASTEGGIO	1	0	5000	42048	101639	50	-4	0.03	0.05	-24500	
07/05/2011 09:29:58	TASTEGGIO	1	0	5000	42048	126080	48	-4	0.04	0.04	0	
07/05/2011 09:30:07	TASTEGGIO	1	0	5000	42048	101796	48	-4	0.04	0.06	-24500	
07/05/2011 09:30:26	TASTEGGIO	1	0	5000	42048	126238	49	-7	0.03	0.03	0	
07/05/2011 09:30:36	TASTEGGIO	1	0	5000	42048	101801	49	-7	0.01	0.06	44500	
07/05/2011 09:30:53	TASTEGGIO	1	0	5000	42048	57351	49	-4	0.03	0.03	0	
07/05/2011 09:31:03	TASTEGGIO	1	0	5000	42048	101627	49	-4	0.03	0.05	24500	
07/05/2011 09:31:21	TASTEGGIO	1	0	5000	42048	77193	48	-1	0.02	0.02	0	
07/05/2011 09:31:30	TASTEGGIO	1	0	5000	42048	101622	48	-1	0.02	0.05	-24500	
07/05/2011 09:34:10	TASTEGGIO	1	0	5000	42048	101783	48	-1	0.02	0.07	-24500	
07/05/2011 09:34:29	TASTEGGIO	1	0	5000	42048	126231	50	-8	0.06	0.06	0	
07/05/2011 09:34:44	TASTEGGIO	0	1	5000	42048	126233	44	-4	0.02	0.02	0	
07/05/2011 09:34:54	TASTEGGIO	0	1	5000	42048	101796	44	-4	0.01	0.03	-24500	
07/05/2011 09:37:10	TASTEGGIO	0	1	5000	42048	101788	44	-4	0.07	0.07	24500	
07/05/2011 09:37:27	TASTEGGIO	1	0	5000	42048	77338	50	-3	0.06	0.06	0	
07/05/2011 09:37:40	TASTEGGIO	0	1	5000	42048	77337	55	-1	0.04	0.04	0	
07/05/2011 09:37:50	TASTEGGIO	0	1	5000	42048	101642	55	-1	0.05	0.05	0	
07/05/2011 09:38:06	TASTEGGIO	1	0	5000	42048	101640	48	-5	0.02	0.02	0	
07/05/2011 09:38:14	TASTEGGIO	1	0	5000	42048	101643	48	-5	0.02	0.03	24500	
07/05/2011 09:40:31	TASTEGGIO	1	0	5000	42048	101788	48	-5	0.07	0.08	24500	
07/05/2011 09:40:48	TASTEGGIO	1	0	5000	42048	77337	50	-2	0.05	0.05	0	
07/05/2011 09:41:02	TASTEGGIO	0	1	5000	42048	77336	53	-1	0.04	0.04	0	
07/05/2011 09:41:11	TASTEGGIO	0	1	5000	42048	101643	53	-1	0.06	0.06	-24500	
07/05/2011 09:41:30	TASTEGGIO	1	0	5000	42048	126083	49	-5	0.02	0.02	0	
07/05/2011 09:41:39	TASTEGGIO	1	0	5000	42048	101799	49	-5	0.01	0.02	24500	
07/05/2011 09:43:57	TASTEGGIO	1	0	5000	42049	101789	49	-5	0.11	0.12	24500	
07/05/2011 09:44:14	TASTEGGIO	1	0	5000	42049	77337	53	-1	0.11	0.11	0	
07/05/2011 09:44:30	TASTEGGIO	0	1	5000	42049	77337	73	-1	0.11	0.11	0	
07/05/2011 09:44:46	TASTEGGIO	0	1	5000	42049	77337	106	-1	0.10	0.10	0	
07/05/2011 09:45:03	TASTEGGIO	0	1	5000	42049	77335	133	-6	0.05	0.05	0	
07/05/2011 09:45:16	TASTEGGIO	0	0	5000	42049	77334	48	-1	0.05	0.05	0	
07/05/2011 09:45:30	TASTEGGIO	0	1	5000	42049	77334	58	0	0.04	0.04	0	
07/05/2011 09:45:40	TASTEGGIO	0	1	5000	42049	101643	58	0	0.07	0.13	-24500	
07/05/2011 09:45:59	TASTEGGIO	1	0	5000	42049	126087	54	-2	0.11	0.11	0	
07/05/2011 09:46:15	TASTEGGIO	0	1	5000	42049	126089	63	-1	0.10	0.10	0	
07/05/2011 09:46:31	TASTEGGIO	0	1	5000	42049	126090	90	-2	0.10	0.10	0	
07/05/2011 09:46:48	TASTEGGIO	0	1	5000	42049	126090	120	-14	0.07	0.07	0	
07/05/2011 09:47:05	TASTEGGIO	0	1	5000	42049	126093	115	-31	0.27	0.27	0	
07/05/2011 09:47:17	TASTEGGIO	0	1	5000	42049	126093	10	-3	0.23	0.23	0	
07/05/2011 09:47:32	TASTEGGIO	0	2	5000	42049	126095	49	-3	0.20	0.20	0	
07/05/2011 09:47:48	TASTEGGIO	0	3	5000	42049	126095	101	-11	0.10	0.10	0	
07/05/2011 09:48:04	TASTEGGIO	0	0	5000	42049	126095	52	0	0.10	0.10	0	
07/05/2011 09:48:19	TASTEGGIO	0	1	5000	42049	126095	72	-1	0.09	0.09	0	
07/05/2011 09:48:29	TASTEGGIO	0	1	5000	42049	101802	72	-1	0.10	0.11	-24500	
07/05/2011 09:48:47	TASTEGGIO	1	0	5000	42049	126252	52	-1	0.10	0.10	0	
07/05/2011 09:49:02	TASTEGGIO	0	1	5000	42049	126253	70	-1	0.09	0.09	0	
07/05/2011 09:49:12	TASTEGGIO	0	1	5000	42049	101800	70	-1	0.11	0.11	-24500	
07/05/2011 09:49:30	TASTEGGIO	1	0	5000	42049	126244	52	0	0.09	0.09	0	
07/05/2011 09:49:39	TASTEGGIO	1	0	5000	42049	101800	52	0	0.11	0.11	0	
07/05/2011 09:49:56	TASTEGGIO	1	0	5000	42049	101804	52	-1	0.10	0.10	0	
07/05/2011 09:50:11	TASTEGGIO	0	1	5000	42049	101804	70	-1	0.09	0.09	0	
07/05/2011 09:50:19	TASTEGGIO	0	1	5000	42049	101799	70	-1	0.09	0.12	-44500	
07/05/2011 09:50:37	TASTEGGIO	1	0	5000	42049	146222	53	-6	0.06	0.06	0	
07/05/2011 09:50:47	TASTEGGIO	1	0	5000	42049	101798	53	-6	0.13	0.13	0	
07/05/2011 09:51:05	TASTEGGIO	1	0	5000	42049	101802	54	-2	0.13	0.13	0	
07/05/2011 09:51:22	TASTEGGIO	0	1	5000	42049	101802	80	0	0.12	0.12	0	
07/05/2011 09:51:38	TASTEGGIO	0	1	5000	42049	101802	113	-14	0.04	0.04	0	
07/05/2011 09:51:46	TASTEGGIO	0	1	5000	42048	101798	113	-14	0.04	0.16	-24500	
07/05/2011 09:52:05	TASTEGGIO	1	0	5000	42049	126244	56	-1	0.14	0.14	0	
07/05/2011 09:52:15	TASTEGGIO	1	0	5000	42049	101809	56	-1	0.04	0.14	-24500	
07/05/2011 09:52:34	TASTEGGIO	1	0	5000	42049	126253	55	-1	0.14	0.14	0	
07/05/2011 09:52:50	TASTEGGIO	0	1	5000	42049	126257	83	-1	0.13	0.13	0	
07/05/2011 09:53:07	TASTEGGIO	0	1	5000	42049	126257	119	-3	0.11	0.11	0	
07/05/2011 09:53:17	TASTEGGIO	0	1	5000	42049	101809	119	-3	0.05	0.12	-24500	
07/05/2011 09:53:35	TASTEGGIO	1	0	5000	42049	126254	53	0	0.11	0.11	0	
07/05/2011 09:53:45	TASTEGGIO	1	0	5000	42049	101806	53	0	0.05	0.11	-24500	
07/05/2011 09:54:43	ALARM 17	proc 12 prog 10 step 47	LavoroTerminato
07/05/2011 09:55:30	ALARM 406		
09/05/2011 08:51:57	ALARM 401		
09/05/2011 08:51:59	INIT OK
09/05/2011 08:58:26	ALARM 401		
09/05/2011 08:58:27	ALARM 401		
09/05/2011 08:58:27	ALARM 401		
09/05/2011 08:58:28	ALARM 401		
09/05/2011 09:02:54	TASTEGGIO	0	0	5000	42052	101779	0	0	0.03	0.04	-24500	
09/05/2011 09:05:03	TASTEGGIO	0	0	5000	42052	101778	0	0	0.08	0.09	24500	
09/05/2011 09:05:15	ALARM 401		
09/05/2011 09:05:22	ALARM 201		err.6059
09/05/2011 09:05:41	TASTEGGIO	0	0	5000	42051	101776	0	0	0.09	0.09	44500	
09/05/2011 09:05:59	TASTEGGIO	1	0	5000	42051	57335	51	-3	0.05	0.05	0	
09/05/2011 09:06:12	TASTEGGIO	0	1	5000	42051	57331	53	0	0.04	0.04	0	
09/05/2011 09:06:22	TASTEGGIO	0	1	5000	42051	101634	53	0	0.06	0.06	0	
09/05/2011 09:06:39	TASTEGGIO	1	0	5000	42051	101631	49	-4	0.02	0.02	0	
09/05/2011 09:06:46	TASTEGGIO	1	0	5000	42051	101634	49	-4	0.02	0.03	24500	
09/05/2011 09:08:08	ALARM 17	proc 12 prog 10 step 47	LavoroTerminato
09/05/2011 09:09:24	TASTEGGIO	1	0	5000	42051	101779	49	-4	0.01	0.02	24500	
09/05/2011 09:11:39	TASTEGGIO	1	0	5000	42052	101781	49	-4	0.11	0.12	24500	
09/05/2011 09:11:56	TASTEGGIO	1	0	5000	42052	77345	53	-1	0.10	0.10	0	
09/05/2011 09:12:11	TASTEGGIO	0	1	5000	42052	77343	61	-1	0.08	0.08	0	
09/05/2011 09:12:25	TASTEGGIO	0	2	5000	42052	77340	70	-1	0.07	0.07	0	
09/05/2011 09:12:41	TASTEGGIO	0	3	5000	42052	77339	88	-7	0.03	0.03	0	
09/05/2011 09:12:50	TASTEGGIO	0	3	5000	42052	101631	88	-7	0.04	0.05	-24500	
09/05/2011 09:13:09	TASTEGGIO	1	0	5000	42052	126079	48	-5	0.01	0.01	0	
09/05/2011 09:13:18	TASTEGGIO	1	0	5000	42052	101799	48	-5	0.02	0.03	24500	
09/05/2011 09:15:29	TASTEGGIO	1	0	5000	42051	101780	48	-5	0.05	0.06	-24500	
09/05/2011 09:15:48	TASTEGGIO	1	0	5000	42051	126225	49	-8	0.02	0.02	0	
09/05/2011 09:15:58	TASTEGGIO	1	0	5000	42051	101801	49	-8	0.00	0.02	44500	
09/05/2011 09:18:14	TASTEGGIO	1	0	5000	42051	101786	49	-8	0.03	0.04	-44500	
09/05/2011 09:20:22	TASTEGGIO	1	0	5000	42051	101786	49	-8	0.10	0.10	-24500	
09/05/2011 09:20:40	TASTEGGIO	1	0	5000	42051	126229	52	-7	0.04	0.04	0	
09/05/2011 09:20:50	TASTEGGIO	1	0	5000	42051	101808	52	-7	0.05	0.06	24500	
09/05/2011 09:21:07	TASTEGGIO	1	0	5000	42051	77353	49	-1	0.05	0.05	0	
09/05/2011 09:21:21	TASTEGGIO	0	1	5000	42051	77352	53	-1	0.04	0.04	0	
09/05/2011 09:21:30	TASTEGGIO	0	1	5000	42051	101640	53	-1	0.04	0.04	44500	
09/05/2011 09:24:10	TASTEGGIO	0	1	5000	42051	101914	53	-1	0.03	0.04	44500	
09/05/2011 09:26:25	TASTEGGIO	0	1	5000	42051	101791	53	-1	0.05	0.07	-24500	
09/05/2011 09:26:44	TASTEGGIO	1	0	5000	42051	126230	50	-8	0.06	0.06	0	
09/05/2011 09:26:59	TASTEGGIO	0	1	5000	42051	126232	44	-3	0.02	0.02	0	
09/05/2011 09:27:09	TASTEGGIO	0	1	5000	42051	101813	44	-3	0.02	0.02	44500	
09/05/2011 09:29:50	TASTEGGIO	0	1	5000	42051	101785	44	-3	0.03	0.04	24500	
09/05/2011 09:32:06	TASTEGGIO	0	1	5000	42050	101789	44	-3	0.04	0.05	-24500	
09/05/2011 09:32:25	TASTEGGIO	1	0	5000	42050	126232	48	-8	0.03	0.03	0	
09/05/2011 09:32:34	TASTEGGIO	1	0	5000	42050	101807	48	-8	0.02	0.03	-24500	
09/05/2011 09:35:16	TASTEGGIO	1	0	5000	42050	101792	48	-8	0.08	0.09	-44500	
09/05/2011 09:35:33	TASTEGGIO	1	0	5000	42050	146207	51	-10	0.03	0.03	0	
09/05/2011 09:35:44	TASTEGGIO	1	0	5000	42050	101806	51	-10	0.03	0.04	44500	
09/05/2011 09:37:51	TASTEGGIO	1	0	5000	42050	101792	51	-10	0.11	0.12	24500	
09/05/2011 09:38:08	TASTEGGIO	1	0	5000	42050	77351	53	-2	0.10	0.10	0	
09/05/2011 09:38:21	TASTEGGIO	0	1	5000	42050	77348	61	-1	0.09	0.09	0	
09/05/2011 09:38:35	TASTEGGIO	0	2	5000	42050	77346	77	-3	0.05	0.05	0	
09/05/2011 09:38:50	TASTEGGIO	0	3	5000	42050	77345	81	-3	0.02	0.02	0	
09/05/2011 09:39:00	TASTEGGIO	0	3	5000	42050	101640	81	-3	0.03	0.04	-24500	
09/05/2011 09:41:15	TASTEGGIO	0	3	5000	42050	101792	81	-3	0.02	0.04	-24500	
09/05/2011 09:43:29	TASTEGGIO	0	3	5000	42050	101791	81	-3	0.07	0.07	24500	
09/05/2011 09:43:46	TASTEGGIO	1	0	5000	42050	77345	50	-3	0.07	0.07	0	
09/05/2011 09:44:01	TASTEGGIO	0	1	5000	42050	77345	64	-2	0.04	0.04	0	
09/05/2011 09:44:10	TASTEGGIO	0	1	5000	42050	101645	64	-2	0.04	0.05	24500	
09/05/2011 09:44:27	TASTEGGIO	1	0	5000	42050	77208	48	-1	0.04	0.04	0	
09/05/2011 09:44:37	TASTEGGIO	1	0	5000	42050	101632	48	-1	0.05	0.05	0	
09/05/2011 09:44:53	TASTEGGIO	1	0	5000	42050	101629	48	-4	0.02	0.02	0	
09/05/2011 09:45:01	TASTEGGIO	1	0	5000	42050	101632	48	-4	0.02	0.03	44500	
09/05/2011 09:47:13	TASTEGGIO	1	0	5000	42050	101788	48	-4	0.07	0.07	24500	
09/05/2011 09:47:31	TASTEGGIO	1	0	5000	42050	77344	50	-2	0.05	0.05	0	
09/05/2011 09:47:45	TASTEGGIO	0	1	5000	42050	77342	53	0	0.04	0.04	0	
09/05/2011 09:47:54	TASTEGGIO	0	1	5000	42050	101641	53	0	0.05	0.05	-24500	
09/05/2011 09:48:13	TASTEGGIO	1	0	5000	42050	126091	48	-6	0.01	0.01	0	
09/05/2011 09:48:23	TASTEGGIO	1	0	5000	42050	101804	48	-6	0.01	0.02	44500	
09/05/2011 09:50:35	TASTEGGIO	1	0	5000	42050	101790	48	-6	0.11	0.11	0	
09/05/2011 09:50:52	TASTEGGIO	1	0	5000	42050	101792	52	-4	0.08	0.08	0	
09/05/2011 09:51:07	TASTEGGIO	0	1	5000	42050	101793	57	-4	0.04	0.04	0	
09/05/2011 09:51:14	TASTEGGIO	0	1	5000	42050	101788	57	-4	0.04	0.05	24500	
09/05/2011 09:51:30	TASTEGGIO	1	0	5000	42050	77337	48	-2	0.04	0.04	0	
09/05/2011 09:51:40	TASTEGGIO	1	0	5000	42050	101642	48	-2	0.03	0.05	24500	
09/05/2011 09:51:57	TASTEGGIO	1	0	5000	42050	77205	48	0	0.04	0.04	0	
09/05/2011 09:52:06	TASTEGGIO	1	0	5000	42050	101625	48	0	0.03	0.04	24500	
09/05/2011 09:54:27	TASTEGGIO	1	0	5000	42050	101792	48	0	0.04	0.04	0	
09/05/2011 09:56:41	TASTEGGIO	1	0	5000	42050	101789	48	0	0.04	0.05	24500	
09/05/2011 09:56:58	TASTEGGIO	1	0	5000	42050	77343	48	-2	0.03	0.03	0	
09/05/2011 09:57:07	TASTEGGIO	1	0	5000	42050	101628	48	-2	0.02	0.03	-24500	
09/05/2011 09:59:25	TASTEGGIO	1	0	5000	42050	101790	48	-2	0.05	0.05	-24500	
09/05/2011 09:59:44	TASTEGGIO	1	0	5000	42050	126232	48	-8	0.03	0.03	0	
09/05/2011 09:59:54	TASTEGGIO	1	0	5000	42050	101803	48	-8	0.03	0.04	-24500	
09/05/2011 10:02:13	TASTEGGIO	1	0	5000	42049	101784	48	-8	0.09	0.09	0	
09/05/2011 10:02:30	TASTEGGIO	1	0	5000	42049	101787	51	-6	0.05	0.05	0	
09/05/2011 10:02:45	TASTEGGIO	0	1	5000	42049	101788	53	-4	0.03	0.03	0	
09/05/2011 10:02:52	TASTEGGIO	0	1	5000	42049	101783	53	-4	0.03	0.04	-24500	
09/05/2011 10:05:05	TASTEGGIO	0	1	5000	42049	101787	53	-4	0.04	0.04	-24500	
09/05/2011 10:07:23	TASTEGGIO	0	1	5000	42049	101791	53	-4	0.05	0.05	-24500	
09/05/2011 10:07:42	TASTEGGIO	1	0	5000	42049	126235	48	-7	0.00	0.00	0	
09/05/2011 10:07:52	TASTEGGIO	1	0	5000	42049	101809	48	-7	0.01	0.02	44500	
09/05/2011 10:10:10	TASTEGGIO	1	0	5000	42049	101791	48	-7	0.02	0.04	-44500	
09/05/2011 10:12:07	TASTEGGIO	1	0	5000	42049	101795	48	-7	0.06	0.06	0	
09/05/2011 10:12:25	TASTEGGIO	1	0	5000	42049	101799	49	-5	0.02	0.02	0	
09/05/2011 10:12:32	TASTEGGIO	1	0	5000	42049	101792	49	-5	0.03	0.04	44500	
09/05/2011 10:14:43	TASTEGGIO	1	0	5000	42049	101795	49	-5	0.04	0.06	-24500	
09/05/2011 10:15:01	TASTEGGIO	1	0	5000	42049	126237	49	-7	0.00	0.00	0	
09/05/2011 10:15:11	TASTEGGIO	1	0	5000	42049	101815	49	-7	0.01	0.02	-44500	
09/05/2011 10:17:28	TASTEGGIO	1	0	5000	42049	101790	49	-7	0.09	0.10	-24500	
09/05/2011 10:17:47	TASTEGGIO	1	0	5000	42049	126234	52	-8	0.04	0.04	0	
09/05/2011 10:17:56	TASTEGGIO	1	0	5000	42049	101809	52	-8	0.05	0.06	24500	
09/05/2011 10:18:13	TASTEGGIO	1	0	5000	42049	77360	49	-1	0.04	0.04	0	
09/05/2011 10:18:23	TASTEGGIO	1	0	5000	42049	101639	49	-1	0.04	0.04	24500	
09/05/2011 10:20:34	TASTEGGIO	1	0	5000	42049	101788	49	-1	0.03	0.04	24500	
09/05/2011 10:23:13	TASTEGGIO	1	0	5000	42049	101787	49	-1	0.04	0.04	0	
09/05/2011 10:25:49	TASTEGGIO	1	0	5000	42049	101787	49	-1	0.15	0.15	-24500	
09/05/2011 10:26:08	TASTEGGIO	1	0	5000	42049	126230	55	-6	0.10	0.10	0	
09/05/2011 10:26:17	TASTEGGIO	1	0	5000	42049	101811	55	-6	0.10	0.10	0	
09/05/2011 10:26:35	TASTEGGIO	1	0	5000	42049	101815	52	-3	0.07	0.07	0	
09/05/2011 10:26:49	TASTEGGIO	0	1	5000	42049	101815	56	-3	0.05	0.05	0	
09/05/2011 10:27:06	TASTEGGIO	0	2	5000	42049	101815	61	-7	0.05	0.05	0	
09/05/2011 10:27:21	TASTEGGIO	0	1	5000	42049	101815	56	-6	0.03	0.03	0	
09/05/2011 10:27:29	TASTEGGIO	0	1	5000	42049	101810	56	-6	0.02	0.02	0	
09/05/2011 10:29:41	TASTEGGIO	0	1	5000	42049	101788	56	-6	0.19	0.19	0	
09/05/2011 10:29:58	TASTEGGIO	1	0	5000	42049	101791	58	-4	0.16	0.16	0	
09/05/2011 10:30:13	TASTEGGIO	0	1	5000	42049	101791	71	-6	0.10	0.10	0	
09/05/2011 10:30:21	TASTEGGIO	0	1	5000	42049	101786	71	-6	0.11	0.12	-24500	
09/05/2011 10:30:39	TASTEGGIO	1	0	5000	42049	126230	53	-5	0.07	0.07	0	
09/05/2011 10:30:55	TASTEGGIO	0	1	5000	42049	126234	57	-4	0.04	0.04	0	
09/05/2011 10:31:05	TASTEGGIO	0	1	5000	42049	101810	57	-4	0.05	0.07	44500	
09/05/2011 10:31:22	TASTEGGIO	1	0	5000	42049	57355	50	-4	0.03	0.03	0	
09/05/2011 10:31:32	TASTEGGIO	1	0	5000	42049	101628	50	-4	0.03	0.05	-44500	
09/05/2011 10:31:49	TASTEGGIO	1	0	5000	42049	146048	48	-6	0.03	0.03	0	
09/05/2011 10:32:00	TASTEGGIO	1	0	5000	42049	101796	48	-6	0.01	0.04	-44500	
09/05/2011 10:34:04	TASTEGGIO	1	0	5000	42049	101790	48	-6	0.06	0.06	0	
09/05/2011 10:34:22	TASTEGGIO	1	0	5000	42049	101793	49	-6	0.03	0.03	0	
09/05/2011 10:34:29	TASTEGGIO	1	0	5000	42049	101787	49	-6	0.02	0.03	44500	
09/05/2011 10:36:38	TASTEGGIO	1	0	5000	42049	101789	49	-6	0.02	0.03	24500	
09/05/2011 10:38:53	TASTEGGIO	1	0	5000	42049	101792	49	-6	0.05	0.05	0	
09/05/2011 10:39:10	TASTEGGIO	1	0	5000	42049	101795	48	-5	0.02	0.02	0	
09/05/2011 10:39:17	TASTEGGIO	1	0	5000	42049	101789	48	-5	0.01	0.02	24500	
09/05/2011 10:41:36	TASTEGGIO	1	0	5000	42049	101793	48	-5	0.10	0.10	-24500	
09/05/2011 10:41:55	TASTEGGIO	1	0	5000	42049	126234	52	-7	0.04	0.04	0	
09/05/2011 10:42:05	TASTEGGIO	1	0	5000	42049	101806	52	-7	0.06	0.07	44500	
09/05/2011 10:42:22	TASTEGGIO	1	0	5000	42049	57346	50	-3	0.04	0.04	0	
09/05/2011 10:42:32	TASTEGGIO	1	0	5000	42049	101636	50	-3	0.03	0.04	-44500	
09/05/2011 10:44:46	TASTEGGIO	1	0	5000	42049	101789	50	-3	0.05	0.05	24500	
09/05/2011 10:45:03	TASTEGGIO	1	0	5000	42049	77328	48	-2	0.03	0.03	0	
09/05/2011 10:45:12	TASTEGGIO	1	0	5000	42049	101646	48	-2	0.04	0.04	0	
09/05/2011 10:47:16	TASTEGGIO	1	0	5000	42049	101790	48	-2	0.08	0.08	-44500	
09/05/2011 10:47:33	TASTEGGIO	1	0	5000	42049	146209	50	-7	0.03	0.03	0	
09/05/2011 10:47:43	TASTEGGIO	1	0	5000	42049	101806	50	-7	0.05	0.06	24500	
09/05/2011 10:48:00	TASTEGGIO	1	0	5000	42049	77357	49	-1	0.05	0.05	0	
09/05/2011 10:48:13	TASTEGGIO	0	1	5000	42049	77356	53	-1	0.04	0.04	0	
09/05/2011 10:48:22	TASTEGGIO	0	1	5000	42049	101644	53	-1	0.04	0.05	24500	
09/05/2011 10:48:39	TASTEGGIO	1	0	5000	42049	77208	48	0	0.04	0.04	0	
09/05/2011 10:48:49	TASTEGGIO	1	0	5000	42049	101633	48	0	0.04	0.04	24500	
09/05/2011 10:51:01	TASTEGGIO	1	0	5000	42049	101790	48	0	0.07	0.07	-24500	
09/05/2011 10:51:20	TASTEGGIO	1	0	5000	42049	126234	50	-7	0.02	0.02	0	
09/05/2011 10:51:30	TASTEGGIO	1	0	5000	42049	101807	50	-7	0.03	0.04	24500	
09/05/2011 10:53:48	TASTEGGIO	1	0	5000	42049	101790	50	-7	0.12	0.12	0	
09/05/2011 10:54:06	TASTEGGIO	1	0	5000	42049	101793	53	-5	0.08	0.08	0	
09/05/2011 10:54:21	TASTEGGIO	0	1	5000	42049	101793	58	-4	0.04	0.04	0	
09/05/2011 10:54:28	TASTEGGIO	0	1	5000	42049	101788	58	-4	0.04	0.06	-44500	
09/05/2011 10:54:45	TASTEGGIO	1	0	5000	42049	146209	49	-7	0.04	0.04	0	
09/05/2011 10:54:55	TASTEGGIO	1	0	5000	42049	101807	49	-7	0.03	0.05	-24500	
09/05/2011 10:55:14	TASTEGGIO	1	0	5000	42049	126251	48	-7	0.04	0.04	0	
09/05/2011 10:55:24	TASTEGGIO	1	0	5000	42049	101804	48	-7	0.04	0.05	-44500	
09/05/2011 10:55:42	TASTEGGIO	1	0	5000	42049	146221	48	-6	0.03	0.03	0	
09/05/2011 10:55:52	TASTEGGIO	1	0	5000	42049	101805	48	-6	0.03	0.05	-24500	
09/05/2011 10:56:11	TASTEGGIO	1	0	5000	42049	126250	48	-7	0.04	0.04	0	
09/05/2011 10:56:21	TASTEGGIO	1	0	5000	42049	101801	48	-7	0.03	0.04	24500	
09/05/2011 10:57:46	ALARM 17	proc 12 prog 10 step 47	LavoroTerminato
09/05/2011 11:45:34	ALARM 318	proc 3 prog 42 step 15	go_abs inv_ax 5
09/05/2011 11:50:12	ALARM 318	proc 3 prog 42 step 15	go_abs inv_ax 5
09/05/2011 11:50:52	ALARM 318	proc 3 prog 42 step 15	go_abs inv_ax 5
09/05/2011 11:51:34	ALARM 318	proc 12 prog 128 step 3	go_abs inv_ax 5
09/05/2011 11:51:48	ALARM 318	proc 12 prog 128 step 3	go_abs inv_ax 5
09/05/2011 11:52:07	ALARM 318	proc 3 prog 42 step 15	go_abs inv_ax 5
09/05/2011 11:53:02	ALARM 318	proc 12 prog 128 step 3	go_abs inv_ax 5
09/05/2011 11:53:09	ALARM 318	proc 12 prog 128 step 3	go_abs inv_ax 5
09/05/2011 11:53:17	ALARM 318	proc 12 prog 128 step 3	go_abs inv_ax 5
09/05/2011 11:53:34	ALARM 318	proc 4 prog 41 step 4	go_abs inv_ax 5
09/05/2011 11:53:48	ALARM 318	proc 4 prog 41 step 4	go_abs inv_ax 5
09/05/2011 11:53:55	ALARM 318	proc 4 prog 41 step 4	go_abs inv_ax 5
09/05/2011 11:54:02	ALARM 318	proc 4 prog 41 step 4	go_abs inv_ax 5
09/05/2011 11:54:09	ALARM 318	proc 4 prog 41 step 4	go_abs inv_ax 5
09/05/2011 11:54:17	ALARM 318	proc 4 prog 41 step 4	go_abs inv_ax 5
09/05/2011 11:55:01	ALARM 19	proc 1 prog 2 step 8	Tondo Non Presente Su Carrello 2
09/05/2011 11:55:05	ALARM 201		err.6058
09/05/2011 11:55:06	ALARM 203		err.6058
09/05/2011 11:55:07	ALARM 19	proc 1 prog 2 step 8	Tondo Non Presente Su Carrello 2
09/05/2011 11:55:08	ALARM 19	proc 1 prog 2 step 8	Tondo Non Presente Su Carrello 2
09/05/2011 11:55:09	ALARM 19	proc 1 prog 2 step 8	Tondo Non Presente Su Carrello 2
09/05/2011 11:55:10	ALARM 19	proc 1 prog 2 step 8	Tondo Non Presente Su Carrello 2
09/05/2011 11:55:27	ALARM 19	proc 1 prog 2 step 8	Tondo Non Presente Su Carrello 2
09/05/2011 11:55:28	ALARM 19	proc 1 prog 2 step 8	Tondo Non Presente Su Carrello 2
09/05/2011 11:55:29	ALARM 19	proc 1 prog 2 step 8	Tondo Non Presente Su Carrello 2
09/05/2011 11:55:29	ALARM 19	proc 1 prog 2 step 8	Tondo Non Presente Su Carrello 2
09/05/2011 11:55:51	ALARM 19	proc 1 prog 2 step 8	Tondo Non Presente Su Carrello 2
09/05/2011 11:55:52	ALARM 19	proc 1 prog 2 step 8	Tondo Non Presente Su Carrello 2
09/05/2011 11:55:53	ALARM 19	proc 1 prog 2 step 8	Tondo Non Presente Su Carrello 2
09/05/2011 11:55:54	ALARM 19	proc 1 prog 2 step 8	Tondo Non Presente Su Carrello 2
09/05/2011 11:55:55	ALARM 19	proc 1 prog 2 step 8	Tondo Non Presente Su Carrello 2
09/05/2011 11:55:55	ALARM 19	proc 1 prog 2 step 8	Tondo Non Presente Su Carrello 2
09/05/2011 11:55:56	ALARM 19	proc 1 prog 2 step 8	Tondo Non Presente Su Carrello 2
09/05/2011 11:56:49	ALARM 19	proc 1 prog 2 step 8	Tondo Non Presente Su Carrello 2
09/05/2011 11:56:49	ALARM 19	proc 1 prog 2 step 8	Tondo Non Presente Su Carrello 2
09/05/2011 11:56:50	ALARM 19	proc 1 prog 2 step 8	Tondo Non Presente Su Carrello 2
09/05/2011 11:56:51	ALARM 19	proc 1 prog 2 step 8	Tondo Non Presente Su Carrello 2
09/05/2011 11:56:52	ALARM 19	proc 1 prog 2 step 8	Tondo Non Presente Su Carrello 2
09/05/2011 11:56:52	ALARM 19	proc 1 prog 2 step 8	Tondo Non Presente Su Carrello 2
09/05/2011 11:56:53	ALARM 19	proc 1 prog 2 step 8	Tondo Non Presente Su Carrello 2
09/05/2011 11:56:53	ALARM 19	proc 1 prog 2 step 8	Tondo Non Presente Su Carrello 2
09/05/2011 11:56:54	ALARM 19	proc 1 prog 2 step 8	Tondo Non Presente Su Carrello 2
09/05/2011 11:56:57	ALARM 19	proc 1 prog 2 step 8	Tondo Non Presente Su Carrello 2
09/05/2011 11:56:57	ALARM 19	proc 1 prog 2 step 8	Tondo Non Presente Su Carrello 2
09/05/2011 11:56:58	ALARM 19	proc 1 prog 2 step 8	Tondo Non Presente Su Carrello 2
09/05/2011 11:58:28	ALARM 18	proc 1 prog 2 step 3	Tondo Non Presente Su Carrello 1
09/05/2011 11:58:29	ALARM 19	proc 1 prog 2 step 8	Tondo Non Presente Su Carrello 2
09/05/2011 11:58:29	ALARM 18	proc 1 prog 2 step 3	Tondo Non Presente Su Carrello 1
09/05/2011 11:58:30	ALARM 18	proc 1 prog 2 step 3	Tondo Non Presente Su Carrello 1
09/05/2011 11:58:33	ALARM 18	proc 1 prog 2 step 3	Tondo Non Presente Su Carrello 1
09/05/2011 11:58:33	ALARM 18	proc 1 prog 2 step 3	Tondo Non Presente Su Carrello 1
09/05/2011 11:58:34	ALARM 19	proc 1 prog 2 step 8	Tondo Non Presente Su Carrello 2
09/05/2011 11:58:35	ALARM 18	proc 1 prog 2 step 3	Tondo Non Presente Su Carrello 1
09/05/2011 11:58:35	ALARM 18	proc 1 prog 2 step 3	Tondo Non Presente Su Carrello 1
09/05/2011 11:58:36	ALARM 18	proc 1 prog 2 step 3	Tondo Non Presente Su Carrello 1
09/05/2011 11:58:36	ALARM 18	proc 1 prog 2 step 3	Tondo Non Presente Su Carrello 1
09/05/2011 11:58:37	ALARM 19	proc 1 prog 2 step 8	Tondo Non Presente Su Carrello 2
09/05/2011 11:58:37	ALARM 18	proc 1 prog 2 step 3	Tondo Non Presente Su Carrello 1
09/05/2011 11:58:39	ALARM 18	proc 1 prog 2 step 3	Tondo Non Presente Su Carrello 1
09/05/2011 11:58:39	ALARM 18	proc 1 prog 2 step 3	Tondo Non Presente Su Carrello 1
09/05/2011 11:58:40	ALARM 18	proc 1 prog 2 step 3	Tondo Non Presente Su Carrello 1
09/05/2011 12:00:06	ALARM 401		
09/05/2011 12:00:08	INIT OK
09/05/2011 12:00:33	ALARM 23	proc 12 prog 130 step 24	Pressa non su
09/05/2011 12:00:56	ALARM 401		
09/05/2011 12:01:07	ALARM 401		
09/05/2011 12:01:08	ALARM 401		
09/05/2011 12:01:09	ALARM 401		
09/05/2011 12:01:11	ALARM 401		
09/05/2011 12:01:11	ALARM 401		
09/05/2011 12:01:12	ALARM 401		
09/05/2011 12:01:20	ALARM 401		
09/05/2011 12:01:26	ALARM 401		
09/05/2011 12:03:40	ALARM 14	proc 12 prog 31 step 22	Bracc. centrali non in fuori ingombro rullBracc. centrali non in fuori ingombro presCarrello 1 non  in pos. per spostare il tLavoroTerminato
09/05/2011 12:04:07	ALARM 14	proc 12 prog 31 step 22	Bracc. centrali non in fuori ingombro rullBracc. centrali non in fuori ingombro presCarrello 1 non  in pos. per spostare il tLavoroTerminato
09/05/2011 12:04:24	ALARM 14	proc 12 prog 31 step 22	Bracc. centrali non in fuori ingombro rullBracc. centrali non in fuori ingombro presCarrello 1 non  in pos. per spostare il tLavoroTerminato
09/05/2011 12:04:39	ALARM 10	proc 12 prog 37 step 30	Tondo non presente su rulliera
09/05/2011 12:05:17	ALARM 14	proc 12 prog 127 step 18	Bracc. centrali non in fuori ingombro rullBracc. centrali non in fuori ingombro presCarrello 1 non  in pos. per spostare il tLavoroTerminato
09/05/2011 12:05:23	ALARM 14	proc 12 prog 127 step 18	Bracc. centrali non in fuori ingombro rullBracc. centrali non in fuori ingombro presCarrello 1 non  in pos. per spostare il tLavoroTerminato
09/05/2011 12:05:38	ALARM 14	proc 12 prog 31 step 22	Bracc. centrali non in fuori ingombro rullBracc. centrali non in fuori ingombro presCarrello 1 non  in pos. per spostare il tLavoroTerminato
09/05/2011 12:06:15	ALARM 10	proc 12 prog 37 step 30	Tondo non presente su rulliera
09/05/2011 12:06:34	ALARM 14	proc 12 prog 31 step 22	Bracc. centrali non in fuori ingombro rullBracc. centrali non in fuori ingombro presCarrello 1 non  in pos. per spostare il tLavoroTerminato
09/05/2011 12:07:54	ALARM 318	proc 3 prog 42 step 15	go_abs inv_ax 5
09/05/2011 12:55:01	ALARM 401		
09/05/2011 12:55:02	ALARM 401		
09/05/2011 12:55:02	ALARM 401		
09/05/2011 12:55:03	ALARM 401		
09/05/2011 12:55:28	ALARM 401		
09/05/2011 12:57:06	ALARM 18	proc 1 prog 2 step 3	Tondo Non Presente Su Carrello 1
09/05/2011 12:57:10	ALARM 19	proc 1 prog 2 step 8	Tondo Non Presente Su Carrello 2
09/05/2011 12:57:11	ALARM 18	proc 1 prog 2 step 3	Tondo Non Presente Su Carrello 1
09/05/2011 12:57:12	ALARM 18	proc 1 prog 2 step 3	Tondo Non Presente Su Carrello 1
09/05/2011 12:57:28	ALARM 18	proc 1 prog 2 step 3	Tondo Non Presente Su Carrello 1
09/05/2011 12:57:29	ALARM 18	proc 1 prog 2 step 3	Tondo Non Presente Su Carrello 1
09/05/2011 12:57:30	ALARM 19	proc 1 prog 2 step 8	Tondo Non Presente Su Carrello 2
09/05/2011 12:57:37	ALARM 18	proc 1 prog 2 step 3	Tondo Non Presente Su Carrello 1
09/05/2011 12:57:38	ALARM 18	proc 1 prog 2 step 3	Tondo Non Presente Su Carrello 1
09/05/2011 12:58:25	ALARM 318	proc 4 prog 41 step 4	go_abs inv_ax 5
09/05/2011 12:58:37	ALARM 318	proc 4 prog 41 step 4	go_abs inv_ax 5
09/05/2011 12:59:11	ALARM 318	proc 4 prog 41 step 4	go_abs inv_ax 5
09/05/2011 13:01:14	ALARM 201		err.6059
09/05/2011 13:06:42	ALARM 318	proc 3 prog 42 step 15	go_abs inv_ax 5
09/05/2011 13:09:04	ALARM 318	proc 12 prog 42 step 15	go_abs inv_ax 5
09/05/2011 13:10:56	ALARM 318	proc 12 prog 128 step 3	go_abs inv_ax 5
09/05/2011 13:11:07	ALARM 318	proc 12 prog 128 step 3	go_abs inv_ax 5
09/05/2011 13:11:14	ALARM 318	proc 12 prog 128 step 3	go_abs inv_ax 5
09/05/2011 13:11:24	ALARM 318	proc 12 prog 128 step 3	go_abs inv_ax 5
09/05/2011 13:11:32	ALARM 318	proc 12 prog 128 step 3	go_abs inv_ax 5
09/05/2011 13:11:45	ALARM 318	proc 12 prog 128 step 3	go_abs inv_ax 5
09/05/2011 13:11:57	ALARM 318	proc 12 prog 128 step 3	go_abs inv_ax 5
09/05/2011 13:12:06	ALARM 318	proc 12 prog 129 step 3	go_abs inv_ax 5
09/05/2011 13:12:14	ALARM 318	proc 12 prog 129 step 3	go_abs inv_ax 5
09/05/2011 13:12:45	ALARM 318	proc 4 prog 41 step 4	go_abs inv_ax 5
09/05/2011 13:12:54	ALARM 318	proc 4 prog 41 step 4	go_abs inv_ax 5
09/05/2011 13:13:05	ALARM 318	proc 12 prog 129 step 3	go_abs inv_ax 5
09/05/2011 13:13:11	ALARM 318	proc 12 prog 129 step 3	go_abs inv_ax 5
09/05/2011 13:13:18	ALARM 318	proc 12 prog 129 step 3	go_abs inv_ax 5
09/05/2011 13:13:26	ALARM 318	proc 12 prog 129 step 3	go_abs inv_ax 5
09/05/2011 13:13:33	ALARM 318	proc 12 prog 129 step 3	go_abs inv_ax 5
09/05/2011 13:13:39	ALARM 318	proc 12 prog 129 step 3	go_abs inv_ax 5
09/05/2011 13:13:45	ALARM 318	proc 12 prog 129 step 3	go_abs inv_ax 5
09/05/2011 13:13:50	ALARM 318	proc 12 prog 129 step 3	go_abs inv_ax 5
09/05/2011 13:14:06	ALARM 318	proc 4 prog 41 step 4	go_abs inv_ax 5
09/05/2011 13:14:14	ALARM 318	proc 4 prog 41 step 4	go_abs inv_ax 5
09/05/2011 13:14:21	ALARM 318	proc 4 prog 41 step 4	go_abs inv_ax 5
09/05/2011 13:14:27	ALARM 318	proc 4 prog 41 step 4	go_abs inv_ax 5
09/05/2011 13:14:43	ALARM 401		
09/05/2011 13:18:04	ALARM 401		
09/05/2011 13:18:08	INIT OK
09/05/2011 14:03:34	ALARM 401		
09/05/2011 14:03:37	ALARM 401		
09/05/2011 14:03:38	ALARM 401		
09/05/2011 14:03:41	ALARM 401		
09/05/2011 14:03:41	ALARM 401		
09/05/2011 14:03:42	ALARM 401		
09/05/2011 14:10:14	ALARM 318	proc 12 prog 129 step 3	go_abs inv_ax 5
09/05/2011 14:11:07	ALARM 401		
09/05/2011 14:30:35	ALARM 318	proc 12 prog 128 step 3	go_abs inv_ax 5
09/05/2011 14:30:59	ALARM 318	proc 12 prog 129 step 3	go_abs inv_ax 5
09/05/2011 14:31:21	ALARM 318	proc 12 prog 128 step 3	go_abs inv_ax 5
09/05/2011 14:31:38	ALARM 401		
09/05/2011 14:37:57	ALARM 318	proc 12 prog 129 step 3	go_abs inv_ax 5
09/05/2011 14:39:36	ALARM 401		
10/05/2011 10:26:33	ALARM 401		
10/05/2011 10:26:35	INIT OK
10/05/2011 10:28:22	ALARM 401		
10/05/2011 10:35:28	ALARM 401		
10/05/2011 10:35:29	ALARM 401		
10/05/2011 10:35:56	ALARM 401		
10/05/2011 10:36:16	ALARM 401		
10/05/2011 10:36:17	ALARM 401		
10/05/2011 10:36:25	ALARM 318	proc 12 prog 129 step 3	go_abs inv_ax 5
10/05/2011 10:36:31	ALARM 318	proc 12 prog 129 step 3	go_abs inv_ax 5
10/05/2011 10:36:49	ALARM 318	proc 12 prog 128 step 3	go_abs inv_ax 5
10/05/2011 10:47:24	ALARM 401		
10/05/2011 10:49:49	ALARM 401		
10/05/2011 11:01:11	ALARM 401		
10/05/2011 11:14:36	ALARM 14	proc 12 prog 31 step 22	Bracc. centrali non in fuori ingombro rullBracc. centrali non in fuori ingombro presCarrello 1 non  in pos. per spostare il tLavoroTerminato
10/05/2011 11:15:13	ALARM 14	proc 12 prog 31 step 22	Bracc. centrali non in fuori ingombro rullBracc. centrali non in fuori ingombro presCarrello 1 non  in pos. per spostare il tLavoroTerminato
10/05/2011 11:15:50	ALARM 14	proc 12 prog 31 step 22	Bracc. centrali non in fuori ingombro rullBracc. centrali non in fuori ingombro presCarrello 1 non  in pos. per spostare il tLavoroTerminato
10/05/2011 11:16:55	ALARM 14	proc 12 prog 31 step 22	Bracc. centrali non in fuori ingombro rullBracc. centrali non in fuori ingombro presCarrello 1 non  in pos. per spostare il tLavoroTerminato
10/05/2011 11:17:15	ALARM 14	proc 12 prog 31 step 22	Bracc. centrali non in fuori ingombro rullBracc. centrali non in fuori ingombro presCarrello 1 non  in pos. per spostare il tLavoroTerminato
10/05/2011 11:17:29	ALARM 14	proc 12 prog 31 step 22	Bracc. centrali non in fuori ingombro rullBracc. centrali non in fuori ingombro presCarrello 1 non  in pos. per spostare il tLavoroTerminato
10/05/2011 11:18:59	TASTEGGIO	0	0	5200	42853	133861	0	0	0.04	0.07	44500	
10/05/2011 11:21:02	TASTEGGIO	0	0	5200	42840	133854	0	0	0.13	0.16	44500	
10/05/2011 11:21:24	TASTEGGIO	1	0	5200	42840	89468	232	-72	0.51	0.51	0	
10/05/2011 11:21:40	TASTEGGIO	0	1	5200	42840	89466	69	-7	0.42	0.42	0	
10/05/2011 11:21:57	TASTEGGIO	0	2	5200	42840	89464	138	-13	0.27	0.27	0	
10/05/2011 11:22:13	TASTEGGIO	0	3	5200	42840	89463	168	-17	0.09	0.09	0	
10/05/2011 11:22:23	TASTEGGIO	0	3	5200	42840	133774	168	-17	0.08	0.10	44500	
10/05/2011 11:22:45	TASTEGGIO	1	0	5200	42840	89378	224	-58	0.43	0.43	0	
10/05/2011 11:22:59	TASTEGGIO	0	1	5200	42840	89377	39	-5	0.36	0.36	0	
10/05/2011 11:23:16	TASTEGGIO	0	2	5200	42840	89376	99	-8	0.25	0.25	0	
10/05/2011 11:23:32	TASTEGGIO	0	3	5200	42840	89376	129	-8	0.16	0.16	0	
10/05/2011 11:23:49	TASTEGGIO	0	4	5200	42840	89376	149	-6	0.10	0.10	0	
10/05/2011 11:24:05	TASTEGGIO	0	5	5200	42840	89376	162	-10	0.02	0.02	0	
10/05/2011 11:24:16	TASTEGGIO	0	5	5200	42840	133776	162	-10	0.03	0.03	-44500	
10/05/2011 11:26:41	TASTEGGIO	0	5	5200	42840	133850	162	-10	0.03	0.04	24500	
10/05/2011 11:29:07	TASTEGGIO	0	5	5200	42839	133854	162	-10	0.12	0.15	24500	
10/05/2011 11:29:28	TASTEGGIO	1	0	5200	42839	109420	231	-100	0.80	0.80	0	
10/05/2011 11:29:40	TASTEGGIO	0	1	5200	42839	109419	0	-1	0.76	0.76	0	
10/05/2011 11:29:59	TASTEGGIO	0	1	5200	42839	109419	216	-61	0.21	0.21	0	
10/05/2011 11:30:15	TASTEGGIO	0	0	5200	42839	109418	238	-98	0.72	0.72	0	
10/05/2011 11:30:27	TASTEGGIO	0	1	5200	42839	109417	0	-2	0.67	0.67	0	
10/05/2011 11:30:45	TASTEGGIO	0	1	5200	42839	109416	186	-40	0.28	0.28	0	
10/05/2011 11:31:31	TASTEGGIO	0	0	5200	42839	133754	247	-85	0.44	0.50	24500	
10/05/2011 11:31:52	TASTEGGIO	1	0	5200	42839	109311	276	-107	0.53	0.53	0	
10/05/2011 11:32:10	TASTEGGIO	0	1	5200	42839	109310	219	-63	0.12	0.12	0	
10/05/2011 11:32:19	TASTEGGIO	0	1	5200	42839	133749	219	-63	0.11	0.11	0	
10/05/2011 11:32:38	TASTEGGIO	1	0	5200	42839	133746	225	-120	1.06	1.06	0	
10/05/2011 11:32:50	TASTEGGIO	0	1	5200	42839	133746	0	0	1.03	1.03	0	
10/05/2011 11:33:10	TASTEGGIO	0	1	5200	42839	133746	300	-141	0.41	0.41	0	
10/05/2011 11:33:28	TASTEGGIO	0	1	5200	42839	133746	283	-192	2.23	2.23	0	
10/05/2011 11:33:39	TASTEGGIO	0	1	5200	42839	133745	0	-4	2.15	2.15	0	
10/05/2011 11:33:59	TASTEGGIO	0	1	5200	42839	133746	400	-172	0.50	0.50	0	
10/05/2011 11:34:16	TASTEGGIO	0	0	5200	42839	133746	276	-58	0.09	0.09	0	
10/05/2011 11:34:33	TASTEGGIO	0	1	5200	42839	133746	274	-188	1.78	1.78	0	
10/05/2011 11:34:44	TASTEGGIO	0	1	5200	42839	133746	0	-6	1.72	1.72	0	
10/05/2011 11:35:05	TASTEGGIO	0	1	5200	42839	133746	400	-162	0.17	0.17	0	
10/05/2011 11:35:21	TASTEGGIO	0	0	5200	42839	133746	233	-103	0.84	0.84	0	
10/05/2011 11:35:33	TASTEGGIO	0	1	5200	42839	133746	0	-6	0.77	0.77	0	
10/05/2011 11:35:50	TASTEGGIO	0	1	5200	42839	133746	211	-71	0.27	0.27	0	
10/05/2011 11:36:06	TASTEGGIO	0	0	5200	42839	133746	246	-43	0.19	0.19	0	
10/05/2011 11:36:22	TASTEGGIO	0	1	5200	42839	133746	232	-46	0.43	0.43	0	
10/05/2011 11:36:37	TASTEGGIO	0	1	5200	42839	133746	134	-72	0.33	0.33	0	
10/05/2011 11:36:52	TASTEGGIO	0	1	5200	42839	133746	108	-24	0.14	0.14	0	
10/05/2011 11:37:08	TASTEGGIO	0	0	5200	42839	133746	229	-39	0.24	0.24	0	
10/05/2011 11:37:24	TASTEGGIO	0	1	5200	42839	133746	187	-79	0.55	0.55	0	
10/05/2011 11:37:39	TASTEGGIO	0	1	5200	42839	133746	60	-17	0.39	0.39	0	
10/05/2011 11:37:53	TASTEGGIO	0	2	5200	42839	133746	99	-12	0.27	0.27	0	
10/05/2011 11:38:08	TASTEGGIO	0	3	5200	42839	133746	131	-12	0.15	0.15	0	
10/05/2011 11:38:23	TASTEGGIO	0	4	5200	42839	133746	147	-8	0.09	0.09	0	
10/05/2011 11:38:38	TASTEGGIO	0	5	5200	42839	133746	159	-7	0.02	0.02	0	
10/05/2011 11:38:46	TASTEGGIO	0	5	5200	42839	133749	159	-7	0.03	0.03	-44500	
10/05/2011 11:41:12	TASTEGGIO	0	5	5200	42839	133958	159	-7	0.04	0.10	-44500	
10/05/2011 11:41:33	TASTEGGIO	1	0	5200	42839	178377	224	-108	0.93	0.93	0	
10/05/2011 11:41:45	TASTEGGIO	0	1	5200	42839	178378	0	-2	0.88	0.88	0	
10/05/2011 11:42:03	TASTEGGIO	0	1	5200	42839	178378	249	-90	0.10	0.10	0	
10/05/2011 11:42:19	TASTEGGIO	0	1	5200	42839	178378	247	-121	1.08	1.08	0	
10/05/2011 11:42:31	TASTEGGIO	0	1	5200	42839	178378	0	-3	1.02	1.02	0	
10/05/2011 11:42:51	TASTEGGIO	0	1	5200	42839	178378	288	-116	0.25	0.25	0	
10/05/2011 11:43:07	TASTEGGIO	0	1	5200	42839	178378	281	-132	1.04	1.04	0	
10/05/2011 11:43:19	TASTEGGIO	0	1	5200	42839	178378	0	-4	0.96	0.96	0	
10/05/2011 11:43:39	TASTEGGIO	0	1	5200	42839	178378	265	-107	0.18	0.18	0	
10/05/2011 11:43:55	TASTEGGIO	0	1	5200	42839	178378	261	-95	0.74	0.74	0	
10/05/2011 11:44:07	TASTEGGIO	0	1	5200	42839	178378	0	-9	0.65	0.65	0	
10/05/2011 11:44:23	TASTEGGIO	0	2	5200	42839	178378	114	-33	0.33	0.33	0	
10/05/2011 11:44:37	TASTEGGIO	0	3	5200	42839	178378	143	-24	0.10	0.10	0	
10/05/2011 11:44:53	TASTEGGIO	0	0	5200	42839	178378	224	-59	0.46	0.46	0	
10/05/2011 11:45:06	TASTEGGIO	0	1	5200	42839	178378	12	-10	0.34	0.34	0	
10/05/2011 11:45:21	TASTEGGIO	0	2	5200	42839	178378	47	-11	0.23	0.23	0	
10/05/2011 11:45:34	TASTEGGIO	0	3	5200	42839	178378	73	-12	0.10	0.10	0	
10/05/2011 11:45:51	TASTEGGIO	0	0	5200	42839	178378	224	-56	0.43	0.43	0	
10/05/2011 11:46:05	TASTEGGIO	0	1	5200	42839	178378	39	-20	0.23	0.23	0	
10/05/2011 11:46:19	TASTEGGIO	0	2	5200	42839	178378	56	-12	0.12	0.12	0	
10/05/2011 11:46:32	TASTEGGIO	0	3	5200	42839	178378	66	-7	0.06	0.06	0	
10/05/2011 11:46:43	TASTEGGIO	0	3	5200	42839	133970	66	-7	0.07	0.07	-24500	
10/05/2011 11:49:00	TASTEGGIO	0	3	5200	42839	133956	66	-7	0.13	0.18	44500	
10/05/2011 11:49:22	TASTEGGIO	1	0	5200	42839	89564	234	-75	0.53	0.53	0	
10/05/2011 11:49:38	TASTEGGIO	0	1	5200	42839	89562	77	-6	0.44	0.44	0	
10/05/2011 11:49:55	TASTEGGIO	0	2	5200	42839	89561	150	-19	0.25	0.25	0	
10/05/2011 11:50:13	TASTEGGIO	0	3	5200	42839	89560	174	-21	0.09	0.09	0	
10/05/2011 11:50:23	TASTEGGIO	0	3	5200	42839	133873	174	-21	0.06	0.08	44500	
