15/06/2011 16:33:36	TASTEGGIO	0	1	6000	45976	47244	313	-2	0.27	0.27	0	
15/06/2011 16:33:58	TASTEGGIO	0	1	6000	45976	47244	391	-2	0.26	0.26	0	
15/06/2011 16:34:19	TASTEGGIO	0	1	6000	45976	47245	400	-3	0.24	0.24	0	
15/06/2011 16:34:39	TASTEGGIO	0	1	6000	45976	47245	400	-1	0.24	0.24	0	
15/06/2011 16:34:58	TASTEGGIO	0	1	6000	45976	47245	400	-2	0.23	0.23	0	
15/06/2011 16:35:18	TASTEGGIO	0	1	6000	45976	47246	400	-1	0.23	0.23	0	
15/06/2011 16:35:21	ALARM 401		
15/06/2011 16:35:46	TASTEGGIO	0	1	6000	45976	91704	400	-1	0.15	0.25	44500	
15/06/2011 16:37:27	ALARM 401		
15/06/2011 16:37:30	ALARM 401		
15/06/2011 16:37:30	ALARM 401		
15/06/2011 16:37:35	ALARM 401		
16/06/2011 07:22:40	ALARM 401		
16/06/2011 07:22:42	INIT OK
16/06/2011 07:22:46	ALARM 401		
16/06/2011 07:22:47	ALARM 401		
16/06/2011 07:22:48	ALARM 401		
16/06/2011 07:22:48	ALARM 401		
16/06/2011 07:25:49	TASTEGGIO	0	0	6000	45977	91887	0	0	0.46	0.65	44500	
16/06/2011 07:26:11	TASTEGGIO	1	0	6000	45977	47464	232	-11	0.53	0.53	0	
16/06/2011 07:26:29	TASTEGGIO	0	1	6000	45977	47464	275	-14	0.40	0.40	0	
16/06/2011 07:26:48	TASTEGGIO	0	2	6000	45977	47463	317	-20	0.21	0.21	0	
16/06/2011 07:27:06	TASTEGGIO	0	3	6000	45977	47459	336	-19	0.06	0.06	0	
16/06/2011 07:27:17	TASTEGGIO	0	3	6000	45977	91718	336	-19	0.07	0.30	-44500	
16/06/2011 07:27:37	TASTEGGIO	1	0	6000	45977	136191	177	-14	0.16	0.16	0	
16/06/2011 07:27:53	TASTEGGIO	0	1	6000	45977	136198	185	-6	0.10	0.10	0	
16/06/2011 07:28:04	TASTEGGIO	0	1	6000	45977	91904	185	-6	0.07	0.10	-44500	
16/06/2011 07:30:00	TASTEGGIO	0	1	6000	45977	91879	185	-6	0.59	0.79	-44500	
16/06/2011 07:30:23	TASTEGGIO	1	0	6000	45977	136346	254	-26	0.53	0.53	0	
16/06/2011 07:30:42	TASTEGGIO	0	1	6000	45977	136350	289	-21	0.32	0.32	0	
16/06/2011 07:31:01	TASTEGGIO	0	2	6000	45977	136354	316	-21	0.15	0.15	0	
16/06/2011 07:31:16	TASTEGGIO	0	0	6000	45977	136355	153	0	0.15	0.15	0	
16/06/2011 07:31:34	TASTEGGIO	0	1	6000	45977	136356	183	0	0.14	0.14	0	
16/06/2011 07:31:44	TASTEGGIO	0	1	6000	45977	91902	183	0	0.09	0.29	44500	
16/06/2011 07:32:04	TASTEGGIO	1	0	6000	45977	47446	175	-8	0.23	0.23	0	
16/06/2011 07:32:20	TASTEGGIO	0	1	6000	45977	47450	193	-4	0.19	0.19	0	
16/06/2011 07:32:37	TASTEGGIO	0	2	6000	45977	47453	224	-9	0.10	0.10	0	
16/06/2011 07:32:47	TASTEGGIO	0	2	6000	45977	91714	224	-9	0.09	0.11	44500	
16/06/2011 07:34:44	TASTEGGIO	0	2	6000	45977	91875	224	-9	2.88	2.88	0	
16/06/2011 07:34:50	ALARM 817	proc 12 prog 11 step 54	eccentricity = 2.88 mm
16/06/2011 07:36:41	TASTEGGIO	0	2	6000	45977	91875	224	-9	2.87	2.87	0	
16/06/2011 07:37:13	TASTEGGIO	0	2	6000	45977	91880	468	-40	2.46	2.54	-24500	
16/06/2011 07:37:44	TASTEGGIO	0	2	6000	45977	91889	510	-77	1.82	1.82	0	
16/06/2011 07:38:13	TASTEGGIO	0	2	6000	45977	91890	510	-89	0.97	1.26	-44500	
16/06/2011 07:38:49	TASTEGGIO	0	2	6000	45977	91896	488	-103	0.24	0.78	44500	
16/06/2011 07:39:24	TASTEGGIO	0	2	6000	45977	91713	425	-91	0.55	0.61	-24500	
16/06/2011 07:40:16	TASTEGGIO	0	2	6000	45977	91900	442	-166	0.87	1.04	-24500	
16/06/2011 07:40:52	TASTEGGIO	0	2	6000	45977	91900	442	-162	0.51	0.66	-24500	
16/06/2011 07:41:11	TASTEGGIO	0	2	6000	45977	91903	442	-162	0.50	0.64	-24500	
16/06/2011 07:41:33	TASTEGGIO	1	0	6000	45977	116371	230	-19	0.42	0.42	0	
16/06/2011 07:41:52	TASTEGGIO	0	1	6000	45977	116380	257	-13	0.30	0.30	0	
16/06/2011 07:42:12	TASTEGGIO	0	2	6000	45977	116382	287	-12	0.18	0.18	0	
16/06/2011 07:42:32	TASTEGGIO	0	3	6000	45977	116383	305	-12	0.05	0.05	0	
16/06/2011 07:42:41	TASTEGGIO	0	3	6000	45977	91901	305	-12	0.06	0.12	-44500	
16/06/2011 07:44:43	TASTEGGIO	0	3	6000	45977	91791	305	-12	0.85	1.13	24500	
16/06/2011 07:45:06	TASTEGGIO	1	0	6000	45977	67372	308	-37	0.74	0.74	0	
16/06/2011 07:45:25	TASTEGGIO	0	1	6000	45977	67365	356	-42	0.32	0.32	0	
16/06/2011 07:45:42	TASTEGGIO	0	0	6000	45977	67357	180	0	0.33	0.33	0	
16/06/2011 07:46:01	TASTEGGIO	0	1	6000	45977	67350	248	0	0.32	0.32	0	
16/06/2011 07:46:20	TASTEGGIO	0	1	6000	45977	67343	341	-15	0.18	0.18	0	
16/06/2011 07:46:42	TASTEGGIO	0	2	6000	45977	67338	355	-24	0.19	0.19	0	
16/06/2011 07:47:01	TASTEGGIO	0	1	6000	45977	67345	334	-89	0.69	0.69	0	
16/06/2011 07:47:14	TASTEGGIO	0	1	6000	45977	67345	83	-7	0.64	0.64	0	
16/06/2011 07:47:32	TASTEGGIO	0	1	6000	45977	67345	260	-21	0.44	0.44	0	
16/06/2011 07:47:51	TASTEGGIO	0	2	6000	45977	67345	302	-15	0.28	0.28	0	
16/06/2011 07:48:11	TASTEGGIO	0	3	6000	45977	67345	332	-13	0.16	0.16	0	
16/06/2011 07:48:30	TASTEGGIO	0	4	6000	45977	67345	350	-10	0.08	0.08	0	
16/06/2011 07:48:39	TASTEGGIO	0	4	6000	45977	91607	350	-10	0.02	0.24	-44500	
16/06/2011 07:49:00	TASTEGGIO	1	0	6000	45977	136061	167	-14	0.12	0.12	0	
16/06/2011 07:49:10	TASTEGGIO	1	0	6000	45977	91807	167	-14	0.09	0.30	44500	
16/06/2011 07:49:30	TASTEGGIO	1	0	6000	45977	47349	177	-2	0.25	0.25	0	
16/06/2011 07:49:48	TASTEGGIO	0	1	6000	45977	47351	197	-2	0.25	0.25	0	
16/06/2011 07:50:07	TASTEGGIO	0	1	6000	45977	47352	272	-16	0.09	0.09	0	
16/06/2011 07:50:17	TASTEGGIO	0	1	6000	45977	91597	272	-16	0.04	0.17	-44500	
16/06/2011 07:52:07	TASTEGGIO	0	1	6000	45977	91974	272	-16	0.59	0.84	44500	
16/06/2011 07:52:29	TASTEGGIO	1	0	6000	45977	47531	262	-17	0.66	0.66	0	
16/06/2011 07:52:48	TASTEGGIO	0	1	6000	45977	47532	313	-21	0.43	0.43	0	
16/06/2011 07:53:08	TASTEGGIO	0	2	6000	45977	47533	352	-25	0.22	0.22	0	
16/06/2011 07:53:27	TASTEGGIO	0	3	6000	45977	47532	371	-32	0.13	0.13	0	
16/06/2011 07:53:38	TASTEGGIO	0	3	6000	45977	91817	371	-32	0.19	0.37	-44500	
16/06/2011 07:53:58	TASTEGGIO	1	0	6000	45977	136278	188	-17	0.18	0.18	0	
16/06/2011 07:54:15	TASTEGGIO	0	0	6000	45977	136281	158	-1	0.18	0.18	0	
16/06/2011 07:54:32	TASTEGGIO	0	1	6000	45977	136284	194	-6	0.12	0.12	0	
16/06/2011 07:54:42	TASTEGGIO	0	1	6000	45977	92004	194	-6	0.21	0.21	0	
16/06/2011 07:55:02	TASTEGGIO	1	0	6000	45977	92017	163	-15	0.07	0.07	0	
16/06/2011 07:55:10	TASTEGGIO	1	0	6000	45977	92001	163	-15	0.06	0.19	-44500	
16/06/2011 07:55:31	TASTEGGIO	1	0	6000	45977	136464	159	-1	0.17	0.17	0	
16/06/2011 07:55:48	TASTEGGIO	0	1	6000	45977	136467	174	0	0.15	0.15	0	
16/06/2011 07:56:05	TASTEGGIO	0	2	6000	45977	136469	200	-2	0.13	0.13	0	
16/06/2011 07:56:16	TASTEGGIO	0	2	6000	45977	92005	200	-2	0.10	0.15	-44500	
16/06/2011 07:58:12	TASTEGGIO	0	2	6000	45976	91981	200	-2	1.03	1.03	0	
16/06/2011 07:58:34	TASTEGGIO	1	0	6000	45976	91998	292	-31	0.72	0.72	0	
16/06/2011 07:58:53	TASTEGGIO	0	1	6000	45976	91999	342	-41	0.31	0.31	0	
16/06/2011 07:59:09	TASTEGGIO	0	0	6000	45976	92000	178	0	0.31	0.31	0	
16/06/2011 07:59:29	TASTEGGIO	0	1	6000	45976	92000	240	0	0.31	0.31	0	
16/06/2011 07:59:48	TASTEGGIO	0	1	6000	45976	92001	333	-18	0.13	0.13	0	
16/06/2011 07:59:55	TASTEGGIO	0	1	6000	45976	91986	333	-18	0.12	0.34	44500	
16/06/2011 08:00:15	TASTEGGIO	1	0	6000	45976	47519	183	-6	0.29	0.29	0	
16/06/2011 08:00:33	TASTEGGIO	0	1	6000	45976	47523	207	-3	0.26	0.26	0	
16/06/2011 08:00:50	TASTEGGIO	0	2	6000	45976	47527	253	-14	0.12	0.12	0	
16/06/2011 08:01:01	TASTEGGIO	0	2	6000	45976	91816	253	-14	0.05	0.19	-44500	
16/06/2011 08:01:21	TASTEGGIO	1	0	6000	45976	136267	159	-13	0.05	0.05	0	
16/06/2011 08:01:31	TASTEGGIO	1	0	6000	45976	92000	159	-13	0.12	0.12	0	
16/06/2011 08:03:31	TASTEGGIO	1	0	6000	45976	91978	159	-13	0.43	0.43	0	
16/06/2011 08:03:51	TASTEGGIO	1	0	6000	45976	91992	197	-17	0.26	0.26	0	
16/06/2011 08:04:09	TASTEGGIO	0	1	6000	45976	91994	212	-19	0.13	0.13	0	
16/06/2011 08:04:17	TASTEGGIO	0	1	6000	45976	91983	212	-19	0.12	0.17	24500	
16/06/2011 08:06:05	TASTEGGIO	0	1	6000	45976	91879	212	-19	1.40	1.40	0	
16/06/2011 08:06:27	TASTEGGIO	1	0	6000	45976	91896	350	-48	0.93	0.93	0	
16/06/2011 08:06:47	TASTEGGIO	0	1	6000	45976	91897	400	-54	0.38	0.38	0	
16/06/2011 08:07:04	TASTEGGIO	0	0	6000	45976	91897	189	0	0.38	0.38	0	
16/06/2011 08:07:23	TASTEGGIO	0	1	6000	45976	91898	265	0	0.39	0.39	0	
16/06/2011 08:07:45	TASTEGGIO	0	1	6000	45976	91898	385	-34	0.26	0.26	0	
16/06/2011 08:08:05	TASTEGGIO	0	2	6000	45976	91903	400	-104	0.79	0.79	0	
16/06/2011 08:08:20	TASTEGGIO	0	1	6000	45976	91903	159	-14	0.64	0.64	0	
16/06/2011 08:08:39	TASTEGGIO	0	2	6000	45976	91903	262	-47	0.22	0.22	0	
16/06/2011 08:08:56	TASTEGGIO	0	0	6000	45976	91903	164	-1	0.22	0.22	0	
16/06/2011 08:09:16	TASTEGGIO	0	1	6000	45976	91902	208	-1	0.20	0.20	0	
16/06/2011 08:09:35	TASTEGGIO	0	1	6000	45976	91902	262	-10	0.09	0.09	0	
16/06/2011 08:09:42	TASTEGGIO	0	1	6000	45976	91882	262	-10	0.11	0.42	44500	
16/06/2011 08:10:03	TASTEGGIO	1	0	6000	45976	47427	196	-9	0.34	0.34	0	
16/06/2011 08:10:22	TASTEGGIO	0	1	6000	45976	47430	223	-8	0.28	0.28	0	
16/06/2011 08:10:39	TASTEGGIO	0	2	6000	45976	47433	269	-21	0.08	0.08	0	
16/06/2011 08:10:49	TASTEGGIO	0	2	6000	45976	91710	269	-21	0.25	0.25	0	
16/06/2011 08:11:09	TASTEGGIO	1	0	6000	45976	91707	169	-3	0.20	0.20	0	
16/06/2011 08:11:12	ALARM 401		
16/06/2011 08:11:23	ALARM 401		
16/06/2011 08:11:23	ALARM 401		
16/06/2011 08:11:40	TASTEGGIO	0	1	6000	45976	91713	184	-3	0.20	0.20	0	
16/06/2011 08:14:25	TASTEGGIO	0	1	6000	45976	91973	184	-3	2.31	2.74	-24500	
16/06/2011 08:14:32	ALARM 817	proc 12 prog 11 step 54	eccentricity = 2.74 mm
16/06/2011 08:16:22	TASTEGGIO	0	1	6000	45976	91996	184	-3	2.29	2.69	-24500	
16/06/2011 08:16:58	TASTEGGIO	0	1	6000	45976	92000	502	-79	1.63	2.03	-44500	
16/06/2011 08:17:32	TASTEGGIO	0	1	6000	45976	91998	521	-101	1.34	1.34	0	
16/06/2011 08:18:02	TASTEGGIO	0	1	6000	45976	91999	483	-157	0.35	1.44	-44500	
16/06/2011 08:18:41	TASTEGGIO	0	1	6000	45976	92001	493	-87	0.35	0.59	-44500	
16/06/2011 08:19:10	TASTEGGIO	0	1	6000	45976	91998	493	-87	0.35	0.59	-44500	
16/06/2011 08:19:32	TASTEGGIO	1	0	6000	45976	136471	222	-1	0.60	0.60	0	
16/06/2011 08:19:51	TASTEGGIO	0	1	6000	45976	136478	344	-2	0.59	0.59	0	
16/06/2011 08:20:11	TASTEGGIO	0	1	6000	45976	136479	400	-8	0.52	0.52	0	
16/06/2011 08:20:12	ALARM 401		
16/06/2011 08:20:19	ALARM 401		
16/06/2011 08:20:20	ALARM 401		
16/06/2011 08:20:20	ALARM 401		
16/06/2011 08:20:42	TASTEGGIO	0	1	6000	45976	92006	400	-8	0.39	0.52	-44500	
16/06/2011 08:21:17	TASTEGGIO	0	1	6000	45976	92003	436	-17	0.49	0.49	0	
16/06/2011 08:21:49	TASTEGGIO	0	1	6000	45976	92003	453	-146	1.11	1.41	-24500	
16/06/2011 08:22:25	TASTEGGIO	0	1	6000	45976	92000	453	-65	0.53	0.74	-24500	
16/06/2011 08:22:59	TASTEGGIO	0	1	6000	45976	91999	410	-18	0.38	0.59	-44500	
16/06/2011 08:23:18	TASTEGGIO	0	1	6000	45976	92001	410	-18	0.38	0.60	-44500	
16/06/2011 08:23:41	TASTEGGIO	1	0	6000	45976	136465	224	-1	0.59	0.59	0	
16/06/2011 08:24:01	TASTEGGIO	0	1	6000	45976	136476	340	-1	0.58	0.58	0	
16/06/2011 08:24:20	TASTEGGIO	0	1	6000	45976	136481	400	-3	0.55	0.55	0	
16/06/2011 08:24:41	TASTEGGIO	0	1	6000	45976	136482	400	-2	0.54	0.54	0	
16/06/2011 08:24:43	ALARM 401		
16/06/2011 08:24:49	ALARM 201		err.6059
16/06/2011 08:25:04	TASTEGGIO	0	1	6000	45976	92004	400	-2	0.36	0.56	-44500	
16/06/2011 08:25:39	TASTEGGIO	0	1	6000	45976	92006	423	-3	0.35	0.54	-44500	
16/06/2011 08:26:33	TASTEGGIO	0	1	6000	45976	92004	436	-5	0.33	0.48	-44500	
16/06/2011 08:27:11	TASTEGGIO	0	1	6000	45976	92003	443	-5	0.30	0.46	-44500	
16/06/2011 08:27:47	TASTEGGIO	0	1	6000	45976	92005	453	-8	0.28	0.38	-24500	
16/06/2011 08:28:06	TASTEGGIO	0	1	6000	45976	92001	453	-8	0.28	0.39	-24500	
16/06/2011 08:28:27	TASTEGGIO	1	0	6000	45976	116472	191	-1	0.35	0.35	0	
16/06/2011 08:28:46	TASTEGGIO	0	1	6000	45976	116478	222	-1	0.35	0.35	0	
16/06/2011 08:29:07	TASTEGGIO	0	1	6000	45976	116481	327	-2	0.33	0.33	0	
16/06/2011 08:29:27	TASTEGGIO	0	1	6000	45976	116482	400	-17	0.17	0.17	0	
16/06/2011 08:29:47	TASTEGGIO	0	2	6000	45976	116481	400	-14	0.05	0.05	0	
16/06/2011 08:29:57	TASTEGGIO	0	2	6000	45976	92007	400	-14	0.14	0.26	-44500	
16/06/2011 08:30:18	TASTEGGIO	1	0	6000	45976	136473	170	-2	0.24	0.24	0	
16/06/2011 08:30:35	TASTEGGIO	0	1	6000	45976	136482	214	-1	0.23	0.23	0	
16/06/2011 08:30:53	TASTEGGIO	0	1	6000	45976	136486	280	-8	0.18	0.18	0	
16/06/2011 08:31:12	TASTEGGIO	0	2	6000	45976	136488	299	-1	0.18	0.18	0	
16/06/2011 08:31:30	TASTEGGIO	0	1	6000	45976	136488	371	-1	0.17	0.17	0	
16/06/2011 08:31:50	TASTEGGIO	0	1	6000	45976	136488	400	-2	0.16	0.16	0	
16/06/2011 08:31:53	ALARM 401		
16/06/2011 08:31:56	ALARM 401		
16/06/2011 08:32:14	TASTEGGIO	0	1	6000	45976	92006	400	-2	0.25	0.25	0	
16/06/2011 08:32:31	TASTEGGIO	0	1	6000	45976	92005	400	-2	0.25	0.25	0	
16/06/2011 08:32:51	TASTEGGIO	1	0	6000	45976	92017	169	-3	0.23	0.23	0	
16/06/2011 08:33:09	TASTEGGIO	0	1	6000	45976	92020	211	-1	0.21	0.21	0	
16/06/2011 08:33:29	TASTEGGIO	0	1	6000	45976	92023	268	-2	0.19	0.19	0	
16/06/2011 08:33:49	TASTEGGIO	0	1	6000	45976	92023	319	-5	0.15	0.15	0	
16/06/2011 08:33:53	ALARM 401		
16/06/2011 08:33:58	ALARM 401		
16/06/2011 08:33:59	ALARM 401		
16/06/2011 08:34:13	TASTEGGIO	0	2	6000	45976	92002	335	-5	0.15	0.25	44500	
16/06/2011 08:34:19	ALARM 401		
16/06/2011 08:34:23	ALARM 201		err.6059
16/06/2011 08:38:16	TASTEGGIO	0	2	6000	45977	91877	335	-5	1.63	1.77	-44500	
16/06/2011 08:38:40	TASTEGGIO	1	0	6000	45977	136342	400	-53	1.22	1.22	0	
16/06/2011 08:38:59	TASTEGGIO	0	1	6000	45977	136347	400	-23	0.99	0.99	0	
16/06/2011 08:39:19	TASTEGGIO	0	2	6000	45977	136350	400	-13	0.87	0.87	0	
16/06/2011 08:39:39	TASTEGGIO	0	3	6000	45977	136352	400	-7	0.79	0.79	0	
16/06/2011 08:39:59	TASTEGGIO	0	1	6000	45977	136353	400	-6	0.74	0.74	0	
16/06/2011 08:40:19	TASTEGGIO	0	1	6000	45977	136353	400	-9	0.65	0.65	0	
16/06/2011 08:40:39	TASTEGGIO	0	2	6000	45977	136353	400	-5	0.61	0.61	0	
16/06/2011 08:40:59	TASTEGGIO	0	1	6000	45977	136353	400	-3	0.57	0.57	0	
16/06/2011 08:41:00	ALARM 218	proc 12 prog 73 step 17	go_abs 5 cmd 11
16/06/2011 08:41:05	ALARM 205		err.6058
16/06/2011 08:41:23	TASTEGGIO	0	1	6000	45977	91910	400	-3	0.86	0.86	0	
16/06/2011 08:43:06	TASTEGGIO	0	1	6000	45977	91910	429	-119	0.36	0.36	0	
16/06/2011 08:43:21	TASTEGGIO	0	1	6000	45977	91908	429	-119	0.36	0.36	0	
16/06/2011 08:43:40	TASTEGGIO	1	0	6000	45977	91928	186	-31	0.05	0.05	0	
16/06/2011 08:43:48	TASTEGGIO	1	0	6000	45977	91908	186	-31	0.06	0.24	-44500	
16/06/2011 08:44:08	TASTEGGIO	1	0	6000	45977	136376	167	-4	0.20	0.20	0	
16/06/2011 08:44:24	TASTEGGIO	0	1	6000	45977	136379	183	-1	0.20	0.20	0	
16/06/2011 08:44:41	TASTEGGIO	0	1	6000	45977	136381	243	-6	0.15	0.15	0	
16/06/2011 08:44:44	ALARM 218	proc 12 prog 85 step 18	go_abs 3 cmd 11
16/06/2011 08:45:13	TASTEGGIO	0	2	6000	45977	91912	258	0	0.10	0.13	-44500	
16/06/2011 08:45:33	TASTEGGIO	0	2	6000	45977	91905	258	0	0.10	0.14	-44500	
16/06/2011 08:47:33	TASTEGGIO	0	2	6000	45977	91985	258	0	1.08	1.10	-24500	
16/06/2011 08:47:56	TASTEGGIO	1	0	6000	45977	116464	303	-38	0.72	0.72	0	
16/06/2011 08:48:17	TASTEGGIO	0	1	6000	45977	116464	350	-43	0.32	0.32	0	
16/06/2011 08:48:33	TASTEGGIO	0	0	6000	45977	116464	180	-2	0.30	0.30	0	
16/06/2011 08:48:53	TASTEGGIO	0	1	6000	45977	116464	236	-2	0.29	0.29	0	
16/06/2011 08:49:13	TASTEGGIO	0	1	6000	45977	116465	320	-13	0.16	0.16	0	
16/06/2011 08:49:34	TASTEGGIO	0	2	6000	45977	116465	332	-13	0.03	0.03	0	
16/06/2011 08:49:44	TASTEGGIO	0	2	6000	45977	92008	332	-13	0.21	0.63	44500	
16/06/2011 08:50:06	TASTEGGIO	1	0	6000	45977	47557	229	-14	0.49	0.49	0	
16/06/2011 08:50:24	TASTEGGIO	0	1	6000	45977	47560	267	-15	0.36	0.36	0	
16/06/2011 08:50:42	TASTEGGIO	0	2	6000	45977	47561	304	-19	0.17	0.17	0	
16/06/2011 08:50:58	TASTEGGIO	0	0	6000	45977	47561	156	-1	0.17	0.17	0	
16/06/2011 08:51:14	TASTEGGIO	0	1	6000	45977	47561	190	-1	0.17	0.17	0	
16/06/2011 08:51:31	TASTEGGIO	0	1	6000	45977	47560	241	-2	0.17	0.17	0	
16/06/2011 08:51:50	TASTEGGIO	0	1	6000	45977	47559	292	-6	0.13	0.13	0	
16/06/2011 08:52:01	TASTEGGIO	0	1	6000	45977	91822	292	-6	0.32	0.32	0	
16/06/2011 08:52:21	TASTEGGIO	1	0	6000	45977	91821	180	-17	0.15	0.15	0	
16/06/2011 08:52:39	TASTEGGIO	0	0	6000	45977	91823	153	-1	0.14	0.14	0	
16/06/2011 08:52:46	TASTEGGIO	0	0	6000	45977	91831	153	-1	0.14	0.22	-44500	
16/06/2011 08:53:07	TASTEGGIO	1	0	6000	45977	136297	164	-23	0.31	0.31	0	
16/06/2011 08:53:23	TASTEGGIO	0	1	6000	45977	136300	120	-1	0.27	0.27	0	
16/06/2011 08:53:40	TASTEGGIO	0	2	6000	45977	136302	167	-2	0.25	0.25	0	
16/06/2011 08:53:57	TASTEGGIO	0	1	6000	45977	136302	259	-27	0.09	0.09	0	
16/06/2011 08:54:08	TASTEGGIO	0	1	6000	45977	92006	259	-27	0.11	0.27	44500	
16/06/2011 08:54:28	TASTEGGIO	1	0	6000	45977	47559	172	-2	0.25	0.25	0	
16/06/2011 08:54:44	TASTEGGIO	0	1	6000	45977	47561	218	-1	0.25	0.25	0	
16/06/2011 08:55:03	TASTEGGIO	0	1	6000	45977	47558	293	-5	0.22	0.22	0	
16/06/2011 08:55:22	TASTEGGIO	0	2	6000	45977	47557	331	-10	0.13	0.13	0	
16/06/2011 08:55:32	TASTEGGIO	0	2	6000	45977	91818	331	-10	0.15	0.15	44500	
16/06/2011 08:57:30	TASTEGGIO	0	2	6000	45977	91877	331	-10	0.06	0.29	-44500	
16/06/2011 08:57:51	TASTEGGIO	1	0	6000	45977	136343	175	-17	0.16	0.16	0	
16/06/2011 08:58:07	TASTEGGIO	0	1	6000	45977	136345	183	-12	0.06	0.06	0	
16/06/2011 08:58:18	TASTEGGIO	0	1	6000	45977	91902	183	-12	0.22	0.22	0	
16/06/2011 08:58:38	TASTEGGIO	1	0	6000	45977	91913	164	-17	0.06	0.06	0	
16/06/2011 08:58:46	TASTEGGIO	1	0	6000	45977	91903	164	-17	0.06	0.21	44500	
16/06/2011 08:59:06	TASTEGGIO	1	0	6000	45977	47451	163	-7	0.14	0.14	0	
16/06/2011 08:59:16	TASTEGGIO	1	0	6000	45977	91704	163	-7	0.12	0.15	44500	
16/06/2011 09:01:21	TASTEGGIO	1	0	6000	45977	91879	163	-7	0.20	0.27	24500	
16/06/2011 09:01:42	TASTEGGIO	1	0	6000	45977	67449	172	-16	0.13	0.13	0	
16/06/2011 09:01:52	TASTEGGIO	1	0	6000	45977	91697	172	-16	0.12	0.30	-44500	
16/06/2011 09:02:13	TASTEGGIO	1	0	6000	45977	136166	177	-16	0.14	0.14	0	
16/06/2011 09:02:23	TASTEGGIO	1	0	6000	45977	91900	177	-16	0.17	0.19	24500	
16/06/2011 09:02:44	TASTEGGIO	1	0	6000	45977	67472	159	-3	0.17	0.17	0	
16/06/2011 09:03:02	TASTEGGIO	0	1	6000	45977	67466	174	-2	0.15	0.15	0	
16/06/2011 09:03:19	TASTEGGIO	0	2	6000	45977	67464	200	-9	0.09	0.09	0	
16/06/2011 09:03:29	TASTEGGIO	0	2	6000	45977	91695	200	-9	0.09	0.19	-44500	
16/06/2011 09:03:49	TASTEGGIO	1	0	6000	45977	136156	159	-6	0.13	0.13	0	
16/06/2011 09:04:00	TASTEGGIO	1	0	6000	45977	91899	159	-6	0.13	0.13	-44500	
16/06/2011 09:05:56	TASTEGGIO	1	0	6000	45977	91978	159	-6	0.56	1.15	-44500	
16/06/2011 09:06:19	TASTEGGIO	1	0	6000	45977	136448	311	-42	0.71	0.71	0	
16/06/2011 09:06:38	TASTEGGIO	0	1	6000	45977	136450	354	-37	0.34	0.34	0	
16/06/2011 09:06:55	TASTEGGIO	0	0	6000	45977	136451	183	-1	0.34	0.34	0	
16/06/2011 09:07:14	TASTEGGIO	0	1	6000	45977	136451	251	-2	0.33	0.33	0	
16/06/2011 09:07:32	TASTEGGIO	0	1	6000	45977	136450	347	-18	0.16	0.16	0	
16/06/2011 09:07:48	TASTEGGIO	0	0	6000	45977	136451	155	0	0.17	0.17	0	
16/06/2011 09:08:06	TASTEGGIO	0	1	6000	45977	136452	191	-2	0.15	0.15	0	
16/06/2011 09:08:22	TASTEGGIO	0	2	6000	45977	136452	217	0	0.16	0.16	0	
16/06/2011 09:08:41	TASTEGGIO	0	1	6000	45977	136452	285	-7	0.14	0.14	0	
16/06/2011 09:08:52	TASTEGGIO	0	1	6000	45977	92003	285	-7	0.54	0.54	0	
16/06/2011 09:09:13	TASTEGGIO	1	0	6000	45977	92019	215	-27	0.26	0.26	0	
16/06/2011 09:09:30	TASTEGGIO	0	0	6000	45977	92021	170	-5	0.22	0.22	0	
16/06/2011 09:09:49	TASTEGGIO	0	1	6000	45977	92023	188	-1	0.18	0.18	0	
16/06/2011 09:10:09	TASTEGGIO	0	2	6000	45977	92026	217	-12	0.15	0.15	0	
16/06/2011 09:10:28	TASTEGGIO	0	3	6000	45977	92026	254	-44	0.30	0.30	0	
16/06/2011 09:10:46	TASTEGGIO	0	1	6000	45977	92027	194	-19	0.15	0.15	0	
16/06/2011 09:11:03	TASTEGGIO	0	0	6000	45977	92039	153	-1	0.13	0.13	0	
16/06/2011 09:11:11	TASTEGGIO	0	0	6000	45977	91999	153	-1	0.14	0.38	-44500	
16/06/2011 09:11:32	TASTEGGIO	1	0	6000	45977	136445	189	-1	0.37	0.37	0	
16/06/2011 09:11:51	TASTEGGIO	0	1	6000	45977	136448	261	-1	0.35	0.35	0	
16/06/2011 09:12:09	TASTEGGIO	0	1	6000	45977	136451	360	-20	0.17	0.17	0	
16/06/2011 09:12:25	TASTEGGIO	0	0	6000	45977	136455	156	0	0.18	0.18	0	
16/06/2011 09:12:42	TASTEGGIO	0	1	6000	45977	136458	194	0	0.18	0.18	0	
16/06/2011 09:13:00	TASTEGGIO	0	1	6000	45977	136460	248	-2	0.17	0.17	0	
16/06/2011 09:13:19	TASTEGGIO	0	1	6000	45977	136462	296	-1	0.16	0.16	0	
16/06/2011 09:13:38	TASTEGGIO	0	1	6000	45977	136462	341	-4	0.13	0.13	0	
16/06/2011 09:13:48	TASTEGGIO	0	1	6000	45977	92003	341	-4	0.20	0.21	24500	
16/06/2011 09:14:09	TASTEGGIO	1	0	6000	45977	67572	163	-11	0.12	0.12	0	
16/06/2011 09:14:18	TASTEGGIO	1	0	6000	45977	91818	163	-11	0.12	0.16	-24500	
16/06/2011 09:16:21	TASTEGGIO	1	0	6000	45977	91974	163	-11	0.30	0.66	44500	
16/06/2011 09:16:42	TASTEGGIO	1	0	6000	45977	47531	234	-13	0.53	0.53	0	
16/06/2011 09:17:00	TASTEGGIO	0	1	6000	45977	47533	276	-17	0.40	0.40	0	
16/06/2011 09:17:19	TASTEGGIO	0	2	6000	45977	47533	318	-23	0.17	0.17	0	
16/06/2011 09:17:35	TASTEGGIO	0	0	6000	45977	47532	156	0	0.15	0.15	0	
16/06/2011 09:17:50	TASTEGGIO	0	1	6000	45977	47532	169	0	0.17	0.17	0	
16/06/2011 09:18:07	TASTEGGIO	0	1	6000	45977	47531	226	-1	0.18	0.18	0	
16/06/2011 09:18:26	TASTEGGIO	0	1	6000	45977	47531	283	-6	0.15	0.15	0	
16/06/2011 09:18:44	TASTEGGIO	0	2	6000	45977	47532	307	-6	0.10	0.10	0	
16/06/2011 09:18:55	TASTEGGIO	0	2	6000	45977	91815	307	-6	0.13	0.23	-44500	
16/06/2011 09:19:15	TASTEGGIO	1	0	6000	45977	136278	166	-14	0.11	0.11	0	
16/06/2011 09:19:26	TASTEGGIO	1	0	6000	45977	92005	166	-14	0.16	0.21	-24500	
16/06/2011 09:19:47	TASTEGGIO	1	0	6000	45977	116471	163	-17	0.05	0.05	0	
16/06/2011 09:19:57	TASTEGGIO	1	0	6000	45977	92004	163	-17	0.07	0.16	44500	
16/06/2011 09:21:57	TASTEGGIO	1	0	6000	45977	91981	163	-17	0.57	0.88	-44500	
16/06/2011 09:22:20	TASTEGGIO	1	0	6000	45977	136453	268	-32	0.54	0.54	0	
16/06/2011 09:22:38	TASTEGGIO	0	1	6000	45977	136455	301	-25	0.30	0.30	0	
16/06/2011 09:22:58	TASTEGGIO	0	2	6000	45977	136458	324	-23	0.11	0.11	0	
16/06/2011 09:23:08	TASTEGGIO	0	2	6000	45977	91999	324	-23	0.22	0.28	44500	
16/06/2011 09:23:28	TASTEGGIO	1	0	6000	45977	47544	174	-8	0.20	0.20	0	
16/06/2011 09:23:44	TASTEGGIO	0	1	6000	45977	47552	188	-3	0.18	0.18	0	
16/06/2011 09:24:02	TASTEGGIO	0	2	6000	45977	47556	220	-8	0.11	0.11	0	
16/06/2011 09:24:13	TASTEGGIO	0	2	6000	45977	91810	220	-8	0.16	0.17	24500	
16/06/2011 09:26:01	TASTEGGIO	0	2	6000	45977	91879	220	-8	0.58	0.73	-44500	
16/06/2011 09:26:23	TASTEGGIO	1	0	6000	45977	136349	245	-23	0.49	0.49	0	
16/06/2011 09:26:43	TASTEGGIO	0	1	6000	45977	136352	277	-20	0.33	0.33	0	
16/06/2011 09:27:01	TASTEGGIO	0	2	6000	45977	136355	308	-27	0.12	0.12	0	
16/06/2011 09:27:11	TASTEGGIO	0	2	6000	45977	91901	308	-27	0.39	0.45	44500	
16/06/2011 09:27:31	TASTEGGIO	1	0	6000	45977	47455	200	-9	0.36	0.36	0	
16/06/2011 09:27:48	TASTEGGIO	0	1	6000	45977	47458	228	-6	0.33	0.33	0	
16/06/2011 09:28:07	TASTEGGIO	0	1	6000	45977	47460	318	-31	0.06	0.06	0	
16/06/2011 09:28:17	TASTEGGIO	0	1	6000	45977	91691	318	-31	0.29	0.29	0	
16/06/2011 09:28:37	TASTEGGIO	1	0	6000	45977	91689	175	-14	0.15	0.15	0	
16/06/2011 09:28:55	TASTEGGIO	0	1	6000	45977	91690	182	-7	0.08	0.08	0	
16/06/2011 09:29:03	TASTEGGIO	0	1	6000	45977	91702	182	-7	0.08	0.18	-44500	
16/06/2011 09:30:51	TASTEGGIO	0	1	6000	45977	91883	182	-7	1.01	1.15	24500	
16/06/2011 09:31:13	TASTEGGIO	1	0	6000	45977	67457	311	-33	0.83	0.83	0	
16/06/2011 09:31:33	TASTEGGIO	0	1	6000	45977	67454	370	-42	0.40	0.40	0	
16/06/2011 09:31:49	TASTEGGIO	0	0	6000	45977	67451	193	0	0.40	0.40	0	
16/06/2011 09:32:08	TASTEGGIO	0	1	6000	45977	67448	273	-1	0.39	0.39	0	
16/06/2011 09:32:29	TASTEGGIO	0	1	6000	45977	67434	387	-35	0.06	0.06	0	
16/06/2011 09:32:39	TASTEGGIO	0	1	6000	45977	91700	387	-35	0.15	0.20	44500	
16/06/2011 09:32:58	TASTEGGIO	1	0	6000	45977	47239	161	-2	0.18	0.18	0	
16/06/2011 09:33:14	TASTEGGIO	0	1	6000	45977	47242	177	-2	0.17	0.17	0	
16/06/2011 09:33:32	TASTEGGIO	0	1	6000	45977	47244	225	-9	0.09	0.09	0	
16/06/2011 09:33:42	TASTEGGIO	0	1	6000	45977	91710	225	-9	0.12	0.18	-24500	
16/06/2011 09:35:34	TASTEGGIO	0	1	6000	45977	91973	225	-9	0.74	1.42	-44500	
16/06/2011 09:35:58	TASTEGGIO	1	0	6000	45977	136452	353	-49	0.91	0.91	0	
16/06/2011 09:36:18	TASTEGGIO	0	1	6000	45977	136453	400	-46	0.48	0.48	0	
16/06/2011 09:36:38	TASTEGGIO	0	2	6000	45977	136453	400	-32	0.17	0.17	0	
16/06/2011 09:36:55	TASTEGGIO	0	0	6000	45977	136453	156	0	0.17	0.17	0	
16/06/2011 09:37:11	TASTEGGIO	0	1	6000	45977	136453	190	-1	0.17	0.17	0	
16/06/2011 09:37:30	TASTEGGIO	0	1	6000	45977	136453	241	-1	0.17	0.17	0	
16/06/2011 09:37:48	TASTEGGIO	0	1	6000	45977	136453	292	-1	0.16	0.16	0	
16/06/2011 09:37:50	ALARM 401		
16/06/2011 09:38:11	TASTEGGIO	0	1	6000	45977	92004	292	-1	0.33	0.49	24500	
16/06/2011 09:38:51	TASTEGGIO	0	1	6000	45977	91815	297	-55	0.27	0.55	-24500	
16/06/2011 09:39:23	TASTEGGIO	0	1	6000	45977	92003	273	-41	0.18	0.20	24500	
16/06/2011 09:41:46	TASTEGGIO	0	1	6000	45977	91882	273	-41	0.15	0.71	-24500	
16/06/2011 09:42:09	TASTEGGIO	1	0	6000	45977	116355	241	-58	0.17	0.17	0	
16/06/2011 09:42:27	TASTEGGIO	0	0	6000	45977	116358	156	-11	0.10	0.10	0	
16/06/2011 09:42:36	TASTEGGIO	0	0	6000	45977	91900	156	-11	0.58	0.58	0	
16/06/2011 09:42:57	TASTEGGIO	1	0	6000	45977	91915	221	-38	0.20	0.20	0	
16/06/2011 09:43:15	TASTEGGIO	0	0	6000	45977	91917	161	-1	0.18	0.18	0	
16/06/2011 09:43:34	TASTEGGIO	0	1	6000	45977	91919	177	-1	0.17	0.17	0	
16/06/2011 09:43:54	TASTEGGIO	0	1	6000	45977	91920	225	-20	0.12	0.12	0	
16/06/2011 09:44:02	TASTEGGIO	0	1	6000	45977	91901	225	-20	0.12	0.58	-24500	
16/06/2011 09:44:25	TASTEGGIO	1	0	6000	45977	116367	221	-10	0.51	0.51	0	
16/06/2011 09:44:44	TASTEGGIO	0	1	6000	45977	116376	265	-20	0.31	0.31	0	
16/06/2011 09:45:03	TASTEGGIO	0	2	6000	45977	116379	291	-29	0.06	0.06	0	
16/06/2011 09:45:12	TASTEGGIO	0	2	6000	45977	91906	291	-29	0.45	0.49	44500	
16/06/2011 09:45:34	TASTEGGIO	1	0	6000	45977	47452	207	-9	0.38	0.38	0	
16/06/2011 09:45:51	TASTEGGIO	0	1	6000	45977	47456	236	-6	0.33	0.33	0	
16/06/2011 09:46:09	TASTEGGIO	0	2	6000	45977	47457	293	-20	0.14	0.14	0	
16/06/2011 09:46:19	TASTEGGIO	0	2	6000	45977	91699	293	-20	0.30	0.33	-44500	
16/06/2011 09:46:39	TASTEGGIO	1	0	6000	45977	136162	182	-19	0.13	0.13	0	
16/06/2011 09:46:50	TASTEGGIO	1	0	6000	45977	91903	182	-19	0.15	0.34	-24500	
16/06/2011 09:47:12	TASTEGGIO	1	0	6000	45977	116367	183	-3	0.29	0.29	0	
16/06/2011 09:47:32	TASTEGGIO	0	1	6000	45977	116376	207	-1	0.28	0.28	0	
16/06/2011 09:47:51	TASTEGGIO	0	1	6000	45977	116379	288	-8	0.21	0.21	0	
16/06/2011 09:48:12	TASTEGGIO	0	2	6000	45977	116382	310	-23	0.18	0.18	0	
16/06/2011 09:48:31	TASTEGGIO	0	1	6000	45977	116382	294	-55	0.39	0.39	0	
16/06/2011 09:48:50	TASTEGGIO	0	1	6000	45977	116383	209	-27	0.15	0.15	0	
16/06/2011 09:49:08	TASTEGGIO	0	0	6000	45977	116383	153	-1	0.15	0.15	0	
16/06/2011 09:49:26	TASTEGGIO	0	1	6000	45977	116383	183	-2	0.13	0.13	0	
16/06/2011 09:49:36	TASTEGGIO	0	1	6000	45977	91900	183	-2	0.33	0.33	0	
16/06/2011 09:49:56	TASTEGGIO	1	0	6000	45977	91911	182	-3	0.29	0.29	0	
16/06/2011 09:50:15	TASTEGGIO	0	1	6000	45977	91914	207	-2	0.28	0.28	0	
16/06/2011 09:50:35	TASTEGGIO	0	1	6000	45977	91916	288	-30	0.14	0.14	0	
16/06/2011 09:50:43	TASTEGGIO	0	1	6000	45977	91902	288	-30	0.14	0.43	-24500	
16/06/2011 09:51:06	TASTEGGIO	1	0	6000	45977	116360	197	-5	0.37	0.37	0	
16/06/2011 09:51:25	TASTEGGIO	0	1	6000	45977	116370	228	-3	0.34	0.34	0	
16/06/2011 09:51:45	TASTEGGIO	0	1	6000	45977	116376	321	-23	0.17	0.17	0	
16/06/2011 09:52:03	TASTEGGIO	0	0	6000	45977	116379	156	-1	0.15	0.15	0	
16/06/2011 09:52:22	TASTEGGIO	0	1	6000	45977	116381	169	0	0.15	0.15	0	
16/06/2011 09:52:40	TASTEGGIO	0	1	6000	45977	116381	214	-1	0.14	0.14	0	
16/06/2011 09:52:50	TASTEGGIO	0	1	6000	45977	91902	214	-1	0.21	0.30	-44500	
16/06/2011 09:53:11	TASTEGGIO	1	0	6000	45977	136363	177	-6	0.22	0.22	0	
16/06/2011 09:53:28	TASTEGGIO	0	1	6000	45977	136367	193	-5	0.17	0.17	0	
16/06/2011 09:53:44	TASTEGGIO	0	2	6000	45977	136370	211	-7	0.09	0.09	0	
16/06/2011 09:53:54	TASTEGGIO	0	2	6000	45977	91904	211	-7	0.07	0.34	-24500	
16/06/2011 09:54:17	TASTEGGIO	1	0	6000	45977	116372	183	-4	0.28	0.28	0	
16/06/2011 09:54:36	TASTEGGIO	0	1	6000	45977	116381	206	-1	0.27	0.27	0	
16/06/2011 09:56:51	TASTEGGIO	0	1	6000	45977	91882	284	-3	0.52	0.73	24500	
16/06/2011 09:57:13	TASTEGGIO	1	0	6000	45977	67453	245	-24	0.46	0.46	0	
16/06/2011 09:57:31	TASTEGGIO	0	1	6000	45977	67446	273	-20	0.27	0.27	0	
16/06/2011 09:57:51	TASTEGGIO	0	2	6000	45977	67445	295	-24	0.16	0.16	0	
16/06/2011 09:58:11	TASTEGGIO	0	3	6000	45977	67433	311	-43	0.29	0.29	0	
16/06/2011 09:58:30	TASTEGGIO	0	1	6000	45977	67438	258	-46	0.18	0.18	0	
16/06/2011 09:58:49	TASTEGGIO	0	1	6000	45977	67432	246	-9	0.09	0.09	0	
16/06/2011 09:58:59	TASTEGGIO	0	1	6000	45977	91709	246	-9	0.17	0.47	-24500	
16/06/2011 09:59:21	TASTEGGIO	1	0	6000	45977	116167	204	-29	0.18	0.18	0	
16/06/2011 09:59:38	TASTEGGIO	0	0	6000	45977	116174	158	-1	0.17	0.17	0	
16/06/2011 09:59:57	TASTEGGIO	0	1	6000	45977	116182	190	-6	0.11	0.11	0	
16/06/2011 10:00:06	TASTEGGIO	0	1	6000	45977	91908	190	-6	0.23	0.36	44500	
16/06/2011 10:00:26	TASTEGGIO	1	0	6000	45977	47449	186	-4	0.33	0.33	0	
16/06/2011 10:00:44	TASTEGGIO	0	1	6000	45977	47453	246	-12	0.23	0.23	0	
16/06/2011 10:01:02	TASTEGGIO	0	2	6000	45977	47455	268	-9	0.15	0.15	0	
16/06/2011 10:01:20	TASTEGGIO	0	3	6000	45977	47456	284	-9	0.08	0.08	0	
16/06/2011 10:01:31	TASTEGGIO	0	3	6000	45977	91705	284	-9	0.15	0.26	-24500	
16/06/2011 10:01:52	TASTEGGIO	1	0	6000	45977	116165	170	-1	0.24	0.24	0	
16/06/2011 10:02:12	TASTEGGIO	0	1	6000	45977	116173	214	-7	0.18	0.18	0	
16/06/2011 10:02:30	TASTEGGIO	0	2	6000	45977	116179	233	-18	0.07	0.07	0	
16/06/2011 10:02:40	TASTEGGIO	0	2	6000	45977	91905	233	-18	0.28	0.28	0	
16/06/2011 10:03:01	TASTEGGIO	1	0	6000	45977	91917	174	-15	0.13	0.13	0	
16/06/2011 10:03:08	TASTEGGIO	1	0	6000	45977	91906	174	-15	0.13	0.13	44500	
16/06/2011 10:05:05	TASTEGGIO	1	0	6000	45977	91876	174	-15	0.77	1.08	-24500	
16/06/2011 10:05:28	TASTEGGIO	1	0	6000	45977	116356	300	-58	0.48	0.48	0	
16/06/2011 10:05:46	TASTEGGIO	0	0	6000	45977	116356	205	-1	0.47	0.47	0	
16/06/2011 10:06:06	TASTEGGIO	0	1	6000	45977	116356	297	-31	0.19	0.19	0	
16/06/2011 10:06:23	TASTEGGIO	0	0	6000	45977	116356	159	-6	0.15	0.15	0	
16/06/2011 10:06:42	TASTEGGIO	0	1	6000	45977	116357	170	0	0.14	0.14	0	
16/06/2011 10:06:52	TASTEGGIO	0	1	6000	45977	91904	170	0	0.26	0.65	-44500	
16/06/2011 10:07:13	TASTEGGIO	1	0	6000	45977	136366	232	-16	0.45	0.45	0	
16/06/2011 10:07:31	TASTEGGIO	0	1	6000	45977	136370	263	-14	0.30	0.30	0	
16/06/2011 10:07:49	TASTEGGIO	0	2	6000	45977	136374	291	-16	0.15	0.15	0	
16/06/2011 10:08:03	TASTEGGIO	0	0	6000	45977	136376	153	0	0.14	0.14	0	
16/06/2011 10:08:14	TASTEGGIO	0	0	6000	45977	91907	153	0	0.59	0.59	0	
16/06/2011 10:08:35	TASTEGGIO	1	0	6000	45977	91920	222	-24	0.36	0.36	0	
16/06/2011 10:08:53	TASTEGGIO	0	1	6000	45977	91922	243	-17	0.19	0.19	0	
16/06/2011 10:09:12	TASTEGGIO	0	2	6000	45977	91924	257	-15	0.04	0.04	0	
16/06/2011 10:09:20	TASTEGGIO	0	2	6000	45977	91906	257	-15	0.05	0.43	-44500	
16/06/2011 10:09:40	TASTEGGIO	1	0	6000	45977	136347	197	-2	0.39	0.39	0	
16/06/2011 10:09:59	TASTEGGIO	0	1	6000	45977	136350	267	-2	0.37	0.37	0	
16/06/2011 10:10:17	TASTEGGIO	0	1	6000	45977	136355	372	-35	0.05	0.05	0	
16/06/2011 10:10:27	TASTEGGIO	0	1	6000	45977	91907	372	-35	0.34	0.43	-24500	
16/06/2011 10:10:50	TASTEGGIO	1	0	6000	45977	116380	197	-15	0.31	0.31	0	
16/06/2011 10:11:08	TASTEGGIO	0	1	6000	45977	116384	219	-4	0.28	0.28	0	
16/06/2011 10:11:28	TASTEGGIO	0	1	6000	45977	116385	294	-30	0.09	0.09	0	
16/06/2011 10:11:37	TASTEGGIO	0	1	6000	45977	91905	294	-30	0.14	0.43	-44500	
16/06/2011 10:11:58	TASTEGGIO	1	0	6000	45977	136358	197	-4	0.38	0.38	0	
16/06/2011 10:12:15	TASTEGGIO	0	1	6000	45977	136361	230	-1	0.36	0.36	0	
16/06/2011 10:12:34	TASTEGGIO	0	1	6000	45977	136365	332	-7	0.29	0.29	0	
16/06/2011 10:12:52	TASTEGGIO	0	2	6000	45977	136369	378	-20	0.12	0.12	0	
16/06/2011 10:13:03	TASTEGGIO	0	2	6000	45977	91907	378	-20	0.16	0.32	-24500	
16/06/2011 10:13:25	TASTEGGIO	1	0	6000	45977	116384	180	-7	0.27	0.27	0	
16/06/2011 10:13:44	TASTEGGIO	0	1	6000	45977	116385	202	-1	0.26	0.26	0	
16/06/2011 10:14:04	TASTEGGIO	0	1	6000	45977	116386	277	-6	0.20	0.20	0	
16/06/2011 10:14:23	TASTEGGIO	0	2	6000	45977	116386	298	-7	0.13	0.13	0	
16/06/2011 10:14:33	TASTEGGIO	0	2	6000	45977	91908	298	-7	0.13	0.27	-44500	
16/06/2011 10:14:53	TASTEGGIO	1	0	6000	45977	136365	172	-4	0.22	0.22	0	
16/06/2011 10:15:10	TASTEGGIO	0	1	6000	45977	136369	189	0	0.22	0.22	0	
16/06/2011 10:15:28	TASTEGGIO	0	1	6000	45977	136373	255	-1	0.20	0.20	0	
16/06/2011 10:15:45	TASTEGGIO	0	1	6000	45977	136375	309	-4	0.16	0.16	0	
16/06/2011 10:16:04	TASTEGGIO	0	2	6000	45977	136378	327	-1	0.15	0.15	0	
16/06/2011 10:16:24	TASTEGGIO	0	1	6000	45977	136381	383	-11	0.07	0.07	0	
16/06/2011 10:16:34	TASTEGGIO	0	1	6000	45977	91904	383	-11	0.22	0.26	-24500	
16/06/2011 10:16:56	TASTEGGIO	1	0	6000	45977	116381	170	-19	0.43	0.43	0	
16/06/2011 10:17:16	TASTEGGIO	0	1	6000	45977	116384	312	-20	0.24	0.24	0	
16/06/2011 10:17:35	TASTEGGIO	0	2	6000	45977	116384	330	-14	0.10	0.10	0	
16/06/2011 10:17:45	TASTEGGIO	0	2	6000	45977	91902	330	-14	0.15	0.24	-44500	
16/06/2011 10:19:55	TASTEGGIO	1	0	6000	45977	91982	167	-4	2.86	2.86	0	
16/06/2011 10:20:00	ALARM 817	proc 12 prog 11 step 54	eccentricity = 2.86 mm
16/06/2011 10:20:49	TASTEGGIO	1	0	6000	45977	91982	167	-4	2.85	2.85	0	
16/06/2011 10:21:23	TASTEGGIO	1	0	6000	45977	91985	518	-58	2.25	2.37	24500	
16/06/2011 10:21:57	TASTEGGIO	1	0	6000	45977	91813	547	-100	1.54	1.73	-24500	
16/06/2011 10:22:29	TASTEGGIO	1	0	6000	45977	91997	514	-124	0.53	0.81	44500	
16/06/2011 10:23:03	TASTEGGIO	1	0	6000	45977	91811	428	-68	0.44	0.67	-44500	
16/06/2011 10:23:39	TASTEGGIO	1	0	6000	45977	92000	428	-93	0.31	0.42	-24500	
16/06/2011 10:24:01	TASTEGGIO	1	0	6000	45977	116469	196	-39	0.09	0.09	0	
16/06/2011 10:24:11	TASTEGGIO	1	0	6000	45977	91999	196	-39	0.04	0.18	24500	
16/06/2011 10:25:59	TASTEGGIO	1	0	6000	45977	91881	196	-39	2.42	3.01	-24500	
16/06/2011 10:26:06	ALARM 817	proc 12 prog 11 step 54	eccentricity = 3.01 mm
16/06/2011 10:27:15	TASTEGGIO	1	0	6000	45977	91911	196	-39	0.00	0.00	-44500	
16/06/2011 10:27:35	ALARM 18	proc 1 prog 2 step 3	Tondo Non Presente Su Carrello 1
16/06/2011 10:27:43	ALARM 201		err.6058
16/06/2011 10:27:43	ALARM 18	proc 1 prog 2 step 3	Tondo Non Presente Su Carrello 1
16/06/2011 10:27:49	ALARM 18	proc 1 prog 2 step 3	Tondo Non Presente Su Carrello 1
16/06/2011 10:27:49	ALARM 18	proc 1 prog 2 step 3	Tondo Non Presente Su Carrello 1
16/06/2011 10:27:50	ALARM 18	proc 1 prog 2 step 3	Tondo Non Presente Su Carrello 1
16/06/2011 11:15:56	ALARM 18	proc 1 prog 2 step 3	Tondo Non Presente Su Carrello 1
16/06/2011 11:15:58	ALARM 19	proc 1 prog 2 step 8	Tondo Non Presente Su Carrello 2
16/06/2011 11:16:01	ALARM 19	proc 1 prog 2 step 8	Tondo Non Presente Su Carrello 2
16/06/2011 11:16:02	ALARM 18	proc 1 prog 2 step 3	Tondo Non Presente Su Carrello 1
16/06/2011 11:16:02	ALARM 18	proc 1 prog 2 step 3	Tondo Non Presente Su Carrello 1
16/06/2011 11:16:03	ALARM 19	proc 1 prog 2 step 8	Tondo Non Presente Su Carrello 2
16/06/2011 11:17:25	ALARM 401		
16/06/2011 11:24:23	ALARM 401		
17/06/2011 10:15:10	ALARM 401		
17/06/2011 10:15:12	INIT OK
17/06/2011 10:15:19	ALARM 401		
17/06/2011 10:15:20	ALARM 401		
17/06/2011 10:15:31	ALARM 11	proc 12 prog 3 step 18	Tondo presente su carrello 2
17/06/2011 10:15:51	ALARM 11	proc 12 prog 3 step 18	Tondo presente su carrello 2
17/06/2011 10:22:41	ALARM 12	proc 2 prog 61 step 9	Tastatori Non FuoriIngombro
17/06/2011 10:23:05	ALARM 401		
17/06/2011 10:23:34	ALARM 401		
17/06/2011 10:23:58	ALARM 401		
17/06/2011 10:24:11	ALARM 401		
17/06/2011 10:24:30	ALARM 401		
17/06/2011 10:24:57	ALARM 14	proc 12 prog 31 step 22	Bracc. centrali non in fuori ingombro rullBracc. centrali non in fuori ingombro presCarrello 1 non è in pos. per spostare il tLavoroTerminato
17/06/2011 10:27:13	ALARM 10	proc 12 prog 37 step 30	Tondo non presente su rulliera
17/06/2011 10:29:25	TASTEGGIO	0	0	5000	42067	123986	0	0	0.15	0.15	0	
17/06/2011 10:29:43	TASTEGGIO	1	0	5000	42067	123988	55	-5	0.13	0.13	0	
17/06/2011 10:29:51	TASTEGGIO	1	0	5000	42067	123985	55	-5	0.13	0.13	0	
17/06/2011 10:30:07	TASTEGGIO	1	0	5000	42067	123987	54	0	0.13	0.13	0	
17/06/2011 10:30:23	TASTEGGIO	0	1	5000	42067	123987	80	-2	0.09	0.09	0	
17/06/2011 10:30:38	TASTEGGIO	0	2	5000	42067	123988	88	-4	0.05	0.05	0	
17/06/2011 10:30:54	TASTEGGIO	0	3	5000	42067	123987	92	-4	0.03	0.03	0	
17/06/2011 10:31:01	TASTEGGIO	0	3	5000	42067	123985	92	-4	0.03	0.05	-44500	
17/06/2011 10:31:21	TASTEGGIO	1	0	5000	42067	168404	48	-2	0.05	0.05	0	
17/06/2011 10:31:37	TASTEGGIO	0	1	5000	42067	168404	58	1	0.03	0.03	0	
17/06/2011 10:31:47	TASTEGGIO	0	1	5000	42067	123979	58	1	0.04	0.04	0	
17/06/2011 10:33:47	TASTEGGIO	0	1	5000	42055	123771	58	1	0.20	0.20	0	
17/06/2011 10:34:04	TASTEGGIO	1	0	5000	42055	123773	59	-2	0.19	0.19	0	
17/06/2011 10:34:20	TASTEGGIO	0	1	5000	42055	123774	95	-7	0.11	0.11	0	
17/06/2011 10:34:27	TASTEGGIO	0	1	5000	42055	123770	95	-7	0.14	0.14	0	
17/06/2011 10:34:44	TASTEGGIO	1	0	5000	42055	123772	55	0	0.11	0.11	0	
17/06/2011 10:35:00	TASTEGGIO	0	1	5000	42055	123773	63	0	0.11	0.11	0	
17/06/2011 10:35:16	TASTEGGIO	0	1	5000	42055	123773	96	-5	0.06	0.06	0	
17/06/2011 10:35:31	TASTEGGIO	0	2	5000	42055	123773	100	-6	0.02	0.02	0	
17/06/2011 10:35:39	TASTEGGIO	0	2	5000	42055	123770	100	-6	0.02	0.06	-44500	
17/06/2011 10:35:58	TASTEGGIO	1	0	5000	42055	168193	49	-1	0.04	0.04	0	
17/06/2011 10:36:08	TASTEGGIO	1	0	5000	42055	123769	49	-1	0.02	0.05	-44500	
17/06/2011 10:36:27	TASTEGGIO	1	0	5000	42055	168188	48	-1	0.04	0.04	0	
17/06/2011 10:36:37	TASTEGGIO	1	0	5000	42055	123770	48	-1	0.01	0.05	-44500	
17/06/2011 10:36:56	TASTEGGIO	1	0	5000	42055	168200	48	0	0.05	0.05	0	
17/06/2011 10:37:11	TASTEGGIO	0	1	5000	42055	168200	58	-1	0.03	0.03	0	
17/06/2011 10:37:21	TASTEGGIO	0	1	5000	42055	123771	58	-1	0.01	0.04	-44500	
17/06/2011 10:39:24	TASTEGGIO	0	1	5000	42055	123767	58	-1	0.18	0.18	0	
17/06/2011 10:39:41	TASTEGGIO	1	0	5000	42055	123770	57	-4	0.20	0.20	0	
17/06/2011 10:39:56	TASTEGGIO	0	1	5000	42055	123770	101	-13	0.05	0.05	0	
17/06/2011 10:40:04	TASTEGGIO	0	1	5000	42055	123766	101	-13	0.06	0.08	44500	
17/06/2011 10:40:24	TASTEGGIO	1	0	5000	42055	79341	50	0	0.07	0.07	0	
17/06/2011 10:40:40	TASTEGGIO	0	1	5000	42055	79340	56	0	0.07	0.07	0	
17/06/2011 10:40:56	TASTEGGIO	0	1	5000	42055	79338	77	0	0.07	0.07	0	
17/06/2011 10:41:12	TASTEGGIO	0	1	5000	42055	79338	98	-1	0.06	0.06	0	
17/06/2011 10:41:30	TASTEGGIO	0	2	5000	42055	79338	108	-2	0.04	0.04	0	
17/06/2011 10:41:40	TASTEGGIO	0	2	5000	42055	123648	108	-2	0.05	0.05	-44500	
17/06/2011 10:41:59	TASTEGGIO	1	0	5000	42055	168077	48	-2	0.04	0.04	0	
17/06/2011 10:42:09	TASTEGGIO	1	0	5000	42055	123763	48	-2	0.05	0.06	24500	
17/06/2011 10:42:28	TASTEGGIO	1	0	5000	42055	99313	49	0	0.04	0.04	0	
17/06/2011 10:42:37	TASTEGGIO	1	0	5000	42055	123651	49	0	0.04	0.05	44500	
17/06/2011 10:42:57	TASTEGGIO	1	0	5000	42055	79224	48	0	0.04	0.04	0	
17/06/2011 10:43:07	TASTEGGIO	1	0	5000	42055	123641	48	0	0.04	0.04	44500	
17/06/2011 10:45:09	TASTEGGIO	1	0	5000	42055	123871	48	0	0.19	0.19	0	
17/06/2011 10:45:26	TASTEGGIO	1	0	5000	42055	123874	58	-4	0.17	0.17	0	
17/06/2011 10:45:41	TASTEGGIO	0	1	5000	42055	123874	73	-1	0.16	0.16	0	
17/06/2011 10:45:57	TASTEGGIO	0	1	5000	42055	123874	118	-23	0.07	0.07	0	
17/06/2011 10:46:04	TASTEGGIO	0	1	5000	42055	123869	118	-23	0.07	0.07	0	
17/06/2011 10:46:22	TASTEGGIO	1	0	5000	42055	123873	50	-13	0.08	0.08	0	
17/06/2011 10:46:37	TASTEGGIO	0	1	5000	42055	123874	40	-5	0.03	0.03	0	
17/06/2011 10:46:44	TASTEGGIO	0	1	5000	42055	123869	40	-5	0.04	0.07	-44500	
17/06/2011 10:47:03	TASTEGGIO	1	0	5000	42055	168288	50	-1	0.05	0.05	0	
17/06/2011 10:47:19	TASTEGGIO	0	1	5000	42055	168289	53	0	0.05	0.05	0	
17/06/2011 10:47:34	TASTEGGIO	0	1	5000	42055	168289	68	-1	0.04	0.04	0	
17/06/2011 10:47:44	TASTEGGIO	0	1	5000	42055	123871	68	-1	0.01	0.05	44500	
17/06/2011 10:48:04	TASTEGGIO	1	0	5000	42055	79442	48	0	0.03	0.03	0	
17/06/2011 10:48:14	TASTEGGIO	1	0	5000	42055	123750	48	0	0.00	0.04	44500	
17/06/2011 10:49:29	ALARM 17	proc 12 prog 10 step 47	LavoroTerminato
17/06/2011 10:53:16	TASTEGGIO	1	0	6000	45977	77275	48	0	0.12	0.15	-24500	
17/06/2011 10:53:38	TASTEGGIO	1	0	6000	45977	101753	231	-56	0.37	0.37	0	
17/06/2011 10:53:39	ALARM 401		
17/06/2011 10:53:42	ALARM 401		
17/06/2011 10:53:43	ALARM 401		
17/06/2011 10:54:13	TASTEGGIO	1	0	6000	45977	77392	231	-56	0.27	0.37	-24500	
17/06/2011 10:54:58	TASTEGGIO	1	0	6000	45977	77378	140	-7	0.23	0.31	-24500	
17/06/2011 10:55:22	TASTEGGIO	1	0	6000	45977	101839	182	-12	0.19	0.19	0	
17/06/2011 10:55:50	TASTEGGIO	1	0	6000	45977	77381	202	-29	0.19	0.23	-24500	
17/06/2011 10:56:09	ALARM 203		err.0
17/06/2011 10:57:20	ALARM 203		err.41070
17/06/2011 11:00:34	TASTEGGIO	1	0	5000	42055	123989	186	-18	0.04	0.05	-24500	
17/06/2011 11:00:53	TASTEGGIO	1	0	5000	42055	148398	48	-8	0.03	0.03	0	
17/06/2011 11:01:02	TASTEGGIO	1	0	5000	42055	123981	48	-8	0.01	0.01	0	
17/06/2011 11:03:05	TASTEGGIO	1	0	5000	42055	123766	48	-8	0.26	0.26	0	
17/06/2011 11:03:22	TASTEGGIO	1	0	5000	42055	123768	63	-4	0.23	0.23	0	
17/06/2011 11:03:37	TASTEGGIO	0	1	5000	42055	123768	83	-7	0.19	0.19	0	
17/06/2011 11:03:53	TASTEGGIO	0	2	5000	42055	123769	114	-34	0.23	0.23	0	
17/06/2011 11:04:10	TASTEGGIO	0	1	5000	42055	123769	86	-37	0.52	0.52	0	
17/06/2011 11:04:23	TASTEGGIO	0	1	5000	42055	123769	0	-9	0.41	0.41	0	
17/06/2011 11:04:38	TASTEGGIO	0	2	5000	42055	123769	45	-14	0.29	0.29	0	
17/06/2011 11:04:53	TASTEGGIO	0	3	5000	42055	123769	80	-27	0.10	0.10	0	
17/06/2011 11:05:00	TASTEGGIO	0	3	5000	42055	123765	80	-27	0.07	0.11	-44500	
17/06/2011 11:05:20	TASTEGGIO	1	0	5000	42055	168187	52	-2	0.09	0.09	0	
17/06/2011 11:05:35	TASTEGGIO	0	1	5000	42055	168188	59	-1	0.08	0.08	0	
17/06/2011 11:05:51	TASTEGGIO	0	2	5000	42055	168188	73	-9	0.07	0.07	0	
17/06/2011 11:06:07	TASTEGGIO	0	1	5000	42055	168188	66	-12	0.17	0.17	0	
17/06/2011 11:06:22	TASTEGGIO	0	1	5000	42055	168188	24	-7	0.09	0.09	0	
17/06/2011 11:06:37	TASTEGGIO	0	2	5000	42055	168188	30	-1	0.09	0.09	0	
17/06/2011 11:06:52	TASTEGGIO	0	1	5000	42055	168189	66	-7	0.02	0.02	0	
17/06/2011 11:07:02	TASTEGGIO	0	1	5000	42055	123772	66	-7	0.03	0.04	44500	
17/06/2011 11:09:07	TASTEGGIO	0	1	5000	42055	123770	66	-7	0.13	0.13	0	
17/06/2011 11:09:24	TASTEGGIO	1	0	5000	42055	123772	54	-4	0.11	0.11	0	
17/06/2011 11:09:39	TASTEGGIO	0	1	5000	42055	123772	63	-1	0.08	0.08	0	
17/06/2011 11:09:54	TASTEGGIO	0	2	5000	42055	123772	71	-2	0.08	0.08	0	
17/06/2011 11:10:11	TASTEGGIO	0	1	5000	42055	123772	103	-21	0.13	0.13	0	
17/06/2011 11:10:27	TASTEGGIO	0	1	5000	42055	123772	81	-9	0.17	0.17	0	
17/06/2011 11:10:44	TASTEGGIO	0	1	5000	42055	123772	147	-101	0.81	0.81	0	
17/06/2011 11:10:56	TASTEGGIO	0	1	5000	42055	123772	0	-5	0.73	0.73	0	
17/06/2011 11:11:15	TASTEGGIO	0	1	5000	42055	123773	196	-131	0.56	0.56	0	
17/06/2011 11:11:33	TASTEGGIO	0	1	5000	42055	123773	153	-102	0.50	0.50	0	
17/06/2011 11:11:50	TASTEGGIO	0	1	5000	42055	123773	108	-59	0.14	0.14	0	
17/06/2011 11:12:06	TASTEGGIO	0	1	5000	42055	123773	104	-63	0.49	0.49	0	
17/06/2011 11:12:19	TASTEGGIO	0	1	5000	42055	123773	0	-10	0.39	0.39	0	
17/06/2011 11:12:33	TASTEGGIO	0	2	5000	42055	123773	43	-15	0.24	0.24	0	
17/06/2011 11:12:48	TASTEGGIO	0	3	5000	42055	123773	68	-21	0.06	0.06	0	
17/06/2011 11:13:03	TASTEGGIO	0	0	5000	42055	123773	49	-3	0.05	0.05	0	
17/06/2011 11:13:18	TASTEGGIO	0	1	5000	42055	123773	53	-3	0.05	0.05	0	
17/06/2011 11:13:26	TASTEGGIO	0	1	5000	42055	123767	53	-3	0.05	0.06	-44500	
17/06/2011 11:13:46	TASTEGGIO	1	0	5000	42055	168189	49	-2	0.04	0.04	0	
17/06/2011 11:13:56	TASTEGGIO	1	0	5000	42055	123768	49	-2	0.03	0.05	24500	
17/06/2011 11:15:45	TASTEGGIO	1	0	5000	42055	123768	49	-2	0.06	0.06	-24500	
17/06/2011 11:16:04	TASTEGGIO	1	0	5000	42055	148177	49	-5	0.04	0.04	0	
17/06/2011 11:16:13	TASTEGGIO	1	0	5000	42055	123769	49	-5	0.02	0.03	-24500	
17/06/2011 11:18:04	TASTEGGIO	1	0	5000	42055	123776	49	-5	0.12	0.12	0	
17/06/2011 11:18:21	TASTEGGIO	1	0	5000	42055	123779	53	-4	0.10	0.10	0	
17/06/2011 11:18:37	TASTEGGIO	0	1	5000	42055	123779	61	-1	0.09	0.09	0	
17/06/2011 11:18:52	TASTEGGIO	0	2	5000	42055	123779	77	-5	0.05	0.05	0	
17/06/2011 11:19:09	TASTEGGIO	0	3	5000	42055	123779	81	-11	0.11	0.11	0	
17/06/2011 11:19:25	TASTEGGIO	0	1	5000	42055	123779	56	-7	0.13	0.13	0	
17/06/2011 11:19:41	TASTEGGIO	0	1	5000	42055	123779	101	-31	0.16	0.16	0	
17/06/2011 11:19:57	TASTEGGIO	0	1	5000	42055	123779	81	-28	0.15	0.15	0	
17/06/2011 11:20:12	TASTEGGIO	0	1	5000	42055	123779	66	-18	0.06	0.06	0	
17/06/2011 11:20:28	TASTEGGIO	0	1	5000	42055	123779	63	-12	0.06	0.06	0	
17/06/2011 11:20:43	TASTEGGIO	0	1	5000	42055	123779	57	-14	0.07	0.07	0	
17/06/2011 11:20:59	TASTEGGIO	0	1	5000	42055	123779	48	-8	0.03	0.03	0	
17/06/2011 11:21:06	TASTEGGIO	0	1	5000	42055	123773	48	-8	0.01	0.03	44500	
17/06/2011 11:22:23	ALARM 17	proc 12 prog 10 step 47	LavoroTerminato
17/06/2011 11:25:00	TASTEGGIO	0	1	5000	42055	123774	48	-8	0.16	0.16	0	
17/06/2011 11:25:17	TASTEGGIO	1	0	5000	42055	123777	56	-3	0.14	0.14	0	
17/06/2011 11:25:25	TASTEGGIO	1	0	5000	42055	123770	56	-3	0.15	0.15	0	
17/06/2011 11:25:41	TASTEGGIO	1	0	5000	42055	123772	55	0	0.14	0.14	0	
17/06/2011 11:25:49	TASTEGGIO	1	0	5000	42055	123767	55	0	0.13	0.13	0	
17/06/2011 11:26:06	TASTEGGIO	1	0	5000	42055	123770	54	0	0.13	0.13	0	
17/06/2011 11:26:21	TASTEGGIO	0	1	5000	42055	123770	80	-7	0.07	0.07	0	
17/06/2011 11:26:36	TASTEGGIO	0	2	5000	42055	123770	85	-9	0.02	0.02	0	
17/06/2011 11:26:44	TASTEGGIO	0	2	5000	42055	123766	85	-9	0.01	0.03	-44500	
17/06/2011 11:28:46	TASTEGGIO	0	2	5000	42055	123780	85	-9	0.19	0.19	-24500	
17/06/2011 11:29:06	TASTEGGIO	1	0	5000	42055	148188	58	-5	0.17	0.17	0	
17/06/2011 11:29:22	TASTEGGIO	0	1	5000	42055	148189	73	-5	0.12	0.12	0	
17/06/2011 11:29:31	TASTEGGIO	0	1	5000	42055	123773	73	-5	0.13	0.13	0	
17/06/2011 11:29:48	TASTEGGIO	1	0	5000	42055	123775	54	0	0.12	0.12	0	
17/06/2011 11:30:04	TASTEGGIO	0	1	5000	42055	123776	76	-5	0.07	0.07	0	
17/06/2011 11:30:20	TASTEGGIO	0	2	5000	42055	123776	81	-7	0.03	0.03	0	
17/06/2011 11:30:27	TASTEGGIO	0	2	5000	42055	123773	81	-7	0.01	0.04	-44500	
17/06/2011 11:31:42	ALARM 17	proc 12 prog 10 step 47	LavoroTerminato
17/06/2011 11:32:20	ALARM 203		err.0
17/06/2011 11:33:02	ALARM 203		err.4007
17/06/2011 11:33:41	ALARM 203		err.0
17/06/2011 11:34:53	ALARM 203		err.4007
17/06/2011 11:41:09	ALARM 401		
17/06/2011 11:51:42	ALARM 401		
17/06/2011 11:51:43	ALARM 401		
17/06/2011 11:51:58	ALARM 203		err.0
17/06/2011 11:52:11	ALARM 203		err.4007
17/06/2011 11:52:19	ALARM 203		err.0
17/06/2011 11:52:40	ALARM 203		err.4007
17/06/2011 11:53:01	ALARM 203		err.0
17/06/2011 11:53:03	ALARM 203		err.4007
17/06/2011 11:53:13	ALARM 203		err.0
17/06/2011 11:53:18	ALARM 203		err.4007
17/06/2011 11:53:21	ALARM 203		err.0
17/06/2011 11:53:23	ALARM 203		err.4007
17/06/2011 11:53:58	ALARM 26	proc 12 prog 117 step 4	Macchina non azzerata
17/06/2011 11:54:13	ALARM 203		err.0
17/06/2011 11:54:33	ALARM 203		err.4007
17/06/2011 11:54:36	ALARM 401		
17/06/2011 11:55:49	ALARM 401		
17/06/2011 11:55:53	INIT OK
17/06/2011 11:56:03	ALARM 203		err.0
17/06/2011 11:56:05	ALARM 203		err.4007
17/06/2011 11:56:07	ALARM 401		
17/06/2011 11:56:09	ALARM 401		
17/06/2011 11:56:10	ALARM 401		
17/06/2011 11:56:11	ALARM 401		
17/06/2011 12:03:39	ALARM 401		
17/06/2011 12:09:43	ALARM 18	proc 12 prog 84 step 16	Tondo Non Presente Su Carrello 1
17/06/2011 12:14:29	ALARM 203		err.0
17/06/2011 12:14:46	ALARM 203		err.4007
17/06/2011 12:18:35	ALARM 203		err.0
17/06/2011 12:18:39	ALARM 203		err.4007
17/06/2011 12:18:48	ALARM 203		err.0
17/06/2011 12:18:51	ALARM 203		err.4007
17/06/2011 12:18:56	ALARM 203		err.0
17/06/2011 12:18:58	ALARM 203		err.4007
17/06/2011 12:19:26	ALARM 203		err.0
17/06/2011 12:19:31	ALARM 203		err.4007
17/06/2011 12:19:40	ALARM 401		
17/06/2011 13:25:55	ALARM 401		
17/06/2011 13:25:56	ALARM 401		
17/06/2011 13:25:57	ALARM 401		
17/06/2011 13:25:58	ALARM 401		
17/06/2011 13:25:59	ALARM 401		
17/06/2011 13:26:02	ALARM 200		err.0
17/06/2011 13:26:03	ALARM 200		err.0
17/06/2011 13:26:04	ALARM 200		err.0
17/06/2011 13:26:05	ALARM 200		err.0
17/06/2011 13:26:05	ALARM 200		err.0
17/06/2011 13:26:23	ALARM 200		err.0
17/06/2011 13:26:24	ALARM 200		err.0
17/06/2011 13:26:27	ALARM 200		err.0
17/06/2011 13:26:28	ALARM 200		err.0
17/06/2011 13:26:29	ALARM 200		err.0
17/06/2011 13:26:29	ALARM 200		err.0
17/06/2011 13:26:30	ALARM 200		err.0
17/06/2011 13:26:32	ALARM 200		err.0
17/06/2011 13:26:33	ALARM 200		err.0
17/06/2011 13:26:39	ALARM 200		err.0
17/06/2011 13:26:39	ALARM 200		err.0
17/06/2011 13:26:40	ALARM 200		err.0
17/06/2011 13:26:41	ALARM 200		err.0
17/06/2011 13:26:41	ALARM 200		err.0
17/06/2011 13:28:07	ALARM 401		
17/06/2011 13:28:09	INIT OK
17/06/2011 13:28:53	ALARM 602	proc 12 prog 3 step 33	ASPETTA MEM 201
17/06/2011 13:31:38	ALARM 26	proc 12 prog 117 step 4	Macchina non azzerata
17/06/2011 13:32:32	ALARM 602	proc 12 prog 3 step 33	ASPETTA MEM 201
17/06/2011 13:35:09	ALARM 401		
17/06/2011 13:37:13	ALARM 26	proc 12 prog 117 step 4	Macchina non azzerata
17/06/2011 13:38:05	ALARM 602	proc 12 prog 3 step 33	ASPETTA MEM 201
17/06/2011 13:39:34	ALARM 401		
17/06/2011 13:43:19	ALARM 401		
17/06/2011 13:43:28	ALARM 26	proc 12 prog 117 step 4	Macchina non azzerata
17/06/2011 13:44:08	ALARM 602	proc 12 prog 3 step 33	ASPETTA MEM 201
17/06/2011 13:47:04	ALARM 26	proc 12 prog 117 step 4	Macchina non azzerata
17/06/2011 13:47:12	ALARM 203		err.0
17/06/2011 13:47:38	ALARM 203		err.4007
17/06/2011 13:47:43	ALARM 203		err.0
17/06/2011 13:47:51	ALARM 203		err.4007
17/06/2011 13:48:33	ALARM 401		
17/06/2011 13:59:02	ALARM 26	proc 12 prog 117 step 4	Macchina non azzerata
17/06/2011 14:00:56	ALARM 401		
29/06/2011 15:55:10	ALARM 401		
29/06/2011 15:55:12	INIT OK
29/06/2011 16:16:01	ALARM 401		
29/06/2011 16:16:03	INIT OK
29/06/2011 16:16:28	ALARM 401		
29/06/2011 16:16:29	ALARM 219		encoder 3
29/06/2011 16:16:30	ALARM 401		
29/06/2011 16:16:35	ALARM 401		
29/06/2011 16:18:30	ALARM 401		
29/06/2011 16:18:43	ALARM 401		
29/06/2011 16:23:01	ALARM 219		encoder 3
29/06/2011 16:27:26	SAVE PRG	163
29/06/2011 16:27:56	SAVE PRG	163
29/06/2011 16:28:38	SAVE PRG	163
29/06/2011 16:29:15	SAVE PRG	163
29/06/2011 16:29:43	SAVE PRG	163
29/06/2011 16:30:13	SAVE PRG	163
29/06/2011 16:31:16	ALARM 215		axis 3 - config when on
29/06/2011 16:32:34	ALARM 215		axis 3 - config when on
29/06/2011 16:32:51	ALARM 401		
29/06/2011 16:33:26	ALARM 401		
29/06/2011 16:33:27	ALARM 401		
29/06/2011 16:33:28	ALARM 401		
29/06/2011 16:33:54	ALARM 219		encoder 3
29/06/2011 16:34:54	SAVE PRG	163
29/06/2011 16:47:05	ALARM 203		err.0
29/06/2011 16:47:10	ALARM 203		err.4007
29/06/2011 16:54:45	ALARM 401		
29/06/2011 17:12:00	SAVE PRG	2
29/06/2011 17:12:09	SAVE PRG	2
29/06/2011 17:13:07	ALARM 401		
29/06/2011 17:13:08	ALARM 401		
29/06/2011 17:13:09	ALARM 401		
29/06/2011 17:13:10	ALARM 401		
29/06/2011 17:13:10	ALARM 401		
29/06/2011 17:13:11	ALARM 401		
29/06/2011 17:13:12	ALARM 401		
29/06/2011 17:18:38	ALARM 215		axis 3 - config when on
29/06/2011 17:19:25	ALARM 215		axis 3 - config when on
29/06/2011 17:20:50	ALARM 215		axis 3 - config when on
29/06/2011 17:21:05	SAVE PRG	163
29/06/2011 17:30:48	ALARM 401		
29/06/2011 17:32:42	ALARM 401		
29/06/2011 17:32:44	INIT OK
29/06/2011 17:33:26	ALARM 219		encoder 3
29/06/2011 17:34:17	ALARM 602	proc 12 prog 3 step 33	ASPETTA MEM 201
29/06/2011 17:44:03	TASTEGGIO	0	0	5000	42057	123778	0	0	0.09	0.09	-24500	
29/06/2011 17:44:17	ALARM 502	proc 12 prog 85 step 18	press axis over limit
29/06/2011 17:45:27	TASTEGGIO	1	0	5000	42057	123767	222	-2	0.09	0.09	0	
29/06/2011 17:45:39	ALARM 502	proc 12 prog 85 step 18	press axis over limit
29/06/2011 17:58:03	ALARM 406		
30/06/2011 07:15:14	ALARM 401		
30/06/2011 07:15:16	INIT OK
30/06/2011 07:15:59	ALARM 219		encoder 3
30/06/2011 07:17:57	SAVE PRG	163
30/06/2011 07:18:56	SAVE PRG	163
30/06/2011 07:19:22	SAVE PRG	163
30/06/2011 07:19:48	SAVE PRG	163
30/06/2011 07:20:12	SAVE PRG	163
30/06/2011 07:20:40	SAVE PRG	163
30/06/2011 07:21:32	SAVE PRG	163
30/06/2011 07:21:51	SAVE PRG	163
30/06/2011 07:21:53	ALARM 713	proc 12 prog 163 step 0	axis 3 pos 25.15
30/06/2011 07:22:16	SAVE PRG	163
30/06/2011 07:22:36	SAVE PRG	163
30/06/2011 07:23:35	SAVE PRG	163
30/06/2011 07:26:03	ALARM 215		axis 3 - config when on
30/06/2011 07:26:48	ALARM 215		axis 3 - config when on
30/06/2011 07:27:16	ALARM 215		axis 3 - config when on
30/06/2011 07:27:29	ALARM 215		axis 3 - config when on
30/06/2011 07:28:02	ALARM 215		axis 3 - config when on
30/06/2011 07:29:10	ALARM 215		axis 3 - config when on
30/06/2011 07:29:18	ALARM 215		axis 3 - config when on
30/06/2011 07:32:09	ALARM 401		
30/06/2011 07:32:10	INIT OK
30/06/2011 07:33:43	SAVE PRG	163
30/06/2011 07:35:09	SAVE PRG	163
30/06/2011 07:44:32	ALARM 215		axis 3 - config when on
30/06/2011 07:49:44	ALARM 215		axis 3 - config when on
30/06/2011 07:49:56	SAVE PRG	163
30/06/2011 07:50:18	SAVE PRG	163
30/06/2011 07:51:28	SAVE PRG	163
30/06/2011 07:52:01	SAVE PRG	163
30/06/2011 07:53:38	ALARM 215		axis 3 - config when on
30/06/2011 07:55:21	ALARM 713	proc 12 prog 163 step 0	axis 3 pos 90.50
30/06/2011 07:55:29	ALARM 203		err.0
30/06/2011 07:55:42	ALARM 203		err.4007
30/06/2011 07:56:02	ALARM 401		
30/06/2011 07:56:31	ALARM 26	proc 12 prog 117 step 4	Macchina non azzerata
30/06/2011 07:56:43	ALARM 401		
30/06/2011 07:57:49	SAVE PRG	2
30/06/2011 07:58:04	SAVE PRG	2
30/06/2011 07:58:11	SAVE PRG	2
30/06/2011 08:02:14	ALARM 401		
30/06/2011 08:02:16	INIT OK
30/06/2011 08:03:38	ALARM 401		
30/06/2011 08:07:23	TASTEGGIO	0	0	5000	42068	123872	0	0	0.09	0.09	0	
30/06/2011 08:07:47	TASTEGGIO	1	0	5000	42068	123875	222	-221	2.05	2.05	0	
30/06/2011 08:08:00	TASTEGGIO	0	1	5000	42068	123875	0	-13	1.87	1.87	0	
30/06/2011 08:08:23	TASTEGGIO	0	1	5000	42068	123876	400	-419	2.22	2.22	0	
30/06/2011 08:08:38	TASTEGGIO	0	1	5000	42068	123875	136	-26	1.94	1.94	0	
30/06/2011 08:09:02	TASTEGGIO	0	2	5000	42068	123877	400	-420	2.21	2.21	0	
30/06/2011 08:09:19	TASTEGGIO	0	1	5000	42068	123876	148	-38	1.79	1.79	0	
30/06/2011 08:09:22	ALARM 401		
30/06/2011 08:09:38	ALARM 203		err.6058
30/06/2011 08:12:25	TASTEGGIO	0	2	5000	42068	123870	400	0	1.79	1.79	0	
30/06/2011 08:12:47	TASTEGGIO	1	0	5000	42068	123875	173	-62	1.16	1.16	0	
30/06/2011 08:13:09	TASTEGGIO	0	1	5000	42068	123876	248	-216	0.97	0.97	0	
30/06/2011 08:13:30	TASTEGGIO	0	1	5000	42068	123876	166	-132	0.34	0.34	0	
30/06/2011 08:13:50	TASTEGGIO	0	1	5000	42068	123876	154	-115	0.80	0.80	0	
30/06/2011 08:14:04	TASTEGGIO	0	1	5000	42068	123875	0	-9	0.70	0.70	0	
30/06/2011 08:14:24	TASTEGGIO	0	2	5000	42068	123876	122	-75	0.07	0.07	0	
30/06/2011 08:14:32	TASTEGGIO	0	2	5000	42068	123869	122	-75	0.07	0.07	0	
30/06/2011 08:14:53	TASTEGGIO	1	0	5000	42068	123872	50	-9	0.05	0.05	0	
30/06/2011 08:15:12	TASTEGGIO	0	1	5000	42068	123872	46	-10	0.06	0.06	0	
30/06/2011 08:15:31	TASTEGGIO	0	1	5000	42068	123872	38	-29	0.24	0.24	0	
30/06/2011 08:15:47	TASTEGGIO	0	1	5000	42068	123872	0	-9	0.17	0.17	0	
30/06/2011 08:16:05	TASTEGGIO	0	2	5000	42068	123872	17	-5	0.11	0.11	0	
30/06/2011 08:16:23	TASTEGGIO	0	3	5000	42068	123872	29	-7	0.05	0.05	0	
30/06/2011 08:16:30	TASTEGGIO	0	3	5000	42068	123867	29	-7	0.06	0.06	-44500	
30/06/2011 08:17:28	ALARM 17	proc 12 prog 10 step 47	LavoroTerminato
30/06/2011 08:22:41	TASTEGGIO	0	3	5000	42055	123870	29	-7	0.18	0.18	0	
30/06/2011 08:23:02	TASTEGGIO	1	0	5000	42055	123873	57	-5	0.17	0.17	0	
30/06/2011 08:23:22	TASTEGGIO	0	1	5000	42055	123873	89	-6	0.11	0.11	0	
30/06/2011 08:23:30	TASTEGGIO	0	1	5000	42055	123867	89	-6	0.10	0.10	24500	
30/06/2011 08:23:51	TASTEGGIO	1	0	5000	42055	99403	52	0	0.10	0.10	0	
30/06/2011 08:24:11	TASTEGGIO	0	1	5000	42055	99403	72	-2	0.09	0.09	0	
30/06/2011 08:24:29	TASTEGGIO	0	2	5000	42055	99403	88	-2	0.07	0.07	0	
30/06/2011 08:24:48	TASTEGGIO	0	3	5000	42055	99403	97	-3	0.04	0.04	0	
30/06/2011 08:24:58	TASTEGGIO	0	3	5000	42055	123750	97	-3	0.05	0.06	-44500	
30/06/2011 08:25:20	TASTEGGIO	1	0	5000	42055	168170	49	-2	0.06	0.06	0	
30/06/2011 08:25:40	TASTEGGIO	0	1	5000	42055	168175	61	-2	0.04	0.04	0	
30/06/2011 08:25:50	TASTEGGIO	0	1	5000	42055	123866	61	-2	0.03	0.04	-24500	
30/06/2011 08:27:55	TASTEGGIO	0	1	5000	42055	123873	61	-2	0.13	0.13	0	
30/06/2011 08:28:15	TASTEGGIO	1	0	5000	42055	123875	54	-4	0.11	0.11	0	
30/06/2011 08:28:33	TASTEGGIO	0	1	5000	42055	123876	63	-2	0.09	0.09	0	
30/06/2011 08:28:52	TASTEGGIO	0	2	5000	42055	123876	77	-3	0.06	0.06	0	
30/06/2011 08:29:11	TASTEGGIO	0	3	5000	42055	123876	83	-4	0.02	0.02	0	
30/06/2011 08:29:19	TASTEGGIO	0	3	5000	42055	123869	83	-4	0.03	0.04	-44500	
30/06/2011 08:31:25	TASTEGGIO	0	3	5000	42055	123868	83	-4	0.09	0.09	0	
30/06/2011 08:31:46	TASTEGGIO	1	0	5000	42055	123870	51	-5	0.07	0.07	0	
30/06/2011 08:32:05	TASTEGGIO	0	1	5000	42055	123870	56	-2	0.06	0.06	0	
30/06/2011 08:32:23	TASTEGGIO	0	2	5000	42055	123870	66	-3	0.04	0.04	0	
30/06/2011 08:32:31	TASTEGGIO	0	2	5000	42055	123864	66	-3	0.05	0.05	44500	
30/06/2011 08:32:52	TASTEGGIO	1	0	5000	42055	79424	48	0	0.04	0.04	0	
30/06/2011 08:33:02	TASTEGGIO	1	0	5000	42055	123751	48	0	0.05	0.05	0	
30/06/2011 08:33:23	TASTEGGIO	1	0	5000	42055	123748	48	-2	0.04	0.04	0	
30/06/2011 08:33:31	TASTEGGIO	1	0	5000	42055	123751	48	-2	0.04	0.05	-44500	
30/06/2011 08:33:53	TASTEGGIO	1	0	5000	42055	168168	48	-2	0.04	0.04	0	
30/06/2011 08:34:04	TASTEGGIO	1	0	5000	42055	123866	48	-2	0.03	0.04	-44500	
30/06/2011 08:36:10	TASTEGGIO	1	0	5000	42055	123773	48	-2	0.08	0.08	0	
30/06/2011 08:36:30	TASTEGGIO	1	0	5000	42055	123776	50	-6	0.11	0.11	0	
30/06/2011 08:36:49	TASTEGGIO	0	1	5000	42055	123776	80	-19	0.22	0.22	0	
30/06/2011 08:37:08	TASTEGGIO	0	1	5000	42055	123776	36	-1	0.22	0.22	0	
30/06/2011 08:37:27	TASTEGGIO	0	1	5000	42055	123776	102	-31	0.09	0.09	0	
30/06/2011 08:37:47	TASTEGGIO	0	1	5000	42055	123776	98	-43	0.33	0.33	0	
30/06/2011 08:38:03	TASTEGGIO	0	1	5000	42055	123776	0	-6	0.25	0.25	0	
30/06/2011 08:38:21	TASTEGGIO	0	2	5000	42055	123777	26	-6	0.19	0.19	0	
30/06/2011 08:38:40	TASTEGGIO	0	3	5000	42055	123777	51	-7	0.11	0.11	0	
30/06/2011 08:38:58	TASTEGGIO	0	4	5000	42055	123777	63	-9	0.03	0.03	0	
30/06/2011 08:39:05	TASTEGGIO	0	4	5000	42055	123769	63	-9	0.03	0.03	44500	
30/06/2011 08:41:11	TASTEGGIO	0	4	5000	42055	123872	63	-9	0.13	0.13	0	
30/06/2011 08:41:32	TASTEGGIO	1	0	5000	42055	123874	54	-5	0.11	0.11	0	
30/06/2011 08:41:51	TASTEGGIO	0	1	5000	42055	123875	63	-2	0.09	0.09	0	
30/06/2011 08:42:10	TASTEGGIO	0	2	5000	42055	123875	77	-4	0.07	0.07	0	
30/06/2011 08:42:30	TASTEGGIO	0	3	5000	42055	123875	86	-12	0.07	0.07	0	
30/06/2011 08:42:49	TASTEGGIO	0	1	5000	42055	123875	79	-18	0.14	0.14	0	
30/06/2011 08:43:08	TASTEGGIO	0	1	5000	42055	123875	51	-10	0.09	0.09	0	
30/06/2011 08:43:27	TASTEGGIO	0	2	5000	42055	123875	59	-3	0.06	0.06	0	
30/06/2011 08:43:46	TASTEGGIO	0	3	5000	42055	123875	65	-7	0.04	0.04	0	
30/06/2011 08:43:53	TASTEGGIO	0	3	5000	42055	123868	65	-7	0.04	0.05	24500	
30/06/2011 08:44:15	TASTEGGIO	1	0	5000	42055	99404	48	-1	0.04	0.04	0	
30/06/2011 08:44:24	TASTEGGIO	1	0	5000	42055	123757	48	-1	0.03	0.03	-44500	
30/06/2011 08:46:31	TASTEGGIO	1	0	5000	42055	123870	48	-1	0.09	0.09	0	
30/06/2011 08:46:52	TASTEGGIO	1	0	5000	42055	123872	51	-4	0.07	0.07	0	
30/06/2011 08:47:10	TASTEGGIO	0	1	5000	42055	123872	56	-1	0.06	0.06	0	
30/06/2011 08:47:30	TASTEGGIO	0	2	5000	42055	123872	66	-2	0.04	0.04	0	
30/06/2011 08:47:37	TASTEGGIO	0	2	5000	42055	123865	66	-2	0.04	0.05	24500	
30/06/2011 08:47:59	TASTEGGIO	1	0	5000	42055	99414	48	-1	0.04	0.04	0	
30/06/2011 08:48:09	TASTEGGIO	1	0	5000	42055	123755	48	-1	0.04	0.05	-44500	
30/06/2011 08:48:31	TASTEGGIO	1	0	5000	42055	168179	48	-3	0.02	0.02	0	
30/06/2011 08:48:42	TASTEGGIO	1	0	5000	42055	123862	48	-3	0.03	0.04	44500	
30/06/2011 08:50:46	TASTEGGIO	1	0	5000	42055	123870	48	-3	0.07	0.07	0	
30/06/2011 08:51:06	TASTEGGIO	1	0	5000	42055	123872	50	-5	0.05	0.05	0	
30/06/2011 08:51:25	TASTEGGIO	0	1	5000	42055	123872	53	-1	0.04	0.04	0	
30/06/2011 08:51:32	TASTEGGIO	0	1	5000	42055	123867	53	-1	0.05	0.05	-44500	
30/06/2011 08:51:55	TASTEGGIO	1	0	5000	42055	168291	48	-2	0.04	0.04	0	
30/06/2011 08:52:05	TASTEGGIO	1	0	5000	42055	123869	48	-2	0.04	0.04	0	
30/06/2011 08:54:13	TASTEGGIO	1	0	5000	42055	123874	48	-2	0.22	0.22	0	
30/06/2011 08:54:34	TASTEGGIO	1	0	5000	42055	123877	60	-4	0.21	0.21	0	
30/06/2011 08:54:54	TASTEGGIO	0	1	5000	42055	123878	100	-16	0.07	0.07	0	
30/06/2011 08:55:01	TASTEGGIO	0	1	5000	42055	123870	100	-16	0.06	0.10	44500	
30/06/2011 08:55:23	TASTEGGIO	1	0	5000	42055	79437	52	0	0.09	0.09	0	
30/06/2011 08:55:41	TASTEGGIO	0	1	5000	42055	79436	60	0	0.09	0.09	0	
30/06/2011 08:55:59	TASTEGGIO	0	1	5000	42055	79434	87	0	0.07	0.07	0	
30/06/2011 08:56:19	TASTEGGIO	0	2	5000	42055	79433	94	-1	0.07	0.07	0	
30/06/2011 08:56:39	TASTEGGIO	0	1	5000	42055	79433	122	-9	0.02	0.02	0	
30/06/2011 08:56:49	TASTEGGIO	0	1	5000	42055	123758	122	-9	0.02	0.04	-44500	
30/06/2011 08:58:54	TASTEGGIO	0	1	5000	42055	123871	122	-9	0.13	0.13	0	
30/06/2011 08:59:16	TASTEGGIO	1	0	5000	42055	123873	54	-5	0.10	0.10	0	
30/06/2011 08:59:34	TASTEGGIO	0	1	5000	42055	123873	61	-1	0.09	0.09	0	
30/06/2011 08:59:53	TASTEGGIO	0	2	5000	42055	123873	77	-3	0.07	0.07	0	
30/06/2011 09:00:12	TASTEGGIO	0	3	5000	42055	123873	86	-7	0.01	0.01	0	
30/06/2011 09:00:19	TASTEGGIO	0	3	5000	42055	123868	86	-7	0.01	0.05	-44500	
30/06/2011 09:00:42	TASTEGGIO	1	0	5000	42055	168289	48	-1	0.02	0.02	0	
30/06/2011 09:00:52	TASTEGGIO	1	0	5000	42055	123867	48	-1	0.01	0.03	-44500	
30/06/2011 09:02:56	TASTEGGIO	1	0	5000	42055	123873	48	-1	0.15	0.15	0	
30/06/2011 09:03:18	TASTEGGIO	1	0	5000	42055	123875	55	-4	0.13	0.13	0	
30/06/2011 09:03:25	TASTEGGIO	1	0	5000	42055	123869	55	-4	0.12	0.12	0	
30/06/2011 09:03:46	TASTEGGIO	1	0	5000	42055	123872	53	-1	0.12	0.12	0	
30/06/2011 09:04:05	TASTEGGIO	0	1	5000	42055	123873	77	-3	0.09	0.09	0	
30/06/2011 09:04:25	TASTEGGIO	0	2	5000	42055	123873	86	-7	0.04	0.04	0	
30/06/2011 09:04:32	TASTEGGIO	0	2	5000	42055	123868	86	-7	0.04	0.07	-44500	
30/06/2011 09:04:55	TASTEGGIO	1	0	5000	42055	168287	50	-1	0.05	0.05	0	
30/06/2011 09:05:14	TASTEGGIO	0	1	5000	42055	168290	53	0	0.05	0.05	0	
30/06/2011 09:05:32	TASTEGGIO	0	1	5000	42055	168290	68	-2	0.03	0.03	0	
30/06/2011 09:05:43	TASTEGGIO	0	1	5000	42055	123864	68	-2	0.02	0.03	-24500	
30/06/2011 09:06:57	ALARM 17	proc 12 prog 10 step 47	LavoroTerminato
30/06/2011 09:13:54	TASTEGGIO	0	1	5000	42055	123871	68	-2	0.15	0.15	0	
30/06/2011 09:14:15	TASTEGGIO	1	0	5000	42055	123877	55	-5	0.14	0.14	0	
30/06/2011 09:14:22	TASTEGGIO	1	0	5000	42055	123868	55	-5	0.14	0.14	0	
30/06/2011 09:14:43	TASTEGGIO	1	0	5000	42055	123870	55	-1	0.13	0.13	0	
30/06/2011 09:15:02	TASTEGGIO	0	1	5000	42055	123871	79	-5	0.08	0.08	0	
30/06/2011 09:15:21	TASTEGGIO	0	2	5000	42055	123871	85	-5	0.03	0.03	0	
30/06/2011 09:15:28	TASTEGGIO	0	2	5000	42055	123865	85	-5	0.03	0.05	44500	
30/06/2011 09:15:49	TASTEGGIO	1	0	5000	42055	79434	48	0	0.04	0.04	0	
30/06/2011 09:16:00	TASTEGGIO	1	0	5000	42055	123758	48	0	0.03	0.05	-44500	
30/06/2011 09:16:22	TASTEGGIO	1	0	5000	42055	168187	48	-2	0.03	0.03	0	
30/06/2011 09:16:32	TASTEGGIO	1	0	5000	42055	123867	48	-2	0.02	0.04	44500	
30/06/2011 09:18:40	TASTEGGIO	1	0	5000	42055	123880	48	-2	0.06	0.06	0	
30/06/2011 09:19:00	TASTEGGIO	1	0	5000	42055	123882	49	-6	0.02	0.02	0	
30/06/2011 09:19:08	TASTEGGIO	1	0	5000	42055	123876	49	-6	0.03	0.04	24500	
30/06/2011 09:21:12	TASTEGGIO	1	0	5000	42055	123872	49	-6	0.13	0.13	0	
30/06/2011 09:21:34	TASTEGGIO	1	0	5000	42055	123874	54	-5	0.12	0.12	0	
30/06/2011 09:21:52	TASTEGGIO	0	1	5000	42055	123874	76	-4	0.07	0.07	0	
30/06/2011 09:22:11	TASTEGGIO	0	2	5000	42055	123874	81	-3	0.05	0.05	0	
30/06/2011 09:22:30	TASTEGGIO	0	3	5000	42055	123874	87	-4	0.01	0.01	0	
30/06/2011 09:22:38	TASTEGGIO	0	3	5000	42055	123867	87	-4	0.01	0.04	44500	
30/06/2011 09:24:42	TASTEGGIO	0	3	5000	42055	123880	87	-4	0.07	0.07	0	
30/06/2011 09:25:03	TASTEGGIO	1	0	5000	42055	123882	50	-5	0.06	0.06	0	
30/06/2011 09:25:21	TASTEGGIO	0	1	5000	42055	123883	55	-2	0.05	0.05	0	
30/06/2011 09:25:41	TASTEGGIO	0	2	5000	42055	123883	63	-2	0.03	0.03	0	
30/06/2011 09:25:48	TASTEGGIO	0	2	5000	42055	123874	63	-2	0.04	0.04	-44500	
30/06/2011 09:27:54	TASTEGGIO	0	2	5000	42055	123881	63	-2	0.10	0.10	0	
30/06/2011 09:28:14	TASTEGGIO	1	0	5000	42055	123884	52	-4	0.07	0.07	0	
30/06/2011 09:28:33	TASTEGGIO	0	1	5000	42055	123884	56	-1	0.07	0.07	0	
30/06/2011 09:28:51	TASTEGGIO	0	1	5000	42055	123884	77	-6	0.02	0.02	0	
30/06/2011 09:28:59	TASTEGGIO	0	1	5000	42055	123876	77	-6	0.03	0.04	44500	
30/06/2011 09:31:05	TASTEGGIO	0	1	5000	42055	123883	77	-6	0.05	0.05	0	
30/06/2011 09:31:26	TASTEGGIO	1	0	5000	42055	123886	48	-5	0.03	0.03	0	
30/06/2011 09:31:34	TASTEGGIO	1	0	5000	42055	123879	48	-5	0.03	0.03	-24500	
30/06/2011 09:33:41	TASTEGGIO	1	0	5000	42055	123881	48	-5	0.21	0.21	0	
30/06/2011 09:34:01	TASTEGGIO	1	0	5000	42055	123885	60	-2	0.19	0.19	0	
30/06/2011 09:34:19	TASTEGGIO	0	1	5000	42055	123885	94	-11	0.08	0.08	0	
30/06/2011 09:34:26	TASTEGGIO	0	1	5000	42055	123876	94	-11	0.08	0.10	-44500	
30/06/2011 09:34:49	TASTEGGIO	1	0	5000	42055	168302	52	-2	0.08	0.08	0	
30/06/2011 09:35:08	TASTEGGIO	0	1	5000	42055	168303	58	-1	0.07	0.07	0	
30/06/2011 09:35:28	TASTEGGIO	0	2	5000	42055	168305	70	-3	0.04	0.04	0	
30/06/2011 09:35:38	TASTEGGIO	0	2	5000	42055	123870	70	-3	0.04	0.07	24500	
30/06/2011 09:36:00	TASTEGGIO	1	0	5000	42055	99417	50	-2	0.05	0.05	0	
30/06/2011 09:36:19	TASTEGGIO	0	1	5000	42055	99417	53	-1	0.04	0.04	0	
30/06/2011 09:36:28	TASTEGGIO	0	1	5000	42055	123761	53	-1	0.03	0.05	44500	
30/06/2011 09:36:50	TASTEGGIO	1	0	5000	42055	79327	48	1	0.05	0.05	0	
30/06/2011 09:37:08	TASTEGGIO	0	1	5000	42055	79325	58	0	0.04	0.04	0	
30/06/2011 09:37:18	TASTEGGIO	0	1	5000	42055	123754	58	0	0.03	0.05	44500	
30/06/2011 09:37:39	TASTEGGIO	1	0	5000	42055	79319	48	0	0.05	0.05	0	
30/06/2011 09:37:57	TASTEGGIO	0	1	5000	42055	79316	58	0	0.04	0.04	0	
30/06/2011 09:38:07	TASTEGGIO	0	1	5000	42055	123752	58	0	0.03	0.05	44500	
30/06/2011 09:38:28	TASTEGGIO	1	0	5000	42055	79317	48	0	0.04	0.04	0	
30/06/2011 09:38:38	TASTEGGIO	1	0	5000	42055	123747	48	0	0.03	0.05	44500	
30/06/2011 09:38:59	TASTEGGIO	1	0	5000	42055	79312	48	0	0.05	0.05	0	
30/06/2011 09:39:10	TASTEGGIO	1	0	5000	42055	123746	48	0	0.03	0.05	44500	
30/06/2011 09:41:02	TASTEGGIO	1	0	5000	42055	123876	48	0	0.13	0.13	0	
30/06/2011 09:41:23	TASTEGGIO	1	0	5000	42055	123879	54	-5	0.12	0.12	0	
30/06/2011 09:41:43	TASTEGGIO	0	1	5000	42055	123879	76	-5	0.08	0.08	0	
30/06/2011 09:42:02	TASTEGGIO	0	2	5000	42055	123879	83	-12	0.04	0.04	0	
30/06/2011 09:42:10	TASTEGGIO	0	2	5000	42055	123870	83	-12	0.03	0.03	0	
30/06/2011 09:44:17	TASTEGGIO	0	2	5000	42055	123878	83	-12	0.11	0.11	0	
30/06/2011 09:44:38	TASTEGGIO	1	0	5000	42055	123881	52	-5	0.09	0.09	0	
30/06/2011 09:44:56	TASTEGGIO	0	1	5000	42055	123881	59	-1	0.06	0.06	0	
30/06/2011 09:45:14	TASTEGGIO	0	2	5000	42055	123881	64	-2	0.06	0.06	0	
30/06/2011 09:45:33	TASTEGGIO	0	1	5000	42055	123881	88	-16	0.09	0.09	0	
30/06/2011 09:45:52	TASTEGGIO	0	1	5000	42055	123881	74	-23	0.15	0.15	0	
30/06/2011 09:46:10	TASTEGGIO	0	1	5000	42055	123881	48	-9	0.05	0.05	0	
30/06/2011 09:46:30	TASTEGGIO	0	0	5000	42055	123882	48	-1	0.04	0.04	0	
30/06/2011 09:46:37	TASTEGGIO	0	0	5000	42055	123872	48	-1	0.05	0.05	-44500	
30/06/2011 09:47:00	TASTEGGIO	1	0	5000	42055	168306	48	-2	0.04	0.04	0	
30/06/2011 09:47:10	TASTEGGIO	1	0	5000	42055	123870	48	-2	0.04	0.04	24500	
30/06/2011 09:49:16	TASTEGGIO	1	0	5000	42055	123782	48	-2	0.14	0.14	0	
30/06/2011 09:49:37	TASTEGGIO	1	0	5000	42055	123785	55	-4	0.12	0.12	0	
30/06/2011 09:49:55	TASTEGGIO	0	1	5000	42055	123785	65	-1	0.10	0.10	0	
30/06/2011 09:50:14	TASTEGGIO	0	2	5000	42055	123785	81	-5	0.05	0.05	0	
30/06/2011 09:50:32	TASTEGGIO	0	0	5000	42055	123785	48	0	0.05	0.05	0	
30/06/2011 09:50:51	TASTEGGIO	0	1	5000	42055	123785	58	0	0.05	0.05	0	
30/06/2011 09:51:11	TASTEGGIO	0	1	5000	42055	123785	73	-2	0.04	0.04	0	
30/06/2011 09:51:19	TASTEGGIO	0	1	5000	42055	123776	73	-2	0.04	0.06	-44500	
30/06/2011 09:51:42	TASTEGGIO	1	0	5000	42055	168202	49	-1	0.04	0.04	0	
30/06/2011 09:51:52	TASTEGGIO	1	0	5000	42055	123772	49	-1	0.03	0.05	44500	
30/06/2011 09:52:13	TASTEGGIO	1	0	5000	42055	79338	48	0	0.04	0.04	0	
30/06/2011 09:52:23	TASTEGGIO	1	0	5000	42055	123651	48	0	0.03	0.04	44500	
30/06/2011 09:54:30	TASTEGGIO	1	0	5000	42055	123874	48	0	0.16	0.16	0	
30/06/2011 09:54:51	TASTEGGIO	1	0	5000	42055	123876	56	-7	0.14	0.14	0	
30/06/2011 09:54:59	TASTEGGIO	1	0	5000	42055	123869	56	-7	0.14	0.14	0	
30/06/2011 09:55:19	TASTEGGIO	1	0	5000	42055	123871	55	-2	0.12	0.12	0	
30/06/2011 09:55:39	TASTEGGIO	0	1	5000	42055	123872	65	-3	0.08	0.08	0	
30/06/2011 09:55:57	TASTEGGIO	0	2	5000	42055	123872	72	-8	0.01	0.01	0	
30/06/2011 09:56:04	TASTEGGIO	0	2	5000	42055	123865	72	-8	0.02	0.05	-44500	
30/06/2011 09:56:26	TASTEGGIO	1	0	5000	42055	168294	48	-3	0.01	0.01	0	
30/06/2011 09:56:36	TASTEGGIO	1	0	5000	42055	123865	48	-3	0.02	0.03	44500	
30/06/2011 09:58:44	TASTEGGIO	1	0	5000	42055	123873	48	-3	0.16	0.16	0	
30/06/2011 09:59:05	TASTEGGIO	1	0	5000	42055	123875	56	-6	0.13	0.13	0	
30/06/2011 09:59:12	TASTEGGIO	1	0	5000	42055	123867	56	-6	0.13	0.13	0	
30/06/2011 09:59:33	TASTEGGIO	1	0	5000	42055	123870	54	-1	0.11	0.11	0	
30/06/2011 09:59:51	TASTEGGIO	0	1	5000	42055	123870	63	-3	0.09	0.09	0	
30/06/2011 10:00:10	TASTEGGIO	0	2	5000	42055	123870	77	-10	0.04	0.04	0	
30/06/2011 10:00:17	TASTEGGIO	0	2	5000	42055	123864	77	-10	0.03	0.04	-44500	
30/06/2011 10:02:22	TASTEGGIO	0	2	5000	42055	123873	77	-10	0.17	0.17	0	
30/06/2011 10:02:44	TASTEGGIO	1	0	5000	42055	123876	57	-5	0.15	0.15	0	
30/06/2011 10:03:02	TASTEGGIO	0	1	5000	42055	123875	70	-1	0.13	0.13	0	
30/06/2011 10:03:10	TASTEGGIO	0	1	5000	42055	123868	70	-1	0.14	0.15	-24500	
30/06/2011 10:03:32	TASTEGGIO	1	0	5000	42055	148286	55	-2	0.12	0.12	0	
30/06/2011 10:03:41	TASTEGGIO	1	0	5000	42055	123867	55	-2	0.12	0.12	0	
30/06/2011 10:04:02	TASTEGGIO	1	0	5000	42055	123870	53	0	0.12	0.12	0	
30/06/2011 10:04:20	TASTEGGIO	0	1	5000	42055	123870	77	-2	0.10	0.10	0	
30/06/2011 10:04:39	TASTEGGIO	0	2	5000	42055	123870	93	-8	0.02	0.02	0	
30/06/2011 10:04:47	TASTEGGIO	0	2	5000	42055	123868	93	-8	0.02	0.06	-44500	
30/06/2011 10:05:10	TASTEGGIO	1	0	5000	42055	168298	49	-1	0.03	0.03	0	
30/06/2011 10:05:20	TASTEGGIO	1	0	5000	42055	123869	49	-1	0.01	0.04	-44500	
30/06/2011 10:07:15	TASTEGGIO	1	0	5000	42055	123876	49	-1	0.07	0.07	0	
30/06/2011 10:07:36	TASTEGGIO	1	0	5000	42055	123878	50	-4	0.05	0.05	0	
30/06/2011 10:07:54	TASTEGGIO	0	1	5000	42055	123878	53	-1	0.04	0.04	0	
30/06/2011 10:08:02	TASTEGGIO	0	1	5000	42055	123870	53	-1	0.04	0.05	-44500	
30/06/2011 10:08:25	TASTEGGIO	1	0	5000	42055	168300	48	-2	0.02	0.02	0	
30/06/2011 10:08:35	TASTEGGIO	1	0	5000	42055	123865	48	-2	0.03	0.03	44500	
30/06/2011 10:10:41	TASTEGGIO	1	0	5000	42055	123866	48	-2	0.09	0.09	0	
30/06/2011 10:11:03	TASTEGGIO	1	0	5000	42055	123868	51	-5	0.06	0.06	0	
30/06/2011 10:11:22	TASTEGGIO	0	1	5000	42055	123868	54	-1	0.05	0.05	0	
30/06/2011 10:11:42	TASTEGGIO	0	2	5000	42055	123868	62	-2	0.04	0.04	0	
30/06/2011 10:11:49	TASTEGGIO	0	2	5000	42055	123863	62	-2	0.04	0.05	-44500	
30/06/2011 10:12:12	TASTEGGIO	1	0	5000	42055	168296	48	-2	0.03	0.03	0	
30/06/2011 10:12:22	TASTEGGIO	1	0	5000	42055	123866	48	-2	0.03	0.04	44500	
30/06/2011 10:14:28	TASTEGGIO	1	0	5000	42055	123883	48	-2	0.14	0.14	0	
30/06/2011 10:14:50	TASTEGGIO	1	0	5000	42055	123887	55	-5	0.11	0.11	0	
30/06/2011 10:15:09	TASTEGGIO	0	1	5000	42055	123887	63	-5	0.07	0.07	0	
30/06/2011 10:15:28	TASTEGGIO	0	2	5000	42055	123887	69	-9	0.02	0.02	0	
30/06/2011 10:15:35	TASTEGGIO	0	2	5000	42055	123878	69	-9	0.02	0.04	-44500	
30/06/2011 10:17:43	TASTEGGIO	0	2	5000	42055	123877	69	-9	0.08	0.08	0	
30/06/2011 10:18:03	TASTEGGIO	1	0	5000	42055	123880	50	-4	0.06	0.06	0	
30/06/2011 10:18:22	TASTEGGIO	0	1	5000	42055	123880	54	-1	0.05	0.05	0	
30/06/2011 10:18:40	TASTEGGIO	0	2	5000	42055	123880	62	-1	0.04	0.04	0	
30/06/2011 10:18:47	TASTEGGIO	0	2	5000	42055	123871	62	-1	0.04	0.05	-44500	
30/06/2011 10:19:10	TASTEGGIO	1	0	5000	42055	168303	48	-2	0.03	0.03	0	
30/06/2011 10:19:21	TASTEGGIO	1	0	5000	42055	123870	48	-2	0.03	0.05	44500	
30/06/2011 10:19:42	TASTEGGIO	1	0	5000	42055	79438	48	0	0.04	0.04	0	
30/06/2011 10:19:52	TASTEGGIO	1	0	5000	42055	123760	48	0	0.03	0.04	24500	
30/06/2011 10:21:59	TASTEGGIO	1	0	5000	42055	123773	48	0	0.14	0.14	0	
30/06/2011 10:22:20	TASTEGGIO	1	0	5000	42055	123776	55	-4	0.11	0.11	0	
30/06/2011 10:22:39	TASTEGGIO	0	1	5000	42055	123777	63	-1	0.11	0.11	0	
30/06/2011 10:22:58	TASTEGGIO	0	1	5000	42055	123777	96	-13	0.03	0.03	0	
30/06/2011 10:23:06	TASTEGGIO	0	1	5000	42055	123770	96	-13	0.03	0.03	44500	
30/06/2011 10:25:06	TASTEGGIO	0	1	5000	42055	123871	96	-13	0.18	0.18	0	
30/06/2011 10:25:26	TASTEGGIO	1	0	5000	42055	123873	57	-5	0.16	0.16	0	
30/06/2011 10:25:45	TASTEGGIO	0	1	5000	42055	123873	71	-3	0.13	0.13	0	
30/06/2011 10:25:52	TASTEGGIO	0	1	5000	42055	123867	71	-3	0.14	0.14	-44500	
30/06/2011 10:26:15	TASTEGGIO	1	0	5000	42055	168302	55	-2	0.11	0.11	0	
30/06/2011 10:26:33	TASTEGGIO	0	1	5000	42055	168302	63	-1	0.09	0.09	0	
30/06/2011 10:26:53	TASTEGGIO	0	2	5000	42055	168304	77	-5	0.04	0.04	0	
30/06/2011 10:27:03	TASTEGGIO	0	2	5000	42055	123867	77	-5	0.07	0.07	24500	
30/06/2011 10:27:25	TASTEGGIO	1	0	5000	42055	99411	50	0	0.06	0.06	0	
30/06/2011 10:27:44	TASTEGGIO	0	1	5000	42055	99411	55	0	0.06	0.06	0	
30/06/2011 10:28:03	TASTEGGIO	0	1	5000	42055	99411	73	-1	0.05	0.05	0	
30/06/2011 10:28:22	TASTEGGIO	0	2	5000	42055	99411	81	-3	0.02	0.02	0	
30/06/2011 10:28:31	TASTEGGIO	0	2	5000	42055	123759	81	-3	0.02	0.02	-24500	
30/06/2011 10:30:37	TASTEGGIO	0	2	5000	42055	123884	81	-3	0.10	0.10	0	
30/06/2011 10:30:59	TASTEGGIO	1	0	5000	42055	123887	52	-4	0.07	0.07	0	
30/06/2011 10:31:17	TASTEGGIO	0	1	5000	42055	123887	56	-1	0.06	0.06	0	
30/06/2011 10:31:35	TASTEGGIO	0	2	5000	42055	123887	66	-1	0.04	0.04	0	
30/06/2011 10:31:43	TASTEGGIO	0	2	5000	42055	123877	66	-1	0.04	0.06	24500	
30/06/2011 10:32:05	TASTEGGIO	1	0	5000	42055	99419	49	0	0.04	0.04	0	
30/06/2011 10:32:14	TASTEGGIO	1	0	5000	42055	123772	49	0	0.04	0.04	44500	
30/06/2011 10:34:12	TASTEGGIO	1	0	5000	42055	123883	49	0	0.10	0.10	0	
30/06/2011 10:34:33	TASTEGGIO	1	0	5000	42055	123886	52	-5	0.08	0.08	0	
30/06/2011 10:34:51	TASTEGGIO	0	1	5000	42055	123886	58	-1	0.07	0.07	0	
30/06/2011 10:35:11	TASTEGGIO	0	2	5000	42055	123887	70	-3	0.06	0.06	0	
30/06/2011 10:35:30	TASTEGGIO	0	3	5000	42055	123887	85	-8	0.03	0.03	0	
30/06/2011 10:35:38	TASTEGGIO	0	3	5000	42055	123877	85	-8	0.02	0.03	-44500	
30/06/2011 10:37:43	TASTEGGIO	0	3	5000	42055	123881	85	-8	0.19	0.19	0	
30/06/2011 10:38:05	TASTEGGIO	1	0	5000	42055	123884	58	-4	0.18	0.18	0	
30/06/2011 10:38:23	TASTEGGIO	0	1	5000	42055	123884	92	-6	0.10	0.10	0	
30/06/2011 10:38:31	TASTEGGIO	0	1	5000	42055	123875	92	-6	0.10	0.11	44500	
30/06/2011 10:38:53	TASTEGGIO	1	0	5000	42055	79439	52	0	0.11	0.11	0	
30/06/2011 10:39:12	TASTEGGIO	0	1	5000	42055	79440	74	0	0.10	0.10	0	
30/06/2011 10:39:30	TASTEGGIO	0	1	5000	42055	79437	101	-1	0.10	0.10	0	
30/06/2011 10:39:49	TASTEGGIO	0	1	5000	42055	79435	131	-6	0.04	0.04	0	
30/06/2011 10:39:59	TASTEGGIO	0	1	5000	42055	123768	131	-6	0.06	0.07	-44500	
30/06/2011 10:40:21	TASTEGGIO	1	0	5000	42055	168195	50	-2	0.05	0.05	0	
30/06/2011 10:40:40	TASTEGGIO	0	1	5000	42055	168199	53	0	0.05	0.05	0	
30/06/2011 10:41:00	TASTEGGIO	0	1	5000	42055	168202	68	-2	0.03	0.03	0	
30/06/2011 10:41:10	TASTEGGIO	0	1	5000	42055	123872	68	-2	0.04	0.05	24500	
30/06/2011 10:41:32	TASTEGGIO	1	0	5000	42055	99412	48	0	0.03	0.03	0	
30/06/2011 10:41:41	TASTEGGIO	1	0	5000	42055	123760	48	0	0.03	0.03	24500	
30/06/2011 10:43:48	TASTEGGIO	1	0	5000	42055	123876	48	0	0.11	0.11	0	
30/06/2011 10:44:09	TASTEGGIO	1	0	5000	42055	123878	52	-6	0.07	0.07	0	
30/06/2011 10:44:29	TASTEGGIO	0	1	5000	42055	123878	56	-3	0.04	0.04	0	
30/06/2011 10:44:36	TASTEGGIO	0	1	5000	42055	123870	56	-3	0.05	0.05	0	
30/06/2011 10:44:57	TASTEGGIO	1	0	5000	42055	123873	48	-2	0.03	0.03	0	
30/06/2011 10:45:04	TASTEGGIO	1	0	5000	42055	123867	48	-2	0.03	0.05	24500	
30/06/2011 10:45:26	TASTEGGIO	1	0	5000	42055	99417	48	0	0.03	0.03	0	
30/06/2011 10:45:36	TASTEGGIO	1	0	5000	42055	123765	48	0	0.04	0.04	-44500	
30/06/2011 10:47:41	TASTEGGIO	1	0	5000	42055	123882	48	0	0.17	0.17	0	
30/06/2011 10:48:02	TASTEGGIO	1	0	5000	42055	123886	57	-5	0.14	0.14	0	
30/06/2011 10:48:10	TASTEGGIO	1	0	5000	42055	123873	57	-5	0.15	0.15	0	
30/06/2011 10:48:31	TASTEGGIO	1	0	5000	42055	123875	55	0	0.14	0.14	0	
30/06/2011 10:48:38	TASTEGGIO	1	0	5000	42055	123867	55	0	0.14	0.14	0	
30/06/2011 10:48:59	TASTEGGIO	1	0	5000	42055	123869	55	0	0.14	0.14	0	
30/06/2011 10:49:17	TASTEGGIO	0	1	5000	42055	123869	83	-9	0.05	0.05	0	
30/06/2011 10:49:36	TASTEGGIO	0	0	5000	42055	123869	48	-1	0.04	0.04	0	
30/06/2011 10:49:43	TASTEGGIO	0	0	5000	42055	123863	48	-1	0.04	0.08	44500	
30/06/2011 10:50:05	TASTEGGIO	1	0	5000	42055	79431	50	0	0.06	0.06	0	
30/06/2011 10:50:22	TASTEGGIO	0	1	5000	42055	79431	54	-1	0.07	0.07	0	
30/06/2011 10:50:39	TASTEGGIO	0	1	5000	42055	79430	78	0	0.06	0.06	0	
30/06/2011 10:50:58	TASTEGGIO	0	2	5000	42055	79430	88	0	0.06	0.06	0	
30/06/2011 10:51:16	TASTEGGIO	0	1	5000	42055	79427	112	-4	0.01	0.01	0	
30/06/2011 10:51:26	TASTEGGIO	0	1	5000	42055	123766	112	-4	0.01	0.03	-44500	
30/06/2011 10:52:40	ALARM 17	proc 12 prog 10 step 47	LavoroTerminato
30/06/2011 15:19:56	ALARM 406		
