06/02/2012 12:56:19	TASTEGGIO	1	0	6000	45981	47745	212	-5	0.40	0.40	0	
06/02/2012 12:56:42	TASTEGGIO	0	1	6000	45981	47744	246	-7	0.35	0.35	0	
06/02/2012 12:57:02	TASTEGGIO	0	2	6000	45981	47741	307	-19	0.17	0.17	0	
06/02/2012 12:57:21	TASTEGGIO	0	0	6000	45981	47739	160	-2	0.17	0.17	0	
06/02/2012 12:57:41	TASTEGGIO	0	1	6000	45981	47738	177	-1	0.17	0.17	0	
06/02/2012 12:58:00	TASTEGGIO	0	2	6000	45981	47737	211	-1	0.17	0.17	0	
06/02/2012 12:58:21	TASTEGGIO	0	3	6000	45981	47737	262	-1	0.16	0.16	0	
06/02/2012 12:58:43	TASTEGGIO	0	4	6000	45981	47737	322	-13	0.08	0.08	0	
06/02/2012 12:58:54	TASTEGGIO	0	4	6000	45981	92007	322	-13	0.17	0.17	-24500	
06/02/2012 12:59:17	TASTEGGIO	1	0	6000	45981	116465	160	-11	0.08	0.08	0	
06/02/2012 12:59:27	TASTEGGIO	1	0	6000	45981	92204	160	-11	0.11	0.11	0	
06/02/2012 13:01:17	TASTEGGIO	1	0	6000	45981	92194	160	-11	0.88	0.93	-24500	
06/02/2012 13:01:43	TASTEGGIO	1	0	6000	45981	116652	297	-32	0.62	0.62	0	
06/02/2012 13:02:05	TASTEGGIO	0	1	6000	45981	116657	338	-36	0.27	0.27	0	
06/02/2012 13:02:27	TASTEGGIO	0	0	6000	45981	116658	178	0	0.27	0.27	0	
06/02/2012 13:02:47	TASTEGGIO	0	1	6000	45981	116658	205	0	0.27	0.27	0	
06/02/2012 13:03:09	TASTEGGIO	0	2	6000	45981	116658	259	-3	0.26	0.26	0	
06/02/2012 13:03:32	TASTEGGIO	0	3	6000	45981	116661	334	-23	0.17	0.17	0	
06/02/2012 13:03:56	TASTEGGIO	0	4	6000	45981	116661	356	-78	0.63	0.63	0	
06/02/2012 13:04:13	TASTEGGIO	0	1	6000	45981	116661	122	-13	0.49	0.49	0	
06/02/2012 13:04:34	TASTEGGIO	0	2	6000	45981	116661	175	-13	0.39	0.39	0	
06/02/2012 13:04:55	TASTEGGIO	0	3	6000	45981	116661	228	-15	0.24	0.24	0	
06/02/2012 13:05:17	TASTEGGIO	0	4	6000	45981	116661	257	-17	0.09	0.09	0	
06/02/2012 13:05:27	TASTEGGIO	0	4	6000	45981	92213	257	-17	0.18	0.35	44500	
06/02/2012 13:05:50	TASTEGGIO	1	0	6000	45981	47754	193	-8	0.27	0.27	0	
06/02/2012 13:06:10	TASTEGGIO	0	1	6000	45981	47754	213	-6	0.23	0.23	0	
06/02/2012 13:06:31	TASTEGGIO	0	2	6000	45981	47752	252	-6	0.18	0.18	0	
06/02/2012 13:06:52	TASTEGGIO	0	3	6000	45981	47753	276	-8	0.11	0.11	0	
06/02/2012 13:07:03	TASTEGGIO	0	3	6000	45981	92008	276	-8	0.16	0.17	24500	
06/02/2012 13:07:26	TASTEGGIO	1	0	6000	45981	67585	160	-7	0.10	0.10	0	
06/02/2012 13:07:36	TASTEGGIO	1	0	6000	45981	92008	160	-7	0.12	0.12	0	
06/02/2012 13:09:27	TASTEGGIO	1	0	6000	45981	92094	160	-7	0.48	0.75	-44500	
06/02/2012 13:09:53	TASTEGGIO	1	0	6000	45981	136534	265	-23	0.52	0.52	0	
06/02/2012 13:10:14	TASTEGGIO	0	1	6000	45981	136538	301	-22	0.32	0.32	0	
06/02/2012 13:10:38	TASTEGGIO	0	2	6000	45981	136539	328	-23	0.14	0.14	0	
06/02/2012 13:10:48	TASTEGGIO	0	2	6000	45981	92111	328	-23	0.14	0.27	44500	
06/02/2012 13:11:12	TASTEGGIO	1	0	6000	45981	47659	178	-5	0.22	0.22	0	
06/02/2012 13:11:30	TASTEGGIO	0	1	6000	45981	47658	195	-3	0.20	0.20	0	
06/02/2012 13:11:50	TASTEGGIO	0	2	6000	45981	47658	231	-6	0.14	0.14	0	
06/02/2012 13:12:01	TASTEGGIO	0	2	6000	45981	91905	231	-6	0.13	0.20	-24500	
06/02/2012 13:12:25	TASTEGGIO	1	0	6000	45981	116350	166	-8	0.12	0.12	0	
06/02/2012 13:12:35	TASTEGGIO	1	0	6000	45981	92106	166	-8	0.07	0.17	44500	
06/02/2012 13:12:58	TASTEGGIO	1	0	6000	45981	47654	160	0	0.17	0.17	0	
06/02/2012 13:13:17	TASTEGGIO	0	1	6000	45981	47654	177	-1	0.18	0.18	0	
06/02/2012 13:13:37	TASTEGGIO	0	2	6000	45981	47652	215	-3	0.15	0.15	0	
06/02/2012 13:13:58	TASTEGGIO	0	3	6000	45981	47655	252	-7	0.10	0.10	0	
06/02/2012 13:14:09	TASTEGGIO	0	3	6000	45981	91910	252	-7	0.11	0.15	-24500	
06/02/2012 13:14:33	TASTEGGIO	1	0	6000	45981	116366	157	-4	0.12	0.12	0	
06/02/2012 13:14:43	TASTEGGIO	1	0	6000	45981	92108	157	-4	0.08	0.13	-44500	
06/02/2012 13:15:07	TASTEGGIO	1	0	6000	45981	136553	153	-2	0.10	0.10	0	
06/02/2012 13:15:18	TASTEGGIO	1	0	6000	45981	92113	153	-2	0.06	0.13	44500	
06/02/2012 13:15:40	TASTEGGIO	1	0	6000	45981	47658	153	-1	0.12	0.12	0	
06/02/2012 13:15:51	TASTEGGIO	1	0	6000	45981	91906	153	-1	0.07	0.13	44500	
06/02/2012 13:16:13	TASTEGGIO	1	0	6000	45981	47480	153	-1	0.12	0.12	0	
06/02/2012 13:16:24	TASTEGGIO	1	0	6000	45981	91905	153	-1	0.08	0.13	44500	
06/02/2012 13:16:46	TASTEGGIO	1	0	6000	45981	47464	153	-4	0.11	0.11	0	
06/02/2012 13:16:57	TASTEGGIO	1	0	6000	45981	91896	153	-4	0.09	0.13	44500	
06/02/2012 13:17:19	TASTEGGIO	1	0	6000	45981	47456	153	-1	0.11	0.11	0	
06/02/2012 13:17:29	TASTEGGIO	1	0	6000	45981	91901	153	-1	0.08	0.12	-24500	
06/02/2012 13:19:20	TASTEGGIO	1	0	6000	45981	92189	153	-1	0.71	0.96	-44500	
06/02/2012 13:19:45	TASTEGGIO	1	0	6000	45981	136633	302	-26	0.69	0.69	0	
06/02/2012 13:20:07	TASTEGGIO	0	1	6000	45981	136636	351	-29	0.41	0.41	0	
06/02/2012 13:20:31	TASTEGGIO	0	2	6000	45981	136637	385	-32	0.21	0.21	0	
06/02/2012 13:20:55	TASTEGGIO	0	3	6000	45981	136638	400	-61	0.42	0.42	0	
06/02/2012 13:21:17	TASTEGGIO	0	1	6000	45981	136639	316	-80	0.41	0.41	0	
06/02/2012 13:21:39	TASTEGGIO	0	1	6000	45981	136639	275	-20	0.22	0.22	0	
06/02/2012 13:22:02	TASTEGGIO	0	2	6000	45981	136639	291	-5	0.18	0.18	0	
06/02/2012 13:22:25	TASTEGGIO	0	3	6000	45981	136639	335	-9	0.10	0.10	0	
06/02/2012 13:22:36	TASTEGGIO	0	3	6000	45981	92219	335	-9	0.10	0.19	24500	
06/02/2012 13:22:58	TASTEGGIO	1	0	6000	45981	67788	164	-7	0.12	0.12	0	
06/02/2012 13:23:08	TASTEGGIO	1	0	6000	45981	92011	164	-7	0.11	0.17	-24500	
06/02/2012 13:23:31	TASTEGGIO	1	0	6000	45981	116465	160	-6	0.13	0.13	0	
06/02/2012 13:23:41	TASTEGGIO	1	0	6000	45981	92215	160	-6	0.08	0.15	24500	
06/02/2012 13:24:04	TASTEGGIO	1	0	6000	45981	67788	157	-1	0.13	0.13	0	
06/02/2012 13:24:14	TASTEGGIO	1	0	6000	45981	92008	157	-1	0.09	0.14	24500	
06/02/2012 13:24:36	TASTEGGIO	1	0	6000	45981	67579	155	-1	0.13	0.13	0	
06/02/2012 13:24:55	TASTEGGIO	0	1	6000	45981	67570	167	-1	0.11	0.11	0	
06/02/2012 13:25:05	TASTEGGIO	0	1	6000	45981	91999	167	-1	0.09	0.14	-24500	
06/02/2012 13:25:29	TASTEGGIO	1	0	6000	45981	116454	155	-2	0.12	0.12	0	
06/02/2012 13:25:39	TASTEGGIO	1	0	6000	45981	92205	155	-2	0.07	0.14	24500	
06/02/2012 13:26:01	TASTEGGIO	1	0	6000	45981	67777	155	0	0.12	0.12	0	
06/02/2012 13:26:11	TASTEGGIO	1	0	6000	45981	92005	155	0	0.08	0.14	44500	
06/02/2012 13:26:33	TASTEGGIO	1	0	6000	45981	47565	155	-2	0.12	0.12	0	
06/02/2012 13:26:44	TASTEGGIO	1	0	6000	45981	91997	155	-2	0.08	0.13	44500	
06/02/2012 13:27:06	TASTEGGIO	1	0	6000	45981	47555	153	-3	0.11	0.11	0	
06/02/2012 13:27:17	TASTEGGIO	1	0	6000	45981	91996	153	-3	0.10	0.14	24500	
06/02/2012 13:27:39	TASTEGGIO	1	0	6000	45981	67567	155	-1	0.14	0.14	0	
06/02/2012 13:27:59	TASTEGGIO	0	1	6000	45981	67560	169	0	0.13	0.13	0	
06/02/2012 13:28:18	TASTEGGIO	0	2	6000	45981	67554	193	-4	0.09	0.09	0	
06/02/2012 13:28:28	TASTEGGIO	0	2	6000	45981	92001	193	-4	0.10	0.13	-24500	
06/02/2012 13:28:52	TASTEGGIO	1	0	6000	45981	116458	153	-2	0.12	0.12	0	
06/02/2012 13:29:02	TASTEGGIO	1	0	6000	45981	92200	153	-2	0.08	0.12	-24500	
06/02/2012 13:30:53	TASTEGGIO	1	0	6000	45981	92198	153	-2	0.54	0.66	24500	
06/02/2012 13:31:17	TASTEGGIO	1	0	6000	45981	67771	248	-16	0.50	0.50	0	
06/02/2012 13:31:38	TASTEGGIO	0	1	6000	45981	67771	285	-16	0.33	0.33	0	
06/02/2012 13:32:00	TASTEGGIO	0	2	6000	45981	67766	315	-19	0.13	0.13	0	
06/02/2012 13:32:10	TASTEGGIO	0	2	6000	45981	92015	315	-19	0.12	0.27	44500	
06/02/2012 13:32:32	TASTEGGIO	1	0	6000	45981	47563	178	-5	0.24	0.24	0	
06/02/2012 13:32:51	TASTEGGIO	0	1	6000	45981	47557	199	-1	0.23	0.23	0	
06/02/2012 13:33:12	TASTEGGIO	0	2	6000	45981	47557	243	-6	0.18	0.18	0	
06/02/2012 13:33:32	TASTEGGIO	0	3	6000	45981	47556	267	-8	0.12	0.12	0	
06/02/2012 13:33:43	TASTEGGIO	0	3	6000	45981	91998	267	-8	0.05	0.23	-44500	
06/02/2012 13:34:07	TASTEGGIO	1	0	6000	45981	136441	171	-12	0.14	0.14	0	
06/02/2012 13:34:17	TASTEGGIO	1	0	6000	45981	92202	171	-12	0.04	0.15	-24500	
06/02/2012 13:34:41	TASTEGGIO	1	0	6000	45981	116653	157	-11	0.05	0.05	0	
06/02/2012 13:34:51	TASTEGGIO	1	0	6000	45981	92217	157	-11	0.11	0.15	44500	
06/02/2012 13:35:14	TASTEGGIO	1	0	6000	45981	47755	157	-1	0.14	0.14	0	
06/02/2012 13:35:24	TASTEGGIO	1	0	6000	45981	92008	157	-1	0.10	0.14	44500	
06/02/2012 13:35:47	TASTEGGIO	1	0	6000	45981	47562	155	0	0.13	0.13	0	
06/02/2012 13:36:05	TASTEGGIO	0	1	6000	45981	47548	167	-1	0.14	0.14	0	
06/02/2012 13:36:25	TASTEGGIO	0	2	6000	45981	47548	197	0	0.13	0.13	0	
06/02/2012 13:36:46	TASTEGGIO	0	3	6000	45981	47548	233	-1	0.12	0.12	0	
06/02/2012 13:36:57	TASTEGGIO	0	3	6000	45981	92002	233	-1	0.10	0.14	44500	
06/02/2012 13:37:19	TASTEGGIO	1	0	6000	45981	47550	155	-1	0.12	0.12	0	
06/02/2012 13:37:30	TASTEGGIO	1	0	6000	45981	91999	155	-1	0.09	0.13	44500	
06/02/2012 13:37:52	TASTEGGIO	1	0	6000	45981	47551	153	0	0.12	0.12	0	
06/02/2012 13:38:03	TASTEGGIO	1	0	6000	45981	91997	153	0	0.09	0.13	44500	
06/02/2012 13:38:25	TASTEGGIO	1	0	6000	45981	47541	153	0	0.12	0.12	0	
06/02/2012 13:38:35	TASTEGGIO	1	0	6000	45981	91998	153	0	0.08	0.13	44500	
06/02/2012 13:38:58	TASTEGGIO	1	0	6000	45981	47549	153	5	0.13	0.13	0	
06/02/2012 13:39:08	TASTEGGIO	1	0	6000	45981	91999	153	5	0.08	0.13	44500	
06/02/2012 13:40:07	ALARM 17	proc 12 prog 10 step 47	LavoroTerminato
06/02/2012 13:49:58	ALARM 406		
07/02/2012 09:28:05	ALARM 401		
07/02/2012 09:28:07	INIT OK
07/02/2012 09:31:46	TASTEGGIO	0	0	7600	52252	121419	0	0	0.05	0.07	-44500	
07/02/2012 09:32:12	TASTEGGIO	1	0	7600	52252	165866	220	-10	0.02	0.02	0	
07/02/2012 09:32:23	TASTEGGIO	1	0	7600	52252	121427	220	-10	0.02	0.04	24500	
07/02/2012 09:32:49	TASTEGGIO	1	0	7600	52252	96973	216	-4	0.03	0.03	0	
07/02/2012 09:32:59	TASTEGGIO	1	0	7600	52252	121250	216	-4	0.02	0.02	44500	
07/02/2012 09:33:56	ALARM 17	proc 12 prog 10 step 47	LavoroTerminato
07/02/2012 10:12:43	TASTEGGIO	1	0	7600	52252	121516	216	-4	0.25	0.26	-24500	
07/02/2012 10:13:09	TASTEGGIO	1	0	7600	52252	145977	245	-5	0.23	0.23	0	
07/02/2012 10:13:31	TASTEGGIO	0	1	7600	52252	145977	265	-5	0.17	0.17	0	
07/02/2012 10:13:55	TASTEGGIO	0	2	7600	52252	145977	282	-7	0.10	0.10	0	
07/02/2012 10:14:05	TASTEGGIO	0	2	7600	52252	121479	282	-7	0.10	0.12	-44500	
07/02/2012 10:14:31	TASTEGGIO	1	0	7600	52252	165883	227	-7	0.05	0.05	0	
07/02/2012 10:14:51	TASTEGGIO	0	0	7600	52252	165897	218	-2	0.04	0.04	0	
07/02/2012 10:15:13	TASTEGGIO	0	1	7600	52252	165908	221	-1	0.03	0.03	0	
07/02/2012 10:15:24	TASTEGGIO	0	1	7600	52252	121488	221	-1	0.05	0.05	24500	
07/02/2012 10:15:49	TASTEGGIO	1	0	7600	52252	97048	218	-2	0.03	0.03	0	
07/02/2012 10:15:59	TASTEGGIO	1	0	7600	52252	121352	218	-2	0.04	0.04	0	
07/02/2012 10:16:55	ALARM 17	proc 12 prog 10 step 47	LavoroTerminato
10/02/2012 08:04:48	ALARM 401		
10/02/2012 08:04:50	INIT OK
10/02/2012 08:13:59	ALARM 3	proc 12 prog 31 step 36	Tondo non presente su rulliera
10/02/2012 08:15:15	TASTEGGIO	0	0	5500	44021	130566	0	0	0.13	0.20	82800	
10/02/2012 08:15:37	TASTEGGIO	1	0	5500	44021	47853	78	-2	0.20	0.20	0	
10/02/2012 08:15:56	TASTEGGIO	0	1	5500	44021	47849	98	0	0.19	0.19	0	
10/02/2012 08:16:15	TASTEGGIO	0	2	5500	44021	47845	134	0	0.19	0.19	0	
10/02/2012 08:16:34	TASTEGGIO	0	3	5500	44021	47848	191	-1	0.17	0.17	0	
10/02/2012 08:16:56	TASTEGGIO	0	4	5500	44021	47849	251	-7	0.11	0.11	0	
10/02/2012 08:17:07	TASTEGGIO	0	4	5500	44021	130542	251	-7	0.10	0.11	82800	
10/02/2012 08:17:29	TASTEGGIO	1	0	5500	44021	47813	63	0	0.11	0.11	0	
10/02/2012 08:17:47	TASTEGGIO	0	1	5500	44021	47801	74	0	0.13	0.13	0	
10/02/2012 08:18:05	TASTEGGIO	0	2	5500	44021	47793	104	0	0.12	0.12	0	
10/02/2012 08:18:24	TASTEGGIO	0	3	5500	44021	47787	137	-1	0.12	0.12	0	
10/02/2012 08:18:44	TASTEGGIO	0	4	5500	44021	47784	185	-2	0.12	0.12	0	
10/02/2012 08:19:06	TASTEGGIO	0	5	5500	44021	47784	245	-1	0.10	0.10	0	
10/02/2012 08:19:28	TASTEGGIO	0	6	5500	44021	47784	294	-11	0.01	0.01	0	
10/02/2012 08:19:40	TASTEGGIO	0	6	5500	44021	130528	294	-11	0.09	0.10	24500	
10/02/2012 08:20:02	TASTEGGIO	1	0	5500	44021	106128	61	-2	0.08	0.08	0	
10/02/2012 08:20:12	TASTEGGIO	1	0	5500	44021	130521	61	-2	0.07	0.07	24500	
10/02/2012 08:22:03	TASTEGGIO	1	0	5500	44021	130564	61	-2	0.10	0.16	-44500	
10/02/2012 08:22:28	TASTEGGIO	1	0	5500	44021	174955	71	-3	0.12	0.12	0	
10/02/2012 08:22:38	TASTEGGIO	1	0	5500	44021	130590	71	-3	0.07	0.12	-44500	
10/02/2012 08:23:03	TASTEGGIO	1	0	5500	44021	174982	65	-1	0.12	0.12	0	
10/02/2012 08:23:24	TASTEGGIO	0	1	5500	44021	174983	77	-1	0.11	0.11	0	
10/02/2012 08:23:45	TASTEGGIO	0	2	5500	44021	174983	97	-2	0.10	0.10	0	
10/02/2012 08:24:06	TASTEGGIO	0	3	5500	44021	174983	124	-6	0.04	0.04	0	
10/02/2012 08:24:17	TASTEGGIO	0	3	5500	44021	130580	124	-6	0.04	0.07	-82000	
10/02/2012 08:26:09	TASTEGGIO	0	3	5500	44021	130573	124	-6	0.04	0.08	44500	
10/02/2012 08:28:00	TASTEGGIO	0	3	5500	44021	130567	124	-6	0.10	0.17	-82000	
10/02/2012 08:28:25	TASTEGGIO	1	0	5500	44021	212496	73	-3	0.15	0.15	0	
10/02/2012 08:28:44	TASTEGGIO	0	1	5500	44021	212497	86	-1	0.15	0.15	0	
10/02/2012 08:29:04	TASTEGGIO	0	2	5500	44021	212498	116	-1	0.14	0.14	0	
10/02/2012 08:29:15	TASTEGGIO	0	2	5500	44021	130584	116	-1	0.07	0.13	-82000	
10/02/2012 08:29:39	TASTEGGIO	1	0	5500	44021	212524	66	-1	0.14	0.14	0	
10/02/2012 08:29:59	TASTEGGIO	0	1	5500	44021	212524	81	0	0.13	0.13	0	
10/02/2012 08:30:19	TASTEGGIO	0	2	5500	44021	212524	105	0	0.13	0.13	0	
10/02/2012 08:30:40	TASTEGGIO	0	3	5500	44021	212524	144	-3	0.11	0.11	0	
10/02/2012 08:31:01	TASTEGGIO	0	4	5500	44021	212524	181	-5	0.06	0.06	0	
10/02/2012 08:31:12	TASTEGGIO	0	4	5500	44021	130581	181	-5	0.02	0.09	44500	
10/02/2012 08:31:34	TASTEGGIO	1	0	5500	44021	86172	60	-2	0.09	0.09	0	
10/02/2012 08:31:54	TASTEGGIO	0	1	5500	44021	86162	69	-1	0.08	0.08	0	
10/02/2012 08:32:04	TASTEGGIO	0	1	5500	44021	130444	69	-1	0.02	0.07	44500	
10/02/2012 08:33:56	TASTEGGIO	0	1	5500	44021	130664	69	-1	0.05	0.13	-82000	
10/02/2012 08:34:20	TASTEGGIO	1	0	5500	44021	212612	66	-3	0.13	0.13	0	
10/02/2012 08:34:39	TASTEGGIO	0	1	5500	44021	212612	79	-1	0.11	0.11	0	
10/02/2012 08:35:00	TASTEGGIO	0	2	5500	44021	212612	97	-1	0.10	0.10	0	
10/02/2012 08:35:20	TASTEGGIO	0	3	5500	44021	212612	124	-1	0.09	0.09	0	
10/02/2012 08:35:41	TASTEGGIO	0	4	5500	44021	212612	156	-3	0.07	0.07	0	
10/02/2012 08:35:53	TASTEGGIO	0	4	5500	44021	130681	156	-3	0.03	0.12	82800	
10/02/2012 08:36:16	TASTEGGIO	1	0	5500	44021	47939	65	-2	0.12	0.12	0	
10/02/2012 08:36:33	TASTEGGIO	0	1	5500	44021	47927	77	-1	0.10	0.10	0	
10/02/2012 08:36:51	TASTEGGIO	0	2	5500	44021	47925	93	-1	0.09	0.09	0	
10/02/2012 08:37:09	TASTEGGIO	0	3	5500	44021	47925	117	0	0.10	0.10	0	
10/02/2012 08:37:29	TASTEGGIO	0	4	5500	44021	47925	161	-2	0.08	0.08	0	
10/02/2012 08:37:41	TASTEGGIO	0	4	5500	44021	130549	161	-2	0.04	0.09	82800	
10/02/2012 08:38:03	TASTEGGIO	1	0	5500	44021	47815	60	-1	0.09	0.09	0	
10/02/2012 08:38:20	TASTEGGIO	0	1	5500	44021	47801	69	-1	0.09	0.09	0	
10/02/2012 08:38:38	TASTEGGIO	0	2	5500	44021	47793	87	-1	0.09	0.09	0	
10/02/2012 08:38:57	TASTEGGIO	0	3	5500	44021	47792	114	0	0.09	0.09	0	
10/02/2012 08:39:17	TASTEGGIO	0	4	5500	44021	47791	150	0	0.09	0.09	0	
10/02/2012 08:39:37	TASTEGGIO	0	5	5500	44021	47791	195	-3	0.06	0.06	0	
10/02/2012 08:39:48	TASTEGGIO	0	5	5500	44021	130532	195	-3	0.07	0.08	24500	
10/02/2012 08:41:40	TASTEGGIO	0	5	5500	44021	130661	195	-3	0.04	0.17	82800	
10/02/2012 08:42:02	TASTEGGIO	1	0	5500	44021	47907	73	-1	0.16	0.16	0	
10/02/2012 08:42:18	TASTEGGIO	0	1	5500	44021	47907	88	0	0.16	0.16	0	
10/02/2012 08:42:36	TASTEGGIO	0	2	5500	44021	47908	120	0	0.15	0.15	0	
10/02/2012 08:42:56	TASTEGGIO	0	3	5500	44021	47907	162	-1	0.14	0.14	0	
10/02/2012 08:43:07	TASTEGGIO	0	3	5500	44021	130548	162	-1	0.03	0.15	82800	
10/02/2012 08:43:30	TASTEGGIO	1	0	5500	44021	47804	70	0	0.16	0.16	0	
10/02/2012 08:43:48	TASTEGGIO	0	1	5500	44021	47795	87	0	0.15	0.15	0	
10/02/2012 08:44:06	TASTEGGIO	0	2	5500	44021	47791	115	-1	0.15	0.15	0	
10/02/2012 08:44:25	TASTEGGIO	0	3	5500	44021	47791	160	0	0.15	0.15	0	
10/02/2012 08:44:46	TASTEGGIO	0	4	5500	44021	47790	220	-3	0.12	0.12	0	
10/02/2012 08:44:57	TASTEGGIO	0	4	5500	44021	130537	220	-3	0.01	0.12	44500	
10/02/2012 08:45:20	TASTEGGIO	1	0	5500	44021	86121	65	-3	0.12	0.12	0	
10/02/2012 08:45:39	TASTEGGIO	0	1	5500	44021	86108	77	0	0.11	0.11	0	
10/02/2012 08:46:00	TASTEGGIO	0	2	5500	44021	86098	97	-1	0.09	0.09	0	
10/02/2012 08:46:21	TASTEGGIO	0	3	5500	44021	86087	119	-2	0.08	0.08	0	
10/02/2012 08:46:32	TASTEGGIO	0	3	5500	44021	130535	119	-2	0.03	0.09	82800	
10/02/2012 08:46:54	TASTEGGIO	1	0	5500	44021	47814	60	0	0.11	0.11	0	
10/02/2012 08:47:11	TASTEGGIO	0	1	5500	44021	47801	73	0	0.10	0.10	0	
10/02/2012 08:47:28	TASTEGGIO	0	2	5500	44021	47789	91	0	0.10	0.10	0	
10/02/2012 08:47:45	TASTEGGIO	0	3	5500	44021	47780	121	0	0.10	0.10	0	
10/02/2012 08:48:05	TASTEGGIO	0	4	5500	44021	47774	161	0	0.10	0.10	0	
10/02/2012 08:48:26	TASTEGGIO	0	5	5500	44021	47774	211	-1	0.09	0.09	0	
10/02/2012 08:48:48	TASTEGGIO	0	6	5500	44021	47818	259	-6	0.04	0.04	0	
10/02/2012 08:49:00	TASTEGGIO	0	6	5500	44021	130545	259	-6	0.08	0.10	44500	
10/02/2012 08:49:23	TASTEGGIO	1	0	5500	44021	86130	61	-1	0.09	0.09	0	
10/02/2012 08:49:42	TASTEGGIO	0	1	5500	44021	86118	69	0	0.08	0.08	0	
10/02/2012 08:49:52	TASTEGGIO	0	1	5500	44021	130530	69	0	0.05	0.08	44500	
10/02/2012 08:51:44	TASTEGGIO	0	1	5500	44021	130564	69	0	0.02	0.08	82800	
10/02/2012 08:53:34	TASTEGGIO	0	1	5500	44021	130661	69	0	0.16	0.32	82800	
10/02/2012 08:53:57	TASTEGGIO	1	0	5500	44021	47909	98	-2	0.30	0.30	0	
10/02/2012 08:54:16	TASTEGGIO	0	1	5500	44021	47907	126	0	0.29	0.29	0	
10/02/2012 08:54:37	TASTEGGIO	0	2	5500	44021	47906	182	-1	0.29	0.29	0	
10/02/2012 08:54:58	TASTEGGIO	0	3	5500	44021	47906	269	-9	0.20	0.20	0	
10/02/2012 08:55:19	TASTEGGIO	0	4	5500	44021	47906	296	-11	0.11	0.11	0	
10/02/2012 08:55:31	TASTEGGIO	0	4	5500	44021	130552	296	-11	0.08	0.20	-82000	
10/02/2012 08:55:56	TASTEGGIO	1	0	5500	44021	212501	78	-3	0.19	0.19	0	
10/02/2012 08:56:17	TASTEGGIO	0	1	5500	44021	212501	96	0	0.20	0.20	0	
10/02/2012 08:56:37	TASTEGGIO	0	2	5500	44021	212501	138	-1	0.16	0.16	0	
10/02/2012 08:56:59	TASTEGGIO	0	3	5500	44021	212501	160	-3	0.14	0.14	0	
10/02/2012 08:57:11	TASTEGGIO	0	3	5500	44021	130668	160	-3	0.04	0.13	-82000	
10/02/2012 08:57:35	TASTEGGIO	1	0	5500	44021	212620	66	0	0.14	0.14	0	
10/02/2012 08:57:54	TASTEGGIO	0	1	5500	44021	212620	81	-1	0.14	0.14	0	
10/02/2012 08:58:14	TASTEGGIO	0	2	5500	44021	212621	109	1	0.14	0.14	0	
10/02/2012 08:58:35	TASTEGGIO	0	3	5500	44021	212621	151	0	0.14	0.14	0	
10/02/2012 08:58:57	TASTEGGIO	0	4	5500	44021	212621	207	-8	0.06	0.06	0	
10/02/2012 08:59:08	TASTEGGIO	0	4	5500	44021	130669	207	-8	0.04	0.11	82800	
10/02/2012 08:59:31	TASTEGGIO	1	0	5500	44021	47916	63	-1	0.11	0.11	0	
10/02/2012 08:59:48	TASTEGGIO	0	1	5500	44021	47914	74	0	0.12	0.12	0	
10/02/2012 09:00:07	TASTEGGIO	0	2	5500	44021	47914	100	-1	0.11	0.11	0	
10/02/2012 09:00:25	TASTEGGIO	0	3	5500	44021	47914	130	-1	0.12	0.12	0	
10/02/2012 09:00:46	TASTEGGIO	0	4	5500	44021	47914	182	0	0.10	0.10	0	
10/02/2012 09:01:08	TASTEGGIO	0	5	5500	44021	47913	223	0	0.10	0.10	0	
10/02/2012 09:01:29	TASTEGGIO	0	6	5500	44021	47913	283	-3	0.08	0.08	0	
10/02/2012 09:01:41	TASTEGGIO	0	6	5500	44021	130550	283	-3	0.05	0.11	44500	
10/02/2012 09:02:04	TASTEGGIO	1	0	5500	44021	86140	63	-4	0.09	0.09	0	
10/02/2012 09:02:24	TASTEGGIO	0	1	5500	44021	86128	70	2	0.09	0.09	0	
10/02/2012 09:02:44	TASTEGGIO	0	2	5500	44021	86116	88	-2	0.08	0.08	0	
10/02/2012 09:02:54	TASTEGGIO	0	2	5500	44021	130535	88	-2	0.05	0.09	82800	
10/02/2012 09:03:17	TASTEGGIO	1	0	5500	44021	47816	60	0	0.09	0.09	0	
10/02/2012 09:03:34	TASTEGGIO	0	1	5500	44021	47801	69	0	0.08	0.08	0	
10/02/2012 09:03:45	TASTEGGIO	0	1	5500	44021	130522	69	0	0.05	0.09	82800	
10/02/2012 09:04:07	TASTEGGIO	1	0	5500	44021	47795	60	0	0.08	0.08	0	
10/02/2012 09:04:18	TASTEGGIO	1	0	5500	44021	130521	60	0	0.04	0.09	82800	
10/02/2012 09:06:10	TASTEGGIO	1	0	5500	44021	130661	60	0	0.06	0.26	82800	
10/02/2012 09:06:33	TASTEGGIO	1	0	5500	44021	47906	88	-2	0.26	0.26	0	
10/02/2012 09:06:51	TASTEGGIO	0	1	5500	44021	47906	114	0	0.25	0.25	0	
10/02/2012 09:07:11	TASTEGGIO	0	2	5500	44021	47906	162	-1	0.24	0.24	0	
10/02/2012 09:07:31	TASTEGGIO	0	3	5500	44021	47906	231	-4	0.20	0.20	0	
10/02/2012 09:07:53	TASTEGGIO	0	4	5500	44021	47905	297	-16	0.06	0.06	0	
10/02/2012 09:08:04	TASTEGGIO	0	4	5500	44021	130551	297	-16	0.13	0.16	24500	
10/02/2012 09:08:28	TASTEGGIO	1	0	5500	44021	106147	71	-5	0.11	0.11	0	
10/02/2012 09:08:38	TASTEGGIO	1	0	5500	44021	130536	71	-5	0.09	0.17	-44500	
10/02/2012 09:09:03	TASTEGGIO	1	0	5500	44021	174935	73	-6	0.11	0.11	0	
10/02/2012 09:09:14	TASTEGGIO	1	0	5500	44021	130663	73	-6	0.14	0.14	24500	
10/02/2012 09:09:38	TASTEGGIO	1	0	5500	44021	106243	68	-1	0.13	0.13	0	
10/02/2012 09:09:57	TASTEGGIO	0	1	5500	44021	106241	80	-1	0.12	0.12	0	
10/02/2012 09:10:19	TASTEGGIO	0	2	5500	44021	106237	102	-3	0.10	0.10	0	
10/02/2012 09:10:41	TASTEGGIO	0	3	5500	44021	106232	126	-3	0.06	0.06	0	
10/02/2012 09:10:50	TASTEGGIO	0	3	5500	44021	130553	126	-3	0.07	0.15	-44500	
10/02/2012 09:11:16	TASTEGGIO	1	0	5500	44021	174949	70	-1	0.13	0.13	0	
10/02/2012 09:11:26	TASTEGGIO	1	0	5500	44021	130675	70	-1	0.07	0.13	-44500	
10/02/2012 09:11:51	TASTEGGIO	1	0	5500	44021	175069	66	-1	0.13	0.13	0	
10/02/2012 09:12:11	TASTEGGIO	0	1	5500	44021	175069	79	-1	0.12	0.12	0	
10/02/2012 09:12:33	TASTEGGIO	0	2	5500	44021	175069	101	-2	0.09	0.09	0	
10/02/2012 09:12:55	TASTEGGIO	0	3	5500	44021	175070	112	-2	0.07	0.07	0	
10/02/2012 09:13:05	TASTEGGIO	0	3	5500	44021	130654	112	-2	0.13	0.13	0	
10/02/2012 09:13:28	TASTEGGIO	1	0	5500	44021	130659	66	-5	0.08	0.08	0	
10/02/2012 09:13:36	TASTEGGIO	1	0	5500	44021	130656	66	-5	0.08	0.11	-44500	
10/02/2012 09:14:01	TASTEGGIO	1	0	5500	44021	175053	63	0	0.11	0.11	0	
10/02/2012 09:14:23	TASTEGGIO	0	1	5500	44021	175053	74	0	0.10	0.10	0	
10/02/2012 09:14:42	TASTEGGIO	0	2	5500	44021	175053	92	0	0.09	0.09	0	
10/02/2012 09:15:04	TASTEGGIO	0	3	5500	44021	175053	116	-1	0.08	0.08	0	
10/02/2012 09:15:14	TASTEGGIO	0	3	5500	44021	130644	116	-1	0.09	0.10	-82000	
10/02/2012 09:15:39	TASTEGGIO	1	0	5500	44021	212597	61	-2	0.07	0.07	0	
10/02/2012 09:15:51	TASTEGGIO	1	0	5500	44021	130669	61	-2	0.09	0.11	-44500	
10/02/2012 09:16:16	TASTEGGIO	1	0	5500	44021	175066	63	-1	0.09	0.09	0	
10/02/2012 09:16:37	TASTEGGIO	0	1	5500	44021	175066	70	0	0.10	0.10	0	
10/02/2012 09:16:57	TASTEGGIO	0	2	5500	44021	175066	92	0	0.10	0.10	0	
10/02/2012 09:17:18	TASTEGGIO	0	3	5500	44021	175066	122	-4	0.06	0.06	0	
10/02/2012 09:17:29	TASTEGGIO	0	3	5500	44021	130656	122	-4	0.11	0.11	0	
10/02/2012 09:17:52	TASTEGGIO	1	0	5500	44021	130660	63	-1	0.11	0.11	0	
10/02/2012 09:18:13	TASTEGGIO	0	1	5500	44021	130660	74	-1	0.10	0.10	0	
10/02/2012 09:18:33	TASTEGGIO	0	2	5500	44021	130660	92	-3	0.06	0.06	0	
10/02/2012 09:18:41	TASTEGGIO	0	2	5500	44021	130658	92	-3	0.06	0.11	44500	
10/02/2012 09:19:05	TASTEGGIO	1	0	5500	44021	86244	63	0	0.09	0.09	0	
10/02/2012 09:19:25	TASTEGGIO	0	1	5500	44021	86233	70	0	0.08	0.08	0	
10/02/2012 09:19:35	TASTEGGIO	0	1	5500	44021	130536	70	0	0.07	0.10	-44500	
10/02/2012 09:20:00	TASTEGGIO	1	0	5500	44021	174936	61	0	0.09	0.09	0	
10/02/2012 09:20:21	TASTEGGIO	0	1	5500	44021	174936	69	-1	0.09	0.09	0	
10/02/2012 09:20:42	TASTEGGIO	0	2	5500	44021	174937	87	0	0.09	0.09	0	
10/02/2012 09:21:03	TASTEGGIO	0	3	5500	44021	174937	114	-1	0.09	0.09	0	
10/02/2012 09:21:26	TASTEGGIO	0	4	5500	44021	174938	150	-8	0.03	0.03	0	
10/02/2012 09:21:36	TASTEGGIO	0	4	5500	44021	130643	150	-8	0.13	0.13	0	
10/02/2012 09:21:59	TASTEGGIO	1	0	5500	44021	130647	66	-1	0.11	0.11	0	
10/02/2012 09:22:20	TASTEGGIO	0	1	5500	44021	130647	75	-1	0.11	0.11	0	
10/02/2012 09:22:40	TASTEGGIO	0	2	5500	44021	130647	97	0	0.10	0.10	0	
10/02/2012 09:23:02	TASTEGGIO	0	3	5500	44021	130647	124	-7	0.05	0.05	0	
10/02/2012 09:23:10	TASTEGGIO	0	3	5500	44021	130644	124	-7	0.06	0.12	44500	
10/02/2012 09:23:34	TASTEGGIO	1	0	5500	44021	86234	65	0	0.12	0.12	0	
10/02/2012 09:23:54	TASTEGGIO	0	1	5500	44021	86222	77	-1	0.12	0.12	0	
10/02/2012 09:24:15	TASTEGGIO	0	2	5500	44021	86211	101	0	0.11	0.11	0	
10/02/2012 09:24:35	TASTEGGIO	0	3	5500	44021	86201	131	-3	0.07	0.07	0	
10/02/2012 09:24:46	TASTEGGIO	0	3	5500	44021	130539	131	-3	0.07	0.08	-82000	
10/02/2012 09:26:36	TASTEGGIO	0	3	5500	44021	130663	131	-3	0.11	0.11	0	
10/02/2012 09:26:59	TASTEGGIO	1	0	5500	44021	130667	63	-5	0.08	0.08	0	
10/02/2012 09:27:07	TASTEGGIO	1	0	5500	44021	130662	63	-5	0.08	0.08	0	
10/02/2012 09:28:58	TASTEGGIO	1	0	5500	44021	130567	63	-5	0.20	0.39	44500	
10/02/2012 09:29:23	TASTEGGIO	1	0	5500	44021	86152	110	-4	0.37	0.37	0	
10/02/2012 09:29:44	TASTEGGIO	0	1	5500	44021	86137	145	-3	0.34	0.34	0	
10/02/2012 09:30:05	TASTEGGIO	0	2	5500	44021	86126	207	-13	0.22	0.22	0	
10/02/2012 09:30:27	TASTEGGIO	0	3	5500	44021	86118	231	-15	0.07	0.07	0	
10/02/2012 09:30:38	TASTEGGIO	0	3	5500	44021	130448	231	-15	0.06	0.14	-44500	
10/02/2012 09:31:02	TASTEGGIO	1	0	5500	44021	174850	68	-5	0.10	0.10	0	
10/02/2012 09:31:22	TASTEGGIO	0	1	5500	44021	174850	75	-2	0.08	0.08	0	
10/02/2012 09:31:33	TASTEGGIO	0	1	5500	44021	130572	75	-2	0.07	0.09	82800	
10/02/2012 09:31:55	TASTEGGIO	1	0	5500	44021	47816	60	-1	0.08	0.08	0	
10/02/2012 09:32:07	TASTEGGIO	1	0	5500	44021	130444	60	-1	0.09	0.09	0	
10/02/2012 09:32:29	TASTEGGIO	1	0	5500	44021	130438	60	-6	0.03	0.03	0	
10/02/2012 09:32:37	TASTEGGIO	1	0	5500	44021	130442	60	-6	0.04	0.09	-44500	
10/02/2012 09:33:02	TASTEGGIO	1	0	5500	44021	174839	60	-1	0.08	0.08	0	
10/02/2012 09:33:13	TASTEGGIO	1	0	5500	44021	130569	60	-1	0.04	0.09	82800	
10/02/2012 09:33:35	TASTEGGIO	1	0	5500	44021	47814	60	-1	0.09	0.09	0	
10/02/2012 09:33:53	TASTEGGIO	0	1	5500	44021	47813	69	0	0.09	0.09	0	
10/02/2012 09:34:11	TASTEGGIO	0	2	5500	44021	47813	87	0	0.09	0.09	0	
10/02/2012 09:34:30	TASTEGGIO	0	3	5500	44021	47813	114	0	0.09	0.09	0	
10/02/2012 09:34:49	TASTEGGIO	0	4	5500	44021	47813	150	-1	0.08	0.08	0	
10/02/2012 09:35:01	TASTEGGIO	0	4	5500	44021	130448	150	-1	0.05	0.08	-44500	
10/02/2012 09:36:51	TASTEGGIO	0	4	5500	44021	130564	150	-1	0.11	0.25	82800	
10/02/2012 09:37:13	TASTEGGIO	1	0	5500	44021	47809	87	-2	0.24	0.24	0	
10/02/2012 09:37:30	TASTEGGIO	0	1	5500	44021	47809	110	0	0.24	0.24	0	
10/02/2012 09:37:50	TASTEGGIO	0	2	5500	44021	47808	158	-1	0.23	0.23	0	
10/02/2012 09:38:11	TASTEGGIO	0	3	5500	44021	47808	224	-3	0.19	0.19	0	
10/02/2012 09:38:33	TASTEGGIO	0	4	5500	44021	47808	286	-11	0.10	0.10	0	
10/02/2012 09:38:45	TASTEGGIO	0	4	5500	44021	130445	286	-11	0.04	0.10	82800	
10/02/2012 09:39:08	TASTEGGIO	1	0	5500	44021	47707	61	0	0.10	0.10	0	
10/02/2012 09:39:26	TASTEGGIO	0	1	5500	44021	47696	71	0	0.10	0.10	0	
10/02/2012 09:39:45	TASTEGGIO	0	2	5500	44021	47692	91	2	0.09	0.09	0	
10/02/2012 09:40:03	TASTEGGIO	0	3	5500	44021	47691	115	-1	0.10	0.10	0	
10/02/2012 09:40:23	TASTEGGIO	0	4	5500	44021	47691	159	0	0.10	0.10	0	
10/02/2012 09:40:44	TASTEGGIO	0	5	5500	44021	47690	209	-2	0.08	0.08	0	
10/02/2012 09:40:55	TASTEGGIO	0	5	5500	44021	130443	209	-2	0.02	0.09	-44500	
10/02/2012 09:41:20	TASTEGGIO	1	0	5500	44021	174852	60	-5	0.07	0.07	0	
10/02/2012 09:41:31	TASTEGGIO	1	0	5500	44021	130568	60	-5	0.04	0.09	82800	
10/02/2012 09:41:54	TASTEGGIO	1	0	5500	44021	47816	60	-1	0.09	0.09	0	
10/02/2012 09:42:11	TASTEGGIO	0	1	5500	44021	47816	69	-1	0.09	0.09	0	
10/02/2012 09:42:30	TASTEGGIO	0	2	5500	44021	47815	87	0	0.10	0.10	0	
10/02/2012 09:42:48	TASTEGGIO	0	3	5500	44021	47815	120	-1	0.09	0.09	0	
10/02/2012 09:43:08	TASTEGGIO	0	4	5500	44021	47814	152	0	0.08	0.08	0	
10/02/2012 09:43:20	TASTEGGIO	0	4	5500	44021	130447	152	0	0.04	0.08	82800	
10/02/2012 09:45:11	TASTEGGIO	0	4	5500	44021	130668	152	0	0.06	0.19	44500	
10/02/2012 09:45:35	TASTEGGIO	1	0	5500	44021	86249	76	-3	0.16	0.16	0	
10/02/2012 09:45:54	TASTEGGIO	0	1	5500	44021	86239	89	-1	0.16	0.16	0	
10/02/2012 09:46:15	TASTEGGIO	0	2	5500	44021	86229	121	-2	0.14	0.14	0	
10/02/2012 09:46:26	TASTEGGIO	0	2	5500	44021	130554	121	-2	0.03	0.16	82800	
10/02/2012 09:46:49	TASTEGGIO	1	0	5500	44021	47822	71	-1	0.16	0.16	0	
10/02/2012 09:47:06	TASTEGGIO	0	1	5500	44021	47809	87	0	0.16	0.16	0	
10/02/2012 09:47:23	TASTEGGIO	0	2	5500	44021	47800	119	-1	0.15	0.15	0	
10/02/2012 09:47:43	TASTEGGIO	0	3	5500	44021	47797	161	-1	0.15	0.15	0	
10/02/2012 09:48:04	TASTEGGIO	0	4	5500	44021	47797	221	-3	0.10	0.10	0	
10/02/2012 09:48:16	TASTEGGIO	0	4	5500	44021	130550	221	-3	0.02	0.11	82800	
10/02/2012 09:48:38	TASTEGGIO	1	0	5500	44021	47812	63	0	0.12	0.12	0	
10/02/2012 09:48:57	TASTEGGIO	0	1	5500	44021	47800	76	0	0.12	0.12	0	
10/02/2012 09:49:15	TASTEGGIO	0	2	5500	44021	47792	100	0	0.11	0.11	0	
10/02/2012 09:49:34	TASTEGGIO	0	3	5500	44021	47791	130	0	0.11	0.11	0	
10/02/2012 09:49:54	TASTEGGIO	0	4	5500	44021	47793	174	-1	0.11	0.11	0	
10/02/2012 09:50:15	TASTEGGIO	0	5	5500	44021	47793	229	-3	0.09	0.09	0	
10/02/2012 09:50:38	TASTEGGIO	0	6	5500	44021	47793	273	-7	0.03	0.03	0	
10/02/2012 09:50:49	TASTEGGIO	0	6	5500	44021	130550	273	-7	0.06	0.10	-24500	
10/02/2012 09:51:14	TASTEGGIO	1	0	5500	44021	154961	61	-5	0.06	0.06	0	
10/02/2012 09:51:24	TASTEGGIO	1	0	5500	44021	130650	61	-5	0.02	0.07	-24500	
10/02/2012 09:53:16	TASTEGGIO	1	0	5500	44021	130676	61	-5	0.03	0.10	-44500	
10/02/2012 09:53:40	TASTEGGIO	1	0	5500	44021	175069	61	-5	0.05	0.05	0	
10/02/2012 09:53:50	TASTEGGIO	1	0	5500	44021	130683	61	-5	0.03	0.09	82800	
10/02/2012 09:54:14	TASTEGGIO	1	0	5500	44021	47926	60	-2	0.08	0.08	0	
10/02/2012 09:54:25	TASTEGGIO	1	0	5500	44021	130550	60	-2	0.02	0.08	82800	
10/02/2012 09:56:17	TASTEGGIO	1	0	5500	44021	130662	60	-2	0.06	0.17	-44500	
10/02/2012 09:56:41	TASTEGGIO	1	0	5500	44021	175057	73	-5	0.13	0.13	0	
10/02/2012 09:56:52	TASTEGGIO	1	0	5500	44021	130683	73	-5	0.03	0.13	-82000	
10/02/2012 09:57:16	TASTEGGIO	1	0	5500	44021	212632	66	-2	0.12	0.12	0	
10/02/2012 09:57:35	TASTEGGIO	0	1	5500	44021	212633	77	-1	0.10	0.10	0	
10/02/2012 09:57:56	TASTEGGIO	0	2	5500	44021	212633	93	0	0.10	0.10	0	
10/02/2012 09:58:16	TASTEGGIO	0	3	5500	44021	212633	123	-3	0.09	0.09	0	
10/02/2012 09:58:36	TASTEGGIO	0	4	5500	44021	212633	155	-3	0.06	0.06	0	
10/02/2012 09:58:47	TASTEGGIO	0	4	5500	44021	130674	155	-3	0.08	0.08	0	
10/02/2012 10:00:38	TASTEGGIO	0	4	5500	44021	130672	155	-3	0.02	0.17	-44500	
10/02/2012 10:01:03	TASTEGGIO	1	0	5500	44021	175049	73	-4	0.15	0.15	0	
10/02/2012 10:01:24	TASTEGGIO	0	1	5500	44021	175050	86	-1	0.13	0.13	0	
10/02/2012 10:01:35	TASTEGGIO	0	1	5500	44021	130700	86	-1	0.04	0.12	-44500	
10/02/2012 10:02:00	TASTEGGIO	1	0	5500	44021	175093	65	-1	0.12	0.12	0	
10/02/2012 10:02:21	TASTEGGIO	0	1	5500	44021	175093	77	0	0.11	0.11	0	
10/02/2012 10:02:43	TASTEGGIO	0	2	5500	44021	175093	97	-2	0.10	0.10	0	
10/02/2012 10:03:04	TASTEGGIO	0	3	5500	44021	175093	124	-5	0.06	0.06	0	
10/02/2012 10:03:14	TASTEGGIO	0	3	5500	44021	130663	124	-5	0.09	0.09	0	
10/02/2012 10:03:37	TASTEGGIO	1	0	5500	44021	130668	60	-5	0.04	0.04	0	
10/02/2012 10:03:45	TASTEGGIO	1	0	5500	44021	130665	60	-5	0.05	0.09	82800	
10/02/2012 10:04:08	TASTEGGIO	1	0	5500	44021	47916	60	-1	0.09	0.09	0	
10/02/2012 10:04:27	TASTEGGIO	0	1	5500	44021	47908	69	0	0.08	0.08	0	
10/02/2012 10:04:38	TASTEGGIO	0	1	5500	44021	130551	69	0	0.05	0.09	-44500	
10/02/2012 10:05:03	TASTEGGIO	1	0	5500	44021	174955	60	0	0.09	0.09	0	
10/02/2012 10:05:23	TASTEGGIO	0	1	5500	44021	174956	69	0	0.08	0.08	0	
10/02/2012 10:05:34	TASTEGGIO	0	1	5500	44021	130668	69	0	0.05	0.09	82800	
10/02/2012 10:05:56	TASTEGGIO	1	0	5500	44021	47913	60	0	0.08	0.08	0	
10/02/2012 10:06:08	TASTEGGIO	1	0	5500	44021	130551	60	0	0.05	0.09	-44500	
10/02/2012 10:06:32	TASTEGGIO	1	0	5500	44021	174951	60	0	0.09	0.09	0	
10/02/2012 10:06:52	TASTEGGIO	0	1	5500	44021	174951	69	0	0.09	0.09	0	
10/02/2012 10:07:12	TASTEGGIO	0	2	5500	44021	174952	87	0	0.09	0.09	0	
10/02/2012 10:07:35	TASTEGGIO	0	3	5500	44021	174952	114	1	0.08	0.08	0	
10/02/2012 10:07:45	TASTEGGIO	0	3	5500	44021	130645	114	1	0.07	0.08	-44500	
10/02/2012 10:09:36	TASTEGGIO	0	3	5500	44021	130665	114	1	0.02	0.09	82800	
10/02/2012 10:09:58	TASTEGGIO	1	0	5500	44021	47909	60	-2	0.08	0.08	0	
10/02/2012 10:10:09	TASTEGGIO	1	0	5500	44021	130551	60	-2	0.01	0.08	82800	
10/02/2012 10:11:08	ALARM 17	proc 12 prog 10 step 47	LavoroTerminato
10/02/2012 10:30:02	TASTEGGIO	1	0	5500	44021	115488	60	-2	0.23	0.39	-44500	
10/02/2012 10:30:27	TASTEGGIO	1	0	5500	44021	159801	110	-2	0.37	0.37	0	
10/02/2012 10:30:48	TASTEGGIO	0	1	5500	44021	159801	145	-1	0.34	0.34	0	
10/02/2012 10:31:10	TASTEGGIO	0	2	5500	44021	159801	207	-9	0.26	0.26	0	
10/02/2012 10:31:31	TASTEGGIO	0	3	5500	44021	159802	241	-13	0.11	0.11	0	
10/02/2012 10:31:41	TASTEGGIO	0	3	5500	44021	115456	241	-13	0.04	0.13	-44500	
10/02/2012 10:32:04	TASTEGGIO	1	0	5500	44021	159764	66	0	0.12	0.12	0	
10/02/2012 10:32:24	TASTEGGIO	0	1	5500	44021	159765	77	0	0.12	0.12	0	
10/02/2012 10:32:44	TASTEGGIO	0	2	5500	44021	159766	101	0	0.11	0.11	0	
10/02/2012 10:33:04	TASTEGGIO	0	3	5500	44021	159767	131	-1	0.12	0.12	0	
10/02/2012 10:33:27	TASTEGGIO	0	4	5500	44021	159768	183	0	0.12	0.12	0	
10/02/2012 10:33:49	TASTEGGIO	0	5	5500	44021	159769	243	-7	0.05	0.05	0	
10/02/2012 10:34:00	TASTEGGIO	0	5	5500	44021	115448	243	-7	0.04	0.08	44500	
10/02/2012 10:35:53	TASTEGGIO	0	5	5500	44021	115488	243	-7	0.06	0.12	24500	
10/02/2012 10:36:15	TASTEGGIO	1	0	5500	44021	91070	65	-1	0.12	0.12	0	
10/02/2012 10:36:34	TASTEGGIO	0	1	5500	44021	91061	77	-1	0.12	0.12	0	
10/02/2012 10:36:53	TASTEGGIO	0	2	5500	44021	91050	101	-1	0.13	0.13	0	
10/02/2012 10:37:14	TASTEGGIO	0	3	5500	44021	91041	143	-3	0.09	0.09	0	
10/02/2012 10:37:35	TASTEGGIO	0	4	5500	44021	91035	155	-2	0.08	0.08	0	
10/02/2012 10:37:45	TASTEGGIO	0	4	5500	44021	115351	155	-2	0.01	0.07	-24500	
10/02/2012 10:39:38	TASTEGGIO	0	4	5500	44021	115486	155	-2	0.12	0.14	-24500	
10/02/2012 10:40:00	TASTEGGIO	1	0	5500	44021	139915	68	-2	0.13	0.13	0	
10/02/2012 10:40:20	TASTEGGIO	0	1	5500	44021	139920	80	0	0.12	0.12	0	
10/02/2012 10:40:40	TASTEGGIO	0	2	5500	44021	139922	102	-1	0.11	0.11	0	
10/02/2012 10:41:02	TASTEGGIO	0	3	5500	44021	139924	132	-2	0.10	0.10	0	
10/02/2012 10:41:23	TASTEGGIO	0	4	5500	44021	139925	168	-5	0.07	0.07	0	
10/02/2012 10:41:33	TASTEGGIO	0	4	5500	44021	115471	168	-5	0.03	0.06	-44500	
10/02/2012 10:43:24	TASTEGGIO	0	4	5500	44021	115487	168	-5	0.17	0.17	24500	
10/02/2012 10:43:46	TASTEGGIO	1	0	5500	44021	91067	73	-1	0.16	0.16	0	
10/02/2012 10:44:05	TASTEGGIO	0	1	5500	44021	91056	88	-1	0.16	0.16	0	
10/02/2012 10:44:25	TASTEGGIO	0	2	5500	44021	91046	120	-2	0.14	0.14	0	
10/02/2012 10:44:35	TASTEGGIO	0	2	5500	44021	115343	120	-2	0.15	0.15	0	
10/02/2012 10:44:55	TASTEGGIO	1	0	5500	44021	115338	70	-3	0.14	0.14	0	
10/02/2012 10:45:03	TASTEGGIO	1	0	5500	44021	115342	70	-3	0.14	0.14	0	
10/02/2012 10:45:24	TASTEGGIO	1	0	5500	44021	115339	68	0	0.13	0.13	0	
10/02/2012 10:45:44	TASTEGGIO	0	1	5500	44021	115339	80	0	0.14	0.14	0	
10/02/2012 10:46:04	TASTEGGIO	0	2	5500	44021	115339	110	-2	0.12	0.12	0	
10/02/2012 10:46:26	TASTEGGIO	0	3	5500	44021	115339	140	-3	0.08	0.08	0	
10/02/2012 10:46:34	TASTEGGIO	0	3	5500	44021	115342	140	-3	0.09	0.11	24500	
10/02/2012 10:46:55	TASTEGGIO	1	0	5500	44021	90926	63	0	0.11	0.11	0	
10/02/2012 10:47:14	TASTEGGIO	0	1	5500	44021	90916	74	0	0.11	0.11	0	
10/02/2012 10:47:33	TASTEGGIO	0	2	5500	44021	90908	96	0	0.11	0.11	0	
10/02/2012 10:47:53	TASTEGGIO	0	3	5500	44021	90898	129	-2	0.10	0.10	0	
10/02/2012 10:48:15	TASTEGGIO	0	4	5500	44021	90890	165	-3	0.08	0.08	0	
10/02/2012 10:48:25	TASTEGGIO	0	4	5500	44021	115327	165	-3	0.06	0.06	44500	
10/02/2012 10:50:18	TASTEGGIO	0	4	5500	44021	115483	165	-3	0.12	0.13	-24500	
10/02/2012 10:50:40	TASTEGGIO	1	0	5500	44021	139926	66	-2	0.11	0.11	0	
10/02/2012 10:51:00	TASTEGGIO	0	1	5500	44021	139927	75	0	0.11	0.11	0	
10/02/2012 10:51:21	TASTEGGIO	0	2	5500	44021	139928	97	-1	0.10	0.10	0	
10/02/2012 10:51:41	TASTEGGIO	0	3	5500	44021	139929	124	-2	0.08	0.08	0	
10/02/2012 10:51:51	TASTEGGIO	0	3	5500	44021	115475	124	-2	0.09	0.10	-44500	
10/02/2012 10:52:14	TASTEGGIO	1	0	5500	44021	159780	61	0	0.10	0.10	0	
10/02/2012 10:52:34	TASTEGGIO	0	1	5500	44021	159781	71	-1	0.10	0.10	0	
10/02/2012 10:52:54	TASTEGGIO	0	2	5500	44021	159783	91	-2	0.09	0.09	0	
10/02/2012 10:53:14	TASTEGGIO	0	3	5500	44021	159784	115	-2	0.08	0.08	0	
10/02/2012 10:53:24	TASTEGGIO	0	3	5500	44021	115454	115	-2	0.06	0.07	-44500	
10/02/2012 10:55:16	TASTEGGIO	0	3	5500	44021	115490	115	-2	0.31	0.34	-44500	
10/02/2012 10:55:40	TASTEGGIO	1	0	5500	44021	159798	102	-3	0.32	0.32	0	
10/02/2012 10:56:00	TASTEGGIO	0	1	5500	44021	159800	132	-2	0.31	0.31	0	
10/02/2012 10:56:22	TASTEGGIO	0	2	5500	44021	159801	192	-7	0.24	0.24	0	
10/02/2012 10:56:45	TASTEGGIO	0	3	5500	44021	159802	224	-10	0.16	0.16	0	
10/02/2012 10:57:08	TASTEGGIO	0	4	5500	44021	159802	245	-19	0.05	0.05	0	
10/02/2012 10:57:18	TASTEGGIO	0	4	5500	44021	115447	245	-19	0.05	0.08	44500	
10/02/2012 10:59:11	TASTEGGIO	0	4	5500	44021	115486	245	-19	0.07	0.08	-44500	
10/02/2012 11:01:04	TASTEGGIO	0	4	5500	44021	115489	245	-19	0.27	0.32	-44500	
10/02/2012 11:01:29	TASTEGGIO	1	0	5500	44021	159797	98	-1	0.29	0.29	0	
10/02/2012 11:01:48	TASTEGGIO	0	1	5500	44021	159799	124	-1	0.28	0.28	0	
10/02/2012 11:02:09	TASTEGGIO	0	2	5500	44021	159800	178	-5	0.23	0.23	0	
10/02/2012 11:02:32	TASTEGGIO	0	3	5500	44021	159801	234	-13	0.11	0.11	0	
10/02/2012 11:02:43	TASTEGGIO	0	3	5500	44021	115456	234	-13	0.15	0.18	44500	
10/02/2012 11:03:03	TASTEGGIO	1	0	5500	44021	71061	75	-1	0.17	0.17	0	
10/02/2012 11:03:21	TASTEGGIO	0	1	5500	44021	71050	91	0	0.17	0.17	0	
10/02/2012 11:03:40	TASTEGGIO	0	2	5500	44021	71042	125	-1	0.16	0.16	0	
10/02/2012 11:04:01	TASTEGGIO	0	3	5500	44021	71029	170	-2	0.14	0.14	0	
10/02/2012 11:04:11	TASTEGGIO	0	3	5500	44021	115341	170	-2	0.12	0.13	44500	
10/02/2012 11:04:31	TASTEGGIO	1	0	5500	44021	70972	66	0	0.14	0.14	0	
10/02/2012 11:04:47	TASTEGGIO	0	1	5500	44021	70962	81	0	0.14	0.14	0	
10/02/2012 11:05:06	TASTEGGIO	0	2	5500	44021	70955	109	0	0.14	0.14	0	
10/02/2012 11:05:26	TASTEGGIO	0	3	5500	44021	70947	151	-1	0.14	0.14	0	
10/02/2012 11:05:48	TASTEGGIO	0	4	5500	44021	70922	207	-4	0.10	0.10	0	
10/02/2012 11:06:10	TASTEGGIO	0	5	5500	44021	70898	222	-3	0.07	0.07	0	
10/02/2012 11:06:21	TASTEGGIO	0	5	5500	44021	115331	222	-3	0.08	0.08	0	
10/02/2012 11:08:13	TASTEGGIO	0	5	5500	44021	115493	222	-3	0.20	0.28	44500	
10/02/2012 11:08:34	TASTEGGIO	1	0	5500	44021	71068	92	-1	0.28	0.28	0	
10/02/2012 11:08:53	TASTEGGIO	0	1	5500	44021	71060	120	0	0.27	0.27	0	
10/02/2012 11:09:13	TASTEGGIO	0	2	5500	44021	71055	172	-2	0.24	0.24	0	
10/02/2012 11:09:35	TASTEGGIO	0	3	5500	44021	71036	235	-7	0.17	0.17	0	
10/02/2012 11:09:57	TASTEGGIO	0	4	5500	44021	71036	259	-7	0.10	0.10	0	
10/02/2012 11:10:08	TASTEGGIO	0	4	5500	44021	115342	259	-7	0.08	0.10	44500	
10/02/2012 11:10:28	TASTEGGIO	1	0	5500	44021	70967	61	0	0.11	0.11	0	
10/02/2012 11:10:45	TASTEGGIO	0	1	5500	44021	70957	73	0	0.11	0.11	0	
10/02/2012 11:11:02	TASTEGGIO	0	2	5500	44021	70951	95	0	0.11	0.11	0	
10/02/2012 11:11:21	TASTEGGIO	0	3	5500	44021	70944	128	0	0.11	0.11	0	
10/02/2012 11:11:42	TASTEGGIO	0	4	5500	44021	70933	172	0	0.10	0.10	0	
10/02/2012 11:12:03	TASTEGGIO	0	5	5500	44021	70914	217	0	0.10	0.10	0	
10/02/2012 11:12:26	TASTEGGIO	0	6	5500	44021	70915	277	-7	0.05	0.05	0	
10/02/2012 11:12:37	TASTEGGIO	0	6	5500	44021	115332	277	-7	0.04	0.06	44500	
10/02/2012 11:14:30	TASTEGGIO	0	6	5500	44021	115487	277	-7	0.13	0.15	24500	
10/02/2012 11:14:52	TASTEGGIO	1	0	5500	44021	91063	70	-1	0.15	0.15	0	
10/02/2012 11:15:11	TASTEGGIO	0	1	5500	44021	91052	85	0	0.15	0.15	0	
10/02/2012 11:15:30	TASTEGGIO	0	2	5500	44021	91043	115	-1	0.12	0.12	0	
10/02/2012 11:15:40	TASTEGGIO	0	2	5500	44021	115345	115	-1	0.11	0.13	24500	
10/02/2012 11:16:01	TASTEGGIO	1	0	5500	44021	90920	66	-1	0.15	0.15	0	
10/02/2012 11:16:19	TASTEGGIO	0	1	5500	44021	90912	83	0	0.13	0.13	0	
10/02/2012 11:16:38	TASTEGGIO	0	2	5500	44021	90904	105	0	0.13	0.13	0	
10/02/2012 11:16:59	TASTEGGIO	0	3	5500	44021	90897	144	-2	0.12	0.12	0	
10/02/2012 11:17:21	TASTEGGIO	0	4	5500	44021	90893	188	-6	0.08	0.08	0	
10/02/2012 11:17:31	TASTEGGIO	0	4	5500	44021	115334	188	-6	0.04	0.07	24500	
10/02/2012 11:18:30	ALARM 17	proc 12 prog 10 step 47	LavoroTerminato
10/02/2012 12:31:52	TASTEGGIO	0	4	5500	44021	115492	188	-6	0.12	0.19	44500	
10/02/2012 12:32:12	TASTEGGIO	1	0	5500	44021	71087	76	-1	0.18	0.18	0	
10/02/2012 12:32:28	TASTEGGIO	0	1	5500	44021	71084	93	0	0.17	0.17	0	
10/02/2012 12:32:48	TASTEGGIO	0	2	5500	44021	71079	125	-1	0.16	0.16	0	
10/02/2012 12:33:08	TASTEGGIO	0	3	5500	44021	71065	170	-3	0.14	0.14	0	
10/02/2012 12:33:18	TASTEGGIO	0	3	5500	44021	115350	170	-3	0.11	0.14	44500	
10/02/2012 12:33:39	TASTEGGIO	1	0	5500	44021	70988	68	0	0.14	0.14	0	
10/02/2012 12:33:58	TASTEGGIO	0	1	5500	44021	70984	82	1	0.14	0.14	0	
10/02/2012 12:34:16	TASTEGGIO	0	2	5500	44021	70977	110	0	0.14	0.14	0	
10/02/2012 12:34:37	TASTEGGIO	0	3	5500	44021	70969	152	0	0.14	0.14	0	
10/02/2012 12:34:57	TASTEGGIO	0	4	5500	44021	70949	208	-4	0.09	0.09	0	
10/02/2012 12:35:20	TASTEGGIO	0	5	5500	44021	70929	220	0	0.06	0.06	0	
10/02/2012 12:35:30	TASTEGGIO	0	5	5500	44021	115343	220	0	0.12	0.14	-44500	
10/02/2012 12:35:54	TASTEGGIO	1	0	5500	44021	159639	68	-4	0.12	0.12	0	
10/02/2012 12:36:13	TASTEGGIO	0	1	5500	44021	159640	78	-1	0.11	0.11	0	
10/02/2012 12:36:34	TASTEGGIO	0	2	5500	44021	159642	98	-1	0.10	0.10	0	
10/02/2012 12:36:56	TASTEGGIO	0	3	5500	44021	159643	125	-2	0.10	0.10	0	
10/02/2012 12:37:17	TASTEGGIO	0	4	5500	44021	159645	165	-5	0.04	0.04	0	
10/02/2012 12:37:27	TASTEGGIO	0	4	5500	44021	115449	165	-5	0.04	0.08	44500	
10/02/2012 12:39:20	TASTEGGIO	0	4	5500	44021	115386	165	-5	0.10	0.24	44500	
10/02/2012 12:39:41	TASTEGGIO	1	0	5500	44021	71009	85	-2	0.21	0.21	0	
10/02/2012 12:39:58	TASTEGGIO	0	1	5500	44021	71001	103	0	0.21	0.21	0	
10/02/2012 12:40:19	TASTEGGIO	0	2	5500	44021	70999	145	-1	0.20	0.20	0	
10/02/2012 12:40:39	TASTEGGIO	0	3	5500	44021	70983	202	-5	0.16	0.16	0	
10/02/2012 12:41:01	TASTEGGIO	0	4	5500	44021	70966	227	-5	0.13	0.13	0	
10/02/2012 12:41:11	TASTEGGIO	0	4	5500	44021	115253	227	-5	0.03	0.13	44500	
10/02/2012 12:41:31	TASTEGGIO	1	0	5500	44021	70897	66	0	0.13	0.13	0	
10/02/2012 12:41:47	TASTEGGIO	0	1	5500	44021	70876	79	0	0.13	0.13	0	
10/02/2012 12:42:06	TASTEGGIO	0	2	5500	44021	70858	105	0	0.13	0.13	0	
10/02/2012 12:42:26	TASTEGGIO	0	3	5500	44021	70844	144	0	0.13	0.13	0	
10/02/2012 12:42:47	TASTEGGIO	0	4	5500	44021	70820	196	-1	0.13	0.13	0	
10/02/2012 12:43:09	TASTEGGIO	0	5	5500	44021	70793	261	-10	0.07	0.07	0	
10/02/2012 12:43:19	TASTEGGIO	0	5	5500	44021	115232	261	-10	0.09	0.10	-24500	
10/02/2012 12:43:41	TASTEGGIO	1	0	5500	44021	139677	61	-2	0.09	0.09	0	
10/02/2012 12:44:00	TASTEGGIO	0	1	5500	44021	139678	69	-1	0.08	0.08	0	
10/02/2012 12:44:10	TASTEGGIO	0	1	5500	44021	115355	69	-1	0.06	0.08	-24500	
10/02/2012 12:45:08	ALARM 17	proc 12 prog 10 step 47	LavoroTerminato
10/02/2012 13:18:55	TASTEGGIO	0	1	5500	44021	115490	69	-1	0.11	0.16	-44500	
10/02/2012 13:19:19	TASTEGGIO	1	0	5500	44021	159802	71	-2	0.15	0.15	0	
10/02/2012 13:19:39	TASTEGGIO	0	1	5500	44021	159802	85	-1	0.13	0.13	0	
10/02/2012 13:19:50	TASTEGGIO	0	1	5500	44021	115489	85	-1	0.09	0.14	-44500	
10/02/2012 13:20:13	TASTEGGIO	1	0	5500	44021	159791	68	0	0.13	0.13	0	
10/02/2012 13:20:33	TASTEGGIO	0	1	5500	44021	159792	80	0	0.13	0.13	0	
10/02/2012 13:20:53	TASTEGGIO	0	2	5500	44021	159793	106	-1	0.12	0.12	0	
10/02/2012 13:21:15	TASTEGGIO	0	3	5500	44021	159794	139	-3	0.10	0.10	0	
10/02/2012 13:21:37	TASTEGGIO	0	4	5500	44021	159795	172	-6	0.06	0.06	0	
10/02/2012 13:21:48	TASTEGGIO	0	4	5500	44021	115451	172	-6	0.04	0.06	-44500	
10/02/2012 13:23:40	TASTEGGIO	0	4	5500	44021	115489	172	-6	0.14	0.15	24500	
10/02/2012 13:24:01	TASTEGGIO	1	0	5500	44021	91072	70	-2	0.14	0.14	0	
10/02/2012 13:24:11	TASTEGGIO	1	0	5500	44021	115348	70	-2	0.13	0.15	44500	
10/02/2012 13:24:31	TASTEGGIO	1	0	5500	44021	70989	70	-1	0.14	0.14	0	
10/02/2012 13:24:42	TASTEGGIO	1	0	5500	44021	115325	70	-1	0.12	0.14	24500	
10/02/2012 13:25:03	TASTEGGIO	1	0	5500	44021	90919	68	-1	0.15	0.15	0	
10/02/2012 13:25:22	TASTEGGIO	0	1	5500	44021	90907	84	-1	0.14	0.14	0	
10/02/2012 13:25:41	TASTEGGIO	0	2	5500	44021	90893	110	-1	0.13	0.13	0	
10/02/2012 13:26:03	TASTEGGIO	0	3	5500	44021	90881	146	-3	0.11	0.11	0	
10/02/2012 13:26:24	TASTEGGIO	0	4	5500	44021	90876	183	-5	0.06	0.06	0	
10/02/2012 13:26:34	TASTEGGIO	0	4	5500	44021	115332	183	-5	0.06	0.09	-44500	
10/02/2012 13:26:56	TASTEGGIO	1	0	5500	44021	159640	60	-2	0.08	0.08	0	
10/02/2012 13:27:07	TASTEGGIO	1	0	5500	44021	115465	60	-2	0.04	0.08	-44500	
10/02/2012 13:28:59	TASTEGGIO	1	0	5500	44021	115494	60	-2	0.03	0.17	44500	
10/02/2012 13:29:20	TASTEGGIO	1	0	5500	44021	71082	73	-1	0.16	0.16	0	
10/02/2012 13:29:37	TASTEGGIO	0	1	5500	44021	71070	88	0	0.16	0.16	0	
10/02/2012 13:29:55	TASTEGGIO	0	2	5500	44021	71064	120	-1	0.15	0.15	0	
10/02/2012 13:30:16	TASTEGGIO	0	3	5500	44021	71060	162	-2	0.13	0.13	0	
10/02/2012 13:30:26	TASTEGGIO	0	3	5500	44021	115349	162	-2	0.05	0.14	44500	
10/02/2012 13:30:46	TASTEGGIO	1	0	5500	44021	70987	68	0	0.14	0.14	0	
10/02/2012 13:31:04	TASTEGGIO	0	1	5500	44021	70981	82	0	0.13	0.13	0	
10/02/2012 13:31:21	TASTEGGIO	0	2	5500	44021	70976	106	0	0.13	0.13	0	
10/02/2012 13:31:41	TASTEGGIO	0	3	5500	44021	70972	145	0	0.13	0.13	0	
10/02/2012 13:32:02	TASTEGGIO	0	4	5500	44021	70954	197	-3	0.10	0.10	0	
10/02/2012 13:32:23	TASTEGGIO	0	5	5500	44021	70935	214	-4	0.08	0.08	0	
10/02/2012 13:32:33	TASTEGGIO	0	5	5500	44021	115341	214	-4	0.09	0.09	44500	
10/02/2012 13:32:53	TASTEGGIO	1	0	5500	44021	70985	60	0	0.09	0.09	0	
10/02/2012 13:33:10	TASTEGGIO	0	1	5500	44021	70978	69	0	0.09	0.09	0	
10/02/2012 13:33:27	TASTEGGIO	0	2	5500	44021	70972	87	0	0.09	0.09	0	
10/02/2012 13:33:45	TASTEGGIO	0	3	5500	44021	70970	114	0	0.09	0.09	0	
10/02/2012 13:34:06	TASTEGGIO	0	4	5500	44021	70965	150	0	0.09	0.09	0	
10/02/2012 13:34:26	TASTEGGIO	0	5	5500	44021	70949	195	-1	0.08	0.08	0	
10/02/2012 13:34:37	TASTEGGIO	0	5	5500	44021	115342	195	-1	0.08	0.09	44500	
10/02/2012 13:34:57	TASTEGGIO	1	0	5500	44021	70980	60	0	0.08	0.08	0	
10/02/2012 13:35:07	TASTEGGIO	1	0	5500	44021	115321	60	0	0.09	0.09	0	
10/02/2012 13:35:29	TASTEGGIO	1	0	5500	44021	115316	60	-2	0.07	0.07	0	
10/02/2012 13:35:37	TASTEGGIO	1	0	5500	44021	115321	60	-2	0.07	0.09	44500	
10/02/2012 13:35:57	TASTEGGIO	1	0	5500	44021	70973	60	0	0.10	0.10	0	
10/02/2012 13:36:14	TASTEGGIO	0	1	5500	44021	70966	71	0	0.09	0.09	0	
10/02/2012 13:36:30	TASTEGGIO	0	2	5500	44021	70958	87	0	0.10	0.10	0	
10/02/2012 13:36:48	TASTEGGIO	0	3	5500	44021	70951	120	0	0.09	0.09	0	
10/02/2012 13:37:08	TASTEGGIO	0	4	5500	44021	70943	152	0	0.10	0.10	0	
10/02/2012 13:37:30	TASTEGGIO	0	5	5500	44021	70923	207	-1	0.08	0.08	0	
10/02/2012 13:37:40	TASTEGGIO	0	5	5500	44021	115337	207	-1	0.07	0.09	44500	
10/02/2012 13:38:00	TASTEGGIO	1	0	5500	44021	70980	60	0	0.08	0.08	0	
10/02/2012 13:38:10	TASTEGGIO	1	0	5500	44021	115323	60	0	0.07	0.10	44500	
10/02/2012 13:38:29	TASTEGGIO	1	0	5500	44021	70974	61	0	0.09	0.09	0	
10/02/2012 13:38:46	TASTEGGIO	0	1	5500	44021	70966	69	0	0.09	0.09	0	
10/02/2012 13:39:02	TASTEGGIO	0	2	5500	44021	70961	87	0	0.10	0.10	0	
10/02/2012 13:39:21	TASTEGGIO	0	3	5500	44021	70954	120	0	0.09	0.09	0	
10/02/2012 13:39:41	TASTEGGIO	0	4	5500	44021	70948	152	0	0.09	0.09	0	
10/02/2012 13:40:01	TASTEGGIO	0	5	5500	44021	70928	197	-1	0.08	0.08	0	
10/02/2012 13:40:12	TASTEGGIO	0	5	5500	44021	115338	197	-1	0.08	0.09	44500	
10/02/2012 13:40:32	TASTEGGIO	1	0	5500	44021	70980	60	0	0.09	0.09	0	
10/02/2012 13:40:49	TASTEGGIO	0	1	5500	44021	70973	69	0	0.09	0.09	0	
10/02/2012 13:41:06	TASTEGGIO	0	2	5500	44021	70969	87	0	0.11	0.11	0	
10/02/2012 13:41:24	TASTEGGIO	0	3	5500	44021	70963	127	0	0.10	0.10	0	
10/02/2012 13:41:45	TASTEGGIO	0	4	5500	44021	70956	163	0	0.08	0.08	0	
10/02/2012 13:41:56	TASTEGGIO	0	4	5500	44021	115340	163	0	0.07	0.09	44500	
10/02/2012 13:42:16	TASTEGGIO	1	0	5500	44021	70988	60	0	0.09	0.09	0	
10/02/2012 13:42:33	TASTEGGIO	0	1	5500	44021	70983	69	0	0.09	0.09	0	
10/02/2012 13:42:49	TASTEGGIO	0	2	5500	44021	70981	87	0	0.09	0.09	0	
10/02/2012 13:43:08	TASTEGGIO	0	3	5500	44021	70975	114	-1	0.09	0.09	0	
10/02/2012 13:43:27	TASTEGGIO	0	4	5500	44021	70970	150	0	0.10	0.10	0	
10/02/2012 13:43:49	TASTEGGIO	0	5	5500	44021	70952	205	-2	0.09	0.09	0	
10/02/2012 13:44:11	TASTEGGIO	0	6	5500	44021	70953	253	-6	0.05	0.05	0	
10/02/2012 13:44:22	TASTEGGIO	0	6	5500	44021	115341	253	-6	0.13	0.13	0	
10/02/2012 13:44:43	TASTEGGIO	1	0	5500	44021	115337	66	-1	0.12	0.12	0	
10/02/2012 13:45:01	TASTEGGIO	0	1	5500	44021	115337	77	-1	0.12	0.12	0	
10/02/2012 13:45:22	TASTEGGIO	0	2	5500	44021	115337	101	-1	0.12	0.12	0	
10/02/2012 13:45:43	TASTEGGIO	0	3	5500	44021	115337	137	-1	0.08	0.08	0	
10/02/2012 13:45:51	TASTEGGIO	0	3	5500	44021	115343	137	-1	0.09	0.09	0	
10/02/2012 13:47:45	TASTEGGIO	0	3	5500	44021	115488	137	-1	0.06	0.10	-44500	
10/02/2012 13:48:08	TASTEGGIO	1	0	5500	44021	159784	61	-2	0.09	0.09	0	
10/02/2012 13:48:28	TASTEGGIO	0	1	5500	44021	159786	69	0	0.08	0.08	0	
10/02/2012 13:48:39	TASTEGGIO	0	1	5500	44021	115492	69	0	0.04	0.08	-44500	
10/02/2012 13:50:29	TASTEGGIO	0	1	5500	44021	115384	69	0	0.04	0.11	44500	
10/02/2012 13:50:50	TASTEGGIO	1	0	5500	44021	70994	63	-1	0.10	0.10	0	
10/02/2012 13:51:06	TASTEGGIO	0	1	5500	44021	70988	72	0	0.10	0.10	0	
10/02/2012 13:51:24	TASTEGGIO	0	2	5500	44021	70984	92	0	0.10	0.10	0	
10/02/2012 13:51:43	TASTEGGIO	0	3	5500	44021	70982	122	-2	0.08	0.08	0	
10/02/2012 13:51:53	TASTEGGIO	0	3	5500	44021	115253	122	-2	0.03	0.08	24500	
10/02/2012 13:53:46	TASTEGGIO	0	3	5500	44021	115385	122	-2	0.06	0.21	44500	
10/02/2012 13:54:07	TASTEGGIO	1	0	5500	44021	70992	80	-1	0.19	0.19	0	
10/02/2012 13:54:25	TASTEGGIO	0	1	5500	44021	70989	97	0	0.20	0.20	0	
10/02/2012 13:54:44	TASTEGGIO	0	2	5500	44021	70987	139	-1	0.17	0.17	0	
10/02/2012 13:55:06	TASTEGGIO	0	3	5500	44021	70977	182	-2	0.17	0.17	0	
10/02/2012 13:55:27	TASTEGGIO	0	4	5500	44021	70959	250	-12	0.04	0.04	0	
10/02/2012 13:55:38	TASTEGGIO	0	4	5500	44021	115252	250	-12	0.14	0.15	-24500	
10/02/2012 13:56:01	TASTEGGIO	1	0	5500	44021	139696	70	-2	0.13	0.13	0	
10/02/2012 13:56:11	TASTEGGIO	1	0	5500	44021	115354	70	-2	0.13	0.13	0	
10/02/2012 13:56:32	TASTEGGIO	1	0	5500	44021	115358	66	-1	0.12	0.12	0	
10/02/2012 13:56:50	TASTEGGIO	0	1	5500	44021	115359	77	-1	0.11	0.11	0	
10/02/2012 13:57:11	TASTEGGIO	0	2	5500	44021	115359	97	-1	0.09	0.09	0	
10/02/2012 13:57:32	TASTEGGIO	0	3	5500	44021	115359	119	-2	0.08	0.08	0	
10/02/2012 13:57:40	TASTEGGIO	0	3	5500	44021	115352	119	-2	0.08	0.08	0	
10/02/2012 13:59:33	TASTEGGIO	0	3	5500	44021	115384	119	-2	0.14	0.18	44500	
10/02/2012 13:59:54	TASTEGGIO	1	0	5500	44021	70995	75	0	0.17	0.17	0	
10/02/2012 14:00:10	TASTEGGIO	0	1	5500	44021	70991	91	0	0.17	0.17	0	
10/02/2012 14:00:27	TASTEGGIO	0	2	5500	44021	70988	125	-1	0.16	0.16	0	
10/02/2012 14:00:48	TASTEGGIO	0	3	5500	44021	70982	170	-2	0.14	0.14	0	
10/02/2012 14:00:59	TASTEGGIO	0	3	5500	44021	115254	170	-2	0.11	0.15	44500	
10/02/2012 14:01:20	TASTEGGIO	1	0	5500	44021	70911	70	0	0.15	0.15	0	
10/02/2012 14:01:37	TASTEGGIO	0	1	5500	44021	70888	85	0	0.15	0.15	0	
10/02/2012 14:01:54	TASTEGGIO	0	2	5500	44021	70867	115	-1	0.15	0.15	0	
10/02/2012 14:02:15	TASTEGGIO	0	3	5500	44021	70848	160	0	0.15	0.15	0	
10/02/2012 14:02:37	TASTEGGIO	0	4	5500	44021	70815	220	-6	0.09	0.09	0	
10/02/2012 14:02:48	TASTEGGIO	0	4	5500	44021	115234	220	-6	0.07	0.10	44500	
10/02/2012 14:03:09	TASTEGGIO	1	0	5500	44021	70877	61	0	0.09	0.09	0	
10/02/2012 14:03:24	TASTEGGIO	0	1	5500	44021	70848	69	0	0.10	0.10	0	
10/02/2012 14:03:43	TASTEGGIO	0	2	5500	44021	70825	91	0	0.11	0.11	0	
10/02/2012 14:04:01	TASTEGGIO	0	3	5500	44021	70809	127	0	0.10	0.10	0	
10/02/2012 14:04:22	TASTEGGIO	0	4	5500	44021	70798	163	0	0.09	0.09	0	
10/02/2012 14:04:43	TASTEGGIO	0	5	5500	44021	70777	203	-3	0.07	0.07	0	
10/02/2012 14:04:53	TASTEGGIO	0	5	5500	44021	115231	203	-3	0.07	0.08	44500	
10/02/2012 14:06:46	TASTEGGIO	0	5	5500	44021	115386	203	-3	0.06	0.10	44500	
10/02/2012 14:07:07	TASTEGGIO	1	0	5500	44021	70996	61	0	0.10	0.10	0	
10/02/2012 14:07:24	TASTEGGIO	0	1	5500	44021	70991	71	-1	0.10	0.10	0	
10/02/2012 14:07:42	TASTEGGIO	0	2	5500	44021	70988	91	-1	0.09	0.09	0	
10/02/2012 14:08:01	TASTEGGIO	0	3	5500	44021	70984	115	0	0.09	0.09	0	
10/02/2012 14:08:21	TASTEGGIO	0	4	5500	44021	70979	151	-1	0.08	0.08	0	
10/02/2012 14:08:31	TASTEGGIO	0	4	5500	44021	115251	151	-1	0.05	0.08	24500	
10/02/2012 14:10:24	TASTEGGIO	0	4	5500	44021	115491	151	-1	0.05	0.08	44500	
10/02/2012 14:12:14	TASTEGGIO	0	4	5500	44021	115388	151	-1	0.08	0.13	44500	
10/02/2012 14:12:35	TASTEGGIO	1	0	5500	44021	70996	66	-1	0.12	0.12	0	
10/02/2012 14:12:52	TASTEGGIO	0	1	5500	44021	70992	77	0	0.11	0.11	0	
10/02/2012 14:13:09	TASTEGGIO	0	2	5500	44021	70990	97	-1	0.11	0.11	0	
10/02/2012 14:13:29	TASTEGGIO	0	3	5500	44021	70987	130	-1	0.10	0.10	0	
10/02/2012 14:13:50	TASTEGGIO	0	4	5500	44021	70980	166	-1	0.10	0.10	0	
10/02/2012 14:14:11	TASTEGGIO	0	5	5500	44021	70967	216	-6	0.04	0.04	0	
10/02/2012 14:14:21	TASTEGGIO	0	5	5500	44021	115257	216	-6	0.04	0.06	-44500	
10/02/2012 14:16:14	TASTEGGIO	0	5	5500	44021	115495	216	-6	0.06	0.06	-24500	
10/02/2012 14:18:06	TASTEGGIO	0	5	5500	44021	115386	216	-6	0.06	0.13	44500	
10/02/2012 14:18:27	TASTEGGIO	1	0	5500	44021	71000	66	-1	0.13	0.13	0	
10/02/2012 14:18:43	TASTEGGIO	0	1	5500	44021	70996	79	0	0.13	0.13	0	
10/02/2012 14:19:01	TASTEGGIO	0	2	5500	44021	70993	105	-1	0.12	0.12	0	
10/02/2012 14:19:21	TASTEGGIO	0	3	5500	44021	70990	138	-2	0.11	0.11	0	
10/02/2012 14:19:41	TASTEGGIO	0	4	5500	44021	70980	178	-3	0.09	0.09	0	
10/02/2012 14:20:02	TASTEGGIO	0	5	5500	44021	70962	214	-4	0.04	0.04	0	
10/02/2012 14:20:13	TASTEGGIO	0	5	5500	44021	115254	214	-4	0.03	0.06	-24500	
10/02/2012 14:22:05	TASTEGGIO	0	5	5500	44021	115389	214	-4	0.11	0.16	24500	
10/02/2012 14:22:27	TASTEGGIO	1	0	5500	44021	90959	71	-1	0.15	0.15	0	
10/02/2012 14:22:46	TASTEGGIO	0	1	5500	44021	90952	85	-1	0.14	0.14	0	
10/02/2012 14:22:56	TASTEGGIO	0	1	5500	44021	115256	85	-1	0.10	0.15	24500	
10/02/2012 14:23:18	TASTEGGIO	1	0	5500	44021	90827	70	0	0.14	0.14	0	
10/02/2012 14:23:27	TASTEGGIO	1	0	5500	44021	115237	70	0	0.09	0.14	24500	
10/02/2012 14:23:49	TASTEGGIO	1	0	5500	44021	90815	68	0	0.14	0.14	0	
10/02/2012 14:24:08	TASTEGGIO	0	1	5500	44021	90808	82	0	0.14	0.14	0	
10/02/2012 14:24:27	TASTEGGIO	0	2	5500	44021	90801	110	-1	0.14	0.14	0	
10/02/2012 14:24:49	TASTEGGIO	0	3	5500	44021	90795	152	-4	0.09	0.09	0	
10/02/2012 14:25:09	TASTEGGIO	0	4	5500	44021	90792	163	-3	0.07	0.07	0	
10/02/2012 14:25:19	TASTEGGIO	0	4	5500	44021	115234	163	-3	0.03	0.07	44500	
10/02/2012 14:27:12	TASTEGGIO	0	4	5500	44021	115385	163	-3	0.07	0.19	44500	
10/02/2012 14:27:33	TASTEGGIO	1	0	5500	44021	70999	76	-4	0.17	0.17	0	
10/02/2012 14:27:50	TASTEGGIO	0	1	5500	44021	70993	91	0	0.17	0.17	0	
10/02/2012 14:28:10	TASTEGGIO	0	2	5500	44021	70990	125	-1	0.16	0.16	0	
10/02/2012 14:28:30	TASTEGGIO	0	3	5500	44021	70982	170	-3	0.13	0.13	0	
10/02/2012 14:28:41	TASTEGGIO	0	3	5500	44021	115255	170	-3	0.05	0.14	44500	
10/02/2012 14:29:01	TASTEGGIO	1	0	5500	44021	70908	68	0	0.14	0.14	0	
10/02/2012 14:29:18	TASTEGGIO	0	1	5500	44021	70886	82	0	0.14	0.14	0	
10/02/2012 14:29:36	TASTEGGIO	0	2	5500	44021	70866	110	0	0.13	0.13	0	
10/02/2012 14:29:56	TASTEGGIO	0	3	5500	44021	70849	146	0	0.14	0.14	0	
10/02/2012 14:30:18	TASTEGGIO	0	4	5500	44021	70822	206	-4	0.11	0.11	0	
10/02/2012 14:30:39	TASTEGGIO	0	5	5500	44021	70795	225	-5	0.07	0.07	0	
10/02/2012 14:30:50	TASTEGGIO	0	5	5500	44021	115232	225	-5	0.08	0.08	0	
10/02/2012 14:31:49	ALARM 17	proc 12 prog 10 step 47	LavoroTerminato
10/02/2012 14:53:14	TASTEGGIO	0	5	5500	44021	127262	225	-5	0.20	0.39	82800	
10/02/2012 14:53:38	TASTEGGIO	1	0	5500	44021	44548	110	-1	0.38	0.38	0	
10/02/2012 14:53:56	TASTEGGIO	0	1	5500	44021	44532	147	-1	0.38	0.38	0	
10/02/2012 14:54:16	TASTEGGIO	0	2	5500	44021	44525	223	-3	0.35	0.35	0	
10/02/2012 14:54:39	TASTEGGIO	0	3	5500	44021	44522	319	-16	0.20	0.20	0	
10/02/2012 14:55:01	TASTEGGIO	0	4	5500	44021	44518	341	-15	0.06	0.06	0	
10/02/2012 14:55:12	TASTEGGIO	0	4	5500	44021	127231	341	-15	0.02	0.09	44500	
10/02/2012 14:55:34	TASTEGGIO	1	0	5500	44021	82812	60	-1	0.09	0.09	0	
10/02/2012 14:55:53	TASTEGGIO	0	1	5500	44021	82797	69	0	0.09	0.09	0	
10/02/2012 14:56:12	TASTEGGIO	0	2	5500	44021	82789	87	0	0.08	0.08	0	
10/02/2012 14:56:22	TASTEGGIO	0	2	5500	44021	127222	87	0	0.04	0.11	-44500	
10/02/2012 14:56:47	TASTEGGIO	1	0	5500	44021	171613	63	-4	0.07	0.07	0	
10/02/2012 14:56:58	TASTEGGIO	1	0	5500	44021	127363	63	-4	0.01	0.09	44500	
10/02/2012 14:57:21	TASTEGGIO	1	0	5500	44021	82939	60	-1	0.09	0.09	0	
10/02/2012 14:57:39	TASTEGGIO	0	1	5500	44021	82927	69	0	0.09	0.09	0	
10/02/2012 14:57:58	TASTEGGIO	0	2	5500	44021	82915	87	0	0.08	0.08	0	
10/02/2012 14:58:08	TASTEGGIO	0	2	5500	44021	127230	87	0	0.02	0.07	44500	
10/02/2012 14:59:59	TASTEGGIO	0	2	5500	44021	127580	87	0	0.05	0.27	-82000	
10/02/2012 15:00:24	TASTEGGIO	1	0	5500	44021	209527	90	-3	0.24	0.24	0	
10/02/2012 15:00:45	TASTEGGIO	0	1	5500	44021	209528	111	-1	0.23	0.23	0	
10/02/2012 15:01:06	TASTEGGIO	0	2	5500	44021	209528	155	-3	0.22	0.22	0	
10/02/2012 15:01:28	TASTEGGIO	0	3	5500	44021	209529	218	-11	0.10	0.10	0	
10/02/2012 15:01:39	TASTEGGIO	0	3	5500	44021	127581	218	-11	0.05	0.12	82800	
10/02/2012 15:02:03	TASTEGGIO	1	0	5500	44021	44822	65	-1	0.11	0.11	0	
10/02/2012 15:02:21	TASTEGGIO	0	1	5500	44021	44820	75	0	0.11	0.11	0	
10/02/2012 15:02:40	TASTEGGIO	0	2	5500	44021	44820	97	-1	0.10	0.10	0	
10/02/2012 15:02:58	TASTEGGIO	0	3	5500	44021	44823	124	0	0.10	0.10	0	
10/02/2012 15:03:17	TASTEGGIO	0	4	5500	44021	44821	164	-1	0.09	0.09	0	
10/02/2012 15:03:38	TASTEGGIO	0	5	5500	44021	44821	204	-2	0.06	0.06	0	
10/02/2012 15:03:50	TASTEGGIO	0	5	5500	44021	127441	204	-2	0.03	0.12	-44500	
10/02/2012 15:04:15	TASTEGGIO	1	0	5500	44021	171838	65	-3	0.09	0.09	0	
10/02/2012 15:04:36	TASTEGGIO	0	1	5500	44021	171838	71	-1	0.08	0.08	0	
10/02/2012 15:04:46	TASTEGGIO	0	1	5500	44021	127580	71	-1	0.06	0.09	-82000	
10/02/2012 15:05:10	TASTEGGIO	1	0	5500	44021	209525	60	-1	0.10	0.10	0	
10/02/2012 15:05:30	TASTEGGIO	0	1	5500	44021	209525	71	0	0.09	0.09	0	
10/02/2012 15:05:41	TASTEGGIO	0	1	5500	44021	127585	71	0	0.06	0.09	-82000	
10/02/2012 15:07:31	TASTEGGIO	0	1	5500	44021	127583	71	0	0.07	0.15	-24500	
10/02/2012 15:07:55	TASTEGGIO	1	0	5500	44021	151992	70	-4	0.11	0.11	0	
10/02/2012 15:08:05	TASTEGGIO	1	0	5500	44021	127594	70	-4	0.04	0.11	-24500	
10/02/2012 15:08:29	TASTEGGIO	1	0	5500	44021	152008	63	0	0.11	0.11	0	
10/02/2012 15:08:50	TASTEGGIO	0	1	5500	44021	152009	74	-2	0.10	0.10	0	
10/02/2012 15:09:11	TASTEGGIO	0	2	5500	44021	152009	92	-2	0.07	0.07	0	
10/02/2012 15:09:20	TASTEGGIO	0	2	5500	44021	127571	92	-2	0.04	0.07	-24500	
10/02/2012 15:11:11	TASTEGGIO	0	2	5500	44021	127576	92	-2	0.02	0.17	-82000	
10/02/2012 15:11:35	TASTEGGIO	1	0	5500	44021	209517	73	-4	0.16	0.16	0	
10/02/2012 15:11:56	TASTEGGIO	0	1	5500	44021	209521	88	-1	0.15	0.15	0	
10/02/2012 15:12:15	TASTEGGIO	0	2	5500	44021	209522	116	-1	0.14	0.14	0	
10/02/2012 15:12:27	TASTEGGIO	0	2	5500	44021	127594	116	-1	0.05	0.14	82800	
10/02/2012 15:12:50	TASTEGGIO	1	0	5500	44021	44830	68	-2	0.13	0.13	0	
10/02/2012 15:13:08	TASTEGGIO	0	1	5500	44021	44828	80	-1	0.13	0.13	0	
10/02/2012 15:13:26	TASTEGGIO	0	2	5500	44021	44829	106	-1	0.14	0.14	0	
10/02/2012 15:13:46	TASTEGGIO	0	3	5500	44021	44829	151	0	0.13	0.13	0	
10/02/2012 15:14:07	TASTEGGIO	0	4	5500	44021	44829	199	-3	0.11	0.11	0	
10/02/2012 15:14:28	TASTEGGIO	0	5	5500	44021	44830	245	-6	0.05	0.05	0	
10/02/2012 15:14:40	TASTEGGIO	0	5	5500	44021	127435	245	-6	0.02	0.16	-82000	
10/02/2012 15:15:05	TASTEGGIO	1	0	5500	44021	209374	71	-2	0.16	0.16	0	
10/02/2012 15:15:24	TASTEGGIO	0	1	5500	44021	209374	87	-1	0.15	0.15	0	
10/02/2012 15:15:44	TASTEGGIO	0	2	5500	44021	209376	115	-1	0.15	0.15	0	
10/02/2012 15:16:05	TASTEGGIO	0	3	5500	44021	209382	160	-2	0.12	0.12	0	
10/02/2012 15:16:17	TASTEGGIO	0	3	5500	44021	127573	160	-2	0.03	0.12	-82000	
10/02/2012 15:16:41	TASTEGGIO	1	0	5500	44021	209525	65	0	0.12	0.12	0	
10/02/2012 15:16:59	TASTEGGIO	0	1	5500	44021	209525	77	-1	0.12	0.12	0	
10/02/2012 15:17:19	TASTEGGIO	0	2	5500	44021	209525	101	0	0.12	0.12	0	
10/02/2012 15:17:39	TASTEGGIO	0	3	5500	44021	209525	137	0	0.12	0.12	0	
10/02/2012 15:18:02	TASTEGGIO	0	4	5500	44021	209525	185	-4	0.09	0.09	0	
10/02/2012 15:18:23	TASTEGGIO	0	5	5500	44021	209525	200	-5	0.05	0.05	0	
10/02/2012 15:18:35	TASTEGGIO	0	5	5500	44021	127586	200	-5	0.07	0.09	82800	
10/02/2012 15:18:58	TASTEGGIO	1	0	5500	44021	44826	60	0	0.08	0.08	0	
10/02/2012 15:19:09	TASTEGGIO	1	0	5500	44021	127440	60	0	0.07	0.09	82800	
10/02/2012 15:21:00	TASTEGGIO	1	0	5500	44021	127580	60	0	0.08	0.13	44500	
10/02/2012 15:21:22	TASTEGGIO	1	0	5500	44021	83147	66	-2	0.13	0.13	0	
10/02/2012 15:21:41	TASTEGGIO	0	1	5500	44021	83134	79	-1	0.11	0.11	0	
10/02/2012 15:22:02	TASTEGGIO	0	2	5500	44021	83129	97	-1	0.09	0.09	0	
10/02/2012 15:22:22	TASTEGGIO	0	3	5500	44021	83127	119	-2	0.07	0.07	0	
10/02/2012 15:22:32	TASTEGGIO	0	3	5500	44021	127450	119	-2	0.07	0.09	-24500	
10/02/2012 15:22:57	TASTEGGIO	1	0	5500	44021	151871	60	-5	0.06	0.06	0	
10/02/2012 15:23:06	TASTEGGIO	1	0	5500	44021	127573	60	-5	0.03	0.08	44500	
10/02/2012 15:24:58	TASTEGGIO	1	0	5500	44021	127582	60	-5	0.19	0.22	44500	
10/02/2012 15:25:21	TASTEGGIO	1	0	5500	44021	83160	81	-1	0.22	0.22	0	
10/02/2012 15:25:40	TASTEGGIO	0	1	5500	44021	83147	103	-2	0.20	0.20	0	
10/02/2012 15:26:02	TASTEGGIO	0	2	5500	44021	83132	139	-3	0.17	0.17	0	
10/02/2012 15:26:23	TASTEGGIO	0	3	5500	44021	83121	182	-6	0.09	0.09	0	
10/02/2012 15:26:33	TASTEGGIO	0	3	5500	44021	127450	182	-6	0.10	0.15	82800	
10/02/2012 15:26:56	TASTEGGIO	1	0	5500	44021	44696	70	-1	0.14	0.14	0	
10/02/2012 15:27:08	TASTEGGIO	1	0	5500	44021	127432	70	-1	0.09	0.13	82800	
10/02/2012 15:27:30	TASTEGGIO	1	0	5500	44021	44688	66	0	0.14	0.14	0	
10/02/2012 15:27:48	TASTEGGIO	0	1	5500	44021	44678	81	0	0.13	0.13	0	
10/02/2012 15:28:05	TASTEGGIO	0	2	5500	44021	44676	105	-1	0.13	0.13	0	
10/02/2012 15:28:24	TASTEGGIO	0	3	5500	44021	44676	144	-1	0.14	0.14	0	
10/02/2012 15:28:45	TASTEGGIO	0	4	5500	44021	44676	204	-2	0.10	0.10	0	
10/02/2012 15:29:06	TASTEGGIO	0	5	5500	44021	44677	219	-2	0.09	0.09	0	
10/02/2012 15:29:28	TASTEGGIO	0	6	5500	44021	44677	267	-9	0.03	0.03	0	
10/02/2012 15:29:39	TASTEGGIO	0	6	5500	44021	127426	267	-9	0.03	0.08	-82000	
10/02/2012 15:31:30	TASTEGGIO	0	6	5500	44021	127675	267	-9	0.08	0.13	24500	
10/02/2012 15:31:53	TASTEGGIO	1	0	5500	44021	103241	66	-3	0.10	0.10	0	
10/02/2012 15:32:13	TASTEGGIO	0	1	5500	44021	103236	73	-2	0.08	0.08	0	
10/02/2012 15:32:23	TASTEGGIO	0	1	5500	44021	127547	73	-2	0.08	0.11	-44500	
10/02/2012 15:32:47	TASTEGGIO	1	0	5500	44021	171946	63	-4	0.08	0.08	0	
10/02/2012 15:32:58	TASTEGGIO	1	0	5500	44021	127676	63	-4	0.03	0.08	24500	
10/02/2012 15:34:48	TASTEGGIO	1	0	5500	44021	127677	63	-4	0.13	0.17	-82000	
10/02/2012 15:35:14	TASTEGGIO	1	0	5500	44021	209617	73	-3	0.16	0.16	0	
10/02/2012 15:35:33	TASTEGGIO	0	1	5500	44021	209618	88	0	0.16	0.16	0	
10/02/2012 15:35:54	TASTEGGIO	0	2	5500	44021	209623	120	-1	0.14	0.14	0	
10/02/2012 15:36:05	TASTEGGIO	0	2	5500	44021	127676	120	-1	0.10	0.14	-24500	
10/02/2012 15:36:29	TASTEGGIO	1	0	5500	44021	152083	68	-5	0.09	0.09	0	
10/02/2012 15:36:49	TASTEGGIO	0	1	5500	44021	152084	73	-1	0.08	0.08	0	
10/02/2012 15:36:59	TASTEGGIO	0	1	5500	44021	127677	73	-1	0.07	0.13	-82000	
10/02/2012 15:37:24	TASTEGGIO	1	0	5500	44021	209614	66	0	0.14	0.14	0	
10/02/2012 15:37:43	TASTEGGIO	0	1	5500	44021	209619	81	-1	0.14	0.14	0	
10/02/2012 15:38:03	TASTEGGIO	0	2	5500	44021	209623	109	0	0.12	0.12	0	
10/02/2012 15:38:24	TASTEGGIO	0	3	5500	44021	209624	139	-1	0.11	0.11	0	
10/02/2012 15:38:45	TASTEGGIO	0	4	5500	44021	209626	179	-5	0.07	0.07	0	
10/02/2012 15:38:56	TASTEGGIO	0	4	5500	44021	127679	179	-5	0.04	0.07	-82000	
10/02/2012 15:40:47	TASTEGGIO	0	4	5500	44021	127576	179	-5	0.05	0.16	-82000	
10/02/2012 15:41:12	TASTEGGIO	1	0	5500	44021	209532	71	-2	0.15	0.15	0	
10/02/2012 15:41:31	TASTEGGIO	0	1	5500	44021	209532	85	-1	0.14	0.14	0	
10/02/2012 15:41:43	TASTEGGIO	0	1	5500	44021	127590	85	-1	0.04	0.14	-82000	
10/02/2012 15:42:07	TASTEGGIO	1	0	5500	44021	209540	68	0	0.14	0.14	0	
10/02/2012 15:42:27	TASTEGGIO	0	1	5500	44021	209540	82	-1	0.13	0.13	0	
10/02/2012 15:42:47	TASTEGGIO	0	2	5500	44021	209540	106	-1	0.13	0.13	0	
10/02/2012 15:43:09	TASTEGGIO	0	3	5500	44021	209541	145	-3	0.10	0.10	0	
10/02/2012 15:43:29	TASTEGGIO	0	4	5500	44021	209541	160	-3	0.08	0.08	0	
10/02/2012 15:43:41	TASTEGGIO	0	4	5500	44021	127584	160	-3	0.01	0.11	82800	
10/02/2012 15:44:04	TASTEGGIO	1	0	5500	44021	44821	63	-2	0.09	0.09	0	
10/02/2012 15:44:21	TASTEGGIO	0	1	5500	44021	44821	70	0	0.09	0.09	0	
10/02/2012 15:44:39	TASTEGGIO	0	2	5500	44021	44821	88	0	0.08	0.08	0	
10/02/2012 15:44:51	TASTEGGIO	0	2	5500	44021	127438	88	0	0.02	0.10	82800	
10/02/2012 15:45:13	TASTEGGIO	1	0	5500	44021	44685	61	-1	0.10	0.10	0	
10/02/2012 15:45:31	TASTEGGIO	0	1	5500	44021	44683	71	0	0.08	0.08	0	
10/02/2012 15:45:42	TASTEGGIO	0	1	5500	44021	127433	71	0	0.02	0.09	82800	
10/02/2012 15:47:33	TASTEGGIO	0	1	5500	44021	127579	71	0	0.02	0.11	44500	
10/02/2012 15:47:56	TASTEGGIO	1	0	5500	44021	83137	63	-2	0.10	0.10	0	
10/02/2012 15:48:14	TASTEGGIO	0	1	5500	44021	83131	72	-1	0.10	0.10	0	
10/02/2012 15:48:35	TASTEGGIO	0	2	5500	44021	83125	92	-1	0.10	0.10	0	
10/02/2012 15:48:55	TASTEGGIO	0	3	5500	44021	83124	122	-3	0.07	0.07	0	
10/02/2012 15:49:06	TASTEGGIO	0	3	5500	44021	127446	122	-3	0.03	0.07	-82000	
10/02/2012 15:50:55	TASTEGGIO	0	3	5500	44021	127585	122	-3	0.06	0.08	-24500	
10/02/2012 15:52:46	TASTEGGIO	0	3	5500	44021	127470	122	-3	0.11	0.15	82800	
10/02/2012 15:53:08	TASTEGGIO	1	0	5500	44021	44716	70	-2	0.13	0.13	0	
10/02/2012 15:53:20	TASTEGGIO	1	0	5500	44021	127332	70	-2	0.10	0.15	44500	
10/02/2012 15:53:42	TASTEGGIO	1	0	5500	44021	82912	70	-1	0.13	0.13	0	
10/02/2012 15:53:53	TASTEGGIO	1	0	5500	44021	127325	70	-1	0.10	0.14	44500	
10/02/2012 15:54:15	TASTEGGIO	1	0	5500	44021	82902	68	0	0.13	0.13	0	
10/02/2012 15:54:34	TASTEGGIO	0	1	5500	44021	82889	80	0	0.12	0.12	0	
10/02/2012 15:54:54	TASTEGGIO	0	2	5500	44021	82878	102	-2	0.11	0.11	0	
10/02/2012 15:55:16	TASTEGGIO	0	3	5500	44021	82875	132	-2	0.09	0.09	0	
10/02/2012 15:55:37	TASTEGGIO	0	4	5500	44021	82872	161	-5	0.05	0.05	0	
10/02/2012 15:55:47	TASTEGGIO	0	4	5500	44021	127328	161	-5	0.04	0.10	-82000	
10/02/2012 15:56:11	TASTEGGIO	1	0	5500	44021	209281	61	-2	0.08	0.08	0	
10/02/2012 15:56:23	TASTEGGIO	1	0	5500	44021	127463	61	-2	0.04	0.09	82800	
10/02/2012 15:56:45	TASTEGGIO	1	0	5500	44021	44709	60	0	0.08	0.08	0	
10/02/2012 15:56:57	TASTEGGIO	1	0	5500	44021	127340	60	0	0.04	0.09	82800	
10/02/2012 15:57:19	TASTEGGIO	1	0	5500	44021	44594	60	0	0.08	0.08	0	
10/02/2012 15:57:31	TASTEGGIO	1	0	5500	44021	127334	60	0	0.05	0.08	-82000	
10/02/2012 15:59:22	TASTEGGIO	1	0	5500	44021	127580	60	0	0.06	0.07	-24500	
10/02/2012 16:01:11	TASTEGGIO	1	0	5500	44021	127578	60	0	0.05	0.09	-24500	
10/02/2012 16:01:35	TASTEGGIO	1	0	5500	44021	151997	60	-4	0.06	0.06	0	
10/02/2012 16:01:45	TASTEGGIO	1	0	5500	44021	127592	60	-4	0.03	0.06	44500	
10/02/2012 16:03:36	TASTEGGIO	1	0	5500	44021	127577	60	-4	0.19	0.32	-82000	
10/02/2012 16:04:01	TASTEGGIO	1	0	5500	44021	209526	98	-2	0.30	0.30	0	
10/02/2012 16:04:21	TASTEGGIO	0	1	5500	44021	209526	126	-2	0.29	0.29	0	
10/02/2012 16:04:42	TASTEGGIO	0	2	5500	44021	209526	182	-5	0.24	0.24	0	
10/02/2012 16:05:05	TASTEGGIO	0	3	5500	44021	209527	241	-15	0.13	0.13	0	
10/02/2012 16:05:16	TASTEGGIO	0	3	5500	44021	127587	241	-15	0.05	0.17	24500	
10/02/2012 16:05:40	TASTEGGIO	1	0	5500	44021	103164	73	-3	0.14	0.14	0	
10/02/2012 16:05:49	TASTEGGIO	1	0	5500	44021	127448	73	-3	0.05	0.15	24500	
10/02/2012 16:06:13	TASTEGGIO	1	0	5500	44021	103035	70	0	0.14	0.14	0	
10/02/2012 16:06:23	TASTEGGIO	1	0	5500	44021	127431	70	0	0.04	0.15	44500	
10/02/2012 16:06:46	TASTEGGIO	1	0	5500	44021	83013	70	-1	0.15	0.15	0	
10/02/2012 16:07:04	TASTEGGIO	0	1	5500	44021	82997	85	-1	0.13	0.13	0	
10/02/2012 16:07:15	TASTEGGIO	0	1	5500	44021	127428	85	-1	0.03	0.13	24500	
10/02/2012 16:07:38	TASTEGGIO	1	0	5500	44021	103020	66	0	0.12	0.12	0	
10/02/2012 16:07:58	TASTEGGIO	0	1	5500	44021	103012	77	0	0.13	0.13	0	
10/02/2012 16:08:19	TASTEGGIO	0	2	5500	44021	103006	105	-2	0.10	0.10	0	
10/02/2012 16:08:40	TASTEGGIO	0	3	5500	44021	103002	118	-2	0.08	0.08	0	
10/02/2012 16:08:49	TASTEGGIO	0	3	5500	44021	127435	118	-2	0.02	0.10	-82000	
10/02/2012 16:09:14	TASTEGGIO	1	0	5500	44021	209378	61	-1	0.10	0.10	0	
10/02/2012 16:09:32	TASTEGGIO	0	1	5500	44021	209378	71	-1	0.10	0.10	0	
10/02/2012 16:09:53	TASTEGGIO	0	2	5500	44021	209378	91	0	0.10	0.10	0	
10/02/2012 16:10:13	TASTEGGIO	0	3	5500	44021	209378	121	-1	0.10	0.10	0	
10/02/2012 16:10:35	TASTEGGIO	0	4	5500	44021	209378	161	1	0.11	0.11	0	
10/02/2012 16:10:57	TASTEGGIO	0	5	5500	44021	209379	221	-6	0.04	0.04	0	
10/02/2012 16:11:08	TASTEGGIO	0	5	5500	44021	127569	221	-6	0.05	0.12	-24500	
10/02/2012 16:11:32	TASTEGGIO	1	0	5500	44021	151996	65	-4	0.08	0.08	0	
10/02/2012 16:11:42	TASTEGGIO	1	0	5500	44021	127583	65	-4	0.04	0.10	82800	
10/02/2012 16:12:04	TASTEGGIO	1	0	5500	44021	44819	61	-3	0.08	0.08	0	
10/02/2012 16:12:15	TASTEGGIO	1	0	5500	44021	127442	61	-3	0.03	0.10	24500	
10/02/2012 16:12:39	TASTEGGIO	1	0	5500	44021	103030	61	0	0.08	0.08	0	
10/02/2012 16:12:48	TASTEGGIO	1	0	5500	44021	127436	61	0	0.03	0.09	24500	
10/02/2012 16:13:12	TASTEGGIO	1	0	5500	44021	103022	60	0	0.07	0.07	0	
10/02/2012 16:13:21	TASTEGGIO	1	0	5500	44021	127429	60	0	0.03	0.09	82800	
10/02/2012 16:13:44	TASTEGGIO	1	0	5500	44021	44685	60	0	0.07	0.07	0	
10/02/2012 16:13:55	TASTEGGIO	1	0	5500	44021	127429	60	0	0.03	0.10	24500	
10/02/2012 16:14:19	TASTEGGIO	1	0	5500	44021	103014	61	0	0.08	0.08	0	
10/02/2012 16:14:28	TASTEGGIO	1	0	5500	44021	127432	61	0	0.03	0.09	24500	
10/02/2012 16:14:52	TASTEGGIO	1	0	5500	44021	103016	60	0	0.08	0.08	0	
10/02/2012 16:15:01	TASTEGGIO	1	0	5500	44021	127430	60	0	0.03	0.09	24500	
10/02/2012 16:15:25	TASTEGGIO	1	0	5500	44021	103011	60	0	0.08	0.08	0	
10/02/2012 16:15:34	TASTEGGIO	1	0	5500	44021	127428	60	0	0.02	0.09	82800	
10/02/2012 16:15:57	TASTEGGIO	1	0	5500	44021	44687	60	-1	0.08	0.08	0	
10/02/2012 16:16:08	TASTEGGIO	1	0	5500	44021	127430	60	-1	0.02	0.10	24500	
10/02/2012 16:16:32	TASTEGGIO	1	0	5500	44021	103010	61	0	0.08	0.08	0	
10/02/2012 16:16:41	TASTEGGIO	1	0	5500	44021	127427	61	0	0.03	0.09	44500	
10/02/2012 16:17:04	TASTEGGIO	1	0	5500	44021	83005	60	0	0.10	0.10	0	
10/02/2012 16:17:22	TASTEGGIO	0	1	5500	44021	82994	71	0	0.08	0.08	0	
10/02/2012 16:17:33	TASTEGGIO	0	1	5500	44021	127419	71	0	0.03	0.09	24500	
10/02/2012 16:17:56	TASTEGGIO	1	0	5500	44021	103012	60	-1	0.08	0.08	0	
10/02/2012 16:18:05	TASTEGGIO	1	0	5500	44021	127420	60	-1	0.02	0.09	24500	
10/02/2012 16:19:56	TASTEGGIO	1	0	5500	44021	127577	60	-1	0.14	0.16	-44500	
10/02/2012 16:20:21	TASTEGGIO	1	0	5500	44021	171950	71	-4	0.12	0.12	0	
10/02/2012 16:20:32	TASTEGGIO	1	0	5500	44021	127595	71	-4	0.11	0.13	-44500	
10/02/2012 16:20:56	TASTEGGIO	1	0	5500	44021	171973	66	0	0.12	0.12	0	
10/02/2012 16:21:17	TASTEGGIO	0	1	5500	44021	171973	77	0	0.11	0.11	0	
10/02/2012 16:21:37	TASTEGGIO	0	2	5500	44021	171973	97	-2	0.11	0.11	0	
10/02/2012 16:21:59	TASTEGGIO	0	3	5500	44021	171974	130	-6	0.05	0.05	0	
10/02/2012 16:22:09	TASTEGGIO	0	3	5500	44021	127570	130	-6	0.05	0.10	-82000	
10/02/2012 16:22:33	TASTEGGIO	1	0	5500	44021	209521	61	-1	0.09	0.09	0	
10/02/2012 16:22:51	TASTEGGIO	0	1	5500	44021	209521	69	-1	0.08	0.08	0	
10/02/2012 16:23:02	TASTEGGIO	0	1	5500	44021	127578	69	-1	0.04	0.08	82800	
10/02/2012 16:24:52	TASTEGGIO	0	1	5500	44021	127469	69	-1	0.06	0.16	-82000	
10/02/2012 16:25:17	TASTEGGIO	1	0	5500	44021	209420	71	-3	0.15	0.15	0	
10/02/2012 16:25:37	TASTEGGIO	0	1	5500	44021	209420	85	0	0.15	0.15	0	
10/02/2012 16:25:58	TASTEGGIO	0	2	5500	44021	209421	115	0	0.13	0.13	0	
10/02/2012 16:26:10	TASTEGGIO	0	2	5500	44021	127484	115	0	0.04	0.14	-82000	
10/02/2012 16:26:34	TASTEGGIO	1	0	5500	44021	209435	68	0	0.14	0.14	0	
10/02/2012 16:26:54	TASTEGGIO	0	1	5500	44021	209435	82	0	0.14	0.14	0	
10/02/2012 16:27:14	TASTEGGIO	0	2	5500	44021	209436	110	-1	0.13	0.13	0	
10/02/2012 16:27:36	TASTEGGIO	0	3	5500	44021	209436	146	-2	0.12	0.12	0	
10/02/2012 16:27:57	TASTEGGIO	0	4	5500	44021	209436	190	-4	0.06	0.06	0	
10/02/2012 16:28:09	TASTEGGIO	0	4	5500	44021	127487	190	-4	0.02	0.06	-82000	
10/02/2012 16:30:00	TASTEGGIO	0	4	5500	44021	127576	190	-4	0.02	0.08	-82000	
10/02/2012 16:31:51	TASTEGGIO	0	4	5500	44021	127466	190	-4	0.06	0.16	-44500	
10/02/2012 16:32:16	TASTEGGIO	1	0	5500	44021	171853	71	-4	0.14	0.14	0	
10/02/2012 16:32:26	TASTEGGIO	1	0	5500	44021	127496	71	-4	0.03	0.14	-44500	
10/02/2012 16:32:51	TASTEGGIO	1	0	5500	44021	171879	68	-1	0.14	0.14	0	
10/02/2012 16:33:12	TASTEGGIO	0	1	5500	44021	171881	82	-1	0.12	0.12	0	
10/02/2012 16:33:32	TASTEGGIO	0	2	5500	44021	171885	102	-3	0.09	0.09	0	
10/02/2012 16:33:53	TASTEGGIO	0	3	5500	44021	171886	113	-2	0.07	0.07	0	
10/02/2012 16:34:04	TASTEGGIO	0	3	5500	44021	127477	113	-2	0.03	0.07	-44500	
10/02/2012 16:35:55	TASTEGGIO	0	3	5500	44021	127473	113	-2	0.11	0.16	-44500	
10/02/2012 16:36:20	TASTEGGIO	1	0	5500	44021	171848	71	-3	0.11	0.11	0	
10/02/2012 16:36:30	TASTEGGIO	1	0	5500	44021	127497	71	-3	0.09	0.12	-24500	
10/02/2012 16:36:54	TASTEGGIO	1	0	5500	44021	151913	65	-4	0.07	0.07	0	
10/02/2012 16:37:04	TASTEGGIO	1	0	5500	44021	127488	65	-4	0.08	0.09	-44500	
10/02/2012 16:37:28	TASTEGGIO	1	0	5500	44021	171865	60	0	0.08	0.08	0	
10/02/2012 16:37:39	TASTEGGIO	1	0	5500	44021	127500	60	0	0.07	0.08	-24500	
10/02/2012 16:39:30	TASTEGGIO	1	0	5500	44021	127578	60	0	0.03	0.07	-82000	
10/02/2012 16:40:28	ALARM 17	proc 12 prog 10 step 47	LavoroTerminato
10/02/2012 16:42:08	ALARM 406		
11/02/2012 06:52:51	ALARM 401		
11/02/2012 06:52:53	INIT OK
11/02/2012 06:57:49	TASTEGGIO	0	0	5500	44021	127577	0	0	0.07	0.22	44500	
11/02/2012 06:58:12	TASTEGGIO	1	0	5500	44021	83160	81	-3	0.20	0.20	0	
11/02/2012 06:58:31	TASTEGGIO	0	1	5500	44021	83158	99	-1	0.20	0.20	0	
11/02/2012 06:58:53	TASTEGGIO	0	2	5500	44021	83149	139	-3	0.18	0.18	0	
11/02/2012 06:59:14	TASTEGGIO	0	3	5500	44021	83138	187	-8	0.09	0.09	0	
11/02/2012 06:59:24	TASTEGGIO	0	3	5500	44021	127448	187	-8	0.07	0.14	82800	
11/02/2012 06:59:47	TASTEGGIO	1	0	5500	44021	44695	68	-2	0.14	0.14	0	
11/02/2012 07:00:04	TASTEGGIO	0	1	5500	44021	44690	82	-1	0.12	0.12	0	
11/02/2012 07:00:22	TASTEGGIO	0	2	5500	44021	44691	102	-1	0.12	0.12	0	
11/02/2012 07:00:41	TASTEGGIO	0	3	5500	44021	44690	138	0	0.12	0.12	0	
11/02/2012 07:01:01	TASTEGGIO	0	4	5500	44021	44689	186	-2	0.11	0.11	0	
11/02/2012 07:01:23	TASTEGGIO	0	5	5500	44021	44689	236	-4	0.08	0.08	0	
11/02/2012 07:01:35	TASTEGGIO	0	5	5500	44021	127422	236	-4	0.10	0.10	0	
11/02/2012 07:01:58	TASTEGGIO	1	0	5500	44021	127417	61	-4	0.06	0.06	0	
11/02/2012 07:02:05	TASTEGGIO	1	0	5500	44021	127422	61	-4	0.06	0.11	-44500	
11/02/2012 07:02:30	TASTEGGIO	1	0	5500	44021	171816	63	-4	0.08	0.08	0	
11/02/2012 07:02:41	TASTEGGIO	1	0	5500	44021	127576	63	-4	0.08	0.08	0	
11/02/2012 07:04:32	TASTEGGIO	1	0	5500	44021	127680	63	-4	0.07	0.12	24500	
11/02/2012 07:04:56	TASTEGGIO	1	0	5500	44021	103254	65	-2	0.10	0.10	0	
11/02/2012 07:05:15	TASTEGGIO	0	1	5500	44021	103253	73	-1	0.07	0.07	0	
11/02/2012 07:05:25	TASTEGGIO	0	1	5500	44021	127541	73	-1	0.05	0.12	82800	
11/02/2012 07:05:48	TASTEGGIO	1	0	5500	44021	44792	65	-2	0.13	0.13	0	
11/02/2012 07:06:05	TASTEGGIO	0	1	5500	44021	44788	79	-1	0.13	0.13	0	
11/02/2012 07:06:23	TASTEGGIO	0	2	5500	44021	44786	105	0	0.12	0.12	0	
11/02/2012 07:06:41	TASTEGGIO	0	3	5500	44021	44785	138	-1	0.12	0.12	0	
11/02/2012 07:07:02	TASTEGGIO	0	4	5500	44021	44786	186	-2	0.11	0.11	0	
11/02/2012 07:07:24	TASTEGGIO	0	5	5500	44021	44788	236	-4	0.07	0.07	0	
11/02/2012 07:07:36	TASTEGGIO	0	5	5500	44021	127527	236	-4	0.05	0.13	24500	
11/02/2012 07:07:59	TASTEGGIO	1	0	5500	44021	103121	66	0	0.12	0.12	0	
11/02/2012 07:08:18	TASTEGGIO	0	1	5500	44021	103111	77	0	0.12	0.12	0	
11/02/2012 07:08:38	TASTEGGIO	0	2	5500	44021	103108	101	-1	0.10	0.10	0	
11/02/2012 07:08:59	TASTEGGIO	0	3	5500	44021	103107	125	-2	0.08	0.08	0	
11/02/2012 07:09:09	TASTEGGIO	0	3	5500	44021	127533	125	-2	0.05	0.11	-44500	
11/02/2012 07:09:33	TASTEGGIO	1	0	5500	44021	171929	63	-4	0.07	0.07	0	
11/02/2012 07:09:44	TASTEGGIO	1	0	5500	44021	127675	63	-4	0.03	0.10	82800	
11/02/2012 07:10:06	TASTEGGIO	1	0	5500	44021	44916	61	-1	0.10	0.10	0	
11/02/2012 07:10:24	TASTEGGIO	0	1	5500	44021	44912	71	0	0.10	0.10	0	
11/02/2012 07:10:43	TASTEGGIO	0	2	5500	44021	44912	91	0	0.09	0.09	0	
11/02/2012 07:10:54	TASTEGGIO	0	2	5500	44021	127521	91	0	0.02	0.10	82800	
11/02/2012 07:11:16	TASTEGGIO	1	0	5500	44021	44791	61	0	0.10	0.10	0	
11/02/2012 07:11:33	TASTEGGIO	0	1	5500	44021	44780	71	-1	0.10	0.10	0	
11/02/2012 07:11:52	TASTEGGIO	0	2	5500	44021	44772	91	-1	0.09	0.09	0	
11/02/2012 07:12:03	TASTEGGIO	0	2	5500	44021	127516	91	-1	0.03	0.10	82800	
11/02/2012 07:13:54	TASTEGGIO	0	2	5500	44021	127571	91	-1	0.07	0.18	-82000	
11/02/2012 07:14:20	TASTEGGIO	1	0	5500	44021	209503	75	-2	0.18	0.18	0	
11/02/2012 07:14:39	TASTEGGIO	0	1	5500	44021	209504	93	-1	0.17	0.17	0	
11/02/2012 07:15:00	TASTEGGIO	0	2	5500	44021	209514	125	-2	0.16	0.16	0	
11/02/2012 07:15:20	TASTEGGIO	0	3	5500	44021	209517	170	-4	0.13	0.13	0	
11/02/2012 07:15:32	TASTEGGIO	0	3	5500	44021	127584	170	-4	0.04	0.12	-82000	
11/02/2012 07:15:56	TASTEGGIO	1	0	5500	44021	209528	65	0	0.14	0.14	0	
11/02/2012 07:16:15	TASTEGGIO	0	1	5500	44021	209529	81	-1	0.14	0.14	0	
11/02/2012 07:16:35	TASTEGGIO	0	2	5500	44021	209529	109	-1	0.13	0.13	0	
11/02/2012 07:16:57	TASTEGGIO	0	3	5500	44021	209529	145	0	0.13	0.13	0	
11/02/2012 07:17:19	TASTEGGIO	0	4	5500	44021	209529	197	-4	0.09	0.09	0	
11/02/2012 07:17:41	TASTEGGIO	0	5	5500	44021	209530	210	-4	0.05	0.05	0	
11/02/2012 07:17:52	TASTEGGIO	0	5	5500	44021	127592	210	-4	0.06	0.07	24500	
11/02/2012 07:19:42	TASTEGGIO	0	5	5500	44021	127676	210	-4	0.06	0.13	-82000	
11/02/2012 07:20:06	TASTEGGIO	1	0	5500	44021	209618	66	-3	0.12	0.12	0	
11/02/2012 07:20:26	TASTEGGIO	0	1	5500	44021	209619	77	-1	0.12	0.12	0	
11/02/2012 07:20:45	TASTEGGIO	0	2	5500	44021	209619	101	-1	0.11	0.11	0	
11/02/2012 07:21:07	TASTEGGIO	0	3	5500	44021	209619	131	-2	0.09	0.09	0	
11/02/2012 07:21:27	TASTEGGIO	0	4	5500	44021	209619	160	-4	0.07	0.07	0	
11/02/2012 07:21:39	TASTEGGIO	0	4	5500	44021	127693	160	-4	0.04	0.08	24500	
11/02/2012 07:22:37	ALARM 17	proc 12 prog 10 step 47	LavoroTerminato
11/02/2012 11:13:45	ALARM 406		
15/02/2012 07:55:00	ALARM 401		
15/02/2012 07:55:02	INIT OK
15/02/2012 08:04:00	ALARM 406		
17/02/2012 07:18:12	ALARM 401		
17/02/2012 07:18:14	INIT OK
17/02/2012 07:31:33	ALARM 401		
17/02/2012 07:41:05	TASTEGGIO	0	0	11000	65580	186404	0	0	0.61	0.64	24500	
17/02/2012 07:41:37	TASTEGGIO	1	0	11000	65580	161994	294	-80	0.24	0.24	0	
17/02/2012 07:42:05	TASTEGGIO	0	1	11000	65580	161981	285	-109	0.84	0.84	0	
17/02/2012 07:42:25	TASTEGGIO	0	1	11000	65580	161979	0	-2	0.82	0.82	0	
17/02/2012 07:42:49	TASTEGGIO	0	2	11000	65580	161969	160	-15	0.67	0.67	0	
17/02/2012 07:43:17	TASTEGGIO	0	3	11000	65580	161977	324	-82	0.20	0.20	0	
17/02/2012 07:43:47	TASTEGGIO	0	1	11000	65580	161978	318	-119	0.97	0.97	0	
17/02/2012 07:44:05	TASTEGGIO	0	1	11000	65580	161977	0	-1	0.96	0.96	0	
17/02/2012 07:44:31	TASTEGGIO	0	2	11000	65580	161977	190	-22	0.74	0.74	0	
17/02/2012 07:44:57	TASTEGGIO	0	3	11000	65580	161977	288	-47	0.30	0.30	0	
17/02/2012 07:45:24	TASTEGGIO	0	0	11000	65580	161977	250	-11	0.20	0.20	0	
17/02/2012 07:45:54	TASTEGGIO	0	1	11000	65580	161977	263	-11	0.11	0.11	0	
17/02/2012 07:46:05	TASTEGGIO	0	1	11000	65580	186368	263	-11	0.13	0.15	82800	
17/02/2012 07:46:36	TASTEGGIO	1	0	11000	65580	103611	231	-23	0.08	0.08	0	
17/02/2012 07:46:49	TASTEGGIO	1	0	11000	65580	186362	231	-23	0.08	0.13	44500	
17/02/2012 07:47:20	TASTEGGIO	1	0	11000	65580	141903	228	-45	0.33	0.33	0	
17/02/2012 07:47:45	TASTEGGIO	0	1	11000	65580	141904	144	-11	0.25	0.25	0	
17/02/2012 07:48:10	TASTEGGIO	0	2	11000	65580	141905	170	-6	0.17	0.17	0	
17/02/2012 07:48:36	TASTEGGIO	0	3	11000	65580	141906	190	-5	0.11	0.11	0	
17/02/2012 07:49:04	TASTEGGIO	0	4	11000	65580	141917	204	-8	0.04	0.04	0	
17/02/2012 07:49:15	TASTEGGIO	0	4	11000	65580	186368	204	-8	0.08	0.11	120300	
17/02/2012 07:49:47	TASTEGGIO	1	0	11000	65580	66116	225	-10	0.06	0.06	0	
17/02/2012 07:50:00	TASTEGGIO	1	0	11000	65580	186360	225	-10	0.07	0.08	-24500	
17/02/2012 07:51:56	TASTEGGIO	1	0	11000	65580	186597	225	-10	0.04	0.26	-119500	
17/02/2012 07:52:28	TASTEGGIO	1	0	11000	65580	306053	245	-19	0.11	0.11	0	
17/02/2012 07:52:42	TASTEGGIO	1	0	11000	65580	186582	245	-19	0.12	0.12	0	
17/02/2012 07:53:11	TASTEGGIO	1	0	11000	65580	186599	227	-74	0.59	0.59	0	
17/02/2012 07:53:33	TASTEGGIO	0	1	11000	65580	186602	0	-2	0.58	0.58	0	
17/02/2012 07:53:57	TASTEGGIO	0	2	11000	65580	186605	114	-13	0.48	0.48	0	
17/02/2012 07:54:25	TASTEGGIO	0	3	11000	65580	186605	233	-47	0.08	0.08	0	
17/02/2012 07:54:34	TASTEGGIO	0	3	11000	65580	186589	233	-47	0.09	0.17	-119500	
17/02/2012 07:55:07	TASTEGGIO	1	0	11000	65580	306054	233	-11	0.08	0.08	0	
17/02/2012 07:55:19	TASTEGGIO	1	0	11000	65580	186622	233	-11	0.07	0.10	-82000	
17/02/2012 07:55:51	TASTEGGIO	1	0	11000	65580	268584	224	-40	0.28	0.28	0	
17/02/2012 07:56:16	TASTEGGIO	0	1	11000	65580	268595	145	-15	0.16	0.16	0	
17/02/2012 07:56:43	TASTEGGIO	0	2	11000	65580	268605	157	-10	0.15	0.15	0	
17/02/2012 07:57:09	TASTEGGIO	0	3	11000	65580	268612	199	-11	0.07	0.07	0	
17/02/2012 07:57:22	TASTEGGIO	0	3	11000	65580	186651	199	-11	0.07	0.09	-24500	
17/02/2012 07:57:53	TASTEGGIO	1	0	11000	65580	211130	223	-60	0.53	0.53	0	
17/02/2012 07:58:14	TASTEGGIO	0	1	11000	65580	211137	0	0	0.52	0.52	0	
17/02/2012 07:58:41	TASTEGGIO	0	2	11000	65580	211138	102	-9	0.43	0.43	0	
17/02/2012 07:59:06	TASTEGGIO	0	3	11000	65580	211146	208	-30	0.14	0.14	0	
17/02/2012 07:59:35	TASTEGGIO	0	0	11000	65580	211146	229	-33	0.17	0.17	0	
17/02/2012 08:00:02	TASTEGGIO	0	1	11000	65580	211146	208	-36	0.17	0.17	0	
17/02/2012 08:00:29	TASTEGGIO	0	1	11000	65580	211146	191	-29	0.11	0.11	0	
17/02/2012 08:00:55	TASTEGGIO	0	1	11000	65580	211146	183	-24	0.11	0.11	0	
