27/04/2011 13:00:11	TASTEGGIO	0	2	9000	57735	128771	303	-4	0.05	0.07	44500	
27/04/2011 13:02:06	TASTEGGIO	0	2	9000	57735	128477	303	-4	0.29	0.32	44500	
27/04/2011 13:02:27	TASTEGGIO	1	0	9000	57735	84039	252	-9	0.26	0.26	0	
27/04/2011 13:02:45	TASTEGGIO	0	1	9000	57735	84035	273	-8	0.19	0.19	0	
27/04/2011 13:03:04	TASTEGGIO	0	2	9000	57735	84030	292	-7	0.12	0.12	0	
27/04/2011 13:03:15	TASTEGGIO	0	2	9000	57735	128373	292	-7	0.15	0.17	-44500	
27/04/2011 13:03:36	TASTEGGIO	1	0	9000	57735	172825	233	-15	0.07	0.07	0	
27/04/2011 13:03:47	TASTEGGIO	1	0	9000	57735	128464	233	-15	0.10	0.10	0	
27/04/2011 13:04:08	TASTEGGIO	1	0	9000	57735	128482	224	-15	0.05	0.05	0	
27/04/2011 13:04:16	TASTEGGIO	1	0	9000	57735	128465	224	-15	0.05	0.09	24500	
27/04/2011 13:06:11	TASTEGGIO	1	0	9000	57734	128669	224	-15	0.99	1.59	-44500	
27/04/2011 13:06:33	TASTEGGIO	1	0	9000	57734	173114	400	-40	1.24	1.24	0	
27/04/2011 13:06:52	TASTEGGIO	0	1	9000	57734	173121	400	-22	1.07	1.07	0	
27/04/2011 13:07:12	TASTEGGIO	0	2	9000	57734	173127	400	-9	1.01	1.01	0	
27/04/2011 13:07:31	TASTEGGIO	0	1	9000	57734	173129	400	-4	0.97	0.97	0	
27/04/2011 13:07:50	TASTEGGIO	0	1	9000	57734	173130	400	-3	0.95	0.95	0	
27/04/2011 13:08:10	TASTEGGIO	0	1	9000	57734	173131	400	-3	0.93	0.93	0	
27/04/2011 13:08:30	TASTEGGIO	0	1	9000	57734	173131	400	-2	0.91	0.91	0	
27/04/2011 13:08:48	TASTEGGIO	0	1	9000	57734	173131	400	-1	0.90	0.90	0	
27/04/2011 13:09:06	TASTEGGIO	0	1	9000	57734	173131	400	-3	0.87	0.87	0	
27/04/2011 13:09:26	TASTEGGIO	0	1	9000	57734	173131	400	-1	0.86	0.86	0	
27/04/2011 13:09:45	TASTEGGIO	0	1	9000	57734	173131	400	-2	0.84	0.84	0	
27/04/2011 13:10:05	TASTEGGIO	0	1	9000	57734	173131	400	-1	0.84	0.84	0	
27/04/2011 13:10:25	TASTEGGIO	0	1	9000	57734	173131	400	-1	0.83	0.83	0	
27/04/2011 13:10:43	TASTEGGIO	0	1	9000	57734	173131	400	-2	0.82	0.82	0	
27/04/2011 13:11:03	TASTEGGIO	0	1	9000	57734	173131	400	-1	0.81	0.81	0	
27/04/2011 13:11:21	TASTEGGIO	0	1	9000	57734	173131	400	-1	0.81	0.81	0	
27/04/2011 13:11:41	TASTEGGIO	0	1	9000	57734	173131	400	0	0.80	0.80	0	
27/04/2011 13:12:01	TASTEGGIO	0	1	9000	57734	173131	400	-1	0.80	0.80	0	
27/04/2011 13:14:08	TASTEGGIO	0	1	9000	57734	128478	400	-1	0.21	0.27	-44500	
27/04/2011 13:14:30	TASTEGGIO	1	0	9000	57735	172914	246	-18	0.11	0.11	0	
27/04/2011 13:14:41	TASTEGGIO	1	0	9000	57734	128478	246	-18	0.08	0.12	-44500	
27/04/2011 13:15:02	TASTEGGIO	1	0	9000	57734	172924	227	-7	0.04	0.04	0	
27/04/2011 13:15:13	TASTEGGIO	1	0	9000	57734	128469	227	-7	0.08	0.10	24500	
27/04/2011 13:17:04	TASTEGGIO	1	0	9000	57734	128763	227	-7	1.76	1.99	24500	
27/04/2011 13:17:27	TASTEGGIO	1	0	9000	57734	104312	400	-60	1.85	1.85	0	
27/04/2011 13:17:45	TASTEGGIO	0	1	9000	57734	104311	400	-58	1.84	1.84	0	
27/04/2011 13:18:05	TASTEGGIO	0	1	9000	57734	104310	400	-58	1.83	1.83	0	
27/04/2011 13:18:07	ALARM 401		
27/04/2011 13:18:11	ALARM 205		err.6058
27/04/2011 13:18:34	TASTEGGIO	0	1	9000	57734	128676	400	-58	1.66	1.88	44500	
27/04/2011 13:18:58	TASTEGGIO	1	0	9000	57734	84243	400	-58	1.79	1.79	0	
27/04/2011 13:19:17	TASTEGGIO	0	1	9000	57734	84236	400	-53	1.75	1.75	0	
27/04/2011 13:19:35	TASTEGGIO	0	1	9000	57734	84232	400	-53	1.75	1.75	0	
27/04/2011 13:21:42	TASTEGGIO	0	1	9000	57734	128666	400	-52	1.21	1.41	-44500	
27/04/2011 13:22:06	TASTEGGIO	1	0	9000	57734	173109	400	-38	1.06	1.06	0	
27/04/2011 13:22:24	TASTEGGIO	0	1	9000	57734	173118	400	-18	0.87	0.87	0	
27/04/2011 13:22:44	TASTEGGIO	0	2	9000	57734	173125	400	-9	0.79	0.79	0	
27/04/2011 13:23:03	TASTEGGIO	0	1	9000	57734	173130	400	-6	0.73	0.73	0	
27/04/2011 13:23:23	TASTEGGIO	0	1	9000	57734	173132	400	-4	0.70	0.70	0	
27/04/2011 13:23:41	TASTEGGIO	0	1	9000	57734	173133	400	-3	0.67	0.67	0	
27/04/2011 13:24:01	TASTEGGIO	0	1	9000	57734	173133	400	-2	0.65	0.65	0	
27/04/2011 13:24:20	TASTEGGIO	0	1	9000	57734	173133	400	-4	0.62	0.62	0	
27/04/2011 13:26:21	TASTEGGIO	0	1	9000	57734	128664	400	-2	0.15	0.15	-24500	
27/04/2011 13:26:43	TASTEGGIO	1	0	9000	57734	153115	237	-20	0.10	0.10	0	
27/04/2011 13:26:53	TASTEGGIO	1	0	9000	57734	128660	237	-20	0.05	0.20	44500	
27/04/2011 13:27:15	TASTEGGIO	1	0	9000	57734	84218	250	-11	0.11	0.11	0	
27/04/2011 13:27:25	TASTEGGIO	1	0	9000	57734	128559	250	-11	0.06	0.12	44500	
27/04/2011 13:27:47	TASTEGGIO	1	0	9000	57734	84114	230	-3	0.08	0.08	0	
27/04/2011 13:27:58	TASTEGGIO	1	0	9000	57734	128556	230	-3	0.08	0.09	-24500	
27/04/2011 13:29:45	TASTEGGIO	1	0	9000	57734	128475	230	-3	0.29	0.38	-44500	
27/04/2011 13:30:08	TASTEGGIO	1	0	9000	57734	172914	295	-37	0.12	0.12	0	
27/04/2011 13:30:19	TASTEGGIO	1	0	9000	57734	128485	295	-37	0.08	0.13	-24500	
27/04/2011 13:30:41	TASTEGGIO	1	0	9000	57734	152956	232	-26	0.13	0.13	0	
27/04/2011 13:30:59	TASTEGGIO	0	1	9000	57734	152958	219	-18	0.05	0.05	0	
27/04/2011 13:31:09	TASTEGGIO	0	1	9000	57734	128458	219	-18	0.05	0.14	44500	
27/04/2011 13:31:32	TASTEGGIO	1	0	9000	57734	84017	235	-11	0.04	0.04	0	
27/04/2011 13:31:42	TASTEGGIO	1	0	9000	57734	128366	235	-11	0.06	0.10	-44500	
27/04/2011 13:33:30	TASTEGGIO	1	0	9000	57734	128670	235	-11	0.12	0.15	-44500	
27/04/2011 13:33:51	TASTEGGIO	1	0	9000	57734	173109	237	-19	0.06	0.06	0	
27/04/2011 13:34:02	TASTEGGIO	1	0	9000	57734	128668	237	-19	0.01	0.07	24500	
27/04/2011 13:35:50	TASTEGGIO	1	0	9000	57733	128767	237	-19	0.46	0.67	44500	
27/04/2011 13:36:14	TASTEGGIO	1	0	9000	57733	84337	368	-35	0.37	0.37	0	
27/04/2011 13:36:33	TASTEGGIO	0	1	9000	57733	84334	388	-34	0.05	0.05	0	
27/04/2011 13:36:43	TASTEGGIO	0	1	9000	57733	128676	388	-34	0.03	0.10	-44500	
27/04/2011 13:37:46	ALARM 17	proc 12 prog 10 step 47	LavoroTerminato
27/04/2011 13:38:57	TASTEGGIO	0	1	9000	57733	128768	388	-34	0.80	0.95	-44500	
27/04/2011 13:39:21	TASTEGGIO	1	0	9000	57733	173211	400	-31	0.71	0.71	0	
27/04/2011 13:39:39	TASTEGGIO	0	1	9000	57733	173216	400	-15	0.56	0.56	0	
27/04/2011 13:39:58	TASTEGGIO	0	2	9000	57733	173220	400	-8	0.48	0.48	0	
27/04/2011 13:40:17	TASTEGGIO	0	3	9000	57733	173222	400	-4	0.45	0.45	0	
27/04/2011 13:40:37	TASTEGGIO	0	1	9000	57733	173224	400	-4	0.42	0.42	0	
27/04/2011 13:40:56	TASTEGGIO	0	1	9000	57733	173224	400	-2	0.40	0.40	0	
27/04/2011 13:41:15	TASTEGGIO	0	1	9000	57733	173224	400	-3	0.38	0.38	0	
27/04/2011 13:41:34	TASTEGGIO	0	1	9000	57733	173224	400	-3	0.34	0.34	0	
27/04/2011 13:41:53	TASTEGGIO	0	2	9000	57733	173224	400	-2	0.33	0.33	0	
27/04/2011 13:42:13	TASTEGGIO	0	1	9000	57733	173224	400	-2	0.32	0.32	0	
27/04/2011 13:42:33	TASTEGGIO	0	1	9000	57733	173224	400	-1	0.31	0.31	0	
27/04/2011 13:42:51	TASTEGGIO	0	1	9000	57733	173224	400	-2	0.29	0.29	0	
27/04/2011 13:43:10	TASTEGGIO	0	1	9000	57733	173224	400	-2	0.28	0.28	0	
27/04/2011 13:43:30	TASTEGGIO	0	1	9000	57733	173224	400	-1	0.28	0.28	0	
27/04/2011 13:43:50	TASTEGGIO	0	1	9000	57733	173224	400	-1	0.27	0.27	0	
27/04/2011 13:44:08	TASTEGGIO	0	1	9000	57733	173224	400	-6	0.20	0.20	0	
27/04/2011 13:44:27	TASTEGGIO	0	2	9000	57733	173224	400	-3	0.19	0.19	0	
27/04/2011 13:44:45	TASTEGGIO	0	1	9000	57733	173224	400	-2	0.18	0.18	0	
27/04/2011 13:45:03	TASTEGGIO	0	1	9000	57733	173224	400	-3	0.16	0.16	0	
27/04/2011 13:45:23	TASTEGGIO	0	2	9000	57733	173224	400	-1	0.15	0.15	0	
27/04/2011 13:45:42	TASTEGGIO	0	1	9000	57733	173224	400	-1	0.14	0.14	0	
27/04/2011 13:45:53	TASTEGGIO	0	1	9000	57733	128760	400	-1	0.33	0.36	24500	
27/04/2011 13:46:16	TASTEGGIO	1	0	9000	57733	104311	290	-21	0.17	0.17	0	
27/04/2011 13:46:34	TASTEGGIO	0	0	9000	57733	104311	242	-5	0.12	0.12	0	
27/04/2011 13:46:44	TASTEGGIO	0	0	9000	57733	128676	242	-5	0.13	0.16	44500	
27/04/2011 13:48:36	TASTEGGIO	0	0	9000	57734	128667	242	-5	0.44	0.88	44500	
27/04/2011 13:48:59	TASTEGGIO	1	0	9000	57734	84228	400	-9	0.80	0.80	0	
27/04/2011 13:49:17	TASTEGGIO	0	1	9000	57734	84224	400	-3	0.79	0.79	0	
27/04/2011 13:49:37	TASTEGGIO	0	1	9000	57734	84220	400	-1	0.78	0.78	0	
27/04/2011 13:49:55	TASTEGGIO	0	1	9000	57734	84217	400	-2	0.78	0.78	0	
27/04/2011 13:51:56	TASTEGGIO	0	1	9000	57733	128766	400	-1	1.50	1.71	-44500	
27/04/2011 13:52:20	TASTEGGIO	1	0	9000	57733	173210	400	-21	1.60	1.60	0	
27/04/2011 13:52:39	TASTEGGIO	0	1	9000	57733	173218	400	-16	1.53	1.53	0	
27/04/2011 13:52:57	TASTEGGIO	0	1	9000	57733	173224	400	-12	1.50	1.50	0	
27/04/2011 13:53:17	TASTEGGIO	0	1	9000	57733	173226	400	-10	1.49	1.49	0	
27/04/2011 13:53:35	TASTEGGIO	0	1	9000	57733	173227	400	-11	1.48	1.48	0	
27/04/2011 13:55:36	TASTEGGIO	0	1	9000	57733	128669	400	-11	0.61	0.65	44500	
27/04/2011 13:55:59	TASTEGGIO	1	0	9000	57733	84225	363	-6	0.59	0.59	0	
27/04/2011 13:56:18	TASTEGGIO	0	1	9000	57733	84220	400	-3	0.57	0.57	0	
27/04/2011 13:56:38	TASTEGGIO	0	1	9000	57733	84217	400	-1	0.56	0.56	0	
27/04/2011 13:56:57	TASTEGGIO	0	1	9000	57733	84214	400	-1	0.55	0.55	0	
27/04/2011 13:57:17	TASTEGGIO	0	1	9000	57733	84211	400	-1	0.55	0.55	0	
27/04/2011 13:58:26	ALARM 17	proc 12 prog 10 step 47	LavoroTerminato
27/04/2011 15:54:00	TASTEGGIO	0	1	5300	43226	92161	400	-1	0.57	0.64	24500	
27/04/2011 15:54:19	TASTEGGIO	1	0	5300	43226	67740	175	-8	0.56	0.56	0	
27/04/2011 15:54:37	TASTEGGIO	0	1	5300	43226	67726	224	-14	0.42	0.42	0	
27/04/2011 15:56:48	TASTEGGIO	0	2	5300	43226	92170	268	-25	0.39	0.46	-44500	
27/04/2011 15:57:07	TASTEGGIO	1	0	5300	43226	136623	142	-12	0.36	0.36	0	
27/04/2011 15:57:24	TASTEGGIO	0	1	5300	43226	136625	170	-8	0.29	0.29	0	
27/04/2011 15:59:35	TASTEGGIO	0	2	5300	43225	92276	216	-19	0.10	0.15	-44500	
27/04/2011 15:59:53	TASTEGGIO	1	0	5300	43225	136729	87	-10	0.07	0.07	0	
27/04/2011 16:00:03	TASTEGGIO	1	0	5300	43225	92291	87	-10	0.07	0.09	24500	
27/04/2011 16:00:19	TASTEGGIO	1	0	5300	43225	67864	76	-4	0.05	0.05	0	
27/04/2011 16:00:29	TASTEGGIO	1	0	5300	43225	92120	76	-4	0.03	0.08	-44500	
27/04/2011 16:00:46	TASTEGGIO	1	0	5300	43225	136576	74	-3	0.05	0.05	0	
27/04/2011 16:00:56	TASTEGGIO	1	0	5300	43225	92299	74	-3	0.04	0.06	24500	
27/04/2011 16:02:53	TASTEGGIO	1	0	5300	43225	92484	74	-3	0.64	0.70	24500	
27/04/2011 16:03:13	TASTEGGIO	1	0	5300	43225	68076	186	-10	0.61	0.61	0	
27/04/2011 16:03:31	TASTEGGIO	0	1	5300	43225	68063	239	-20	0.41	0.41	0	
27/04/2011 16:03:50	TASTEGGIO	0	2	5300	43225	68049	277	-29	0.13	0.13	0	
27/04/2011 16:03:59	TASTEGGIO	0	2	5300	43225	92323	277	-29	0.16	0.29	-44500	
27/04/2011 16:04:17	TASTEGGIO	1	0	5300	43225	136778	112	-11	0.17	0.17	0	
27/04/2011 16:04:32	TASTEGGIO	0	1	5300	43225	136779	121	-3	0.14	0.14	0	
27/04/2011 16:04:43	TASTEGGIO	0	1	5300	43225	92505	121	-3	0.10	0.25	44500	
27/04/2011 16:05:01	TASTEGGIO	1	0	5300	43225	48048	105	-5	0.20	0.20	0	
27/04/2011 16:05:15	TASTEGGIO	0	1	5300	43225	48040	120	-1	0.18	0.18	0	
27/04/2011 16:05:31	TASTEGGIO	0	2	5300	43225	48039	152	-2	0.17	0.17	0	
27/04/2011 16:05:47	TASTEGGIO	0	1	5300	43225	48037	216	-13	0.05	0.05	0	
27/04/2011 16:05:57	TASTEGGIO	0	1	5300	43225	92324	216	-13	0.06	0.14	-44500	
27/04/2011 16:06:15	TASTEGGIO	1	0	5300	43225	136773	85	-3	0.12	0.12	0	
27/04/2011 16:06:29	TASTEGGIO	0	1	5300	43225	136775	95	-1	0.11	0.11	0	
27/04/2011 16:06:44	TASTEGGIO	0	1	5300	43225	136777	125	-4	0.09	0.09	0	
27/04/2011 16:06:59	TASTEGGIO	0	2	5300	43225	136778	139	-6	0.05	0.05	0	
27/04/2011 16:07:09	TASTEGGIO	0	2	5300	43225	92511	139	-6	0.04	0.12	24500	
27/04/2011 16:07:26	TASTEGGIO	1	0	5300	43225	68099	81	-7	0.06	0.06	0	
27/04/2011 16:07:36	TASTEGGIO	1	0	5300	43225	92327	81	-7	0.01	0.09	44500	
27/04/2011 16:07:54	TASTEGGIO	1	0	5300	43225	47881	76	-1	0.07	0.07	0	
27/04/2011 16:08:05	TASTEGGIO	1	0	5300	43225	92323	76	-1	0.01	0.09	44500	
27/04/2011 16:08:22	TASTEGGIO	1	0	5300	43225	47865	76	-1	0.07	0.07	0	
27/04/2011 16:08:32	TASTEGGIO	1	0	5300	43225	92325	76	-1	0.01	0.08	44500	
27/04/2011 16:08:50	TASTEGGIO	1	0	5300	43225	47865	74	0	0.08	0.08	0	
27/04/2011 16:09:05	TASTEGGIO	0	1	5300	43225	47865	90	0	0.08	0.08	0	
27/04/2011 16:09:18	TASTEGGIO	0	1	5300	43225	47861	114	0	0.07	0.07	0	
27/04/2011 16:09:29	TASTEGGIO	0	1	5300	43225	92323	114	0	0.01	0.09	44500	
27/04/2011 16:09:46	TASTEGGIO	1	0	5300	43225	47864	76	0	0.07	0.07	0	
27/04/2011 16:09:57	TASTEGGIO	1	0	5300	43225	92323	76	0	0.01	0.09	44500	
27/04/2011 16:10:14	TASTEGGIO	1	0	5300	43225	47866	76	0	0.07	0.07	0	
27/04/2011 16:10:25	TASTEGGIO	1	0	5300	43225	92325	76	0	0.01	0.08	44500	
27/04/2011 16:10:42	TASTEGGIO	1	0	5300	43225	47866	74	0	0.07	0.07	0	
27/04/2011 16:10:52	TASTEGGIO	1	0	5300	43225	92327	74	0	0.01	0.08	44500	
27/04/2011 16:11:10	TASTEGGIO	1	0	5300	43225	47870	74	0	0.07	0.07	0	
27/04/2011 16:11:20	TASTEGGIO	1	0	5300	43225	92326	74	0	0.01	0.09	44500	
27/04/2011 16:11:37	TASTEGGIO	1	0	5300	43225	47868	76	-1	0.06	0.06	0	
27/04/2011 16:11:47	TASTEGGIO	1	0	5300	43225	92326	76	-1	0.01	0.09	44500	
27/04/2011 16:12:04	TASTEGGIO	1	0	5300	43225	47874	76	0	0.07	0.07	0	
27/04/2011 16:12:14	TASTEGGIO	1	0	5300	43225	92324	76	0	0.02	0.08	44500	
27/04/2011 16:12:32	TASTEGGIO	1	0	5300	43225	47865	74	0	0.07	0.07	0	
27/04/2011 16:12:42	TASTEGGIO	1	0	5300	43225	92323	74	0	0.01	0.08	-44500	
27/04/2011 16:13:52	ALARM 17	proc 12 prog 10 step 47	LavoroTerminato
27/04/2011 16:14:25	ALARM 406		
28/04/2011 07:36:29	ALARM 401		
28/04/2011 07:36:31	INIT OK
28/04/2011 07:41:46	TASTEGGIO	0	0	5300	43228	92282	0	0	0.42	0.43	24500	
28/04/2011 07:42:05	TASTEGGIO	1	0	5300	43228	67855	137	-6	0.38	0.38	0	
28/04/2011 07:42:22	TASTEGGIO	0	1	5300	43228	67842	170	-6	0.32	0.32	0	
28/04/2011 07:42:39	TASTEGGIO	0	2	5300	43228	67827	223	-21	0.12	0.12	0	
28/04/2011 07:42:49	TASTEGGIO	0	2	5300	43228	92123	223	-21	0.15	0.21	-44500	
28/04/2011 07:43:06	TASTEGGIO	1	0	5300	43228	136576	97	-10	0.13	0.13	0	
28/04/2011 07:43:17	TASTEGGIO	1	0	5300	43228	92299	97	-10	0.12	0.13	-44500	
28/04/2011 07:43:34	TASTEGGIO	1	0	5300	43228	136747	83	-1	0.12	0.12	0	
28/04/2011 07:43:48	TASTEGGIO	0	1	5300	43228	136749	105	-2	0.11	0.11	0	
28/04/2011 07:44:02	TASTEGGIO	0	1	5300	43228	136751	135	-6	0.05	0.05	0	
28/04/2011 07:44:12	TASTEGGIO	0	1	5300	43228	92303	135	-6	0.08	0.08	0	
28/04/2011 07:44:30	TASTEGGIO	1	0	5300	43228	92307	74	-4	0.12	0.12	0	
28/04/2011 07:44:46	TASTEGGIO	0	1	5300	43228	92308	110	-8	0.05	0.05	0	
28/04/2011 07:44:54	TASTEGGIO	0	1	5300	43228	92303	110	-8	0.05	0.07	-44500	
28/04/2011 07:46:53	TASTEGGIO	0	1	5300	43227	92464	110	-8	0.83	0.84	-24500	
28/04/2011 07:47:14	TASTEGGIO	1	0	5300	43227	116928	211	-17	0.69	0.69	0	
28/04/2011 07:47:34	TASTEGGIO	0	1	5300	43227	116928	267	-34	0.40	0.40	0	
28/04/2011 07:47:53	TASTEGGIO	0	2	5300	43227	116929	299	-45	0.06	0.06	0	
28/04/2011 07:48:02	TASTEGGIO	0	2	5300	43227	92488	299	-45	0.11	0.19	24500	
28/04/2011 07:48:19	TASTEGGIO	1	0	5300	43227	68077	94	-5	0.14	0.14	0	
28/04/2011 07:48:28	TASTEGGIO	1	0	5300	43227	92321	94	-5	0.07	0.15	44500	
28/04/2011 07:48:47	TASTEGGIO	1	0	5300	43227	47880	87	-6	0.11	0.11	0	
28/04/2011 07:48:57	TASTEGGIO	1	0	5300	43227	92323	87	-6	0.06	0.11	-44500	
28/04/2011 07:49:15	TASTEGGIO	1	0	5300	43227	136780	79	-5	0.06	0.06	0	
28/04/2011 07:49:25	TASTEGGIO	1	0	5300	43227	92500	79	-5	0.03	0.11	44500	
28/04/2011 07:49:44	TASTEGGIO	1	0	5300	43227	48041	79	0	0.11	0.11	0	
28/04/2011 07:49:57	TASTEGGIO	0	1	5300	43227	48034	101	-1	0.10	0.10	0	
28/04/2011 07:50:13	TASTEGGIO	0	1	5300	43227	48031	128	-1	0.09	0.09	0	
28/04/2011 07:50:27	TASTEGGIO	0	2	5300	43227	48029	144	-1	0.07	0.07	0	
28/04/2011 07:50:37	TASTEGGIO	0	2	5300	43227	92323	144	-1	0.03	0.10	-24500	
28/04/2011 07:50:56	TASTEGGIO	1	0	5300	43227	116774	78	-12	0.03	0.03	0	
28/04/2011 07:51:06	TASTEGGIO	1	0	5300	43227	92492	78	-12	0.11	0.14	-44500	
28/04/2011 07:51:24	TASTEGGIO	1	0	5300	43227	136944	85	-2	0.13	0.13	0	
28/04/2011 07:51:38	TASTEGGIO	0	1	5300	43227	136945	109	-3	0.11	0.11	0	
28/04/2011 07:51:52	TASTEGGIO	0	2	5300	43227	136946	127	-2	0.09	0.09	0	
28/04/2011 07:52:07	TASTEGGIO	0	3	5300	43227	136947	149	-5	0.05	0.05	0	
28/04/2011 07:52:17	TASTEGGIO	0	3	5300	43227	92494	149	-5	0.05	0.07	-24500	
28/04/2011 07:54:15	TASTEGGIO	0	3	5300	43227	92368	149	-5	0.82	0.87	-24500	
28/04/2011 07:54:37	TASTEGGIO	1	0	5300	43227	116822	216	-20	0.68	0.68	0	
28/04/2011 07:54:56	TASTEGGIO	0	1	5300	43227	116827	269	-36	0.35	0.35	0	
28/04/2011 07:55:15	TASTEGGIO	0	2	5300	43227	116830	294	-39	0.05	0.05	0	
28/04/2011 07:55:24	TASTEGGIO	0	2	5300	43227	92389	294	-39	0.14	0.32	44500	
28/04/2011 07:55:43	TASTEGGIO	1	0	5300	43227	47938	117	-8	0.25	0.25	0	
28/04/2011 07:55:58	TASTEGGIO	0	1	5300	43227	47934	136	-1	0.24	0.24	0	
28/04/2011 07:56:14	TASTEGGIO	0	1	5300	43227	47928	205	-10	0.14	0.14	0	
28/04/2011 07:56:24	TASTEGGIO	0	1	5300	43227	92224	205	-10	0.04	0.19	-44500	
28/04/2011 07:56:43	TASTEGGIO	1	0	5300	43227	136679	94	-9	0.10	0.10	0	
28/04/2011 07:56:53	TASTEGGIO	1	0	5300	43227	92391	94	-9	0.09	0.16	44500	
28/04/2011 07:57:12	TASTEGGIO	1	0	5300	43227	47933	88	0	0.16	0.16	0	
28/04/2011 07:57:26	TASTEGGIO	0	1	5300	43227	47933	120	0	0.15	0.15	0	
28/04/2011 07:57:42	TASTEGGIO	0	1	5300	43227	47929	162	0	0.15	0.15	0	
28/04/2011 07:57:59	TASTEGGIO	0	1	5300	43227	47927	207	-3	0.12	0.12	0	
28/04/2011 07:58:10	TASTEGGIO	0	1	5300	43227	92225	207	-3	0.07	0.13	-44500	
28/04/2011 07:58:28	TASTEGGIO	1	0	5300	43227	136683	83	-1	0.10	0.10	0	
28/04/2011 07:58:38	TASTEGGIO	1	0	5300	43227	92390	83	-1	0.08	0.12	-44500	
28/04/2011 07:58:56	TASTEGGIO	1	0	5300	43227	136844	81	0	0.10	0.10	0	
28/04/2011 07:59:06	TASTEGGIO	1	0	5300	43227	92391	81	0	0.08	0.12	44500	
28/04/2011 07:59:25	TASTEGGIO	1	0	5300	43227	47936	81	-1	0.12	0.12	0	
28/04/2011 07:59:38	TASTEGGIO	0	1	5300	43227	47931	105	0	0.13	0.13	0	
28/04/2011 07:59:54	TASTEGGIO	0	1	5300	43227	47932	147	0	0.13	0.13	0	
28/04/2011 08:00:09	TASTEGGIO	0	1	5300	43227	47927	186	-1	0.12	0.12	0	
28/04/2011 08:00:27	TASTEGGIO	0	1	5300	43227	47928	219	-4	0.08	0.08	0	
28/04/2011 08:00:37	TASTEGGIO	0	1	5300	43227	92225	219	-4	0.08	0.13	-24500	
28/04/2011 08:00:56	TASTEGGIO	1	0	5300	43227	116675	83	-13	0.03	0.03	0	
28/04/2011 08:01:06	TASTEGGIO	1	0	5300	43227	92389	83	-13	0.05	0.18	-44500	
28/04/2011 08:01:24	TASTEGGIO	1	0	5300	43227	136843	92	-2	0.14	0.14	0	
28/04/2011 08:01:35	TASTEGGIO	1	0	5300	43227	92390	92	-2	0.04	0.16	-44500	
28/04/2011 08:01:52	TASTEGGIO	1	0	5300	43227	136848	88	-1	0.13	0.13	0	
28/04/2011 08:02:03	TASTEGGIO	1	0	5300	43227	92388	88	-1	0.04	0.15	-44500	
28/04/2011 08:02:20	TASTEGGIO	1	0	5300	43227	136836	87	0	0.13	0.13	0	
28/04/2011 08:02:30	TASTEGGIO	1	0	5300	43227	92387	87	0	0.04	0.14	-44500	
28/04/2011 08:02:47	TASTEGGIO	1	0	5300	43227	136845	85	0	0.12	0.12	0	
28/04/2011 08:02:57	TASTEGGIO	1	0	5300	43227	92389	85	0	0.04	0.13	-44500	
28/04/2011 08:03:15	TASTEGGIO	1	0	5300	43227	136837	83	0	0.12	0.12	0	
28/04/2011 08:03:25	TASTEGGIO	1	0	5300	43227	92391	83	0	0.04	0.14	-44500	
28/04/2011 08:03:43	TASTEGGIO	1	0	5300	43227	136850	85	0	0.12	0.12	0	
28/04/2011 08:03:53	TASTEGGIO	1	0	5300	43227	92385	85	0	0.05	0.14	-44500	
28/04/2011 08:05:57	TASTEGGIO	1	0	5300	43227	92362	85	0	0.27	0.35	-24500	
28/04/2011 08:06:16	TASTEGGIO	1	0	5300	43227	116819	123	-7	0.28	0.28	0	
28/04/2011 08:06:34	TASTEGGIO	0	1	5300	43227	116823	145	-6	0.22	0.22	0	
28/04/2011 08:06:51	TASTEGGIO	0	2	5300	43227	116824	169	-10	0.12	0.12	0	
28/04/2011 08:07:00	TASTEGGIO	0	2	5300	43227	92385	169	-10	0.12	0.23	44500	
28/04/2011 08:07:19	TASTEGGIO	1	0	5300	43227	47931	101	-5	0.17	0.17	0	
28/04/2011 08:07:32	TASTEGGIO	0	1	5300	43227	47926	113	-1	0.17	0.17	0	
28/04/2011 08:07:48	TASTEGGIO	0	1	5300	43227	47926	164	-3	0.14	0.14	0	
28/04/2011 08:07:59	TASTEGGIO	0	1	5300	43227	92224	164	-3	0.06	0.17	-44500	
28/04/2011 08:08:17	TASTEGGIO	1	0	5300	43227	136676	90	-7	0.10	0.10	0	
28/04/2011 08:08:27	TASTEGGIO	1	0	5300	43227	92387	90	-7	0.09	0.16	24500	
28/04/2011 08:08:45	TASTEGGIO	1	0	5300	43227	67973	88	-2	0.14	0.14	0	
28/04/2011 08:08:55	TASTEGGIO	1	0	5300	43227	92227	88	-2	0.07	0.13	44500	
28/04/2011 08:09:13	TASTEGGIO	1	0	5300	43227	47769	83	0	0.14	0.14	0	
28/04/2011 08:09:26	TASTEGGIO	0	1	5300	43227	47762	113	0	0.14	0.14	0	
28/04/2011 08:09:42	TASTEGGIO	0	1	5300	43227	47762	155	0	0.13	0.13	0	
28/04/2011 08:09:58	TASTEGGIO	0	1	5300	43227	47762	191	-4	0.10	0.10	0	
28/04/2011 08:10:14	TASTEGGIO	0	2	5300	43227	47760	201	-3	0.06	0.06	0	
28/04/2011 08:10:24	TASTEGGIO	0	2	5300	43227	92228	201	-3	0.01	0.12	-44500	
28/04/2011 08:10:42	TASTEGGIO	1	0	5300	43227	136683	81	-10	0.23	0.23	0	
28/04/2011 08:10:58	TASTEGGIO	0	1	5300	43227	136684	169	-15	0.09	0.09	0	
28/04/2011 08:11:08	TASTEGGIO	0	1	5300	43227	92388	169	-15	0.06	0.10	-44500	
28/04/2011 08:11:26	TASTEGGIO	1	0	5300	43227	136847	78	-1	0.07	0.07	0	
28/04/2011 08:11:36	TASTEGGIO	1	0	5300	43227	92386	78	-1	0.06	0.08	24500	
28/04/2011 08:13:33	TASTEGGIO	1	0	5300	43227	92682	78	-1	0.65	0.77	44500	
28/04/2011 08:13:53	TASTEGGIO	1	0	5300	43227	48213	198	-9	0.68	0.68	0	
28/04/2011 08:14:11	TASTEGGIO	0	1	5300	43227	48212	258	-13	0.55	0.55	0	
28/04/2011 08:14:29	TASTEGGIO	0	2	5300	43227	48212	346	-39	0.17	0.17	0	
28/04/2011 08:14:44	TASTEGGIO	0	0	5300	43227	48212	90	0	0.17	0.17	0	
28/04/2011 08:14:59	TASTEGGIO	0	1	5300	43227	48212	124	0	0.17	0.17	0	
28/04/2011 08:15:14	TASTEGGIO	0	1	5300	43227	48212	175	0	0.17	0.17	0	
28/04/2011 08:15:32	TASTEGGIO	0	1	5300	43227	48212	226	0	0.17	0.17	0	
28/04/2011 08:15:51	TASTEGGIO	0	1	5300	43227	48212	277	-1	0.16	0.16	0	
28/04/2011 08:16:09	TASTEGGIO	0	1	5300	43227	48212	322	-11	0.07	0.07	0	
28/04/2011 08:16:19	TASTEGGIO	0	1	5300	43227	92511	322	-11	0.18	0.20	-24500	
28/04/2011 08:16:37	TASTEGGIO	1	0	5300	43227	116972	96	-5	0.15	0.15	0	
28/04/2011 08:16:53	TASTEGGIO	0	1	5300	43227	116975	107	-3	0.13	0.13	0	
28/04/2011 08:17:03	TASTEGGIO	0	1	5300	43227	92696	107	-3	0.12	0.14	-44500	
28/04/2011 08:17:21	TASTEGGIO	1	0	5300	43227	137155	85	-7	0.08	0.08	0	
28/04/2011 08:17:31	TASTEGGIO	1	0	5300	43227	92698	85	-7	0.09	0.09	0	
28/04/2011 08:19:30	TASTEGGIO	1	0	5300	43226	92467	85	-7	0.26	0.30	44500	
28/04/2011 08:19:49	TASTEGGIO	1	0	5300	43226	48024	114	-6	0.26	0.26	0	
28/04/2011 08:20:05	TASTEGGIO	0	1	5300	43226	48019	136	-2	0.25	0.25	0	
28/04/2011 08:20:21	TASTEGGIO	0	1	5300	43226	48013	208	-9	0.16	0.16	0	
28/04/2011 08:20:37	TASTEGGIO	0	2	5300	43226	48010	222	-8	0.08	0.08	0	
28/04/2011 08:20:48	TASTEGGIO	0	2	5300	43226	92325	222	-8	0.17	0.20	-44500	
28/04/2011 08:21:06	TASTEGGIO	1	0	5300	43226	136781	96	-7	0.13	0.13	0	
28/04/2011 08:21:16	TASTEGGIO	1	0	5300	43226	92497	96	-7	0.14	0.14	0	
28/04/2011 08:21:33	TASTEGGIO	1	0	5300	43226	92502	85	-2	0.11	0.11	0	
28/04/2011 08:21:49	TASTEGGIO	0	1	5300	43226	92502	93	-2	0.10	0.10	0	
28/04/2011 08:22:05	TASTEGGIO	0	1	5300	43226	92502	120	-5	0.05	0.05	0	
28/04/2011 08:22:13	TASTEGGIO	0	1	5300	43226	92495	120	-5	0.05	0.11	-44500	
28/04/2011 08:22:31	TASTEGGIO	1	0	5300	43226	136949	79	-2	0.08	0.08	0	
28/04/2011 08:22:41	TASTEGGIO	1	0	5300	43226	92498	79	-2	0.06	0.09	44500	
28/04/2011 08:24:38	TASTEGGIO	1	0	5300	43226	92272	79	-2	0.65	0.95	-44500	
28/04/2011 08:24:59	TASTEGGIO	1	0	5300	43226	136731	231	-22	0.73	0.73	0	
28/04/2011 08:25:17	TASTEGGIO	0	1	5300	43226	136731	287	-30	0.45	0.45	0	
28/04/2011 08:25:35	TASTEGGIO	0	2	5300	43226	136732	326	-39	0.07	0.07	0	
28/04/2011 08:25:45	TASTEGGIO	0	2	5300	43226	92298	326	-39	0.16	0.37	44500	
28/04/2011 08:26:04	TASTEGGIO	1	0	5300	43226	47854	126	-8	0.30	0.30	0	
28/04/2011 08:26:20	TASTEGGIO	0	1	5300	43226	47846	150	-2	0.28	0.28	0	
28/04/2011 08:26:36	TASTEGGIO	0	1	5300	43226	47837	228	-17	0.12	0.12	0	
28/04/2011 08:26:46	TASTEGGIO	0	1	5300	43226	92119	228	-17	0.21	0.26	-24500	
28/04/2011 08:27:06	TASTEGGIO	1	0	5300	43226	116577	106	-4	0.22	0.22	0	
28/04/2011 08:27:23	TASTEGGIO	0	1	5300	43226	116582	124	-4	0.19	0.19	0	
28/04/2011 08:27:40	TASTEGGIO	0	2	5300	43226	116585	156	-10	0.08	0.08	0	
28/04/2011 08:27:49	TASTEGGIO	0	2	5300	43226	92296	156	-10	0.07	0.16	44500	
28/04/2011 08:28:08	TASTEGGIO	1	0	5300	43226	47840	88	-1	0.17	0.17	0	
28/04/2011 08:28:23	TASTEGGIO	0	1	5300	43226	47828	124	0	0.17	0.17	0	
28/04/2011 08:28:38	TASTEGGIO	0	1	5300	43226	47828	175	0	0.17	0.17	0	
28/04/2011 08:28:55	TASTEGGIO	0	1	5300	43226	47826	226	-4	0.14	0.14	0	
28/04/2011 08:29:06	TASTEGGIO	0	1	5300	43226	92120	226	-4	0.10	0.14	44500	
28/04/2011 08:29:24	TASTEGGIO	1	0	5300	43226	47656	85	-1	0.14	0.14	0	
28/04/2011 08:29:38	TASTEGGIO	0	1	5300	43226	47650	113	0	0.14	0.14	0	
28/04/2011 08:29:53	TASTEGGIO	0	1	5300	43226	47649	155	0	0.13	0.13	0	
28/04/2011 08:30:10	TASTEGGIO	0	1	5300	43226	47649	191	-1	0.14	0.14	0	
28/04/2011 08:30:27	TASTEGGIO	0	1	5300	43226	47645	236	-7	0.07	0.07	0	
28/04/2011 08:30:37	TASTEGGIO	0	1	5300	43226	92119	236	-7	0.10	0.13	-24500	
28/04/2011 08:30:55	TASTEGGIO	1	0	5300	43226	116574	83	-1	0.12	0.12	0	
28/04/2011 08:31:12	TASTEGGIO	0	1	5300	43226	116578	105	0	0.12	0.12	0	
28/04/2011 08:31:29	TASTEGGIO	0	1	5300	43226	116582	141	-1	0.12	0.12	0	
28/04/2011 08:31:47	TASTEGGIO	0	1	5300	43226	116586	177	-10	0.07	0.07	0	
28/04/2011 08:31:57	TASTEGGIO	0	1	5300	43226	92295	177	-10	0.01	0.13	44500	
28/04/2011 08:32:15	TASTEGGIO	1	0	5300	43226	47828	83	-1	0.11	0.11	0	
28/04/2011 08:32:29	TASTEGGIO	0	1	5300	43226	47824	92	0	0.11	0.11	0	
28/04/2011 08:32:44	TASTEGGIO	0	1	5300	43226	47824	125	0	0.11	0.11	0	
28/04/2011 08:33:00	TASTEGGIO	0	1	5300	43226	47824	158	-2	0.10	0.10	0	
28/04/2011 08:33:10	TASTEGGIO	0	1	5300	43226	92118	158	-2	0.03	0.11	44500	
28/04/2011 08:33:28	TASTEGGIO	1	0	5300	43226	47647	79	0	0.10	0.10	0	
28/04/2011 08:33:38	TASTEGGIO	1	0	5300	43226	92118	79	0	0.03	0.11	44500	
28/04/2011 08:35:38	TASTEGGIO	1	0	5300	43226	92471	79	0	0.39	0.42	-24500	
28/04/2011 08:35:58	TASTEGGIO	1	0	5300	43226	116920	135	-12	0.33	0.33	0	
28/04/2011 08:36:16	TASTEGGIO	0	1	5300	43226	116927	160	-10	0.23	0.23	0	
28/04/2011 08:36:33	TASTEGGIO	0	2	5300	43226	116930	182	-15	0.08	0.08	0	
28/04/2011 08:36:42	TASTEGGIO	0	2	5300	43226	92496	182	-15	0.10	0.16	44500	
28/04/2011 08:37:00	TASTEGGIO	1	0	5300	43226	48037	88	-7	0.11	0.11	0	
28/04/2011 08:37:10	TASTEGGIO	1	0	5300	43226	92323	88	-7	0.07	0.12	-44500	
28/04/2011 08:37:28	TASTEGGIO	1	0	5300	43226	136778	81	-7	0.06	0.06	0	
28/04/2011 08:37:39	TASTEGGIO	1	0	5300	43226	92497	81	-7	0.03	0.08	-44500	
28/04/2011 08:39:38	TASTEGGIO	1	0	5300	43226	92365	81	-7	0.57	0.57	0	
28/04/2011 08:39:57	TASTEGGIO	1	0	5300	43226	92370	162	-12	0.45	0.45	0	
28/04/2011 08:40:14	TASTEGGIO	0	1	5300	43226	92370	197	-18	0.27	0.27	0	
28/04/2011 08:40:32	TASTEGGIO	0	2	5300	43226	92370	219	-18	0.09	0.09	0	
28/04/2011 08:40:39	TASTEGGIO	0	2	5300	43226	92360	219	-18	0.09	0.28	-44500	
28/04/2011 08:40:58	TASTEGGIO	1	0	5300	43226	136809	110	-11	0.18	0.18	0	
28/04/2011 08:41:13	TASTEGGIO	0	1	5300	43226	136810	121	-4	0.15	0.15	0	
28/04/2011 08:41:28	TASTEGGIO	0	2	5300	43226	136811	145	-7	0.08	0.08	0	
28/04/2011 08:41:38	TASTEGGIO	0	2	5300	43226	92391	145	-7	0.05	0.08	44500	
28/04/2011 08:43:38	TASTEGGIO	0	2	5300	43226	92469	145	-7	0.23	0.33	24500	
28/04/2011 08:43:56	TASTEGGIO	1	0	5300	43226	68063	119	-6	0.28	0.28	0	
28/04/2011 08:44:12	TASTEGGIO	0	1	5300	43226	68052	142	-3	0.24	0.24	0	
28/04/2011 08:44:29	TASTEGGIO	0	2	5300	43226	68042	183	-10	0.14	0.14	0	
28/04/2011 08:44:38	TASTEGGIO	0	2	5300	43226	92324	183	-10	0.08	0.19	44500	
28/04/2011 08:44:57	TASTEGGIO	1	0	5300	43226	47868	94	-4	0.14	0.14	0	
28/04/2011 08:45:07	TASTEGGIO	1	0	5300	43226	92324	94	-4	0.06	0.16	44500	
28/04/2011 08:45:25	TASTEGGIO	1	0	5300	43226	47874	88	-1	0.14	0.14	0	
28/04/2011 08:45:36	TASTEGGIO	1	0	5300	43226	92327	88	-1	0.06	0.15	44500	
28/04/2011 08:45:54	TASTEGGIO	1	0	5300	43226	47871	87	-1	0.14	0.14	0	
28/04/2011 08:46:04	TASTEGGIO	1	0	5300	43226	92324	87	-1	0.06	0.15	44500	
28/04/2011 08:46:21	TASTEGGIO	1	0	5300	43226	47863	87	0	0.14	0.14	0	
28/04/2011 08:46:31	TASTEGGIO	1	0	5300	43226	92322	87	0	0.06	0.14	44500	
28/04/2011 08:46:49	TASTEGGIO	1	0	5300	43226	47863	85	0	0.14	0.14	0	
28/04/2011 08:47:02	TASTEGGIO	0	1	5300	43226	47860	113	-1	0.13	0.13	0	
28/04/2011 08:47:18	TASTEGGIO	0	1	5300	43226	47856	149	-2	0.12	0.12	0	
28/04/2011 08:47:33	TASTEGGIO	0	1	5300	43226	47855	182	-6	0.07	0.07	0	
28/04/2011 08:47:44	TASTEGGIO	0	1	5300	43226	92325	182	-6	0.06	0.11	-44500	
28/04/2011 08:48:02	TASTEGGIO	1	0	5300	43226	136779	79	-8	0.03	0.03	0	
28/04/2011 08:48:12	TASTEGGIO	1	0	5300	43226	92503	79	-8	0.09	0.11	24500	
28/04/2011 08:48:29	TASTEGGIO	1	0	5300	43226	68094	79	0	0.09	0.09	0	
28/04/2011 08:48:39	TASTEGGIO	1	0	5300	43226	92327	79	0	0.09	0.11	44500	
28/04/2011 08:48:57	TASTEGGIO	1	0	5300	43226	47883	79	-1	0.09	0.09	0	
28/04/2011 08:49:07	TASTEGGIO	1	0	5300	43226	92331	79	-1	0.08	0.10	44500	
28/04/2011 08:51:03	TASTEGGIO	1	0	5300	43226	92464	79	-1	0.08	0.24	44500	
28/04/2011 08:51:21	TASTEGGIO	1	0	5300	43226	48024	103	-7	0.18	0.18	0	
28/04/2011 08:51:36	TASTEGGIO	0	1	5300	43226	48017	116	-2	0.16	0.16	0	
28/04/2011 08:51:51	TASTEGGIO	0	2	5300	43226	48013	144	-2	0.16	0.16	0	
28/04/2011 08:52:08	TASTEGGIO	0	1	5300	43226	48008	208	-10	0.06	0.06	0	
28/04/2011 08:52:18	TASTEGGIO	0	1	5300	43226	92323	208	-10	0.10	0.15	-24500	
28/04/2011 08:52:37	TASTEGGIO	1	0	5300	43226	116785	87	-4	0.09	0.09	0	
28/04/2011 08:52:46	TASTEGGIO	1	0	5300	43226	92506	87	-4	0.06	0.11	-24500	
28/04/2011 08:53:04	TASTEGGIO	1	0	5300	43226	116961	79	0	0.09	0.09	0	
28/04/2011 08:53:13	TASTEGGIO	1	0	5300	43226	92501	79	0	0.06	0.10	-24500	
28/04/2011 08:55:11	TASTEGGIO	1	0	5300	43225	92274	79	0	0.11	0.22	-44500	
28/04/2011 08:55:29	TASTEGGIO	1	0	5300	43225	136736	99	-11	0.13	0.13	0	
28/04/2011 08:55:39	TASTEGGIO	1	0	5300	43225	92293	99	-11	0.04	0.12	-44500	
28/04/2011 08:55:57	TASTEGGIO	1	0	5300	43225	136749	81	-1	0.12	0.12	0	
28/04/2011 08:56:12	TASTEGGIO	0	1	5300	43225	136750	105	-2	0.11	0.11	0	
28/04/2011 08:56:26	TASTEGGIO	0	1	5300	43225	136750	135	-5	0.06	0.06	0	
28/04/2011 08:56:37	TASTEGGIO	0	1	5300	43225	92297	135	-5	0.02	0.06	-44500	
28/04/2011 08:58:44	TASTEGGIO	0	1	5300	43225	92369	135	-5	0.49	0.56	-24500	
28/04/2011 08:59:04	TASTEGGIO	1	0	5300	43225	116836	160	-11	0.45	0.45	0	
28/04/2011 08:59:23	TASTEGGIO	0	1	5300	43225	116837	196	-15	0.31	0.31	0	
28/04/2011 08:59:41	TASTEGGIO	0	2	5300	43225	116837	226	-22	0.09	0.09	0	
28/04/2011 08:59:50	TASTEGGIO	0	2	5300	43225	92383	226	-22	0.16	0.37	44500	
28/04/2011 09:00:09	TASTEGGIO	1	0	5300	43225	47938	126	-7	0.30	0.30	0	
28/04/2011 09:00:24	TASTEGGIO	0	1	5300	43225	47935	150	-1	0.28	0.28	0	
28/04/2011 09:00:41	TASTEGGIO	0	1	5300	43225	47931	228	-14	0.15	0.15	0	
28/04/2011 09:00:58	TASTEGGIO	0	2	5300	43225	47928	239	-10	0.06	0.06	0	
28/04/2011 09:01:08	TASTEGGIO	0	2	5300	43225	92226	239	-10	0.09	0.26	-44500	
28/04/2011 09:01:27	TASTEGGIO	1	0	5300	43225	136683	106	-7	0.20	0.20	0	
28/04/2011 09:01:42	TASTEGGIO	0	1	5300	43225	136684	121	-2	0.18	0.18	0	
28/04/2011 09:01:57	TASTEGGIO	0	2	5300	43225	136685	153	-6	0.12	0.12	0	
28/04/2011 09:02:08	TASTEGGIO	0	2	5300	43225	92389	153	-6	0.02	0.13	-44500	
28/04/2011 09:02:25	TASTEGGIO	1	0	5300	43225	136847	83	-1	0.12	0.12	0	
28/04/2011 09:02:40	TASTEGGIO	0	1	5300	43225	136848	105	0	0.12	0.12	0	
28/04/2011 09:02:54	TASTEGGIO	0	1	5300	43225	136849	141	0	0.12	0.12	0	
28/04/2011 09:03:11	TASTEGGIO	0	1	5300	43225	136849	177	-8	0.03	0.03	0	
28/04/2011 09:03:21	TASTEGGIO	0	1	5300	43225	92389	177	-8	0.08	0.16	24500	
28/04/2011 09:03:39	TASTEGGIO	1	0	5300	43225	67982	88	-2	0.14	0.14	0	
28/04/2011 09:03:48	TASTEGGIO	1	0	5300	43225	92224	88	-2	0.06	0.14	24500	
28/04/2011 09:04:05	TASTEGGIO	1	0	5300	43225	67796	85	0	0.14	0.14	0	
28/04/2011 09:04:19	TASTEGGIO	0	1	5300	43225	67783	113	-1	0.13	0.13	0	
28/04/2011 09:04:37	TASTEGGIO	0	1	5300	43225	67774	149	-5	0.08	0.08	0	
28/04/2011 09:04:46	TASTEGGIO	0	1	5300	43225	92221	149	-5	0.02	0.08	24500	
28/04/2011 09:06:49	TASTEGGIO	0	1	5300	43225	92679	149	-5	0.24	0.31	24500	
28/04/2011 09:07:07	TASTEGGIO	1	0	5300	43225	68251	115	-6	0.26	0.26	0	
28/04/2011 09:07:23	TASTEGGIO	0	1	5300	43225	68243	136	-3	0.24	0.24	0	
28/04/2011 09:07:40	TASTEGGIO	0	1	5300	43225	68237	202	-19	0.05	0.05	0	
28/04/2011 09:07:50	TASTEGGIO	0	1	5300	43225	92519	202	-19	0.04	0.12	44500	
28/04/2011 09:08:07	TASTEGGIO	1	0	5300	43225	48059	81	-4	0.07	0.07	0	
28/04/2011 09:08:17	TASTEGGIO	1	0	5300	43225	92515	81	-4	0.04	0.08	44500	
28/04/2011 09:10:16	TASTEGGIO	1	0	5300	43225	92464	81	-4	0.82	0.82	0	
28/04/2011 09:10:35	TASTEGGIO	1	0	5300	43225	92471	207	-14	0.67	0.67	0	
28/04/2011 09:10:54	TASTEGGIO	0	1	5300	43225	92472	261	-28	0.41	0.41	0	
28/04/2011 09:11:13	TASTEGGIO	0	2	5300	43225	92472	296	-40	0.02	0.02	0	
28/04/2011 09:11:20	TASTEGGIO	0	2	5300	43225	92461	296	-40	0.02	0.24	44500	
28/04/2011 09:11:39	TASTEGGIO	1	0	5300	43225	48005	103	-6	0.17	0.17	0	
28/04/2011 09:11:54	TASTEGGIO	0	1	5300	43225	47998	115	-1	0.16	0.16	0	
28/04/2011 09:12:08	TASTEGGIO	0	1	5300	43225	47992	160	-4	0.12	0.12	0	
28/04/2011 09:12:19	TASTEGGIO	0	1	5300	43225	92325	160	-4	0.07	0.14	-44500	
28/04/2011 09:12:36	TASTEGGIO	1	0	5300	43225	136780	85	-8	0.07	0.07	0	
28/04/2011 09:12:47	TASTEGGIO	1	0	5300	43225	92503	85	-8	0.09	0.12	44500	
28/04/2011 09:13:05	TASTEGGIO	1	0	5300	43225	48035	81	-1	0.10	0.10	0	
28/04/2011 09:13:15	TASTEGGIO	1	0	5300	43225	92327	81	-1	0.10	0.11	44500	
28/04/2011 09:13:33	TASTEGGIO	1	0	5300	43225	47863	79	-1	0.10	0.10	0	
28/04/2011 09:13:43	TASTEGGIO	1	0	5300	43225	92324	79	-1	0.10	0.12	44500	
28/04/2011 09:14:01	TASTEGGIO	1	0	5300	43225	47867	81	0	0.10	0.10	0	
28/04/2011 09:14:11	TASTEGGIO	1	0	5300	43225	92322	81	0	0.10	0.11	44500	
28/04/2011 09:14:29	TASTEGGIO	1	0	5300	43225	47860	79	0	0.10	0.10	0	
28/04/2011 09:14:39	TASTEGGIO	1	0	5300	43225	92325	79	0	0.10	0.11	44500	
28/04/2011 09:14:57	TASTEGGIO	1	0	5300	43225	47870	79	0	0.10	0.10	0	
28/04/2011 09:15:07	TASTEGGIO	1	0	5300	43225	92330	79	0	0.09	0.11	44500	
28/04/2011 09:15:25	TASTEGGIO	1	0	5300	43225	47873	79	0	0.10	0.10	0	
28/04/2011 09:15:36	TASTEGGIO	1	0	5300	43225	92328	79	0	0.09	0.11	44500	
28/04/2011 09:15:53	TASTEGGIO	1	0	5300	43225	47867	79	-1	0.10	0.10	0	
28/04/2011 09:16:04	TASTEGGIO	1	0	5300	43225	92325	79	-1	0.09	0.11	44500	
28/04/2011 09:16:21	TASTEGGIO	1	0	5300	43225	47870	79	0	0.10	0.10	0	
28/04/2011 09:16:32	TASTEGGIO	1	0	5300	43225	92326	79	0	0.09	0.11	44500	
28/04/2011 09:16:49	TASTEGGIO	1	0	5300	43225	47862	79	-1	0.10	0.10	0	
28/04/2011 09:17:00	TASTEGGIO	1	0	5300	43225	92326	79	-1	0.09	0.12	44500	
28/04/2011 09:17:18	TASTEGGIO	1	0	5300	43225	47873	81	0	0.10	0.10	0	
28/04/2011 09:17:28	TASTEGGIO	1	0	5300	43225	92325	81	0	0.09	0.11	44500	
28/04/2011 09:19:17	TASTEGGIO	1	0	5300	43225	92459	81	0	0.41	0.51	-24500	
28/04/2011 09:19:37	TASTEGGIO	1	0	5300	43225	116920	151	-12	0.39	0.39	0	
28/04/2011 09:19:53	TASTEGGIO	0	1	5300	43225	116923	180	-12	0.27	0.27	0	
28/04/2011 09:20:12	TASTEGGIO	0	2	5300	43225	116923	206	-17	0.11	0.11	0	
28/04/2011 09:20:22	TASTEGGIO	0	2	5300	43225	92495	206	-17	0.13	0.25	44500	
28/04/2011 09:20:41	TASTEGGIO	1	0	5300	43225	48046	105	-8	0.17	0.17	0	
28/04/2011 09:20:56	TASTEGGIO	0	1	5300	43225	48042	116	-2	0.16	0.16	0	
28/04/2011 09:21:11	TASTEGGIO	0	1	5300	43225	48037	161	-3	0.13	0.13	0	
28/04/2011 09:21:21	TASTEGGIO	0	1	5300	43225	92324	161	-3	0.10	0.23	-44500	
28/04/2011 09:21:40	TASTEGGIO	1	0	5300	43225	136782	101	-8	0.15	0.15	0	
28/04/2011 09:21:55	TASTEGGIO	0	1	5300	43225	136782	110	-2	0.14	0.14	0	
28/04/2011 09:22:05	TASTEGGIO	0	1	5300	43225	92497	110	-2	0.08	0.15	44500	
28/04/2011 09:22:23	TASTEGGIO	1	0	5300	43225	48038	87	-2	0.15	0.15	0	
28/04/2011 09:22:38	TASTEGGIO	0	1	5300	43225	48033	117	0	0.15	0.15	0	
28/04/2011 09:22:53	TASTEGGIO	0	1	5300	43225	48032	162	-1	0.14	0.14	0	
28/04/2011 09:23:03	TASTEGGIO	0	1	5300	43225	92325	162	-1	0.08	0.15	-44500	
28/04/2011 09:23:22	TASTEGGIO	1	0	5300	43225	136779	87	-1	0.14	0.14	0	
28/04/2011 09:23:32	TASTEGGIO	1	0	5300	43225	92498	87	-1	0.08	0.15	44500	
28/04/2011 09:23:51	TASTEGGIO	1	0	5300	43225	48037	87	-1	0.14	0.14	0	
28/04/2011 09:24:01	TASTEGGIO	1	0	5300	43225	92322	87	-1	0.08	0.15	-44500	
28/04/2011 09:24:20	TASTEGGIO	1	0	5300	43225	136774	87	-1	0.14	0.14	0	
28/04/2011 09:24:30	TASTEGGIO	1	0	5300	43225	92507	87	-1	0.08	0.15	44500	
28/04/2011 09:24:49	TASTEGGIO	1	0	5300	43225	48052	87	-1	0.14	0.14	0	
28/04/2011 09:24:59	TASTEGGIO	1	0	5300	43225	92328	87	-1	0.08	0.14	44500	
28/04/2011 09:25:17	TASTEGGIO	1	0	5300	43225	47868	85	0	0.15	0.15	0	
28/04/2011 09:25:32	TASTEGGIO	0	1	5300	43225	47863	117	0	0.14	0.14	0	
28/04/2011 09:25:47	TASTEGGIO	0	1	5300	43225	47862	156	-1	0.14	0.14	0	
28/04/2011 09:26:04	TASTEGGIO	0	1	5300	43225	47860	198	-6	0.09	0.09	0	
28/04/2011 09:26:14	TASTEGGIO	0	1	5300	43225	92326	198	-6	0.06	0.14	-44500	
28/04/2011 09:26:33	TASTEGGIO	1	0	5300	43225	136772	85	0	0.15	0.15	0	
28/04/2011 09:26:48	TASTEGGIO	0	1	5300	43225	136773	117	-1	0.14	0.14	0	
28/04/2011 09:27:04	TASTEGGIO	0	1	5300	43225	136773	156	-7	0.08	0.08	0	
28/04/2011 09:27:14	TASTEGGIO	0	1	5300	43225	92505	156	-7	0.06	0.13	44500	
28/04/2011 09:27:33	TASTEGGIO	1	0	5300	43225	48050	83	-2	0.11	0.11	0	
28/04/2011 09:27:47	TASTEGGIO	0	1	5300	43225	48046	92	0	0.11	0.11	0	
28/04/2011 09:28:02	TASTEGGIO	0	1	5300	43225	48043	125	0	0.11	0.11	0	
28/04/2011 09:28:17	TASTEGGIO	0	1	5300	43225	48038	158	-1	0.11	0.11	0	
28/04/2011 09:28:34	TASTEGGIO	0	1	5300	43225	48037	191	-2	0.09	0.09	0	
28/04/2011 09:28:44	TASTEGGIO	0	1	5300	43225	92326	191	-2	0.06	0.09	-44500	
28/04/2011 09:30:38	TASTEGGIO	0	1	5300	43225	92360	191	-2	0.51	0.52	-24500	
28/04/2011 09:30:57	TASTEGGIO	1	0	5300	43225	116820	153	-12	0.40	0.40	0	
28/04/2011 09:31:15	TASTEGGIO	0	1	5300	43225	116826	183	-15	0.27	0.27	0	
28/04/2011 09:31:33	TASTEGGIO	0	2	5300	43225	116828	208	-22	0.04	0.04	0	
28/04/2011 09:31:42	TASTEGGIO	0	2	5300	43225	92384	208	-22	0.17	0.23	24500	
28/04/2011 09:32:00	TASTEGGIO	1	0	5300	43225	67968	101	-5	0.17	0.17	0	
28/04/2011 09:32:17	TASTEGGIO	0	1	5300	43225	67952	113	-4	0.13	0.13	0	
28/04/2011 09:32:26	TASTEGGIO	0	1	5300	43225	92224	113	-4	0.14	0.14	24500	
28/04/2011 09:32:44	TASTEGGIO	1	0	5300	43225	67794	85	0	0.13	0.13	0	
28/04/2011 09:32:58	TASTEGGIO	0	1	5300	43225	67783	109	-3	0.10	0.10	0	
28/04/2011 09:33:08	TASTEGGIO	0	1	5300	43225	92225	109	-3	0.11	0.13	44500	
28/04/2011 09:33:25	TASTEGGIO	1	0	5300	43225	47767	83	-7	0.07	0.07	0	
28/04/2011 09:33:36	TASTEGGIO	1	0	5300	43225	92223	83	-7	0.14	0.14	0	
28/04/2011 09:33:54	TASTEGGIO	1	0	5300	43225	92218	85	-6	0.08	0.08	0	
28/04/2011 09:34:01	TASTEGGIO	1	0	5300	43225	92222	85	-6	0.08	0.09	-24500	
28/04/2011 09:36:05	TASTEGGIO	1	0	5300	43225	92665	85	-6	0.47	0.47	0	
28/04/2011 09:36:23	TASTEGGIO	1	0	5300	43225	92671	144	-8	0.39	0.39	0	
28/04/2011 09:36:42	TASTEGGIO	0	1	5300	43225	92671	176	-11	0.28	0.28	0	
28/04/2011 09:36:59	TASTEGGIO	0	2	5300	43225	92671	204	-17	0.12	0.12	0	
28/04/2011 09:37:07	TASTEGGIO	0	2	5300	43225	92663	204	-17	0.12	0.16	44500	
28/04/2011 09:37:24	TASTEGGIO	1	0	5300	43225	48201	88	-6	0.10	0.10	0	
28/04/2011 09:37:35	TASTEGGIO	1	0	5300	43225	92509	88	-6	0.10	0.16	-44500	
28/04/2011 09:37:53	TASTEGGIO	1	0	5300	43225	136959	88	-9	0.08	0.08	0	
28/04/2011 09:38:03	TASTEGGIO	1	0	5300	43225	92702	88	-9	0.10	0.12	44500	
28/04/2011 09:38:22	TASTEGGIO	1	0	5300	43225	48254	81	-1	0.12	0.12	0	
28/04/2011 09:38:37	TASTEGGIO	0	1	5300	43225	48243	105	0	0.11	0.11	0	
28/04/2011 09:38:51	TASTEGGIO	0	1	5300	43225	48235	135	-2	0.09	0.09	0	
28/04/2011 09:39:01	TASTEGGIO	0	1	5300	43225	92508	135	-2	0.08	0.10	24500	
28/04/2011 09:41:01	TASTEGGIO	0	1	5300	43226	92360	135	-2	0.20	0.26	44500	
28/04/2011 09:41:19	TASTEGGIO	1	0	5300	43226	47915	106	-5	0.23	0.23	0	
28/04/2011 09:41:33	TASTEGGIO	0	1	5300	43226	47909	126	-2	0.22	0.22	0	
28/04/2011 09:41:48	TASTEGGIO	0	1	5300	43226	47905	189	-5	0.18	0.18	0	
28/04/2011 09:42:05	TASTEGGIO	0	2	5300	43226	47903	218	-9	0.13	0.13	0	
28/04/2011 09:42:16	TASTEGGIO	0	2	5300	43226	92225	218	-9	0.12	0.21	-44500	
28/04/2011 09:42:34	TASTEGGIO	1	0	5300	43226	136676	97	-9	0.13	0.13	0	
28/04/2011 09:42:44	TASTEGGIO	1	0	5300	43226	92386	97	-9	0.06	0.13	-44500	
28/04/2011 09:43:02	TASTEGGIO	1	0	5300	43226	136838	83	-2	0.12	0.12	0	
28/04/2011 09:43:17	TASTEGGIO	0	1	5300	43226	136839	105	-2	0.11	0.11	0	
28/04/2011 09:43:32	TASTEGGIO	0	1	5300	43226	136839	135	-5	0.07	0.07	0	
28/04/2011 09:43:42	TASTEGGIO	0	1	5300	43226	92387	135	-5	0.02	0.08	44500	
28/04/2011 09:45:41	TASTEGGIO	0	1	5300	43226	92168	135	-5	0.15	0.15	0	
28/04/2011 09:45:57	TASTEGGIO	1	0	5300	43226	92173	87	-3	0.12	0.12	0	
28/04/2011 09:46:05	TASTEGGIO	1	0	5300	43226	92169	87	-3	0.13	0.13	0	
28/04/2011 09:46:21	TASTEGGIO	1	0	5300	43226	92173	83	-1	0.11	0.11	0	
28/04/2011 09:46:37	TASTEGGIO	0	1	5300	43226	92173	92	-1	0.11	0.11	0	
28/04/2011 09:46:53	TASTEGGIO	0	1	5300	43226	92174	125	-7	0.04	0.04	0	
28/04/2011 09:47:01	TASTEGGIO	0	1	5300	43226	92169	125	-7	0.05	0.08	44500	
28/04/2011 09:48:56	TASTEGGIO	0	1	5300	43226	92469	125	-7	1.20	1.20	0	
28/04/2011 09:49:16	TASTEGGIO	1	0	5300	43226	92480	276	-29	0.91	0.91	0	
28/04/2011 09:49:36	TASTEGGIO	0	1	5300	43226	92480	345	-60	0.40	0.40	0	
28/04/2011 09:49:50	TASTEGGIO	0	0	5300	43226	92480	132	-1	0.40	0.40	0	
28/04/2011 09:50:09	TASTEGGIO	0	1	5300	43226	92480	212	-4	0.35	0.35	0	
28/04/2011 09:50:29	TASTEGGIO	0	2	5300	43226	92480	273	-17	0.17	0.17	0	
28/04/2011 09:50:41	TASTEGGIO	0	0	5300	43226	92480	90	0	0.17	0.17	0	
28/04/2011 09:50:57	TASTEGGIO	0	1	5300	43226	92480	124	0	0.17	0.17	0	
28/04/2011 09:51:15	TASTEGGIO	0	1	5300	43226	92480	175	0	0.17	0.17	0	
28/04/2011 09:51:33	TASTEGGIO	0	1	5300	43226	92480	226	-1	0.17	0.17	0	
28/04/2011 09:51:52	TASTEGGIO	0	1	5300	43226	92480	277	-6	0.10	0.10	0	
28/04/2011 09:52:00	TASTEGGIO	0	1	5300	43226	92469	277	-6	0.10	0.43	-44500	
28/04/2011 09:52:18	TASTEGGIO	1	0	5300	43226	136904	137	-11	0.33	0.33	0	
28/04/2011 09:52:34	TASTEGGIO	0	1	5300	43226	136906	162	-7	0.26	0.26	0	
28/04/2011 09:52:49	TASTEGGIO	0	2	5300	43226	136909	190	-13	0.13	0.13	0	
28/04/2011 09:52:59	TASTEGGIO	0	2	5300	43226	92493	190	-13	0.11	0.31	44500	
28/04/2011 09:53:19	TASTEGGIO	1	0	5300	43226	48048	115	-6	0.22	0.22	0	
28/04/2011 09:53:33	TASTEGGIO	0	1	5300	43226	48041	130	-2	0.20	0.20	0	
28/04/2011 09:53:49	TASTEGGIO	0	1	5300	43226	48036	184	-6	0.14	0.14	0	
28/04/2011 09:53:59	TASTEGGIO	0	1	5300	43226	92324	184	-6	0.15	0.15	44500	
28/04/2011 09:54:18	TASTEGGIO	1	0	5300	43226	47863	87	-1	0.14	0.14	0	
28/04/2011 09:54:28	TASTEGGIO	1	0	5300	43226	92329	87	-1	0.15	0.15	0	
28/04/2011 09:54:46	TASTEGGIO	1	0	5300	43226	92325	87	-13	0.03	0.03	0	
28/04/2011 09:54:53	TASTEGGIO	1	0	5300	43226	92329	87	-13	0.03	0.21	44500	
28/04/2011 09:55:12	TASTEGGIO	1	0	5300	43226	47870	97	-1	0.20	0.20	0	
28/04/2011 09:55:27	TASTEGGIO	0	1	5300	43226	47864	135	0	0.20	0.20	0	
28/04/2011 09:55:43	TASTEGGIO	0	1	5300	43226	47860	195	-4	0.16	0.16	0	
28/04/2011 09:56:00	TASTEGGIO	0	2	5300	43226	47855	213	-6	0.10	0.10	0	
28/04/2011 09:56:11	TASTEGGIO	0	2	5300	43226	92328	213	-6	0.10	0.18	-44500	
28/04/2011 09:56:29	TASTEGGIO	1	0	5300	43226	136782	92	-1	0.16	0.16	0	
28/04/2011 09:56:44	TASTEGGIO	0	1	5300	43226	136783	106	0	0.16	0.16	0	
28/04/2011 09:57:00	TASTEGGIO	0	1	5300	43226	136783	154	0	0.16	0.16	0	
28/04/2011 09:57:15	TASTEGGIO	0	1	5300	43226	136784	202	-9	0.08	0.08	0	
28/04/2011 09:57:26	TASTEGGIO	0	1	5300	43226	92490	202	-9	0.14	0.14	0	
28/04/2011 09:57:43	TASTEGGIO	1	0	5300	43226	92494	85	-2	0.13	0.13	0	
28/04/2011 09:57:59	TASTEGGIO	0	1	5300	43226	92496	109	-7	0.05	0.05	0	
28/04/2011 09:58:07	TASTEGGIO	0	1	5300	43226	92491	109	-7	0.05	0.14	44500	
28/04/2011 09:58:25	TASTEGGIO	1	0	5300	43226	48038	85	-1	0.13	0.13	0	
28/04/2011 09:58:39	TASTEGGIO	0	1	5300	43226	48030	109	0	0.13	0.13	0	
28/04/2011 09:58:55	TASTEGGIO	0	1	5300	43226	48025	148	0	0.13	0.13	0	
28/04/2011 09:59:10	TASTEGGIO	0	1	5300	43226	48022	187	-2	0.12	0.12	0	
28/04/2011 09:59:28	TASTEGGIO	0	1	5300	43226	48021	220	-5	0.09	0.09	0	
28/04/2011 09:59:38	TASTEGGIO	0	1	5300	43226	92323	220	-5	0.09	0.11	-44500	
28/04/2011 09:59:56	TASTEGGIO	1	0	5300	43226	136779	79	-1	0.11	0.11	0	
28/04/2011 10:00:11	TASTEGGIO	0	1	5300	43226	136779	101	0	0.11	0.11	0	
28/04/2011 10:02:57	TASTEGGIO	0	1	5300	43226	92467	134	0	0.73	0.75	24500	
28/04/2011 10:03:17	TASTEGGIO	1	0	5300	43226	68058	195	-13	0.64	0.64	0	
28/04/2011 10:03:35	TASTEGGIO	0	1	5300	43226	68045	249	-23	0.41	0.41	0	
28/04/2011 10:03:53	TASTEGGIO	0	2	5300	43226	68028	286	-33	0.08	0.08	0	
28/04/2011 10:04:02	TASTEGGIO	0	2	5300	43226	92325	286	-33	0.16	0.30	-44500	
28/04/2011 10:04:21	TASTEGGIO	1	0	5300	43226	136774	114	-11	0.20	0.20	0	
28/04/2011 10:04:35	TASTEGGIO	0	1	5300	43226	136776	127	-3	0.17	0.17	0	
28/04/2011 10:04:51	TASTEGGIO	0	2	5300	43226	136778	155	-8	0.09	0.09	0	
28/04/2011 10:05:02	TASTEGGIO	0	2	5300	43226	92490	155	-8	0.03	0.11	-44500	
28/04/2011 10:05:19	TASTEGGIO	1	0	5300	43226	136952	79	-1	0.10	0.10	0	
28/04/2011 10:05:30	TASTEGGIO	1	0	5300	43226	92493	79	-1	0.02	0.11	-44500	
28/04/2011 10:07:30	TASTEGGIO	1	0	5300	43226	92365	79	-1	0.36	0.44	44500	
28/04/2011 10:07:50	TASTEGGIO	1	0	5300	43226	47929	139	-9	0.36	0.36	0	
28/04/2011 10:08:05	TASTEGGIO	0	1	5300	43226	47922	168	-3	0.33	0.33	0	
28/04/2011 10:08:24	TASTEGGIO	0	1	5300	43226	47913	258	-24	0.11	0.11	0	
28/04/2011 10:08:34	TASTEGGIO	0	1	5300	43226	92225	258	-24	0.12	0.18	-44500	
28/04/2011 10:08:52	TASTEGGIO	1	0	5300	43226	136688	92	-11	0.07	0.07	0	
28/04/2011 10:09:02	TASTEGGIO	1	0	5300	43226	92389	92	-11	0.06	0.11	44500	
28/04/2011 10:09:20	TASTEGGIO	1	0	5300	43226	47937	79	-5	0.07	0.07	0	
28/04/2011 10:09:31	TASTEGGIO	1	0	5300	43226	92225	79	-5	0.06	0.08	24500	
28/04/2011 10:11:30	TASTEGGIO	1	0	5300	43225	92464	79	-5	0.42	1.05	44500	
28/04/2011 10:11:51	TASTEGGIO	1	0	5300	43225	48036	249	-15	0.89	0.89	0	
28/04/2011 10:12:10	TASTEGGIO	0	1	5300	43225	48026	324	-31	0.60	0.60	0	
28/04/2011 10:12:29	TASTEGGIO	0	2	5300	43225	48017	381	-49	0.12	0.12	0	
28/04/2011 10:12:39	TASTEGGIO	0	2	5300	43225	92321	381	-49	0.27	0.32	-24500	
28/04/2011 10:12:58	TASTEGGIO	1	0	5300	43225	116784	117	-8	0.23	0.23	0	
28/04/2011 10:13:16	TASTEGGIO	0	1	5300	43225	116788	133	-6	0.17	0.17	0	
28/04/2011 10:13:32	TASTEGGIO	0	2	5300	43225	116789	150	-7	0.09	0.09	0	
28/04/2011 10:13:42	TASTEGGIO	0	2	5300	43225	92497	150	-7	0.07	0.25	44500	
28/04/2011 10:14:00	TASTEGGIO	1	0	5300	43225	48047	105	0	0.22	0.22	0	
28/04/2011 10:14:15	TASTEGGIO	0	1	5300	43225	48040	124	-1	0.22	0.22	0	
28/04/2011 10:14:29	TASTEGGIO	0	1	5300	43225	48036	190	0	0.22	0.22	0	
28/04/2011 10:14:47	TASTEGGIO	0	1	5300	43225	48028	256	-1	0.21	0.21	0	
28/04/2011 10:15:04	TASTEGGIO	0	1	5300	43225	48026	316	-3	0.19	0.19	0	
28/04/2011 10:15:24	TASTEGGIO	0	1	5300	43225	48026	367	-21	0.09	0.09	0	
28/04/2011 10:15:34	TASTEGGIO	0	1	5300	43225	92329	367	-21	0.27	0.27	0	
28/04/2011 10:15:52	TASTEGGIO	1	0	5300	43225	92325	108	-6	0.21	0.21	0	
28/04/2011 10:16:08	TASTEGGIO	0	1	5300	43225	92325	124	-5	0.15	0.15	0	
28/04/2011 10:16:26	TASTEGGIO	0	2	5300	43225	92325	139	-7	0.10	0.10	0	
28/04/2011 10:16:33	TASTEGGIO	0	2	5300	43225	92331	139	-7	0.10	0.16	-44500	
28/04/2011 10:16:52	TASTEGGIO	1	0	5300	43225	136775	88	-7	0.09	0.09	0	
28/04/2011 10:17:02	TASTEGGIO	1	0	5300	43225	92497	88	-7	0.06	0.13	44500	
28/04/2011 10:17:20	TASTEGGIO	1	0	5300	43225	48040	83	-1	0.12	0.12	0	
28/04/2011 10:17:34	TASTEGGIO	0	1	5300	43225	48034	105	-1	0.12	0.12	0	
28/04/2011 10:17:49	TASTEGGIO	0	1	5300	43225	48032	141	0	0.12	0.12	0	
28/04/2011 10:18:04	TASTEGGIO	0	1	5300	43225	48030	177	0	0.12	0.12	0	
28/04/2011 10:18:21	TASTEGGIO	0	1	5300	43225	48029	213	-1	0.12	0.12	0	
28/04/2011 10:18:38	TASTEGGIO	0	1	5300	43225	48027	249	-1	0.11	0.11	0	
28/04/2011 10:18:56	TASTEGGIO	0	1	5300	43225	48026	279	-1	0.11	0.11	0	
28/04/2011 10:19:14	TASTEGGIO	0	1	5300	43225	48090	312	-2	0.09	0.09	0	
28/04/2011 10:19:24	TASTEGGIO	0	1	5300	43225	92329	312	-2	0.09	0.10	44500	
28/04/2011 10:21:31	TASTEGGIO	0	1	5300	43226	92571	312	-2	0.66	0.66	0	
28/04/2011 10:21:50	TASTEGGIO	1	0	5300	43226	92580	178	-11	0.56	0.56	0	
28/04/2011 10:22:08	TASTEGGIO	0	1	5300	43226	92580	225	-20	0.37	0.37	0	
28/04/2011 10:22:26	TASTEGGIO	0	2	5300	43226	92580	259	-30	0.10	0.10	0	
28/04/2011 10:22:34	TASTEGGIO	0	2	5300	43226	92570	259	-30	0.10	0.26	-44500	
28/04/2011 10:22:52	TASTEGGIO	1	0	5300	43226	137023	106	-8	0.17	0.17	0	
28/04/2011 10:23:07	TASTEGGIO	0	1	5300	43226	137023	117	-2	0.15	0.15	0	
28/04/2011 10:23:22	TASTEGGIO	0	2	5300	43226	137024	143	-8	0.08	0.08	0	
28/04/2011 10:23:32	TASTEGGIO	0	2	5300	43226	92592	143	-8	0.03	0.18	44500	
28/04/2011 10:23:50	TASTEGGIO	1	0	5300	43226	48148	92	-7	0.11	0.11	0	
28/04/2011 10:24:00	TASTEGGIO	1	0	5300	43226	92409	92	-7	0.07	0.12	44500	
28/04/2011 10:24:18	TASTEGGIO	1	0	5300	43226	47951	81	-1	0.10	0.10	0	
28/04/2011 10:24:28	TASTEGGIO	1	0	5300	43226	92414	81	-1	0.08	0.10	44500	
28/04/2011 10:26:27	TASTEGGIO	1	0	5300	43225	92361	81	-1	0.39	0.48	24500	
28/04/2011 10:26:46	TASTEGGIO	1	0	5300	43225	67941	146	-7	0.40	0.40	0	
28/04/2011 10:27:04	TASTEGGIO	0	1	5300	43225	67925	179	-9	0.32	0.32	0	
28/04/2011 10:27:22	TASTEGGIO	0	2	5300	43225	67909	215	-17	0.14	0.14	0	
28/04/2011 10:27:31	TASTEGGIO	0	2	5300	43225	92225	215	-17	0.12	0.23	44500	
28/04/2011 10:27:49	TASTEGGIO	1	0	5300	43225	47767	101	-5	0.19	0.19	0	
28/04/2011 10:28:04	TASTEGGIO	0	1	5300	43225	47761	116	-2	0.17	0.17	0	
28/04/2011 10:28:19	TASTEGGIO	0	2	5300	43225	47760	146	-2	0.16	0.16	0	
28/04/2011 10:28:36	TASTEGGIO	0	1	5300	43225	47756	206	-11	0.06	0.06	0	
28/04/2011 10:28:46	TASTEGGIO	0	1	5300	43225	92225	206	-11	0.11	0.17	-44500	
28/04/2011 10:29:04	TASTEGGIO	1	0	5300	43225	136673	90	-8	0.11	0.11	0	
28/04/2011 10:29:15	TASTEGGIO	1	0	5300	43225	92389	90	-8	0.09	0.11	-24500	
28/04/2011 10:29:33	TASTEGGIO	1	0	5300	43225	116843	79	-4	0.05	0.05	0	
28/04/2011 10:29:43	TASTEGGIO	1	0	5300	43225	92385	79	-4	0.06	0.08	-44500	
28/04/2011 10:31:43	TASTEGGIO	1	0	5300	43225	92367	79	-4	0.37	0.40	-24500	
28/04/2011 10:32:03	TASTEGGIO	1	0	5300	43225	116826	132	-9	0.31	0.31	0	
28/04/2011 10:32:19	TASTEGGIO	0	1	5300	43225	116831	156	-8	0.23	0.23	0	
28/04/2011 10:32:38	TASTEGGIO	0	2	5300	43225	116835	180	-12	0.12	0.12	0	
28/04/2011 10:32:47	TASTEGGIO	0	2	5300	43225	92388	180	-12	0.13	0.17	24500	
28/04/2011 10:33:05	TASTEGGIO	1	0	5300	43225	67968	90	-5	0.09	0.09	0	
28/04/2011 10:33:14	TASTEGGIO	1	0	5300	43225	92225	90	-5	0.13	0.17	-44500	
28/04/2011 10:33:33	TASTEGGIO	1	0	5300	43225	136682	90	-7	0.09	0.09	0	
28/04/2011 10:33:43	TASTEGGIO	1	0	5300	43225	92390	90	-7	0.09	0.11	24500	
28/04/2011 10:34:01	TASTEGGIO	1	0	5300	43225	67976	79	0	0.08	0.08	0	
28/04/2011 10:34:11	TASTEGGIO	1	0	5300	43225	92221	79	0	0.09	0.11	-44500	
28/04/2011 10:34:29	TASTEGGIO	1	0	5300	43225	136664	79	-1	0.09	0.09	0	
28/04/2011 10:34:39	TASTEGGIO	1	0	5300	43225	92387	79	-1	0.09	0.10	-44500	
28/04/2011 10:36:35	TASTEGGIO	1	0	5300	43225	92366	79	-1	1.08	1.09	-24500	
28/04/2011 10:36:56	TASTEGGIO	1	0	5300	43225	116829	256	-23	0.87	0.87	0	
28/04/2011 10:37:16	TASTEGGIO	0	1	5300	43225	116833	325	-48	0.44	0.44	0	
28/04/2011 10:37:35	TASTEGGIO	0	2	5300	43225	116835	356	-56	0.14	0.14	0	
28/04/2011 10:37:45	TASTEGGIO	0	2	5300	43225	92382	356	-56	0.09	0.27	44500	
28/04/2011 10:38:03	TASTEGGIO	1	0	5300	43225	47936	108	-7	0.21	0.21	0	
28/04/2011 10:38:18	TASTEGGIO	0	1	5300	43225	47928	124	-1	0.20	0.20	0	
28/04/2011 10:38:34	TASTEGGIO	0	1	5300	43225	47925	181	-6	0.14	0.14	0	
28/04/2011 10:38:44	TASTEGGIO	0	1	5300	43225	92219	181	-6	0.06	0.20	-44500	
28/04/2011 10:39:03	TASTEGGIO	1	0	5300	43225	136677	96	-7	0.14	0.14	0	
28/04/2011 10:39:13	TASTEGGIO	1	0	5300	43225	92388	96	-7	0.03	0.19	-24500	
28/04/2011 10:39:33	TASTEGGIO	1	0	5300	43225	116848	94	-17	0.03	0.03	0	
28/04/2011 10:39:43	TASTEGGIO	1	0	5300	43225	92385	94	-17	0.18	0.26	24500	
28/04/2011 10:40:01	TASTEGGIO	1	0	5300	43225	67972	106	-4	0.24	0.24	0	
28/04/2011 10:40:18	TASTEGGIO	0	1	5300	43225	67958	150	-8	0.17	0.17	0	
28/04/2011 10:40:35	TASTEGGIO	0	2	5300	43225	67940	167	-11	0.06	0.06	0	
28/04/2011 10:40:44	TASTEGGIO	0	2	5300	43225	92222	167	-11	0.02	0.17	-44500	
28/04/2011 10:41:03	TASTEGGIO	1	0	5300	43225	136679	90	-2	0.16	0.16	0	
28/04/2011 10:41:17	TASTEGGIO	0	1	5300	43225	136680	120	-3	0.13	0.13	0	
28/04/2011 10:41:27	TASTEGGIO	0	1	5300	43225	92387	120	-3	0.01	0.15	-24500	
28/04/2011 10:41:47	TASTEGGIO	1	0	5300	43225	116844	87	-2	0.12	0.12	0	
28/04/2011 10:41:57	TASTEGGIO	1	0	5300	43225	92388	87	-2	0.01	0.14	-44500	
28/04/2011 10:42:15	TASTEGGIO	1	0	5300	43225	136843	85	0	0.13	0.13	0	
28/04/2011 10:42:29	TASTEGGIO	0	1	5300	43225	136845	109	-2	0.11	0.11	0	
28/04/2011 10:42:44	TASTEGGIO	0	2	5300	43225	136847	127	-3	0.09	0.09	0	
28/04/2011 10:42:54	TASTEGGIO	0	2	5300	43225	92388	127	-3	0.05	0.15	44500	
28/04/2011 10:43:13	TASTEGGIO	1	0	5300	43225	47932	87	-1	0.12	0.12	0	
28/04/2011 10:43:23	TASTEGGIO	1	0	5300	43225	92224	87	-1	0.03	0.14	44500	
28/04/2011 10:43:41	TASTEGGIO	1	0	5300	43225	47767	85	0	0.12	0.12	0	
28/04/2011 10:43:56	TASTEGGIO	0	1	5300	43225	47761	95	0	0.12	0.12	0	
28/04/2011 10:44:10	TASTEGGIO	0	1	5300	43225	47756	131	0	0.12	0.12	0	
28/04/2011 10:44:26	TASTEGGIO	0	1	5300	43225	47756	167	-1	0.11	0.11	0	
28/04/2011 10:44:42	TASTEGGIO	0	1	5300	43225	47756	197	-5	0.07	0.07	0	
28/04/2011 10:44:52	TASTEGGIO	0	1	5300	43225	92226	197	-5	0.02	0.13	-24500	
28/04/2011 10:45:11	TASTEGGIO	1	0	5300	43225	116689	83	-2	0.12	0.12	0	
28/04/2011 10:45:27	TASTEGGIO	0	1	5300	43225	116692	105	-4	0.08	0.08	0	
28/04/2011 10:45:37	TASTEGGIO	0	1	5300	43225	92385	105	-4	0.05	0.15	-44500	
28/04/2011 10:45:55	TASTEGGIO	1	0	5300	43225	136848	87	-1	0.13	0.13	0	
28/04/2011 10:46:05	TASTEGGIO	1	0	5300	43225	92386	87	-1	0.04	0.14	-44500	
28/04/2011 10:46:23	TASTEGGIO	1	0	5300	43225	136848	85	0	0.13	0.13	0	
28/04/2011 10:46:37	TASTEGGIO	0	1	5300	43226	136849	109	0	0.13	0.13	0	
28/04/2011 10:46:52	TASTEGGIO	0	1	5300	43225	136849	148	-5	0.07	0.07	0	
28/04/2011 10:47:01	TASTEGGIO	0	1	5300	43225	92388	148	-5	0.01	0.12	-24500	
28/04/2011 10:47:20	TASTEGGIO	1	0	5300	43225	116853	81	-1	0.11	0.11	0	
28/04/2011 10:47:37	TASTEGGIO	0	1	5300	43226	116857	101	-5	0.08	0.08	0	
28/04/2011 10:47:46	TASTEGGIO	0	1	5300	43225	92386	101	-5	0.06	0.13	-44500	
28/04/2011 10:48:04	TASTEGGIO	1	0	5300	43225	136849	83	-1	0.13	0.13	0	
28/04/2011 10:48:18	TASTEGGIO	0	1	5300	43225	136850	109	0	0.12	0.12	0	
28/04/2011 10:48:34	TASTEGGIO	0	1	5300	43226	136850	142	0	0.12	0.12	0	
28/04/2011 10:48:50	TASTEGGIO	0	1	5300	43225	136851	178	-6	0.06	0.06	0	
28/04/2011 10:49:00	TASTEGGIO	0	1	5300	43225	92387	178	-6	0.01	0.11	-24500	
28/04/2011 10:51:13	TASTEGGIO	1	0	5300	43225	92473	79	-1	0.57	0.57	0	
28/04/2011 10:51:32	TASTEGGIO	1	0	5300	43225	92479	162	-14	0.44	0.44	0	
28/04/2011 10:51:50	TASTEGGIO	0	1	5300	43225	92479	195	-18	0.27	0.27	0	
28/04/2011 10:52:08	TASTEGGIO	0	2	5300	43225	92479	218	-22	0.09	0.09	0	
28/04/2011 10:52:16	TASTEGGIO	0	2	5300	43225	92472	218	-22	0.10	0.38	-44500	
28/04/2011 10:52:35	TASTEGGIO	1	0	5300	43225	136934	128	-12	0.25	0.25	0	
28/04/2011 10:52:51	TASTEGGIO	0	1	5300	43225	136934	144	-5	0.20	0.20	0	
28/04/2011 10:53:06	TASTEGGIO	0	2	5300	43225	136934	166	-8	0.12	0.12	0	
28/04/2011 10:53:16	TASTEGGIO	0	2	5300	43225	92496	166	-8	0.17	0.17	0	
28/04/2011 10:53:34	TASTEGGIO	1	0	5300	43225	92500	90	-1	0.16	0.16	0	
28/04/2011 10:53:50	TASTEGGIO	0	1	5300	43225	92502	120	-1	0.16	0.16	0	
28/04/2011 10:54:09	TASTEGGIO	0	1	5300	43225	92502	168	-6	0.13	0.13	0	
28/04/2011 10:54:16	TASTEGGIO	0	1	5300	43225	92497	168	-6	0.13	0.20	-24500	
28/04/2011 10:54:35	TASTEGGIO	1	0	5300	43225	116959	96	-6	0.14	0.14	0	
28/04/2011 10:54:45	TASTEGGIO	1	0	5300	43225	92496	96	-6	0.13	0.14	-44500	
28/04/2011 10:55:03	TASTEGGIO	1	0	5300	43225	136955	85	-1	0.13	0.13	0	
28/04/2011 10:55:18	TASTEGGIO	0	1	5300	43225	136956	109	-1	0.13	0.13	0	
28/04/2011 10:55:33	TASTEGGIO	0	1	5300	43225	136956	148	-2	0.12	0.12	0	
28/04/2011 10:55:49	TASTEGGIO	0	1	5300	43225	136957	181	-8	0.06	0.06	0	
28/04/2011 10:55:59	TASTEGGIO	0	1	5300	43225	92492	181	-8	0.18	0.18	0	
28/04/2011 10:56:17	TASTEGGIO	1	0	5300	43225	92497	92	0	0.18	0.18	0	
28/04/2011 10:56:33	TASTEGGIO	0	1	5300	43225	92498	128	0	0.18	0.18	0	
28/04/2011 10:56:52	TASTEGGIO	0	1	5300	43225	92498	182	-4	0.15	0.15	0	
28/04/2011 10:57:10	TASTEGGIO	0	2	5300	43225	92498	206	-5	0.10	0.10	0	
28/04/2011 10:57:18	TASTEGGIO	0	2	5300	43225	92494	206	-5	0.10	0.14	-24500	
28/04/2011 10:57:37	TASTEGGIO	1	0	5300	43225	116949	85	-1	0.12	0.12	0	
28/04/2011 10:57:53	TASTEGGIO	0	1	5300	43225	116954	95	-1	0.10	0.10	0	
28/04/2011 10:58:02	TASTEGGIO	0	1	5300	43225	92493	95	-1	0.10	0.11	-24500	
28/04/2011 10:58:19	TASTEGGIO	1	0	5300	43225	116956	79	0	0.10	0.10	0	
28/04/2011 10:58:28	TASTEGGIO	1	0	5300	43225	92494	79	0	0.10	0.11	-24500	
28/04/2011 11:00:49	TASTEGGIO	1	0	5300	43225	92365	79	0	0.63	0.78	-44500	
28/04/2011 11:01:10	TASTEGGIO	1	0	5300	43225	136824	200	-18	0.61	0.61	0	
28/04/2011 11:01:28	TASTEGGIO	0	1	5300	43225	136824	247	-26	0.39	0.39	0	
28/04/2011 11:01:45	TASTEGGIO	0	2	5300	43225	136824	282	-36	0.06	0.06	0	
28/04/2011 11:01:56	TASTEGGIO	0	2	5300	43225	92390	282	-36	0.10	0.42	44500	
28/04/2011 11:02:15	TASTEGGIO	1	0	5300	43225	47941	135	-9	0.34	0.34	0	
28/04/2011 11:02:31	TASTEGGIO	0	1	5300	43225	47938	162	-3	0.32	0.32	0	
28/04/2011 11:02:47	TASTEGGIO	0	1	5300	43225	47931	252	-20	0.12	0.12	0	
28/04/2011 11:02:58	TASTEGGIO	0	1	5300	43225	92227	252	-20	0.15	0.15	-44500	
28/04/2011 11:03:16	TASTEGGIO	1	0	5300	43225	136685	87	-10	0.10	0.10	0	
28/04/2011 11:03:26	TASTEGGIO	1	0	5300	43225	92385	87	-10	0.12	0.16	44500	
28/04/2011 11:03:45	TASTEGGIO	1	0	5300	43225	47939	88	-1	0.15	0.15	0	
28/04/2011 11:04:00	TASTEGGIO	0	1	5300	43225	47935	116	0	0.15	0.15	0	
28/04/2011 11:04:14	TASTEGGIO	0	1	5300	43225	47927	161	0	0.15	0.15	0	
28/04/2011 11:04:31	TASTEGGIO	0	1	5300	43225	47923	206	-1	0.15	0.15	0	
28/04/2011 11:04:49	TASTEGGIO	0	1	5300	43225	47918	251	-7	0.09	0.09	0	
28/04/2011 11:04:59	TASTEGGIO	0	1	5300	43225	92225	251	-7	0.13	0.13	0	
28/04/2011 11:05:17	TASTEGGIO	1	0	5300	43225	92220	83	-5	0.09	0.09	0	
28/04/2011 11:05:25	TASTEGGIO	1	0	5300	43225	92225	83	-5	0.08	0.13	44500	
28/04/2011 11:05:43	TASTEGGIO	1	0	5300	43225	47769	83	0	0.11	0.11	0	
28/04/2011 11:05:53	TASTEGGIO	1	0	5300	43225	92227	83	0	0.09	0.12	44500	
28/04/2011 11:06:11	TASTEGGIO	1	0	5300	43225	47761	81	0	0.11	0.11	0	
28/04/2011 11:06:21	TASTEGGIO	1	0	5300	43225	92230	81	0	0.09	0.12	44500	
28/04/2011 11:06:39	TASTEGGIO	1	0	5300	43225	47771	81	-1	0.11	0.11	0	
28/04/2011 11:06:50	TASTEGGIO	1	0	5300	43225	92224	81	-1	0.09	0.12	44500	
28/04/2011 11:07:48	ALARM 17	proc 12 prog 10 step 47	LavoroTerminato
28/04/2011 11:09:02	TASTEGGIO	1	0	5300	43225	92364	81	-1	0.49	0.49	0	
28/04/2011 11:09:20	TASTEGGIO	1	0	5300	43225	92370	148	-8	0.42	0.42	0	
28/04/2011 11:09:37	TASTEGGIO	0	1	5300	43225	92372	183	-13	0.29	0.29	0	
28/04/2011 11:09:55	TASTEGGIO	0	2	5300	43225	92372	211	-18	0.13	0.13	0	
28/04/2011 11:10:03	TASTEGGIO	0	2	5300	43225	92364	211	-18	0.13	0.25	-44500	
28/04/2011 11:10:21	TASTEGGIO	1	0	5300	43225	136821	105	-10	0.17	0.17	0	
28/04/2011 11:10:36	TASTEGGIO	0	1	5300	43225	136821	116	-3	0.15	0.15	0	
28/04/2011 11:10:51	TASTEGGIO	0	2	5300	43225	136822	142	-6	0.09	0.09	0	
28/04/2011 11:11:01	TASTEGGIO	0	2	5300	43225	92386	142	-6	0.05	0.09	-44500	
28/04/2011 11:13:04	TASTEGGIO	0	2	5300	43225	92464	142	-6	0.44	0.51	-24500	
28/04/2011 11:13:24	TASTEGGIO	1	0	5300	43225	116928	151	-13	0.37	0.37	0	
28/04/2011 11:13:42	TASTEGGIO	0	1	5300	43225	116928	177	-15	0.23	0.23	0	
28/04/2011 11:14:00	TASTEGGIO	0	2	5300	43225	116929	197	-17	0.06	0.06	0	
28/04/2011 11:14:09	TASTEGGIO	0	2	5300	43225	92490	197	-17	0.09	0.22	44500	
28/04/2011 11:14:28	TASTEGGIO	1	0	5300	43225	48040	99	-8	0.13	0.13	0	
28/04/2011 11:14:39	TASTEGGIO	1	0	5300	43225	92323	99	-8	0.10	0.19	-44500	
28/04/2011 11:14:57	TASTEGGIO	1	0	5300	43225	136780	94	-9	0.12	0.12	0	
28/04/2011 11:15:07	TASTEGGIO	1	0	5300	43225	92491	94	-9	0.05	0.18	44500	
28/04/2011 11:15:26	TASTEGGIO	1	0	5300	43225	48038	92	-2	0.14	0.14	0	
28/04/2011 11:15:36	TASTEGGIO	1	0	5300	43225	92324	92	-2	0.07	0.15	44500	
28/04/2011 11:15:54	TASTEGGIO	1	0	5300	43225	47868	87	-1	0.13	0.13	0	
28/04/2011 11:16:04	TASTEGGIO	1	0	5300	43225	92329	87	-1	0.07	0.15	44500	
28/04/2011 11:16:22	TASTEGGIO	1	0	5300	43225	47864	87	-1	0.13	0.13	0	
28/04/2011 11:16:33	TASTEGGIO	1	0	5300	43225	92327	87	-1	0.07	0.15	44500	
28/04/2011 11:16:51	TASTEGGIO	1	0	5300	43225	47867	87	0	0.13	0.13	0	
28/04/2011 11:17:01	TASTEGGIO	1	0	5300	43225	92326	87	0	0.07	0.14	44500	
28/04/2011 11:17:19	TASTEGGIO	1	0	5300	43225	47864	85	0	0.12	0.12	0	
28/04/2011 11:17:33	TASTEGGIO	0	1	5300	43225	47857	95	-1	0.12	0.12	0	
28/04/2011 11:17:47	TASTEGGIO	0	1	5300	43225	47853	131	-1	0.12	0.12	0	
28/04/2011 11:18:03	TASTEGGIO	0	1	5300	43225	47850	167	-2	0.09	0.09	0	
28/04/2011 11:18:13	TASTEGGIO	0	1	5300	43225	92329	167	-2	0.09	0.14	-44500	
28/04/2011 11:18:32	TASTEGGIO	1	0	5300	43225	136779	85	-2	0.13	0.13	0	
28/04/2011 11:18:47	TASTEGGIO	0	1	5300	43225	136780	109	-2	0.11	0.11	0	
28/04/2011 11:19:01	TASTEGGIO	0	2	5300	43225	136781	127	-4	0.08	0.08	0	
28/04/2011 11:19:11	TASTEGGIO	0	2	5300	43225	92494	127	-4	0.05	0.14	44500	
28/04/2011 11:19:29	TASTEGGIO	1	0	5300	43225	48036	85	-1	0.11	0.11	0	
28/04/2011 11:19:40	TASTEGGIO	1	0	5300	43225	92330	85	-1	0.05	0.12	44500	
28/04/2011 11:19:57	TASTEGGIO	1	0	5300	43225	47867	81	0	0.12	0.12	0	
28/04/2011 11:20:11	TASTEGGIO	0	1	5300	43225	47858	105	0	0.11	0.11	0	
28/04/2011 11:20:21	TASTEGGIO	0	1	5300	43225	92330	105	0	0.06	0.12	44500	
28/04/2011 11:20:39	TASTEGGIO	1	0	5300	43225	47864	81	0	0.11	0.11	0	
28/04/2011 11:20:49	TASTEGGIO	1	0	5300	43225	92327	81	0	0.05	0.12	44500	
28/04/2011 11:21:07	TASTEGGIO	1	0	5300	43225	47861	81	0	0.11	0.11	0	
28/04/2011 11:21:17	TASTEGGIO	1	0	5300	43225	92330	81	0	0.05	0.12	44500	
28/04/2011 11:21:35	TASTEGGIO	1	0	5300	43225	47872	81	-1	0.11	0.11	0	
28/04/2011 11:21:45	TASTEGGIO	1	0	5300	43225	92330	81	-1	0.06	0.13	44500	
28/04/2011 11:22:03	TASTEGGIO	1	0	5300	43225	47879	83	0	0.10	0.10	0	
28/04/2011 11:22:13	TASTEGGIO	1	0	5300	43225	92327	83	0	0.06	0.12	44500	
28/04/2011 11:22:31	TASTEGGIO	1	0	5300	43225	47866	81	0	0.11	0.11	0	
28/04/2011 11:22:41	TASTEGGIO	1	0	5300	43225	92328	81	0	0.06	0.12	44500	
28/04/2011 11:22:59	TASTEGGIO	1	0	5300	43225	47869	81	-1	0.10	0.10	0	
28/04/2011 11:23:09	TASTEGGIO	1	0	5300	43225	92329	81	-1	0.06	0.13	44500	
28/04/2011 11:23:27	TASTEGGIO	1	0	5300	43225	47875	83	0	0.10	0.10	0	
28/04/2011 11:23:38	TASTEGGIO	1	0	5300	43225	92328	83	0	0.06	0.12	44500	
28/04/2011 11:23:55	TASTEGGIO	1	0	5300	43225	47864	81	0	0.10	0.10	0	
28/04/2011 11:24:06	TASTEGGIO	1	0	5300	43225	92325	81	0	0.06	0.13	44500	
28/04/2011 11:24:24	TASTEGGIO	1	0	5300	43225	47855	83	0	0.11	0.11	0	
28/04/2011 11:24:34	TASTEGGIO	1	0	5300	43225	92324	83	0	0.06	0.12	44500	
28/04/2011 11:26:36	TASTEGGIO	1	0	5300	43225	92358	83	0	1.33	1.48	-24500	
28/04/2011 11:26:58	TASTEGGIO	1	0	5300	43225	116825	326	-39	1.08	1.08	0	
28/04/2011 11:27:18	TASTEGGIO	0	1	5300	43225	116829	400	-72	0.43	0.43	0	
28/04/2011 11:27:32	TASTEGGIO	0	0	5300	43225	116829	137	0	0.43	0.43	0	
28/04/2011 11:27:51	TASTEGGIO	0	1	5300	43225	116829	223	-3	0.41	0.41	0	
28/04/2011 11:28:11	TASTEGGIO	0	1	5300	43225	116829	340	-26	0.16	0.16	0	
28/04/2011 11:28:26	TASTEGGIO	0	0	5300	43225	116830	88	0	0.16	0.16	0	
28/04/2011 11:28:41	TASTEGGIO	0	1	5300	43225	116830	120	0	0.16	0.16	0	
28/04/2011 11:28:58	TASTEGGIO	0	1	5300	43225	116830	168	0	0.16	0.16	0	
28/04/2011 11:29:17	TASTEGGIO	0	1	5300	43225	116830	216	0	0.16	0.16	0	
28/04/2011 11:29:36	TASTEGGIO	0	1	5300	43225	116830	264	0	0.15	0.15	0	
28/04/2011 11:29:56	TASTEGGIO	0	1	5300	43225	116830	306	-3	0.13	0.13	0	
28/04/2011 11:30:06	TASTEGGIO	0	1	5300	43225	92386	306	-3	0.19	0.43	-44500	
28/04/2011 11:30:25	TASTEGGIO	1	0	5300	43225	136850	137	-7	0.35	0.35	0	
28/04/2011 11:30:39	TASTEGGIO	0	1	5300	43225	136850	165	-6	0.30	0.30	0	
28/04/2011 11:30:56	TASTEGGIO	0	2	5300	43225	136851	216	-17	0.15	0.15	0	
28/04/2011 11:31:08	TASTEGGIO	0	0	5300	43225	136851	87	-1	0.13	0.13	0	
28/04/2011 11:31:18	TASTEGGIO	0	0	5300	43225	92388	87	-1	0.12	0.16	-24500	
28/04/2011 11:31:37	TASTEGGIO	1	0	5300	43225	116857	88	-12	0.05	0.05	0	
28/04/2011 11:31:47	TASTEGGIO	1	0	5300	43225	92389	88	-12	0.09	0.20	-44500	
28/04/2011 11:32:05	TASTEGGIO	1	0	5300	43225	136842	96	-1	0.20	0.20	0	
28/04/2011 11:32:19	TASTEGGIO	0	1	5300	43225	136843	136	-1	0.19	0.19	0	
28/04/2011 11:32:36	TASTEGGIO	0	1	5300	43225	136844	190	-2	0.18	0.18	0	
28/04/2011 11:32:52	TASTEGGIO	0	1	5300	43225	136844	241	-14	0.04	0.04	0	
28/04/2011 11:33:02	TASTEGGIO	0	1	5300	43225	92390	241	-14	0.11	0.18	-24500	
28/04/2011 11:33:22	TASTEGGIO	1	0	5300	43225	116859	92	-6	0.11	0.11	0	
28/04/2011 11:33:31	TASTEGGIO	1	0	5300	43225	92389	92	-6	0.07	0.13	44500	
28/04/2011 11:33:50	TASTEGGIO	1	0	5300	43225	47942	83	-4	0.08	0.08	0	
28/04/2011 11:34:00	TASTEGGIO	1	0	5300	43225	92226	83	-4	0.03	0.11	-44500	
28/04/2011 11:34:19	TASTEGGIO	1	0	5300	43225	136679	79	0	0.09	0.09	0	
28/04/2011 11:34:29	TASTEGGIO	1	0	5300	43225	92390	79	0	0.04	0.10	-24500	
28/04/2011 11:36:27	TASTEGGIO	1	0	5300	43225	92361	79	0	0.47	0.48	-24500	
28/04/2011 11:36:48	TASTEGGIO	1	0	5300	43225	116826	146	-15	0.45	0.45	0	
28/04/2011 11:37:06	TASTEGGIO	0	1	5300	43225	116829	230	-37	0.06	0.06	0	
28/04/2011 11:37:16	TASTEGGIO	0	1	5300	43225	92388	230	-37	0.13	0.17	-44500	
28/04/2011 11:37:34	TASTEGGIO	1	0	5300	43225	136850	90	-6	0.12	0.12	0	
28/04/2011 11:37:44	TASTEGGIO	1	0	5300	43225	92387	90	-6	0.10	0.12	24500	
28/04/2011 11:38:00	TASTEGGIO	1	0	5300	43225	67976	81	-4	0.07	0.07	0	
28/04/2011 11:38:10	TASTEGGIO	1	0	5300	43225	92221	81	-4	0.07	0.12	-44500	
28/04/2011 11:38:28	TASTEGGIO	1	0	5300	43225	136666	81	-2	0.10	0.10	0	
28/04/2011 11:38:38	TASTEGGIO	1	0	5300	43225	92390	81	-2	0.07	0.09	-44500	
28/04/2011 11:40:36	TASTEGGIO	1	0	5300	43225	92365	81	-2	0.44	0.53	-24500	
28/04/2011 11:40:57	TASTEGGIO	1	0	5300	43225	116831	155	-10	0.42	0.42	0	
28/04/2011 11:41:14	TASTEGGIO	0	1	5300	43225	116835	188	-11	0.30	0.30	0	
28/04/2011 11:41:32	TASTEGGIO	0	2	5300	43225	116835	218	-18	0.17	0.17	0	
28/04/2011 11:41:50	TASTEGGIO	0	3	5300	43225	116835	234	-27	0.13	0.13	0	
28/04/2011 11:41:59	TASTEGGIO	0	3	5300	43225	92385	234	-27	0.04	0.16	44500	
28/04/2011 11:42:17	TASTEGGIO	1	0	5300	43225	47939	88	-6	0.11	0.11	0	
28/04/2011 11:42:27	TASTEGGIO	1	0	5300	43225	92223	88	-6	0.04	0.16	-44500	
28/04/2011 11:42:46	TASTEGGIO	1	0	5300	43225	136674	88	-7	0.09	0.09	0	
28/04/2011 11:42:56	TASTEGGIO	1	0	5300	43225	92390	88	-7	0.03	0.13	44500	
28/04/2011 11:43:15	TASTEGGIO	1	0	5300	43225	47927	83	-1	0.11	0.11	0	
28/04/2011 11:43:28	TASTEGGIO	0	1	5300	43225	47927	92	-1	0.11	0.11	0	
28/04/2011 11:43:42	TASTEGGIO	0	1	5300	43225	47924	125	-1	0.10	0.10	0	
28/04/2011 11:43:53	TASTEGGIO	0	1	5300	43225	92222	125	-1	0.01	0.12	44500	
28/04/2011 11:44:11	TASTEGGIO	1	0	5300	43225	47760	81	-1	0.11	0.11	0	
28/04/2011 11:44:25	TASTEGGIO	0	1	5300	43225	47755	101	-1	0.10	0.10	0	
28/04/2011 11:44:36	TASTEGGIO	0	1	5300	43225	92223	101	-1	0.02	0.11	-44500	
28/04/2011 11:44:54	TASTEGGIO	1	0	5300	43225	136667	79	-1	0.09	0.09	0	
28/04/2011 11:45:04	TASTEGGIO	1	0	5300	43225	92389	79	-1	0.02	0.11	44500	
28/04/2011 11:45:23	TASTEGGIO	1	0	5300	43225	47936	79	0	0.09	0.09	0	
28/04/2011 11:45:33	TASTEGGIO	1	0	5300	43225	92224	79	0	0.02	0.10	44500	
28/04/2011 11:47:31	TASTEGGIO	1	0	5300	43225	92467	79	0	0.72	0.77	-24500	
28/04/2011 11:47:51	TASTEGGIO	1	0	5300	43225	116930	198	-17	0.59	0.59	0	
28/04/2011 11:48:10	TASTEGGIO	0	1	5300	43225	116931	243	-28	0.35	0.35	0	
28/04/2011 11:48:29	TASTEGGIO	0	2	5300	43225	116931	272	-35	0.01	0.01	0	
28/04/2011 11:48:38	TASTEGGIO	0	2	5300	43225	92489	272	-35	0.12	0.25	44500	
28/04/2011 11:48:56	TASTEGGIO	1	0	5300	43225	48047	105	-7	0.16	0.16	0	
28/04/2011 11:49:11	TASTEGGIO	0	1	5300	43225	48038	115	-1	0.15	0.15	0	
28/04/2011 11:49:26	TASTEGGIO	0	1	5300	43225	48032	157	-2	0.14	0.14	0	
28/04/2011 11:49:36	TASTEGGIO	0	1	5300	43225	92323	157	-2	0.05	0.18	-44500	
28/04/2011 11:49:55	TASTEGGIO	1	0	5300	43225	136769	92	-8	0.10	0.10	0	
28/04/2011 11:50:05	TASTEGGIO	1	0	5300	43225	92496	92	-8	0.10	0.16	44500	
28/04/2011 11:50:24	TASTEGGIO	1	0	5300	43225	48039	88	-1	0.15	0.15	0	
28/04/2011 11:50:38	TASTEGGIO	0	1	5300	43225	48034	116	0	0.14	0.14	0	
28/04/2011 11:50:48	TASTEGGIO	0	1	5300	43225	92325	116	0	0.09	0.16	44500	
28/04/2011 11:51:06	TASTEGGIO	1	0	5300	43225	47855	88	0	0.15	0.15	0	
28/04/2011 11:51:21	TASTEGGIO	0	1	5300	43225	47853	116	0	0.14	0.14	0	
28/04/2011 11:51:32	TASTEGGIO	0	1	5300	43225	92328	116	0	0.09	0.15	44500	
28/04/2011 11:52:49	ALARM 17	proc 12 prog 10 step 47	LavoroTerminato
28/04/2011 12:54:30	TASTEGGIO	0	1	5300	43225	92359	116	0	0.70	0.86	-44500	
28/04/2011 12:54:51	TASTEGGIO	1	0	5300	43225	136821	214	-18	0.68	0.68	0	
28/04/2011 12:55:08	TASTEGGIO	0	1	5300	43225	136821	267	-27	0.44	0.44	0	
28/04/2011 12:55:25	TASTEGGIO	0	2	5300	43225	136822	307	-34	0.12	0.12	0	
28/04/2011 12:55:35	TASTEGGIO	0	2	5300	43225	92385	307	-34	0.19	0.19	0	
28/04/2011 12:55:52	TASTEGGIO	1	0	5300	43225	92390	94	-2	0.17	0.17	0	
28/04/2011 12:56:07	TASTEGGIO	0	1	5300	43225	92390	109	-3	0.13	0.13	0	
28/04/2011 12:56:15	TASTEGGIO	0	1	5300	43225	92385	109	-3	0.13	0.14	44500	
28/04/2011 12:56:32	TASTEGGIO	1	0	5300	43225	47939	85	-5	0.08	0.08	0	
28/04/2011 12:56:42	TASTEGGIO	1	0	5300	43225	92220	85	-5	0.11	0.11	0	
28/04/2011 12:56:59	TASTEGGIO	1	0	5300	43225	92215	79	-4	0.13	0.13	0	
28/04/2011 12:57:15	TASTEGGIO	0	1	5300	43225	92216	109	-1	0.12	0.12	0	
28/04/2011 12:57:33	TASTEGGIO	0	1	5300	43225	92216	142	-9	0.05	0.05	0	
28/04/2011 12:57:41	TASTEGGIO	0	1	5300	43225	92221	142	-9	0.05	0.09	-44500	
28/04/2011 12:59:36	TASTEGGIO	0	1	5300	43225	92365	142	-9	0.28	0.36	44500	
28/04/2011 12:59:55	TASTEGGIO	1	0	5300	43225	47934	124	-8	0.27	0.27	0	
28/04/2011 13:00:11	TASTEGGIO	0	1	5300	43225	47924	144	-2	0.26	0.26	0	
28/04/2011 13:00:27	TASTEGGIO	0	1	5300	43225	47909	219	-12	0.14	0.14	0	
28/04/2011 13:00:37	TASTEGGIO	0	1	5300	43225	92214	219	-12	0.24	0.24	0	
28/04/2011 13:00:55	TASTEGGIO	1	0	5300	43225	92210	103	-5	0.20	0.20	0	
28/04/2011 13:01:11	TASTEGGIO	0	1	5300	43225	92210	119	-3	0.15	0.15	0	
28/04/2011 13:01:28	TASTEGGIO	0	2	5300	43225	92210	134	-5	0.12	0.12	0	
28/04/2011 13:01:36	TASTEGGIO	0	2	5300	43225	92216	134	-5	0.12	0.17	44500	
28/04/2011 13:01:55	TASTEGGIO	1	0	5300	43225	47762	90	-2	0.15	0.15	0	
28/04/2011 13:02:09	TASTEGGIO	0	1	5300	43225	47755	103	-3	0.14	0.14	0	
28/04/2011 13:02:19	TASTEGGIO	0	1	5300	43225	92219	103	-3	0.15	0.17	-44500	
28/04/2011 13:02:38	TASTEGGIO	1	0	5300	43225	136661	90	-8	0.09	0.09	0	
28/04/2011 13:02:48	TASTEGGIO	1	0	5300	43225	92388	90	-8	0.11	0.17	44500	
28/04/2011 13:03:07	TASTEGGIO	1	0	5300	43225	47932	90	0	0.16	0.16	0	
28/04/2011 13:03:22	TASTEGGIO	0	1	5300	43225	47923	120	-1	0.16	0.16	0	
28/04/2011 13:03:38	TASTEGGIO	0	1	5300	43225	47922	168	-2	0.14	0.14	0	
28/04/2011 13:03:48	TASTEGGIO	0	1	5300	43225	92221	168	-2	0.12	0.15	44500	
28/04/2011 13:04:07	TASTEGGIO	1	0	5300	43225	47765	87	-1	0.15	0.15	0	
28/04/2011 13:04:21	TASTEGGIO	0	1	5300	43225	47763	117	0	0.15	0.15	0	
28/04/2011 13:04:36	TASTEGGIO	0	1	5300	43225	47757	162	0	0.15	0.15	0	
28/04/2011 13:04:53	TASTEGGIO	0	1	5300	43225	47758	207	-2	0.13	0.13	0	
28/04/2011 13:05:04	TASTEGGIO	0	1	5300	43225	92221	207	-2	0.13	0.14	44500	
28/04/2011 13:05:22	TASTEGGIO	1	0	5300	43225	47757	85	0	0.13	0.13	0	
28/04/2011 13:05:36	TASTEGGIO	0	1	5300	43225	47756	109	0	0.13	0.13	0	
28/04/2011 13:05:52	TASTEGGIO	0	1	5300	43225	47756	148	0	0.13	0.13	0	
28/04/2011 13:06:08	TASTEGGIO	0	1	5300	43225	47756	187	0	0.13	0.13	0	
28/04/2011 13:06:25	TASTEGGIO	0	1	5300	43225	47754	226	-4	0.09	0.09	0	
28/04/2011 13:06:35	TASTEGGIO	0	1	5300	43225	92223	226	-4	0.15	0.15	0	
28/04/2011 13:06:52	TASTEGGIO	1	0	5300	43225	92218	87	-1	0.14	0.14	0	
28/04/2011 13:07:00	TASTEGGIO	1	0	5300	43225	92223	87	-1	0.14	0.14	-24500	
28/04/2011 13:07:18	TASTEGGIO	1	0	5300	43225	116685	85	-3	0.11	0.11	0	
28/04/2011 13:07:32	TASTEGGIO	0	1	5300	43225	116689	93	-1	0.09	0.09	0	
28/04/2011 13:07:41	TASTEGGIO	0	1	5300	43225	92392	93	-1	0.11	0.12	44500	
28/04/2011 13:08:00	TASTEGGIO	1	0	5300	43225	47937	81	-1	0.12	0.12	0	
28/04/2011 13:08:15	TASTEGGIO	0	1	5300	43225	47933	105	0	0.11	0.11	0	
28/04/2011 13:08:29	TASTEGGIO	0	1	5300	43225	47928	135	0	0.12	0.12	0	
28/04/2011 13:08:45	TASTEGGIO	0	1	5300	43225	47925	174	0	0.12	0.12	0	
28/04/2011 13:09:01	TASTEGGIO	0	1	5300	43225	47926	210	0	0.12	0.12	0	
28/04/2011 13:09:19	TASTEGGIO	0	1	5300	43225	47925	246	-7	0.07	0.07	0	
28/04/2011 13:09:29	TASTEGGIO	0	1	5300	43225	92222	246	-7	0.16	0.16	0	
28/04/2011 13:09:45	TASTEGGIO	1	0	5300	43225	92217	88	-1	0.15	0.15	0	
28/04/2011 13:10:01	TASTEGGIO	0	1	5300	43225	92218	116	-2	0.13	0.13	0	
28/04/2011 13:10:08	TASTEGGIO	0	1	5300	43225	92223	116	-2	0.13	0.13	0	
28/04/2011 13:11:59	TASTEGGIO	0	1	5300	43225	92467	116	-2	0.08	0.13	-44500	
28/04/2011 13:12:17	TASTEGGIO	1	0	5300	43225	136925	83	-2	0.11	0.11	0	
28/04/2011 13:12:32	TASTEGGIO	0	1	5300	43225	136926	92	0	0.12	0.12	0	
28/04/2011 13:12:47	TASTEGGIO	0	1	5300	43225	136926	131	-1	0.11	0.11	0	
28/04/2011 13:12:58	TASTEGGIO	0	1	5300	43225	92493	131	-1	0.08	0.11	-44500	
28/04/2011 13:14:53	TASTEGGIO	0	1	5300	43225	92365	131	-1	0.03	0.12	-44500	
28/04/2011 13:15:11	TASTEGGIO	1	0	5300	43225	136827	81	-2	0.09	0.09	0	
28/04/2011 13:15:21	TASTEGGIO	1	0	5300	43225	92383	81	-2	0.02	0.11	-44500	
28/04/2011 13:15:39	TASTEGGIO	1	0	5300	43225	136836	79	0	0.08	0.08	0	
28/04/2011 13:15:49	TASTEGGIO	1	0	5300	43225	92388	79	0	0.02	0.11	-24500	
28/04/2011 13:16:47	ALARM 17	proc 12 prog 10 step 47	LavoroTerminato
28/04/2011 16:20:21	ALARM 406		
29/04/2011 07:24:31	ALARM 401		
29/04/2011 07:24:32	INIT OK
29/04/2011 07:40:14	TASTEGGIO	0	0	9000	57736	108677	0	0	0.14	0.27	-44500	
29/04/2011 07:40:35	TASTEGGIO	1	0	9000	57736	153131	246	-4	0.25	0.25	0	
29/04/2011 07:40:51	TASTEGGIO	0	1	9000	57736	153136	292	-8	0.21	0.21	0	
29/04/2011 07:41:08	TASTEGGIO	0	2	9000	57736	153139	327	-10	0.13	0.13	0	
29/04/2011 07:41:19	TASTEGGIO	0	2	9000	57736	108791	327	-10	0.07	0.14	-44500	
29/04/2011 07:41:40	TASTEGGIO	1	0	9000	57736	153233	229	-2	0.14	0.14	0	
29/04/2011 07:41:56	TASTEGGIO	0	1	9000	57736	153245	257	-1	0.14	0.14	0	
29/04/2011 07:42:15	TASTEGGIO	0	1	9000	57736	153253	299	-2	0.13	0.13	0	
29/04/2011 07:42:32	TASTEGGIO	0	1	9000	57736	153257	335	-4	0.10	0.10	0	
29/04/2011 07:42:49	TASTEGGIO	0	2	9000	57736	153258	345	-5	0.07	0.07	0	
29/04/2011 07:43:00	TASTEGGIO	0	2	9000	57736	108795	345	-5	0.08	0.14	44500	
29/04/2011 07:43:22	TASTEGGIO	1	0	9000	57736	64329	229	-7	0.14	0.14	0	
29/04/2011 07:43:38	TASTEGGIO	0	1	9000	57736	64329	257	-8	0.14	0.14	0	
29/04/2011 07:43:55	TASTEGGIO	0	1	9000	57736	64329	299	-11	0.12	0.12	0	
29/04/2011 07:44:13	TASTEGGIO	0	2	9000	57736	64329	319	-8	0.10	0.10	0	
29/04/2011 07:44:30	TASTEGGIO	0	3	9000	57736	64329	343	-10	0.07	0.07	0	
29/04/2011 07:44:41	TASTEGGIO	0	3	9000	57736	108667	343	-10	0.04	0.10	-44500	
29/04/2011 07:45:47	ALARM 401		
29/04/2011 07:50:02	ALARM 401		
29/04/2011 07:51:16	TASTEGGIO	0	3	9000	57749	103375	343	-10	0.18	0.26	-44500	
29/04/2011 07:51:38	TASTEGGIO	1	0	9000	57749	147825	245	-1	0.23	0.23	0	
29/04/2011 07:51:54	TASTEGGIO	0	1	9000	57749	147833	265	-2	0.22	0.22	0	
29/04/2011 07:52:13	TASTEGGIO	0	1	9000	57749	147840	328	-10	0.12	0.12	0	
29/04/2011 07:52:24	TASTEGGIO	0	1	9000	57749	103494	328	-10	0.09	0.13	-44500	
29/04/2011 07:52:44	TASTEGGIO	1	0	9000	57749	147918	228	0	0.12	0.12	0	
29/04/2011 07:53:01	TASTEGGIO	0	1	9000	57749	147932	250	0	0.12	0.12	0	
29/04/2011 07:53:19	TASTEGGIO	0	1	9000	57749	147945	286	-1	0.12	0.12	0	
29/04/2011 07:53:36	TASTEGGIO	0	1	9000	57749	147955	322	-4	0.08	0.08	0	
29/04/2011 07:53:47	TASTEGGIO	0	1	9000	57749	103519	322	-4	0.06	0.09	-24500	
29/04/2011 07:54:07	TASTEGGIO	1	0	9000	57749	127965	223	-1	0.09	0.09	0	
29/04/2011 07:54:24	TASTEGGIO	0	1	9000	57749	127985	241	-1	0.08	0.08	0	
29/04/2011 07:54:34	TASTEGGIO	0	1	9000	57749	103515	241	-1	0.05	0.08	-24500	
29/04/2011 07:56:26	TASTEGGIO	0	1	9000	57735	103499	241	-1	0.06	0.10	-24500	
29/04/2011 07:56:46	TASTEGGIO	1	0	9000	57735	127942	224	-2	0.10	0.10	0	
29/04/2011 07:57:03	TASTEGGIO	0	1	9000	57735	127960	244	-1	0.09	0.09	0	
29/04/2011 07:57:21	TASTEGGIO	0	2	9000	57735	127967	260	-2	0.06	0.06	0	
29/04/2011 07:57:31	TASTEGGIO	0	2	9000	57735	103510	260	-2	0.04	0.07	44500	
29/04/2011 07:59:23	TASTEGGIO	0	2	9000	57735	103297	260	-2	0.36	0.36	0	
29/04/2011 07:59:43	TASTEGGIO	1	0	9000	57735	103311	258	-2	0.35	0.35	0	
29/04/2011 08:00:01	TASTEGGIO	0	1	9000	57735	103312	326	-10	0.25	0.25	0	
29/04/2011 08:00:19	TASTEGGIO	0	2	9000	57735	103313	351	-10	0.15	0.15	0	
29/04/2011 08:00:37	TASTEGGIO	0	3	9000	57735	103315	366	-8	0.08	0.08	0	
29/04/2011 08:00:45	TASTEGGIO	0	3	9000	57735	103287	366	-8	0.08	0.16	-44500	
29/04/2011 08:01:06	TASTEGGIO	1	0	9000	57735	147683	232	0	0.14	0.14	0	
29/04/2011 08:01:17	TASTEGGIO	1	0	9000	57735	103297	232	0	0.08	0.15	-44500	
29/04/2011 08:01:37	TASTEGGIO	1	0	9000	57735	147703	231	0	0.14	0.14	0	
29/04/2011 08:01:48	TASTEGGIO	1	0	9000	57735	103302	231	0	0.08	0.14	-24500	
29/04/2011 08:02:08	TASTEGGIO	1	0	9000	57735	127745	229	-1	0.13	0.13	0	
29/04/2011 08:02:25	TASTEGGIO	0	1	9000	57735	127769	253	-1	0.11	0.11	0	
29/04/2011 08:02:42	TASTEGGIO	0	2	9000	57735	127775	271	-2	0.08	0.08	0	
29/04/2011 08:02:52	TASTEGGIO	0	2	9000	57735	103297	271	-2	0.06	0.10	-44500	
29/04/2011 08:03:13	TASTEGGIO	1	0	9000	57735	147702	224	0	0.10	0.10	0	
29/04/2011 08:03:29	TASTEGGIO	0	1	9000	57735	147722	244	-1	0.09	0.09	0	
29/04/2011 08:03:48	TASTEGGIO	0	2	9000	57735	147737	260	-2	0.08	0.08	0	
29/04/2011 08:03:58	TASTEGGIO	0	2	9000	57735	103304	260	-2	0.06	0.10	24500	
29/04/2011 08:04:20	TASTEGGIO	1	0	9000	57735	78836	224	0	0.10	0.10	0	
29/04/2011 08:04:30	TASTEGGIO	1	0	9000	57735	103172	224	0	0.05	0.10	44500	
29/04/2011 08:06:16	TASTEGGIO	1	0	9000	57735	103291	224	0	0.20	0.23	-24500	
29/04/2011 08:06:37	TASTEGGIO	1	0	9000	57735	127729	241	-2	0.22	0.22	0	
29/04/2011 08:06:54	TASTEGGIO	0	1	9000	57735	127746	283	-3	0.19	0.19	0	
29/04/2011 08:07:11	TASTEGGIO	0	2	9000	57735	127757	315	-5	0.13	0.13	0	
29/04/2011 08:07:21	TASTEGGIO	0	2	9000	57735	103298	315	-5	0.13	0.14	-24500	
29/04/2011 08:07:42	TASTEGGIO	1	0	9000	57735	127735	229	0	0.13	0.13	0	
29/04/2011 08:07:58	TASTEGGIO	0	1	9000	57735	127754	253	0	0.13	0.13	0	
29/04/2011 08:08:17	TASTEGGIO	0	1	9000	57735	127764	292	0	0.12	0.12	0	
29/04/2011 08:08:36	TASTEGGIO	0	1	9000	57735	127768	325	-3	0.09	0.09	0	
29/04/2011 08:08:53	TASTEGGIO	0	2	9000	57735	127770	334	-12	0.03	0.03	0	
29/04/2011 08:09:03	TASTEGGIO	0	2	9000	57735	103305	334	-12	0.04	0.05	-44500	
29/04/2011 08:10:07	ALARM 17	proc 12 prog 10 step 47	LavoroTerminato
29/04/2011 08:25:46	TASTEGGIO	0	2	5000	42051	111263	334	-12	0.05	0.09	-44500	
29/04/2011 08:26:07	TASTEGGIO	1	0	5000	42051	155679	223	-52	0.39	0.39	0	
29/04/2011 08:26:21	TASTEGGIO	0	1	5000	42051	155679	53	-3	0.35	0.35	0	
29/04/2011 08:26:36	TASTEGGIO	0	2	5000	42051	155679	115	-7	0.27	0.27	0	
29/04/2011 08:26:52	TASTEGGIO	0	3	5000	42051	155679	151	-10	0.17	0.17	0	
29/04/2011 08:27:10	TASTEGGIO	0	4	5000	42051	155679	172	-9	0.09	0.09	0	
29/04/2011 08:27:26	TASTEGGIO	0	5	5000	42051	155679	182	-16	0.08	0.08	0	
29/04/2011 08:27:43	TASTEGGIO	0	1	5000	42051	155679	174	-24	0.16	0.16	0	
29/04/2011 08:27:59	TASTEGGIO	0	1	5000	42051	155679	142	-9	0.06	0.06	0	
29/04/2011 08:28:10	TASTEGGIO	0	1	5000	42051	111364	142	-9	0.07	0.09	44500	
29/04/2011 08:28:32	TASTEGGIO	1	0	5000	42051	66941	223	-27	0.20	0.20	0	
29/04/2011 08:28:49	TASTEGGIO	0	1	5000	42051	66933	178	-15	0.09	0.09	0	
29/04/2011 08:29:07	TASTEGGIO	0	0	5000	42051	66922	223	-26	0.18	0.18	0	
29/04/2011 08:29:24	TASTEGGIO	0	1	5000	42051	66915	187	-10	0.08	0.08	0	
29/04/2011 08:29:42	TASTEGGIO	0	0	5000	42051	66908	222	-18	0.09	0.09	0	
29/04/2011 08:29:59	TASTEGGIO	0	1	5000	42051	66903	211	-12	0.07	0.07	0	
29/04/2011 08:30:10	TASTEGGIO	0	1	5000	42051	111235	211	-12	0.06	0.07	24500	
29/04/2011 08:32:14	TASTEGGIO	0	1	5000	42051	111272	211	-12	0.10	0.19	44500	
29/04/2011 08:32:37	TASTEGGIO	1	0	5000	42051	66838	236	-28	0.08	0.08	0	
29/04/2011 08:32:48	TASTEGGIO	1	0	5000	42051	111139	236	-28	0.10	0.11	24500	
29/04/2011 08:33:10	TASTEGGIO	1	0	5000	42051	86740	225	-51	0.38	0.38	0	
29/04/2011 08:33:27	TASTEGGIO	0	1	5000	42051	86735	93	-5	0.32	0.32	0	
29/04/2011 08:33:44	TASTEGGIO	0	2	5000	42051	86732	146	-9	0.24	0.24	0	
29/04/2011 08:34:02	TASTEGGIO	0	3	5000	42051	86730	177	-11	0.14	0.14	0	
29/04/2011 08:34:20	TASTEGGIO	0	4	5000	42051	86728	193	-9	0.07	0.07	0	
29/04/2011 08:34:29	TASTEGGIO	0	4	5000	42051	111144	193	-9	0.07	0.09	44500	
29/04/2011 08:34:51	TASTEGGIO	1	0	5000	42051	66716	223	-20	0.10	0.10	0	
29/04/2011 08:35:10	TASTEGGIO	0	1	5000	42051	66704	211	-26	0.17	0.17	0	
29/04/2011 08:35:28	TASTEGGIO	0	1	5000	42051	66697	182	-7	0.11	0.11	0	
29/04/2011 08:35:46	TASTEGGIO	0	2	5000	42051	66689	192	-2	0.10	0.10	0	
29/04/2011 08:36:04	TASTEGGIO	0	1	5000	42051	66683	228	-4	0.07	0.07	0	
29/04/2011 08:36:14	TASTEGGIO	0	1	5000	42051	111136	228	-4	0.06	0.07	44500	
29/04/2011 08:38:15	TASTEGGIO	0	1	5000	42051	111388	228	-4	0.02	0.06	44500	
29/04/2011 08:40:16	TASTEGGIO	0	1	5000	42050	111385	228	-4	0.09	0.13	-44500	
29/04/2011 08:40:39	TASTEGGIO	1	0	5000	42050	155794	228	-51	0.36	0.36	0	
29/04/2011 08:40:56	TASTEGGIO	0	1	5000	42050	155794	128	-13	0.22	0.22	0	
29/04/2011 08:41:12	TASTEGGIO	0	2	5000	42050	155794	147	-8	0.14	0.14	0	
29/04/2011 08:41:30	TASTEGGIO	0	3	5000	42050	155795	162	-7	0.09	0.09	0	
29/04/2011 08:41:47	TASTEGGIO	0	4	5000	42050	155795	173	-19	0.08	0.08	0	
29/04/2011 08:42:04	TASTEGGIO	0	1	5000	42050	155795	165	-15	0.10	0.10	0	
29/04/2011 08:42:21	TASTEGGIO	0	1	5000	42050	155795	152	-7	0.03	0.03	0	
29/04/2011 08:42:32	TASTEGGIO	0	1	5000	42050	111370	152	-7	0.04	0.05	-24500	
29/04/2011 08:44:34	TASTEGGIO	0	1	5000	42050	111392	152	-7	0.09	0.11	-24500	
29/04/2011 08:44:55	TASTEGGIO	1	0	5000	42050	135854	225	-53	0.39	0.39	0	
29/04/2011 08:45:12	TASTEGGIO	0	1	5000	42050	135854	86	-7	0.31	0.31	0	
29/04/2011 08:45:27	TASTEGGIO	0	2	5000	42050	135854	120	-6	0.25	0.25	0	
