10/05/2011 11:50:44	TASTEGGIO	1	0	5200	42839	89477	222	-65	0.53	0.53	0	
10/05/2011 11:50:58	TASTEGGIO	0	1	5200	42839	89475	0	-2	0.49	0.49	0	
10/05/2011 11:51:15	TASTEGGIO	0	1	5200	42839	89474	135	-18	0.32	0.32	0	
10/05/2011 11:51:33	TASTEGGIO	0	2	5200	42839	89474	164	-12	0.21	0.21	0	
10/05/2011 11:51:49	TASTEGGIO	0	3	5200	42839	89473	187	-23	0.03	0.03	0	
10/05/2011 11:52:00	TASTEGGIO	0	3	5200	42839	133873	187	-23	0.01	0.04	44500	
10/05/2011 11:54:29	TASTEGGIO	0	3	5200	42839	133956	187	-23	0.04	0.06	-44500	
10/05/2011 11:56:51	TASTEGGIO	0	3	5200	42839	133956	187	-23	0.07	0.07	0	
10/05/2011 11:59:10	TASTEGGIO	0	3	5200	42839	133954	187	-23	0.07	0.07	44500	
10/05/2011 12:01:31	TASTEGGIO	0	3	5200	42839	133852	187	-23	0.10	0.11	44500	
10/05/2011 12:01:52	TASTEGGIO	1	0	5200	42839	89461	225	-87	0.73	0.73	0	
10/05/2011 12:02:03	TASTEGGIO	0	1	5200	42839	89459	0	-2	0.70	0.70	0	
10/05/2011 12:02:22	TASTEGGIO	0	1	5200	42839	89459	201	-50	0.21	0.21	0	
10/05/2011 12:02:40	TASTEGGIO	0	0	5200	42839	89459	238	-87	0.65	0.65	0	
10/05/2011 12:02:53	TASTEGGIO	0	1	5200	42839	89458	36	-6	0.58	0.58	0	
10/05/2011 12:03:10	TASTEGGIO	0	2	5200	42839	89456	139	-25	0.33	0.33	0	
10/05/2011 12:03:27	TASTEGGIO	0	3	5200	42839	89456	171	-23	0.13	0.13	0	
10/05/2011 12:03:44	TASTEGGIO	0	0	5200	42839	89455	228	-76	0.61	0.61	0	
10/05/2011 12:03:55	TASTEGGIO	0	1	5200	42839	89455	0	-3	0.55	0.55	0	
10/05/2011 12:04:12	TASTEGGIO	0	1	5200	42839	89455	148	-29	0.27	0.27	0	
10/05/2011 12:04:30	TASTEGGIO	0	0	5200	42839	89455	246	-92	0.61	0.61	0	
10/05/2011 12:04:47	TASTEGGIO	0	1	5200	42839	89456	108	-26	0.36	0.36	0	
10/05/2011 12:05:03	TASTEGGIO	0	2	5200	42839	89456	138	-18	0.20	0.20	0	
10/05/2011 12:05:21	TASTEGGIO	0	3	5200	42839	89455	157	-15	0.08	0.08	0	
10/05/2011 12:05:38	TASTEGGIO	0	0	5200	42839	89455	222	-55	0.45	0.45	0	
10/05/2011 12:05:49	TASTEGGIO	0	1	5200	42839	89455	0	-7	0.38	0.38	0	
10/05/2011 12:06:04	TASTEGGIO	0	2	5200	42839	89455	64	-12	0.28	0.28	0	
10/05/2011 12:06:21	TASTEGGIO	0	3	5200	42839	89455	99	-13	0.18	0.18	0	
10/05/2011 12:06:37	TASTEGGIO	0	4	5200	42839	89455	122	-9	0.08	0.08	0	
10/05/2011 12:06:54	TASTEGGIO	0	0	5200	42839	89455	222	-54	0.43	0.43	0	
10/05/2011 12:07:05	TASTEGGIO	0	1	5200	42839	89456	0	-7	0.36	0.36	0	
10/05/2011 12:07:21	TASTEGGIO	0	2	5200	42839	89455	60	-9	0.26	0.26	0	
10/05/2011 12:07:38	TASTEGGIO	0	3	5200	42839	89455	92	-10	0.16	0.16	0	
10/05/2011 12:07:53	TASTEGGIO	0	4	5200	42839	89455	111	-8	0.08	0.08	0	
10/05/2011 12:08:10	TASTEGGIO	0	0	5200	42839	89455	222	-71	0.58	0.58	0	
10/05/2011 12:08:21	TASTEGGIO	0	1	5200	42839	89455	0	-6	0.52	0.52	0	
10/05/2011 12:08:38	TASTEGGIO	0	2	5200	42839	89455	93	-16	0.36	0.36	0	
10/05/2011 12:08:55	TASTEGGIO	0	3	5200	42839	89455	136	-18	0.18	0.18	0	
10/05/2011 12:09:12	TASTEGGIO	0	0	5200	42839	89455	234	-54	0.34	0.34	0	
10/05/2011 12:09:29	TASTEGGIO	0	1	5200	42839	89455	169	-52	0.18	0.18	0	
10/05/2011 12:09:45	TASTEGGIO	0	1	5200	42839	89455	159	-31	0.12	0.12	0	
10/05/2011 12:10:01	TASTEGGIO	0	1	5200	42839	89455	151	-33	0.19	0.19	0	
10/05/2011 12:10:18	TASTEGGIO	0	1	5200	42839	89455	120	-20	0.03	0.03	0	
10/05/2011 12:10:28	TASTEGGIO	0	1	5200	42839	133776	120	-20	0.03	0.06	-24500	
10/05/2011 12:12:52	TASTEGGIO	0	1	5200	42839	133962	120	-20	0.10	0.10	0	
10/05/2011 12:13:11	TASTEGGIO	1	0	5200	42839	133965	224	-118	1.02	1.02	0	
10/05/2011 12:13:22	TASTEGGIO	0	1	5200	42839	133965	0	-2	0.99	0.99	0	
10/05/2011 12:13:42	TASTEGGIO	0	1	5200	42839	133966	288	-135	0.36	0.36	0	
10/05/2011 12:13:59	TASTEGGIO	0	1	5200	42839	133966	274	-151	1.12	1.12	0	
10/05/2011 12:14:11	TASTEGGIO	0	1	5200	42839	133966	0	-2	1.07	1.07	0	
10/05/2011 12:14:30	TASTEGGIO	0	1	5200	42839	133966	306	-135	0.29	0.29	0	
10/05/2011 12:14:47	TASTEGGIO	0	1	5200	42839	133966	298	-189	2.11	2.11	0	
10/05/2011 12:14:58	TASTEGGIO	0	1	5200	42839	133966	0	-9	2.01	2.01	0	
10/05/2011 12:15:19	TASTEGGIO	0	1	5200	42839	133966	400	-182	0.28	0.28	0	
10/05/2011 12:15:35	TASTEGGIO	0	0	5200	42839	133966	247	-54	0.23	0.23	0	
10/05/2011 12:15:52	TASTEGGIO	0	1	5200	42839	133966	228	-126	1.05	1.05	0	
10/05/2011 12:16:03	TASTEGGIO	0	1	5200	42839	133966	0	-3	1.00	1.00	0	
10/05/2011 12:16:22	TASTEGGIO	0	1	5200	42839	133966	285	-94	0.06	0.06	0	
10/05/2011 12:16:30	TASTEGGIO	0	1	5200	42839	133961	285	-94	0.07	0.08	-44500	
10/05/2011 12:16:51	TASTEGGIO	1	0	5200	42839	178392	222	-103	0.91	0.91	0	
10/05/2011 12:17:02	TASTEGGIO	0	1	5200	42839	178392	0	-4	0.86	0.86	0	
10/05/2011 12:17:22	TASTEGGIO	0	1	5200	42839	178392	243	-90	0.18	0.18	0	
10/05/2011 12:17:38	TASTEGGIO	0	1	5200	42839	178392	239	-115	0.93	0.93	0	
10/05/2011 12:17:50	TASTEGGIO	0	1	5200	42839	178392	0	-5	0.88	0.88	0	
10/05/2011 12:18:09	TASTEGGIO	0	1	5200	42839	178392	249	-92	0.14	0.14	0	
10/05/2011 12:18:26	TASTEGGIO	0	1	5200	42839	178392	246	-85	0.66	0.66	0	
10/05/2011 12:18:38	TASTEGGIO	0	1	5200	42839	178392	0	-8	0.57	0.57	0	
10/05/2011 12:18:53	TASTEGGIO	0	2	5200	42839	178392	98	-24	0.33	0.33	0	
10/05/2011 12:19:07	TASTEGGIO	0	3	5200	42839	178392	131	-20	0.14	0.14	0	
10/05/2011 12:19:23	TASTEGGIO	0	0	5200	42839	178392	229	-65	0.48	0.48	0	
10/05/2011 12:19:38	TASTEGGIO	0	1	5200	42839	178392	64	-23	0.23	0.23	0	
10/05/2011 12:19:54	TASTEGGIO	0	0	5200	42839	178392	241	-80	0.53	0.53	0	
10/05/2011 12:20:09	TASTEGGIO	0	1	5200	42839	178392	118	-38	0.16	0.16	0	
10/05/2011 12:20:25	TASTEGGIO	0	0	5200	42839	178392	232	-63	0.45	0.45	0	
10/05/2011 12:20:40	TASTEGGIO	0	1	5200	42839	178392	105	-37	0.07	0.07	0	
10/05/2011 12:20:50	TASTEGGIO	0	1	5200	42839	133971	105	-37	0.04	0.07	-44500	
10/05/2011 12:23:29	TASTEGGIO	0	1	5200	42839	133954	105	-37	0.03	0.06	44500	
10/05/2011 12:25:47	TASTEGGIO	0	1	5200	42839	133848	105	-37	0.02	0.05	44500	
10/05/2011 12:28:10	TASTEGGIO	0	1	5200	42838	133850	105	-37	0.16	0.20	-44500	
10/05/2011 12:28:31	TASTEGGIO	1	0	5200	42838	178268	237	-77	0.54	0.54	0	
10/05/2011 12:28:46	TASTEGGIO	0	1	5200	42838	178268	91	-13	0.41	0.41	0	
10/05/2011 12:29:02	TASTEGGIO	0	2	5200	42838	178268	135	-13	0.28	0.28	0	
10/05/2011 12:29:18	TASTEGGIO	0	3	5200	42838	178268	168	-18	0.11	0.11	0	
10/05/2011 12:29:28	TASTEGGIO	0	3	5200	42838	133865	168	-18	0.13	0.17	24500	
10/05/2011 12:29:48	TASTEGGIO	1	0	5200	42838	109422	233	-69	0.52	0.52	0	
10/05/2011 12:30:03	TASTEGGIO	0	1	5200	42838	109422	73	-9	0.42	0.42	0	
10/05/2011 12:30:20	TASTEGGIO	0	2	5200	42838	109421	140	-15	0.29	0.29	0	
10/05/2011 12:30:36	TASTEGGIO	0	3	5200	42838	109421	174	-19	0.12	0.12	0	
10/05/2011 12:30:45	TASTEGGIO	0	3	5200	42838	133749	174	-19	0.14	0.18	44500	
10/05/2011 12:31:08	TASTEGGIO	1	0	5200	42838	89362	234	-42	0.23	0.23	0	
10/05/2011 12:31:24	TASTEGGIO	0	1	5200	42838	89361	204	-40	0.17	0.17	0	
10/05/2011 12:31:41	TASTEGGIO	0	1	5200	42838	89361	191	-20	0.03	0.03	0	
10/05/2011 12:31:51	TASTEGGIO	0	1	5200	42838	133747	191	-20	0.05	0.10	-44500	
10/05/2011 12:32:11	TASTEGGIO	1	0	5200	42838	178163	224	-65	0.51	0.51	0	
10/05/2011 12:32:24	TASTEGGIO	0	1	5200	42838	178163	0	-5	0.47	0.47	0	
10/05/2011 12:32:39	TASTEGGIO	0	1	5200	42838	178163	129	-16	0.30	0.30	0	
10/05/2011 12:32:55	TASTEGGIO	0	2	5200	42838	178164	156	-10	0.19	0.19	0	
10/05/2011 12:33:11	TASTEGGIO	0	3	5200	42838	178163	176	-14	0.06	0.06	0	
10/05/2011 12:33:21	TASTEGGIO	0	3	5200	42838	133860	176	-14	0.08	0.11	44500	
10/05/2011 12:33:42	TASTEGGIO	1	0	5200	42838	89467	225	-37	0.26	0.26	0	
10/05/2011 12:33:59	TASTEGGIO	0	1	5200	42838	89466	163	-20	0.05	0.05	0	
10/05/2011 12:34:09	TASTEGGIO	0	1	5200	42838	133748	163	-20	0.04	0.07	24500	
10/05/2011 12:36:31	TASTEGGIO	0	1	5200	42838	133960	163	-20	0.12	0.14	44500	
10/05/2011 12:36:53	TASTEGGIO	1	0	5200	42838	89572	229	-74	0.59	0.59	0	
10/05/2011 12:37:05	TASTEGGIO	0	1	5200	42838	89571	0	-1	0.56	0.56	0	
10/05/2011 12:37:23	TASTEGGIO	0	1	5200	42838	89571	159	-26	0.30	0.30	0	
10/05/2011 12:37:40	TASTEGGIO	0	2	5200	42838	89570	181	-23	0.07	0.07	0	
10/05/2011 12:37:50	TASTEGGIO	0	2	5200	42838	133873	181	-23	0.07	0.08	44500	
10/05/2011 12:38:12	TASTEGGIO	1	0	5200	42838	89481	222	-61	0.49	0.49	0	
10/05/2011 12:38:23	TASTEGGIO	0	1	5200	42838	89479	0	-3	0.44	0.44	0	
10/05/2011 12:38:39	TASTEGGIO	0	2	5200	42838	89478	79	-8	0.36	0.36	0	
10/05/2011 12:38:55	TASTEGGIO	0	3	5200	42838	89477	167	-21	0.15	0.15	0	
10/05/2011 12:39:13	TASTEGGIO	0	0	5200	42838	89476	231	-48	0.31	0.31	0	
10/05/2011 12:39:30	TASTEGGIO	0	1	5200	42838	89476	166	-35	0.06	0.06	0	
10/05/2011 12:39:40	TASTEGGIO	0	1	5200	42838	133873	166	-35	0.07	0.07	24500	
10/05/2011 12:42:02	TASTEGGIO	0	1	5200	42838	133956	166	-35	0.10	0.18	44500	
10/05/2011 12:42:24	TASTEGGIO	1	0	5200	42838	89568	234	-50	0.29	0.29	0	
10/05/2011 12:42:41	TASTEGGIO	0	1	5200	42838	89568	187	-29	0.05	0.05	0	
10/05/2011 12:42:51	TASTEGGIO	0	1	5200	42838	133861	187	-29	0.08	0.08	0	
10/05/2011 12:43:09	TASTEGGIO	1	0	5200	42838	133858	222	-83	0.70	0.70	0	
10/05/2011 12:43:22	TASTEGGIO	0	1	5200	42838	133857	0	0	0.66	0.66	0	
10/05/2011 12:43:38	TASTEGGIO	0	1	5200	42838	133857	186	-35	0.31	0.31	0	
10/05/2011 12:43:54	TASTEGGIO	0	0	5200	42838	133857	251	-73	0.38	0.38	0	
10/05/2011 12:44:11	TASTEGGIO	0	1	5200	42838	133857	204	-50	0.10	0.10	0	
10/05/2011 12:44:27	TASTEGGIO	0	1	5200	42838	133857	201	-42	0.30	0.30	0	
10/05/2011 12:44:42	TASTEGGIO	0	1	5200	42838	133857	111	-16	0.12	0.12	0	
10/05/2011 12:44:58	TASTEGGIO	0	0	5200	42838	133857	227	-40	0.23	0.23	0	
10/05/2011 12:45:15	TASTEGGIO	0	1	5200	42838	133857	182	-15	0.35	0.35	0	
10/05/2011 12:45:32	TASTEGGIO	0	1	5200	42838	133857	341	-168	1.29	1.29	0	
10/05/2011 12:45:44	TASTEGGIO	0	1	5200	42838	133857	0	-3	1.25	1.25	0	
10/05/2011 12:46:04	TASTEGGIO	0	1	5200	42838	133857	363	-133	0.15	0.15	0	
10/05/2011 12:46:21	TASTEGGIO	0	1	5200	42838	133857	361	-256	2.37	2.37	0	
10/05/2011 12:46:32	TASTEGGIO	0	1	5200	42838	133857	0	-3	2.31	2.31	0	
10/05/2011 12:46:53	TASTEGGIO	0	1	5200	42838	133857	400	-123	1.13	1.13	0	
10/05/2011 12:47:13	TASTEGGIO	0	0	5200	42838	133857	357	-78	0.39	0.39	0	
10/05/2011 12:47:30	TASTEGGIO	0	0	5200	42838	133857	261	-9	0.30	0.30	0	
10/05/2011 12:47:48	TASTEGGIO	0	1	5200	42838	133857	284	-14	0.18	0.18	0	
10/05/2011 12:48:05	TASTEGGIO	0	2	5200	42838	133857	299	-53	0.30	0.30	0	
10/05/2011 12:48:21	TASTEGGIO	0	1	5200	42838	133857	248	-122	0.90	0.90	0	
10/05/2011 12:48:33	TASTEGGIO	0	1	5200	42838	133857	0	-2	0.88	0.88	0	
10/05/2011 12:48:51	TASTEGGIO	0	1	5200	42838	133857	258	-57	0.31	0.31	0	
10/05/2011 12:49:09	TASTEGGIO	0	0	5200	42838	133857	251	-17	0.16	0.16	0	
10/05/2011 12:49:25	TASTEGGIO	0	1	5200	42838	133857	259	-27	0.09	0.09	0	
10/05/2011 12:49:33	TASTEGGIO	0	1	5200	42838	133860	259	-27	0.09	0.14	44500	
10/05/2011 12:51:25	TASTEGGIO	0	1	5200	42838	133956	259	-27	0.03	0.08	44500	
10/05/2011 12:53:16	TASTEGGIO	0	1	5200	42838	133955	259	-27	0.07	0.08	-24500	
10/05/2011 12:55:07	TASTEGGIO	0	1	5200	42838	133954	259	-27	0.03	0.05	-44500	
10/05/2011 12:57:26	TASTEGGIO	0	1	5200	42838	133951	259	-27	0.02	0.05	-44500	
10/05/2011 12:59:49	TASTEGGIO	0	1	5200	42837	133955	259	-27	0.10	0.10	0	
10/05/2011 13:00:08	TASTEGGIO	1	0	5200	42837	133960	224	-126	1.12	1.12	0	
10/05/2011 13:00:20	TASTEGGIO	0	1	5200	42837	133959	0	-2	1.08	1.08	0	
10/05/2011 13:00:40	TASTEGGIO	0	1	5200	42837	133960	312	-163	0.55	0.55	0	
10/05/2011 13:00:58	TASTEGGIO	0	1	5200	42837	133960	283	-160	1.01	1.01	0	
10/05/2011 13:01:14	TASTEGGIO	0	1	5200	42837	133960	97	-23	0.77	0.77	0	
10/05/2011 13:01:32	TASTEGGIO	0	2	5200	42837	133960	180	-42	0.35	0.35	0	
10/05/2011 13:01:49	TASTEGGIO	0	0	5200	42837	133960	256	-99	0.61	0.61	0	
10/05/2011 13:02:05	TASTEGGIO	0	1	5200	42837	133960	149	-54	0.06	0.06	0	
10/05/2011 13:02:12	TASTEGGIO	0	1	5200	42837	133955	149	-54	0.06	0.06	0	
10/05/2011 13:04:36	TASTEGGIO	0	1	5200	42837	133950	149	-54	0.07	0.08	24500	
10/05/2011 13:06:34	TASTEGGIO	0	1	5200	42837	133953	149	-54	0.04	0.05	-24500	
10/05/2011 13:08:33	TASTEGGIO	0	1	5200	42837	133849	149	-54	0.08	0.12	24500	
10/05/2011 13:08:53	TASTEGGIO	1	0	5200	42837	109416	227	-93	0.75	0.75	0	
10/05/2011 13:09:05	TASTEGGIO	0	1	5200	42837	109415	0	-2	0.72	0.72	0	
10/05/2011 13:09:24	TASTEGGIO	0	1	5200	42837	109414	207	-54	0.22	0.22	0	
10/05/2011 13:09:40	TASTEGGIO	0	0	5200	42837	109414	240	-82	0.56	0.56	0	
10/05/2011 13:09:56	TASTEGGIO	0	1	5200	42837	109414	97	-23	0.36	0.36	0	
10/05/2011 13:10:11	TASTEGGIO	0	2	5200	42837	109413	129	-15	0.24	0.24	0	
10/05/2011 13:10:28	TASTEGGIO	0	3	5200	42837	109413	156	-15	0.12	0.12	0	
10/05/2011 13:10:44	TASTEGGIO	0	0	5200	42837	109413	227	-78	0.62	0.62	0	
10/05/2011 13:10:56	TASTEGGIO	0	1	5200	42837	109413	0	-5	0.57	0.57	0	
10/05/2011 13:11:12	TASTEGGIO	0	1	5200	42837	109413	156	-31	0.27	0.27	0	
10/05/2011 13:11:29	TASTEGGIO	0	0	5200	42837	109413	246	-87	0.57	0.57	0	
10/05/2011 13:11:45	TASTEGGIO	0	1	5200	42837	109413	125	-28	0.29	0.29	0	
10/05/2011 13:12:01	TASTEGGIO	0	2	5200	42837	109413	145	-15	0.13	0.13	0	
10/05/2011 13:12:18	TASTEGGIO	0	0	5200	42837	109413	228	-45	0.29	0.29	0	
10/05/2011 13:12:34	TASTEGGIO	0	1	5200	42837	109413	163	-45	0.15	0.15	0	
10/05/2011 13:12:50	TASTEGGIO	0	1	5200	42837	109413	155	-26	0.11	0.11	0	
10/05/2011 13:13:05	TASTEGGIO	0	1	5200	42837	109413	146	-29	0.15	0.15	0	
10/05/2011 13:13:21	TASTEGGIO	0	1	5200	42837	109413	125	-19	0.05	0.05	0	
10/05/2011 13:13:30	TASTEGGIO	0	1	5200	42837	133744	125	-19	0.07	0.07	0	
10/05/2011 13:14:29	ALARM 17	proc 12 prog 10 step 47	LavoroTerminato
10/05/2011 13:30:43	TASTEGGIO	0	1	5500	44015	123300	125	-19	0.18	0.18	0	
10/05/2011 13:31:03	TASTEGGIO	1	0	5500	44015	123304	234	-64	0.43	0.43	0	
10/05/2011 13:31:20	TASTEGGIO	0	1	5500	44015	123304	131	-11	0.31	0.31	0	
10/05/2011 13:31:38	TASTEGGIO	0	2	5500	44015	123304	162	-9	0.22	0.22	0	
10/05/2011 13:31:56	TASTEGGIO	0	3	5500	44015	123304	189	-15	0.11	0.11	0	
10/05/2011 13:32:03	TASTEGGIO	0	3	5500	44015	123299	189	-15	0.10	0.24	44500	
10/05/2011 13:32:25	TASTEGGIO	1	0	5500	44015	78846	242	-36	0.19	0.19	0	
10/05/2011 13:32:43	TASTEGGIO	0	1	5500	44015	78842	226	-28	0.11	0.11	0	
10/05/2011 13:32:54	TASTEGGIO	0	1	5500	44015	123156	226	-28	0.05	0.11	44500	
10/05/2011 13:33:16	TASTEGGIO	1	0	5500	44015	78711	225	-13	0.06	0.06	0	
10/05/2011 13:33:26	TASTEGGIO	1	0	5500	44015	123149	225	-13	0.12	0.12	0	
10/05/2011 13:33:46	TASTEGGIO	1	0	5500	44015	123146	227	-39	0.29	0.29	0	
10/05/2011 13:34:04	TASTEGGIO	0	1	5500	44015	123146	156	-15	0.14	0.14	0	
10/05/2011 13:34:22	TASTEGGIO	0	0	5500	44015	123146	229	-40	0.26	0.26	0	
10/05/2011 13:34:39	TASTEGGIO	0	1	5500	44015	123147	180	-21	0.05	0.05	0	
10/05/2011 13:34:47	TASTEGGIO	0	1	5500	44015	123150	180	-21	0.05	0.06	24500	
10/05/2011 13:37:21	TASTEGGIO	0	1	5500	44014	123366	180	-21	0.21	0.22	24500	
10/05/2011 13:37:43	TASTEGGIO	1	0	5500	44014	98913	240	-50	0.25	0.25	0	
10/05/2011 13:38:02	TASTEGGIO	0	1	5500	44014	98911	211	-35	0.10	0.10	0	
10/05/2011 13:38:11	TASTEGGIO	0	1	5500	44014	123251	211	-35	0.10	0.10	0	
10/05/2011 13:38:32	TASTEGGIO	1	0	5500	44014	123249	224	-59	0.48	0.48	0	
10/05/2011 13:38:43	TASTEGGIO	0	1	5500	44014	123249	0	-1	0.46	0.46	0	
10/05/2011 13:39:01	TASTEGGIO	0	1	5500	44014	123249	132	-11	0.36	0.36	0	
10/05/2011 13:39:19	TASTEGGIO	0	2	5500	44014	123249	171	-13	0.24	0.24	0	
10/05/2011 13:39:37	TASTEGGIO	0	3	5500	44014	123249	198	-21	0.08	0.08	0	
10/05/2011 13:39:45	TASTEGGIO	0	3	5500	44014	123252	198	-21	0.08	0.13	-24500	
10/05/2011 13:40:06	TASTEGGIO	1	0	5500	44014	147639	228	-70	0.55	0.55	0	
10/05/2011 13:40:17	TASTEGGIO	0	1	5500	44014	147642	0	-2	0.52	0.52	0	
10/05/2011 13:40:36	TASTEGGIO	0	1	5500	44014	147645	147	-15	0.37	0.37	0	
10/05/2011 13:40:54	TASTEGGIO	0	2	5500	44014	147647	184	-19	0.23	0.23	0	
10/05/2011 13:41:13	TASTEGGIO	0	3	5500	44014	147648	208	-35	0.09	0.09	0	
10/05/2011 13:41:30	TASTEGGIO	0	1	5500	44014	147650	204	-49	0.38	0.38	0	
10/05/2011 13:41:45	TASTEGGIO	0	1	5500	44014	147651	43	-2	0.35	0.35	0	
10/05/2011 13:42:02	TASTEGGIO	0	1	5500	44014	147651	139	-9	0.26	0.26	0	
10/05/2011 13:42:21	TASTEGGIO	0	2	5500	44014	147651	166	-6	0.19	0.19	0	
10/05/2011 13:42:38	TASTEGGIO	0	3	5500	44014	147651	190	-10	0.08	0.08	0	
10/05/2011 13:42:48	TASTEGGIO	0	3	5500	44014	123359	190	-10	0.10	0.15	-44500	
10/05/2011 13:43:10	TASTEGGIO	1	0	5500	44014	167790	231	-56	0.39	0.39	0	
10/05/2011 13:43:28	TASTEGGIO	0	1	5500	44014	167791	129	-12	0.27	0.27	0	
10/05/2011 13:43:45	TASTEGGIO	0	2	5500	44014	167792	155	-8	0.18	0.18	0	
10/05/2011 13:44:02	TASTEGGIO	0	3	5500	44014	167792	175	-10	0.08	0.08	0	
10/05/2011 13:44:12	TASTEGGIO	0	3	5500	44014	123373	175	-10	0.06	0.12	-24500	
10/05/2011 13:44:13	ALARM 401		
10/05/2011 13:44:16	ALARM 401		
10/05/2011 13:44:17	ALARM 401		
10/05/2011 13:44:18	ALARM 401		
10/05/2011 13:45:02	TASTEGGIO	0	3	5500	44014	123373	175	-10	0.06	0.13	-24500	
10/05/2011 13:45:23	TASTEGGIO	1	0	5500	44014	147751	217	-30	0.17	0.17	0	
10/05/2011 13:45:41	TASTEGGIO	0	1	5500	44014	147753	194	-28	0.10	0.10	0	
10/05/2011 13:45:59	TASTEGGIO	0	1	5500	44014	147756	188	-21	0.12	0.12	0	
10/05/2011 13:46:16	TASTEGGIO	0	1	5500	44014	147757	173	-18	0.07	0.07	0	
10/05/2011 13:46:26	TASTEGGIO	0	1	5500	44014	123364	173	-18	0.08	0.08	0	
10/05/2011 13:48:46	TASTEGGIO	0	1	5500	44014	123265	173	-18	0.25	0.29	-44500	
10/05/2011 13:49:09	TASTEGGIO	1	0	5500	44014	167699	268	-73	0.42	0.42	0	
10/05/2011 13:49:28	TASTEGGIO	0	1	5500	44014	167700	207	-39	0.12	0.12	0	
10/05/2011 13:49:38	TASTEGGIO	0	1	5500	44014	123271	207	-39	0.08	0.20	-24500	
10/05/2011 13:50:00	TASTEGGIO	1	0	5500	44014	147665	239	-68	0.46	0.46	0	
10/05/2011 13:50:18	TASTEGGIO	0	1	5500	44014	147670	133	-11	0.34	0.34	0	
10/05/2011 13:50:35	TASTEGGIO	0	2	5500	44014	147673	168	-11	0.24	0.24	0	
10/05/2011 13:50:54	TASTEGGIO	0	3	5500	44014	147675	197	-19	0.15	0.15	0	
10/05/2011 13:51:12	TASTEGGIO	0	4	5500	44014	147675	215	-34	0.20	0.20	0	
10/05/2011 13:51:30	TASTEGGIO	0	1	5500	44014	147676	188	-21	0.05	0.05	0	
10/05/2011 13:51:39	TASTEGGIO	0	1	5500	44014	123255	188	-21	0.11	0.11	0	
10/05/2011 13:51:59	TASTEGGIO	1	0	5500	44014	123258	210	-48	0.36	0.36	0	
10/05/2011 13:52:16	TASTEGGIO	0	1	5500	44014	123259	92	-6	0.30	0.30	0	
10/05/2011 13:52:35	TASTEGGIO	0	2	5500	44014	123258	141	-9	0.22	0.22	0	
10/05/2011 13:52:52	TASTEGGIO	0	3	5500	44014	123258	168	-10	0.12	0.12	0	
10/05/2011 13:53:10	TASTEGGIO	0	4	5500	44014	123258	181	-10	0.03	0.03	0	
10/05/2011 13:53:18	TASTEGGIO	0	4	5500	44014	123256	181	-10	0.04	0.09	-24500	
10/05/2011 13:53:39	TASTEGGIO	1	0	5500	44014	147643	204	-9	0.03	0.03	0	
10/05/2011 13:53:48	TASTEGGIO	1	0	5500	44014	123263	204	-9	0.05	0.05	44500	
10/05/2011 13:56:04	TASTEGGIO	1	0	5500	44014	123269	204	-9	0.03	0.25	44500	
10/05/2011 13:56:27	TASTEGGIO	1	0	5500	44014	78822	255	-38	0.15	0.15	0	
10/05/2011 13:56:46	TASTEGGIO	0	1	5500	44014	78816	245	-41	0.27	0.27	0	
10/05/2011 13:57:04	TASTEGGIO	0	1	5500	44014	78810	196	-16	0.13	0.13	0	
10/05/2011 13:57:14	TASTEGGIO	0	1	5500	44014	123151	196	-16	0.11	0.14	44500	
10/05/2011 13:57:37	TASTEGGIO	1	0	5500	44014	78708	220	-9	0.05	0.05	0	
10/05/2011 13:57:47	TASTEGGIO	1	0	5500	44014	123138	220	-9	0.14	0.14	0	
10/05/2011 13:58:08	TASTEGGIO	1	0	5500	44014	123135	220	-52	0.39	0.39	0	
10/05/2011 13:58:25	TASTEGGIO	0	1	5500	44014	123134	111	-8	0.30	0.30	0	
10/05/2011 13:58:42	TASTEGGIO	0	2	5500	44014	123134	143	-7	0.23	0.23	0	
10/05/2011 13:59:00	TASTEGGIO	0	3	5500	44014	123134	173	-11	0.13	0.13	0	
10/05/2011 13:59:18	TASTEGGIO	0	4	5500	44014	123135	187	-11	0.07	0.07	0	
10/05/2011 13:59:25	TASTEGGIO	0	4	5500	44014	123137	187	-11	0.08	0.18	-44500	
10/05/2011 13:59:47	TASTEGGIO	1	0	5500	44014	167573	233	-52	0.35	0.35	0	
10/05/2011 14:00:05	TASTEGGIO	0	1	5500	44014	167573	164	-20	0.15	0.15	0	
10/05/2011 14:00:23	TASTEGGIO	0	0	5500	44014	167573	223	-42	0.25	0.25	0	
10/05/2011 14:00:41	TASTEGGIO	0	1	5500	44014	167573	181	-17	0.11	0.11	0	
10/05/2011 14:00:51	TASTEGGIO	0	1	5500	44014	123268	181	-17	0.12	0.16	-24500	
10/05/2011 14:01:13	TASTEGGIO	1	0	5500	44014	147658	226	-54	0.37	0.37	0	
10/05/2011 14:01:31	TASTEGGIO	0	1	5500	44014	147661	140	-14	0.23	0.23	0	
10/05/2011 14:01:49	TASTEGGIO	0	2	5500	44014	147663	160	-9	0.18	0.18	0	
10/05/2011 14:02:07	TASTEGGIO	0	3	5500	44014	147665	184	-21	0.07	0.07	0	
10/05/2011 14:02:17	TASTEGGIO	0	3	5500	44014	123264	184	-21	0.06	0.13	44500	
10/05/2011 14:02:39	TASTEGGIO	1	0	5500	44014	78817	217	-2	0.11	0.11	0	
10/05/2011 14:02:57	TASTEGGIO	0	1	5500	44014	78810	226	-1	0.10	0.10	0	
10/05/2011 14:03:16	TASTEGGIO	0	1	5500	44014	78804	253	-7	0.04	0.04	0	
10/05/2011 14:03:26	TASTEGGIO	0	1	5500	44014	123143	253	-7	0.10	0.10	-24500	
10/05/2011 14:03:48	TASTEGGIO	1	0	5500	44014	147538	207	-38	0.27	0.27	0	
10/05/2011 14:04:06	TASTEGGIO	0	1	5500	44014	147540	134	-8	0.20	0.20	0	
10/05/2011 14:04:23	TASTEGGIO	0	2	5500	44014	147541	154	-10	0.12	0.12	0	
10/05/2011 14:04:41	TASTEGGIO	0	3	5500	44014	147542	166	-4	0.08	0.08	0	
10/05/2011 14:04:51	TASTEGGIO	0	3	5500	44014	123258	166	-4	0.07	0.14	44500	
10/05/2011 14:05:13	TASTEGGIO	1	0	5500	44014	78814	220	-1	0.13	0.13	0	
10/05/2011 14:05:33	TASTEGGIO	0	1	5500	44014	78806	244	-1	0.12	0.12	0	
10/05/2011 14:05:51	TASTEGGIO	0	1	5500	44014	78800	277	-11	0.03	0.03	0	
10/05/2011 14:06:02	TASTEGGIO	0	1	5500	44014	123141	277	-11	0.03	0.08	-44500	
10/05/2011 14:08:41	TASTEGGIO	0	1	5500	44014	123276	277	-11	0.13	0.20	44500	
10/05/2011 14:09:04	TASTEGGIO	1	0	5500	44014	78827	239	-39	0.19	0.19	0	
10/05/2011 14:09:22	TASTEGGIO	0	1	5500	44014	78821	220	-32	0.18	0.18	0	
10/05/2011 14:09:40	TASTEGGIO	0	1	5500	44014	78819	202	-19	0.05	0.05	0	
10/05/2011 14:09:51	TASTEGGIO	0	1	5500	44014	123153	202	-19	0.06	0.06	0	
10/05/2011 14:12:15	TASTEGGIO	0	1	5500	44013	123367	202	-19	0.17	0.17	0	
10/05/2011 14:12:36	TASTEGGIO	1	0	5500	44013	123370	229	-67	0.47	0.47	0	
10/05/2011 14:12:53	TASTEGGIO	0	1	5500	44013	123370	99	-8	0.38	0.38	0	
10/05/2011 14:13:10	TASTEGGIO	0	2	5500	44013	123370	160	-16	0.23	0.23	0	
10/05/2011 14:13:29	TASTEGGIO	0	3	5500	44013	123370	184	-18	0.06	0.06	0	
10/05/2011 14:13:37	TASTEGGIO	0	3	5500	44013	123366	184	-18	0.07	0.10	-24500	
10/05/2011 14:13:58	TASTEGGIO	1	0	5500	44013	147745	207	-58	0.47	0.47	0	
10/05/2011 14:14:09	TASTEGGIO	0	1	5500	44013	147750	0	-2	0.45	0.45	0	
10/05/2011 14:14:27	TASTEGGIO	0	1	5500	44013	147754	129	-12	0.34	0.34	0	
10/05/2011 14:14:45	TASTEGGIO	0	2	5500	44013	147756	165	-13	0.21	0.21	0	
10/05/2011 14:15:04	TASTEGGIO	0	3	5500	44013	147758	187	-17	0.09	0.09	0	
10/05/2011 14:15:21	TASTEGGIO	0	0	5500	44013	147759	204	-48	0.38	0.38	0	
10/05/2011 14:15:36	TASTEGGIO	0	1	5500	44013	147760	43	-3	0.35	0.35	0	
10/05/2011 14:15:53	TASTEGGIO	0	1	5500	44013	147760	139	-12	0.24	0.24	0	
10/05/2011 14:16:11	TASTEGGIO	0	2	5500	44013	147760	162	-12	0.12	0.12	0	
10/05/2011 14:16:28	TASTEGGIO	0	0	5500	44013	147760	213	-37	0.24	0.24	0	
10/05/2011 14:16:46	TASTEGGIO	0	1	5500	44013	147760	165	-19	0.07	0.07	0	
10/05/2011 14:16:56	TASTEGGIO	0	1	5500	44013	123363	165	-19	0.05	0.09	24500	
10/05/2011 14:17:18	TASTEGGIO	1	0	5500	44013	98912	204	-40	0.32	0.32	0	
10/05/2011 14:17:34	TASTEGGIO	0	1	5500	44013	98906	90	-5	0.27	0.27	0	
10/05/2011 14:17:52	TASTEGGIO	0	2	5500	44013	98902	135	-7	0.20	0.20	0	
10/05/2011 14:18:10	TASTEGGIO	0	3	5500	44013	98900	160	-11	0.13	0.13	0	
10/05/2011 14:18:29	TASTEGGIO	0	4	5500	44013	98900	176	-14	0.06	0.06	0	
10/05/2011 14:18:39	TASTEGGIO	0	4	5500	44013	123249	176	-14	0.08	0.08	44500	
10/05/2011 14:21:11	TASTEGGIO	0	4	5500	44013	123364	176	-14	0.12	0.26	24500	
10/05/2011 14:21:33	TASTEGGIO	1	0	5500	44013	98914	259	-63	0.47	0.47	0	
10/05/2011 14:21:51	TASTEGGIO	0	1	5500	44013	98912	174	-19	0.28	0.28	0	
10/05/2011 14:22:09	TASTEGGIO	0	2	5500	44013	98910	197	-17	0.15	0.15	0	
10/05/2011 14:22:27	TASTEGGIO	0	3	5500	44013	98908	210	-28	0.14	0.14	0	
10/05/2011 14:22:37	TASTEGGIO	0	3	5500	44013	123255	210	-28	0.08	0.23	24500	
10/05/2011 14:23:00	TASTEGGIO	1	0	5500	44013	98804	249	-34	0.18	0.18	0	
10/05/2011 14:23:19	TASTEGGIO	0	1	5500	44013	98802	234	-33	0.15	0.15	0	
10/05/2011 14:23:38	TASTEGGIO	0	1	5500	44013	98798	221	-20	0.07	0.07	0	
10/05/2011 14:23:48	TASTEGGIO	0	1	5500	44013	123243	221	-20	0.10	0.15	-44500	
10/05/2011 14:24:10	TASTEGGIO	1	0	5500	44013	167677	223	-50	0.36	0.36	0	
10/05/2011 14:24:28	TASTEGGIO	0	1	5500	44013	167678	136	-15	0.21	0.21	0	
10/05/2011 14:24:45	TASTEGGIO	0	2	5500	44013	167679	153	-8	0.15	0.15	0	
10/05/2011 14:25:02	TASTEGGIO	0	3	5500	44013	167679	171	-17	0.12	0.12	0	
10/05/2011 14:25:12	TASTEGGIO	0	3	5500	44013	123364	171	-17	0.23	0.23	0	
10/05/2011 14:25:33	TASTEGGIO	1	0	5500	44013	123368	249	-67	0.42	0.42	0	
10/05/2011 14:25:52	TASTEGGIO	0	1	5500	44013	123367	172	-24	0.19	0.19	0	
10/05/2011 14:26:10	TASTEGGIO	0	0	5500	44013	123367	236	-54	0.34	0.34	0	
10/05/2011 14:26:29	TASTEGGIO	0	1	5500	44013	123367	175	-18	0.17	0.17	0	
10/05/2011 14:26:47	TASTEGGIO	0	0	5500	44013	123367	229	-47	0.28	0.28	0	
10/05/2011 14:27:05	TASTEGGIO	0	1	5500	44013	123367	182	-21	0.14	0.14	0	
10/05/2011 14:27:13	TASTEGGIO	0	1	5500	44013	123365	182	-21	0.15	0.15	0	
10/05/2011 14:27:34	TASTEGGIO	1	0	5500	44013	123367	223	-38	0.24	0.24	0	
10/05/2011 14:27:52	TASTEGGIO	0	1	5500	44013	123367	184	-20	0.04	0.04	0	
10/05/2011 14:28:00	TASTEGGIO	0	1	5500	44013	123365	184	-20	0.04	0.13	44500	
10/05/2011 14:28:23	TASTEGGIO	1	0	5500	44013	78923	217	-24	0.12	0.12	0	
10/05/2011 14:28:41	TASTEGGIO	0	1	5500	44013	78916	205	-25	0.17	0.17	0	
10/05/2011 14:28:59	TASTEGGIO	0	1	5500	44013	78911	180	-9	0.08	0.08	0	
10/05/2011 14:29:09	TASTEGGIO	0	1	5500	44013	123244	180	-9	0.06	0.10	24500	
10/05/2011 14:29:31	TASTEGGIO	1	0	5500	44013	98804	207	-5	0.07	0.07	0	
10/05/2011 14:29:41	TASTEGGIO	1	0	5500	44013	123242	207	-5	0.06	0.07	-44500	
10/05/2011 14:32:12	TASTEGGIO	1	0	5500	44013	123367	207	-5	0.03	0.22	44500	
10/05/2011 14:32:34	TASTEGGIO	1	0	5500	44013	78922	246	-38	0.14	0.14	0	
10/05/2011 14:32:44	TASTEGGIO	1	0	5500	44013	123244	246	-38	0.29	0.29	0	
10/05/2011 14:33:06	TASTEGGIO	1	0	5500	44013	123242	268	-81	0.51	0.51	0	
10/05/2011 14:33:24	TASTEGGIO	0	1	5500	44013	123241	178	-23	0.27	0.27	0	
10/05/2011 14:33:42	TASTEGGIO	0	2	5500	44013	123241	198	-19	0.09	0.09	0	
10/05/2011 14:33:50	TASTEGGIO	0	2	5500	44013	123244	198	-19	0.09	0.21	-44500	
10/05/2011 14:34:12	TASTEGGIO	1	0	5500	44013	167679	242	-59	0.39	0.39	0	
10/05/2011 14:34:30	TASTEGGIO	0	1	5500	44013	167680	169	-19	0.21	0.21	0	
10/05/2011 14:34:48	TASTEGGIO	0	2	5500	44013	167681	184	-20	0.09	0.09	0	
10/05/2011 14:34:58	TASTEGGIO	0	2	5500	44013	123364	184	-20	0.07	0.09	-44500	
10/05/2011 14:37:34	TASTEGGIO	0	2	5500	44013	123369	184	-20	0.20	0.28	44500	
10/05/2011 14:37:57	TASTEGGIO	1	0	5500	44013	78922	265	-44	0.17	0.17	0	
10/05/2011 14:38:16	TASTEGGIO	0	1	5500	44013	78920	254	-50	0.33	0.33	0	
10/05/2011 14:38:34	TASTEGGIO	0	1	5500	44013	78915	189	-13	0.21	0.21	0	
10/05/2011 14:38:52	TASTEGGIO	0	2	5500	44013	78913	207	-5	0.16	0.16	0	
10/05/2011 14:39:11	TASTEGGIO	0	3	5500	44013	78913	228	-6	0.11	0.11	0	
10/05/2011 14:39:22	TASTEGGIO	0	3	5500	44013	123253	228	-6	0.10	0.11	44500	
10/05/2011 14:39:44	TASTEGGIO	1	0	5500	44013	78797	210	-9	0.08	0.08	0	
10/05/2011 14:39:54	TASTEGGIO	1	0	5500	44013	123241	210	-9	0.08	0.09	44500	
10/05/2011 14:42:28	TASTEGGIO	1	0	5500	44013	123366	210	-9	0.14	0.26	-44500	
10/05/2011 14:42:50	TASTEGGIO	1	0	5500	44013	167792	259	-64	0.38	0.38	0	
10/05/2011 14:43:08	TASTEGGIO	0	1	5500	44013	167793	203	-37	0.13	0.13	0	
10/05/2011 14:43:18	TASTEGGIO	0	1	5500	44013	123374	203	-37	0.10	0.15	24500	
10/05/2011 14:43:39	TASTEGGIO	1	0	5500	44013	98918	223	-45	0.29	0.29	0	
10/05/2011 14:43:58	TASTEGGIO	0	1	5500	44013	98916	166	-16	0.13	0.13	0	
10/05/2011 14:44:07	TASTEGGIO	0	1	5500	44013	123250	166	-16	0.16	0.21	44500	
10/05/2011 14:44:30	TASTEGGIO	1	0	5500	44013	78802	242	-33	0.12	0.12	0	
10/05/2011 14:44:40	TASTEGGIO	1	0	5500	44013	123245	242	-33	0.08	0.15	24500	
10/05/2011 14:45:03	TASTEGGIO	1	0	5500	44013	98795	223	-14	0.03	0.03	0	
10/05/2011 14:45:13	TASTEGGIO	1	0	5500	44013	123238	223	-14	0.06	0.08	-24500	
10/05/2011 14:47:54	TASTEGGIO	1	0	5500	44013	123365	223	-14	0.02	0.05	44500	
10/05/2011 14:50:32	TASTEGGIO	1	0	5500	44013	123369	223	-14	0.12	0.16	24500	
10/05/2011 14:50:54	TASTEGGIO	1	0	5500	44013	98909	226	-47	0.29	0.29	0	
10/05/2011 14:51:12	TASTEGGIO	0	1	5500	44013	98908	173	-20	0.14	0.14	0	
10/05/2011 14:51:22	TASTEGGIO	0	1	5500	44013	123255	173	-20	0.23	0.23	0	
10/05/2011 14:51:42	TASTEGGIO	1	0	5500	44013	123252	249	-85	0.82	0.82	0	
10/05/2011 14:51:53	TASTEGGIO	0	1	5500	44013	123252	0	4	0.81	0.81	0	
10/05/2011 14:52:13	TASTEGGIO	0	1	5500	44013	123252	240	-38	0.41	0.41	0	
10/05/2011 14:52:32	TASTEGGIO	0	2	5500	44013	123252	269	-49	0.09	0.09	0	
10/05/2011 14:52:39	TASTEGGIO	0	2	5500	44013	123254	269	-49	0.09	0.15	-24500	
10/05/2011 14:53:01	TASTEGGIO	1	0	5500	44013	147646	223	-57	0.40	0.40	0	
10/05/2011 14:53:18	TASTEGGIO	0	1	5500	44013	147649	116	-6	0.30	0.30	0	
10/05/2011 14:53:36	TASTEGGIO	0	2	5500	44013	147653	147	-6	0.21	0.21	0	
10/05/2011 14:53:53	TASTEGGIO	0	3	5500	44013	147655	172	-9	0.11	0.11	0	
10/05/2011 14:54:03	TASTEGGIO	0	3	5500	44013	123356	172	-9	0.13	0.13	0	
10/05/2011 14:54:22	TASTEGGIO	1	0	5500	44013	123359	217	-26	0.20	0.20	0	
10/05/2011 14:54:40	TASTEGGIO	0	1	5500	44013	123360	186	-23	0.05	0.05	0	
10/05/2011 14:54:47	TASTEGGIO	0	1	5500	44013	123358	186	-23	0.06	0.06	0	
10/05/2011 14:57:13	TASTEGGIO	0	1	5500	44013	123267	186	-23	0.22	0.37	44500	
10/05/2011 14:57:36	TASTEGGIO	1	0	5500	44013	78817	294	-52	0.14	0.14	0	
10/05/2011 14:57:46	TASTEGGIO	1	0	5500	44013	123145	294	-52	0.13	0.21	-24500	
10/05/2011 14:58:09	TASTEGGIO	1	0	5500	44013	147529	242	-69	0.47	0.47	0	
10/05/2011 14:58:26	TASTEGGIO	0	1	5500	44013	147533	136	-12	0.32	0.32	0	
10/05/2011 14:58:45	TASTEGGIO	0	2	5500	44013	147536	166	-9	0.21	0.21	0	
10/05/2011 14:59:03	TASTEGGIO	0	3	5500	44013	147538	189	-14	0.08	0.08	0	
10/05/2011 14:59:12	TASTEGGIO	0	3	5500	44013	123267	189	-14	0.09	0.14	-44500	
10/05/2011 14:59:34	TASTEGGIO	1	0	5500	44013	167693	220	-46	0.30	0.30	0	
10/05/2011 14:59:52	TASTEGGIO	0	1	5500	44013	167693	155	-17	0.11	0.11	0	
10/05/2011 15:00:10	TASTEGGIO	0	0	5500	44013	167693	210	-34	0.19	0.19	0	
10/05/2011 15:00:27	TASTEGGIO	0	1	5500	44013	167694	177	-16	0.04	0.04	0	
10/05/2011 15:00:38	TASTEGGIO	0	1	5500	44013	123279	177	-16	0.03	0.05	-44500	
10/05/2011 15:03:14	TASTEGGIO	0	1	5500	44012	123364	177	-16	0.06	0.06	-44500	
10/05/2011 15:05:45	TASTEGGIO	0	1	5500	44012	123365	177	-16	0.15	0.28	44500	
10/05/2011 15:06:08	TASTEGGIO	1	0	5500	44012	78924	265	-46	0.18	0.18	0	
10/05/2011 15:06:27	TASTEGGIO	0	1	5500	44012	78920	253	-41	0.37	0.37	0	
10/05/2011 15:06:44	TASTEGGIO	0	1	5500	44012	78912	176	-12	0.29	0.29	0	
10/05/2011 15:07:02	TASTEGGIO	0	2	5500	44012	78909	208	-17	0.13	0.13	0	
10/05/2011 15:07:13	TASTEGGIO	0	2	5500	44012	123254	208	-17	0.10	0.15	44500	
10/05/2011 15:07:35	TASTEGGIO	1	0	5500	44012	78800	223	-19	0.05	0.05	0	
10/05/2011 15:07:45	TASTEGGIO	1	0	5500	44012	123246	223	-19	0.08	0.17	24500	
10/05/2011 15:08:08	TASTEGGIO	1	0	5500	44012	98796	229	-50	0.38	0.38	0	
10/05/2011 15:08:25	TASTEGGIO	0	1	5500	44012	98795	144	-15	0.46	0.46	0	
10/05/2011 15:08:45	TASTEGGIO	0	1	5500	44012	98794	310	-91	0.51	0.51	0	
10/05/2011 15:09:04	TASTEGGIO	0	1	5500	44012	98794	253	-44	0.20	0.20	0	
10/05/2011 15:09:24	TASTEGGIO	0	0	5500	44012	98792	239	-42	0.27	0.27	0	
10/05/2011 15:09:42	TASTEGGIO	0	1	5500	44012	98792	202	-23	0.30	0.30	0	
10/05/2011 15:10:02	TASTEGGIO	0	1	5500	44012	98793	301	-61	0.29	0.29	0	
10/05/2011 15:10:22	TASTEGGIO	0	1	5500	44012	98793	272	-45	0.15	0.15	0	
10/05/2011 15:10:41	TASTEGGIO	0	1	5500	44012	98793	264	-39	0.22	0.22	0	
10/05/2011 15:11:00	TASTEGGIO	0	1	5500	44012	98793	231	-27	0.06	0.06	0	
10/05/2011 15:11:10	TASTEGGIO	0	1	5500	44012	123244	231	-27	0.02	0.08	24500	
10/05/2011 15:13:47	TASTEGGIO	0	1	5500	44012	123265	231	-27	0.08	0.48	44500	
10/05/2011 15:14:11	TASTEGGIO	1	0	5500	44012	78814	330	-93	0.46	0.46	0	
10/05/2011 15:14:30	TASTEGGIO	0	1	5500	44012	78804	285	-60	0.45	0.45	0	
10/05/2011 15:14:48	TASTEGGIO	0	1	5500	44012	78804	240	-25	0.19	0.19	0	
10/05/2011 15:15:07	TASTEGGIO	0	0	5500	44012	78800	236	-12	0.07	0.07	0	
10/05/2011 15:15:17	TASTEGGIO	0	0	5500	44012	123155	236	-12	0.45	0.45	0	
10/05/2011 15:15:39	TASTEGGIO	1	0	5500	44012	123152	320	-130	0.83	0.83	0	
10/05/2011 15:15:56	TASTEGGIO	0	1	5500	44012	123151	166	-18	0.61	0.61	0	
10/05/2011 15:16:13	TASTEGGIO	0	2	5500	44012	123151	229	-35	0.24	0.24	0	
10/05/2011 15:16:31	TASTEGGIO	0	0	5500	44012	123151	252	-47	0.24	0.24	0	
10/05/2011 15:16:47	TASTEGGIO	0	1	5500	44012	123152	228	-26	0.43	0.43	0	
10/05/2011 15:17:05	TASTEGGIO	0	1	5500	44012	123152	150	-20	0.20	0.20	0	
10/05/2011 15:17:23	TASTEGGIO	0	0	5500	44012	123152	239	-33	0.10	0.10	0	
10/05/2011 15:17:31	TASTEGGIO	0	0	5500	44012	123154	239	-33	0.10	0.31	44500	
10/05/2011 15:17:55	TASTEGGIO	1	0	5500	44012	78709	275	-17	0.14	0.14	0	
10/05/2011 15:18:05	TASTEGGIO	1	0	5500	44012	123148	275	-17	0.06	0.17	44500	
10/05/2011 15:18:28	TASTEGGIO	1	0	5500	44012	78703	229	-1	0.12	0.12	0	
10/05/2011 15:18:38	TASTEGGIO	1	0	5500	44012	123141	229	-1	0.07	0.15	44500	
10/05/2011 15:19:00	TASTEGGIO	1	0	5500	44012	78696	223	0	0.12	0.12	0	
10/05/2011 15:19:10	TASTEGGIO	1	0	5500	44012	123141	223	0	0.07	0.14	44500	
10/05/2011 15:19:33	TASTEGGIO	1	0	5500	44012	78696	220	0	0.12	0.12	0	
10/05/2011 15:19:52	TASTEGGIO	0	1	5500	44012	78688	230	0	0.12	0.12	0	
10/05/2011 15:20:10	TASTEGGIO	0	1	5500	44012	78682	266	-3	0.09	0.09	0	
10/05/2011 15:20:20	TASTEGGIO	0	1	5500	44012	123139	266	-3	0.08	0.13	24500	
10/05/2011 15:20:42	TASTEGGIO	1	0	5500	44012	98693	217	-44	0.31	0.31	0	
10/05/2011 15:21:00	TASTEGGIO	0	1	5500	44012	98684	143	-9	0.23	0.23	0	
10/05/2011 15:21:17	TASTEGGIO	0	2	5500	44012	98678	167	-6	0.18	0.18	0	
10/05/2011 15:21:35	TASTEGGIO	0	3	5500	44012	98678	191	-16	0.06	0.06	0	
10/05/2011 15:21:45	TASTEGGIO	0	3	5500	44012	123142	191	-16	0.12	0.15	-24500	
10/05/2011 15:22:07	TASTEGGIO	1	0	5500	44012	147534	223	-60	0.42	0.42	0	
10/05/2011 15:22:24	TASTEGGIO	0	1	5500	44012	147536	105	-7	0.32	0.32	0	
10/05/2011 15:22:41	TASTEGGIO	0	2	5500	44012	147539	139	-6	0.24	0.24	0	
10/05/2011 15:23:00	TASTEGGIO	0	3	5500	44012	147542	170	-12	0.14	0.14	0	
10/05/2011 15:23:10	TASTEGGIO	0	3	5500	44012	123255	170	-12	0.14	0.17	44500	
10/05/2011 15:23:32	TASTEGGIO	1	0	5500	44012	78806	229	1	0.13	0.13	0	
10/05/2011 15:23:42	TASTEGGIO	1	0	5500	44012	123146	229	1	0.14	0.17	-44500	
10/05/2011 15:24:05	TASTEGGIO	1	0	5500	44012	167577	229	-54	0.33	0.33	0	
10/05/2011 15:24:23	TASTEGGIO	0	1	5500	44012	167578	164	-21	0.11	0.11	0	
10/05/2011 15:24:33	TASTEGGIO	0	1	5500	44012	123266	164	-21	0.08	0.16	44500	
10/05/2011 15:24:56	TASTEGGIO	1	0	5500	44012	78816	226	0	0.12	0.12	0	
10/05/2011 15:25:06	TASTEGGIO	1	0	5500	44012	123150	226	0	0.08	0.12	-24500	
10/05/2011 15:25:27	TASTEGGIO	1	0	5500	44012	147535	213	-20	0.06	0.06	0	
10/05/2011 15:25:36	TASTEGGIO	1	0	5500	44012	123258	213	-20	0.07	0.17	44500	
10/05/2011 15:25:59	TASTEGGIO	1	0	5500	44012	78809	229	0	0.15	0.15	0	
10/05/2011 15:26:17	TASTEGGIO	0	1	5500	44012	78802	242	0	0.14	0.14	0	
10/05/2011 15:26:27	TASTEGGIO	0	1	5500	44012	123144	242	0	0.06	0.16	44500	
10/05/2011 15:26:49	TASTEGGIO	1	0	5500	44012	78698	226	0	0.14	0.14	0	
10/05/2011 15:26:59	TASTEGGIO	1	0	5500	44012	123141	226	0	0.06	0.15	44500	
10/05/2011 15:27:21	TASTEGGIO	1	0	5500	44012	78697	223	1	0.14	0.14	0	
10/05/2011 15:27:31	TASTEGGIO	1	0	5500	44012	123143	223	1	0.07	0.16	44500	
10/05/2011 15:27:53	TASTEGGIO	1	0	5500	44012	78703	226	0	0.14	0.14	0	
10/05/2011 15:28:04	TASTEGGIO	1	0	5500	44012	123137	226	0	0.08	0.16	44500	
10/05/2011 15:29:10	ALARM 314	proc 3 prog 41 step 4	go_abs inv_ax 5 code -5
10/05/2011 16:50:07	ALARM 401		
11/05/2011 07:17:56	ALARM 401		
11/05/2011 07:17:57	INIT OK
11/05/2011 07:18:04	ALARM 401		
11/05/2011 07:18:04	ALARM 401		
11/05/2011 07:18:05	ALARM 401		
11/05/2011 07:18:06	ALARM 401		
11/05/2011 07:18:06	ALARM 401		
11/05/2011 07:23:45	ALARM 401		
11/05/2011 07:23:49	ALARM 401		
11/05/2011 07:23:49	ALARM 401		
11/05/2011 07:23:51	ALARM 401		
11/05/2011 07:23:52	ALARM 401		
11/05/2011 07:23:52	ALARM 401		
11/05/2011 07:23:53	ALARM 401		
11/05/2011 07:23:56	ALARM 401		
11/05/2011 07:23:57	ALARM 401		
11/05/2011 07:23:57	ALARM 401		
11/05/2011 07:23:58	ALARM 401		
11/05/2011 07:24:19	TASTEGGIO	0	0	5500	44029	123282	0	0	0.08	0.17	44500	
11/05/2011 07:24:40	TASTEGGIO	1	0	5500	44029	78839	233	0	0.14	0.14	0	
11/05/2011 07:24:51	TASTEGGIO	1	0	5500	44029	123151	233	0	0.07	0.18	44500	
11/05/2011 07:25:13	TASTEGGIO	1	0	5500	44029	78714	234	0	0.14	0.14	0	
11/05/2011 07:25:23	TASTEGGIO	1	0	5500	44029	123140	234	0	0.07	0.16	44500	
11/05/2011 07:25:45	TASTEGGIO	1	0	5500	44029	78705	232	0	0.14	0.14	0	
11/05/2011 07:25:55	TASTEGGIO	1	0	5500	44029	123141	232	0	0.08	0.16	44500	
11/05/2011 07:26:16	TASTEGGIO	1	0	5500	44029	78700	232	0	0.14	0.14	0	
11/05/2011 07:26:27	TASTEGGIO	1	0	5500	44029	123139	232	0	0.08	0.16	44500	
11/05/2011 07:26:48	TASTEGGIO	1	0	5500	44029	78695	232	0	0.13	0.13	0	
11/05/2011 07:26:59	TASTEGGIO	1	0	5500	44029	123134	232	0	0.07	0.16	44500	
11/05/2011 07:27:20	TASTEGGIO	1	0	5500	44029	78701	232	0	0.13	0.13	0	
11/05/2011 07:27:31	TASTEGGIO	1	0	5500	44029	123139	232	0	0.08	0.16	44500	
11/05/2011 07:27:52	TASTEGGIO	1	0	5500	44029	78699	232	0	0.13	0.13	0	
11/05/2011 07:28:03	TASTEGGIO	1	0	5500	44029	123133	232	0	0.08	0.15	44500	
11/05/2011 07:28:24	TASTEGGIO	1	0	5500	44029	78697	231	0	0.13	0.13	0	
11/05/2011 07:28:35	TASTEGGIO	1	0	5500	44029	123134	231	0	0.08	0.15	44500	
11/05/2011 07:28:56	TASTEGGIO	1	0	5500	44029	78693	231	1	0.13	0.13	0	
11/05/2011 07:29:07	TASTEGGIO	1	0	5500	44029	123136	231	1	0.07	0.15	44500	
11/05/2011 07:29:28	TASTEGGIO	1	0	5500	44029	78700	231	0	0.13	0.13	0	
11/05/2011 07:29:39	TASTEGGIO	1	0	5500	44029	123135	231	0	0.08	0.16	44500	
11/05/2011 07:30:00	TASTEGGIO	1	0	5500	44029	78697	232	0	0.13	0.13	0	
11/05/2011 07:30:11	TASTEGGIO	1	0	5500	44029	123136	232	0	0.08	0.14	44500	
11/05/2011 07:32:13	TASTEGGIO	1	0	5500	44015	123277	232	0	0.20	0.29	44500	
11/05/2011 07:32:36	TASTEGGIO	1	0	5500	44015	78827	249	-32	0.08	0.08	0	
11/05/2011 07:32:46	TASTEGGIO	1	0	5500	44015	123152	249	-32	0.11	0.16	24500	
11/05/2011 07:33:08	TASTEGGIO	1	0	5500	44015	98701	232	-49	0.32	0.32	0	
11/05/2011 07:33:26	TASTEGGIO	0	1	5500	44015	98700	168	-18	0.18	0.18	0	
11/05/2011 07:33:44	TASTEGGIO	0	2	5500	44015	98695	182	-16	0.08	0.08	0	
11/05/2011 07:33:54	TASTEGGIO	0	2	5500	44015	123143	182	-16	0.08	0.24	-44500	
11/05/2011 07:34:17	TASTEGGIO	1	0	5500	44015	167568	242	-59	0.34	0.34	0	
11/05/2011 07:34:35	TASTEGGIO	0	1	5500	44015	167568	193	-36	0.10	0.10	0	
11/05/2011 07:34:45	TASTEGGIO	0	1	5500	44015	123267	193	-36	0.12	0.12	0	
11/05/2011 07:35:05	TASTEGGIO	1	0	5500	44015	123270	227	-64	0.52	0.52	0	
11/05/2011 07:35:16	TASTEGGIO	0	1	5500	44015	123270	1	-1	0.50	0.50	0	
11/05/2011 07:35:35	TASTEGGIO	0	1	5500	44015	123271	145	-14	0.37	0.37	0	
11/05/2011 07:35:53	TASTEGGIO	0	2	5500	44015	123271	183	-16	0.22	0.22	0	
11/05/2011 07:36:11	TASTEGGIO	0	3	5500	44015	123271	205	-21	0.04	0.04	0	
11/05/2011 07:36:18	TASTEGGIO	0	3	5500	44015	123268	205	-21	0.04	0.10	-24500	
11/05/2011 07:36:39	TASTEGGIO	1	0	5500	44015	147647	224	-62	0.50	0.50	0	
11/05/2011 07:36:51	TASTEGGIO	0	1	5500	44015	147651	0	-1	0.48	0.48	0	
11/05/2011 07:37:08	TASTEGGIO	0	1	5500	44015	147654	138	-13	0.35	0.35	0	
11/05/2011 07:37:26	TASTEGGIO	0	2	5500	44015	147656	174	-15	0.21	0.21	0	
11/05/2011 07:37:45	TASTEGGIO	0	3	5500	44015	147658	195	-22	0.09	0.09	0	
11/05/2011 07:38:02	TASTEGGIO	0	1	5500	44015	147659	191	-34	0.25	0.25	0	
11/05/2011 07:38:19	TASTEGGIO	0	1	5500	44015	147659	121	-12	0.16	0.16	0	
11/05/2011 07:38:36	TASTEGGIO	0	2	5500	44015	147659	135	-8	0.09	0.09	0	
11/05/2011 07:38:53	TASTEGGIO	0	3	5500	44015	147659	143	-5	0.05	0.05	0	
11/05/2011 07:39:03	TASTEGGIO	0	3	5500	44015	123273	143	-5	0.08	0.10	44500	
11/05/2011 07:39:25	TASTEGGIO	1	0	5500	44015	78818	224	-11	0.06	0.06	0	
11/05/2011 07:39:36	TASTEGGIO	1	0	5500	44015	123146	224	-11	0.12	0.13	24500	
11/05/2011 07:39:58	TASTEGGIO	1	0	5500	44015	98697	228	-19	0.09	0.09	0	
11/05/2011 07:40:17	TASTEGGIO	0	1	5500	44015	98694	221	-42	0.38	0.38	0	
11/05/2011 07:40:32	TASTEGGIO	0	1	5500	44015	98691	60	-2	0.35	0.35	0	
11/05/2011 07:40:50	TASTEGGIO	0	1	5500	44015	98688	156	-8	0.28	0.28	0	
11/05/2011 07:41:08	TASTEGGIO	0	2	5500	44015	98686	187	-7	0.21	0.21	0	
11/05/2011 07:41:28	TASTEGGIO	0	3	5500	44015	98684	214	-9	0.12	0.12	0	
11/05/2011 07:41:37	TASTEGGIO	0	3	5500	44015	123143	214	-9	0.13	0.13	0	
11/05/2011 07:41:58	TASTEGGIO	1	0	5500	44015	123140	228	-42	0.30	0.30	0	
11/05/2011 07:42:16	TASTEGGIO	0	1	5500	44015	123140	158	-18	0.11	0.11	0	
11/05/2011 07:42:23	TASTEGGIO	0	1	5500	44015	123143	158	-18	0.12	0.15	-24500	
11/05/2011 07:42:45	TASTEGGIO	1	0	5500	44015	147530	231	-30	0.15	0.15	0	
11/05/2011 07:43:03	TASTEGGIO	0	1	5500	44015	147533	216	-43	0.29	0.29	0	
11/05/2011 07:43:21	TASTEGGIO	0	1	5500	44015	147535	159	-18	0.12	0.12	0	
11/05/2011 07:43:31	TASTEGGIO	0	1	5500	44015	123271	159	-18	0.09	0.12	-24500	
11/05/2011 07:44:44	ALARM 17	proc 12 prog 10 step 47	LavoroTerminato
11/05/2011 08:34:21	TASTEGGIO	0	1	7500	51856	89353	159	-18	0.27	0.30	24500	
11/05/2011 08:34:42	TASTEGGIO	1	0	7500	51856	64911	275	-25	0.07	0.07	0	
11/05/2011 08:34:52	TASTEGGIO	1	0	7500	51856	89339	275	-25	0.07	0.14	-44500	
11/05/2011 08:35:13	TASTEGGIO	1	0	7500	51856	133808	235	-23	0.08	0.08	0	
11/05/2011 08:35:24	TASTEGGIO	1	0	7500	51856	89505	235	-23	0.16	0.16	0	
11/05/2011 08:35:43	TASTEGGIO	1	0	7500	51856	89521	240	-27	0.11	0.11	0	
11/05/2011 08:35:51	TASTEGGIO	1	0	7500	51856	89506	240	-27	0.12	0.15	-24500	
11/05/2011 08:36:12	TASTEGGIO	1	0	7500	51856	113960	237	-25	0.09	0.09	0	
11/05/2011 08:36:22	TASTEGGIO	1	0	7500	51856	89524	237	-25	0.14	0.15	44500	
11/05/2011 08:36:44	TASTEGGIO	1	0	7500	51856	45050	237	-7	0.08	0.08	0	
11/05/2011 08:36:54	TASTEGGIO	1	0	7500	51856	89340	237	-7	0.10	0.10	0	
11/05/2011 08:37:13	TASTEGGIO	1	0	7500	51856	89342	225	-10	0.02	0.02	0	
11/05/2011 08:37:21	TASTEGGIO	1	0	7500	51856	89345	225	-10	0.02	0.08	-24500	
11/05/2011 08:39:19	TASTEGGIO	1	0	7500	51856	88998	225	-10	0.35	0.36	24500	
11/05/2011 08:39:41	TASTEGGIO	1	0	7500	51856	64534	290	-18	0.18	0.18	0	
11/05/2011 08:39:57	TASTEGGIO	0	0	7500	51856	64536	245	0	0.18	0.18	0	
11/05/2011 08:40:15	TASTEGGIO	0	1	7500	51856	64538	281	-4	0.13	0.13	0	
11/05/2011 08:40:25	TASTEGGIO	0	1	7500	51856	88840	281	-4	0.16	0.16	0	
11/05/2011 08:40:44	TASTEGGIO	1	0	7500	51856	88841	240	-13	0.05	0.05	0	
11/05/2011 08:40:52	TASTEGGIO	1	0	7500	51856	88846	240	-13	0.05	0.10	44500	
11/05/2011 08:41:13	TASTEGGIO	1	0	7500	51856	44373	225	-2	0.07	0.07	0	
11/05/2011 08:41:23	TASTEGGIO	1	0	7500	51856	88843	225	-2	0.04	0.08	44500	
11/05/2011 08:43:34	TASTEGGIO	1	0	7500	51855	89501	225	-2	0.15	0.20	24500	
11/05/2011 08:43:54	TASTEGGIO	1	0	7500	51855	65028	250	-20	0.03	0.03	0	
11/05/2011 08:44:04	TASTEGGIO	1	0	7500	51855	89339	250	-20	0.03	0.04	24500	
11/05/2011 08:46:14	TASTEGGIO	1	0	7500	51855	89426	250	-20	0.13	0.22	-44500	
11/05/2011 08:46:36	TASTEGGIO	1	0	7500	51855	133872	255	-30	0.08	0.08	0	
11/05/2011 08:46:47	TASTEGGIO	1	0	7500	51855	89429	255	-30	0.15	0.15	44500	
11/05/2011 08:47:08	TASTEGGIO	1	0	7500	51855	44957	237	-8	0.08	0.08	0	
11/05/2011 08:47:19	TASTEGGIO	1	0	7500	51855	89248	237	-8	0.08	0.10	24500	
11/05/2011 08:47:39	TASTEGGIO	1	0	7500	51855	64784	225	-11	0.02	0.02	0	
11/05/2011 08:47:49	TASTEGGIO	1	0	7500	51855	89243	225	-11	0.05	0.12	-44500	
11/05/2011 08:48:11	TASTEGGIO	1	0	7500	51855	133692	230	-20	0.09	0.09	0	
11/05/2011 08:48:21	TASTEGGIO	1	0	7500	51855	89404	230	-20	0.13	0.13	0	
11/05/2011 08:48:41	TASTEGGIO	1	0	7500	51855	89418	232	-21	0.07	0.07	0	
11/05/2011 08:48:49	TASTEGGIO	1	0	7500	51855	89403	232	-21	0.07	0.07	0	
11/05/2011 08:50:35	TASTEGGIO	1	0	7500	51855	89344	232	-21	0.68	0.72	24500	
11/05/2011 08:50:58	TASTEGGIO	1	0	7500	51855	64889	381	-39	0.35	0.35	0	
11/05/2011 08:51:15	TASTEGGIO	0	0	7500	51855	64891	288	-2	0.34	0.34	0	
11/05/2011 08:51:33	TASTEGGIO	0	1	7500	51855	64891	354	-8	0.26	0.26	0	
11/05/2011 08:51:51	TASTEGGIO	0	2	7500	51855	64893	382	-17	0.12	0.12	0	
11/05/2011 08:52:01	TASTEGGIO	0	2	7500	51855	89137	382	-17	0.16	0.25	-24500	
11/05/2011 08:52:22	TASTEGGIO	1	0	7500	51855	113600	263	-23	0.06	0.06	0	
11/05/2011 08:52:32	TASTEGGIO	1	0	7500	51855	89332	263	-23	0.02	0.10	44500	
11/05/2011 08:52:53	TASTEGGIO	1	0	7500	51855	44859	225	-2	0.09	0.09	0	
11/05/2011 08:53:03	TASTEGGIO	1	0	7500	51855	89138	225	-2	0.02	0.09	44500	
11/05/2011 08:54:51	TASTEGGIO	1	0	7500	51855	89350	225	-2	0.26	0.35	-24500	
11/05/2011 08:55:12	TASTEGGIO	1	0	7500	51855	113795	288	-44	0.12	0.12	0	
11/05/2011 08:55:22	TASTEGGIO	1	0	7500	51855	89351	288	-44	0.11	0.11	-24500	
11/05/2011 08:55:43	TASTEGGIO	1	0	7500	51855	113793	227	-27	0.14	0.14	0	
11/05/2011 08:55:59	TASTEGGIO	0	1	7500	51855	113811	209	-13	0.03	0.03	0	
11/05/2011 08:56:09	TASTEGGIO	0	1	7500	51855	89349	209	-13	0.02	0.09	-44500	
11/05/2011 08:57:57	TASTEGGIO	0	1	7500	51855	89418	209	-13	0.17	0.23	24500	
11/05/2011 08:58:17	TASTEGGIO	1	0	7500	51855	64947	257	-21	0.08	0.08	0	
11/05/2011 08:58:27	TASTEGGIO	1	0	7500	51855	89245	257	-21	0.05	0.08	44500	
11/05/2011 09:00:14	TASTEGGIO	1	0	7500	51854	89529	257	-21	0.34	0.34	0	
11/05/2011 09:00:34	TASTEGGIO	1	0	7500	51854	89549	285	-38	0.09	0.09	0	
11/05/2011 09:00:42	TASTEGGIO	1	0	7500	51854	89520	285	-38	0.09	0.13	44500	
11/05/2011 09:01:02	TASTEGGIO	1	0	7500	51854	45045	232	-7	0.07	0.07	0	
11/05/2011 09:01:12	TASTEGGIO	1	0	7500	51854	89342	232	-7	0.09	0.10	-24500	
11/05/2011 09:01:33	TASTEGGIO	1	0	7500	51854	113804	225	-24	0.12	0.12	0	
11/05/2011 09:01:49	TASTEGGIO	0	1	7500	51854	113815	210	-20	0.08	0.08	0	
11/05/2011 09:01:59	TASTEGGIO	0	1	7500	51854	89514	210	-20	0.09	0.12	44500	
11/05/2011 09:02:20	TASTEGGIO	1	0	7500	51854	45040	230	-1	0.10	0.10	0	
11/05/2011 09:02:36	TASTEGGIO	0	1	7500	51854	45040	238	-1	0.09	0.09	0	
11/05/2011 09:02:47	TASTEGGIO	0	1	7500	51854	89339	238	-1	0.07	0.09	44500	
11/05/2011 09:04:34	TASTEGGIO	0	1	7500	51854	89192	238	-1	0.68	0.69	24500	
11/05/2011 09:04:56	TASTEGGIO	1	0	7500	51854	64730	373	-38	0.34	0.34	0	
11/05/2011 09:05:13	TASTEGGIO	0	0	7500	51854	64730	285	-2	0.32	0.32	0	
11/05/2011 09:05:32	TASTEGGIO	0	1	7500	51854	64730	345	-10	0.23	0.23	0	
11/05/2011 09:05:51	TASTEGGIO	0	2	7500	51854	64731	368	-11	0.12	0.12	0	
11/05/2011 09:06:01	TASTEGGIO	0	2	7500	51854	89037	368	-11	0.24	0.38	-44500	
11/05/2011 09:06:23	TASTEGGIO	1	0	7500	51854	133508	295	-22	0.19	0.19	0	
11/05/2011 09:06:40	TASTEGGIO	0	0	7500	51854	133512	247	-2	0.18	0.18	0	
11/05/2011 09:06:58	TASTEGGIO	0	1	7500	51854	133514	281	-4	0.13	0.13	0	
11/05/2011 09:07:08	TASTEGGIO	0	1	7500	51854	89213	281	-4	0.07	0.14	44500	
11/05/2011 09:07:30	TASTEGGIO	1	0	7500	51854	44739	235	-5	0.09	0.09	0	
11/05/2011 09:07:41	TASTEGGIO	1	0	7500	51854	89035	235	-5	0.10	0.15	-24500	
11/05/2011 09:08:02	TASTEGGIO	1	0	7500	51854	113497	237	-11	0.05	0.05	0	
11/05/2011 09:08:12	TASTEGGIO	1	0	7500	51854	89199	237	-11	0.02	0.12	44500	
11/05/2011 09:08:33	TASTEGGIO	1	0	7500	51854	44726	230	-1	0.11	0.11	0	
11/05/2011 09:08:50	TASTEGGIO	0	1	7500	51854	44728	250	-2	0.09	0.09	0	
11/05/2011 09:09:00	TASTEGGIO	0	1	7500	51854	89033	250	-2	0.04	0.10	-44500	
11/05/2011 09:09:22	TASTEGGIO	1	0	7500	51854	133506	225	-1	0.10	0.10	0	
11/05/2011 09:09:38	TASTEGGIO	0	1	7500	51854	133509	245	-4	0.07	0.07	0	
11/05/2011 09:09:49	TASTEGGIO	0	1	7500	51854	89221	245	-4	0.02	0.11	44500	
11/05/2011 09:10:10	TASTEGGIO	1	0	7500	51854	44749	227	-1	0.11	0.11	0	
11/05/2011 09:10:28	TASTEGGIO	0	1	7500	51854	44750	249	-1	0.10	0.10	0	
11/05/2011 09:10:46	TASTEGGIO	0	1	7500	51854	44750	276	-4	0.07	0.07	0	
11/05/2011 09:10:57	TASTEGGIO	0	1	7500	51854	89031	276	-4	0.05	0.09	-44500	
11/05/2011 09:13:06	TASTEGGIO	0	1	7500	51854	89338	276	-4	0.41	0.42	24500	
11/05/2011 09:13:27	TASTEGGIO	1	0	7500	51854	64866	305	-18	0.24	0.24	0	
11/05/2011 09:13:45	TASTEGGIO	0	1	7500	51854	64868	318	-9	0.15	0.15	0	
11/05/2011 09:14:03	TASTEGGIO	0	2	7500	51854	64871	331	-9	0.07	0.07	0	
11/05/2011 09:14:13	TASTEGGIO	0	2	7500	51854	89140	331	-9	0.12	0.16	-24500	
11/05/2011 09:14:34	TASTEGGIO	1	0	7500	51854	113600	240	-15	0.02	0.02	0	
11/05/2011 09:14:44	TASTEGGIO	1	0	7500	51854	89324	240	-15	0.02	0.07	44500	
11/05/2011 09:16:44	TASTEGGIO	1	0	7500	51853	89196	240	-15	0.41	0.42	24500	
11/05/2011 09:17:05	TASTEGGIO	1	0	7500	51853	64725	305	-19	0.23	0.23	0	
11/05/2011 09:17:22	TASTEGGIO	0	1	7500	51853	64728	317	-10	0.14	0.14	0	
11/05/2011 09:17:32	TASTEGGIO	0	1	7500	51853	89038	317	-10	0.19	0.22	-24500	
11/05/2011 09:17:53	TASTEGGIO	1	0	7500	51853	113496	255	-19	0.05	0.05	0	
11/05/2011 09:18:03	TASTEGGIO	1	0	7500	51853	89210	255	-19	0.05	0.11	44500	
11/05/2011 09:18:23	TASTEGGIO	1	0	7500	51853	44736	227	-2	0.08	0.08	0	
11/05/2011 09:18:34	TASTEGGIO	1	0	7500	51853	89037	227	-2	0.03	0.08	44500	
11/05/2011 09:20:22	TASTEGGIO	1	0	7500	51853	89533	227	-2	0.12	0.14	44500	
11/05/2011 09:20:43	TASTEGGIO	1	0	7500	51853	45058	235	-8	0.08	0.08	0	
11/05/2011 09:20:54	TASTEGGIO	1	0	7500	51853	89340	235	-8	0.07	0.10	-44500	
11/05/2011 09:21:15	TASTEGGIO	1	0	7500	51853	133791	225	-20	0.10	0.10	0	
11/05/2011 09:21:31	TASTEGGIO	0	1	7500	51853	133806	215	-18	0.07	0.07	0	
11/05/2011 09:21:42	TASTEGGIO	0	1	7500	51853	89498	215	-18	0.07	0.09	-24500	
11/05/2011 09:23:28	TASTEGGIO	0	1	7500	51853	89425	215	-18	0.13	0.16	-44500	
11/05/2011 09:23:50	TASTEGGIO	1	0	7500	51853	133865	240	-24	0.09	0.09	0	
11/05/2011 09:24:00	TASTEGGIO	1	0	7500	51853	89432	240	-24	0.09	0.12	24500	
11/05/2011 09:24:21	TASTEGGIO	1	0	7500	51853	64957	230	-15	0.04	0.04	0	
11/05/2011 09:24:31	TASTEGGIO	1	0	7500	51853	89250	230	-15	0.07	0.07	0	
11/05/2011 09:26:01	ALARM 3	proc 12 prog 31 step 36	Tondo non presente su rulliera
11/05/2011 09:28:06	TASTEGGIO	1	0	7500	51852	89195	230	-15	0.17	0.17	0	
11/05/2011 09:28:25	TASTEGGIO	1	0	7500	51852	89215	242	-26	0.07	0.07	0	
11/05/2011 09:28:33	TASTEGGIO	1	0	7500	51852	89185	242	-26	0.07	0.08	24500	
11/05/2011 09:30:31	TASTEGGIO	1	0	7500	51852	89190	242	-26	0.55	0.55	0	
11/05/2011 09:30:51	TASTEGGIO	1	0	7500	51852	89207	338	-35	0.22	0.22	0	
11/05/2011 09:31:08	TASTEGGIO	0	0	7500	51852	89209	255	-1	0.22	0.22	0	
11/05/2011 09:31:27	TASTEGGIO	0	1	7500	51852	89209	299	-2	0.19	0.19	0	
11/05/2011 09:31:45	TASTEGGIO	0	2	7500	51852	89209	331	-14	0.06	0.06	0	
11/05/2011 09:31:53	TASTEGGIO	0	2	7500	51852	89182	331	-14	0.07	0.25	44500	
11/05/2011 09:32:13	TASTEGGIO	1	0	7500	51852	44702	263	-7	0.22	0.22	0	
11/05/2011 09:32:30	TASTEGGIO	0	1	7500	51852	44702	282	-4	0.17	0.17	0	
11/05/2011 09:32:48	TASTEGGIO	0	2	7500	51852	44704	300	-5	0.13	0.13	0	
11/05/2011 09:32:59	TASTEGGIO	0	2	7500	51852	89034	300	-5	0.08	0.17	-44500	
11/05/2011 09:33:20	TASTEGGIO	1	0	7500	51852	133485	242	-14	0.06	0.06	0	
11/05/2011 09:33:31	TASTEGGIO	1	0	7500	51852	89199	242	-14	0.01	0.13	44500	
11/05/2011 09:33:52	TASTEGGIO	1	0	7500	51852	44724	232	-1	0.14	0.14	0	
11/05/2011 09:34:08	TASTEGGIO	0	1	7500	51852	44725	262	0	0.14	0.14	0	
11/05/2011 09:34:24	TASTEGGIO	0	1	7500	51852	44725	304	-5	0.09	0.09	0	
11/05/2011 09:34:35	TASTEGGIO	0	1	7500	51852	89034	304	-5	0.05	0.08	44500	
11/05/2011 09:36:23	TASTEGGIO	0	1	7500	51852	89188	304	-5	0.46	0.46	0	
11/05/2011 09:36:43	TASTEGGIO	1	0	7500	51852	89203	315	-30	0.18	0.18	0	
11/05/2011 09:36:59	TASTEGGIO	0	0	7500	51852	89204	245	-1	0.18	0.18	0	
11/05/2011 09:37:17	TASTEGGIO	0	1	7500	51852	89206	281	-3	0.15	0.15	0	
11/05/2011 09:37:36	TASTEGGIO	0	2	7500	51852	89208	305	-9	0.07	0.07	0	
11/05/2011 09:37:44	TASTEGGIO	0	2	7500	51852	89182	305	-9	0.07	0.16	44500	
11/05/2011 09:38:04	TASTEGGIO	1	0	7500	51852	44703	240	-5	0.12	0.12	0	
11/05/2011 09:38:15	TASTEGGIO	1	0	7500	51852	89030	240	-5	0.06	0.15	24500	
11/05/2011 09:38:35	TASTEGGIO	1	0	7500	51852	64570	237	-7	0.08	0.08	0	
11/05/2011 09:38:45	TASTEGGIO	1	0	7500	51852	89036	237	-7	0.03	0.08	-44500	
11/05/2011 09:40:51	TASTEGGIO	1	0	7500	51851	89424	237	-7	0.35	0.35	0	
11/05/2011 09:41:10	TASTEGGIO	1	0	7500	51851	89441	288	-42	0.09	0.09	0	
11/05/2011 09:41:18	TASTEGGIO	1	0	7500	51851	89417	288	-42	0.09	0.10	24500	
11/05/2011 09:41:39	TASTEGGIO	1	0	7500	51851	64941	225	-13	0.02	0.02	0	
11/05/2011 09:41:49	TASTEGGIO	1	0	7500	51851	89240	225	-13	0.03	0.08	-44500	
11/05/2011 09:43:01	ALARM 17	proc 12 prog 10 step 47	LavoroTerminato
11/05/2011 09:43:59	ALARM 314	proc 12 prog 22 step 6	go_abs inv_ax 2 code -5
11/05/2011 09:50:12	TASTEGGIO	1	0	9000	57737	128591	225	-13	0.03	0.07	-44500	
11/05/2011 09:50:33	TASTEGGIO	1	0	9000	57737	173065	220	-10	0.02	0.02	0	
11/05/2011 09:50:44	TASTEGGIO	1	0	9000	57737	128655	220	-10	0.06	0.06	0	
11/05/2011 09:51:05	TASTEGGIO	1	0	9000	57737	128670	219	-4	0.02	0.02	0	
11/05/2011 09:51:13	TASTEGGIO	1	0	9000	57737	128653	219	-4	0.02	0.03	44500	
11/05/2011 09:53:06	TASTEGGIO	1	0	9000	57736	128852	219	-4	0.07	0.10	44500	
11/05/2011 09:53:28	TASTEGGIO	1	0	9000	57736	84432	224	-8	0.03	0.03	0	
11/05/2011 09:53:39	TASTEGGIO	1	0	9000	57736	128779	224	-8	0.03	0.07	-44500	
11/05/2011 09:54:00	TASTEGGIO	1	0	9000	57736	173251	220	-9	0.02	0.02	0	
11/05/2011 09:54:11	TASTEGGIO	1	0	9000	57736	128848	220	-9	0.06	0.08	44500	
11/05/2011 09:54:33	TASTEGGIO	1	0	9000	57736	84426	222	-3	0.05	0.05	0	
11/05/2011 09:54:51	TASTEGGIO	0	1	9000	57736	84425	225	-3	0.03	0.03	0	
11/05/2011 09:55:02	TASTEGGIO	0	1	9000	57736	128774	225	-3	0.02	0.03	44500	
11/05/2011 09:57:00	TASTEGGIO	0	1	9000	57736	128465	225	-3	0.05	0.06	24500	
11/05/2011 09:57:22	TASTEGGIO	1	0	9000	57736	104007	219	-11	0.05	0.05	0	
11/05/2011 09:57:40	TASTEGGIO	0	1	9000	57736	104012	214	-7	0.02	0.02	0	
11/05/2011 09:57:50	TASTEGGIO	0	1	9000	57736	128379	214	-7	0.04	0.09	-44500	
11/05/2011 09:58:13	TASTEGGIO	1	0	9000	57736	172845	223	-12	0.04	0.04	0	
11/05/2011 09:58:30	TASTEGGIO	0	1	9000	57736	172850	221	-19	0.15	0.15	0	
11/05/2011 09:58:47	TASTEGGIO	0	1	9000	57736	172852	164	-2	0.13	0.13	0	
11/05/2011 09:59:04	TASTEGGIO	0	2	9000	57736	172852	186	-1	0.12	0.12	0	
11/05/2011 09:59:21	TASTEGGIO	0	1	9000	57736	172852	230	-5	0.07	0.07	0	
11/05/2011 09:59:38	TASTEGGIO	0	2	9000	57736	172854	235	-4	0.03	0.03	0	
11/05/2011 09:59:49	TASTEGGIO	0	2	9000	57736	128463	235	-4	0.02	0.05	44500	
11/05/2011 10:00:12	TASTEGGIO	1	0	9000	57736	84025	218	-7	0.02	0.02	0	
11/05/2011 10:00:22	TASTEGGIO	1	0	9000	57736	128379	218	-7	0.04	0.07	-44500	
11/05/2011 10:00:45	TASTEGGIO	1	0	9000	57736	172834	220	-2	0.05	0.05	0	
11/05/2011 10:01:02	TASTEGGIO	0	1	9000	57736	172844	223	-1	0.05	0.05	0	
11/05/2011 10:01:19	TASTEGGIO	0	1	9000	57736	172851	238	-2	0.02	0.02	0	
11/05/2011 10:01:30	TASTEGGIO	0	1	9000	57736	128453	238	-2	0.03	0.03	-44500	
11/05/2011 10:02:34	ALARM 17	proc 12 prog 10 step 47	LavoroTerminato
11/05/2011 10:07:58	TASTEGGIO	0	1	8000	53815	122285	238	-2	0.49	0.78	-44500	
11/05/2011 10:08:21	TASTEGGIO	1	0	8000	53815	166708	396	-114	0.37	0.37	0	
11/05/2011 10:08:40	TASTEGGIO	0	1	8000	53815	166717	378	-177	1.38	1.38	0	
11/05/2011 10:08:52	TASTEGGIO	0	1	8000	53815	166728	0	-8	1.29	1.29	0	
11/05/2011 10:09:12	TASTEGGIO	0	1	8000	53815	166737	361	-65	0.67	0.67	0	
11/05/2011 10:09:30	TASTEGGIO	0	2	8000	53815	166746	400	-69	0.07	0.07	0	
11/05/2011 10:09:41	TASTEGGIO	0	2	8000	53815	122290	400	-69	0.27	0.48	44500	
11/05/2011 10:10:04	TASTEGGIO	1	0	8000	53815	77833	321	-52	0.11	0.11	0	
11/05/2011 10:10:14	TASTEGGIO	1	0	8000	53815	122167	321	-52	0.21	0.33	-44500	
11/05/2011 10:10:37	TASTEGGIO	1	0	8000	53815	166571	283	-48	0.35	0.35	0	
11/05/2011 10:10:55	TASTEGGIO	0	1	8000	53815	166587	245	-26	0.22	0.22	0	
11/05/2011 10:11:13	TASTEGGIO	0	2	8000	53815	166599	264	-3	0.18	0.18	0	
11/05/2011 10:11:30	TASTEGGIO	0	3	8000	53815	166609	308	-8	0.11	0.11	0	
11/05/2011 10:11:41	TASTEGGIO	0	3	8000	53815	122280	308	-8	0.21	0.21	0	
11/05/2011 10:12:02	TASTEGGIO	1	0	8000	53815	122295	252	-49	0.29	0.29	0	
11/05/2011 10:12:20	TASTEGGIO	0	1	8000	53815	122301	211	-29	0.09	0.09	0	
11/05/2011 10:12:28	TASTEGGIO	0	1	8000	53815	122285	211	-29	0.09	0.10	24500	
11/05/2011 10:14:39	TASTEGGIO	0	1	8000	53814	122193	211	-29	2.61	2.61	0	
11/05/2011 10:14:45	ALARM 817	proc 12 prog 11 step 54	eccentricity = 2.61 mm
11/05/2011 10:15:11	TASTEGGIO	0	1	8000	53814	122190	211	-29	2.61	2.61	0	
11/05/2011 10:15:18	ALARM 817	proc 12 prog 11 step 54	eccentricity = 2.61 mm
11/05/2011 10:19:53	TASTEGGIO	0	1	8000	53813	122499	211	-29	0.62	0.83	-44500	
11/05/2011 10:20:18	TASTEGGIO	1	0	8000	53813	166923	400	-111	0.32	0.32	0	
11/05/2011 10:20:37	TASTEGGIO	0	1	8000	53813	166932	387	-177	1.43	1.43	0	
11/05/2011 10:20:46	ALARM 218	proc 12 prog 11 step 67	INIT_LIMITS 5
11/05/2011 10:21:06	TASTEGGIO	0	1	8000	53813	122484	0	-8	1.06	1.37	-44500	
11/05/2011 10:21:30	TASTEGGIO	1	0	8000	53813	166910	400	-95	0.55	0.55	0	
11/05/2011 10:21:49	TASTEGGIO	0	0	8000	53813	166919	338	-26	0.30	0.30	0	
11/05/2011 10:22:09	TASTEGGIO	0	1	8000	53813	166927	354	-25	0.11	0.11	0	
11/05/2011 10:22:20	TASTEGGIO	0	1	8000	53813	122479	354	-25	0.06	0.20	44500	
11/05/2011 10:22:23	ALARM 401		
11/05/2011 10:22:26	ALARM 401		
11/05/2011 10:22:27	ALARM 401		
11/05/2011 10:22:29	ALARM 401		
11/05/2011 10:22:29	ALARM 401		
11/05/2011 10:25:00	TASTEGGIO	0	1	8000	53813	122360	150	-12	0.24	0.31	24500	
11/05/2011 10:25:19	TASTEGGIO	1	0	8000	53813	97890	127	-3	0.27	0.27	0	
11/05/2011 10:25:35	TASTEGGIO	0	1	8000	53813	97889	150	-3	0.24	0.24	0	
11/05/2011 10:25:53	TASTEGGIO	0	2	8000	53813	97890	192	-11	0.14	0.14	0	
11/05/2011 10:26:02	TASTEGGIO	0	2	8000	53813	122353	192	-11	0.12	0.18	44500	
11/05/2011 10:26:21	TASTEGGIO	1	0	8000	53813	77897	105	-1	0.17	0.17	0	
11/05/2011 10:26:36	TASTEGGIO	0	1	8000	53813	77892	137	0	0.17	0.17	0	
11/05/2011 10:26:54	TASTEGGIO	0	1	8000	53813	77892	188	-6	0.11	0.11	0	
11/05/2011 10:27:05	TASTEGGIO	0	1	8000	53813	122350	188	-6	0.15	0.20	-24500	
11/05/2011 10:27:25	TASTEGGIO	1	0	8000	53813	146777	108	-1	0.19	0.19	0	
11/05/2011 10:27:41	TASTEGGIO	0	1	8000	53813	146788	144	-2	0.16	0.16	0	
11/05/2011 10:27:59	TASTEGGIO	0	2	8000	53813	146799	170	-5	0.12	0.12	0	
11/05/2011 10:28:09	TASTEGGIO	0	2	8000	53813	122471	170	-5	0.09	0.15	44500	
11/05/2011 10:28:29	TASTEGGIO	1	0	8000	53813	78020	100	-1	0.14	0.14	0	
11/05/2011 10:28:39	TASTEGGIO	1	0	8000	53813	122360	100	-1	0.09	0.15	44500	
11/05/2011 10:28:57	TASTEGGIO	1	0	8000	53813	77895	100	-1	0.14	0.14	0	
11/05/2011 10:29:08	TASTEGGIO	1	0	8000	53813	122352	100	-1	0.09	0.15	44500	
11/05/2011 10:29:27	TASTEGGIO	1	0	8000	53813	77894	100	0	0.14	0.14	0	
11/05/2011 10:29:37	TASTEGGIO	1	0	8000	53813	122349	100	0	0.10	0.15	44500	
11/05/2011 10:29:56	TASTEGGIO	1	0	8000	53813	77895	100	0	0.14	0.14	0	
11/05/2011 10:30:07	TASTEGGIO	1	0	8000	53813	122349	100	0	0.10	0.15	44500	
11/05/2011 10:30:22	ALARM 401		
11/05/2011 10:30:44	TASTEGGIO	1	0	8000	53813	122344	100	0	0.10	0.15	44500	
11/05/2011 10:31:04	TASTEGGIO	1	0	8000	53813	77893	100	-1	0.14	0.14	0	
11/05/2011 10:31:15	TASTEGGIO	1	0	8000	53813	122345	100	-1	0.10	0.14	44500	
11/05/2011 10:31:34	TASTEGGIO	1	0	8000	53813	77892	98	0	0.14	0.14	0	
11/05/2011 10:31:48	TASTEGGIO	0	1	8000	53813	77887	126	0	0.14	0.14	0	
11/05/2011 10:32:06	TASTEGGIO	0	1	8000	53813	77885	168	0	0.13	0.13	0	
11/05/2011 10:32:23	TASTEGGIO	0	1	8000	53813	77883	204	-5	0.09	0.09	0	
11/05/2011 10:32:40	TASTEGGIO	0	2	8000	53813	77880	212	-5	0.06	0.06	0	
11/05/2011 10:32:51	TASTEGGIO	0	2	8000	53813	122355	212	-5	0.14	0.19	-24500	
11/05/2011 10:33:10	TASTEGGIO	1	0	8000	53813	146780	106	-1	0.18	0.18	0	
11/05/2011 10:33:14	ALARM 401		
11/05/2011 10:33:42	TASTEGGIO	0	1	8000	53813	122460	140	-1	0.13	0.18	-24500	
11/05/2011 10:34:01	TASTEGGIO	1	0	8000	53813	146882	107	0	0.18	0.18	0	
11/05/2011 10:34:18	TASTEGGIO	0	1	8000	53813	146896	143	0	0.18	0.18	0	
11/05/2011 10:34:37	TASTEGGIO	0	1	8000	53813	146908	197	-9	0.09	0.09	0	
11/05/2011 10:34:47	TASTEGGIO	0	1	8000	53813	122463	197	-9	0.06	0.12	44500	
11/05/2011 10:36:52	TASTEGGIO	0	1	8000	53813	122489	197	-9	0.23	0.25	-44500	
11/05/2011 10:37:12	TASTEGGIO	1	0	8000	53813	166908	120	-4	0.23	0.23	0	
11/05/2011 10:37:28	TASTEGGIO	0	1	8000	53813	166918	162	-7	0.17	0.17	0	
11/05/2011 10:37:44	TASTEGGIO	0	2	8000	53813	166926	179	-8	0.11	0.11	0	
11/05/2011 10:37:55	TASTEGGIO	0	2	8000	53813	122482	179	-8	0.10	0.19	44500	
11/05/2011 10:38:15	TASTEGGIO	1	0	8000	53813	78027	109	-2	0.16	0.16	0	
11/05/2011 10:38:29	TASTEGGIO	0	1	8000	53813	78026	122	-1	0.16	0.16	0	
11/05/2011 10:38:47	TASTEGGIO	0	1	8000	53813	78025	170	-4	0.12	0.12	0	
11/05/2011 10:38:58	TASTEGGIO	0	1	8000	53813	122359	170	-4	0.14	0.14	0	
11/05/2011 10:39:16	TASTEGGIO	1	0	8000	53813	122354	100	-2	0.12	0.12	0	
11/05/2011 10:39:24	TASTEGGIO	1	0	8000	53813	122358	100	-2	0.12	0.14	44500	
11/05/2011 10:39:43	TASTEGGIO	1	0	8000	53813	77900	100	0	0.13	0.13	0	
11/05/2011 10:39:57	TASTEGGIO	0	1	8000	53813	77898	124	0	0.13	0.13	0	
11/05/2011 10:40:15	TASTEGGIO	0	1	8000	53813	77897	163	-1	0.12	0.12	0	
11/05/2011 10:40:25	TASTEGGIO	0	1	8000	53813	122355	163	-1	0.13	0.13	44500	
11/05/2011 10:40:44	TASTEGGIO	1	0	8000	53813	77893	98	0	0.13	0.13	0	
11/05/2011 10:41:01	TASTEGGIO	0	1	8000	53813	77889	124	0	0.12	0.12	0	
11/05/2011 10:41:11	TASTEGGIO	0	1	8000	53813	122350	124	0	0.13	0.13	44500	
11/05/2011 10:41:31	TASTEGGIO	1	0	8000	53813	77887	98	0	0.12	0.12	0	
11/05/2011 10:41:41	TASTEGGIO	1	0	8000	53813	122352	98	0	0.13	0.13	0	
11/05/2011 10:42:00	TASTEGGIO	1	0	8000	53813	122346	98	0	0.13	0.13	0	
11/05/2011 10:42:18	TASTEGGIO	0	1	8000	53813	122346	124	-2	0.10	0.10	0	
11/05/2011 10:42:26	TASTEGGIO	0	1	8000	53813	122352	124	-2	0.10	0.15	44500	
11/05/2011 10:42:45	TASTEGGIO	1	0	8000	53813	77891	102	-1	0.14	0.14	0	
11/05/2011 10:42:56	TASTEGGIO	1	0	8000	53813	122355	102	-1	0.10	0.16	44500	
11/05/2011 10:43:15	TASTEGGIO	1	0	8000	53813	77890	103	0	0.15	0.15	0	
11/05/2011 10:43:30	TASTEGGIO	0	1	8000	53813	77890	131	0	0.15	0.15	0	
11/05/2011 10:43:48	TASTEGGIO	0	1	8000	53813	77889	176	-2	0.13	0.13	0	
11/05/2011 10:43:59	TASTEGGIO	0	1	8000	53813	122349	176	-2	0.11	0.15	44500	
11/05/2011 10:44:18	TASTEGGIO	1	0	8000	53813	77887	102	0	0.14	0.14	0	
11/05/2011 10:44:28	TASTEGGIO	1	0	8000	53813	122350	102	0	0.11	0.14	44500	
11/05/2011 10:44:47	TASTEGGIO	1	0	8000	53813	77898	100	0	0.13	0.13	0	
11/05/2011 10:44:58	TASTEGGIO	1	0	8000	53813	122349	100	0	0.11	0.13	44500	
11/05/2011 10:47:02	TASTEGGIO	1	0	8000	53813	122582	100	0	1.78	1.80	-24500	
11/05/2011 10:47:25	TASTEGGIO	1	0	8000	53813	147006	399	-54	1.29	1.29	0	
11/05/2011 10:47:44	TASTEGGIO	0	1	8000	53813	147022	400	-34	0.95	0.95	0	
11/05/2011 10:48:04	TASTEGGIO	0	2	8000	53813	147032	400	-23	0.73	0.73	0	
11/05/2011 10:48:24	TASTEGGIO	0	3	8000	53813	147042	400	-23	0.51	0.51	0	
11/05/2011 10:48:44	TASTEGGIO	0	4	8000	53813	147048	400	-20	0.34	0.34	0	
11/05/2011 10:49:04	TASTEGGIO	0	5	8000	53813	147049	400	-24	0.15	0.15	0	
11/05/2011 10:49:20	TASTEGGIO	0	0	8000	53813	147049	102	0	0.16	0.16	0	
11/05/2011 10:49:38	TASTEGGIO	0	1	8000	53813	147049	136	0	0.16	0.16	0	
11/05/2011 10:49:55	TASTEGGIO	0	1	8000	53813	147049	184	0	0.16	0.16	0	
11/05/2011 10:50:14	TASTEGGIO	0	1	8000	53813	147049	232	-4	0.13	0.13	0	
11/05/2011 10:50:24	TASTEGGIO	0	1	8000	53813	122575	232	-4	0.34	0.63	44500	
11/05/2011 10:50:44	TASTEGGIO	1	0	8000	53813	78125	188	-3	0.59	0.59	0	
11/05/2011 10:51:02	TASTEGGIO	0	1	8000	53813	78123	298	-31	0.29	0.29	0	
11/05/2011 10:51:16	TASTEGGIO	0	0	8000	53813	78120	127	0	0.29	0.29	0	
11/05/2011 10:51:33	TASTEGGIO	0	1	8000	53813	78117	185	-1	0.29	0.29	0	
11/05/2011 10:51:52	TASTEGGIO	0	1	8000	53813	78114	272	-5	0.24	0.24	0	
11/05/2011 10:52:10	TASTEGGIO	0	2	8000	53813	78112	311	-22	0.06	0.06	0	
11/05/2011 10:52:21	TASTEGGIO	0	2	8000	53813	122464	311	-22	0.12	0.22	-24500	
11/05/2011 10:52:42	TASTEGGIO	1	0	8000	53813	146879	114	-20	0.07	0.07	0	
11/05/2011 10:52:52	TASTEGGIO	1	0	8000	53813	122569	114	-20	0.07	0.23	-44500	
11/05/2011 10:53:12	TASTEGGIO	1	0	8000	53813	166996	116	-3	0.19	0.19	0	
11/05/2011 10:53:27	TASTEGGIO	0	1	8000	53813	167004	131	-2	0.17	0.17	0	
11/05/2011 10:53:44	TASTEGGIO	0	2	8000	53813	167013	161	-3	0.14	0.14	0	
11/05/2011 10:53:55	TASTEGGIO	0	2	8000	53813	122575	161	-3	0.03	0.15	-44500	
11/05/2011 10:55:54	TASTEGGIO	0	2	8000	53813	122489	161	-3	1.39	1.51	-44500	
11/05/2011 10:56:18	TASTEGGIO	1	0	8000	53813	166915	346	-42	1.08	1.08	0	
11/05/2011 10:56:37	TASTEGGIO	0	1	8000	53813	166922	400	-53	0.58	0.58	0	
11/05/2011 10:56:56	TASTEGGIO	0	2	8000	53813	166930	400	-54	0.21	0.21	0	
11/05/2011 10:57:11	TASTEGGIO	0	0	8000	53813	166935	112	-1	0.20	0.20	0	
11/05/2011 10:57:27	TASTEGGIO	0	1	8000	53813	166939	150	-2	0.19	0.19	0	
11/05/2011 10:57:44	TASTEGGIO	0	1	8000	53813	166942	204	-5	0.15	0.15	0	
11/05/2011 10:58:00	TASTEGGIO	0	2	8000	53813	166943	220	-4	0.12	0.12	0	
11/05/2011 10:58:11	TASTEGGIO	0	2	8000	53813	122488	220	-4	0.46	0.79	44500	
11/05/2011 10:58:33	TASTEGGIO	1	0	8000	53813	78039	217	-8	0.71	0.71	0	
11/05/2011 10:58:51	TASTEGGIO	0	1	8000	53813	78036	280	-18	0.53	0.53	0	
11/05/2011 10:59:09	TASTEGGIO	0	2	8000	53813	78036	335	-40	0.14	0.14	0	
11/05/2011 10:59:20	TASTEGGIO	0	2	8000	53813	122371	335	-40	0.09	0.27	-44500	
11/05/2011 10:59:41	TASTEGGIO	1	0	8000	53813	166802	123	-10	0.20	0.20	0	
11/05/2011 10:59:57	TASTEGGIO	0	1	8000	53813	166813	137	-5	0.16	0.16	0	
11/05/2011 11:00:12	TASTEGGIO	0	2	8000	53813	166819	155	-2	0.14	0.14	0	
11/05/2011 11:00:23	TASTEGGIO	0	2	8000	53813	122473	155	-2	0.09	0.23	44500	
11/05/2011 11:00:43	TASTEGGIO	1	0	8000	53813	78015	116	-1	0.23	0.23	0	
11/05/2011 11:00:59	TASTEGGIO	0	1	8000	53813	78015	162	0	0.23	0.23	0	
11/05/2011 11:01:17	TASTEGGIO	0	1	8000	53813	78012	231	-1	0.22	0.22	0	
11/05/2011 11:01:36	TASTEGGIO	0	1	8000	53813	78010	294	-3	0.20	0.20	0	
11/05/2011 11:01:54	TASTEGGIO	0	1	8000	53813	78010	348	-29	0.11	0.11	0	
11/05/2011 11:02:05	TASTEGGIO	0	1	8000	53813	122355	348	-29	0.17	0.29	-44500	
11/05/2011 11:02:26	TASTEGGIO	1	0	8000	53813	166786	127	-1	0.28	0.28	0	
11/05/2011 11:02:44	TASTEGGIO	0	1	8000	53813	166796	181	-10	0.20	0.20	0	
11/05/2011 11:03:01	TASTEGGIO	0	2	8000	53813	166801	201	-7	0.14	0.14	0	
11/05/2011 11:03:11	TASTEGGIO	0	2	8000	53813	122471	201	-7	0.05	0.14	-44500	
11/05/2011 11:05:08	TASTEGGIO	0	2	8000	53813	122408	201	-7	0.82	0.94	-24500	
11/05/2011 11:05:30	TASTEGGIO	1	0	8000	53813	146805	244	-14	0.80	0.80	0	
11/05/2011 11:05:48	TASTEGGIO	0	1	8000	53813	146824	312	-42	0.40	0.40	0	
11/05/2011 11:06:05	TASTEGGIO	0	0	8000	53813	146837	147	0	0.39	0.39	0	
11/05/2011 11:06:22	TASTEGGIO	0	1	8000	53813	146847	223	-4	0.36	0.36	0	
11/05/2011 11:06:42	TASTEGGIO	0	1	8000	53813	146859	322	-31	0.16	0.16	0	
11/05/2011 11:06:57	TASTEGGIO	0	0	8000	53813	146864	103	-2	0.14	0.14	0	
11/05/2011 11:07:07	TASTEGGIO	0	0	8000	53813	122401	103	-2	0.07	0.22	44500	
11/05/2011 11:07:26	TASTEGGIO	1	0	8000	53813	77941	114	-2	0.19	0.19	0	
11/05/2011 11:07:41	TASTEGGIO	0	1	8000	53813	77937	130	-1	0.19	0.19	0	
11/05/2011 11:07:59	TASTEGGIO	0	1	8000	53813	77935	187	-8	0.14	0.14	0	
11/05/2011 11:08:10	TASTEGGIO	0	1	8000	53813	122274	187	-8	0.09	0.14	44500	
11/05/2011 11:09:59	TASTEGGIO	0	1	8000	53812	122485	187	-8	2.48	2.51	44500	
11/05/2011 11:10:07	ALARM 817	proc 12 prog 11 step 54	eccentricity = 2.51 mm
11/05/2011 11:46:09	TASTEGGIO	0	1	8000	53813	122493	187	-8	0.23	0.45	44500	
11/05/2011 11:46:29	TASTEGGIO	1	0	8000	53813	78040	156	-1	0.43	0.43	0	
11/05/2011 11:46:46	TASTEGGIO	0	1	8000	53813	78037	238	-5	0.38	0.38	0	
11/05/2011 11:47:06	TASTEGGIO	0	2	8000	53813	78034	305	-22	0.17	0.17	0	
11/05/2011 11:47:20	TASTEGGIO	0	0	8000	53813	78030	105	0	0.17	0.17	0	
11/05/2011 11:47:35	TASTEGGIO	0	1	8000	53813	78027	139	0	0.18	0.18	0	
11/05/2011 11:47:52	TASTEGGIO	0	1	8000	53813	78024	196	-1	0.17	0.17	0	
11/05/2011 11:48:11	TASTEGGIO	0	1	8000	53813	78023	244	-2	0.17	0.17	0	
11/05/2011 11:48:30	TASTEGGIO	0	1	8000	53813	78023	295	-7	0.11	0.11	0	
11/05/2011 11:48:41	TASTEGGIO	0	1	8000	53813	122348	295	-7	0.04	0.13	24500	
11/05/2011 11:50:30	TASTEGGIO	0	1	8000	53812	122196	295	-7	0.40	0.50	-44500	
11/05/2011 11:50:51	TASTEGGIO	1	0	8000	53812	166612	165	-1	0.49	0.49	0	
11/05/2011 11:51:08	TASTEGGIO	0	1	8000	53812	166624	261	-9	0.41	0.41	0	
11/05/2011 11:51:27	TASTEGGIO	0	2	8000	53812	166635	329	-32	0.10	0.10	0	
11/05/2011 11:51:37	TASTEGGIO	0	2	8000	53812	122199	329	-32	0.14	0.15	44500	
11/05/2011 11:52:35	ALARM 17	proc 12 prog 10 step 47	LavoroTerminato
11/05/2011 13:03:42	TASTEGGIO	0	2	8000	53813	117586	329	-32	0.72	0.78	24500	
11/05/2011 13:04:02	TASTEGGIO	1	0	8000	53813	93121	215	-5	0.73	0.73	0	
11/05/2011 13:04:20	TASTEGGIO	0	1	8000	53813	93123	351	-50	0.22	0.22	0	
11/05/2011 13:04:34	TASTEGGIO	0	0	8000	53813	93119	114	0	0.22	0.22	0	
11/05/2011 13:04:50	TASTEGGIO	0	1	8000	53813	93118	158	0	0.22	0.22	0	
11/05/2011 13:05:09	TASTEGGIO	0	1	8000	53813	93118	224	-1	0.21	0.21	0	
11/05/2011 13:05:28	TASTEGGIO	0	1	8000	53813	93119	284	-2	0.20	0.20	0	
11/05/2011 13:05:47	TASTEGGIO	0	1	8000	53813	93121	341	-28	0.07	0.07	0	
11/05/2011 13:05:57	TASTEGGIO	0	1	8000	53813	117465	341	-28	0.05	0.08	24500	
11/05/2011 13:08:02	TASTEGGIO	0	1	8000	53812	117880	341	-28	1.04	1.15	44500	
11/05/2011 13:08:23	TASTEGGIO	1	0	8000	53812	73436	282	-5	1.09	1.09	0	
11/05/2011 13:08:42	TASTEGGIO	0	1	8000	53812	73436	400	-43	0.67	0.67	0	
11/05/2011 13:09:00	TASTEGGIO	0	2	8000	53812	73434	400	-24	0.43	0.43	0	
11/05/2011 13:09:21	TASTEGGIO	0	3	8000	53812	73431	400	-15	0.29	0.29	0	
11/05/2011 13:09:39	TASTEGGIO	0	4	8000	53812	73429	400	-16	0.15	0.15	0	
11/05/2011 13:10:00	TASTEGGIO	0	5	8000	53812	73429	400	-46	0.37	0.37	0	
11/05/2011 13:10:18	TASTEGGIO	0	1	8000	53812	73460	308	-45	0.12	0.12	0	
11/05/2011 13:10:29	TASTEGGIO	0	1	8000	53812	117764	308	-45	0.25	0.37	-44500	
11/05/2011 13:10:48	TASTEGGIO	1	0	8000	53812	162152	141	-2	0.36	0.36	0	
11/05/2011 13:11:05	TASTEGGIO	0	1	8000	53812	162161	211	-13	0.23	0.23	0	
11/05/2011 13:11:22	TASTEGGIO	0	2	8000	53812	162170	231	-12	0.11	0.11	0	
11/05/2011 13:11:32	TASTEGGIO	0	2	8000	53812	117864	231	-12	0.05	0.11	-44500	
11/05/2011 13:13:34	TASTEGGIO	0	2	8000	53812	117786	231	-12	0.78	0.89	24500	
11/05/2011 13:13:55	TASTEGGIO	1	0	8000	53812	93310	235	-6	0.82	0.82	0	
11/05/2011 13:14:14	TASTEGGIO	0	1	8000	53812	93315	385	-68	0.15	0.15	0	
11/05/2011 13:14:27	TASTEGGIO	0	0	8000	53812	93313	102	0	0.15	0.15	0	
11/05/2011 13:14:43	TASTEGGIO	0	1	8000	53812	93311	132	-1	0.15	0.15	0	
11/05/2011 13:15:00	TASTEGGIO	0	1	8000	53812	93311	177	0	0.15	0.15	0	
11/05/2011 13:15:18	TASTEGGIO	0	1	8000	53812	93312	222	-1	0.15	0.15	0	
11/05/2011 13:15:36	TASTEGGIO	0	1	8000	53812	93313	267	-1	0.14	0.14	0	
11/05/2011 13:15:46	TASTEGGIO	0	1	8000	53812	117675	267	-1	0.14	0.26	-44500	
11/05/2011 13:16:05	TASTEGGIO	1	0	8000	53812	162060	121	-2	0.22	0.22	0	
11/05/2011 13:16:20	TASTEGGIO	0	1	8000	53812	162067	139	-1	0.21	0.21	0	
11/05/2011 13:16:38	TASTEGGIO	0	1	8000	53812	162075	199	-11	0.10	0.10	0	
11/05/2011 13:16:48	TASTEGGIO	0	1	8000	53812	117772	199	-11	0.12	0.25	44500	
11/05/2011 13:17:08	TASTEGGIO	1	0	8000	53812	73322	120	-1	0.23	0.23	0	
11/05/2011 13:17:24	TASTEGGIO	0	1	8000	53812	73318	162	-1	0.22	0.22	0	
11/05/2011 13:17:41	TASTEGGIO	0	1	8000	53812	73312	225	-7	0.16	0.16	0	
11/05/2011 13:18:00	TASTEGGIO	0	2	8000	53812	73310	241	-4	0.12	0.12	0	
11/05/2011 13:18:10	TASTEGGIO	0	2	8000	53812	117657	241	-4	0.05	0.13	44500	
11/05/2011 13:20:12	TASTEGGIO	0	2	8000	53812	117692	241	-4	0.27	0.36	-44500	
11/05/2011 13:20:33	TASTEGGIO	1	0	8000	53812	162091	139	-4	0.32	0.32	0	
11/05/2011 13:20:49	TASTEGGIO	0	1	8000	53812	162097	167	-4	0.28	0.28	0	
11/05/2011 13:21:07	TASTEGGIO	0	2	8000	53812	162101	216	-20	0.10	0.10	0	
11/05/2011 13:21:18	TASTEGGIO	0	2	8000	53812	117673	216	-20	0.15	0.29	44500	
11/05/2011 13:21:36	TASTEGGIO	1	0	8000	53812	73216	127	-3	0.25	0.25	0	
11/05/2011 13:21:51	TASTEGGIO	0	1	8000	53812	73214	148	-1	0.24	0.24	0	
11/05/2011 13:22:09	TASTEGGIO	0	1	8000	53812	73214	217	-10	0.15	0.15	0	
11/05/2011 13:22:26	TASTEGGIO	0	2	8000	53812	73213	230	-7	0.08	0.08	0	
11/05/2011 13:22:37	TASTEGGIO	0	2	8000	53812	117560	230	-7	0.07	0.18	-44500	
11/05/2011 13:22:56	TASTEGGIO	1	0	8000	53812	161958	107	-1	0.17	0.17	0	
11/05/2011 13:23:12	TASTEGGIO	0	1	8000	53812	161964	139	-1	0.16	0.16	0	
11/05/2011 13:23:30	TASTEGGIO	0	1	8000	53812	161972	184	-6	0.11	0.11	0	
11/05/2011 13:23:40	TASTEGGIO	0	1	8000	53812	117670	184	-6	0.07	0.13	44500	
11/05/2011 13:25:41	TASTEGGIO	0	1	8000	53812	117789	184	-6	0.29	0.37	44500	
11/05/2011 13:26:00	TASTEGGIO	1	0	8000	53812	73335	141	-3	0.33	0.33	0	
11/05/2011 13:26:15	TASTEGGIO	0	1	8000	53812	73331	170	-1	0.32	0.32	0	
11/05/2011 13:26:34	TASTEGGIO	0	1	8000	53812	73329	263	-23	0.12	0.12	0	
11/05/2011 13:26:45	TASTEGGIO	0	1	8000	53812	117668	263	-23	0.10	0.13	44500	
11/05/2011 13:28:47	TASTEGGIO	0	1	8000	53812	117782	263	-23	0.42	0.67	-44500	
11/05/2011 13:29:09	TASTEGGIO	1	0	8000	53812	162182	195	-8	0.59	0.59	0	
11/05/2011 13:29:26	TASTEGGIO	0	1	8000	53812	162188	246	-18	0.41	0.41	0	
11/05/2011 13:29:44	TASTEGGIO	0	2	8000	53812	162193	286	-28	0.16	0.16	0	
11/05/2011 13:29:58	TASTEGGIO	0	0	8000	53812	162199	103	-1	0.15	0.15	0	
11/05/2011 13:30:14	TASTEGGIO	0	1	8000	53812	162205	131	0	0.15	0.15	0	
11/05/2011 13:30:30	TASTEGGIO	0	1	8000	53812	162210	176	-3	0.12	0.12	0	
11/05/2011 13:30:41	TASTEGGIO	0	1	8000	53812	117774	176	-3	0.08	0.12	-44500	
11/05/2011 13:32:43	TASTEGGIO	0	1	8000	53811	117686	176	-3	0.50	0.50	0	
11/05/2011 13:33:02	TASTEGGIO	1	0	8000	53811	117704	165	-4	0.46	0.46	0	
11/05/2011 13:33:20	TASTEGGIO	0	1	8000	53811	117704	249	-28	0.19	0.19	0	
11/05/2011 13:33:33	TASTEGGIO	0	0	8000	53811	117703	109	0	0.19	0.19	0	
11/05/2011 13:33:49	TASTEGGIO	0	1	8000	53811	117704	147	0	0.19	0.19	0	
11/05/2011 13:34:08	TASTEGGIO	0	1	8000	53811	117704	204	-1	0.18	0.18	0	
11/05/2011 13:34:27	TASTEGGIO	0	1	8000	53811	117703	255	-18	0.08	0.08	0	
11/05/2011 13:34:35	TASTEGGIO	0	1	8000	53811	117674	255	-18	0.08	0.13	44500	
11/05/2011 13:36:30	TASTEGGIO	0	1	8000	53811	117792	255	-18	0.59	0.66	24500	
11/05/2011 13:36:50	TASTEGGIO	1	0	8000	53811	93317	193	-5	0.60	0.60	0	
11/05/2011 13:37:08	TASTEGGIO	0	1	8000	53811	93317	301	-38	0.24	0.24	0	
11/05/2011 13:37:22	TASTEGGIO	0	0	8000	53811	93317	118	0	0.24	0.24	0	
11/05/2011 13:37:38	TASTEGGIO	0	1	8000	53811	93317	166	0	0.23	0.23	0	
11/05/2011 13:37:57	TASTEGGIO	0	1	8000	53811	93317	232	-1	0.22	0.22	0	
11/05/2011 13:38:16	TASTEGGIO	0	1	8000	53811	93318	295	-22	0.04	0.04	0	
11/05/2011 13:38:26	TASTEGGIO	0	1	8000	53811	117680	295	-22	0.05	0.11	44500	
11/05/2011 13:40:30	TASTEGGIO	0	1	8000	53811	117780	295	-22	0.46	0.55	44500	
11/05/2011 13:40:50	TASTEGGIO	1	0	8000	53811	73326	174	-3	0.51	0.51	0	
11/05/2011 13:41:07	TASTEGGIO	0	1	8000	53811	73325	268	-17	0.35	0.35	0	
11/05/2011 13:41:25	TASTEGGIO	0	2	8000	53811	73324	301	-22	0.13	0.13	0	
11/05/2011 13:41:36	TASTEGGIO	0	2	8000	53811	117669	301	-22	0.21	0.26	-24500	
11/05/2011 13:41:55	TASTEGGIO	1	0	8000	53811	142113	121	-4	0.23	0.23	0	
11/05/2011 13:42:10	TASTEGGIO	0	1	8000	53811	142124	141	-2	0.21	0.21	0	
11/05/2011 13:42:29	TASTEGGIO	0	1	8000	53811	142135	198	-18	0.03	0.03	0	
11/05/2011 13:42:39	TASTEGGIO	0	1	8000	53811	117755	198	-18	0.09	0.16	44500	
11/05/2011 13:42:58	TASTEGGIO	1	0	8000	53811	73297	103	0	0.15	0.15	0	
11/05/2011 13:43:14	TASTEGGIO	0	1	8000	53811	73294	131	0	0.15	0.15	0	
11/05/2011 13:43:29	TASTEGGIO	0	1	8000	53811	73292	176	0	0.15	0.15	0	
11/05/2011 13:43:48	TASTEGGIO	0	1	8000	53811	73291	221	0	0.15	0.15	0	
11/05/2011 13:44:05	TASTEGGIO	0	1	8000	53811	73290	266	-6	0.08	0.08	0	
11/05/2011 13:44:16	TASTEGGIO	0	1	8000	53811	117639	266	-6	0.05	0.10	-44500	
11/05/2011 13:46:29	TASTEGGIO	0	1	8000	53811	117689	266	-6	0.79	0.87	-24500	
11/05/2011 13:46:50	TASTEGGIO	1	0	8000	53811	142136	231	-13	0.76	0.76	0	
11/05/2011 13:47:10	TASTEGGIO	0	1	8000	53811	142149	297	-34	0.45	0.45	0	
11/05/2011 13:47:28	TASTEGGIO	0	2	8000	53811	142159	334	-51	0.07	0.07	0	
11/05/2011 13:47:38	TASTEGGIO	0	2	8000	53811	117675	334	-51	0.10	0.14	44500	
11/05/2011 13:49:27	TASTEGGIO	0	2	8000	53811	117793	334	-51	0.07	0.22	44500	
11/05/2011 13:49:46	TASTEGGIO	1	0	8000	53811	73338	114	-2	0.20	0.20	0	
11/05/2011 13:50:01	TASTEGGIO	0	1	8000	53811	73334	150	-2	0.19	0.19	0	
11/05/2011 13:50:19	TASTEGGIO	0	1	8000	53811	73334	204	-5	0.13	0.13	0	
11/05/2011 13:50:30	TASTEGGIO	0	1	8000	53811	117672	204	-5	0.03	0.22	-44500	
11/05/2011 13:50:49	TASTEGGIO	1	0	8000	53811	162071	114	-3	0.19	0.19	0	
11/05/2011 13:51:04	TASTEGGIO	0	1	8000	53811	162077	130	-1	0.18	0.18	0	
11/05/2011 13:51:22	TASTEGGIO	0	1	8000	53811	162082	181	-10	0.09	0.09	0	
11/05/2011 13:51:32	TASTEGGIO	0	1	8000	53811	117772	181	-10	0.10	0.19	24500	
11/05/2011 13:51:51	TASTEGGIO	1	0	8000	53811	93296	109	-1	0.16	0.16	0	
11/05/2011 13:52:06	TASTEGGIO	0	1	8000	53811	93296	122	0	0.16	0.16	0	
11/05/2011 13:52:24	TASTEGGIO	0	1	8000	53811	93296	170	-3	0.13	0.13	0	
11/05/2011 13:52:34	TASTEGGIO	0	1	8000	53811	117661	170	-3	0.07	0.17	44500	
11/05/2011 13:52:52	TASTEGGIO	1	0	8000	53811	73209	105	0	0.16	0.16	0	
11/05/2011 13:53:06	TASTEGGIO	0	1	8000	53811	73205	135	0	0.16	0.16	0	
11/05/2011 13:53:24	TASTEGGIO	0	1	8000	53811	73204	183	0	0.16	0.16	0	
11/05/2011 13:53:41	TASTEGGIO	0	1	8000	53811	73202	231	-7	0.09	0.09	0	
11/05/2011 13:53:52	TASTEGGIO	0	1	8000	53811	117666	231	-7	0.02	0.14	-44500	
11/05/2011 13:55:46	TASTEGGIO	0	1	8000	53811	117784	231	-7	0.13	0.18	-44500	
11/05/2011 13:56:06	TASTEGGIO	1	0	8000	53811	162178	107	-3	0.17	0.17	0	
11/05/2011 13:56:21	TASTEGGIO	0	1	8000	53811	162184	139	-3	0.15	0.15	0	
11/05/2011 13:56:39	TASTEGGIO	0	2	8000	53811	162189	165	-5	0.11	0.11	0	
11/05/2011 13:56:49	TASTEGGIO	0	2	8000	53811	117772	165	-5	0.08	0.11	-44500	
11/05/2011 13:57:59	ALARM 17	proc 12 prog 10 step 47	LavoroTerminato
11/05/2011 14:12:40	ALARM 401		
11/05/2011 14:22:09	ALARM 401		
11/05/2011 14:32:34	ALARM 401		
11/05/2011 14:32:37	ALARM 401		
11/05/2011 14:48:05	ALARM 401		
11/05/2011 14:50:08	TASTEGGIO	0	2	12000	69495	97195	165	-5	0.21	0.29	-44500	
11/05/2011 14:50:32	TASTEGGIO	1	0	12000	69495	141702	278	-22	0.13	0.13	0	
11/05/2011 14:50:44	TASTEGGIO	1	0	12000	69495	97288	278	-22	0.09	0.13	-44500	
11/05/2011 14:51:07	TASTEGGIO	1	0	12000	69495	141783	237	-5	0.09	0.09	0	
11/05/2011 14:51:26	TASTEGGIO	0	1	12000	69495	141787	243	-6	0.04	0.04	0	
11/05/2011 14:51:37	TASTEGGIO	0	1	12000	69495	97287	243	-6	0.01	0.06	44500	
11/05/2011 14:53:23	TASTEGGIO	0	1	12000	69494	97172	243	-6	1.34	1.88	-44500	
11/05/2011 14:53:50	TASTEGGIO	1	0	12000	69494	141663	400	-29	1.65	1.65	0	
11/05/2011 14:54:13	TASTEGGIO	0	1	12000	69494	141671	400	-11	1.53	1.53	0	
11/05/2011 14:54:38	TASTEGGIO	0	1	12000	69494	141679	400	-4	1.50	1.50	0	
11/05/2011 14:55:00	TASTEGGIO	0	1	12000	69494	141684	400	-2	1.48	1.48	0	
11/05/2011 14:55:25	TASTEGGIO	0	1	12000	69494	141688	400	-2	1.47	1.47	0	
11/05/2011 14:55:48	TASTEGGIO	0	1	12000	69494	141688	400	-1	1.46	1.46	0	
11/05/2011 14:56:13	TASTEGGIO	0	1	12000	69494	141688	400	-1	1.46	1.46	0	
11/05/2011 14:56:36	TASTEGGIO	0	1	12000	69494	141688	400	-1	1.45	1.45	0	
11/05/2011 14:57:00	TASTEGGIO	0	1	12000	69494	141688	400	-1	1.45	1.45	0	
11/05/2011 14:59:24	TASTEGGIO	0	1	12000	69495	97276	400	0	1.23	1.33	-24500	
11/05/2011 14:59:50	TASTEGGIO	1	0	12000	69495	121764	400	-41	1.02	1.02	0	
11/05/2011 15:00:13	TASTEGGIO	0	1	12000	69495	121773	400	-20	0.82	0.82	0	
11/05/2011 15:00:46	ALARM 401		
11/05/2011 15:00:49	ALARM 401		
11/05/2011 15:00:50	ALARM 401		
11/05/2011 15:01:16	TASTEGGIO	0	2	12000	69494	97286	400	-7	0.72	0.75	-24500	
11/05/2011 15:01:45	TASTEGGIO	1	0	12000	69494	121784	394	-9	0.73	0.73	0	
11/05/2011 15:02:09	TASTEGGIO	0	1	12000	69494	121791	400	-7	0.67	0.67	0	
11/05/2011 15:02:34	TASTEGGIO	0	1	12000	69494	121796	400	-3	0.65	0.65	0	
11/05/2011 15:02:59	TASTEGGIO	0	1	12000	69494	121801	400	-2	0.64	0.64	0	
11/05/2011 15:03:24	TASTEGGIO	0	1	12000	69494	121806	400	-2	0.63	0.63	0	
11/05/2011 15:05:40	TASTEGGIO	0	1	12000	69494	97268	400	-2	1.07	1.08	24500	
11/05/2011 15:06:06	TASTEGGIO	1	0	12000	69494	72780	400	-35	0.81	0.81	0	
11/05/2011 15:06:29	TASTEGGIO	0	1	12000	69494	72771	400	-18	0.64	0.64	0	
11/05/2011 15:06:54	TASTEGGIO	0	2	12000	69494	72766	400	-5	0.59	0.59	0	
11/05/2011 15:07:17	TASTEGGIO	0	1	12000	69494	72757	400	-4	0.56	0.56	0	
11/05/2011 15:07:42	TASTEGGIO	0	1	12000	69494	72755	400	-2	0.54	0.54	0	
11/05/2011 15:08:07	TASTEGGIO	0	1	12000	69494	72755	400	-2	0.53	0.53	0	
11/05/2011 15:10:12	TASTEGGIO	0	1	12000	69494	97176	400	-2	1.08	1.11	24500	
11/05/2011 15:10:50	TASTEGGIO	1	0	12000	69494	72862	400	-72	0.00	0.00	24500	
11/05/2011 15:11:00	TASTEGGIO	1	0	12000	69494	97039	400	-72	0.00	0.00	44500	
11/05/2011 15:11:12	ALARM 401		
11/05/2011 15:11:21	ALARM 201		err.6059
11/05/2011 15:11:23	ALARM 401		
11/05/2011 15:11:24	ALARM 401		
11/05/2011 15:11:25	ALARM 401		
11/05/2011 15:11:26	ALARM 401		
11/05/2011 15:11:26	ALARM 401		
11/05/2011 15:11:29	ALARM 401		
11/05/2011 15:11:51	TASTEGGIO	1	0	12000	69495	97106	400	-72	0.00	0.00	44500	
11/05/2011 15:13:40	TASTEGGIO	1	0	12000	69494	97267	400	-72	1.07	1.48	44500	
11/05/2011 15:14:07	TASTEGGIO	1	0	12000	69494	52784	400	-8	1.45	1.45	0	
11/05/2011 15:14:28	TASTEGGIO	0	1	12000	69494	52775	400	-1	1.45	1.45	0	
11/05/2011 15:14:51	TASTEGGIO	0	1	12000	69494	52769	400	0	1.45	1.45	0	
11/05/2011 15:16:56	TASTEGGIO	0	1	12000	69494	97273	400	0	0.61	0.61	0	
11/05/2011 15:17:23	TASTEGGIO	1	0	12000	69494	97289	359	-54	0.85	0.85	0	
11/05/2011 15:17:47	TASTEGGIO	0	1	12000	69494	97290	400	-38	0.48	0.48	0	
11/05/2011 15:18:10	TASTEGGIO	0	2	12000	69494	97289	400	-15	0.34	0.34	0	
11/05/2011 15:18:36	TASTEGGIO	0	3	12000	69494	97289	400	-8	0.28	0.28	0	
11/05/2011 15:19:00	TASTEGGIO	0	4	12000	69494	97289	400	-7	0.22	0.22	0	
11/05/2011 15:19:26	TASTEGGIO	0	5	12000	69494	97290	400	-4	0.19	0.19	0	
11/05/2011 15:19:50	TASTEGGIO	0	6	12000	69494	97290	400	-4	0.17	0.17	0	
