11/05/2011 15:20:16	TASTEGGIO	0	7	12000	69494	97290	400	-2	0.16	0.16	0	
11/05/2011 15:20:42	TASTEGGIO	0	1	12000	69494	97290	400	-2	0.15	0.15	0	
11/05/2011 15:21:08	TASTEGGIO	0	1	12000	69494	97290	400	-3	0.13	0.13	0	
11/05/2011 15:21:17	TASTEGGIO	0	1	12000	69494	97244	400	-3	0.13	0.23	24500	
11/05/2011 15:21:41	TASTEGGIO	1	0	12000	69494	72751	263	-2	0.25	0.25	0	
11/05/2011 15:22:02	TASTEGGIO	0	1	12000	69494	72748	317	-2	0.25	0.25	0	
11/05/2011 15:22:28	TASTEGGIO	0	1	12000	69494	72747	392	-4	0.21	0.21	0	
11/05/2011 15:22:52	TASTEGGIO	0	2	12000	69494	72747	400	-3	0.19	0.19	0	
11/05/2011 15:23:18	TASTEGGIO	0	1	12000	69494	72749	400	-2	0.18	0.18	0	
11/05/2011 15:23:42	TASTEGGIO	0	1	12000	69494	72751	400	-2	0.16	0.16	0	
11/05/2011 15:24:08	TASTEGGIO	0	2	12000	69494	72752	400	-1	0.16	0.16	0	
11/05/2011 15:24:32	TASTEGGIO	0	1	12000	69494	72752	400	-1	0.15	0.15	0	
11/05/2011 15:24:57	TASTEGGIO	0	1	12000	69494	72753	400	-1	0.15	0.15	0	
11/05/2011 15:25:22	TASTEGGIO	0	1	12000	69494	72752	400	-1	0.15	0.15	0	
11/05/2011 15:25:46	TASTEGGIO	0	1	12000	69494	72752	400	-1	0.14	0.14	0	
11/05/2011 15:25:57	TASTEGGIO	0	1	12000	69494	97195	400	-1	0.07	0.13	24500	
11/05/2011 15:27:45	TASTEGGIO	0	1	12000	69494	97166	400	-1	0.56	0.56	0	
11/05/2011 15:28:10	TASTEGGIO	1	0	12000	69494	97182	346	-27	0.31	0.31	0	
11/05/2011 15:28:33	TASTEGGIO	0	1	12000	69494	97181	363	-15	0.18	0.18	0	
11/05/2011 15:28:58	TASTEGGIO	0	2	12000	69494	97181	377	-13	0.09	0.09	0	
11/05/2011 15:29:07	TASTEGGIO	0	2	12000	69494	97149	377	-13	0.09	0.15	-24500	
11/05/2011 15:30:05	ALARM 17	proc 12 prog 10 step 47	LavoroTerminato
11/05/2011 16:07:11	ALARM 406		
16/05/2011 15:11:38	ALARM 401		
16/05/2011 15:11:40	INIT OK
16/05/2011 15:11:51	ALARM 26	proc 12 prog 1 step 4	Macchina non azzerata
16/05/2011 15:13:53	ALARM 401		
16/05/2011 15:20:16	ALARM 203		err.4005
16/05/2011 15:20:17	ALARM 203		err.6059
16/05/2011 15:20:25	ALARM 203		err.6059
16/05/2011 15:28:35	TASTEGGIO	0	0	8000	53816	133592	0	0	0.47	0.50	-24500	
16/05/2011 15:28:58	TASTEGGIO	1	0	8000	53816	158065	276	-30	0.25	0.25	0	
16/05/2011 15:29:17	TASTEGGIO	0	0	8000	53816	158069	243	-7	0.18	0.18	0	
16/05/2011 15:29:37	TASTEGGIO	0	1	8000	53816	158070	255	-6	0.13	0.13	0	
16/05/2011 15:29:47	TASTEGGIO	0	1	8000	53816	133653	255	-6	0.16	0.28	44500	
16/05/2011 15:30:10	TASTEGGIO	1	0	8000	53816	89242	247	-9	0.18	0.18	0	
16/05/2011 15:30:28	TASTEGGIO	0	1	8000	53816	89234	258	-6	0.12	0.12	0	
16/05/2011 15:30:39	TASTEGGIO	0	1	8000	53816	133567	258	-6	0.05	0.13	44500	
16/05/2011 15:31:01	TASTEGGIO	1	0	8000	53816	89142	228	-1	0.12	0.12	0	
16/05/2011 15:31:19	TASTEGGIO	0	1	8000	53816	89133	250	0	0.11	0.11	0	
16/05/2011 15:31:39	TASTEGGIO	0	1	8000	53816	89126	280	-9	0.02	0.02	0	
16/05/2011 15:31:50	TASTEGGIO	0	1	8000	53816	133570	280	-9	0.06	0.08	-44500	
16/05/2011 15:32:11	TASTEGGIO	1	0	8000	53816	178013	222	-19	0.10	0.10	0	
16/05/2011 15:32:28	TASTEGGIO	0	1	8000	53816	178017	209	-20	0.09	0.09	0	
16/05/2011 15:32:45	TASTEGGIO	0	1	8000	53816	178020	200	-10	0.02	0.02	0	
16/05/2011 15:32:55	TASTEGGIO	0	1	8000	53816	133651	200	-10	0.02	0.07	44500	
16/05/2011 15:34:59	TASTEGGIO	0	1	8000	53816	133651	200	-10	0.19	0.37	44500	
16/05/2011 15:35:22	TASTEGGIO	1	0	8000	53816	89235	259	-9	0.28	0.28	0	
16/05/2011 15:35:40	TASTEGGIO	0	1	8000	53816	89226	280	-6	0.23	0.23	0	
16/05/2011 15:36:00	TASTEGGIO	0	2	8000	53816	89217	317	-13	0.12	0.12	0	
16/05/2011 15:36:11	TASTEGGIO	0	2	8000	53816	133573	317	-13	0.02	0.13	44500	
16/05/2011 15:36:34	TASTEGGIO	1	0	8000	53816	89136	228	-2	0.12	0.12	0	
16/05/2011 15:36:52	TASTEGGIO	0	1	8000	53816	89130	250	-3	0.10	0.10	0	
16/05/2011 15:37:12	TASTEGGIO	0	2	8000	53816	89124	266	-1	0.09	0.09	0	
16/05/2011 15:37:31	TASTEGGIO	0	3	8000	53816	89120	290	-3	0.07	0.07	0	
16/05/2011 15:37:42	TASTEGGIO	0	3	8000	53816	133559	290	-3	0.05	0.10	-44500	
16/05/2011 15:38:02	TASTEGGIO	1	0	8000	53816	177992	224	-15	0.05	0.05	0	
16/05/2011 15:38:12	TASTEGGIO	1	0	8000	53816	133657	224	-15	0.10	0.13	44500	
16/05/2011 15:38:35	TASTEGGIO	1	0	8000	53816	89250	228	-1	0.11	0.11	0	
16/05/2011 15:38:55	TASTEGGIO	0	1	8000	53816	89239	237	-1	0.11	0.11	0	
16/05/2011 15:39:13	TASTEGGIO	0	1	8000	53816	89228	270	-3	0.08	0.08	0	
16/05/2011 15:39:33	TASTEGGIO	0	2	8000	53816	89219	278	-1	0.06	0.06	0	
16/05/2011 15:39:44	TASTEGGIO	0	2	8000	53816	133562	278	-1	0.07	0.08	-24500	
16/05/2011 15:40:06	TASTEGGIO	1	0	8000	53816	158007	222	-16	0.07	0.07	0	
16/05/2011 15:40:16	TASTEGGIO	1	0	8000	53816	133641	222	-16	0.06	0.13	-44500	
16/05/2011 15:40:38	TASTEGGIO	1	0	8000	53816	178076	228	-8	0.04	0.04	0	
16/05/2011 15:40:49	TASTEGGIO	1	0	8000	53816	133650	228	-8	0.01	0.08	44500	
16/05/2011 15:41:12	TASTEGGIO	1	0	8000	53816	89237	222	-1	0.07	0.07	0	
16/05/2011 15:41:22	TASTEGGIO	1	0	8000	53816	133568	222	-1	0.01	0.07	44500	
16/05/2011 15:43:17	TASTEGGIO	1	0	8000	53815	133455	222	-1	0.31	0.48	-44500	
16/05/2011 15:43:40	TASTEGGIO	1	0	8000	53815	177872	273	-14	0.37	0.37	0	
16/05/2011 15:43:58	TASTEGGIO	0	1	8000	53815	177879	301	-10	0.27	0.27	0	
16/05/2011 15:44:18	TASTEGGIO	0	2	8000	53815	177884	328	-14	0.13	0.13	0	
16/05/2011 15:44:28	TASTEGGIO	0	2	8000	53815	133468	328	-14	0.04	0.22	44500	
16/05/2011 15:44:52	TASTEGGIO	1	0	8000	53815	89036	240	-5	0.17	0.17	0	
16/05/2011 15:45:10	TASTEGGIO	0	1	8000	53815	89029	253	-3	0.14	0.14	0	
16/05/2011 15:45:20	TASTEGGIO	0	1	8000	53815	133374	253	-3	0.09	0.17	-44500	
16/05/2011 15:45:43	TASTEGGIO	1	0	8000	53815	177803	233	-1	0.17	0.17	0	
16/05/2011 15:46:01	TASTEGGIO	0	1	8000	53815	177808	267	-1	0.16	0.16	0	
16/05/2011 15:46:20	TASTEGGIO	0	1	8000	53815	177811	312	-2	0.14	0.14	0	
16/05/2011 15:46:31	TASTEGGIO	0	1	8000	53815	133459	312	-2	0.06	0.16	44500	
16/05/2011 15:46:54	TASTEGGIO	1	0	8000	53815	89025	232	-2	0.15	0.15	0	
16/05/2011 15:47:13	TASTEGGIO	0	1	8000	53815	89018	260	-2	0.13	0.13	0	
16/05/2011 15:47:24	TASTEGGIO	0	1	8000	53815	133367	260	-2	0.07	0.15	-44500	
16/05/2011 15:47:47	TASTEGGIO	1	0	8000	53815	177807	231	-1	0.14	0.14	0	
16/05/2011 15:47:57	TASTEGGIO	1	0	8000	53815	133460	231	-1	0.07	0.15	-44500	
16/05/2011 15:48:20	TASTEGGIO	1	0	8000	53815	177888	231	0	0.14	0.14	0	
16/05/2011 15:48:30	TASTEGGIO	1	0	8000	53815	133459	231	0	0.06	0.15	-44500	
16/05/2011 15:48:51	TASTEGGIO	1	0	8000	53815	177885	231	0	0.14	0.14	0	
16/05/2011 15:49:01	TASTEGGIO	1	0	8000	53815	133464	231	0	0.06	0.15	-44500	
16/05/2011 15:49:23	TASTEGGIO	1	0	8000	53815	177901	231	0	0.14	0.14	0	
16/05/2011 15:49:34	TASTEGGIO	1	0	8000	53815	133468	231	0	0.07	0.15	-44500	
16/05/2011 15:49:56	TASTEGGIO	1	0	8000	53815	177906	231	0	0.14	0.14	0	
16/05/2011 15:50:07	TASTEGGIO	1	0	8000	53815	133463	231	0	0.06	0.15	44500	
16/05/2011 15:50:30	TASTEGGIO	1	0	8000	53815	89034	231	-1	0.14	0.14	0	
16/05/2011 15:50:41	TASTEGGIO	1	0	8000	53815	133377	231	-1	0.06	0.16	44500	
16/05/2011 15:51:03	TASTEGGIO	1	0	8000	53815	88935	232	-2	0.14	0.14	0	
16/05/2011 15:51:14	TASTEGGIO	1	0	8000	53815	133372	232	-2	0.06	0.15	44500	
16/05/2011 15:51:36	TASTEGGIO	1	0	8000	53815	88927	231	-1	0.14	0.14	0	
16/05/2011 15:51:47	TASTEGGIO	1	0	8000	53815	133371	231	-1	0.06	0.15	-44500	
16/05/2011 15:52:10	TASTEGGIO	1	0	8000	53815	177791	231	0	0.14	0.14	0	
16/05/2011 15:52:20	TASTEGGIO	1	0	8000	53815	133454	231	0	0.07	0.14	-44500	
16/05/2011 15:52:22	ALARM 401		
16/05/2011 15:52:40	TASTEGGIO	1	0	8000	53815	133452	231	0	0.07	0.16	-44500	
16/05/2011 15:53:03	TASTEGGIO	1	0	8000	53815	177875	232	0	0.14	0.14	0	
16/05/2011 15:53:13	TASTEGGIO	1	0	8000	53815	133440	232	0	0.06	0.15	44500	
16/05/2011 15:53:37	TASTEGGIO	1	0	8000	53815	89003	231	-1	0.14	0.14	0	
16/05/2011 15:53:47	TASTEGGIO	1	0	8000	53815	133367	231	-1	0.06	0.15	-44500	
16/05/2011 15:55:49	TASTEGGIO	1	0	8000	53815	133753	231	-1	0.49	0.50	-24500	
16/05/2011 15:56:12	TASTEGGIO	1	0	8000	53815	158185	276	-18	0.35	0.35	0	
16/05/2011 15:56:30	TASTEGGIO	0	1	8000	53815	158196	300	-17	0.21	0.21	0	
16/05/2011 15:56:51	TASTEGGIO	0	2	8000	53815	158202	317	-16	0.10	0.10	0	
16/05/2011 15:57:01	TASTEGGIO	0	2	8000	53815	133746	317	-16	0.10	0.17	44500	
16/05/2011 15:57:24	TASTEGGIO	1	0	8000	53815	89322	233	-5	0.11	0.11	0	
16/05/2011 15:57:34	TASTEGGIO	1	0	8000	53815	133664	233	-5	0.06	0.12	44500	
16/05/2011 15:57:57	TASTEGGIO	1	0	8000	53815	89236	227	-2	0.10	0.10	0	
16/05/2011 15:58:16	TASTEGGIO	0	1	8000	53815	89228	235	-1	0.09	0.09	0	
16/05/2011 15:58:34	TASTEGGIO	0	2	8000	53815	89222	251	-3	0.07	0.07	0	
16/05/2011 15:58:45	TASTEGGIO	0	2	8000	53815	133652	251	-3	0.03	0.09	-44500	
16/05/2011 15:59:06	TASTEGGIO	1	0	8000	53815	178078	223	-13	0.03	0.03	0	
16/05/2011 15:59:17	TASTEGGIO	1	0	8000	53815	133749	223	-13	0.05	0.07	-24500	
16/05/2011 16:01:15	TASTEGGIO	1	0	8000	53815	133653	223	-13	0.46	0.74	44500	
16/05/2011 16:01:38	TASTEGGIO	1	0	8000	53815	89231	307	-7	0.65	0.65	0	
16/05/2011 16:01:57	TASTEGGIO	0	1	8000	53815	89225	364	-14	0.52	0.52	0	
16/05/2011 16:02:17	TASTEGGIO	0	2	8000	53815	89219	400	-23	0.32	0.32	0	
16/05/2011 16:02:37	TASTEGGIO	0	3	8000	53815	89212	400	-26	0.10	0.10	0	
16/05/2011 16:02:48	TASTEGGIO	0	3	8000	53815	133578	400	-26	0.13	0.14	-44500	
16/05/2011 16:03:10	TASTEGGIO	1	0	8000	53815	178017	229	-17	0.06	0.06	0	
16/05/2011 16:03:21	TASTEGGIO	1	0	8000	53815	133657	229	-17	0.15	0.19	44500	
16/05/2011 16:03:43	TASTEGGIO	1	0	8000	53815	89235	236	-1	0.17	0.17	0	
16/05/2011 16:04:01	TASTEGGIO	0	1	8000	53815	89227	251	-1	0.17	0.17	0	
16/05/2011 16:04:21	TASTEGGIO	0	1	8000	53815	89217	302	-1	0.16	0.16	0	
16/05/2011 16:04:41	TASTEGGIO	0	1	8000	53815	89210	347	-3	0.14	0.14	0	
16/05/2011 16:04:51	TASTEGGIO	0	1	8000	53815	133567	347	-3	0.18	0.18	0	
16/05/2011 16:05:13	TASTEGGIO	1	0	8000	53815	133563	234	-16	0.06	0.06	0	
16/05/2011 16:05:21	TASTEGGIO	1	0	8000	53815	133567	234	-16	0.06	0.15	44500	
16/05/2011 16:05:42	TASTEGGIO	1	0	8000	53815	89138	231	0	0.14	0.14	0	
16/05/2011 16:05:53	TASTEGGIO	1	0	8000	53815	133573	231	0	0.06	0.15	44500	
16/05/2011 16:06:15	TASTEGGIO	1	0	8000	53815	89140	231	0	0.14	0.14	0	
16/05/2011 16:06:26	TASTEGGIO	1	0	8000	53815	133577	231	0	0.06	0.14	44500	
16/05/2011 16:06:48	TASTEGGIO	1	0	8000	53815	89142	229	0	0.14	0.14	0	
16/05/2011 16:07:06	TASTEGGIO	0	1	8000	53815	89136	257	0	0.13	0.13	0	
16/05/2011 16:07:24	TASTEGGIO	0	1	8000	53815	89131	293	-1	0.13	0.13	0	
16/05/2011 16:07:44	TASTEGGIO	0	1	8000	53815	89127	332	-3	0.10	0.10	0	
16/05/2011 16:08:02	TASTEGGIO	0	2	8000	53815	89125	342	0	0.09	0.09	0	
16/05/2011 16:08:23	TASTEGGIO	0	3	8000	53815	89122	366	-5	0.06	0.06	0	
16/05/2011 16:08:33	TASTEGGIO	0	3	8000	53815	133572	366	-5	0.14	0.14	0	
16/05/2011 16:08:55	TASTEGGIO	1	0	8000	53815	133569	229	-10	0.05	0.05	0	
16/05/2011 16:09:03	TASTEGGIO	1	0	8000	53815	133572	229	-10	0.05	0.11	-44500	
16/05/2011 16:11:01	TASTEGGIO	1	0	8000	53815	133652	229	-10	0.30	0.34	24500	
16/05/2011 16:11:24	TASTEGGIO	1	0	8000	53815	109184	255	-16	0.22	0.22	0	
16/05/2011 16:11:43	TASTEGGIO	0	1	8000	53815	109177	269	-15	0.07	0.07	0	
16/05/2011 16:11:53	TASTEGGIO	0	1	8000	53815	133571	269	-15	0.09	0.16	-44500	
16/05/2011 16:12:15	TASTEGGIO	1	0	8000	53815	178006	232	-21	0.02	0.02	0	
16/05/2011 16:12:25	TASTEGGIO	1	0	8000	53815	133648	232	-21	0.06	0.08	44500	
16/05/2011 16:14:28	TASTEGGIO	1	0	8000	53814	133654	232	-21	0.87	0.89	24500	
16/05/2011 16:14:50	TASTEGGIO	1	0	8000	53814	109183	326	-16	0.73	0.73	0	
16/05/2011 16:15:10	TASTEGGIO	0	1	8000	53814	109179	385	-27	0.47	0.47	0	
16/05/2011 16:15:29	TASTEGGIO	0	2	8000	53814	109175	400	-25	0.22	0.22	0	
16/05/2011 16:15:49	TASTEGGIO	0	0	8000	53814	109173	240	0	0.22	0.22	0	
16/05/2011 16:16:07	TASTEGGIO	0	1	8000	53814	109172	284	0	0.22	0.22	0	
16/05/2011 16:16:27	TASTEGGIO	0	1	8000	53814	109172	350	-2	0.20	0.20	0	
16/05/2011 16:16:48	TASTEGGIO	0	1	8000	53814	109172	400	-20	0.11	0.11	0	
16/05/2011 16:16:58	TASTEGGIO	0	1	8000	53814	133551	400	-20	0.13	0.23	-44500	
16/05/2011 16:17:20	TASTEGGIO	1	0	8000	53814	177978	241	-15	0.12	0.12	0	
16/05/2011 16:17:30	TASTEGGIO	1	0	8000	53814	133653	241	-15	0.09	0.14	24500	
16/05/2011 16:17:53	TASTEGGIO	1	0	8000	53814	109182	229	-7	0.07	0.07	0	
16/05/2011 16:18:03	TASTEGGIO	1	0	8000	53814	133569	229	-7	0.04	0.11	-44500	
16/05/2011 16:18:24	TASTEGGIO	1	0	8000	53814	177995	225	-2	0.11	0.11	0	
16/05/2011 16:18:42	TASTEGGIO	0	1	8000	53814	178001	247	-7	0.05	0.05	0	
16/05/2011 16:18:52	TASTEGGIO	0	1	8000	53814	133648	247	-7	0.03	0.10	24500	
16/05/2011 16:19:15	TASTEGGIO	1	0	8000	53814	109177	224	-11	0.02	0.02	0	
16/05/2011 16:19:25	TASTEGGIO	1	0	8000	53814	133569	224	-11	0.07	0.12	-24500	
16/05/2011 16:19:48	TASTEGGIO	1	0	8000	53814	158016	227	-13	0.05	0.05	0	
16/05/2011 16:19:58	TASTEGGIO	1	0	8000	53814	133621	227	-13	0.04	0.08	24500	
16/05/2011 16:21:51	TASTEGGIO	1	0	8000	53814	133662	227	-13	0.20	0.22	24500	
16/05/2011 16:22:13	TASTEGGIO	1	0	8000	53814	109185	240	-11	0.12	0.12	0	
16/05/2011 16:22:23	TASTEGGIO	1	0	8000	53814	133577	240	-11	0.12	0.13	24500	
16/05/2011 16:22:45	TASTEGGIO	1	0	8000	53814	109103	228	-2	0.10	0.10	0	
16/05/2011 16:23:03	TASTEGGIO	0	1	8000	53814	109100	235	-1	0.09	0.09	0	
16/05/2011 16:23:23	TASTEGGIO	0	2	8000	53814	109100	251	-3	0.06	0.06	0	
16/05/2011 16:23:33	TASTEGGIO	0	2	8000	53814	133568	251	-3	0.06	0.08	-24500	
16/05/2011 16:25:35	TASTEGGIO	0	2	8000	53814	133560	251	-3	0.35	0.36	24500	
16/05/2011 16:25:58	TASTEGGIO	1	0	8000	53814	109087	258	-12	0.25	0.25	0	
16/05/2011 16:26:17	TASTEGGIO	0	1	8000	53814	109082	275	-9	0.17	0.17	0	
16/05/2011 16:26:37	TASTEGGIO	0	2	8000	53814	109082	291	-7	0.11	0.11	0	
16/05/2011 16:26:47	TASTEGGIO	0	2	8000	53814	133475	291	-7	0.13	0.13	44500	
16/05/2011 16:27:10	TASTEGGIO	1	0	8000	53814	89036	228	-5	0.08	0.08	0	
16/05/2011 16:27:20	TASTEGGIO	1	0	8000	53814	133475	228	-5	0.09	0.12	-44500	
16/05/2011 16:27:41	TASTEGGIO	1	0	8000	53814	177897	227	-17	0.07	0.07	0	
16/05/2011 16:27:52	TASTEGGIO	1	0	8000	53814	133547	227	-17	0.10	0.12	44500	
16/05/2011 16:28:15	TASTEGGIO	1	0	8000	53814	89108	227	-3	0.09	0.09	0	
16/05/2011 16:28:33	TASTEGGIO	0	1	8000	53814	89100	233	-2	0.06	0.06	0	
16/05/2011 16:28:43	TASTEGGIO	0	1	8000	53814	133454	233	-2	0.06	0.06	44500	
16/05/2011 16:30:38	TASTEGGIO	0	1	8000	53814	133662	233	-2	0.30	0.31	24500	
16/05/2011 16:31:00	TASTEGGIO	1	0	8000	53814	109197	251	-14	0.20	0.20	0	
16/05/2011 16:31:18	TASTEGGIO	0	1	8000	53814	109189	263	-7	0.11	0.11	0	
16/05/2011 16:31:28	TASTEGGIO	0	1	8000	53814	133561	263	-7	0.12	0.16	-24500	
16/05/2011 16:31:50	TASTEGGIO	1	0	8000	53814	158005	232	-19	0.02	0.02	0	
16/05/2011 16:32:00	TASTEGGIO	1	0	8000	53814	133650	232	-19	0.03	0.04	24500	
16/05/2011 16:33:52	TASTEGGIO	1	0	8000	53814	133661	232	-19	0.68	0.82	44500	
16/05/2011 16:34:15	TASTEGGIO	1	0	8000	53814	89228	317	-12	0.70	0.70	0	
16/05/2011 16:34:34	TASTEGGIO	0	1	8000	53814	89211	376	-21	0.51	0.51	0	
16/05/2011 16:34:53	TASTEGGIO	0	2	8000	53814	89205	400	-21	0.31	0.31	0	
16/05/2011 16:35:14	TASTEGGIO	0	3	8000	53814	89201	400	-14	0.20	0.20	0	
16/05/2011 16:35:34	TASTEGGIO	0	4	8000	53814	89201	400	-27	0.09	0.09	0	
16/05/2011 16:35:45	TASTEGGIO	0	4	8000	53814	133572	400	-27	0.21	0.27	-24500	
16/05/2011 16:36:06	TASTEGGIO	1	0	8000	53814	158024	246	-18	0.12	0.12	0	
16/05/2011 16:36:16	TASTEGGIO	1	0	8000	53814	133646	246	-18	0.08	0.14	-44500	
16/05/2011 16:36:38	TASTEGGIO	1	0	8000	53814	178083	229	-14	0.06	0.06	0	
16/05/2011 16:36:49	TASTEGGIO	1	0	8000	53814	133655	229	-14	0.01	0.06	44500	
16/05/2011 16:38:44	TASTEGGIO	1	0	8000	53814	133762	229	-14	0.43	0.43	0	
16/05/2011 16:39:05	TASTEGGIO	1	0	8000	53814	133780	267	-20	0.24	0.24	0	
16/05/2011 16:39:23	TASTEGGIO	0	1	8000	53814	133780	280	-12	0.11	0.11	0	
16/05/2011 16:39:32	TASTEGGIO	0	1	8000	53814	133755	280	-12	0.12	0.21	44500	
16/05/2011 16:39:54	TASTEGGIO	1	0	8000	53814	89337	238	-8	0.12	0.12	0	
16/05/2011 16:40:05	TASTEGGIO	1	0	8000	53814	133676	238	-8	0.08	0.13	44500	
16/05/2011 16:40:27	TASTEGGIO	1	0	8000	53814	89241	228	-1	0.11	0.11	0	
16/05/2011 16:40:45	TASTEGGIO	0	1	8000	53814	89230	237	-2	0.08	0.08	0	
16/05/2011 16:40:56	TASTEGGIO	0	1	8000	53814	133675	237	-2	0.05	0.11	-44500	
16/05/2011 16:41:17	TASTEGGIO	1	0	8000	53814	178108	225	-18	0.08	0.08	0	
16/05/2011 16:41:28	TASTEGGIO	1	0	8000	53814	133751	225	-18	0.09	0.09	0	
16/05/2011 16:41:49	TASTEGGIO	1	0	8000	53814	133766	223	-24	0.13	0.13	0	
16/05/2011 16:42:08	TASTEGGIO	0	1	8000	53814	133767	204	-8	0.06	0.06	0	
16/05/2011 16:42:16	TASTEGGIO	0	1	8000	53814	133752	204	-8	0.06	0.13	44500	
16/05/2011 16:42:39	TASTEGGIO	1	0	8000	53814	89327	228	-3	0.11	0.11	0	
16/05/2011 16:42:57	TASTEGGIO	0	1	8000	53814	89309	237	-1	0.09	0.09	0	
16/05/2011 16:43:07	TASTEGGIO	0	1	8000	53814	133668	237	-1	0.04	0.10	44500	
16/05/2011 16:43:29	TASTEGGIO	1	0	8000	53814	89238	224	0	0.09	0.09	0	
16/05/2011 16:43:39	TASTEGGIO	1	0	8000	53814	133660	224	0	0.04	0.10	44500	
16/05/2011 16:44:01	TASTEGGIO	1	0	8000	53814	89225	224	0	0.09	0.09	0	
16/05/2011 16:44:12	TASTEGGIO	1	0	8000	53814	133664	224	0	0.04	0.10	44500	
16/05/2011 16:45:08	ALARM 17	proc 12 prog 10 step 47	LavoroTerminato
17/05/2011 08:48:24	ALARM 401		
17/05/2011 08:48:26	INIT OK
17/05/2011 08:51:45	TASTEGGIO	0	0	8000	53815	133667	0	0	0.27	0.35	-44500	
17/05/2011 08:52:06	TASTEGGIO	1	0	8000	53815	178100	288	-24	0.18	0.18	0	
17/05/2011 08:52:23	TASTEGGIO	0	1	8000	53815	178105	297	-22	0.05	0.05	0	
17/05/2011 08:52:34	TASTEGGIO	0	1	8000	53815	133653	297	-22	0.08	0.15	24500	
17/05/2011 08:52:56	TASTEGGIO	1	0	8000	53815	109196	237	-11	0.07	0.07	0	
17/05/2011 08:53:06	TASTEGGIO	1	0	8000	53815	133563	237	-11	0.05	0.10	-44500	
17/05/2011 08:53:27	TASTEGGIO	1	0	8000	53815	177988	225	-14	0.05	0.05	0	
17/05/2011 08:53:38	TASTEGGIO	1	0	8000	53815	133649	225	-14	0.07	0.11	24500	
17/05/2011 08:54:01	TASTEGGIO	1	0	8000	53815	109184	227	-2	0.09	0.09	0	
17/05/2011 08:54:21	TASTEGGIO	0	1	8000	53815	109178	234	-1	0.08	0.08	0	
17/05/2011 08:54:31	TASTEGGIO	0	1	8000	53815	133552	234	-1	0.04	0.09	24500	
17/05/2011 08:54:53	TASTEGGIO	1	0	8000	53815	109082	222	-1	0.07	0.07	0	
17/05/2011 08:55:03	TASTEGGIO	1	0	8000	53815	133564	222	-1	0.04	0.08	24500	
17/05/2011 08:56:52	TASTEGGIO	1	0	8000	53815	133462	222	-1	0.35	0.36	-24500	
17/05/2011 08:57:16	TASTEGGIO	1	0	8000	53815	157900	290	-24	0.15	0.15	0	
17/05/2011 08:57:34	TASTEGGIO	0	0	8000	53815	157907	237	-2	0.13	0.13	0	
17/05/2011 08:57:44	TASTEGGIO	0	0	8000	53815	133438	237	-2	0.15	0.15	0	
17/05/2011 08:58:05	TASTEGGIO	1	0	8000	53815	133450	237	-11	0.04	0.04	0	
17/05/2011 08:58:13	TASTEGGIO	1	0	8000	53815	133435	237	-11	0.04	0.08	-44500	
17/05/2011 09:00:03	TASTEGGIO	1	0	8000	53815	133562	237	-11	0.16	0.21	24500	
17/05/2011 09:00:26	TASTEGGIO	1	0	8000	53815	109089	252	-14	0.09	0.09	0	
17/05/2011 09:00:36	TASTEGGIO	1	0	8000	53815	133466	252	-14	0.10	0.11	44500	
17/05/2011 09:00:59	TASTEGGIO	1	0	8000	53815	89033	227	-6	0.05	0.05	0	
17/05/2011 09:01:10	TASTEGGIO	1	0	8000	53815	133472	227	-6	0.05	0.06	-44500	
17/05/2011 09:03:05	TASTEGGIO	1	0	8000	53814	133754	227	-6	0.22	0.31	-24500	
17/05/2011 09:03:27	TASTEGGIO	1	0	8000	53814	158191	278	-23	0.11	0.11	0	
17/05/2011 09:03:37	TASTEGGIO	1	0	8000	53814	133734	278	-23	0.07	0.11	-24500	
17/05/2011 09:03:58	TASTEGGIO	1	0	8000	53814	158190	227	0	0.10	0.10	0	
17/05/2011 09:04:18	TASTEGGIO	0	1	8000	53814	158197	245	-1	0.09	0.09	0	
17/05/2011 09:04:36	TASTEGGIO	0	2	8000	53814	158205	261	-5	0.05	0.05	0	
17/05/2011 09:04:46	TASTEGGIO	0	2	8000	53814	133730	261	-5	0.06	0.06	0	
17/05/2011 09:06:40	TASTEGGIO	0	2	8000	53814	133663	261	-5	0.52	0.52	0	
17/05/2011 09:07:02	TASTEGGIO	1	0	8000	53814	133679	331	-29	0.23	0.23	0	
17/05/2011 09:07:20	TASTEGGIO	0	0	8000	53814	133679	257	-2	0.23	0.23	0	
17/05/2011 09:07:40	TASTEGGIO	0	1	8000	53814	133679	303	-3	0.19	0.19	0	
17/05/2011 09:08:01	TASTEGGIO	0	2	8000	53814	133679	334	-12	0.08	0.08	0	
17/05/2011 09:08:09	TASTEGGIO	0	2	8000	53814	133651	334	-12	0.08	0.14	24500	
17/05/2011 09:08:32	TASTEGGIO	1	0	8000	53814	109183	235	-7	0.08	0.08	0	
17/05/2011 09:08:42	TASTEGGIO	1	0	8000	53814	133568	235	-7	0.04	0.10	-24500	
17/05/2011 09:09:03	TASTEGGIO	1	0	8000	53814	158003	225	-11	0.02	0.02	0	
17/05/2011 09:09:13	TASTEGGIO	1	0	8000	53814	133642	225	-11	0.06	0.10	44500	
17/05/2011 09:09:37	TASTEGGIO	1	0	8000	53814	89231	225	-3	0.06	0.06	0	
17/05/2011 09:09:47	TASTEGGIO	1	0	8000	53814	133556	225	-3	0.05	0.06	44500	
17/05/2011 09:10:46	ALARM 17	proc 12 prog 10 step 47	LavoroTerminato
17/05/2011 09:19:27	TASTEGGIO	1	0	7700	52639	90448	225	-3	3.41	3.41	0	
17/05/2011 09:19:33	ALARM 817	proc 12 prog 11 step 54	eccentricity = 3.41 mm
17/05/2011 09:20:51	TASTEGGIO	1	0	7700	52639	90447	225	-3	3.40	3.40	0	
17/05/2011 09:20:57	ALARM 817	proc 12 prog 11 step 54	eccentricity = 3.40 mm
17/05/2011 09:25:03	TASTEGGIO	1	0	7700	52638	90695	225	-3	1.30	1.30	0	
17/05/2011 09:25:23	TASTEGGIO	1	0	7700	52638	90708	379	-2	1.29	1.29	0	
17/05/2011 09:25:42	TASTEGGIO	0	1	7700	52638	90708	400	-1	1.28	1.28	0	
17/05/2011 09:26:00	TASTEGGIO	0	1	7700	52638	90708	400	-1	1.28	1.28	0	
17/05/2011 09:26:02	ALARM 401		
17/05/2011 09:26:04	ALARM 401		
17/05/2011 09:26:05	ALARM 401		
17/05/2011 09:26:06	ALARM 401		
17/05/2011 09:26:09	ALARM 401		
17/05/2011 09:26:10	ALARM 401		
17/05/2011 09:26:10	ALARM 401		
17/05/2011 09:26:30	TASTEGGIO	0	1	7700	52638	90695	400	-1	1.28	1.28	0	
17/05/2011 09:26:50	TASTEGGIO	1	0	7700	52638	90707	400	-1	1.28	1.28	0	
17/05/2011 09:27:10	TASTEGGIO	0	1	7700	52638	90707	400	0	1.28	1.28	0	
17/05/2011 09:27:11	ALARM 401		
17/05/2011 09:27:17	ALARM 401		
17/05/2011 09:27:17	ALARM 401		
17/05/2011 09:29:40	TASTEGGIO	0	1	7700	52638	90786	400	0	3.28	3.49	-24500	
17/05/2011 09:29:43	ALARM 401		
17/05/2011 09:29:44	ALARM 401		
17/05/2011 09:29:45	ALARM 401		
17/05/2011 09:29:47	ALARM 401		
17/05/2011 09:29:48	ALARM 401		
17/05/2011 09:30:54	ALARM 307	proc 12 prog 51 step 61	inverter error 8
17/05/2011 09:31:21	ALARM 314	proc 6 prog 41 step 4	go_abs inv_ax 5 code -5
17/05/2011 09:31:28	ALARM 401		
17/05/2011 09:31:33	ALARM 201		err.6059
17/05/2011 09:32:46	TASTEGGIO	0	1	7700	52638	90695	400	0	1.35	1.38	24500	
17/05/2011 09:33:07	TASTEGGIO	1	0	7700	52638	66240	389	-1	1.35	1.35	0	
17/05/2011 09:33:24	TASTEGGIO	0	1	7700	52638	66234	400	-3	1.35	1.35	0	
17/05/2011 09:33:26	ALARM 401		
17/05/2011 09:33:31	ALARM 205		err.6058
17/05/2011 09:56:52	TASTEGGIO	0	1	8000	53814	144773	400	-3	0.03	0.03	44500	
17/05/2011 09:58:47	TASTEGGIO	0	1	8000	53814	144858	400	-3	0.03	0.03	0	
17/05/2011 10:00:43	TASTEGGIO	0	1	8000	53813	144762	400	-3	0.00	0.04	97500	
17/05/2011 10:02:42	TASTEGGIO	0	1	8000	53813	144762	400	-3	0.04	0.04	44500	
17/05/2011 10:04:38	TASTEGGIO	0	1	8000	53813	144671	400	-3	0.04	0.04	24500	
17/05/2011 10:06:31	TASTEGGIO	0	1	8000	53813	144756	400	-3	0.01	0.01	-44500	
17/05/2011 10:08:31	TASTEGGIO	0	1	8000	53813	144856	400	-3	0.03	0.07	-97500	
17/05/2011 10:08:54	TASTEGGIO	1	0	8000	53813	242329	220	-5	0.03	0.03	0	
17/05/2011 10:09:06	TASTEGGIO	1	0	8000	53813	144852	220	-5	0.01	0.03	97500	
17/05/2011 10:11:00	TASTEGGIO	1	0	8000	53812	144855	220	-5	0.01	0.03	-97500	
17/05/2011 10:12:54	TASTEGGIO	1	0	8000	53812	144857	220	-5	0.00	0.08	-97500	
17/05/2011 10:13:17	TASTEGGIO	1	0	8000	53812	242333	222	-3	0.08	0.08	0	
17/05/2011 10:13:34	TASTEGGIO	0	1	8000	53812	242331	238	-2	0.07	0.07	0	
17/05/2011 10:13:52	TASTEGGIO	0	2	8000	53812	242329	250	0	0.06	0.06	0	
17/05/2011 10:14:09	TASTEGGIO	0	3	8000	53812	242329	265	0	0.06	0.06	0	
17/05/2011 10:14:26	TASTEGGIO	0	1	8000	53812	242330	295	-5	0.02	0.02	0	
17/05/2011 10:14:38	TASTEGGIO	0	1	8000	53812	144868	295	-5	0.04	0.06	44500	
17/05/2011 10:15:02	TASTEGGIO	1	0	8000	53812	100396	219	-10	0.04	0.04	0	
17/05/2011 10:15:13	TASTEGGIO	1	0	8000	53812	144755	219	-10	0.03	0.04	-97500	
17/05/2011 10:17:09	TASTEGGIO	1	0	8000	53812	144857	219	-10	0.04	0.05	-44500	
17/05/2011 10:17:31	TASTEGGIO	1	0	8000	53812	189314	218	-4	0.03	0.03	0	
17/05/2011 10:17:42	TASTEGGIO	1	0	8000	53812	144859	218	-4	0.03	0.03	-44500	
17/05/2011 10:19:39	TASTEGGIO	1	0	8000	53812	144761	218	-4	0.01	0.02	44500	
17/05/2011 10:21:34	TASTEGGIO	1	0	8000	53812	144568	218	-4	0.02	0.12	-97500	
17/05/2011 10:21:56	TASTEGGIO	1	0	8000	53812	242026	227	-9	0.05	0.05	0	
17/05/2011 10:22:13	TASTEGGIO	0	0	8000	53812	242026	218	-1	0.05	0.05	0	
17/05/2011 10:22:31	TASTEGGIO	0	1	8000	53812	242027	228	-1	0.04	0.04	0	
17/05/2011 10:22:43	TASTEGGIO	0	1	8000	53812	144568	228	-1	0.07	0.09	97500	
17/05/2011 10:23:06	TASTEGGIO	1	0	8000	53812	47093	223	-1	0.08	0.08	0	
17/05/2011 10:23:22	TASTEGGIO	0	1	8000	53812	47095	230	0	0.08	0.08	0	
17/05/2011 10:23:40	TASTEGGIO	0	1	8000	53812	47095	254	0	0.08	0.08	0	
17/05/2011 10:23:59	TASTEGGIO	0	1	8000	53812	47095	278	0	0.08	0.08	0	
17/05/2011 10:24:16	TASTEGGIO	0	1	8000	53812	47095	302	-1	0.08	0.08	0	
17/05/2011 10:24:34	TASTEGGIO	0	1	8000	53812	47094	326	-1	0.08	0.08	0	
17/05/2011 10:24:53	TASTEGGIO	0	1	8000	53812	47127	350	0	0.08	0.08	0	
17/05/2011 10:25:11	TASTEGGIO	0	1	8000	53812	47128	374	-1	0.07	0.07	0	
17/05/2011 10:25:30	TASTEGGIO	0	2	8000	53812	47131	386	-4	0.04	0.04	0	
17/05/2011 10:25:42	TASTEGGIO	0	2	8000	53812	144460	386	-4	0.04	0.05	-97500	
17/05/2011 10:26:05	TASTEGGIO	1	0	8000	53812	241917	218	-2	0.04	0.04	0	
17/05/2011 10:26:17	TASTEGGIO	1	0	8000	53812	144568	218	-2	0.04	0.05	-97500	
17/05/2011 10:28:12	TASTEGGIO	1	0	8000	53812	144760	218	-2	0.06	0.08	-97500	
17/05/2011 10:28:35	TASTEGGIO	1	0	8000	53812	242202	222	-6	0.04	0.04	0	
17/05/2011 10:28:47	TASTEGGIO	1	0	8000	53812	144769	222	-6	0.06	0.06	-44500	
17/05/2011 10:29:10	TASTEGGIO	1	0	8000	53812	189244	219	-20	0.14	0.14	0	
17/05/2011 10:29:29	TASTEGGIO	0	1	8000	53812	189244	186	-13	0.04	0.04	0	
17/05/2011 10:29:39	TASTEGGIO	0	1	8000	53812	144756	186	-13	0.01	0.04	-44500	
17/05/2011 10:31:34	TASTEGGIO	0	1	8000	53812	144853	186	-13	0.05	0.05	-44500	
17/05/2011 10:31:56	TASTEGGIO	1	0	8000	53812	189318	218	-14	0.10	0.10	0	
17/05/2011 10:32:15	TASTEGGIO	0	1	8000	53812	189319	198	-10	0.01	0.01	0	
17/05/2011 10:32:25	TASTEGGIO	0	1	8000	53812	144852	198	-10	0.01	0.01	-44500	
17/05/2011 10:34:21	TASTEGGIO	0	1	8000	53812	144757	198	-10	0.04	0.06	-97500	
17/05/2011 10:34:44	TASTEGGIO	1	0	8000	53812	242227	219	-7	0.02	0.02	0	
17/05/2011 10:34:56	TASTEGGIO	1	0	8000	53812	144753	219	-7	0.04	0.05	44500	
17/05/2011 10:35:19	TASTEGGIO	1	0	8000	53812	100276	218	-7	0.03	0.03	0	
17/05/2011 10:35:30	TASTEGGIO	1	0	8000	53812	144657	218	-7	0.02	0.04	44500	
17/05/2011 10:37:26	TASTEGGIO	1	0	8000	53812	144861	218	-7	0.05	0.07	-44500	
17/05/2011 10:37:50	TASTEGGIO	1	0	8000	53812	189321	220	-20	0.12	0.12	0	
17/05/2011 10:38:08	TASTEGGIO	0	1	8000	53812	189323	199	-18	0.05	0.05	0	
17/05/2011 10:38:26	TASTEGGIO	0	1	8000	53812	189325	196	-11	0.06	0.06	0	
17/05/2011 10:38:45	TASTEGGIO	0	1	8000	53812	189326	188	-11	0.04	0.04	0	
17/05/2011 10:38:56	TASTEGGIO	0	1	8000	53812	144850	188	-11	0.02	0.04	-97500	
17/05/2011 10:40:00	ALARM 17	proc 12 prog 10 step 47	LavoroTerminato
17/05/2011 16:39:08	ALARM 406		
19/05/2011 11:47:44	ALARM 401		
19/05/2011 11:47:46	INIT OK
19/05/2011 11:52:01	TASTEGGIO	0	0	8000	53815	144780	0	0	0.14	0.14	0	
19/05/2011 11:52:23	TASTEGGIO	1	0	8000	53815	144786	229	-34	0.17	0.17	0	
19/05/2011 11:52:42	TASTEGGIO	0	1	8000	53815	144786	208	-30	0.12	0.12	0	
19/05/2011 11:53:01	TASTEGGIO	0	1	8000	53815	144786	199	-15	0.03	0.03	0	
19/05/2011 11:53:09	TASTEGGIO	0	1	8000	53815	144790	199	-15	0.03	0.05	-44500	
19/05/2011 11:53:31	TASTEGGIO	1	0	8000	53815	189237	218	-27	0.21	0.21	0	
19/05/2011 11:53:48	TASTEGGIO	0	1	8000	53815	189242	129	-6	0.16	0.16	0	
19/05/2011 11:53:50	ALARM 401		
19/05/2011 11:54:15	TASTEGGIO	0	1	8000	53815	144857	129	-6	0.15	0.16	-44500	
19/05/2011 11:54:37	TASTEGGIO	1	0	8000	53815	189333	240	-32	0.16	0.16	0	
19/05/2011 11:54:55	TASTEGGIO	0	1	8000	53815	189333	224	-20	0.04	0.04	0	
19/05/2011 11:55:06	TASTEGGIO	0	1	8000	53815	144861	224	-20	0.05	0.05	0	
19/05/2011 11:55:28	TASTEGGIO	1	0	8000	53815	144873	212	-22	0.16	0.16	0	
19/05/2011 11:55:46	TASTEGGIO	0	1	8000	53815	144875	160	-8	0.08	0.08	0	
19/05/2011 11:56:07	TASTEGGIO	0	0	8000	53815	144876	220	-19	0.11	0.11	0	
19/05/2011 11:56:26	TASTEGGIO	0	1	8000	53815	144877	204	-17	0.04	0.04	0	
19/05/2011 11:56:34	TASTEGGIO	0	1	8000	53815	144871	204	-17	0.04	0.04	0	
19/05/2011 11:58:30	TASTEGGIO	0	1	8000	53814	144760	204	-17	0.09	0.10	-44500	
19/05/2011 11:58:53	TASTEGGIO	1	0	8000	53814	189216	225	-26	0.14	0.14	0	
19/05/2011 11:59:12	TASTEGGIO	0	1	8000	53814	189219	205	-10	0.05	0.05	0	
19/05/2011 11:59:30	TASTEGGIO	0	0	8000	53814	189221	212	-4	0.02	0.02	0	
19/05/2011 11:59:41	TASTEGGIO	0	0	8000	53814	144762	212	-4	0.01	0.02	24500	
19/05/2011 12:01:41	TASTEGGIO	0	0	8000	53814	144757	212	-4	0.13	0.15	-44500	
19/05/2011 12:02:04	TASTEGGIO	1	0	8000	53814	189220	237	-25	0.09	0.09	0	
19/05/2011 12:02:15	TASTEGGIO	1	0	8000	53814	144767	237	-25	0.05	0.09	-44500	
19/05/2011 12:02:38	TASTEGGIO	1	0	8000	53814	189244	222	-24	0.15	0.15	0	
19/05/2011 12:02:56	TASTEGGIO	0	1	8000	53814	189244	196	-6	0.10	0.10	0	
19/05/2011 12:03:15	TASTEGGIO	0	2	8000	53814	189244	205	-3	0.08	0.08	0	
19/05/2011 12:03:33	TASTEGGIO	0	3	8000	53814	189244	216	-3	0.05	0.05	0	
19/05/2011 12:03:51	TASTEGGIO	0	4	8000	53814	189244	222	-2	0.04	0.04	0	
19/05/2011 12:04:02	TASTEGGIO	0	4	8000	53814	144765	222	-2	0.04	0.04	0	
19/05/2011 12:06:02	TASTEGGIO	0	4	8000	53814	144858	222	-2	0.43	0.43	0	
19/05/2011 12:06:25	TASTEGGIO	1	0	8000	53814	144872	308	-57	0.13	0.13	0	
19/05/2011 12:06:32	TASTEGGIO	1	0	8000	53814	144855	308	-57	0.13	0.13	0	
19/05/2011 12:06:54	TASTEGGIO	1	0	8000	53814	144867	232	-29	0.16	0.16	0	
19/05/2011 12:07:14	TASTEGGIO	0	1	8000	53814	144867	212	-17	0.03	0.03	0	
19/05/2011 12:07:22	TASTEGGIO	0	1	8000	53814	144854	212	-17	0.03	0.10	44500	
19/05/2011 12:07:45	TASTEGGIO	1	0	8000	53814	100380	225	-16	0.05	0.05	0	
19/05/2011 12:08:04	TASTEGGIO	0	1	8000	53814	100380	222	-18	0.14	0.14	0	
19/05/2011 12:08:23	TASTEGGIO	0	1	8000	53814	100381	182	-3	0.11	0.11	0	
19/05/2011 12:08:42	TASTEGGIO	0	2	8000	53814	100382	194	-2	0.10	0.10	0	
19/05/2011 12:09:00	TASTEGGIO	0	1	8000	53814	100381	230	-5	0.05	0.05	0	
19/05/2011 12:09:18	TASTEGGIO	0	0	8000	53814	100381	212	-2	0.05	0.05	0	
19/05/2011 12:09:38	TASTEGGIO	0	1	8000	53814	100398	222	-1	0.04	0.04	0	
19/05/2011 12:09:49	TASTEGGIO	0	1	8000	53814	144764	222	-1	0.03	0.05	44500	
19/05/2011 12:10:12	TASTEGGIO	1	0	8000	53814	100286	212	-2	0.04	0.04	0	
19/05/2011 12:10:23	TASTEGGIO	1	0	8000	53814	144761	212	-2	0.03	0.05	97500	
19/05/2011 12:10:45	TASTEGGIO	1	0	8000	53814	47285	212	-1	0.04	0.04	0	
19/05/2011 12:10:57	TASTEGGIO	1	0	8000	53814	144759	212	-1	0.03	0.04	97500	
19/05/2011 12:12:03	ALARM 17	proc 12 prog 10 step 47	LavoroTerminato
19/05/2011 14:30:36	TASTEGGIO	1	0	7600	52248	97083	212	-1	0.13	0.21	-44500	
19/05/2011 14:30:57	TASTEGGIO	1	0	7600	52248	141548	238	-6	0.16	0.16	0	
19/05/2011 14:31:14	TASTEGGIO	0	1	7600	52248	141549	250	-2	0.14	0.14	0	
19/05/2011 14:31:24	TASTEGGIO	0	1	7600	52248	97173	250	-2	0.10	0.16	-24500	
19/05/2011 14:31:45	TASTEGGIO	1	0	7600	52248	121644	232	-6	0.13	0.13	0	
19/05/2011 14:31:55	TASTEGGIO	1	0	7600	52248	97153	232	-6	0.06	0.12	-24500	
19/05/2011 14:32:15	TASTEGGIO	1	0	7600	52248	121628	227	-2	0.10	0.10	0	
19/05/2011 14:32:32	TASTEGGIO	0	1	7600	52248	121629	235	-1	0.09	0.09	0	
19/05/2011 14:32:49	TASTEGGIO	0	2	7600	52248	121630	251	-3	0.07	0.07	0	
19/05/2011 14:32:59	TASTEGGIO	0	2	7600	52248	97151	251	-3	0.05	0.08	-44500	
19/05/2011 14:34:55	TASTEGGIO	0	2	7600	52248	97073	251	-3	0.11	0.21	24500	
19/05/2011 14:35:16	TASTEGGIO	1	0	7600	52248	72609	238	-5	0.17	0.17	0	
19/05/2011 14:35:35	TASTEGGIO	0	1	7600	52248	72607	251	-2	0.15	0.15	0	
19/05/2011 14:35:54	TASTEGGIO	0	2	7600	52248	72605	277	-4	0.12	0.12	0	
19/05/2011 14:36:04	TASTEGGIO	0	2	7600	52248	96952	277	-4	0.04	0.14	24500	
19/05/2011 14:36:24	TASTEGGIO	1	0	7600	52248	72485	229	-2	0.12	0.12	0	
19/05/2011 14:36:42	TASTEGGIO	0	1	7600	52248	72483	239	-1	0.12	0.12	0	
19/05/2011 14:36:59	TASTEGGIO	0	1	7600	52248	72482	275	-2	0.11	0.11	0	
19/05/2011 14:37:16	TASTEGGIO	0	1	7600	52248	72480	305	-8	0.05	0.05	0	
19/05/2011 14:37:26	TASTEGGIO	0	1	7600	52248	96947	305	-8	0.03	0.07	-44500	
19/05/2011 14:39:20	TASTEGGIO	0	1	7600	52247	97166	305	-8	0.12	0.12	0	
19/05/2011 14:39:40	TASTEGGIO	1	0	7600	52247	97176	227	-7	0.08	0.08	0	
19/05/2011 14:39:48	TASTEGGIO	1	0	7600	52247	97157	227	-7	0.08	0.08	-24500	
19/05/2011 14:41:42	TASTEGGIO	1	0	7600	52247	97072	227	-7	0.10	0.20	24500	
19/05/2011 14:42:03	TASTEGGIO	1	0	7600	52247	72606	237	-4	0.15	0.15	0	
19/05/2011 14:42:20	TASTEGGIO	0	1	7600	52247	72605	248	-2	0.14	0.14	0	
19/05/2011 14:42:30	TASTEGGIO	0	1	7600	52247	96954	248	-2	0.06	0.16	24500	
19/05/2011 14:42:51	TASTEGGIO	1	0	7600	52247	72483	232	-1	0.14	0.14	0	
19/05/2011 14:43:00	TASTEGGIO	1	0	7600	52247	96950	232	-1	0.06	0.17	24500	
19/05/2011 14:43:22	TASTEGGIO	1	0	7600	52247	72487	233	-2	0.14	0.14	0	
19/05/2011 14:43:31	TASTEGGIO	1	0	7600	52247	96947	233	-2	0.06	0.17	24500	
19/05/2011 14:43:52	TASTEGGIO	1	0	7600	52247	72477	233	-1	0.14	0.14	0	
19/05/2011 14:44:02	TASTEGGIO	1	0	7600	52247	96951	233	-1	0.07	0.16	24500	
19/05/2011 14:44:23	TASTEGGIO	1	0	7600	52247	72490	232	-1	0.14	0.14	0	
19/05/2011 14:44:33	TASTEGGIO	1	0	7600	52247	96944	232	-1	0.07	0.16	24500	
19/05/2011 14:44:54	TASTEGGIO	1	0	7600	52247	72474	232	-1	0.15	0.15	0	
19/05/2011 14:44:57	ALARM 401		
19/05/2011 14:45:00	ALARM 205		err.6058
19/05/2011 14:45:23	TASTEGGIO	1	0	7600	52247	96943	232	-1	0.07	0.16	24500	
19/05/2011 14:45:44	TASTEGGIO	1	0	7600	52247	72473	240	-1	0.14	0.14	0	
19/05/2011 14:45:54	TASTEGGIO	1	0	7600	52247	96945	240	-1	0.06	0.16	24500	
19/05/2011 14:46:15	TASTEGGIO	1	0	7600	52247	72482	240	-1	0.14	0.14	0	
19/05/2011 14:46:25	TASTEGGIO	1	0	7600	52247	96946	240	-1	0.07	0.16	24500	
19/05/2011 14:46:46	TASTEGGIO	1	0	7600	52247	72477	240	-1	0.14	0.14	0	
19/05/2011 14:46:56	TASTEGGIO	1	0	7600	52247	96946	240	-1	0.07	0.16	24500	
19/05/2011 14:47:16	TASTEGGIO	1	0	7600	52247	72475	240	-1	0.14	0.14	0	
19/05/2011 14:47:26	TASTEGGIO	1	0	7600	52247	96949	240	-1	0.06	0.16	24500	
19/05/2011 14:47:46	TASTEGGIO	1	0	7600	52247	72480	240	0	0.14	0.14	0	
19/05/2011 14:47:50	ALARM 401		
19/05/2011 14:47:53	ALARM 201		err.6059
19/05/2011 14:48:12	TASTEGGIO	1	0	7600	52247	96950	240	0	0.06	0.16	24500	
19/05/2011 14:48:33	TASTEGGIO	1	0	7600	52247	72484	232	-1	0.14	0.14	0	
19/05/2011 14:48:43	TASTEGGIO	1	0	7600	52247	96952	232	-1	0.06	0.15	24500	
19/05/2011 14:50:35	TASTEGGIO	1	0	7600	52247	97074	232	-1	0.16	0.16	0	
19/05/2011 14:50:56	TASTEGGIO	1	0	7600	52247	97091	232	-7	0.11	0.11	0	
19/05/2011 14:51:04	TASTEGGIO	1	0	7600	52247	97068	232	-7	0.11	0.13	24500	
19/05/2011 14:51:25	TASTEGGIO	1	0	7600	52247	72599	228	-4	0.09	0.09	0	
19/05/2011 14:51:42	TASTEGGIO	0	1	7600	52247	72597	234	-2	0.08	0.08	0	
19/05/2011 14:51:51	TASTEGGIO	0	1	7600	52247	96959	234	-2	0.08	0.10	-44500	
19/05/2011 14:52:13	TASTEGGIO	1	0	7600	52247	141418	224	-4	0.06	0.06	0	
19/05/2011 14:52:23	TASTEGGIO	1	0	7600	52247	97069	224	-4	0.07	0.08	24500	
19/05/2011 14:53:10	ALARM 314	proc 3 prog 41 step 4	go_abs inv_ax 5 code -5
19/05/2011 14:59:29	ALARM 401		
19/05/2011 15:01:58	TASTEGGIO	1	0	7600	52247	97069	224	-4	0.20	0.20	0	
19/05/2011 15:02:17	TASTEGGIO	1	0	7600	52247	97089	237	-5	0.15	0.15	0	
19/05/2011 15:02:36	TASTEGGIO	0	1	7600	52247	97088	248	-3	0.13	0.13	0	
19/05/2011 15:02:44	TASTEGGIO	0	1	7600	52247	97066	248	-3	0.13	0.14	44500	
19/05/2011 15:03:05	TASTEGGIO	1	0	7600	52247	52592	229	-2	0.14	0.14	0	
19/05/2011 15:03:21	TASTEGGIO	0	1	7600	52247	52590	257	-2	0.13	0.13	0	
19/05/2011 15:03:40	TASTEGGIO	0	1	7600	52247	52588	293	-4	0.10	0.10	0	
19/05/2011 15:03:57	TASTEGGIO	0	2	7600	52247	52587	303	-3	0.08	0.08	0	
19/05/2011 15:04:08	TASTEGGIO	0	2	7600	52247	96950	303	-3	0.08	0.09	-24500	
19/05/2011 15:04:29	TASTEGGIO	1	0	7600	52247	121426	223	-6	0.04	0.04	0	
19/05/2011 15:04:39	TASTEGGIO	1	0	7600	52247	97072	223	-6	0.05	0.09	-44500	
19/05/2011 15:05:00	TASTEGGIO	1	0	7600	52247	141544	223	-4	0.05	0.05	0	
19/05/2011 15:05:11	TASTEGGIO	1	0	7600	52247	97061	223	-4	0.08	0.08	0	
19/05/2011 15:07:06	TASTEGGIO	1	0	7600	52247	97168	223	-4	0.13	0.23	-44500	
19/05/2011 15:07:27	TASTEGGIO	1	0	7600	52247	141629	241	-6	0.19	0.19	0	
19/05/2011 15:07:44	TASTEGGIO	0	1	7600	52247	141634	256	-3	0.16	0.16	0	
19/05/2011 15:08:02	TASTEGGIO	0	2	7600	52247	141639	282	-5	0.12	0.12	0	
19/05/2011 15:08:13	TASTEGGIO	0	2	7600	52247	97170	282	-5	0.05	0.11	-44500	
19/05/2011 15:08:34	TASTEGGIO	1	0	7600	52247	141648	225	-1	0.11	0.11	0	
19/05/2011 15:08:52	TASTEGGIO	0	1	7600	52247	141648	247	0	0.11	0.11	0	
19/05/2011 15:09:09	TASTEGGIO	0	1	7600	52247	141648	280	-2	0.10	0.10	0	
19/05/2011 15:09:25	TASTEGGIO	0	1	7600	52247	141648	307	-7	0.04	0.04	0	
19/05/2011 15:09:36	TASTEGGIO	0	1	7600	52247	97159	307	-7	0.02	0.07	-24500	
19/05/2011 15:11:31	TASTEGGIO	0	1	7600	52247	97073	307	-7	0.22	0.22	0	
19/05/2011 15:11:51	TASTEGGIO	1	0	7600	52247	97092	240	-7	0.17	0.17	0	
19/05/2011 15:12:09	TASTEGGIO	0	1	7600	52247	97092	253	-3	0.14	0.14	0	
19/05/2011 15:12:17	TASTEGGIO	0	1	7600	52247	97069	253	-3	0.13	0.13	0	
19/05/2011 15:12:36	TASTEGGIO	1	0	7600	52247	97087	228	-2	0.12	0.12	0	
19/05/2011 15:12:55	TASTEGGIO	0	1	7600	52247	97088	250	-2	0.10	0.10	0	
19/05/2011 15:13:14	TASTEGGIO	0	2	7600	52247	97088	266	-2	0.09	0.09	0	
19/05/2011 15:13:32	TASTEGGIO	0	3	7600	52247	97089	290	-5	0.04	0.04	0	
19/05/2011 15:13:40	TASTEGGIO	0	3	7600	52247	97068	290	-5	0.04	0.05	44500	
19/05/2011 15:15:36	TASTEGGIO	0	3	7600	52246	97068	290	-5	0.14	0.25	-44500	
19/05/2011 15:15:58	TASTEGGIO	1	0	7600	52246	141534	243	-7	0.21	0.21	0	
19/05/2011 15:16:14	TASTEGGIO	0	1	7600	52246	141537	260	-4	0.18	0.18	0	
19/05/2011 15:16:31	TASTEGGIO	0	2	7600	52246	141537	290	-7	0.11	0.11	0	
19/05/2011 15:16:42	TASTEGGIO	0	2	7600	52246	97066	290	-7	0.05	0.10	-44500	
19/05/2011 15:17:03	TASTEGGIO	1	0	7600	52246	141540	224	0	0.10	0.10	0	
19/05/2011 15:17:20	TASTEGGIO	0	1	7600	52246	141540	244	0	0.09	0.09	0	
19/05/2011 15:17:36	TASTEGGIO	0	2	7600	52246	141540	260	0	0.09	0.09	0	
19/05/2011 15:17:55	TASTEGGIO	0	1	7600	52246	141540	296	-3	0.06	0.06	0	
19/05/2011 15:18:06	TASTEGGIO	0	1	7600	52246	97065	296	-3	0.04	0.06	-44500	
19/05/2011 15:19:59	TASTEGGIO	0	1	7600	52246	97077	296	-3	0.03	0.18	-44500	
19/05/2011 15:20:20	TASTEGGIO	1	0	7600	52246	141539	234	-7	0.15	0.15	0	
19/05/2011 15:20:36	TASTEGGIO	0	1	7600	52246	141543	246	-3	0.12	0.12	0	
19/05/2011 15:20:46	TASTEGGIO	0	1	7600	52246	97078	246	-3	0.02	0.12	-44500	
19/05/2011 15:21:07	TASTEGGIO	1	0	7600	52246	141551	227	0	0.12	0.12	0	
19/05/2011 15:21:25	TASTEGGIO	0	1	7600	52246	141552	251	-1	0.11	0.11	0	
19/05/2011 15:21:42	TASTEGGIO	0	1	7600	52246	141551	281	-5	0.06	0.06	0	
19/05/2011 15:21:53	TASTEGGIO	0	1	7600	52246	97057	281	-5	0.06	0.09	44500	
19/05/2011 15:22:14	TASTEGGIO	1	0	7600	52246	52615	223	-3	0.06	0.06	0	
19/05/2011 15:22:24	TASTEGGIO	1	0	7600	52246	96948	223	-3	0.08	0.08	0	
19/05/2011 15:24:18	TASTEGGIO	1	0	7600	52246	96967	223	-3	0.11	0.20	44500	
19/05/2011 15:24:40	TASTEGGIO	1	0	7600	52246	52490	237	-2	0.17	0.17	0	
19/05/2011 15:24:58	TASTEGGIO	0	1	7600	52246	52491	251	-2	0.16	0.16	0	
19/05/2011 15:25:15	TASTEGGIO	0	1	7600	52246	52491	296	-4	0.12	0.12	0	
19/05/2011 15:25:25	TASTEGGIO	0	1	7600	52246	96850	296	-4	0.09	0.13	44500	
19/05/2011 15:25:46	TASTEGGIO	1	0	7600	52246	52377	228	-1	0.12	0.12	0	
19/05/2011 15:26:04	TASTEGGIO	0	1	7600	52246	52376	250	-1	0.12	0.12	0	
19/05/2011 15:26:23	TASTEGGIO	0	1	7600	52246	52375	286	-1	0.12	0.12	0	
19/05/2011 15:26:41	TASTEGGIO	0	1	7600	52246	52374	322	-4	0.08	0.08	0	
19/05/2011 15:26:52	TASTEGGIO	0	1	7600	52246	96850	322	-4	0.07	0.13	-44500	
19/05/2011 15:27:14	TASTEGGIO	1	0	7600	52246	141311	228	-5	0.09	0.09	0	
19/05/2011 15:27:30	TASTEGGIO	0	1	7600	52246	141316	234	-3	0.06	0.06	0	
19/05/2011 15:27:41	TASTEGGIO	0	1	7600	52246	96966	234	-3	0.12	0.12	0	
19/05/2011 15:28:01	TASTEGGIO	1	0	7600	52246	96980	227	-5	0.06	0.06	0	
19/05/2011 15:28:09	TASTEGGIO	1	0	7600	52246	96972	227	-5	0.06	0.11	44500	
19/05/2011 15:28:31	TASTEGGIO	1	0	7600	52246	52513	225	-1	0.09	0.09	0	
19/05/2011 15:28:47	TASTEGGIO	0	1	7600	52246	52512	232	0	0.09	0.09	0	
19/05/2011 15:29:05	TASTEGGIO	0	1	7600	52246	52510	259	-1	0.09	0.09	0	
19/05/2011 15:29:22	TASTEGGIO	0	1	7600	52246	52508	286	-1	0.08	0.08	0	
19/05/2011 15:29:32	TASTEGGIO	0	1	7600	52246	96854	286	-1	0.06	0.11	-44500	
19/05/2011 15:29:54	TASTEGGIO	1	0	7600	52246	141316	225	-1	0.09	0.09	0	
19/05/2011 15:30:10	TASTEGGIO	0	1	7600	52246	141321	232	-1	0.08	0.08	0	
19/05/2011 15:30:21	TASTEGGIO	0	1	7600	52246	96974	232	-1	0.07	0.09	44500	
19/05/2011 15:30:42	TASTEGGIO	1	0	7600	52246	52514	223	-1	0.08	0.08	0	
19/05/2011 15:30:52	TASTEGGIO	1	0	7600	52246	96853	223	-1	0.07	0.11	44500	
19/05/2011 15:31:12	TASTEGGIO	1	0	7600	52246	52379	225	-1	0.09	0.09	0	
19/05/2011 15:31:23	TASTEGGIO	1	0	7600	52246	96854	225	-1	0.07	0.10	44500	
19/05/2011 15:31:43	TASTEGGIO	1	0	7600	52246	52377	224	-1	0.08	0.08	0	
19/05/2011 15:31:53	TASTEGGIO	1	0	7600	52246	96851	224	-1	0.07	0.10	-44500	
19/05/2011 15:32:15	TASTEGGIO	1	0	7600	52246	141311	224	-1	0.08	0.08	0	
19/05/2011 15:32:25	TASTEGGIO	1	0	7600	52246	96969	224	-1	0.07	0.10	-44500	
19/05/2011 15:32:46	TASTEGGIO	1	0	7600	52246	141446	224	0	0.09	0.09	0	
19/05/2011 15:32:57	TASTEGGIO	1	0	7600	52246	96972	224	0	0.07	0.10	44500	
19/05/2011 15:34:54	TASTEGGIO	1	0	7600	52246	96964	224	0	0.08	0.19	-24500	
19/05/2011 15:35:16	TASTEGGIO	1	0	7600	52246	121437	236	-7	0.17	0.17	0	
19/05/2011 15:35:33	TASTEGGIO	0	1	7600	52246	121439	251	-4	0.14	0.14	0	
19/05/2011 15:35:43	TASTEGGIO	0	1	7600	52246	96964	251	-4	0.08	0.14	-44500	
19/05/2011 15:36:04	TASTEGGIO	1	0	7600	52246	141437	229	-2	0.11	0.11	0	
19/05/2011 15:36:21	TASTEGGIO	0	1	7600	52246	141439	237	-1	0.09	0.09	0	
19/05/2011 15:36:39	TASTEGGIO	0	2	7600	52246	141440	251	-1	0.08	0.08	0	
19/05/2011 15:36:49	TASTEGGIO	0	2	7600	52246	96952	251	-1	0.07	0.10	24500	
19/05/2011 15:37:10	TASTEGGIO	1	0	7600	52246	72507	224	-4	0.07	0.07	0	
19/05/2011 15:37:20	TASTEGGIO	1	0	7600	52246	96839	224	-4	0.07	0.08	-24500	
19/05/2011 15:39:14	TASTEGGIO	1	0	7600	52246	97068	224	-4	0.50	0.81	-44500	
19/05/2011 15:39:36	TASTEGGIO	1	0	7600	52246	141539	316	-11	0.70	0.70	0	
19/05/2011 15:39:54	TASTEGGIO	0	1	7600	52246	141540	376	-20	0.51	0.51	0	
19/05/2011 15:40:12	TASTEGGIO	0	2	7600	52246	141540	400	-19	0.32	0.32	0	
19/05/2011 15:40:30	TASTEGGIO	0	3	7600	52246	141541	400	-11	0.21	0.21	0	
19/05/2011 15:40:50	TASTEGGIO	0	4	7600	52246	141541	400	-7	0.15	0.15	0	
19/05/2011 15:41:08	TASTEGGIO	0	5	7600	52246	141541	400	-17	0.08	0.08	0	
19/05/2011 15:41:19	TASTEGGIO	0	5	7600	52246	97071	400	-17	0.33	0.44	-24500	
19/05/2011 15:41:41	TASTEGGIO	1	0	7600	52246	121551	268	-13	0.35	0.35	0	
19/05/2011 15:41:59	TASTEGGIO	0	1	7600	52246	121554	295	-10	0.25	0.25	0	
19/05/2011 15:42:18	TASTEGGIO	0	2	7600	52246	121557	320	-13	0.14	0.14	0	
19/05/2011 15:42:27	TASTEGGIO	0	2	7600	52246	97059	320	-13	0.07	0.52	24500	
19/05/2011 15:42:49	TASTEGGIO	1	0	7600	52246	72602	278	-10	0.42	0.42	0	
19/05/2011 15:43:07	TASTEGGIO	0	1	7600	52246	72600	311	-10	0.32	0.32	0	
19/05/2011 15:43:25	TASTEGGIO	0	2	7600	52246	72598	345	-17	0.16	0.16	0	
19/05/2011 15:43:43	TASTEGGIO	0	0	7600	52246	72596	232	0	0.16	0.16	0	
19/05/2011 15:44:01	TASTEGGIO	0	1	7600	52246	72594	264	-1	0.16	0.16	0	
19/05/2011 15:44:20	TASTEGGIO	0	1	7600	52246	72591	312	-1	0.15	0.15	0	
19/05/2011 15:44:38	TASTEGGIO	0	1	7600	52246	72636	354	-14	0.03	0.03	0	
19/05/2011 15:44:48	TASTEGGIO	0	1	7600	52246	96959	354	-14	0.48	0.48	0	
19/05/2011 15:45:09	TASTEGGIO	1	0	7600	52246	96955	273	-10	0.38	0.38	0	
19/05/2011 15:45:27	TASTEGGIO	0	1	7600	52246	96956	303	-8	0.29	0.29	0	
19/05/2011 15:45:45	TASTEGGIO	0	2	7600	52246	96958	334	-14	0.16	0.16	0	
19/05/2011 15:46:04	TASTEGGIO	0	3	7600	52246	96958	349	-18	0.04	0.04	0	
19/05/2011 15:46:12	TASTEGGIO	0	3	7600	52246	96965	349	-18	0.04	0.39	24500	
19/05/2011 15:46:34	TASTEGGIO	1	0	7600	52246	72502	261	-2	0.38	0.38	0	
19/05/2011 15:46:52	TASTEGGIO	0	1	7600	52246	72499	335	-2	0.37	0.37	0	
19/05/2011 15:47:12	TASTEGGIO	0	1	7600	52246	72499	400	-15	0.23	0.23	0	
19/05/2011 15:47:31	TASTEGGIO	0	2	7600	52246	72498	400	-17	0.08	0.08	0	
19/05/2011 15:47:41	TASTEGGIO	0	2	7600	52246	96960	400	-17	0.29	0.29	0	
19/05/2011 15:48:01	TASTEGGIO	1	0	7600	52246	96955	249	-3	0.27	0.27	0	
19/05/2011 15:48:21	TASTEGGIO	0	1	7600	52246	96956	299	-3	0.25	0.25	0	
19/05/2011 15:48:39	TASTEGGIO	0	1	7600	52246	96959	368	-15	0.14	0.14	0	
19/05/2011 15:48:47	TASTEGGIO	0	1	7600	52246	96965	368	-15	0.14	0.23	44500	
19/05/2011 15:49:09	TASTEGGIO	1	0	7600	52246	52489	241	-2	0.19	0.19	0	
19/05/2011 15:49:25	TASTEGGIO	0	1	7600	52246	52489	256	-1	0.18	0.18	0	
19/05/2011 15:49:42	TASTEGGIO	0	1	7600	52246	52489	307	-6	0.13	0.13	0	
19/05/2011 15:49:53	TASTEGGIO	0	1	7600	52246	96953	307	-6	0.09	0.25	24500	
19/05/2011 15:50:15	TASTEGGIO	1	0	7600	52246	72485	243	-2	0.24	0.24	0	
19/05/2011 15:50:32	TASTEGGIO	0	1	7600	52246	72483	289	-1	0.23	0.23	0	
19/05/2011 15:50:52	TASTEGGIO	0	1	7600	52246	72482	355	-2	0.21	0.21	0	
19/05/2011 15:51:11	TASTEGGIO	0	1	7600	52246	72481	400	-6	0.16	0.16	0	
19/05/2011 15:51:31	TASTEGGIO	0	2	7600	52246	72482	400	-4	0.12	0.12	0	
19/05/2011 15:51:41	TASTEGGIO	0	2	7600	52246	96954	400	-4	0.21	0.21	0	
19/05/2011 15:53:44	TASTEGGIO	1	0	7600	52246	97070	238	-3	0.19	0.19	0	
19/05/2011 15:54:04	TASTEGGIO	1	0	7600	52246	97085	236	-7	0.14	0.14	0	
19/05/2011 15:54:12	TASTEGGIO	1	0	7600	52246	97061	236	-7	0.14	0.14	0	
19/05/2011 15:54:32	TASTEGGIO	1	0	7600	52246	97077	229	-8	0.19	0.19	0	
19/05/2011 15:54:50	TASTEGGIO	0	1	7600	52246	97080	279	-10	0.09	0.09	0	
19/05/2011 15:55:07	TASTEGGIO	0	0	7600	52246	97080	223	0	0.09	0.09	0	
19/05/2011 15:55:25	TASTEGGIO	0	1	7600	52246	97080	241	-1	0.09	0.09	0	
19/05/2011 15:55:44	TASTEGGIO	0	1	7600	52246	97081	268	-1	0.08	0.08	0	
19/05/2011 15:55:52	TASTEGGIO	0	1	7600	52246	97060	268	-1	0.08	0.11	44500	
19/05/2011 15:56:13	TASTEGGIO	1	0	7600	52246	52581	225	-2	0.09	0.09	0	
19/05/2011 15:56:29	TASTEGGIO	0	1	7600	52246	52580	232	-1	0.08	0.08	0	
19/05/2011 15:56:40	TASTEGGIO	0	1	7600	52246	96959	232	-1	0.09	0.09	44500	
19/05/2011 15:57:01	TASTEGGIO	1	0	7600	52246	52483	223	-1	0.08	0.08	0	
19/05/2011 15:57:11	TASTEGGIO	1	0	7600	52246	96953	223	-1	0.09	0.09	44500	
19/05/2011 15:57:32	TASTEGGIO	1	0	7600	52246	52479	223	0	0.08	0.08	0	
19/05/2011 15:57:43	TASTEGGIO	1	0	7600	52246	96951	223	0	0.09	0.09	0	
19/05/2011 15:58:03	TASTEGGIO	1	0	7600	52246	96948	223	-1	0.09	0.09	0	
19/05/2011 15:58:21	TASTEGGIO	0	1	7600	52246	96948	241	-1	0.09	0.09	0	
19/05/2011 15:58:40	TASTEGGIO	0	1	7600	52246	96948	268	-2	0.07	0.07	0	
19/05/2011 15:58:48	TASTEGGIO	0	1	7600	52246	96956	268	-2	0.07	0.10	44500	
19/05/2011 15:59:09	TASTEGGIO	1	0	7600	52246	52481	224	0	0.09	0.09	0	
19/05/2011 15:59:25	TASTEGGIO	0	1	7600	52246	52480	232	0	0.09	0.09	0	
19/05/2011 15:59:43	TASTEGGIO	0	1	7600	52246	52481	259	-1	0.08	0.08	0	
19/05/2011 15:59:54	TASTEGGIO	0	1	7600	52246	96952	259	-1	0.08	0.09	44500	
19/05/2011 16:00:15	TASTEGGIO	1	0	7600	52246	52477	223	0	0.08	0.08	0	
19/05/2011 16:00:25	TASTEGGIO	1	0	7600	52246	96952	223	0	0.08	0.08	44500	
19/05/2011 16:02:22	TASTEGGIO	1	0	7600	52246	96967	223	0	0.16	0.16	0	
19/05/2011 16:02:42	TASTEGGIO	1	0	7600	52246	96979	232	-6	0.11	0.11	0	
19/05/2011 16:02:50	TASTEGGIO	1	0	7600	52246	96957	232	-6	0.12	0.12	0	
19/05/2011 16:03:10	TASTEGGIO	1	0	7600	52246	96970	227	-2	0.12	0.12	0	
19/05/2011 16:03:28	TASTEGGIO	0	1	7600	52246	96971	251	-5	0.09	0.09	0	
19/05/2011 16:03:46	TASTEGGIO	0	2	7600	52246	96971	260	-3	0.06	0.06	0	
19/05/2011 16:03:54	TASTEGGIO	0	2	7600	52246	96954	260	-3	0.06	0.10	-24500	
19/05/2011 16:04:15	TASTEGGIO	1	0	7600	52246	121423	224	-6	0.05	0.05	0	
19/05/2011 16:04:24	TASTEGGIO	1	0	7600	52246	96963	224	-6	0.05	0.06	-44500	
19/05/2011 16:06:19	TASTEGGIO	1	0	7600	52246	96969	224	-6	0.21	0.29	-24500	
19/05/2011 16:06:40	TASTEGGIO	1	0	7600	52246	121442	249	-8	0.23	0.23	0	
19/05/2011 16:06:57	TASTEGGIO	0	1	7600	52246	121443	267	-5	0.18	0.18	0	
19/05/2011 16:07:15	TASTEGGIO	0	2	7600	52246	121444	286	-7	0.12	0.12	0	
19/05/2011 16:07:25	TASTEGGIO	0	2	7600	52246	96963	286	-7	0.07	0.19	24500	
19/05/2011 16:07:47	TASTEGGIO	1	0	7600	52246	72518	236	-5	0.11	0.11	0	
19/05/2011 16:07:56	TASTEGGIO	1	0	7600	52246	96846	236	-5	0.10	0.15	24500	
19/05/2011 16:08:17	TASTEGGIO	1	0	7600	52246	72374	231	-1	0.12	0.12	0	
19/05/2011 16:08:27	TASTEGGIO	1	0	7600	52246	96848	231	-1	0.12	0.16	-24500	
19/05/2011 16:08:49	TASTEGGIO	1	0	7600	52246	121325	232	-1	0.15	0.15	0	
19/05/2011 16:09:08	TASTEGGIO	0	1	7600	52246	121327	260	-1	0.14	0.14	0	
19/05/2011 16:09:18	TASTEGGIO	0	1	7600	52246	96965	260	-1	0.11	0.14	-24500	
19/05/2011 16:09:39	TASTEGGIO	1	0	7600	52246	121441	229	-1	0.14	0.14	0	
19/05/2011 16:09:56	TASTEGGIO	0	1	7600	52246	121443	257	-1	0.13	0.13	0	
19/05/2011 16:10:15	TASTEGGIO	0	1	7600	52246	121445	293	-4	0.10	0.10	0	
19/05/2011 16:10:35	TASTEGGIO	0	2	7600	52246	121447	303	-4	0.06	0.06	0	
19/05/2011 16:10:45	TASTEGGIO	0	2	7600	52246	96961	303	-4	0.05	0.19	24500	
19/05/2011 16:11:06	TASTEGGIO	1	0	7600	52246	72502	236	-2	0.17	0.17	0	
19/05/2011 16:11:25	TASTEGGIO	0	1	7600	52246	72501	251	-2	0.16	0.16	0	
19/05/2011 16:11:42	TASTEGGIO	0	1	7600	52246	72499	296	-7	0.09	0.09	0	
19/05/2011 16:11:52	TASTEGGIO	0	1	7600	52246	96849	296	-7	0.12	0.12	-24500	
19/05/2011 16:12:14	TASTEGGIO	1	0	7600	52246	121328	227	-1	0.12	0.12	0	
19/05/2011 16:12:24	TASTEGGIO	1	0	7600	52246	96966	227	-1	0.12	0.12	24500	
19/05/2011 16:14:24	TASTEGGIO	1	0	7600	52246	97075	227	-1	0.20	0.27	-24500	
19/05/2011 16:14:46	TASTEGGIO	1	0	7600	52246	121543	246	-8	0.21	0.21	0	
19/05/2011 16:15:03	TASTEGGIO	0	1	7600	52246	121549	262	-6	0.16	0.16	0	
19/05/2011 16:15:22	TASTEGGIO	0	2	7600	52246	121551	279	-5	0.11	0.11	0	
19/05/2011 16:15:31	TASTEGGIO	0	2	7600	52246	97063	279	-5	0.18	0.18	0	
19/05/2011 16:15:50	TASTEGGIO	1	0	7600	52246	97082	234	-7	0.12	0.12	0	
19/05/2011 16:15:58	TASTEGGIO	1	0	7600	52246	97066	234	-7	0.12	0.15	-44500	
19/05/2011 16:16:20	TASTEGGIO	1	0	7600	52246	141539	231	-6	0.10	0.10	0	
19/05/2011 16:16:30	TASTEGGIO	1	0	7600	52246	97049	231	-6	0.09	0.20	-24500	
19/05/2011 16:16:52	TASTEGGIO	1	0	7600	52246	121528	237	-2	0.18	0.18	0	
19/05/2011 16:17:09	TASTEGGIO	0	1	7600	52246	121529	253	-2	0.16	0.16	0	
19/05/2011 16:17:28	TASTEGGIO	0	2	7600	52246	121530	281	-4	0.12	0.12	0	
19/05/2011 16:17:38	TASTEGGIO	0	2	7600	52246	97048	281	-4	0.14	0.14	-44500	
19/05/2011 16:18:00	TASTEGGIO	1	0	7600	52246	141526	229	-1	0.13	0.13	0	
19/05/2011 16:18:18	TASTEGGIO	0	1	7600	52246	141526	253	-3	0.11	0.11	0	
19/05/2011 16:18:35	TASTEGGIO	0	2	7600	52246	141526	271	-5	0.06	0.06	0	
19/05/2011 16:18:46	TASTEGGIO	0	2	7600	52246	97046	271	-5	0.08	0.19	-24500	
19/05/2011 16:19:08	TASTEGGIO	1	0	7600	52246	121525	236	-3	0.18	0.18	0	
19/05/2011 16:19:25	TASTEGGIO	0	1	7600	52246	121526	270	-3	0.15	0.15	0	
19/05/2011 16:19:45	TASTEGGIO	0	2	7600	52246	121526	294	-4	0.12	0.12	0	
19/05/2011 16:19:54	TASTEGGIO	0	2	7600	52246	97046	294	-4	0.13	0.13	0	
19/05/2011 16:21:50	TASTEGGIO	0	2	7600	52246	97074	294	-4	0.15	0.18	-24500	
19/05/2011 16:22:12	TASTEGGIO	1	0	7600	52246	121545	234	-8	0.12	0.12	0	
19/05/2011 16:22:22	TASTEGGIO	1	0	7600	52246	97071	234	-8	0.10	0.12	-24500	
19/05/2011 16:22:43	TASTEGGIO	1	0	7600	52246	121548	227	-3	0.09	0.09	0	
19/05/2011 16:23:00	TASTEGGIO	0	1	7600	52246	121550	233	-2	0.07	0.07	0	
19/05/2011 16:23:10	TASTEGGIO	0	1	7600	52246	97055	233	-2	0.08	0.08	0	
19/05/2011 16:25:07	TASTEGGIO	0	1	7600	52246	97168	233	-2	0.05	0.14	-44500	
19/05/2011 16:25:28	TASTEGGIO	1	0	7600	52246	141643	229	-4	0.09	0.09	0	
19/05/2011 16:25:45	TASTEGGIO	0	1	7600	52246	141644	234	-2	0.07	0.07	0	
19/05/2011 16:25:55	TASTEGGIO	0	1	7600	52246	97166	234	-2	0.09	0.12	44500	
19/05/2011 16:26:16	TASTEGGIO	1	0	7600	52246	52715	227	-3	0.10	0.10	0	
19/05/2011 16:26:32	TASTEGGIO	0	1	7600	52246	52712	235	-1	0.08	0.08	0	
19/05/2011 16:26:42	TASTEGGIO	0	1	7600	52246	97035	235	-1	0.10	0.10	24500	
19/05/2011 16:27:03	TASTEGGIO	1	0	7600	52246	72564	224	-3	0.08	0.08	0	
19/05/2011 16:27:13	TASTEGGIO	1	0	7600	52246	97042	224	-3	0.07	0.09	-44500	
19/05/2011 16:27:35	TASTEGGIO	1	0	7600	52246	141512	223	-1	0.09	0.09	0	
19/05/2011 16:27:51	TASTEGGIO	0	1	7600	52246	141515	241	-1	0.08	0.08	0	
19/05/2011 16:28:02	TASTEGGIO	0	1	7600	52246	97167	241	-1	0.08	0.10	44500	
19/05/2011 16:28:23	TASTEGGIO	1	0	7600	52246	52717	224	-1	0.08	0.08	0	
19/05/2011 16:28:34	TASTEGGIO	1	0	7600	52246	97047	224	-1	0.08	0.09	44500	
19/05/2011 16:30:28	TASTEGGIO	1	0	7600	52246	97075	224	-1	0.20	0.20	0	
19/05/2011 16:30:47	TASTEGGIO	1	0	7600	52246	97092	237	-6	0.15	0.15	0	
19/05/2011 16:31:06	TASTEGGIO	0	1	7600	52246	97093	248	-3	0.13	0.13	0	
19/05/2011 16:31:14	TASTEGGIO	0	1	7600	52246	97068	248	-3	0.13	0.13	0	
19/05/2011 16:31:33	TASTEGGIO	1	0	7600	52246	97088	228	-7	0.18	0.18	0	
19/05/2011 16:31:51	TASTEGGIO	0	1	7600	52246	97088	276	-7	0.12	0.12	0	
19/05/2011 16:32:09	TASTEGGIO	0	2	7600	52246	97088	287	-5	0.08	0.08	0	
19/05/2011 16:32:17	TASTEGGIO	0	2	7600	52246	97067	287	-5	0.09	0.09	44500	
19/05/2011 16:34:13	TASTEGGIO	0	2	7600	52246	97075	287	-5	0.12	0.12	0	
19/05/2011 16:34:33	TASTEGGIO	1	0	7600	52246	97093	227	-5	0.08	0.08	0	
19/05/2011 16:34:41	TASTEGGIO	1	0	7600	52246	97070	227	-5	0.08	0.09	44500	
19/05/2011 16:36:36	TASTEGGIO	1	0	7600	52245	97077	227	-5	0.10	0.14	24500	
19/05/2011 16:36:56	TASTEGGIO	1	0	7600	52245	72599	229	-4	0.11	0.11	0	
19/05/2011 16:37:06	TASTEGGIO	1	0	7600	52245	96952	229	-4	0.07	0.12	-44500	
19/05/2011 16:37:26	TASTEGGIO	1	0	7600	52245	141417	227	-5	0.09	0.09	0	
19/05/2011 16:37:36	TASTEGGIO	1	0	7600	52245	97058	227	-5	0.04	0.10	24500	
19/05/2011 16:39:33	TASTEGGIO	1	0	7600	52245	97073	227	-5	0.28	0.28	0	
19/05/2011 16:39:53	TASTEGGIO	1	0	7600	52245	97091	247	-6	0.23	0.23	0	
19/05/2011 16:40:12	TASTEGGIO	0	1	7600	52245	97092	265	-3	0.20	0.20	0	
19/05/2011 16:40:30	TASTEGGIO	0	2	7600	52245	97092	299	-11	0.11	0.11	0	
19/05/2011 16:40:38	TASTEGGIO	0	2	7600	52245	97068	299	-11	0.11	0.14	-44500	
19/05/2011 16:40:59	TASTEGGIO	1	0	7600	52245	141535	229	-5	0.12	0.12	0	
19/05/2011 16:41:15	TASTEGGIO	0	1	7600	52245	141536	239	-2	0.09	0.09	0	
19/05/2011 16:41:26	TASTEGGIO	0	1	7600	52245	97066	239	-2	0.10	0.10	44500	
19/05/2011 16:42:39	ALARM 17	proc 12 prog 10 step 47	LavoroTerminato
19/05/2011 16:44:00	TASTEGGIO	0	1	7600	52245	96971	239	-2	0.18	0.19	44500	
19/05/2011 16:44:22	TASTEGGIO	1	0	7600	52245	52494	236	-2	0.16	0.16	0	
19/05/2011 16:44:38	TASTEGGIO	0	1	7600	52245	52494	249	-1	0.15	0.15	0	
19/05/2011 16:44:55	TASTEGGIO	0	1	7600	52245	52494	291	-4	0.12	0.12	0	
19/05/2011 16:45:06	TASTEGGIO	0	1	7600	52245	96853	291	-4	0.15	0.19	-24500	
19/05/2011 16:45:27	TASTEGGIO	1	0	7600	52245	121330	236	-8	0.13	0.13	0	
19/05/2011 16:45:37	TASTEGGIO	1	0	7600	52245	96951	236	-8	0.15	0.15	0	
19/05/2011 16:45:56	TASTEGGIO	1	0	7600	52245	96966	231	-5	0.09	0.09	0	
19/05/2011 16:46:04	TASTEGGIO	1	0	7600	52245	96952	231	-5	0.09	0.16	-24500	
19/05/2011 16:46:26	TASTEGGIO	1	0	7600	52245	121428	232	-3	0.14	0.14	0	
19/05/2011 16:46:36	TASTEGGIO	1	0	7600	52245	96941	232	-3	0.10	0.14	-24500	
19/05/2011 16:47:48	ALARM 17	proc 12 prog 10 step 47	LavoroTerminato
19/05/2011 16:48:08	ALARM 406		
20/05/2011 07:24:19	ALARM 401		
20/05/2011 07:24:21	INIT OK
20/05/2011 07:24:24	ALARM 401		
20/05/2011 07:28:01	TASTEGGIO	0	0	7600	52247	97185	0	0	0.13	0.20	-44500	
20/05/2011 07:28:22	TASTEGGIO	1	0	7600	52247	141649	237	-5	0.14	0.14	0	
20/05/2011 07:28:32	TASTEGGIO	1	0	7600	52247	97167	237	-5	0.11	0.14	-44500	
20/05/2011 07:28:53	TASTEGGIO	1	0	7600	52247	141633	229	-1	0.14	0.14	0	
20/05/2011 07:29:09	TASTEGGIO	0	1	7600	52247	141634	257	-3	0.10	0.10	0	
20/05/2011 07:29:26	TASTEGGIO	0	2	7600	52247	141635	267	-3	0.08	0.08	0	
20/05/2011 07:29:36	TASTEGGIO	0	2	7600	52247	97153	267	-3	0.07	0.12	44500	
20/05/2011 07:29:56	TASTEGGIO	1	0	7600	52247	52715	227	-2	0.09	0.09	0	
20/05/2011 07:30:12	TASTEGGIO	0	1	7600	52247	52712	233	-1	0.09	0.09	0	
20/05/2011 07:30:30	TASTEGGIO	0	1	7600	52247	52708	260	-2	0.08	0.08	0	
20/05/2011 07:30:41	TASTEGGIO	0	1	7600	52247	97034	260	-2	0.08	0.09	44500	
20/05/2011 07:31:01	TASTEGGIO	1	0	7600	52248	52574	223	-1	0.08	0.08	0	
20/05/2011 07:31:12	TASTEGGIO	1	0	7600	52247	97036	223	-1	0.08	0.08	44500	
20/05/2011 07:33:09	TASTEGGIO	1	0	7600	52247	97173	223	-1	0.17	0.18	24500	
20/05/2011 07:33:30	TASTEGGIO	1	0	7600	52247	72701	234	-5	0.16	0.16	0	
20/05/2011 07:33:48	TASTEGGIO	0	1	7600	52247	72699	248	-2	0.14	0.14	0	
20/05/2011 07:33:58	TASTEGGIO	0	1	7600	52247	97045	248	-2	0.14	0.14	0	
20/05/2011 07:34:18	TASTEGGIO	1	0	7600	52247	97040	229	-6	0.09	0.09	0	
20/05/2011 07:34:35	TASTEGGIO	0	1	7600	52247	97041	234	-3	0.07	0.07	0	
20/05/2011 07:34:43	TASTEGGIO	0	1	7600	52247	97048	234	-3	0.07	0.10	24500	
20/05/2011 07:35:04	TASTEGGIO	1	0	7600	52247	72577	224	-2	0.09	0.09	0	
20/05/2011 07:35:21	TASTEGGIO	0	1	7600	52247	72577	232	-1	0.09	0.09	0	
20/05/2011 07:35:39	TASTEGGIO	0	1	7600	52247	72575	259	-3	0.07	0.07	0	
20/05/2011 07:35:49	TASTEGGIO	0	1	7600	52247	97043	259	-3	0.07	0.07	0	
20/05/2011 07:37:44	TASTEGGIO	0	1	7600	52247	97067	259	-3	0.18	0.18	0	
20/05/2011 07:38:04	TASTEGGIO	1	0	7600	52247	97080	234	-7	0.13	0.13	0	
20/05/2011 07:38:12	TASTEGGIO	1	0	7600	52247	97058	234	-7	0.13	0.13	0	
20/05/2011 07:38:31	TASTEGGIO	1	0	7600	52247	97073	228	-7	0.18	0.18	0	
20/05/2011 07:38:49	TASTEGGIO	0	1	7600	52247	97073	276	-11	0.28	0.28	0	
20/05/2011 07:39:08	TASTEGGIO	0	1	7600	52247	97074	400	-55	0.26	0.26	0	
20/05/2011 07:39:27	TASTEGGIO	0	1	7600	52247	97075	375	-44	0.18	0.18	0	
20/05/2011 07:39:45	TASTEGGIO	0	1	7600	52247	97075	362	-34	0.16	0.16	0	
20/05/2011 07:40:04	TASTEGGIO	0	1	7600	52247	97075	347	-31	0.15	0.15	0	
20/05/2011 07:40:23	TASTEGGIO	0	1	7600	52247	97096	332	-21	0.07	0.07	0	
20/05/2011 07:40:31	TASTEGGIO	0	1	7600	52247	97063	332	-21	0.07	0.16	-24500	
20/05/2011 07:40:53	TASTEGGIO	1	0	7600	52247	121531	232	-7	0.21	0.21	0	
20/05/2011 07:41:12	TASTEGGIO	0	1	7600	52247	121533	286	-18	0.35	0.35	0	
20/05/2011 07:41:31	TASTEGGIO	0	1	7600	52247	121537	400	-59	0.27	0.27	0	
20/05/2011 07:41:50	TASTEGGIO	0	1	7600	52247	121537	379	-42	0.14	0.14	0	
20/05/2011 07:42:00	TASTEGGIO	0	1	7600	52247	97075	379	-42	0.16	0.16	0	
20/05/2011 07:42:20	TASTEGGIO	1	0	7600	52247	97094	232	-2	0.14	0.14	0	
20/05/2011 07:42:28	TASTEGGIO	1	0	7600	52247	97074	232	-2	0.14	0.14	0	
20/05/2011 07:42:48	TASTEGGIO	1	0	7600	52247	97093	229	-2	0.15	0.15	0	
20/05/2011 07:43:05	TASTEGGIO	0	1	7600	52247	97093	261	-1	0.16	0.16	0	
20/05/2011 07:43:24	TASTEGGIO	0	1	7600	52247	97094	312	-6	0.20	0.20	0	
20/05/2011 07:43:43	TASTEGGIO	0	1	7600	52247	97094	387	-33	0.47	0.47	0	
20/05/2011 07:44:01	TASTEGGIO	0	1	7600	52247	97094	276	-9	0.38	0.38	0	
20/05/2011 07:44:20	TASTEGGIO	0	2	7600	52247	97094	337	-8	0.31	0.31	0	
20/05/2011 07:44:39	TASTEGGIO	0	3	7600	52247	97113	400	-20	0.11	0.11	0	
20/05/2011 07:44:47	TASTEGGIO	0	3	7600	52247	97075	400	-20	0.11	0.13	44500	
20/05/2011 07:45:08	TASTEGGIO	1	0	7600	52247	52601	228	-2	0.12	0.12	0	
20/05/2011 07:45:25	TASTEGGIO	0	1	7600	52247	52601	250	-2	0.11	0.11	0	
20/05/2011 07:45:35	TASTEGGIO	0	1	7600	52247	96953	250	-2	0.11	0.13	-24500	
20/05/2011 07:45:56	TASTEGGIO	1	0	7600	52247	121431	228	-5	0.10	0.10	0	
20/05/2011 07:46:06	TASTEGGIO	1	0	7600	52247	97069	228	-5	0.09	0.10	44500	
20/05/2011 07:46:53	ALARM 314	proc 3 prog 41 step 4	go_abs inv_ax 5 code -5
20/05/2011 07:56:19	TASTEGGIO	1	0	7600	52247	97066	228	-5	0.18	0.24	24500	
20/05/2011 07:56:40	TASTEGGIO	1	0	7600	52247	72620	242	-4	0.20	0.20	0	
20/05/2011 07:56:57	TASTEGGIO	0	1	7600	52247	72613	258	-2	0.18	0.18	0	
20/05/2011 07:57:16	TASTEGGIO	0	2	7600	52247	72610	290	-5	0.14	0.14	0	
20/05/2011 07:57:26	TASTEGGIO	0	2	7600	52247	96952	290	-5	0.11	0.13	44500	
20/05/2011 07:57:47	TASTEGGIO	1	0	7600	52247	52482	228	-2	0.11	0.11	0	
20/05/2011 07:57:57	TASTEGGIO	1	0	7600	52247	96948	228	-2	0.12	0.13	24500	
20/05/2011 07:58:18	TASTEGGIO	1	0	7600	52247	72482	228	-1	0.14	0.14	0	
20/05/2011 07:58:35	TASTEGGIO	0	1	7600	52247	72480	258	-1	0.13	0.13	0	
20/05/2011 07:58:54	TASTEGGIO	0	1	7600	52247	72478	294	-3	0.11	0.11	0	
20/05/2011 07:59:04	TASTEGGIO	0	1	7600	52247	96948	294	-3	0.09	0.12	24500	
20/05/2011 07:59:25	TASTEGGIO	1	0	7600	52247	72484	227	-1	0.11	0.11	0	
20/05/2011 07:59:35	TASTEGGIO	1	0	7600	52247	96951	227	-1	0.09	0.12	24500	
20/05/2011 07:59:56	TASTEGGIO	1	0	7600	52247	72481	227	-1	0.11	0.11	0	
20/05/2011 08:00:05	TASTEGGIO	1	0	7600	52247	96951	227	-1	0.09	0.11	24500	
20/05/2011 08:01:57	TASTEGGIO	1	0	7600	52247	97168	227	-1	0.17	0.17	0	
20/05/2011 08:02:16	TASTEGGIO	1	0	7600	52247	97183	233	-6	0.12	0.12	0	
20/05/2011 08:02:24	TASTEGGIO	1	0	7600	52247	97159	233	-6	0.12	0.12	0	
20/05/2011 08:02:44	TASTEGGIO	1	0	7600	52247	97176	227	-2	0.11	0.11	0	
20/05/2011 08:02:52	TASTEGGIO	1	0	7600	52247	97156	227	-2	0.12	0.12	24500	
20/05/2011 08:03:13	TASTEGGIO	1	0	7600	52247	72693	227	-3	0.09	0.09	0	
20/05/2011 08:03:22	TASTEGGIO	1	0	7600	52247	97044	227	-3	0.12	0.12	0	
20/05/2011 08:03:42	TASTEGGIO	1	0	7600	52247	97039	227	-2	0.11	0.11	0	
20/05/2011 08:03:50	TASTEGGIO	1	0	7600	52247	97046	227	-2	0.11	0.11	-24500	
20/05/2011 08:05:48	TASTEGGIO	1	0	7600	52247	97167	227	-2	0.33	0.42	-24500	
20/05/2011 08:06:10	TASTEGGIO	1	0	7600	52247	121641	265	-8	0.37	0.37	0	
20/05/2011 08:06:28	TASTEGGIO	0	1	7600	52246	121644	297	-8	0.30	0.30	0	
20/05/2011 08:06:46	TASTEGGIO	0	2	7600	52247	121645	345	-19	0.13	0.13	0	
20/05/2011 08:06:56	TASTEGGIO	0	2	7600	52247	97166	345	-19	0.07	0.11	-24500	
20/05/2011 08:08:54	TASTEGGIO	0	2	7600	52246	97168	345	-19	0.05	0.11	44500	
20/05/2011 08:10:50	TASTEGGIO	0	2	7600	52246	97169	345	-19	0.32	0.39	24500	
20/05/2011 08:11:11	TASTEGGIO	1	0	7600	52246	72711	261	-4	0.35	0.35	0	
20/05/2011 08:11:30	TASTEGGIO	0	1	7600	52246	72708	292	-4	0.31	0.31	0	
20/05/2011 08:11:48	TASTEGGIO	0	2	7600	52246	72705	346	-12	0.20	0.20	0	
20/05/2011 08:12:07	TASTEGGIO	0	3	7600	52246	72703	368	-12	0.10	0.10	0	
20/05/2011 08:12:17	TASTEGGIO	0	3	7600	52246	97042	368	-12	0.08	0.16	-44500	
20/05/2011 08:12:37	TASTEGGIO	1	0	7600	52246	141505	232	-4	0.13	0.13	0	
20/05/2011 08:12:47	TASTEGGIO	1	0	7600	52246	97169	232	-4	0.06	0.12	-44500	
20/05/2011 08:13:09	TASTEGGIO	1	0	7600	52246	141641	227	-1	0.12	0.12	0	
20/05/2011 08:13:25	TASTEGGIO	0	1	7600	52246	141642	251	-3	0.10	0.10	0	
20/05/2011 08:13:36	TASTEGGIO	0	1	7600	52246	97152	251	-3	0.06	0.13	24500	
20/05/2011 08:13:57	TASTEGGIO	1	0	7600	52246	72706	228	-2	0.11	0.11	0	
20/05/2011 08:14:14	TASTEGGIO	0	1	7600	52246	72703	237	-1	0.10	0.10	0	
20/05/2011 08:14:24	TASTEGGIO	0	1	7600	52246	97033	237	-1	0.04	0.10	-44500	
20/05/2011 08:16:23	TASTEGGIO	0	1	7600	52246	97071	237	-1	0.01	0.14	-44500	
20/05/2011 08:16:44	TASTEGGIO	1	0	7600	52246	141538	229	-6	0.09	0.09	0	
20/05/2011 08:16:54	TASTEGGIO	1	0	7600	52246	97062	229	-6	0.03	0.09	-44500	
20/05/2011 08:18:51	TASTEGGIO	1	0	7600	52246	97178	229	-6	0.07	0.14	-24500	
20/05/2011 08:19:12	TASTEGGIO	1	0	7600	52246	121646	229	-7	0.08	0.08	0	
20/05/2011 08:19:22	TASTEGGIO	1	0	7600	52246	97172	229	-7	0.07	0.09	-24500	
20/05/2011 08:21:20	TASTEGGIO	1	0	7600	52246	97174	229	-7	0.08	0.11	44500	
20/05/2011 08:21:41	TASTEGGIO	1	0	7600	52246	52691	225	-3	0.09	0.09	0	
20/05/2011 08:21:51	TASTEGGIO	1	0	7600	52246	97042	225	-3	0.08	0.10	-44500	
20/05/2011 08:22:13	TASTEGGIO	1	0	7600	52246	141503	224	-5	0.06	0.06	0	
20/05/2011 08:22:24	TASTEGGIO	1	0	7600	52246	97165	224	-5	0.10	0.11	44500	
20/05/2011 08:22:45	TASTEGGIO	1	0	7600	52246	52714	225	-2	0.11	0.11	0	
20/05/2011 08:23:01	TASTEGGIO	0	1	7600	52246	52711	247	-1	0.10	0.10	0	
20/05/2011 08:23:19	TASTEGGIO	0	1	7600	52246	52709	274	-2	0.08	0.08	0	
20/05/2011 08:23:29	TASTEGGIO	0	1	7600	52246	97031	274	-2	0.07	0.07	44500	
20/05/2011 08:24:15	ALARM 314	proc 3 prog 41 step 4	go_abs inv_ax 5 code -5
20/05/2011 08:38:19	TASTEGGIO	0	1	7600	52246	97172	274	-2	0.18	0.19	24500	
20/05/2011 08:38:41	TASTEGGIO	1	0	7600	52246	72716	236	-5	0.15	0.15	0	
20/05/2011 08:38:58	TASTEGGIO	0	1	7600	52246	72712	247	-3	0.14	0.14	0	
20/05/2011 08:39:07	TASTEGGIO	0	1	7600	52246	97040	247	-3	0.15	0.15	0	
20/05/2011 08:39:27	TASTEGGIO	1	0	7600	52246	97036	231	-5	0.12	0.12	0	
20/05/2011 08:39:35	TASTEGGIO	1	0	7600	52246	97041	231	-5	0.11	0.12	24500	
20/05/2011 08:39:56	TASTEGGIO	1	0	7600	52246	72568	227	-1	0.11	0.11	0	
20/05/2011 08:40:13	TASTEGGIO	0	1	7600	52246	72567	247	-1	0.11	0.11	0	
20/05/2011 08:40:32	TASTEGGIO	0	1	7600	52246	72565	280	-3	0.08	0.08	0	
20/05/2011 08:40:42	TASTEGGIO	0	1	7600	52246	97041	280	-3	0.11	0.11	0	
20/05/2011 08:41:02	TASTEGGIO	1	0	7600	52246	97037	225	-1	0.11	0.11	0	
20/05/2011 08:41:19	TASTEGGIO	0	1	7600	52246	97037	247	-2	0.09	0.09	0	
20/05/2011 08:41:27	TASTEGGIO	0	1	7600	52246	97045	247	-2	0.09	0.09	0	
20/05/2011 08:43:26	TASTEGGIO	0	1	7600	52246	97073	247	-2	0.07	0.10	-44500	
20/05/2011 08:45:23	TASTEGGIO	0	1	7600	52246	97072	247	-2	0.04	0.15	-24500	
20/05/2011 08:45:44	TASTEGGIO	1	0	7600	52246	121542	231	-8	0.12	0.12	0	
20/05/2011 08:45:54	TASTEGGIO	1	0	7600	52246	97060	231	-8	0.01	0.18	24500	
20/05/2011 08:46:16	TASTEGGIO	1	0	7600	52246	72611	234	-4	0.12	0.12	0	
20/05/2011 08:46:25	TASTEGGIO	1	0	7600	52246	96940	234	-4	0.03	0.14	-24500	
20/05/2011 08:46:47	TASTEGGIO	1	0	7600	52246	121417	229	-2	0.12	0.12	0	
20/05/2011 08:47:05	TASTEGGIO	0	1	7600	52246	121419	239	-2	0.11	0.11	0	
20/05/2011 08:47:23	TASTEGGIO	0	1	7600	52246	121419	269	-6	0.06	0.06	0	
20/05/2011 08:47:33	TASTEGGIO	0	1	7600	52246	97055	269	-6	0.06	0.18	24500	
20/05/2011 08:47:55	TASTEGGIO	1	0	7600	52246	72609	234	-1	0.17	0.17	0	
20/05/2011 08:48:12	TASTEGGIO	0	1	7600	52246	72607	266	-3	0.15	0.15	0	
20/05/2011 08:48:30	TASTEGGIO	0	2	7600	52246	72604	292	-4	0.10	0.10	0	
20/05/2011 08:48:39	TASTEGGIO	0	2	7600	52246	96945	292	-4	0.06	0.11	24500	
20/05/2011 08:49:00	TASTEGGIO	1	0	7600	52246	72480	225	0	0.10	0.10	0	
20/05/2011 08:49:10	TASTEGGIO	1	0	7600	52246	96948	225	0	0.06	0.11	24500	
20/05/2011 08:49:31	TASTEGGIO	1	0	7600	52246	72478	225	-1	0.10	0.10	0	
20/05/2011 08:49:41	TASTEGGIO	1	0	7600	52246	96948	225	-1	0.06	0.11	24500	
20/05/2011 08:50:02	TASTEGGIO	1	0	7600	52246	72483	225	0	0.10	0.10	0	
20/05/2011 08:50:12	TASTEGGIO	1	0	7600	52246	96947	225	0	0.06	0.10	24500	
20/05/2011 08:52:06	TASTEGGIO	1	0	7600	52246	97167	225	0	0.10	0.11	24500	
20/05/2011 08:52:26	TASTEGGIO	1	0	7600	52246	72692	225	-4	0.08	0.08	0	
20/05/2011 08:52:36	TASTEGGIO	1	0	7600	52246	97036	225	-4	0.08	0.08	-44500	
20/05/2011 08:54:34	TASTEGGIO	1	0	7600	52246	97074	225	-4	0.04	0.09	24500	
20/05/2011 08:56:31	TASTEGGIO	1	0	7600	52246	97169	225	-4	0.02	0.09	44500	
20/05/2011 08:58:24	TASTEGGIO	1	0	7600	52245	97174	225	-4	0.09	0.09	0	
20/05/2011 09:00:32	TASTEGGIO	1	0	7600	52245	97174	225	-4	0.12	0.12	0	
20/05/2011 09:00:53	TASTEGGIO	1	0	7600	52245	97193	227	-6	0.08	0.08	0	
20/05/2011 09:01:01	TASTEGGIO	1	0	7600	52245	97172	227	-6	0.09	0.09	0	
20/05/2011 09:03:08	TASTEGGIO	1	0	7600	52245	97080	227	-6	0.21	0.23	-44500	
20/05/2011 09:03:29	TASTEGGIO	1	0	7600	52245	141541	241	-3	0.18	0.18	0	
20/05/2011 09:03:47	TASTEGGIO	0	1	7600	52245	141548	255	-2	0.16	0.16	0	
20/05/2011 09:04:05	TASTEGGIO	0	2	7600	52245	141551	283	-5	0.12	0.12	0	
20/05/2011 09:04:15	TASTEGGIO	0	2	7600	52245	97065	283	-5	0.14	0.17	44500	
20/05/2011 09:04:36	TASTEGGIO	1	0	7600	52245	52618	233	-2	0.14	0.14	0	
20/05/2011 09:04:47	TASTEGGIO	1	0	7600	52245	96938	233	-2	0.14	0.16	-24500	
20/05/2011 09:05:08	TASTEGGIO	1	0	7600	52245	121416	232	-5	0.15	0.15	0	
20/05/2011 09:05:25	TASTEGGIO	0	1	7600	52245	121417	260	-6	0.09	0.09	0	
20/05/2011 09:05:35	TASTEGGIO	0	1	7600	52245	97056	260	-6	0.08	0.14	44500	
20/05/2011 09:05:56	TASTEGGIO	1	0	7600	52245	52603	229	-1	0.12	0.12	0	
20/05/2011 09:06:12	TASTEGGIO	0	1	7600	52245	52601	239	-2	0.11	0.11	0	
20/05/2011 09:06:31	TASTEGGIO	0	1	7600	52245	52599	269	-2	0.10	0.10	0	
20/05/2011 09:06:41	TASTEGGIO	0	1	7600	52245	96942	269	-2	0.07	0.11	44500	
20/05/2011 09:07:01	TASTEGGIO	1	0	7600	52245	52477	225	-1	0.09	0.09	0	
20/05/2011 09:07:12	TASTEGGIO	1	0	7600	52245	96945	225	-1	0.07	0.11	44500	
20/05/2011 09:07:32	TASTEGGIO	1	0	7600	52245	52479	225	-1	0.09	0.09	0	
20/05/2011 09:07:42	TASTEGGIO	1	0	7600	52245	96944	225	-1	0.07	0.11	44500	
20/05/2011 09:08:03	TASTEGGIO	1	0	7600	52245	52477	225	-1	0.09	0.09	0	
20/05/2011 09:08:14	TASTEGGIO	1	0	7600	52245	96945	225	-1	0.07	0.10	44500	
20/05/2011 09:10:10	TASTEGGIO	1	0	7600	52246	97068	225	-1	0.07	0.11	-44500	
20/05/2011 09:10:31	TASTEGGIO	1	0	7600	52246	141526	225	-3	0.07	0.07	0	
20/05/2011 09:10:42	TASTEGGIO	1	0	7600	52246	97065	225	-3	0.04	0.07	-44500	
20/05/2011 09:12:39	TASTEGGIO	1	0	7600	52245	97069	225	-3	0.04	0.13	-44500	
20/05/2011 09:13:00	TASTEGGIO	1	0	7600	52245	141526	228	-6	0.11	0.11	0	
20/05/2011 09:13:17	TASTEGGIO	0	1	7600	52245	141532	237	-2	0.09	0.09	0	
20/05/2011 09:13:27	TASTEGGIO	0	1	7600	52245	97068	237	-2	0.02	0.10	24500	
20/05/2011 09:15:24	TASTEGGIO	0	1	7600	52245	97173	237	-2	0.28	0.32	-24500	
20/05/2011 09:15:45	TASTEGGIO	1	0	7600	52245	121644	252	-7	0.26	0.26	0	
20/05/2011 09:16:04	TASTEGGIO	0	1	7600	52245	121649	273	-5	0.23	0.23	0	
20/05/2011 09:16:22	TASTEGGIO	0	2	7600	52245	121650	313	-11	0.12	0.12	0	
20/05/2011 09:16:32	TASTEGGIO	0	2	7600	52245	97169	313	-11	0.11	0.13	24500	
20/05/2011 09:16:52	TASTEGGIO	1	0	7600	52245	72719	228	-3	0.09	0.09	0	
20/05/2011 09:17:02	TASTEGGIO	1	0	7600	52245	97033	228	-3	0.11	0.11	-24500	
20/05/2011 09:17:24	TASTEGGIO	1	0	7600	52245	121509	225	0	0.13	0.13	0	
20/05/2011 09:17:41	TASTEGGIO	0	1	7600	52245	121510	255	-1	0.12	0.12	0	
20/05/2011 09:17:59	TASTEGGIO	0	1	7600	52245	121511	288	-2	0.10	0.10	0	
20/05/2011 09:18:09	TASTEGGIO	0	1	7600	52245	97155	288	-2	0.09	0.10	24500	
20/05/2011 09:20:02	TASTEGGIO	0	1	7600	52245	97179	288	-2	0.08	0.11	44500	
20/05/2011 09:20:23	TASTEGGIO	1	0	7600	52245	52698	225	-3	0.08	0.08	0	
20/05/2011 09:20:33	TASTEGGIO	1	0	7600	52245	97038	225	-3	0.07	0.10	-44500	
20/05/2011 09:22:29	TASTEGGIO	1	0	7600	52245	97083	225	-3	0.24	0.24	0	
20/05/2011 09:22:49	TASTEGGIO	1	0	7600	52245	97100	242	-6	0.20	0.20	0	
20/05/2011 09:23:06	TASTEGGIO	0	1	7600	52245	97101	258	-3	0.16	0.16	0	
20/05/2011 09:23:25	TASTEGGIO	0	2	7600	52245	97102	276	-3	0.14	0.14	0	
20/05/2011 09:23:33	TASTEGGIO	0	2	7600	52245	97069	276	-3	0.15	0.16	-44500	
20/05/2011 09:23:54	TASTEGGIO	1	0	7600	52245	141520	232	-4	0.14	0.14	0	
20/05/2011 09:24:05	TASTEGGIO	1	0	7600	52245	97065	232	-4	0.14	0.14	0	
20/05/2011 09:24:25	TASTEGGIO	1	0	7600	52245	97083	229	-1	0.13	0.13	0	
20/05/2011 09:24:42	TASTEGGIO	0	1	7600	52245	97084	253	-2	0.11	0.11	0	
20/05/2011 09:25:02	TASTEGGIO	0	2	7600	52245	97084	271	-2	0.09	0.09	0	
20/05/2011 09:25:09	TASTEGGIO	0	2	7600	52245	97071	271	-2	0.09	0.11	-44500	
20/05/2011 09:25:30	TASTEGGIO	1	0	7600	52245	141530	225	-1	0.10	0.10	0	
20/05/2011 09:25:41	TASTEGGIO	1	0	7600	52245	97061	225	-1	0.09	0.11	-44500	
20/05/2011 09:26:02	TASTEGGIO	1	0	7600	52245	141532	225	-1	0.10	0.10	0	
20/05/2011 09:26:13	TASTEGGIO	1	0	7600	52245	97047	225	-1	0.09	0.10	-44500	
20/05/2011 09:28:11	TASTEGGIO	1	0	7600	52245	97074	225	-1	0.12	0.20	-24500	
20/05/2011 09:28:33	TASTEGGIO	1	0	7600	52245	121543	237	-8	0.15	0.15	0	
20/05/2011 09:28:50	TASTEGGIO	0	1	7600	52245	121544	248	-3	0.12	0.12	0	
20/05/2011 09:28:59	TASTEGGIO	0	1	7600	52245	97068	248	-3	0.08	0.13	-24500	
20/05/2011 09:29:20	TASTEGGIO	1	0	7600	52245	121542	228	-2	0.12	0.12	0	
20/05/2011 09:29:36	TASTEGGIO	0	1	7600	52245	121542	250	-1	0.11	0.11	0	
20/05/2011 09:29:55	TASTEGGIO	0	1	7600	52245	121543	280	-6	0.07	0.07	0	
20/05/2011 09:30:05	TASTEGGIO	0	1	7600	52245	97048	280	-6	0.03	0.07	-24500	
20/05/2011 09:31:59	TASTEGGIO	0	1	7600	52245	97176	280	-6	0.21	0.21	0	
20/05/2011 09:32:20	TASTEGGIO	1	0	7600	52245	97193	238	-6	0.17	0.17	0	
20/05/2011 09:32:37	TASTEGGIO	0	1	7600	52245	97193	251	-2	0.15	0.15	0	
20/05/2011 09:32:55	TASTEGGIO	0	2	7600	52245	97194	277	-4	0.11	0.11	0	
20/05/2011 09:33:03	TASTEGGIO	0	2	7600	52245	97167	277	-4	0.12	0.13	44500	
20/05/2011 09:33:23	TASTEGGIO	1	0	7600	52245	52685	228	-2	0.10	0.10	0	
20/05/2011 09:33:34	TASTEGGIO	1	0	7600	52245	97038	228	-2	0.10	0.11	-24500	
20/05/2011 09:33:55	TASTEGGIO	1	0	7600	52245	121513	225	-5	0.09	0.09	0	
20/05/2011 09:34:05	TASTEGGIO	1	0	7600	52245	97159	225	-5	0.08	0.10	44500	
20/05/2011 09:36:01	TASTEGGIO	1	0	7600	52245	97074	225	-5	0.12	0.12	0	
20/05/2011 09:36:21	TASTEGGIO	1	0	7600	52245	97091	227	-5	0.08	0.08	0	
20/05/2011 09:36:29	TASTEGGIO	1	0	7600	52245	97067	227	-5	0.08	0.08	44500	
20/05/2011 09:38:27	TASTEGGIO	1	0	7600	52245	97172	227	-5	0.06	0.06	44500	
20/05/2011 09:40:21	TASTEGGIO	1	0	7600	52245	97377	227	-5	0.11	0.16	-44500	
20/05/2011 09:40:42	TASTEGGIO	1	0	7600	52245	141850	232	-4	0.11	0.11	0	
20/05/2011 09:40:53	TASTEGGIO	1	0	7600	52245	97377	232	-4	0.08	0.12	-44500	
20/05/2011 09:41:14	TASTEGGIO	1	0	7600	52245	141848	227	-1	0.10	0.10	0	
20/05/2011 09:41:24	TASTEGGIO	1	0	7600	52245	97360	227	-1	0.07	0.11	-44500	
20/05/2011 09:41:46	TASTEGGIO	1	0	7600	52245	141835	225	-1	0.10	0.10	0	
20/05/2011 09:41:56	TASTEGGIO	1	0	7600	52245	97352	225	-1	0.07	0.11	-24500	
20/05/2011 09:42:17	TASTEGGIO	1	0	7600	52245	121834	225	-6	0.08	0.08	0	
20/05/2011 09:42:27	TASTEGGIO	1	0	7600	52245	97348	225	-6	0.05	0.08	-44500	
20/05/2011 09:44:26	TASTEGGIO	1	0	7600	52245	97173	225	-6	0.09	0.14	24500	
20/05/2011 09:44:47	TASTEGGIO	1	0	7600	52245	72705	229	-5	0.08	0.08	0	
20/05/2011 09:44:57	TASTEGGIO	1	0	7600	52245	97044	229	-5	0.05	0.11	24500	
20/05/2011 09:45:18	TASTEGGIO	1	0	7600	52245	72569	225	-1	0.07	0.07	0	
20/05/2011 09:45:27	TASTEGGIO	1	0	7600	52245	97037	225	-1	0.05	0.11	24500	
20/05/2011 09:45:48	TASTEGGIO	1	0	7600	52245	72566	225	-1	0.08	0.08	0	
20/05/2011 09:45:58	TASTEGGIO	1	0	7600	52245	97037	225	-1	0.05	0.11	24500	
20/05/2011 09:46:19	TASTEGGIO	1	0	7600	52245	72566	225	-1	0.08	0.08	0	
20/05/2011 09:46:29	TASTEGGIO	1	0	7600	52245	97037	225	-1	0.05	0.10	-44500	
20/05/2011 09:48:25	TASTEGGIO	1	0	7600	52245	97072	225	-1	0.10	0.15	24500	
20/05/2011 09:48:46	TASTEGGIO	1	0	7600	52245	72596	231	-5	0.12	0.12	0	
20/05/2011 09:48:55	TASTEGGIO	1	0	7600	52245	96946	231	-5	0.07	0.13	24500	
20/05/2011 09:49:16	TASTEGGIO	1	0	7600	52245	72479	228	-1	0.11	0.11	0	
20/05/2011 09:49:33	TASTEGGIO	0	1	7600	52245	72478	237	-1	0.10	0.10	0	
20/05/2011 09:49:43	TASTEGGIO	0	1	7600	52245	96947	237	-1	0.06	0.11	24500	
20/05/2011 09:50:04	TASTEGGIO	1	0	7600	52245	72472	225	-1	0.10	0.10	0	
20/05/2011 09:50:14	TASTEGGIO	1	0	7600	52245	96949	225	-1	0.06	0.11	24500	
20/05/2011 09:50:35	TASTEGGIO	1	0	7600	52245	72479	225	-1	0.10	0.10	0	
20/05/2011 09:50:44	TASTEGGIO	1	0	7600	52245	96952	225	-1	0.05	0.11	24500	
20/05/2011 09:51:05	TASTEGGIO	1	0	7600	52245	72481	225	0	0.10	0.10	0	
20/05/2011 09:51:14	TASTEGGIO	1	0	7600	52245	96953	225	0	0.05	0.10	24500	
20/05/2011 09:53:10	TASTEGGIO	1	0	7600	52245	97076	225	0	0.11	0.12	44500	
20/05/2011 09:53:31	TASTEGGIO	1	0	7600	52245	52598	227	-2	0.11	0.11	0	
20/05/2011 09:53:47	TASTEGGIO	0	1	7600	52245	52597	247	-2	0.09	0.09	0	
20/05/2011 09:53:58	TASTEGGIO	0	1	7600	52245	96945	247	-2	0.09	0.10	44500	
20/05/2011 09:55:51	TASTEGGIO	0	1	7600	52245	97175	247	-2	0.17	0.17	0	
20/05/2011 09:56:11	TASTEGGIO	1	0	7600	52245	97192	233	-6	0.13	0.13	0	
20/05/2011 09:56:18	TASTEGGIO	1	0	7600	52245	97169	233	-6	0.14	0.14	-24500	
20/05/2011 09:56:40	TASTEGGIO	1	0	7600	52245	121642	229	-5	0.10	0.10	0	
20/05/2011 09:56:49	TASTEGGIO	1	0	7600	52245	97167	229	-5	0.11	0.11	0	
20/05/2011 09:57:09	TASTEGGIO	1	0	7600	52245	97184	225	-6	0.15	0.15	0	
20/05/2011 09:57:27	TASTEGGIO	0	1	7600	52245	97185	265	-7	0.20	0.20	0	
20/05/2011 09:57:45	TASTEGGIO	0	1	7600	52245	97185	344	-30	0.44	0.44	0	
20/05/2011 09:58:03	TASTEGGIO	0	1	7600	52245	97186	247	-6	0.37	0.37	0	
20/05/2011 09:58:22	TASTEGGIO	0	2	7600	52245	97186	309	-11	0.26	0.26	0	
20/05/2011 09:58:40	TASTEGGIO	0	3	7600	52245	97185	340	-13	0.13	0.13	0	
20/05/2011 09:58:59	TASTEGGIO	0	0	7600	52245	97200	228	-1	0.13	0.13	0	
20/05/2011 09:59:18	TASTEGGIO	0	1	7600	52245	97200	254	0	0.13	0.13	0	
20/05/2011 09:59:36	TASTEGGIO	0	1	7600	52245	97200	293	0	0.13	0.13	0	
20/05/2011 09:59:54	TASTEGGIO	0	1	7600	52245	97199	332	-3	0.09	0.09	0	
20/05/2011 10:00:02	TASTEGGIO	0	1	7600	52245	97171	332	-3	0.10	0.12	-24500	
20/05/2011 10:00:23	TASTEGGIO	1	0	7600	52245	121645	227	-4	0.09	0.09	0	
20/05/2011 10:00:33	TASTEGGIO	1	0	7600	52245	97160	227	-4	0.08	0.08	-24500	
20/05/2011 10:02:32	TASTEGGIO	1	0	7600	52245	97172	227	-4	0.20	0.20	0	
20/05/2011 10:02:53	TASTEGGIO	1	0	7600	52245	97190	237	-6	0.15	0.15	0	
20/05/2011 10:03:10	TASTEGGIO	0	1	7600	52245	97189	248	-2	0.13	0.13	0	
20/05/2011 10:03:18	TASTEGGIO	0	1	7600	52245	97165	248	-2	0.13	0.14	44500	
20/05/2011 10:03:39	TASTEGGIO	1	0	7600	52245	52684	229	-1	0.13	0.13	0	
20/05/2011 10:03:55	TASTEGGIO	0	1	7600	52245	52683	253	-2	0.12	0.12	0	
20/05/2011 10:04:14	TASTEGGIO	0	1	7600	52245	52681	286	-3	0.09	0.09	0	
20/05/2011 10:04:24	TASTEGGIO	0	1	7600	52245	97043	286	-3	0.10	0.12	-24500	
20/05/2011 10:04:45	TASTEGGIO	1	0	7600	52245	121515	227	-6	0.06	0.06	0	
20/05/2011 10:04:55	TASTEGGIO	1	0	7600	52245	97151	227	-6	0.08	0.10	44500	
20/05/2011 10:06:41	TASTEGGIO	1	0	7600	52245	97069	227	-6	0.25	0.25	0	
20/05/2011 10:07:01	TASTEGGIO	1	0	7600	52245	97084	243	-6	0.21	0.21	0	
20/05/2011 10:07:20	TASTEGGIO	0	1	7600	52245	97085	260	-3	0.18	0.18	0	
20/05/2011 10:07:38	TASTEGGIO	0	2	7600	52245	97085	290	-6	0.13	0.13	0	
20/05/2011 10:07:46	TASTEGGIO	0	2	7600	52245	97060	290	-6	0.14	0.18	44500	
20/05/2011 10:08:07	TASTEGGIO	1	0	7600	52245	52583	234	-2	0.16	0.16	0	
20/05/2011 10:08:23	TASTEGGIO	0	1	7600	52245	52583	248	-2	0.15	0.15	0	
20/05/2011 10:08:40	TASTEGGIO	0	1	7600	52245	52584	290	-3	0.12	0.12	0	
20/05/2011 10:08:51	TASTEGGIO	0	1	7600	52245	96952	290	-3	0.10	0.14	44500	
20/05/2011 10:09:12	TASTEGGIO	1	0	7600	52245	52469	229	0	0.13	0.13	0	
20/05/2011 10:09:22	TASTEGGIO	1	0	7600	52245	96950	229	0	0.10	0.14	44500	
20/05/2011 10:10:17	ALARM 17	proc 12 prog 10 step 47	LavoroTerminato
20/05/2011 11:12:29	ALARM 401		
20/05/2011 11:30:05	ALARM 401		
20/05/2011 11:30:05	ALARM 401		
20/05/2011 11:32:12	TASTEGGIO	1	0	7700	52637	90560	229	0	3.41	3.41	0	
20/05/2011 11:32:18	ALARM 817	proc 12 prog 11 step 54	eccentricity = 3.41 mm
20/05/2011 11:32:55	TASTEGGIO	1	0	7700	52637	90560	229	0	3.41	3.41	0	
20/05/2011 11:33:02	ALARM 817	proc 12 prog 11 step 54	eccentricity = 3.41 mm
20/05/2011 11:33:55	TASTEGGIO	1	0	7700	52637	90560	229	0	3.41	3.41	0	
20/05/2011 11:34:00	ALARM 817	proc 12 prog 11 step 54	eccentricity = 3.41 mm
20/05/2011 11:34:36	TASTEGGIO	1	0	7700	52637	90560	229	0	3.40	3.40	0	
20/05/2011 11:34:41	ALARM 817	proc 12 prog 11 step 54	eccentricity = 3.40 mm
20/05/2011 11:35:16	TASTEGGIO	1	0	7700	52637	90560	229	0	3.40	3.40	0	
20/05/2011 11:35:22	ALARM 817	proc 12 prog 11 step 54	eccentricity = 3.40 mm
20/05/2011 11:37:03	TASTEGGIO	1	0	7700	52637	90560	229	0	3.40	3.40	0	
20/05/2011 11:37:08	ALARM 817	proc 12 prog 11 step 54	eccentricity = 3.40 mm
20/05/2011 11:37:26	TASTEGGIO	1	0	7700	52637	90560	229	0	3.40	3.40	0	
20/05/2011 11:37:33	ALARM 817	proc 12 prog 11 step 54	eccentricity = 3.40 mm
20/05/2011 11:53:29	ALARM 401		
20/05/2011 11:53:30	ALARM 401		
20/05/2011 11:53:49	TASTEGGIO	1	0	7700	52637	90568	229	0	3.39	3.39	0	
20/05/2011 11:53:54	ALARM 817	proc 12 prog 11 step 54	eccentricity = 3.39 mm
20/05/2011 11:59:51	SAVE PRG	84
20/05/2011 11:59:55	SAVE PRG	84
20/05/2011 12:02:12	TASTEGGIO	1	0	7700	52637	90569	229	0	3.39	3.39	0	
20/05/2011 12:02:18	ALARM 817	proc 12 prog 11 step 54	eccentricity = 3.39 mm
20/05/2011 12:04:45	TASTEGGIO	1	0	7700	52637	90704	229	0	1.34	1.37	24500	
20/05/2011 12:05:08	TASTEGGIO	1	0	7700	52637	66245	388	0	1.35	1.35	0	
20/05/2011 12:05:26	TASTEGGIO	0	1	7700	52637	66237	400	0	1.35	1.35	0	
20/05/2011 12:05:46	TASTEGGIO	0	1	7700	52637	66230	400	0	1.35	1.35	0	
20/05/2011 12:06:04	TASTEGGIO	0	1	7700	52637	66229	400	0	1.35	1.35	0	
20/05/2011 12:06:23	TASTEGGIO	0	1	7700	52637	66229	400	0	1.35	1.35	0	
20/05/2011 12:06:27	ALARM 401		
20/05/2011 12:06:30	ALARM 205		err.6058
20/05/2011 12:07:11	TASTEGGIO	0	1	7700	52637	90537	400	0	1.34	1.37	24500	
20/05/2011 12:08:26	ALARM 702		Fld_write_mem 34
20/05/2011 12:08:45	ALARM 702		Fld_write_mem 34
20/05/2011 12:08:55	ALARM 702		Fld_write_mem 34
20/05/2011 12:09:04	ALARM 702		Fld_write_mem 34
20/05/2011 12:09:10	ALARM 702		Fld_write_mem 34
20/05/2011 12:09:18	ALARM 702		Fld_write_mem 34
20/05/2011 12:11:27	TASTEGGIO	0	1	7700	45009	66075	150	0	1.35	1.35	0	
20/05/2011 12:12:41	TASTEGGIO	0	1	7700	45009	66075	325	0	1.36	1.36	0	
20/05/2011 12:13:10	TASTEGGIO	0	1	7700	45009	66075	365	0	1.35	1.35	0	
20/05/2011 12:13:36	TASTEGGIO	0	1	7700	45009	66075	400	-1	1.35	1.35	0	
20/05/2011 12:14:06	TASTEGGIO	0	1	7700	45009	66075	431	-3	1.31	1.31	0	
20/05/2011 12:14:50	TASTEGGIO	0	1	7700	45009	66075	483	-11	1.21	1.21	0	
20/05/2011 12:17:32	TASTEGGIO	0	1	7700	45009	100562	510	-38	0.85	0.85	0	
20/05/2011 12:17:55	TASTEGGIO	0	1	7700	45009	90678	510	-38	0.92	1.00	24500	
20/05/2011 12:18:40	TASTEGGIO	0	1	7700	45009	66214	531	-25	0.73	0.73	0	
20/05/2011 12:19:02	TASTEGGIO	0	1	7700	52637	90537	531	-25	0.75	0.75	0	
20/05/2011 12:19:22	TASTEGGIO	1	0	7700	52637	90531	308	-1	0.75	0.75	0	
20/05/2011 12:19:42	TASTEGGIO	0	1	7700	52637	90534	400	-2	0.73	0.73	0	
20/05/2011 12:20:02	TASTEGGIO	0	1	7700	52637	90537	400	0	0.73	0.73	0	
20/05/2011 12:20:21	TASTEGGIO	0	1	7700	52637	90539	400	0	0.73	0.73	0	
20/05/2011 12:20:42	TASTEGGIO	0	1	7700	52637	90545	400	-1	0.73	0.73	0	
20/05/2011 12:20:46	ALARM 218	proc 12 prog 85 step 18	go_abs 3 cmd 11
20/05/2011 12:20:49	ALARM 203		err.6058
20/05/2011 12:23:12	TASTEGGIO	0	1	7700	52637	120524	400	0	0.57	0.57	0	
