01/03/2012 14:27:40	ALARM 401		
01/03/2012 14:27:44	INIT OK
01/03/2012 14:29:16	ALARM 401		
01/03/2012 14:38:31	ALARM 401		
01/03/2012 14:38:32	ALARM 401		
01/03/2012 14:44:56	TASTEGGIO	0	0	10500	63620	145478	0	0	0.05	0.18	44500	
01/03/2012 14:45:24	TASTEGGIO	1	0	10500	63620	101032	130	-2	0.17	0.17	0	
01/03/2012 14:45:47	TASTEGGIO	0	1	10500	63620	101030	146	-1	0.16	0.16	0	
01/03/2012 14:46:12	TASTEGGIO	0	2	10500	63620	101028	176	-3	0.13	0.13	0	
01/03/2012 14:46:23	TASTEGGIO	0	2	10500	63620	145463	176	-3	0.01	0.13	82800	
01/03/2012 14:46:50	TASTEGGIO	1	0	10500	63620	62697	121	1	0.12	0.12	0	
01/03/2012 14:47:12	TASTEGGIO	0	1	10500	63620	62697	132	0	0.12	0.12	0	
01/03/2012 14:47:35	TASTEGGIO	0	2	10500	63620	62696	156	0	0.13	0.13	0	
01/03/2012 14:47:59	TASTEGGIO	0	3	10500	63620	62700	198	-1	0.11	0.11	0	
01/03/2012 14:48:25	TASTEGGIO	0	4	10500	63620	62704	235	-6	0.05	0.05	0	
01/03/2012 14:48:38	TASTEGGIO	0	4	10500	63620	145464	235	-6	0.03	0.08	-82000	
01/03/2012 14:49:07	TASTEGGIO	1	0	10500	63620	227424	113	-1	0.06	0.06	0	
01/03/2012 14:49:33	TASTEGGIO	0	1	10500	63620	227431	117	0	0.06	0.06	0	
01/03/2012 14:49:57	TASTEGGIO	0	2	10500	63620	227448	129	-1	0.05	0.05	0	
01/03/2012 14:50:09	TASTEGGIO	0	2	10500	63620	145605	129	-1	0.05	0.07	-82000	
01/03/2012 14:50:38	TASTEGGIO	1	0	10500	63620	227573	111	0	0.05	0.05	0	
01/03/2012 14:50:51	TASTEGGIO	1	0	10500	63620	145615	111	0	0.05	0.06	44500	
01/03/2012 14:52:45	TASTEGGIO	1	0	10500	63620	145549	111	0	0.32	0.35	-44500	
01/03/2012 14:53:13	TASTEGGIO	1	0	10500	63620	190003	158	-4	0.32	0.32	0	
01/03/2012 14:53:37	TASTEGGIO	0	1	10500	63620	190004	187	-6	0.26	0.26	0	
01/03/2012 14:54:02	TASTEGGIO	0	2	10500	63620	190005	229	-21	0.07	0.07	0	
01/03/2012 14:54:13	TASTEGGIO	0	2	10500	63620	145547	229	-21	0.10	0.12	82800	
01/03/2012 14:54:40	TASTEGGIO	1	0	10500	63620	62786	120	0	0.12	0.12	0	
01/03/2012 14:55:03	TASTEGGIO	0	1	10500	63620	62786	132	0	0.11	0.11	0	
01/03/2012 14:55:26	TASTEGGIO	0	2	10500	63620	62786	152	0	0.11	0.11	0	
01/03/2012 14:55:49	TASTEGGIO	0	3	10500	63620	62789	185	0	0.10	0.10	0	
01/03/2012 14:56:16	TASTEGGIO	0	4	10500	63620	62792	221	-1	0.08	0.08	0	
01/03/2012 14:56:42	TASTEGGIO	0	5	10500	63620	62792	235	-2	0.06	0.06	0	
01/03/2012 14:57:06	TASTEGGIO	0	6	10500	63620	62793	246	-3	0.04	0.04	0	
01/03/2012 14:57:19	TASTEGGIO	0	6	10500	63620	145427	246	-3	0.09	0.11	-82000	
01/03/2012 14:57:49	TASTEGGIO	1	0	10500	63620	227410	118	0	0.08	0.08	0	
01/03/2012 14:58:14	TASTEGGIO	0	1	10500	63620	227431	123	0	0.08	0.08	0	
01/03/2012 14:58:38	TASTEGGIO	0	2	10500	63620	227439	139	-1	0.07	0.07	0	
01/03/2012 14:59:04	TASTEGGIO	0	3	10500	63620	227453	157	-2	0.05	0.05	0	
01/03/2012 14:59:17	TASTEGGIO	0	3	10500	63620	145591	157	-2	0.06	0.06	0	
01/03/2012 15:01:10	TASTEGGIO	0	3	10500	63620	145580	157	-2	0.08	0.09	44500	
01/03/2012 15:01:38	TASTEGGIO	1	0	10500	63620	101124	115	0	0.09	0.09	0	
01/03/2012 15:02:01	TASTEGGIO	0	1	10500	63620	101127	124	1	0.09	0.09	0	
01/03/2012 15:02:26	TASTEGGIO	0	2	10500	63620	101127	142	2	0.09	0.09	0	
01/03/2012 15:02:51	TASTEGGIO	0	3	10500	63620	101127	169	1	0.09	0.09	0	
01/03/2012 15:03:15	TASTEGGIO	0	4	10500	63620	101127	205	-1	0.06	0.06	0	
01/03/2012 15:03:40	TASTEGGIO	0	5	10500	63620	101127	213	-2	0.03	0.03	0	
01/03/2012 15:03:52	TASTEGGIO	0	5	10500	63620	145465	213	-2	0.04	0.06	-44500	
01/03/2012 15:04:21	TASTEGGIO	1	0	10500	63620	189939	110	-3	0.03	0.03	0	
01/03/2012 15:04:32	TASTEGGIO	1	0	10500	63620	145549	110	-3	0.03	0.05	82800	
01/03/2012 15:06:24	TASTEGGIO	1	0	10500	63620	145572	110	-3	0.05	0.05	82800	
01/03/2012 15:07:23	ALARM 17	proc 12 prog 10 step 47	LavoroTerminato
01/03/2012 16:13:15	ALARM 406		
02/03/2012 07:27:58	ALARM 401		
02/03/2012 07:28:00	INIT OK
02/03/2012 07:28:37	ALARM 218	proc 12 prog 3 step 20	homing 1 cmd 10
02/03/2012 07:37:29	ALARM 401		
02/03/2012 07:37:29	ALARM 401		
02/03/2012 07:50:37	TASTEGGIO	0	0	5000	42060	101756	0	0	0.05	0.06	-24500	
02/03/2012 07:50:59	TASTEGGIO	1	0	5000	42060	126229	49	-7	0.01	0.01	0	
02/03/2012 07:51:08	TASTEGGIO	1	0	5000	42060	101899	49	-7	0.00	0.02	44500	
02/03/2012 07:53:00	TASTEGGIO	1	0	5000	42061	101892	49	-7	0.05	0.05	-24500	
02/03/2012 07:53:22	TASTEGGIO	1	0	5000	42061	126333	48	-7	0.02	0.02	0	
02/03/2012 07:53:32	TASTEGGIO	1	0	5000	42061	101913	48	-7	0.00	0.02	-24500	
02/03/2012 07:55:21	TASTEGGIO	1	0	5000	42061	101891	48	-7	0.04	0.05	-44500	
02/03/2012 07:55:44	TASTEGGIO	1	0	5000	42061	146301	48	-9	0.05	0.05	0	
02/03/2012 07:56:03	TASTEGGIO	0	1	5000	42061	146302	43	-8	0.13	0.13	0	
02/03/2012 07:56:20	TASTEGGIO	0	1	5000	42061	146303	9	0	0.10	0.10	0	
02/03/2012 07:56:36	TASTEGGIO	0	2	5000	42061	146303	19	1	0.09	0.09	0	
02/03/2012 07:56:55	TASTEGGIO	0	3	5000	42061	146304	43	-1	0.04	0.04	0	
02/03/2012 07:57:06	TASTEGGIO	0	3	5000	42061	101898	43	-1	0.01	0.05	-44500	
02/03/2012 07:57:28	TASTEGGIO	1	0	5000	42061	146297	48	-2	0.01	0.01	0	
02/03/2012 07:57:39	TASTEGGIO	1	0	5000	42061	101903	48	-2	0.00	0.02	44500	
02/03/2012 07:59:30	TASTEGGIO	1	0	5000	42061	101890	48	-2	0.02	0.03	24500	
02/03/2012 08:01:22	TASTEGGIO	1	0	5000	42061	101890	48	-2	0.01	0.03	24500	
02/03/2012 08:03:13	TASTEGGIO	1	0	5000	42061	101889	48	-2	0.04	0.04	0	
02/03/2012 08:05:03	TASTEGGIO	1	0	5000	42061	101889	48	-2	0.05	0.05	24500	
02/03/2012 08:05:23	TASTEGGIO	1	0	5000	42061	77442	48	-2	0.03	0.03	0	
02/03/2012 08:05:32	TASTEGGIO	1	0	5000	42061	101746	48	-2	0.03	0.04	-44500	
02/03/2012 08:07:24	TASTEGGIO	1	0	5000	42061	101885	48	-2	0.01	0.02	44500	
02/03/2012 08:09:15	TASTEGGIO	1	0	5000	42061	101888	48	-2	0.04	0.04	-44500	
02/03/2012 08:11:07	TASTEGGIO	1	0	5000	42061	101887	48	-2	0.16	0.16	0	
02/03/2012 08:11:28	TASTEGGIO	1	0	5000	42061	101891	56	-4	0.12	0.12	0	
02/03/2012 08:11:35	TASTEGGIO	1	0	5000	42061	101878	56	-4	0.12	0.13	-24500	
02/03/2012 08:11:58	TASTEGGIO	1	0	5000	42061	126322	54	-6	0.07	0.07	0	
02/03/2012 08:12:17	TASTEGGIO	0	1	5000	42061	126332	57	-4	0.03	0.03	0	
02/03/2012 08:12:27	TASTEGGIO	0	1	5000	42061	101893	57	-4	0.03	0.04	-44500	
02/03/2012 08:14:18	TASTEGGIO	0	1	5000	42061	101886	57	-4	0.07	0.07	0	
02/03/2012 08:14:38	TASTEGGIO	1	0	5000	42061	101890	50	-5	0.02	0.02	0	
02/03/2012 08:14:46	TASTEGGIO	1	0	5000	42061	101878	50	-5	0.03	0.07	44500	
02/03/2012 08:15:07	TASTEGGIO	1	0	5000	42061	57430	50	-2	0.03	0.03	0	
02/03/2012 08:15:17	TASTEGGIO	1	0	5000	42061	101731	50	-2	0.02	0.03	24500	
02/03/2012 08:17:07	TASTEGGIO	1	0	5000	42061	101883	50	-2	0.04	0.05	-44500	
02/03/2012 08:17:29	TASTEGGIO	1	0	5000	42061	146290	48	-10	0.04	0.04	0	
02/03/2012 08:17:40	TASTEGGIO	1	0	5000	42061	101895	48	-10	0.03	0.05	-44500	
02/03/2012 08:18:03	TASTEGGIO	1	0	5000	42061	146303	48	-10	0.04	0.04	0	
02/03/2012 08:18:13	TASTEGGIO	1	0	5000	42061	101900	48	-10	0.02	0.04	-44500	
02/03/2012 08:20:04	TASTEGGIO	1	0	5000	42061	101886	48	-10	0.01	0.03	-24500	
02/03/2012 08:21:56	TASTEGGIO	1	0	5000	42061	101883	48	-10	0.05	0.06	44500	
02/03/2012 08:22:17	TASTEGGIO	1	0	5000	42061	57427	49	-2	0.02	0.02	0	
02/03/2012 08:22:27	TASTEGGIO	1	0	5000	42061	101731	49	-2	0.02	0.02	44500	
02/03/2012 08:24:19	TASTEGGIO	1	0	5000	42061	101887	49	-2	0.06	0.06	0	
02/03/2012 08:24:39	TASTEGGIO	1	0	5000	42061	101892	49	-5	0.02	0.02	0	
02/03/2012 08:24:47	TASTEGGIO	1	0	5000	42061	101878	49	-5	0.02	0.03	44500	
02/03/2012 08:26:38	TASTEGGIO	1	0	5000	42061	101884	49	-5	0.05	0.07	44500	
02/03/2012 08:26:58	TASTEGGIO	1	0	5000	42061	57430	50	-1	0.02	0.02	0	
02/03/2012 08:27:08	TASTEGGIO	1	0	5000	42061	101731	50	-1	0.02	0.03	44500	
02/03/2012 08:28:58	TASTEGGIO	1	0	5000	42061	101888	50	-1	0.03	0.04	-44500	
02/03/2012 08:30:50	TASTEGGIO	1	0	5000	42061	101884	50	-1	0.09	0.09	0	
02/03/2012 08:31:10	TASTEGGIO	1	0	5000	42061	101888	51	-5	0.05	0.05	0	
02/03/2012 08:31:29	TASTEGGIO	0	1	5000	42061	101888	53	-4	0.01	0.01	0	
02/03/2012 08:31:36	TASTEGGIO	0	1	5000	42061	101872	53	-4	0.01	0.03	24500	
02/03/2012 08:33:27	TASTEGGIO	0	1	5000	42061	101882	53	-4	0.02	0.02	24500	
02/03/2012 08:35:19	TASTEGGIO	0	1	5000	42061	101881	53	-4	0.03	0.07	44500	
02/03/2012 08:35:40	TASTEGGIO	1	0	5000	42061	57444	50	-1	0.04	0.04	0	
02/03/2012 08:35:50	TASTEGGIO	1	0	5000	42061	101732	50	-1	0.03	0.05	44500	
02/03/2012 08:36:11	TASTEGGIO	1	0	5000	42061	57292	48	-1	0.02	0.02	0	
02/03/2012 08:36:22	TASTEGGIO	1	0	5000	42061	101717	48	-1	0.01	0.03	44500	
02/03/2012 08:38:12	TASTEGGIO	1	0	5000	42061	101882	48	-1	0.19	0.19	44500	
02/03/2012 08:38:33	TASTEGGIO	1	0	5000	42061	57426	58	-2	0.15	0.15	0	
02/03/2012 08:38:49	TASTEGGIO	0	1	5000	42061	57423	69	-1	0.12	0.12	0	
02/03/2012 08:38:59	TASTEGGIO	0	1	5000	42061	101732	69	-1	0.16	0.16	0	
02/03/2012 08:39:20	TASTEGGIO	1	0	5000	42061	101728	56	-3	0.13	0.13	0	
02/03/2012 08:39:27	TASTEGGIO	1	0	5000	42061	101732	56	-3	0.13	0.13	0	
02/03/2012 08:39:48	TASTEGGIO	1	0	5000	42061	101728	54	0	0.12	0.12	0	
02/03/2012 08:40:06	TASTEGGIO	0	1	5000	42061	101728	65	-3	0.08	0.08	0	
02/03/2012 08:40:26	TASTEGGIO	0	2	5000	42061	101728	72	-7	0.03	0.03	0	
02/03/2012 08:40:34	TASTEGGIO	0	2	5000	42061	101733	72	-7	0.04	0.06	44500	
02/03/2012 08:40:55	TASTEGGIO	1	0	5000	42061	57308	49	0	0.03	0.03	0	
02/03/2012 08:41:05	TASTEGGIO	1	0	5000	42061	101718	49	0	0.02	0.05	-44500	
02/03/2012 08:41:27	TASTEGGIO	1	0	5000	42061	146125	48	-9	0.02	0.02	0	
02/03/2012 08:41:38	TASTEGGIO	1	0	5000	42061	101885	48	-9	0.02	0.03	44500	
02/03/2012 08:43:29	TASTEGGIO	1	0	5000	42061	101882	48	-9	0.02	0.04	44500	
02/03/2012 08:45:35	TASTEGGIO	1	0	5000	42061	101880	48	-9	0.09	0.09	0	
02/03/2012 08:45:56	TASTEGGIO	1	0	5000	42061	101884	51	-4	0.05	0.05	0	
02/03/2012 08:46:14	TASTEGGIO	0	1	5000	42061	101884	53	-3	0.01	0.01	0	
02/03/2012 08:46:22	TASTEGGIO	0	1	5000	42061	101870	53	-3	0.02	0.04	-24500	
02/03/2012 08:48:13	TASTEGGIO	0	1	5000	42061	101884	53	-3	0.05	0.05	44500	
02/03/2012 08:48:34	TASTEGGIO	1	0	5000	42061	57421	48	-2	0.01	0.01	0	
02/03/2012 08:48:44	TASTEGGIO	1	0	5000	42061	101733	48	-2	0.01	0.02	-24500	
02/03/2012 08:50:34	TASTEGGIO	1	0	5000	42061	101884	48	-2	0.14	0.14	0	
02/03/2012 08:50:55	TASTEGGIO	1	0	5000	42061	101888	55	-4	0.10	0.10	0	
02/03/2012 08:51:13	TASTEGGIO	0	1	5000	42061	101888	62	-4	0.06	0.06	0	
02/03/2012 08:51:33	TASTEGGIO	0	2	5000	42061	101888	67	-4	0.02	0.02	0	
02/03/2012 08:51:41	TASTEGGIO	0	2	5000	42061	101874	67	-4	0.03	0.06	44500	
02/03/2012 08:52:01	TASTEGGIO	1	0	5000	42061	57438	49	-2	0.01	0.01	0	
02/03/2012 08:52:12	TASTEGGIO	1	0	5000	42061	101717	49	-2	0.01	0.06	-44500	
02/03/2012 08:52:34	TASTEGGIO	1	0	5000	42061	146117	49	-12	0.04	0.04	0	
02/03/2012 08:52:45	TASTEGGIO	1	0	5000	42061	101891	49	-12	0.03	0.04	-44500	
02/03/2012 08:54:36	TASTEGGIO	1	0	5000	42061	101881	49	-12	0.19	0.19	24500	
02/03/2012 08:54:57	TASTEGGIO	1	0	5000	42061	77448	58	0	0.17	0.17	0	
02/03/2012 08:55:16	TASTEGGIO	0	1	5000	42061	77439	73	-4	0.14	0.14	0	
02/03/2012 08:55:26	TASTEGGIO	0	1	5000	42061	101730	73	-4	0.14	0.14	-24500	
02/03/2012 08:55:48	TASTEGGIO	1	0	5000	42061	126171	55	-9	0.07	0.07	0	
02/03/2012 08:56:06	TASTEGGIO	0	0	5000	42061	126174	50	-4	0.03	0.03	0	
02/03/2012 08:56:16	TASTEGGIO	0	0	5000	42061	101887	50	-4	0.05	0.09	44500	
02/03/2012 08:56:36	TASTEGGIO	1	0	5000	42061	57424	51	-1	0.04	0.04	0	
02/03/2012 08:56:46	TASTEGGIO	1	0	5000	42061	101727	51	-1	0.02	0.04	44500	
02/03/2012 08:58:38	TASTEGGIO	1	0	5000	42061	101885	51	-1	0.23	0.23	0	
02/03/2012 08:58:59	TASTEGGIO	1	0	5000	42061	101889	61	-3	0.19	0.19	0	
02/03/2012 08:59:17	TASTEGGIO	0	1	5000	42061	101889	76	-9	0.10	0.10	0	
02/03/2012 08:59:25	TASTEGGIO	0	1	5000	42061	101876	76	-9	0.10	0.12	-24500	
02/03/2012 08:59:46	TASTEGGIO	1	0	5000	42061	126313	53	-10	0.04	0.04	0	
02/03/2012 08:59:56	TASTEGGIO	1	0	5000	42061	101895	53	-10	0.04	0.05	-44500	
02/03/2012 09:00:17	TASTEGGIO	1	0	5000	42061	146285	48	-12	0.06	0.06	0	
02/03/2012 09:00:36	TASTEGGIO	0	1	5000	42061	146290	40	-10	0.04	0.04	0	
02/03/2012 09:00:46	TASTEGGIO	0	1	5000	42061	101898	40	-10	0.03	0.05	24500	
02/03/2012 09:01:07	TASTEGGIO	1	0	5000	42061	77447	48	-1	0.02	0.02	0	
02/03/2012 09:01:17	TASTEGGIO	1	0	5000	42061	101738	48	-1	0.03	0.03	-24500	
02/03/2012 09:03:08	TASTEGGIO	1	0	5000	42061	101879	48	-1	0.05	0.05	44500	
02/03/2012 09:03:29	TASTEGGIO	1	0	5000	42061	57418	48	-2	0.02	0.02	0	
02/03/2012 09:03:40	TASTEGGIO	1	0	5000	42061	101720	48	-2	0.01	0.02	24500	
02/03/2012 09:05:31	TASTEGGIO	1	0	5000	42061	101879	48	-2	0.10	0.10	0	
02/03/2012 09:05:52	TASTEGGIO	1	0	5000	42061	101883	52	-5	0.06	0.06	0	
02/03/2012 09:06:10	TASTEGGIO	0	1	5000	42061	101883	55	-5	0.02	0.02	0	
02/03/2012 09:06:18	TASTEGGIO	0	1	5000	42061	101869	55	-5	0.02	0.03	-44500	
02/03/2012 09:08:10	TASTEGGIO	0	1	5000	42061	101879	55	-5	0.11	0.11	0	
02/03/2012 09:08:31	TASTEGGIO	1	0	5000	42061	101883	52	-6	0.07	0.07	0	
02/03/2012 09:08:49	TASTEGGIO	0	1	5000	42061	101883	56	-4	0.03	0.03	0	
02/03/2012 09:08:57	TASTEGGIO	0	1	5000	42061	101870	56	-4	0.03	0.06	44500	
02/03/2012 09:09:17	TASTEGGIO	1	0	5000	42061	57421	49	-1	0.02	0.02	0	
02/03/2012 09:09:27	TASTEGGIO	1	0	5000	42061	101720	49	-1	0.01	0.03	44500	
02/03/2012 09:11:29	TASTEGGIO	1	0	5000	42061	101882	49	-1	0.04	0.05	24500	
02/03/2012 09:11:50	TASTEGGIO	1	0	5000	42061	77440	48	-1	0.03	0.03	0	
02/03/2012 09:12:00	TASTEGGIO	1	0	5000	42061	101733	48	-1	0.03	0.03	24500	
02/03/2012 09:12:59	ALARM 17	proc 12 prog 10 step 47	LavoroTerminato
02/03/2012 12:45:17	TASTEGGIO	1	0	7000	49900	93676	48	-1	0.03	0.03	44500	
02/03/2012 12:47:05	TASTEGGIO	1	0	7000	49900	93887	48	-1	0.09	0.09	24500	
02/03/2012 12:47:27	TASTEGGIO	1	0	7000	49900	69469	111	-1	0.05	0.05	0	
02/03/2012 12:47:43	TASTEGGIO	0	1	7000	49900	69457	113	0	0.05	0.05	0	
02/03/2012 12:48:01	TASTEGGIO	0	2	7000	49900	69452	123	0	0.05	0.05	0	
02/03/2012 12:48:20	TASTEGGIO	0	3	7000	49900	69449	138	0	0.04	0.04	0	
02/03/2012 12:48:30	TASTEGGIO	0	3	7000	49900	93747	138	0	0.06	0.06	0	
02/03/2012 12:48:48	TASTEGGIO	1	0	7000	49900	93745	109	-1	0.06	0.06	0	
02/03/2012 12:49:03	TASTEGGIO	0	1	7000	49900	93750	115	0	0.06	0.06	0	
02/03/2012 12:49:21	TASTEGGIO	0	2	7000	49900	93756	127	0	0.05	0.05	0	
02/03/2012 12:49:38	TASTEGGIO	0	3	7000	49900	93762	139	-1	0.04	0.04	0	
02/03/2012 12:49:46	TASTEGGIO	0	3	7000	49900	93767	139	-1	0.04	0.04	-24500	
02/03/2012 12:51:33	TASTEGGIO	0	3	7000	49900	93882	139	-1	0.00	0.03	-44500	
02/03/2012 12:53:21	TASTEGGIO	0	3	7000	49900	93888	139	-1	0.05	0.06	24500	
02/03/2012 12:53:43	TASTEGGIO	1	0	7000	49900	69447	109	-1	0.03	0.03	0	
02/03/2012 12:53:53	TASTEGGIO	1	0	7000	49900	93754	109	-1	0.03	0.06	44500	
02/03/2012 12:54:13	TASTEGGIO	1	0	7000	49900	49302	109	0	0.03	0.03	0	
02/03/2012 12:54:24	TASTEGGIO	1	0	7000	49900	93747	109	0	0.03	0.03	24500	
02/03/2012 12:56:12	TASTEGGIO	1	0	7000	49900	93785	109	0	0.03	0.03	-24500	
02/03/2012 12:58:00	TASTEGGIO	1	0	7000	49900	93887	109	0	0.03	0.04	-44500	
02/03/2012 12:58:58	ALARM 17	proc 12 prog 10 step 47	LavoroTerminato
02/03/2012 13:26:52	TASTEGGIO	1	0	5000	42061	130974	109	0	0.10	0.10	-24500	
02/03/2012 13:27:20	TASTEGGIO	1	0	5000	42061	155403	224	-124	1.06	1.06	0	
02/03/2012 13:27:36	TASTEGGIO	0	1	5000	42061	155403	0	1	1.02	1.02	0	
02/03/2012 13:27:58	TASTEGGIO	0	2	5000	42061	155403	196	-44	0.50	0.50	0	
02/03/2012 13:28:21	TASTEGGIO	0	0	5000	42061	155403	276	-129	0.76	0.76	0	
02/03/2012 13:28:45	TASTEGGIO	0	1	5000	42061	155403	160	-21	0.92	0.92	0	
02/03/2012 13:29:11	TASTEGGIO	0	2	5000	42061	155403	382	-145	0.00	0.00	0	
02/03/2012 13:29:20	TASTEGGIO	0	2	5000	42061	131107	382	-145	0.00	0.00	-82000	
02/03/2012 13:31:13	TASTEGGIO	0	2	5000	42061	131054	382	-145	0.13	0.13	0	
02/03/2012 13:31:39	TASTEGGIO	1	0	5000	42061	131057	228	-128	1.14	1.14	0	
02/03/2012 13:31:54	TASTEGGIO	0	1	5000	42061	131057	0	3	1.04	1.04	0	
02/03/2012 13:32:15	TASTEGGIO	0	2	5000	42061	131057	189	-36	0.66	0.66	0	
02/03/2012 13:32:39	TASTEGGIO	0	3	5000	42061	131057	261	-99	0.30	0.30	0	
02/03/2012 13:33:03	TASTEGGIO	0	1	5000	42061	131057	247	-109	0.77	0.77	0	
02/03/2012 13:33:23	TASTEGGIO	0	1	5000	42061	131058	49	-3	0.60	0.60	0	
02/03/2012 13:33:44	TASTEGGIO	0	2	5000	42061	131058	115	-7	0.45	0.45	0	
02/03/2012 13:34:06	TASTEGGIO	0	3	5000	42061	131058	173	-28	0.19	0.19	0	
02/03/2012 13:34:29	TASTEGGIO	0	0	5000	42061	131058	236	-54	0.34	0.34	0	
02/03/2012 13:34:52	TASTEGGIO	0	1	5000	42061	131058	175	-73	0.90	0.90	0	
02/03/2012 13:35:14	TASTEGGIO	0	1	5000	42061	131058	0	-5	0.94	0.94	0	
02/03/2012 13:35:36	TASTEGGIO	0	2	5000	42061	131058	196	-40	0.53	0.53	0	
02/03/2012 13:35:59	TASTEGGIO	0	3	5000	42061	131058	247	-76	0.32	0.32	0	
02/03/2012 13:36:23	TASTEGGIO	0	1	5000	42061	131058	227	-69	0.92	0.92	0	
02/03/2012 13:36:44	TASTEGGIO	0	1	5000	42061	131058	0	-4	0.95	0.95	0	
02/03/2012 13:37:08	TASTEGGIO	0	2	5000	42061	131058	196	-50	1.28	1.28	0	
02/03/2012 13:37:35	TASTEGGIO	0	3	5000	42061	131058	400	-196	0.00	0.00	0	
02/03/2012 13:37:42	TASTEGGIO	0	3	5000	42061	131053	400	-196	0.00	0.00	-82000	
02/03/2012 13:39:35	TASTEGGIO	0	3	5000	42061	131160	400	-196	0.08	0.08	-24500	
02/03/2012 13:41:28	TASTEGGIO	0	3	5000	42061	131160	400	-196	0.13	0.13	0	
02/03/2012 13:41:54	TASTEGGIO	1	0	5000	42061	131163	228	-139	1.33	1.33	0	
02/03/2012 13:42:09	TASTEGGIO	0	1	5000	42061	131163	0	9	1.21	1.21	0	
02/03/2012 13:42:30	TASTEGGIO	0	2	5000	42061	131163	220	-41	0.71	0.71	0	
02/03/2012 13:42:54	TASTEGGIO	0	3	5000	42061	131163	292	-113	0.37	0.37	0	
02/03/2012 13:43:18	TASTEGGIO	0	1	5000	42061	131163	272	-139	1.63	1.63	0	
02/03/2012 13:43:32	TASTEGGIO	0	1	5000	42061	131163	0	1	1.60	1.60	0	
02/03/2012 13:43:55	TASTEGGIO	0	2	5000	42061	131163	314	-94	0.65	0.65	0	
02/03/2012 13:44:20	TASTEGGIO	0	0	5000	42061	131163	295	-64	0.27	0.27	0	
02/03/2012 13:44:44	TASTEGGIO	0	0	5000	42061	131163	246	-128	1.00	1.00	0	
02/03/2012 13:45:00	TASTEGGIO	0	1	5000	42061	131163	0	4	0.90	0.90	0	
02/03/2012 13:45:20	TASTEGGIO	0	2	5000	42061	131163	161	-26	0.62	0.62	0	
02/03/2012 13:45:43	TASTEGGIO	0	3	5000	42061	131163	234	-66	0.12	0.12	0	
02/03/2012 13:46:06	TASTEGGIO	0	1	5000	42061	131163	231	-64	0.68	0.68	0	
02/03/2012 13:46:27	TASTEGGIO	0	1	5000	42061	131163	0	0	0.70	0.70	0	
02/03/2012 13:46:50	TASTEGGIO	0	2	5000	42061	131163	144	-9	0.72	0.72	0	
02/03/2012 13:47:16	TASTEGGIO	0	3	5000	42061	131163	366	-198	0.00	0.00	0	
02/03/2012 13:47:23	TASTEGGIO	0	3	5000	42061	131158	366	-198	0.00	0.00	82800	
02/03/2012 13:49:16	TASTEGGIO	0	3	5000	42061	131161	366	-198	0.21	0.31	44500	
02/03/2012 13:49:44	TASTEGGIO	1	0	5000	42061	86771	251	-76	0.44	0.44	0	
02/03/2012 13:50:07	TASTEGGIO	0	1	5000	42061	86766	188	-53	0.81	0.81	0	
02/03/2012 13:50:09	ALARM 401		
02/03/2012 13:54:51	ALARM 401		
02/03/2012 13:54:53	ALARM 401		
02/03/2012 13:54:54	ALARM 401		
02/03/2012 13:55:46	TASTEGGIO	0	1	5000	42061	131053	188	-53	0.60	0.73	44500	
02/03/2012 13:56:10	TASTEGGIO	1	0	5000	42061	86671	97	-4	0.65	0.65	0	
02/03/2012 13:56:32	TASTEGGIO	0	1	5000	42061	86663	154	-6	0.50	0.50	0	
02/03/2012 13:56:55	TASTEGGIO	0	2	5000	42061	86655	208	-24	0.23	0.23	0	
02/03/2012 13:57:16	TASTEGGIO	0	0	5000	42061	86652	61	9	0.22	0.22	0	
02/03/2012 13:57:37	TASTEGGIO	0	1	5000	42061	86648	82	3	0.23	0.23	0	
02/03/2012 13:58:00	TASTEGGIO	0	2	5000	42061	86648	130	1	0.22	0.22	0	
02/03/2012 13:58:23	TASTEGGIO	0	3	5000	42061	86648	193	-3	0.14	0.14	0	
02/03/2012 13:58:33	TASTEGGIO	0	3	5000	42061	131052	193	-3	0.12	0.15	24500	
02/03/2012 13:58:58	TASTEGGIO	1	0	5000	42061	106783	55	-1	0.11	0.11	0	
02/03/2012 13:59:07	TASTEGGIO	1	0	5000	42061	131037	55	-1	0.07	0.10	44500	
02/03/2012 13:59:33	TASTEGGIO	1	0	5000	42061	86655	52	3	0.10	0.10	0	
02/03/2012 13:59:54	TASTEGGIO	0	1	5000	42061	86647	62	0	0.10	0.10	0	
02/03/2012 14:00:15	TASTEGGIO	0	2	5000	42061	86636	82	0	0.10	0.10	0	
02/03/2012 14:00:37	TASTEGGIO	0	3	5000	42061	86629	112	0	0.09	0.09	0	
02/03/2012 14:01:00	TASTEGGIO	0	4	5000	42061	86622	144	3	0.08	0.08	0	
02/03/2012 14:01:10	TASTEGGIO	0	4	5000	42061	131039	144	3	0.06	0.09	82800	
02/03/2012 14:01:34	TASTEGGIO	1	0	5000	42061	48298	51	-2	0.09	0.09	0	
02/03/2012 14:01:53	TASTEGGIO	0	1	5000	42061	48294	60	1	0.05	0.05	0	
02/03/2012 14:02:05	TASTEGGIO	0	1	5000	42061	131037	60	1	0.09	0.11	44500	
02/03/2012 14:02:30	TASTEGGIO	1	0	5000	42061	86661	52	4	0.11	0.11	0	
02/03/2012 14:02:52	TASTEGGIO	0	1	5000	42061	86650	63	0	0.10	0.10	0	
02/03/2012 14:03:14	TASTEGGIO	0	2	5000	42061	86640	81	0	0.10	0.10	0	
02/03/2012 14:03:35	TASTEGGIO	0	3	5000	42061	86634	111	0	0.10	0.10	0	
02/03/2012 14:03:57	TASTEGGIO	0	4	5000	42061	86629	151	0	0.09	0.09	0	
02/03/2012 14:04:21	TASTEGGIO	0	5	5000	42061	86629	191	-5	0.04	0.04	0	
02/03/2012 14:04:31	TASTEGGIO	0	5	5000	42061	131034	191	-5	0.04	0.08	82800	
02/03/2012 14:06:24	TASTEGGIO	0	5	5000	42061	131161	191	-5	0.06	0.06	0	
02/03/2012 14:08:15	TASTEGGIO	0	5	5000	42061	131160	191	-5	0.05	0.08	-44500	
02/03/2012 14:10:07	TASTEGGIO	0	5	5000	42061	131162	191	-5	0.19	0.22	82800	
02/03/2012 14:10:31	TASTEGGIO	1	0	5000	42061	48418	60	-2	0.19	0.19	0	
02/03/2012 14:10:49	TASTEGGIO	0	1	5000	42061	48419	76	2	0.22	0.22	0	
02/03/2012 14:11:08	TASTEGGIO	0	2	5000	42061	48419	126	0	0.18	0.18	0	
02/03/2012 14:11:30	TASTEGGIO	0	3	5000	42061	48422	170	-4	0.12	0.12	0	
02/03/2012 14:11:41	TASTEGGIO	0	3	5000	42061	131047	170	-4	0.13	0.15	82800	
02/03/2012 14:12:05	TASTEGGIO	1	0	5000	42061	48303	55	2	0.14	0.14	0	
02/03/2012 14:12:16	TASTEGGIO	1	0	5000	42061	131044	55	2	0.12	0.15	82800	
02/03/2012 14:12:39	TASTEGGIO	1	0	5000	42061	48305	55	2	0.13	0.13	0	
02/03/2012 14:12:51	TASTEGGIO	1	0	5000	42061	131029	55	2	0.10	0.15	44500	
02/03/2012 14:13:15	TASTEGGIO	1	0	5000	42061	86650	55	0	0.11	0.11	0	
02/03/2012 14:13:25	TASTEGGIO	1	0	5000	42061	131029	55	0	0.12	0.12	82800	
02/03/2012 14:13:49	TASTEGGIO	1	0	5000	42061	48295	53	2	0.16	0.16	0	
02/03/2012 14:14:08	TASTEGGIO	0	1	5000	42061	48291	74	0	0.12	0.12	0	
02/03/2012 14:14:26	TASTEGGIO	0	2	5000	42061	48287	86	1	0.13	0.13	0	
02/03/2012 14:14:47	TASTEGGIO	0	3	5000	42061	48287	128	1	0.12	0.12	0	
02/03/2012 14:15:08	TASTEGGIO	0	4	5000	42061	48286	172	-1	0.11	0.11	0	
02/03/2012 14:15:31	TASTEGGIO	0	5	5000	42061	48288	222	-9	0.15	0.15	0	
02/03/2012 14:15:55	TASTEGGIO	0	6	5000	42061	48289	344	-84	0.81	0.81	0	
02/03/2012 14:16:09	TASTEGGIO	0	1	5000	42061	48289	0	0	0.75	0.75	0	
02/03/2012 14:16:28	TASTEGGIO	0	2	5000	42061	48289	138	6	0.69	0.69	0	
02/03/2012 14:16:51	TASTEGGIO	0	3	5000	42061	48289	328	-48	0.35	0.35	0	
02/03/2012 14:17:15	TASTEGGIO	0	4	5000	42061	48289	363	-52	0.42	0.42	0	
02/03/2012 14:17:38	TASTEGGIO	0	1	5000	42061	48289	312	-43	0.13	0.13	0	
02/03/2012 14:18:01	TASTEGGIO	0	1	5000	42061	48289	307	-43	0.33	0.33	0	
02/03/2012 14:18:22	TASTEGGIO	0	1	5000	42061	48289	223	-12	0.14	0.14	0	
02/03/2012 14:18:40	TASTEGGIO	0	0	5000	42061	48289	55	0	0.14	0.14	0	
02/03/2012 14:18:58	TASTEGGIO	0	1	5000	42061	48289	69	0	0.12	0.12	0	
02/03/2012 14:19:17	TASTEGGIO	0	2	5000	42061	48289	89	0	0.11	0.11	0	
02/03/2012 14:19:37	TASTEGGIO	0	3	5000	42061	48289	119	1	0.12	0.12	0	
02/03/2012 14:19:58	TASTEGGIO	0	4	5000	42061	48289	171	0	0.17	0.17	0	
02/03/2012 14:20:21	TASTEGGIO	0	5	5000	42061	48289	291	-23	0.17	0.17	0	
02/03/2012 14:20:44	TASTEGGIO	0	1	5000	42061	48289	274	-32	0.19	0.19	0	
02/03/2012 14:21:07	TASTEGGIO	0	1	5000	42061	48289	252	-17	0.06	0.06	0	
02/03/2012 14:21:19	TASTEGGIO	0	1	5000	42061	131032	252	-17	0.05	0.06	24500	
02/03/2012 14:23:12	TASTEGGIO	0	1	5000	42061	131163	252	-17	0.05	0.11	82800	
02/03/2012 14:23:36	TASTEGGIO	1	0	5000	42061	48419	52	-1	0.08	0.08	0	
02/03/2012 14:23:47	TASTEGGIO	1	0	5000	42061	131029	52	-1	0.07	0.09	82800	
02/03/2012 14:24:10	TASTEGGIO	1	0	5000	42061	48288	51	3	0.08	0.08	0	
02/03/2012 14:24:22	TASTEGGIO	1	0	5000	42061	131043	51	3	0.08	0.09	-24500	
02/03/2012 14:24:47	TASTEGGIO	1	0	5000	42061	155471	51	-10	0.08	0.08	0	
02/03/2012 14:24:57	TASTEGGIO	1	0	5000	42061	131164	51	-10	0.04	0.10	82800	
02/03/2012 14:25:21	TASTEGGIO	1	0	5000	42061	48422	52	0	0.12	0.12	0	
02/03/2012 14:25:40	TASTEGGIO	0	1	5000	42061	48417	66	0	0.12	0.12	0	
02/03/2012 14:25:58	TASTEGGIO	0	2	5000	42061	48409	90	0	0.09	0.09	0	
02/03/2012 14:26:18	TASTEGGIO	0	3	5000	42061	48405	101	0	0.08	0.08	0	
02/03/2012 14:26:30	TASTEGGIO	0	3	5000	42061	131035	101	0	0.02	0.09	82800	
02/03/2012 14:26:53	TASTEGGIO	1	0	5000	42061	48293	51	1	0.08	0.08	0	
02/03/2012 14:27:04	TASTEGGIO	1	0	5000	42061	131034	51	1	0.01	0.09	82800	
02/03/2012 14:28:56	TASTEGGIO	1	0	5000	42061	131165	51	1	0.10	0.12	-44500	
02/03/2012 14:29:21	TASTEGGIO	1	0	5000	42061	175561	53	-8	0.02	0.02	0	
02/03/2012 14:29:32	TASTEGGIO	1	0	5000	42061	131174	53	-8	0.03	0.07	44500	
02/03/2012 14:31:24	TASTEGGIO	1	0	5000	42061	131166	53	-8	0.21	0.39	82800	
02/03/2012 14:31:48	TASTEGGIO	1	0	5000	42061	48423	73	0	0.36	0.36	0	
02/03/2012 14:32:07	TASTEGGIO	0	1	5000	42061	48422	106	4	0.33	0.33	0	
02/03/2012 14:32:27	TASTEGGIO	0	2	5000	42061	48421	166	-1	0.31	0.31	0	
02/03/2012 14:32:49	TASTEGGIO	0	3	5000	42061	48420	253	-15	0.16	0.16	0	
02/03/2012 14:33:11	TASTEGGIO	0	4	5000	42061	48419	269	-12	0.04	0.04	0	
02/03/2012 14:33:23	TASTEGGIO	0	4	5000	42061	131051	269	-12	0.12	0.12	0	
02/03/2012 14:33:46	TASTEGGIO	1	0	5000	42061	131047	53	-13	0.11	0.11	0	
02/03/2012 14:34:07	TASTEGGIO	0	1	5000	42061	131047	42	-9	0.04	0.04	0	
02/03/2012 14:34:15	TASTEGGIO	0	1	5000	42061	131049	42	-9	0.03	0.09	-24500	
02/03/2012 14:36:08	TASTEGGIO	0	1	5000	42061	131163	42	-9	0.10	0.10	0	
02/03/2012 14:36:31	TASTEGGIO	1	0	5000	42061	131167	52	-15	0.17	0.17	0	
02/03/2012 14:36:52	TASTEGGIO	0	1	5000	42061	131167	23	-4	0.09	0.09	0	
02/03/2012 14:36:59	TASTEGGIO	0	1	5000	42061	131162	23	-4	0.10	0.10	0	
02/03/2012 14:37:23	TASTEGGIO	1	0	5000	42061	131166	52	-5	0.12	0.12	0	
02/03/2012 14:37:44	TASTEGGIO	0	1	5000	42061	131166	66	-9	0.06	0.06	0	
02/03/2012 14:37:52	TASTEGGIO	0	1	5000	42061	131162	66	-9	0.05	0.06	82800	
02/03/2012 14:39:44	TASTEGGIO	0	1	5000	42061	131059	66	-9	0.17	0.17	0	
02/03/2012 14:40:07	TASTEGGIO	1	0	5000	42061	131062	57	-10	0.09	0.09	0	
02/03/2012 14:40:14	TASTEGGIO	1	0	5000	42061	131057	57	-10	0.10	0.10	82800	
02/03/2012 14:40:37	TASTEGGIO	1	0	5000	42061	48309	52	0	0.09	0.09	0	
02/03/2012 14:40:48	TASTEGGIO	1	0	5000	42061	130941	52	0	0.06	0.09	82800	
02/03/2012 14:42:41	TASTEGGIO	1	0	5000	42061	131062	52	0	0.10	0.20	82800	
02/03/2012 14:43:05	TASTEGGIO	1	0	5000	42061	48312	59	-1	0.16	0.16	0	
02/03/2012 14:43:24	TASTEGGIO	0	1	5000	42061	48312	71	0	0.20	0.20	0	
02/03/2012 14:43:44	TASTEGGIO	0	2	5000	42061	48316	121	4	0.14	0.14	0	
02/03/2012 14:43:55	TASTEGGIO	0	2	5000	42061	130934	121	4	0.10	0.15	82800	
02/03/2012 14:44:18	TASTEGGIO	1	0	5000	42061	48193	55	3	0.13	0.13	0	
02/03/2012 14:44:30	TASTEGGIO	1	0	5000	42061	130929	55	3	0.17	0.17	0	
02/03/2012 14:44:53	TASTEGGIO	1	0	5000	42061	130925	57	-12	0.04	0.04	0	
02/03/2012 14:45:01	TASTEGGIO	1	0	5000	42061	130929	57	-12	0.04	0.13	82800	
02/03/2012 14:45:25	TASTEGGIO	1	0	5000	42061	48194	54	3	0.12	0.12	0	
02/03/2012 14:45:44	TASTEGGIO	0	1	5000	42061	48187	65	0	0.11	0.11	0	
02/03/2012 14:46:03	TASTEGGIO	0	2	5000	42061	48185	85	0	0.18	0.18	0	
02/03/2012 14:46:24	TASTEGGIO	0	3	5000	42061	48185	173	-4	0.09	0.09	0	
02/03/2012 14:46:35	TASTEGGIO	0	3	5000	42061	130935	173	-4	0.02	0.09	82800	
02/03/2012 14:48:28	TASTEGGIO	0	3	5000	42061	131160	173	-4	0.11	0.11	0	
02/03/2012 14:48:52	TASTEGGIO	1	0	5000	42061	131164	52	-12	0.04	0.04	0	
02/03/2012 14:48:59	TASTEGGIO	1	0	5000	42061	131159	52	-12	0.04	0.05	-44500	
02/03/2012 14:50:51	TASTEGGIO	1	0	5000	42061	131055	52	-12	0.07	0.17	82800	
02/03/2012 14:51:14	TASTEGGIO	1	0	5000	42061	48310	57	0	0.14	0.14	0	
02/03/2012 14:51:25	TASTEGGIO	1	0	5000	42061	130945	57	0	0.06	0.15	82800	
02/03/2012 14:51:48	TASTEGGIO	1	0	5000	42061	48197	55	2	0.14	0.14	0	
02/03/2012 14:52:00	TASTEGGIO	1	0	5000	42061	130935	55	2	0.05	0.15	82800	
02/03/2012 14:52:23	TASTEGGIO	1	0	5000	42061	48195	55	6	0.13	0.13	0	
02/03/2012 14:52:34	TASTEGGIO	1	0	5000	42061	130929	55	6	0.11	0.14	82800	
02/03/2012 14:52:57	TASTEGGIO	1	0	5000	42061	48188	55	7	0.12	0.12	0	
02/03/2012 14:53:16	TASTEGGIO	0	1	5000	42061	48176	65	0	0.15	0.15	0	
02/03/2012 14:53:36	TASTEGGIO	0	2	5000	42061	48168	102	-1	0.12	0.12	0	
02/03/2012 14:53:55	TASTEGGIO	0	3	5000	42061	48163	118	0	0.12	0.12	0	
02/03/2012 14:54:15	TASTEGGIO	0	4	5000	42061	48161	166	-3	0.09	0.09	0	
02/03/2012 14:54:26	TASTEGGIO	0	4	5000	42061	130925	166	-3	0.04	0.10	82800	
02/03/2012 14:54:49	TASTEGGIO	1	0	5000	42061	48183	52	1	0.07	0.07	0	
02/03/2012 14:55:01	TASTEGGIO	1	0	5000	42061	130928	52	1	0.08	0.10	82800	
02/03/2012 14:55:24	TASTEGGIO	1	0	5000	42061	48181	52	2	0.11	0.11	0	
02/03/2012 14:55:41	TASTEGGIO	0	1	5000	42061	48169	64	0	0.11	0.11	0	
02/03/2012 14:56:01	TASTEGGIO	0	2	5000	42061	48162	86	0	0.09	0.09	0	
02/03/2012 14:56:12	TASTEGGIO	0	2	5000	42061	130925	86	0	0.06	0.09	82800	
02/03/2012 14:58:05	TASTEGGIO	0	2	5000	42061	131165	86	0	0.19	0.23	82800	
02/03/2012 14:58:28	TASTEGGIO	1	0	5000	42061	48401	61	0	0.18	0.18	0	
02/03/2012 14:58:47	TASTEGGIO	0	1	5000	42061	48395	75	0	0.22	0.22	0	
02/03/2012 14:59:06	TASTEGGIO	0	2	5000	42061	48394	128	-1	0.31	0.31	0	
02/03/2012 14:59:29	TASTEGGIO	0	3	5000	42061	48399	259	-23	0.15	0.15	0	
02/03/2012 14:59:47	TASTEGGIO	0	0	5000	42061	48391	55	9	0.14	0.14	0	
02/03/2012 14:59:59	TASTEGGIO	0	0	5000	42061	131040	55	9	0.10	0.11	82800	
02/03/2012 15:00:22	TASTEGGIO	1	0	5000	42061	48289	52	0	0.12	0.12	0	
02/03/2012 15:00:40	TASTEGGIO	0	1	5000	42061	48281	65	3	0.11	0.11	0	
02/03/2012 15:00:59	TASTEGGIO	0	2	5000	42061	48276	85	0	0.11	0.11	0	
02/03/2012 15:01:19	TASTEGGIO	0	3	5000	42061	48275	118	0	0.11	0.11	0	
02/03/2012 15:01:40	TASTEGGIO	0	4	5000	42061	48277	162	-2	0.15	0.15	0	
02/03/2012 15:02:02	TASTEGGIO	0	5	5000	42061	48282	264	-34	0.35	0.35	0	
02/03/2012 15:02:22	TASTEGGIO	0	1	5000	42061	48282	182	-6	0.22	0.22	0	
02/03/2012 15:02:43	TASTEGGIO	0	2	5000	42061	48282	201	0	0.17	0.17	0	
02/03/2012 15:03:05	TASTEGGIO	0	3	5000	42061	48282	223	-2	0.15	0.15	0	
02/03/2012 15:03:28	TASTEGGIO	0	4	5000	42061	48282	275	-9	0.08	0.08	0	
02/03/2012 15:03:39	TASTEGGIO	0	4	5000	42061	131037	275	-9	0.06	0.07	-44500	
02/03/2012 15:05:32	TASTEGGIO	0	4	5000	42061	131058	275	-9	0.10	0.16	44500	
02/03/2012 15:05:56	TASTEGGIO	1	0	5000	42061	86697	56	0	0.12	0.12	0	
02/03/2012 15:06:07	TASTEGGIO	1	0	5000	42061	130938	56	0	0.11	0.13	82800	
02/03/2012 15:06:30	TASTEGGIO	1	0	5000	42061	48190	54	1	0.10	0.10	0	
02/03/2012 15:06:48	TASTEGGIO	0	1	5000	42061	48186	61	1	0.10	0.10	0	
02/03/2012 15:07:07	TASTEGGIO	0	2	5000	42061	48183	81	8	0.10	0.10	0	
02/03/2012 15:07:26	TASTEGGIO	0	3	5000	42061	48179	111	0	0.14	0.14	0	
02/03/2012 15:07:49	TASTEGGIO	0	4	5000	42061	48183	189	-7	0.04	0.04	0	
02/03/2012 15:08:00	TASTEGGIO	0	4	5000	42061	130932	189	-7	0.05	0.08	-82000	
02/03/2012 15:09:53	TASTEGGIO	0	4	5000	42061	131060	189	-7	0.25	0.25	0	
02/03/2012 15:10:16	TASTEGGIO	1	0	5000	42061	131063	63	-8	0.07	0.07	0	
02/03/2012 15:10:23	TASTEGGIO	1	0	5000	42061	131058	63	-8	0.08	0.08	0	
02/03/2012 15:12:16	TASTEGGIO	1	0	5000	42061	131162	63	-8	0.08	0.08	0	
02/03/2012 15:14:07	TASTEGGIO	1	0	5000	42061	131059	63	-8	0.06	0.08	-82000	
02/03/2012 15:15:59	TASTEGGIO	1	0	5000	42061	131058	63	-8	0.16	0.16	0	
02/03/2012 15:16:23	TASTEGGIO	1	0	5000	42061	131061	56	-1	0.13	0.13	0	
02/03/2012 15:16:31	TASTEGGIO	1	0	5000	42061	131056	56	-1	0.12	0.13	44500	
02/03/2012 15:16:56	TASTEGGIO	1	0	5000	42061	86687	54	0	0.09	0.09	0	
02/03/2012 15:17:06	TASTEGGIO	1	0	5000	42061	130931	54	0	0.10	0.10	0	
02/03/2012 15:17:30	TASTEGGIO	1	0	5000	42061	130927	52	-15	0.15	0.15	0	
02/03/2012 15:17:51	TASTEGGIO	0	1	5000	42061	130927	29	4	0.13	0.13	0	
02/03/2012 15:18:12	TASTEGGIO	0	2	5000	42061	130927	51	-5	0.13	0.13	0	
02/03/2012 15:18:35	TASTEGGIO	0	3	5000	42061	130927	90	-17	0.17	0.17	0	
02/03/2012 15:18:56	TASTEGGIO	0	1	5000	42061	130927	67	-3	0.09	0.09	0	
02/03/2012 15:19:04	TASTEGGIO	0	1	5000	42061	130931	67	-3	0.16	0.16	0	
02/03/2012 15:19:27	TASTEGGIO	1	0	5000	42061	130927	56	0	0.11	0.11	0	
02/03/2012 15:19:35	TASTEGGIO	1	0	5000	42061	130931	56	0	0.11	0.12	44500	
02/03/2012 15:19:59	TASTEGGIO	1	0	5000	42061	86520	53	2	0.15	0.15	0	
02/03/2012 15:20:20	TASTEGGIO	0	1	5000	42061	86506	71	-1	0.14	0.14	0	
02/03/2012 15:20:42	TASTEGGIO	0	2	5000	42061	86495	97	0	0.10	0.10	0	
02/03/2012 15:21:03	TASTEGGIO	0	3	5000	42061	86487	109	-2	0.03	0.03	0	
02/03/2012 15:21:13	TASTEGGIO	0	3	5000	42061	130934	109	-2	0.05	0.07	82800	
02/03/2012 15:23:06	TASTEGGIO	0	3	5000	42061	131164	109	-2	0.10	0.12	24500	
02/03/2012 15:23:30	TASTEGGIO	1	0	5000	42061	106829	53	-3	0.10	0.10	0	
02/03/2012 15:23:50	TASTEGGIO	0	1	5000	42061	106829	61	0	0.05	0.05	0	
02/03/2012 15:24:00	TASTEGGIO	0	1	5000	42061	131037	61	0	0.05	0.07	82800	
02/03/2012 15:25:52	TASTEGGIO	0	1	5000	42061	131059	61	0	0.17	0.17	0	
02/03/2012 15:26:16	TASTEGGIO	1	0	5000	42061	131062	57	-7	0.08	0.08	0	
02/03/2012 15:26:24	TASTEGGIO	1	0	5000	42061	131058	57	-7	0.08	0.08	0	
02/03/2012 15:28:17	TASTEGGIO	1	0	5000	42061	131161	57	-7	0.11	0.11	0	
02/03/2012 15:28:40	TASTEGGIO	1	0	5000	42061	131165	52	-11	0.06	0.06	0	
02/03/2012 15:28:47	TASTEGGIO	1	0	5000	42061	131160	52	-11	0.04	0.05	-82000	
02/03/2012 15:30:40	TASTEGGIO	1	0	5000	42061	131161	52	-11	0.61	0.77	-24500	
02/03/2012 15:31:05	TASTEGGIO	1	0	5000	42061	155565	100	4	1.06	1.06	0	
02/03/2012 15:31:29	TASTEGGIO	0	1	5000	42061	155566	245	-17	0.84	0.84	0	
02/03/2012 15:31:53	TASTEGGIO	0	2	5000	42061	155566	339	-107	0.27	0.27	0	
02/03/2012 15:32:18	TASTEGGIO	0	1	5000	42061	155566	330	-137	1.69	1.69	0	
02/03/2012 15:32:32	TASTEGGIO	0	1	5000	42061	155566	0	-7	1.60	1.60	0	
02/03/2012 15:32:55	TASTEGGIO	0	2	5000	42061	155567	302	-109	0.55	0.55	0	
02/03/2012 15:33:16	TASTEGGIO	0	0	5000	42061	155567	84	2	0.55	0.55	0	
02/03/2012 15:33:38	TASTEGGIO	0	1	5000	42061	155567	139	3	0.54	0.54	0	
02/03/2012 15:34:01	TASTEGGIO	0	2	5000	42061	155567	245	-32	0.20	0.20	0	
02/03/2012 15:34:21	TASTEGGIO	0	0	5000	42061	155567	59	1	0.19	0.19	0	
02/03/2012 15:34:43	TASTEGGIO	0	1	5000	42061	155567	77	4	0.19	0.19	0	
02/03/2012 15:35:05	TASTEGGIO	0	2	5000	42061	155567	115	2	0.19	0.19	0	
02/03/2012 15:35:27	TASTEGGIO	0	3	5000	42061	155567	172	-4	0.16	0.16	0	
02/03/2012 15:35:51	TASTEGGIO	0	4	5000	42061	155567	225	-12	0.04	0.04	0	
02/03/2012 15:36:01	TASTEGGIO	0	4	5000	42061	131157	225	-12	0.32	0.56	24500	
02/03/2012 15:36:25	TASTEGGIO	1	0	5000	42061	106830	85	-3	0.49	0.49	0	
02/03/2012 15:36:48	TASTEGGIO	0	1	5000	42061	106830	127	-4	0.36	0.36	0	
02/03/2012 15:37:10	TASTEGGIO	0	2	5000	42061	106830	164	-11	0.20	0.20	0	
02/03/2012 15:37:33	TASTEGGIO	0	3	5000	42061	106830	183	-22	0.07	0.07	0	
02/03/2012 15:37:43	TASTEGGIO	0	3	5000	42061	131066	183	-22	0.16	0.34	-24500	
02/03/2012 15:38:09	TASTEGGIO	1	0	5000	42061	155481	69	-29	0.06	0.06	0	
02/03/2012 15:38:18	TASTEGGIO	1	0	5000	42061	131171	69	-29	0.15	0.36	-82000	
02/03/2012 15:38:44	TASTEGGIO	1	0	5000	42061	213116	70	-7	0.28	0.28	0	
02/03/2012 15:39:05	TASTEGGIO	0	1	5000	42061	213117	91	0	0.36	0.36	0	
02/03/2012 15:39:28	TASTEGGIO	0	2	5000	42061	213119	183	-18	0.11	0.11	0	
02/03/2012 15:39:40	TASTEGGIO	0	2	5000	42061	131174	183	-18	0.04	0.23	-24500	
02/03/2012 15:40:05	TASTEGGIO	1	0	5000	42061	155588	61	-1	0.19	0.19	0	
02/03/2012 15:40:28	TASTEGGIO	0	1	5000	42061	155589	76	-3	0.14	0.14	0	
02/03/2012 15:40:37	TASTEGGIO	0	1	5000	42061	131169	76	-3	0.04	0.20	44500	
02/03/2012 15:41:02	TASTEGGIO	1	0	5000	42061	86776	59	0	0.17	0.17	0	
02/03/2012 15:41:22	TASTEGGIO	0	1	5000	42061	86771	73	0	0.16	0.16	0	
02/03/2012 15:41:44	TASTEGGIO	0	2	5000	42061	86765	103	-2	0.11	0.11	0	
02/03/2012 15:41:55	TASTEGGIO	0	2	5000	42061	131059	103	-2	0.04	0.22	-24500	
02/03/2012 15:42:20	TASTEGGIO	1	0	5000	42061	155474	60	-1	0.19	0.19	0	
02/03/2012 15:42:43	TASTEGGIO	0	1	5000	42061	155475	76	0	0.17	0.17	0	
02/03/2012 15:43:05	TASTEGGIO	0	2	5000	42061	155475	106	-6	0.13	0.13	0	
02/03/2012 15:43:14	TASTEGGIO	0	2	5000	42061	131164	106	-6	0.05	0.18	44500	
02/03/2012 15:43:39	TASTEGGIO	1	0	5000	42061	86781	57	5	0.16	0.16	0	
02/03/2012 15:43:59	TASTEGGIO	0	1	5000	42061	86775	71	1	0.15	0.15	0	
02/03/2012 15:44:21	TASTEGGIO	0	2	5000	42061	86768	99	0	0.15	0.15	0	
02/03/2012 15:44:42	TASTEGGIO	0	3	5000	42061	86764	144	-7	0.08	0.08	0	
02/03/2012 15:44:53	TASTEGGIO	0	3	5000	42061	131057	144	-7	0.07	0.19	-24500	
02/03/2012 15:45:19	TASTEGGIO	1	0	5000	42061	155471	58	1	0.16	0.16	0	
02/03/2012 15:45:40	TASTEGGIO	0	1	5000	42061	155471	71	2	0.15	0.15	0	
02/03/2012 15:46:02	TASTEGGIO	0	2	5000	42061	155472	99	-1	0.17	0.17	0	
02/03/2012 15:46:25	TASTEGGIO	0	3	5000	42061	155472	156	-12	0.06	0.06	0	
02/03/2012 15:46:34	TASTEGGIO	0	3	5000	42061	131157	156	-12	0.17	0.22	-82000	
02/03/2012 15:46:59	TASTEGGIO	1	0	5000	42061	213120	60	0	0.23	0.23	0	
02/03/2012 15:47:19	TASTEGGIO	0	1	5000	42061	213120	84	0	0.21	0.21	0	
02/03/2012 15:47:41	TASTEGGIO	0	2	5000	42061	213120	122	1	0.20	0.20	0	
02/03/2012 15:48:03	TASTEGGIO	0	3	5000	42061	213120	179	-1	0.19	0.19	0	
02/03/2012 15:48:26	TASTEGGIO	0	4	5000	42061	213120	251	-29	0.14	0.14	0	
02/03/2012 15:48:37	TASTEGGIO	0	4	5000	42061	131168	251	-29	0.09	0.28	-24500	
02/03/2012 15:49:03	TASTEGGIO	1	0	5000	42061	155581	65	5	0.22	0.22	0	
02/03/2012 15:49:25	TASTEGGIO	0	1	5000	42061	155581	82	3	0.22	0.22	0	
02/03/2012 15:49:47	TASTEGGIO	0	2	5000	42061	155581	126	1	0.21	0.21	0	
02/03/2012 15:50:11	TASTEGGIO	0	3	5000	42061	155581	186	-12	0.17	0.17	0	
02/03/2012 15:50:34	TASTEGGIO	0	4	5000	42061	155581	241	-84	0.62	0.62	0	
02/03/2012 15:50:53	TASTEGGIO	0	1	5000	42061	155581	14	-7	0.51	0.51	0	
02/03/2012 15:51:14	TASTEGGIO	0	2	5000	42061	155581	97	-15	0.33	0.33	0	
02/03/2012 15:51:36	TASTEGGIO	0	3	5000	42061	155581	133	-15	0.19	0.19	0	
02/03/2012 15:51:58	TASTEGGIO	0	4	5000	42061	155581	154	-18	0.03	0.03	0	
02/03/2012 15:52:08	TASTEGGIO	0	4	5000	42061	131161	154	-18	0.13	0.20	24500	
02/03/2012 15:52:33	TASTEGGIO	1	0	5000	42061	106827	59	2	0.18	0.18	0	
02/03/2012 15:52:54	TASTEGGIO	0	1	5000	42061	106827	75	5	0.20	0.20	0	
02/03/2012 15:53:16	TASTEGGIO	0	2	5000	42061	106827	119	0	0.17	0.17	0	
02/03/2012 15:53:38	TASTEGGIO	0	3	5000	42061	106827	162	-6	0.09	0.09	0	
02/03/2012 15:53:47	TASTEGGIO	0	3	5000	42061	131065	162	-6	0.06	0.12	44500	
02/03/2012 15:55:41	TASTEGGIO	0	3	5000	42061	131059	162	-6	1.07	1.07	0	
02/03/2012 15:56:05	TASTEGGIO	1	0	5000	42061	131062	122	5	1.04	1.04	0	
02/03/2012 15:56:27	TASTEGGIO	0	1	5000	42061	131062	223	2	1.02	1.02	0	
02/03/2012 15:56:51	TASTEGGIO	0	2	5000	42061	131062	400	-151	0.61	0.61	0	
02/03/2012 15:57:15	TASTEGGIO	0	1	5000	42061	131063	363	-200	1.43	1.43	0	
02/03/2012 15:57:30	TASTEGGIO	0	1	5000	42061	131062	27	-2	1.32	1.32	0	
02/03/2012 15:57:54	TASTEGGIO	0	2	5000	42061	131063	270	-82	0.51	0.51	0	
02/03/2012 15:58:15	TASTEGGIO	0	0	5000	42061	131063	81	5	0.52	0.52	0	
02/03/2012 15:58:38	TASTEGGIO	0	1	5000	42061	131063	134	4	0.49	0.49	0	
02/03/2012 15:59:01	TASTEGGIO	0	2	5000	42061	131063	226	-22	0.24	0.24	0	
02/03/2012 15:59:22	TASTEGGIO	0	0	5000	42061	131063	62	3	0.25	0.25	0	
02/03/2012 15:59:44	TASTEGGIO	0	1	5000	42061	131063	88	5	0.25	0.25	0	
02/03/2012 16:00:07	TASTEGGIO	0	2	5000	42061	131063	138	3	0.24	0.24	0	
02/03/2012 16:00:31	TASTEGGIO	0	3	5000	42061	131063	207	-2	0.20	0.20	0	
02/03/2012 16:00:55	TASTEGGIO	0	4	5000	42061	131063	273	-43	0.24	0.24	0	
02/03/2012 16:01:19	TASTEGGIO	0	1	5000	42061	131063	244	-16	0.35	0.35	0	
02/03/2012 16:01:44	TASTEGGIO	0	2	5000	42061	131063	346	-140	1.68	1.68	0	
02/03/2012 16:01:58	TASTEGGIO	0	1	5000	42061	131063	0	-2	1.55	1.55	0	
02/03/2012 16:02:21	TASTEGGIO	0	2	5000	42061	131063	286	-109	0.35	0.35	0	
02/03/2012 16:02:42	TASTEGGIO	0	0	5000	42061	131063	70	7	0.35	0.35	0	
02/03/2012 16:03:04	TASTEGGIO	0	1	5000	42061	131063	105	6	0.34	0.34	0	
02/03/2012 16:03:26	TASTEGGIO	0	2	5000	42061	131063	171	-2	0.26	0.26	0	
02/03/2012 16:03:50	TASTEGGIO	0	3	5000	42061	131063	205	-13	0.18	0.18	0	
02/03/2012 16:04:13	TASTEGGIO	0	4	5000	42061	131063	229	-58	0.35	0.35	0	
02/03/2012 16:04:36	TASTEGGIO	0	1	5000	42061	131063	160	-65	0.37	0.37	0	
02/03/2012 16:04:58	TASTEGGIO	0	1	5000	42061	131063	120	-11	0.16	0.16	0	
02/03/2012 16:05:20	TASTEGGIO	0	0	5000	42061	131063	56	1	0.16	0.16	0	
02/03/2012 16:05:41	TASTEGGIO	0	1	5000	42061	131063	72	1	0.15	0.15	0	
02/03/2012 16:06:04	TASTEGGIO	0	2	5000	42061	131063	100	1	0.15	0.15	0	
02/03/2012 16:06:26	TASTEGGIO	0	3	5000	42061	131063	145	-3	0.12	0.12	0	
02/03/2012 16:06:34	TASTEGGIO	0	3	5000	42061	131058	145	-3	0.13	0.69	-44500	
02/03/2012 16:06:59	TASTEGGIO	1	0	5000	42061	175463	94	-8	0.54	0.54	0	
02/03/2012 16:07:22	TASTEGGIO	0	1	5000	42061	175464	136	-12	0.40	0.40	0	
02/03/2012 16:07:43	TASTEGGIO	0	2	5000	42061	175465	177	-28	0.10	0.10	0	
02/03/2012 16:07:53	TASTEGGIO	0	2	5000	42061	131065	177	-28	0.31	0.42	44500	
02/03/2012 16:08:18	TASTEGGIO	1	0	5000	42061	86694	75	-4	0.23	0.23	0	
02/03/2012 16:08:39	TASTEGGIO	0	1	5000	42061	86682	87	0	0.21	0.21	0	
02/03/2012 16:09:01	TASTEGGIO	0	2	5000	42061	86671	125	-5	0.16	0.16	0	
02/03/2012 16:09:22	TASTEGGIO	0	3	5000	42061	86661	146	-9	0.07	0.07	0	
02/03/2012 16:09:33	TASTEGGIO	0	3	5000	42061	130953	146	-9	0.55	0.55	0	
02/03/2012 16:09:57	TASTEGGIO	1	0	5000	42061	130950	84	-4	0.51	0.51	0	
02/03/2012 16:10:19	TASTEGGIO	0	1	5000	42061	130949	131	3	0.43	0.43	0	
02/03/2012 16:10:41	TASTEGGIO	0	2	5000	42061	130949	203	-14	0.27	0.27	0	
02/03/2012 16:11:06	TASTEGGIO	0	3	5000	42061	130949	232	-16	0.15	0.15	0	
02/03/2012 16:11:29	TASTEGGIO	0	4	5000	42061	130949	248	-50	0.33	0.33	0	
02/03/2012 16:11:52	TASTEGGIO	0	1	5000	42061	130949	175	-74	0.46	0.46	0	
02/03/2012 16:12:14	TASTEGGIO	0	1	5000	42061	130949	110	-23	0.17	0.17	0	
02/03/2012 16:12:36	TASTEGGIO	0	0	5000	42061	130949	57	-2	0.13	0.13	0	
02/03/2012 16:12:44	TASTEGGIO	0	0	5000	42061	130953	57	-2	0.14	0.39	44500	
02/03/2012 16:13:09	TASTEGGIO	1	0	5000	42061	86543	73	4	0.33	0.33	0	
02/03/2012 16:13:31	TASTEGGIO	0	1	5000	42061	86527	100	5	0.32	0.32	0	
02/03/2012 16:13:53	TASTEGGIO	0	2	5000	42061	86512	162	3	0.31	0.31	0	
02/03/2012 16:14:17	TASTEGGIO	0	3	5000	42061	86502	252	-52	0.31	0.31	0	
02/03/2012 16:14:40	TASTEGGIO	0	1	5000	42061	86496	221	-43	0.15	0.15	0	
02/03/2012 16:15:03	TASTEGGIO	0	1	5000	42061	86497	213	-53	0.38	0.38	0	
02/03/2012 16:15:24	TASTEGGIO	0	1	5000	42061	86497	116	-6	0.27	0.27	0	
02/03/2012 16:15:47	TASTEGGIO	0	2	5000	42061	86497	143	-1	0.22	0.22	0	
02/03/2012 16:16:09	TASTEGGIO	0	3	5000	42061	86497	196	-16	0.06	0.06	0	
02/03/2012 16:16:19	TASTEGGIO	0	3	5000	42061	130940	196	-16	0.45	0.45	0	
02/03/2012 16:16:43	TASTEGGIO	1	0	5000	42061	130936	77	2	0.42	0.42	0	
02/03/2012 16:17:06	TASTEGGIO	0	1	5000	42061	130936	116	3	0.44	0.44	0	
02/03/2012 16:17:28	TASTEGGIO	0	2	5000	42061	130936	208	-14	0.24	0.24	0	
02/03/2012 16:17:31	ALARM 401		
02/03/2012 16:17:33	ALARM 401		
02/03/2012 16:17:33	ALARM 401		
02/03/2012 16:17:50	TASTEGGIO	0	2	5000	42061	130940	208	-14	0.25	0.29	-82000	
02/03/2012 16:18:16	TASTEGGIO	1	0	5000	42061	212895	65	-4	0.21	0.21	0	
02/03/2012 16:18:35	TASTEGGIO	0	1	5000	42061	212895	80	0	0.20	0.20	0	
02/03/2012 16:18:36	ALARM 401		
02/03/2012 16:18:39	ALARM 201		err.6059
02/03/2012 16:18:54	TASTEGGIO	0	1	5000	42061	131059	80	0	0.29	0.29	0	
02/03/2012 16:19:17	TASTEGGIO	1	0	5000	42061	131062	65	7	0.28	0.28	0	
02/03/2012 16:19:39	TASTEGGIO	0	1	5000	42061	131062	92	0	0.27	0.27	0	
02/03/2012 16:20:03	TASTEGGIO	0	2	5000	42061	131063	144	6	0.25	0.25	0	
02/03/2012 16:20:26	TASTEGGIO	0	3	5000	42061	131062	213	-12	0.11	0.11	0	
02/03/2012 16:20:34	TASTEGGIO	0	3	5000	42061	131060	213	-12	0.12	0.29	-82000	
02/03/2012 16:20:59	TASTEGGIO	1	0	5000	42061	213025	65	4	0.26	0.26	0	
02/03/2012 16:21:19	TASTEGGIO	0	1	5000	42061	213025	88	0	0.24	0.24	0	
02/03/2012 16:21:41	TASTEGGIO	0	2	5000	42061	213026	132	-2	0.21	0.21	0	
02/03/2012 16:22:05	TASTEGGIO	0	3	5000	42061	213026	187	-14	0.11	0.11	0	
02/03/2012 16:22:16	TASTEGGIO	0	3	5000	42061	131070	187	-14	0.25	0.25	0	
02/03/2012 16:22:40	TASTEGGIO	1	0	5000	42061	131073	63	0	0.23	0.23	0	
02/03/2012 16:23:03	TASTEGGIO	0	1	5000	42061	131073	84	6	0.22	0.22	0	
02/03/2012 16:23:25	TASTEGGIO	0	2	5000	42061	131073	126	1	0.22	0.22	0	
02/03/2012 16:23:49	TASTEGGIO	0	3	5000	42061	131073	192	0	0.21	0.21	0	
02/03/2012 16:24:13	TASTEGGIO	0	4	5000	42061	131073	272	-24	0.03	0.03	0	
02/03/2012 16:24:21	TASTEGGIO	0	4	5000	42061	131070	272	-24	0.06	0.31	82800	
02/03/2012 16:24:45	TASTEGGIO	1	0	5000	42061	48315	67	-2	0.23	0.23	0	
02/03/2012 16:24:46	ALARM 401		
02/03/2012 16:24:50	ALARM 201		err.6059
02/03/2012 16:25:04	TASTEGGIO	1	0	5000	42061	130942	67	-2	0.07	0.27	82800	
02/03/2012 16:25:28	TASTEGGIO	1	0	5000	42061	48192	64	23	0.25	0.25	0	
02/03/2012 16:25:48	TASTEGGIO	0	1	5000	42061	48190	87	3	0.24	0.24	0	
02/03/2012 16:26:08	TASTEGGIO	0	2	5000	42061	48190	133	0	0.22	0.22	0	
02/03/2012 16:26:09	ALARM 218	proc 12 prog 73 step 17	go_abs 5 cmd 11
02/03/2012 16:26:12	ALARM 205		err.6059
02/03/2012 16:26:27	TASTEGGIO	0	2	5000	42061	130933	133	0	0.09	0.25	82800	
02/03/2012 16:26:51	TASTEGGIO	1	0	5000	42061	48189	63	1	0.22	0.22	0	
02/03/2012 16:27:10	TASTEGGIO	0	1	5000	42061	48186	82	1	0.22	0.22	0	
02/03/2012 16:27:29	TASTEGGIO	0	2	5000	42061	48186	126	0	0.22	0.22	0	
02/03/2012 16:27:51	TASTEGGIO	0	3	5000	42061	48185	192	-5	0.16	0.16	0	
02/03/2012 16:27:54	ALARM 401		
02/03/2012 16:27:56	ALARM 401		
02/03/2012 16:27:57	ALARM 401		
02/03/2012 16:28:14	TASTEGGIO	0	3	5000	42061	130939	192	-5	0.13	0.19	-44500	
02/03/2012 16:29:35	ALARM 17	proc 12 prog 10 step 47	LavoroTerminato
02/03/2012 16:29:54	ALARM 406		
05/03/2012 07:28:22	ALARM 401		
05/03/2012 07:28:24	INIT OK
05/03/2012 07:31:41	TASTEGGIO	0	0	5000	42061	131167	0	0	0.38	0.38	0	
05/03/2012 07:32:04	TASTEGGIO	1	0	5000	42061	131170	72	3	0.35	0.35	0	
05/03/2012 07:32:25	TASTEGGIO	0	1	5000	42061	131170	104	2	0.35	0.35	0	
05/03/2012 07:32:48	TASTEGGIO	0	2	5000	42061	131170	174	-7	0.26	0.26	0	
05/03/2012 07:33:11	TASTEGGIO	0	3	5000	42061	131170	207	-12	0.13	0.13	0	
05/03/2012 07:33:19	TASTEGGIO	0	3	5000	42061	131167	207	-12	0.14	0.14	0	
05/03/2012 07:33:42	TASTEGGIO	1	0	5000	42061	131170	55	1	0.14	0.14	0	
05/03/2012 07:34:04	TASTEGGIO	0	1	5000	42061	131170	69	0	0.14	0.14	0	
05/03/2012 07:34:26	TASTEGGIO	0	2	5000	42061	131170	97	0	0.14	0.14	0	
05/03/2012 07:34:49	TASTEGGIO	0	3	5000	42061	131170	139	0	0.14	0.14	0	
05/03/2012 07:35:12	TASTEGGIO	0	4	5000	42061	131170	195	-3	0.10	0.10	0	
05/03/2012 07:35:20	TASTEGGIO	0	4	5000	42061	131166	195	-3	0.10	0.14	44500	
05/03/2012 07:35:45	TASTEGGIO	1	0	5000	42061	86796	55	2	0.07	0.07	0	
05/03/2012 07:35:55	TASTEGGIO	1	0	5000	42061	131036	55	2	0.15	0.15	0	
05/03/2012 07:36:19	TASTEGGIO	1	0	5000	42061	131032	55	0	0.14	0.14	0	
05/03/2012 07:36:27	TASTEGGIO	1	0	5000	42061	131036	55	0	0.14	0.14	0	
05/03/2012 07:36:50	TASTEGGIO	1	0	5000	42061	131032	55	1	0.14	0.14	0	
05/03/2012 07:37:12	TASTEGGIO	0	1	5000	42061	131032	69	1	0.13	0.13	0	
05/03/2012 07:37:33	TASTEGGIO	0	2	5000	42061	131032	93	0	0.13	0.13	0	
05/03/2012 07:37:55	TASTEGGIO	0	3	5000	42061	131032	132	0	0.13	0.13	0	
05/03/2012 07:38:19	TASTEGGIO	0	4	5000	42061	131032	184	0	0.12	0.12	0	
05/03/2012 07:38:27	TASTEGGIO	0	4	5000	42061	131036	184	0	0.12	0.12	0	
05/03/2012 07:40:20	TASTEGGIO	0	4	5000	42061	131163	184	0	0.03	0.12	-82000	
05/03/2012 07:40:44	TASTEGGIO	1	0	5000	42061	213125	53	-4	0.09	0.09	0	
05/03/2012 07:40:55	TASTEGGIO	1	0	5000	42061	131170	53	-4	0.08	0.09	-82000	
05/03/2012 07:42:48	TASTEGGIO	1	0	5000	42061	131165	53	-4	0.08	0.13	82800	
05/03/2012 07:43:12	TASTEGGIO	1	0	5000	42061	48410	54	0	0.10	0.10	0	
05/03/2012 07:43:29	TASTEGGIO	0	1	5000	42061	48414	61	-1	0.09	0.09	0	
05/03/2012 07:43:40	TASTEGGIO	0	1	5000	42061	131039	61	-1	0.04	0.10	82800	
05/03/2012 07:44:02	TASTEGGIO	1	0	5000	42061	48296	52	1	0.10	0.10	0	
05/03/2012 07:44:21	TASTEGGIO	0	1	5000	42061	48295	62	3	0.09	0.09	0	
05/03/2012 07:44:33	TASTEGGIO	0	1	5000	42061	131031	62	3	0.08	0.08	0	
05/03/2012 07:46:25	TASTEGGIO	0	1	5000	42061	131160	62	3	0.06	0.09	44500	
05/03/2012 07:48:18	TASTEGGIO	0	1	5000	42061	131161	62	3	0.03	0.13	82800	
05/03/2012 07:48:41	TASTEGGIO	1	0	5000	42061	48419	54	3	0.13	0.13	0	
05/03/2012 07:48:59	TASTEGGIO	0	1	5000	42061	48419	67	1	0.13	0.13	0	
05/03/2012 07:49:19	TASTEGGIO	0	2	5000	42061	48420	93	-1	0.11	0.11	0	
05/03/2012 07:49:38	TASTEGGIO	0	3	5000	42061	48422	120	0	0.08	0.08	0	
05/03/2012 07:49:50	TASTEGGIO	0	3	5000	42061	131047	120	0	0.04	0.10	82800	
05/03/2012 07:50:13	TASTEGGIO	1	0	5000	42061	48295	52	0	0.14	0.14	0	
05/03/2012 07:50:31	TASTEGGIO	0	1	5000	42061	48294	71	3	0.10	0.10	0	
05/03/2012 07:50:50	TASTEGGIO	0	2	5000	42061	48293	81	0	0.12	0.12	0	
05/03/2012 07:51:10	TASTEGGIO	0	3	5000	42061	48296	124	-1	0.09	0.09	0	
05/03/2012 07:51:21	TASTEGGIO	0	3	5000	42061	131032	124	-1	0.03	0.10	82800	
05/03/2012 07:51:45	TASTEGGIO	1	0	5000	42061	48286	52	1	0.08	0.08	0	
05/03/2012 07:51:56	TASTEGGIO	1	0	5000	42061	131026	52	1	0.08	0.09	82800	
05/03/2012 07:53:49	TASTEGGIO	1	0	5000	42061	131164	52	1	0.08	0.12	44500	
05/03/2012 07:54:13	TASTEGGIO	1	0	5000	42061	86789	53	1	0.08	0.08	0	
05/03/2012 07:54:23	TASTEGGIO	1	0	5000	42061	131029	53	1	0.07	0.10	82800	
05/03/2012 07:54:45	TASTEGGIO	1	0	5000	42061	48290	52	8	0.09	0.09	0	
05/03/2012 07:54:56	TASTEGGIO	1	0	5000	42061	131029	52	8	0.12	0.12	0	
05/03/2012 07:55:20	TASTEGGIO	1	0	5000	42061	131025	53	-10	0.06	0.06	0	
05/03/2012 07:55:27	TASTEGGIO	1	0	5000	42061	131029	53	-10	0.10	0.10	0	
05/03/2012 07:55:51	TASTEGGIO	1	0	5000	42061	131025	52	-8	0.11	0.11	0	
05/03/2012 07:56:12	TASTEGGIO	0	1	5000	42061	131025	64	-2	0.12	0.12	0	
05/03/2012 07:56:34	TASTEGGIO	0	2	5000	42061	131025	90	-14	0.05	0.05	0	
05/03/2012 07:56:42	TASTEGGIO	0	2	5000	42061	131029	90	-14	0.06	0.07	82800	
05/03/2012 07:58:34	TASTEGGIO	0	2	5000	42061	131160	90	-14	0.08	0.08	0	
05/03/2012 08:00:27	TASTEGGIO	0	2	5000	42061	131160	90	-14	0.08	0.17	82800	
05/03/2012 08:00:51	TASTEGGIO	1	0	5000	42061	48419	57	1	0.15	0.15	0	
05/03/2012 08:01:09	TASTEGGIO	0	1	5000	42061	48419	70	0	0.14	0.14	0	
05/03/2012 08:01:20	TASTEGGIO	0	1	5000	42061	131031	70	0	0.05	0.14	82800	
05/03/2012 08:01:43	TASTEGGIO	1	0	5000	42061	48291	55	0	0.14	0.14	0	
05/03/2012 08:02:01	TASTEGGIO	0	1	5000	42061	48287	69	1	0.15	0.15	0	
05/03/2012 08:02:20	TASTEGGIO	0	2	5000	42061	48288	101	10	0.16	0.16	0	
05/03/2012 08:02:41	TASTEGGIO	0	3	5000	42061	48288	152	0	0.21	0.21	0	
05/03/2012 08:03:03	TASTEGGIO	0	4	5000	42061	48288	262	-15	0.08	0.08	0	
05/03/2012 08:03:14	TASTEGGIO	0	4	5000	42061	131031	262	-15	0.05	0.07	44500	
05/03/2012 08:05:07	TASTEGGIO	0	4	5000	42061	131161	262	-15	0.14	0.19	82800	
05/03/2012 08:05:29	TASTEGGIO	1	0	5000	42061	48416	58	0	0.17	0.17	0	
05/03/2012 08:05:47	TASTEGGIO	0	1	5000	42061	48416	73	0	0.17	0.17	0	
05/03/2012 08:06:06	TASTEGGIO	0	2	5000	42061	48417	107	0	0.16	0.16	0	
05/03/2012 08:06:26	TASTEGGIO	0	3	5000	42061	48417	152	0	0.14	0.14	0	
05/03/2012 08:06:38	TASTEGGIO	0	3	5000	42061	131039	152	0	0.10	0.15	82800	
05/03/2012 08:07:01	TASTEGGIO	1	0	5000	42061	48296	55	1	0.15	0.15	0	
05/03/2012 08:07:20	TASTEGGIO	0	1	5000	42061	48292	70	0	0.15	0.15	0	
05/03/2012 08:07:39	TASTEGGIO	0	2	5000	42061	48290	100	0	0.14	0.14	0	
05/03/2012 08:07:51	TASTEGGIO	0	2	5000	42061	131026	100	0	0.10	0.14	82800	
05/03/2012 08:08:14	TASTEGGIO	1	0	5000	42061	48290	55	0	0.14	0.14	0	
05/03/2012 08:08:31	TASTEGGIO	0	1	5000	42061	48283	69	4	0.18	0.18	0	
05/03/2012 08:08:50	TASTEGGIO	0	2	5000	42061	48281	115	0	0.22	0.22	0	
05/03/2012 08:09:12	TASTEGGIO	0	3	5000	42061	48279	195	-4	0.11	0.11	0	
05/03/2012 08:09:30	TASTEGGIO	0	0	5000	42061	48270	52	1	0.13	0.13	0	
05/03/2012 08:09:48	TASTEGGIO	0	1	5000	42061	48265	67	0	0.12	0.12	0	
05/03/2012 08:10:07	TASTEGGIO	0	2	5000	42061	48272	89	1	0.10	0.10	0	
05/03/2012 08:10:26	TASTEGGIO	0	3	5000	42061	48272	113	1	0.13	0.13	0	
05/03/2012 08:10:48	TASTEGGIO	0	4	5000	42061	48272	180	-9	0.16	0.16	0	
05/03/2012 08:11:11	TASTEGGIO	0	5	5000	42061	48272	278	-23	0.11	0.11	0	
05/03/2012 08:11:34	TASTEGGIO	0	1	5000	42061	48272	270	-32	0.23	0.23	0	
05/03/2012 08:11:56	TASTEGGIO	0	1	5000	42061	48272	221	-7	0.13	0.13	0	
05/03/2012 08:12:17	TASTEGGIO	0	2	5000	42061	48272	231	-3	0.10	0.10	0	
05/03/2012 08:12:40	TASTEGGIO	0	3	5000	42061	48272	244	-3	0.07	0.07	0	
05/03/2012 08:12:52	TASTEGGIO	0	3	5000	42061	131030	244	-3	0.08	0.10	-82000	
05/03/2012 08:13:16	TASTEGGIO	1	0	5000	42061	212993	52	-5	0.10	0.10	0	
05/03/2012 08:13:36	TASTEGGIO	0	1	5000	42061	212993	62	-1	0.06	0.06	0	
05/03/2012 08:13:47	TASTEGGIO	0	1	5000	42061	131167	62	-1	0.06	0.08	82800	
05/03/2012 08:15:40	TASTEGGIO	0	1	5000	42061	131161	62	-1	0.07	0.07	82800	
05/03/2012 08:17:31	TASTEGGIO	0	1	5000	42061	131160	62	-1	0.11	0.11	0	
05/03/2012 08:17:55	TASTEGGIO	1	0	5000	42061	131162	52	-7	0.02	0.02	0	
05/03/2012 08:18:02	TASTEGGIO	1	0	5000	42061	131158	52	-7	0.02	0.06	-44500	
05/03/2012 08:19:01	ALARM 17	proc 12 prog 10 step 47	LavoroTerminato
05/03/2012 08:20:00	ALARM 401		
05/03/2012 08:40:12	TASTEGGIO	1	0	13000	73420	144772	52	-7	1.06	1.12	24500	
05/03/2012 08:40:46	TASTEGGIO	1	0	13000	73420	120300	336	-23	0.93	0.93	0	
05/03/2012 08:41:16	TASTEGGIO	0	1	13000	73420	120299	400	-30	0.61	0.61	0	
05/03/2012 08:41:48	TASTEGGIO	0	2	13000	73420	120298	400	-13	0.47	0.47	0	
05/03/2012 08:42:19	TASTEGGIO	0	3	13000	73420	120297	400	-10	0.35	0.35	0	
05/03/2012 08:42:52	TASTEGGIO	0	4	13000	73420	120297	400	-6	0.30	0.30	0	
05/03/2012 08:43:23	TASTEGGIO	0	5	13000	73420	120297	400	-3	0.26	0.26	0	
05/03/2012 08:43:55	TASTEGGIO	0	6	13000	73420	120297	400	-3	0.21	0.21	0	
05/03/2012 08:44:28	TASTEGGIO	0	7	13000	73420	120297	400	-2	0.19	0.19	0	
05/03/2012 08:45:00	TASTEGGIO	0	8	13000	73420	120297	400	-6	0.12	0.12	0	
05/03/2012 08:45:11	TASTEGGIO	0	8	13000	73420	144746	400	-6	0.21	0.29	-24500	
05/03/2012 08:45:43	TASTEGGIO	1	0	13000	73420	169235	229	-15	0.15	0.15	0	
05/03/2012 08:46:12	TASTEGGIO	0	1	13000	73420	169239	236	-13	0.04	0.04	0	
05/03/2012 08:46:23	TASTEGGIO	0	1	13000	73420	144841	236	-13	0.03	0.16	82800	
05/03/2012 08:46:52	TASTEGGIO	1	0	13000	73420	62072	212	-1	0.12	0.12	0	
05/03/2012 08:47:05	TASTEGGIO	1	0	13000	73420	144760	212	-1	0.02	0.14	82800	
05/03/2012 08:47:35	TASTEGGIO	1	0	13000	73420	61994	209	0	0.12	0.12	0	
05/03/2012 08:48:00	TASTEGGIO	0	1	13000	73420	61995	219	0	0.11	0.11	0	
05/03/2012 08:48:24	TASTEGGIO	0	2	13000	73420	61995	239	0	0.10	0.10	0	
05/03/2012 08:48:52	TASTEGGIO	0	3	13000	73420	61993	266	-1	0.08	0.08	0	
05/03/2012 08:49:04	TASTEGGIO	0	3	13000	73420	144760	266	-1	0.01	0.11	-82000	
05/03/2012 08:49:36	TASTEGGIO	1	0	13000	73420	226728	205	-7	0.06	0.06	0	
05/03/2012 08:49:49	TASTEGGIO	1	0	13000	73420	144851	205	-7	0.04	0.11	24500	
05/03/2012 08:50:44	ALARM 318	proc 2 prog 51 step 54	go_abs inv_ax 9
05/03/2012 09:03:03	TASTEGGIO	1	0	13000	73424	144778	205	-7	0.31	0.34	-24500	
05/03/2012 09:03:36	TASTEGGIO	1	0	13000	73424	169262	235	-24	0.21	0.21	0	
05/03/2012 09:04:06	TASTEGGIO	0	1	13000	73424	169265	247	-52	0.70	0.70	0	
05/03/2012 09:04:27	TASTEGGIO	0	1	13000	73424	169270	13	0	0.69	0.69	0	
05/03/2012 09:04:53	TASTEGGIO	0	2	13000	73424	169274	149	-4	0.65	0.65	0	
05/03/2012 09:05:25	TASTEGGIO	0	3	13000	73424	169277	332	-48	0.18	0.18	0	
05/03/2012 09:05:52	TASTEGGIO	0	0	13000	73424	169277	215	-1	0.17	0.17	0	
05/03/2012 09:06:22	TASTEGGIO	0	1	13000	73424	169277	231	0	0.16	0.16	0	
05/03/2012 09:06:51	TASTEGGIO	0	2	13000	73424	169277	261	-4	0.11	0.11	0	
05/03/2012 09:07:02	TASTEGGIO	0	2	13000	73424	144837	261	-4	0.12	0.19	-82000	
05/03/2012 09:07:35	TASTEGGIO	1	0	13000	73424	226799	216	-12	0.13	0.13	0	
05/03/2012 09:07:48	TASTEGGIO	1	0	13000	73424	144837	216	-12	0.11	0.14	-82000	
05/03/2012 09:08:21	TASTEGGIO	1	0	13000	73424	226802	209	-6	0.09	0.09	0	
05/03/2012 09:08:34	TASTEGGIO	1	0	13000	73424	144837	209	-6	0.09	0.10	44500	
05/03/2012 09:09:04	TASTEGGIO	1	0	13000	73424	100370	204	-8	0.03	0.03	0	
05/03/2012 09:09:16	TASTEGGIO	1	0	13000	73424	144750	204	-8	0.09	0.10	-44500	
05/03/2012 09:09:49	TASTEGGIO	1	0	13000	73424	189230	204	-19	0.09	0.09	0	
05/03/2012 09:10:01	TASTEGGIO	1	0	13000	73424	144839	204	-19	0.06	0.09	-82000	
05/03/2012 09:10:52	ALARM 13	proc 2 prog 51 step 45	Tondo non in posizione di scarico
05/03/2012 09:14:03	TASTEGGIO	1	0	13000	73420	144785	204	-19	0.45	0.52	24500	
05/03/2012 09:14:33	TASTEGGIO	1	0	13000	73420	120317	258	-16	0.37	0.37	0	
05/03/2012 09:15:02	TASTEGGIO	0	1	13000	73420	120313	284	-13	0.24	0.24	0	
05/03/2012 09:15:33	TASTEGGIO	0	2	13000	73420	120312	306	-11	0.15	0.15	0	
05/03/2012 09:16:03	TASTEGGIO	0	3	13000	73420	120311	322	-26	0.11	0.11	0	
05/03/2012 09:16:14	TASTEGGIO	0	3	13000	73420	144755	322	-26	0.16	0.16	0	
05/03/2012 09:16:43	TASTEGGIO	1	0	13000	73420	144770	212	-15	0.01	0.01	0	
05/03/2012 09:16:52	TASTEGGIO	1	0	13000	73420	144776	212	-15	0.01	0.08	-24500	
05/03/2012 09:18:45	TASTEGGIO	1	0	13000	73420	144879	212	-15	0.51	0.51	-24500	
05/03/2012 09:19:19	TASTEGGIO	1	0	13000	73420	169371	257	-21	0.33	0.33	0	
05/03/2012 09:19:48	TASTEGGIO	0	1	13000	73420	169373	278	-15	0.16	0.16	0	
05/03/2012 09:20:15	TASTEGGIO	0	0	13000	73420	169374	212	0	0.16	0.16	0	
05/03/2012 09:20:45	TASTEGGIO	0	1	13000	73420	169374	228	0	0.16	0.16	0	
05/03/2012 09:21:14	TASTEGGIO	0	2	13000	73420	169374	260	-3	0.12	0.12	0	
05/03/2012 09:21:25	TASTEGGIO	0	2	13000	73420	144957	260	-3	0.19	0.27	82800	
05/03/2012 09:21:55	TASTEGGIO	1	0	13000	73420	62193	226	-2	0.21	0.21	0	
05/03/2012 09:22:19	TASTEGGIO	0	1	13000	73420	62193	242	-1	0.19	0.19	0	
05/03/2012 09:22:47	TASTEGGIO	0	2	13000	73420	62192	276	-2	0.17	0.17	0	
05/03/2012 09:23:15	TASTEGGIO	0	3	13000	73420	62192	321	-7	0.10	0.10	0	
05/03/2012 09:23:27	TASTEGGIO	0	3	13000	73420	144855	321	-7	0.14	0.17	44500	
05/03/2012 09:23:58	TASTEGGIO	1	0	13000	73420	100387	213	-7	0.12	0.12	0	
05/03/2012 09:24:10	TASTEGGIO	1	0	13000	73420	144864	213	-7	0.11	0.12	44500	
05/03/2012 09:24:41	TASTEGGIO	1	0	13000	73420	100394	207	-5	0.07	0.07	0	
05/03/2012 09:24:53	TASTEGGIO	1	0	13000	73420	144865	207	-5	0.07	0.11	-44500	
05/03/2012 09:25:24	TASTEGGIO	1	0	13000	73420	189351	205	-13	0.06	0.06	0	
05/03/2012 09:25:36	TASTEGGIO	1	0	13000	73420	144982	205	-13	0.17	0.17	0	
05/03/2012 09:26:05	TASTEGGIO	1	0	13000	73420	145007	213	-13	0.03	0.03	0	
05/03/2012 09:26:14	TASTEGGIO	1	0	13000	73420	144984	213	-13	0.03	0.10	82800	
05/03/2012 09:26:44	TASTEGGIO	1	0	13000	73420	62224	204	0	0.08	0.08	0	
05/03/2012 09:26:57	TASTEGGIO	1	0	13000	73420	144869	204	0	0.04	0.09	82800	
05/03/2012 09:28:50	TASTEGGIO	1	0	13000	73420	144786	204	0	1.08	1.16	24500	
05/03/2012 09:29:22	TASTEGGIO	1	0	13000	73420	120319	341	-16	1.02	1.02	0	
05/03/2012 09:29:52	TASTEGGIO	0	1	13000	73420	120316	400	-19	0.83	0.83	0	
05/03/2012 09:30:22	TASTEGGIO	0	2	13000	73420	120315	400	-7	0.75	0.75	0	
05/03/2012 09:30:55	TASTEGGIO	0	3	13000	73420	120314	400	-3	0.72	0.72	0	
05/03/2012 09:31:27	TASTEGGIO	0	4	13000	73420	120314	400	-2	0.69	0.69	0	
05/03/2012 09:31:58	TASTEGGIO	0	5	13000	73420	120314	400	-2	0.67	0.67	0	
05/03/2012 09:32:30	TASTEGGIO	0	6	13000	73420	120314	400	-1	0.66	0.66	0	
05/03/2012 09:33:00	TASTEGGIO	0	7	13000	73420	120314	400	-1	0.64	0.64	0	
05/03/2012 09:33:32	TASTEGGIO	0	8	13000	73420	120314	400	0	0.64	0.64	0	
05/03/2012 09:34:05	TASTEGGIO	0	9	13000	73420	120314	400	0	0.63	0.63	0	
05/03/2012 09:34:35	TASTEGGIO	0	10	13000	73420	120314	400	-1	0.62	0.62	0	
05/03/2012 09:35:08	TASTEGGIO	0	11	13000	73420	120314	400	0	0.62	0.62	0	
05/03/2012 09:35:38	TASTEGGIO	0	12	13000	73420	120314	400	-1	0.61	0.61	0	
05/03/2012 09:36:11	TASTEGGIO	0	13	13000	73420	120314	400	0	0.60	0.60	0	
05/03/2012 09:36:41	TASTEGGIO	0	14	13000	73420	120314	400	-1	0.59	0.59	0	
05/03/2012 09:37:14	TASTEGGIO	0	15	13000	73420	120314	400	0	0.59	0.59	0	
05/03/2012 09:37:47	TASTEGGIO	0	16	13000	73420	120314	400	-1	0.59	0.59	0	
05/03/2012 09:38:20	TASTEGGIO	0	17	13000	73420	120314	400	0	0.58	0.58	0	
05/03/2012 09:38:50	TASTEGGIO	0	18	13000	73420	120314	400	0	0.58	0.58	0	
05/03/2012 09:39:21	TASTEGGIO	0	19	13000	73420	120314	400	-1	0.57	0.57	0	
05/03/2012 09:39:53	TASTEGGIO	0	20	13000	73420	120314	400	0	0.56	0.56	0	
05/03/2012 09:40:24	TASTEGGIO	0	21	13000	73420	120314	400	0	0.56	0.56	0	
05/03/2012 09:40:57	TASTEGGIO	0	22	13000	73420	120314	400	0	0.56	0.56	0	
05/03/2012 09:41:27	TASTEGGIO	0	23	13000	73420	120314	400	0	0.55	0.55	0	
05/03/2012 09:42:00	TASTEGGIO	0	24	13000	73420	120314	400	0	0.55	0.55	0	
05/03/2012 09:42:33	TASTEGGIO	0	25	13000	73420	120314	400	0	0.54	0.54	0	
05/03/2012 09:43:03	TASTEGGIO	0	26	13000	73420	120314	400	0	0.54	0.54	0	
05/03/2012 09:43:36	TASTEGGIO	0	27	13000	73420	120314	400	0	0.54	0.54	0	
05/03/2012 09:44:06	TASTEGGIO	0	28	13000	73420	120314	400	-1	0.53	0.53	0	
05/03/2012 09:44:37	TASTEGGIO	0	29	13000	73420	120314	400	0	0.53	0.53	0	
05/03/2012 09:45:08	TASTEGGIO	0	30	13000	73420	120314	400	0	0.53	0.53	0	
05/03/2012 09:45:40	TASTEGGIO	0	31	13000	73420	120314	400	0	0.53	0.53	0	
05/03/2012 09:46:13	TASTEGGIO	0	32	13000	73420	120314	400	0	0.52	0.52	0	
05/03/2012 09:46:46	TASTEGGIO	0	33	13000	73420	120314	400	0	0.52	0.52	0	
05/03/2012 09:47:16	TASTEGGIO	0	34	13000	73420	120314	400	0	0.52	0.52	0	
05/03/2012 09:47:49	TASTEGGIO	0	35	13000	73420	120314	400	0	0.51	0.51	0	
05/03/2012 09:48:19	TASTEGGIO	0	36	13000	73420	120314	400	0	0.52	0.52	0	
05/03/2012 09:48:52	TASTEGGIO	0	37	13000	73420	120314	400	0	0.52	0.52	0	
05/03/2012 09:49:25	TASTEGGIO	0	38	13000	73420	120314	400	0	0.51	0.51	0	
05/03/2012 09:49:57	TASTEGGIO	0	39	13000	73420	120314	400	0	0.51	0.51	0	
05/03/2012 09:50:28	TASTEGGIO	0	40	13000	73420	120314	400	0	0.51	0.51	0	
05/03/2012 09:50:58	TASTEGGIO	0	41	13000	73420	120314	400	0	0.50	0.50	0	
05/03/2012 09:51:31	TASTEGGIO	0	42	13000	73420	120314	400	0	0.50	0.50	0	
05/03/2012 09:52:01	TASTEGGIO	0	43	13000	73420	120314	400	0	0.50	0.50	0	
05/03/2012 09:52:34	TASTEGGIO	0	44	13000	73420	120314	400	0	0.50	0.50	0	
05/03/2012 09:53:06	TASTEGGIO	0	45	13000	73420	120314	400	0	0.50	0.50	0	
05/03/2012 09:53:37	TASTEGGIO	0	46	13000	73420	120314	400	0	0.50	0.50	0	
05/03/2012 09:54:09	TASTEGGIO	0	47	13000	73420	120314	400	0	0.49	0.49	0	
05/03/2012 09:54:42	TASTEGGIO	0	48	13000	73420	120314	400	0	0.50	0.50	0	
05/03/2012 09:55:13	TASTEGGIO	0	49	13000	73420	120314	400	0	0.49	0.49	0	
05/03/2012 09:55:43	TASTEGGIO	0	50	13000	73420	120314	400	0	0.50	0.50	0	
05/03/2012 09:56:16	TASTEGGIO	0	51	13000	73420	120314	400	0	0.49	0.49	0	
05/03/2012 09:56:18	ALARM 401		
05/03/2012 09:56:21	ALARM 205		err.5005
05/03/2012 09:56:29	ALARM 28	proc 12 prog 72 step 15	Pressa appoggiata sul tondo
05/03/2012 09:56:55	TASTEGGIO	0	51	13000	73420	144763	400	0	0.48	0.57	44500	
05/03/2012 09:57:42	TASTEGGIO	0	51	13000	73420	100294	425	-41	0.27	0.27	0	
05/03/2012 09:58:09	TASTEGGIO	0	51	13000	73420	144762	425	-41	0.22	0.26	44500	
05/03/2012 09:58:41	TASTEGGIO	1	0	13000	73420	100296	225	0	0.25	0.25	0	
05/03/2012 09:59:09	TASTEGGIO	0	1	13000	73420	100296	249	-3	0.23	0.23	0	
05/03/2012 09:59:40	TASTEGGIO	0	2	13000	73420	100294	291	-3	0.20	0.20	0	
05/03/2012 10:00:10	TASTEGGIO	0	3	13000	73420	100292	343	-13	0.07	0.07	0	
05/03/2012 10:00:22	TASTEGGIO	0	3	13000	73420	144765	343	-13	0.09	0.20	-82000	
05/03/2012 10:00:54	TASTEGGIO	1	0	13000	73420	226746	217	-7	0.14	0.14	0	
05/03/2012 10:01:06	TASTEGGIO	1	0	13000	73420	144903	217	-7	0.13	0.18	-24500	
05/03/2012 10:01:40	TASTEGGIO	1	0	13000	73420	169388	215	-15	0.07	0.07	0	
05/03/2012 10:01:51	TASTEGGIO	1	0	13000	73420	144890	215	-15	0.03	0.13	-82000	
05/03/2012 10:02:23	TASTEGGIO	1	0	13000	73420	226873	208	0	0.12	0.12	0	
05/03/2012 10:02:50	TASTEGGIO	0	1	13000	73420	226902	219	-2	0.10	0.10	0	
05/03/2012 10:03:20	TASTEGGIO	0	2	13000	73420	226917	235	-1	0.08	0.08	0	
05/03/2012 10:03:33	TASTEGGIO	0	2	13000	73420	144926	235	-1	0.07	0.11	24500	
05/03/2012 10:04:03	TASTEGGIO	1	0	13000	73420	120462	205	-5	0.04	0.04	0	
05/03/2012 10:04:14	TASTEGGIO	1	0	13000	73420	144772	205	-5	0.04	0.11	-82000	
05/03/2012 10:04:47	TASTEGGIO	1	0	13000	73420	226747	205	0	0.10	0.10	0	
05/03/2012 10:05:14	TASTEGGIO	0	1	13000	73420	226760	214	0	0.10	0.10	0	
05/03/2012 10:05:44	TASTEGGIO	0	2	13000	73420	226782	234	0	0.09	0.09	0	
05/03/2012 10:05:56	TASTEGGIO	0	2	13000	73420	144911	234	0	0.05	0.09	-82000	
05/03/2012 10:06:45	ALARM 318	proc 3 prog 26 step 37	go_abs inv_ax 3
05/03/2012 10:08:51	ALARM 318	proc 6 prog 26 step 37	go_abs inv_ax 3
05/03/2012 10:09:03	ALARM 318	proc 6 prog 26 step 37	go_abs inv_ax 3
05/03/2012 10:09:13	ALARM 318	proc 6 prog 26 step 37	go_abs inv_ax 3
05/03/2012 10:09:33	ALARM 318	proc 2 prog 26 step 31	go_abs inv_ax 3
05/03/2012 10:11:27	ALARM 318	proc 2 prog 26 step 31	go_abs inv_ax 3
05/03/2012 10:11:37	ALARM 318	proc 12 prog 124 step 10	go_abs inv_ax 3
05/03/2012 10:11:49	ALARM 318	proc 12 prog 125 step 10	go_abs inv_ax 3
05/03/2012 10:12:18	ALARM 318	proc 2 prog 26 step 31	go_abs inv_ax 3
05/03/2012 10:23:23	TASTEGGIO	0	2	13000	73420	144885	234	0	0.52	0.87	44500	
05/03/2012 10:23:56	TASTEGGIO	1	0	13000	73420	100427	303	-12	0.75	0.75	0	
05/03/2012 10:24:25	TASTEGGIO	0	1	13000	73420	100410	367	-14	0.59	0.59	0	
05/03/2012 10:24:56	TASTEGGIO	0	2	13000	73420	100409	400	-15	0.44	0.44	0	
05/03/2012 10:25:29	TASTEGGIO	0	3	13000	73420	100408	400	-8	0.37	0.37	0	
05/03/2012 10:26:01	TASTEGGIO	0	4	13000	73420	100408	400	-4	0.32	0.32	0	
05/03/2012 10:26:35	TASTEGGIO	0	5	13000	73420	100408	400	-2	0.29	0.29	0	
05/03/2012 10:27:06	TASTEGGIO	0	6	13000	73420	100408	400	-1	0.27	0.27	0	
05/03/2012 10:27:40	TASTEGGIO	0	7	13000	73420	100408	400	-2	0.26	0.26	0	
05/03/2012 10:28:11	TASTEGGIO	0	8	13000	73420	100408	400	-1	0.24	0.24	0	
05/03/2012 10:28:44	TASTEGGIO	0	9	13000	73420	100408	400	-1	0.23	0.23	0	
05/03/2012 10:29:18	TASTEGGIO	0	10	13000	73420	100408	400	-1	0.22	0.22	0	
05/03/2012 10:29:50	TASTEGGIO	0	11	13000	73420	100408	400	0	0.22	0.22	0	
05/03/2012 10:30:21	TASTEGGIO	0	12	13000	73420	100408	400	-1	0.21	0.21	0	
05/03/2012 10:30:55	TASTEGGIO	0	13	13000	73420	100408	400	0	0.21	0.21	0	
05/03/2012 10:31:29	TASTEGGIO	0	14	13000	73420	100408	400	0	0.20	0.20	0	
05/03/2012 10:32:01	TASTEGGIO	0	15	13000	73420	100408	400	-1	0.19	0.19	0	
05/03/2012 10:32:35	TASTEGGIO	0	16	13000	73420	100408	400	0	0.19	0.19	0	
05/03/2012 10:33:07	TASTEGGIO	0	17	13000	73420	100408	400	0	0.18	0.18	0	
05/03/2012 10:33:41	TASTEGGIO	0	18	13000	73420	100408	400	0	0.18	0.18	0	
05/03/2012 10:34:13	TASTEGGIO	0	19	13000	73420	100408	400	0	0.17	0.17	0	
05/03/2012 10:34:47	TASTEGGIO	0	20	13000	73420	100408	400	0	0.17	0.17	0	
05/03/2012 10:35:18	TASTEGGIO	0	21	13000	73420	100408	400	0	0.16	0.16	0	
05/03/2012 10:35:50	TASTEGGIO	0	22	13000	73420	100408	400	0	0.16	0.16	0	
05/03/2012 10:36:24	TASTEGGIO	0	23	13000	73420	100408	400	0	0.16	0.16	0	
05/03/2012 10:36:56	TASTEGGIO	0	24	13000	73420	100408	400	0	0.15	0.15	0	
05/03/2012 10:37:30	TASTEGGIO	0	25	13000	73420	100408	400	0	0.15	0.15	0	
05/03/2012 10:38:02	TASTEGGIO	0	26	13000	73420	100408	400	0	0.15	0.15	0	
05/03/2012 10:38:36	TASTEGGIO	0	27	13000	73420	100408	400	0	0.15	0.15	0	
05/03/2012 10:39:07	TASTEGGIO	0	28	13000	73420	100408	400	0	0.14	0.14	0	
05/03/2012 10:39:18	TASTEGGIO	0	28	13000	73420	144867	400	0	0.20	0.59	-82000	
05/03/2012 10:39:52	TASTEGGIO	1	0	13000	73420	226849	267	-12	0.48	0.48	0	
05/03/2012 10:40:21	TASTEGGIO	0	1	13000	73420	226863	306	-10	0.36	0.36	0	
05/03/2012 10:40:54	TASTEGGIO	0	2	13000	73420	226882	344	-9	0.26	0.26	0	
05/03/2012 10:41:25	TASTEGGIO	0	3	13000	73420	226883	376	-14	0.13	0.13	0	
05/03/2012 10:41:38	TASTEGGIO	0	3	13000	73420	144992	376	-14	0.25	0.40	82800	
05/03/2012 10:42:08	TASTEGGIO	1	0	13000	73420	62226	243	-2	0.37	0.37	0	
05/03/2012 10:42:33	TASTEGGIO	0	1	13000	73420	62227	277	-1	0.35	0.35	0	
05/03/2012 10:43:03	TASTEGGIO	0	2	13000	73420	62225	343	-6	0.28	0.28	0	
05/03/2012 10:43:33	TASTEGGIO	0	3	13000	73420	62225	381	-7	0.21	0.21	0	
05/03/2012 10:44:05	TASTEGGIO	0	4	13000	73420	62293	400	-7	0.16	0.16	0	
05/03/2012 10:44:35	TASTEGGIO	0	5	13000	73420	62293	400	-13	0.06	0.06	0	
05/03/2012 10:44:48	TASTEGGIO	0	5	13000	73420	144876	400	-13	0.43	0.43	0	
05/03/2012 10:45:17	TASTEGGIO	1	0	13000	73420	144903	247	-14	0.29	0.29	0	
05/03/2012 10:45:47	TASTEGGIO	0	1	13000	73420	144904	266	-6	0.24	0.24	0	
05/03/2012 10:46:17	TASTEGGIO	0	2	13000	73420	144905	305	-12	0.11	0.11	0	
05/03/2012 10:46:26	TASTEGGIO	0	2	13000	73420	144908	305	-12	0.11	0.22	-82000	
05/03/2012 10:46:58	TASTEGGIO	1	0	13000	73420	226885	220	0	0.21	0.21	0	
05/03/2012 10:47:26	TASTEGGIO	0	1	13000	73420	226907	240	0	0.20	0.20	0	
05/03/2012 10:47:56	TASTEGGIO	0	2	13000	73420	226924	278	0	0.20	0.20	0	
05/03/2012 10:48:26	TASTEGGIO	0	3	13000	73420	226924	338	-5	0.14	0.14	0	
05/03/2012 10:48:39	TASTEGGIO	0	3	13000	73420	144996	338	-5	0.17	0.18	82800	
05/03/2012 10:49:09	TASTEGGIO	1	0	13000	73420	62229	215	0	0.16	0.16	0	
05/03/2012 10:49:33	TASTEGGIO	0	1	13000	73420	62230	229	0	0.16	0.16	0	
05/03/2012 10:49:59	TASTEGGIO	0	2	13000	73420	62230	261	0	0.16	0.16	0	
05/03/2012 10:50:26	TASTEGGIO	0	3	13000	73420	62229	309	0	0.16	0.16	0	
05/03/2012 10:50:57	TASTEGGIO	0	4	13000	73420	62335	373	-1	0.15	0.15	0	
05/03/2012 10:51:26	TASTEGGIO	0	5	13000	73420	62335	400	-2	0.13	0.13	0	
05/03/2012 10:51:39	TASTEGGIO	0	5	13000	73420	144873	400	-2	0.18	0.20	24500	
05/03/2012 10:52:09	TASTEGGIO	1	0	13000	73420	120407	217	-10	0.12	0.12	0	
05/03/2012 10:52:20	TASTEGGIO	1	0	13000	73420	144869	217	-10	0.11	0.19	82800	
05/03/2012 10:52:51	TASTEGGIO	1	0	13000	73420	62097	216	0	0.19	0.19	0	
05/03/2012 10:53:15	TASTEGGIO	0	1	13000	73420	62097	235	0	0.19	0.19	0	
05/03/2012 10:53:43	TASTEGGIO	0	2	13000	73420	62096	273	0	0.19	0.19	0	
05/03/2012 10:54:10	TASTEGGIO	0	3	13000	73420	62096	330	0	0.18	0.18	0	
05/03/2012 10:54:42	TASTEGGIO	0	4	13000	73420	62198	398	-1	0.18	0.18	0	
05/03/2012 10:55:14	TASTEGGIO	0	5	13000	73420	62198	400	0	0.18	0.18	0	
05/03/2012 10:55:43	TASTEGGIO	0	6	13000	73420	62198	400	0	0.16	0.16	0	
05/03/2012 10:56:15	TASTEGGIO	0	7	13000	73420	62198	400	0	0.16	0.16	0	
05/03/2012 10:56:45	TASTEGGIO	0	8	13000	73420	62198	400	0	0.15	0.15	0	
05/03/2012 10:56:46	ALARM 401		
05/03/2012 10:57:04	TASTEGGIO	0	8	13000	73420	62198	400	0	0.07	0.07	0	
05/03/2012 10:57:20	TASTEGGIO	0	8	13000	73420	62198	400	0	0.08	0.08	0	
05/03/2012 10:57:42	TASTEGGIO	0	8	13000	73420	144884	400	0	0.13	0.17	82800	
05/03/2012 10:58:13	TASTEGGIO	1	0	13000	73420	62116	213	0	0.16	0.16	0	
05/03/2012 10:58:15	ALARM 401		
05/03/2012 10:58:34	TASTEGGIO	1	0	13000	73420	62116	213	0	0.16	0.16	0	
05/03/2012 10:59:01	TASTEGGIO	1	0	13000	73420	62116	212	0	0.16	0.16	0	
05/03/2012 10:59:26	TASTEGGIO	0	1	13000	73420	62116	228	0	0.16	0.16	0	
05/03/2012 10:59:54	TASTEGGIO	0	2	13000	73420	62116	260	0	0.16	0.16	0	
05/03/2012 11:00:22	TASTEGGIO	0	3	13000	73420	62116	308	0	0.16	0.16	0	
05/03/2012 11:00:53	TASTEGGIO	0	4	13000	73420	62116	372	0	0.16	0.16	0	
05/03/2012 11:01:23	TASTEGGIO	0	5	13000	73420	62116	430	-2	0.13	0.13	0	
05/03/2012 11:01:28	TASTEGGIO	0	5	13000	73420	62116	430	-2	0.13	0.13	0	
05/03/2012 11:01:55	TASTEGGIO	1	0	13000	73420	62116	208	0	0.14	0.14	0	
05/03/2012 11:02:20	TASTEGGIO	0	1	13000	73420	62116	223	0	0.14	0.14	0	
05/03/2012 11:02:47	TASTEGGIO	0	2	13000	73420	62116	251	0	0.14	0.14	0	
05/03/2012 11:03:17	TASTEGGIO	0	3	13000	73420	62116	293	0	0.14	0.14	0	
05/03/2012 11:03:46	TASTEGGIO	0	4	13000	73420	62116	349	0	0.14	0.14	0	
05/03/2012 11:04:17	TASTEGGIO	0	5	13000	73420	62116	419	-1	0.13	0.13	0	
05/03/2012 11:04:51	TASTEGGIO	0	6	13000	73420	62116	430	-4	0.10	0.10	0	
05/03/2012 11:05:23	TASTEGGIO	0	7	13000	73420	62116	430	-2	0.07	0.07	0	
05/03/2012 11:14:27	TASTEGGIO	0	7	13000	73420	144877	430	-2	0.17	0.18	24500	
05/03/2012 11:14:58	TASTEGGIO	1	0	13000	73420	120412	215	-2	0.18	0.18	0	
05/03/2012 11:15:26	TASTEGGIO	0	1	13000	73420	120411	233	-5	0.13	0.13	0	
05/03/2012 11:15:37	TASTEGGIO	0	1	13000	73420	144878	233	-5	0.12	0.18	-82000	
05/03/2012 11:15:39	ALARM 401		
05/03/2012 11:15:42	ALARM 201		err.6059
05/03/2012 11:15:47	ALARM 29	proc 12 prog 72 step 6	Tastatori appoggiati sul tondo
05/03/2012 11:16:15	TASTEGGIO	0	1	13000	73420	144877	233	-5	0.12	0.18	-82000	
05/03/2012 11:19:50	TASTEGGIO	0	1	13000	73420	226858	425	-35	0.26	0.26	0	
05/03/2012 11:20:26	TASTEGGIO	0	1	13000	73420	226858	425	-51	0.24	0.24	0	
05/03/2012 11:21:18	TASTEGGIO	0	1	13000	73420	226858	425	-46	0.23	0.23	0	
05/03/2012 11:21:36	TASTEGGIO	0	1	13000	73420	144990	425	-46	0.31	0.37	-44500	
05/03/2012 11:22:31	TASTEGGIO	0	1	13000	73420	189483	425	-88	0.56	0.56	0	
05/03/2012 11:23:08	TASTEGGIO	0	1	13000	73420	189509	425	-80	0.23	0.23	0	
05/03/2012 11:23:25	TASTEGGIO	0	1	13000	73420	144983	425	-80	0.17	0.25	-82000	
05/03/2012 11:24:11	TASTEGGIO	0	1	13000	73420	226967	410	-10	0.15	0.15	0	
05/03/2012 11:24:28	TASTEGGIO	0	1	13000	73420	144990	410	-10	0.13	0.17	-44500	
05/03/2012 11:25:28	TASTEGGIO	0	1	13000	73420	189479	410	-62	0.48	0.48	0	
05/03/2012 11:26:06	TASTEGGIO	0	1	13000	73420	189506	410	-53	0.12	0.12	0	
05/03/2012 11:26:26	TASTEGGIO	0	1	13000	73420	144985	410	-53	0.09	0.19	-82000	
05/03/2012 11:27:01	TASTEGGIO	1	0	13000	73420	226969	216	0	0.18	0.18	0	
05/03/2012 11:27:29	TASTEGGIO	0	1	13000	73420	226970	233	0	0.16	0.16	0	
05/03/2012 11:27:58	TASTEGGIO	0	2	13000	73420	226990	261	0	0.16	0.16	0	
05/03/2012 11:28:30	TASTEGGIO	0	3	13000	73420	227006	309	0	0.16	0.16	0	
05/03/2012 11:29:02	TASTEGGIO	0	4	13000	73420	227006	373	-1	0.14	0.14	0	
05/03/2012 11:29:15	TASTEGGIO	0	4	13000	73420	144997	373	-1	0.06	0.19	82800	
05/03/2012 11:29:46	TASTEGGIO	1	0	13000	73420	62231	216	0	0.18	0.18	0	
05/03/2012 11:30:11	TASTEGGIO	0	1	13000	73420	62233	233	0	0.19	0.19	0	
05/03/2012 11:30:39	TASTEGGIO	0	2	13000	73420	62233	273	0	0.19	0.19	0	
05/03/2012 11:31:07	TASTEGGIO	0	3	13000	73420	62233	330	0	0.18	0.18	0	
05/03/2012 11:31:40	TASTEGGIO	0	4	13000	73420	62327	398	0	0.18	0.18	0	
05/03/2012 11:32:11	TASTEGGIO	0	5	13000	73420	62327	400	0	0.17	0.17	0	
05/03/2012 11:32:43	TASTEGGIO	0	6	13000	73420	62327	400	0	0.18	0.18	0	
05/03/2012 11:33:16	TASTEGGIO	0	7	13000	73420	62327	400	0	0.18	0.18	0	
05/03/2012 11:33:46	TASTEGGIO	0	8	13000	73420	62327	400	0	0.17	0.17	0	
05/03/2012 11:34:17	TASTEGGIO	0	9	13000	73420	62327	400	0	0.17	0.17	0	
05/03/2012 11:34:48	TASTEGGIO	0	10	13000	73420	62327	400	0	0.17	0.17	0	
05/03/2012 11:35:20	TASTEGGIO	0	11	13000	73420	62327	400	0	0.17	0.17	0	
05/03/2012 11:35:47	ALARM 401		
05/03/2012 11:35:49	ALARM 401		
05/03/2012 11:35:50	ALARM 401		
05/03/2012 11:35:51	ALARM 401		
05/03/2012 11:35:52	ALARM 401		
05/03/2012 11:36:09	TASTEGGIO	0	12	13000	73420	62327	400	0	0.17	0.17	0	
05/03/2012 11:36:45	TASTEGGIO	0	12	13000	73420	62327	407	0	0.17	0.17	0	
05/03/2012 11:37:04	TASTEGGIO	0	12	13000	73420	144899	407	0	0.05	0.17	82800	
05/03/2012 11:38:02	ALARM 318	proc 12 prog 51 step 54	go_abs inv_ax 9
05/03/2012 12:16:52	ALARM 9	proc 12 prog 31 step 31	Braccetti scarico non in fuori ingombro
05/03/2012 12:18:31	TASTEGGIO	0	12	13000	73424	144997	407	0	0.49	0.63	-24500	
05/03/2012 12:19:05	TASTEGGIO	1	0	13000	73424	169507	273	-22	0.48	0.48	0	
05/03/2012 12:19:35	TASTEGGIO	0	1	13000	73424	169506	309	-19	0.29	0.29	0	
05/03/2012 12:20:07	TASTEGGIO	0	2	13000	73424	169506	333	-16	0.18	0.18	0	
05/03/2012 12:20:39	TASTEGGIO	0	3	13000	73424	169506	352	-32	0.15	0.15	0	
05/03/2012 12:21:11	TASTEGGIO	0	1	13000	73424	169506	339	-63	0.47	0.47	0	
05/03/2012 12:21:37	TASTEGGIO	0	1	13000	73424	169506	191	-5	0.41	0.41	0	
05/03/2012 12:22:06	TASTEGGIO	0	2	13000	73424	169506	262	-4	0.36	0.36	0	
05/03/2012 12:22:39	TASTEGGIO	0	3	13000	73424	169506	356	-12	0.24	0.24	0	
05/03/2012 12:23:12	TASTEGGIO	0	4	13000	73424	169506	387	-19	0.08	0.08	0	
05/03/2012 12:23:23	TASTEGGIO	0	4	13000	73424	145076	387	-19	0.09	0.28	-82000	
05/03/2012 12:23:56	TASTEGGIO	1	0	13000	73424	227038	227	-6	0.21	0.21	0	
05/03/2012 12:24:24	TASTEGGIO	0	1	13000	73424	227038	242	-4	0.17	0.17	0	
05/03/2012 12:24:54	TASTEGGIO	0	2	13000	73424	227040	269	-4	0.13	0.13	0	
05/03/2012 12:25:07	TASTEGGIO	0	2	13000	73424	145057	269	-4	0.18	0.18	0	
05/03/2012 12:25:58	ALARM 13	proc 2 prog 51 step 45	Tondo non in posizione di scarico
05/03/2012 12:30:53	ALARM 318	proc 12 prog 51 step 54	go_abs inv_ax 9
05/03/2012 12:31:31	ALARM 9	proc 12 prog 31 step 31	Braccetti scarico non in fuori ingombro
05/03/2012 12:34:34	TASTEGGIO	0	2	13000	73424	144909	269	-4	0.62	0.88	-44500	
05/03/2012 12:35:08	TASTEGGIO	1	0	13000	73424	189418	305	-20	0.70	0.70	0	
05/03/2012 12:35:39	TASTEGGIO	0	1	13000	73424	189424	360	-21	0.47	0.47	0	
05/03/2012 12:36:12	TASTEGGIO	0	2	13000	73424	189426	400	-24	0.23	0.23	0	
05/03/2012 12:36:40	TASTEGGIO	0	0	13000	73424	189428	221	0	0.23	0.23	0	
05/03/2012 12:37:11	TASTEGGIO	0	1	13000	73424	189428	244	0	0.23	0.23	0	
05/03/2012 12:37:41	TASTEGGIO	0	2	13000	73424	189428	290	0	0.22	0.22	0	
05/03/2012 12:38:15	TASTEGGIO	0	3	13000	73424	189428	353	-2	0.20	0.20	0	
05/03/2012 12:39:05	TASTEGGIO	0	4	13000	73424	189428	400	-12	0.09	0.09	0	
05/03/2012 12:39:17	TASTEGGIO	0	4	13000	73424	144976	400	-12	0.19	0.42	24500	
05/03/2012 12:39:49	TASTEGGIO	1	0	13000	73424	120500	245	-11	0.30	0.30	0	
05/03/2012 12:40:17	TASTEGGIO	0	1	13000	73424	120498	266	-8	0.21	0.21	0	
05/03/2012 12:40:48	TASTEGGIO	0	2	13000	73424	120497	286	-5	0.16	0.16	0	
05/03/2012 12:41:20	TASTEGGIO	0	3	13000	73424	120496	307	-6	0.10	0.10	0	
05/03/2012 12:41:31	TASTEGGIO	0	3	13000	73424	144870	307	-6	0.10	0.21	-44500	
05/03/2012 12:42:03	TASTEGGIO	1	0	13000	73424	189360	218	-7	0.18	0.18	0	
05/03/2012 12:42:32	TASTEGGIO	0	1	13000	73424	189379	233	0	0.18	0.18	0	
05/03/2012 12:43:01	TASTEGGIO	0	2	13000	73424	189396	269	-1	0.16	0.16	0	
05/03/2012 12:43:34	TASTEGGIO	0	3	13000	73424	189398	311	-5	0.11	0.11	0	
05/03/2012 12:43:46	TASTEGGIO	0	3	13000	73424	144979	311	-5	0.03	0.21	24500	
05/03/2012 12:44:18	TASTEGGIO	1	0	13000	73424	120504	218	0	0.20	0.20	0	
05/03/2012 12:44:46	TASTEGGIO	0	1	13000	73424	120503	237	0	0.19	0.19	0	
05/03/2012 12:45:17	TASTEGGIO	0	2	13000	73424	120502	273	0	0.19	0.19	0	
05/03/2012 12:45:47	TASTEGGIO	0	3	13000	73424	120501	330	-7	0.12	0.12	0	
05/03/2012 12:45:58	TASTEGGIO	0	3	13000	73424	144883	330	-7	0.05	0.15	-44500	
05/03/2012 12:46:30	TASTEGGIO	1	0	13000	73424	189373	211	-1	0.15	0.15	0	
05/03/2012 12:46:59	TASTEGGIO	0	1	13000	73424	189387	226	0	0.15	0.15	0	
05/03/2012 12:47:30	TASTEGGIO	0	2	13000	73424	189403	256	0	0.15	0.15	0	
05/03/2012 12:47:30	ALARM 401		
05/03/2012 12:47:32	ALARM 401		
05/03/2012 12:47:33	ALARM 401		
05/03/2012 12:47:55	TASTEGGIO	0	2	13000	73423	144975	256	0	0.04	0.15	24500	
05/03/2012 12:48:29	TASTEGGIO	1	0	13000	73423	120504	229	0	0.13	0.13	0	
05/03/2012 12:48:40	TASTEGGIO	1	0	13000	73423	144868	229	0	0.04	0.15	-44500	
05/03/2012 12:49:13	TASTEGGIO	1	0	13000	73423	189350	229	-1	0.15	0.15	0	
05/03/2012 12:49:42	TASTEGGIO	0	1	13000	73423	189365	244	0	0.15	0.15	0	
05/03/2012 12:50:12	TASTEGGIO	0	2	13000	73423	189381	274	0	0.14	0.14	0	
05/03/2012 12:50:23	TASTEGGIO	0	2	13000	73423	144980	274	0	0.03	0.14	-44500	
05/03/2012 12:50:33	ALARM 218	proc 12 prog 85 step 19	go_abs 3 cmd 11
05/03/2012 12:50:36	ALARM 203		err.6058
05/03/2012 12:51:15	TASTEGGIO	1	0	13000	73423	189457	380	-28	0.19	0.19	0	
05/03/2012 12:51:53	TASTEGGIO	1	0	13000	73423	189457	362	-52	0.32	0.32	0	
05/03/2012 12:52:29	TASTEGGIO	1	0	13000	73423	189457	362	-33	0.11	0.11	0	
05/03/2012 12:52:48	TASTEGGIO	1	0	13000	73423	144965	362	-33	0.04	0.18	24500	
05/03/2012 12:53:21	TASTEGGIO	1	0	13000	73423	120493	237	0	0.18	0.18	0	
05/03/2012 12:53:49	TASTEGGIO	0	1	13000	73423	120492	255	0	0.18	0.18	0	
05/03/2012 12:54:19	TASTEGGIO	0	2	13000	73423	120491	291	0	0.17	0.17	0	
05/03/2012 12:54:52	TASTEGGIO	0	3	13000	73423	120490	339	-5	0.12	0.12	0	
05/03/2012 12:55:03	TASTEGGIO	0	3	13000	73423	144872	339	-5	0.04	0.13	-44500	
05/03/2012 12:55:54	ALARM 13	proc 2 prog 51 step 45	Tondo non in posizione di scarico
05/03/2012 12:57:24	ALARM 318	proc 12 prog 134 step 6	go_abs inv_ax 9
05/03/2012 13:00:31	TASTEGGIO	0	3	13000	73420	144761	339	-5	0.73	0.76	24500	
05/03/2012 13:01:06	TASTEGGIO	1	0	13000	73420	120295	383	-37	0.45	0.45	0	
05/03/2012 13:01:38	TASTEGGIO	0	1	13000	73420	120294	400	-37	0.11	0.11	0	
05/03/2012 13:01:48	TASTEGGIO	0	1	13000	73420	144671	400	-37	0.17	0.28	82800	
05/03/2012 13:02:21	TASTEGGIO	1	0	13000	73420	61905	262	-6	0.21	0.21	0	
05/03/2012 13:02:49	TASTEGGIO	0	1	13000	73420	61905	277	-3	0.18	0.18	0	
05/03/2012 13:03:20	TASTEGGIO	0	2	13000	73420	61904	307	-4	0.15	0.15	0	
05/03/2012 13:03:50	TASTEGGIO	0	3	13000	73420	61903	344	-7	0.07	0.07	0	
05/03/2012 13:04:02	TASTEGGIO	0	3	13000	73420	144676	344	-7	0.04	0.21	44500	
05/03/2012 13:04:37	TASTEGGIO	1	0	13000	73420	100210	244	-10	0.10	0.10	0	
05/03/2012 13:04:49	TASTEGGIO	1	0	13000	73420	144669	244	-10	0.10	0.13	82800	
05/03/2012 13:05:20	TASTEGGIO	1	0	13000	73420	61905	224	0	0.11	0.11	0	
05/03/2012 13:05:33	TASTEGGIO	1	0	13000	73420	144683	224	0	0.09	0.12	44500	
05/03/2012 13:06:23	ALARM 13	proc 2 prog 51 step 45	Tondo non in posizione di scarico
05/03/2012 13:09:20	ALARM 318	proc 12 prog 134 step 6	go_abs inv_ax 9
05/03/2012 13:10:45	TASTEGGIO	1	0	13000	73420	144815	224	0	2.81	3.13	24500	
05/03/2012 13:11:15	TASTEGGIO	1	0	13000	73420	120342	400	-8	3.18	3.18	0	
05/03/2012 13:11:39	TASTEGGIO	0	1	13000	73420	120342	400	0	3.16	3.16	0	
05/03/2012 13:11:42	ALARM 401		
05/03/2012 13:11:44	ALARM 401		
05/03/2012 13:11:45	ALARM 401		
05/03/2012 13:29:01	TASTEGGIO	0	1	13000	73420	120342	400	0	3.17	3.17	0	
05/03/2012 13:29:31	TASTEGGIO	1	0	13000	73420	120342	480	-8	3.07	3.07	0	
05/03/2012 13:30:01	TASTEGGIO	0	1	13000	73420	120342	480	-2	3.04	3.04	0	
05/03/2012 13:30:29	TASTEGGIO	0	2	13000	73420	120342	480	0	3.03	3.03	0	
05/03/2012 13:31:01	TASTEGGIO	0	3	13000	73420	120342	520	-9	2.94	2.94	0	
05/03/2012 13:31:30	TASTEGGIO	0	4	13000	73420	120342	520	-3	2.90	2.90	0	
05/03/2012 13:32:03	TASTEGGIO	0	5	13000	73420	120342	560	-15	2.75	2.75	0	
05/03/2012 13:32:34	TASTEGGIO	0	6	13000	73420	120342	560	-7	2.66	2.66	0	
05/03/2012 13:33:08	TASTEGGIO	0	7	13000	73420	120342	560	-4	2.62	2.62	0	
05/03/2012 13:33:56	TASTEGGIO	0	8	13000	73420	120342	620	-32	2.29	2.29	0	
