14/06/2011 16:32:10	TASTEGGIO	0	1	7500	51856	89136	291	-5	0.09	0.09	0	
14/06/2011 16:32:20	TASTEGGIO	0	1	7500	51856	89101	291	-5	0.10	0.10	-24500	
14/06/2011 16:32:41	TASTEGGIO	1	0	7500	51856	113555	224	-3	0.08	0.08	0	
14/06/2011 16:32:51	TASTEGGIO	1	0	7500	51856	89114	224	-3	0.08	0.08	-24500	
14/06/2011 16:34:46	TASTEGGIO	1	0	7500	51856	89107	224	-3	0.02	0.04	-24500	
14/06/2011 16:36:43	TASTEGGIO	1	0	7500	51855	89203	224	-3	0.27	0.28	-24500	
14/06/2011 16:37:05	TASTEGGIO	1	0	7500	51855	113669	247	-4	0.25	0.25	0	
14/06/2011 16:37:22	TASTEGGIO	0	1	7500	51855	113681	269	-3	0.22	0.22	0	
14/06/2011 16:37:42	TASTEGGIO	0	2	7500	51855	113684	307	-7	0.16	0.16	0	
14/06/2011 16:38:00	TASTEGGIO	0	3	7500	51855	113684	327	-9	0.09	0.09	0	
14/06/2011 16:38:10	TASTEGGIO	0	3	7500	51855	89217	327	-9	0.12	0.13	24500	
14/06/2011 16:38:31	TASTEGGIO	1	0	7500	51855	64767	228	-1	0.10	0.10	0	
14/06/2011 16:38:48	TASTEGGIO	0	1	7500	51855	64771	235	-2	0.09	0.09	0	
14/06/2011 16:39:06	TASTEGGIO	0	2	7500	51855	64774	251	-1	0.08	0.08	0	
14/06/2011 16:39:16	TASTEGGIO	0	2	7500	51855	89023	251	-1	0.09	0.09	0	
14/06/2011 16:39:35	TASTEGGIO	1	0	7500	51855	89025	223	-1	0.08	0.08	0	
14/06/2011 16:39:43	TASTEGGIO	1	0	7500	51855	89031	223	-1	0.08	0.09	44500	
14/06/2011 16:40:05	TASTEGGIO	1	0	7500	51855	44579	223	1	0.08	0.08	0	
14/06/2011 16:40:15	TASTEGGIO	1	0	7500	51855	89030	223	1	0.08	0.08	24500	
14/06/2011 16:42:09	TASTEGGIO	1	0	7500	51855	89611	223	1	0.27	0.27	0	
14/06/2011 16:42:29	TASTEGGIO	1	0	7500	51855	89629	246	-4	0.23	0.23	0	
14/06/2011 16:42:48	TASTEGGIO	0	1	7500	51855	89634	265	-2	0.22	0.22	0	
14/06/2011 16:43:09	TASTEGGIO	0	1	7500	51855	89637	328	-11	0.13	0.13	0	
14/06/2011 16:43:17	TASTEGGIO	0	1	7500	51855	89609	328	-11	0.13	0.16	-24500	
14/06/2011 16:43:38	TASTEGGIO	1	0	7500	51855	114062	232	-3	0.14	0.14	0	
14/06/2011 16:43:48	TASTEGGIO	1	0	7500	51855	89627	232	-3	0.12	0.15	44500	
14/06/2011 16:44:09	TASTEGGIO	1	0	7500	51855	45156	231	-1	0.14	0.14	0	
14/06/2011 16:44:20	TASTEGGIO	1	0	7500	51855	89432	231	-1	0.13	0.14	44500	
14/06/2011 16:44:41	TASTEGGIO	1	0	7500	51855	44993	229	0	0.14	0.14	0	
14/06/2011 16:44:59	TASTEGGIO	0	1	7500	51855	44992	257	-1	0.13	0.13	0	
14/06/2011 16:45:18	TASTEGGIO	0	1	7500	51855	44990	293	-2	0.10	0.10	0	
14/06/2011 16:45:36	TASTEGGIO	0	2	7500	51855	44988	303	-2	0.09	0.09	0	
14/06/2011 16:45:46	TASTEGGIO	0	2	7500	51855	89428	303	-2	0.09	0.12	-24500	
14/06/2011 16:46:08	TASTEGGIO	1	0	7500	51855	113892	227	-2	0.12	0.12	0	
14/06/2011 16:46:25	TASTEGGIO	0	1	7500	51855	113905	251	-2	0.10	0.10	0	
14/06/2011 16:46:45	TASTEGGIO	0	2	7500	51855	113908	267	-1	0.09	0.09	0	
14/06/2011 16:46:55	TASTEGGIO	0	2	7500	51855	89606	267	-1	0.06	0.09	44500	
14/06/2011 16:48:06	ALARM 17	proc 12 prog 10 step 47	LavoroTerminato
15/06/2011 07:21:56	ALARM 401		
15/06/2011 07:21:58	INIT OK
15/06/2011 07:25:18	TASTEGGIO	0	0	7500	51856	89110	0	0	0.12	0.12	0	
15/06/2011 07:25:38	TASTEGGIO	1	0	7500	51856	89135	227	-4	0.09	0.09	0	
15/06/2011 07:25:46	TASTEGGIO	1	0	7500	51856	89113	227	-4	0.09	0.10	-24500	
15/06/2011 07:26:06	TASTEGGIO	1	0	7500	51856	113571	224	-4	0.07	0.07	0	
15/06/2011 07:26:16	TASTEGGIO	1	0	7500	51856	89120	224	-4	0.07	0.07	24500	
15/06/2011 07:28:13	TASTEGGIO	1	0	7500	51855	89205	224	-4	0.07	0.08	-44500	
15/06/2011 07:30:08	TASTEGGIO	1	0	7500	51855	89103	224	-4	0.13	0.13	-44500	
15/06/2011 07:30:31	TASTEGGIO	1	0	7500	51855	133583	228	-3	0.11	0.11	0	
15/06/2011 07:30:49	TASTEGGIO	0	1	7500	51855	133583	237	-1	0.10	0.10	0	
15/06/2011 07:31:08	TASTEGGIO	0	1	7500	51855	133585	264	-3	0.08	0.08	0	
15/06/2011 07:31:19	TASTEGGIO	0	1	7500	51855	89112	264	-3	0.09	0.10	24500	
15/06/2011 07:31:40	TASTEGGIO	1	0	7500	51855	64668	224	-2	0.08	0.08	0	
15/06/2011 07:31:50	TASTEGGIO	1	0	7500	51855	88928	224	-2	0.07	0.09	24500	
15/06/2011 07:33:48	TASTEGGIO	1	0	7500	51855	89202	224	-2	0.09	0.09	0	
15/06/2011 07:35:42	TASTEGGIO	1	0	7500	51855	89203	224	-2	0.19	0.19	0	
15/06/2011 07:36:03	TASTEGGIO	1	0	7500	51855	89233	236	-2	0.16	0.16	0	
15/06/2011 07:36:21	TASTEGGIO	0	1	7500	51855	89240	249	-2	0.14	0.14	0	
15/06/2011 07:36:28	TASTEGGIO	0	1	7500	51855	89202	249	-2	0.15	0.15	0	
15/06/2011 07:36:49	TASTEGGIO	1	0	7500	51855	89220	231	0	0.15	0.15	0	
15/06/2011 07:37:07	TASTEGGIO	0	1	7500	51855	89224	261	-1	0.14	0.14	0	
15/06/2011 07:37:15	TASTEGGIO	0	1	7500	51855	89202	261	-1	0.14	0.14	0	
15/06/2011 07:37:34	TASTEGGIO	1	0	7500	51855	89220	229	0	0.14	0.14	0	
15/06/2011 07:37:53	TASTEGGIO	0	1	7500	51855	89223	257	0	0.14	0.14	0	
15/06/2011 07:38:13	TASTEGGIO	0	1	7500	51855	89227	299	-5	0.09	0.09	0	
15/06/2011 07:38:21	TASTEGGIO	0	1	7500	51855	89203	299	-5	0.09	0.09	0	
15/06/2011 07:40:17	TASTEGGIO	0	1	7500	51855	89200	299	-5	0.23	0.23	0	
15/06/2011 07:40:38	TASTEGGIO	1	0	7500	51855	89218	241	-3	0.21	0.21	0	
15/06/2011 07:40:56	TASTEGGIO	0	1	7500	51855	89227	279	-3	0.17	0.17	0	
15/06/2011 07:41:16	TASTEGGIO	0	2	7500	51855	89232	306	-3	0.13	0.13	0	
15/06/2011 07:41:24	TASTEGGIO	0	2	7500	51855	89201	306	-3	0.14	0.16	44500	
15/06/2011 07:41:45	TASTEGGIO	1	0	7500	51855	44728	232	-1	0.15	0.15	0	
15/06/2011 07:42:04	TASTEGGIO	0	1	7500	51855	44731	260	-2	0.14	0.14	0	
15/06/2011 07:42:14	TASTEGGIO	0	1	7500	51855	89023	260	-2	0.15	0.15	0	
15/06/2011 07:42:36	TASTEGGIO	1	0	7500	51855	89027	231	-5	0.16	0.16	0	
15/06/2011 07:42:54	TASTEGGIO	0	1	7500	51855	89032	265	-2	0.15	0.15	0	
15/06/2011 07:43:14	TASTEGGIO	0	1	7500	51855	89038	307	-2	0.13	0.13	0	
15/06/2011 07:43:22	TASTEGGIO	0	1	7500	51855	89049	307	-2	0.13	0.14	44500	
15/06/2011 07:43:43	TASTEGGIO	1	0	7500	51855	44593	229	-1	0.15	0.15	0	
15/06/2011 07:44:02	TASTEGGIO	0	1	7500	51855	44594	261	0	0.15	0.15	0	
15/06/2011 07:44:20	TASTEGGIO	0	1	7500	51855	44595	306	-2	0.12	0.12	0	
15/06/2011 07:44:39	TASTEGGIO	0	2	7500	51855	44595	319	-1	0.11	0.11	0	
15/06/2011 07:44:58	TASTEGGIO	0	1	7500	51855	44595	359	-6	0.05	0.05	0	
15/06/2011 07:45:09	TASTEGGIO	0	1	7500	51855	89020	359	-6	0.08	0.10	-24500	
15/06/2011 07:46:06	ALARM 17	proc 12 prog 10 step 47	LavoroTerminato
15/06/2011 07:52:12	ALARM 3	proc 12 prog 31 step 36	Tondo non presente su rulliera
15/06/2011 07:53:29	TASTEGGIO	0	1	9700	60480	97182	359	-6	0.08	0.14	-24500	
15/06/2011 07:53:49	TASTEGGIO	1	0	9700	60480	121666	229	-6	0.10	0.10	0	
15/06/2011 07:54:06	TASTEGGIO	0	1	9700	60480	121675	236	-4	0.05	0.05	0	
15/06/2011 07:54:16	TASTEGGIO	0	1	9700	60480	97274	236	-4	0.04	0.08	24500	
15/06/2011 07:56:10	TASTEGGIO	0	1	9700	60480	97171	236	-4	0.04	0.08	-24500	
15/06/2011 07:58:04	TASTEGGIO	0	1	9700	60479	97377	236	-4	0.02	0.06	44500	
15/06/2011 07:59:53	TASTEGGIO	0	1	9700	60479	97264	236	-4	0.18	0.26	24500	
15/06/2011 08:00:16	TASTEGGIO	1	0	9700	60479	72819	245	-5	0.23	0.23	0	
15/06/2011 08:00:33	TASTEGGIO	0	1	9700	60479	72817	265	-3	0.20	0.20	0	
15/06/2011 08:00:51	TASTEGGIO	0	2	9700	60479	72815	299	-6	0.13	0.13	0	
15/06/2011 08:01:01	TASTEGGIO	0	2	9700	60479	97136	299	-6	0.09	0.15	24500	
15/06/2011 08:01:22	TASTEGGIO	1	0	9700	60479	72680	231	0	0.15	0.15	0	
15/06/2011 08:01:41	TASTEGGIO	0	1	9700	60479	72679	261	-1	0.14	0.14	0	
15/06/2011 08:01:51	TASTEGGIO	0	1	9700	60479	97129	261	-1	0.08	0.14	24500	
15/06/2011 08:02:13	TASTEGGIO	1	0	9700	60479	72673	229	0	0.14	0.14	0	
15/06/2011 08:02:30	TASTEGGIO	0	1	9700	60479	72672	257	-1	0.15	0.15	0	
15/06/2011 08:02:48	TASTEGGIO	0	1	9700	60479	72670	305	-3	0.12	0.12	0	
15/06/2011 08:03:08	TASTEGGIO	0	2	9700	60479	72669	318	-4	0.09	0.09	0	
15/06/2011 08:03:26	TASTEGGIO	0	3	9700	60479	72668	329	-4	0.04	0.04	0	
15/06/2011 08:03:36	TASTEGGIO	0	3	9700	60479	97145	329	-4	0.01	0.06	-44500	
15/06/2011 08:05:27	TASTEGGIO	0	3	9700	60480	97169	329	-4	0.04	0.05	24500	
15/06/2011 08:07:25	TASTEGGIO	0	3	9700	60479	97262	329	-4	0.07	0.11	44500	
15/06/2011 08:07:48	TASTEGGIO	1	0	9700	60479	52801	225	-4	0.10	0.10	0	
15/06/2011 08:08:05	TASTEGGIO	0	1	9700	60479	52801	243	-2	0.09	0.09	0	
15/06/2011 08:08:23	TASTEGGIO	0	2	9700	60479	52802	259	-1	0.07	0.07	0	
15/06/2011 08:08:34	TASTEGGIO	0	2	9700	60479	97128	259	-1	0.04	0.08	44500	
15/06/2011 08:10:17	TASTEGGIO	0	2	9700	60479	97172	259	-1	0.07	0.14	-24500	
15/06/2011 08:10:38	TASTEGGIO	1	0	9700	60479	121665	229	-6	0.09	0.09	0	
15/06/2011 08:10:56	TASTEGGIO	0	1	9700	60479	121672	234	-5	0.07	0.07	0	
15/06/2011 08:11:06	TASTEGGIO	0	1	9700	60479	97150	234	-5	0.03	0.07	-24500	
15/06/2011 08:12:59	TASTEGGIO	0	1	9700	60479	97173	234	-5	0.09	0.17	24500	
15/06/2011 08:13:21	TASTEGGIO	1	0	9700	60479	72710	233	-3	0.15	0.15	0	
15/06/2011 08:13:38	TASTEGGIO	0	1	9700	60479	72709	246	-2	0.14	0.14	0	
15/06/2011 08:13:49	TASTEGGIO	0	1	9700	60479	97035	246	-2	0.05	0.12	44500	
15/06/2011 08:14:10	TASTEGGIO	1	0	9700	60479	52564	227	-2	0.12	0.12	0	
15/06/2011 08:14:28	TASTEGGIO	0	1	9700	60479	52566	251	-2	0.12	0.12	0	
15/06/2011 08:14:45	TASTEGGIO	0	1	9700	60479	52568	287	-3	0.09	0.09	0	
15/06/2011 08:15:03	TASTEGGIO	0	2	9700	60479	52568	296	-2	0.08	0.08	0	
15/06/2011 08:15:14	TASTEGGIO	0	2	9700	60479	97035	296	-2	0.01	0.08	44500	
15/06/2011 08:16:58	TASTEGGIO	0	2	9700	60479	97272	296	-2	0.09	0.09	0	
15/06/2011 08:17:18	TASTEGGIO	1	0	9700	60479	97285	223	-5	0.05	0.05	0	
15/06/2011 08:17:26	TASTEGGIO	1	0	9700	60479	97265	223	-5	0.05	0.05	24500	
15/06/2011 08:19:18	TASTEGGIO	1	0	9700	60479	97267	223	-5	0.25	0.33	24500	
15/06/2011 08:19:40	TASTEGGIO	1	0	9700	60479	72800	254	-7	0.29	0.29	0	
15/06/2011 08:19:57	TASTEGGIO	0	1	9700	60479	72799	279	-6	0.26	0.26	0	
15/06/2011 08:20:15	TASTEGGIO	0	2	9700	60479	72800	325	-13	0.13	0.13	0	
15/06/2011 08:20:25	TASTEGGIO	0	2	9700	60479	97135	325	-13	0.07	0.13	24500	
15/06/2011 08:20:46	TASTEGGIO	1	0	9700	60479	72667	228	-1	0.12	0.12	0	
15/06/2011 08:21:03	TASTEGGIO	0	1	9700	60479	72667	250	-1	0.12	0.12	0	
15/06/2011 08:21:21	TASTEGGIO	0	1	9700	60479	72667	286	-3	0.12	0.12	0	
15/06/2011 08:21:41	TASTEGGIO	0	1	9700	60479	72667	322	-7	0.07	0.07	0	
15/06/2011 08:21:51	TASTEGGIO	0	1	9700	60479	97127	322	-7	0.04	0.09	-24500	
15/06/2011 08:22:13	TASTEGGIO	1	0	9700	60479	121618	223	-8	0.06	0.06	0	
15/06/2011 08:22:23	TASTEGGIO	1	0	9700	60479	97256	223	-8	0.03	0.06	44500	
15/06/2011 08:24:14	TASTEGGIO	1	0	9700	60479	97173	223	-8	0.18	0.19	24500	
15/06/2011 08:24:36	TASTEGGIO	1	0	9700	60479	72712	236	-5	0.17	0.17	0	
15/06/2011 08:24:53	TASTEGGIO	0	1	9700	60479	72711	251	-3	0.14	0.14	0	
15/06/2011 08:25:03	TASTEGGIO	0	1	9700	60479	97028	251	-3	0.14	0.15	24500	
15/06/2011 08:25:25	TASTEGGIO	1	0	9700	60479	72560	231	-1	0.14	0.14	0	
15/06/2011 08:25:35	TASTEGGIO	1	0	9700	60479	97024	231	-1	0.14	0.15	24500	
15/06/2011 08:25:56	TASTEGGIO	1	0	9700	60479	72561	231	-1	0.14	0.14	0	
15/06/2011 08:26:07	TASTEGGIO	1	0	9700	60479	97029	231	-1	0.14	0.15	24500	
15/06/2011 08:26:28	TASTEGGIO	1	0	9700	60479	72557	231	0	0.14	0.14	0	
15/06/2011 08:26:38	TASTEGGIO	1	0	9700	60479	97031	231	0	0.14	0.14	0	
15/06/2011 08:26:58	TASTEGGIO	1	0	9700	60479	97034	229	-5	0.10	0.10	0	
15/06/2011 08:27:15	TASTEGGIO	0	1	9700	60479	97037	236	-3	0.08	0.08	0	
15/06/2011 08:27:24	TASTEGGIO	0	1	9700	60479	97049	236	-3	0.08	0.10	24500	
15/06/2011 08:27:45	TASTEGGIO	1	0	9700	60479	72586	224	-1	0.09	0.09	0	
15/06/2011 08:28:02	TASTEGGIO	0	1	9700	60479	72585	232	0	0.10	0.10	0	
15/06/2011 08:28:21	TASTEGGIO	0	1	9700	60479	72584	265	-1	0.08	0.08	0	
15/06/2011 08:28:31	TASTEGGIO	0	1	9700	60479	97031	265	-1	0.08	0.09	24500	
15/06/2011 08:28:53	TASTEGGIO	1	0	9700	60479	72561	223	0	0.08	0.08	0	
15/06/2011 08:29:03	TASTEGGIO	1	0	9700	60479	97029	223	0	0.08	0.08	24500	
15/06/2011 08:29:56	ALARM 17	proc 12 prog 10 step 47	LavoroTerminato
15/06/2011 08:39:00	TASTEGGIO	1	0	7500	51854	113480	223	0	0.02	0.02	-44500	
15/06/2011 08:40:59	TASTEGGIO	1	0	7500	51854	113484	223	0	0.09	0.09	0	
15/06/2011 08:41:21	TASTEGGIO	1	0	7500	51854	113508	223	-8	0.02	0.02	0	
15/06/2011 08:41:29	TASTEGGIO	1	0	7500	51854	113481	223	-8	0.03	0.04	-44500	
15/06/2011 08:43:25	TASTEGGIO	1	0	7500	51854	113484	223	-8	0.03	0.07	44500	
15/06/2011 08:45:26	TASTEGGIO	1	0	7500	51854	113483	223	-8	0.06	0.06	0	
15/06/2011 08:47:24	TASTEGGIO	1	0	7500	51854	113483	223	-8	0.09	0.09	0	
15/06/2011 08:47:45	TASTEGGIO	1	0	7500	51854	113506	223	-8	0.04	0.04	0	
15/06/2011 08:47:53	TASTEGGIO	1	0	7500	51854	113481	223	-8	0.04	0.05	-44500	
15/06/2011 08:49:50	TASTEGGIO	1	0	7500	51854	113478	223	-8	0.05	0.10	-44500	
15/06/2011 08:50:12	TASTEGGIO	1	0	7500	51854	157901	224	-8	0.04	0.04	0	
15/06/2011 08:50:23	TASTEGGIO	1	0	7500	51854	113464	224	-8	0.04	0.05	44500	
15/06/2011 08:52:21	TASTEGGIO	1	0	7500	51854	113480	224	-8	0.09	0.10	44500	
15/06/2011 08:52:44	TASTEGGIO	1	0	7500	51854	69047	224	-3	0.09	0.09	0	
15/06/2011 08:53:03	TASTEGGIO	0	1	7500	51854	69043	232	-2	0.07	0.07	0	
15/06/2011 08:53:14	TASTEGGIO	0	1	7500	51854	113348	232	-2	0.07	0.10	-44500	
15/06/2011 08:53:36	TASTEGGIO	1	0	7500	51854	157772	224	-8	0.03	0.03	0	
15/06/2011 08:53:47	TASTEGGIO	1	0	7500	51854	113462	224	-8	0.04	0.06	44500	
15/06/2011 08:55:42	TASTEGGIO	1	0	7500	51854	113483	224	-8	0.07	0.10	-24500	
15/06/2011 08:56:05	TASTEGGIO	1	0	7500	51854	137965	224	-9	0.02	0.02	0	
15/06/2011 08:56:15	TASTEGGIO	1	0	7500	51854	113463	224	-9	0.01	0.04	44500	
15/06/2011 08:58:13	TASTEGGIO	1	0	7500	51854	113985	224	-9	0.09	0.09	0	
15/06/2011 08:58:35	TASTEGGIO	1	0	7500	51854	113999	223	-9	0.02	0.02	0	
15/06/2011 08:58:43	TASTEGGIO	1	0	7500	51854	113979	223	-9	0.03	0.05	44500	
15/06/2011 09:00:39	TASTEGGIO	1	0	7500	51854	113485	223	-9	0.06	0.08	24500	
15/06/2011 09:02:38	TASTEGGIO	1	0	7500	51854	113482	223	-9	0.19	0.21	-24500	
15/06/2011 09:03:01	TASTEGGIO	1	0	7500	51854	137967	238	-7	0.13	0.13	0	
15/06/2011 09:03:11	TASTEGGIO	1	0	7500	51854	113467	238	-7	0.14	0.14	0	
15/06/2011 09:03:33	TASTEGGIO	1	0	7500	51854	113482	229	-6	0.07	0.07	0	
15/06/2011 09:03:41	TASTEGGIO	1	0	7500	51854	113469	229	-6	0.06	0.09	-44500	
15/06/2011 09:04:03	TASTEGGIO	1	0	7500	51854	157886	223	-4	0.04	0.04	0	
15/06/2011 09:04:14	TASTEGGIO	1	0	7500	51854	113457	223	-4	0.04	0.05	44500	
15/06/2011 09:06:10	TASTEGGIO	1	0	7500	51854	113486	223	-4	0.03	0.05	-44500	
15/06/2011 09:08:07	TASTEGGIO	1	0	7500	51854	113478	223	-4	0.12	0.12	0	
15/06/2011 09:08:28	TASTEGGIO	1	0	7500	51854	113501	227	-9	0.05	0.05	0	
15/06/2011 09:08:36	TASTEGGIO	1	0	7500	51854	113475	227	-9	0.05	0.05	0	
15/06/2011 09:09:11	ALARM 304	proc 12 prog 32 step 49	inverter error 8
15/06/2011 09:12:04	TASTEGGIO	1	0	7500	51869	113484	227	-9	0.06	0.06	0	
15/06/2011 09:14:02	TASTEGGIO	1	0	7500	51854	113480	227	-9	0.07	0.07	-24500	
15/06/2011 09:15:59	TASTEGGIO	1	0	7500	51854	113385	227	-9	0.13	0.16	-24500	
15/06/2011 09:16:21	TASTEGGIO	1	0	7500	51854	137870	232	-7	0.10	0.10	0	
15/06/2011 09:16:31	TASTEGGIO	1	0	7500	51854	113363	232	-7	0.07	0.11	-44500	
15/06/2011 09:16:54	TASTEGGIO	1	0	7500	51854	157786	225	-6	0.05	0.05	0	
15/06/2011 09:17:05	TASTEGGIO	1	0	7500	51854	113362	225	-6	0.04	0.09	44500	
15/06/2011 09:17:28	TASTEGGIO	1	0	7500	51854	68929	223	-2	0.06	0.06	0	
15/06/2011 09:17:38	TASTEGGIO	1	0	7500	51854	113244	223	-2	0.04	0.08	44500	
15/06/2011 09:18:40	ALARM 17	proc 12 prog 10 step 47	LavoroTerminato
15/06/2011 09:22:51	TASTEGGIO	1	0	6500	47936	134681	223	-2	0.52	0.55	-24500	
15/06/2011 09:23:15	TASTEGGIO	1	0	6500	47936	159088	282	-81	0.26	0.26	0	
15/06/2011 09:23:35	TASTEGGIO	0	1	6500	47936	159091	269	-130	1.01	1.01	0	
15/06/2011 09:23:47	TASTEGGIO	0	1	6500	47936	159093	0	-3	0.97	0.97	0	
15/06/2011 09:24:08	TASTEGGIO	0	1	6500	47936	159093	279	-64	0.35	0.35	0	
15/06/2011 09:24:28	TASTEGGIO	0	0	6500	47936	159094	256	-30	0.07	0.07	0	
15/06/2011 09:24:38	TASTEGGIO	0	0	6500	47936	134769	256	-30	0.14	0.19	44500	
15/06/2011 09:25:01	TASTEGGIO	1	0	6500	47936	90348	236	-33	0.16	0.16	0	
15/06/2011 09:25:20	TASTEGGIO	0	1	6500	47936	90339	222	-35	0.22	0.22	0	
15/06/2011 09:25:39	TASTEGGIO	0	1	6500	47936	90334	191	-15	0.10	0.10	0	
15/06/2011 09:25:49	TASTEGGIO	0	1	6500	47936	134646	191	-15	0.07	0.09	44500	
15/06/2011 09:26:13	TASTEGGIO	1	0	6500	47936	90225	223	-14	0.06	0.06	0	
15/06/2011 09:26:23	TASTEGGIO	1	0	6500	47936	134638	223	-14	0.03	0.08	-24500	
15/06/2011 09:28:21	TASTEGGIO	1	0	6500	47937	134765	223	-14	0.24	0.25	24500	
15/06/2011 09:28:46	TASTEGGIO	1	0	6500	47937	110315	243	-43	0.18	0.18	0	
15/06/2011 09:29:06	TASTEGGIO	0	1	6500	47937	110312	230	-45	0.28	0.28	0	
15/06/2011 09:29:26	TASTEGGIO	0	1	6500	47937	110306	186	-14	0.12	0.12	0	
15/06/2011 09:29:35	TASTEGGIO	0	1	6500	47937	134653	186	-14	0.14	0.16	-24500	
15/06/2011 09:29:59	TASTEGGIO	1	0	6500	47937	159058	232	-56	0.39	0.39	0	
15/06/2011 09:30:18	TASTEGGIO	0	1	6500	47937	159060	136	-13	0.23	0.23	0	
15/06/2011 09:30:37	TASTEGGIO	0	2	6500	47937	159063	155	-12	0.12	0.12	0	
15/06/2011 09:30:47	TASTEGGIO	0	2	6500	47937	134765	155	-12	0.12	0.14	24500	
15/06/2011 09:31:11	TASTEGGIO	1	0	6500	47937	110310	229	-36	0.25	0.25	0	
15/06/2011 09:31:30	TASTEGGIO	0	1	6500	47937	110306	184	-16	0.06	0.06	0	
15/06/2011 09:31:40	TASTEGGIO	0	1	6500	47937	134641	184	-16	0.10	0.11	44500	
15/06/2011 09:32:04	TASTEGGIO	1	0	6500	47937	90218	225	-24	0.15	0.15	0	
15/06/2011 09:32:23	TASTEGGIO	0	1	6500	47937	90207	204	-19	0.10	0.10	0	
15/06/2011 09:32:43	TASTEGGIO	0	1	6500	47937	90201	197	-14	0.09	0.09	0	
15/06/2011 09:32:53	TASTEGGIO	0	1	6500	47937	134637	197	-14	0.12	0.12	-24500	
15/06/2011 09:33:17	TASTEGGIO	1	0	6500	47937	159054	227	-50	0.40	0.40	0	
15/06/2011 09:33:35	TASTEGGIO	0	1	6500	47937	159056	93	-6	0.30	0.30	0	
15/06/2011 09:33:55	TASTEGGIO	0	2	6500	47937	159058	124	-5	0.24	0.24	0	
15/06/2011 09:34:13	TASTEGGIO	0	3	6500	47937	159060	157	-10	0.16	0.16	0	
15/06/2011 09:34:32	TASTEGGIO	0	4	6500	47937	159062	178	-11	0.05	0.05	0	
15/06/2011 09:34:42	TASTEGGIO	0	4	6500	47937	134741	178	-11	0.04	0.07	24500	
15/06/2011 09:35:41	ALARM 17	proc 12 prog 10 step 47	LavoroTerminato
15/06/2011 09:50:08	TASTEGGIO	0	4	8200	54602	77081	178	-11	0.17	0.17	0	
15/06/2011 09:50:26	TASTEGGIO	1	0	8200	54602	77100	233	-3	0.16	0.16	0	
15/06/2011 09:50:42	TASTEGGIO	0	1	8200	54602	77104	263	-3	0.11	0.11	0	
15/06/2011 09:50:50	TASTEGGIO	0	1	8200	54602	77106	263	-3	0.13	0.13	0	
15/06/2011 09:51:08	TASTEGGIO	1	0	8200	54602	77125	228	-3	0.15	0.15	0	
15/06/2011 09:51:25	TASTEGGIO	0	1	8200	54602	77125	262	-2	0.12	0.12	0	
15/06/2011 09:51:42	TASTEGGIO	0	2	8200	54602	77128	275	-3	0.09	0.09	0	
15/06/2011 09:52:00	TASTEGGIO	0	3	8200	54602	77131	286	-3	0.05	0.05	0	
15/06/2011 09:52:08	TASTEGGIO	0	3	8200	54602	77131	286	-3	0.06	0.08	-24500	
15/06/2011 09:54:06	TASTEGGIO	0	3	8200	54601	77277	286	-3	0.22	0.38	-24500	
15/06/2011 09:54:27	TASTEGGIO	1	0	8200	54601	101769	260	-2	0.32	0.32	0	
15/06/2011 09:54:45	TASTEGGIO	0	1	8200	54601	101775	286	-4	0.27	0.27	0	
15/06/2011 09:55:03	TASTEGGIO	0	2	8200	54601	101782	331	-10	0.17	0.17	0	
15/06/2011 09:55:21	TASTEGGIO	0	3	8200	54601	101786	349	-8	0.10	0.10	0	
15/06/2011 09:55:31	TASTEGGIO	0	3	8200	54601	77282	349	-8	0.02	0.10	-24500	
15/06/2011 09:55:52	TASTEGGIO	1	0	8200	54601	101770	224	-1	0.08	0.08	0	
15/06/2011 09:56:02	TASTEGGIO	1	0	8200	54601	77280	224	-1	0.03	0.10	-24500	
15/06/2011 09:56:22	TASTEGGIO	1	0	8200	54601	101771	224	0	0.09	0.09	0	
15/06/2011 09:56:39	TASTEGGIO	0	1	8200	54601	101779	232	0	0.07	0.07	0	
15/06/2011 09:56:49	TASTEGGIO	0	1	8200	54601	77275	232	0	0.03	0.09	-24500	
15/06/2011 09:57:10	TASTEGGIO	1	0	8200	54601	101762	223	2	0.09	0.09	0	
15/06/2011 09:57:28	TASTEGGIO	0	1	8200	54601	101770	241	2	0.08	0.08	0	
15/06/2011 09:57:38	TASTEGGIO	0	1	8200	54601	77274	241	2	0.03	0.09	-24500	
15/06/2011 09:57:59	TASTEGGIO	1	0	8200	54601	101760	223	0	0.09	0.09	0	
15/06/2011 09:58:16	TASTEGGIO	0	1	8200	54601	101768	241	0	0.09	0.09	0	
15/06/2011 09:58:35	TASTEGGIO	0	1	8200	54601	101773	268	-1	0.06	0.06	0	
15/06/2011 09:58:45	TASTEGGIO	0	1	8200	54601	77275	268	-1	0.03	0.09	-24500	
15/06/2011 09:59:05	TASTEGGIO	1	0	8200	54601	101765	223	0	0.07	0.07	0	
15/06/2011 09:59:15	TASTEGGIO	1	0	8200	54601	77275	223	0	0.02	0.09	-24500	
15/06/2011 10:01:07	TASTEGGIO	1	0	8200	54601	76892	223	0	0.13	0.13	0	
15/06/2011 10:01:26	TASTEGGIO	1	0	8200	54601	76913	228	-3	0.10	0.10	0	
15/06/2011 10:01:42	TASTEGGIO	0	1	8200	54601	76913	235	-1	0.09	0.09	0	
15/06/2011 10:01:50	TASTEGGIO	0	1	8200	54601	76885	235	-1	0.11	0.11	0	
15/06/2011 10:02:09	TASTEGGIO	1	0	8200	54601	76905	225	0	0.09	0.09	0	
15/06/2011 10:02:17	TASTEGGIO	1	0	8200	54601	76881	225	0	0.09	0.10	-24500	
15/06/2011 10:02:38	TASTEGGIO	1	0	8200	54601	101354	224	-1	0.06	0.06	0	
15/06/2011 10:02:47	TASTEGGIO	1	0	8200	54601	76872	224	-1	0.09	0.09	0	
15/06/2011 10:04:42	TASTEGGIO	1	0	8200	54601	77075	224	-1	0.38	0.48	24500	
15/06/2011 10:05:03	TASTEGGIO	1	0	8200	54601	52603	273	-1	0.47	0.47	0	
15/06/2011 10:05:23	TASTEGGIO	0	1	8200	54601	52606	365	-10	0.32	0.32	0	
15/06/2011 10:05:41	TASTEGGIO	0	2	8200	54601	52609	395	-12	0.20	0.20	0	
15/06/2011 10:05:59	TASTEGGIO	0	3	8200	54601	52609	400	-6	0.16	0.16	0	
15/06/2011 10:06:19	TASTEGGIO	0	4	8200	54601	52609	400	-7	0.12	0.12	0	
15/06/2011 10:06:29	TASTEGGIO	0	4	8200	54601	76942	400	-7	0.11	0.12	24500	
15/06/2011 10:06:50	TASTEGGIO	1	0	8200	54601	52480	227	0	0.11	0.11	0	
15/06/2011 10:07:06	TASTEGGIO	0	1	8200	54601	52479	247	0	0.12	0.12	0	
15/06/2011 10:07:25	TASTEGGIO	0	1	8200	54601	52478	286	1	0.12	0.12	0	
15/06/2011 10:07:44	TASTEGGIO	0	1	8200	54601	52477	322	0	0.12	0.12	0	
15/06/2011 10:08:02	TASTEGGIO	0	1	8200	54601	52477	358	0	0.11	0.11	0	
15/06/2011 10:08:20	TASTEGGIO	0	1	8200	54601	52477	388	-3	0.09	0.09	0	
15/06/2011 10:08:30	TASTEGGIO	0	1	8200	54601	76945	388	-3	0.07	0.10	24500	
15/06/2011 10:08:51	TASTEGGIO	1	0	8200	54601	52478	224	-1	0.08	0.08	0	
15/06/2011 10:09:00	TASTEGGIO	1	0	8200	54601	76948	224	-1	0.08	0.09	24500	
15/06/2011 10:10:53	TASTEGGIO	1	0	8200	54601	76881	224	-1	0.21	0.25	24500	
15/06/2011 10:11:13	TASTEGGIO	1	0	8200	54601	52416	243	-1	0.23	0.23	0	
15/06/2011 10:11:32	TASTEGGIO	0	1	8200	54601	52416	285	-1	0.21	0.21	0	
15/06/2011 10:11:51	TASTEGGIO	0	1	8200	54601	52416	342	-7	0.11	0.11	0	
15/06/2011 10:12:01	TASTEGGIO	0	1	8200	54601	76753	342	-7	0.12	0.12	0	
15/06/2011 10:12:20	TASTEGGIO	1	0	8200	54601	76758	227	0	0.09	0.09	0	
15/06/2011 10:12:28	TASTEGGIO	1	0	8200	54601	76764	227	0	0.10	0.10	0	
15/06/2011 10:12:47	TASTEGGIO	1	0	8200	54601	76769	224	2	0.09	0.09	0	
15/06/2011 10:12:55	TASTEGGIO	1	0	8200	54601	76774	224	2	0.09	0.09	24500	
15/06/2011 10:14:52	TASTEGGIO	1	0	8200	54601	77171	224	2	0.12	0.14	-24500	
15/06/2011 10:15:14	TASTEGGIO	1	0	8200	54601	101664	229	-1	0.11	0.11	0	
15/06/2011 10:15:32	TASTEGGIO	0	1	8200	54601	101671	237	0	0.10	0.10	0	
15/06/2011 10:15:50	TASTEGGIO	0	1	8200	54601	101676	264	0	0.07	0.07	0	
15/06/2011 10:16:00	TASTEGGIO	0	1	8200	54601	77173	264	0	0.10	0.10	0	
15/06/2011 10:16:19	TASTEGGIO	1	0	8200	54601	77189	224	-1	0.08	0.08	0	
15/06/2011 10:16:27	TASTEGGIO	1	0	8200	54601	77169	224	-1	0.08	0.08	0	
15/06/2011 10:18:24	TASTEGGIO	1	0	8200	54601	77079	224	-1	0.08	0.09	-24500	
15/06/2011 10:20:20	TASTEGGIO	1	0	8200	54601	77169	224	-1	0.06	0.06	0	
15/06/2011 10:22:15	TASTEGGIO	1	0	8200	54601	76983	224	-1	0.11	0.12	-24500	
15/06/2011 10:22:36	TASTEGGIO	1	0	8200	54601	101481	227	0	0.09	0.09	0	
15/06/2011 10:22:46	TASTEGGIO	1	0	8200	54601	76965	227	0	0.11	0.11	0	
15/06/2011 10:23:05	TASTEGGIO	1	0	8200	54601	76982	225	-2	0.08	0.08	0	
15/06/2011 10:23:13	TASTEGGIO	1	0	8200	54601	76965	225	-2	0.08	0.09	-24500	
15/06/2011 10:25:08	TASTEGGIO	1	0	8200	54601	77168	225	-2	0.11	0.11	0	
15/06/2011 10:25:26	TASTEGGIO	1	0	8200	54601	77181	225	-2	0.08	0.08	0	
15/06/2011 10:25:34	TASTEGGIO	1	0	8200	54601	77164	225	-2	0.08	0.08	0	
15/06/2011 10:27:32	TASTEGGIO	1	0	8200	54601	77071	225	-2	0.24	0.24	0	
15/06/2011 10:27:52	TASTEGGIO	1	0	8200	54601	77090	242	-3	0.22	0.22	0	
15/06/2011 10:28:09	TASTEGGIO	0	1	8200	54601	77091	282	-5	0.16	0.16	0	
15/06/2011 10:28:27	TASTEGGIO	0	2	8200	54601	77093	298	-4	0.15	0.15	0	
15/06/2011 10:28:45	TASTEGGIO	0	1	8200	54601	77097	354	-16	0.01	0.01	0	
15/06/2011 10:28:54	TASTEGGIO	0	1	8200	54601	77071	354	-16	0.02	0.11	24500	
15/06/2011 10:29:14	TASTEGGIO	1	0	8200	54601	52605	225	-1	0.07	0.07	0	
15/06/2011 10:29:24	TASTEGGIO	1	0	8200	54601	76946	225	-1	0.03	0.10	24500	
15/06/2011 10:29:44	TASTEGGIO	1	0	8200	54601	52482	224	0	0.08	0.08	0	
15/06/2011 10:29:54	TASTEGGIO	1	0	8200	54601	76950	224	0	0.04	0.10	24500	
15/06/2011 10:30:14	TASTEGGIO	1	0	8200	54601	52487	224	2	0.09	0.09	0	
15/06/2011 10:30:24	TASTEGGIO	1	0	8200	54601	76950	224	2	0.03	0.09	24500	
15/06/2011 10:32:16	TASTEGGIO	1	0	8200	54601	77164	224	2	0.12	0.13	24500	
15/06/2011 10:32:36	TASTEGGIO	1	0	8200	54601	52700	228	-1	0.12	0.12	0	
15/06/2011 10:32:52	TASTEGGIO	0	1	8200	54601	52700	250	0	0.11	0.11	0	
15/06/2011 10:33:08	TASTEGGIO	0	1	8200	54601	52701	280	-2	0.09	0.09	0	
15/06/2011 10:33:18	TASTEGGIO	0	1	8200	54601	77035	280	-2	0.09	0.09	24500	
15/06/2011 10:35:16	TASTEGGIO	0	1	8200	54601	77371	280	-2	0.21	0.21	0	
15/06/2011 10:35:36	TASTEGGIO	1	0	8200	54601	77385	238	-2	0.18	0.18	0	
15/06/2011 10:35:52	TASTEGGIO	0	1	8200	54601	77390	253	-1	0.17	0.17	0	
15/06/2011 10:36:11	TASTEGGIO	0	1	8200	54601	77394	301	-7	0.08	0.08	0	
15/06/2011 10:36:19	TASTEGGIO	0	1	8200	54601	77370	301	-7	0.10	0.11	-24500	
15/06/2011 10:36:40	TASTEGGIO	1	0	8200	54601	101856	225	-1	0.08	0.08	0	
15/06/2011 10:36:50	TASTEGGIO	1	0	8200	54601	77376	225	-1	0.10	0.10	0	
15/06/2011 10:37:09	TASTEGGIO	1	0	8200	54601	77391	224	0	0.10	0.10	0	
15/06/2011 10:37:25	TASTEGGIO	0	1	8200	54601	77391	244	-1	0.08	0.08	0	
15/06/2011 10:37:33	TASTEGGIO	0	1	8200	54601	77376	244	-1	0.10	0.10	0	
15/06/2011 10:37:52	TASTEGGIO	1	0	8200	54601	77389	224	0	0.09	0.09	0	
15/06/2011 10:38:00	TASTEGGIO	1	0	8200	54601	77373	224	0	0.10	0.10	0	
15/06/2011 10:38:19	TASTEGGIO	1	0	8200	54601	77386	224	1	0.09	0.09	0	
15/06/2011 10:38:27	TASTEGGIO	1	0	8200	54601	77373	224	1	0.10	0.10	-24500	
15/06/2011 10:38:47	TASTEGGIO	1	0	8200	54601	101857	224	1	0.08	0.08	0	
15/06/2011 10:38:57	TASTEGGIO	1	0	8200	54601	77375	224	1	0.11	0.11	0	
15/06/2011 10:39:17	TASTEGGIO	1	0	8200	54601	77390	225	2	0.10	0.10	0	
15/06/2011 10:39:34	TASTEGGIO	0	1	8200	54601	77390	243	1	0.08	0.08	0	
15/06/2011 10:39:42	TASTEGGIO	0	1	8200	54601	77374	243	1	0.09	0.09	0	
15/06/2011 10:41:39	TASTEGGIO	0	1	8200	54601	77175	243	1	0.13	0.13	0	
15/06/2011 10:41:58	TASTEGGIO	1	0	8200	54601	77190	228	-2	0.11	0.11	0	
15/06/2011 10:42:15	TASTEGGIO	0	1	8200	54601	77190	237	0	0.10	0.10	0	
15/06/2011 10:42:34	TASTEGGIO	0	1	8200	54601	77192	264	-3	0.08	0.08	0	
15/06/2011 10:42:42	TASTEGGIO	0	1	8200	54601	77170	264	-3	0.08	0.09	-24500	
15/06/2011 10:44:35	TASTEGGIO	0	1	8200	54601	77167	264	-3	0.01	0.05	-24500	
15/06/2011 10:46:27	TASTEGGIO	0	1	8200	54600	77166	264	-3	0.09	0.19	-24500	
15/06/2011 10:46:48	TASTEGGIO	1	0	8200	54600	101675	236	-2	0.15	0.15	0	
15/06/2011 10:47:05	TASTEGGIO	0	1	8200	54600	101678	247	-2	0.12	0.12	0	
15/06/2011 10:47:15	TASTEGGIO	0	1	8200	54600	77170	247	-2	0.04	0.14	-24500	
15/06/2011 10:47:36	TASTEGGIO	1	0	8200	54600	101663	229	0	0.13	0.13	0	
15/06/2011 10:47:53	TASTEGGIO	0	1	8200	54600	101669	253	-1	0.11	0.11	0	
15/06/2011 10:48:12	TASTEGGIO	0	2	8200	54600	101675	271	-3	0.10	0.10	0	
15/06/2011 10:48:30	TASTEGGIO	0	1	8200	54600	101679	307	-8	0.04	0.04	0	
15/06/2011 10:48:40	TASTEGGIO	0	1	8200	54600	77174	307	-8	0.04	0.04	0	
15/06/2011 10:50:33	TASTEGGIO	0	1	8200	54601	77168	307	-8	0.07	0.11	-24500	
15/06/2011 10:50:54	TASTEGGIO	1	0	8200	54601	101661	225	-2	0.08	0.08	0	
15/06/2011 10:51:04	TASTEGGIO	1	0	8200	54601	77175	225	-2	0.06	0.08	-24500	
15/06/2011 10:52:57	TASTEGGIO	1	0	8200	54601	77171	225	-2	0.11	0.11	0	
15/06/2011 10:53:16	TASTEGGIO	1	0	8200	54601	77185	225	-2	0.08	0.08	0	
15/06/2011 10:53:24	TASTEGGIO	1	0	8200	54601	77166	225	-2	0.10	0.10	0	
15/06/2011 10:53:44	TASTEGGIO	1	0	8200	54601	77178	224	0	0.12	0.12	0	
15/06/2011 10:54:01	TASTEGGIO	0	1	8200	54601	77180	252	-3	0.08	0.08	0	
15/06/2011 10:54:09	TASTEGGIO	0	1	8200	54600	77164	252	-3	0.11	0.11	0	
15/06/2011 10:54:27	TASTEGGIO	1	0	8200	54600	77176	225	0	0.06	0.06	0	
15/06/2011 10:54:35	TASTEGGIO	1	0	8200	54600	77161	225	0	0.09	0.09	0	
15/06/2011 10:55:44	ALARM 17	proc 12 prog 10 step 47	LavoroTerminato
15/06/2011 11:17:03	TASTEGGIO	1	0	6000	45977	91740	225	0	0.33	0.36	-24500	
15/06/2011 11:17:24	TASTEGGIO	1	0	6000	45977	116201	190	-21	0.14	0.14	0	
15/06/2011 11:17:34	TASTEGGIO	1	0	6000	45977	91906	190	-21	0.17	0.17	-44500	
15/06/2011 11:17:54	TASTEGGIO	1	0	6000	45977	136371	158	-8	0.07	0.07	0	
15/06/2011 11:18:04	TASTEGGIO	1	0	6000	45977	91908	158	-8	0.11	0.13	-24500	
15/06/2011 11:18:25	TASTEGGIO	1	0	6000	45977	116381	151	-5	0.07	0.07	0	
15/06/2011 11:18:34	TASTEGGIO	1	0	6000	45977	91908	151	-5	0.12	0.13	24500	
15/06/2011 11:18:54	TASTEGGIO	1	0	6000	45977	67482	151	-12	0.06	0.06	0	
15/06/2011 11:19:03	TASTEGGIO	1	0	6000	45977	91710	151	-12	0.08	0.11	-24500	
15/06/2011 11:19:24	TASTEGGIO	1	0	6000	45977	116169	148	-3	0.06	0.06	0	
15/06/2011 11:19:34	TASTEGGIO	1	0	6000	45977	91907	148	-3	0.05	0.07	-24500	
15/06/2011 11:21:34	TASTEGGIO	1	0	6000	45977	91977	148	-3	0.62	0.90	-24500	
15/06/2011 11:21:56	TASTEGGIO	1	0	6000	45977	116458	281	-43	0.45	0.45	0	
15/06/2011 11:22:14	TASTEGGIO	0	0	6000	45977	116458	205	-1	0.44	0.44	0	
15/06/2011 11:22:34	TASTEGGIO	0	1	6000	45977	116458	291	-24	0.19	0.19	0	
15/06/2011 11:22:50	TASTEGGIO	0	0	6000	45977	116458	161	-1	0.17	0.17	0	
15/06/2011 11:23:08	TASTEGGIO	0	1	6000	45977	116458	176	-1	0.19	0.19	0	
15/06/2011 11:23:27	TASTEGGIO	0	1	6000	45977	116459	239	-4	0.14	0.14	0	
15/06/2011 11:23:37	TASTEGGIO	0	1	6000	45977	92004	239	-4	0.16	0.30	-44500	
15/06/2011 11:23:57	TASTEGGIO	1	0	6000	45977	136459	180	-9	0.20	0.20	0	
15/06/2011 11:24:14	TASTEGGIO	0	1	6000	45977	136462	193	-6	0.14	0.14	0	
15/06/2011 11:24:24	TASTEGGIO	0	1	6000	45977	92003	193	-6	0.12	0.24	44500	
15/06/2011 11:24:44	TASTEGGIO	1	0	6000	45977	47551	170	-7	0.15	0.15	0	
15/06/2011 11:25:01	TASTEGGIO	0	1	6000	45977	47555	179	-2	0.14	0.14	0	
15/06/2011 11:25:11	TASTEGGIO	0	1	6000	45977	91820	179	-2	0.14	0.16	44500	
15/06/2011 11:25:31	TASTEGGIO	1	0	6000	45977	47365	156	0	0.14	0.14	0	
15/06/2011 11:25:41	TASTEGGIO	1	0	6000	45977	91817	156	0	0.16	0.16	0	
15/06/2011 11:26:01	TASTEGGIO	1	0	6000	45977	91813	156	-15	0.04	0.04	0	
15/06/2011 11:26:09	TASTEGGIO	1	0	6000	45977	91822	156	-15	0.03	0.23	-24500	
15/06/2011 11:26:31	TASTEGGIO	1	0	6000	45977	116278	168	-8	0.17	0.17	0	
15/06/2011 11:26:49	TASTEGGIO	0	1	6000	45977	116288	180	-2	0.15	0.15	0	
15/06/2011 11:27:07	TASTEGGIO	0	2	6000	45977	116295	206	-3	0.12	0.12	0	
15/06/2011 11:27:16	TASTEGGIO	0	2	6000	45977	92009	206	-3	0.10	0.21	44500	
15/06/2011 11:27:36	TASTEGGIO	1	0	6000	45977	47554	165	-1	0.19	0.19	0	
15/06/2011 11:27:51	TASTEGGIO	0	1	6000	45977	47558	199	-3	0.16	0.16	0	
15/06/2011 11:28:08	TASTEGGIO	0	2	6000	45977	47561	225	-8	0.10	0.10	0	
15/06/2011 11:28:18	TASTEGGIO	0	2	6000	45977	91815	225	-8	0.08	0.15	-44500	
15/06/2011 11:30:12	TASTEGGIO	0	2	6000	45977	91975	225	-8	0.89	0.90	24500	
15/06/2011 11:30:35	TASTEGGIO	1	0	6000	45977	67557	281	-26	0.63	0.63	0	
15/06/2011 11:30:54	TASTEGGIO	0	1	6000	45977	67553	325	-30	0.33	0.33	0	
15/06/2011 11:31:14	TASTEGGIO	0	2	6000	45977	67527	349	-34	0.01	0.01	0	
15/06/2011 11:31:23	TASTEGGIO	0	2	6000	45977	91808	349	-34	0.26	0.45	-24500	
15/06/2011 11:31:46	TASTEGGIO	1	0	6000	45977	116270	205	-35	0.08	0.08	0	
15/06/2011 11:31:55	TASTEGGIO	1	0	6000	45977	91999	205	-35	0.42	0.42	0	
15/06/2011 11:32:17	TASTEGGIO	1	0	6000	45977	92009	200	-32	0.14	0.14	0	
15/06/2011 11:32:24	TASTEGGIO	1	0	6000	45977	91998	200	-32	0.14	0.37	-24500	
15/06/2011 11:32:47	TASTEGGIO	1	0	6000	45977	116463	192	-7	0.30	0.30	0	
15/06/2011 11:33:06	TASTEGGIO	0	1	6000	45977	116469	216	-10	0.19	0.19	0	
15/06/2011 11:33:26	TASTEGGIO	0	2	6000	45977	116472	233	-13	0.08	0.08	0	
15/06/2011 11:33:36	TASTEGGIO	0	2	6000	45977	92000	233	-13	0.32	0.32	0	
15/06/2011 11:33:57	TASTEGGIO	1	0	6000	45977	92010	183	-4	0.28	0.28	0	
15/06/2011 11:34:15	TASTEGGIO	0	1	6000	45977	92013	207	-8	0.19	0.19	0	
15/06/2011 11:34:34	TASTEGGIO	0	2	6000	45977	92014	225	-17	0.11	0.11	0	
15/06/2011 11:34:41	TASTEGGIO	0	2	6000	45977	92000	225	-17	0.09	0.33	-24500	
15/06/2011 11:35:04	TASTEGGIO	1	0	6000	45977	116462	185	-7	0.22	0.22	0	
15/06/2011 11:35:23	TASTEGGIO	0	1	6000	45977	116469	199	-2	0.21	0.21	0	
15/06/2011 11:35:42	TASTEGGIO	0	1	6000	45977	116474	259	-20	0.05	0.05	0	
15/06/2011 11:35:51	TASTEGGIO	0	1	6000	45977	92005	259	-20	0.27	0.28	44500	
15/06/2011 11:36:12	TASTEGGIO	1	0	6000	45977	47550	177	-7	0.20	0.20	0	
15/06/2011 11:36:28	TASTEGGIO	0	1	6000	45977	47554	191	-4	0.17	0.17	0	
15/06/2011 11:36:46	TASTEGGIO	0	2	6000	45977	47557	219	-7	0.09	0.09	0	
15/06/2011 11:36:56	TASTEGGIO	0	2	6000	45977	91813	219	-7	0.15	0.18	24500	
15/06/2011 11:36:59	ALARM 401		
15/06/2011 11:38:26	ALARM 18	proc 12 prog 106 step 3	Tondo Non Presente Su Carrello 1
15/06/2011 11:39:41	TASTEGGIO	0	2	6000	45977	91977	219	-7	0.72	0.91	-24500	
15/06/2011 11:40:04	TASTEGGIO	1	0	6000	45977	116445	282	-39	0.51	0.51	0	
15/06/2011 11:40:23	TASTEGGIO	0	1	6000	45977	116453	310	-34	0.19	0.19	0	
15/06/2011 11:40:40	TASTEGGIO	0	0	6000	45977	116455	161	0	0.19	0.19	0	
15/06/2011 11:40:58	TASTEGGIO	0	1	6000	45977	116456	199	0	0.18	0.18	0	
15/06/2011 11:41:17	TASTEGGIO	0	1	6000	45977	116456	250	-2	0.16	0.16	0	
15/06/2011 11:41:37	TASTEGGIO	0	2	6000	45977	116456	278	-3	0.12	0.12	0	
15/06/2011 11:41:47	TASTEGGIO	0	2	6000	45977	92007	278	-3	0.24	0.69	44500	
15/06/2011 11:42:10	TASTEGGIO	1	0	6000	45977	47556	245	-15	0.51	0.51	0	
15/06/2011 11:42:28	TASTEGGIO	0	1	6000	45977	47562	282	-16	0.35	0.35	0	
15/06/2011 11:42:46	TASTEGGIO	0	2	6000	45977	47565	315	-19	0.17	0.17	0	
15/06/2011 11:43:01	TASTEGGIO	0	0	6000	45977	47566	158	-1	0.17	0.17	0	
15/06/2011 11:43:19	TASTEGGIO	0	1	6000	45977	47565	192	-1	0.18	0.18	0	
15/06/2011 11:43:36	TASTEGGIO	0	1	6000	45977	47565	249	-2	0.16	0.16	0	
15/06/2011 11:43:55	TASTEGGIO	0	2	6000	45977	47564	277	-1	0.16	0.16	0	
15/06/2011 11:44:00	ALARM 401		
15/06/2011 11:44:05	ALARM 203		err.6058
15/06/2011 11:44:26	TASTEGGIO	0	1	6000	45977	91822	341	0	0.19	0.41	-44500	
15/06/2011 11:44:51	TASTEGGIO	0	1	6000	45977	136282	96	0	0.40	0.40	0	
15/06/2011 11:45:07	ALARM 203		err.0
15/06/2011 11:45:14	ALARM 203		err.41070
15/06/2011 11:45:22	TASTEGGIO	0	1	6000	45977	136284	135	0	0.38	0.38	0	
15/06/2011 11:45:50	TASTEGGIO	0	1	6000	45977	92006	175	-6	0.12	0.33	-44500	
15/06/2011 11:46:11	ALARM 203		err.0
15/06/2011 11:46:13	ALARM 203		err.41070
15/06/2011 11:46:20	TASTEGGIO	0	1	6000	45977	136466	175	-1	0.32	0.32	0	
15/06/2011 11:47:04	TASTEGGIO	0	1	6000	45977	92004	201	-6	0.07	0.25	-44500	
15/06/2011 11:47:43	TASTEGGIO	0	1	6000	45977	92004	201	-2	0.05	0.23	44500	
15/06/2011 11:48:39	TASTEGGIO	0	1	6000	45977	91815	201	-2	0.05	0.23	44500	
15/06/2011 11:49:00	TASTEGGIO	1	0	6000	45977	47345	166	-2	0.22	0.22	0	
15/06/2011 11:49:16	TASTEGGIO	0	1	6000	45977	47353	208	-1	0.21	0.21	0	
15/06/2011 11:49:33	TASTEGGIO	0	1	6000	45977	47356	268	-2	0.22	0.22	0	
15/06/2011 11:49:51	TASTEGGIO	0	1	6000	45977	47360	337	-14	0.09	0.09	0	
15/06/2011 11:50:01	TASTEGGIO	0	1	6000	45977	91817	337	-14	0.15	0.29	-44500	
15/06/2011 11:50:23	TASTEGGIO	1	0	6000	45977	136282	175	-1	0.27	0.27	0	
15/06/2011 11:50:41	TASTEGGIO	0	1	6000	45977	136283	225	-4	0.23	0.23	0	
15/06/2011 11:51:00	TASTEGGIO	0	2	6000	45977	136286	264	-15	0.11	0.11	0	
15/06/2011 11:51:10	TASTEGGIO	0	2	6000	45977	92004	264	-15	0.09	0.15	24500	
15/06/2011 11:53:11	TASTEGGIO	0	2	6000	45976	92078	264	-15	0.75	1.71	-24500	
15/06/2011 11:53:36	TASTEGGIO	1	0	6000	45976	116556	399	-190	3.07	3.07	0	
15/06/2011 11:53:39	ALARM 817	proc 12 prog 11 step 56	eccentricity = 3.07 mm
15/06/2011 11:55:02	TASTEGGIO	1	0	6000	45976	92101	399	-190	1.52	3.05	-24500	
15/06/2011 11:55:09	ALARM 817	proc 12 prog 11 step 54	eccentricity = 3.05 mm
15/06/2011 11:55:25	TASTEGGIO	1	0	6000	45976	92102	399	-190	1.52	3.05	-24500	
15/06/2011 11:55:52	TASTEGGIO	1	0	6000	45976	116564	201	-15	2.90	2.90	0	
15/06/2011 11:56:14	TASTEGGIO	1	0	6000	45976	116573	256	-10	2.80	2.80	0	
15/06/2011 11:56:27	TASTEGGIO	1	0	6000	45976	92103	256	-10	1.29	2.77	-24500	
15/06/2011 11:56:54	TASTEGGIO	1	0	6000	45976	116577	313	-10	2.69	2.69	0	
15/06/2011 11:57:18	TASTEGGIO	1	0	6000	45976	116583	378	-35	2.33	2.33	0	
15/06/2011 11:57:46	TASTEGGIO	1	0	6000	45976	92112	411	-45	0.53	1.89	-24500	
15/06/2011 11:58:26	TASTEGGIO	1	0	6000	45976	92102	437	-58	0.22	1.35	-24500	
15/06/2011 11:59:00	TASTEGGIO	1	0	6000	45976	92105	462	-86	0.64	0.64	0	
15/06/2011 11:59:15	TASTEGGIO	1	0	6000	45976	92104	462	-86	0.64	0.64	0	
15/06/2011 11:59:35	TASTEGGIO	1	0	6000	45976	92122	230	-51	0.15	0.15	0	
15/06/2011 11:59:53	TASTEGGIO	0	0	6000	45976	92122	153	-7	0.10	0.10	0	
15/06/2011 12:00:01	TASTEGGIO	0	0	6000	45976	92102	153	-7	0.10	0.93	-24500	
15/06/2011 12:00:23	TASTEGGIO	1	0	6000	45976	116562	276	-6	0.83	0.83	0	
15/06/2011 12:00:43	TASTEGGIO	0	1	6000	45976	116569	350	-5	0.78	0.78	0	
15/06/2011 12:01:03	TASTEGGIO	0	1	6000	45976	116573	400	-11	0.68	0.68	0	
15/06/2011 12:01:23	TASTEGGIO	0	2	6000	45976	116575	400	-8	0.60	0.60	0	
15/06/2011 12:01:43	TASTEGGIO	0	3	6000	45976	116576	400	-8	0.55	0.55	0	
15/06/2011 12:01:45	ALARM 401		
15/06/2011 12:01:53	ALARM 205		err.6058
15/06/2011 12:02:11	TASTEGGIO	0	3	6000	45976	92108	400	-8	0.39	0.60	-24500	
15/06/2011 12:02:42	TASTEGGIO	0	3	6000	45976	116578	402	-7	0.50	0.50	0	
15/06/2011 12:03:03	ALARM 203		err.0
15/06/2011 12:03:11	ALARM 203		err.41070
15/06/2011 12:03:20	TASTEGGIO	0	3	6000	45976	116582	434	0	0.28	0.28	0	
15/06/2011 12:03:39	TASTEGGIO	0	3	6000	45976	92107	434	0	0.79	0.79	0	
15/06/2011 12:04:00	TASTEGGIO	1	0	6000	45976	92125	254	-18	0.62	0.62	0	
15/06/2011 12:04:19	TASTEGGIO	0	1	6000	45976	92127	302	-34	0.29	0.29	0	
15/06/2011 12:04:37	TASTEGGIO	0	0	6000	45976	92129	175	0	0.29	0.29	0	
15/06/2011 12:04:57	TASTEGGIO	0	1	6000	45976	92128	233	-2	0.27	0.27	0	
15/06/2011 12:05:18	TASTEGGIO	0	1	6000	45976	92129	308	-32	0.06	0.06	0	
15/06/2011 12:05:26	TASTEGGIO	0	1	6000	45976	92105	308	-32	0.06	0.82	-24500	
15/06/2011 12:05:49	TASTEGGIO	1	0	6000	45976	116565	259	-7	0.71	0.71	0	
15/06/2011 12:06:10	TASTEGGIO	0	1	6000	45976	116571	320	-3	0.68	0.68	0	
15/06/2011 12:06:30	TASTEGGIO	0	1	6000	45976	116576	400	-7	0.62	0.62	0	
15/06/2011 12:06:51	TASTEGGIO	0	1	6000	45976	116579	400	-3	0.60	0.60	0	
15/06/2011 12:07:12	TASTEGGIO	0	1	6000	45976	116580	400	-2	0.58	0.58	0	
15/06/2011 12:07:33	TASTEGGIO	0	1	6000	45976	116580	400	-2	0.57	0.57	0	
15/06/2011 12:07:53	TASTEGGIO	0	1	6000	45976	116580	400	-2	0.56	0.56	0	
15/06/2011 12:08:15	TASTEGGIO	0	1	6000	45976	116580	400	-1	0.56	0.56	0	
15/06/2011 12:08:35	TASTEGGIO	0	1	6000	45976	116580	400	-1	0.55	0.55	0	
15/06/2011 12:08:55	TASTEGGIO	0	1	6000	45976	116580	400	-1	0.54	0.54	0	
15/06/2011 12:09:16	TASTEGGIO	0	1	6000	45976	116580	400	-1	0.54	0.54	0	
15/06/2011 12:09:38	TASTEGGIO	0	1	6000	45976	116580	400	-1	0.53	0.53	0	
15/06/2011 12:09:58	TASTEGGIO	0	1	6000	45976	116580	400	-1	0.53	0.53	0	
15/06/2011 12:10:19	TASTEGGIO	0	1	6000	45976	116580	400	-1	0.52	0.52	0	
15/06/2011 12:10:39	TASTEGGIO	0	1	6000	45976	116580	400	-1	0.52	0.52	0	
15/06/2011 12:11:01	TASTEGGIO	0	1	6000	45976	116580	400	-1	0.51	0.51	0	
15/06/2011 12:11:20	TASTEGGIO	0	1	6000	45976	116580	400	-1	0.51	0.51	0	
15/06/2011 12:11:41	TASTEGGIO	0	1	6000	45976	116580	400	-1	0.51	0.51	0	
15/06/2011 12:12:01	TASTEGGIO	0	1	6000	45976	116580	400	-1	0.50	0.50	0	
15/06/2011 12:12:22	TASTEGGIO	0	1	6000	45976	116580	400	-1	0.50	0.50	0	
15/06/2011 12:12:42	TASTEGGIO	0	1	6000	45976	116580	400	-1	0.50	0.50	0	
15/06/2011 12:13:04	TASTEGGIO	0	1	6000	45976	116580	400	-1	0.49	0.49	0	
15/06/2011 12:13:05	ALARM 401		
15/06/2011 12:13:09	ALARM 205		err.6058
15/06/2011 12:13:38	TASTEGGIO	0	1	6000	45976	92105	400	-1	0.21	0.53	-24500	
15/06/2011 12:14:13	TASTEGGIO	0	1	6000	45976	116571	452	-17	0.35	0.35	0	
15/06/2011 12:14:28	TASTEGGIO	0	1	6000	45976	92105	452	-17	0.34	0.41	-44500	
15/06/2011 12:15:40	TASTEGGIO	0	1	6000	45976	136573	419	-115	0.72	0.72	0	
15/06/2011 12:16:05	TASTEGGIO	0	1	6000	45976	136572	419	-136	0.63	0.63	0	
15/06/2011 12:16:14	TASTEGGIO	0	1	6000	45976	136572	419	-136	0.62	0.62	0	
15/06/2011 12:16:40	TASTEGGIO	0	1	6000	45976	136577	419	-92	0.34	0.34	0	
15/06/2011 12:16:56	TASTEGGIO	0	1	6000	45976	92110	419	-92	0.65	0.65	0	
15/06/2011 12:17:17	TASTEGGIO	1	0	6000	45976	92126	232	-6	0.59	0.59	0	
15/06/2011 12:17:38	TASTEGGIO	0	1	6000	45976	92127	338	-13	0.48	0.48	0	
15/06/2011 12:17:58	TASTEGGIO	0	2	6000	45976	92127	400	-64	0.16	0.16	0	
15/06/2011 12:18:01	ALARM 218	proc 12 prog 73 step 17	go_abs 5 cmd 11
15/06/2011 12:18:22	TASTEGGIO	0	2	6000	45976	92103	400	-64	0.15	0.61	-24500	
15/06/2011 12:19:16	TASTEGGIO	0	2	6000	45976	116561	250	-11	0.48	0.48	0	
15/06/2011 12:19:30	TASTEGGIO	0	2	6000	45976	92111	250	-11	0.08	0.51	-24500	
15/06/2011 12:20:02	TASTEGGIO	0	2	6000	45976	116577	227	-1	0.47	0.47	0	
15/06/2011 12:51:06	TASTEGGIO	0	2	6000	45976	92110	263	-2	0.07	0.49	-24500	
15/06/2011 12:52:05	TASTEGGIO	0	2	6000	45976	116588	298	-4	0.43	0.43	0	
15/06/2011 12:52:29	ALARM 203		err.0
15/06/2011 12:52:39	ALARM 203		err.41070
15/06/2011 12:52:53	TASTEGGIO	0	2	6000	45976	92109	314	0	0.06	0.44	-24500	
15/06/2011 12:53:08	ALARM 203		err.0
15/06/2011 12:53:10	ALARM 203		err.41070
15/06/2011 12:53:17	ALARM 28	proc 12 prog 72 step 15	Pressa appoggiata sul tondo
15/06/2011 12:53:24	ALARM 28	proc 12 prog 72 step 15	Pressa appoggiata sul tondo
15/06/2011 12:53:54	TASTEGGIO	0	2	6000	45976	92108	349	0	0.07	0.44	-24500	
15/06/2011 12:54:24	TASTEGGIO	0	2	6000	45976	92110	349	0	0.06	0.44	-24500	
15/06/2011 12:54:47	TASTEGGIO	1	0	6000	45976	116572	199	-1	0.41	0.41	0	
15/06/2011 12:55:06	TASTEGGIO	0	1	6000	45976	116580	275	0	0.41	0.41	0	
15/06/2011 12:55:26	TASTEGGIO	0	1	6000	45976	116586	398	-11	0.31	0.31	0	
15/06/2011 12:55:46	TASTEGGIO	0	2	6000	45976	116588	400	-40	0.25	0.25	0	
15/06/2011 12:56:07	TASTEGGIO	0	1	6000	45976	116591	379	-90	0.72	0.72	0	
15/06/2011 12:56:24	TASTEGGIO	0	1	6000	45976	116591	171	-15	0.56	0.56	0	
15/06/2011 12:56:42	TASTEGGIO	0	2	6000	45976	116591	232	-16	0.40	0.40	0	
15/06/2011 12:57:02	TASTEGGIO	0	3	6000	45976	116591	281	-19	0.21	0.21	0	
15/06/2011 12:57:04	ALARM 401		
15/06/2011 12:57:08	ALARM 205		err.6058
15/06/2011 12:57:38	TASTEGGIO	0	3	6000	45976	92109	281	-19	0.24	0.32	24500	
15/06/2011 13:00:08	TASTEGGIO	0	3	6000	45976	91982	281	-19	0.26	0.57	44500	
15/06/2011 13:00:28	TASTEGGIO	1	0	6000	45976	47522	219	-12	0.43	0.43	0	
15/06/2011 13:00:46	TASTEGGIO	0	1	6000	45976	47528	251	-12	0.32	0.32	0	
15/06/2011 13:01:05	TASTEGGIO	0	2	6000	45976	47530	284	-17	0.21	0.21	0	
15/06/2011 13:01:24	TASTEGGIO	0	3	6000	45976	47532	307	-21	0.10	0.10	0	
15/06/2011 13:01:34	TASTEGGIO	0	3	6000	45976	91810	307	-21	0.13	0.65	-44500	
15/06/2011 13:01:57	TASTEGGIO	1	0	6000	45976	136255	232	-33	0.32	0.32	0	
15/06/2011 13:02:13	TASTEGGIO	0	0	6000	45976	136258	180	-2	0.29	0.29	0	
15/06/2011 13:02:30	TASTEGGIO	0	1	6000	45976	136262	232	-13	0.17	0.17	0	
15/06/2011 13:02:48	TASTEGGIO	0	2	6000	45976	136266	246	-14	0.05	0.05	0	
15/06/2011 13:02:58	TASTEGGIO	0	2	6000	45976	92004	246	-14	0.36	0.40	24500	
15/06/2011 13:03:19	TASTEGGIO	1	0	6000	45976	67586	193	-10	0.31	0.31	0	
15/06/2011 13:03:36	TASTEGGIO	0	1	6000	45976	67582	217	-7	0.26	0.26	0	
15/06/2011 13:03:55	TASTEGGIO	0	2	6000	45976	67577	260	-18	0.07	0.07	0	
15/06/2011 13:04:04	TASTEGGIO	0	2	6000	45976	91813	260	-18	0.08	0.21	-44500	
15/06/2011 13:04:26	TASTEGGIO	1	0	6000	45976	136267	163	-1	0.17	0.17	0	
15/06/2011 13:04:43	TASTEGGIO	0	1	6000	45976	136270	176	0	0.17	0.17	0	
15/06/2011 13:05:00	TASTEGGIO	0	1	6000	45976	136273	227	-1	0.15	0.15	0	
15/06/2011 13:05:17	TASTEGGIO	0	2	6000	45976	136276	253	-5	0.12	0.12	0	
15/06/2011 13:05:27	TASTEGGIO	0	2	6000	45976	92002	253	-5	0.13	0.13	0	
15/06/2011 13:07:25	TASTEGGIO	0	2	6000	45976	91895	253	-5	0.46	0.49	-24500	
15/06/2011 13:07:47	TASTEGGIO	1	0	6000	45976	116361	207	-28	0.18	0.18	0	
15/06/2011 13:08:05	TASTEGGIO	0	0	6000	45976	116368	158	-1	0.17	0.17	0	
15/06/2011 13:08:23	TASTEGGIO	0	1	6000	45976	116373	190	-5	0.13	0.13	0	
15/06/2011 13:08:32	TASTEGGIO	0	1	6000	45976	91915	190	-5	0.32	0.32	0	
15/06/2011 13:08:52	TASTEGGIO	1	0	6000	45976	91927	180	-20	0.13	0.13	0	
15/06/2011 13:09:00	TASTEGGIO	1	0	6000	45976	91916	180	-20	0.13	0.31	-44500	
15/06/2011 13:09:21	TASTEGGIO	1	0	6000	45976	136368	178	-16	0.13	0.13	0	
15/06/2011 13:09:31	TASTEGGIO	1	0	6000	45976	91913	178	-16	0.24	0.24	0	
15/06/2011 13:09:52	TASTEGGIO	1	0	6000	45976	91923	167	-2	0.21	0.21	0	
15/06/2011 13:10:10	TASTEGGIO	0	1	6000	45976	91927	185	-5	0.15	0.15	0	
15/06/2011 13:10:29	TASTEGGIO	0	2	6000	45976	91930	200	-11	0.11	0.11	0	
15/06/2011 13:10:37	TASTEGGIO	0	2	6000	45976	91914	200	-11	0.12	0.24	-44500	
15/06/2011 13:10:58	TASTEGGIO	1	0	6000	45976	136363	167	-1	0.22	0.22	0	
15/06/2011 13:11:16	TASTEGGIO	0	1	6000	45976	136366	207	-10	0.14	0.14	0	
15/06/2011 13:11:26	TASTEGGIO	0	1	6000	45976	91915	207	-10	0.14	0.14	-44500	
15/06/2011 13:13:22	TASTEGGIO	0	1	6000	45976	91897	207	-10	0.51	0.51	0	
15/06/2011 13:13:42	TASTEGGIO	1	0	6000	45976	91911	210	-22	0.30	0.30	0	
15/06/2011 13:14:00	TASTEGGIO	0	1	6000	45976	91915	227	-15	0.15	0.15	0	
15/06/2011 13:14:17	TASTEGGIO	0	0	6000	45976	91916	153	0	0.15	0.15	0	
15/06/2011 13:14:36	TASTEGGIO	0	1	6000	45976	91917	183	1	0.14	0.14	0	
15/06/2011 13:14:44	TASTEGGIO	0	1	6000	45976	91904	183	1	0.15	0.15	0	
15/06/2011 13:16:42	TASTEGGIO	0	1	6000	45976	91797	183	1	0.43	0.49	-24500	
15/06/2011 13:17:03	TASTEGGIO	1	0	6000	45976	116258	207	-26	0.25	0.25	0	
15/06/2011 13:17:21	TASTEGGIO	0	1	6000	45976	116269	219	-16	0.14	0.14	0	
15/06/2011 13:17:30	TASTEGGIO	0	1	6000	45976	91813	219	-16	0.13	0.34	44500	
15/06/2011 13:17:50	TASTEGGIO	1	0	6000	45976	47375	183	-9	0.26	0.26	0	
15/06/2011 13:18:08	TASTEGGIO	0	1	6000	45976	47376	202	-5	0.22	0.22	0	
15/06/2011 13:18:25	TASTEGGIO	0	2	6000	45976	47375	239	-12	0.13	0.13	0	
15/06/2011 13:18:35	TASTEGGIO	0	2	6000	45976	91600	239	-12	0.23	0.23	0	
15/06/2011 13:18:56	TASTEGGIO	1	0	6000	45976	91597	166	-15	0.08	0.08	0	
15/06/2011 13:19:03	TASTEGGIO	1	0	6000	45976	91607	166	-15	0.08	0.21	44500	
15/06/2011 13:19:24	TASTEGGIO	1	0	6000	45976	47150	163	-1	0.19	0.19	0	
15/06/2011 13:19:40	TASTEGGIO	0	1	6000	45976	47155	197	-3	0.16	0.16	0	
15/06/2011 13:19:58	TASTEGGIO	0	2	6000	45976	47157	223	-2	0.14	0.14	0	
15/06/2011 13:20:09	TASTEGGIO	0	2	6000	45976	91600	223	-2	0.12	0.16	44500	
15/06/2011 13:20:28	TASTEGGIO	1	0	6000	45976	47148	155	0	0.15	0.15	0	
15/06/2011 13:20:45	TASTEGGIO	0	1	6000	45976	47150	183	-2	0.15	0.15	0	
15/06/2011 13:21:03	TASTEGGIO	0	1	6000	45976	47152	228	-7	0.10	0.10	0	
15/06/2011 13:21:13	TASTEGGIO	0	1	6000	45976	91592	228	-7	0.17	0.17	0	
15/06/2011 13:21:33	TASTEGGIO	1	0	6000	45976	91589	156	-3	0.14	0.14	0	
15/06/2011 13:21:41	TASTEGGIO	1	0	6000	45976	91600	156	-3	0.14	0.15	-24500	
15/06/2011 13:23:40	TASTEGGIO	1	0	6000	45976	91977	156	-3	1.16	1.18	-24500	
15/06/2011 13:24:02	TASTEGGIO	1	0	6000	45976	116450	315	-41	0.77	0.77	0	
15/06/2011 13:24:23	TASTEGGIO	0	1	6000	45976	116455	365	-51	0.31	0.31	0	
15/06/2011 13:24:39	TASTEGGIO	0	0	6000	45976	116456	178	-1	0.30	0.30	0	
15/06/2011 13:24:59	TASTEGGIO	0	1	6000	45976	116457	236	-2	0.27	0.27	0	
15/06/2011 13:25:19	TASTEGGIO	0	2	6000	45976	116457	284	-5	0.20	0.20	0	
15/06/2011 13:25:39	TASTEGGIO	0	3	6000	45976	116457	309	-5	0.16	0.16	0	
15/06/2011 13:25:59	TASTEGGIO	0	4	6000	45976	116457	334	-17	0.07	0.07	0	
15/06/2011 13:26:09	TASTEGGIO	0	4	6000	45976	91997	334	-17	0.17	0.57	44500	
15/06/2011 13:26:30	TASTEGGIO	1	0	6000	45976	47553	219	-10	0.43	0.43	0	
15/06/2011 13:26:48	TASTEGGIO	0	1	6000	45976	47556	251	-13	0.32	0.32	0	
15/06/2011 13:27:06	TASTEGGIO	0	2	6000	45976	47557	284	-16	0.18	0.18	0	
15/06/2011 13:27:24	TASTEGGIO	0	3	6000	45976	47556	301	-14	0.06	0.06	0	
15/06/2011 13:27:34	TASTEGGIO	0	3	6000	45976	91816	301	-14	0.16	0.24	-24500	
15/06/2011 13:27:56	TASTEGGIO	1	0	6000	45976	116272	167	-26	0.06	0.06	0	
15/06/2011 13:28:05	TASTEGGIO	1	0	6000	45976	92003	167	-26	0.09	0.19	44500	
15/06/2011 13:28:25	TASTEGGIO	1	0	6000	45976	47554	159	-1	0.17	0.17	0	
15/06/2011 13:28:41	TASTEGGIO	0	1	6000	45976	47555	174	-1	0.17	0.17	0	
15/06/2011 13:28:58	TASTEGGIO	0	1	6000	45976	47556	225	-1	0.17	0.17	0	
15/06/2011 13:29:17	TASTEGGIO	0	1	6000	45976	47556	276	-5	0.14	0.14	0	
15/06/2011 13:29:27	TASTEGGIO	0	1	6000	45976	91818	276	-5	0.03	0.17	-44500	
15/06/2011 13:29:30	ALARM 401		
15/06/2011 13:34:14	TASTEGGIO	0	1	6000	45976	91981	276	-5	0.36	0.51	-44500	
15/06/2011 13:34:36	TASTEGGIO	1	0	6000	45976	136461	210	-21	0.30	0.30	0	
15/06/2011 13:34:53	TASTEGGIO	0	1	6000	45976	136462	227	-13	0.17	0.17	0	
15/06/2011 13:35:11	TASTEGGIO	0	2	6000	45976	136462	240	-10	0.09	0.09	0	
15/06/2011 13:35:22	TASTEGGIO	0	2	6000	45976	92001	240	-10	0.04	0.15	44500	
15/06/2011 13:37:23	TASTEGGIO	0	2	6000	45976	91891	240	-10	1.10	1.16	-24500	
15/06/2011 13:37:46	TASTEGGIO	1	0	6000	45976	116363	312	-41	0.75	0.75	0	
15/06/2011 13:38:07	TASTEGGIO	0	1	6000	45976	116369	360	-49	0.30	0.30	0	
15/06/2011 13:38:23	TASTEGGIO	0	0	6000	45976	116371	177	-2	0.29	0.29	0	
15/06/2011 13:38:41	TASTEGGIO	0	1	6000	45976	116372	233	-4	0.26	0.26	0	
15/06/2011 13:39:01	TASTEGGIO	0	2	6000	45976	116372	279	-2	0.24	0.24	0	
15/06/2011 13:39:20	TASTEGGIO	0	1	6000	45976	116372	367	-43	0.21	0.21	0	
15/06/2011 13:39:40	TASTEGGIO	0	1	6000	45976	116372	348	-149	1.25	1.25	0	
15/06/2011 13:39:52	TASTEGGIO	0	1	6000	45976	116372	0	-6	1.18	1.18	0	
15/06/2011 13:40:11	TASTEGGIO	0	1	6000	45976	116372	333	-28	0.89	0.89	0	
15/06/2011 13:40:31	TASTEGGIO	0	2	6000	45976	116372	400	-32	0.57	0.57	0	
15/06/2011 13:40:51	TASTEGGIO	0	3	6000	45976	116372	400	-20	0.37	0.37	0	
15/06/2011 13:41:13	TASTEGGIO	0	4	6000	45976	116372	400	-17	0.22	0.22	0	
15/06/2011 13:41:33	TASTEGGIO	0	5	6000	45976	116372	400	-55	0.43	0.43	0	
15/06/2011 13:41:53	TASTEGGIO	0	1	6000	45976	116372	315	-73	0.35	0.35	0	
15/06/2011 13:42:13	TASTEGGIO	0	1	6000	45976	116372	286	-25	0.10	0.10	0	
15/06/2011 13:42:23	TASTEGGIO	0	1	6000	45976	91907	286	-25	0.23	0.33	24500	
15/06/2011 13:42:43	TASTEGGIO	1	0	6000	45976	67487	182	-15	0.17	0.17	0	
15/06/2011 13:43:00	TASTEGGIO	0	1	6000	45976	67482	190	-6	0.10	0.10	0	
15/06/2011 13:43:10	TASTEGGIO	0	1	6000	45976	91701	190	-6	0.14	0.22	44500	
15/06/2011 13:43:30	TASTEGGIO	1	0	6000	45976	47258	164	-7	0.14	0.14	0	
15/06/2011 13:43:40	TASTEGGIO	1	0	6000	45976	91696	164	-7	0.19	0.19	0	
15/06/2011 13:44:00	TASTEGGIO	1	0	6000	45976	91695	159	-12	0.09	0.09	0	
15/06/2011 13:44:08	TASTEGGIO	1	0	6000	45976	91704	159	-12	0.09	0.22	44500	
15/06/2011 13:44:29	TASTEGGIO	1	0	6000	45976	47244	164	-2	0.19	0.19	0	
15/06/2011 13:44:44	TASTEGGIO	0	1	6000	45976	47247	180	-2	0.18	0.18	0	
15/06/2011 13:45:02	TASTEGGIO	0	1	6000	45976	47249	231	-11	0.07	0.07	0	
15/06/2011 13:45:13	TASTEGGIO	0	1	6000	45976	91703	231	-11	0.17	0.19	-44500	
15/06/2011 13:45:34	TASTEGGIO	1	0	6000	45976	136151	159	-5	0.13	0.13	0	
15/06/2011 13:45:44	TASTEGGIO	1	0	6000	45976	91907	159	-5	0.15	0.15	0	
15/06/2011 13:47:42	TASTEGGIO	1	0	6000	45977	91890	159	-5	0.48	0.79	24500	
15/06/2011 13:48:05	TASTEGGIO	1	0	6000	45977	67468	254	-29	0.48	0.48	0	
15/06/2011 13:48:24	TASTEGGIO	0	1	6000	45977	67466	283	-28	0.21	0.21	0	
15/06/2011 13:48:40	TASTEGGIO	0	0	6000	45977	67461	163	-1	0.20	0.20	0	
15/06/2011 13:48:59	TASTEGGIO	0	1	6000	45977	67460	201	-1	0.20	0.20	0	
15/06/2011 13:49:19	TASTEGGIO	0	1	6000	45977	67459	261	-5	0.16	0.16	0	
15/06/2011 13:49:38	TASTEGGIO	0	2	6000	45977	67443	279	-26	0.16	0.16	0	
15/06/2011 13:49:57	TASTEGGIO	0	1	6000	45977	67462	263	-33	0.19	0.19	0	
15/06/2011 13:50:16	TASTEGGIO	0	1	6000	45977	67462	240	-15	0.06	0.06	0	
15/06/2011 13:50:25	TASTEGGIO	0	1	6000	45977	91699	240	-15	0.22	0.68	-24500	
15/06/2011 13:50:48	TASTEGGIO	1	0	6000	45977	116153	237	-52	0.14	0.14	0	
15/06/2011 13:50:58	TASTEGGIO	1	0	6000	45977	91905	237	-52	0.22	0.42	-44500	
15/06/2011 13:51:19	TASTEGGIO	1	0	6000	45977	136365	196	-26	0.16	0.16	0	
15/06/2011 13:51:34	TASTEGGIO	0	0	6000	45977	136368	155	-1	0.14	0.14	0	
15/06/2011 13:51:45	TASTEGGIO	0	0	6000	45977	91903	155	-1	0.03	0.40	-24500	
15/06/2011 13:52:07	TASTEGGIO	1	0	6000	45977	116364	193	-5	0.31	0.31	0	
15/06/2011 13:52:27	TASTEGGIO	0	1	6000	45977	116369	217	-7	0.25	0.25	0	
15/06/2011 13:52:46	TASTEGGIO	0	2	6000	45977	116373	257	-27	0.09	0.09	0	
15/06/2011 13:52:56	TASTEGGIO	0	2	6000	45977	91906	257	-27	0.36	0.43	24500	
15/06/2011 13:53:18	TASTEGGIO	1	0	6000	45977	67485	197	-2	0.42	0.42	0	
15/06/2011 13:53:37	TASTEGGIO	0	1	6000	45977	67469	279	-10	0.31	0.31	0	
15/06/2011 13:53:57	TASTEGGIO	0	2	6000	45977	67459	311	-12	0.19	0.19	0	
15/06/2011 13:54:00	ALARM 401		
15/06/2011 13:54:17	TASTEGGIO	0	2	6000	45977	91703	311	-12	0.17	0.38	44500	
15/06/2011 13:54:42	TASTEGGIO	0	2	6000	45977	47239	247	-19	0.18	0.18	0	
15/06/2011 13:54:56	TASTEGGIO	0	2	6000	45977	91699	247	-19	0.31	0.38	-44500	
15/06/2011 13:55:23	TASTEGGIO	0	2	6000	45977	136153	247	-22	0.14	0.14	0	
15/06/2011 13:55:38	TASTEGGIO	0	2	6000	45977	91904	247	-22	0.13	0.28	44500	
15/06/2011 13:56:04	TASTEGGIO	0	2	6000	45977	47448	221	-2	0.24	0.24	0	
15/06/2011 13:56:33	TASTEGGIO	0	2	6000	45977	91698	234	-2	0.16	0.26	24500	
15/06/2011 13:57:11	TASTEGGIO	0	2	6000	45977	91699	247	-4	0.14	0.28	44500	
15/06/2011 13:57:44	TASTEGGIO	0	2	6000	45977	91696	259	-8	0.19	0.30	24500	
15/06/2011 13:58:19	TASTEGGIO	0	2	6000	45977	91698	249	-4	0.16	0.26	24500	
15/06/2011 14:00:47	TASTEGGIO	0	2	6000	45976	91890	249	-4	0.50	0.51	24500	
15/06/2011 14:01:08	TASTEGGIO	1	0	6000	45976	67465	210	-17	0.34	0.34	0	
15/06/2011 14:01:25	TASTEGGIO	0	1	6000	45976	67462	232	-12	0.23	0.23	0	
15/06/2011 14:01:43	TASTEGGIO	0	2	6000	45976	67458	254	-13	0.09	0.09	0	
15/06/2011 14:01:53	TASTEGGIO	0	2	6000	45976	91694	254	-13	0.20	0.25	-44500	
15/06/2011 14:02:14	TASTEGGIO	1	0	6000	45976	136140	169	-15	0.10	0.10	0	
15/06/2011 14:02:24	TASTEGGIO	1	0	6000	45976	91905	169	-15	0.23	0.23	0	
15/06/2011 14:02:45	TASTEGGIO	1	0	6000	45976	91918	166	-12	0.11	0.11	0	
15/06/2011 14:02:52	TASTEGGIO	1	0	6000	45976	91907	166	-12	0.11	0.14	44500	
15/06/2011 14:04:51	TASTEGGIO	1	0	6000	45976	91889	166	-12	0.17	0.19	24500	
15/06/2011 14:05:12	TASTEGGIO	1	0	6000	45976	67463	159	-15	0.04	0.04	0	
15/06/2011 14:05:21	TASTEGGIO	1	0	6000	45976	91692	159	-15	0.06	0.08	-44500	
15/06/2011 14:07:09	TASTEGGIO	1	0	6000	45976	91974	159	-15	0.49	0.59	24500	
15/06/2011 14:07:31	TASTEGGIO	1	0	6000	45976	67553	222	-19	0.39	0.39	0	
15/06/2011 14:07:50	TASTEGGIO	0	1	6000	45976	67546	247	-15	0.25	0.25	0	
15/06/2011 14:08:09	TASTEGGIO	0	2	6000	45976	67540	269	-16	0.08	0.08	0	
15/06/2011 14:08:19	TASTEGGIO	0	2	6000	45976	91804	269	-16	0.18	0.26	-44500	
15/06/2011 14:08:40	TASTEGGIO	1	0	6000	45976	136252	170	-16	0.10	0.10	0	
15/06/2011 14:08:50	TASTEGGIO	1	0	6000	45976	91995	170	-16	0.28	0.28	0	
15/06/2011 14:09:10	TASTEGGIO	1	0	6000	45976	92006	174	-15	0.12	0.12	0	
15/06/2011 14:09:18	TASTEGGIO	1	0	6000	45976	91997	174	-15	0.12	0.20	-44500	
15/06/2011 14:09:39	TASTEGGIO	1	0	6000	45976	136459	161	-4	0.14	0.14	0	
15/06/2011 14:09:49	TASTEGGIO	1	0	6000	45976	91997	161	-4	0.16	0.16	0	
15/06/2011 14:11:47	TASTEGGIO	1	0	6000	45976	91977	161	-4	0.38	1.13	-44500	
15/06/2011 14:12:09	TASTEGGIO	1	0	6000	45976	136450	308	-46	0.67	0.67	0	
15/06/2011 14:12:27	TASTEGGIO	0	1	6000	45976	136451	347	-40	0.27	0.27	0	
15/06/2011 14:12:42	TASTEGGIO	0	0	6000	45976	136452	172	0	0.27	0.27	0	
15/06/2011 14:13:00	TASTEGGIO	0	1	6000	45976	136452	226	-1	0.26	0.26	0	
15/06/2011 14:13:17	TASTEGGIO	0	1	6000	45976	136452	301	-3	0.23	0.23	0	
15/06/2011 14:13:37	TASTEGGIO	0	2	6000	45976	136452	341	-17	0.07	0.07	0	
15/06/2011 14:13:47	TASTEGGIO	0	2	6000	45976	91999	341	-17	0.45	0.45	24500	
15/06/2011 14:14:08	TASTEGGIO	1	0	6000	45976	67575	200	-18	0.27	0.27	0	
15/06/2011 14:14:27	TASTEGGIO	0	1	6000	45976	67570	216	-10	0.18	0.18	0	
15/06/2011 14:14:45	TASTEGGIO	0	2	6000	45976	67566	232	-10	0.08	0.08	0	
15/06/2011 14:14:55	TASTEGGIO	0	2	6000	45976	91815	232	-10	0.13	0.23	-44500	
15/06/2011 14:15:16	TASTEGGIO	1	0	6000	45976	136274	166	-1	0.21	0.21	0	
15/06/2011 14:15:32	TASTEGGIO	0	1	6000	45976	136276	204	0	0.20	0.20	0	
15/06/2011 14:15:49	TASTEGGIO	0	1	6000	45976	136278	261	-1	0.19	0.19	0	
15/06/2011 14:16:08	TASTEGGIO	0	1	6000	45976	136281	315	-3	0.17	0.17	0	
15/06/2011 14:16:26	TASTEGGIO	0	2	6000	45976	136284	345	-10	0.08	0.08	0	
15/06/2011 14:16:36	TASTEGGIO	0	2	6000	45976	91997	345	-10	0.22	0.22	0	
15/06/2011 14:16:56	TASTEGGIO	1	0	6000	45976	92008	164	-12	0.10	0.10	0	
15/06/2011 14:17:04	TASTEGGIO	1	0	6000	45976	92000	164	-12	0.10	0.18	-44500	
15/06/2011 14:17:25	TASTEGGIO	1	0	6000	45976	136464	158	-1	0.15	0.15	0	
15/06/2011 14:17:42	TASTEGGIO	0	1	6000	45976	136468	170	-6	0.15	0.15	0	
15/06/2011 14:17:45	ALARM 401		
15/06/2011 14:17:48	ALARM 401		
15/06/2011 14:17:49	ALARM 401		
15/06/2011 14:18:10	TASTEGGIO	0	1	6000	45976	92003	215	-6	0.13	0.17	-44500	
15/06/2011 14:18:32	TASTEGGIO	0	1	6000	45976	91998	215	-6	0.12	0.18	-44500	
15/06/2011 14:20:36	TASTEGGIO	0	1	6000	45976	91975	215	-6	1.80	1.95	-24500	
15/06/2011 14:21:00	TASTEGGIO	1	0	6000	45976	116455	400	-62	1.33	1.33	0	
15/06/2011 14:21:21	TASTEGGIO	0	1	6000	45976	116456	400	-34	1.02	1.02	0	
15/06/2011 14:21:41	TASTEGGIO	0	2	6000	45976	116456	400	-26	0.75	0.75	0	
15/06/2011 14:22:02	TASTEGGIO	0	3	6000	45976	116456	400	-21	0.57	0.57	0	
15/06/2011 14:22:23	TASTEGGIO	0	4	6000	45976	116456	400	-24	0.33	0.33	0	
15/06/2011 14:22:44	TASTEGGIO	0	5	6000	45976	116456	400	-41	0.33	0.33	0	
15/06/2011 14:23:04	TASTEGGIO	0	1	6000	45976	116456	367	-118	0.92	0.92	0	
15/06/2011 14:23:16	TASTEGGIO	0	1	6000	45976	116456	110	-9	0.83	0.83	0	
15/06/2011 14:23:35	TASTEGGIO	0	1	6000	45976	116456	333	-53	0.41	0.41	0	
15/06/2011 14:23:52	TASTEGGIO	0	0	6000	45976	116456	194	0	0.41	0.41	0	
15/06/2011 14:24:12	TASTEGGIO	0	1	6000	45976	116456	276	-2	0.39	0.39	0	
15/06/2011 14:24:32	TASTEGGIO	0	1	6000	45976	116456	387	-22	0.19	0.19	0	
15/06/2011 14:24:48	TASTEGGIO	0	0	6000	45976	116456	159	0	0.19	0.19	0	
15/06/2011 14:25:06	TASTEGGIO	0	1	6000	45976	116456	197	-1	0.19	0.19	0	
15/06/2011 14:25:25	TASTEGGIO	0	1	6000	45976	116456	254	0	0.19	0.19	0	
15/06/2011 14:25:45	TASTEGGIO	0	1	6000	45976	116456	311	-1	0.18	0.18	0	
15/06/2011 14:26:06	TASTEGGIO	0	1	6000	45976	116456	362	-3	0.16	0.16	0	
15/06/2011 14:26:26	TASTEGGIO	0	2	6000	45976	116456	390	-9	0.09	0.09	0	
15/06/2011 14:26:36	TASTEGGIO	0	2	6000	45976	91998	390	-9	0.47	0.49	24500	
15/06/2011 14:26:57	TASTEGGIO	1	0	6000	45976	67572	207	-18	0.32	0.32	0	
15/06/2011 14:27:16	TASTEGGIO	0	1	6000	45976	67564	227	-13	0.22	0.22	0	
15/06/2011 14:27:34	TASTEGGIO	0	2	6000	45976	67558	248	-17	0.06	0.06	0	
15/06/2011 14:27:44	TASTEGGIO	0	2	6000	45976	91811	248	-17	0.14	0.31	-44500	
15/06/2011 14:28:05	TASTEGGIO	1	0	6000	45976	136267	178	-10	0.20	0.20	0	
15/06/2011 14:28:21	TASTEGGIO	0	1	6000	45976	136270	190	-7	0.14	0.14	0	
15/06/2011 14:28:32	TASTEGGIO	0	1	6000	45976	91999	190	-7	0.24	0.24	0	
15/06/2011 14:28:52	TASTEGGIO	1	0	6000	45976	92011	167	-14	0.12	0.12	0	
15/06/2011 14:29:00	TASTEGGIO	1	0	6000	45976	92002	167	-14	0.12	0.20	-44500	
15/06/2011 14:29:21	TASTEGGIO	1	0	6000	45976	136464	161	-1	0.19	0.19	0	
15/06/2011 14:29:38	TASTEGGIO	0	1	6000	45976	136467	197	-3	0.16	0.16	0	
15/06/2011 14:29:54	TASTEGGIO	0	2	6000	45976	136471	223	-7	0.11	0.11	0	
15/06/2011 14:30:05	TASTEGGIO	0	2	6000	45976	92003	223	-7	0.16	0.16	0	
15/06/2011 14:31:53	TASTEGGIO	0	2	6000	45976	91980	223	-7	1.04	1.36	-24500	
15/06/2011 14:32:16	TASTEGGIO	1	0	6000	45976	116446	344	-61	0.73	0.73	0	
15/06/2011 14:32:36	TASTEGGIO	0	1	6000	45976	116454	383	-65	0.09	0.09	0	
15/06/2011 14:32:45	TASTEGGIO	0	1	6000	45976	91995	383	-65	0.39	0.74	24500	
15/06/2011 14:33:08	TASTEGGIO	1	0	6000	45976	67570	246	-26	0.47	0.47	0	
15/06/2011 14:33:26	TASTEGGIO	0	1	6000	45976	67565	275	-22	0.26	0.26	0	
15/06/2011 14:33:45	TASTEGGIO	0	2	6000	45976	67560	295	-23	0.07	0.07	0	
15/06/2011 14:33:55	TASTEGGIO	0	2	6000	45976	91810	295	-23	0.22	0.51	-24500	
15/06/2011 14:34:16	TASTEGGIO	1	0	6000	45976	116277	210	-9	0.42	0.42	0	
15/06/2011 14:34:35	TASTEGGIO	0	1	6000	45976	116285	244	-4	0.37	0.37	0	
15/06/2011 14:34:56	TASTEGGIO	0	2	6000	45976	116287	309	-17	0.20	0.20	0	
15/06/2011 14:35:17	TASTEGGIO	0	3	6000	45976	116288	327	-12	0.10	0.10	0	
15/06/2011 14:35:27	TASTEGGIO	0	3	6000	45976	92002	327	-12	0.22	0.41	44500	
15/06/2011 14:35:48	TASTEGGIO	1	0	6000	45976	47549	194	-6	0.34	0.34	0	
15/06/2011 14:36:05	TASTEGGIO	0	1	6000	45976	47550	222	-6	0.29	0.29	0	
15/06/2011 14:36:23	TASTEGGIO	0	2	6000	45976	47552	271	-16	0.14	0.14	0	
15/06/2011 14:36:33	TASTEGGIO	0	2	6000	45976	91814	271	-16	0.22	0.24	-24500	
15/06/2011 14:36:55	TASTEGGIO	1	0	6000	45976	116273	167	-1	0.21	0.21	0	
15/06/2011 14:37:13	TASTEGGIO	0	1	6000	45976	116281	185	0	0.21	0.21	0	
15/06/2011 14:37:33	TASTEGGIO	0	1	6000	45976	116288	248	0	0.20	0.20	0	
15/06/2011 14:37:52	TASTEGGIO	0	1	6000	45976	116290	305	-2	0.19	0.19	0	
15/06/2011 14:38:13	TASTEGGIO	0	1	6000	45976	116291	359	-35	0.30	0.30	0	
15/06/2011 14:38:33	TASTEGGIO	0	1	6000	45976	116291	311	-75	0.49	0.49	0	
15/06/2011 14:38:52	TASTEGGIO	0	1	6000	45976	116291	230	-18	0.32	0.32	0	
15/06/2011 14:39:11	TASTEGGIO	0	2	6000	45976	116291	259	-7	0.25	0.25	0	
15/06/2011 14:39:30	TASTEGGIO	0	3	6000	45976	116291	292	-6	0.20	0.20	0	
15/06/2011 14:39:50	TASTEGGIO	0	4	6000	45976	116291	323	-6	0.14	0.14	0	
15/06/2011 14:39:59	TASTEGGIO	0	4	6000	45976	92003	323	-6	0.26	0.26	0	
15/06/2011 14:40:02	ALARM 401		
15/06/2011 14:40:08	ALARM 201		err.6059
15/06/2011 14:42:23	TASTEGGIO	0	4	6000	45976	92279	323	-6	0.39	0.59	44500	
15/06/2011 14:42:44	TASTEGGIO	1	0	6000	45976	47845	222	-11	0.48	0.48	0	
15/06/2011 14:43:01	TASTEGGIO	0	1	6000	45976	47844	261	-13	0.36	0.36	0	
15/06/2011 14:43:21	TASTEGGIO	0	2	6000	45976	47841	299	-17	0.19	0.19	0	
15/06/2011 14:43:39	TASTEGGIO	0	3	6000	45976	47838	316	-14	0.07	0.07	0	
15/06/2011 14:43:50	TASTEGGIO	0	3	6000	45976	92120	316	-14	0.19	0.32	-24500	
15/06/2011 14:44:11	TASTEGGIO	1	0	6000	45976	116588	180	-21	0.09	0.09	0	
15/06/2011 14:44:21	TASTEGGIO	1	0	6000	45976	92291	180	-21	0.15	0.15	0	
15/06/2011 14:46:16	TASTEGGIO	1	0	6000	45976	91979	180	-21	0.68	0.68	0	
15/06/2011 14:46:36	TASTEGGIO	1	0	6000	45976	91994	237	-26	0.43	0.43	0	
15/06/2011 14:46:55	TASTEGGIO	0	1	6000	45976	91996	264	-23	0.19	0.19	0	
15/06/2011 14:47:13	TASTEGGIO	0	0	6000	45976	91996	159	0	0.19	0.19	0	
15/06/2011 14:47:31	TASTEGGIO	0	1	6000	45976	91996	197	0	0.19	0.19	0	
15/06/2011 14:47:51	TASTEGGIO	0	1	6000	45976	91997	254	-9	0.16	0.16	0	
15/06/2011 14:48:11	TASTEGGIO	0	2	6000	45976	91998	280	-44	0.32	0.32	0	
15/06/2011 14:48:30	TASTEGGIO	0	1	6000	45976	92011	216	-29	0.10	0.10	0	
15/06/2011 14:48:38	TASTEGGIO	0	1	6000	45976	91985	216	-29	0.09	0.23	-44500	
15/06/2011 14:48:58	TASTEGGIO	1	0	6000	45976	136439	166	-15	0.09	0.09	0	
15/06/2011 14:49:09	TASTEGGIO	1	0	6000	45976	92004	166	-15	0.03	0.18	44500	
15/06/2011 14:49:11	ALARM 401		
15/06/2011 14:51:44	TASTEGGIO	1	0	6000	45976	91889	166	-15	0.37	0.37	24500	
15/06/2011 14:52:04	TASTEGGIO	1	0	6000	45976	67472	188	-16	0.20	0.20	0	
15/06/2011 14:52:21	TASTEGGIO	0	1	6000	45976	67469	198	-8	0.14	0.14	0	
15/06/2011 14:52:31	TASTEGGIO	0	1	6000	45976	91700	198	-8	0.20	0.44	-44500	
15/06/2011 14:52:53	TASTEGGIO	1	0	6000	45976	136161	199	-21	0.24	0.24	0	
15/06/2011 14:53:10	TASTEGGIO	0	1	6000	45976	136165	212	-12	0.15	0.15	0	
15/06/2011 14:53:27	TASTEGGIO	0	2	6000	45976	136167	225	-18	0.05	0.05	0	
15/06/2011 14:53:38	TASTEGGIO	0	2	6000	45976	91906	225	-18	0.42	0.42	0	
15/06/2011 14:53:58	TASTEGGIO	1	0	6000	45976	91920	196	-18	0.23	0.23	0	
15/06/2011 14:54:16	TASTEGGIO	0	1	6000	45976	91922	208	-12	0.11	0.11	0	
15/06/2011 14:54:24	TASTEGGIO	0	1	6000	45976	91909	208	-12	0.11	0.22	-44500	
15/06/2011 14:54:26	ALARM 401		
15/06/2011 14:56:49	TASTEGGIO	0	1	6000	45976	91974	208	-12	0.95	1.09	-24500	
15/06/2011 14:57:12	TASTEGGIO	1	0	6000	45976	116456	301	-39	0.69	0.69	0	
15/06/2011 14:57:32	TASTEGGIO	0	1	6000	45976	116456	344	-43	0.27	0.27	0	
15/06/2011 14:57:48	TASTEGGIO	0	0	6000	45976	116456	172	-1	0.26	0.26	0	
15/06/2011 14:58:07	TASTEGGIO	0	1	6000	45976	116456	222	-1	0.26	0.26	0	
15/06/2011 14:58:26	TASTEGGIO	0	1	6000	45976	116456	300	-9	0.16	0.16	0	
15/06/2011 14:58:30	ALARM 401		
15/06/2011 14:58:38	ALARM 201		err.6059
15/06/2011 14:58:57	TASTEGGIO	0	1	6000	45976	91992	300	-9	0.19	0.39	-44500	
15/06/2011 15:01:09	TASTEGGIO	0	1	6000	45976	92001	249	-26	0.13	0.23	24500	
15/06/2011 15:03:40	TASTEGGIO	0	1	6000	45976	91978	249	-26	1.07	1.34	-44500	
15/06/2011 15:04:04	TASTEGGIO	1	0	6000	45976	136446	341	-42	0.90	0.90	0	
15/06/2011 15:04:23	TASTEGGIO	0	1	6000	45976	136452	400	-45	0.44	0.44	0	
15/06/2011 15:04:41	TASTEGGIO	0	0	6000	45976	136456	199	0	0.44	0.44	0	
15/06/2011 15:04:59	TASTEGGIO	0	1	6000	45976	136456	287	0	0.43	0.43	0	
15/06/2011 15:05:20	TASTEGGIO	0	1	6000	45976	136456	400	-24	0.20	0.20	0	
15/06/2011 15:05:36	TASTEGGIO	0	0	6000	45976	136456	161	0	0.20	0.20	0	
15/06/2011 15:05:52	TASTEGGIO	0	1	6000	45976	136457	201	-1	0.21	0.21	0	
15/06/2011 15:06:11	TASTEGGIO	0	1	6000	45976	136457	267	2	0.20	0.20	0	
15/06/2011 15:06:30	TASTEGGIO	0	1	6000	45976	136457	324	-4	0.18	0.18	0	
15/06/2011 15:06:49	TASTEGGIO	0	2	6000	45976	136456	356	0	0.16	0.16	0	
15/06/2011 15:07:09	TASTEGGIO	0	3	6000	45976	136457	398	-15	0.07	0.07	0	
15/06/2011 15:07:19	TASTEGGIO	0	3	6000	45976	92005	398	-15	0.33	0.44	44500	
15/06/2011 15:07:40	TASTEGGIO	1	0	6000	45976	47547	199	-7	0.32	0.32	0	
15/06/2011 15:07:57	TASTEGGIO	0	1	6000	45976	47553	222	-7	0.27	0.27	0	
15/06/2011 15:08:14	TASTEGGIO	0	2	6000	45976	47558	267	-15	0.13	0.13	0	
15/06/2011 15:08:25	TASTEGGIO	0	2	6000	45976	91814	267	-15	0.24	0.24	0	
15/06/2011 15:08:45	TASTEGGIO	1	0	6000	45976	91810	167	-16	0.09	0.09	0	
15/06/2011 15:08:53	TASTEGGIO	1	0	6000	45976	91819	167	-16	0.08	0.21	44500	
15/06/2011 15:09:13	TASTEGGIO	1	0	6000	45976	47352	163	0	0.19	0.19	0	
15/06/2011 15:09:31	TASTEGGIO	0	1	6000	45976	47357	197	-1	0.18	0.18	0	
15/06/2011 15:09:48	TASTEGGIO	0	1	6000	45976	47361	248	-6	0.12	0.12	0	
15/06/2011 15:09:58	TASTEGGIO	0	1	6000	45976	91817	248	-6	0.14	0.18	-44500	
15/06/2011 15:10:19	TASTEGGIO	1	0	6000	45976	136281	158	-12	0.04	0.04	0	
15/06/2011 15:10:29	TASTEGGIO	1	0	6000	45976	92000	158	-12	0.22	0.22	0	
15/06/2011 15:10:49	TASTEGGIO	1	0	6000	45976	92012	164	-4	0.17	0.17	0	
15/06/2011 15:11:08	TASTEGGIO	0	1	6000	45976	92013	177	-5	0.13	0.13	0	
15/06/2011 15:11:16	TASTEGGIO	0	1	6000	45976	92002	177	-5	0.12	0.18	44500	
15/06/2011 15:11:36	TASTEGGIO	1	0	6000	45976	47545	158	-1	0.16	0.16	0	
15/06/2011 15:11:53	TASTEGGIO	0	1	6000	45976	47548	172	0	0.16	0.16	0	
15/06/2011 15:12:10	TASTEGGIO	0	1	6000	45976	47550	220	-1	0.16	0.16	0	
15/06/2011 15:12:28	TASTEGGIO	0	1	6000	45976	47550	268	-4	0.11	0.11	0	
15/06/2011 15:12:39	TASTEGGIO	0	1	6000	45976	91818	268	-4	0.14	0.15	24500	
15/06/2011 15:14:33	TASTEGGIO	0	1	6000	45976	91976	268	-4	0.47	0.62	24500	
15/06/2011 15:14:54	TASTEGGIO	1	0	6000	45976	67550	227	-21	0.41	0.41	0	
15/06/2011 15:15:13	TASTEGGIO	0	1	6000	45976	67545	254	-17	0.26	0.26	0	
15/06/2011 15:15:31	TASTEGGIO	0	2	6000	45976	67539	277	-19	0.08	0.08	0	
15/06/2011 15:15:41	TASTEGGIO	0	2	6000	45976	91810	277	-19	0.05	0.22	44500	
15/06/2011 15:16:00	TASTEGGIO	1	0	6000	45976	47356	164	-7	0.13	0.13	0	
15/06/2011 15:16:11	TASTEGGIO	1	0	6000	45976	91811	164	-7	0.03	0.21	-44500	
15/06/2011 15:16:32	TASTEGGIO	1	0	6000	45976	136265	163	-17	0.04	0.04	0	
15/06/2011 15:16:42	TASTEGGIO	1	0	6000	45976	92001	163	-17	0.10	0.18	44500	
15/06/2011 15:17:02	TASTEGGIO	1	0	6000	45976	47550	158	-2	0.16	0.16	0	
15/06/2011 15:17:18	TASTEGGIO	0	1	6000	45976	47553	172	-2	0.15	0.15	0	
15/06/2011 15:17:35	TASTEGGIO	0	1	6000	45976	47555	214	-8	0.08	0.08	0	
15/06/2011 15:17:45	TASTEGGIO	0	1	6000	45976	91816	214	-8	0.06	0.11	44500	
15/06/2011 15:19:41	TASTEGGIO	0	1	6000	45976	91975	214	-8	1.07	1.16	24500	
15/06/2011 15:20:03	TASTEGGIO	1	0	6000	45976	67547	312	-32	0.83	0.83	0	
15/06/2011 15:20:24	TASTEGGIO	0	1	6000	45976	67538	371	-46	0.43	0.43	0	
15/06/2011 15:20:44	TASTEGGIO	0	2	6000	45976	67519	400	-65	0.32	0.32	0	
15/06/2011 15:21:05	TASTEGGIO	0	1	6000	45976	67522	376	-120	0.91	0.91	0	
15/06/2011 15:21:17	TASTEGGIO	0	1	6000	45976	67515	117	-7	0.83	0.83	0	
15/06/2011 15:21:37	TASTEGGIO	0	1	6000	45976	67518	343	-29	0.53	0.53	0	
15/06/2011 15:21:58	TASTEGGIO	0	2	6000	45976	67538	390	-26	0.28	0.28	0	
15/06/2011 15:22:19	TASTEGGIO	0	3	6000	45976	67538	400	-21	0.08	0.08	0	
15/06/2011 15:22:29	TASTEGGIO	0	3	6000	45976	91815	400	-21	0.26	0.53	-44500	
15/06/2011 15:22:51	TASTEGGIO	1	0	6000	45976	136275	213	-22	0.30	0.30	0	
15/06/2011 15:23:08	TASTEGGIO	0	1	6000	45976	136279	229	-13	0.17	0.17	0	
15/06/2011 15:23:27	TASTEGGIO	0	2	6000	45976	136282	242	-12	0.15	0.15	0	
15/06/2011 15:23:45	TASTEGGIO	0	3	6000	45976	136284	281	-49	0.36	0.36	0	
15/06/2011 15:24:02	TASTEGGIO	0	1	6000	45976	136289	194	-22	0.16	0.16	0	
15/06/2011 15:24:18	TASTEGGIO	0	0	6000	45976	136292	155	-1	0.16	0.16	0	
15/06/2011 15:24:36	TASTEGGIO	0	1	6000	45976	136292	187	-3	0.13	0.13	0	
15/06/2011 15:24:46	TASTEGGIO	0	1	6000	45976	92002	187	-3	0.08	0.27	44500	
15/06/2011 15:25:07	TASTEGGIO	1	0	6000	45976	47557	172	-4	0.20	0.20	0	
15/06/2011 15:25:22	TASTEGGIO	0	1	6000	45976	47558	186	-2	0.19	0.19	0	
15/06/2011 15:25:40	TASTEGGIO	0	1	6000	45976	47559	240	-11	0.09	0.09	0	
15/06/2011 15:25:50	TASTEGGIO	0	1	6000	45976	91816	240	-11	0.03	0.12	-24500	
15/06/2011 15:27:38	TASTEGGIO	0	1	6000	45976	91976	240	-11	0.53	0.53	0	
15/06/2011 15:27:58	TASTEGGIO	1	0	6000	45976	91991	213	-22	0.31	0.31	0	
15/06/2011 15:28:17	TASTEGGIO	0	1	6000	45976	91992	231	-17	0.15	0.15	0	
15/06/2011 15:28:33	TASTEGGIO	0	0	6000	45976	91992	153	0	0.14	0.14	0	
15/06/2011 15:28:41	TASTEGGIO	0	0	6000	45976	91981	153	0	0.14	0.19	-44500	
15/06/2011 15:29:00	TASTEGGIO	1	0	6000	45976	136445	159	-14	0.05	0.05	0	
15/06/2011 15:29:10	TASTEGGIO	1	0	6000	45976	92000	159	-14	0.03	0.11	44500	
15/06/2011 15:31:10	TASTEGGIO	1	0	6000	45976	91891	159	-14	0.51	0.53	-24500	
15/06/2011 15:31:32	TASTEGGIO	1	0	6000	45976	116365	213	-24	0.28	0.28	0	
15/06/2011 15:31:52	TASTEGGIO	0	1	6000	45976	116372	227	-15	0.15	0.15	0	
15/06/2011 15:32:10	TASTEGGIO	0	2	6000	45976	116374	238	-15	0.03	0.03	0	
15/06/2011 15:32:20	TASTEGGIO	0	2	6000	45976	91909	238	-15	0.09	0.11	44500	
15/06/2011 15:34:19	TASTEGGIO	0	2	6000	45976	91981	238	-15	0.77	0.82	24500	
15/06/2011 15:34:38	ALARM 203		err.0
15/06/2011 15:34:40	TASTEGGIO	1	0	6000	45976	67553	259	-22	0.58	0.58	0	
15/06/2011 15:34:45	ALARM 203		err.0
15/06/2011 15:34:47	ALARM 203		err.4005
15/06/2011 15:35:00	TASTEGGIO	0	1	6000	45976	91814	300	0	0.59	0.59	24500	
15/06/2011 15:35:20	TASTEGGIO	1	0	6000	45976	67388	222	-2	0.56	0.56	0	
15/06/2011 15:35:41	TASTEGGIO	0	1	6000	45976	67386	328	-40	0.21	0.21	0	
15/06/2011 15:35:57	TASTEGGIO	0	0	6000	45976	67380	163	-2	0.19	0.19	0	
15/06/2011 15:36:15	TASTEGGIO	0	1	6000	45976	67376	197	-1	0.18	0.18	0	
15/06/2011 15:36:33	TASTEGGIO	0	1	6000	45976	67374	248	-6	0.13	0.13	0	
15/06/2011 15:36:43	TASTEGGIO	0	1	6000	45976	91820	248	-6	0.23	0.23	0	
15/06/2011 15:37:03	TASTEGGIO	1	0	6000	45976	91815	166	-11	0.12	0.12	0	
15/06/2011 15:37:10	TASTEGGIO	1	0	6000	45976	91823	166	-11	0.12	0.12	0	
15/06/2011 15:39:09	TASTEGGIO	1	0	6000	45976	91884	166	-11	0.28	0.60	-44500	
15/06/2011 15:39:31	TASTEGGIO	1	0	6000	45976	136351	224	-24	0.37	0.37	0	
15/06/2011 15:39:49	TASTEGGIO	0	1	6000	45976	136354	246	-15	0.24	0.24	0	
15/06/2011 15:40:06	TASTEGGIO	0	2	6000	45976	136357	268	-16	0.08	0.08	0	
15/06/2011 15:40:16	TASTEGGIO	0	2	6000	45976	91896	268	-16	0.17	0.26	44500	
15/06/2011 15:40:37	TASTEGGIO	1	0	6000	45976	47441	170	-8	0.20	0.20	0	
15/06/2011 15:40:54	TASTEGGIO	0	1	6000	45976	47443	185	-2	0.17	0.17	0	
15/06/2011 15:41:10	TASTEGGIO	0	2	6000	45976	47444	213	-7	0.13	0.13	0	
15/06/2011 15:41:21	TASTEGGIO	0	2	6000	45976	91703	213	-7	0.13	0.16	-24500	
15/06/2011 15:43:22	TASTEGGIO	0	2	6000	45976	91981	213	-7	1.36	2.11	-24500	
15/06/2011 15:43:46	TASTEGGIO	1	0	6000	45976	116460	400	-69	1.42	1.42	0	
15/06/2011 15:43:49	ALARM 401		
15/06/2011 15:43:53	ALARM 205		err.6058
15/06/2011 15:44:07	TASTEGGIO	1	0	6000	45976	91998	400	-69	0.81	1.45	-24500	
15/06/2011 15:44:52	TASTEGGIO	1	0	6000	45976	116467	395	-37	1.06	1.06	0	
15/06/2011 15:45:10	TASTEGGIO	1	0	6000	45976	91997	395	-37	0.50	1.07	-24500	
15/06/2011 15:45:32	ALARM 203		err.0
15/06/2011 15:45:41	ALARM 203		err.41070
15/06/2011 15:45:55	TASTEGGIO	1	0	6000	45976	91995	341	0	0.48	1.04	-24500	
15/06/2011 15:46:17	TASTEGGIO	1	0	6000	45976	91994	341	0	0.47	1.03	-24500	
15/06/2011 15:46:47	TASTEGGIO	1	0	6000	45976	116466	400	-32	0.72	0.72	0	
15/06/2011 15:47:07	TASTEGGIO	1	0	6000	45976	91999	400	-32	0.25	0.77	44500	
15/06/2011 15:47:29	TASTEGGIO	1	0	6000	45976	47546	251	-20	0.54	0.54	0	
15/06/2011 15:47:47	TASTEGGIO	0	1	6000	45976	47551	288	-20	0.36	0.36	0	
15/06/2011 15:48:05	TASTEGGIO	0	2	6000	45976	47554	321	-24	0.14	0.14	0	
15/06/2011 15:48:15	TASTEGGIO	0	2	6000	45976	91814	321	-24	0.64	0.87	-24500	
15/06/2011 15:48:38	TASTEGGIO	1	0	6000	45976	116286	267	-4	0.81	0.81	0	
15/06/2011 15:48:59	TASTEGGIO	0	1	6000	45976	116291	400	-33	0.46	0.46	0	
15/06/2011 15:49:20	TASTEGGIO	0	2	6000	45976	116293	400	-24	0.24	0.24	0	
15/06/2011 15:49:41	TASTEGGIO	0	3	6000	45976	116293	400	-30	0.10	0.10	0	
15/06/2011 15:49:50	TASTEGGIO	0	3	6000	45976	92002	400	-30	0.47	0.55	44500	
15/06/2011 15:50:12	TASTEGGIO	1	0	6000	45976	47549	216	-4	0.48	0.48	0	
15/06/2011 15:50:31	TASTEGGIO	0	1	6000	45976	47552	257	-4	0.45	0.45	0	
15/06/2011 15:50:49	TASTEGGIO	0	1	6000	45976	47557	383	-34	0.14	0.14	0	
15/06/2011 15:50:59	TASTEGGIO	0	1	6000	45976	91808	383	-34	0.37	0.37	0	
15/06/2011 15:51:20	TASTEGGIO	1	0	6000	45976	91806	188	-26	0.13	0.13	0	
15/06/2011 15:51:27	TASTEGGIO	1	0	6000	45976	91817	188	-26	0.13	0.35	44500	
15/06/2011 15:51:48	TASTEGGIO	1	0	6000	45976	47355	185	-2	0.28	0.28	0	
15/06/2011 15:52:05	TASTEGGIO	0	1	6000	45976	47357	207	-1	0.28	0.28	0	
15/06/2011 15:52:23	TASTEGGIO	0	1	6000	45976	47360	291	-4	0.26	0.26	0	
15/06/2011 15:52:43	TASTEGGIO	0	1	6000	45976	47363	363	-9	0.18	0.18	0	
15/06/2011 15:53:02	TASTEGGIO	0	2	6000	45976	47368	380	-36	0.21	0.21	0	
15/06/2011 15:53:22	TASTEGGIO	0	1	6000	45976	47376	355	-58	0.38	0.38	0	
15/06/2011 15:53:40	TASTEGGIO	0	1	6000	45976	47466	286	-16	0.21	0.21	0	
15/06/2011 15:53:58	TASTEGGIO	0	2	6000	45976	47466	302	-8	0.15	0.15	0	
15/06/2011 15:54:17	TASTEGGIO	0	3	6000	45976	47467	320	-4	0.12	0.12	0	
15/06/2011 15:54:28	TASTEGGIO	0	3	6000	45976	91828	320	-4	0.25	0.32	-44500	
15/06/2011 15:54:49	TASTEGGIO	1	0	6000	45976	136286	180	-7	0.24	0.24	0	
15/06/2011 15:55:07	TASTEGGIO	0	1	6000	45976	136291	198	-6	0.19	0.19	0	
15/06/2011 15:55:24	TASTEGGIO	0	2	6000	45976	136295	219	-7	0.12	0.12	0	
15/06/2011 15:55:34	TASTEGGIO	0	2	6000	45976	92002	219	-7	0.27	0.27	0	
15/06/2011 15:55:55	TASTEGGIO	1	0	6000	45976	92014	172	-15	0.15	0.15	0	
15/06/2011 15:56:14	TASTEGGIO	0	1	6000	45976	92017	180	-6	0.10	0.10	0	
15/06/2011 15:56:21	TASTEGGIO	0	1	6000	45976	92004	180	-6	0.10	0.32	-24500	
15/06/2011 15:56:44	TASTEGGIO	1	0	6000	45976	116470	180	-6	0.26	0.26	0	
15/06/2011 15:57:02	TASTEGGIO	0	1	6000	45976	116479	201	-2	0.25	0.25	0	
15/06/2011 15:57:22	TASTEGGIO	0	1	6000	45976	116483	273	-18	0.15	0.15	0	
15/06/2011 15:57:26	ALARM 401		
15/06/2011 15:57:30	ALARM 401		
15/06/2011 15:57:30	ALARM 401		
15/06/2011 15:57:34	ALARM 401		
15/06/2011 15:57:35	ALARM 401		
15/06/2011 15:58:13	TASTEGGIO	0	2	6000	45976	92005	285	0	0.35	0.35	0	
15/06/2011 15:58:42	TASTEGGIO	0	2	6000	45976	92005	285	0	0.36	0.36	0	
15/06/2011 15:59:03	TASTEGGIO	1	0	6000	45976	92016	186	-3	0.33	0.33	0	
15/06/2011 15:59:22	TASTEGGIO	0	1	6000	45976	92021	246	-21	0.11	0.11	0	
15/06/2011 15:59:30	TASTEGGIO	0	1	6000	45976	92007	246	-21	0.11	0.25	-24500	
15/06/2011 15:59:52	TASTEGGIO	1	0	6000	45976	116474	169	-16	0.30	0.30	0	
15/06/2011 16:00:11	TASTEGGIO	0	1	6000	45976	116482	241	-4	0.26	0.26	0	
15/06/2011 16:00:31	TASTEGGIO	0	2	6000	45976	116485	286	-3	0.24	0.24	0	
15/06/2011 16:00:51	TASTEGGIO	0	1	6000	45976	116486	374	-9	0.17	0.17	0	
15/06/2011 16:00:53	ALARM 401		
15/06/2011 16:00:57	ALARM 201		err.6059
15/06/2011 16:01:11	TASTEGGIO	0	1	6000	45976	92003	374	-9	0.21	0.22	-44500	
15/06/2011 16:01:14	ALARM 401		
15/06/2011 16:01:19	ALARM 201		err.6059
15/06/2011 16:03:44	TASTEGGIO	0	1	6000	45976	92076	374	-9	0.64	0.69	24500	
15/06/2011 16:04:06	TASTEGGIO	1	0	6000	45976	67655	238	-19	0.49	0.49	0	
15/06/2011 16:04:24	TASTEGGIO	0	1	6000	45976	67648	272	-18	0.32	0.32	0	
15/06/2011 16:04:45	TASTEGGIO	0	2	6000	45976	67641	301	-22	0.12	0.12	0	
15/06/2011 16:04:54	TASTEGGIO	0	2	6000	45976	91909	301	-22	0.26	0.28	-44500	
15/06/2011 16:05:15	TASTEGGIO	1	0	6000	45976	136380	174	-14	0.13	0.13	0	
15/06/2011 16:05:26	TASTEGGIO	1	0	6000	45976	92100	174	-14	0.17	0.21	44500	
15/06/2011 16:05:45	TASTEGGIO	1	0	6000	45976	47649	163	-2	0.19	0.19	0	
15/06/2011 16:06:03	TASTEGGIO	0	1	6000	45976	47651	197	-3	0.16	0.16	0	
15/06/2011 16:06:06	ALARM 401		
15/06/2011 16:06:13	ALARM 201		err.6059
15/06/2011 16:06:29	TASTEGGIO	0	2	6000	45976	91921	223	0	0.16	0.17	44500	
15/06/2011 16:06:52	TASTEGGIO	0	2	6000	45976	91922	223	0	0.16	0.17	44500	
15/06/2011 16:08:40	TASTEGGIO	0	2	6000	45976	91893	223	0	0.74	0.74	0	
15/06/2011 16:09:01	TASTEGGIO	1	0	6000	45976	91915	246	-26	0.46	0.46	0	
15/06/2011 16:09:21	TASTEGGIO	0	1	6000	45976	91918	274	-24	0.24	0.24	0	
15/06/2011 16:09:40	TASTEGGIO	0	2	6000	45976	91918	291	-30	0.08	0.08	0	
15/06/2011 16:09:48	TASTEGGIO	0	2	6000	45976	91903	291	-30	0.09	0.14	44500	
15/06/2011 16:11:46	TASTEGGIO	0	2	6000	45976	91887	291	-30	1.28	1.58	44500	
15/06/2011 16:12:09	TASTEGGIO	1	0	6000	45976	47432	378	-39	1.18	1.18	0	
15/06/2011 16:12:28	TASTEGGIO	0	1	6000	45976	47432	400	-26	0.93	0.93	0	
15/06/2011 16:12:48	TASTEGGIO	0	2	6000	45976	47431	400	-13	0.82	0.82	0	
15/06/2011 16:13:07	TASTEGGIO	0	3	6000	45976	47430	400	-10	0.74	0.74	0	
15/06/2011 16:13:27	TASTEGGIO	0	1	6000	45976	47430	400	-5	0.70	0.70	0	
15/06/2011 16:13:44	ALARM 401		
15/06/2011 16:14:03	TASTEGGIO	0	1	6000	45976	91711	400	-3	0.91	1.46	-44500	
15/06/2011 16:14:45	TASTEGGIO	0	1	6000	45976	136179	457	-93	0.51	0.51	0	
15/06/2011 16:15:01	TASTEGGIO	0	1	6000	45976	91908	457	-93	0.53	0.79	44500	
15/06/2011 16:15:23	TASTEGGIO	1	0	6000	45976	47441	254	-2	0.77	0.77	0	
15/06/2011 16:15:44	TASTEGGIO	0	1	6000	45976	47444	400	-15	0.67	0.67	0	
15/06/2011 16:16:03	TASTEGGIO	0	2	6000	45976	47446	400	-3	0.65	0.65	0	
15/06/2011 16:16:24	TASTEGGIO	0	1	6000	45976	47446	400	-2	0.64	0.64	0	
15/06/2011 16:16:29	ALARM 401		
15/06/2011 16:16:35	ALARM 203		err.5005
15/06/2011 16:16:50	TASTEGGIO	0	1	6000	45976	91703	400	0	0.51	0.67	44500	
15/06/2011 16:17:24	TASTEGGIO	0	1	6000	45976	91703	421	-6	0.48	0.63	44500	
15/06/2011 16:17:59	TASTEGGIO	0	1	6000	45976	91715	454	-20	0.44	0.68	-44500	
15/06/2011 16:18:35	TASTEGGIO	0	1	6000	45976	91902	493	-84	0.70	0.77	24500	
15/06/2011 16:19:10	TASTEGGIO	0	1	6000	45976	91703	493	-144	0.62	0.68	24500	
15/06/2011 16:19:45	TASTEGGIO	0	1	6000	45976	91700	465	-209	1.10	1.41	24500	
15/06/2011 16:20:24	TASTEGGIO	0	1	6000	45976	91700	465	-102	0.47	0.54	44500	
15/06/2011 16:20:43	TASTEGGIO	0	1	6000	45976	91697	465	-102	0.47	0.54	44500	
15/06/2011 16:21:05	TASTEGGIO	1	0	6000	45976	47229	215	0	0.51	0.51	0	
15/06/2011 16:21:25	TASTEGGIO	0	1	6000	45976	47232	311	-3	0.49	0.49	0	
15/06/2011 16:21:44	TASTEGGIO	0	1	6000	45976	47236	400	-6	0.45	0.45	0	
15/06/2011 16:22:05	TASTEGGIO	0	1	6000	45976	47241	400	-2	0.43	0.43	0	
15/06/2011 16:22:25	TASTEGGIO	0	1	6000	45976	47243	400	-1	0.43	0.43	0	
15/06/2011 16:22:45	TASTEGGIO	0	1	6000	45976	47245	400	-1	0.43	0.43	0	
15/06/2011 16:22:46	ALARM 401		
15/06/2011 16:23:05	TASTEGGIO	0	1	6000	45976	91704	400	-1	0.41	0.45	44500	
15/06/2011 16:23:33	TASTEGGIO	0	1	6000	45976	47250	421	-3	0.41	0.41	0	
15/06/2011 16:23:50	ALARM 203		err.0
15/06/2011 16:23:52	ALARM 203		err.41070
15/06/2011 16:23:58	ALARM 203		err.0
15/06/2011 16:24:03	ALARM 203		err.4005
15/06/2011 16:24:36	TASTEGGIO	0	1	6000	45976	91709	446	0	0.35	0.35	0	
15/06/2011 16:25:06	TASTEGGIO	0	1	6000	45976	91709	446	0	0.35	0.35	44500	
15/06/2011 16:25:27	TASTEGGIO	1	0	6000	45976	47247	185	0	0.33	0.33	0	
15/06/2011 16:25:46	TASTEGGIO	0	1	6000	45976	47251	247	-1	0.33	0.33	0	
15/06/2011 16:26:05	TASTEGGIO	0	1	6000	45976	47253	346	-1	0.33	0.33	0	
15/06/2011 16:26:24	TASTEGGIO	0	1	6000	45976	47255	400	-1	0.33	0.33	0	
15/06/2011 16:26:26	ALARM 401		
15/06/2011 16:26:29	ALARM 205		err.6059
15/06/2011 16:26:48	ALARM 203		err.0
15/06/2011 16:26:51	ALARM 203		err.41070
15/06/2011 16:27:03	TASTEGGIO	0	1	6000	45976	91704	446	0	1.04	1.22	44500	
15/06/2011 16:27:56	TASTEGGIO	0	1	6000	45976	91694	446	-65	0.58	0.59	44500	
15/06/2011 16:28:23	TASTEGGIO	0	1	6000	45976	47230	425	-13	0.46	0.46	0	
15/06/2011 16:28:59	TASTEGGIO	0	1	6000	45976	91701	432	-10	0.44	0.44	0	
15/06/2011 16:29:38	TASTEGGIO	0	1	6000	45976	91711	436	-159	1.09	1.09	0	
15/06/2011 16:30:04	TASTEGGIO	0	1	6000	45976	91712	436	-150	0.46	0.46	0	
15/06/2011 16:30:17	TASTEGGIO	0	1	6000	45976	91725	436	-150	0.45	0.45	0	
15/06/2011 16:30:37	TASTEGGIO	1	0	6000	45976	91725	200	-17	0.27	0.27	0	
15/06/2011 16:30:55	TASTEGGIO	0	1	6000	45976	91727	216	-9	0.18	0.18	0	
15/06/2011 16:30:57	ALARM 401		
15/06/2011 16:31:05	ALARM 401		
15/06/2011 16:31:07	ALARM 401		
15/06/2011 16:32:08	TASTEGGIO	0	1	6000	45976	91739	216	-9	0.18	0.30	44500	
15/06/2011 16:32:38	TASTEGGIO	0	1	6000	45976	91704	216	-9	0.19	0.30	44500	
15/06/2011 16:32:59	TASTEGGIO	1	0	6000	45976	47237	177	-1	0.28	0.28	0	
15/06/2011 16:33:17	TASTEGGIO	0	1	6000	45976	47242	229	-1	0.28	0.28	0	
