14/12/2011 17:06:17	TASTEGGIO	0	1	5000	42060	78206	64	-4	0.13	0.13	0	
14/12/2011 17:06:30	TASTEGGIO	0	1	5000	42060	160649	64	-4	0.14	0.14	0	
14/12/2011 17:07:23	ALARM 401		
14/12/2011 17:09:14	ALARM 406		
15/12/2011 06:51:09	ALARM 401		
15/12/2011 06:51:11	INIT OK
15/12/2011 06:56:49	TASTEGGIO	0	0	5000	42061	160975	0	0	1.44	1.45	-82000	
15/12/2011 06:57:10	TASTEGGIO	1	0	5000	42061	242942	81	0	1.49	1.49	0	
15/12/2011 06:57:30	TASTEGGIO	0	1	5000	42061	242943	234	-102	0.47	0.47	0	
15/12/2011 06:57:34	ALARM 218	proc 12 prog 85 step 19	go_abs 3 cmd 11
15/12/2011 06:57:37	ALARM 203		err.6059
15/12/2011 06:57:52	TASTEGGIO	0	0	5000	42061	160981	56	0	0.79	0.79	0	
15/12/2011 06:58:14	TASTEGGIO	1	0	5000	42061	160985	64	-42	0.46	0.46	0	
15/12/2011 06:58:34	TASTEGGIO	0	1	5000	42061	160985	90	-106	0.59	0.59	0	
15/12/2011 06:58:52	TASTEGGIO	0	1	5000	42061	160985	14	-12	0.45	0.45	0	
15/12/2011 06:59:12	TASTEGGIO	0	2	5000	42061	160985	62	-83	0.39	0.39	0	
15/12/2011 06:59:32	TASTEGGIO	0	1	5000	42061	160985	28	-112	1.41	1.41	0	
15/12/2011 06:59:46	TASTEGGIO	0	1	5000	42061	160985	0	-2	1.36	1.36	0	
15/12/2011 07:00:07	TASTEGGIO	0	2	5000	42061	160985	262	-349	2.11	2.11	0	
15/12/2011 07:00:21	TASTEGGIO	0	1	5000	42061	160985	0	-8	2.01	2.01	0	
15/12/2011 07:00:24	ALARM 401		
15/12/2011 07:00:28	ALARM 203		err.6058
15/12/2011 07:00:39	TASTEGGIO	0	2	5000	42061	160981	382	0	1.99	1.99	0	
15/12/2011 07:00:59	TASTEGGIO	1	0	5000	42061	160984	95	-18	1.80	1.80	0	
15/12/2011 07:01:21	TASTEGGIO	0	1	5000	42061	160985	257	-225	0.71	0.71	0	
15/12/2011 07:01:23	ALARM 401		
15/12/2011 07:01:27	ALARM 201		err.6059
15/12/2011 07:01:39	TASTEGGIO	0	1	5000	42061	160981	257	-225	0.67	0.67	0	
15/12/2011 07:02:00	TASTEGGIO	1	0	5000	42061	160984	61	-50	0.28	0.28	0	
15/12/2011 07:02:03	ALARM 401		
15/12/2011 07:02:17	TASTEGGIO	1	0	5000	42061	160981	61	-50	0.29	0.44	-119500	
15/12/2011 07:02:42	TASTEGGIO	1	0	5000	42061	280442	56	-9	0.34	0.34	0	
15/12/2011 07:03:01	TASTEGGIO	0	1	5000	42061	280442	82	-8	0.24	0.24	0	
15/12/2011 07:03:04	ALARM 218	proc 12 prog 73 step 17	go_abs 5 cmd 11
15/12/2011 07:03:23	TASTEGGIO	0	1	5000	42061	160976	82	-8	0.19	0.26	-119500	
15/12/2011 07:03:47	TASTEGGIO	1	0	5000	42061	280424	51	-1	0.24	0.24	0	
15/12/2011 07:04:07	TASTEGGIO	0	1	5000	42061	280425	73	-3	0.21	0.21	0	
15/12/2011 07:04:27	TASTEGGIO	0	2	5000	42061	280424	109	-13	0.12	0.12	0	
15/12/2011 07:04:39	TASTEGGIO	0	2	5000	42061	160985	109	-13	0.13	0.22	82800	
15/12/2011 07:05:01	TASTEGGIO	1	0	5000	42061	78239	50	-8	0.13	0.13	0	
15/12/2011 07:05:13	TASTEGGIO	1	0	5000	42061	160623	50	-8	0.11	0.16	-82000	
15/12/2011 07:06:04	ALARM 13	proc 2 prog 51 step 45	Tondo non in posizione di scarico
15/12/2011 07:07:59	TASTEGGIO	1	0	5000	42061	160978	50	-8	0.30	0.30	0	
15/12/2011 07:08:21	TASTEGGIO	1	0	5000	42061	160982	52	-76	0.41	0.41	0	
15/12/2011 07:08:39	TASTEGGIO	0	1	5000	42061	160981	0	-23	0.30	0.30	0	
15/12/2011 07:08:58	TASTEGGIO	0	2	5000	42061	160982	31	-44	0.19	0.19	0	
15/12/2011 07:09:17	TASTEGGIO	0	1	5000	42061	160981	18	-32	0.21	0.21	0	
15/12/2011 07:09:35	TASTEGGIO	0	1	5000	42061	160981	0	-22	0.04	0.04	0	
15/12/2011 07:09:43	TASTEGGIO	0	1	5000	42061	160978	0	-22	0.04	0.19	-119500	
15/12/2011 07:10:08	TASTEGGIO	1	0	5000	42061	280427	49	-14	0.07	0.07	0	
15/12/2011 07:10:20	TASTEGGIO	1	0	5000	42061	160985	49	-14	0.10	0.10	0	
15/12/2011 07:11:12	ALARM 13	proc 2 prog 51 step 45	Tondo non in posizione di scarico
15/12/2011 07:15:19	TASTEGGIO	1	0	5000	42060	161274	49	-14	0.67	0.77	-82000	
15/12/2011 07:15:43	TASTEGGIO	1	0	5000	42060	243240	64	-7	0.70	0.70	0	
15/12/2011 07:16:03	TASTEGGIO	0	1	5000	42060	243240	127	-45	0.33	0.33	0	
15/12/2011 07:16:22	TASTEGGIO	0	0	5000	42060	243240	53	-11	0.21	0.21	0	
15/12/2011 07:16:23	ALARM 218	proc 12 prog 73 step 17	go_abs 5 cmd 11
15/12/2011 07:16:26	ALARM 401		
15/12/2011 07:16:27	ALARM 401		
15/12/2011 07:16:45	TASTEGGIO	0	0	5000	42060	161281	53	-11	0.31	0.44	120300	
15/12/2011 07:17:07	TASTEGGIO	1	0	5000	42060	41019	56	-30	0.23	0.23	0	
15/12/2011 07:17:23	TASTEGGIO	0	1	5000	42060	41018	68	-21	0.06	0.06	0	
15/12/2011 07:17:35	TASTEGGIO	0	1	5000	42060	160914	68	-21	0.32	0.41	-119500	
15/12/2011 07:17:59	TASTEGGIO	1	0	5000	42060	280379	55	-14	0.28	0.28	0	
15/12/2011 07:18:18	TASTEGGIO	0	1	5000	42060	280380	74	-14	0.16	0.16	0	
15/12/2011 07:18:19	ALARM 218	proc 12 prog 73 step 17	go_abs 5 cmd 11
15/12/2011 07:18:21	ALARM 401		
15/12/2011 07:18:22	ALARM 401		
15/12/2011 07:18:42	TASTEGGIO	0	1	5000	42060	161264	74	-14	0.23	0.23	0	
15/12/2011 07:19:04	TASTEGGIO	1	0	5000	42060	161268	50	-71	0.50	0.50	0	
15/12/2011 07:19:23	TASTEGGIO	0	1	5000	42060	161268	0	-27	0.47	0.47	0	
15/12/2011 07:19:43	TASTEGGIO	0	2	5000	42060	161268	88	-105	0.57	0.57	0	
15/12/2011 07:20:02	TASTEGGIO	0	1	5000	42060	161268	18	-72	0.90	0.90	0	
15/12/2011 07:20:17	TASTEGGIO	0	1	5000	42060	161268	0	-3	0.84	0.84	0	
15/12/2011 07:20:22	ALARM 401		
15/12/2011 07:20:25	ALARM 201		err.6059
15/12/2011 07:20:39	TASTEGGIO	0	2	5000	42060	161264	156	0	0.82	0.82	0	
15/12/2011 07:21:00	TASTEGGIO	1	0	5000	42060	161267	65	-13	0.71	0.71	0	
15/12/2011 07:21:21	TASTEGGIO	0	1	5000	42060	161267	126	-91	0.25	0.25	0	
15/12/2011 07:21:22	ALARM 401		
15/12/2011 07:21:25	ALARM 401		
15/12/2011 07:21:25	ALARM 401		
15/12/2011 07:21:41	TASTEGGIO	0	1	5000	42060	161264	126	-91	0.22	0.25	82800	
15/12/2011 07:22:03	TASTEGGIO	1	0	5000	42060	78531	51	-6	0.18	0.18	0	
15/12/2011 07:22:21	TASTEGGIO	0	1	5000	42060	78526	63	-8	0.10	0.10	0	
15/12/2011 07:22:32	TASTEGGIO	0	1	5000	42060	160909	63	-8	0.16	0.18	-119500	
15/12/2011 07:22:56	TASTEGGIO	1	0	5000	42060	280373	49	-10	0.10	0.10	0	
15/12/2011 07:23:08	TASTEGGIO	1	0	5000	42060	161271	49	-10	0.12	0.14	-82000	
15/12/2011 07:24:00	ALARM 13	proc 2 prog 51 step 45	Tondo non in posizione di scarico
15/12/2011 07:27:23	ALARM 26	proc 12 prog 107 step 4	Macchina non azzerata
15/12/2011 07:28:00	ALARM 401		
15/12/2011 07:31:55	TASTEGGIO	1	0	5000	42061	161081	49	-10	0.54	0.54	0	
15/12/2011 07:32:17	TASTEGGIO	1	0	5000	42061	161085	58	-27	0.29	0.29	0	
15/12/2011 07:32:20	ALARM 401		
15/12/2011 07:32:34	TASTEGGIO	0	1	5000	42061	161081	73	-27	0.29	0.29	0	
15/12/2011 07:32:56	TASTEGGIO	1	0	5000	42061	161085	52	-24	0.08	0.08	0	
15/12/2011 07:33:04	TASTEGGIO	1	0	5000	42061	161081	52	-24	0.07	0.17	-82000	
15/12/2011 07:33:28	TASTEGGIO	1	0	5000	42061	243041	49	-28	0.16	0.16	0	
15/12/2011 07:33:47	TASTEGGIO	0	1	5000	42061	243042	33	-13	0.05	0.05	0	
15/12/2011 07:33:58	TASTEGGIO	0	1	5000	42061	161077	33	-13	0.10	0.12	-119500	
15/12/2011 07:34:50	ALARM 13	proc 2 prog 51 step 45	Tondo non in posizione di scarico
15/12/2011 07:36:03	ALARM 406		
15/12/2011 07:37:41	ALARM 401		
15/12/2011 07:37:43	INIT OK
15/12/2011 07:40:47	TASTEGGIO	0	0	5000	42060	161161	0	0	0.32	0.54	120300	
15/12/2011 07:41:10	TASTEGGIO	1	0	5000	42060	40917	58	-5	0.51	0.51	0	
15/12/2011 07:41:27	TASTEGGIO	0	1	5000	42060	40912	106	-8	0.43	0.43	0	
15/12/2011 07:41:46	TASTEGGIO	0	2	5000	42060	40908	178	-7	0.34	0.34	0	
15/12/2011 07:41:48	ALARM 401		
15/12/2011 07:42:06	TASTEGGIO	0	2	5000	42060	160809	178	-7	0.18	0.32	120300	
15/12/2011 07:42:29	TASTEGGIO	1	0	5000	42060	40567	53	0	0.34	0.34	0	
15/12/2011 07:42:46	TASTEGGIO	0	1	5000	42060	40561	89	0	0.33	0.33	0	
15/12/2011 07:43:05	TASTEGGIO	0	2	5000	42060	40557	153	0	0.32	0.32	0	
15/12/2011 07:43:09	ALARM 218	proc 12 prog 85 step 19	go_abs 3 cmd 11
15/12/2011 07:43:11	ALARM 203		err.6058
15/12/2011 07:43:29	TASTEGGIO	0	3	5000	42060	160790	246	0	0.18	0.30	120300	
15/12/2011 07:43:52	TASTEGGIO	1	0	5000	42060	40552	52	0	0.32	0.32	0	
15/12/2011 07:44:09	TASTEGGIO	0	1	5000	42060	40545	86	0	0.32	0.32	0	
15/12/2011 07:44:28	TASTEGGIO	0	2	5000	42060	40540	150	0	0.33	0.33	0	
15/12/2011 07:44:48	TASTEGGIO	0	3	5000	42060	40545	252	-31	0.02	0.02	0	
15/12/2011 07:45:00	TASTEGGIO	0	3	5000	42060	160790	252	-31	0.05	0.07	-82000	
15/12/2011 07:45:53	ALARM 13	proc 2 prog 51 step 45	Tondo non in posizione di scarico
15/12/2011 07:49:09	ALARM 401		
15/12/2011 07:50:44	TASTEGGIO	0	3	5000	42060	161162	252	-31	1.23	1.44	-82000	
15/12/2011 07:51:05	TASTEGGIO	1	0	5000	42060	243125	81	0	1.48	1.48	0	
15/12/2011 07:51:26	TASTEGGIO	0	1	5000	42060	243126	233	-80	0.69	0.69	0	
15/12/2011 07:51:28	ALARM 218	proc 12 prog 73 step 17	go_abs 5 cmd 11
15/12/2011 07:51:30	ALARM 401		
15/12/2011 07:51:31	ALARM 401		
15/12/2011 07:51:48	TASTEGGIO	0	1	5000	42061	161177	233	-80	0.67	0.67	0	
15/12/2011 07:52:10	TASTEGGIO	1	0	5000	42061	161181	61	-32	0.43	0.43	0	
15/12/2011 07:52:30	TASTEGGIO	0	1	5000	42061	161181	88	-70	0.26	0.26	0	
15/12/2011 07:52:32	ALARM 401		
15/12/2011 07:52:34	ALARM 201		err.6059
15/12/2011 07:52:45	TASTEGGIO	0	1	5000	42061	161177	88	-70	0.25	0.42	-119500	
15/12/2011 07:53:09	TASTEGGIO	1	0	5000	42061	280640	55	-13	0.28	0.28	0	
15/12/2011 07:53:29	TASTEGGIO	0	1	5000	42061	280640	73	-6	0.23	0.23	0	
15/12/2011 07:53:48	TASTEGGIO	0	2	5000	42061	280640	110	-17	0.08	0.08	0	
15/12/2011 07:54:00	TASTEGGIO	0	2	5000	42061	161175	110	-17	0.44	0.44	0	
15/12/2011 07:54:22	TASTEGGIO	1	0	5000	42061	161179	56	-91	0.57	0.57	0	
15/12/2011 07:54:40	TASTEGGIO	0	1	5000	42061	161179	0	-8	0.49	0.49	0	
15/12/2011 07:55:00	TASTEGGIO	0	2	5000	42061	161179	84	-91	0.62	0.62	0	
15/12/2011 07:55:17	TASTEGGIO	0	1	5000	42061	161179	5	-5	0.54	0.54	0	
15/12/2011 07:55:38	TASTEGGIO	0	2	5000	42061	161179	99	-83	0.27	0.27	0	
15/12/2011 07:55:39	ALARM 401		
15/12/2011 07:55:42	ALARM 401		
15/12/2011 07:55:42	ALARM 401		
15/12/2011 07:55:56	TASTEGGIO	0	2	5000	42061	161175	99	-83	0.27	0.27	0	
15/12/2011 07:56:18	TASTEGGIO	1	0	5000	42061	161179	51	-82	0.55	0.55	0	
15/12/2011 07:56:35	TASTEGGIO	0	1	5000	42061	161179	0	-6	0.46	0.46	0	
15/12/2011 07:56:56	TASTEGGIO	0	2	5000	42061	161179	76	-18	0.27	0.27	0	
15/12/2011 07:57:16	TASTEGGIO	0	3	5000	42061	161179	103	-61	0.34	0.34	0	
15/12/2011 07:57:37	TASTEGGIO	0	1	5000	42061	161179	60	-46	0.75	0.75	0	
15/12/2011 07:57:54	TASTEGGIO	0	1	5000	42061	161179	0	-16	0.55	0.55	0	
15/12/2011 07:58:13	TASTEGGIO	0	2	5000	42061	161179	57	-27	0.26	0.26	0	
15/12/2011 07:58:34	TASTEGGIO	0	0	5000	42061	161179	51	-50	0.40	0.40	0	
15/12/2011 07:58:52	TASTEGGIO	0	1	5000	42061	161179	0	-6	0.28	0.28	0	
15/12/2011 07:59:11	TASTEGGIO	0	2	5000	42061	161179	27	-4	0.23	0.23	0	
15/12/2011 07:59:31	TASTEGGIO	0	3	5000	42061	161179	83	-71	0.44	0.44	0	
15/12/2011 07:59:49	TASTEGGIO	0	1	5000	42061	161179	0	-16	0.28	0.28	0	
15/12/2011 07:59:50	ALARM 401		
15/12/2011 07:59:57	ALARM 401		
15/12/2011 07:59:57	ALARM 401		
15/12/2011 08:00:00	ALARM 205		err.6058
15/12/2011 08:00:13	TASTEGGIO	0	1	5000	42061	161175	0	-16	0.26	0.26	0	
15/12/2011 08:00:34	TASTEGGIO	1	0	5000	42061	161179	51	-66	0.43	0.43	0	
15/12/2011 08:00:54	TASTEGGIO	0	1	5000	42061	161179	0	-11	0.40	0.40	0	
15/12/2011 08:00:57	ALARM 401		
15/12/2011 08:01:00	ALARM 401		
15/12/2011 08:01:00	ALARM 401		
15/12/2011 08:01:16	TASTEGGIO	0	2	5000	42061	161175	74	0	0.40	0.40	0	
15/12/2011 08:01:42	TASTEGGIO	0	2	5000	42061	161179	32	-18	0.21	0.21	0	
15/12/2011 08:01:54	TASTEGGIO	0	2	5000	42061	161175	32	-18	0.23	0.23	0	
15/12/2011 08:02:18	TASTEGGIO	0	2	5000	42061	161179	22	-2	0.18	0.18	0	
15/12/2011 08:02:30	TASTEGGIO	0	2	5000	42061	161175	22	-2	0.18	0.20	-82000	
15/12/2011 08:03:04	TASTEGGIO	0	2	5000	42061	161176	24	-5	0.15	0.18	-119500	
15/12/2011 08:03:38	TASTEGGIO	0	2	5000	42061	161166	24	-3	0.15	0.18	-119500	
15/12/2011 08:04:13	TASTEGGIO	0	2	5000	42061	161169	29	-1	0.15	0.17	-119500	
15/12/2011 08:15:00	TASTEGGIO	0	2	5000	42060	158144	29	-1	0.32	0.40	-82000	
15/12/2011 08:15:02	ALARM 401		
15/12/2011 08:40:12	TASTEGGIO	0	2	5000	42060	158143	29	-1	0.29	0.39	-82000	
15/12/2011 08:40:35	TASTEGGIO	1	0	5000	42060	240103	54	-4	0.34	0.34	0	
15/12/2011 08:40:55	TASTEGGIO	0	1	5000	42060	240104	83	-17	0.18	0.18	0	
15/12/2011 08:40:56	ALARM 401		
15/12/2011 08:40:59	ALARM 401		
15/12/2011 08:40:59	ALARM 401		
15/12/2011 08:41:20	TASTEGGIO	0	1	5000	42061	158135	83	-17	0.23	0.29	82800	
15/12/2011 08:41:41	TASTEGGIO	1	0	5000	42061	75395	52	-2	0.27	0.27	0	
15/12/2011 08:42:00	TASTEGGIO	0	1	5000	42061	75395	77	-5	0.21	0.21	0	
15/12/2011 08:42:18	TASTEGGIO	0	2	5000	42061	75395	100	-16	0.05	0.05	0	
15/12/2011 08:42:29	TASTEGGIO	0	2	5000	42061	157878	100	-16	0.09	0.19	120300	
15/12/2011 08:42:53	TASTEGGIO	1	0	5000	42061	37760	49	-23	0.08	0.08	0	
15/12/2011 08:43:05	TASTEGGIO	1	0	5000	42061	157870	49	-23	0.13	0.20	82800	
15/12/2011 08:43:27	TASTEGGIO	1	0	5000	42061	75150	50	-2	0.18	0.18	0	
15/12/2011 08:43:45	TASTEGGIO	0	1	5000	42061	75147	66	-3	0.14	0.14	0	
15/12/2011 08:43:57	TASTEGGIO	0	1	5000	42061	157871	66	-3	0.10	0.16	-82000	
15/12/2011 08:43:59	ALARM 401		
15/12/2011 08:44:03	ALARM 401		
15/12/2011 08:44:04	ALARM 401		
15/12/2011 08:44:34	TASTEGGIO	0	1	5000	42061	157872	66	-3	0.10	0.17	-82000	
15/12/2011 08:44:40	ALARM 401		
15/12/2011 08:44:43	ALARM 401		
15/12/2011 08:44:43	ALARM 401		
15/12/2011 08:45:18	TASTEGGIO	0	1	5000	42061	158143	66	-3	0.11	0.17	-82000	
15/12/2011 08:46:18	ALARM 17	proc 12 prog 10 step 47	LavoroTerminato
15/12/2011 08:46:21	ALARM 401		
15/12/2011 08:46:23	ALARM 401		
15/12/2011 08:46:24	ALARM 201		err.6059
15/12/2011 09:01:12	ALARM 17	proc 12 prog 1 step 8	LavoroTerminato
15/12/2011 09:01:42	ALARM 3	proc 12 prog 31 step 36	Tondo non presente su rulliera
15/12/2011 09:03:22	TASTEGGIO	0	1	5000	42060	158023	66	-3	0.82	0.82	0	
15/12/2011 09:03:43	TASTEGGIO	1	0	5000	42060	158026	65	-7	0.73	0.73	0	
15/12/2011 09:04:03	TASTEGGIO	0	1	5000	42060	158027	129	-73	0.13	0.13	0	
15/12/2011 09:04:10	TASTEGGIO	0	1	5000	42060	158023	129	-73	0.11	0.46	-82000	
15/12/2011 09:04:34	TASTEGGIO	1	0	5000	42060	239985	56	-7	0.34	0.34	0	
15/12/2011 09:04:55	TASTEGGIO	0	1	5000	42060	239985	81	-20	0.17	0.17	0	
15/12/2011 09:04:56	ALARM 401		
15/12/2011 09:05:00	ALARM 205		err.6058
15/12/2011 09:05:15	TASTEGGIO	0	1	5000	42061	158029	81	-20	0.21	0.21	0	
15/12/2011 09:05:37	TASTEGGIO	1	0	5000	42061	158033	50	-64	0.69	0.69	0	
15/12/2011 09:05:57	TASTEGGIO	0	1	5000	42061	158033	0	-31	0.85	0.85	0	
15/12/2011 09:06:19	TASTEGGIO	0	2	5000	42061	158033	209	-296	2.17	2.17	0	
15/12/2011 09:06:33	TASTEGGIO	0	1	5000	42061	158033	0	0	2.12	2.12	0	
15/12/2011 09:06:36	ALARM 401		
15/12/2011 09:06:38	ALARM 401		
15/12/2011 09:06:39	ALARM 401		
15/12/2011 09:06:47	ALARM 28	proc 12 prog 72 step 15	Pressa appoggiata sul tondo
15/12/2011 09:07:04	TASTEGGIO	0	2	5000	42061	158030	400	0	2.09	2.09	0	
15/12/2011 09:07:23	TASTEGGIO	1	0	5000	42061	158033	97	-5	2.05	2.05	0	
15/12/2011 09:07:45	TASTEGGIO	0	1	5000	42061	158033	298	-174	0.48	0.48	0	
15/12/2011 09:07:46	ALARM 401		
15/12/2011 09:07:49	ALARM 401		
15/12/2011 09:07:50	ALARM 401		
15/12/2011 09:08:06	TASTEGGIO	0	1	5000	42061	158030	298	-174	0.47	0.47	0	
15/12/2011 09:08:27	TASTEGGIO	1	0	5000	42061	158033	56	-4	0.43	0.43	0	
15/12/2011 09:08:47	TASTEGGIO	0	1	5000	42061	158033	95	-35	0.10	0.10	0	
15/12/2011 09:08:55	TASTEGGIO	0	1	5000	42061	158030	95	-35	0.08	0.25	-82000	
15/12/2011 09:09:19	TASTEGGIO	1	0	5000	42061	239991	51	0	0.23	0.23	0	
15/12/2011 09:09:38	TASTEGGIO	0	1	5000	42061	239991	72	-2	0.20	0.20	0	
15/12/2011 09:09:39	ALARM 401		
15/12/2011 09:09:42	ALARM 205		err.6059
15/12/2011 09:09:58	TASTEGGIO	0	1	5000	42061	158022	72	-2	0.07	0.21	-82000	
15/12/2011 09:10:22	TASTEGGIO	1	0	5000	42061	239954	50	-1	0.18	0.18	0	
15/12/2011 09:10:43	TASTEGGIO	0	1	5000	42061	239954	65	-3	0.17	0.17	0	
15/12/2011 09:10:44	ALARM 218	proc 12 prog 73 step 17	go_abs 5 cmd 11
15/12/2011 09:10:47	ALARM 205		err.6058
15/12/2011 09:11:14	TASTEGGIO	0	1	5000	42061	158031	65	-3	0.07	0.18	-119500	
15/12/2011 09:11:38	TASTEGGIO	1	0	5000	42061	277494	49	-8	0.09	0.09	0	
15/12/2011 09:11:50	TASTEGGIO	1	0	5000	42061	158023	49	-8	0.08	0.10	-82000	
15/12/2011 09:12:56	ALARM 3	proc 12 prog 31 step 36	Tondo non presente su rulliera
15/12/2011 09:14:13	TASTEGGIO	1	0	5000	42060	158286	49	-8	0.40	0.40	0	
15/12/2011 09:14:35	TASTEGGIO	1	0	5000	42060	158290	55	-44	0.13	0.13	0	
15/12/2011 09:14:43	TASTEGGIO	1	0	5000	42060	158286	55	-44	0.13	0.21	-119500	
15/12/2011 09:15:08	TASTEGGIO	1	0	5000	42060	277747	50	-16	0.07	0.07	0	
15/12/2011 09:15:20	TASTEGGIO	1	0	5000	42060	158273	50	-16	0.10	0.11	-82000	
15/12/2011 09:17:19	TASTEGGIO	1	0	5000	42060	160980	50	-16	1.19	1.19	0	
15/12/2011 09:17:38	TASTEGGIO	1	0	5000	42060	160984	75	-5	1.15	1.15	0	
15/12/2011 09:18:00	TASTEGGIO	0	1	5000	42060	160984	186	-171	0.74	0.74	0	
15/12/2011 09:18:21	TASTEGGIO	0	1	5000	42060	160984	138	-194	1.25	1.25	0	
15/12/2011 09:18:35	TASTEGGIO	0	1	5000	42060	160984	0	-3	1.21	1.21	0	
15/12/2011 09:18:57	TASTEGGIO	0	2	5000	42060	160984	234	-317	0.01	0.01	0	
15/12/2011 09:19:05	TASTEGGIO	0	2	5000	42060	160980	234	-317	0.00	0.00	-119500	
15/12/2011 09:19:08	ALARM 401		
15/12/2011 09:19:11	ALARM 204		err.5005
15/12/2011 09:26:12	TASTEGGIO	0	2	5000	42060	160980	205	-19	2.39	2.39	0	
15/12/2011 09:26:43	TASTEGGIO	0	2	5000	42060	160980	237	-46	2.19	2.19	0	
15/12/2011 09:27:10	TASTEGGIO	0	2	5000	42060	160980	274	-117	1.07	1.07	0	
15/12/2011 09:27:25	TASTEGGIO	0	2	5000	42061	160980	274	-117	1.03	1.03	0	
15/12/2011 09:27:47	TASTEGGIO	1	0	5000	42061	160983	70	2	1.08	1.08	0	
15/12/2011 09:28:07	TASTEGGIO	0	1	5000	42061	160983	183	-64	0.41	0.41	0	
15/12/2011 09:28:09	ALARM 401		
15/12/2011 09:28:12	ALARM 401		
15/12/2011 09:28:12	ALARM 401		
15/12/2011 09:29:08	TASTEGGIO	0	1	5000	42061	160980	183	-64	0.41	0.41	0	
15/12/2011 09:29:49	TASTEGGIO	0	1	5000	42061	160980	183	-64	0.42	0.42	0	
15/12/2011 09:30:11	TASTEGGIO	1	0	5000	42061	160983	55	0	0.42	0.42	0	
15/12/2011 09:30:33	TASTEGGIO	0	1	5000	42061	160983	97	-1	0.39	0.39	0	
15/12/2011 09:30:55	TASTEGGIO	0	2	5000	42061	160983	169	-149	1.04	1.04	0	
15/12/2011 09:31:10	TASTEGGIO	0	1	5000	42061	160983	0	-24	0.79	0.79	0	
15/12/2011 09:31:28	TASTEGGIO	0	2	5000	42061	160983	84	-57	0.27	0.27	0	
15/12/2011 09:31:29	ALARM 401		
15/12/2011 09:31:43	TASTEGGIO	0	2	5000	42061	160980	84	-57	0.27	0.35	-119500	
15/12/2011 09:32:07	TASTEGGIO	1	0	5000	42061	280443	53	-16	0.20	0.20	0	
15/12/2011 09:32:09	ALARM 218	proc 12 prog 73 step 17	go_abs 5 cmd 11
15/12/2011 09:32:12	ALARM 401		
15/12/2011 09:32:12	ALARM 401		
15/12/2011 09:32:32	TASTEGGIO	1	0	5000	42061	160971	53	-16	0.21	0.26	82800	
15/12/2011 09:32:33	ALARM 401		
15/12/2011 09:32:38	ALARM 401		
15/12/2011 09:33:34	TASTEGGIO	1	0	5000	42061	160971	53	-16	0.22	0.27	82800	
15/12/2011 09:33:56	TASTEGGIO	1	0	5000	42061	78226	51	-3	0.23	0.23	0	
15/12/2011 09:34:15	TASTEGGIO	0	1	5000	42061	78221	70	-9	0.14	0.14	0	
15/12/2011 09:34:16	ALARM 401		
15/12/2011 09:34:19	ALARM 401		
15/12/2011 09:34:19	ALARM 401		
15/12/2011 09:34:37	TASTEGGIO	0	1	5000	42061	160627	70	-9	0.20	0.20	0	
15/12/2011 09:34:40	ALARM 401		
15/12/2011 09:34:43	ALARM 401		
15/12/2011 09:34:43	ALARM 401		
15/12/2011 09:42:22	TASTEGGIO	0	1	5000	42061	160627	70	-9	0.21	0.21	0	
15/12/2011 09:42:44	TASTEGGIO	1	0	5000	42061	160622	50	-62	0.55	0.55	0	
15/12/2011 09:43:01	TASTEGGIO	0	1	5000	42061	160622	0	-5	0.45	0.45	0	
15/12/2011 09:43:22	TASTEGGIO	0	2	5000	42061	160622	73	-32	0.26	0.26	0	
15/12/2011 09:43:25	ALARM 401		
15/12/2011 09:43:27	ALARM 203		err.6058
15/12/2011 09:43:42	TASTEGGIO	0	3	5000	42061	160627	99	0	0.27	0.32	82800	
15/12/2011 09:44:05	TASTEGGIO	1	0	5000	42061	77897	53	0	0.31	0.31	0	
15/12/2011 09:44:23	TASTEGGIO	0	1	5000	42061	77890	83	-11	0.19	0.19	0	
15/12/2011 09:44:25	ALARM 401		
15/12/2011 09:44:27	ALARM 401		
15/12/2011 09:44:28	ALARM 401		
15/12/2011 09:44:46	TASTEGGIO	0	1	5000	42061	160621	83	-11	0.16	0.26	-82000	
15/12/2011 09:45:10	TASTEGGIO	1	0	5000	42061	242586	51	-25	0.09	0.09	0	
15/12/2011 09:45:21	TASTEGGIO	1	0	5000	42061	160970	51	-25	0.11	0.13	120300	
15/12/2011 09:46:27	ALARM 3	proc 12 prog 31 step 36	Tondo non presente su rulliera
15/12/2011 09:47:53	TASTEGGIO	1	0	5000	42060	161162	51	-25	0.28	0.28	0	
15/12/2011 09:48:16	TASTEGGIO	1	0	5000	42060	161166	52	-57	0.32	0.32	0	
15/12/2011 09:48:35	TASTEGGIO	0	1	5000	42060	161166	15	-19	0.11	0.11	0	
15/12/2011 09:48:42	TASTEGGIO	0	1	5000	42060	161162	15	-19	0.12	0.24	-119500	
15/12/2011 09:49:08	TASTEGGIO	1	0	5000	42060	280600	51	-12	0.14	0.14	0	
15/12/2011 09:49:20	TASTEGGIO	1	0	5000	42060	161160	51	-12	0.10	0.16	120300	
15/12/2011 09:49:22	ALARM 401		
15/12/2011 09:49:24	ALARM 401		
15/12/2011 09:49:25	ALARM 401		
15/12/2011 09:49:44	TASTEGGIO	1	0	5000	42061	161160	51	-12	0.10	0.15	-82000	
15/12/2011 09:51:41	TASTEGGIO	1	0	5000	42060	161079	51	-12	0.39	0.39	0	
15/12/2011 09:51:42	ALARM 401		
15/12/2011 09:51:44	ALARM 401		
15/12/2011 09:51:45	ALARM 401		
15/12/2011 09:53:46	TASTEGGIO	1	0	5000	42060	161079	51	-12	0.38	0.38	0	
15/12/2011 09:54:08	TASTEGGIO	1	0	5000	42060	161083	54	-70	0.29	0.29	0	
15/12/2011 09:54:27	TASTEGGIO	0	1	5000	42060	161083	31	-93	0.95	0.95	0	
15/12/2011 09:54:46	TASTEGGIO	0	1	5000	42060	161083	0	-37	0.92	0.92	0	
15/12/2011 09:55:07	TASTEGGIO	0	2	5000	42060	161083	178	-261	1.70	1.70	0	
15/12/2011 09:55:21	TASTEGGIO	0	1	5000	42060	161083	0	-3	1.62	1.62	0	
15/12/2011 09:55:25	ALARM 218	proc 12 prog 85 step 19	go_abs 3 cmd 11
15/12/2011 09:55:28	ALARM 203		err.6058
15/12/2011 09:55:40	TASTEGGIO	0	2	5000	42061	161079	308	0	1.60	1.60	0	
15/12/2011 09:56:01	TASTEGGIO	1	0	5000	42061	161083	85	-10	1.49	1.49	0	
15/12/2011 09:56:23	TASTEGGIO	0	1	5000	42061	161083	223	-216	1.07	1.07	0	
15/12/2011 09:56:43	TASTEGGIO	0	1	5000	42061	161083	146	-137	0.33	0.33	0	
15/12/2011 09:56:47	ALARM 401		
15/12/2011 09:57:01	TASTEGGIO	0	1	5000	42061	161079	135	0	0.30	0.30	82800	
15/12/2011 09:57:23	TASTEGGIO	1	0	5000	42061	78339	52	-1	0.30	0.30	0	
15/12/2011 09:57:41	TASTEGGIO	0	1	5000	42061	78337	82	-8	0.20	0.20	0	
15/12/2011 09:57:43	ALARM 401		
15/12/2011 09:57:45	ALARM 401		
15/12/2011 09:57:46	ALARM 401		
15/12/2011 09:58:04	TASTEGGIO	0	1	5000	42061	160711	82	-8	0.24	0.24	0	
15/12/2011 09:58:26	TASTEGGIO	1	0	5000	42061	160706	51	-69	0.43	0.43	0	
15/12/2011 09:58:44	TASTEGGIO	0	1	5000	42061	160706	0	-12	0.30	0.30	0	
15/12/2011 09:59:04	TASTEGGIO	0	2	5000	42061	160706	29	-23	0.21	0.21	0	
15/12/2011 09:59:08	ALARM 218	proc 12 prog 85 step 19	go_abs 3 cmd 11
15/12/2011 09:59:10	ALARM 401		
15/12/2011 09:59:11	ALARM 401		
15/12/2011 09:59:25	TASTEGGIO	0	3	5000	42061	160711	54	0	0.20	0.20	0	
15/12/2011 09:59:49	TASTEGGIO	1	0	5000	42061	160706	50	-23	0.03	0.03	0	
15/12/2011 09:59:56	TASTEGGIO	1	0	5000	42061	160711	50	-23	0.04	0.20	-119500	
15/12/2011 10:00:21	TASTEGGIO	1	0	5000	42061	280175	50	-22	0.04	0.04	0	
15/12/2011 10:00:33	TASTEGGIO	1	0	5000	42061	161062	50	-22	0.12	0.13	-82000	
15/12/2011 10:01:33	ALARM 17	proc 12 prog 10 step 47	LavoroTerminato
15/12/2011 12:55:01	TASTEGGIO	1	0	5000	42060	161084	50	-22	0.12	0.43	82800	
15/12/2011 12:55:21	TASTEGGIO	1	0	5000	42060	78350	55	-2	0.42	0.42	0	
15/12/2011 12:55:40	TASTEGGIO	0	1	5000	42060	78347	96	-20	0.23	0.23	0	
15/12/2011 12:55:43	ALARM 401		
15/12/2011 12:55:46	ALARM 201		err.6059
15/12/2011 12:56:01	TASTEGGIO	0	1	5000	42061	160715	96	-20	0.05	0.36	-119500	
15/12/2011 12:56:25	TASTEGGIO	1	0	5000	42061	280169	54	-15	0.21	0.21	0	
15/12/2011 12:56:44	TASTEGGIO	0	1	5000	42061	280169	66	-7	0.15	0.15	0	
15/12/2011 12:56:47	ALARM 401		
15/12/2011 12:57:06	TASTEGGIO	0	1	5000	42061	161078	66	-7	0.09	0.27	82800	
15/12/2011 12:57:28	TASTEGGIO	1	0	5000	42061	78340	51	0	0.28	0.28	0	
15/12/2011 12:57:46	TASTEGGIO	0	1	5000	42061	78339	80	-5	0.22	0.22	0	
15/12/2011 12:58:06	TASTEGGIO	0	2	5000	42061	78339	104	-17	0.10	0.10	0	
15/12/2011 12:58:17	TASTEGGIO	0	2	5000	42061	160721	104	-17	0.05	0.18	120300	
15/12/2011 12:58:41	TASTEGGIO	1	0	5000	42061	40492	49	-17	0.09	0.09	0	
15/12/2011 12:58:53	TASTEGGIO	1	0	5000	42061	160716	49	-17	0.03	0.19	-119500	
15/12/2011 12:59:18	TASTEGGIO	1	0	5000	42061	280175	49	-1	0.17	0.17	0	
15/12/2011 12:59:37	TASTEGGIO	0	1	5000	42061	280175	64	-1	0.15	0.15	0	
15/12/2011 12:59:56	TASTEGGIO	0	2	5000	42061	280175	90	-5	0.11	0.11	0	
15/12/2011 13:00:07	TASTEGGIO	0	2	5000	42061	161069	90	-5	0.06	0.21	44500	
15/12/2011 13:00:31	TASTEGGIO	1	0	5000	42061	116612	50	-23	0.10	0.10	0	
15/12/2011 13:00:41	TASTEGGIO	1	0	5000	42061	160712	50	-23	0.10	0.14	-119500	
15/12/2011 13:02:43	TASTEGGIO	1	0	5000	42060	161177	50	-23	0.72	0.72	0	
15/12/2011 13:03:04	TASTEGGIO	1	0	5000	42060	161180	63	-33	0.45	0.45	0	
15/12/2011 13:03:24	TASTEGGIO	0	1	5000	42060	161181	91	-98	0.54	0.54	0	
15/12/2011 13:03:43	TASTEGGIO	0	1	5000	42060	161181	26	-14	0.36	0.36	0	
15/12/2011 13:04:02	TASTEGGIO	0	2	5000	42060	161181	59	-43	0.08	0.08	0	
15/12/2011 13:04:10	TASTEGGIO	0	2	5000	42060	161177	59	-43	0.07	0.45	-119500	
15/12/2011 13:04:35	TASTEGGIO	1	0	5000	42060	280613	56	-12	0.33	0.33	0	
15/12/2011 13:04:53	TASTEGGIO	0	1	5000	42060	280613	80	-12	0.22	0.22	0	
15/12/2011 13:04:57	ALARM 401		
15/12/2011 13:05:17	TASTEGGIO	0	2	5000	42061	161163	100	-12	0.10	0.24	-119500	
15/12/2011 13:05:42	TASTEGGIO	1	0	5000	42061	280619	51	-3	0.20	0.20	0	
15/12/2011 13:06:01	TASTEGGIO	0	1	5000	42061	280619	67	-1	0.18	0.18	0	
15/12/2011 13:06:21	TASTEGGIO	0	2	5000	42061	280619	99	-6	0.14	0.14	0	
15/12/2011 13:06:33	TASTEGGIO	0	2	5000	42061	161171	99	-6	0.15	0.23	82800	
15/12/2011 13:06:55	TASTEGGIO	1	0	5000	42061	78423	50	-2	0.19	0.19	0	
15/12/2011 13:07:13	TASTEGGIO	0	1	5000	42061	78423	65	-4	0.16	0.16	0	
15/12/2011 13:07:15	ALARM 401		
15/12/2011 13:07:18	ALARM 205		err.6058
15/12/2011 13:07:32	TASTEGGIO	0	1	5000	42061	160805	65	-4	0.15	0.17	82800	
15/12/2011 13:07:55	TASTEGGIO	1	0	5000	42061	78084	49	-1	0.13	0.13	0	
15/12/2011 13:08:06	TASTEGGIO	1	0	5000	42061	160803	49	-1	0.13	0.15	-119500	
15/12/2011 13:10:04	TASTEGGIO	1	0	5000	42060	158749	49	-1	1.54	1.54	0	
15/12/2011 13:10:22	TASTEGGIO	1	0	5000	42060	158752	83	0	1.57	1.57	0	
15/12/2011 13:10:43	TASTEGGIO	0	1	5000	42060	158752	243	-144	0.26	0.26	0	
15/12/2011 13:10:44	ALARM 401		
15/12/2011 13:10:47	ALARM 205		err.6058
15/12/2011 13:10:58	TASTEGGIO	0	1	5000	42061	158747	243	-144	0.26	0.63	-82000	
15/12/2011 13:11:20	TASTEGGIO	1	0	5000	42061	240700	60	-4	0.58	0.58	0	
15/12/2011 13:11:41	TASTEGGIO	0	1	5000	42061	240700	113	-24	0.35	0.35	0	
15/12/2011 13:11:44	ALARM 401		
15/12/2011 13:12:04	TASTEGGIO	0	2	5000	42061	158752	142	-24	0.27	0.48	-119500	
15/12/2011 13:12:29	TASTEGGIO	1	0	5000	42061	278209	57	-13	0.32	0.32	0	
15/12/2011 13:12:49	TASTEGGIO	0	1	5000	42061	278210	78	-6	0.28	0.28	0	
15/12/2011 13:13:08	TASTEGGIO	0	2	5000	42061	278210	127	-15	0.14	0.14	0	
15/12/2011 13:13:20	TASTEGGIO	0	2	5000	42061	158747	127	-15	0.40	0.40	0	
15/12/2011 13:13:42	TASTEGGIO	1	0	5000	42061	158750	55	-38	0.09	0.09	0	
15/12/2011 13:13:50	TASTEGGIO	1	0	5000	42061	158745	55	-38	0.08	0.19	-119500	
15/12/2011 13:14:15	TASTEGGIO	1	0	5000	42061	278204	49	-9	0.15	0.15	0	
15/12/2011 13:14:34	TASTEGGIO	0	1	5000	42061	278204	60	0	0.15	0.15	0	
15/12/2011 13:14:37	ALARM 401		
15/12/2011 13:14:41	ALARM 201		err.6059
15/12/2011 13:14:56	TASTEGGIO	0	1	5000	42061	158746	60	0	0.09	0.17	120300	
15/12/2011 13:15:19	TASTEGGIO	1	0	5000	42061	38591	49	-19	0.13	0.13	0	
15/12/2011 13:15:31	TASTEGGIO	1	0	5000	42061	158463	49	-19	0.18	0.18	0	
15/12/2011 13:15:54	TASTEGGIO	1	0	5000	42061	158458	49	-50	0.30	0.30	0	
15/12/2011 13:16:12	TASTEGGIO	0	1	5000	42061	158458	0	-9	0.21	0.21	0	
15/12/2011 13:16:30	TASTEGGIO	0	2	5000	42061	158458	20	-4	0.15	0.15	0	
15/12/2011 13:16:33	ALARM 401		
15/12/2011 13:16:46	TASTEGGIO	0	2	5000	42061	158463	20	-4	0.16	0.22	-82000	
15/12/2011 13:17:09	TASTEGGIO	1	0	5000	42061	240423	50	-4	0.20	0.20	0	
15/12/2011 13:17:29	TASTEGGIO	0	1	5000	42061	240423	68	-1	0.19	0.19	0	
15/12/2011 13:17:50	TASTEGGIO	0	2	5000	42061	240423	104	-23	0.12	0.12	0	
15/12/2011 13:18:02	TASTEGGIO	0	2	5000	42061	158745	104	-23	0.04	0.10	120300	
15/12/2011 13:20:00	TASTEGGIO	0	2	5000	42060	161264	104	-23	0.37	0.70	-82000	
15/12/2011 13:20:23	TASTEGGIO	1	0	5000	42060	243222	62	-6	0.67	0.67	0	
15/12/2011 13:20:44	TASTEGGIO	0	1	5000	42060	243223	126	-48	0.24	0.24	0	
15/12/2011 13:20:46	ALARM 401		
15/12/2011 13:20:49	ALARM 205		err.6059
15/12/2011 13:21:03	TASTEGGIO	0	1	5000	42061	161281	126	-48	0.12	0.25	-119500	
15/12/2011 13:21:27	TASTEGGIO	1	0	5000	42061	280734	51	-11	0.15	0.15	0	
15/12/2011 13:21:30	ALARM 401		
15/12/2011 13:21:33	ALARM 205		err.6058
15/12/2011 13:21:48	TASTEGGIO	1	0	5000	42061	161278	51	-11	0.10	0.15	-82000	
15/12/2011 13:23:45	TASTEGGIO	1	0	5000	42060	157621	51	-11	0.70	0.97	-82000	
15/12/2011 13:24:06	TASTEGGIO	1	0	5000	42060	239582	69	-3	0.99	0.99	0	
15/12/2011 13:24:27	TASTEGGIO	0	1	5000	42060	239582	170	-62	0.44	0.44	0	
15/12/2011 13:24:45	TASTEGGIO	0	0	5000	42060	239582	56	-1	0.41	0.41	0	
15/12/2011 13:24:49	ALARM 218	proc 12 prog 85 step 19	go_abs 3 cmd 11
15/12/2011 13:24:52	ALARM 203		err.6059
15/12/2011 13:25:10	TASTEGGIO	0	1	5000	42061	157631	94	0	0.28	0.45	-119500	
15/12/2011 13:25:35	TASTEGGIO	1	0	5000	42061	277092	56	-17	0.53	0.53	0	
15/12/2011 13:25:54	TASTEGGIO	0	1	5000	42061	277092	118	-22	0.33	0.33	0	
15/12/2011 13:26:14	TASTEGGIO	0	2	5000	42061	277092	147	-20	0.13	0.13	0	
15/12/2011 13:26:26	TASTEGGIO	0	2	5000	42061	157618	147	-20	0.09	0.22	-82000	
15/12/2011 13:26:51	TASTEGGIO	1	0	5000	42061	239580	50	-19	0.05	0.05	0	
15/12/2011 13:27:02	TASTEGGIO	1	0	5000	42061	157623	50	-19	0.09	0.17	82800	
15/12/2011 13:27:03	ALARM 401		
15/12/2011 13:27:05	ALARM 401		
15/12/2011 13:27:06	ALARM 401		
15/12/2011 13:27:25	TASTEGGIO	1	0	5000	42061	157622	50	-19	0.08	0.16	82800	
15/12/2011 13:28:24	ALARM 17	proc 12 prog 10 step 47	LavoroTerminato
15/12/2011 15:41:54	TASTEGGIO	1	0	5000	42060	158016	50	-19	0.31	0.31	0	
15/12/2011 15:42:15	TASTEGGIO	1	0	5000	42060	158019	52	-42	0.08	0.08	0	
15/12/2011 15:42:23	TASTEGGIO	1	0	5000	42060	158017	52	-42	0.11	0.27	-119500	
15/12/2011 15:42:48	TASTEGGIO	1	0	5000	42060	277481	51	-14	0.14	0.14	0	
15/12/2011 15:43:00	TASTEGGIO	1	0	5000	42060	158037	51	-14	0.07	0.14	-119500	
15/12/2011 15:44:56	TASTEGGIO	1	0	5000	42060	159131	51	-14	0.36	0.36	0	
15/12/2011 15:45:18	TASTEGGIO	1	0	5000	42060	159134	54	-55	0.28	0.28	0	
15/12/2011 15:45:37	TASTEGGIO	0	1	5000	42060	159134	32	-23	0.06	0.06	0	
15/12/2011 15:45:44	TASTEGGIO	0	1	5000	42060	159131	32	-23	0.07	0.27	-119500	
15/12/2011 15:46:09	TASTEGGIO	1	0	5000	42060	278594	51	-18	0.13	0.13	0	
15/12/2011 15:46:21	TASTEGGIO	1	0	5000	42060	159129	51	-18	0.10	0.24	82800	
15/12/2011 15:46:43	TASTEGGIO	1	0	5000	42060	76376	51	-2	0.22	0.22	0	
15/12/2011 15:47:01	TASTEGGIO	0	1	5000	42060	76375	71	-6	0.17	0.17	0	
15/12/2011 15:47:20	TASTEGGIO	0	2	5000	42060	76375	89	-12	0.10	0.10	0	
15/12/2011 15:47:31	TASTEGGIO	0	2	5000	42060	158868	89	-12	0.02	0.17	-82000	
15/12/2011 15:47:33	ALARM 401		
15/12/2011 15:47:35	ALARM 401		
15/12/2011 15:47:35	ALARM 401		
15/12/2011 15:47:54	TASTEGGIO	0	2	5000	42061	158868	89	-12	0.02	0.17	-82000	
15/12/2011 15:49:51	TASTEGGIO	0	2	5000	42060	158645	89	-12	0.24	0.24	0	
15/12/2011 15:50:14	TASTEGGIO	1	0	5000	42060	158649	51	-147	1.67	1.67	0	
15/12/2011 15:50:28	TASTEGGIO	0	1	5000	42060	158649	0	0	1.64	1.64	0	
15/12/2011 15:50:32	ALARM 401		
15/12/2011 15:50:35	ALARM 201		err.6059
15/12/2011 15:50:50	TASTEGGIO	0	2	5000	42061	158646	322	0	1.61	1.61	0	
15/12/2011 15:51:09	TASTEGGIO	1	0	5000	42061	158649	85	-2	1.59	1.59	0	
15/12/2011 15:51:31	TASTEGGIO	0	1	5000	42061	158649	242	-270	1.31	1.31	0	
15/12/2011 15:51:55	TASTEGGIO	0	1	5000	42061	158649	134	-200	0.00	0.00	0	
15/12/2011 15:52:03	TASTEGGIO	0	1	5000	42061	158645	134	-200	0.00	0.00	-119500	
15/12/2011 15:52:11	ALARM 401		
15/12/2011 15:52:17	ALARM 203		err.6058
15/12/2011 15:54:52	TASTEGGIO	0	1	5000	36003	158645	134	-200	0.00	0.01	-119500	
15/12/2011 15:58:20	ALARM 401		
15/12/2011 15:58:52	ALARM 203		err.0
15/12/2011 15:58:59	ALARM 203		err.4007
15/12/2011 15:59:33	TASTEGGIO	0	1	5000	36003	278106	226	-26	1.33	1.33	0	
15/12/2011 15:59:50	TASTEGGIO	0	1	5000	36003	158682	226	-26	0.00	0.00	-119500	
15/12/2011 15:59:59	ALARM 401		
15/12/2011 16:00:30	ALARM 401		
15/12/2011 16:00:30	ALARM 401		
15/12/2011 16:00:51	TASTEGGIO	0	1	5000	36003	158640	226	-26	2.33	2.33	0	
15/12/2011 16:00:59	ALARM 401		
15/12/2011 16:02:13	TASTEGGIO	0	1	5000	36003	158641	282	-4	2.28	2.28	0	
15/12/2011 16:02:24	ALARM 401		
15/12/2011 16:03:16	TASTEGGIO	0	1	5000	36003	158641	309	-9	2.24	2.24	0	
15/12/2011 16:03:31	ALARM 401		
15/12/2011 16:04:29	TASTEGGIO	0	1	5000	36003	158641	322	9	1.91	1.91	0	
15/12/2011 16:04:59	TASTEGGIO	0	1	5000	36003	138583	322	9	1.87	1.87	0	
15/12/2011 16:05:05	ALARM 401		
15/12/2011 16:06:15	TASTEGGIO	0	1	5000	36003	138583	360	0	1.34	1.34	0	
15/12/2011 16:06:26	ALARM 401		
15/12/2011 16:07:20	TASTEGGIO	0	1	5000	42060	158344	360	0	1.41	1.41	0	
15/12/2011 16:07:35	TASTEGGIO	1	0	5000	42060	158340	80	-20	2.26	2.26	0	
15/12/2011 16:07:39	ALARM 401		
15/12/2011 16:07:42	ALARM 201		err.6059
15/12/2011 16:07:50	ALARM 401		
15/12/2011 16:08:44	TASTEGGIO	0	1	5000	42060	158340	286	-2	2.16	2.16	0	
15/12/2011 16:08:52	ALARM 401		
15/12/2011 16:09:52	TASTEGGIO	0	1	5000	42060	158340	368	-1	1.81	1.81	0	
15/12/2011 16:10:14	TASTEGGIO	0	1	5000	42060	158344	368	-1	0.00	0.00	0	
15/12/2011 16:11:50	ALARM 17	proc 12 prog 10 step 47	LavoroTerminato
15/12/2011 16:21:30	TASTEGGIO	0	1	5000	42063	158643	368	-1	1.24	1.24	0	
15/12/2011 16:21:51	TASTEGGIO	1	0	5000	42063	158647	76	-48	0.74	0.74	0	
15/12/2011 16:22:13	TASTEGGIO	0	1	5000	42063	158647	120	-186	1.28	1.28	0	
15/12/2011 16:22:27	TASTEGGIO	0	1	5000	42063	158647	0	-5	1.20	1.20	0	
15/12/2011 16:22:48	TASTEGGIO	0	2	5000	42063	158647	225	-108	0.25	0.25	0	
15/12/2011 16:22:50	ALARM 401		
15/12/2011 16:22:53	ALARM 401		
15/12/2011 16:22:53	ALARM 401		
15/12/2011 16:23:07	TASTEGGIO	0	2	5000	42063	158643	225	-108	0.25	0.57	82800	
15/12/2011 16:23:28	TASTEGGIO	1	0	5000	42063	75889	59	0	0.59	0.59	0	
15/12/2011 16:23:46	TASTEGGIO	0	1	5000	42063	75891	120	-7	0.50	0.50	0	
15/12/2011 16:24:07	TASTEGGIO	0	2	5000	42063	75890	204	-98	0.50	0.50	0	
15/12/2011 16:24:28	TASTEGGIO	0	1	5000	42063	75889	154	-64	0.19	0.19	0	
15/12/2011 16:24:29	ALARM 401		
15/12/2011 16:24:33	ALARM 205		err.6058
15/12/2011 16:24:50	TASTEGGIO	0	1	5000	42063	158345	154	-64	0.40	0.40	0	
15/12/2011 16:25:13	TASTEGGIO	1	0	5000	42063	158342	55	-94	0.58	0.58	0	
15/12/2011 16:25:28	TASTEGGIO	0	1	5000	42063	158342	0	-8	0.50	0.50	0	
15/12/2011 16:25:47	TASTEGGIO	0	2	5000	42063	158342	86	-41	0.13	0.13	0	
15/12/2011 16:25:55	TASTEGGIO	0	2	5000	42063	158345	86	-41	0.11	0.32	-119500	
15/12/2011 16:26:20	TASTEGGIO	1	0	5000	42063	277804	53	-20	0.18	0.18	0	
15/12/2011 16:26:23	ALARM 401		
15/12/2011 16:26:26	ALARM 201		err.6059
15/12/2011 16:26:43	TASTEGGIO	1	0	5000	42063	158647	53	-20	0.11	0.23	-82000	
15/12/2011 16:27:07	TASTEGGIO	1	0	5000	42063	240610	50	-28	0.07	0.07	0	
15/12/2011 16:27:18	TASTEGGIO	1	0	5000	42063	158647	50	-28	0.14	0.17	44500	
15/12/2011 16:27:19	ALARM 401		
15/12/2011 16:27:22	ALARM 201		err.6059
15/12/2011 16:27:33	TASTEGGIO	1	0	5000	42063	158646	50	-28	0.16	0.16	0	
15/12/2011 16:28:43	ALARM 17	proc 12 prog 10 step 47	LavoroTerminato
15/12/2011 16:39:43	TASTEGGIO	1	0	5000	42060	158283	50	-28	0.54	0.76	-82000	
15/12/2011 16:40:05	TASTEGGIO	1	0	5000	42060	240246	64	-2	0.75	0.75	0	
15/12/2011 16:40:26	TASTEGGIO	0	1	5000	42060	240247	138	-35	0.43	0.43	0	
15/12/2011 16:40:47	TASTEGGIO	0	2	5000	42060	240247	172	-76	0.33	0.33	0	
15/12/2011 16:40:49	ALARM 401		
15/12/2011 16:40:52	ALARM 201		err.6059
15/12/2011 16:41:08	TASTEGGIO	0	2	5000	42061	158259	172	-76	0.20	0.30	-82000	
15/12/2011 16:41:31	TASTEGGIO	1	0	5000	42061	240222	52	-19	0.14	0.14	0	
15/12/2011 16:41:43	TASTEGGIO	1	0	5000	42061	158253	52	-19	0.08	0.17	-119500	
15/12/2011 16:42:08	TASTEGGIO	1	0	5000	42061	277713	49	-10	0.06	0.06	0	
15/12/2011 16:42:20	TASTEGGIO	1	0	5000	42061	158254	49	-10	0.12	0.15	-82000	
15/12/2011 16:43:21	ALARM 17	proc 12 prog 10 step 47	LavoroTerminato
15/12/2011 16:44:44	TASTEGGIO	1	0	5000	42060	161069	49	-10	1.01	1.01	0	
15/12/2011 16:45:05	TASTEGGIO	1	0	5000	42060	161073	70	-9	0.93	0.93	0	
15/12/2011 16:45:25	TASTEGGIO	0	1	5000	42060	161073	155	-123	0.31	0.31	0	
15/12/2011 16:45:27	ALARM 401		
15/12/2011 16:45:30	ALARM 205		err.6058
15/12/2011 16:45:42	TASTEGGIO	0	1	5000	42061	161069	155	-123	0.30	0.30	0	
15/12/2011 16:46:04	TASTEGGIO	1	0	5000	42061	161073	52	-59	0.81	0.81	0	
15/12/2011 16:46:21	TASTEGGIO	0	1	5000	42061	161073	0	-6	0.71	0.71	0	
15/12/2011 16:46:42	TASTEGGIO	0	2	5000	42061	161073	124	-141	0.77	0.77	0	
15/12/2011 16:47:05	TASTEGGIO	0	1	5000	42061	161073	40	-132	2.30	2.30	0	
15/12/2011 16:47:19	TASTEGGIO	0	1	5000	42061	161073	0	-4	2.26	2.26	0	
15/12/2011 16:47:22	ALARM 401		
15/12/2011 16:47:35	TASTEGGIO	0	2	5000	42061	161069	400	0	2.20	2.20	0	
15/12/2011 16:47:53	TASTEGGIO	1	0	5000	42061	161073	100	0	2.22	2.22	0	
15/12/2011 16:48:15	TASTEGGIO	0	1	5000	42061	161073	324	-239	0.86	0.86	0	
15/12/2011 16:48:19	ALARM 401		
15/12/2011 16:48:21	ALARM 401		
15/12/2011 16:48:22	ALARM 401		
15/12/2011 16:48:36	TASTEGGIO	0	1	5000	42061	161069	290	0	0.83	0.83	0	
15/12/2011 16:48:58	TASTEGGIO	1	0	5000	42061	161073	65	-18	0.58	0.58	0	
15/12/2011 16:49:18	TASTEGGIO	0	1	5000	42061	161073	105	-84	0.26	0.26	0	
15/12/2011 16:49:19	ALARM 401		
15/12/2011 16:49:23	ALARM 205		err.6058
15/12/2011 16:49:34	TASTEGGIO	0	1	5000	42061	161069	105	-84	0.28	0.28	0	
15/12/2011 16:49:57	TASTEGGIO	1	0	5000	42061	161073	52	-66	0.49	0.49	0	
15/12/2011 16:50:14	TASTEGGIO	0	1	5000	42061	161073	0	-3	0.39	0.39	0	
15/12/2011 16:50:33	TASTEGGIO	0	2	5000	42061	161073	43	-3	0.33	0.33	0	
15/12/2011 16:50:54	TASTEGGIO	0	3	5000	42061	161073	126	-119	0.83	0.83	0	
15/12/2011 16:51:11	TASTEGGIO	0	1	5000	42061	161073	0	-18	0.63	0.63	0	
15/12/2011 16:51:29	TASTEGGIO	0	2	5000	42061	161073	67	-23	0.39	0.39	0	
15/12/2011 16:51:50	TASTEGGIO	0	3	5000	42061	161073	108	-85	0.44	0.44	0	
15/12/2011 16:52:10	TASTEGGIO	0	1	5000	42061	161073	58	-39	0.07	0.07	0	
15/12/2011 16:52:18	TASTEGGIO	0	1	5000	42061	161069	58	-39	0.07	0.21	-82000	
15/12/2011 16:52:42	TASTEGGIO	1	0	5000	42061	243024	50	-23	0.21	0.21	0	
15/12/2011 16:53:01	TASTEGGIO	0	1	5000	42061	243025	29	-6	0.15	0.15	0	
15/12/2011 16:53:03	ALARM 401		
15/12/2011 16:53:07	ALARM 201		err.6059
15/12/2011 16:53:21	TASTEGGIO	0	1	5000	42061	161065	29	-6	0.11	0.21	-119500	
15/12/2011 16:53:45	TASTEGGIO	1	0	5000	42061	280503	50	-12	0.08	0.08	0	
15/12/2011 16:53:57	TASTEGGIO	1	0	5000	42061	161076	50	-12	0.14	0.14	0	
15/12/2011 16:55:54	TASTEGGIO	1	0	5000	42060	161077	50	-12	0.84	0.92	-82000	
15/12/2011 16:56:16	TASTEGGIO	1	0	5000	42060	243032	68	-2	0.94	0.94	0	
15/12/2011 16:56:36	TASTEGGIO	0	1	5000	42060	243032	164	-59	0.33	0.33	0	
15/12/2011 16:56:39	ALARM 401		
15/12/2011 16:56:42	ALARM 205		err.6058
15/12/2011 16:56:57	TASTEGGIO	0	1	5000	42061	161071	164	-59	0.44	0.44	0	
15/12/2011 16:57:20	TASTEGGIO	1	0	5000	42061	161075	56	-61	0.32	0.32	0	
15/12/2011 16:57:39	TASTEGGIO	0	1	5000	42061	161075	32	-24	0.08	0.08	0	
15/12/2011 16:57:47	TASTEGGIO	0	1	5000	42061	161070	32	-24	0.08	0.37	-119500	
15/12/2011 16:58:11	TASTEGGIO	1	0	5000	42061	280527	54	-11	0.26	0.26	0	
15/12/2011 16:58:31	TASTEGGIO	0	1	5000	42061	280527	72	-6	0.20	0.20	0	
15/12/2011 16:58:33	ALARM 401		
15/12/2011 16:58:51	TASTEGGIO	0	1	5000	42061	161069	72	-6	0.15	0.22	-119500	
15/12/2011 16:59:17	TASTEGGIO	1	0	5000	42061	280518	50	-1	0.20	0.20	0	
15/12/2011 16:59:35	TASTEGGIO	0	1	5000	42061	280518	68	-3	0.18	0.18	0	
15/12/2011 16:59:55	TASTEGGIO	0	2	5000	42061	280518	100	-8	0.12	0.12	0	
15/12/2011 17:00:08	TASTEGGIO	0	2	5000	42061	161070	100	-8	0.17	0.17	0	
15/12/2011 17:00:30	TASTEGGIO	1	0	5000	42061	161074	49	-60	0.38	0.38	0	
15/12/2011 17:00:48	TASTEGGIO	0	1	5000	42061	161074	0	-4	0.32	0.32	0	
15/12/2011 17:01:08	TASTEGGIO	0	2	5000	42061	161074	53	-31	0.02	0.02	0	
15/12/2011 17:01:15	TASTEGGIO	0	2	5000	42061	161070	53	-31	0.02	0.16	-119500	
15/12/2011 17:03:12	TASTEGGIO	0	2	5000	42060	157619	53	-31	1.30	1.30	0	
15/12/2011 17:03:30	TASTEGGIO	1	0	5000	42060	157624	77	-1	1.30	1.30	0	
15/12/2011 17:03:51	TASTEGGIO	0	1	5000	42060	157624	207	-105	0.26	0.26	0	
15/12/2011 17:03:54	ALARM 401		
15/12/2011 17:04:08	TASTEGGIO	0	0	5000	42060	157620	51	0	0.26	0.90	-119500	
15/12/2011 17:04:32	TASTEGGIO	1	0	5000	42060	277087	67	-9	0.83	0.83	0	
15/12/2011 17:04:52	TASTEGGIO	0	1	5000	42060	277087	143	-10	0.73	0.73	0	
15/12/2011 17:05:13	TASTEGGIO	0	2	5000	42060	277087	271	-92	0.21	0.21	0	
15/12/2011 17:05:15	ALARM 401		
15/12/2011 17:05:18	ALARM 201		err.6059
15/12/2011 17:05:33	TASTEGGIO	0	2	5000	42061	157620	271	-92	0.53	0.53	82800	
15/12/2011 17:05:53	TASTEGGIO	1	0	5000	42061	74884	58	0	0.57	0.57	0	
15/12/2011 17:06:11	TASTEGGIO	0	1	5000	42061	74884	119	-6	0.52	0.52	0	
15/12/2011 17:06:32	TASTEGGIO	0	2	5000	42061	74883	213	-75	0.22	0.22	0	
15/12/2011 17:06:35	ALARM 401		
15/12/2011 17:06:52	TASTEGGIO	0	2	5000	42061	157393	213	-75	0.16	0.22	82800	
15/12/2011 17:07:14	TASTEGGIO	1	0	5000	42061	74669	50	-5	0.15	0.15	0	
15/12/2011 17:07:18	ALARM 401		
15/12/2011 17:07:35	TASTEGGIO	1	0	5000	42061	157398	50	-5	0.16	0.24	-82000	
15/12/2011 17:07:59	TASTEGGIO	1	0	5000	42061	239365	51	-8	0.18	0.18	0	
15/12/2011 17:08:18	TASTEGGIO	0	1	5000	42061	239365	64	-10	0.10	0.10	0	
15/12/2011 17:08:29	TASTEGGIO	0	1	5000	42061	157636	64	-10	0.19	0.21	82800	
15/12/2011 17:08:51	TASTEGGIO	1	0	5000	42061	74899	50	0	0.19	0.19	0	
15/12/2011 17:09:08	TASTEGGIO	0	1	5000	42061	74899	67	-2	0.15	0.15	0	
15/12/2011 17:09:11	ALARM 401		
15/12/2011 17:09:13	ALARM 201		err.6059
15/12/2011 17:09:28	TASTEGGIO	0	1	5000	42061	157399	67	-2	0.19	0.19	0	
15/12/2011 17:09:50	TASTEGGIO	1	0	5000	42061	157394	49	-54	0.35	0.35	0	
15/12/2011 17:10:07	TASTEGGIO	0	1	5000	42061	157394	0	-2	0.29	0.29	0	
15/12/2011 17:10:27	TASTEGGIO	0	2	5000	42061	157394	48	-7	0.22	0.22	0	
15/12/2011 17:10:47	TASTEGGIO	0	3	5000	42061	157394	76	-15	0.11	0.11	0	
15/12/2011 17:10:54	TASTEGGIO	0	3	5000	42061	157398	76	-15	0.11	0.20	-82000	
15/12/2011 17:11:18	TASTEGGIO	1	0	5000	42061	239366	50	-2	0.19	0.19	0	
15/12/2011 17:11:38	TASTEGGIO	0	1	5000	42061	239367	68	-5	0.13	0.13	0	
15/12/2011 17:11:50	TASTEGGIO	0	1	5000	42061	157625	68	-5	0.08	0.17	82800	
15/12/2011 17:12:48	ALARM 17	proc 12 prog 10 step 47	LavoroTerminato
15/12/2011 17:13:37	ALARM 406		
16/12/2011 06:52:23	ALARM 401		
16/12/2011 06:52:24	INIT OK
16/12/2011 06:55:45	TASTEGGIO	0	0	5000	42060	161177	0	0	0.85	0.94	-82000	
16/12/2011 06:56:07	TASTEGGIO	1	0	5000	42060	243128	68	-3	0.95	0.95	0	
16/12/2011 06:56:26	TASTEGGIO	0	1	5000	42060	243128	164	-67	0.32	0.32	0	
16/12/2011 06:56:45	TASTEGGIO	0	0	5000	42060	243128	53	-5	0.25	0.25	0	
16/12/2011 06:56:47	ALARM 401		
16/12/2011 06:56:50	ALARM 205		err.6058
16/12/2011 06:57:05	TASTEGGIO	0	0	5000	42060	161191	53	-5	0.33	0.38	-119500	
16/12/2011 06:57:29	TASTEGGIO	1	0	5000	42060	280643	54	-15	0.27	0.27	0	
16/12/2011 06:57:48	TASTEGGIO	0	1	5000	42060	280643	73	-12	0.17	0.17	0	
16/12/2011 06:57:49	ALARM 401		
16/12/2011 06:57:52	ALARM 205		err.6058
16/12/2011 06:58:08	TASTEGGIO	0	1	5000	42060	161178	73	-12	0.22	0.22	0	
16/12/2011 06:58:30	TASTEGGIO	1	0	5000	42060	161182	50	-80	0.60	0.60	0	
16/12/2011 06:58:49	TASTEGGIO	0	1	5000	42060	161182	0	-34	0.60	0.60	0	
16/12/2011 06:59:10	TASTEGGIO	0	2	5000	42060	161182	120	-134	0.74	0.74	0	
16/12/2011 06:59:30	TASTEGGIO	0	1	5000	42060	161182	28	-23	0.68	0.68	0	
16/12/2011 06:59:52	TASTEGGIO	0	2	5000	42060	161182	152	-230	1.65	1.65	0	
16/12/2011 07:00:05	TASTEGGIO	0	1	5000	42060	161182	0	-3	1.59	1.59	0	
16/12/2011 07:00:09	ALARM 401		
16/12/2011 07:00:12	ALARM 203		err.6058
16/12/2011 07:00:23	TASTEGGIO	0	2	5000	42060	161178	306	0	1.57	1.57	0	
16/12/2011 07:00:43	TASTEGGIO	1	0	5000	42060	161182	84	-6	1.50	1.50	0	
16/12/2011 07:01:05	TASTEGGIO	0	1	5000	42060	161182	227	-216	0.89	0.89	0	
16/12/2011 07:01:26	TASTEGGIO	0	1	5000	42060	161182	174	-228	1.37	1.37	0	
16/12/2011 07:01:40	TASTEGGIO	0	1	5000	42060	161182	0	-7	1.27	1.27	0	
16/12/2011 07:02:01	TASTEGGIO	0	2	5000	42060	161182	235	-280	1.58	1.58	0	
16/12/2011 07:02:23	TASTEGGIO	0	1	5000	42060	161182	38	-110	0.00	0.00	0	
16/12/2011 07:02:31	TASTEGGIO	0	1	5000	42060	161177	38	-110	0.00	0.00	120300	
16/12/2011 07:02:33	ALARM 401		
16/12/2011 07:02:50	ALARM 401		
16/12/2011 07:03:53	TASTEGGIO	0	1	5000	42060	161177	267	-31	1.93	1.93	0	
16/12/2011 07:12:46	TASTEGGIO	0	1	5000	42060	158402	267	-31	0.55	0.61	-82000	
16/12/2011 07:13:08	TASTEGGIO	1	0	5000	42060	240361	60	-3	0.60	0.60	0	
16/12/2011 07:13:27	TASTEGGIO	0	1	5000	42060	240361	119	-24	0.38	0.38	0	
16/12/2011 07:13:32	ALARM 218	proc 12 prog 85 step 19	go_abs 3 cmd 11
16/12/2011 07:13:35	ALARM 203		err.6058
16/12/2011 07:13:49	TASTEGGIO	0	2	5000	42060	158379	153	0	0.37	0.40	82800	
16/12/2011 07:14:10	TASTEGGIO	1	0	5000	42060	75640	55	-2	0.37	0.37	0	
16/12/2011 07:14:27	TASTEGGIO	0	1	5000	42060	75638	89	-3	0.33	0.33	0	
16/12/2011 07:14:47	TASTEGGIO	0	2	5000	42060	75635	147	-34	0.16	0.16	0	
16/12/2011 07:14:49	ALARM 401		
16/12/2011 07:14:52	ALARM 205		err.6058
16/12/2011 07:15:06	TASTEGGIO	0	2	5000	42060	158059	147	-34	0.39	0.39	0	
16/12/2011 07:15:27	TASTEGGIO	1	0	5000	42060	158054	54	-24	0.19	0.19	0	
16/12/2011 07:15:30	ALARM 401		
16/12/2011 07:15:32	ALARM 401		
16/12/2011 07:15:32	ALARM 401		
16/12/2011 07:15:47	TASTEGGIO	1	0	5000	42060	158059	54	-24	0.19	0.28	-119500	
16/12/2011 07:16:12	TASTEGGIO	1	0	5000	42060	277521	52	-11	0.20	0.20	0	
16/12/2011 07:16:30	TASTEGGIO	0	1	5000	42060	277522	66	-10	0.12	0.12	0	
16/12/2011 07:16:43	TASTEGGIO	0	1	5000	42060	158366	66	-10	0.11	0.14	120300	
16/12/2011 07:18:40	TASTEGGIO	0	1	5000	42060	161275	66	-10	0.10	0.34	-119500	
16/12/2011 07:19:04	TASTEGGIO	1	0	5000	42060	280710	53	-14	0.23	0.23	0	
16/12/2011 07:19:23	TASTEGGIO	0	1	5000	42060	280710	68	-13	0.11	0.11	0	
16/12/2011 07:19:35	TASTEGGIO	0	1	5000	42060	161278	68	-13	0.05	0.24	120300	
16/12/2011 07:19:58	TASTEGGIO	1	0	5000	42060	41033	51	-21	0.13	0.13	0	
16/12/2011 07:20:09	TASTEGGIO	1	0	5000	42060	160901	51	-21	0.05	0.19	-82000	
16/12/2011 07:20:34	TASTEGGIO	1	0	5000	42060	242867	49	-16	0.05	0.05	0	
16/12/2011 07:20:45	TASTEGGIO	1	0	5000	42060	161274	49	-16	0.07	0.15	82800	
16/12/2011 07:22:43	TASTEGGIO	1	0	5000	42060	158379	49	-16	0.58	0.92	-82000	
16/12/2011 07:23:05	TASTEGGIO	1	0	5000	42060	240342	68	-1	0.92	0.92	0	
16/12/2011 07:23:26	TASTEGGIO	0	1	5000	42060	240342	160	-45	0.49	0.49	0	
16/12/2011 07:23:47	TASTEGGIO	0	2	5000	42060	240342	196	-130	0.80	0.80	0	
16/12/2011 07:24:05	TASTEGGIO	0	1	5000	42060	240343	65	-17	0.63	0.63	0	
16/12/2011 07:24:26	TASTEGGIO	0	2	5000	42060	240343	135	-57	0.16	0.16	0	
16/12/2011 07:24:28	ALARM 401		
16/12/2011 07:24:30	ALARM 205		err.6058
16/12/2011 07:24:46	TASTEGGIO	0	2	5000	42060	158369	135	-57	0.07	0.20	-119500	
16/12/2011 07:25:10	TASTEGGIO	1	0	5000	42060	277833	50	-12	0.10	0.10	0	
16/12/2011 07:25:22	TASTEGGIO	1	0	5000	42060	158370	50	-12	0.12	0.17	-82000	
16/12/2011 07:25:47	TASTEGGIO	1	0	5000	42060	240331	49	-15	0.09	0.09	0	
16/12/2011 07:25:59	TASTEGGIO	1	0	5000	42060	158389	49	-15	0.18	0.19	44500	
16/12/2011 07:26:22	TASTEGGIO	1	0	5000	42060	113927	49	-20	0.09	0.09	0	
16/12/2011 07:26:32	TASTEGGIO	1	0	5000	42060	158069	49	-20	0.14	0.14	0	
16/12/2011 07:28:30	TASTEGGIO	1	0	5000	42060	158755	49	-20	0.61	0.95	-82000	
16/12/2011 07:28:51	TASTEGGIO	1	0	5000	42060	240719	68	-1	0.96	0.96	0	
16/12/2011 07:29:12	TASTEGGIO	0	1	5000	42060	240719	165	-55	0.46	0.46	0	
16/12/2011 07:29:14	ALARM 218	proc 12 prog 73 step 17	go_abs 5 cmd 11
16/12/2011 07:29:17	ALARM 205		err.6058
16/12/2011 07:29:31	TASTEGGIO	0	1	5000	42060	158762	165	-55	0.25	0.43	-82000	
16/12/2011 07:29:53	TASTEGGIO	1	0	5000	42060	240726	55	-2	0.44	0.44	0	
16/12/2011 07:30:12	TASTEGGIO	0	1	5000	42060	240726	100	-16	0.29	0.29	0	
16/12/2011 07:30:17	ALARM 401		
16/12/2011 07:30:36	TASTEGGIO	0	2	5000	42060	158761	127	0	0.14	0.33	-119500	
16/12/2011 07:31:01	TASTEGGIO	1	0	5000	42060	278190	53	-14	0.21	0.21	0	
16/12/2011 07:31:20	TASTEGGIO	0	1	5000	42060	278190	66	-6	0.17	0.17	0	
16/12/2011 07:31:39	TASTEGGIO	0	2	5000	42060	278190	93	-6	0.11	0.11	0	
16/12/2011 07:31:51	TASTEGGIO	0	2	5000	42060	158759	93	-6	0.10	0.17	82800	
16/12/2011 07:32:13	TASTEGGIO	1	0	5000	42060	76006	49	-1	0.14	0.14	0	
16/12/2011 07:32:24	TASTEGGIO	1	0	5000	42060	158457	49	-1	0.09	0.17	-82000	
16/12/2011 07:32:49	TASTEGGIO	1	0	5000	42060	240417	49	0	0.18	0.18	0	
16/12/2011 07:33:08	TASTEGGIO	0	1	5000	42060	240417	68	-17	0.06	0.06	0	
16/12/2011 07:33:20	TASTEGGIO	0	1	5000	42060	158751	68	-17	0.04	0.14	-119500	
16/12/2011 07:35:18	TASTEGGIO	0	1	5000	42060	161091	68	-17	0.59	0.59	0	
16/12/2011 07:35:40	TASTEGGIO	1	0	5000	42060	161094	59	-23	0.37	0.37	0	
16/12/2011 07:36:00	TASTEGGIO	0	1	5000	42060	161095	82	-69	0.29	0.29	0	
16/12/2011 07:36:01	ALARM 401		
16/12/2011 07:36:04	ALARM 201		err.6059
16/12/2011 07:36:16	TASTEGGIO	0	1	5000	42060	161091	82	-69	0.29	0.29	0	
16/12/2011 07:36:39	TASTEGGIO	1	0	5000	42060	161094	52	-75	0.53	0.53	0	
16/12/2011 07:36:58	TASTEGGIO	0	1	5000	42060	161094	0	-18	0.50	0.50	0	
16/12/2011 07:37:19	TASTEGGIO	0	2	5000	42060	161095	94	-86	0.51	0.51	0	
16/12/2011 07:37:38	TASTEGGIO	0	1	5000	42060	161094	41	-15	0.30	0.30	0	
16/12/2011 07:37:59	TASTEGGIO	0	2	5000	42060	161094	65	-48	0.26	0.26	0	
16/12/2011 07:38:19	TASTEGGIO	0	1	5000	42060	161094	42	-22	0.06	0.06	0	
16/12/2011 07:38:27	TASTEGGIO	0	1	5000	42060	161091	42	-22	0.06	0.23	82800	
16/12/2011 07:38:50	TASTEGGIO	1	0	5000	42060	78348	50	-6	0.15	0.15	0	
16/12/2011 07:38:53	ALARM 401		
16/12/2011 07:38:55	ALARM 401		
16/12/2011 07:38:55	ALARM 401		
16/12/2011 07:39:13	TASTEGGIO	1	0	5000	42060	160719	50	-6	0.06	0.18	-82000	
16/12/2011 07:39:38	TASTEGGIO	1	0	5000	42060	242682	49	-18	0.04	0.04	0	
16/12/2011 07:39:50	TASTEGGIO	1	0	5000	42060	161071	49	-18	0.04	0.19	82800	
16/12/2011 07:40:13	TASTEGGIO	1	0	5000	42060	78326	49	-3	0.14	0.14	0	
16/12/2011 07:40:23	TASTEGGIO	1	0	5000	42060	160720	49	-3	0.05	0.15	82800	
16/12/2011 07:42:21	TASTEGGIO	1	0	5000	42060	157723	49	-3	0.60	0.89	-119500	
16/12/2011 07:42:45	TASTEGGIO	1	0	5000	42060	277186	67	-9	0.82	0.82	0	
16/12/2011 07:43:04	TASTEGGIO	0	1	5000	42060	277186	142	-11	0.71	0.71	0	
16/12/2011 07:43:26	TASTEGGIO	0	2	5000	42060	277186	264	-93	0.35	0.35	0	
16/12/2011 07:43:28	ALARM 401		
16/12/2011 07:43:30	ALARM 401		
16/12/2011 07:43:30	ALARM 401		
16/12/2011 07:43:50	TASTEGGIO	0	2	5000	42060	157725	264	-93	0.11	0.46	-82000	
16/12/2011 07:44:14	TASTEGGIO	1	0	5000	42060	239688	56	-9	0.37	0.37	0	
16/12/2011 07:44:35	TASTEGGIO	0	1	5000	42060	239688	85	-21	0.19	0.19	0	
16/12/2011 07:44:36	ALARM 401		
16/12/2011 07:44:39	ALARM 205		err.6058
16/12/2011 07:44:54	TASTEGGIO	0	1	5000	42060	157722	85	-21	0.09	0.19	-119500	
16/12/2011 07:45:19	TASTEGGIO	1	0	5000	42060	277184	49	-15	0.07	0.07	0	
16/12/2011 07:45:31	TASTEGGIO	1	0	5000	42060	157720	49	-15	0.15	0.15	0	
16/12/2011 07:47:27	TASTEGGIO	1	0	5000	42060	157729	49	-15	0.25	0.38	-82000	
16/12/2011 07:47:50	TASTEGGIO	1	0	5000	42060	239691	54	-9	0.31	0.31	0	
16/12/2011 07:48:11	TASTEGGIO	0	1	5000	42060	239691	79	-18	0.15	0.15	0	
16/12/2011 07:48:12	ALARM 401		
16/12/2011 07:48:14	ALARM 205		err.6058
16/12/2011 07:48:30	TASTEGGIO	0	1	5000	42060	157724	79	-18	0.13	0.26	-119500	
16/12/2011 07:48:54	TASTEGGIO	1	0	5000	42060	277186	51	-11	0.15	0.15	0	
16/12/2011 07:48:56	ALARM 401		
16/12/2011 07:48:59	ALARM 401		
16/12/2011 07:49:17	TASTEGGIO	1	0	5000	42060	157736	51	-11	0.12	0.17	-119500	
16/12/2011 07:49:42	TASTEGGIO	1	0	5000	42060	277197	49	-3	0.14	0.14	0	
16/12/2011 07:49:55	TASTEGGIO	1	0	5000	42060	157728	49	-3	0.12	0.17	82800	
16/12/2011 07:49:57	ALARM 401		
16/12/2011 07:50:51	TASTEGGIO	1	0	5000	42060	157726	49	-3	0.13	0.16	82800	
16/12/2011 07:52:52	TASTEGGIO	1	0	5000	42060	161269	49	-3	0.92	0.92	0	
16/12/2011 07:53:12	TASTEGGIO	1	0	5000	42060	161273	68	-18	0.74	0.74	0	
16/12/2011 07:53:32	TASTEGGIO	0	1	5000	42060	161273	127	-115	0.51	0.51	0	
16/12/2011 07:53:34	ALARM 401		
16/12/2011 07:53:37	ALARM 205		err.6058
16/12/2011 07:53:49	TASTEGGIO	0	1	5000	42060	161269	127	-115	0.48	0.48	0	
16/12/2011 07:54:11	TASTEGGIO	1	0	5000	42060	161273	57	-71	0.29	0.29	0	
16/12/2011 07:54:31	TASTEGGIO	0	1	5000	42060	161273	39	-107	0.83	0.83	0	
16/12/2011 07:54:47	TASTEGGIO	0	1	5000	42060	161273	0	-2	0.79	0.79	0	
16/12/2011 07:55:07	TASTEGGIO	0	2	5000	42060	161273	150	-138	0.58	0.58	0	
16/12/2011 07:55:28	TASTEGGIO	0	1	5000	42060	161273	107	-142	0.89	0.89	0	
16/12/2011 07:55:43	TASTEGGIO	0	1	5000	42060	161273	0	-9	0.79	0.79	0	
16/12/2011 07:55:47	ALARM 401		
16/12/2011 07:56:03	TASTEGGIO	0	2	5000	42060	161269	140	-9	0.75	0.75	0	
16/12/2011 07:56:25	TASTEGGIO	1	0	5000	42060	161273	63	-9	0.67	0.67	0	
16/12/2011 07:56:45	TASTEGGIO	0	1	5000	42060	161273	122	-42	0.25	0.25	0	
16/12/2011 07:56:46	ALARM 401		
16/12/2011 07:56:48	ALARM 205		err.6059
16/12/2011 07:56:59	TASTEGGIO	0	1	5000	42060	161269	122	-42	0.23	0.32	-82000	
16/12/2011 07:57:23	TASTEGGIO	1	0	5000	42060	243232	53	-22	0.16	0.16	0	
16/12/2011 07:57:26	ALARM 218	proc 12 prog 85 step 19	go_abs 3 cmd 11
16/12/2011 07:57:29	ALARM 203		err.6058
16/12/2011 07:57:45	TASTEGGIO	0	0	5000	42060	161283	49	0	0.11	0.21	82800	
16/12/2011 07:58:08	TASTEGGIO	1	0	5000	42060	78526	50	-9	0.16	0.16	0	
16/12/2011 07:58:10	ALARM 401		
16/12/2011 07:58:14	ALARM 401		
16/12/2011 07:58:14	ALARM 401		
16/12/2011 07:58:35	TASTEGGIO	1	0	5000	42060	160896	50	-9	0.14	0.20	120300	
16/12/2011 07:58:57	TASTEGGIO	1	0	5000	42060	40653	50	-23	0.08	0.08	0	
16/12/2011 07:59:10	TASTEGGIO	1	0	5000	42060	160903	50	-23	0.10	0.17	-82000	
16/12/2011 07:59:34	TASTEGGIO	1	0	5000	42060	242868	49	-22	0.07	0.07	0	
16/12/2011 07:59:45	TASTEGGIO	1	0	5000	42060	161265	49	-22	0.05	0.07	-82000	
16/12/2011 08:01:46	TASTEGGIO	1	0	5000	42060	161862	49	-22	0.57	0.88	82800	
16/12/2011 08:02:06	TASTEGGIO	1	0	5000	42060	79123	67	-2	0.89	0.89	0	
16/12/2011 08:02:26	TASTEGGIO	0	1	5000	42060	79119	157	-49	0.45	0.45	0	
16/12/2011 08:02:27	ALARM 401		
16/12/2011 08:02:30	ALARM 205		err.6059
16/12/2011 08:02:46	TASTEGGIO	0	1	5000	42060	161510	157	-49	0.30	0.71	-82000	
16/12/2011 08:03:09	TASTEGGIO	1	0	5000	42060	243475	62	-9	0.62	0.62	0	
16/12/2011 08:03:29	TASTEGGIO	0	1	5000	42060	243475	116	-33	0.27	0.27	0	
16/12/2011 08:03:30	ALARM 401		
16/12/2011 08:03:34	ALARM 205		err.6058
16/12/2011 08:03:49	TASTEGGIO	0	1	5000	42060	161872	116	-33	0.25	0.45	120300	
16/12/2011 08:04:11	TASTEGGIO	1	0	5000	42060	41623	56	-26	0.23	0.23	0	
16/12/2011 08:04:28	TASTEGGIO	0	1	5000	42060	41620	67	-14	0.10	0.10	0	
16/12/2011 08:04:40	TASTEGGIO	0	1	5000	42060	161510	67	-14	0.06	0.39	-119500	
16/12/2011 08:05:05	TASTEGGIO	1	0	5000	42060	280975	54	-10	0.28	0.28	0	
16/12/2011 08:05:23	TASTEGGIO	0	1	5000	42060	280975	74	-6	0.22	0.22	0	
16/12/2011 08:05:44	TASTEGGIO	0	2	5000	42060	280975	98	-10	0.15	0.15	0	
16/12/2011 08:05:47	ALARM 401		
16/12/2011 08:05:49	ALARM 401		
16/12/2011 08:05:49	ALARM 401		
16/12/2011 08:06:07	TASTEGGIO	0	2	5000	42060	161855	98	-10	0.20	0.23	82800	
16/12/2011 08:06:29	TASTEGGIO	1	0	5000	42060	79109	50	0	0.19	0.19	0	
16/12/2011 08:06:48	TASTEGGIO	0	1	5000	42060	79108	65	0	0.18	0.18	0	
16/12/2011 08:07:07	TASTEGGIO	0	2	5000	42060	79108	99	-8	0.10	0.10	0	
16/12/2011 08:07:19	TASTEGGIO	0	2	5000	42060	161521	99	-8	0.24	0.24	0	
16/12/2011 08:07:41	TASTEGGIO	1	0	5000	42060	161516	51	-76	0.53	0.53	0	
16/12/2011 08:07:59	TASTEGGIO	0	1	5000	42060	161516	0	-12	0.42	0.42	0	
16/12/2011 08:08:19	TASTEGGIO	0	2	5000	42060	161516	47	-34	0.25	0.25	0	
16/12/2011 08:08:20	ALARM 401		
16/12/2011 08:08:23	ALARM 401		
16/12/2011 08:08:23	ALARM 401		
16/12/2011 08:08:37	TASTEGGIO	0	2	5000	42060	161521	47	-34	0.25	0.34	82800	
16/12/2011 08:09:00	TASTEGGIO	1	0	5000	42060	78791	53	0	0.32	0.32	0	
16/12/2011 08:09:18	TASTEGGIO	0	1	5000	42060	78784	83	-1	0.32	0.32	0	
16/12/2011 08:09:39	TASTEGGIO	0	2	5000	42060	78778	147	-53	0.32	0.32	0	
16/12/2011 08:09:58	TASTEGGIO	0	1	5000	42060	78775	115	-30	0.09	0.09	0	
16/12/2011 08:10:10	TASTEGGIO	0	1	5000	42060	161508	115	-30	0.02	0.21	120300	
16/12/2011 08:10:33	TASTEGGIO	1	0	5000	42060	41276	50	-3	0.16	0.16	0	
16/12/2011 08:10:34	ALARM 218	proc 12 prog 73 step 17	go_abs 5 cmd 11
16/12/2011 08:10:36	ALARM 401		
16/12/2011 08:10:55	TASTEGGIO	1	0	5000	42060	161516	50	-3	0.04	0.19	-119500	
16/12/2011 08:11:20	TASTEGGIO	1	0	5000	42060	280980	49	0	0.20	0.20	0	
16/12/2011 08:11:40	TASTEGGIO	0	1	5000	42060	280980	70	0	0.19	0.19	0	
16/12/2011 08:11:59	TASTEGGIO	0	2	5000	42060	280981	106	-4	0.16	0.16	0	
16/12/2011 08:12:00	ALARM 401		
16/12/2011 08:12:18	TASTEGGIO	0	2	5000	42060	161857	106	-4	0.03	0.18	120300	
16/12/2011 08:12:41	TASTEGGIO	1	0	5000	42060	41596	49	-1	0.17	0.17	0	
16/12/2011 08:12:59	TASTEGGIO	0	1	5000	42060	41595	65	-2	0.15	0.15	0	
16/12/2011 08:13:02	ALARM 401		
16/12/2011 08:13:04	ALARM 401		
16/12/2011 08:13:05	ALARM 401		
16/12/2011 08:13:23	TASTEGGIO	0	2	5000	42060	161517	91	0	0.03	0.17	-82000	
16/12/2011 08:13:47	TASTEGGIO	1	0	5000	42060	243481	49	0	0.15	0.15	0	
16/12/2011 08:14:06	TASTEGGIO	0	1	5000	42060	243481	62	-14	0.07	0.07	0	
16/12/2011 08:14:18	TASTEGGIO	0	1	5000	42060	161861	62	-14	0.11	0.16	120300	
16/12/2011 08:15:36	ALARM 17	proc 12 prog 10 step 47	LavoroTerminato
16/12/2011 13:28:56	ALARM 406		
20/12/2011 06:51:53	ALARM 401		
20/12/2011 06:51:55	INIT OK
20/12/2011 06:55:58	ALARM 602	proc 6 prog 26 step 38	ASPETTA 62
20/12/2011 06:56:27	ALARM 602	proc 6 prog 26 step 38	ASPETTA 62
20/12/2011 06:57:52	ALARM 602	proc 2 prog 26 step 38	ASPETTA 62
20/12/2011 07:00:48	ALARM 10	proc 12 prog 106 step 13	Tondo non presente su rulliera
20/12/2011 07:01:04	ALARM 10	proc 12 prog 106 step 13	Tondo non presente su rulliera
20/12/2011 07:01:11	ALARM 10	proc 12 prog 106 step 13	Tondo non presente su rulliera
20/12/2011 07:01:55	ALARM 10	proc 12 prog 37 step 30	Tondo non presente su rulliera
20/12/2011 07:02:12	ALARM 4	proc 12 prog 64 step 12	Tondo presente su carrello 1
20/12/2011 07:02:58	ALARM 401		
20/12/2011 07:03:42	ALARM 18	proc 1 prog 2 step 5	Tondo Non Presente Su Carrello 1
20/12/2011 07:03:53	ALARM 401		
20/12/2011 07:03:56	ALARM 401		
20/12/2011 07:03:57	ALARM 401		
20/12/2011 07:04:00	ALARM 18	proc 1 prog 2 step 5	Tondo Non Presente Su Carrello 1
20/12/2011 07:04:02	ALARM 18	proc 1 prog 2 step 5	Tondo Non Presente Su Carrello 1
20/12/2011 07:04:34	ALARM 18	proc 1 prog 2 step 5	Tondo Non Presente Su Carrello 1
20/12/2011 07:04:38	ALARM 18	proc 1 prog 2 step 5	Tondo Non Presente Su Carrello 1
20/12/2011 07:05:24	ALARM 18	proc 1 prog 2 step 5	Tondo Non Presente Su Carrello 1
20/12/2011 07:05:26	ALARM 18	proc 1 prog 2 step 5	Tondo Non Presente Su Carrello 1
20/12/2011 07:05:28	ALARM 18	proc 1 prog 2 step 5	Tondo Non Presente Su Carrello 1
20/12/2011 07:05:28	ALARM 19	proc 1 prog 2 step 10	Tondo Non Presente Su Carrello 2
20/12/2011 07:05:31	ALARM 401		
20/12/2011 07:05:35	ALARM 401		
20/12/2011 07:05:36	ALARM 18	proc 1 prog 2 step 5	Tondo Non Presente Su Carrello 1
20/12/2011 07:07:05	ALARM 401		
20/12/2011 07:07:06	ALARM 401		
20/12/2011 07:07:07	ALARM 401		
20/12/2011 07:07:16	ALARM 18	proc 1 prog 2 step 5	Tondo Non Presente Su Carrello 1
20/12/2011 07:10:18	ALARM 401		
20/12/2011 07:10:20	INIT OK
20/12/2011 07:12:30	ALARM 602	proc 6 prog 26 step 38	ASPETTA 62
20/12/2011 07:13:29	ALARM 602	proc 6 prog 26 step 38	ASPETTA 62
20/12/2011 07:15:37	ALARM 602	proc 2 prog 26 step 38	ASPETTA 62
20/12/2011 07:16:19	ALARM 14	proc 12 prog 31 step 22	Bracc. centrali non in fuori ingombro rullBracc. centrali non in fuori ingombro presCarrello 1 non  in pos. per spostare il tLavoroTerminato
20/12/2011 07:16:42	ALARM 23	proc 12 prog 130 step 24	Pressa non su
20/12/2011 07:16:48	ALARM 23	proc 12 prog 130 step 24	Pressa non su
20/12/2011 07:17:36	ALARM 14	proc 12 prog 32 step 22	Bracc. centrali non in fuori ingombro rullBracc. centrali non in fuori ingombro presCarrello 1 non  in pos. per spostare il tLavoroTerminato
20/12/2011 07:18:10	ALARM 10	proc 12 prog 37 step 30	Tondo non presente su rulliera
20/12/2011 07:18:29	ALARM 401		
20/12/2011 07:20:55	ALARM 10	proc 12 prog 37 step 30	Tondo non presente su rulliera
20/12/2011 07:21:48	ALARM 401		
20/12/2011 07:23:07	ALARM 14	proc 12 prog 32 step 22	Bracc. centrali non in fuori ingombro rullBracc. centrali non in fuori ingombro presCarrello 1 non  in pos. per spostare il tLavoroTerminato
20/12/2011 07:23:22	ALARM 23	proc 12 prog 130 step 24	Pressa non su
20/12/2011 07:25:30	ALARM 26	proc 12 prog 1 step 4	Macchina non azzerata
20/12/2011 07:29:35	TASTEGGIO	0	0	5000	42060	157823	0	0	1.35	1.35	0	
20/12/2011 07:29:53	TASTEGGIO	1	0	5000	42060	157827	79	1	1.36	1.36	0	
20/12/2011 07:30:14	TASTEGGIO	0	1	5000	42060	157827	216	-103	0.35	0.35	0	
20/12/2011 07:30:15	ALARM 401		
20/12/2011 07:30:19	ALARM 201		err.6059
20/12/2011 07:30:30	TASTEGGIO	0	1	5000	42060	157823	216	-103	0.33	0.88	-82000	
20/12/2011 07:30:52	TASTEGGIO	1	0	5000	42060	239787	67	-4	0.88	0.88	0	
20/12/2011 07:31:11	TASTEGGIO	0	1	5000	42060	239787	155	-35	0.53	0.53	0	
20/12/2011 07:31:34	TASTEGGIO	0	2	5000	42060	239787	200	-123	0.76	0.76	0	
20/12/2011 07:31:52	TASTEGGIO	0	1	5000	42060	239787	91	-23	0.51	0.51	0	
20/12/2011 07:31:56	ALARM 401		
20/12/2011 07:31:59	ALARM 203		err.6059
20/12/2011 07:32:16	TASTEGGIO	0	2	5000	42061	157832	139	0	0.58	0.58	0	
20/12/2011 07:32:38	TASTEGGIO	1	0	5000	42061	157835	59	-33	0.31	0.31	0	
20/12/2011 07:32:57	TASTEGGIO	0	1	5000	42061	157835	75	-67	0.36	0.36	0	
20/12/2011 07:33:17	TASTEGGIO	0	1	5000	42061	157835	33	-58	0.83	0.83	0	
20/12/2011 07:33:37	TASTEGGIO	0	1	5000	42061	157835	0	-45	1.15	1.15	0	
20/12/2011 07:33:40	ALARM 401		
20/12/2011 07:33:43	ALARM 203		err.6058
20/12/2011 07:33:54	TASTEGGIO	0	2	5000	42061	157832	318	0	1.12	1.12	0	
20/12/2011 07:34:14	TASTEGGIO	1	0	5000	42061	157835	73	-15	1.00	1.00	0	
20/12/2011 07:34:34	TASTEGGIO	0	1	5000	42061	157835	162	-69	0.31	0.31	0	
20/12/2011 07:34:35	ALARM 401		
20/12/2011 07:34:38	ALARM 401		
20/12/2011 07:34:39	ALARM 401		
20/12/2011 07:34:53	TASTEGGIO	0	1	5000	42061	157831	162	-69	0.31	0.32	-119500	
20/12/2011 07:35:17	TASTEGGIO	1	0	5000	42061	277297	53	-12	0.21	0.21	0	
20/12/2011 07:35:37	TASTEGGIO	0	1	5000	42061	277297	66	-5	0.18	0.18	0	
20/12/2011 07:35:38	ALARM 401		
20/12/2011 07:35:42	ALARM 205		err.6058
20/12/2011 07:35:57	TASTEGGIO	0	1	5000	42061	157828	66	-5	0.23	0.28	-82000	
20/12/2011 07:36:20	TASTEGGIO	1	0	5000	42061	239789	52	-3	0.29	0.29	0	
20/12/2011 07:36:40	TASTEGGIO	0	1	5000	42061	239789	82	-16	0.15	0.15	0	
20/12/2011 07:36:42	ALARM 401		
20/12/2011 07:36:44	ALARM 401		
20/12/2011 07:36:45	ALARM 401		
20/12/2011 07:37:03	TASTEGGIO	0	1	5000	42061	157832	82	-16	0.15	0.29	44500	
20/12/2011 07:37:25	TASTEGGIO	1	0	5000	42061	113375	52	-12	0.25	0.25	0	
20/12/2011 07:37:44	TASTEGGIO	0	1	5000	42061	113375	73	-30	0.07	0.07	0	
20/12/2011 07:37:54	TASTEGGIO	0	1	5000	42061	157590	73	-30	0.24	0.31	-82000	
20/12/2011 07:38:19	TASTEGGIO	1	0	5000	42061	239551	52	-6	0.25	0.25	0	
20/12/2011 07:38:39	TASTEGGIO	0	1	5000	42061	239552	72	-9	0.20	0.20	0	
20/12/2011 07:38:59	TASTEGGIO	0	2	5000	42061	239552	94	-61	0.43	0.43	0	
20/12/2011 07:39:15	TASTEGGIO	0	1	5000	42061	239552	1	-6	0.37	0.37	0	
20/12/2011 07:39:33	TASTEGGIO	0	2	5000	42061	239552	64	-9	0.28	0.28	0	
20/12/2011 07:39:52	TASTEGGIO	0	3	5000	42061	239552	100	-21	0.10	0.10	0	
20/12/2011 07:40:03	TASTEGGIO	0	3	5000	42061	157842	100	-21	0.09	0.28	-119500	
20/12/2011 07:40:27	TASTEGGIO	1	0	5000	42061	277305	52	-5	0.23	0.23	0	
20/12/2011 07:40:46	TASTEGGIO	0	1	5000	42061	277305	70	-2	0.21	0.21	0	
20/12/2011 07:41:06	TASTEGGIO	0	2	5000	42061	277305	108	-7	0.14	0.14	0	
20/12/2011 07:41:18	TASTEGGIO	0	2	5000	42061	157832	108	-7	0.10	0.15	-119500	
20/12/2011 07:43:20	TASTEGGIO	0	2	5000	42060	161182	108	-7	0.34	0.34	0	
20/12/2011 07:43:41	TASTEGGIO	1	0	5000	42060	161186	53	-47	0.15	0.15	0	
20/12/2011 07:43:45	ALARM 218	proc 12 prog 85 step 19	go_abs 3 cmd 11
20/12/2011 07:43:59	TASTEGGIO	0	1	5000	42060	161182	46	0	0.14	0.15	120300	
20/12/2011 07:45:59	TASTEGGIO	0	1	5000	42060	157729	46	0	0.81	0.81	0	
20/12/2011 07:46:20	TASTEGGIO	1	0	5000	42060	157734	65	-13	0.71	0.71	0	
20/12/2011 07:46:39	TASTEGGIO	0	1	5000	42060	157734	127	-96	0.34	0.34	0	
20/12/2011 07:46:40	ALARM 401		
20/12/2011 07:46:43	ALARM 401		
20/12/2011 07:46:43	ALARM 401		
20/12/2011 07:46:58	TASTEGGIO	0	1	5000	42060	157729	127	-96	0.33	0.60	-119500	
20/12/2011 07:47:22	TASTEGGIO	1	0	5000	42061	277189	60	-11	0.49	0.49	0	
20/12/2011 07:47:39	TASTEGGIO	0	1	5000	42061	277189	100	-6	0.41	0.41	0	
20/12/2011 07:47:59	TASTEGGIO	0	2	5000	42061	277189	168	-28	0.21	0.21	0	
20/12/2011 07:48:00	ALARM 401		
20/12/2011 07:48:02	ALARM 401		
20/12/2011 07:48:03	ALARM 401		
20/12/2011 07:48:21	TASTEGGIO	0	2	5000	42061	157723	168	-28	0.44	0.44	0	
20/12/2011 07:48:42	TASTEGGIO	1	0	5000	42061	157726	56	-24	0.25	0.25	0	
20/12/2011 07:49:02	TASTEGGIO	0	1	5000	42061	157726	70	-45	0.23	0.23	0	
20/12/2011 07:49:21	TASTEGGIO	0	1	5000	42061	157726	48	-51	0.39	0.39	0	
20/12/2011 07:49:38	TASTEGGIO	0	1	5000	42061	157726	0	-3	0.31	0.31	0	
20/12/2011 07:49:57	TASTEGGIO	0	2	5000	42061	157726	34	-14	0.18	0.18	0	
20/12/2011 07:49:58	ALARM 401		
20/12/2011 07:50:12	TASTEGGIO	0	2	5000	42061	157722	34	-14	0.20	0.29	-119500	
20/12/2011 07:50:37	TASTEGGIO	1	0	5000	42061	277182	52	-8	0.22	0.22	0	
20/12/2011 07:50:55	TASTEGGIO	0	1	5000	42061	277182	68	-3	0.20	0.20	0	
20/12/2011 07:50:59	ALARM 401		
20/12/2011 07:51:02	ALARM 401		
20/12/2011 07:51:02	ALARM 401		
20/12/2011 07:51:25	TASTEGGIO	0	2	5000	42061	157732	104	0	0.27	0.27	0	
20/12/2011 07:51:47	TASTEGGIO	1	0	5000	42061	157735	51	-18	0.08	0.08	0	
20/12/2011 07:51:54	TASTEGGIO	1	0	5000	42061	157730	51	-18	0.06	0.25	-119500	
20/12/2011 07:52:19	TASTEGGIO	1	0	5000	42061	277189	51	-2	0.22	0.22	0	
20/12/2011 07:52:38	TASTEGGIO	0	1	5000	42061	277190	70	0	0.21	0.21	0	
20/12/2011 07:52:58	TASTEGGIO	0	2	5000	42061	277190	110	-3	0.19	0.19	0	
20/12/2011 07:53:18	TASTEGGIO	0	3	5000	42061	277190	161	-13	0.08	0.08	0	
20/12/2011 07:53:30	TASTEGGIO	0	3	5000	42061	157735	161	-13	0.17	0.17	0	
20/12/2011 07:53:31	ALARM 401		
20/12/2011 07:53:34	ALARM 201		err.6059
20/12/2011 07:53:48	TASTEGGIO	0	3	5000	42061	157734	161	-13	0.16	0.18	24500	
20/12/2011 07:54:11	TASTEGGIO	1	0	5000	42061	133274	49	-32	0.15	0.15	0	
20/12/2011 07:54:15	ALARM 401		
20/12/2011 07:54:30	TASTEGGIO	0	1	5000	42061	157486	36	-32	0.18	0.18	0	
20/12/2011 07:54:53	TASTEGGIO	1	0	5000	42061	157481	49	-32	0.16	0.16	0	
20/12/2011 07:55:13	TASTEGGIO	0	1	5000	42061	157481	34	-14	0.28	0.28	0	
20/12/2011 07:55:18	ALARM 401		
20/12/2011 07:55:21	ALARM 203		err.6058
20/12/2011 07:55:35	TASTEGGIO	0	2	5000	42061	157485	132	0	0.27	0.27	0	
20/12/2011 07:55:57	TASTEGGIO	1	0	5000	42061	157481	51	-17	0.10	0.10	0	
20/12/2011 07:56:05	TASTEGGIO	1	0	5000	42061	157485	51	-17	0.10	0.12	82800	
20/12/2011 07:58:04	TASTEGGIO	1	0	5000	42060	161177	51	-17	0.60	0.74	-119500	
20/12/2011 07:58:27	TASTEGGIO	1	0	5000	42060	280643	63	-8	0.69	0.69	0	
20/12/2011 07:58:45	TASTEGGIO	0	1	5000	42060	280643	127	-17	0.54	0.54	0	
20/12/2011 07:59:06	TASTEGGIO	0	2	5000	42060	280644	186	-36	0.19	0.19	0	
20/12/2011 07:59:07	ALARM 401		
20/12/2011 07:59:10	ALARM 201		err.6059
20/12/2011 07:59:26	TASTEGGIO	0	2	5000	42061	161178	186	-36	0.51	0.55	82800	
20/12/2011 07:59:49	TASTEGGIO	1	0	5000	42061	78441	58	-6	0.56	0.56	0	
20/12/2011 08:00:08	TASTEGGIO	0	1	5000	42061	78440	115	-13	0.44	0.44	0	
20/12/2011 08:00:29	TASTEGGIO	0	2	5000	42061	78439	163	-62	0.29	0.29	0	
20/12/2011 08:00:50	TASTEGGIO	0	1	5000	42061	78439	143	-67	0.91	0.91	0	
20/12/2011 08:01:10	TASTEGGIO	0	1	5000	42061	78438	0	-2	0.92	0.92	0	
20/12/2011 08:01:30	TASTEGGIO	0	2	5000	42061	78437	186	-62	0.38	0.38	0	
20/12/2011 08:01:47	TASTEGGIO	0	0	5000	42061	78437	54	-3	0.35	0.35	0	
20/12/2011 08:01:48	ALARM 401		
20/12/2011 08:01:52	ALARM 205		err.6058
20/12/2011 08:02:09	TASTEGGIO	0	0	5000	42061	160794	54	-3	0.10	0.33	82800	
20/12/2011 08:02:33	TASTEGGIO	1	0	5000	42061	78081	53	1	0.34	0.34	0	
20/12/2011 08:02:51	TASTEGGIO	0	1	5000	42061	78074	88	-8	0.25	0.25	0	
20/12/2011 08:03:11	TASTEGGIO	0	2	5000	42061	78067	113	-18	0.08	0.08	0	
20/12/2011 08:03:22	TASTEGGIO	0	2	5000	42061	160793	113	-18	0.09	0.23	-119500	
20/12/2011 08:03:46	TASTEGGIO	1	0	5000	42061	280260	50	-4	0.22	0.22	0	
20/12/2011 08:04:04	TASTEGGIO	0	1	5000	42061	280260	71	-7	0.17	0.17	0	
20/12/2011 08:04:09	ALARM 401		
20/12/2011 08:04:11	ALARM 401		
20/12/2011 08:04:12	ALARM 401		
20/12/2011 08:04:32	TASTEGGIO	0	2	5000	42061	161171	89	0	0.12	0.23	-82000	
20/12/2011 08:04:56	TASTEGGIO	1	0	5000	42061	243135	50	-19	0.10	0.10	0	
20/12/2011 08:05:08	TASTEGGIO	1	0	5000	42061	161177	50	-19	0.05	0.19	-119500	
20/12/2011 08:05:32	TASTEGGIO	1	0	5000	42061	280629	49	-3	0.17	0.17	0	
20/12/2011 08:05:50	TASTEGGIO	0	1	5000	42061	280629	64	-5	0.13	0.13	0	
20/12/2011 08:06:02	TASTEGGIO	0	1	5000	42061	161177	64	-5	0.08	0.13	-119500	
20/12/2011 08:08:01	TASTEGGIO	0	1	5000	42060	158406	64	-5	0.66	0.66	0	
20/12/2011 08:08:22	TASTEGGIO	1	0	5000	42060	158410	61	-23	0.46	0.46	0	
20/12/2011 08:08:41	TASTEGGIO	0	1	5000	42060	158410	93	-61	0.16	0.16	0	
20/12/2011 08:08:44	ALARM 401		
20/12/2011 08:08:59	TASTEGGIO	0	1	5000	42061	158406	93	-61	0.13	0.26	-119500	
20/12/2011 08:09:23	TASTEGGIO	1	0	5000	42061	277867	51	-11	0.19	0.19	0	
20/12/2011 08:09:41	TASTEGGIO	0	1	5000	42061	277867	64	-7	0.10	0.10	0	
20/12/2011 08:09:53	TASTEGGIO	0	1	5000	42061	158390	64	-7	0.22	0.22	0	
20/12/2011 08:10:15	TASTEGGIO	1	0	5000	42061	158394	50	-61	0.47	0.47	0	
20/12/2011 08:10:33	TASTEGGIO	0	1	5000	42061	158394	0	-8	0.36	0.36	0	
20/12/2011 08:10:52	TASTEGGIO	0	2	5000	42061	158394	38	-16	0.19	0.19	0	
20/12/2011 08:10:54	ALARM 401		
20/12/2011 08:10:57	ALARM 205		err.6059
20/12/2011 08:11:09	TASTEGGIO	0	2	5000	42061	158390	38	-16	0.19	0.24	-82000	
20/12/2011 08:11:33	TASTEGGIO	1	0	5000	42061	240346	51	-14	0.14	0.14	0	
20/12/2011 08:11:44	TASTEGGIO	1	0	5000	42061	158394	51	-14	0.13	0.13	-82000	
20/12/2011 08:13:43	TASTEGGIO	1	0	5000	42060	161086	51	-14	1.13	1.13	0	
20/12/2011 08:14:02	TASTEGGIO	1	0	5000	42060	161090	73	-5	1.08	1.08	0	
20/12/2011 08:14:23	TASTEGGIO	0	1	5000	42060	161090	176	-140	0.39	0.39	0	
20/12/2011 08:14:24	ALARM 401		
20/12/2011 08:14:29	ALARM 205		err.6059
20/12/2011 08:14:43	TASTEGGIO	0	1	5000	42060	161086	176	-140	0.37	0.37	0	
20/12/2011 08:15:05	TASTEGGIO	1	0	5000	42061	161090	54	-51	0.25	0.25	0	
20/12/2011 08:15:24	TASTEGGIO	0	1	5000	42061	161090	37	-51	0.34	0.34	0	
20/12/2011 08:15:42	TASTEGGIO	0	1	5000	42061	161090	0	-5	0.26	0.26	0	
20/12/2011 08:16:01	TASTEGGIO	0	2	5000	42061	161090	28	-4	0.20	0.20	0	
20/12/2011 08:16:21	TASTEGGIO	0	3	5000	42061	161090	54	-32	0.12	0.12	0	
20/12/2011 08:16:28	TASTEGGIO	0	3	5000	42061	161086	54	-32	0.11	0.41	-119500	
20/12/2011 08:16:53	TASTEGGIO	1	0	5000	42061	280539	55	-12	0.29	0.29	0	
20/12/2011 08:17:11	TASTEGGIO	0	1	5000	42061	280539	75	-13	0.18	0.18	0	
20/12/2011 08:17:13	ALARM 401		
20/12/2011 08:17:15	ALARM 401		
20/12/2011 08:17:16	ALARM 401		
20/12/2011 08:17:35	TASTEGGIO	0	1	5000	42061	161091	75	-13	0.11	0.18	-119500	
20/12/2011 08:18:00	TASTEGGIO	1	0	5000	42061	280548	49	-5	0.14	0.14	0	
20/12/2011 08:18:12	TASTEGGIO	1	0	5000	42061	161092	49	-5	0.12	0.16	-119500	
20/12/2011 08:18:36	TASTEGGIO	1	0	5000	42061	280548	49	-1	0.13	0.13	0	
20/12/2011 08:18:49	TASTEGGIO	1	0	5000	42061	161081	49	-1	0.12	0.13	120300	
20/12/2011 08:20:44	TASTEGGIO	1	0	5000	42060	161268	49	-1	1.60	1.60	0	
20/12/2011 08:21:03	TASTEGGIO	1	0	5000	42060	161272	85	0	1.60	1.60	0	
20/12/2011 08:21:25	TASTEGGIO	0	1	5000	42060	161272	245	-143	0.58	0.58	0	
20/12/2011 08:21:44	TASTEGGIO	0	0	5000	42060	161272	59	-15	0.40	0.40	0	
20/12/2011 08:22:05	TASTEGGIO	0	1	5000	42060	161272	86	-34	0.07	0.07	0	
20/12/2011 08:22:12	TASTEGGIO	0	1	5000	42060	161267	86	-34	0.08	0.89	-119500	
20/12/2011 08:22:36	TASTEGGIO	1	0	5000	42060	280728	67	-8	0.84	0.84	0	
20/12/2011 08:22:54	TASTEGGIO	0	1	5000	42060	280728	146	-17	0.65	0.65	0	
20/12/2011 08:23:16	TASTEGGIO	0	2	5000	42060	280728	217	-51	0.18	0.18	0	
20/12/2011 08:23:18	ALARM 401		
20/12/2011 08:23:21	ALARM 205		err.6058
20/12/2011 08:23:37	TASTEGGIO	0	2	5000	42061	161286	217	-51	0.45	0.45	0	
20/12/2011 08:23:59	TASTEGGIO	1	0	5000	42061	161288	56	-65	0.27	0.27	0	
20/12/2011 08:24:18	TASTEGGIO	0	1	5000	42061	161288	39	-30	0.10	0.10	0	
20/12/2011 08:24:26	TASTEGGIO	0	1	5000	42061	161283	39	-30	0.09	0.38	-82000	
20/12/2011 08:24:50	TASTEGGIO	1	0	5000	42061	243245	54	-16	0.24	0.24	0	
20/12/2011 08:25:09	TASTEGGIO	0	1	5000	42061	243245	69	-14	0.11	0.11	0	
20/12/2011 08:25:20	TASTEGGIO	0	1	5000	42061	161288	69	-14	0.10	0.29	82800	
20/12/2011 08:25:43	TASTEGGIO	1	0	5000	42061	78527	52	-7	0.19	0.19	0	
20/12/2011 08:26:02	TASTEGGIO	0	1	5000	42061	78522	64	-11	0.15	0.15	0	
20/12/2011 08:26:21	TASTEGGIO	0	2	5000	42061	78522	80	-20	0.12	0.12	0	
20/12/2011 08:26:32	TASTEGGIO	0	2	5000	42061	160911	80	-20	0.30	0.30	0	
20/12/2011 08:26:55	TASTEGGIO	1	0	5000	42061	160906	52	-44	0.13	0.13	0	
20/12/2011 08:27:02	TASTEGGIO	1	0	5000	42061	160913	52	-44	0.13	0.21	-82000	
20/12/2011 08:27:27	TASTEGGIO	1	0	5000	42061	242870	50	-6	0.17	0.17	0	
20/12/2011 08:27:30	ALARM 401		
20/12/2011 08:27:36	ALARM 401		
20/12/2011 08:27:37	ALARM 401		
20/12/2011 08:27:37	ALARM 401		
20/12/2011 08:27:38	ALARM 401		
20/12/2011 08:27:41	ALARM 201		err.6059
20/12/2011 08:27:57	TASTEGGIO	1	0	5000	42061	161281	50	-6	0.09	0.19	82800	
20/12/2011 08:28:21	TASTEGGIO	1	0	5000	42061	78534	49	0	0.17	0.17	0	
20/12/2011 08:28:38	TASTEGGIO	0	1	5000	42061	78530	64	0	0.17	0.17	0	
20/12/2011 08:28:39	ALARM 401		
20/12/2011 08:28:46	ALARM 401		
20/12/2011 08:28:47	ALARM 401		
20/12/2011 08:29:15	TASTEGGIO	0	1	5000	42061	160926	64	0	0.08	0.19	82800	
20/12/2011 08:29:37	TASTEGGIO	1	0	5000	42061	78202	49	0	0.17	0.17	0	
20/12/2011 08:29:55	TASTEGGIO	0	1	5000	42061	78197	64	-1	0.18	0.18	0	
20/12/2011 08:30:15	TASTEGGIO	0	2	5000	42061	78194	102	-7	0.10	0.10	0	
20/12/2011 08:30:27	TASTEGGIO	0	2	5000	42061	160915	102	-7	0.05	0.15	-119500	
20/12/2011 08:32:21	TASTEGGIO	0	2	5000	42060	161083	102	-7	0.91	0.91	0	
20/12/2011 08:32:42	TASTEGGIO	1	0	5000	42060	161088	67	-6	0.85	0.85	0	
20/12/2011 08:33:02	TASTEGGIO	0	1	5000	42060	161088	146	-91	0.26	0.26	0	
20/12/2011 08:33:04	ALARM 401		
20/12/2011 08:33:07	ALARM 205		err.6058
20/12/2011 08:33:20	TASTEGGIO	0	1	5000	42061	161083	146	-91	0.25	0.53	-119500	
20/12/2011 08:33:44	TASTEGGIO	1	0	5000	42061	280538	58	-11	0.43	0.43	0	
20/12/2011 08:34:02	TASTEGGIO	0	1	5000	42061	280539	92	-9	0.34	0.34	0	
20/12/2011 08:34:07	ALARM 401		
20/12/2011 08:34:10	ALARM 203		err.6058
20/12/2011 08:34:25	TASTEGGIO	0	2	5000	42061	161079	130	0	0.22	0.33	-119500	
20/12/2011 08:34:50	TASTEGGIO	1	0	5000	42061	280535	53	-1	0.33	0.33	0	
20/12/2011 08:35:09	TASTEGGIO	0	1	5000	42061	280535	86	-2	0.32	0.32	0	
20/12/2011 08:35:28	TASTEGGIO	0	2	5000	42061	280535	148	-20	0.14	0.14	0	
20/12/2011 08:35:41	TASTEGGIO	0	2	5000	42061	161070	148	-20	0.23	0.23	0	
20/12/2011 08:36:03	TASTEGGIO	1	0	5000	42061	161074	50	-83	0.60	0.60	0	
20/12/2011 08:36:20	TASTEGGIO	0	1	5000	42061	161074	0	-4	0.52	0.52	0	
20/12/2011 08:36:40	TASTEGGIO	0	2	5000	42061	161074	90	-54	0.18	0.18	0	
20/12/2011 08:36:42	ALARM 401		
20/12/2011 08:36:46	ALARM 205		err.6058
20/12/2011 08:36:58	TASTEGGIO	0	2	5000	42061	161069	90	-54	0.17	0.36	-82000	
20/12/2011 08:37:21	TASTEGGIO	1	0	5000	42061	243029	54	-11	0.26	0.26	0	
20/12/2011 08:37:40	TASTEGGIO	0	1	5000	42061	243029	72	-12	0.14	0.14	0	
20/12/2011 08:37:52	TASTEGGIO	0	1	5000	42061	161082	72	-12	0.12	0.29	82800	
20/12/2011 08:38:13	TASTEGGIO	1	0	5000	42061	78336	52	-2	0.25	0.25	0	
20/12/2011 08:38:30	TASTEGGIO	0	1	5000	42061	78335	73	-3	0.23	0.23	0	
20/12/2011 08:38:50	TASTEGGIO	0	2	5000	42061	78333	115	-22	0.12	0.12	0	
20/12/2011 08:39:02	TASTEGGIO	0	2	5000	42061	160704	115	-22	0.23	0.23	0	
20/12/2011 08:39:24	TASTEGGIO	1	0	5000	42061	160699	50	-47	0.31	0.31	0	
20/12/2011 08:39:42	TASTEGGIO	0	1	5000	42061	160699	8	-9	0.18	0.18	0	
20/12/2011 08:40:02	TASTEGGIO	0	2	5000	42061	160699	22	-18	0.09	0.09	0	
20/12/2011 08:40:10	TASTEGGIO	0	2	5000	42061	160704	22	-18	0.08	0.18	-82000	
20/12/2011 08:40:34	TASTEGGIO	1	0	5000	42061	242659	49	-9	0.13	0.13	0	
20/12/2011 08:40:45	TASTEGGIO	1	0	5000	42061	161076	49	-9	0.03	0.13	-82000	
20/12/2011 08:42:41	TASTEGGIO	1	0	5000	42060	158746	49	-9	0.93	1.12	-82000	
20/12/2011 08:43:02	TASTEGGIO	1	0	5000	42060	240697	73	-1	1.14	1.14	0	
20/12/2011 08:43:24	TASTEGGIO	0	1	5000	42060	240697	189	-60	0.58	0.58	0	
20/12/2011 08:43:26	ALARM 401		
20/12/2011 08:43:48	TASTEGGIO	0	1	5000	42061	158739	189	-60	0.52	0.72	-119500	
20/12/2011 08:44:12	TASTEGGIO	1	0	5000	42061	278201	63	-9	0.66	0.66	0	
20/12/2011 08:44:31	TASTEGGIO	0	1	5000	42061	278201	123	-12	0.55	0.55	0	
20/12/2011 08:44:43	ALARM 401		
20/12/2011 08:44:46	ALARM 401		
20/12/2011 08:45:10	TASTEGGIO	0	2	5000	42061	158740	214	0	0.42	0.52	-119500	
20/12/2011 08:45:34	TASTEGGIO	1	0	5000	42061	278200	58	-2	0.55	0.55	0	
20/12/2011 08:45:53	TASTEGGIO	0	1	5000	42061	278201	116	-4	0.52	0.52	0	
20/12/2011 08:46:14	TASTEGGIO	0	2	5000	42061	278201	214	-42	0.13	0.13	0	
20/12/2011 08:46:16	ALARM 401		
20/12/2011 08:46:18	ALARM 202		err.6059
20/12/2011 08:46:37	TASTEGGIO	0	2	5000	42061	158733	214	-42	0.27	0.27	0	
20/12/2011 08:46:59	TASTEGGIO	1	0	5000	42061	158735	51	-53	0.25	0.25	0	
20/12/2011 08:47:18	TASTEGGIO	0	1	5000	42061	158735	27	-19	0.05	0.05	0	
20/12/2011 08:47:26	TASTEGGIO	0	1	5000	42061	158731	27	-19	0.06	0.16	-82000	
20/12/2011 08:47:27	ALARM 401		
20/12/2011 08:47:32	ALARM 401		
20/12/2011 08:47:36	ALARM 401		
20/12/2011 08:47:37	ALARM 401		
20/12/2011 08:47:52	TASTEGGIO	0	1	5000	42061	158730	27	-19	0.06	0.17	-82000	
20/12/2011 08:49:50	TASTEGGIO	0	1	5000	42060	161276	27	-19	1.34	1.34	0	
20/12/2011 08:50:09	TASTEGGIO	1	0	5000	42060	161281	78	-1	1.34	1.34	0	
20/12/2011 08:50:30	TASTEGGIO	0	1	5000	42060	161281	212	-123	0.34	0.34	0	
20/12/2011 08:50:31	ALARM 401		
20/12/2011 08:50:34	ALARM 205		err.5005
20/12/2011 08:50:45	TASTEGGIO	0	1	5000	42061	161276	212	-123	0.30	0.73	-82000	
20/12/2011 08:51:08	TASTEGGIO	1	0	5000	42061	243240	63	-5	0.66	0.66	0	
20/12/2011 08:51:28	TASTEGGIO	0	1	5000	42061	243240	122	-31	0.41	0.41	0	
20/12/2011 08:51:49	TASTEGGIO	0	2	5000	42061	243240	158	-77	0.37	0.37	0	
20/12/2011 08:52:10	TASTEGGIO	0	1	5000	42061	243240	124	-93	0.60	0.60	0	
20/12/2011 08:52:26	TASTEGGIO	0	1	5000	42061	243240	26	-4	0.50	0.50	0	
20/12/2011 08:52:47	TASTEGGIO	0	2	5000	42061	243240	109	-15	0.36	0.36	0	
20/12/2011 08:52:48	ALARM 401		
20/12/2011 08:52:51	ALARM 201		err.6059
20/12/2011 08:53:05	TASTEGGIO	0	2	5000	42061	161293	109	-15	0.29	0.53	-119500	
20/12/2011 08:53:28	TASTEGGIO	1	0	5000	42061	280742	58	-10	0.42	0.42	0	
20/12/2011 08:53:46	TASTEGGIO	0	1	5000	42061	280742	91	-9	0.34	0.34	0	
20/12/2011 08:54:07	TASTEGGIO	0	2	5000	42061	280742	146	-26	0.17	0.17	0	
20/12/2011 08:54:09	ALARM 401		
20/12/2011 08:54:30	TASTEGGIO	0	2	5000	42061	161283	146	-26	0.49	0.49	0	
20/12/2011 08:54:51	TASTEGGIO	1	0	5000	42061	161286	57	-36	0.13	0.13	0	
20/12/2011 08:54:59	TASTEGGIO	1	0	5000	42061	161281	57	-36	0.13	0.19	-82000	
20/12/2011 08:55:24	TASTEGGIO	1	0	5000	42061	243244	49	-5	0.12	0.12	0	
20/12/2011 08:55:35	TASTEGGIO	1	0	5000	42061	161289	49	-5	0.16	0.22	-119500	
20/12/2011 08:56:00	TASTEGGIO	1	0	5000	42061	280747	50	-1	0.20	0.20	0	
20/12/2011 08:56:19	TASTEGGIO	0	1	5000	42061	280747	68	-1	0.20	0.20	0	
20/12/2011 08:56:38	TASTEGGIO	0	2	5000	42061	280747	108	-8	0.13	0.13	0	
20/12/2011 08:56:50	TASTEGGIO	0	2	5000	42061	161298	108	-8	0.18	0.18	0	
20/12/2011 08:57:13	TASTEGGIO	1	0	5000	42061	161302	49	-30	0.15	0.15	0	
20/12/2011 08:57:15	ALARM 401		
20/12/2011 08:57:17	ALARM 401		
20/12/2011 08:57:18	ALARM 401		
20/12/2011 08:57:31	TASTEGGIO	1	0	5000	42061	161297	49	-30	0.15	0.24	-82000	
20/12/2011 08:57:55	TASTEGGIO	1	0	5000	42061	243259	51	0	0.23	0.23	0	
20/12/2011 08:58:15	TASTEGGIO	0	1	5000	42061	243259	73	-19	0.18	0.18	0	
20/12/2011 08:58:35	TASTEGGIO	0	2	5000	42061	243259	92	-10	0.09	0.09	0	
20/12/2011 08:58:47	TASTEGGIO	0	2	5000	42061	161296	92	-10	0.06	0.16	-119500	
20/12/2011 08:58:52	ALARM 401		
20/12/2011 08:58:55	ALARM 201		err.6058
20/12/2011 08:59:11	TASTEGGIO	0	2	5000	42061	161284	92	-10	0.01	0.22	-119500	
20/12/2011 08:59:36	TASTEGGIO	1	0	5000	42061	280744	50	-2	0.20	0.20	0	
20/12/2011 08:59:54	TASTEGGIO	0	1	5000	42061	280745	68	-5	0.15	0.15	0	
20/12/2011 08:59:59	ALARM 401		
20/12/2011 09:00:01	ALARM 401		
20/12/2011 09:00:01	ALARM 401		
20/12/2011 09:00:22	TASTEGGIO	0	2	5000	42061	161287	83	0	0.04	0.16	-119500	
20/12/2011 09:02:18	TASTEGGIO	0	2	5000	42060	161076	83	0	1.76	1.76	0	
20/12/2011 09:02:37	TASTEGGIO	1	0	5000	42060	161080	89	0	1.78	1.78	0	
20/12/2011 09:03:00	TASTEGGIO	0	1	5000	42060	161080	269	-215	0.91	0.91	0	
20/12/2011 09:03:21	TASTEGGIO	0	1	5000	42060	161080	222	-308	2.17	2.17	0	
20/12/2011 09:03:35	TASTEGGIO	0	1	5000	42060	161080	0	-7	2.10	2.10	0	
20/12/2011 09:03:39	ALARM 401		
20/12/2011 09:03:43	ALARM 203		err.6058
20/12/2011 09:03:57	TASTEGGIO	0	2	5000	42061	161075	400	0	2.08	2.08	0	
20/12/2011 09:04:16	TASTEGGIO	1	0	5000	42061	161079	97	-10	1.98	1.98	0	
20/12/2011 09:04:37	TASTEGGIO	0	1	5000	42061	161079	285	-260	0.88	0.88	0	
20/12/2011 09:04:42	ALARM 218	proc 12 prog 85 step 19	go_abs 3 cmd 11
20/12/2011 09:04:45	ALARM 401		
20/12/2011 09:04:46	ALARM 401		
20/12/2011 09:05:01	TASTEGGIO	0	1	5000	42061	161075	245	0	0.83	1.11	-119500	
20/12/2011 09:05:25	TASTEGGIO	1	0	5000	42061	280521	72	-4	1.08	1.08	0	
20/12/2011 09:05:44	TASTEGGIO	0	1	5000	42061	280521	177	-18	0.90	0.90	0	
20/12/2011 09:06:07	TASTEGGIO	0	2	5000	42061	280521	326	-147	0.60	0.60	0	
